v ATLAS
# This file was created by ATLAS version 5.26.1.R on Wed Apr 18 02:30:48 2018.
#SSF 2.0 generic
##############################################################################
#                    Copyright (c) 1984 - 2018                               #
#                    Silvaco Inc. All rights reserved                        #
#                                                                            #
# This file format and the following Key are copyright Silvaco Inc.          #
# You may not use, this format or key without reproducing this message in    #
# full and obtaining express written permission from Silvaco Inc.            #
#                                                                            #
# To obtain such permission please contact: Silvaco Inc.                     #
#                                           support@silvaco.com              #
#                                                                            #
# KEY=SVC86hn7562asdx                       PROD=345                         #
##############################################################################
y 1 15
z 300
f 2 "emitter" "collector" 
p 6 2 601 20 3 602 21 
d 0.000000000e+00 0.000000000e+00 -1.135666084e-23 0.000000000e+00 0.000000000e+00 -4.530585089e-24 
d 0.000000000e+00 0.000000000e+00 2.402247053e-09 -2.000000000e-02 -2.000000000e-02 -2.402247053e-09 
d 0.000000000e+00 0.000000000e+00 4.926760257e-09 -4.000000000e-02 -4.000000000e-02 -4.926760257e-09 
d 0.000000000e+00 0.000000000e+00 7.712067579e-09 -6.000000000e-02 -6.000000000e-02 -7.712067579e-09 
d 0.000000000e+00 0.000000000e+00 1.087629044e-08 -8.000000000e-02 -8.000000000e-02 -1.087629044e-08 
d 0.000000000e+00 0.000000000e+00 1.452025867e-08 -1.000000000e-01 -1.000000000e-01 -1.452025867e-08 
d 0.000000000e+00 0.000000000e+00 1.873482630e-08 -1.200000000e-01 -1.200000000e-01 -1.873482630e-08 
d 0.000000000e+00 0.000000000e+00 2.359195677e-08 -1.400000000e-01 -1.400000000e-01 -2.359195677e-08 
d 0.000000000e+00 0.000000000e+00 2.916495741e-08 -1.600000000e-01 -1.600000000e-01 -2.916495741e-08 
d 0.000000000e+00 0.000000000e+00 3.554831182e-08 -1.800000000e-01 -1.800000000e-01 -3.554831182e-08 
d 0.000000000e+00 0.000000000e+00 4.282630932e-08 -2.000000000e-01 -2.000000000e-01 -4.282630932e-08 
d 0.000000000e+00 0.000000000e+00 5.107829155e-08 -2.200000000e-01 -2.200000000e-01 -5.107829155e-08 
d 0.000000000e+00 0.000000000e+00 6.038376634e-08 -2.400000000e-01 -2.400000000e-01 -6.038376634e-08 
d 0.000000000e+00 0.000000000e+00 7.080920666e-08 -2.600000000e-01 -2.600000000e-01 -7.080920666e-08 
d 0.000000000e+00 0.000000000e+00 8.242025305e-08 -2.800000000e-01 -2.800000000e-01 -8.242025305e-08 
d 0.000000000e+00 0.000000000e+00 9.533361712e-08 -3.000000000e-01 -3.000000000e-01 -9.533361712e-08 
d 0.000000000e+00 0.000000000e+00 1.096693110e-07 -3.200000000e-01 -3.200000000e-01 -1.096693110e-07 
d 0.000000000e+00 0.000000000e+00 1.254798174e-07 -3.400000000e-01 -3.400000000e-01 -1.254798174e-07 
d 0.000000000e+00 0.000000000e+00 1.427826494e-07 -3.600000000e-01 -3.600000000e-01 -1.427826494e-07 
d 0.000000000e+00 0.000000000e+00 1.616694314e-07 -3.800000000e-01 -3.800000000e-01 -1.616694314e-07 
d 0.000000000e+00 0.000000000e+00 1.823768665e-07 -4.000000000e-01 -4.000000000e-01 -1.823768665e-07 
d 0.000000000e+00 0.000000000e+00 1.879878155e-07 -4.050000000e-01 -4.050000000e-01 -1.879878155e-07 
d 0.000000000e+00 0.000000000e+00 1.935362998e-07 -4.100000000e-01 -4.100000000e-01 -1.935362998e-07 
d 0.000000000e+00 0.000000000e+00 1.993252591e-07 -4.150000000e-01 -4.150000000e-01 -1.993252591e-07 
d 0.000000000e+00 0.000000000e+00 2.052503665e-07 -4.200000000e-01 -4.200000000e-01 -2.052503665e-07 
d 0.000000000e+00 0.000000000e+00 2.113122786e-07 -4.250000000e-01 -4.250000000e-01 -2.113122786e-07 
d 0.000000000e+00 0.000000000e+00 2.175356318e-07 -4.300000000e-01 -4.300000000e-01 -2.175356318e-07 
d 0.000000000e+00 0.000000000e+00 2.239235863e-07 -4.350000000e-01 -4.350000000e-01 -2.239235863e-07 
d 0.000000000e+00 0.000000000e+00 2.304636734e-07 -4.400000000e-01 -4.400000000e-01 -2.304636734e-07 
d 0.000000000e+00 0.000000000e+00 2.371506383e-07 -4.450000000e-01 -4.450000000e-01 -2.371506383e-07 
d 0.000000000e+00 0.000000000e+00 2.439485700e-07 -4.500000000e-01 -4.500000000e-01 -2.439485700e-07 
d 0.000000000e+00 0.000000000e+00 2.508716072e-07 -4.550000000e-01 -4.550000000e-01 -2.508716072e-07 
d 0.000000000e+00 0.000000000e+00 2.578862117e-07 -4.600000000e-01 -4.600000000e-01 -2.578862117e-07 
d 0.000000000e+00 0.000000000e+00 2.648692939e-07 -4.650000000e-01 -4.650000000e-01 -2.648692939e-07 
d 0.000000000e+00 0.000000000e+00 2.718109203e-07 -4.700000000e-01 -4.700000000e-01 -2.718109203e-07 
d 0.000000000e+00 0.000000000e+00 2.785921204e-07 -4.750000000e-01 -4.750000000e-01 -2.785921204e-07 
d 0.000000000e+00 0.000000000e+00 2.851485987e-07 -4.800000000e-01 -4.800000000e-01 -2.851485987e-07 
d 0.000000000e+00 0.000000000e+00 2.913593585e-07 -4.850000000e-01 -4.850000000e-01 -2.913593585e-07 
d 0.000000000e+00 0.000000000e+00 2.971171300e-07 -4.900000000e-01 -4.900000000e-01 -2.971171300e-07 
d 0.000000000e+00 0.000000000e+00 3.024828402e-07 -4.950000000e-01 -4.950000000e-01 -3.024828402e-07 
d 0.000000000e+00 0.000000000e+00 3.083788850e-07 -5.000000000e-01 -5.000000000e-01 -3.083788850e-07 
d 0.000000000e+00 0.000000000e+00 3.153181130e-07 -5.050000000e-01 -5.050000000e-01 -3.153181130e-07 
d 0.000000000e+00 0.000000000e+00 3.216839718e-07 -5.100000000e-01 -5.100000000e-01 -3.216839718e-07 
d 0.000000000e+00 0.000000000e+00 3.270354843e-07 -5.150000000e-01 -5.150000000e-01 -3.270354843e-07 
d 0.000000000e+00 0.000000000e+00 3.309040514e-07 -5.200000000e-01 -5.200000000e-01 -3.309040514e-07 
d 0.000000000e+00 0.000000000e+00 3.335057184e-07 -5.250000000e-01 -5.250000000e-01 -3.335057184e-07 
d 0.000000000e+00 0.000000000e+00 3.359401500e-07 -5.300000000e-01 -5.300000000e-01 -3.359401500e-07 
d 0.000000000e+00 0.000000000e+00 3.393160879e-07 -5.350000000e-01 -5.350000000e-01 -3.393160879e-07 
d 0.000000000e+00 0.000000000e+00 3.440718091e-07 -5.400000000e-01 -5.400000000e-01 -3.440718091e-07 
d 0.000000000e+00 0.000000000e+00 3.500962680e-07 -5.450000000e-01 -5.450000000e-01 -3.500962680e-07 
d 0.000000000e+00 0.000000000e+00 3.574030586e-07 -5.500000000e-01 -5.500000000e-01 -3.574030586e-07 
d 0.000000000e+00 0.000000000e+00 3.659600130e-07 -5.550000000e-01 -5.550000000e-01 -3.659600130e-07 
d 0.000000000e+00 0.000000000e+00 3.757130643e-07 -5.600000000e-01 -5.600000000e-01 -3.757130643e-07 
d 0.000000000e+00 0.000000000e+00 3.865006432e-07 -5.650000000e-01 -5.650000000e-01 -3.865006432e-07 
d 0.000000000e+00 0.000000000e+00 3.982940002e-07 -5.700000000e-01 -5.700000000e-01 -3.982940002e-07 
d 0.000000000e+00 0.000000000e+00 4.109175440e-07 -5.750000000e-01 -5.750000000e-01 -4.109175440e-07 
d 0.000000000e+00 0.000000000e+00 4.244741609e-07 -5.800000000e-01 -5.800000000e-01 -4.244741609e-07 
d 0.000000000e+00 0.000000000e+00 4.388876105e-07 -5.850000000e-01 -5.850000000e-01 -4.388876105e-07 
d 0.000000000e+00 0.000000000e+00 4.539754394e-07 -5.900000000e-01 -5.900000000e-01 -4.539754394e-07 
d 0.000000000e+00 0.000000000e+00 4.698047535e-07 -5.950000000e-01 -5.950000000e-01 -4.698047535e-07 
d 0.000000000e+00 0.000000000e+00 4.862688204e-07 -6.000000000e-01 -6.000000000e-01 -4.862688204e-07 
d 0.000000000e+00 0.000000000e+00 5.035243062e-07 -6.050000000e-01 -6.050000000e-01 -5.035243062e-07 
d 0.000000000e+00 0.000000000e+00 5.213505218e-07 -6.100000000e-01 -6.100000000e-01 -5.213505218e-07 
d 0.000000000e+00 0.000000000e+00 5.395516728e-07 -6.150000000e-01 -6.150000000e-01 -5.395516728e-07 
d 0.000000000e+00 0.000000000e+00 5.584922028e-07 -6.200000000e-01 -6.200000000e-01 -5.584922028e-07 
d 0.000000000e+00 0.000000000e+00 5.778454819e-07 -6.250000000e-01 -6.250000000e-01 -5.778454819e-07 
d 0.000000000e+00 0.000000000e+00 5.979442770e-07 -6.300000000e-01 -6.300000000e-01 -5.979442770e-07 
d 0.000000000e+00 0.000000000e+00 6.179585874e-07 -6.350000000e-01 -6.350000000e-01 -6.179585874e-07 
d 0.000000000e+00 0.000000000e+00 6.389416684e-07 -6.400000000e-01 -6.400000000e-01 -6.389416684e-07 
d 0.000000000e+00 0.000000000e+00 6.596867090e-07 -6.450000000e-01 -6.450000000e-01 -6.596867090e-07 
d 0.000000000e+00 0.000000000e+00 6.819857300e-07 -6.500000000e-01 -6.500000000e-01 -6.819857300e-07 
d 0.000000000e+00 0.000000000e+00 7.027846667e-07 -6.550000000e-01 -6.550000000e-01 -7.027846667e-07 
d 0.000000000e+00 0.000000000e+00 7.262698602e-07 -6.600000000e-01 -6.600000000e-01 -7.262698602e-07 
d 0.000000000e+00 0.000000000e+00 7.467036224e-07 -6.650000000e-01 -6.650000000e-01 -7.467036224e-07 
d 0.000000000e+00 0.000000000e+00 7.727392947e-07 -6.700000000e-01 -6.700000000e-01 -7.727392947e-07 
d 0.000000000e+00 0.000000000e+00 7.911118377e-07 -6.750000000e-01 -6.750000000e-01 -7.911118377e-07 
d 0.000000000e+00 0.000000000e+00 8.145605873e-07 -6.800000000e-01 -6.800000000e-01 -8.145605873e-07 
d 0.000000000e+00 0.000000000e+00 8.413724248e-07 -6.850000000e-01 -6.850000000e-01 -8.413724248e-07 
d 0.000000000e+00 0.000000000e+00 8.615999124e-07 -6.900000000e-01 -6.900000000e-01 -8.615999124e-07 
d 0.000000000e+00 0.000000000e+00 8.908527897e-07 -6.950000000e-01 -6.950000000e-01 -8.908527897e-07 
d 0.000000000e+00 0.000000000e+00 9.133687317e-07 -7.000000000e-01 -7.000000000e-01 -9.133687317e-07 
d 0.000000000e+00 0.000000000e+00 9.343745591e-07 -7.050000000e-01 -7.050000000e-01 -9.343745591e-07 
d 0.000000000e+00 0.000000000e+00 9.598783118e-07 -7.100000000e-01 -7.100000000e-01 -9.598783118e-07 
d 0.000000000e+00 0.000000000e+00 9.811014435e-07 -7.150000000e-01 -7.150000000e-01 -9.811014435e-07 
d 0.000000000e+00 0.000000000e+00 1.006320471e-06 -7.200000000e-01 -7.200000000e-01 -1.006320471e-06 
d 0.000000000e+00 0.000000000e+00 1.026805692e-06 -7.250000000e-01 -7.250000000e-01 -1.026805692e-06 
d 0.000000000e+00 0.000000000e+00 1.050669404e-06 -7.300000000e-01 -7.300000000e-01 -1.050669404e-06 
d 0.000000000e+00 0.000000000e+00 1.071269083e-06 -7.350000000e-01 -7.350000000e-01 -1.071269083e-06 
d 0.000000000e+00 0.000000000e+00 1.092459267e-06 -7.400000000e-01 -7.400000000e-01 -1.092459267e-06 
d 0.000000000e+00 0.000000000e+00 1.111172628e-06 -7.450000000e-01 -7.450000000e-01 -1.111172628e-06 
d 0.000000000e+00 0.000000000e+00 1.128343404e-06 -7.500000000e-01 -7.500000000e-01 -1.128343404e-06 
d 0.000000000e+00 0.000000000e+00 1.143274405e-06 -7.550000000e-01 -7.550000000e-01 -1.143274405e-06 
d 0.000000000e+00 0.000000000e+00 1.155481898e-06 -7.600000000e-01 -7.600000000e-01 -1.155481898e-06 
d 0.000000000e+00 0.000000000e+00 1.159668200e-06 -7.650000000e-01 -7.650000000e-01 -1.159668200e-06 
d 0.000000000e+00 0.000000000e+00 1.151315217e-06 -7.700000000e-01 -7.700000000e-01 -1.151315217e-06 
d 0.000000000e+00 0.000000000e+00 1.106867790e-06 -7.750000000e-01 -7.750000000e-01 -1.106867790e-06 
d 0.000000000e+00 0.000000000e+00 1.004837850e-06 -7.800000000e-01 -7.800000000e-01 -1.004837850e-06 
d 0.000000000e+00 0.000000000e+00 9.370515848e-07 -7.850000000e-01 -7.850000000e-01 -9.370515848e-07 
d 0.000000000e+00 0.000000000e+00 9.094385117e-07 -7.900000000e-01 -7.900000000e-01 -9.094385117e-07 
d 0.000000000e+00 0.000000000e+00 8.933808498e-07 -7.950000000e-01 -7.950000000e-01 -8.933808498e-07 
d 0.000000000e+00 0.000000000e+00 8.828531247e-07 -8.000000000e-01 -8.000000000e-01 -8.828531247e-07 
d 0.000000000e+00 0.000000000e+00 8.762505930e-07 -8.050000000e-01 -8.050000000e-01 -8.762505930e-07 
d 0.000000000e+00 0.000000000e+00 8.728264180e-07 -8.100000000e-01 -8.100000000e-01 -8.728264180e-07 
d 0.000000000e+00 0.000000000e+00 8.721497526e-07 -8.150000000e-01 -8.150000000e-01 -8.721497526e-07 
d 0.000000000e+00 0.000000000e+00 8.729511362e-07 -8.200000000e-01 -8.200000000e-01 -8.729511362e-07 
d 0.000000000e+00 0.000000000e+00 8.752863351e-07 -8.250000000e-01 -8.250000000e-01 -8.752863351e-07 
d 0.000000000e+00 0.000000000e+00 8.794255961e-07 -8.300000000e-01 -8.300000000e-01 -8.794255961e-07 
d 0.000000000e+00 0.000000000e+00 8.839328355e-07 -8.350000000e-01 -8.350000000e-01 -8.839328355e-07 
d 0.000000000e+00 0.000000000e+00 8.903902155e-07 -8.400000000e-01 -8.400000000e-01 -8.903902155e-07 
d 0.000000000e+00 0.000000000e+00 8.969804146e-07 -8.450000000e-01 -8.450000000e-01 -8.969804146e-07 
d 0.000000000e+00 0.000000000e+00 9.055310707e-07 -8.500000000e-01 -8.500000000e-01 -9.055310707e-07 
d 0.000000000e+00 0.000000000e+00 9.138571638e-07 -8.550000000e-01 -8.550000000e-01 -9.138571638e-07 
d 0.000000000e+00 0.000000000e+00 9.240311964e-07 -8.600000000e-01 -8.600000000e-01 -9.240311964e-07 
d 0.000000000e+00 0.000000000e+00 9.339084029e-07 -8.650000000e-01 -8.650000000e-01 -9.339084029e-07 
d 0.000000000e+00 0.000000000e+00 9.455692544e-07 -8.700000000e-01 -8.700000000e-01 -9.455692544e-07 
d 0.000000000e+00 0.000000000e+00 9.575518884e-07 -8.750000000e-01 -8.750000000e-01 -9.575518884e-07 
d 0.000000000e+00 0.000000000e+00 9.701767222e-07 -8.800000000e-01 -8.800000000e-01 -9.701767222e-07 
d 0.000000000e+00 0.000000000e+00 9.842471621e-07 -8.850000000e-01 -8.850000000e-01 -9.842471621e-07 
d 0.000000000e+00 0.000000000e+00 9.977022222e-07 -8.900000000e-01 -8.900000000e-01 -9.977022222e-07 
d 0.000000000e+00 0.000000000e+00 1.013276008e-06 -8.950000000e-01 -8.950000000e-01 -1.013276008e-06 
d 0.000000000e+00 0.000000000e+00 1.029575735e-06 -9.000000000e-01 -9.000000000e-01 -1.029575735e-06 
d 0.000000000e+00 0.000000000e+00 1.045451295e-06 -9.050000000e-01 -9.050000000e-01 -1.045451295e-06 
d 0.000000000e+00 0.000000000e+00 1.063400597e-06 -9.100000000e-01 -9.100000000e-01 -1.063400597e-06 
d 0.000000000e+00 0.000000000e+00 1.081495849e-06 -9.150000000e-01 -9.150000000e-01 -1.081495849e-06 
d 0.000000000e+00 0.000000000e+00 1.099666280e-06 -9.200000000e-01 -9.200000000e-01 -1.099666280e-06 
d 0.000000000e+00 0.000000000e+00 1.120186935e-06 -9.250000000e-01 -9.250000000e-01 -1.120186935e-06 
d 0.000000000e+00 0.000000000e+00 1.140849087e-06 -9.300000000e-01 -9.300000000e-01 -1.140849087e-06 
d 0.000000000e+00 0.000000000e+00 1.160772930e-06 -9.350000000e-01 -9.350000000e-01 -1.160772930e-06 
d 0.000000000e+00 0.000000000e+00 1.183089677e-06 -9.400000000e-01 -9.400000000e-01 -1.183089677e-06 
d 0.000000000e+00 0.000000000e+00 1.206277797e-06 -9.450000000e-01 -9.450000000e-01 -1.206277797e-06 
d 0.000000000e+00 0.000000000e+00 1.228477680e-06 -9.500000000e-01 -9.500000000e-01 -1.228477680e-06 
d 0.000000000e+00 0.000000000e+00 1.252434963e-06 -9.550000000e-01 -9.550000000e-01 -1.252434963e-06 
d 0.000000000e+00 0.000000000e+00 1.277454347e-06 -9.600000000e-01 -9.600000000e-01 -1.277454347e-06 
d 0.000000000e+00 0.000000000e+00 1.301967763e-06 -9.650000000e-01 -9.650000000e-01 -1.301967763e-06 
d 0.000000000e+00 0.000000000e+00 1.326064116e-06 -9.700000000e-01 -9.700000000e-01 -1.326064116e-06 
d 0.000000000e+00 0.000000000e+00 1.352672816e-06 -9.750000000e-01 -9.750000000e-01 -1.352672816e-06 
d 0.000000000e+00 0.000000000e+00 1.379565997e-06 -9.800000000e-01 -9.800000000e-01 -1.379565997e-06 
d 0.000000000e+00 0.000000000e+00 1.405144431e-06 -9.850000000e-01 -9.850000000e-01 -1.405144431e-06 
d 0.000000000e+00 0.000000000e+00 1.430466759e-06 -9.900000000e-01 -9.900000000e-01 -1.430466759e-06 
d 0.000000000e+00 0.000000000e+00 1.458040449e-06 -9.950000000e-01 -9.950000000e-01 -1.458040449e-06 
d 0.000000000e+00 0.000000000e+00 1.485437223e-06 -1.000000000e+00 -1.000000000e+00 -1.485437223e-06 
d 0.000000000e+00 0.000000000e+00 1.537475743e-06 -1.010000000e+00 -1.010000000e+00 -1.537475743e-06 
d 0.000000000e+00 0.000000000e+00 1.589883118e-06 -1.020000000e+00 -1.020000000e+00 -1.589883118e-06 
d 0.000000000e+00 0.000000000e+00 1.640184676e-06 -1.030000000e+00 -1.030000000e+00 -1.640184676e-06 
d 0.000000000e+00 0.000000000e+00 1.687019540e-06 -1.040000000e+00 -1.040000000e+00 -1.687019540e-06 
d 0.000000000e+00 0.000000000e+00 1.733120206e-06 -1.050000000e+00 -1.050000000e+00 -1.733120206e-06 
d 0.000000000e+00 0.000000000e+00 1.771436806e-06 -1.060000000e+00 -1.060000000e+00 -1.771436806e-06 
d 0.000000000e+00 0.000000000e+00 1.809961130e-06 -1.070000000e+00 -1.070000000e+00 -1.809961130e-06 
d 0.000000000e+00 0.000000000e+00 1.840996636e-06 -1.080000000e+00 -1.080000000e+00 -1.840996636e-06 
d 0.000000000e+00 0.000000000e+00 1.867679561e-06 -1.090000000e+00 -1.090000000e+00 -1.867679561e-06 
d 0.000000000e+00 0.000000000e+00 1.891912052e-06 -1.100000000e+00 -1.100000000e+00 -1.891912052e-06 
d 0.000000000e+00 0.000000000e+00 1.907878632e-06 -1.110000000e+00 -1.110000000e+00 -1.907878632e-06 
d 0.000000000e+00 0.000000000e+00 1.921661605e-06 -1.120000000e+00 -1.120000000e+00 -1.921661605e-06 
d 0.000000000e+00 0.000000000e+00 1.932390314e-06 -1.130000000e+00 -1.130000000e+00 -1.932390314e-06 
d 0.000000000e+00 0.000000000e+00 1.935506128e-06 -1.140000000e+00 -1.140000000e+00 -1.935506128e-06 
d 0.000000000e+00 0.000000000e+00 1.937336668e-06 -1.150000000e+00 -1.150000000e+00 -1.937336668e-06 
d 0.000000000e+00 0.000000000e+00 1.937849461e-06 -1.160000000e+00 -1.160000000e+00 -1.937849461e-06 
d 0.000000000e+00 0.000000000e+00 1.932192927e-06 -1.170000000e+00 -1.170000000e+00 -1.932192927e-06 
d 0.000000000e+00 0.000000000e+00 1.925339132e-06 -1.180000000e+00 -1.180000000e+00 -1.925339132e-06 
d 0.000000000e+00 0.000000000e+00 1.918823932e-06 -1.190000000e+00 -1.190000000e+00 -1.918823932e-06 
d 0.000000000e+00 0.000000000e+00 1.908787493e-06 -1.200000000e+00 -1.200000000e+00 -1.908787493e-06 
d 0.000000000e+00 0.000000000e+00 1.896041652e-06 -1.210000000e+00 -1.210000000e+00 -1.896041652e-06 
d 0.000000000e+00 0.000000000e+00 1.884956761e-06 -1.220000000e+00 -1.220000000e+00 -1.884956761e-06 
d 0.000000000e+00 0.000000000e+00 1.874914053e-06 -1.230000000e+00 -1.230000000e+00 -1.874914053e-06 
d 0.000000000e+00 0.000000000e+00 1.859753167e-06 -1.240000000e+00 -1.240000000e+00 -1.859753167e-06 
d 0.000000000e+00 0.000000000e+00 1.845078120e-06 -1.250000000e+00 -1.250000000e+00 -1.845078120e-06 
d 0.000000000e+00 0.000000000e+00 1.833701029e-06 -1.260000000e+00 -1.260000000e+00 -1.833701029e-06 
d 0.000000000e+00 0.000000000e+00 1.822351804e-06 -1.270000000e+00 -1.270000000e+00 -1.822351804e-06 
d 0.000000000e+00 0.000000000e+00 1.806407150e-06 -1.280000000e+00 -1.280000000e+00 -1.806407150e-06 
d 0.000000000e+00 0.000000000e+00 1.792768093e-06 -1.290000000e+00 -1.290000000e+00 -1.792768093e-06 
d 0.000000000e+00 0.000000000e+00 1.782336653e-06 -1.300000000e+00 -1.300000000e+00 -1.782336653e-06 
d 0.000000000e+00 0.000000000e+00 1.773072069e-06 -1.310000000e+00 -1.310000000e+00 -1.773072069e-06 
d 0.000000000e+00 0.000000000e+00 1.757863289e-06 -1.320000000e+00 -1.320000000e+00 -1.757863289e-06 
d 0.000000000e+00 0.000000000e+00 1.745468553e-06 -1.330000000e+00 -1.330000000e+00 -1.745468553e-06 
d 0.000000000e+00 0.000000000e+00 1.736901278e-06 -1.340000000e+00 -1.340000000e+00 -1.736901278e-06 
d 0.000000000e+00 0.000000000e+00 1.730538839e-06 -1.350000000e+00 -1.350000000e+00 -1.730538839e-06 
d 0.000000000e+00 0.000000000e+00 1.719501197e-06 -1.360000000e+00 -1.360000000e+00 -1.719501197e-06 
d 0.000000000e+00 0.000000000e+00 1.707358604e-06 -1.370000000e+00 -1.370000000e+00 -1.707358604e-06 
d 0.000000000e+00 0.000000000e+00 1.700267713e-06 -1.380000000e+00 -1.380000000e+00 -1.700267713e-06 
d 0.000000000e+00 0.000000000e+00 1.695865499e-06 -1.390000000e+00 -1.390000000e+00 -1.695865499e-06 
d 0.000000000e+00 0.000000000e+00 1.694228805e-06 -1.400000000e+00 -1.400000000e+00 -1.694228805e-06 
d 0.000000000e+00 0.000000000e+00 1.693656719e-06 -1.410000000e+00 -1.410000000e+00 -1.693656719e-06 
d 0.000000000e+00 0.000000000e+00 1.694232461e-06 -1.420000000e+00 -1.420000000e+00 -1.694232461e-06 
d 0.000000000e+00 0.000000000e+00 1.696302299e-06 -1.430000000e+00 -1.430000000e+00 -1.696302299e-06 
d 0.000000000e+00 0.000000000e+00 1.698208682e-06 -1.440000000e+00 -1.440000000e+00 -1.698208682e-06 
d 0.000000000e+00 0.000000000e+00 1.702409887e-06 -1.450000000e+00 -1.450000000e+00 -1.702409887e-06 
d 0.000000000e+00 0.000000000e+00 1.705929049e-06 -1.460000000e+00 -1.460000000e+00 -1.705929049e-06 
d 0.000000000e+00 0.000000000e+00 1.711364947e-06 -1.470000000e+00 -1.470000000e+00 -1.711364947e-06 
d 0.000000000e+00 0.000000000e+00 1.716651468e-06 -1.480000000e+00 -1.480000000e+00 -1.716651468e-06 
d 0.000000000e+00 0.000000000e+00 1.722694193e-06 -1.490000000e+00 -1.490000000e+00 -1.722694193e-06 
d 0.000000000e+00 0.000000000e+00 1.729430225e-06 -1.500000000e+00 -1.500000000e+00 -1.729430225e-06 
d 0.000000000e+00 0.000000000e+00 1.736913356e-06 -1.510000000e+00 -1.510000000e+00 -1.736913356e-06 
d 0.000000000e+00 0.000000000e+00 1.744381028e-06 -1.520000000e+00 -1.520000000e+00 -1.744381028e-06 
d 0.000000000e+00 0.000000000e+00 1.753986702e-06 -1.530000000e+00 -1.530000000e+00 -1.753986702e-06 
d 0.000000000e+00 0.000000000e+00 1.761869030e-06 -1.540000000e+00 -1.540000000e+00 -1.761869030e-06 
d 0.000000000e+00 0.000000000e+00 1.772554682e-06 -1.550000000e+00 -1.550000000e+00 -1.772554682e-06 
d 0.000000000e+00 0.000000000e+00 1.782077921e-06 -1.560000000e+00 -1.560000000e+00 -1.782077921e-06 
d 0.000000000e+00 0.000000000e+00 1.792597803e-06 -1.570000000e+00 -1.570000000e+00 -1.792597803e-06 
d 0.000000000e+00 0.000000000e+00 1.804711430e-06 -1.580000000e+00 -1.580000000e+00 -1.804711430e-06 
d 0.000000000e+00 0.000000000e+00 1.815626222e-06 -1.590000000e+00 -1.590000000e+00 -1.815626222e-06 
d 0.000000000e+00 0.000000000e+00 1.828875662e-06 -1.600000000e+00 -1.600000000e+00 -1.828875662e-06 
d 0.000000000e+00 0.000000000e+00 1.841267725e-06 -1.610000000e+00 -1.610000000e+00 -1.841267725e-06 
d 0.000000000e+00 0.000000000e+00 1.854982205e-06 -1.620000000e+00 -1.620000000e+00 -1.854982205e-06 
d 0.000000000e+00 0.000000000e+00 1.868019896e-06 -1.630000000e+00 -1.630000000e+00 -1.868019896e-06 
d 0.000000000e+00 0.000000000e+00 1.883994450e-06 -1.640000000e+00 -1.640000000e+00 -1.883994450e-06 
d 0.000000000e+00 0.000000000e+00 1.897033644e-06 -1.650000000e+00 -1.650000000e+00 -1.897033644e-06 
d 0.000000000e+00 0.000000000e+00 1.914302659e-06 -1.660000000e+00 -1.660000000e+00 -1.914302659e-06 
d 0.000000000e+00 0.000000000e+00 1.930089182e-06 -1.670000000e+00 -1.670000000e+00 -1.930089182e-06 
d 0.000000000e+00 0.000000000e+00 1.945047509e-06 -1.680000000e+00 -1.680000000e+00 -1.945047509e-06 
d 0.000000000e+00 0.000000000e+00 1.964820791e-06 -1.690000000e+00 -1.690000000e+00 -1.964820791e-06 
d 0.000000000e+00 0.000000000e+00 1.979460736e-06 -1.700000000e+00 -1.700000000e+00 -1.979460736e-06 
d 0.000000000e+00 0.000000000e+00 1.999415230e-06 -1.710000000e+00 -1.710000000e+00 -1.999415230e-06 
d 0.000000000e+00 0.000000000e+00 2.017664097e-06 -1.720000000e+00 -1.720000000e+00 -2.017664097e-06 
d 0.000000000e+00 0.000000000e+00 2.036459427e-06 -1.730000000e+00 -1.730000000e+00 -2.036459427e-06 
d 0.000000000e+00 0.000000000e+00 2.057103554e-06 -1.740000000e+00 -1.740000000e+00 -2.057103554e-06 
d 0.000000000e+00 0.000000000e+00 2.075827560e-06 -1.750000000e+00 -1.750000000e+00 -2.075827560e-06 
d 0.000000000e+00 0.000000000e+00 2.098807212e-06 -1.760000000e+00 -1.760000000e+00 -2.098807212e-06 
d 0.000000000e+00 0.000000000e+00 2.116952478e-06 -1.770000000e+00 -1.770000000e+00 -2.116952478e-06 
d 0.000000000e+00 0.000000000e+00 2.140979391e-06 -1.780000000e+00 -1.780000000e+00 -2.140979391e-06 
d 0.000000000e+00 0.000000000e+00 2.164063738e-06 -1.790000000e+00 -1.790000000e+00 -2.164063738e-06 
d 0.000000000e+00 0.000000000e+00 2.182905496e-06 -1.800000000e+00 -1.800000000e+00 -2.182905496e-06 
d 0.000000000e+00 0.000000000e+00 2.212050691e-06 -1.810000000e+00 -1.810000000e+00 -2.212050691e-06 
d 0.000000000e+00 0.000000000e+00 2.232213618e-06 -1.820000000e+00 -1.820000000e+00 -2.232213618e-06 
d 0.000000000e+00 0.000000000e+00 2.255369466e-06 -1.830000000e+00 -1.830000000e+00 -2.255369466e-06 
d 0.000000000e+00 0.000000000e+00 2.285701264e-06 -1.840000000e+00 -1.840000000e+00 -2.285701264e-06 
d 0.000000000e+00 0.000000000e+00 2.305436895e-06 -1.850000000e+00 -1.850000000e+00 -2.305436895e-06 
d 0.000000000e+00 0.000000000e+00 2.334417042e-06 -1.860000000e+00 -1.860000000e+00 -2.334417042e-06 
d 0.000000000e+00 0.000000000e+00 2.362599928e-06 -1.870000000e+00 -1.870000000e+00 -2.362599928e-06 
d 0.000000000e+00 0.000000000e+00 2.385626968e-06 -1.880000000e+00 -1.880000000e+00 -2.385626968e-06 
d 0.000000000e+00 0.000000000e+00 2.418467589e-06 -1.890000000e+00 -1.890000000e+00 -2.418467589e-06 
d 0.000000000e+00 0.000000000e+00 2.443034610e-06 -1.900000000e+00 -1.900000000e+00 -2.443034610e-06 
d 0.000000000e+00 0.000000000e+00 2.471775036e-06 -1.910000000e+00 -1.910000000e+00 -2.471775036e-06 
d 0.000000000e+00 0.000000000e+00 2.506898658e-06 -1.920000000e+00 -1.920000000e+00 -2.506898658e-06 
d 0.000000000e+00 0.000000000e+00 2.529012833e-06 -1.930000000e+00 -1.930000000e+00 -2.529012833e-06 
d 0.000000000e+00 0.000000000e+00 2.564279496e-06 -1.940000000e+00 -1.940000000e+00 -2.564279496e-06 
d 0.000000000e+00 0.000000000e+00 2.600626740e-06 -1.950000000e+00 -1.950000000e+00 -2.600626740e-06 
d 0.000000000e+00 0.000000000e+00 2.621127816e-06 -1.960000000e+00 -1.960000000e+00 -2.621127816e-06 
d 0.000000000e+00 0.000000000e+00 2.661333185e-06 -1.970000000e+00 -1.970000000e+00 -2.661333185e-06 
d 0.000000000e+00 0.000000000e+00 2.699015269e-06 -1.980000000e+00 -1.980000000e+00 -2.699015269e-06 
d 0.000000000e+00 0.000000000e+00 2.719533462e-06 -1.990000000e+00 -1.990000000e+00 -2.719533462e-06 
d 0.000000000e+00 0.000000000e+00 2.763472116e-06 -2.000000000e+00 -2.000000000e+00 -2.763472116e-06 
