v ATLAS
# This file was created by ATLAS version 5.26.1.R on Wed Apr 18 00:03:55 2018.
#SSF 2.0 generic
##############################################################################
#                    Copyright (c) 1984 - 2018                               #
#                    Silvaco Inc. All rights reserved                        #
#                                                                            #
# This file format and the following Key are copyright Silvaco Inc.          #
# You may not use, this format or key without reproducing this message in    #
# full and obtaining express written permission from Silvaco Inc.            #
#                                                                            #
# To obtain such permission please contact: Silvaco Inc.                     #
#                                           support@silvaco.com              #
#                                                                            #
# KEY=SVC86hn7562asdx                       PROD=345                         #
##############################################################################
y 1 15
z 300
f 4 "source" "drain" "gate1" "gate2" 
p 12 2 601 20 3 602 21 4 603 22 5 604 23 
d 0.000000000e+00 0.000000000e+00 -2.036397232e-11 6.000000000e-01 6.000000000e-01 2.036397358e-11 0.000000000e+00 0.000000000e+00 0.000000000e+00 0.000000000e+00 0.000000000e+00 0.000000000e+00 
d 0.000000000e+00 0.000000000e+00 -1.072181916e-10 6.000000000e-01 6.000000000e-01 1.072181881e-10 5.000000000e-02 5.000000000e-02 0.000000000e+00 5.000000000e-02 5.000000000e-02 0.000000000e+00 
d 0.000000000e+00 0.000000000e+00 -5.589081361e-10 6.000000000e-01 6.000000000e-01 5.589081634e-10 1.000000000e-01 1.000000000e-01 0.000000000e+00 1.000000000e-01 1.000000000e-01 0.000000000e+00 
d 0.000000000e+00 0.000000000e+00 -2.870700121e-09 6.000000000e-01 6.000000000e-01 2.870700089e-09 1.500000000e-01 1.500000000e-01 0.000000000e+00 1.500000000e-01 1.500000000e-01 0.000000000e+00 
d 0.000000000e+00 0.000000000e+00 -1.451277723e-08 6.000000000e-01 6.000000000e-01 1.451277709e-08 2.000000000e-01 2.000000000e-01 0.000000000e+00 2.000000000e-01 2.000000000e-01 0.000000000e+00 
d 0.000000000e+00 0.000000000e+00 -7.143601912e-08 6.000000000e-01 6.000000000e-01 7.143601916e-08 2.500000000e-01 2.500000000e-01 0.000000000e+00 2.500000000e-01 2.500000000e-01 0.000000000e+00 
d 0.000000000e+00 0.000000000e+00 -3.419509107e-07 6.000000000e-01 6.000000000e-01 3.419508912e-07 3.000000000e-01 3.000000000e-01 0.000000000e+00 3.000000000e-01 3.000000000e-01 0.000000000e+00 
d 0.000000000e+00 0.000000000e+00 -1.572164700e-06 6.000000000e-01 6.000000000e-01 1.572164708e-06 3.500000000e-01 3.500000000e-01 0.000000000e+00 3.500000000e-01 3.500000000e-01 0.000000000e+00 
d 0.000000000e+00 0.000000000e+00 -6.509247686e-06 6.000000000e-01 6.000000000e-01 6.509247642e-06 4.000000000e-01 4.000000000e-01 0.000000000e+00 4.000000000e-01 4.000000000e-01 0.000000000e+00 
d 0.000000000e+00 0.000000000e+00 -2.316874088e-05 6.000000000e-01 6.000000000e-01 2.316874127e-05 4.500000000e-01 4.500000000e-01 0.000000000e+00 4.500000000e-01 4.500000000e-01 0.000000000e+00 
d 0.000000000e+00 0.000000000e+00 -7.074361345e-05 6.000000000e-01 6.000000000e-01 7.074361331e-05 5.000000000e-01 5.000000000e-01 0.000000000e+00 5.000000000e-01 5.000000000e-01 0.000000000e+00 
d 0.000000000e+00 0.000000000e+00 -1.791432236e-04 6.000000000e-01 6.000000000e-01 1.791432236e-04 5.500000000e-01 5.500000000e-01 0.000000000e+00 5.500000000e-01 5.500000000e-01 0.000000000e+00 
d 0.000000000e+00 0.000000000e+00 -3.712356594e-04 6.000000000e-01 6.000000000e-01 3.712356550e-04 6.000000000e-01 6.000000000e-01 0.000000000e+00 6.000000000e-01 6.000000000e-01 0.000000000e+00 
d 0.000000000e+00 0.000000000e+00 -6.630653290e-04 6.000000000e-01 6.000000000e-01 6.630653291e-04 6.500000000e-01 6.500000000e-01 0.000000000e+00 6.500000000e-01 6.500000000e-01 0.000000000e+00 
d 0.000000000e+00 0.000000000e+00 -1.050587077e-03 6.000000000e-01 6.000000000e-01 1.050587077e-03 7.000000000e-01 7.000000000e-01 0.000000000e+00 7.000000000e-01 7.000000000e-01 0.000000000e+00 
d 0.000000000e+00 0.000000000e+00 -1.520944878e-03 6.000000000e-01 6.000000000e-01 1.520944878e-03 7.500000000e-01 7.500000000e-01 0.000000000e+00 7.500000000e-01 7.500000000e-01 0.000000000e+00 
d 0.000000000e+00 0.000000000e+00 -2.066257779e-03 6.000000000e-01 6.000000000e-01 2.066257779e-03 8.000000000e-01 8.000000000e-01 0.000000000e+00 8.000000000e-01 8.000000000e-01 0.000000000e+00 
d 0.000000000e+00 0.000000000e+00 -2.652929412e-03 6.000000000e-01 6.000000000e-01 2.652929412e-03 8.500000000e-01 8.500000000e-01 0.000000000e+00 8.500000000e-01 8.500000000e-01 0.000000000e+00 
d 0.000000000e+00 0.000000000e+00 -3.347112554e-03 6.000000000e-01 6.000000000e-01 3.347112554e-03 9.000000000e-01 9.000000000e-01 0.000000000e+00 9.000000000e-01 9.000000000e-01 0.000000000e+00 
d 0.000000000e+00 0.000000000e+00 -4.050938712e-03 6.000000000e-01 6.000000000e-01 4.050938712e-03 9.500000000e-01 9.500000000e-01 0.000000000e+00 9.500000000e-01 9.500000000e-01 0.000000000e+00 
d 0.000000000e+00 0.000000000e+00 -4.881409992e-03 6.000000000e-01 6.000000000e-01 4.881409992e-03 1.000000000e+00 1.000000000e+00 0.000000000e+00 1.000000000e+00 1.000000000e+00 0.000000000e+00 
