v ATLAS
# This file was created by ATLAS version 5.26.1.R on Mon Apr 16 19:05:52 2018.
#SSF 2.0 generic
##############################################################################
#                    Copyright (c) 1984 - 2018                               #
#                    Silvaco Inc. All rights reserved                        #
#                                                                            #
# This file format and the following Key are copyright Silvaco Inc.          #
# You may not use, this format or key without reproducing this message in    #
# full and obtaining express written permission from Silvaco Inc.            #
#                                                                            #
# To obtain such permission please contact: Silvaco Inc.                     #
#                                           support@silvaco.com              #
#                                                                            #
# KEY=SVC86hn7562asdx                       PROD=345                         #
##############################################################################
y 3 700 711 15
z 2 0.001 300
f 4 "source" "drain" "gate" "substrate" 
p 13 2 601 20 3 602 21 4 603 22 5 604 23 82 
d 0.000000000e+00 0.000000000e+00 5.563362608e-16 0.000000000e+00 0.000000000e+00 2.841363162e-15 -3.000000000e+00 -3.000000000e+00 -2.243809579e-15 0.000000000e+00 0.000000000e+00 5.636856575e-40 3.000000000e+02 
d 0.000000000e+00 0.000000000e+00 -1.230817484e-02 5.000000000e-01 5.000000000e-01 1.230817484e-02 -3.000000000e+00 -3.000000000e+00 -2.389317737e-15 0.000000000e+00 0.000000000e+00 -2.129902879e-27 3.000087308e+02 
d 0.000000000e+00 0.000000000e+00 -2.345174113e-02 1.000000000e+00 1.000000000e+00 2.345174113e-02 -3.000000000e+00 -3.000000000e+00 -2.533146410e-15 0.000000000e+00 0.000000000e+00 -2.526245639e-27 3.000413470e+02 
d 0.000000000e+00 0.000000000e+00 -3.326724267e-02 1.500000000e+00 1.500000000e+00 3.326724267e-02 -3.000000000e+00 -3.000000000e+00 -2.679519802e-15 0.000000000e+00 0.000000000e+00 -2.877672663e-27 3.001276404e+02 
d 0.000000000e+00 0.000000000e+00 -4.155961471e-02 2.000000000e+00 2.000000000e+00 4.155961471e-02 -3.000000000e+00 -3.000000000e+00 -2.835339635e-15 0.000000000e+00 0.000000000e+00 -3.212811639e-27 3.003190971e+02 
d 0.000000000e+00 0.000000000e+00 -4.805292469e-02 2.500000000e+00 2.500000000e+00 4.805292469e-02 -3.000000000e+00 -3.000000000e+00 -3.120492791e-15 0.000000000e+00 0.000000000e+00 -3.535037270e-27 3.008890227e+02 
d 0.000000000e+00 0.000000000e+00 -5.263666210e-02 3.000000000e+00 3.000000000e+00 5.263666210e-02 -3.000000000e+00 -3.000000000e+00 -3.467125474e-15 0.000000000e+00 0.000000000e+00 -3.842840963e-27 3.016005277e+02 
d 0.000000000e+00 0.000000000e+00 -5.539870529e-02 3.500000000e+00 3.500000000e+00 5.539870529e-02 -3.000000000e+00 -3.000000000e+00 -3.865756954e-15 0.000000000e+00 0.000000000e+00 -4.134138030e-27 3.024128452e+02 
d 0.000000000e+00 0.000000000e+00 -5.682665326e-02 4.000000000e+00 4.000000000e+00 5.682665326e-02 -3.000000000e+00 -3.000000000e+00 -4.289176194e-15 0.000000000e+00 0.000000000e+00 -4.410654559e-27 3.032427712e+02 
d 0.000000000e+00 0.000000000e+00 -5.742500218e-02 4.500000000e+00 4.500000000e+00 5.742500218e-02 -3.000000000e+00 -3.000000000e+00 -5.024814504e-15 0.000000000e+00 0.000000000e+00 -4.677693362e-27 3.045885273e+02 
d 0.000000000e+00 0.000000000e+00 -5.779735875e-02 5.000000000e+00 5.000000000e+00 5.779735875e-02 -3.000000000e+00 -3.000000000e+00 -5.696928494e-15 0.000000000e+00 0.000000000e+00 -4.940386597e-27 3.059034149e+02 
d 0.000000000e+00 0.000000000e+00 -5.806161070e-02 5.500000000e+00 5.500000000e+00 5.806161070e-02 -3.000000000e+00 -3.000000000e+00 -6.392585518e-15 0.000000000e+00 0.000000000e+00 -5.200695385e-27 3.072008162e+02 
d 0.000000000e+00 0.000000000e+00 -5.822324124e-02 6.000000000e+00 6.000000000e+00 5.822324124e-02 -3.000000000e+00 -3.000000000e+00 -7.284595544e-15 0.000000000e+00 0.000000000e+00 -5.459247698e-27 3.086538141e+02 
d 0.000000000e+00 0.000000000e+00 -5.840635812e-02 6.500000000e+00 6.500000000e+00 5.840635812e-02 -3.000000000e+00 -3.000000000e+00 -8.096706266e-15 0.000000000e+00 0.000000000e+00 -5.717106447e-27 3.098974404e+02 
d 0.000000000e+00 0.000000000e+00 -5.856216319e-02 7.000000000e+00 7.000000000e+00 5.856216319e-02 -3.000000000e+00 -3.000000000e+00 -9.026193245e-15 0.000000000e+00 0.000000000e+00 -5.974253741e-27 3.111478271e+02 
d 0.000000000e+00 0.000000000e+00 -5.865631990e-02 7.500000000e+00 7.500000000e+00 5.865631990e-02 -3.000000000e+00 -3.000000000e+00 -1.027894616e-14 0.000000000e+00 0.000000000e+00 -6.230567417e-27 3.125716940e+02 
d 0.000000000e+00 0.000000000e+00 -5.879021920e-02 8.000000000e+00 8.000000000e+00 5.879021921e-02 -3.000000000e+00 -3.000000000e+00 -1.145304781e-14 0.000000000e+00 0.000000000e+00 -6.486788114e-27 3.138350083e+02 
d 0.000000000e+00 0.000000000e+00 -5.886521531e-02 8.500000000e+00 8.500000000e+00 5.886521531e-02 -3.000000000e+00 -3.000000000e+00 -1.305584565e-14 0.000000000e+00 0.000000000e+00 -6.742258272e-27 3.152777766e+02 
d 0.000000000e+00 0.000000000e+00 -5.898066033e-02 9.000000000e+00 9.000000000e+00 5.898066033e-02 -3.000000000e+00 -3.000000000e+00 -1.456689816e-14 0.000000000e+00 0.000000000e+00 -6.997704210e-27 3.165085595e+02 
d 0.000000000e+00 0.000000000e+00 -5.908084988e-02 9.500000000e+00 9.500000000e+00 5.908084988e-02 -3.000000000e+00 -3.000000000e+00 -1.631418643e-14 0.000000000e+00 0.000000000e+00 -7.252739657e-27 3.177470447e+02 
d 0.000000000e+00 0.000000000e+00 -5.912570612e-02 1.000000000e+01 1.000000000e+01 5.912570612e-02 -3.000000000e+00 -3.000000000e+00 -1.866570093e-14 0.000000000e+00 0.000000000e+00 -7.507021335e-27 3.193038538e+02 
d 0.000000000e+00 0.000000000e+00 -5.921323217e-02 1.050000000e+01 1.050000000e+01 5.921323217e-02 -3.000000000e+00 -3.000000000e+00 -2.086842478e-14 0.000000000e+00 0.000000000e+00 -7.761301977e-27 3.206841441e+02 
d 0.000000000e+00 0.000000000e+00 -5.928639695e-02 1.100000000e+01 1.100000000e+01 5.928639695e-02 -3.000000000e+00 -3.000000000e+00 -2.340056291e-14 0.000000000e+00 0.000000000e+00 -8.015154356e-27 3.220887619e+02 
d 0.000000000e+00 0.000000000e+00 -5.934813680e-02 1.150000000e+01 1.150000000e+01 5.934813680e-02 -3.000000000e+00 -3.000000000e+00 -2.627810098e-14 0.000000000e+00 0.000000000e+00 -8.268601407e-27 3.235019028e+02 
d 0.000000000e+00 0.000000000e+00 -5.939993136e-02 1.200000000e+01 1.200000000e+01 5.939993136e-02 -3.000000000e+00 -3.000000000e+00 -2.953440006e-14 0.000000000e+00 0.000000000e+00 -8.521667901e-27 3.249157977e+02 
d 0.000000000e+00 0.000000000e+00 -5.944295662e-02 1.250000000e+01 1.250000000e+01 5.944295662e-02 -3.000000000e+00 -3.000000000e+00 -3.321240404e-14 0.000000000e+00 0.000000000e+00 -8.774387361e-27 3.263268683e+02 
d 0.000000000e+00 0.000000000e+00 -5.947836993e-02 1.300000000e+01 1.300000000e+01 5.947836993e-02 -3.000000000e+00 -3.000000000e+00 -3.736368120e-14 0.000000000e+00 0.000000000e+00 -9.026804891e-27 3.277338624e+02 
d 0.000000000e+00 0.000000000e+00 -5.950736598e-02 1.350000000e+01 1.350000000e+01 5.950736597e-02 -3.000000000e+00 -3.000000000e+00 -4.204800010e-14 0.000000000e+00 0.000000000e+00 -9.278975797e-27 3.291367156e+02 
d 0.000000000e+00 0.000000000e+00 -5.953111952e-02 1.400000000e+01 1.400000000e+01 5.953111952e-02 -3.000000000e+00 -3.000000000e+00 -4.733292043e-14 0.000000000e+00 0.000000000e+00 -9.530956057e-27 3.305357721e+02 
d 0.000000000e+00 0.000000000e+00 -5.955069723e-02 1.450000000e+01 1.450000000e+01 5.955069723e-02 -3.000000000e+00 -3.000000000e+00 -5.329354037e-14 0.000000000e+00 0.000000000e+00 -9.782791524e-27 3.319313131e+02 
d 0.000000000e+00 0.000000000e+00 -5.956699512e-02 1.500000000e+01 1.500000000e+01 5.956699512e-02 -3.000000000e+00 -3.000000000e+00 -6.001259339e-14 0.000000000e+00 0.000000000e+00 -1.003451437e-26 3.333233618e+02 
