v ATLAS
# This file was created by ATLAS version 5.26.1.R on Mon Apr 16 19:05:38 2018.
#SSF 2.0 generic
##############################################################################
#                    Copyright (c) 1984 - 2018                               #
#                    Silvaco Inc. All rights reserved                        #
#                                                                            #
# This file format and the following Key are copyright Silvaco Inc.          #
# You may not use, this format or key without reproducing this message in    #
# full and obtaining express written permission from Silvaco Inc.            #
#                                                                            #
# To obtain such permission please contact: Silvaco Inc.                     #
#                                           support@silvaco.com              #
#                                                                            #
# KEY=SVC86hn7562asdx                       PROD=345                         #
##############################################################################
y 3 700 711 15
z 2 0.001 300
f 4 "source" "drain" "gate" "substrate" 
p 12 2 601 20 3 602 21 4 603 22 5 604 23 
d 0.000000000e+00 0.000000000e+00 -1.569629721e-15 0.000000000e+00 0.000000000e+00 -4.191118348e-16 0.000000000e+00 0.000000000e+00 -1.688664908e-30 0.000000000e+00 0.000000000e+00 -1.342675959e-42 
d 0.000000000e+00 0.000000000e+00 -1.659964818e-02 5.000000000e-01 5.000000000e-01 1.659964818e-02 0.000000000e+00 0.000000000e+00 -6.168848130e-16 0.000000000e+00 0.000000000e+00 -2.163138918e-27 
d 0.000000000e+00 0.000000000e+00 -3.269588008e-02 1.000000000e+00 1.000000000e+00 3.269588008e-02 0.000000000e+00 0.000000000e+00 -7.636406876e-16 0.000000000e+00 0.000000000e+00 -2.548376677e-27 
d 0.000000000e+00 0.000000000e+00 -4.824686938e-02 1.500000000e+00 1.500000000e+00 4.824686938e-02 0.000000000e+00 0.000000000e+00 -9.092075052e-16 0.000000000e+00 0.000000000e+00 -2.900845991e-27 
d 0.000000000e+00 0.000000000e+00 -6.320556009e-02 2.000000000e+00 2.000000000e+00 6.320555970e-02 0.000000000e+00 0.000000000e+00 -1.053427524e-15 0.000000000e+00 0.000000000e+00 -3.244050071e-27 
d 0.000000000e+00 0.000000000e+00 -7.751892305e-02 2.500000000e+00 2.500000000e+00 7.751892293e-02 0.000000000e+00 0.000000000e+00 -1.195930814e-15 0.000000000e+00 0.000000000e+00 -3.582675152e-27 
d 0.000000000e+00 0.000000000e+00 -9.112724480e-02 3.000000000e+00 3.000000000e+00 9.112724473e-02 0.000000000e+00 0.000000000e+00 -1.336247329e-15 0.000000000e+00 0.000000000e+00 -3.918126495e-27 
d 0.000000000e+00 0.000000000e+00 -1.039635826e-01 3.500000000e+00 3.500000000e+00 1.039635826e-01 0.000000000e+00 0.000000000e+00 -1.473777349e-15 0.000000000e+00 0.000000000e+00 -4.250823727e-27 
d 0.000000000e+00 0.000000000e+00 -1.159534995e-01 4.000000000e+00 4.000000000e+00 1.159534995e-01 0.000000000e+00 0.000000000e+00 -1.607753370e-15 0.000000000e+00 0.000000000e+00 -4.580741847e-27 
d 0.000000000e+00 0.000000000e+00 -1.270150766e-01 4.500000000e+00 4.500000000e+00 1.270150764e-01 0.000000000e+00 0.000000000e+00 -1.737189617e-15 0.000000000e+00 0.000000000e+00 -4.907536038e-27 
d 0.000000000e+00 0.000000000e+00 -1.370592149e-01 5.000000000e+00 5.000000000e+00 1.370592147e-01 0.000000000e+00 0.000000000e+00 -1.860813856e-15 0.000000000e+00 0.000000000e+00 -5.230636837e-27 
d 0.000000000e+00 0.000000000e+00 -1.459909351e-01 5.500000000e+00 5.500000000e+00 1.459909347e-01 0.000000000e+00 0.000000000e+00 -1.976983308e-15 0.000000000e+00 0.000000000e+00 -5.549243293e-27 
d 0.000000000e+00 0.000000000e+00 -1.537141899e-01 6.000000000e+00 6.000000000e+00 1.537141893e-01 0.000000000e+00 0.000000000e+00 -2.083614615e-15 0.000000000e+00 0.000000000e+00 -5.862284282e-27 
d 0.000000000e+00 0.000000000e+00 -1.601455254e-01 6.500000000e+00 6.500000000e+00 1.601455254e-01 0.000000000e+00 0.000000000e+00 -2.178223144e-15 0.000000000e+00 0.000000000e+00 -6.168455561e-27 
d 0.000000000e+00 0.000000000e+00 -1.652446045e-01 7.000000000e+00 7.000000000e+00 1.652446045e-01 0.000000000e+00 0.000000000e+00 -2.258282267e-15 0.000000000e+00 0.000000000e+00 -6.466417813e-27 
d 0.000000000e+00 0.000000000e+00 -1.690646086e-01 7.500000000e+00 7.500000000e+00 1.690646086e-01 0.000000000e+00 0.000000000e+00 -2.322168405e-15 0.000000000e+00 0.000000000e+00 -6.755309902e-27 
d 0.000000000e+00 0.000000000e+00 -1.717927436e-01 8.000000000e+00 8.000000000e+00 1.717927436e-01 0.000000000e+00 0.000000000e+00 -2.370430401e-15 0.000000000e+00 0.000000000e+00 -7.035436757e-27 
d 0.000000000e+00 0.000000000e+00 -1.737146964e-01 8.500000000e+00 8.500000000e+00 1.737146964e-01 0.000000000e+00 0.000000000e+00 -2.405998791e-15 0.000000000e+00 0.000000000e+00 -7.308377863e-27 
d 0.000000000e+00 0.000000000e+00 -1.751097412e-01 9.000000000e+00 9.000000000e+00 1.751097412e-01 0.000000000e+00 0.000000000e+00 -2.432684522e-15 0.000000000e+00 0.000000000e+00 -7.576193605e-27 
d 0.000000000e+00 0.000000000e+00 -1.761803425e-01 9.500000000e+00 9.500000000e+00 1.761803425e-01 0.000000000e+00 0.000000000e+00 -2.453645872e-15 0.000000000e+00 0.000000000e+00 -7.840586616e-27 
d 0.000000000e+00 0.000000000e+00 -1.770513248e-01 1.000000000e+01 1.000000000e+01 1.770513248e-01 0.000000000e+00 0.000000000e+00 -2.470984554e-15 0.000000000e+00 0.000000000e+00 -8.102680215e-27 
d 0.000000000e+00 0.000000000e+00 -1.777953345e-01 1.050000000e+01 1.050000000e+01 1.777953262e-01 0.000000000e+00 0.000000000e+00 -2.485984342e-15 0.000000000e+00 0.000000000e+00 -8.363132869e-27 
d 0.000000000e+00 0.000000000e+00 -1.784546951e-01 1.100000000e+01 1.100000000e+01 1.784546855e-01 0.000000000e+00 0.000000000e+00 -2.499418444e-15 0.000000000e+00 0.000000000e+00 -8.622299462e-27 
d 0.000000000e+00 0.000000000e+00 -1.790555571e-01 1.150000000e+01 1.150000000e+01 1.790555571e-01 0.000000000e+00 0.000000000e+00 -2.511773257e-15 0.000000000e+00 0.000000000e+00 -8.880422982e-27 
d 0.000000000e+00 0.000000000e+00 -1.796157611e-01 1.200000000e+01 1.200000000e+01 1.796157546e-01 0.000000000e+00 0.000000000e+00 -2.523381122e-15 0.000000000e+00 0.000000000e+00 -9.137749252e-27 
d 0.000000000e+00 0.000000000e+00 -1.801477247e-01 1.250000000e+01 1.250000000e+01 1.801477225e-01 0.000000000e+00 0.000000000e+00 -2.534474509e-15 0.000000000e+00 0.000000000e+00 -9.394497039e-27 
d 0.000000000e+00 0.000000000e+00 -1.806597032e-01 1.300000000e+01 1.300000000e+01 1.806597032e-01 0.000000000e+00 0.000000000e+00 -2.545211050e-15 0.000000000e+00 0.000000000e+00 -9.650820642e-27 
d 0.000000000e+00 0.000000000e+00 -1.811569538e-01 1.350000000e+01 1.350000000e+01 1.811569538e-01 0.000000000e+00 0.000000000e+00 -2.555694449e-15 0.000000000e+00 0.000000000e+00 -9.906821607e-27 
d 0.000000000e+00 0.000000000e+00 -1.816427529e-01 1.400000000e+01 1.400000000e+01 1.816427529e-01 0.000000000e+00 0.000000000e+00 -2.565991912e-15 0.000000000e+00 0.000000000e+00 -1.016256968e-26 
d 0.000000000e+00 0.000000000e+00 -1.821191249e-01 1.450000000e+01 1.450000000e+01 1.821191249e-01 0.000000000e+00 0.000000000e+00 -2.576146647e-15 0.000000000e+00 0.000000000e+00 -1.041811292e-26 
d 0.000000000e+00 0.000000000e+00 -1.825873142e-01 1.500000000e+01 1.500000000e+01 1.825873142e-01 0.000000000e+00 0.000000000e+00 -2.586186235e-15 0.000000000e+00 0.000000000e+00 -1.067348176e-26 
