v ATLAS
# This file was created by ATLAS version 5.26.1.R on Tue Apr 17 23:27:56 2018.
#SSF 2.0 generic
##############################################################################
#                    Copyright (c) 1984 - 2018                               #
#                    Silvaco Inc. All rights reserved                        #
#                                                                            #
# This file format and the following Key are copyright Silvaco Inc.          #
# You may not use, this format or key without reproducing this message in    #
# full and obtaining express written permission from Silvaco Inc.            #
#                                                                            #
# To obtain such permission please contact: Silvaco Inc.                     #
#                                           support@silvaco.com              #
#                                                                            #
# KEY=SVC86hn7562asdx                       PROD=345                         #
##############################################################################
y 1 15
z 300
f 2 "anode" "cathode" 
p 6 2 601 20 3 602 21 
d 0.000000000e+00 0.000000000e+00 5.937178674e-23 0.000000000e+00 0.000000000e+00 4.559753222e-22 
d -1.000000000e-01 -1.000000000e-01 -5.041533264e-10 0.000000000e+00 0.000000000e+00 5.041533264e-10 
d -2.000000000e-01 -2.000000000e-01 -4.515989712e-09 0.000000000e+00 0.000000000e+00 4.515989623e-09 
d -3.000000000e-01 -3.000000000e-01 -1.940593634e-08 0.000000000e+00 0.000000000e+00 1.940593629e-08 
d -4.000000000e-01 -4.000000000e-01 -4.571247085e-08 0.000000000e+00 0.000000000e+00 4.571247084e-08 
d -5.000000000e-01 -5.000000000e-01 -7.714311887e-08 0.000000000e+00 0.000000000e+00 7.714311887e-08 
d -6.000000000e-01 -6.000000000e-01 -1.100019836e-07 0.000000000e+00 0.000000000e+00 1.100019836e-07 
d -7.000000000e-01 -7.000000000e-01 -1.430614817e-07 0.000000000e+00 0.000000000e+00 1.430614817e-07 
d -8.000000000e-01 -8.000000000e-01 -1.759502929e-07 0.000000000e+00 0.000000000e+00 1.759502929e-07 
d -9.000000000e-01 -9.000000000e-01 -2.085227052e-07 0.000000000e+00 0.000000000e+00 2.085227052e-07 
d -1.000000000e+00 -1.000000000e+00 -2.406891608e-07 0.000000000e+00 0.000000000e+00 2.406891608e-07 
d -1.100000000e+00 -1.100000000e+00 -2.723784197e-07 0.000000000e+00 0.000000000e+00 2.723784197e-07 
d -1.200000000e+00 -1.200000000e+00 -3.035292614e-07 0.000000000e+00 0.000000000e+00 3.035292614e-07 
d -1.300000000e+00 -1.300000000e+00 -3.340882750e-07 0.000000000e+00 0.000000000e+00 3.340882750e-07 
d -1.400000000e+00 -1.400000000e+00 -3.640090303e-07 0.000000000e+00 0.000000000e+00 3.640090303e-07 
d -1.500000000e+00 -1.500000000e+00 -3.932516415e-07 0.000000000e+00 0.000000000e+00 3.932516415e-07 
d -1.600000000e+00 -1.600000000e+00 -4.217824640e-07 0.000000000e+00 0.000000000e+00 4.217824640e-07 
d -1.700000000e+00 -1.700000000e+00 -4.495738250e-07 0.000000000e+00 0.000000000e+00 4.495738250e-07 
d -1.800000000e+00 -1.800000000e+00 -4.766037460e-07 0.000000000e+00 0.000000000e+00 4.766037460e-07 
d -1.900000000e+00 -1.900000000e+00 -5.028556422e-07 0.000000000e+00 0.000000000e+00 5.028556422e-07 
d -2.000000000e+00 -2.000000000e+00 -5.283179915e-07 0.000000000e+00 0.000000000e+00 5.283179915e-07 
