v ATLAS
# This file was created by ATLAS version 5.26.1.R on Thu Apr 19 09:53:33 2018.
#SSF 2.0 generic
##############################################################################
#                    Copyright (c) 1984 - 2018                               #
#                    Silvaco Inc. All rights reserved                        #
#                                                                            #
# This file format and the following Key are copyright Silvaco Inc.          #
# You may not use, this format or key without reproducing this message in    #
# full and obtaining express written permission from Silvaco Inc.            #
#                                                                            #
# To obtain such permission please contact: Silvaco Inc.                     #
#                                           support@silvaco.com              #
#                                                                            #
# KEY=SVC86hn7562asdx                       PROD=345                         #
##############################################################################
p 4 309 210 311 382
d 2.0664 0.600006 0 0
d 1.76754 0.701456 0 0
d 1.54421 0.802906 0 0
d 1.37098 0.904357 0 0
d 1.23269 1.00581 0 0
d 1.11975 1.10726 0 0
d 1.02577 1.20871 0 0
d 0.946338 1.31016 0 0
d 0.878326 1.41161 0 0
d 0.819434 1.51306 0 0
d 0.767944 1.61451 0 0
d 0.722542 1.71596 0 0
d 0.682209 1.81741 0 0
d 0.64614 1.91886 0 0
d 0.613694 2.02031 0 0
d 0.584351 2.12176 0 0
d 0.557686 2.22321 0 0
d 0.533348 2.32466 0 0
d 0.511045 2.42611 0 0
d 0.490533 2.52756 0 0
d 0.471604 2.62901 0 0
d 0.454082 2.73046 0 0
d 0.437815 2.83191 0 0
d 0.422673 2.93336 0 0
d 0.408543 3.03481 0 0
d 0.395328 3.13626 0 0
d 0.382941 3.23771 0 0
d 0.371306 3.33916 0 0
d 0.360358 3.44061 0 0
d 0.350037 3.54206 0 0
d 0.34029 3.64351 0 0
d 0.331072 3.74496 0 0
d 0.32234 3.84641 0 0
d 0.314056 3.94786 0 0
d 0.306188 4.04931 0 0
d 0.298704 4.15077 0 0
d 0.291578 4.25222 0 0
d 0.284783 4.35367 0 0
d 0.278299 4.45512 0 0
d 0.272102 4.55657 0 0
d 0.266176 4.65802 0 0
d 0.260502 4.75947 0 0
d 0.255065 4.86092 0 0
d 0.249851 4.96237 0 0
d 0.244845 5.06382 0 0
d 0.240036 5.16527 0 0
d 0.235413 5.26672 0 0
d 0.230964 5.36817 0 0
d 0.22668 5.46962 0 0
d 0.222552 5.57107 0 0
d 0.218572 5.67252 0 0
d 0.214731 5.77397 0 0
d 0.211024 5.87542 0 0
d 0.207442 5.97687 0 0
d 0.203979 6.07832 0 0
d 0.200631 6.17977 0 0
d 0.19739 6.28122 0 0
d 0.194253 6.38267 0 0
d 0.191214 6.48412 0 0
d 0.188268 6.58557 0 0
d 0.185412 6.68702 0 0
d 0.182641 6.78847 0 0
d 0.179952 6.88992 0 0
d 0.17734 6.99137 0 0
d 0.174804 7.09282 0 0
d 0.172339 7.19427 0 0
d 0.169942 7.29572 0 0
d 0.167612 7.39717 0 0
d 0.165344 7.49862 0 0
d 0.163137 7.60007 0 0
