v ATLAS
# This file was created by ATLAS version 5.26.1.R on Thu Oct 21 19:58:41 2021.
#SSF 2.0 generic
##############################################################################
#                    Copyright (c) 1984 - 2018                               #
#                    Silvaco Inc. All rights reserved                        #
#                                                                            #
# This file format and the following Key are copyright Silvaco Inc.          #
# You may not use, this format or key without reproducing this message in    #
# full and obtaining express written permission from Silvaco Inc.            #
#                                                                            #
# To obtain such permission please contact: Silvaco Inc.                     #
#                                           support@silvaco.com              #
#                                                                            #
# KEY=SVC86hn7562asdx                       PROD=345                         #
##############################################################################
y 1 15
z 300
f 2 "anode" "cathode" 
p 6 2 601 20 3 602 21 
d 5.000000000e-02 5.000000000e-02 1.480789697e-06 0.000000000e+00 0.000000000e+00 -1.284903088e-23 
d 1.000000000e-01 1.000000000e-01 -1.149339386e-12 0.000000000e+00 0.000000000e+00 -1.827582752e-17 
d 1.500000000e-01 1.500000000e-01 1.346047674e-13 0.000000000e+00 0.000000000e+00 -1.739856329e-16 
d 2.000000000e-01 2.000000000e-01 1.212823699e-15 0.000000000e+00 0.000000000e+00 -1.245782912e-15 
d 2.500000000e-01 2.500000000e-01 8.730770926e-15 0.000000000e+00 0.000000000e+00 -8.716824742e-15 
d 3.000000000e-01 3.000000000e-01 6.022169182e-14 0.000000000e+00 0.000000000e+00 -6.019463073e-14 
d 3.500000000e-01 3.500000000e-01 4.150084695e-13 0.000000000e+00 0.000000000e+00 -4.150242618e-13 
d 4.000000000e-01 4.000000000e-01 2.859412446e-12 0.000000000e+00 0.000000000e+00 -2.859372026e-12 
d 4.500000000e-01 4.500000000e-01 1.968667134e-11 0.000000000e+00 0.000000000e+00 -1.968666894e-11 
d 5.000000000e-01 5.000000000e-01 1.354210199e-10 0.000000000e+00 0.000000000e+00 -1.354210381e-10 
d 5.500000000e-01 5.500000000e-01 9.304501288e-10 0.000000000e+00 0.000000000e+00 -9.304501880e-10 
d 6.000000000e-01 6.000000000e-01 6.382871814e-09 0.000000000e+00 0.000000000e+00 -6.382871801e-09 
d 6.500000000e-01 6.500000000e-01 4.368995060e-08 0.000000000e+00 0.000000000e+00 -4.368995060e-08 
d 7.000000000e-01 7.000000000e-01 2.980723675e-07 0.000000000e+00 0.000000000e+00 -2.980723675e-07 
d 7.500000000e-01 7.500000000e-01 2.022301973e-06 0.000000000e+00 0.000000000e+00 -2.022301973e-06 
d 8.000000000e-01 8.000000000e-01 1.354923415e-05 0.000000000e+00 0.000000000e+00 -1.354923415e-05 
d 8.500000000e-01 8.500000000e-01 8.702385821e-05 0.000000000e+00 0.000000000e+00 -8.702385821e-05 
d 9.000000000e-01 9.000000000e-01 4.770434627e-04 0.000000000e+00 0.000000000e+00 -4.770434627e-04 
d 9.500000000e-01 9.500000000e-01 1.812555275e-03 0.000000000e+00 0.000000000e+00 -1.812555275e-03 
d 1.000000000e+00 1.000000000e+00 4.605156364e-03 0.000000000e+00 0.000000000e+00 -4.605156359e-03 
