v ATLAS
# This file was created by ATLAS version 5.26.1.R on Tue Apr 17 02:44:14 2018.
#SSF 2.0 generic
##############################################################################
#                    Copyright (c) 1984 - 2018                               #
#                    Silvaco Inc. All rights reserved                        #
#                                                                            #
# This file format and the following Key are copyright Silvaco Inc.          #
# You may not use, this format or key without reproducing this message in    #
# full and obtaining express written permission from Silvaco Inc.            #
#                                                                            #
# To obtain such permission please contact: Silvaco Inc.                     #
#                                           support@silvaco.com              #
#                                                                            #
# KEY=SVC86hn7562asdx                       PROD=345                         #
##############################################################################
o 1 Net gain, mode 1
o 2 Photon lifetime (s)
p 8 2211 87 2001 2201 3000 2214 3001 2212
d 1.413501e+00 8.771498e-01  3.263220e+02 0.000000e+00 -1.053605e+01 2.868603e+13 1.130237e-11 3.263220e+02 
d 1.415237e+00 8.760736e-01  3.263220e+02 0.000000e+00 -1.053605e+01 2.868603e+13 1.130237e-11 3.263220e+02 
d 1.416974e+00 8.750000e-01  3.263220e+02 0.000000e+00 -1.053605e+01 2.868603e+13 1.130237e-11 3.263220e+02 
d 1.418710e+00 8.739290e-01  3.263220e+02 0.000000e+00 -1.053605e+01 2.868603e+13 1.130237e-11 3.263220e+02 
d 1.420447e+00 8.728606e-01  3.263220e+02 0.000000e+00 -1.053605e+01 2.868603e+13 1.130237e-11 3.263220e+02 
d 1.422183e+00 8.717948e-01  3.263220e+02 0.000000e+00 -1.053605e+01 2.868603e+13 1.130237e-11 3.263220e+02 
d 1.423920e+00 8.707317e-01  6.831643e+02 8.631920e+00 -1.904131e+00 6.446750e+12 1.130237e-11 6.831643e+02 
d 1.425656e+00 8.696711e-01  1.007651e+05 1.128688e+01 7.508333e-01 9.502355e+12 1.130237e-11 1.007651e+05 
d 1.427393e+00 8.686131e-01  4.955578e+06 1.203823e+01 1.502179e+00 1.172114e+13 1.130237e-11 4.955578e+06 
d 1.429129e+00 8.675577e-01  5.582307e+07 1.157395e+01 1.037898e+00 1.351984e+13 1.130237e-11 5.582307e+07 
d 1.430866e+00 8.665048e-01  8.098943e+07 1.014496e+01 -3.910894e-01 1.504830e+13 1.130237e-11 8.098943e+07 
d 1.432602e+00 8.654545e-01  7.689844e+06 7.872278e+00 -2.663773e+00 1.638092e+13 1.130237e-11 7.689844e+06 
d 1.434339e+00 8.644068e-01  1.605005e+05 4.820973e+00 -5.715079e+00 1.756102e+13 1.130237e-11 1.605005e+05 
d 1.436075e+00 8.633615e-01  1.609103e+03 1.026994e+00 -9.509058e+00 1.861638e+13 1.130237e-11 1.609103e+03 
d 1.437812e+00 8.623188e-01  1.851183e+02 -3.490791e+00 -1.402684e+01 1.956604e+13 1.130237e-11 1.851183e+02 
d 1.439548e+00 8.612786e-01  1.314776e+02 -8.724369e+00 -1.926042e+01 2.042366e+13 1.130237e-11 1.314776e+02 
d 1.441285e+00 8.602409e-01  1.024201e+02 -1.467302e+01 -2.520907e+01 2.119942e+13 1.130237e-11 1.024201e+02 
d 1.443021e+00 8.592057e-01  8.293944e+01 -2.134110e+01 -3.187715e+01 2.190108e+13 1.130237e-11 8.293944e+01 
d 1.444758e+00 8.581730e-01  6.893696e+01 -2.873660e+01 -3.927265e+01 2.253474e+13 1.130237e-11 6.893696e+01 
d 1.446494e+00 8.571428e-01  5.839285e+01 -3.687009e+01 -4.740614e+01 2.310523e+13 1.130237e-11 5.839285e+01 
d 1.448231e+00 8.561151e-01  5.017987e+01 -4.575395e+01 -5.629001e+01 2.361649e+13 1.130237e-11 5.017987e+01 
d 1.449967e+00 8.550898e-01  4.361561e+01 -5.540179e+01 -6.593784e+01 2.407174e+13 1.130237e-11 4.361561e+01 
d 1.451704e+00 8.540670e-01  3.826118e+01 -6.582789e+01 -7.636394e+01 2.447367e+13 1.130237e-11 3.826118e+01 
d 1.453440e+00 8.530466e-01  3.382078e+01 -7.704685e+01 -8.758291e+01 2.482454e+13 1.130237e-11 3.382078e+01 
d 1.455177e+00 8.520286e-01  3.008756e+01 -8.907315e+01 -9.960921e+01 2.512632e+13 1.130237e-11 3.008756e+01 
d 1.456913e+00 8.510131e-01  2.691238e+01 -1.019208e+02 -1.124569e+02 2.538068e+13 1.130237e-11 2.691238e+01 
d 1.458650e+00 8.500000e-01  2.418503e+01 -1.156031e+02 -1.261391e+02 2.558914e+13 1.130237e-11 2.418503e+01 
d 1.460386e+00 8.489893e-01  2.182229e+01 -1.301320e+02 -1.406681e+02 2.575306e+13 1.130237e-11 2.182229e+01 
d 1.462123e+00 8.479810e-01  1.976015e+01 -1.455184e+02 -1.560545e+02 2.587367e+13 1.130237e-11 1.976015e+01 
d 1.463859e+00 8.469751e-01  1.794859e+01 -1.617714e+02 -1.723074e+02 2.595215e+13 1.130237e-11 1.794859e+01 
d 1.465596e+00 8.459715e-01  1.634799e+01 -1.788979e+02 -1.894339e+02 2.598963e+13 1.130237e-11 1.634799e+01 
