v ATLAS
# This file was created by ATLAS version 5.26.1.R on Tue Apr 17 02:44:48 2018.
#SSF 2.0 generic
##############################################################################
#                    Copyright (c) 1984 - 2018                               #
#                    Silvaco Inc. All rights reserved                        #
#                                                                            #
# This file format and the following Key are copyright Silvaco Inc.          #
# You may not use, this format or key without reproducing this message in    #
# full and obtaining express written permission from Silvaco Inc.            #
#                                                                            #
# To obtain such permission please contact: Silvaco Inc.                     #
#                                           support@silvaco.com              #
#                                                                            #
# KEY=SVC86hn7562asdx                       PROD=345                         #
##############################################################################
o 1 Net gain, mode 1
o 2 Photon lifetime (s)
p 8 2211 87 2001 2201 3000 2214 3001 2212
d 1.413501e+00 8.771498e-01  3.469905e+02 0.000000e+00 -1.053605e+01 3.047700e+13 1.130237e-11 3.469905e+02 
d 1.415237e+00 8.760736e-01  3.469905e+02 0.000000e+00 -1.053605e+01 3.047700e+13 1.130237e-11 3.469905e+02 
d 1.416974e+00 8.750000e-01  3.469905e+02 0.000000e+00 -1.053605e+01 3.047700e+13 1.130237e-11 3.469905e+02 
d 1.418710e+00 8.739290e-01  3.469905e+02 0.000000e+00 -1.053605e+01 3.047700e+13 1.130237e-11 3.469905e+02 
d 1.420447e+00 8.728606e-01  3.469905e+02 0.000000e+00 -1.053605e+01 3.047700e+13 1.130237e-11 3.469905e+02 
d 1.422183e+00 8.717948e-01  3.469905e+02 0.000000e+00 -1.053605e+01 3.047700e+13 1.130237e-11 3.469905e+02 
d 1.423920e+00 8.707317e-01  5.470179e+02 8.414683e+00 -2.121369e+00 6.658741e+12 1.130237e-11 5.470179e+02 
d 1.425656e+00 8.696711e-01  4.242885e+05 1.095363e+01 4.175812e-01 9.817805e+12 1.130237e-11 4.242885e+05 
d 1.427393e+00 8.686131e-01  5.779640e+07 1.161010e+01 1.074053e+00 1.211415e+13 1.130237e-11 5.779640e+07 
d 1.429129e+00 8.675577e-01  4.927800e+08 1.105927e+01 5.232209e-01 1.397790e+13 1.130237e-11 4.927800e+08 
d 1.430866e+00 8.665048e-01  2.040386e+08 9.547518e+00 -9.885333e-01 1.556370e+13 1.130237e-11 2.040386e+08 
d 1.432602e+00 8.654545e-01  2.614954e+06 7.193600e+00 -3.342452e+00 1.694829e+13 1.130237e-11 2.614954e+06 
d 1.434339e+00 8.644068e-01  5.220249e+03 4.061267e+00 -6.474784e+00 1.817638e+13 1.130237e-11 5.220249e+03 
d 1.436075e+00 8.633615e-01  2.511865e+02 1.856026e-01 -1.035045e+01 1.927662e+13 1.130237e-11 2.511865e+02 
d 1.437812e+00 8.623188e-01  1.726809e+02 -4.415135e+00 -1.495119e+01 2.026864e+13 1.130237e-11 1.726809e+02 
d 1.439548e+00 8.612786e-01  1.298801e+02 -9.733379e+00 -2.026943e+01 2.116655e+13 1.130237e-11 1.298801e+02 
d 1.441285e+00 8.602409e-01  1.024798e+02 -1.576875e+01 -2.630480e+01 2.198081e+13 1.130237e-11 1.024798e+02 
d 1.443021e+00 8.592057e-01  8.353533e+01 -2.252586e+01 -3.306191e+01 2.271945e+13 1.130237e-11 8.353533e+01 
d 1.444758e+00 8.581730e-01  6.971566e+01 -3.001290e+01 -4.054896e+01 2.338871e+13 1.130237e-11 6.971566e+01 
d 1.446494e+00 8.571428e-01  5.922569e+01 -3.824059e+01 -4.877665e+01 2.399358e+13 1.130237e-11 5.922569e+01 
d 1.448231e+00 8.561151e-01  5.101572e+01 -4.722142e+01 -5.775747e+01 2.453809e+13 1.130237e-11 5.101572e+01 
d 1.449967e+00 8.550898e-01  4.443270e+01 -5.696904e+01 -6.750510e+01 2.502554e+13 1.130237e-11 4.443270e+01 
d 1.451704e+00 8.540670e-01  3.904989e+01 -6.749779e+01 -7.803385e+01 2.545866e+13 1.130237e-11 3.904989e+01 
d 1.453440e+00 8.530466e-01  3.457699e+01 -7.882224e+01 -8.935829e+01 2.583975e+13 1.130237e-11 3.457699e+01 
d 1.455177e+00 8.520286e-01  3.080983e+01 -9.095682e+01 -1.014929e+02 2.617079e+13 1.130237e-11 3.080983e+01 
d 1.456913e+00 8.510131e-01  2.760069e+01 -1.039155e+02 -1.144515e+02 2.645346e+13 1.130237e-11 2.760069e+01 
d 1.458650e+00 8.500000e-01  2.484012e+01 -1.177113e+02 -1.282473e+02 2.668926e+13 1.130237e-11 2.484012e+01 
d 1.460386e+00 8.489893e-01  2.244531e+01 -1.323562e+02 -1.428923e+02 2.687953e+13 1.130237e-11 2.244531e+01 
d 1.462123e+00 8.479810e-01  2.035247e+01 -1.478609e+02 -1.583969e+02 2.702548e+13 1.130237e-11 2.035247e+01 
d 1.463859e+00 8.469751e-01  1.851169e+01 -1.642340e+02 -1.747701e+02 2.712824e+13 1.130237e-11 1.851169e+01 
d 1.465596e+00 8.459715e-01  1.688335e+01 -1.814825e+02 -1.920185e+02 2.718889e+13 1.130237e-11 1.688335e+01 
