v ATLAS
# This file was created by ATLAS version 5.26.1.R on Tue Apr 17 02:42:34 2018.
#SSF 2.0 generic
##############################################################################
#                    Copyright (c) 1984 - 2018                               #
#                    Silvaco Inc. All rights reserved                        #
#                                                                            #
# This file format and the following Key are copyright Silvaco Inc.          #
# You may not use, this format or key without reproducing this message in    #
# full and obtaining express written permission from Silvaco Inc.            #
#                                                                            #
# To obtain such permission please contact: Silvaco Inc.                     #
#                                           support@silvaco.com              #
#                                                                            #
# KEY=SVC86hn7562asdx                       PROD=345                         #
##############################################################################
o 1 Net gain, mode 1
o 2 Photon lifetime (s)
p 8 2211 87 2001 2201 3000 2214 3001 2212
d 1.413501e+00 8.771498e-01  1.026410e+01 0.000000e+00 -1.053605e+01 9.231936e+11 1.130237e-11 1.026410e+01 
d 1.415237e+00 8.760736e-01  1.026410e+01 0.000000e+00 -1.053605e+01 9.231936e+11 1.130237e-11 1.026410e+01 
d 1.416974e+00 8.750000e-01  1.026410e+01 0.000000e+00 -1.053605e+01 9.231936e+11 1.130237e-11 1.026410e+01 
d 1.418710e+00 8.739290e-01  1.026410e+01 0.000000e+00 -1.053605e+01 9.231936e+11 1.130237e-11 1.026410e+01 
d 1.420447e+00 8.728606e-01  1.026410e+01 0.000000e+00 -1.053605e+01 9.231936e+11 1.130237e-11 1.026410e+01 
d 1.422183e+00 8.717948e-01  1.026410e+01 0.000000e+00 -1.053605e+01 9.231936e+11 1.130237e-11 1.026410e+01 
d 1.423920e+00 8.707317e-01  5.779013e-01 -1.101923e+02 -1.207283e+02 5.858890e+11 1.130237e-11 5.779013e-01 
d 1.425656e+00 8.696711e-01  5.576518e-01 -1.683542e+02 -1.788902e+02 8.377265e+11 1.130237e-11 5.576518e-01 
d 1.427393e+00 8.686131e-01  5.286994e-01 -2.151042e+02 -2.256403e+02 1.001793e+12 1.130237e-11 5.286994e-01 
d 1.429129e+00 8.675577e-01  4.986563e-01 -2.568348e+02 -2.673709e+02 1.119613e+12 1.130237e-11 4.986563e-01 
d 1.430866e+00 8.665048e-01  4.692190e-01 -2.957351e+02 -3.062712e+02 1.206797e+12 1.130237e-11 4.692190e-01 
d 1.432602e+00 8.654545e-01  4.409526e-01 -3.328357e+02 -3.433717e+02 1.271478e+12 1.130237e-11 4.409526e-01 
d 1.434339e+00 8.644068e-01  4.140631e-01 -3.687011e+02 -3.792372e+02 1.318651e+12 1.130237e-11 4.140631e-01 
d 1.436075e+00 8.633615e-01  3.886122e-01 -4.036687e+02 -4.142047e+02 1.351711e+12 1.130237e-11 3.886122e-01 
d 1.437812e+00 8.623188e-01  3.645953e-01 -4.379503e+02 -4.484863e+02 1.373133e+12 1.130237e-11 3.645953e-01 
d 1.439548e+00 8.612786e-01  3.419749e-01 -4.716834e+02 -4.822195e+02 1.384814e+12 1.130237e-11 3.419749e-01 
d 1.441285e+00 8.602409e-01  3.206975e-01 -5.049582e+02 -5.154943e+02 1.388264e+12 1.130237e-11 3.206975e-01 
d 1.443021e+00 8.592057e-01  3.007015e-01 -5.378336e+02 -5.483696e+02 1.384718e+12 1.130237e-11 3.007015e-01 
d 1.444758e+00 8.581730e-01  2.819218e-01 -5.703472e+02 -5.808832e+02 1.375213e+12 1.130237e-11 2.819218e-01 
d 1.446494e+00 8.571428e-01  2.642931e-01 -6.025220e+02 -6.130581e+02 1.360630e+12 1.130237e-11 2.642931e-01 
d 1.448231e+00 8.561151e-01  2.477507e-01 -6.343709e+02 -6.449070e+02 1.341728e+12 1.130237e-11 2.477507e-01 
d 1.449967e+00 8.550898e-01  2.322320e-01 -6.658992e+02 -6.764352e+02 1.319170e+12 1.130237e-11 2.322320e-01 
d 1.451704e+00 8.540670e-01  2.176767e-01 -6.971073e+02 -7.076433e+02 1.293537e+12 1.130237e-11 2.176767e-01 
d 1.453440e+00 8.530466e-01  2.040274e-01 -7.279921e+02 -7.385282e+02 1.265342e+12 1.130237e-11 2.040274e-01 
d 1.455177e+00 8.520286e-01  1.912293e-01 -7.585484e+02 -7.690844e+02 1.235039e+12 1.130237e-11 1.912293e-01 
d 1.456913e+00 8.510131e-01  1.792305e-01 -7.887692e+02 -7.993053e+02 1.203032e+12 1.130237e-11 1.792305e-01 
d 1.458650e+00 8.500000e-01  1.679821e-01 -8.186473e+02 -8.291833e+02 1.169677e+12 1.130237e-11 1.679821e-01 
d 1.460386e+00 8.489893e-01  1.574378e-01 -8.481748e+02 -8.587108e+02 1.135294e+12 1.130237e-11 1.574378e-01 
d 1.462123e+00 8.479810e-01  1.475541e-01 -8.773442e+02 -8.878803e+02 1.100166e+12 1.130237e-11 1.475541e-01 
d 1.463859e+00 8.469751e-01  1.382899e-01 -9.061485e+02 -9.166845e+02 1.064542e+12 1.130237e-11 1.382899e-01 
d 1.465596e+00 8.459715e-01  1.296067e-01 -9.345811e+02 -9.451172e+02 1.028645e+12 1.130237e-11 1.296067e-01 
