v ATLAS
# This file was created by ATLAS version 5.26.1.R on Tue Apr 17 02:44:34 2018.
#SSF 2.0 generic
##############################################################################
#                    Copyright (c) 1984 - 2018                               #
#                    Silvaco Inc. All rights reserved                        #
#                                                                            #
# This file format and the following Key are copyright Silvaco Inc.          #
# You may not use, this format or key without reproducing this message in    #
# full and obtaining express written permission from Silvaco Inc.            #
#                                                                            #
# To obtain such permission please contact: Silvaco Inc.                     #
#                                           support@silvaco.com              #
#                                                                            #
# KEY=SVC86hn7562asdx                       PROD=345                         #
##############################################################################
o 1 Net gain, mode 1
o 2 Photon lifetime (s)
p 8 2211 87 2001 2201 3000 2214 3001 2212
d 1.413501e+00 8.771498e-01  3.391836e+02 0.000000e+00 -1.053605e+01 2.981177e+13 1.130237e-11 3.391836e+02 
d 1.415237e+00 8.760736e-01  3.391836e+02 0.000000e+00 -1.053605e+01 2.981177e+13 1.130237e-11 3.391836e+02 
d 1.416974e+00 8.750000e-01  3.391836e+02 0.000000e+00 -1.053605e+01 2.981177e+13 1.130237e-11 3.391836e+02 
d 1.418710e+00 8.739290e-01  3.391836e+02 0.000000e+00 -1.053605e+01 2.981177e+13 1.130237e-11 3.391836e+02 
d 1.420447e+00 8.728606e-01  3.391836e+02 0.000000e+00 -1.053605e+01 2.981177e+13 1.130237e-11 3.391836e+02 
d 1.422183e+00 8.717948e-01  3.391836e+02 0.000000e+00 -1.053605e+01 2.981177e+13 1.130237e-11 3.391836e+02 
d 1.423920e+00 8.707317e-01  6.333945e+02 8.516305e+00 -2.019747e+00 6.585183e+12 1.130237e-11 6.333945e+02 
d 1.425656e+00 8.696711e-01  2.514346e+05 1.110886e+01 5.728057e-01 9.708348e+12 1.130237e-11 2.514346e+05 
d 1.427393e+00 8.686131e-01  2.251381e+07 1.180867e+01 1.272615e+00 1.197777e+13 1.130237e-11 2.251381e+07 
d 1.429129e+00 8.675577e-01  2.297440e+08 1.129696e+01 7.609068e-01 1.381893e+13 1.130237e-11 2.297440e+08 
d 1.430866e+00 8.665048e-01  1.730910e+08 9.822253e+00 -7.137984e-01 1.538480e+13 1.130237e-11 1.730910e+08 
d 1.432602e+00 8.654545e-01  5.899950e+06 7.504366e+00 -3.031685e+00 1.675131e+13 1.130237e-11 5.899950e+06 
d 1.434339e+00 8.644068e-01  3.447841e+04 4.407664e+00 -6.128388e+00 1.796269e+13 1.130237e-11 3.447841e+04 
d 1.436075e+00 8.633615e-01  3.364671e+02 5.676252e-01 -9.968426e+00 1.904728e+13 1.130237e-11 3.364671e+02 
d 1.437812e+00 8.623188e-01  1.782377e+02 -3.997217e+00 -1.453327e+01 2.002452e+13 1.130237e-11 1.782377e+02 
d 1.439548e+00 8.612786e-01  1.315244e+02 -9.279100e+00 -1.981515e+01 2.090834e+13 1.130237e-11 1.315244e+02 
d 1.441285e+00 8.602409e-01  1.028977e+02 -1.527750e+01 -2.581355e+01 2.170911e+13 1.130237e-11 1.028977e+02 
d 1.443021e+00 8.592057e-01  8.352426e+01 -2.199693e+01 -3.253298e+01 2.243476e+13 1.130237e-11 8.352426e+01 
d 1.444758e+00 8.581730e-01  6.954746e+01 -2.944550e+01 -3.998155e+01 2.309150e+13 1.130237e-11 6.954746e+01 
d 1.446494e+00 8.571428e-01  5.900027e+01 -3.763387e+01 -4.816992e+01 2.368424e+13 1.130237e-11 5.900027e+01 
d 1.448231e+00 8.561151e-01  5.077191e+01 -4.657451e+01 -5.711056e+01 2.421698e+13 1.130237e-11 5.077191e+01 
d 1.449967e+00 8.550898e-01  4.418629e+01 -5.628106e+01 -6.681712e+01 2.469298e+13 1.130237e-11 4.418629e+01 
d 1.451704e+00 8.540670e-01  3.880754e+01 -6.676787e+01 -7.730392e+01 2.511498e+13 1.130237e-11 3.880754e+01 
d 1.453440e+00 8.530466e-01  3.434159e+01 -7.804953e+01 -8.858558e+01 2.548525e+13 1.130237e-11 3.434159e+01 
d 1.455177e+00 8.520286e-01  3.058259e+01 -9.014050e+01 -1.006766e+02 2.580575e+13 1.130237e-11 3.058259e+01 
d 1.456913e+00 8.510131e-01  2.738208e+01 -1.030548e+02 -1.135908e+02 2.607818e+13 1.130237e-11 2.738208e+01 
d 1.458650e+00 8.500000e-01  2.463022e+01 -1.168056e+02 -1.273416e+02 2.630402e+13 1.130237e-11 2.463022e+01 
d 1.460386e+00 8.489893e-01  2.224401e+01 -1.314049e+02 -1.419410e+02 2.648463e+13 1.130237e-11 2.224401e+01 
d 1.462123e+00 8.479810e-01  2.015956e+01 -1.468635e+02 -1.573995e+02 2.662122e+13 1.130237e-11 2.015956e+01 
d 1.463859e+00 8.469751e-01  1.832691e+01 -1.631902e+02 -1.737262e+02 2.671494e+13 1.130237e-11 1.832691e+01 
d 1.465596e+00 8.459715e-01  1.670640e+01 -1.803919e+02 -1.909280e+02 2.676688e+13 1.130237e-11 1.670640e+01 
