v ATLAS
# This file was created by ATLAS version 5.26.1.R on Tue Apr 17 02:45:37 2018.
#SSF 2.0 generic
##############################################################################
#                    Copyright (c) 1984 - 2018                               #
#                    Silvaco Inc. All rights reserved                        #
#                                                                            #
# This file format and the following Key are copyright Silvaco Inc.          #
# You may not use, this format or key without reproducing this message in    #
# full and obtaining express written permission from Silvaco Inc.            #
#                                                                            #
# To obtain such permission please contact: Silvaco Inc.                     #
#                                           support@silvaco.com              #
#                                                                            #
# KEY=SVC86hn7562asdx                       PROD=345                         #
##############################################################################
o 1 Net gain, mode 1
o 2 Photon lifetime (s)
p 8 2211 87 2001 2201 3000 2214 3001 2212
d 1.413501e+00 8.771498e-01  3.691999e+02 0.000000e+00 -1.053605e+01 3.254841e+13 1.130237e-11 3.691999e+02 
d 1.415237e+00 8.760736e-01  3.691999e+02 0.000000e+00 -1.053605e+01 3.254841e+13 1.130237e-11 3.691999e+02 
d 1.416974e+00 8.750000e-01  3.691999e+02 0.000000e+00 -1.053605e+01 3.254841e+13 1.130237e-11 3.691999e+02 
d 1.418710e+00 8.739290e-01  3.691999e+02 0.000000e+00 -1.053605e+01 3.254841e+13 1.130237e-11 3.691999e+02 
d 1.420447e+00 8.728606e-01  3.691999e+02 0.000000e+00 -1.053605e+01 3.254841e+13 1.130237e-11 3.691999e+02 
d 1.422183e+00 8.717948e-01  3.691999e+02 0.000000e+00 -1.053605e+01 3.254841e+13 1.130237e-11 3.691999e+02 
d 1.423920e+00 8.707317e-01  4.117352e+02 8.224860e+00 -2.311192e+00 6.851930e+12 1.130237e-11 4.117352e+02 
d 1.425656e+00 8.696711e-01  1.111050e+06 1.066361e+01 1.275603e-01 1.010517e+13 1.130237e-11 1.111050e+06 
d 1.427393e+00 8.686131e-01  4.447155e+08 1.123904e+01 7.029845e-01 1.247217e+13 1.130237e-11 4.447155e+08 
d 1.429129e+00 8.675577e-01  1.850235e+09 1.061503e+01 7.897609e-02 1.439523e+13 1.130237e-11 1.850235e+09 
d 1.430866e+00 8.665048e-01  9.886501e+07 9.033983e+00 -1.502069e+00 1.603335e+13 1.130237e-11 9.886501e+07 
d 1.432602e+00 8.654545e-01  6.604416e+04 6.612698e+00 -3.923353e+00 1.746546e+13 1.130237e-11 6.604416e+04 
d 1.434339e+00 8.644068e-01  3.507156e+02 3.413788e+00 -7.122264e+00 1.873750e+13 1.130237e-11 3.507156e+02 
d 1.436075e+00 8.633615e-01  2.265329e+02 -5.283954e-01 -1.106445e+01 1.987896e+13 1.130237e-11 2.265329e+02 
d 1.437812e+00 8.623188e-01  1.639252e+02 -5.196088e+00 -1.573214e+01 2.091002e+13 1.130237e-11 1.639252e+02 
d 1.439548e+00 8.612786e-01  1.260294e+02 -1.058207e+01 -2.111812e+01 2.184517e+13 1.130237e-11 1.260294e+02 
d 1.441285e+00 8.602409e-01  1.008335e+02 -1.668622e+01 -2.722227e+01 2.269520e+13 1.130237e-11 1.008335e+02 
d 1.443021e+00 8.592057e-01  8.297883e+01 -2.351333e+01 -3.404938e+01 2.346835e+13 1.130237e-11 8.297883e+01 
d 1.444758e+00 8.581730e-01  6.972796e+01 -3.107170e+01 -4.160775e+01 2.417107e+13 1.130237e-11 6.972796e+01 
d 1.446494e+00 8.571428e-01  5.954311e+01 -3.937213e+01 -4.990819e+01 2.480846e+13 1.130237e-11 5.954311e+01 
d 1.448231e+00 8.561151e-01  5.149720e+01 -4.842715e+01 -5.896320e+01 2.538469e+13 1.130237e-11 5.149720e+01 
d 1.449967e+00 8.550898e-01  4.499966e+01 -5.825040e+01 -6.878645e+01 2.590312e+13 1.130237e-11 4.499966e+01 
d 1.451704e+00 8.540670e-01  3.965720e+01 -6.885618e+01 -7.939224e+01 2.636657e+13 1.130237e-11 3.965720e+01 
d 1.453440e+00 8.530466e-01  3.519822e+01 -8.025900e+01 -9.079505e+01 2.677741e+13 1.130237e-11 3.519822e+01 
d 1.455177e+00 8.520286e-01  3.142933e+01 -9.247317e+01 -1.030092e+02 2.713762e+13 1.130237e-11 3.142933e+01 
d 1.456913e+00 8.510131e-01  2.820923e+01 -1.055125e+02 -1.160485e+02 2.744895e+13 1.130237e-11 2.820923e+01 
d 1.458650e+00 8.500000e-01  2.543236e+01 -1.193899e+02 -1.299260e+02 2.771289e+13 1.130237e-11 2.543236e+01 
d 1.460386e+00 8.489893e-01  2.301829e+01 -1.341172e+02 -1.446533e+02 2.793080e+13 1.130237e-11 2.301829e+01 
d 1.462123e+00 8.479810e-01  2.090474e+01 -1.497048e+02 -1.602408e+02 2.810387e+13 1.130237e-11 2.090474e+01 
d 1.463859e+00 8.469751e-01  1.904274e+01 -1.661610e+02 -1.766971e+02 2.823323e+13 1.130237e-11 1.904274e+01 
d 1.465596e+00 8.459715e-01  1.739324e+01 -1.834926e+02 -1.940286e+02 2.831993e+13 1.130237e-11 1.739324e+01 
