v ATLAS
# This file was created by ATLAS version 5.26.1.R on Tue Apr 17 02:42:56 2018.
#SSF 2.0 generic
##############################################################################
#                    Copyright (c) 1984 - 2018                               #
#                    Silvaco Inc. All rights reserved                        #
#                                                                            #
# This file format and the following Key are copyright Silvaco Inc.          #
# You may not use, this format or key without reproducing this message in    #
# full and obtaining express written permission from Silvaco Inc.            #
#                                                                            #
# To obtain such permission please contact: Silvaco Inc.                     #
#                                           support@silvaco.com              #
#                                                                            #
# KEY=SVC86hn7562asdx                       PROD=345                         #
##############################################################################
o 1 Net gain, mode 1
o 2 Photon lifetime (s)
p 8 2211 87 2001 2201 3000 2214 3001 2212
d 1.413501e+00 8.771498e-01  8.410884e+01 0.000000e+00 -1.053605e+01 7.603775e+12 1.130237e-11 8.410884e+01 
d 1.415237e+00 8.760736e-01  8.410884e+01 0.000000e+00 -1.053605e+01 7.603775e+12 1.130237e-11 8.410884e+01 
d 1.416974e+00 8.750000e-01  8.410884e+01 0.000000e+00 -1.053605e+01 7.603775e+12 1.130237e-11 8.410884e+01 
d 1.418710e+00 8.739290e-01  8.410884e+01 0.000000e+00 -1.053605e+01 7.603775e+12 1.130237e-11 8.410884e+01 
d 1.420447e+00 8.728606e-01  8.410884e+01 0.000000e+00 -1.053605e+01 7.603775e+12 1.130237e-11 8.410884e+01 
d 1.422183e+00 8.717948e-01  8.410884e+01 0.000000e+00 -1.053605e+01 7.603775e+12 1.130237e-11 8.410884e+01 
d 1.423920e+00 8.707317e-01  8.156775e+00 -3.160310e+01 -4.213915e+01 2.886645e+12 1.130237e-11 8.156775e+00 
d 1.425656e+00 8.696711e-01  8.248639e+00 -5.029934e+01 -6.083540e+01 4.214011e+12 1.130237e-11 8.248639e+00 
d 1.427393e+00 8.686131e-01  7.918521e+00 -6.685318e+01 -7.738923e+01 5.146098e+12 1.130237e-11 7.918521e+00 
d 1.429129e+00 8.675577e-01  7.484433e+00 -8.292740e+01 -9.346346e+01 5.874265e+12 1.130237e-11 7.484433e+00 
d 1.430866e+00 8.665048e-01  7.026290e+00 -9.908456e+01 -1.096206e+02 6.468013e+12 1.130237e-11 7.026290e+00 
d 1.432602e+00 8.654545e-01  6.573385e+00 -1.155907e+02 -1.261268e+02 6.962239e+12 1.130237e-11 6.573385e+00 
d 1.434339e+00 8.644068e-01  6.138008e+00 -1.325943e+02 -1.431303e+02 7.377540e+12 1.130237e-11 6.138008e+00 
d 1.436075e+00 8.633615e-01  5.725370e+00 -1.501860e+02 -1.607221e+02 7.727368e+12 1.130237e-11 5.725370e+00 
d 1.437812e+00 8.623188e-01  5.337360e+00 -1.684246e+02 -1.789606e+02 8.021148e+12 1.130237e-11 5.337360e+00 
d 1.439548e+00 8.612786e-01  4.974202e+00 -1.873483e+02 -1.978844e+02 8.265847e+12 1.130237e-11 4.974202e+00 
d 1.441285e+00 8.602409e-01  4.635262e+00 -2.069817e+02 -2.175178e+02 8.466843e+12 1.130237e-11 4.635262e+00 
d 1.443021e+00 8.592057e-01  4.319469e+00 -2.273391e+02 -2.378751e+02 8.628434e+12 1.130237e-11 4.319469e+00 
d 1.444758e+00 8.581730e-01  4.025548e+00 -2.484267e+02 -2.589628e+02 8.754167e+12 1.130237e-11 4.025548e+00 
d 1.446494e+00 8.571428e-01  3.752143e+00 -2.702442e+02 -2.807803e+02 8.847050e+12 1.130237e-11 3.752143e+00 
d 1.448231e+00 8.561151e-01  3.497899e+00 -2.927853e+02 -3.033213e+02 8.909692e+12 1.130237e-11 3.497899e+00 
d 1.449967e+00 8.550898e-01  3.261495e+00 -3.160385e+02 -3.265746e+02 8.944408e+12 1.130237e-11 3.261495e+00 
d 1.451704e+00 8.540670e-01  3.041672e+00 -3.399879e+02 -3.505239e+02 8.953287e+12 1.130237e-11 3.041672e+00 
d 1.453440e+00 8.530466e-01  2.837240e+00 -3.646131e+02 -3.751491e+02 8.938250e+12 1.130237e-11 2.837240e+00 
d 1.455177e+00 8.520286e-01  2.647086e+00 -3.898898e+02 -4.004258e+02 8.901078e+12 1.130237e-11 2.647086e+00 
d 1.456913e+00 8.510131e-01  2.470174e+00 -4.157900e+02 -4.263260e+02 8.843452e+12 1.130237e-11 2.470174e+00 
d 1.458650e+00 8.500000e-01  2.305539e+00 -4.422825e+02 -4.528185e+02 8.766963e+12 1.130237e-11 2.305539e+00 
d 1.460386e+00 8.489893e-01  2.152289e+00 -4.693330e+02 -4.798690e+02 8.673130e+12 1.130237e-11 2.152289e+00 
d 1.462123e+00 8.479810e-01  2.009599e+00 -4.969044e+02 -5.074405e+02 8.563416e+12 1.130237e-11 2.009599e+00 
d 1.463859e+00 8.469751e-01  1.876704e+00 -5.249575e+02 -5.354935e+02 8.439225e+12 1.130237e-11 1.876704e+00 
d 1.465596e+00 8.459715e-01  1.752899e+00 -5.534508e+02 -5.639868e+02 8.301915e+12 1.130237e-11 1.752899e+00 
