v ATLAS
# This file was created by ATLAS version 5.26.1.R on Tue Apr 17 02:42:09 2018.
#SSF 2.0 generic
##############################################################################
#                    Copyright (c) 1984 - 2018                               #
#                    Silvaco Inc. All rights reserved                        #
#                                                                            #
# This file format and the following Key are copyright Silvaco Inc.          #
# You may not use, this format or key without reproducing this message in    #
# full and obtaining express written permission from Silvaco Inc.            #
#                                                                            #
# To obtain such permission please contact: Silvaco Inc.                     #
#                                           support@silvaco.com              #
#                                                                            #
# KEY=SVC86hn7562asdx                       PROD=345                         #
##############################################################################
o 1 Net gain, mode 1
o 2 Photon lifetime (s)
p 8 2211 87 2001 2201 3000 2214 3001 2212
d 1.413501e+00 8.771498e-01  6.259651e-01 0.000000e+00 -1.053605e+01 5.450875e+10 1.130237e-11 6.259651e-01 
d 1.415237e+00 8.760736e-01  6.259651e-01 0.000000e+00 -1.053605e+01 5.450875e+10 1.130237e-11 6.259651e-01 
d 1.416974e+00 8.750000e-01  6.259651e-01 0.000000e+00 -1.053605e+01 5.450875e+10 1.130237e-11 6.259651e-01 
d 1.418710e+00 8.739290e-01  6.259651e-01 0.000000e+00 -1.053605e+01 5.450875e+10 1.130237e-11 6.259651e-01 
d 1.420447e+00 8.728606e-01  6.259651e-01 0.000000e+00 -1.053605e+01 5.450875e+10 1.130237e-11 6.259651e-01 
d 1.422183e+00 8.717948e-01  6.259651e-01 0.000000e+00 -1.053605e+01 5.450875e+10 1.130237e-11 6.259651e-01 
d 1.423920e+00 8.707317e-01  2.892323e-02 -1.729033e+02 -1.834393e+02 4.455451e+10 1.130237e-11 2.892323e-02 
d 1.425656e+00 8.696711e-01  2.763792e-02 -2.592693e+02 -2.698054e+02 6.261932e+10 1.130237e-11 2.763792e-02 
d 1.427393e+00 8.686131e-01  2.611156e-02 -3.253049e+02 -3.358409e+02 7.364086e+10 1.130237e-11 2.611156e-02 
d 1.429129e+00 8.675577e-01  2.458791e-02 -3.816366e+02 -3.921726e+02 8.097508e+10 1.130237e-11 2.458791e-02 
d 1.430866e+00 8.665048e-01  2.311847e-02 -4.320098e+02 -4.425459e+02 8.591516e+10 1.130237e-11 2.311847e-02 
d 1.432602e+00 8.654545e-01  2.171882e-02 -4.782501e+02 -4.887862e+02 8.914718e+10 1.130237e-11 2.171882e-02 
d 1.434339e+00 8.644068e-01  2.039338e-02 -5.214024e+02 -5.319385e+02 9.109681e+10 1.130237e-11 2.039338e-02 
d 1.436075e+00 8.633615e-01  1.914218e-02 -5.621270e+02 -5.726631e+02 9.205410e+10 1.130237e-11 1.914218e-02 
d 1.437812e+00 8.623188e-01  1.796331e-02 -6.008702e+02 -6.114063e+02 9.222927e+10 1.130237e-11 1.796331e-02 
d 1.439548e+00 8.612786e-01  1.685394e-02 -6.379492e+02 -6.484852e+02 9.178128e+10 1.130237e-11 1.685394e-02 
d 1.441285e+00 8.602409e-01  1.581086e-02 -6.735978e+02 -6.841339e+02 9.083415e+10 1.130237e-11 1.581086e-02 
d 1.443021e+00 8.592057e-01  1.483069e-02 -7.079945e+02 -7.185305e+02 8.948680e+10 1.130237e-11 1.483069e-02 
d 1.444758e+00 8.581730e-01  1.391003e-02 -7.412782e+02 -7.518142e+02 8.781952e+10 1.130237e-11 1.391003e-02 
d 1.446494e+00 8.571428e-01  1.304556e-02 -7.735600e+02 -7.840960e+02 8.589828e+10 1.130237e-11 1.304556e-02 
d 1.448231e+00 8.561151e-01  1.223406e-02 -8.049302e+02 -8.154662e+02 8.377783e+10 1.130237e-11 1.223406e-02 
d 1.449967e+00 8.550898e-01  1.147244e-02 -8.354634e+02 -8.459994e+02 8.150390e+10 1.130237e-11 1.147244e-02 
d 1.451704e+00 8.540670e-01  1.075775e-02 -8.652223e+02 -8.757583e+02 7.911490e+10 1.130237e-11 1.075775e-02 
d 1.453440e+00 8.530466e-01  1.008719e-02 -8.942602e+02 -9.047962e+02 7.664318e+10 1.130237e-11 1.008719e-02 
d 1.455177e+00 8.520286e-01  9.458104e-03 -9.226229e+02 -9.331590e+02 7.411604e+10 1.130237e-11 9.458104e-03 
d 1.456913e+00 8.510131e-01  8.867980e-03 -9.503506e+02 -9.608867e+02 7.155655e+10 1.130237e-11 8.867980e-03 
d 1.458650e+00 8.500000e-01  8.314451e-03 -9.774784e+02 -9.880144e+02 6.898415e+10 1.130237e-11 8.314451e-03 
d 1.460386e+00 8.489893e-01  7.795281e-03 -1.004038e+03 -1.014574e+03 6.641525e+10 1.130237e-11 7.795281e-03 
d 1.462123e+00 8.479810e-01  7.308368e-03 -1.030056e+03 -1.040592e+03 6.386361e+10 1.130237e-11 7.308368e-03 
d 1.463859e+00 8.469751e-01  6.851730e-03 -1.055560e+03 -1.066096e+03 6.134072e+10 1.130237e-11 6.851730e-03 
d 1.465596e+00 8.459715e-01  6.423504e-03 -1.080571e+03 -1.091107e+03 5.885614e+10 1.130237e-11 6.423504e-03 
