v ATLAS
# This file was created by ATLAS version 5.26.1.R on Tue Apr 17 04:38:48 2018.
#SSF 2.0 generic
##############################################################################
#                    Copyright (c) 1984 - 2018                               #
#                    Silvaco Inc. All rights reserved                        #
#                                                                            #
# This file format and the following Key are copyright Silvaco Inc.          #
# You may not use, this format or key without reproducing this message in    #
# full and obtaining express written permission from Silvaco Inc.            #
#                                                                            #
# To obtain such permission please contact: Silvaco Inc.                     #
#                                           support@silvaco.com              #
#                                                                            #
# KEY=SVC86hn7562asdx                       PROD=345                         #
##############################################################################
o 1 Mode number 
o 2 Modal Loss (1/cm) 
o 3 Modal Rsp (1/cm s) 
o 4 Lifetime (s) 
p 13  3000  210  309  349  3001  3002  3003  1037001  1037002  1037003  1037004  1037005  2212 
d 1  1.46 0.849213794 0 0 0 0  0  0  0  0  0   0  
d 1  1.46 0.849213794 30221.8047 30221.8047 1.65354887e+14 6.58142246e-11  77449194.2  0  0  0  0   77449194.2  
d 1  1.46 0.849213794 0 0 0 0  0  0  0  0  0   0  
d 2  1.46 0.849213794 0 0 0 0  0  0  0  0  0   0  
d 2  1.46 0.849213794 227.793878 30975.4953 1.193051e+14 6.58142246e-11  0  0.000656751589  0  0  0   0.000656751589  
d 2  1.46 0.849213794 0 0 0 0  0  0  0  0  0   0  
d 3  1.46 0.849213794 0 0 0 0  0  0  0  0  0   0  
d 3  1.46 0.849213794 7177.13549 7250.5731 3.27591895e+13 6.58142246e-11  0  0  23.9056571  0  0   23.9056571  
d 3  1.46 0.849213794 0 0 0 0  0  0  0  0  0   0  
d 4  1.46 0.849213794 0 0 0 0  0  0  0  0  0   0  
d 4  1.46 0.849213794 6485.49288 6485.4934 2.60360934e+12 6.58142246e-11  0  0  0  0  3296505.97   3296505.97  
d 4  1.46 0.849213794 0 0 0 0  0  0  0  0  0   0  
d 5  1.46 0.849213794 0 0 0 0  0  0  0  0  0   0  
d 5  1.46 0.849213794 7903.83018 8209.68692 4.67011739e+13 6.58142246e-11  0  0  0  5.31881252  0   5.31881252  
d 5  1.46 0.849213794 0 0 0 0  0  0  0  0  0   0  
