v ATLAS
# This file was created by ATLAS version 5.26.1.R on Tue Apr 17 04:32:42 2018.
#SSF 2.0 generic
##############################################################################
#                    Copyright (c) 1984 - 2018                               #
#                    Silvaco Inc. All rights reserved                        #
#                                                                            #
# This file format and the following Key are copyright Silvaco Inc.          #
# You may not use, this format or key without reproducing this message in    #
# full and obtaining express written permission from Silvaco Inc.            #
#                                                                            #
# To obtain such permission please contact: Silvaco Inc.                     #
#                                           support@silvaco.com              #
#                                                                            #
# KEY=SVC86hn7562asdx                       PROD=345                         #
##############################################################################
y 1 15
z 300
f 2 "anode" "cathode" 
o 1 Total loss, mode 1 
o 2 Total loss, mode 2 
o 3 Total loss, mode 3 
o 4 Total loss, mode 4 
o 5 Total loss, mode 5 
o 6 Eff. refractive index, mode 1 
o 7 Eff. refractive index, mode 2 
o 8 Eff. refractive index, mode 3 
o 9 Eff. refractive index, mode 4 
o 10 Eff. refractive index, mode 5 
o 11 Eff. absorption , mode 1 (1/cm)
o 12 Eff. absorption , mode 2 (1/cm)
o 13 Eff. absorption , mode 3 (1/cm)
o 14 Eff. absorption , mode 4 (1/cm)
o 15 Eff. absorption , mode 5 (1/cm)
p 42 2 601 20 3 602 21 87 1037001 1037002 1037003 1037004 1037005 1038001 1038002 1038003 1038004 1038005 1039001 1039002 1039003 1039004 1039005 3000 3001 3002 3003 3004 3005 3006 3007 3008 3009 3010 3011 3012 3013 3014 1042000 1043000 1044000 2212 342 
d 0.000000000e+00 0.000000000e+00 -9.922023011e-16 0.000000000e+00 0.000000000e+00 3.373487824e-15  0 0 0 0 0 0 0 0 0 0 0 0 0 0 0 0 0 0 0 0 0 0.0 0.0 0.0 0.0 0.0 0.0 0.0 0.0 0.0 0.0 90 90 3.51201719 0 0
d 1.000000000e-02 1.000000000e-02 -1.062240111e-15 0.000000000e+00 0.000000000e+00 1.815146563e-15  0 0 0 0 0 0 0 0 0 0 0 0 0 0 0 0 0 0 0 0 0 0.0 0.0 0.0 0.0 0.0 0.0 0.0 0.0 0.0 0.0 90 90 3.51201719 0 0
d 5.000000000e-02 5.000000000e-02 -1.097259015e-15 0.000000000e+00 0.000000000e+00 1.815146563e-15  0 0 0 0 0 0 0 0 0 0 0 0 0 0 0 0 0 0 0 0 0 0.0 0.0 0.0 0.0 0.0 0.0 0.0 0.0 0.0 0.0 90 90 3.51201719 0 0
d 1.000000000e-01 1.000000000e-01 -1.085586047e-15 0.000000000e+00 0.000000000e+00 -3.490217506e-15  0 0 0 0 0 0 0 0 0 0 0 0 0 0 0 0 0 0 0 0 0 0.0 0.0 0.0 0.0 0.0 0.0 0.0 0.0 0.0 0.0 90 90 3.51201719 0 0
d 2.000000000e-01 2.000000000e-01 6.034924584e-15 0.000000000e+00 0.000000000e+00 -8.964839614e-15  0 0 0 0 0 0 0 0 0 0 0 0 0 0 0 0 0 0 0 0 0 0.0 0.0 0.0 0.0 0.0 0.0 0.0 0.0 0.0 0.0 90 90 3.51201719 0 0
d 3.000000000e-01 3.000000000e-01 4.851285604e-14 0.000000000e+00 0.000000000e+00 -4.858289385e-14  0 0 0 0 0 0 0 0 0 0 0 0 0 0 0 0 0 0 0 0 0 0.0 0.0 0.0 0.0 0.0 0.0 0.0 0.0 0.0 0.0 90 90 3.51201719 0 0
d 4.000000000e-01 4.000000000e-01 3.711887173e-13 0.000000000e+00 0.000000000e+00 -3.690875830e-13  0 0 0 0 0 0 0 0 0 0 0 0 0 0 0 0 0 0 0 0 0 0.0 0.0 0.0 0.0 0.0 0.0 0.0 0.0 0.0 0.0 90 90 3.51201719 0 0
d 5.000000000e-01 5.000000000e-01 2.770380574e-12 0.000000000e+00 0.000000000e+00 -2.772481707e-12  0 0 0 0 0 0 0 0 0 0 0 0 0 0 0 0 0 0 0 0 0 0.0 0.0 0.0 0.0 0.0 0.0 0.0 0.0 0.0 0.0 90 90 3.51201719 0 0
d 6.000000000e-01 6.000000000e-01 2.081307750e-11 0.000000000e+00 0.000000000e+00 -2.081293157e-11  0 0 0 0 0 0 0 0 0 0 0 0 0 0 0 0 0 0 0 0 0 0.0 0.0 0.0 0.0 0.0 0.0 0.0 0.0 0.0 0.0 90 90 3.51201719 0 0
d 7.000000000e-01 7.000000000e-01 1.577062610e-10 0.000000000e+00 0.000000000e+00 -1.577093651e-10  0 0 0 0 0 0 0 0 0 0 0 0 0 0 0 0 0 0 0 0 0 0.0 0.0 0.0 0.0 0.0 0.0 0.0 0.0 0.0 0.0 90 90 3.51201719 0 0
d 8.000000000e-01 8.000000000e-01 1.205399665e-09 0.000000000e+00 0.000000000e+00 -1.205400160e-09  0 0 0 0 0 0 0 0 0 0 0 0 0 0 0 0 0 0 0 0 0 0.0 0.0 0.0 0.0 0.0 0.0 0.0 0.0 0.0 0.0 90 90 3.51201719 0 0
d 9.000000000e-01 9.000000000e-01 9.301077598e-09 0.000000000e+00 0.000000000e+00 -9.301077599e-09  0 0 0 0 0 0 0 0 0 0 0 0 0 0 0 0 0 0 0 0 0 0.0 0.0 0.0 0.0 0.0 0.0 0.0 0.0 0.0 0.0 90 90 3.51201719 0 0
d 1.000000000e+00 1.000000000e+00 7.292002153e-08 0.000000000e+00 0.000000000e+00 -7.292002201e-08  0 0 0 0 0 0 0 0 0 0 0 0 0 0 0 0 0 0 0 0 0 0.0 0.0 0.0 0.0 0.0 0.0 0.0 0.0 0.0 0.0 90 90 3.51201719 0 0
d 1.050000000e+00 1.050000000e+00 2.072470630e-07 0.000000000e+00 0.000000000e+00 -2.072470632e-07  0 0 0 0 0 0 0 0 0 0 0 0 0 0 0 0 0 0 0 0 0 0.0 0.0 0.0 0.0 0.0 0.0 0.0 0.0 0.0 0.0 90 90 3.51201719 0 0
d 1.100000000e+00 1.100000000e+00 6.040459176e-07 0.000000000e+00 0.000000000e+00 -6.040459179e-07  0 0 0 0 0 0 0 0 0 0 0 0 0 0 0 0 0 0 0 0 0 0.0 0.0 0.0 0.0 0.0 0.0 0.0 0.0 0.0 0.0 90 90 3.51201719 0 0
d 1.150000000e+00 1.150000000e+00 1.853914814e-06 0.000000000e+00 0.000000000e+00 -1.853914814e-06  0 0 0 0 0 0 0 0 0 0 0 0 0 0 0 0 0 0 0 0 0 0.0 0.0 0.0 0.0 0.0 0.0 0.0 0.0 0.0 0.0 90 90 3.51201719 0 0
d 1.200000000e+00 1.200000000e+00 6.243231212e-06 0.000000000e+00 0.000000000e+00 -6.243231212e-06  0 0 0 0 0 0 0 0 0 0 0 0 0 0 0 0 0 0 0 0 0 0.0 0.0 0.0 0.0 0.0 0.0 0.0 0.0 0.0 0.0 90 90 3.51201719 0 0
d 1.250000000e+00 1.250000000e+00 2.393299808e-05 0.000000000e+00 0.000000000e+00 -2.393299808e-05  0 0 0 0 0 0 0 0 0 0 0 0 0 0 0 0 0 0 0 0 0 0.0 0.0 0.0 0.0 0.0 0.0 0.0 0.0 0.0 0.0 90 90 3.51201719 0 0
d 1.300000000e+00 1.300000000e+00 1.029464322e-04 0.000000000e+00 0.000000000e+00 -1.029464322e-04  0 0 0 0 0 0 0 0 0 0 0 0 0 0 0 0 0 0 0 0 0 0.0 0.0 0.0 0.0 0.0 0.0 0.0 0.0 0.0 0.0 90 90 3.51201719 0 0
d 1.350000000e+00 1.350000000e+00 4.509791291e-04 0.000000000e+00 0.000000000e+00 -4.509791291e-04  0 0 0 0 0 0 0 0 0 0 0 0 0 0 0 0 0 0 0 0 0 0.0 0.0 0.0 0.0 0.0 0.0 0.0 0.0 0.0 0.0 90 90 3.51201719 0 0
d 1.400000000e+00 1.400000000e+00 1.754780192e-03 0.000000000e+00 0.000000000e+00 -1.754780192e-03  0 0 0 0 0 0 0 0 0 0 0 0 0 0 0 0 0 0 0 0 0 0.0 0.0 0.0 0.0 0.0 0.0 0.0 0.0 0.0 0.0 90 90 3.51201719 0 0
d 1.450000000e+00 1.450000000e+00 5.341616538e-03 0.000000000e+00 0.000000000e+00 -5.341616538e-03  0.849213794 0.0244902754 0.000476027041 0.0615051102 0.0661581622 0.0502152419 2.60327814e-12 5.06009334e-14 6.53789746e-12 7.03250965e-12 5.33780203e-12 -17.3743171 -0.09541518 -12.1697287 -12.2704199 -12.4166638 8.407552 8.30718005 7.16781454 7.18684194 7.23431971 3.1563934992496 3.1528468221532 3.1461172958234 3.1456226673803 3.140306149928 21.942486213864 4.8097206794118 15.509286430729 15.657746790778 15.872858199152 90 90 3.51201719 0.202844817 2.15620882e-11
d 1.500000000e+00 1.500000000e+00 3.821170966e-02 0.000000000e+00 0.000000000e+00 -3.821170966e-02  0.849213794 77449194.2 0.000656751589 23.9056571 3296505.97 5.31881252 0.00825695758 7.00171263e-14 2.54861266e-09 0.000351444715 5.67045401e-10 8.71117035 0.0626341878 7.31998435 7.41792767 7.18258903 8.71117036 8.51701988 7.39488362 7.41792826 7.4605357 3.1556980527638 3.1528482643032 3.1456014046243 3.1451009690705 3.1397868057556 -3.4611644998881 4.8611046288908 -3.3135272812912 -3.3980590843107 -3.0172933104342 90 90 3.51201719 80745729.4 0.00860840541
d 1.525000000e+00 1.525000000e+00 7.459828677e-02 0.000000000e+00 0.000000000e+00 -7.459828677e-02  0.849213794 149840933 0.000661697284 14455504.6 27270676.5 10.378198 0.0159746173 7.05438803e-14 0.00154110862 0.00290734055 1.10642491e-09 8.71243127 0.0673568077 7.39554407 7.41724385 7.32036422 8.71243128 8.51751318 7.39554419 7.41724392 7.46246762 3.155697745187 3.1528481520594 3.145597354186 3.1450987257262 3.1397801860975 -3.4611983318732 4.8569073475313 -3.4946374418006 -3.5064645609775 -3.2892176580214 90 90 3.51201719 191567125 0.0204230676
d 1.550000000e+00 1.550000000e+00 1.125162303e-01 0.000000000e+00 0.000000000e+00 -1.125162303e-01  0.849213794 221926166 0.000663864697 84531758.2 44.9714281 16.3274149 0.023659543 7.07745988e-14 0.00901192864 4.79440283e-09 1.7406653e-09 8.71415637 0.0699944734 7.39543015 7.37334226 7.37338703 8.71415637 8.51848115 7.39543017 7.41632387 7.46353814 3.1556975635387 3.1528481086089 3.1455963088694 3.1450987624627 3.1397771493172 -3.4611928686834 4.8552502955747 -3.5508545636554 -3.5189154521679 -3.4201202058107 90 90 3.51201719 306457985 0.0326714781
d 1.600000000e+00 1.600000000e+00 1.908081474e-01 0.000000000e+00 0.000000000e+00 -1.908081474e-01  0.849213794 373337997 0.000666778957 161633809 14.1852918 8439021.8 0.0398012372 7.10847213e-14 0.017231639 1.51228155e-09 0.000899676731 8.71803919 0.0734298924 7.39566411 7.27911831 7.46600219 8.7180392 8.520551 7.39566412 7.41478261 7.46600236 3.155697252344 3.1528480752878 3.1455937582114 3.1450984639016 3.1397709603324 -3.4612137356378 4.8538948132511 -3.6869458013611 -3.5653273975577 -3.6872216827229 90 90 3.51201719 543410842 0.0579325545
d 1.700000000e+00 1.700000000e+00 3.538306879e-01 0.000000000e+00 0.000000000e+00 -3.538306879e-01  0.849213794 669327077 0.000669220481 257945534 7.85275814 111794665 0.0713557283 7.13443643e-14 0.0274990989 8.37168098e-10 0.0119182236 8.726013 0.0762611814 7.39679187 7.16981902 7.46847818 8.72601301 8.52549979 7.39679188 7.41367778 7.4684782 3.1556969530448 3.1528481374345 3.1455892955563 3.1450961753234 3.1397652210899 -3.4612745225031 4.8559952877181 -3.9189235692628 -3.7170655987198 -3.9304976798467 90 90 3.51201719 1.03906728e+09 0.110773052
d 1.800000000e+00 1.800000000e+00 5.249988642e-01 0.000000000e+00 0.000000000e+00 -5.249988642e-01  0.849213794 986642183 0.000673406054 354329239 5.96363074 212664815 0.105183432 7.17901193e-14 0.0377741456 6.35767617e-10 0.022671659 8.73432997 0.0777651381 7.3981925 7.0931928 7.47120579 8.73432997 8.5308255 7.3981925 7.41341417 7.4712058 3.1556967467463 3.1528482456668 3.1455861035284 3.1450945238451 3.1397611670795 -3.4613280588629 4.8597870164909 -4.082877136089 -3.8237896293705 -4.1006542714855 90 90 3.51201719 1.55363624e+09 0.165629238
d 1.900000000e+00 1.900000000e+00 7.043265738e-01 0.000000000e+00 0.000000000e+00 -7.043265738e-01  0.849213794 1.32729552e+09 0.000679335596 448565498 5.04339601 311746954 0.14149895 7.24219076e-14 0.0478202073 5.37661154e-10 0.0332343973 8.74271735 0.0787416809 7.3996458 7.03549227 7.4739472 8.74271735 8.53632568 7.3996458 7.41354872 7.4739472 3.1556965924256 3.1528483727713 3.1455836745622 3.1450932680802 3.1397581104688 -3.4613648161887 4.8642753385316 -4.2063759816619 -3.9033494680708 -4.2278414006684 90 90 3.51201719 2.08760798e+09 0.222553555
d 2.000000000e+00 2.000000000e+00 8.914963603e-01 0.000000000e+00 0.000000000e+00 -8.914963603e-01  0.849213794 1.69157111e+09 0.000686115183 540068980 4.49518761 408734761 0.180332607 7.31443917e-14 0.0575749057 4.79216568e-10 0.043573814 8.75097505 0.0794573166 7.40107924 6.99008959 7.47661473 8.75097505 8.54184125 7.40107924 7.4138982 7.47661474 3.1556964717402 3.1528485071813 3.1455817536635 3.145092281349 3.1397557116265 -3.4613924219484 4.8690378898915 -4.3031714885995 -3.9648517823981 -4.3269069257987 90 90 3.51201719 2.64037485e+09 0.281481327
d 2.100000000e+00 2.100000000e+00 1.085914725e+00 0.000000000e+00 0.000000000e+00 -1.085914725e+00  0.849213794 2.07847472e+09 0.000692941469 628878694 4.13047309 503162233 0.221578442 7.38719069e-14 0.0670424133 4.40334339e-10 0.05364025 8.7589884 0.0800298645 7.40246544 6.9533076 7.47917482 8.75898841 8.54727451 7.40246545 7.41437123 7.47917482 3.1556963745514 3.1528486430416 3.1455801951423 3.1450914889524 3.1397537783898 -3.4614140989738 4.8738608038393 -4.3810779875564 -4.0135591611047 -4.4062190319309 90 90 3.51201719 3.21051566e+09 0.342261106
d 2.200000000e+00 2.200000000e+00 1.286885704e+00 0.000000000e+00 0.000000000e+00 -1.286885704e+00  0.849213794 2.4863872e+09 0.000699410562 715232104 3.87031288 594688229 0.26506379 7.45613613e-14 0.0762480325 4.12598569e-10 0.0633973324 8.76670545 0.0805191411 7.40379504 6.9228864 7.48161755 8.76670545 8.55257388 7.40379504 7.41491748 7.48161755 3.1556962945551 3.1528487773314 3.1455789070855 3.1450908424753 3.1397521903939 -3.4614315916953 4.8786335249478 -4.4449975934652 -4.0528183173577 -4.4709913442322 90 90 3.51201719 3.79630753e+09 0.404709155
d 2.300000000e+00 2.300000000e+00 1.493717637e+00 0.000000000e+00 0.000000000e+00 -1.493717637e+00  0.849213794 2.91348146e+09 0.000705473202 799400326 3.67559481 683140060 0.31059392 7.52075103e-14 0.0852206833 3.91839596e-10 0.0728266687 8.77411377 0.0809581587 7.40506655 6.89733019 7.48394362 8.77411377 8.55771773 7.40506655 7.41550752 7.48394362 3.1556962275584 3.1528489085762 3.145577827289 3.145090308449 3.1397508666539 -3.4614459816258 4.8833018180071 -4.4982278305609 -4.0849020236022 -4.5247097448407 90 90 3.51201719 4.39602185e+09 0.468641272
d 2.400000000e+00 2.400000000e+00 1.705772287e+00 0.000000000e+00 0.000000000e+00 -1.705772287e+00  0.849213794 3.35794316e+09 0.000711251517 881632813 3.52462537 768483714 0.357975436 7.58233716e-14 0.0939869663 3.75744688e-10 0.0819246424 8.78122423 0.0813662619 7.40628199 6.87559443 7.48615839 8.78122423 8.5627028 7.40628199 7.41612343 7.48615839 3.1556961706473 3.1528490361736 3.1455769115377 3.1450898627216 3.1397497499019 -3.4614579923778 4.8878432562002 -4.5430976787871 -4.1114237543745 -4.5698228707815 90 90 3.51201719 5.00805969e+09 0.533887046
d 2.500000000e+00 2.500000000e+00 1.922481565e+00 0.000000000e+00 0.000000000e+00 -1.922481565e+00  0.849213794 3.81807157e+09 0.0007168888 962143558 3.40435835 850781952 0.407027042 7.64242165e-14 0.102569698 3.6292298e-10 0.0906979493 8.78806076 0.0817553537 7.40744485 6.85692027 7.48826919 8.78806076 8.56753674 7.40744485 7.41675405 7.48826919 3.1556961217308 3.1528491600205 3.1455761272818 3.1450894873424 3.1397487981825 -3.4614681363235 4.892253613492 -4.5813105156625 -4.1335649869091 -4.6081127831315 90 90 3.51201719 5.63099708e+09 0.60029469
d 2.600000000e+00 2.600000000e+00 2.143348690e+00 0.000000000e+00 0.000000000e+00 -2.143348690e+00  0.849213794 4.29231734e+09 0.000722487246 1.04111188e+09 3.30645772 930158749 0.457583579 7.70209361e-14 0.110987997 3.52485764e-10 0.0991598094 8.79465402 0.0821330742 7.40855914 6.84073961 7.49028413 8.79465402 8.57223337 7.40855914 7.41739225 7.49028413 3.1556960792686 3.1528492802973 3.1455754499271 3.1450891686808 3.1397479799414 -3.4614767916081 4.896539010704 -4.6141450979993 -4.1522108561883 -4.6409112963398 90 90 3.51201719 6.26358798e+09 0.667731385
d 2.700000000e+00 2.700000000e+00 2.367942716e+00 0.000000000e+00 0.000000000e+00 -2.367942716e+00  0.849213794 4.77928935e+09 0.000728108667 1.11868756e+09 3.2253409 1.00677317e+09 0.509496752 7.76201175e-14 0.11925783 3.43837879e-10 0.107327182 8.80103742 0.0825045088 7.40962892 6.82661699 7.49221148 8.80103742 8.57680962 7.40962892 7.41803349 7.49221149 3.1556960420971 3.1528493973384 3.145574860512 3.1450888962153 3.1397472709586 -3.4614842903827 4.9007112106497 -4.6425811072208 -4.1680363200691 -4.669234632314 90 90 3.51201719 6.90475009e+09 0.736081765
d 2.800000000e+00 2.800000000e+00 2.595890816e+00 0.000000000e+00 0.000000000e+00 -2.595890816e+00  0.849213794 5.27777408e+09 0.000733805925 1.19500233e+09 3.15712687 1.08080755e+09 0.562634301 7.82269907e-14 0.127392588 3.36563832e-10 0.115218914 8.80724464 0.0828731346 7.41065808 6.81421222 7.49405936 8.80724464 8.58128359 7.41065808 7.41867483 7.49405936 3.1556960093247 3.1528495115529 3.1455743441672 3.1450886617049 3.1397466523323 -3.4614907383369 4.904784717783 -4.6673820539279 -4.181564035352 -4.6938714846021 90 90 3.51201719 7.55358396e+09 0.805245804
d 2.900000000e+00 2.900000000e+00 2.826870321e+00 0.000000000e+00 0.000000000e+00 -2.826870321e+00  0.849213794 5.78665849e+09 0.000739683838 1.2701601e+09 3.09903276 1.15244182e+09 0.616878567 7.88529523e-14 0.135403626 3.30368016e-10 0.122854434 8.81330799 0.08324134 7.41165026 6.80325522 7.49583555 8.81330799 8.58567326 7.41165026 7.41931438 7.49583555 3.1556959802478 3.1528496233757 3.1455738890804 3.1450884586297 3.1397461091061 -3.46149636502 4.9087749984868 -4.6891509680915 -4.1932033895281 -4.7154427952995 90 90 3.51201719 8.20926041e+09 0.875136628
d 3.000000000e+00 3.000000000e+00 3.060601370e+00 0.000000000e+00 0.000000000e+00 -3.060601370e+00  0.849213794 6.30495047e+09 0.000746030196 1.34424958e+09 3.04901145 1.22185447e+09 0.672124905 7.95288523e-14 0.14330067 3.25032931e-10 0.130253017 8.81925751 0.0836106648 7.41260878 6.79352868 7.49754742 8.81925751 8.58999569 7.41260879 7.41995095 7.49754742 3.1556959543068 3.1528497332386 3.1455734857507 3.1450882817741 3.1397456293021 -3.4615013072521 4.9126974517144 -4.7083701467016 -4.2032787879903 -4.734443511481 90 90 3.51201719 8.87105453e+09 0.945678592
