v VICTORYDEVICE
# silvaco.file ASCII version=1.14.23 format=1 contents=SDB,Tables=1

Copyright "###################################################################"
Copyright "#                    Copyright Silvaco Inc. (c)                   #"
Copyright "#                            1992-2014                            #"
Copyright "#                                                                 #"
Copyright "# This file format and the following Key are copyright Silvaco    #"
Copyright "# International. You may not use, this format or key without      #"
Copyright "# reproducing this message in full and obtaining                  #"
Copyright "# express written permission from Silvaco Inc.                    #"
Copyright "#                                                                 #"
Copyright "# To obtain such permission please contact: Silvaco Inc.          #"
Copyright "#                                           support@silvaco.com   #"
Copyright "#                                                                 #"
Copyright "# KEY=SVC86hn7562asdx                       PROD=345              #"
Copyright "###################################################################"
#This file was created by VICTORYDEVICE version 1.12.1.R
#victoryd 1.12.1.R (Thu Apr 12 10:17:20 PDT 2018)
#libSDB 1.12.42 (Thu Oct 26 19:20:24 PDT 2017)
a VICTORYDEVICE
j 1 9
k 2
r 1 92
x 3 43 42 46
w anode 1 1
r 2 92
x 3 43 42 46
w cathode 1 2
y 1 15
z 300
p 18 2 601 20 3 602 21 91 4000 4010 4020 87 85 86 354 355 356 308 398
d 0 0 -1.1335243877223623e-08 0 0 1.1335243862740736e-08 1 0.55 1.7684073750009093e-08 1.229667865877416e-08 0.55 1.229667865877416e-08 1.7684073750009093e-08 0.1670841499195049 0.78840583082557569 0.044510019254919445 0 0.0049600951436709131
d 0.02 0.02 -1.1323673431317828e-08 0 0 1.1323673372318569e-08 1 0.55 1.7684073750009093e-08 1.229667865877416e-08 0.55 1.229667865877416e-08 1.7684073750009093e-08 0.1670841499195049 0.78840583082557569 0.044510019254919445 0 0.0049600951436709131
d 0.04 0.04 -1.1311738352972997e-08 0 0 1.1311738380450954e-08 1 0.55 1.7684073750009093e-08 1.229667865877416e-08 0.55 1.229667865877416e-08 1.7684073750009093e-08 0.1670841499195049 0.78840583082557569 0.044510019254919445 0 0.0049600951436709131
d 0.06 0.06 -1.1299414867507216e-08 0 0 1.1299414912043008e-08 1 0.55 1.7684073750009093e-08 1.229667865877416e-08 0.55 1.229667865877416e-08 1.7684073750009093e-08 0.1670841499195049 0.78840583082557569 0.044510019254919445 0 0.0049600951436709131
d 0.08 0.08 -1.1286676351803972e-08 0 0 1.1286676324614716e-08 1 0.55 1.7684073750009093e-08 1.229667865877416e-08 0.55 1.229667865877416e-08 1.7684073750009093e-08 0.1670841499195049 0.78840583082557569 0.044510019254919445 0 0.0049600951436709131
d 0.1 0.1 -1.1273492586115113e-08 0 0 1.1273492620196125e-08 1 0.55 1.7684073750009093e-08 1.229667865877416e-08 0.55 1.229667865877416e-08 1.7684073750009093e-08 0.1670841499195049 0.78840583082557569 0.044510019254919445 0 0.0049600951436709131
d 0.12 0.12 -1.1259829368797017e-08 0 0 1.1259829420116445e-08 1 0.55 1.7684073750009093e-08 1.229667865877416e-08 0.55 1.229667865877416e-08 1.7684073750009093e-08 0.1670841499195049 0.78840583082557569 0.044510019254919445 0 0.0049600951436709131
d 0.14 0.14 -1.1245646399580004e-08 0 0 1.1245646411065921e-08 1 0.55 1.7684073750009093e-08 1.229667865877416e-08 0.55 1.229667865877416e-08 1.7684073750009093e-08 0.1670841499195049 0.78840583082557569 0.044510019254919445 0 0.0049600951436709131
d 0.16 0.16 -1.123089484973634e-08 0 0 1.1230894893471946e-08 1 0.55 1.7684073750009093e-08 1.229667865877416e-08 0.55 1.229667865877416e-08 1.7684073750009093e-08 0.1670841499195049 0.78840583082557569 0.044510019254919445 0 0.0049600951436709131
d 0.18 0.18 -1.1215513733435853e-08 0 0 1.121551368793479e-08 1 0.55 1.7684073750009093e-08 1.229667865877416e-08 0.55 1.229667865877416e-08 1.7684073750009093e-08 0.1670841499195049 0.78840583082557569 0.044510019254919445 0 0.0049600951436709131
d 0.2 0.2 -1.119942190062365e-08 0 0 1.1199421872671829e-08 1 0.55 1.7684073750009093e-08 1.229667865877416e-08 0.55 1.229667865877416e-08 1.7684073750009093e-08 0.1670841499195049 0.78840583082557569 0.044510019254919445 0 0.0049600951436709131
d 0.22 0.22 -1.1182505179573883e-08 0 0 1.1182505186488277e-08 1 0.55 1.7684073750009093e-08 1.229667865877416e-08 0.55 1.229667865877416e-08 1.7684073750009093e-08 0.1670841499195049 0.78840583082557569 0.044510019254919445 0 0.0049600951436709131
d 0.24 0.24 -1.1164589496779229e-08 0 0 1.1164589475804149e-08 1 0.55 1.7684073750009093e-08 1.229667865877416e-08 0.55 1.229667865877416e-08 1.7684073750009093e-08 0.1670841499195049 0.78840583082557569 0.044510019254919445 0 0.0049600951436709131
d 0.25999999999999995 0.25999999999999995 -1.1145387245212853e-08 0 0 1.1145387222367046e-08 1 0.55 1.7684073750009093e-08 1.229667865877416e-08 0.55 1.229667865877416e-08 1.7684073750009093e-08 0.1670841499195049 0.78840583082557569 0.044510019254919445 0 0.0049600951436709131
d 0.28 0.28 -1.1124387561363835e-08 0 0 1.1124387535001403e-08 1 0.55 1.7684073750009093e-08 1.229667865877416e-08 0.55 1.229667865877416e-08 1.7684073750009093e-08 0.1670841499195049 0.78840583082557569 0.044510019254919445 0 0.0049600951436709131
d 0.3 0.3 -1.1100626563118614e-08 0 0 1.1100626560119665e-08 1 0.55 1.7684073750009093e-08 1.229667865877416e-08 0.55 1.229667865877416e-08 1.7684073750009093e-08 0.1670841499195049 0.78840583082557569 0.044510019254919445 0 0.0049600951436709131
d 0.32 0.32 -1.1072203827042614e-08 0 0 1.1072203819387852e-08 1 0.55 1.7684073750009093e-08 1.229667865877416e-08 0.55 1.229667865877416e-08 1.7684073750009093e-08 0.1670841499195049 0.78840583082557569 0.044510019254919445 0 0.0049600951436709131
d 0.34 0.34 -1.1035257265860584e-08 0 0 1.1035257253566392e-08 1 0.55 1.7684073750009093e-08 1.229667865877416e-08 0.55 1.229667865877416e-08 1.7684073750009093e-08 0.1670841499195049 0.78840583082557569 0.044510019254919445 0 0.0049600951436709131
d 0.36 0.36 -1.0981783513579196e-08 0 0 1.0981783487711371e-08 1 0.55 1.7684073750009093e-08 1.229667865877416e-08 0.55 1.229667865877416e-08 1.7684073750009093e-08 0.1670841499195049 0.78840583082557569 0.044510019254919445 0 0.0049600951436709131
d 0.38000000000000006 0.38000000000000006 -1.0894994429404316e-08 0 0 1.089499443502364e-08 1 0.55 1.7684073750009093e-08 1.229667865877416e-08 0.55 1.229667865877416e-08 1.7684073750009093e-08 0.1670841499195049 0.78840583082557569 0.044510019254919445 0 0.0049600951436709131
d 0.4 0.4 -1.0739426696356678e-08 0 0 1.0739426726982191e-08 1 0.55 1.7684073750009093e-08 1.229667865877416e-08 0.55 1.229667865877416e-08 1.7684073750009093e-08 0.1670841499195049 0.78840583082557569 0.044510019254919445 0 0.0049600951436709131
d 0.4200000000000001 0.4200000000000001 -1.0439926685045911e-08 0 0 1.0439926690722368e-08 1 0.55 1.7684073750009093e-08 1.229667865877416e-08 0.55 1.229667865877416e-08 1.7684073750009093e-08 0.1670841499195049 0.78840583082557569 0.044510019254919445 0 0.0049600951436709131
d 0.44000000000000011 0.44000000000000011 -9.8372850339018937e-09 0 0 9.8372850739512245e-09 1 0.55 1.7684073750009093e-08 1.229667865877416e-08 0.55 1.229667865877416e-08 1.7684073750009093e-08 0.1670841499195049 0.78840583082557569 0.044510019254919445 0 0.0049600951436709131
d 0.46000000000000013 0.46000000000000013 -8.5958609949816938e-09 0 0 8.595861073763904e-09 1 0.55 1.7684073750009093e-08 1.229667865877416e-08 0.55 1.229667865877416e-08 1.7684073750009093e-08 0.1670841499195049 0.78840583082557569 0.044510019254919445 0 0.0049600951436709131
d 0.48000000000000015 0.48000000000000015 -6.0165388955860034e-09 0 0 6.016538863724807e-09 1 0.55 1.7684073750009093e-08 1.229667865877416e-08 0.55 1.229667865877416e-08 1.7684073750009093e-08 0.1670841499195049 0.78840583082557569 0.044510019254919445 0 0.0049600951436709131
d 0.50000000000000011 0.50000000000000011 -6.7799235546737338e-10 0 0 6.779923960237035e-10 1 0.55 1.7684073750009093e-08 1.229667865877416e-08 0.55 1.229667865877416e-08 1.7684073750009093e-08 0.1670841499195049 0.78840583082557569 0.044510019254919445 0 0.0049600951436709131
d 0.52000000000000013 0.52000000000000013 1.0186551336100324e-08 0 0 -1.0186551346157093e-08 1 0.55 1.7684073750009093e-08 1.229667865877416e-08 0.55 1.229667865877416e-08 1.7684073750009093e-08 0.1670841499195049 0.78840583082557569 0.044510019254919445 0 0.0049600951436709131
d 0.54000000000000015 0.54000000000000015 3.161146932769313e-08 0 0 -3.16114692783635e-08 1 0.55 1.7684073750009093e-08 1.229667865877416e-08 0.55 1.229667865877416e-08 1.7684073750009093e-08 0.1670841499195049 0.78840583082557569 0.044510019254919445 0 0.0049600951436709131
d 0.56000000000000016 0.56000000000000016 7.2010887447534472e-08 0 0 -7.2010887507403833e-08 1 0.55 1.7684073750009093e-08 1.229667865877416e-08 0.55 1.229667865877416e-08 1.7684073750009093e-08 0.1670841499195049 0.78840583082557569 0.044510019254919445 0 0.0049600951436709131
d 0.58000000000000018 0.58000000000000018 1.4437218960846219e-07 0 0 -1.4437218966977615e-07 1 0.55 1.7684073750009093e-08 1.229667865877416e-08 0.55 1.229667865877416e-08 1.7684073750009093e-08 0.1670841499195049 0.78840583082557569 0.044510019254919445 0 0.0049600951436709131
d 0.6 0.6 2.6777228381802291e-07 0 0 -2.6777228382166107e-07 1 0.55 1.7684073750009093e-08 1.229667865877416e-08 0.55 1.229667865877416e-08 1.7684073750009093e-08 0.1670841499195049 0.78840583082557569 0.044510019254919445 0 0.0049600951436709131
Q 2 13 "Voltage #01"
Q 3 13 "Voltage #02"
Q 20 13 "Current #01"
Q 21 13 "Current #02"
Q 85 13 "Available photo current"
Q 86 13 "Source photo current"
Q 87 13 "Optical wavelength"
Q 91 13 "Light Intensity, beam 1"
Q 92 21 Contact
Q 308 13 Angle
Q 354 13 Reflectivity
Q 355 13 Absorption
Q 356 13 Transmission
Q 398 13 "Specular Reflectance"
Q 601 13 "Int. Voltage #01"
Q 602 13 "Int. Voltage #02"
Q 4000 13 "Optical Wavelength, beam 1"
Q 4010 13 "Source Photo Current, beam 1"
Q 4020 13 "Available Photo Current, beam 1"
EOF 1378785539
