v VICTORYDEVICE
# silvaco.file ASCII version=1.14.23 format=1 contents=SDB,Tables=1

Copyright "###################################################################"
Copyright "#                    Copyright Silvaco Inc. (c)                   #"
Copyright "#                            1992-2014                            #"
Copyright "#                                                                 #"
Copyright "# This file format and the following Key are copyright Silvaco    #"
Copyright "# International. You may not use, this format or key without      #"
Copyright "# reproducing this message in full and obtaining                  #"
Copyright "# express written permission from Silvaco Inc.                    #"
Copyright "#                                                                 #"
Copyright "# To obtain such permission please contact: Silvaco Inc.          #"
Copyright "#                                           support@silvaco.com   #"
Copyright "#                                                                 #"
Copyright "# KEY=SVC86hn7562asdx                       PROD=345              #"
Copyright "###################################################################"
#This file was created by VICTORYDEVICE version 1.12.1.R
#victoryd 1.12.1.R (Thu Apr 12 10:17:20 PDT 2018)
#libSDB 1.12.42 (Thu Oct 26 19:20:24 PDT 2017)
a VICTORYDEVICE
j 1 9
k 2
r 1 92
x 3 43 42 46
w anode 1 1
r 2 92
x 3 43 42 46
w cathode 1 2
y 1 15
z 300
p 18 2 601 20 3 602 21 91 4000 4010 4020 87 85 86 354 355 356 308 398
d 0 0 -3.4553025691401275e-09 0 0 3.4553025430393031e-09 1 0.3 9.6787297515971526e-09 3.6268852787019829e-09 0.3 3.6268852787019829e-09 9.6787297515971526e-09 0.62527259549699843 0.37472740450300157 0 0 0
d 0 0 -4.18746980919106e-09 0 0 4.18746970698733e-09 1 0.32 1.032397840170363e-08 4.3956193917756868e-09 0.32 4.3956193917756868e-09 1.032397840170363e-08 0.57423202366925374 0.42576797633074631 0 0 0
d 0 0 -4.6100643209804927e-09 0 0 4.6100643874909888e-09 1 0.34 1.0969227051810107e-08 4.8396502561536538e-09 0.34 4.8396502561536538e-09 1.0969227051810107e-08 0.55879751296104041 0.44120248703895953 0 0 0
d 0 0 -4.5794302874707232e-09 0 0 4.5794301720284531e-09 1 0.36 1.1614475701916584e-08 4.8079355907230727e-09 0.36 4.8079355907230727e-09 1.1614475701916584e-08 0.58603937757348079 0.41396062242651921 0 0 0
d 0 0 -5.2241629952708223e-09 0 0 5.2241628969361561e-09 1 0.38000000000000006 1.2259724352023065e-08 5.5853076211842283e-09 0.38000000000000006 5.5853076211842283e-09 1.2259724352023065e-08 0.54441817280642546 0.4555818271935746 0 0 0
d 0 0 -6.1189111999090009e-09 0 0 6.1189111806609597e-09 1 0.4 1.290497300212954e-08 6.6380005925347403e-09 0.4 6.6380005925347403e-09 1.290497300212954e-08 0.48562460444982275 0.51437539555017719 0 0 0
d 0 0 -6.9570158314296165e-09 0 0 6.9570158297892107e-09 1 0.4200000000000001 1.3550221652236017e-08 7.4272254839108813e-09 0.4200000000000001 7.4272254839108813e-09 1.3550221652236017e-08 0.45187424423502393 0.54812575576468614 2.8991952635483124e-13 0 2.8991952635483124e-13
d 0 0 -7.6996787730578701e-09 0 0 7.6996787928943478e-09 1 0.44000000000000011 1.4195470302342495e-08 8.1089567214969363e-09 0.44000000000000011 8.1089567214969363e-09 1.4195470302342495e-08 0.42876448738737943 0.57123551025701635 2.3556042729202683e-09 0 2.3556042729202683e-09
d 0 0 -8.3663631224239104e-09 0 0 8.3663630647906505e-09 1 0.46000000000000013 1.4840718952448973e-08 8.7321634956949923e-09 0.46000000000000013 8.7321634956949923e-09 1.4840718952448973e-08 0.4116074063546577 0.58839221493740623 3.7870793604876555e-07 0 3.7870793604876555e-07
d 0 0 -8.9712986158342856e-09 0 0 8.9712986392099052e-09 1 0.48000000000000015 1.5485967602555449e-08 9.3167333332303294e-09 0.48000000000000015 9.3167333332303294e-09 1.5485967602555449e-08 0.39835015931460588 0.60162422990558939 2.5610779804714912e-05 0 2.5610779804714912e-05
d 0 0 -9.4463753977621882e-09 0 0 9.4463754588019681e-09 1 0.50000000000000011 1.6131216252661924e-08 9.8690884902736106e-09 0.50000000000000011 9.8690884902736106e-09 1.6131216252661924e-08 0.38763112284769147 0.61180064390030364 0.00056823325200473914 0 0.00056823325200473914
d 0 0 -9.8040741968136227e-09 0 0 9.8040741829696649e-09 1 0.52000000000000013 1.67764649027684e-08 1.0377284707131599e-08 0.52000000000000013 1.0377284707131599e-08 1.67764649027684e-08 0.37877876026445473 0.61856206103463252 0.0026591787009127817 0 0.0026591787009127817
d 0 0 -1.0055630257326239e-08 0 0 1.0055630224666849e-08 1 0.54000000000000015 1.7421713552874879e-08 1.0821657692316408e-08 0.54000000000000015 1.0821657692316408e-08 1.7421713552874879e-08 0.3713717221258987 0.62115920224911814 0.0074690756249831732 0 0.0074690756249831732
d 0 0 -1.0001758927540656e-08 0 0 1.0001758931707881e-08 1 0.56000000000000016 1.8066962202981358e-08 1.1072655481138967e-08 0.56000000000000016 1.1072655481138967e-08 1.8066962202981358e-08 0.36503415135955858 0.61286758430876609 0.022098264331675443 0 0.022098264331675443
d 0 0 -9.4086325540111555e-09 0 0 9.4086325771454865e-09 1 0.58000000000000018 1.8712210853087836e-08 1.0845438628622093e-08 0.58000000000000018 1.0845438628622093e-08 1.8712210853087836e-08 0.35958405519645531 0.57959151453407298 0.060824430269471833 0 0.060824430269471833
d 0 0 -9.4976479325133666e-09 0 0 9.4976479120490986e-09 1 0.6000000000000002 1.9357459503194315e-08 1.1052171170254306e-08 0.6000000000000002 1.1052171170254306e-08 1.9357459503194315e-08 0.35492221903667692 0.57095153258259468 0.074126248380728274 0 0.074126248380728274
d 0 0 -9.278733364696925e-09 0 0 9.2787333150931139e-09 1 0.62000000000000022 2.0002708153300791e-08 1.0973229814843518e-08 0.62000000000000022 1.0973229814843518e-08 2.0002708153300791e-08 0.35082688384115662 0.54858720782929327 0.10058590832955024 0 0.10058590832955024
d 0 0 -8.3581955968525817e-09 0 0 8.3581956285246127e-09 1 0.64000000000000024 2.0647956803407266e-08 1.0166542759823372e-08 0.64000000000000024 1.0166542759823372e-08 2.0647956803407266e-08 0.34715722873070509 0.4923752435468926 0.16046752772240225 0 0.16046752772240225
d 0 0 -7.8309713276609477e-09 0 0 7.8309713899744617e-09 1 0.66000000000000025 2.1293205453513745e-08 9.6703034618601271e-09 0.66000000000000025 9.6703034618601271e-09 2.1293205453513745e-08 0.3439027768415911 0.45414972785435465 0.20194749530405429 0 0.20194749530405429
d 0 0 -7.1780482077382394e-09 0 0 7.1780482315702748e-09 1 0.68000000000000027 2.1938454103620224e-08 8.9943841331229713e-09 0.68000000000000027 8.9943841331229713e-09 2.1938454103620224e-08 0.34096327377256941 0.40998258540189225 0.24905414082553831 0 0.24905414082553831
d 0 0 -7.0489003582617861e-09 0 0 7.0489004065727586e-09 1 0.70000000000000029 2.2583702753726699e-08 8.8785814112322708e-09 0.70000000000000029 8.8785814112322708e-09 2.2583702753726699e-08 0.33854350346247192 0.39314108532389158 0.2683154112136365 0 0.2683154112136365
d 0 0 -6.3030945310216823e-09 0 0 6.3030944946040244e-09 1 0.72000000000000031 2.3228951403833178e-08 8.039316783774189e-09 0.72000000000000031 8.039316783774189e-09 2.3228951403833178e-08 0.33630149208168536 0.34609038712128704 0.3176081207970276 0 0.3176081207970276
d 0 0 -5.8308125883209245e-09 0 0 5.8308125339189389e-09 1 0.74000000000000032 2.3874200053939654e-08 7.4947153087353123e-09 0.74000000000000032 7.4947153087353123e-09 2.3874200053939654e-08 0.3343887260031263 0.31392529558277499 0.35168597841409865 0 0.35168597841409865
d 0 0 -5.3317865334260302e-09 0 0 5.3317865253069067e-09 1 0.76000000000000034 2.4519448704046133e-08 6.9027426569544024e-09 0.76000000000000034 6.9027426569544024e-09 2.4519448704046133e-08 0.33263462303513575 0.28152111983722261 0.38584425712764164 0 0.38584425712764164
d 0 0 -4.8174681692438951e-09 0 0 4.8174681750796055e-09 1 0.78000000000000036 2.5164697354152608e-08 6.2782733531038343e-09 0.78000000000000036 6.2782733531038343e-09 2.5164697354152608e-08 0.33093534281115117 0.24948733794598218 0.41957731924286668 0 0.41957731924286668
d 0 0 -4.2881410450553206e-09 0 0 4.2881409825023064e-09 1 0.80000000000000038 2.5809946004259084e-08 5.6227462635224702e-09 0.80000000000000038 5.6227462635224702e-09 2.5809946004259084e-08 0.32920775360486826 0.21785191889183431 0.45294032750329749 0 0.45294032750329749
d 0 0 -3.7456243942594405e-09 0 0 3.7456243193756176e-09 1 0.8200000000000004 2.6455194654365566e-08 4.9392823012770554e-09 0.8200000000000004 4.9392823012770554e-09 2.6455194654365566e-08 0.32767780754392434 0.18670368393838263 0.48561850851769306 0 0.48561850851769306
d 0 0 -3.3072567181622085e-09 0 0 3.3072567225431385e-09 1 0.84000000000000041 2.7100443304472038e-08 4.3800862223805357e-09 0.84000000000000041 4.3800862223805357e-09 2.7100443304472038e-08 0.32686899684248577 0.16162415400997318 0.51150684914754097 0 0.51150684914754097
d 0 0 -2.9147490034723787e-09 0 0 2.9147491446154287e-09 1 0.86000000000000043 2.774569195457852e-08 3.8743057571707372e-09 0.86000000000000043 3.8743057571707372e-09 2.774569195457852e-08 0.32638112789417129 0.13963629970062461 0.53398257240520408 0 0.53398257240520408
d 0 0 -2.5058756773660247e-09 0 0 2.5058755955294923e-09 1 0.88000000000000045 2.8390940604684996e-08 3.3425072923026156e-09 0.88000000000000045 3.3425072923026156e-09 2.8390940604684996e-08 0.32589267392226612 0.11773147423481432 0.5563758518429196 0 0.5563758518429196
d 0 0 -2.0811393008573585e-09 0 0 2.0811391841057988e-09 1 0.90000000000000047 2.9036189254791474e-08 2.7853480292805251e-09 0.90000000000000047 2.7853480292805251e-09 2.9036189254791474e-08 0.32540363438866343 0.095926776232211478 0.57866958937912505 0 0.57866958937912505
d 0 0 -1.6410263829878819e-09 0 0 1.641026455450584e-09 1 0.92000000000000048 2.968143790489795e-08 2.2034728128737379e-09 0.92000000000000048 2.2034728128737379e-09 2.968143790489795e-08 0.3249140087580854 0.07423740116411702 0.60084859007779756 0 0.60084859007779756
d 0 0 -1.1860076835979982e-09 0 0 1.1860075700573264e-09 1 0.9400000000000005 3.0326686555004426e-08 1.5975130178346784e-09 0.9400000000000005 1.5975130178346784e-09 3.0326686555004426e-08 0.32442379649812125 0.052676807106415022 0.62289939639546377 0 0.62289939639546377
d 0 0 -7.1653661933088102e-10 0 0 7.1653657191581163e-10 1 0.96000000000000052 3.0971935205110904e-08 9.6808569613323296e-10 0.96000000000000052 9.6808569613323296e-10 3.0971935205110904e-08 0.32393299707926748 0.03125686818476487 0.6448101347359676 0 0.6448101347359676
d 0 0 -4.4222500920878653e-10 0 0 4.4222507722546591e-10 1 0.98000000000000054 3.1617183855217383e-08 5.9849760628206143e-10 0.98000000000000054 5.9849760628206143e-10 3.1617183855217383e-08 0.32295345779742396 0.018929503937565317 0.65811703826501078 0 0.65811703826501078
d 0 0 -3.2166932075727305e-10 0 0 3.2166936018755832e-10 1 1.0000000000000004 3.2262432505323862e-08 4.3566520331050402e-10 1.0000000000000004 4.3566520331050402e-10 3.2262432505323862e-08 0.32160192408986371 0.013503792785575435 0.66489428312456089 0 0.66489428312456089
d 0 0 -2.0733066994325826e-10 0 0 2.0733060195389959e-10 1 1.0200000000000005 3.2907681155430334e-08 2.8099641456950808e-10 1.0200000000000005 2.8099641456950808e-10 3.2907681155430334e-08 0.32011126554147906 0.0085389308727740251 0.67134980358574692 0 0.67134980358574692
d 0 0 -1.2719067837115074e-10 0 0 1.2719073971139838e-10 1 1.0400000000000005 3.3552929805536813e-08 1.7246180084570059e-10 1.0400000000000005 1.7246180084570059e-10 3.3552929805536813e-08 0.31861501372274714 0.0051399923000834766 0.67624499397716942 0 0.67624499397716942
d 0 0 -7.6173416762444464e-11 0 0 7.6173402424012853e-11 1 1.0600000000000005 3.4198178455643292e-08 1.033153604726583e-10 1.0600000000000005 1.033153604726583e-10 3.4198178455643292e-08 0.31711314860509043 0.0030210778801176858 0.67986577351479194 0 0.67986577351479194
d 0 0 -4.2921927422465592e-11 0 0 4.2921930363339131e-11 1 1.0800000000000005 3.4843427105749764e-08 5.8226350615628901e-11 1.0800000000000005 5.8226350615628901e-11 3.4843427105749764e-08 0.31560565068390717 0.0016710856380146532 0.68272326367807823 0 0.68272326367807823
d 0 0 -2.5613787483805182e-11 0 0 2.5613832797497283e-11 1 1.1000000000000001 3.548867575585623e-08 3.4750029711190381e-11 1.1000000000000001 3.4750029711190381e-11 3.548867575585623e-08 0.31409250093807012 0.00097918642978553458 0.68492831263214438 0 0.68492831263214438
Q 2 13 "Voltage #01"
Q 3 13 "Voltage #02"
Q 20 13 "Current #01"
Q 21 13 "Current #02"
Q 85 13 "Available photo current"
Q 86 13 "Source photo current"
Q 87 13 "Optical wavelength"
Q 91 13 "Light Intensity, beam 1"
Q 92 21 Contact
Q 308 13 Angle
Q 354 13 Reflectivity
Q 355 13 Absorption
Q 356 13 Transmission
Q 398 13 "Specular Reflectance"
Q 601 13 "Int. Voltage #01"
Q 602 13 "Int. Voltage #02"
Q 4000 13 "Optical Wavelength, beam 1"
Q 4010 13 "Source Photo Current, beam 1"
Q 4020 13 "Available Photo Current, beam 1"
EOF 1006222991
