v ATLAS
# This file was created by ATLAS version 5.26.1.R on Wed Apr 18 09:45:33 2018.
#SSF 2.0 generic
##############################################################################
#                    Copyright (c) 1984 - 2018                               #
#                    Silvaco Inc. All rights reserved                        #
#                                                                            #
# This file format and the following Key are copyright Silvaco Inc.          #
# You may not use, this format or key without reproducing this message in    #
# full and obtaining express written permission from Silvaco Inc.            #
#                                                                            #
# To obtain such permission please contact: Silvaco Inc.                     #
#                                           support@silvaco.com              #
#                                                                            #
# KEY=SVC86hn7562asdx                       PROD=345                         #
##############################################################################
y 3 700 711 15
z 0 1e+41 300
f 4 "gate" "source" "drain" "substrate" 
p 16 61 2 601 20 3 602 21 4 603 22 5 604 23 502 503 505 
d 1.00000000000000e-13 0.000000000e+00 0.000000000e+00 -1.338829930e-07 0.000000000e+00 0.000000000e+00 -7.118400644e-08 5.000000000e+00 4.999986027e+00 3.271775300e-07 0.000000000e+00 0.000000000e+00 -1.221105363e-07  1.511147697e-17 1.511147697e-17 9.883298389e+14 
d 2.51820599248009e-13 0.000000000e+00 0.000000000e+00 -6.189662342e-07 0.000000000e+00 0.000000000e+00 -3.524500372e-07 5.000000000e+00 4.999852815e+00 1.479521052e-06 0.000000000e+00 0.000000000e+00 -5.081047841e-07  3.002835328e-17 4.513983025e-17 1.321211347e+15 
d 5.55461797744026e-13 0.000000000e+00 0.000000000e+00 -1.989182218e-06 0.000000000e+00 0.000000000e+00 -1.370403708e-06 5.000000000e+00 4.998890677e+00 5.147547397e-06 0.000000000e+00 0.000000000e+00 -1.787961476e-06  9.809559851e-17 1.432354288e-16 2.280854951e+15 
d 1.16274419473606e-12 0.000000000e+00 0.000000000e+00 -7.141344984e-06 0.000000000e+00 0.000000000e+00 -6.157660295e-06 5.000000000e+00 4.991549333e+00 2.120112258e-05 0.000000000e+00 0.000000000e+00 -7.902117304e-06  4.709952167e-16 6.142306455e-16 5.919524247e+15 
d 2.37730898872013e-12 0.000000000e+00 0.000000000e+00 -3.271733900e-05 0.000000000e+00 0.000000000e+00 -3.854179332e-05 5.000000000e+00 4.911809072e+00 1.308775796e-04 0.000000000e+00 0.000000000e+00 -5.961843952e-05  3.479654322e-15 4.093884968e-15 2.293077004e+16 
d 4.00000000000000e-12 0.000000000e+00 0.000000000e+00 -6.112510028e-05 0.000000000e+00 0.000000000e+00 -1.222728229e-04 5.000000000e+00 4.468651276e+00 4.835192787e-04 0.000000000e+00 0.000000000e+00 -3.001213457e-04  1.079441822e-14 1.488830319e-14 4.429010143e+16 
d 5.00000000000000e-12 0.000000000e+00 0.000000000e+00 -2.259374530e-05 0.000000000e+00 0.000000000e+00 -1.258303621e-04 5.000000000e+00 4.028684688e+00 5.521320556e-04 0.000000000e+00 0.000000000e+00 -4.037079472e-04  6.104210076e-15 2.099251326e-14 3.449316568e+16 
d 5.95143077823786e-12 0.000000000e+00 0.000000000e+00 2.803124332e-06 0.000000000e+00 0.000000000e+00 -1.202672862e-04 5.000000000e+00 3.591268029e+00 5.940932068e-04 0.000000000e+00 0.000000000e+00 -4.766290438e-04  3.236177290e-15 2.422869055e-14 1.709422501e+16 
d 7.51127960914117e-12 0.000000000e+00 0.000000000e+00 5.565230194e-05 0.000000000e+00 0.000000000e+00 -9.026060865e-05 5.000000000e+00 3.018024819e+00 4.743370984e-04 0.000000000e+00 0.000000000e+00 -4.397287911e-04  1.043038767e-15 2.527172932e-14 2.030922421e+15 
d 9.57292714556682e-12 0.000000000e+00 0.000000000e+00 5.072580635e-05 0.000000000e+00 0.000000000e+00 -1.782097909e-05 5.000000000e+00 2.662547642e+00 3.157253902e-04 0.000000000e+00 0.000000000e+00 -3.486302174e-04  3.532124233e-17 2.530705056e-14 1.880527178e+13 
d 1.15082334771290e-11 0.000000000e+00 0.000000000e+00 2.396375307e-05 0.000000000e+00 0.000000000e+00 2.651652317e-05 5.000000000e+00 2.579835717e+00 2.506205743e-04 0.000000000e+00 0.000000000e+00 -3.011024967e-04  1.095112903e-19 2.530716007e-14 3.354471347e+10 
d 1.49766604406454e-11 0.000000000e+00 0.000000000e+00 7.152739379e-06 0.000000000e+00 0.000000000e+00 4.278668268e-05 5.000000000e+00 2.634996307e+00 2.006780159e-04 0.000000000e+00 0.000000000e+00 -2.506174367e-04  1.895159534e-24 2.530716008e-14 3.669346999e+03 
d 1.96999330457855e-11 0.000000000e+00 0.000000000e+00 2.530729451e-06 0.000000000e+00 0.000000000e+00 3.592417987e-05 5.000000000e+00 2.837114294e+00 1.681336753e-04 0.000000000e+00 0.000000000e+00 -2.065885846e-04  6.098699321e-35 2.530716008e-14 7.659902195e-11 
d 2.30297538054095e-11 0.000000000e+00 0.000000000e+00 -1.159018828e-07 0.000000000e+00 0.000000000e+00 3.347408656e-05 5.000000000e+00 2.998951393e+00 1.512889337e-04 0.000000000e+00 0.000000000e+00 -1.846464560e-04  2.070863819e-48 2.530716008e-14 2.129979315e-23 
d 2.77838810354912e-11 0.000000000e+00 0.000000000e+00 -2.373991064e-06 0.000000000e+00 0.000000000e+00 3.252823803e-05 5.000000000e+00 3.225715425e+00 1.310633976e-04 0.000000000e+00 0.000000000e+00 -1.612178332e-04  4.245180370e-66 2.530716008e-14 1.694889438e-45 
d 3.52254769276499e-11 0.000000000e+00 0.000000000e+00 -3.535256057e-06 0.000000000e+00 0.000000000e+00 3.302995292e-05 5.000000000e+00 3.545610371e+00 1.059509820e-04 0.000000000e+00 0.000000000e+00 -1.354456647e-04  3.137764221e-100 2.530716008e-14 6.077501248e-90 
d 4.96413058331128e-11 0.000000000e+00 0.000000000e+00 -2.918115873e-06 0.000000000e+00 0.000000000e+00 3.342381560e-05 5.000000000e+00 4.015881954e+00 7.236870682e-05 0.000000000e+00 0.000000000e+00 -1.028744084e-04  8.197647203e-185 2.530716008e-14 2.974891577e-210 
d 6.63903330152844e-11 0.000000000e+00 0.000000000e+00 -1.690286821e-06 0.000000000e+00 0.000000000e+00 3.160166614e-05 5.000000000e+00 4.356879269e+00 4.913004645e-05 0.000000000e+00 0.000000000e+00 -7.904142316e-05  0.000000000e+00 2.530716008e-14 0.000000000e+00 
d 8.16975595541879e-11 0.000000000e+00 0.000000000e+00 -9.895000463e-07 0.000000000e+00 0.000000000e+00 2.920675905e-05 5.000000000e+00 4.542677605e+00 3.638373176e-05 0.000000000e+00 0.000000000e+00 -6.460098947e-05  0.000000000e+00 2.530716008e-14 0.000000000e+00 
d 1.00000000000000e-10 0.000000000e+00 0.000000000e+00 -5.172599091e-07 0.000000000e+00 0.000000000e+00 2.629641043e-05 5.000000000e+00 4.675900044e+00 2.699577091e-05 0.000000000e+00 0.000000000e+00 -5.277492066e-05  0.000000000e+00 2.530716008e-14 0.000000000e+00 
d 2.00000000000000e-10 0.000000000e+00 0.000000000e+00 7.244809277e-08 0.000000000e+00 0.000000000e+00 1.277446856e-05 5.000000000e+00 4.909066929e+00 8.776066409e-06 0.000000000e+00 0.000000000e+00 -2.163702074e-05  0.000000000e+00 2.530716008e-14 0.000000000e+00 
d 2.30352716132524e-10 0.000000000e+00 0.000000000e+00 6.758493308e-08 0.000000000e+00 0.000000000e+00 9.907745615e-06 5.000000000e+00 4.921407830e+00 7.485252899e-06 0.000000000e+00 0.000000000e+00 -1.737551268e-05  0.000000000e+00 2.530716008e-14 0.000000000e+00 
d 2.50697154901553e-10 0.000000000e+00 0.000000000e+00 2.643545925e-08 0.000000000e+00 0.000000000e+00 8.312767547e-06 5.000000000e+00 4.930819523e+00 6.445269080e-06 0.000000000e+00 0.000000000e+00 -1.478447209e-05  0.000000000e+00 2.530716008e-14 0.000000000e+00 
d 2.91386032439612e-10 0.000000000e+00 0.000000000e+00 2.405528583e-08 0.000000000e+00 0.000000000e+00 5.884862301e-06 5.000000000e+00 4.947942657e+00 4.837491549e-06 0.000000000e+00 0.000000000e+00 -1.074640916e-05  0.000000000e+00 2.530716008e-14 0.000000000e+00 
d 3.72763787515729e-10 0.000000000e+00 0.000000000e+00 2.267177457e-08 0.000000000e+00 0.000000000e+00 2.990596836e-06 5.000000000e+00 4.970723847e+00 2.727272210e-06 0.000000000e+00 0.000000000e+00 -5.740540851e-06  0.000000000e+00 2.530716008e-14 0.000000000e+00 
d 5.35519297667964e-10 0.000000000e+00 0.000000000e+00 1.445483276e-08 0.000000000e+00 0.000000000e+00 7.830151715e-07 5.000000000e+00 4.990940018e+00 8.453243023e-07 0.000000000e+00 0.000000000e+00 -1.642794313e-06  0.000000000e+00 2.530716008e-14 0.000000000e+00 
d 7.55306462358318e-10 0.000000000e+00 0.000000000e+00 3.534767970e-09 0.000000000e+00 0.000000000e+00 1.227798307e-07 5.000000000e+00 4.998389271e+00 1.493013056e-07 0.000000000e+00 0.000000000e+00 -2.756159045e-07  0.000000000e+00 2.530716008e-14 0.000000000e+00 
d 1.00000000000000e-09 0.000000000e+00 0.000000000e+00 3.306375156e-10 0.000000000e+00 0.000000000e+00 1.305303404e-08 5.000000000e+00 4.999824176e+00 1.629852393e-08 0.000000000e+00 0.000000000e+00 -2.968219611e-08  0.000000000e+00 2.530716008e-14 0.000000000e+00 
