v ATLAS
# This file was created by ATLAS version 5.26.1.R on Tue Apr 17 03:38:08 2018.
#SSF 2.0 generic
##############################################################################
#                    Copyright (c) 1984 - 2018                               #
#                    Silvaco Inc. All rights reserved                        #
#                                                                            #
# This file format and the following Key are copyright Silvaco Inc.          #
# You may not use, this format or key without reproducing this message in    #
# full and obtaining express written permission from Silvaco Inc.            #
#                                                                            #
# To obtain such permission please contact: Silvaco Inc.                     #
#                                           support@silvaco.com              #
#                                                                            #
# KEY=SVC86hn7562asdx                       PROD=345                         #
##############################################################################
y 3 700 711 15
z 0.79321 0.00122796 300
f 3 "source" "drain" "gate" 
p 9 2 601 20 3 602 21 4 603 22 
d 0.000000000e+00 0.000000000e+00 -9.470614302e-19 1.000000000e+01 1.000000000e+01 -1.084837601e-16 -9.000000000e-01 -9.000000000e-01 0.000000000e+00 
d 0.000000000e+00 0.000000000e+00 -2.027671798e-19 1.000000000e+01 1.000000000e+01 -9.684829242e-17 -8.000000000e-01 -8.000000000e-01 0.000000000e+00 
d 0.000000000e+00 0.000000000e+00 4.058645993e-19 1.000000000e+01 1.000000000e+01 -4.707418408e-17 -7.000000000e-01 -7.000000000e-01 0.000000000e+00 
d 0.000000000e+00 0.000000000e+00 6.796333159e-20 1.000000000e+01 1.000000000e+01 -6.736150275e-17 -6.000000000e-01 -6.000000000e-01 0.000000000e+00 
d 0.000000000e+00 0.000000000e+00 -2.027671798e-19 1.000000000e+01 1.000000000e+01 2.164770812e-18 -5.000000000e-01 -5.000000000e-01 0.000000000e+00 
d 0.000000000e+00 0.000000000e+00 1.344736085e-19 1.000000000e+01 1.000000000e+01 -8.143062241e-17 -4.000000000e-01 -4.000000000e-01 0.000000000e+00 
d 0.000000000e+00 0.000000000e+00 -3.816514240e-18 1.000000000e+01 1.000000000e+01 -9.193724821e-17 -3.000000000e-01 -3.000000000e-01 0.000000000e+00 
d 0.000000000e+00 0.000000000e+00 -1.189364908e-16 1.000000000e+01 1.000000000e+01 1.319242075e-16 -2.000000000e-01 -2.000000000e-01 0.000000000e+00 
d 0.000000000e+00 0.000000000e+00 -5.698219229e-15 1.000000000e+01 1.000000000e+01 5.697946484e-15 -1.000000000e-01 -1.000000000e-01 0.000000000e+00 
d 0.000000000e+00 0.000000000e+00 -2.705583596e-13 1.000000000e+01 1.000000000e+01 2.706009779e-13 5.555317385e-17 5.555317385e-17 0.000000000e+00 
d 0.000000000e+00 0.000000000e+00 -6.071081254e-10 1.000000000e+01 1.000000000e+01 6.071080547e-10 2.000000000e-01 2.000000000e-01 0.000000000e+00 
d 0.000000000e+00 0.000000000e+00 -1.331175277e-06 1.000000000e+01 1.000000000e+01 1.331175277e-06 4.000000000e-01 4.000000000e-01 0.000000000e+00 
d 0.000000000e+00 0.000000000e+00 -4.848122015e-04 1.000000000e+01 1.000000000e+01 4.848122015e-04 6.000000000e-01 6.000000000e-01 0.000000000e+00 
d 0.000000000e+00 0.000000000e+00 -3.100667970e-03 1.000000000e+01 1.000000000e+01 3.100667970e-03 8.000000000e-01 8.000000000e-01 0.000000000e+00 
d 0.000000000e+00 0.000000000e+00 -7.407530061e-03 1.000000000e+01 1.000000000e+01 7.407530061e-03 1.000000000e+00 1.000000000e+00 0.000000000e+00 
d 0.000000000e+00 0.000000000e+00 -1.328838900e-02 1.000000000e+01 1.000000000e+01 1.328838900e-02 1.200000000e+00 1.200000000e+00 0.000000000e+00 
d 0.000000000e+00 0.000000000e+00 -2.071223206e-02 1.000000000e+01 1.000000000e+01 2.071223206e-02 1.400000000e+00 1.400000000e+00 0.000000000e+00 
d 0.000000000e+00 0.000000000e+00 -2.956393930e-02 1.000000000e+01 1.000000000e+01 2.956393930e-02 1.600000000e+00 1.600000000e+00 0.000000000e+00 
d 0.000000000e+00 0.000000000e+00 -3.970781030e-02 1.000000000e+01 1.000000000e+01 3.970781030e-02 1.800000000e+00 1.800000000e+00 0.000000000e+00 
d 0.000000000e+00 0.000000000e+00 -5.103656984e-02 1.000000000e+01 1.000000000e+01 5.103656984e-02 2.000000000e+00 2.000000000e+00 0.000000000e+00 
d 0.000000000e+00 0.000000000e+00 -6.355900401e-02 1.000000000e+01 1.000000000e+01 6.355900401e-02 2.200000000e+00 2.200000000e+00 0.000000000e+00 
d 0.000000000e+00 0.000000000e+00 -7.758276916e-02 1.000000000e+01 1.000000000e+01 7.758276916e-02 2.400000000e+00 2.400000000e+00 0.000000000e+00 
d 0.000000000e+00 0.000000000e+00 -9.360463229e-02 1.000000000e+01 1.000000000e+01 9.360463229e-02 2.600000000e+00 2.600000000e+00 0.000000000e+00 
d 0.000000000e+00 0.000000000e+00 -1.118399953e-01 1.000000000e+01 1.000000000e+01 1.118399953e-01 2.800000000e+00 2.800000000e+00 0.000000000e+00 
d 0.000000000e+00 0.000000000e+00 -1.321774770e-01 1.000000000e+01 1.000000000e+01 1.321774770e-01 3.000000000e+00 3.000000000e+00 0.000000000e+00 
d 0.000000000e+00 0.000000000e+00 -1.542538684e-01 1.000000000e+01 1.000000000e+01 1.542538684e-01 3.200000000e+00 3.200000000e+00 0.000000000e+00 
d 0.000000000e+00 0.000000000e+00 -1.766741542e-01 1.000000000e+01 1.000000000e+01 1.766741542e-01 3.400000000e+00 3.400000000e+00 0.000000000e+00 
d 0.000000000e+00 0.000000000e+00 -1.924913729e-01 1.000000000e+01 1.000000000e+01 1.924913729e-01 3.600000000e+00 3.600000000e+00 0.000000000e+00 
d 0.000000000e+00 0.000000000e+00 -1.997096244e-01 1.000000000e+01 1.000000000e+01 1.997096244e-01 3.800000000e+00 3.800000000e+00 0.000000000e+00 
d 0.000000000e+00 0.000000000e+00 -2.038420129e-01 1.000000000e+01 1.000000000e+01 2.038420129e-01 4.000000000e+00 4.000000000e+00 0.000000000e+00 
