v ATLAS
# This file was created by ATLAS version 5.26.1.R on Tue Apr 17 01:08:41 2018.
#SSF 2.0 generic
##############################################################################
#                    Copyright (c) 1984 - 2018                               #
#                    Silvaco Inc. All rights reserved                        #
#                                                                            #
# This file format and the following Key are copyright Silvaco Inc.          #
# You may not use, this format or key without reproducing this message in    #
# full and obtaining express written permission from Silvaco Inc.            #
#                                                                            #
# To obtain such permission please contact: Silvaco Inc.                     #
#                                           support@silvaco.com              #
#                                                                            #
# KEY=SVC86hn7562asdx                       PROD=345                         #
##############################################################################
y 3 700 711 15
z 0.79321 0.00128986 300
f 3 "source" "drain" "gate" 
p 9 2 601 20 3 602 21 4 603 22 
d 0.000000000e+00 0.000000000e+00 -1.433683329e-33 1.000000000e+01 1.000000000e+01 1.439674981e-33 -2.800000000e+00 -2.800000000e+00 0.000000000e+00 
d 0.000000000e+00 0.000000000e+00 -1.435410468e-33 1.000000000e+01 1.000000000e+01 1.435371932e-33 -2.600000000e+00 -2.600000000e+00 0.000000000e+00 
d 0.000000000e+00 0.000000000e+00 -1.454613221e-33 1.000000000e+01 1.000000000e+01 1.433221918e-33 -2.400000000e+00 -2.400000000e+00 0.000000000e+00 
d 0.000000000e+00 0.000000000e+00 -1.424162040e-33 1.000000000e+01 1.000000000e+01 1.423875123e-33 -2.200000000e+00 -2.200000000e+00 0.000000000e+00 
d 0.000000000e+00 0.000000000e+00 -1.407200930e-33 1.000000000e+01 1.000000000e+01 1.407588460e-33 -2.000000000e+00 -2.000000000e+00 0.000000000e+00 
d 0.000000000e+00 0.000000000e+00 -1.384778144e-33 1.000000000e+01 1.000000000e+01 1.385046363e-33 -1.800000000e+00 -1.800000000e+00 0.000000000e+00 
d 0.000000000e+00 0.000000000e+00 -1.326725214e-33 1.000000000e+01 1.000000000e+01 1.363367247e-33 -1.600000000e+00 -1.600000000e+00 0.000000000e+00 
d 0.000000000e+00 0.000000000e+00 -1.347858615e-33 1.000000000e+01 1.000000000e+01 1.347960112e-33 -1.400000000e+00 -1.400000000e+00 0.000000000e+00 
d 0.000000000e+00 0.000000000e+00 1.120096902e-33 1.000000000e+01 1.000000000e+01 1.340935590e-33 -1.200000000e+00 -1.200000000e+00 0.000000000e+00 
d 0.000000000e+00 0.000000000e+00 -1.394805318e-33 1.000000000e+01 1.000000000e+01 1.394224018e-33 -1.000000000e+00 -1.000000000e+00 0.000000000e+00 
d 0.000000000e+00 0.000000000e+00 -1.550916818e-33 1.000000000e+01 1.000000000e+01 1.550540492e-33 -8.000000000e-01 -8.000000000e-01 0.000000000e+00 
d 0.000000000e+00 0.000000000e+00 -1.777731453e-31 1.000000000e+01 1.000000000e+01 1.777731324e-31 -6.000000000e-01 -6.000000000e-01 0.000000000e+00 
d 0.000000000e+00 0.000000000e+00 -4.040014615e-28 1.000000000e+01 1.000000000e+01 4.040014619e-28 -4.000000000e-01 -4.000000000e-01 0.000000000e+00 
d 0.000000000e+00 0.000000000e+00 -2.142619660e-25 1.000000000e+01 1.000000000e+01 2.142619835e-25 -2.000000000e-01 -2.000000000e-01 0.000000000e+00 
d 0.000000000e+00 0.000000000e+00 -2.090118993e-21 1.000000000e+01 1.000000000e+01 2.090118993e-21 -1.215557453e-39 -1.215557453e-39 0.000000000e+00 
d 0.000000000e+00 0.000000000e+00 -4.746864651e-18 1.000000000e+01 1.000000000e+01 4.746864651e-18 2.000000000e-01 2.000000000e-01 0.000000000e+00 
d 0.000000000e+00 0.000000000e+00 -1.076327999e-14 1.000000000e+01 1.000000000e+01 1.076327999e-14 4.000000000e-01 4.000000000e-01 0.000000000e+00 
d 0.000000000e+00 0.000000000e+00 -2.434006094e-11 1.000000000e+01 1.000000000e+01 2.434006094e-11 6.000000000e-01 6.000000000e-01 0.000000000e+00 
d 0.000000000e+00 0.000000000e+00 -5.467502154e-08 1.000000000e+01 1.000000000e+01 5.467502154e-08 8.000000000e-01 8.000000000e-01 0.000000000e+00 
d 0.000000000e+00 0.000000000e+00 -9.109075381e-05 1.000000000e+01 1.000000000e+01 9.109075381e-05 1.000000000e+00 1.000000000e+00 0.000000000e+00 
d 0.000000000e+00 0.000000000e+00 -2.827580185e-03 1.000000000e+01 1.000000000e+01 2.827580185e-03 1.200000000e+00 1.200000000e+00 0.000000000e+00 
d 0.000000000e+00 0.000000000e+00 -9.767975027e-03 1.000000000e+01 1.000000000e+01 9.767975027e-03 1.400000000e+00 1.400000000e+00 0.000000000e+00 
d 0.000000000e+00 0.000000000e+00 -2.012636377e-02 1.000000000e+01 1.000000000e+01 2.012636377e-02 1.600000000e+00 1.600000000e+00 0.000000000e+00 
d 0.000000000e+00 0.000000000e+00 -3.319967467e-02 1.000000000e+01 1.000000000e+01 3.319967467e-02 1.800000000e+00 1.800000000e+00 0.000000000e+00 
d 0.000000000e+00 0.000000000e+00 -4.847405123e-02 1.000000000e+01 1.000000000e+01 4.847405123e-02 2.000000000e+00 2.000000000e+00 0.000000000e+00 
d 0.000000000e+00 0.000000000e+00 -6.585906959e-02 1.000000000e+01 1.000000000e+01 6.585906959e-02 2.200000000e+00 2.200000000e+00 0.000000000e+00 
d 0.000000000e+00 0.000000000e+00 -8.535249825e-02 1.000000000e+01 1.000000000e+01 8.535249825e-02 2.400000000e+00 2.400000000e+00 0.000000000e+00 
d 0.000000000e+00 0.000000000e+00 -1.068876323e-01 1.000000000e+01 1.000000000e+01 1.068876323e-01 2.600000000e+00 2.600000000e+00 0.000000000e+00 
d 0.000000000e+00 0.000000000e+00 -1.303315149e-01 1.000000000e+01 1.000000000e+01 1.303315149e-01 2.800000000e+00 2.800000000e+00 0.000000000e+00 
d 0.000000000e+00 0.000000000e+00 -1.555057925e-01 1.000000000e+01 1.000000000e+01 1.555057925e-01 3.000000000e+00 3.000000000e+00 0.000000000e+00 
d 0.000000000e+00 0.000000000e+00 -1.821425351e-01 1.000000000e+01 1.000000000e+01 1.821425351e-01 3.200000000e+00 3.200000000e+00 0.000000000e+00 
d 0.000000000e+00 0.000000000e+00 -2.088508445e-01 1.000000000e+01 1.000000000e+01 2.088508445e-01 3.400000000e+00 3.400000000e+00 0.000000000e+00 
d 0.000000000e+00 0.000000000e+00 -2.234036069e-01 1.000000000e+01 1.000000000e+01 2.234036069e-01 3.600000000e+00 3.600000000e+00 0.000000000e+00 
d 0.000000000e+00 0.000000000e+00 -2.301054213e-01 1.000000000e+01 1.000000000e+01 2.301054213e-01 3.800000000e+00 3.800000000e+00 0.000000000e+00 
d 0.000000000e+00 0.000000000e+00 -2.344642776e-01 1.000000000e+01 1.000000000e+01 2.344642776e-01 4.000000000e+00 4.000000000e+00 0.000000000e+00 
