v ATLAS
# This file was created by ATLAS version 5.26.1.R on Wed Apr 18 00:18:47 2018.
#SSF 2.0 generic
##############################################################################
#                    Copyright (c) 1984 - 2018                               #
#                    Silvaco Inc. All rights reserved                        #
#                                                                            #
# This file format and the following Key are copyright Silvaco Inc.          #
# You may not use, this format or key without reproducing this message in    #
# full and obtaining express written permission from Silvaco Inc.            #
#                                                                            #
# To obtain such permission please contact: Silvaco Inc.                     #
#                                           support@silvaco.com              #
#                                                                            #
# KEY=SVC86hn7562asdx                       PROD=345                         #
##############################################################################
y 3 700 711 15
z 0.04 1e+41 300
f 3 "gate" "source" "drain" 
p 9 2 601 20 3 602 21 4 603 22 
d 0.000000000e+00 0.000000000e+00 0.000000000e+00 0.000000000e+00 0.000000000e+00 -2.231725600e-20 1.000000000e+00 1.000000000e+00 4.611211731e-21 
d 5.000000000e-02 5.000000000e-02 0.000000000e+00 0.000000000e+00 0.000000000e+00 -4.620636865e-20 1.000000000e+00 1.000000000e+00 3.542028795e-20 
d 1.000000000e-01 1.000000000e-01 0.000000000e+00 0.000000000e+00 0.000000000e+00 -2.738087857e-19 1.000000000e+00 1.000000000e+00 2.553014955e-19 
d 1.500000000e-01 1.500000000e-01 0.000000000e+00 0.000000000e+00 0.000000000e+00 -1.793901072e-18 1.000000000e+00 1.000000000e+00 1.751811704e-18 
d 2.000000000e-01 2.000000000e-01 0.000000000e+00 0.000000000e+00 0.000000000e+00 -1.178501048e-17 1.000000000e+00 1.000000000e+00 1.174676891e-17 
d 2.500000000e-01 2.500000000e-01 0.000000000e+00 0.000000000e+00 0.000000000e+00 -7.878232397e-17 1.000000000e+00 1.000000000e+00 7.875471631e-17 
d 3.000000000e-01 3.000000000e-01 0.000000000e+00 0.000000000e+00 0.000000000e+00 -5.271163429e-16 1.000000000e+00 1.000000000e+00 5.271004558e-16 
d 3.500000000e-01 3.500000000e-01 0.000000000e+00 0.000000000e+00 0.000000000e+00 -3.542762033e-15 1.000000000e+00 1.000000000e+00 3.542760795e-15 
d 4.000000000e-01 4.000000000e-01 0.000000000e+00 0.000000000e+00 0.000000000e+00 -2.373032064e-14 1.000000000e+00 1.000000000e+00 2.373030966e-14 
d 4.500000000e-01 4.500000000e-01 0.000000000e+00 0.000000000e+00 0.000000000e+00 -1.112533670e-13 1.000000000e+00 1.000000000e+00 1.112533549e-13 
d 5.000000000e-01 5.000000000e-01 0.000000000e+00 0.000000000e+00 0.000000000e+00 -1.008148271e-12 1.000000000e+00 1.000000000e+00 1.008148244e-12 
d 5.500000000e-01 5.500000000e-01 0.000000000e+00 0.000000000e+00 0.000000000e+00 -6.140655419e-12 1.000000000e+00 1.000000000e+00 6.140655444e-12 
d 6.000000000e-01 6.000000000e-01 0.000000000e+00 0.000000000e+00 0.000000000e+00 -3.041769949e-11 1.000000000e+00 1.000000000e+00 3.041769934e-11 
d 6.500000000e-01 6.500000000e-01 0.000000000e+00 0.000000000e+00 0.000000000e+00 -9.899771345e-11 1.000000000e+00 1.000000000e+00 9.899771353e-11 
d 7.000000000e-01 7.000000000e-01 0.000000000e+00 0.000000000e+00 0.000000000e+00 -2.167592045e-10 1.000000000e+00 1.000000000e+00 2.167592044e-10 
d 7.500000000e-01 7.500000000e-01 0.000000000e+00 0.000000000e+00 0.000000000e+00 -3.690016706e-10 1.000000000e+00 1.000000000e+00 3.690016707e-10 
d 8.000000000e-01 8.000000000e-01 0.000000000e+00 0.000000000e+00 0.000000000e+00 -5.443632933e-10 1.000000000e+00 1.000000000e+00 5.443632933e-10 
d 8.500000000e-01 8.500000000e-01 0.000000000e+00 0.000000000e+00 0.000000000e+00 -7.370041505e-10 1.000000000e+00 1.000000000e+00 7.370041507e-10 
d 9.000000000e-01 9.000000000e-01 0.000000000e+00 0.000000000e+00 0.000000000e+00 -9.433133333e-10 1.000000000e+00 1.000000000e+00 9.433133330e-10 
d 9.500000000e-01 9.500000000e-01 0.000000000e+00 0.000000000e+00 0.000000000e+00 -1.160880072e-09 1.000000000e+00 1.000000000e+00 1.160880072e-09 
d 1.000000000e+00 1.000000000e+00 0.000000000e+00 0.000000000e+00 0.000000000e+00 -1.396661371e-09 1.000000000e+00 1.000000000e+00 1.396661370e-09 
d 1.050000000e+00 1.050000000e+00 0.000000000e+00 0.000000000e+00 0.000000000e+00 -1.624571304e-09 1.000000000e+00 1.000000000e+00 1.624571304e-09 
d 1.100000000e+00 1.100000000e+00 0.000000000e+00 0.000000000e+00 0.000000000e+00 -1.904728586e-09 1.000000000e+00 1.000000000e+00 1.904728586e-09 
d 1.150000000e+00 1.150000000e+00 0.000000000e+00 0.000000000e+00 0.000000000e+00 -2.148225015e-09 1.000000000e+00 1.000000000e+00 2.148225014e-09 
d 1.200000000e+00 1.200000000e+00 0.000000000e+00 0.000000000e+00 0.000000000e+00 -2.395111975e-09 1.000000000e+00 1.000000000e+00 2.395111975e-09 
