v ATLAS
# This file was created by ATLAS version 5.26.1.R on Tue Apr 17 21:35:14 2018.
#SSF 2.0 generic
##############################################################################
#                    Copyright (c) 1984 - 2018                               #
#                    Silvaco Inc. All rights reserved                        #
#                                                                            #
# This file format and the following Key are copyright Silvaco Inc.          #
# You may not use, this format or key without reproducing this message in    #
# full and obtaining express written permission from Silvaco Inc.            #
#                                                                            #
# To obtain such permission please contact: Silvaco Inc.                     #
#                                           support@silvaco.com              #
#                                                                            #
# KEY=SVC86hn7562asdx                       PROD=345                         #
##############################################################################
Q 89  13 "Distance along path."
Q 393 13 "Prob. of Avalanche by Elec."
Q 394 13 "Prob. of Avalanche by Hole"
Q 395 13 "Prob. of Avalanche joint"
Q 507 13 "Electron Ionization Rate (1/cm)"
Q 508 13 "Hole Ionization Rate (1/cm)"
Q 343 13 "Electron Transit Time (s)"
Q 399 13 "Hole Transit Time (s)"
p 13 69 307 89 393 394 395 102 507 508 343 399 207 208 
d 30 2.29916 0 0 8.06868e-13 8.06868e-13 450.248 0 0 1.80172e-12 3.47284e-12 1.60539e+07 8.63557e+06 
d 30 2.25 0.0491649 0 8.0691e-13 8.0691e-13 560309 78128.9 32695.2 1.80172e-12 3.47284e-12 8.22334e+07 4.0367e+07 
d 30 2.20127 0.0978944 3.44502e-13 6.62359e-13 1.00686e-12 560309 78128.9 32695.2 1.49547e-12 2.90351e-12 8.33781e+07 4.14569e+07 
d 30 2.2 0.0991649 3.54494e-13 6.5814e-13 1.01263e-12 521972 66486.4 26188.1 1.43622e-12 2.7828e-12 1.32482e+08 6.2793e+07 
d 30 2.15 0.149165 7.27751e-13 5.10925e-13 1.23868e-12 483635 55149.7 20250.9 1.43469e-12 2.77973e-12 1.33387e+08 6.29938e+07 
d 30 2.10093 0.198236 1.0939e-12 3.76144e-13 1.47005e-12 483635 55149.7 20250.9 1.39695e-12 2.70011e-12 1.33386e+08 6.29843e+07 
d 30 2.1 0.199165 1.10134e-12 3.73479e-13 1.47482e-12 445297 44297 14981.6 1.36016e-12 2.62221e-12 1.23659e+08 5.88278e+07 
d 30 2.05 0.249165 1.45339e-12 2.54241e-13 1.70763e-12 406960 34140.8 10471.5 1.35947e-12 2.62073e-12 1.13858e+08 5.46023e+07 
d 30 2.0011 0.298061 1.75582e-12 1.61426e-13 1.91724e-12 406960 34140.8 10471.5 1.31903e-12 2.53574e-12 1.13858e+08 5.45894e+07 
d 30 2 0.299165 1.76303e-12 1.59206e-13 1.92224e-12 368622 24925.8 6316.66 1.27609e-12 2.44619e-12 1.03991e+08 5.03147e+07 
d 30 1.95069 0.348472 2.01039e-12 9.65894e-14 2.10698e-12 368622 24925.8 6316.66 1.27512e-12 2.44417e-12 1.0399e+08 5.02992e+07 
d 30 1.95 0.349165 2.01394e-12 9.57012e-14 2.10965e-12 330285 16916.4 3327.05 1.2277e-12 2.34617e-12 9.40612e+07 4.59427e+07 
d 30 1.9 0.399165 2.19869e-12 5.92859e-14 2.25797e-12 291947 10369.4 1480.84 1.22704e-12 2.34479e-12 8.40773e+07 4.15392e+07 
d 30 1.85093 0.448237 2.31626e-12 4.24105e-14 2.35867e-12 291947 10369.4 1480.84 1.17388e-12 2.23596e-12 8.40765e+07 4.15153e+07 
d 30 1.85 0.449165 2.31837e-12 4.21885e-14 2.36056e-12 253610 5481.97 516.024 1.11551e-12 2.11783e-12 7.40427e+07 3.70409e+07 
d 30 1.80117 0.497994 2.38232e-12 3.61933e-14 2.41851e-12 253610 5481.97 516.024 1.11441e-12 2.11559e-12 7.40416e+07 3.70099e+07 
d 30 1.8 0.499165 2.38398e-12 3.59712e-14 2.41995e-12 215272 2309.54 123.527 1.04846e-12 1.98377e-12 6.39637e+07 3.24575e+07 
d 30 1.75012 0.549045 2.41207e-12 3.44169e-14 2.44649e-12 215272 2309.54 123.527 1.04688e-12 1.9806e-12 6.39619e+07 3.24157e+07 
d 30 1.75 0.549165 2.41218e-12 3.44169e-14 2.4466e-12 176935 669.007 15.9143 9.689e-13 1.82692e-12 5.38451e+07 2.77734e+07 
d 30 1.70097 0.598197 2.42018e-12 3.41949e-14 2.45437e-12 176935 669.007 15.9143 9.68713e-13 1.82655e-12 5.3842e+07 2.77138e+07 
d 30 1.7 0.599165 2.4204e-12 3.41949e-14 2.45459e-12 138598 97.6458 0.659874 8.77651e-13 1.65001e-12 4.36899e+07 2.29586e+07 
d 30 1.65014 0.649028 2.42151e-12 3.41949e-14 2.4557e-12 138598 97.6458 0.659874 8.75854e-13 1.64652e-12 4.36834e+07 2.28665e+07 
d 30 1.65 0.649165 2.42151e-12 3.41949e-14 2.4557e-12 100260 3.27126 0.00239884 7.61725e-13 1.42933e-12 3.34907e+07 1.79449e+07 
d 30 1.60028 0.698882 2.42162e-12 3.41949e-14 2.45581e-12 100260 3.27126 0.00239884 7.61411e-13 1.42873e-12 3.34712e+07 1.77828e+07 
d 30 1.6 0.699165 2.42162e-12 3.41949e-14 2.45581e-12 61922.7 0.00163487 8.31692e-09 6.12959e-13 1.15168e-12 2.31446e+07 1.25238e+07 
d 30 1.55112 0.748049 2.42162e-12 3.41949e-14 2.45581e-12 61922.7 0.00163487 8.31692e-09 6.12115e-13 1.15009e-12 2.30136e+07 1.21557e+07 
d 30 1.55 0.749165 2.42162e-12 3.41949e-14 2.45581e-12 23767.3 0 0 4.00905e-13 7.59761e-13 1.26915e+07 6.71753e+06 
d 30 1.5038 0.795367 2.42162e-12 3.41949e-14 2.45581e-12 23767.3 0 0 3.96054e-13 7.50578e-13 1.18631e+07 6.04827e+06 
d 30 1.5 0.799165 2.42162e-12 3.41949e-14 2.45581e-12 17.3426 0 0 3.20143e-14 6.27932e-14 3.65582e+06 1.76386e+06 
d 30 1.5 0.799165 2.42162e-12 3.41949e-14 2.45581e-12 3468.57 0 0 0 0 3.65582e+06 1.76386e+06 
d 30 1.45 0.849165 2.42162e-12 3.41949e-14 2.45581e-12 386.123 0 0 1.36768e-12 2.8347e-12 629431 288419 
d 30 1.4 0.899165 2.42162e-12 3.41949e-14 2.45581e-12 32.7012 0 0 9.31136e-12 2.01706e-11 63319.7 30019.7 
d 30 1.35 0.949165 2.42162e-12 3.41949e-14 2.45581e-12 0 0 0 8.82758e-11 1.86728e-10 0 0 
