v ATLAS
# This file was created by ATLAS version 5.26.1.R on Tue Apr 17 21:35:15 2018.
#SSF 2.0 generic
##############################################################################
#                    Copyright (c) 1984 - 2018                               #
#                    Silvaco Inc. All rights reserved                        #
#                                                                            #
# This file format and the following Key are copyright Silvaco Inc.          #
# You may not use, this format or key without reproducing this message in    #
# full and obtaining express written permission from Silvaco Inc.            #
#                                                                            #
# To obtain such permission please contact: Silvaco Inc.                     #
#                                           support@silvaco.com              #
#                                                                            #
# KEY=SVC86hn7562asdx                       PROD=345                         #
##############################################################################
Q 89  13 "Distance along path."
Q 393 13 "Prob. of Avalanche by Elec."
Q 394 13 "Prob. of Avalanche by Hole"
Q 395 13 "Prob. of Avalanche joint"
Q 507 13 "Electron Ionization Rate (1/cm)"
Q 508 13 "Hole Ionization Rate (1/cm)"
Q 343 13 "Electron Transit Time (s)"
Q 399 13 "Hole Transit Time (s)"
p 13 69 307 89 393 394 395 102 507 508 343 399 207 208 
d 30 2.29916 0 0 0.567517 0.567517 531.981 0 0 1.13399e-12 2.2521e-12 1.84087e+07 9.72099e+06 
d 30 2.25 0.0491649 0 0.567517 0.567517 657967 108250 51197.8 1.13399e-12 2.2521e-12 9.56707e+07 4.63407e+07 
d 30 2.20068 0.0984842 0.274615 0.496621 0.634856 657967 108250 51197.8 8.6692e-13 1.74634e-12 9.68147e+07 4.74387e+07 
d 30 2.2 0.0991649 0.278003 0.495505 0.635756 619630 96417.7 43662.8 8.15369e-13 1.63992e-12 1.55038e+08 7.23785e+07 
d 30 2.15 0.149165 0.47611 0.416669 0.694399 581292 84577.3 36463 8.14666e-13 1.63848e-12 1.57806e+08 7.33507e+07 
d 30 2.10151 0.197653 0.609766 0.337716 0.741555 581292 84577.3 36463 7.82416e-13 1.5694e-12 1.57805e+08 7.3344e+07 
d 30 2.1 0.199165 0.613452 0.335001 0.742946 542955 72830.7 29685.3 7.5169e-13 1.50329e-12 1.48284e+08 6.93198e+07 
d 30 2.05 0.249165 0.707189 0.255321 0.78195 504618 61306.8 23424 7.50732e-13 1.50123e-12 1.38679e+08 6.52495e+07 
d 30 2.0019 0.297266 0.768509 0.185383 0.811423 504618 61306.8 23424 7.17013e-13 1.4291e-12 1.38678e+08 6.52408e+07 
d 30 2 0.299165 0.770687 0.182436 0.812522 466280 50165.1 17777.1 6.82327e-13 1.35538e-12 1.28992e+08 6.11152e+07 
d 30 1.95099 0.348175 0.812746 0.121582 0.835513 466280 50165.1 17777.1 6.80958e-13 1.35247e-12 1.28992e+08 6.11051e+07 
d 30 1.95 0.349165 0.813522 0.120289 0.835953 427943 39599.2 12841 6.42963e-13 1.27228e-12 1.19231e+08 5.69225e+07 
d 30 1.90085 0.39831 0.841788 0.0721298 0.8532 427943 39599.2 12841 6.42196e-13 1.27066e-12 1.1923e+08 5.69107e+07 
d 30 1.9 0.399165 0.842245 0.0712603 0.853486 389605 29837.2 8505.02 6.00977e-13 1.18432e-12 1.09399e+08 5.26693e+07 
d 30 1.85175 0.447413 0.86061 0.037912 0.865894 389605 29837.2 8505.02 6.00261e-13 1.18282e-12 1.09399e+08 5.26553e+07 
d 30 1.85 0.449165 0.861239 0.0366695 0.866328 351268 21134.7 4808.16 5.56158e-13 1.09122e-12 9.95035e+07 4.83526e+07 
d 30 1.8 0.499165 0.87344 0.0162872 0.875502 312930 13757.5 2363.7 5.54556e-13 1.08789e-12 8.95487e+07 4.39688e+07 
d 30 1.75 0.549165 0.880862 0.00602008 0.881579 274593 7943.66 953 5.04307e-13 9.84482e-13 7.95408e+07 3.95128e+07 
d 30 1.7 0.599165 0.88497 0.0018273 0.88518 236255 3837.87 286.13 4.48471e-13 8.70765e-13 6.94854e+07 3.49774e+07 
d 30 1.65083 0.648335 0.886877 0.000582202 0.886943 236255 3837.87 286.13 3.85611e-13 7.44224e-13 6.9484e+07 3.49421e+07 
d 30 1.65 0.649165 0.886909 0.000561146 0.886973 197918 1398.84 53.9019 3.14848e-13 6.03648e-13 5.93879e+07 3.03509e+07 
d 30 1.60083 0.698339 0.887597 0.000326065 0.887634 197918 1398.84 53.9019 3.13653e-13 6.01272e-13 5.93857e+07 3.03022e+07 
d 30 1.6 0.699165 0.887609 0.000322113 0.887645 159581 313.937 4.55324 2.30852e-13 4.39254e-13 4.92526e+07 2.56127e+07 
d 30 1.55024 0.748924 0.887765 0.000302007 0.887799 159581 313.937 4.55324 2.29461e-13 4.36528e-13 4.92485e+07 2.5541e+07 
d 30 1.55 0.749165 0.887765 0.00030191 0.887799 121243 27.3864 0.0805917 1.28433e-13 2.42254e-13 3.90799e+07 2.07206e+07 
d 30 1.50015 0.799014 0.887779 0.000301553 0.887813 121243 27.3864 0.0805917 1.27943e-13 2.4131e-13 3.90697e+07 2.06041e+07 
d 30 1.5 0.799165 0.887779 0.000301552 0.887813 414.523 0 0 3.8693e-16 7.33699e-16 2.88056e+07 1.53411e+07 
d 30 1.5 0.799165 0.887779 0.000301552 0.887813 82905.7 0.25035 3.41921e-05 0 0 2.88056e+07 1.53411e+07 
d 30 1.45 0.849165 0.887779 0.000301552 0.887813 44569 7.11175e-07 0 1.73577e-13 3.25921e-13 1.79096e+07 9.33683e+06 
d 30 1.4 0.899165 0.887779 0.000301552 0.887813 10257.1 0 0 4.52757e-13 8.61435e-13 7.29526e+06 3.58434e+06 
d 30 1.35 0.949165 0.887779 0.000301552 0.887813 1154.39 0 0 1.13813e-12 2.25639e-12 1.53573e+06 703823 
d 30 1.3 0.999165 0.887779 0.000301552 0.887813 0 0 0 4.39392e-12 9.36045e-12 0 0 
