v ATLAS
# This file was created by ATLAS version 5.26.1.R on Tue Apr 17 21:35:02 2018.
#SSF 2.0 generic
##############################################################################
#                    Copyright (c) 1984 - 2018                               #
#                    Silvaco Inc. All rights reserved                        #
#                                                                            #
# This file format and the following Key are copyright Silvaco Inc.          #
# You may not use, this format or key without reproducing this message in    #
# full and obtaining express written permission from Silvaco Inc.            #
#                                                                            #
# To obtain such permission please contact: Silvaco Inc.                     #
#                                           support@silvaco.com              #
#                                                                            #
# KEY=SVC86hn7562asdx                       PROD=345                         #
##############################################################################
y 1 15
z 300
f 2 "anode" "cathode" 
p 17 91 4000 4010 4020 85 86 87 308 354 355 356 2 601 20 3 602 21 
d 1.000000000e-01 1.000000000e+00 3.226191258e-08 3.169556680e-08 3.169556680e-08 3.226191258e-08 1.000000000e+00 2.700000000e+02 0.000000000e+00 9.838520766e-01 1.614792345e-02 -1.000000000e-02 -1.000000000e-02 -4.209571429e-10 0.000000000e+00 0.000000000e+00 4.209571002e-10 
d 1.000000000e-01 1.000000000e+00 3.226191258e-08 3.169556680e-08 3.169556680e-08 3.226191258e-08 1.000000000e+00 2.700000000e+02 0.000000000e+00 9.838520766e-01 1.614792345e-02 -1.000000000e-01 -1.000000000e-01 -4.217122828e-10 0.000000000e+00 0.000000000e+00 4.217120320e-10 
d 1.000000000e-01 1.000000000e+00 3.226191258e-08 3.169556680e-08 3.169556680e-08 3.226191258e-08 1.000000000e+00 2.700000000e+02 0.000000000e+00 9.838520766e-01 1.614792345e-02 -1.000000000e+00 -1.000000000e+00 -4.281829254e-10 0.000000000e+00 0.000000000e+00 4.281824349e-10 
d 1.000000000e-01 1.000000000e+00 3.226191258e-08 3.169556680e-08 3.169556680e-08 3.226191258e-08 1.000000000e+00 2.700000000e+02 0.000000000e+00 9.838520766e-01 1.614792345e-02 -2.000000000e+00 -2.000000000e+00 -4.345640203e-10 0.000000000e+00 0.000000000e+00 4.345634675e-10 
d 1.000000000e-01 1.000000000e+00 3.226191258e-08 3.169556680e-08 3.169556680e-08 3.226191258e-08 1.000000000e+00 2.700000000e+02 0.000000000e+00 9.838520766e-01 1.614792345e-02 -3.000000000e+00 -3.000000000e+00 -4.414514746e-10 0.000000000e+00 0.000000000e+00 4.414509540e-10 
d 1.000000000e-01 1.000000000e+00 3.226191258e-08 3.169556680e-08 3.169556680e-08 3.226191258e-08 1.000000000e+00 2.700000000e+02 0.000000000e+00 9.838520766e-01 1.614792345e-02 -4.000000000e+00 -4.000000000e+00 -4.497492494e-10 0.000000000e+00 0.000000000e+00 4.497502412e-10 
d 1.000000000e-01 1.000000000e+00 3.226191258e-08 3.169556680e-08 3.169556680e-08 3.226191258e-08 1.000000000e+00 2.700000000e+02 0.000000000e+00 9.838520766e-01 1.614792345e-02 -5.000000000e+00 -5.000000000e+00 -4.601393045e-10 0.000000000e+00 0.000000000e+00 4.601383060e-10 
d 1.000000000e-01 1.000000000e+00 3.226191258e-08 3.169556680e-08 3.169556680e-08 3.226191258e-08 1.000000000e+00 2.700000000e+02 0.000000000e+00 9.838520766e-01 1.614792345e-02 -6.000000000e+00 -6.000000000e+00 -4.732522976e-10 0.000000000e+00 0.000000000e+00 4.732523171e-10 
d 1.000000000e-01 1.000000000e+00 3.226191258e-08 3.169556680e-08 3.169556680e-08 3.226191258e-08 1.000000000e+00 2.700000000e+02 0.000000000e+00 9.838520766e-01 1.614792345e-02 -7.000000000e+00 -7.000000000e+00 -4.899607155e-10 0.000000000e+00 0.000000000e+00 4.899623324e-10 
d 1.000000000e-01 1.000000000e+00 3.226191258e-08 3.169556680e-08 3.169556680e-08 3.226191258e-08 1.000000000e+00 2.700000000e+02 0.000000000e+00 9.838520766e-01 1.614792345e-02 -8.000000000e+00 -8.000000000e+00 -5.109688376e-10 0.000000000e+00 0.000000000e+00 5.109689752e-10 
d 1.000000000e-01 1.000000000e+00 3.226191258e-08 3.169556680e-08 3.169556680e-08 3.226191258e-08 1.000000000e+00 2.700000000e+02 0.000000000e+00 9.838520766e-01 1.614792345e-02 -9.000000000e+00 -9.000000000e+00 -5.374321398e-10 0.000000000e+00 0.000000000e+00 5.374329970e-10 
d 1.000000000e-01 1.000000000e+00 3.226191258e-08 3.169556680e-08 3.169556680e-08 3.226191258e-08 1.000000000e+00 2.700000000e+02 0.000000000e+00 9.838520766e-01 1.614792345e-02 -1.000000000e+01 -1.000000000e+01 -5.708471767e-10 0.000000000e+00 0.000000000e+00 5.708486763e-10 
d 1.000000000e-01 1.000000000e+00 3.226191258e-08 3.169556680e-08 3.169556680e-08 3.226191258e-08 1.000000000e+00 2.700000000e+02 0.000000000e+00 9.838520766e-01 1.614792345e-02 -1.100000000e+01 -1.100000000e+01 -6.127308817e-10 0.000000000e+00 0.000000000e+00 6.127290872e-10 
d 1.000000000e-01 1.000000000e+00 3.226191258e-08 3.169556680e-08 3.169556680e-08 3.226191258e-08 1.000000000e+00 2.700000000e+02 0.000000000e+00 9.838520766e-01 1.614792345e-02 -1.200000000e+01 -1.200000000e+01 -6.657581078e-10 0.000000000e+00 0.000000000e+00 6.657556833e-10 
d 1.000000000e-01 1.000000000e+00 3.226191258e-08 3.169556680e-08 3.169556680e-08 3.226191258e-08 1.000000000e+00 2.700000000e+02 0.000000000e+00 9.838520766e-01 1.614792345e-02 -1.300000000e+01 -1.300000000e+01 -7.342203885e-10 0.000000000e+00 0.000000000e+00 7.342204001e-10 
d 1.000000000e-01 1.000000000e+00 3.226191258e-08 3.169556680e-08 3.169556680e-08 3.226191258e-08 1.000000000e+00 2.700000000e+02 0.000000000e+00 9.838520766e-01 1.614792345e-02 -1.400000000e+01 -1.400000000e+01 -8.233598956e-10 0.000000000e+00 0.000000000e+00 8.233590367e-10 
d 1.000000000e-01 1.000000000e+00 3.226191258e-08 3.169556680e-08 3.169556680e-08 3.226191258e-08 1.000000000e+00 2.700000000e+02 0.000000000e+00 9.838520766e-01 1.614792345e-02 -1.500000000e+01 -1.500000000e+01 -9.454447507e-10 0.000000000e+00 0.000000000e+00 9.454472830e-10 
d 1.000000000e-01 1.000000000e+00 3.226191258e-08 3.169556680e-08 3.169556680e-08 3.226191258e-08 1.000000000e+00 2.700000000e+02 0.000000000e+00 9.838520766e-01 1.614792345e-02 -1.600000000e+01 -1.600000000e+01 -1.114817830e-09 0.000000000e+00 0.000000000e+00 1.114823790e-09 
d 1.000000000e-01 1.000000000e+00 3.226191258e-08 3.169556680e-08 3.169556680e-08 3.226191258e-08 1.000000000e+00 2.700000000e+02 0.000000000e+00 9.838520766e-01 1.614792345e-02 -1.700000000e+01 -1.700000000e+01 -1.370456494e-09 0.000000000e+00 0.000000000e+00 1.370458131e-09 
d 1.000000000e-01 1.000000000e+00 3.226191258e-08 3.169556680e-08 3.169556680e-08 3.226191258e-08 1.000000000e+00 2.700000000e+02 0.000000000e+00 9.838520766e-01 1.614792345e-02 -1.800000000e+01 -1.800000000e+01 -1.787623289e-09 0.000000000e+00 0.000000000e+00 1.787623428e-09 
d 1.000000000e-01 1.000000000e+00 3.226191258e-08 3.169556680e-08 3.169556680e-08 3.226191258e-08 1.000000000e+00 2.700000000e+02 0.000000000e+00 9.838520766e-01 1.614792345e-02 -1.900000000e+01 -1.900000000e+01 -2.572424444e-09 0.000000000e+00 0.000000000e+00 2.572427537e-09 
d 1.000000000e-01 1.000000000e+00 3.226191258e-08 3.169556680e-08 3.169556680e-08 3.226191258e-08 1.000000000e+00 2.700000000e+02 0.000000000e+00 9.838520766e-01 1.614792345e-02 -2.000000000e+01 -2.000000000e+01 -4.626303370e-09 0.000000000e+00 0.000000000e+00 4.626307359e-09 
d 1.000000000e-01 1.000000000e+00 3.226191258e-08 3.169556680e-08 3.169556680e-08 3.226191258e-08 1.000000000e+00 2.700000000e+02 0.000000000e+00 9.838520766e-01 1.614792345e-02 -2.010000000e+01 -2.010000000e+01 -5.025957207e-09 0.000000000e+00 0.000000000e+00 5.025959772e-09 
d 1.000000000e-01 1.000000000e+00 3.226191258e-08 3.169556680e-08 3.169556680e-08 3.226191258e-08 1.000000000e+00 2.700000000e+02 0.000000000e+00 9.838520766e-01 1.614792345e-02 -2.020000000e+01 -2.020000000e+01 -5.500232601e-09 0.000000000e+00 0.000000000e+00 5.500231294e-09 
d 1.000000000e-01 1.000000000e+00 3.226191258e-08 3.169556680e-08 3.169556680e-08 3.226191258e-08 1.000000000e+00 2.700000000e+02 0.000000000e+00 9.838520766e-01 1.614792345e-02 -2.030000000e+01 -2.030000000e+01 -6.072120796e-09 0.000000000e+00 0.000000000e+00 6.072110121e-09 
d 1.000000000e-01 1.000000000e+00 3.226191258e-08 3.169556680e-08 3.169556680e-08 3.226191258e-08 1.000000000e+00 2.700000000e+02 0.000000000e+00 9.838520766e-01 1.614792345e-02 -2.040000000e+01 -2.040000000e+01 -6.775170340e-09 0.000000000e+00 0.000000000e+00 6.775171323e-09 
d 1.000000000e-01 1.000000000e+00 3.226191258e-08 3.169556680e-08 3.169556680e-08 3.226191258e-08 1.000000000e+00 2.700000000e+02 0.000000000e+00 9.838520766e-01 1.614792345e-02 -2.050000000e+01 -2.050000000e+01 -7.654689839e-09 0.000000000e+00 0.000000000e+00 7.654686554e-09 
d 1.000000000e-01 1.000000000e+00 3.226191258e-08 3.169556680e-08 3.169556680e-08 3.226191258e-08 1.000000000e+00 2.700000000e+02 0.000000000e+00 9.838520766e-01 1.614792345e-02 -2.060000000e+01 -2.060000000e+01 -8.776389728e-09 0.000000000e+00 0.000000000e+00 8.776387543e-09 
d 1.000000000e-01 1.000000000e+00 3.226191258e-08 3.169556680e-08 3.169556680e-08 3.226191258e-08 1.000000000e+00 2.700000000e+02 0.000000000e+00 9.838520766e-01 1.614792345e-02 -2.070000000e+01 -2.070000000e+01 -1.027955394e-08 0.000000000e+00 0.000000000e+00 1.027955300e-08 
d 1.000000000e-01 1.000000000e+00 3.226191258e-08 3.169556680e-08 3.169556680e-08 3.226191258e-08 1.000000000e+00 2.700000000e+02 0.000000000e+00 9.838520766e-01 1.614792345e-02 -2.080000000e+01 -2.080000000e+01 -1.239874402e-08 0.000000000e+00 0.000000000e+00 1.239874363e-08 
d 1.000000000e-01 1.000000000e+00 3.226191258e-08 3.169556680e-08 3.169556680e-08 3.226191258e-08 1.000000000e+00 2.700000000e+02 0.000000000e+00 9.838520766e-01 1.614792345e-02 -2.090000000e+01 -2.090000000e+01 -1.560965725e-08 0.000000000e+00 0.000000000e+00 1.560965728e-08 
d 1.000000000e-01 1.000000000e+00 3.226191258e-08 3.169556680e-08 3.169556680e-08 3.226191258e-08 1.000000000e+00 2.700000000e+02 0.000000000e+00 9.838520766e-01 1.614792345e-02 -2.100000000e+01 -2.100000000e+01 -2.104392657e-08 0.000000000e+00 0.000000000e+00 2.104393033e-08 
d 1.000000000e-01 1.000000000e+00 3.226191258e-08 3.169556680e-08 3.169556680e-08 3.226191258e-08 1.000000000e+00 2.700000000e+02 0.000000000e+00 9.838520766e-01 1.614792345e-02 -2.110000000e+01 -2.110000000e+01 -3.219401128e-08 0.000000000e+00 0.000000000e+00 3.219400804e-08 
d 1.000000000e-01 1.000000000e+00 3.226191258e-08 3.169556680e-08 3.169556680e-08 3.226191258e-08 1.000000000e+00 2.700000000e+02 0.000000000e+00 9.838520766e-01 1.614792345e-02 -2.120000000e+01 -2.120000000e+01 -6.715199545e-08 0.000000000e+00 0.000000000e+00 6.715200337e-08 
d 1.000000000e-01 1.000000000e+00 3.226191258e-08 3.169556680e-08 3.169556680e-08 3.226191258e-08 1.000000000e+00 2.700000000e+02 0.000000000e+00 9.838520766e-01 1.614792345e-02 -2.125000000e+01 -2.125000000e+01 -1.357218088e-07 0.000000000e+00 0.000000000e+00 1.357218102e-07 
d 1.000000000e-01 1.000000000e+00 3.226191258e-08 3.169556680e-08 3.169556680e-08 3.226191258e-08 1.000000000e+00 2.700000000e+02 0.000000000e+00 9.838520766e-01 1.614792345e-02 -2.130000000e+01 -2.130000000e+01 -4.563950805e-07 0.000000000e+00 0.000000000e+00 4.563950752e-07 
d 1.000000000e-01 1.000000000e+00 3.226191258e-08 3.169556680e-08 3.169556680e-08 3.226191258e-08 1.000000000e+00 2.700000000e+02 0.000000000e+00 9.838520766e-01 1.614792345e-02 -2.140000000e+01 -2.140000000e+01 -2.615558029e-06 0.000000000e+00 0.000000000e+00 2.615558026e-06 
d 1.000000000e-01 1.000000000e+00 3.226191258e-08 3.169556680e-08 3.169556680e-08 3.226191258e-08 1.000000000e+00 2.700000000e+02 0.000000000e+00 9.838520766e-01 1.614792345e-02 -2.150000000e+01 -2.150000000e+01 -4.829011210e-06 0.000000000e+00 0.000000000e+00 4.829011205e-06 
d 1.000000000e-01 1.000000000e+00 3.226191258e-08 3.169556680e-08 3.169556680e-08 3.226191258e-08 1.000000000e+00 2.700000000e+02 0.000000000e+00 9.838520766e-01 1.614792345e-02 -2.160000000e+01 -2.160000000e+01 -7.561264888e-06 0.000000000e+00 0.000000000e+00 7.561264890e-06 
d 1.000000000e-01 1.000000000e+00 3.226191258e-08 3.169556680e-08 3.169556680e-08 3.226191258e-08 1.000000000e+00 2.700000000e+02 0.000000000e+00 9.838520766e-01 1.614792345e-02 -2.170000000e+01 -2.170000000e+01 -1.208886415e-05 0.000000000e+00 0.000000000e+00 1.208886415e-05 
d 1.000000000e-01 1.000000000e+00 3.226191258e-08 3.169556680e-08 3.169556680e-08 3.226191258e-08 1.000000000e+00 2.700000000e+02 0.000000000e+00 9.838520766e-01 1.614792345e-02 -2.180000000e+01 -2.180000000e+01 -1.906412536e-05 0.000000000e+00 0.000000000e+00 1.906412536e-05 
d 1.000000000e-01 1.000000000e+00 3.226191258e-08 3.169556680e-08 3.169556680e-08 3.226191258e-08 1.000000000e+00 2.700000000e+02 0.000000000e+00 9.838520766e-01 1.614792345e-02 -2.190000000e+01 -2.190000000e+01 -2.822217793e-05 0.000000000e+00 0.000000000e+00 2.822217792e-05 
d 1.000000000e-01 1.000000000e+00 3.226191258e-08 3.169556680e-08 3.169556680e-08 3.226191258e-08 1.000000000e+00 2.700000000e+02 0.000000000e+00 9.838520766e-01 1.614792345e-02 -2.200000000e+01 -2.200000000e+01 -3.910606310e-05 0.000000000e+00 0.000000000e+00 3.910606311e-05 
d 1.000000000e-01 1.000000000e+00 3.226191258e-08 3.169556680e-08 3.169556680e-08 3.226191258e-08 1.000000000e+00 2.700000000e+02 0.000000000e+00 9.838520766e-01 1.614792345e-02 -2.210000000e+01 -2.210000000e+01 -5.158673090e-05 0.000000000e+00 0.000000000e+00 5.158673090e-05 
d 1.000000000e-01 1.000000000e+00 3.226191258e-08 3.169556680e-08 3.169556680e-08 3.226191258e-08 1.000000000e+00 2.700000000e+02 0.000000000e+00 9.838520766e-01 1.614792345e-02 -2.220000000e+01 -2.220000000e+01 -6.534170704e-05 0.000000000e+00 0.000000000e+00 6.534170704e-05 
d 1.000000000e-01 1.000000000e+00 3.226191258e-08 3.169556680e-08 3.169556680e-08 3.226191258e-08 1.000000000e+00 2.700000000e+02 0.000000000e+00 9.838520766e-01 1.614792345e-02 -2.230000000e+01 -2.230000000e+01 -8.032327662e-05 0.000000000e+00 0.000000000e+00 8.032327662e-05 
d 1.000000000e-01 1.000000000e+00 3.226191258e-08 3.169556680e-08 3.169556680e-08 3.226191258e-08 1.000000000e+00 2.700000000e+02 0.000000000e+00 9.838520766e-01 1.614792345e-02 -2.240000000e+01 -2.240000000e+01 -9.640554035e-05 0.000000000e+00 0.000000000e+00 9.640554035e-05 
d 1.000000000e-01 1.000000000e+00 3.226191258e-08 3.169556680e-08 3.169556680e-08 3.226191258e-08 1.000000000e+00 2.700000000e+02 0.000000000e+00 9.838520766e-01 1.614792345e-02 -2.250000000e+01 -2.250000000e+01 -1.134777015e-04 0.000000000e+00 0.000000000e+00 1.134777015e-04 
d 1.000000000e-01 1.000000000e+00 3.226191258e-08 3.169556680e-08 3.169556680e-08 3.226191258e-08 1.000000000e+00 2.700000000e+02 0.000000000e+00 9.838520766e-01 1.614792345e-02 -2.260000000e+01 -2.260000000e+01 -1.314410754e-04 0.000000000e+00 0.000000000e+00 1.314410754e-04 
d 1.000000000e-01 1.000000000e+00 3.226191258e-08 3.169556680e-08 3.169556680e-08 3.226191258e-08 1.000000000e+00 2.700000000e+02 0.000000000e+00 9.838520766e-01 1.614792345e-02 -2.270000000e+01 -2.270000000e+01 -1.502069141e-04 0.000000000e+00 0.000000000e+00 1.502069141e-04 
d 1.000000000e-01 1.000000000e+00 3.226191258e-08 3.169556680e-08 3.169556680e-08 3.226191258e-08 1.000000000e+00 2.700000000e+02 0.000000000e+00 9.838520766e-01 1.614792345e-02 -2.280000000e+01 -2.280000000e+01 -1.696947747e-04 0.000000000e+00 0.000000000e+00 1.696947747e-04 
d 1.000000000e-01 1.000000000e+00 3.226191258e-08 3.169556680e-08 3.169556680e-08 3.226191258e-08 1.000000000e+00 2.700000000e+02 0.000000000e+00 9.838520766e-01 1.614792345e-02 -2.290000000e+01 -2.290000000e+01 -1.898312753e-04 0.000000000e+00 0.000000000e+00 1.898312753e-04 
d 1.000000000e-01 1.000000000e+00 3.226191258e-08 3.169556680e-08 3.169556680e-08 3.226191258e-08 1.000000000e+00 2.700000000e+02 0.000000000e+00 9.838520766e-01 1.614792345e-02 -2.300000000e+01 -2.300000000e+01 -2.105491356e-04 0.000000000e+00 0.000000000e+00 2.105491356e-04 
d 1.000000000e-01 1.000000000e+00 3.226191258e-08 3.169556680e-08 3.169556680e-08 3.226191258e-08 1.000000000e+00 2.700000000e+02 0.000000000e+00 9.838520766e-01 1.614792345e-02 -2.310000000e+01 -2.310000000e+01 -2.317864283e-04 0.000000000e+00 0.000000000e+00 2.317864283e-04 
d 1.000000000e-01 1.000000000e+00 3.226191258e-08 3.169556680e-08 3.169556680e-08 3.226191258e-08 1.000000000e+00 2.700000000e+02 0.000000000e+00 9.838520766e-01 1.614792345e-02 -2.320000000e+01 -2.320000000e+01 -2.534859860e-04 0.000000000e+00 0.000000000e+00 2.534859860e-04 
d 1.000000000e-01 1.000000000e+00 3.226191258e-08 3.169556680e-08 3.169556680e-08 3.226191258e-08 1.000000000e+00 2.700000000e+02 0.000000000e+00 9.838520766e-01 1.614792345e-02 -2.330000000e+01 -2.330000000e+01 -2.755949218e-04 0.000000000e+00 0.000000000e+00 2.755949218e-04 
d 1.000000000e-01 1.000000000e+00 3.226191258e-08 3.169556680e-08 3.169556680e-08 3.226191258e-08 1.000000000e+00 2.700000000e+02 0.000000000e+00 9.838520766e-01 1.614792345e-02 -2.340000000e+01 -2.340000000e+01 -2.980642376e-04 0.000000000e+00 0.000000000e+00 2.980642376e-04 
d 1.000000000e-01 1.000000000e+00 3.226191258e-08 3.169556680e-08 3.169556680e-08 3.226191258e-08 1.000000000e+00 2.700000000e+02 0.000000000e+00 9.838520766e-01 1.614792345e-02 -2.350000000e+01 -2.350000000e+01 -3.208485033e-04 0.000000000e+00 0.000000000e+00 3.208485034e-04 
d 1.000000000e-01 1.000000000e+00 3.226191258e-08 3.169556680e-08 3.169556680e-08 3.226191258e-08 1.000000000e+00 2.700000000e+02 0.000000000e+00 9.838520766e-01 1.614792345e-02 -2.360000000e+01 -2.360000000e+01 -3.439055942e-04 0.000000000e+00 0.000000000e+00 3.439055942e-04 
d 1.000000000e-01 1.000000000e+00 3.226191258e-08 3.169556680e-08 3.169556680e-08 3.226191258e-08 1.000000000e+00 2.700000000e+02 0.000000000e+00 9.838520766e-01 1.614792345e-02 -2.370000000e+01 -2.370000000e+01 -3.671964795e-04 0.000000000e+00 0.000000000e+00 3.671964795e-04 
d 1.000000000e-01 1.000000000e+00 3.226191258e-08 3.169556680e-08 3.169556680e-08 3.226191258e-08 1.000000000e+00 2.700000000e+02 0.000000000e+00 9.838520766e-01 1.614792345e-02 -2.380000000e+01 -2.380000000e+01 -3.906850531e-04 0.000000000e+00 0.000000000e+00 3.906850531e-04 
d 1.000000000e-01 1.000000000e+00 3.226191258e-08 3.169556680e-08 3.169556680e-08 3.226191258e-08 1.000000000e+00 2.700000000e+02 0.000000000e+00 9.838520766e-01 1.614792345e-02 -2.390000000e+01 -2.390000000e+01 -4.143379978e-04 0.000000000e+00 0.000000000e+00 4.143379978e-04 
d 1.000000000e-01 1.000000000e+00 3.226191258e-08 3.169556680e-08 3.169556680e-08 3.226191258e-08 1.000000000e+00 2.700000000e+02 0.000000000e+00 9.838520766e-01 1.614792345e-02 -2.400000000e+01 -2.400000000e+01 -4.381246744e-04 0.000000000e+00 0.000000000e+00 4.381246744e-04 
d 1.000000000e-01 1.000000000e+00 3.226191258e-08 3.169556680e-08 3.169556680e-08 3.226191258e-08 1.000000000e+00 2.700000000e+02 0.000000000e+00 9.838520766e-01 1.614792345e-02 -2.410000000e+01 -2.410000000e+01 -4.620170289e-04 0.000000000e+00 0.000000000e+00 4.620170289e-04 
d 1.000000000e-01 1.000000000e+00 3.226191258e-08 3.169556680e-08 3.169556680e-08 3.226191258e-08 1.000000000e+00 2.700000000e+02 0.000000000e+00 9.838520766e-01 1.614792345e-02 -2.420000000e+01 -2.420000000e+01 -4.859895071e-04 0.000000000e+00 0.000000000e+00 4.859895071e-04 
d 1.000000000e-01 1.000000000e+00 3.226191258e-08 3.169556680e-08 3.169556680e-08 3.226191258e-08 1.000000000e+00 2.700000000e+02 0.000000000e+00 9.838520766e-01 1.614792345e-02 -2.430000000e+01 -2.430000000e+01 -5.100189733e-04 0.000000000e+00 0.000000000e+00 5.100189733e-04 
d 1.000000000e-01 1.000000000e+00 3.226191258e-08 3.169556680e-08 3.169556680e-08 3.226191258e-08 1.000000000e+00 2.700000000e+02 0.000000000e+00 9.838520766e-01 1.614792345e-02 -2.440000000e+01 -2.440000000e+01 -5.340846253e-04 0.000000000e+00 0.000000000e+00 5.340846253e-04 
d 1.000000000e-01 1.000000000e+00 3.226191258e-08 3.169556680e-08 3.169556680e-08 3.226191258e-08 1.000000000e+00 2.700000000e+02 0.000000000e+00 9.838520766e-01 1.614792345e-02 -2.450000000e+01 -2.450000000e+01 -5.581679030e-04 0.000000000e+00 0.000000000e+00 5.581679030e-04 
d 1.000000000e-01 1.000000000e+00 3.226191258e-08 3.169556680e-08 3.169556680e-08 3.226191258e-08 1.000000000e+00 2.700000000e+02 0.000000000e+00 9.838520766e-01 1.614792345e-02 -2.460000000e+01 -2.460000000e+01 -5.822523866e-04 0.000000000e+00 0.000000000e+00 5.822523866e-04 
d 1.000000000e-01 1.000000000e+00 3.226191258e-08 3.169556680e-08 3.169556680e-08 3.226191258e-08 1.000000000e+00 2.700000000e+02 0.000000000e+00 9.838520766e-01 1.614792345e-02 -2.470000000e+01 -2.470000000e+01 -6.063236866e-04 0.000000000e+00 0.000000000e+00 6.063236866e-04 
d 1.000000000e-01 1.000000000e+00 3.226191258e-08 3.169556680e-08 3.169556680e-08 3.226191258e-08 1.000000000e+00 2.700000000e+02 0.000000000e+00 9.838520766e-01 1.614792345e-02 -2.480000000e+01 -2.480000000e+01 -6.303693222e-04 0.000000000e+00 0.000000000e+00 6.303693222e-04 
d 1.000000000e-01 1.000000000e+00 3.226191258e-08 3.169556680e-08 3.169556680e-08 3.226191258e-08 1.000000000e+00 2.700000000e+02 0.000000000e+00 9.838520766e-01 1.614792345e-02 -2.490000000e+01 -2.490000000e+01 -6.543785944e-04 0.000000000e+00 0.000000000e+00 6.543785944e-04 
d 1.000000000e-01 1.000000000e+00 3.226191258e-08 3.169556680e-08 3.169556680e-08 3.226191258e-08 1.000000000e+00 2.700000000e+02 0.000000000e+00 9.838520766e-01 1.614792345e-02 -2.500000000e+01 -2.500000000e+01 -6.783424519e-04 0.000000000e+00 0.000000000e+00 6.783424519e-04 
d 1.000000000e-01 1.000000000e+00 3.226191258e-08 3.169556680e-08 3.169556680e-08 3.226191258e-08 1.000000000e+00 2.700000000e+02 0.000000000e+00 9.838520766e-01 1.614792345e-02 -2.510000000e+01 -2.510000000e+01 -7.022533565e-04 0.000000000e+00 0.000000000e+00 7.022533565e-04 
d 1.000000000e-01 1.000000000e+00 3.226191258e-08 3.169556680e-08 3.169556680e-08 3.226191258e-08 1.000000000e+00 2.700000000e+02 0.000000000e+00 9.838520766e-01 1.614792345e-02 -2.520000000e+01 -2.520000000e+01 -7.261051484e-04 0.000000000e+00 0.000000000e+00 7.261051484e-04 
d 1.000000000e-01 1.000000000e+00 3.226191258e-08 3.169556680e-08 3.169556680e-08 3.226191258e-08 1.000000000e+00 2.700000000e+02 0.000000000e+00 9.838520766e-01 1.614792345e-02 -2.530000000e+01 -2.530000000e+01 -7.498929137e-04 0.000000000e+00 0.000000000e+00 7.498929137e-04 
d 1.000000000e-01 1.000000000e+00 3.226191258e-08 3.169556680e-08 3.169556680e-08 3.226191258e-08 1.000000000e+00 2.700000000e+02 0.000000000e+00 9.838520766e-01 1.614792345e-02 -2.540000000e+01 -2.540000000e+01 -7.736128571e-04 0.000000000e+00 0.000000000e+00 7.736128571e-04 
d 1.000000000e-01 1.000000000e+00 3.226191258e-08 3.169556680e-08 3.169556680e-08 3.226191258e-08 1.000000000e+00 2.700000000e+02 0.000000000e+00 9.838520766e-01 1.614792345e-02 -2.550000000e+01 -2.550000000e+01 -7.972621798e-04 0.000000000e+00 0.000000000e+00 7.972621799e-04 
d 1.000000000e-01 1.000000000e+00 3.226191258e-08 3.169556680e-08 3.169556680e-08 3.226191258e-08 1.000000000e+00 2.700000000e+02 0.000000000e+00 9.838520766e-01 1.614792345e-02 -2.560000000e+01 -2.560000000e+01 -8.208389642e-04 0.000000000e+00 0.000000000e+00 8.208389642e-04 
d 1.000000000e-01 1.000000000e+00 3.226191258e-08 3.169556680e-08 3.169556680e-08 3.226191258e-08 1.000000000e+00 2.700000000e+02 0.000000000e+00 9.838520766e-01 1.614792345e-02 -2.570000000e+01 -2.570000000e+01 -8.443420648e-04 0.000000000e+00 0.000000000e+00 8.443420648e-04 
d 1.000000000e-01 1.000000000e+00 3.226191258e-08 3.169556680e-08 3.169556680e-08 3.226191258e-08 1.000000000e+00 2.700000000e+02 0.000000000e+00 9.838520766e-01 1.614792345e-02 -2.580000000e+01 -2.580000000e+01 -8.677710069e-04 0.000000000e+00 0.000000000e+00 8.677710069e-04 
d 1.000000000e-01 1.000000000e+00 3.226191258e-08 3.169556680e-08 3.169556680e-08 3.226191258e-08 1.000000000e+00 2.700000000e+02 0.000000000e+00 9.838520766e-01 1.614792345e-02 -2.590000000e+01 -2.590000000e+01 -8.911258921e-04 0.000000000e+00 0.000000000e+00 8.911258921e-04 
d 1.000000000e-01 1.000000000e+00 3.226191258e-08 3.169556680e-08 3.169556680e-08 3.226191258e-08 1.000000000e+00 2.700000000e+02 0.000000000e+00 9.838520766e-01 1.614792345e-02 -2.600000000e+01 -2.600000000e+01 -9.144073113e-04 0.000000000e+00 0.000000000e+00 9.144073113e-04 
d 1.000000000e-01 1.000000000e+00 3.226191258e-08 3.169556680e-08 3.169556680e-08 3.226191258e-08 1.000000000e+00 2.700000000e+02 0.000000000e+00 9.838520766e-01 1.614792345e-02 -2.610000000e+01 -2.610000000e+01 -9.376162646e-04 0.000000000e+00 0.000000000e+00 9.376162646e-04 
d 1.000000000e-01 1.000000000e+00 3.226191258e-08 3.169556680e-08 3.169556680e-08 3.226191258e-08 1.000000000e+00 2.700000000e+02 0.000000000e+00 9.838520766e-01 1.614792345e-02 -2.620000000e+01 -2.620000000e+01 -9.607540890e-04 0.000000000e+00 0.000000000e+00 9.607540890e-04 
d 1.000000000e-01 1.000000000e+00 3.226191258e-08 3.169556680e-08 3.169556680e-08 3.226191258e-08 1.000000000e+00 2.700000000e+02 0.000000000e+00 9.838520766e-01 1.614792345e-02 -2.630000000e+01 -2.630000000e+01 -9.838223928e-04 0.000000000e+00 0.000000000e+00 9.838223928e-04 
d 1.000000000e-01 1.000000000e+00 3.226191258e-08 3.169556680e-08 3.169556680e-08 3.226191258e-08 1.000000000e+00 2.700000000e+02 0.000000000e+00 9.838520766e-01 1.614792345e-02 -2.640000000e+01 -2.640000000e+01 -1.006822997e-03 0.000000000e+00 0.000000000e+00 1.006822997e-03 
d 1.000000000e-01 1.000000000e+00 3.226191258e-08 3.169556680e-08 3.169556680e-08 3.226191258e-08 1.000000000e+00 2.700000000e+02 0.000000000e+00 9.838520766e-01 1.614792345e-02 -2.650000000e+01 -2.650000000e+01 -1.029757884e-03 0.000000000e+00 0.000000000e+00 1.029757884e-03 
d 1.000000000e-01 1.000000000e+00 3.226191258e-08 3.169556680e-08 3.169556680e-08 3.226191258e-08 1.000000000e+00 2.700000000e+02 0.000000000e+00 9.838520766e-01 1.614792345e-02 -2.660000000e+01 -2.660000000e+01 -1.052629152e-03 0.000000000e+00 0.000000000e+00 1.052629152e-03 
d 1.000000000e-01 1.000000000e+00 3.226191258e-08 3.169556680e-08 3.169556680e-08 3.226191258e-08 1.000000000e+00 2.700000000e+02 0.000000000e+00 9.838520766e-01 1.614792345e-02 -2.670000000e+01 -2.670000000e+01 -1.075438975e-03 0.000000000e+00 0.000000000e+00 1.075438975e-03 
d 1.000000000e-01 1.000000000e+00 3.226191258e-08 3.169556680e-08 3.169556680e-08 3.226191258e-08 1.000000000e+00 2.700000000e+02 0.000000000e+00 9.838520766e-01 1.614792345e-02 -2.680000000e+01 -2.680000000e+01 -1.098189571e-03 0.000000000e+00 0.000000000e+00 1.098189571e-03 
d 1.000000000e-01 1.000000000e+00 3.226191258e-08 3.169556680e-08 3.169556680e-08 3.226191258e-08 1.000000000e+00 2.700000000e+02 0.000000000e+00 9.838520766e-01 1.614792345e-02 -2.690000000e+01 -2.690000000e+01 -1.120883172e-03 0.000000000e+00 0.000000000e+00 1.120883172e-03 
d 1.000000000e-01 1.000000000e+00 3.226191258e-08 3.169556680e-08 3.169556680e-08 3.226191258e-08 1.000000000e+00 2.700000000e+02 0.000000000e+00 9.838520766e-01 1.614792345e-02 -2.700000000e+01 -2.700000000e+01 -1.143522002e-03 0.000000000e+00 0.000000000e+00 1.143522002e-03 
d 1.000000000e-01 1.000000000e+00 3.226191258e-08 3.169556680e-08 3.169556680e-08 3.226191258e-08 1.000000000e+00 2.700000000e+02 0.000000000e+00 9.838520766e-01 1.614792345e-02 -2.710000000e+01 -2.710000000e+01 -1.166108258e-03 0.000000000e+00 0.000000000e+00 1.166108258e-03 
d 1.000000000e-01 1.000000000e+00 3.226191258e-08 3.169556680e-08 3.169556680e-08 3.226191258e-08 1.000000000e+00 2.700000000e+02 0.000000000e+00 9.838520766e-01 1.614792345e-02 -2.720000000e+01 -2.720000000e+01 -1.188644093e-03 0.000000000e+00 0.000000000e+00 1.188644093e-03 
d 1.000000000e-01 1.000000000e+00 3.226191258e-08 3.169556680e-08 3.169556680e-08 3.226191258e-08 1.000000000e+00 2.700000000e+02 0.000000000e+00 9.838520766e-01 1.614792345e-02 -2.730000000e+01 -2.730000000e+01 -1.211131606e-03 0.000000000e+00 0.000000000e+00 1.211131606e-03 
d 1.000000000e-01 1.000000000e+00 3.226191258e-08 3.169556680e-08 3.169556680e-08 3.226191258e-08 1.000000000e+00 2.700000000e+02 0.000000000e+00 9.838520766e-01 1.614792345e-02 -2.740000000e+01 -2.740000000e+01 -1.233572834e-03 0.000000000e+00 0.000000000e+00 1.233572834e-03 
d 1.000000000e-01 1.000000000e+00 3.226191258e-08 3.169556680e-08 3.169556680e-08 3.226191258e-08 1.000000000e+00 2.700000000e+02 0.000000000e+00 9.838520766e-01 1.614792345e-02 -2.750000000e+01 -2.750000000e+01 -1.255969742e-03 0.000000000e+00 0.000000000e+00 1.255969742e-03 
d 1.000000000e-01 1.000000000e+00 3.226191258e-08 3.169556680e-08 3.169556680e-08 3.226191258e-08 1.000000000e+00 2.700000000e+02 0.000000000e+00 9.838520766e-01 1.614792345e-02 -2.760000000e+01 -2.760000000e+01 -1.278324226e-03 0.000000000e+00 0.000000000e+00 1.278324226e-03 
d 1.000000000e-01 1.000000000e+00 3.226191258e-08 3.169556680e-08 3.169556680e-08 3.226191258e-08 1.000000000e+00 2.700000000e+02 0.000000000e+00 9.838520766e-01 1.614792345e-02 -2.770000000e+01 -2.770000000e+01 -1.300638104e-03 0.000000000e+00 0.000000000e+00 1.300638104e-03 
d 1.000000000e-01 1.000000000e+00 3.226191258e-08 3.169556680e-08 3.169556680e-08 3.226191258e-08 1.000000000e+00 2.700000000e+02 0.000000000e+00 9.838520766e-01 1.614792345e-02 -2.780000000e+01 -2.780000000e+01 -1.322913123e-03 0.000000000e+00 0.000000000e+00 1.322913123e-03 
d 1.000000000e-01 1.000000000e+00 3.226191258e-08 3.169556680e-08 3.169556680e-08 3.226191258e-08 1.000000000e+00 2.700000000e+02 0.000000000e+00 9.838520766e-01 1.614792345e-02 -2.790000000e+01 -2.790000000e+01 -1.345150953e-03 0.000000000e+00 0.000000000e+00 1.345150953e-03 
d 1.000000000e-01 1.000000000e+00 3.226191258e-08 3.169556680e-08 3.169556680e-08 3.226191258e-08 1.000000000e+00 2.700000000e+02 0.000000000e+00 9.838520766e-01 1.614792345e-02 -2.800000000e+01 -2.800000000e+01 -1.367353197e-03 0.000000000e+00 0.000000000e+00 1.367353197e-03 
d 1.000000000e-01 1.000000000e+00 3.226191258e-08 3.169556680e-08 3.169556680e-08 3.226191258e-08 1.000000000e+00 2.700000000e+02 0.000000000e+00 9.838520766e-01 1.614792345e-02 -2.810000000e+01 -2.810000000e+01 -1.389521391e-03 0.000000000e+00 0.000000000e+00 1.389521391e-03 
d 1.000000000e-01 1.000000000e+00 3.226191258e-08 3.169556680e-08 3.169556680e-08 3.226191258e-08 1.000000000e+00 2.700000000e+02 0.000000000e+00 9.838520766e-01 1.614792345e-02 -2.820000000e+01 -2.820000000e+01 -1.411657008e-03 0.000000000e+00 0.000000000e+00 1.411657008e-03 
d 1.000000000e-01 1.000000000e+00 3.226191258e-08 3.169556680e-08 3.169556680e-08 3.226191258e-08 1.000000000e+00 2.700000000e+02 0.000000000e+00 9.838520766e-01 1.614792345e-02 -2.830000000e+01 -2.830000000e+01 -1.433761465e-03 0.000000000e+00 0.000000000e+00 1.433761465e-03 
d 1.000000000e-01 1.000000000e+00 3.226191258e-08 3.169556680e-08 3.169556680e-08 3.226191258e-08 1.000000000e+00 2.700000000e+02 0.000000000e+00 9.838520766e-01 1.614792345e-02 -2.840000000e+01 -2.840000000e+01 -1.455836129e-03 0.000000000e+00 0.000000000e+00 1.455836129e-03 
d 1.000000000e-01 1.000000000e+00 3.226191258e-08 3.169556680e-08 3.169556680e-08 3.226191258e-08 1.000000000e+00 2.700000000e+02 0.000000000e+00 9.838520766e-01 1.614792345e-02 -2.850000000e+01 -2.850000000e+01 -1.477882326e-03 0.000000000e+00 0.000000000e+00 1.477882326e-03 
d 1.000000000e-01 1.000000000e+00 3.226191258e-08 3.169556680e-08 3.169556680e-08 3.226191258e-08 1.000000000e+00 2.700000000e+02 0.000000000e+00 9.838520766e-01 1.614792345e-02 -2.860000000e+01 -2.860000000e+01 -1.499901344e-03 0.000000000e+00 0.000000000e+00 1.499901344e-03 
d 1.000000000e-01 1.000000000e+00 3.226191258e-08 3.169556680e-08 3.169556680e-08 3.226191258e-08 1.000000000e+00 2.700000000e+02 0.000000000e+00 9.838520766e-01 1.614792345e-02 -2.870000000e+01 -2.870000000e+01 -1.521894446e-03 0.000000000e+00 0.000000000e+00 1.521894446e-03 
d 1.000000000e-01 1.000000000e+00 3.226191258e-08 3.169556680e-08 3.169556680e-08 3.226191258e-08 1.000000000e+00 2.700000000e+02 0.000000000e+00 9.838520766e-01 1.614792345e-02 -2.880000000e+01 -2.880000000e+01 -1.543862877e-03 0.000000000e+00 0.000000000e+00 1.543862877e-03 
d 1.000000000e-01 1.000000000e+00 3.226191258e-08 3.169556680e-08 3.169556680e-08 3.226191258e-08 1.000000000e+00 2.700000000e+02 0.000000000e+00 9.838520766e-01 1.614792345e-02 -2.890000000e+01 -2.890000000e+01 -1.565807876e-03 0.000000000e+00 0.000000000e+00 1.565807876e-03 
d 1.000000000e-01 1.000000000e+00 3.226191258e-08 3.169556680e-08 3.169556680e-08 3.226191258e-08 1.000000000e+00 2.700000000e+02 0.000000000e+00 9.838520766e-01 1.614792345e-02 -2.900000000e+01 -2.900000000e+01 -1.587730687e-03 0.000000000e+00 0.000000000e+00 1.587730687e-03 
d 1.000000000e-01 1.000000000e+00 3.226191258e-08 3.169556680e-08 3.169556680e-08 3.226191258e-08 1.000000000e+00 2.700000000e+02 0.000000000e+00 9.838520766e-01 1.614792345e-02 -2.910000000e+01 -2.910000000e+01 -1.609632570e-03 0.000000000e+00 0.000000000e+00 1.609632570e-03 
d 1.000000000e-01 1.000000000e+00 3.226191258e-08 3.169556680e-08 3.169556680e-08 3.226191258e-08 1.000000000e+00 2.700000000e+02 0.000000000e+00 9.838520766e-01 1.614792345e-02 -2.920000000e+01 -2.920000000e+01 -1.631514820e-03 0.000000000e+00 0.000000000e+00 1.631514820e-03 
d 1.000000000e-01 1.000000000e+00 3.226191258e-08 3.169556680e-08 3.169556680e-08 3.226191258e-08 1.000000000e+00 2.700000000e+02 0.000000000e+00 9.838520766e-01 1.614792345e-02 -2.930000000e+01 -2.930000000e+01 -1.653378783e-03 0.000000000e+00 0.000000000e+00 1.653378783e-03 
d 1.000000000e-01 1.000000000e+00 3.226191258e-08 3.169556680e-08 3.169556680e-08 3.226191258e-08 1.000000000e+00 2.700000000e+02 0.000000000e+00 9.838520766e-01 1.614792345e-02 -2.940000000e+01 -2.940000000e+01 -1.675225876e-03 0.000000000e+00 0.000000000e+00 1.675225876e-03 
d 1.000000000e-01 1.000000000e+00 3.226191258e-08 3.169556680e-08 3.169556680e-08 3.226191258e-08 1.000000000e+00 2.700000000e+02 0.000000000e+00 9.838520766e-01 1.614792345e-02 -2.950000000e+01 -2.950000000e+01 -1.697057614e-03 0.000000000e+00 0.000000000e+00 1.697057614e-03 
d 1.000000000e-01 1.000000000e+00 3.226191258e-08 3.169556680e-08 3.169556680e-08 3.226191258e-08 1.000000000e+00 2.700000000e+02 0.000000000e+00 9.838520766e-01 1.614792345e-02 -2.960000000e+01 -2.960000000e+01 -1.718875645e-03 0.000000000e+00 0.000000000e+00 1.718875645e-03 
d 1.000000000e-01 1.000000000e+00 3.226191258e-08 3.169556680e-08 3.169556680e-08 3.226191258e-08 1.000000000e+00 2.700000000e+02 0.000000000e+00 9.838520766e-01 1.614792345e-02 -2.970000000e+01 -2.970000000e+01 -1.740681783e-03 0.000000000e+00 0.000000000e+00 1.740681783e-03 
d 1.000000000e-01 1.000000000e+00 3.226191258e-08 3.169556680e-08 3.169556680e-08 3.226191258e-08 1.000000000e+00 2.700000000e+02 0.000000000e+00 9.838520766e-01 1.614792345e-02 -2.980000000e+01 -2.980000000e+01 -1.762478066e-03 0.000000000e+00 0.000000000e+00 1.762478066e-03 
d 1.000000000e-01 1.000000000e+00 3.226191258e-08 3.169556680e-08 3.169556680e-08 3.226191258e-08 1.000000000e+00 2.700000000e+02 0.000000000e+00 9.838520766e-01 1.614792345e-02 -2.990000000e+01 -2.990000000e+01 -1.784266824e-03 0.000000000e+00 0.000000000e+00 1.784266824e-03 
d 1.000000000e-01 1.000000000e+00 3.226191258e-08 3.169556680e-08 3.169556680e-08 3.226191258e-08 1.000000000e+00 2.700000000e+02 0.000000000e+00 9.838520766e-01 1.614792345e-02 -3.000000000e+01 -3.000000000e+01 -1.806050764e-03 0.000000000e+00 0.000000000e+00 1.806050764e-03 
