v ATLAS
# This file was created by ATLAS version 5.26.1.R on Tue Apr 17 22:18:53 2018.
#SSF 2.0 generic
##############################################################################
#                    Copyright (c) 1984 - 2018                               #
#                    Silvaco Inc. All rights reserved                        #
#                                                                            #
# This file format and the following Key are copyright Silvaco Inc.          #
# You may not use, this format or key without reproducing this message in    #
# full and obtaining express written permission from Silvaco Inc.            #
#                                                                            #
# To obtain such permission please contact: Silvaco Inc.                     #
#                                           support@silvaco.com              #
#                                                                            #
# KEY=SVC86hn7562asdx                       PROD=345                         #
##############################################################################
y 3 700 711 15
z 13 0.08 300
f 3 "gate" "emitter" "collector" 
p 9 2 601 20 3 602 21 4 603 22 
d 1.000000000e+01 1.000000000e+01 0.000000000e+00 0.000000000e+00 0.000000000e+00 -1.328410095e-16 1.000000000e-01 1.000000000e-01 6.899917787e-14 
d 1.000000000e+01 1.000000000e+01 0.000000000e+00 0.000000000e+00 0.000000000e+00 -4.320085150e-15 2.000000000e-01 2.000000000e-01 4.393844589e-15 
d 1.000000000e+01 1.000000000e+01 0.000000000e+00 0.000000000e+00 0.000000000e+00 -1.998492216e-13 3.000000000e-01 3.000000000e-01 1.998743855e-13 
d 1.000000000e+01 1.000000000e+01 0.000000000e+00 0.000000000e+00 0.000000000e+00 -8.950804294e-12 4.000000000e-01 4.000000000e-01 8.950794342e-12 
d 1.000000000e+01 1.000000000e+01 0.000000000e+00 0.000000000e+00 0.000000000e+00 -3.885663858e-10 5.000000000e-01 5.000000000e-01 3.885664385e-10 
d 1.000000000e+01 1.000000000e+01 0.000000000e+00 0.000000000e+00 0.000000000e+00 -1.326494917e-08 6.000000000e-01 6.000000000e-01 1.326494915e-08 
d 1.000000000e+01 1.000000000e+01 0.000000000e+00 0.000000000e+00 0.000000000e+00 -1.844788506e-07 7.000000000e-01 7.000000000e-01 1.844788506e-07 
d 1.000000000e+01 1.000000000e+01 0.000000000e+00 0.000000000e+00 0.000000000e+00 -1.061583223e-06 8.000000000e-01 8.000000000e-01 1.061583223e-06 
d 1.000000000e+01 1.000000000e+01 0.000000000e+00 0.000000000e+00 0.000000000e+00 -3.315490220e-06 9.000000000e-01 9.000000000e-01 3.315490220e-06 
d 1.000000000e+01 1.000000000e+01 0.000000000e+00 0.000000000e+00 0.000000000e+00 -6.833770482e-06 1.000000000e+00 1.000000000e+00 6.833770484e-06 
d 1.000000000e+01 1.000000000e+01 0.000000000e+00 0.000000000e+00 0.000000000e+00 -1.123195845e-05 1.100000000e+00 1.100000000e+00 1.123195846e-05 
d 1.000000000e+01 1.000000000e+01 0.000000000e+00 0.000000000e+00 0.000000000e+00 -1.622498686e-05 1.200000000e+00 1.200000000e+00 1.622498685e-05 
d 1.000000000e+01 1.000000000e+01 0.000000000e+00 0.000000000e+00 0.000000000e+00 -2.158205093e-05 1.300000000e+00 1.300000000e+00 2.158205089e-05 
d 1.000000000e+01 1.000000000e+01 0.000000000e+00 0.000000000e+00 0.000000000e+00 -2.712306968e-05 1.400000000e+00 1.400000000e+00 2.712306963e-05 
d 1.000000000e+01 1.000000000e+01 0.000000000e+00 0.000000000e+00 0.000000000e+00 -3.272012271e-05 1.500000000e+00 1.500000000e+00 3.272012265e-05 
d 1.000000000e+01 1.000000000e+01 0.000000000e+00 0.000000000e+00 0.000000000e+00 -6.027680507e-05 2.000000000e+00 2.000000000e+00 6.027680462e-05 
d 1.000000000e+01 1.000000000e+01 0.000000000e+00 0.000000000e+00 0.000000000e+00 -1.152196156e-04 3.000000000e+00 3.000000000e+00 1.152196146e-04 
d 1.000000000e+01 1.000000000e+01 0.000000000e+00 0.000000000e+00 0.000000000e+00 -1.597928934e-04 4.000000000e+00 4.000000000e+00 1.597928906e-04 
d 1.000000000e+01 1.000000000e+01 0.000000000e+00 0.000000000e+00 0.000000000e+00 -1.917969601e-04 5.000000000e+00 5.000000000e+00 1.917969586e-04 
d 1.000000000e+01 1.000000000e+01 0.000000000e+00 0.000000000e+00 0.000000000e+00 -2.128204801e-04 6.000000000e+00 6.000000000e+00 2.128204800e-04 
d 1.000000000e+01 1.000000000e+01 0.000000000e+00 0.000000000e+00 0.000000000e+00 -2.261838952e-04 7.000000000e+00 7.000000000e+00 2.261838948e-04 
d 1.000000000e+01 1.000000000e+01 0.000000000e+00 0.000000000e+00 0.000000000e+00 -2.345240481e-04 8.000000000e+00 8.000000000e+00 2.345240480e-04 
d 1.000000000e+01 1.000000000e+01 0.000000000e+00 0.000000000e+00 0.000000000e+00 -2.397418612e-04 9.000000000e+00 9.000000000e+00 2.397418607e-04 
d 1.000000000e+01 1.000000000e+01 0.000000000e+00 0.000000000e+00 0.000000000e+00 -2.432400426e-04 1.000000000e+01 1.000000000e+01 2.432400427e-04 
d 1.000000000e+01 1.000000000e+01 0.000000000e+00 0.000000000e+00 0.000000000e+00 -2.459594663e-04 1.100000000e+01 1.100000000e+01 2.459594662e-04 
d 1.000000000e+01 1.000000000e+01 0.000000000e+00 0.000000000e+00 0.000000000e+00 -2.486500247e-04 1.200000000e+01 1.200000000e+01 2.486500245e-04 
d 1.000000000e+01 1.000000000e+01 0.000000000e+00 0.000000000e+00 0.000000000e+00 -2.513577027e-04 1.300000000e+01 1.300000000e+01 2.513577026e-04 
d 1.000000000e+01 1.000000000e+01 0.000000000e+00 0.000000000e+00 0.000000000e+00 -2.538368397e-04 1.400000000e+01 1.400000000e+01 2.538368397e-04 
d 1.000000000e+01 1.000000000e+01 0.000000000e+00 0.000000000e+00 0.000000000e+00 -2.561606651e-04 1.500000000e+01 1.500000000e+01 2.561606651e-04 
d 1.000000000e+01 1.000000000e+01 0.000000000e+00 0.000000000e+00 0.000000000e+00 -2.584763594e-04 1.600000000e+01 1.600000000e+01 2.584763595e-04 
d 1.000000000e+01 1.000000000e+01 0.000000000e+00 0.000000000e+00 0.000000000e+00 -2.607181286e-04 1.700000000e+01 1.700000000e+01 2.607181287e-04 
d 1.000000000e+01 1.000000000e+01 0.000000000e+00 0.000000000e+00 0.000000000e+00 -2.633182617e-04 1.800000000e+01 1.800000000e+01 2.633182615e-04 
d 1.000000000e+01 1.000000000e+01 0.000000000e+00 0.000000000e+00 0.000000000e+00 -2.662378769e-04 1.900000000e+01 1.900000000e+01 2.662378768e-04 
d 1.000000000e+01 1.000000000e+01 0.000000000e+00 0.000000000e+00 0.000000000e+00 -2.692407176e-04 2.000000000e+01 2.000000000e+01 2.692407176e-04 
