v VICTORYDEVICE
# silvaco.file ASCII version=1.14.23 format=1 contents=SDB,Tables=1

Copyright "###################################################################"
Copyright "#                    Copyright Silvaco Inc. (c)                   #"
Copyright "#                            1992-2014                            #"
Copyright "#                                                                 #"
Copyright "# This file format and the following Key are copyright Silvaco    #"
Copyright "# International. You may not use, this format or key without      #"
Copyright "# reproducing this message in full and obtaining                  #"
Copyright "# express written permission from Silvaco Inc.                    #"
Copyright "#                                                                 #"
Copyright "# To obtain such permission please contact: Silvaco Inc.          #"
Copyright "#                                           support@silvaco.com   #"
Copyright "#                                                                 #"
Copyright "# KEY=SVC86hn7562asdx                       PROD=345              #"
Copyright "###################################################################"
#This file was created by VICTORYDEVICE version 1.12.1.R
#victoryd 1.12.1.R (Thu Apr 12 10:17:20 PDT 2018)
#libSDB 1.12.42 (Thu Oct 26 19:20:24 PDT 2017)
a VICTORYDEVICE
j 1 9
k 4
r 1 92
x 3 43 42 46
w gate 1 1
r 2 92
x 3 43 42 46
w source 1 2
r 3 92
x 3 43 42 46
w drain 1 3
r 4 92
x 3 43 42 46
w substrate 1 4
y 1 15
z 300
p 12 2 601 20 3 602 21 4 603 22 5 604 23
d 1 1 0 0 0 -1.1428768086564814e-21 0 0 -6.5810223526215229e-22 0 0 0
d 1 1 0 0 0 -1.1424403392165655e-06 0.01 0.01 1.1424403392156274e-06 0 0 0
d 1 1 0 0 0 -2.26975914373999e-06 0.02 0.02 2.2697591437380905e-06 0 0 0
d 1 1 0 0 0 -3.3814849612036967e-06 0.03 0.03 3.3814849612035506e-06 0 0 0
d 1 1 0 0 0 -4.4771343978973654e-06 0.04 0.04 4.4771343978972756e-06 0 0 0
d 1 1 0 0 0 -5.5562192690708227e-06 0.05 0.05 5.5562192690697783e-06 0 0 0
d 1 1 0 0 0 -6.6182309318558591e-06 0.06 0.06 6.6182309318533756e-06 0 0 0
d 1 1 0 0 0 -7.6626482303627325e-06 0.07 0.07 7.6626482303658309e-06 0 0 0
d 1 1 0 0 0 -8.6889740754883774e-06 0.08 0.08 8.6889740754869646e-06 0 0 0
d 1 1 0 0 0 -9.6966508463776891e-06 0.09 0.09 9.6966508463778415e-06 0 0 0
d 1 1 0 0 0 -1.0685147331799247e-05 0.1 0.1 1.0685147331798873e-05 0 0 0
d 1 1 0 0 0 -1.5320759949298639e-05 0.15 0.15 1.5320759949406734e-05 0 0 0
d 1 1 0 0 0 -1.939498932426574e-05 0.2 0.2 1.9394989324151218e-05 0 0 0
d 1 1 0 0 0 -2.2846837201269896e-05 0.25 0.25 2.2846837201237899e-05 0 0 0
d 1 1 0 0 0 -2.5634435754873346e-05 0.3 0.3 2.563443575503003e-05 0 0 0
d 1 1 0 0 0 -2.7752957420618739e-05 0.35 0.35 2.7752957420965121e-05 0 0 0
d 1 1 0 0 0 -2.9252344846973772e-05 0.4 0.4 2.9252344847018471e-05 0 0 0
d 1 1 0 0 0 -3.0246494083658916e-05 0.45 0.45 3.0246494083665838e-05 0 0 0
d 1 1 0 0 0 -3.0889552986830712e-05 0.5 0.5 3.0889552987132419e-05 0 0 0
d 1 1 0 0 0 -3.1633111058555995e-05 0.6 0.6 3.1633111058399253e-05 0 0 0
d 1 1 0 0 0 -3.2528090178419471e-05 0.8 0.8 3.2528090178064314e-05 0 0 0
d 1 1 0 0 0 -3.340616770494921e-05 1 1 3.3406167705023545e-05 0 0 0
d 1 1 0 0 0 -3.3905572501620446e-05 1.2 1.2 3.3905572501863179e-05 0 0 0
d 1 1 0 0 0 -3.4274566321435172e-05 1.3999999999999999 1.3999999999999999 3.4274566321563088e-05 0 0 0
d 1 1 0 0 0 -3.4595861423539593e-05 1.5999999999999999 1.5999999999999999 3.4595861423104665e-05 0 0 0
d 1 1 0 0 0 -3.4900163089708047e-05 1.7999999999999998 1.7999999999999998 3.4900163089627633e-05 0 0 0
d 1 1 0 0 0 -3.522333230067365e-05 1.9999999999999998 1.9999999999999998 3.5223332300600954e-05 0 0 0
d 1 1 0 0 0 -3.5526097004835688e-05 2.1999999999999997 2.1999999999999997 3.5526097004436058e-05 0 0 0
d 1 1 0 0 0 -3.5747296705050118e-05 2.3999999999999999 2.3999999999999999 3.5747296704608509e-05 0 0 0
d 1 1 0 0 0 -3.5962762653980379e-05 2.6000000000000001 2.6000000000000001 3.5962762653697647e-05 0 0 0
d 1 1 0 0 0 -3.625486782318443e-05 2.8000000000000003 2.8000000000000003 3.625486782305394e-05 0 0 0
d 1 1 0 0 0 -3.6560123361377404e-05 3 3 3.6560123360939637e-05 0 0 0
Q 2 13 "Voltage #01"
Q 3 13 "Voltage #02"
Q 4 13 "Voltage #03"
Q 5 13 "Voltage #04"
Q 20 13 "Current #01"
Q 21 13 "Current #02"
Q 22 13 "Current #03"
Q 23 13 "Current #04"
Q 92 21 Contact
Q 601 13 "Int. Voltage #01"
Q 602 13 "Int. Voltage #02"
Q 603 13 "Int. Voltage #03"
Q 604 13 "Int. Voltage #04"
EOF 1476071775
