v VICTORYDEVICE
# silvaco.file ASCII version=1.14.23 format=1 contents=SDB,Tables=1

Copyright "###################################################################"
Copyright "#                    Copyright Silvaco Inc. (c)                   #"
Copyright "#                            1992-2014                            #"
Copyright "#                                                                 #"
Copyright "# This file format and the following Key are copyright Silvaco    #"
Copyright "# International. You may not use, this format or key without      #"
Copyright "# reproducing this message in full and obtaining                  #"
Copyright "# express written permission from Silvaco Inc.                    #"
Copyright "#                                                                 #"
Copyright "# To obtain such permission please contact: Silvaco Inc.          #"
Copyright "#                                           support@silvaco.com   #"
Copyright "#                                                                 #"
Copyright "# KEY=SVC86hn7562asdx                       PROD=345              #"
Copyright "###################################################################"
#This file was created by VICTORYDEVICE version 1.12.1.R
#victoryd 1.12.1.R (Thu Apr 12 10:17:20 PDT 2018)
#libSDB 1.12.42 (Thu Oct 26 19:20:24 PDT 2017)
a VICTORYDEVICE
j 1 9
k 4
r 1 92
x 3 43 42 46
w gate 1 1
r 2 92
x 3 43 42 46
w source 1 2
r 3 92
x 3 43 42 46
w drain 1 3
r 4 92
x 3 43 42 46
w substrate 1 4
y 1 15
z 300
p 12 2 601 20 3 602 21 4 603 22 5 604 23
d 0 0 0 0 0 -2.1067856588624022e-11 0.1 0.1 2.106785743464146e-11 0 0 0
d 0.1 0.1 0 0 0 -4.1862375679569576e-10 0.1 0.1 4.1860957812520838e-10 0 0 0
d 0.2 0.2 0 0 0 -1.5983690032544878e-08 0.1 0.1 1.598369003293548e-08 0 0 0
d 0.3 0.3 0 0 0 -1.8989042857530611e-07 0.1 0.1 1.898903089546844e-07 0 0 0
d 0.4 0.4 0 0 0 -5.9438001366349065e-07 0.1 0.1 5.9438001366255499e-07 0 0 0
d 0.5 0.5 0 0 0 -1.1379032900977639e-06 0.1 0.1 1.1379032900974173e-06 0 0 0
d 0.6 0.6 0 0 0 -1.8054577428910329e-06 0.1 0.1 1.8054577428865338e-06 0 0 0
d 0.7 0.7 0 0 0 -2.7084351077209895e-06 0.1 0.1 2.7084351077183527e-06 0 0 0
d 0.8 0.8 0 0 0 -3.8009701468216241e-06 0.1 0.1 3.8009701468214229e-06 0 0 0
d 0.9 0.9 0 0 0 -4.8741965494343677e-06 0.1 0.1 4.8741965493942429e-06 0 0 0
d 1 1 0 0 0 -5.8491269321670445e-06 0.1 0.1 5.8491269321812662e-06 0 0 0
d 1.0999999999999999 1.0999999999999999 0 0 0 -6.7429667474047202e-06 0.1 0.1 6.742966747363191e-06 0 0 0
d 1.2 1.2 0 0 0 -7.5776905158037808e-06 0.1 0.1 7.5776905157886714e-06 0 0 0
d 1.3 1.3 0 0 0 -8.353963498925959e-06 0.1 0.1 8.3539634989727829e-06 0 0 0
d 1.4000000000000001 1.4000000000000001 0 0 0 -9.1037424340542365e-06 0.1 0.1 9.1037424341166612e-06 0 0 0
d 1.5000000000000002 1.5000000000000002 0 0 0 -9.8478052019599387e-06 0.1 0.1 9.8478052018446643e-06 0 0 0
d 1.6000000000000003 1.6000000000000003 0 0 0 -1.0549980879583303e-05 0.1 0.1 1.0549980879613954e-05 0 0 0
d 1.7000000000000004 1.7000000000000004 0 0 0 -1.1178906960935706e-05 0.1 0.1 1.1178906961046498e-05 0 0 0
d 1.8000000000000005 1.8000000000000005 0 0 0 -1.1732250433783558e-05 0.1 0.1 1.1732250433739107e-05 0 0 0
d 1.9000000000000006 1.9000000000000006 0 0 0 -1.2218472282316154e-05 0.1 0.1 1.2218472282512093e-05 0 0 0
d 2.0000000000000004 2.0000000000000004 0 0 0 -1.2647721642203689e-05 0.1 0.1 1.2647721642190619e-05 0 0 0
d 2.1000000000000005 2.1000000000000005 0 0 0 -1.3028758412625639e-05 0.1 0.1 1.3028758412455168e-05 0 0 0
d 2.2000000000000006 2.2000000000000006 0 0 0 -1.3369139390105212e-05 0.1 0.1 1.3369139390053889e-05 0 0 0
d 2.3000000000000007 2.3000000000000007 0 0 0 -1.3675020477960939e-05 0.1 0.1 1.3675020477957433e-05 0 0 0
d 2.4000000000000008 2.4000000000000008 0 0 0 -1.3951446553563706e-05 0.1 0.1 1.3951446553577643e-05 0 0 0
d 2.5000000000000009 2.5000000000000009 0 0 0 -1.4202558285505654e-05 0.1 0.1 1.4202558285529809e-05 0 0 0
d 2.600000000000001 2.600000000000001 0 0 0 -1.4432399033431619e-05 0.1 0.1 1.4432399033172881e-05 0 0 0
d 2.7000000000000011 2.7000000000000011 0 0 0 -1.4642785419585787e-05 0.1 0.1 1.4642785419670397e-05 0 0 0
d 2.8000000000000012 2.8000000000000012 0 0 0 -1.48362638906715e-05 0.1 0.1 1.4836263890629443e-05 0 0 0
d 2.9000000000000012 2.9000000000000012 0 0 0 -1.5015319398406336e-05 0.1 0.1 1.5015319398227811e-05 0 0 0
d 3 3 0 0 0 -1.518174702792841e-05 0.1 0.1 1.5181747027986256e-05 0 0 0
Q 2 13 "Voltage #01"
Q 3 13 "Voltage #02"
Q 4 13 "Voltage #03"
Q 5 13 "Voltage #04"
Q 20 13 "Current #01"
Q 21 13 "Current #02"
Q 22 13 "Current #03"
Q 23 13 "Current #04"
Q 92 21 Contact
Q 601 13 "Int. Voltage #01"
Q 602 13 "Int. Voltage #02"
Q 603 13 "Int. Voltage #03"
Q 604 13 "Int. Voltage #04"
EOF 1384821007
