v VICTORYDEVICE
# silvaco.file ASCII version=1.14.23 format=1 contents=SDB,Tables=1

Copyright "###################################################################"
Copyright "#                    Copyright Silvaco Inc. (c)                   #"
Copyright "#                            1992-2014                            #"
Copyright "#                                                                 #"
Copyright "# This file format and the following Key are copyright Silvaco    #"
Copyright "# International. You may not use, this format or key without      #"
Copyright "# reproducing this message in full and obtaining                  #"
Copyright "# express written permission from Silvaco Inc.                    #"
Copyright "#                                                                 #"
Copyright "# To obtain such permission please contact: Silvaco Inc.          #"
Copyright "#                                           support@silvaco.com   #"
Copyright "#                                                                 #"
Copyright "# KEY=SVC86hn7562asdx                       PROD=345              #"
Copyright "###################################################################"
#This file was created by VICTORYDEVICE version 1.12.1.R
#victoryd 1.12.1.R (Thu Apr 12 10:17:20 PDT 2018)
#libSDB 1.12.42 (Thu Oct 26 19:20:24 PDT 2017)
a VICTORYDEVICE
j 1 9
k 4
r 1 92
x 3 43 42 46
w gate 1 1
r 2 92
x 3 43 42 46
w source 1 2
r 3 92
x 3 43 42 46
w drain 1 3
r 4 92
x 3 43 42 46
w substrate 1 4
y 1 15
z 300
p 12 2 601 20 3 602 21 4 603 22 5 604 23
d 0 0 0 0 0 -1.0728506302596168e-10 0.1 0.1 1.0728506302423629e-10 0 0 0
d 0.1 0.1 0 0 0 -2.5214681543464927e-09 0.1 0.1 2.5214759645870503e-09 0 0 0
d 0.2 0.2 0 0 0 -6.8924403387411001e-08 0.1 0.1 6.8924403388251298e-08 0 0 0
d 0.3 0.3 0 0 0 -5.1594580923097525e-07 0.1 0.1 5.159458092309708e-07 0 0 0
d 0.4 0.4 0 0 0 -1.3966594649569291e-06 0.1 0.1 1.3966594649568732e-06 0 0 0
d 0.5 0.5 0 0 0 -2.4733610034163332e-06 0.1 0.1 2.4733610034201614e-06 0 0 0
d 0.6 0.6 0 0 0 -3.7909814258843452e-06 0.1 0.1 3.7909814258837532e-06 0 0 0
d 0.7 0.7 0 0 0 -5.4709539756651583e-06 0.1 0.1 5.4709539756663483e-06 0 0 0
d 0.8 0.8 0 0 0 -7.32839685001065e-06 0.1 0.1 7.3283968499883154e-06 0 0 0
d 0.9 0.9 0 0 0 -9.0878462948599503e-06 0.1 0.1 9.0878462948542667e-06 0 0 0
d 1 1 0 0 0 -1.0685152368312124e-05 0.1 0.1 1.0685152368307474e-05 0 0 0
d 1.0999999999999999 1.0999999999999999 0 0 0 -1.2159839279879657e-05 0.1 0.1 1.2159839279877938e-05 0 0 0
d 1.2 1.2 0 0 0 -1.3534131516332541e-05 0.1 0.1 1.3534131516433272e-05 0 0 0
d 1.3 1.3 0 0 0 -1.4825405901623554e-05 0.1 0.1 1.4825405901539642e-05 0 0 0
d 1.4000000000000001 1.4000000000000001 0 0 0 -1.6093617109570096e-05 0.1 0.1 1.6093617109480758e-05 0 0 0
d 1.5000000000000002 1.5000000000000002 0 0 0 -1.7352223525884599e-05 0.1 0.1 1.7352223525838954e-05 0 0 0
d 1.6000000000000003 1.6000000000000003 0 0 0 -1.8529716780415202e-05 0.1 0.1 1.8529716780272304e-05 0 0 0
d 1.7000000000000004 1.7000000000000004 0 0 0 -1.9585422208551601e-05 0.1 0.1 1.9585422208804691e-05 0 0 0
d 1.8000000000000005 1.8000000000000005 0 0 0 -2.0519374575304985e-05 0.1 0.1 2.0519374575219547e-05 0 0 0
d 1.9000000000000006 1.9000000000000006 0 0 0 -2.1345280684462014e-05 0.1 0.1 2.1345280684438724e-05 0 0 0
d 2.0000000000000004 2.0000000000000004 0 0 0 -2.2078656315538688e-05 0.1 0.1 2.2078656315528455e-05 0 0 0
d 2.1000000000000005 2.1000000000000005 0 0 0 -2.2733340665996505e-05 0.1 0.1 2.2733340665673463e-05 0 0 0
d 2.2000000000000006 2.2000000000000006 0 0 0 -2.3321028396303706e-05 0.1 0.1 2.3321028396120781e-05 0 0 0
d 2.3000000000000007 2.3000000000000007 0 0 0 -2.3851448417146401e-05 0.1 0.1 2.385144841700209e-05 0 0 0
d 2.4000000000000008 2.4000000000000008 0 0 0 -2.4332633980914187e-05 0.1 0.1 2.4332633980807536e-05 0 0 0
d 2.5000000000000009 2.5000000000000009 0 0 0 -2.4773432394537047e-05 0.1 0.1 2.4773432394820603e-05 0 0 0
d 2.600000000000001 2.600000000000001 0 0 0 -2.5175807570136365e-05 0.1 0.1 2.5175807570057141e-05 0 0 0
d 2.7000000000000011 2.7000000000000011 0 0 0 -2.5545815459379869e-05 0.1 0.1 2.554581545921569e-05 0 0 0
d 2.8000000000000012 2.8000000000000012 0 0 0 -2.5887404924887174e-05 0.1 0.1 2.5887404924846052e-05 0 0 0
d 2.9000000000000012 2.9000000000000012 0 0 0 -2.6203821570477099e-05 0.1 0.1 2.6203821570444139e-05 0 0 0
d 3 3 0 0 0 -2.6498026415342918e-05 0.1 0.1 2.649802641543145e-05 0 0 0
Q 2 13 "Voltage #01"
Q 3 13 "Voltage #02"
Q 4 13 "Voltage #03"
Q 5 13 "Voltage #04"
Q 20 13 "Current #01"
Q 21 13 "Current #02"
Q 22 13 "Current #03"
Q 23 13 "Current #04"
Q 92 21 Contact
Q 601 13 "Int. Voltage #01"
Q 602 13 "Int. Voltage #02"
Q 603 13 "Int. Voltage #03"
Q 604 13 "Int. Voltage #04"
EOF 1384821007
