v VICTORYDEVICE
# silvaco.file ASCII version=1.14.23 format=1 contents=SDB,Tables=1

Copyright "###################################################################"
Copyright "#                    Copyright Silvaco Inc. (c)                   #"
Copyright "#                            1992-2014                            #"
Copyright "#                                                                 #"
Copyright "# This file format and the following Key are copyright Silvaco    #"
Copyright "# International. You may not use, this format or key without      #"
Copyright "# reproducing this message in full and obtaining                  #"
Copyright "# express written permission from Silvaco Inc.                    #"
Copyright "#                                                                 #"
Copyright "# To obtain such permission please contact: Silvaco Inc.          #"
Copyright "#                                           support@silvaco.com   #"
Copyright "#                                                                 #"
Copyright "# KEY=SVC86hn7562asdx                       PROD=345              #"
Copyright "###################################################################"
#This file was created by VICTORYDEVICE version 1.12.1.R
#victoryd 1.12.1.R (Thu Apr 12 10:17:20 PDT 2018)
#libSDB 1.12.42 (Thu Oct 26 19:20:24 PDT 2017)
a VICTORYDEVICE
j 1 9
k 4
r 1 92
x 3 43 42 46
w gate 1 1
r 2 92
x 3 43 42 46
w source 1 2
r 3 92
x 3 43 42 46
w drain 1 3
r 4 92
x 3 43 42 46
w substrate 1 4
y 1 15
z 300
p 12 2 601 20 3 602 21 4 603 22 5 604 23
d 1 1 0 0 0 5.5184313236827838e-21 0 0 -6.8999498718884621e-24 0 0 0
d 1 1 0 0 0 -6.2723116719598138e-07 0.01 0.01 6.2723116719536453e-07 0 0 0
d 1 1 0 0 0 -1.2454140760637293e-06 0.02 0.02 1.2454140760619941e-06 0 0 0
d 1 1 0 0 0 -1.854423913861294e-06 0.03 0.03 1.8544239138611104e-06 0 0 0
d 1 1 0 0 0 -2.4541285221912192e-06 0.04 0.04 2.4541285221910392e-06 0 0 0
d 1 1 0 0 0 -3.0443944270310224e-06 0.05 0.05 3.0443944270310237e-06 0 0 0
d 1 1 0 0 0 -3.6250814786432738e-06 0.06 0.06 3.6250814786422667e-06 0 0 0
d 1 1 0 0 0 -4.196045098870301e-06 0.07 0.07 4.1960450988708541e-06 0 0 0
d 1 1 0 0 0 -4.7571417970804195e-06 0.08 0.08 4.7571417970806406e-06 0 0 0
d 1 1 0 0 0 -5.3082208240156248e-06 0.09 0.09 5.3082208240158264e-06 0 0 0
d 1 1 0 0 0 -5.8491321051389485e-06 0.1 0.1 5.8491321051403114e-06 0 0 0
d 1 1 0 0 0 -8.3959143536551175e-06 0.15 0.15 8.3959143537684506e-06 0 0 0
d 1 1 0 0 0 -1.0667142862767885e-05 0.2 0.2 1.0667142863026843e-05 0 0 0
d 1 1 0 0 0 -1.2648901134369042e-05 0.25 0.25 1.2648901134633589e-05 0 0 0
d 1 1 0 0 0 -1.433531136353218e-05 0.3 0.3 1.4335311364033295e-05 0 0 0
d 1 1 0 0 0 -1.5733037105403284e-05 0.35 0.35 1.5733037105320752e-05 0 0 0
d 1 1 0 0 0 -1.6863220184584084e-05 0.4 0.4 1.6863220185202456e-05 0 0 0
d 1 1 0 0 0 -1.7757445014167588e-05 0.45 0.45 1.7757445014493822e-05 0 0 0
d 1 1 0 0 0 -1.8450443362725376e-05 0.5 0.5 1.8450443362274761e-05 0 0 0
d 1 1 0 0 0 -1.9359622157774252e-05 0.6 0.6 1.9359622157476415e-05 0 0 0
d 1 1 0 0 0 -2.0200175293196909e-05 0.8 0.8 2.0200175293116045e-05 0 0 0
d 1 1 0 0 0 -2.0823694462453273e-05 1 1 2.0823694462368756e-05 0 0 0
d 1 1 0 0 0 -2.1188986747472317e-05 1.2 1.2 2.1188986746775412e-05 0 0 0
d 1 1 0 0 0 -2.1451161493980276e-05 1.3999999999999999 1.3999999999999999 2.1451161493623665e-05 0 0 0
d 1 1 0 0 0 -2.1686428667834182e-05 1.5999999999999999 1.5999999999999999 2.168642866771166e-05 0 0 0
d 1 1 0 0 0 -2.1905372712838353e-05 1.7999999999999998 1.7999999999999998 2.1905372712766677e-05 0 0 0
d 1 1 0 0 0 -2.2128960440387755e-05 1.9999999999999998 1.9999999999999998 2.2128960440243574e-05 0 0 0
d 1 1 0 0 0 -2.2349257135378391e-05 2.1999999999999997 2.1999999999999997 2.2349257135305303e-05 0 0 0
d 1 1 0 0 0 -2.2522149319941461e-05 2.3999999999999999 2.3999999999999999 2.2522149319594523e-05 0 0 0
d 1 1 0 0 0 -2.2679067202869823e-05 2.6000000000000001 2.6000000000000001 2.2679067203790429e-05 0 0 0
d 1 1 0 0 0 -2.2822180506465717e-05 2.8000000000000003 2.8000000000000003 2.2822180506476698e-05 0 0 0
d 1 1 0 0 0 -2.3091869700559789e-05 3 3 2.3091869700273369e-05 0 0 0
Q 2 13 "Voltage #01"
Q 3 13 "Voltage #02"
Q 4 13 "Voltage #03"
Q 5 13 "Voltage #04"
Q 20 13 "Current #01"
Q 21 13 "Current #02"
Q 22 13 "Current #03"
Q 23 13 "Current #04"
Q 92 21 Contact
Q 601 13 "Int. Voltage #01"
Q 602 13 "Int. Voltage #02"
Q 603 13 "Int. Voltage #03"
Q 604 13 "Int. Voltage #04"
EOF 1476071775
