v VICTORYDEVICE
# This file was created by VICTORYDEVICE version 1.12.1.R on Sun Apr 22 11:07:11 2018.
#SSF 2.0 generic
##############################################################################
#                    Copyright (c) 1984 - 2015                               #
#                    Silvaco Inc. All rights reserved                        #
#                                                                            #
# This file format and the following Key are copyright Silvaco Inc.          #
# You may not use, this format or key without reproducing this message in    #
# full and obtaining express written permission from Silvaco Inc.            #
#                                                                            #
# To obtain such permission please contact: Silvaco Inc.                     #
#                                           support@silvaco.com              #
#                                                                            #
# KEY=SVC86hn7562asdx                       PROD=345                         #
##############################################################################
Q 10000 1 "V[blb]" 5 1201 7 1
Q 10001 1 "V[bl]" 5 1201 7 2
Q 10002 1 "V[qbar]" 5 1201 7 3
Q 10003 1 "V[q]" 5 1201 7 4
Q 10004 1 "V[pwr]" 5 1201 7 5
Q 10005 1 "V[write]" 5 1201 7 6
X 1 cblb
X 2 cbl
X 3 AM3_drain
X 4 AM3_gate
X 5 AM3_source
X 6 AM3_pwell
X 7 VSUPPLY
X 8 VWRITE
p 16 61 10000 10001 10002 10003 10004 10005 82 1301 1302 1303 1304 1305 1306 1307 1308
d  5.0000000000e-13 8.2617501646e-09 -4.4069102237e-14 8.4999918028e-01 -3.0262118854e-08 8.5000000000e-01 0.0000000000e+00 3.0000000000e+02 1.6523505621e-10 -7.4878105178e-16 1.1463197938e-10 5.8984775601e-11 -2.6433524774e-10 9.0718730172e-11 -4.3937574664e-10 4.8178667067e-11
d  1.0000000000e-12 1.6523991935e-08 -4.5776293989e-14 8.4999840753e-01 -3.1834763706e-08 8.5000000000e-01 0.0000000000e+00 3.0000000000e+02 1.6524975162e-10 3.8950564477e-16 1.0158732830e-10 5.6817117343e-11 -2.7661928021e-10 1.1821485745e-10 -4.5673725525e-10 5.3691117965e-11
d  1.5000000000e-12 2.4786385223e-08 -3.8357855909e-14 8.4999766211e-01 -2.4828629513e-08 8.5000000000e-01 0.0000000000e+00 3.0000000000e+02 1.6524938093e-10 2.3961709197e-16 1.0230854940e-10 5.6369615891e-11 -2.8283882081e-10 1.2416076988e-10 -4.8172204420e-10 5.7066952785e-11
d  2.0000000000e-12 3.3048821062e-08 -3.0897789893e-14 8.4999694139e-01 -1.0395974272e-08 8.5000000000e-01 0.0000000000e+00 3.0000000000e+02 1.6524914227e-10 1.4960717209e-16 1.0617010508e-10 5.6037249406e-11 -2.8538701275e-10 1.2317966491e-10 -5.0926291458e-10 5.9517442294e-11
d  2.5000000000e-12 4.1311264936e-08 -2.4749779531e-14 8.4999624214e-01 7.3297746549e-09 8.5000000000e-01 0.0000000000e+00 3.0000000000e+02 1.6524897304e-10 1.4766578907e-16 1.1080610161e-10 5.5502625474e-11 -2.8646842949e-10 1.2015969006e-10 -5.3827675409e-10 6.1328348569e-11
d  3.0000000000e-12 4.9573705926e-08 -1.9666761840e-14 8.4999556319e-01 2.7224787314e-08 8.5000000000e-01 0.0000000000e+00 3.0000000000e+02 1.6524879095e-10 9.1015460034e-17 1.1542033705e-10 5.4075431443e-11 -2.8651573233e-10 1.1701969874e-10 -5.6772801391e-10 6.2766500474e-11
d  3.5000000000e-12 5.7836143012e-08 -1.0027670395e-14 8.4999490338e-01 4.8196009286e-08 8.5000000000e-01 0.0000000000e+00 3.0000000000e+02 1.6524870270e-10 2.3834494411e-16 1.2003955175e-10 5.3215055414e-11 -2.8685465681e-10 1.1360011238e-10 -5.9551813340e-10 6.4371342866e-11
d  4.0000000000e-12 6.6098574584e-08 3.2671728711e-15 8.4999426253e-01 7.0698050004e-08 8.5000000000e-01 0.0000000000e+00 3.0000000000e+02 1.6524844478e-10 1.9287738655e-16 1.2354818587e-10 5.1812122545e-11 -2.8644266078e-10 1.1108261784e-10 -6.2289576727e-10 6.5831381871e-11
d  4.0400000000e-12 6.6759575866e-08 1.0667672940e-14 8.4999420511e-01 6.8886542084e-08 8.5000000000e-01 0.0000000000e+00 3.0000000000e+02 1.6531796347e-10 1.9617287454e-13 1.0932162070e-10 1.5061345708e-10 -3.5686655140e-10 9.6931520873e-11 -6.2437606387e-10 6.6211171161e-11
d  4.0600000000e-12 6.7089868504e-08 -5.6996088768e-13 8.4999420041e-01 1.1827966183e-07 8.5000000000e-01 0.0000000000e+00 3.0000000000e+02 1.6521440691e-10 -9.3833246760e-14 1.1534361586e-10 1.4168536392e-10 -3.5176453504e-10 9.4735164574e-11 -6.4681022517e-10 5.9423028652e-11
d  4.0800000000e-12 6.7420156893e-08 -1.1625115543e-12 8.4999418233e-01 1.3669856553e-07 8.5000000000e-01 0.0000000000e+00 3.0000000000e+02 1.6554268225e-10 8.3252168338e-13 8.2871871633e-11 3.2674257332e-10 -4.8108342147e-10 7.1469093448e-11 -6.5207878420e-10 5.8628506838e-11
d  4.1000000000e-12 6.7750056171e-08 -2.8444872064e-12 8.4999418726e-01 2.0780900592e-07 8.5000000000e-01 0.0000000000e+00 3.0000000000e+02 1.6521023586e-10 -9.8785016881e-14 9.1714622971e-11 3.4167311176e-10 -4.9494472743e-10 6.1557103353e-11 -6.8668854544e-10 4.7311811037e-11
d  4.1200000000e-12 6.8079867598e-08 -4.7750496791e-12 8.4999418802e-01 2.6974213120e-07 8.5000000000e-01 0.0000000000e+00 3.0000000000e+02 1.6527847703e-10 9.0576127514e-14 9.4372953250e-11 3.7898366369e-10 -5.2161490728e-10 4.8258124812e-11 -7.0628542077e-10 4.2705459703e-11
d  4.1400000000e-12 6.8409605121e-08 -6.9116455427e-12 8.4999419097e-01 3.3698845734e-07 8.5000000000e-01 0.0000000000e+00 3.0000000000e+02 1.6530567523e-10 1.6920287148e-13 9.4363899687e-11 4.2890331689e-10 -5.5618287288e-10 3.2915289031e-11 -7.2707623429e-10 3.7150691215e-11
d  4.1600000000e-12 6.8739238005e-08 -9.3407823339e-12 8.4999419795e-01 4.1377757422e-07 8.5000000000e-01 0.0000000000e+00 3.0000000000e+02 1.6494977775e-10 -8.3533726960e-13 1.3698996540e-10 2.5981797094e-10 -4.3724678661e-10 4.0438777903e-11 -7.5078638705e-10 3.0595870173e-11
d  4.1800000000e-12 6.9069222999e-08 -1.0781901296e-11 8.4999418099e-01 4.3616087119e-07 8.5000000000e-01 0.0000000000e+00 3.0000000000e+02 1.6542855361e-10 5.0972601812e-13 1.2137411303e-10 3.4297360504e-10 -4.8989460497e-10 2.5547427727e-11 -7.4148178136e-10 3.5738623710e-11
d  4.2000000000e-12 6.9399091528e-08 -1.2543533287e-11 8.4999417875e-01 4.9228372982e-07 8.5000000000e-01 0.0000000000e+00 3.0000000000e+02 1.6542344102e-10 5.0258996755e-13 1.0632562757e-10 4.5594278150e-10 -5.6781104405e-10 5.5426648365e-12 -7.5989329065e-10 2.9594410653e-11
d  4.2200000000e-12 6.9728686994e-08 -1.5066650017e-11 8.4999418917e-01 5.7776807220e-07 8.5000000000e-01 0.0000000000e+00 3.0000000000e+02 1.6486072779e-10 -1.0853529396e-12 1.6245515177e-10 2.4067451193e-10 -4.1973089641e-10 1.6601210473e-11 -7.9189504607e-10 1.9984805291e-11
d  4.2400000000e-12 7.0058689688e-08 -1.6436571770e-11 8.4999416812e-01 5.9197225599e-07 8.5000000000e-01 0.0000000000e+00 3.0000000000e+02 1.6557056546e-10 9.1040758949e-13 1.3985410033e-10 4.0552824308e-10 -5.3438926572e-10 -1.0993247778e-11 -7.8065373263e-10 2.6572968778e-11
d  4.2600000000e-12 7.0388398927e-08 -1.8595276266e-11 8.4999417281e-01 6.6582708578e-07 8.5000000000e-01 0.0000000000e+00 3.0000000000e+02 1.6473737864e-10 -1.4165560946e-12 2.2772711790e-10 1.1147904232e-10 -3.4032998184e-10 1.1242586745e-12 -8.1848760582e-10 1.4507108950e-11
d  4.2800000000e-12 7.0718652885e-08 -1.9185257147e-11 8.4999413530e-01 6.4598945735e-07 8.5000000000e-01 0.0000000000e+00 3.0000000000e+02 1.6520780886e-10 -6.2987976451e-14 2.8167880049e-10 4.8622720027e-11 -3.1221451324e-10 -1.8086911238e-11 -8.0713127067e-10 2.2936425048e-11
d  4.3000000000e-12 7.1049100471e-08 -1.9168786980e-11 8.4999409443e-01 6.2485300540e-07 8.5000000000e-01 0.0000000000e+00 3.0000000000e+02 1.6520341430e-10 -3.5856963021e-14 3.8619694436e-10 8.6920433889e-12 -3.2882911168e-10 -6.6059894606e-11 -8.3151229825e-10 1.8932462171e-11
d  4.3200000000e-12 7.1379576573e-08 -1.8936167127e-11 8.4999404677e-01 5.9978533416e-07 8.5000000000e-01 0.0000000000e+00 3.0000000000e+02 1.6516335877e-10 -6.1783697146e-14 5.9785341318e-10 -2.0437205911e-11 -4.0486854779e-10 -1.7254778731e-10 -9.0053563738e-10 5.2269185298e-12
d  4.3400000000e-12 7.1709977377e-08 -1.8638839447e-11 8.4999398624e-01 5.6810164019e-07 8.5000000000e-01 0.0000000000e+00 3.0000000000e+02 1.6509813053e-10 -7.0865201009e-14 1.0165546697e-09 -3.7949607992e-11 -5.8517901425e-10 -3.9342592841e-10 -1.0499883654e-09 -2.5677406757e-11
d  4.3600000000e-12 7.2040164585e-08 -1.8412982504e-11 8.4999390226e-01 5.2715347744e-07 8.5000000000e-01 0.0000000000e+00 3.0000000000e+02 1.6495402549e-10 -1.4833680488e-13 1.8292164776e-09 -5.5052631846e-11 -9.4358210236e-10 -8.3058193684e-10 -1.3495473480e-09 -8.8710257501e-11
d  4.3800000000e-12 7.2369932458e-08 -1.8380044497e-11 8.4999377359e-01 4.6802199700e-07 8.5000000000e-01 0.0000000000e+00 3.0000000000e+02 1.6477910170e-10 -3.1760299800e-14 3.3587897607e-09 -2.1946852985e-11 -1.6604195723e-09 -1.6764234923e-09 -1.9232307257e-09 -2.1006767738e-10
d  4.4000000000e-12 7.2698811874e-08 -1.9049278887e-11 8.4999356896e-01 3.9109745450e-07 8.5000000000e-01 0.0000000000e+00 3.0000000000e+02 1.6421759284e-10 -5.1015969323e-13 6.2150925980e-09 -4.3265270212e-11 -2.9177854823e-09 -3.2540415968e-09 -2.9999712029e-09 -4.3955706685e-10
d  4.4200000000e-12 7.3026265515e-08 -2.0529732328e-11 8.4999321378e-01 2.5321047968e-07 8.5000000000e-01 0.0000000000e+00 3.0000000000e+02 1.6337037623e-10 -9.4303166962e-13 1.1404706171e-08 -9.7166789127e-11 -5.1621824439e-09 -6.1453566438e-09 -4.9481307498e-09 -8.5327593259e-10
d  4.4400000000e-12 7.3351290731e-08 -2.3257412279e-11 8.4999259080e-01 7.1986509828e-09 8.5000000000e-01 0.0000000000e+00 3.0000000000e+02 1.6191845501e-10 -1.6477441673e-12 2.0642422822e-08 -1.9977590423e-10 -9.1033966937e-09 -1.1339250151e-08 -8.4109806142e-09 -1.5884009704e-09
d  4.4600000000e-12 7.3671149867e-08 -3.0290551892e-11 8.4999143850e-01 -5.3501224494e-07 8.5000000000e-01 0.0000000000e+00 3.0000000000e+02 1.5863804806e-10 -4.5929032672e-12 3.6792218874e-08 -7.4226187867e-10 -1.5610165428e-08 -2.0439791408e-08 -1.5981887366e-08 -3.2568925568e-09
d  4.4800000000e-12 7.3983980015e-08 -4.1049734730e-11 8.4998943980e-01 -1.4815264506e-06 8.5000000000e-01 0.0000000000e+00 3.0000000000e+02 1.5465782810e-10 -6.3111317742e-12 6.4378560920e-08 -1.4573342986e-09 -2.6746016980e-08 -3.6175209278e-08 -2.7455447330e-08 -5.7310149019e-09
d  4.5000000000e-12 7.4285005376e-08 -5.8501962756e-11 8.4998602702e-01 -3.0963938640e-06 8.5000000000e-01 0.0000000000e+00 3.0000000000e+02 1.4756148475e-10 -1.0399437439e-11 1.1063778665e-07 -2.6474419996e-09 -4.5161710644e-08 -6.2828633843e-08 -4.6598113339e-08 -9.8582722461e-09
d  4.5200000000e-12 7.4566912092e-08 -8.7056820826e-11 8.4998029101e-01 -5.8067778670e-06 8.5000000000e-01 0.0000000000e+00 3.0000000000e+02 1.3617369699e-10 -1.7053134754e-11 1.8670015382e-07 -4.6526956416e-09 -7.4938304502e-08 -1.0710915395e-07 -7.8036481195e-08 -1.6632454886e-08
d  4.5400000000e-12 7.4818730650e-08 -1.3313179273e-10 8.4997081322e-01 -1.0276961244e-05 8.5000000000e-01 0.0000000000e+00 3.0000000000e+02 1.1838723440e-10 -2.7417572531e-11 3.0932140843e-07 -7.9820449243e-09 -1.2206896239e-07 -1.7927040121e-07 -1.2865160215e-07 -2.7530915781e-08
d  4.5600000000e-12 7.5024267558e-08 -2.0610515512e-10 8.4995542690e-01 -1.7518288600e-05 8.5000000000e-01 0.0000000000e+00 3.0000000000e+02 9.1198023791e-11 -4.3211278410e-11 5.0313791758e-07 -1.3399533297e-08 -1.9510605263e-07 -2.9463233160e-07 -2.0854422579e-07 -4.4720371113e-08
d  4.5800000000e-12 7.5160133430e-08 -3.1946034499e-10 8.4993089265e-01 -2.9038148352e-05 8.5000000000e-01 0.0000000000e+00 3.0000000000e+02 5.0515112924e-11 -6.6773081616e-11 8.0351005850e-07 -2.2019780198e-08 -3.0591982102e-07 -4.7557045732e-07 -3.3219199114e-07 -7.1303347042e-08
d  4.6000000000e-12 7.5193338384e-08 -4.9215532605e-10 8.4989247065e-01 -4.7035907868e-05 8.5000000000e-01 0.0000000000e+00 3.0000000000e+02 -9.0629514662e-12 -1.0118256446e-10 1.2599519381e-06 -3.5413856133e-08 -4.7051546754e-07 -7.5402261435e-07 -5.1984476641e-07 -1.1161513804e-07
d  4.6200000000e-12 7.5078471737e-08 -7.5022411850e-10 8.4983337369e-01 -7.4653207729e-05 8.5000000000e-01 0.0000000000e+00 3.0000000000e+02 -9.4022201401e-11 -1.4945637498e-10 1.9400641401e-06 -5.5520623404e-08 -7.0999003436e-07 -1.1745534901e-06 -7.9913767758e-07 -1.7156696757e-07
d  4.6400000000e-12 7.4754012272e-08 -1.1297625605e-09 8.4974412513e-01 -1.1622539756e-04 8.5000000000e-01 0.0000000000e+00 3.0000000000e+02 -2.1462944830e-10 -2.2013766189e-10 2.9338741661e-06 -8.5607414076e-08 -1.0505023311e-06 -1.7977644212e-06 -1.2068755986e-06 -2.5903041441e-07
d  4.6600000000e-12 7.4141130556e-08 -1.6743951958e-09 8.4961162035e-01 -1.7788386687e-04 8.5000000000e-01 0.0000000000e+00 3.0000000000e+02 -3.7854983229e-10 -3.1359206684e-10 4.3578853116e-06 -1.2857143810e-07 -1.5249478521e-06 -2.7043660215e-06 -1.7906307800e-06 -3.8415545886e-07
d  4.6800000000e-12 7.3138010034e-08 -2.4426828970e-09 8.4941841140e-01 -2.6762845470e-04 8.5000000000e-01 0.0000000000e+00 3.0000000000e+02 -5.9912656262e-10 -4.4006148891e-10 6.3589766082e-06 -1.8831924086e-07 -2.1717146788e-06 -3.9989426884e-06 -2.6106155327e-06 -5.5981563061e-07
d  4.7000000000e-12 7.1618626407e-08 -3.5069366469e-09 8.4914156884e-01 -3.9603410442e-04 8.5000000000e-01 0.0000000000e+00 3.0000000000e+02 -8.8876827257e-10 -6.0612328365e-10 9.1168616564e-06 -2.6870766083e-07 -3.0344446313e-06 -5.8137093668e-06 -3.7406515913e-06 -8.0178420919e-07
d  4.7200000000e-12 6.9431395322e-08 -4.9541440412e-09 8.4875169315e-01 -5.7667547890e-04 8.5000000000e-01 0.0000000000e+00 3.0000000000e+02 -1.2605917178e-09 -8.1934441678e-10 1.2844601857e-05 -3.7306493616e-07 -4.1602447593e-06 -8.3112921660e-06 -5.2686076599e-06 -1.1288611753e-06
d  4.7400000000e-12 6.6399664822e-08 -6.8857050283e-09 8.4821195581e-01 -8.2658565580e-04 8.5000000000e-01 0.0000000000e+00 3.0000000000e+02 -1.7270051297e-09 -1.0868602644e-09 1.7786174357e-05 -5.0346051067e-07 -5.5969551852e-06 -1.1685758668e-05 -7.2955529704e-06 -1.5627168387e-06
d  4.7600000000e-12 6.2324628006e-08 -9.4159263647e-09 8.4747731209e-01 -1.1666549208e-03 8.5000000000e-01 0.0000000000e+00 3.0000000000e+02 -2.2983557127e-09 -1.4147427074e-09 2.4210027230e-05 -6.5913314261e-07 -7.3900846198e-06 -1.6160809474e-05 -9.9335669808e-06 -2.1274833488e-06
d  4.7800000000e-12 5.6992522101e-08 -1.2666793006e-08 8.4649409695e-01 -1.6218107925e-03 8.5000000000e-01 0.0000000000e+00 3.0000000000e+02 -2.9803193297e-09 -1.8055169331e-09 3.2396590040e-05 -8.3653771414e-07 -9.5763391365e-06 -2.1983713189e-05 -1.3300129193e-05 -2.8485960691e-06
d  4.8000000000e-12 5.0185921526e-08 -1.6758713809e-08 8.4520015945e-01 -2.2208538658e-03 8.5000000000e-01 0.0000000000e+00 3.0000000000e+02 -3.7719042624e-09 -2.2560700351e-09 4.2621342941e-05 -1.0309215580e-06 -1.2176305058e-05 -2.9414116301e-05 -1.7509851195e-05 -3.7510693132e-06
d  4.8200000000e-12 4.1698910869e-08 -2.1798163469e-08 8.4352568431e-01 -2.9958721028e-03 8.5000000000e-01 0.0000000000e+00 3.0000000000e+02 -4.6635647934e-09 -2.7563546368e-09 5.5132815802e-05 -1.2379769202e-06 -1.5188262194e-05 -3.8706576611e-05 -2.2664011900e-05 -4.8573345454e-06
d  4.8400000000e-12 3.1355233882e-08 -2.7861945187e-08 8.4139479763e-01 -3.9811236793e-03 8.5000000000e-01 0.0000000000e+00 3.0000000000e+02 -5.6359322595e-09 -3.2876054757e-09 7.0128317127e-05 -1.4577219066e-06 -1.8581147313e-05 -5.0089447754e-05 -2.8838068635e-05 -6.1846295417e-06
d  4.8600000000e-12 1.9028756418e-08 -3.4975797601e-08 8.3872803393e-01 -5.2111541026e-03 8.5000000000e-01 0.0000000000e+00 3.0000000000e+02 -6.6588515016e-09 -3.8189481643e-09 8.7730629186e-05 -1.7053200432e-06 -2.2288983001e-05 -6.3736325917e-05 -3.6066308988e-05 -7.7416419829e-06
d  4.8800000000e-12 4.6653897200e-09 -4.3093809781e-08 8.3544569443e-01 -6.7182788063e-03 8.5000000000e-01 0.0000000000e+00 3.0000000000e+02 -7.6908053922e-09 -4.3094238320e-09 1.0796103052e-04 -2.0176711800e-06 -2.6196765923e-05 -7.9746593095e-05 -4.4327163833e-05 -9.5253571595e-06
d  4.9000000000e-12 -1.1702143924e-08 -5.2085971738e-08 8.3147162564e-01 -8.5297883415e-03 8.5000000000e-01 0.0000000000e+00 3.0000000000e+02 -8.6847351956e-09 -4.7139456808e-09 1.3072562997e-04 -2.4568847949e-06 -3.0149905426e-05 -9.8118839497e-05 -5.3535941107e-05 -1.1519534668e-05
d  4.9200000000e-12 -2.9938812489e-08 -6.1721240364e-08 8.2673761061e-01 -1.0664451320e-02 8.5000000000e-01 0.0000000000e+00 3.0000000000e+02 -9.5856063929e-09 -4.9777050038e-09 1.5580237739e-04 -3.1260054994e-06 -3.3948568635e-05 -1.1872780341e-04 -6.3532069830e-05 -1.3691567900e-05
d  4.9400000000e-12 -4.9799325155e-08 -7.1667512031e-08 8.2118788636e-01 -1.3129190717e-02 8.5000000000e-01 0.0000000000e+00 3.0000000000e+02 -1.0336294637e-08 -5.0502320852e-09 1.8283333039e-04 -4.1646996621e-06 -3.7352811483e-05 -1.4131582086e-04 -7.4078731982e-05 -1.5992319092e-05
d  4.9600000000e-12 -7.0935242291e-08 -8.1509629846e-08 8.1478301111e-01 -1.5916521405e-02 8.5000000000e-01 0.0000000000e+00 3.0000000000e+02 -1.0886985683e-08 -4.8944444305e-09 2.1133954463e-04 -5.7398742227e-06 -4.0106132375e-05 -1.6549354021e-04 -8.4874748838e-05 -1.8358575323e-05
d  4.9800000000e-12 -9.2918312441e-08 -9.0788426477e-08 8.0750242664e-01 -1.9003432660e-02 8.5000000000e-01 0.0000000000e+00 3.0000000000e+02 -1.1203611880e-08 -4.4980603066e-09 2.4075120782e-04 -8.0234313312e-06 -4.1941307864e-05 -1.9078647409e-04 -9.5579279341e-05 -2.0718492600e-05
d  5.0000000000e-12 -1.1526025658e-07 -9.9048824575e-08 7.9934629723e-01 -2.2351863041e-02 8.5000000000e-01 0.0000000000e+00 3.0000000000e+02 -1.1261113548e-08 -3.8752777832e-09 2.7041348073e-04 -1.1155474738e-05 -4.2611914852e-05 -2.1664609952e-04 -1.0583311870e-04 -2.2996490983e-05
d  5.0200000000e-12 -1.3744567715e-07 -1.0590209094e-07 7.9033571318e-01 -2.5911448720e-02 8.5000000000e-01 0.0000000000e+00 3.0000000000e+02 -1.1054117689e-08 -3.0747583474e-09 2.9961787421e-04 -1.5198284248e-05 -4.1929192062e-05 -2.4249040915e-04 -1.1529527256e-04 -2.5121870053e-05
d  5.0400000000e-12 -1.5896213876e-07 -1.1107959749e-07 7.8051177166e-01 -2.9623902137e-02 8.5000000000e-01 0.0000000000e+00 3.0000000000e+02 -1.0591610418e-08 -2.1698678950e-09 3.2762600788e-04 -2.0100726628e-05 -3.9782742257e-05 -2.6774255283e-04 -1.2367133615e-04 -2.7035391913e-05
d  5.0600000000e-12 -1.7933567030e-07 -1.1448572844e-07 7.6993311631e-01 -3.3429346332e-02 8.5000000000e-01 0.0000000000e+00 3.0000000000e+02 -9.9017341500e-09 -1.2604428751e-09 3.5370529927e-04 -2.5657397117e-05 -3.6154181870e-05 -2.9189374135e-04 -1.3074988222e-04 -2.8697834333e-05
d  5.0800000000e-12 -1.9815780556e-07 -1.1621920315e-07 7.5867261591e-01 -3.7273079653e-02 8.5000000000e-01 0.0000000000e+00 3.0000000000e+02 -9.0240072658e-09 -4.4896389448e-10 3.7716763446e-04 -3.1507334882e-05 -3.1098568362e-05 -3.1456175361e-04 -1.3642158744e-04 -3.0093602057e-05
d  5.1000000000e-12 -2.1509667725e-07 -1.1654638408e-07 7.4681398434e-01 -4.1110811687e-02 8.5000000000e-01 0.0000000000e+00 3.0000000000e+02 -7.9994712119e-09 1.8749773288e-10 3.9741396677e-04 -3.7186596699e-05 -2.4783890192e-05 -3.3544350295e-04 -1.4067611293e-04 -3.1227768573e-05
d  5.1200000000e-12 -2.2989909824e-07 -1.1584044319e-07 7.3444853067e-01 -4.4911446349e-02 8.5000000000e-01 0.0000000000e+00 3.0000000000e+02 -6.8680000498e-09 6.1070601021e-10 4.1398832238e-04 -4.2212052389e-05 -1.7438221838e-05 -3.5433807266e-04 -1.4358861549e-04 -3.2119833149e-05
d  5.1400000000e-12 -2.4238666944e-07 -1.1450977665e-07 7.2167220558e-01 -4.8657373631e-02 8.5000000000e-01 0.0000000000e+00 3.0000000000e+02 -5.6660007659e-09 8.2095256895e-10 4.2661905874e-04 -4.6162868202e-05 -9.3280701041e-06 -3.7112814749e-04 -1.4530066929e-04 -3.2796565928e-05
d  5.1600000000e-12 -2.5244986398e-07 -1.1293203584e-07 7.0858296037e-01 -5.2342593243e-02 8.5000000000e-01 0.0000000000e+00 3.0000000000e+02 -4.4264123489e-09 8.5009905239e-10 4.3523893562e-04 -4.8745154703e-05 -6.9317190712e-07 -3.8580063624e-04 -1.4599620685e-04 -3.3285375631e-05
d  5.1800000000e-12 -2.6004476373e-07 -1.1140899321e-07 6.9527821167e-01 -5.5969599297e-02 8.5000000000e-01 0.0000000000e+00 3.0000000000e+02 -3.1812539912e-09 7.4733817642e-10 4.3997655170e-04 -4.9820767795e-05 8.2688507752e-06 -3.9842465929e-04 -1.4587639548e-04 -3.3610294384e-05
d  5.2000000000e-12 -2.6519284509e-07 -1.1014603740e-07 6.8185229137e-01 -5.9545893247e-02 8.5000000000e-01 0.0000000000e+00 3.0000000000e+02 -1.9631632163e-09 5.6600054644e-10 4.4112156581e-04 -4.9402293279e-05 1.7373909677e-05 -4.0909320439e-04 -1.4513447484e-04 -3.3790519576e-05
d  5.2200000000e-12 -2.6798377738e-07 -1.0925453813e-07 6.6839379096e-01 -6.3080869881e-02 8.5000000000e-01 0.0000000000e+00 3.0000000000e+02 -8.0694198671e-10 3.5249703300e-10 4.3907958775e-04 -4.7624404181e-05 2.6466726566e-05 -4.1792192992e-04 -1.4393688700e-04 -3.3841306851e-05
d  5.2400000000e-12 -2.6857650273e-07 -1.0877075522e-07 6.5498295980e-01 -6.6583570575e-02 8.5000000000e-01 0.0000000000e+00 3.0000000000e+02 2.5250929532e-10 1.3965685823e-10 4.3432732703e-04 -4.4703212399e-05 3.5420474666e-05 -4.2504460704e-04 -1.4241519209e-04 -3.3776072519e-05
d  5.2600000000e-12 -2.6719048713e-07 -1.0868083540e-07 6.4168970777e-01 -7.0061341825e-02 8.5000000000e-01 0.0000000000e+00 3.0000000000e+02 1.1871037149e-09 -5.3723892480e-11 4.2736949184e-04 -4.0895882001e-05 4.4126031637e-05 -4.3059965693e-04 -1.4066664007e-04 -3.3607807801e-05
d  5.2800000000e-12 -2.6408740007e-07 -1.0894472034e-07 6.2857253575e-01 -7.3519267696e-02 8.5000000000e-01 0.0000000000e+00 3.0000000000e+02 1.9803058820e-09 -2.2053488969e-10 4.1870385843e-04 -3.6467236762e-05 5.2505834717e-05 -4.3474246919e-04 -1.3876145277e-04 -3.3349634720e-05
d  5.3000000000e-12 -2.5954678825e-07 -1.0951316325e-07 6.1567852509e-01 -7.6960044405e-02 8.5000000000e-01 0.0000000000e+00 3.0000000000e+02 2.6292654822e-09 -3.6043048238e-10 4.0879478560e-04 -3.1668289060e-05 6.0492124321e-05 -4.3761863113e-04 -1.3675077066e-04 -3.3014239675e-05
d  5.3200000000e-12 -2.5384442035e-07 -1.1034063764e-07 6.0304407843e-01 -8.0384231436e-02 8.5000000000e-01 0.0000000000e+00 3.0000000000e+02 3.1412836681e-09 -4.7849822141e-10 3.9805687085e-04 -2.6719890985e-05 6.8028150162e-05 -4.3936513797e-04 -1.3467563891e-04 -3.2613691200e-05
d  5.3400000000e-12 -2.4723548637e-07 -1.1139281592e-07 5.9069617099e-01 -8.3790671407e-02 8.5000000000e-01 0.0000000000e+00 3.0000000000e+02 3.5308438619e-09 -5.8221400201e-10 3.8684541619e-04 -2.1804501019e-05 7.5068863687e-05 -4.4010978469e-04 -1.3257257350e-04 -3.2159065095e-05
d  5.3600000000e-12 -2.3994395576e-07 -1.1264946053e-07 5.7865384896e-01 -8.7176936354e-02 8.5000000000e-01 0.0000000000e+00 3.0000000000e+02 3.8162176978e-09 -6.7934165972e-10 3.7545351678e-04 -1.7064487018e-05 8.1581174177e-05 -4.3997020789e-04 -1.3047615402e-04 -3.1660120736e-05
d  5.3800000000e-12 -2.3215796903e-07 -1.1410447447e-07 5.6692975178e-01 -9.0539731761e-02 8.5000000000e-01 0.0000000000e+00 3.0000000000e+02 4.0164747168e-09 -7.7696589892e-10 3.6411417743e-04 -1.2604465023e-05 8.7544052208e-05 -4.3905376696e-04 -1.2841959054e-04 -3.1125163857e-05
d  5.4000000000e-12 -2.2403028100e-07 -1.1576487187e-07 5.5553149016e-01 -9.3875257196e-02 8.5000000000e-01 0.0000000000e+00 3.0000000000e+02 4.1491943980e-09 -8.8138130291e-10 3.5300516586e-04 -8.4949110796e-06 9.2946303098e-05 -4.3745655872e-04 -1.2643410551e-04 -3.0561185362e-05
d  5.4200000000e-12 -2.1568211165e-07 -1.1764875277e-07 5.4446279086e-01 -9.7179481607e-02 8.5000000000e-01 0.0000000000e+00 3.0000000000e+02 4.2291818501e-09 -9.9762450705e-10 3.4225512945e-04 -4.7774319739e-06 9.7786693228e-05 -4.3526439028e-04 -1.2454672797e-04 -2.9974031771e-05
d  5.4400000000e-12 -2.0720967567e-07 -1.1978281779e-07 5.3372432957e-01 -1.0044832692e-01 8.5000000000e-01 0.0000000000e+00 3.0000000000e+02 4.2673071332e-09 -1.1293736435e-09 3.3195065794e-04 -1.4706830567e-06 1.0207354461e-04 -4.3255351798e-04 -1.2277722681e-04 -2.9368688524e-05
d  5.4600000000e-12 -1.9869236550e-07 -1.2220040005e-07 5.2331421702e-01 -1.0367779562e-01 8.5000000000e-01 0.0000000000e+00 3.0000000000e+02 4.2699360218e-09 -1.2794517513e-09 3.2214326293e-04 1.4246618571e-06 1.0582354212e-04 -4.2939146445e-04 -1.2113518139e-04 -2.8749734178e-05
d  5.4800000000e-12 -1.9020091943e-07 -1.2494022590e-07 5.1322818001e-01 -1.0686407183e-01 8.5000000000e-01 0.0000000000e+00 3.0000000000e+02 4.2393529707e-09 -1.4502451621e-09 3.1285626000e-04 3.9216154914e-06 1.0905971137e-04 -4.2583758360e-04 -1.1961808591e-04 -2.8121812133e-05
d  5.5000000000e-12 -1.8180326268e-07 -1.2804586268e-07 5.0345957503e-01 -1.1000362075e-01 8.5000000000e-01 0.0000000000e+00 3.0000000000e+02 4.1755062966e-09 -1.6440372983e-09 3.0409098645e-04 6.0433896909e-06 1.1180926976e-04 -4.2194364195e-04 -1.1821148683e-04 -2.7489933124e-05
d  5.5200000000e-12 -1.7356575637e-07 -1.3156494734e-07 4.9399945101e-01 -1.1309325804e-01 8.5000000000e-01 0.0000000000e+00 3.0000000000e+02 4.0788656856e-09 -1.8626659607e-09 2.9583193400e-04 7.8195936370e-06 1.1410291728e-04 -4.1775444043e-04 -1.1689110337e-04 -2.6859298773e-05
d  5.5400000000e-12 -1.6555048662e-07 -1.3554824060e-07 4.8483678736e-01 -1.1613018338e-01 8.5000000000e-01 0.0000000000e+00 3.0000000000e+02 3.9522468965e-09 -2.1074580323e-09 2.8805213827e-04 9.2825100106e-06 1.1597328654e-04 -4.1330792998e-04 -1.1562721477e-04 -2.6234871627e-05
d  5.5600000000e-12 -1.5781108862e-07 -1.4004955050e-07 4.7595890609e-01 -1.1911203707e-01 8.5000000000e-01 0.0000000000e+00 3.0000000000e+02 3.8009195417e-09 -2.3799178610e-09 2.8071848927e-04 1.0465615726e-05 1.1745503879e-04 -4.0863913865e-04 -1.1439079240e-04 -2.5621122232e-05
d  5.5800000000e-12 -1.5038768032e-07 -1.4512457292e-07 4.6735207858e-01 -1.2203689085e-01 8.5000000000e-01 0.0000000000e+00 3.0000000000e+02 3.6329092300e-09 -2.6806989742e-09 2.7379504810e-04 1.1400883848e-05 1.1858310896e-04 -4.0377903553e-04 -1.1315732452e-04 -2.5021455758e-05
d  5.6000000000e-12 -1.4330395007e-07 -1.5083001829e-07 4.5900218252e-01 -1.2490321664e-01 8.5000000000e-01 0.0000000000e+00 3.0000000000e+02 3.4571605754e-09 -3.0100889164e-09 2.6724546677e-04 1.2117895543e-05 1.1938579991e-04 -3.9874915687e-04 -1.1190920329e-04 -2.4438031052e-05
d  5.6200000000e-12 -1.3656741267e-07 -1.5722307973e-07 4.5089527678e-01 -1.2770984544e-01 8.5000000000e-01 0.0000000000e+00 3.0000000000e+02 3.2816962195e-09 -3.3681965220e-09 2.6103501102e-04 1.2643468773e-05 1.1989508373e-04 -3.9357355807e-04 -1.1063623592e-04 -2.3871858900e-05
d  5.6400000000e-12 -1.3017208449e-07 -1.6436121471e-07 4.4301802534e-01 -1.3045592839e-01 8.5000000000e-01 0.0000000000e+00 3.0000000000e+02 3.1125947596e-09 -3.7551014042e-09 2.5513171777e-04 1.3001805343e-05 1.2014377830e-04 -3.8827729585e-04 -1.0933474351e-04 -2.3323066660e-05
d  5.6600000000e-12 -1.2410196292e-07 -1.7230187153e-07 4.3535797725e-01 -1.3314088938e-01 8.5000000000e-01 0.0000000000e+00 3.0000000000e+02 2.9539973537e-09 -4.1707316040e-09 2.4950643092e-04 1.3214562409e-05 1.2015868854e-04 -3.8287967625e-04 -1.0800565011e-04 -2.2791121165e-05
d  5.6800000000e-12 -1.1833481838e-07 -1.8110260997e-07 4.2790370284e-01 -1.3576439595e-01 8.5000000000e-01 0.0000000000e+00 3.0000000000e+02 2.8080696181e-09 -4.6151680775e-09 2.4413271767e-04 1.3301557132e-05 1.1996303619e-04 -3.7739730540e-04 -1.0665291281e-04 -2.2275143449e-05
d  5.7000000000e-12 -1.1284530395e-07 -1.9082104682e-07 4.2064483196e-01 -1.3832632796e-01 8.5000000000e-01 0.0000000000e+00 3.0000000000e+02 2.6755933620e-09 -5.0884269495e-09 2.3898660306e-04 1.3280838628e-05 1.1957908063e-04 -3.7184651670e-04 -1.0528196214e-04 -2.1774076720e-05
d  5.7200000000e-12 -1.0760714902e-07 -2.0151443930e-07 4.1357203252e-01 -1.4082672782e-01 8.5000000000e-01 0.0000000000e+00 3.0000000000e+02 2.5564822399e-09 -5.5902251031e-09 2.3404648507e-04 1.3168113639e-05 1.1902652090e-04 -3.6624111401e-04 -1.0389836523e-04 -2.1286730005e-05
d  5.7400000000e-12 -1.0259538499e-07 -2.1324045109e-07 4.0667690855e-01 -1.4326581658e-01 8.5000000000e-01 0.0000000000e+00 3.0000000000e+02 2.4495280610e-09 -6.1209574706e-09 2.2929322527e-04 1.2978544944e-05 1.1832245433e-04 -3.6059421894e-04 -1.0250812062e-04 -2.0812141439e-05
d  5.7600000000e-12 -9.7787047301e-08 -2.2605683001e-07 3.9995190666e-01 -1.4564397780e-01 8.5000000000e-01 0.0000000000e+00 3.0000000000e+02 2.3535547506e-09 -6.6805838915e-09 2.2470964901e-04 1.2725982439e-05 1.1748173726e-04 -3.5491736317e-04 -1.0111675313e-04 -2.0349458917e-05
d  5.7800000000e-12 -9.3161364667e-08 -2.4002099723e-07 3.9339022654e-01 -1.4796173107e-01 8.5000000000e-01 0.0000000000e+00 3.0000000000e+02 2.2674175743e-09 -7.2688398949e-09 2.2028028792e-04 1.2422698731e-05 1.1651904104e-04 -3.4922202212e-04 -9.9728959890e-05 -1.9897900288e-05
d  5.8000000000e-12 -8.8699916445e-08 -2.5518998709e-07 3.8698572661e-01 -1.5021971970e-01 8.5000000000e-01 0.0000000000e+00 3.0000000000e+02 2.1899010005e-09 -7.8855172417e-09 2.1599127373e-04 1.2079783987e-05 1.1544525729e-04 -3.4351630973e-04 -9.8348756053e-05 -1.9456807047e-05
d  5.8200000000e-12 -8.4386218333e-08 -2.7162009165e-07 3.8073285772e-01 -1.5241868262e-01 8.5000000000e-01 0.0000000000e+00 3.0000000000e+02 2.1201341084e-09 -8.5301603926e-09 2.1182975490e-04 1.1706911418e-05 1.1426552131e-04 -3.3780218358e-04 -9.6979173062e-05 -1.9025541966e-05
d  5.8400000000e-12 -8.0206551986e-08 -2.8936747998e-07 3.7462654073e-01 -1.5455948644e-01 8.5000000000e-01 0.0000000000e+00 3.0000000000e+02 2.0565447733e-09 -9.2028502414e-09 2.0778506512e-04 1.1313599631e-05 1.1299427978e-04 -3.3209294072e-04 -9.5623457413e-05 -1.8603792151e-05
d  5.8600000000e-12 -7.6149608389e-08 -3.0848767144e-07 3.6866208834e-01 -1.5664311241e-01 8.5000000000e-01 0.0000000000e+00 3.0000000000e+02 1.9980059046e-09 -9.9031387090e-09 2.0384825607e-04 1.0908171459e-05 1.1164515419e-04 -3.2640157795e-04 -9.4284463240e-05 -1.8191350084e-05
d  5.8800000000e-12 -7.2205591985e-08 -3.2903484023e-07 3.6283516318e-01 -1.5867062285e-01 8.5000000000e-01 0.0000000000e+00 3.0000000000e+02 1.9439861171e-09 -1.0630177902e-08 2.0001128602e-04 1.0497376876e-05 1.1022802697e-04 -3.2073668616e-04 -9.2964212980e-05 -1.7787958732e-05
d  5.9000000000e-12 -6.8366070951e-08 -3.5106175441e-07 3.5714172951e-01 -1.6064314229e-01 8.5000000000e-01 0.0000000000e+00 3.0000000000e+02 1.8938402239e-09 -1.1383250547e-08 1.9626724375e-04 1.0086806341e-05 1.0875149565e-04 -3.1510554215e-04 -9.1664279105e-05 -1.7393387437e-05
d  5.9200000000e-12 -6.4623828212e-08 -3.7461980070e-07 3.5157801039e-01 -1.6256184792e-01 8.5000000000e-01 0.0000000000e+00 3.0000000000e+02 1.8469988070e-09 -1.2161670797e-08 1.9261013491e-04 9.6812369084e-06 1.0722290216e-04 -3.0951427065e-04 -9.0385928091e-05 -1.7007447174e-05
d  5.9400000000e-12 -6.0972769483e-08 -3.9975892829e-07 3.4614044760e-01 -1.6442796071e-01 8.5000000000e-01 0.0000000000e+00 3.0000000000e+02 1.8029252292e-09 -1.2964704699e-08 1.8903492240e-04 9.2846663994e-06 1.0564930425e-04 -3.0396888982e-04 -8.9130211625e-05 -1.6629989722e-05
d  5.9600000000e-12 -5.7407720489e-08 -4.2652742930e-07 3.4082567163e-01 -1.6624272771e-01 8.5000000000e-01 0.0000000000e+00 3.0000000000e+02 1.7612080856e-09 -1.3791470823e-08 1.8553745191e-04 8.9001000886e-06 1.0403788945e-04 -2.9847543831e-04 -8.7897879130e-05 -1.6260859212e-05
d  5.9800000000e-12 -5.3924272801e-08 -4.5497190749e-07 3.3563047559e-01 -1.6800741262e-01 8.5000000000e-01 0.0000000000e+00 3.0000000000e+02 1.7215035873e-09 -1.4641116470e-08 1.8211424379e-04 8.5298733568e-06 1.0239509189e-04 -2.9303920599e-04 -8.6689484885e-05 -1.5899910588e-05
d  6.0000000000e-12 -5.0518558575e-08 -4.8513712570e-07 3.3055179940e-01 -1.6972327851e-01 8.5000000000e-01 0.0000000000e+00 3.0000000000e+02 1.6835976185e-09 -1.5512683470e-08 1.7876234486e-04 8.1755136329e-06 1.0072705859e-04 -2.8766491414e-04 -8.5505288398e-05 -1.5546966418e-05
d  6.0200000000e-12 -4.7187285499e-08 -5.1706611577e-07 3.2558670733e-01 -1.7139158625e-01 8.5000000000e-01 0.0000000000e+00 3.0000000000e+02 1.6471936719e-09 -1.6405333264e-08 1.7547935146e-04 7.8381862647e-06 9.9039223981e-05 -2.8235675891e-04 -8.4345507275e-05 -1.5201881344e-05
d  6.0440000000e-12 -4.3272574961e-08 -5.5781170826e-07 3.1978733744e-01 -1.7332749659e-01 8.5000000000e-01 0.0000000000e+00 3.0000000000e+02 1.6124877071e-09 -1.7529682004e-08 1.7163603883e-04 7.4597043618e-06 9.6996029334e-05 -2.7609176890e-04 -8.2984281896e-05 -1.4796484308e-05
d  6.0728000000e-12 -3.8699854209e-08 -6.1029702223e-07 3.1304878501e-01 -1.7555917866e-01 8.5000000000e-01 0.0000000000e+00 3.0000000000e+02 1.5642800032e-09 -1.8904005611e-08 1.6715879686e-04 7.0435209717e-06 9.4532957134e-05 -2.6873527042e-04 -8.1403634959e-05 -1.4326054564e-05
d  6.1073600000e-12 -3.3390380131e-08 -6.7857666037e-07 3.0526727518e-01 -1.7811168368e-01 8.5000000000e-01 0.0000000000e+00 3.0000000000e+02 1.5084426762e-09 -2.0592804318e-08 1.6197509084e-04 6.5954843366e-06 9.1581282042e-05 -2.6015185188e-04 -7.9580945459e-05 -1.3783692117e-05
d  6.1488320000e-12 -2.7265906167e-08 -7.6832829828e-07 2.9634690405e-01 -1.8100383924e-01 8.5000000000e-01 0.0000000000e+00 3.0000000000e+02 1.4444993657e-09 -2.2669415978e-08 1.5601974165e-04 6.1244734692e-06 8.8073034479e-05 -2.5021724477e-04 -7.7496590627e-05 -1.3163130517e-05
d  6.1985984000e-12 -2.0255678300e-08 -8.8755681869e-07 2.8620867035e-01 -1.8424415097e-01 8.5000000000e-01 0.0000000000e+00 3.0000000000e+02 1.3716479896e-09 -2.5220906749e-08 1.4924406234e-04 5.6421591430e-06 8.3956661449e-05 -2.3884287616e-04 -7.5136827122e-05 -1.2459457965e-05
d  6.2583180800e-12 -1.2305252388e-08 -1.0475922110e-06 2.7480172485e-01 -1.8782565353e-01 8.5000000000e-01 0.0000000000e+00 3.0000000000e+02 1.2892824579e-09 -2.8346867216e-08 1.4162784033e-04 5.1620298767e-06 7.9204872052e-05 -2.2599473559e-04 -7.2497368952e-05 -1.1670033622e-05
d  6.3299816960e-12 -3.3860225256e-09 -1.2644701252e-06 2.6211644140e-01 -1.9171970255e-01 8.5000000000e-01 0.0000000000e+00 3.0000000000e+02 1.1974590875e-09 -3.2153578173e-08 1.3319182621e-04 4.6974271725e-06 7.3823766559e-05 -2.1171301449e-04 -6.9586655734e-05 -1.0795372975e-05
d  6.4159780352e-12 6.4893826622e-09 -1.5607668294e-06 2.4819695947e-01 -1.9586975283e-01 8.5000000000e-01 0.0000000000e+00 3.0000000000e+02 1.0959812277e-09 -3.6740661073e-08 1.2401790914e-04 4.2617569356e-06 6.7889500720e-05 -1.9616916143e-04 -6.6433702941e-05 -9.8413674311e-06
d  6.5191736422e-12 1.7252841497e-08 -1.9678779935e-06 2.3315061643e-01 -2.0018598318e-01 8.5000000000e-01 0.0000000000e+00 3.0000000000e+02 9.8565887651e-10 -4.2175400857e-08 1.1426339966e-04 3.8662846209e-06 6.1534691301e-05 -1.7966437055e-04 -6.3092806886e-05 -8.8207766125e-06
d  6.6430083707e-12 2.8773940605e-08 -2.5285514328e-06 2.1715143900e-01 -2.0454189637e-01 8.5000000000e-01 0.0000000000e+00 3.0000000000e+02 8.6898745944e-10 -4.8453431744e-08 1.0416255025e-04 3.5178848901e-06 5.4963787237e-05 -1.6264421809e-04 -5.9643611670e-05 -7.7536716757e-06
d  6.7916100448e-12 4.0862662009e-08 -3.2991520815e-06 2.0043465234e-01 -2.0877440471e-01 8.5000000000e-01 0.0000000000e+00 3.0000000000e+02 7.4980517892e-10 -5.5446266996e-08 9.4014095061e-05 3.2188271649e-06 4.8431435585e-05 -1.4566435469e-04 -5.6187355517e-05 -6.6670156229e-06
d  6.9699320538e-12 5.3285350467e-08 -4.3506535891e-06 1.8328090500e-01 -2.1268820112e-01 8.5000000000e-01 0.0000000000e+00 3.0000000000e+02 6.3293624681e-10 -6.2844335488e-08 8.4150254528e-05 2.9680264633e-06 4.2209799010e-05 -1.2932807770e-04 -5.2837040529e-05 -5.5926291486e-06
d  7.1839184645e-12 6.5795844352e-08 -5.7668182707e-06 1.6599278938e-01 -2.1606336509e-01 8.5000000000e-01 0.0000000000e+00 3.0000000000e+02 5.2356524549e-10 -7.0114733437e-08 7.4888023110e-05 2.7633857564e-06 3.6542379273e-05 -1.1419378704e-04 -4.9701142816e-05 -4.5632492326e-06
d  7.4407021575e-12 7.8179513183e-08 -7.6376400726e-06 1.4887159740e-01 -2.1866209625e-01 8.5000000000e-01 0.0000000000e+00 3.0000000000e+02 4.2642801449e-10 -7.6497163484e-08 6.6472740094e-05 2.6026645012e-06 3.1593440519e-05 -1.0066884456e-04 -4.6862613498e-05 -3.6069686319e-06
d  7.7488425890e-12 9.0295211889e-08 -1.0046136749e-05 1.3220235292e-01 -2.2023062072e-01 8.5000000000e-01 0.0000000000e+00 3.0000000000e+02 3.4460756858e-10 -8.1056544076e-08 5.9039574300e-05 2.4841223947e-06 2.7425772840e-05 -8.8949469140e-05 -4.4363562517e-05 -2.7428821055e-06
d  8.1186111067e-12 1.0210290240e-07 -1.3047301259e-05 1.1625375168e-01 -2.2049299872e-01 8.5000000000e-01 0.0000000000e+00 3.0000000000e+02 2.7904118794e-10 -8.2800115559e-08 5.2604353526e-05 2.4051262365e-06 2.4004747714e-05 -7.9014227264e-05 -4.2199214603e-05 -1.9790895591e-06
d  8.5623333281e-12 1.1366703061e-07 -1.6639968029e-05 1.0129214401e-01 -2.1913761854e-01 8.5000000000e-01 0.0000000000e+00 3.0000000000e+02 2.2859360152e-10 -8.0859121841e-08 4.7085201872e-05 2.3609126349e-06 2.1225041744e-05 -7.0671156163e-05 -4.0324152311e-05 -1.3141322863e-06
d  9.0947999937e-12 1.2514031566e-07 -2.0736318147e-05 8.7606412871e-02 -2.1580085271e-01 8.5000000000e-01 0.0000000000e+00 3.0000000000e+02 1.9085149141e-10 -7.4730561434e-08 4.2344329205e-05 2.3438004222e-06 1.8949431804e-05 -6.3637561397e-05 -3.8664818969e-05 -7.4045213984e-07
d  9.7337599924e-12 1.3673023848e-07 -2.5140059527e-05 7.5527989167e-02 -2.1005408690e-01 8.5000000000e-01 0.0000000000e+00 3.0000000000e+02 1.6279434262e-10 -6.4550661717e-08 3.8226473368e-05 2.3443128632e-06 1.7042407213e-05 -5.7613193442e-05 -3.7136515632e-05 -2.4906338566e-07
d  1.0500511991e-11 1.4866978446e-07 -2.9550689682e-05 6.5439612685e-02 -2.0139960498e-01 8.5000000000e-01 0.0000000000e+00 3.0000000000e+02 1.4171305877e-10 -5.1307001376e-08 3.4586519605e-05 2.3526934273e-06 1.5392271071e-05 -5.2331484123e-05 -3.5655044911e-05 1.6729945465e-07
d  1.1420614389e-11 1.6120902714e-07 -3.3610785590e-05 5.7765876579e-02 -1.8927975915e-01 8.5000000000e-01 0.0000000000e+00 3.0000000000e+02 1.2567983046e-10 -3.6819073395e-08 3.1304037203e-05 2.3602422029e-06 1.3919760633e-05 -4.7584040057e-05 -3.4144042532e-05 5.1261968593e-07
d  1.2524737267e-11 1.7464643156e-07 -3.6996705399e-05 5.2944285261e-02 -1.7310065854e-01 8.5000000000e-01 0.0000000000e+00 3.0000000000e+02 1.1374975406e-10 -2.3324078442e-08 2.8285103970e-05 2.3597609134e-06 1.2575329026e-05 -4.3220193916e-05 -3.2538124855e-05 7.8772425406e-07
d  1.3849684720e-11 1.8939715974e-07 -3.9520560464e-05 5.1375559126e-02 -1.5227167361e-01 8.5000000000e-01 0.0000000000e+00 3.0000000000e+02 1.0567339393e-10 -1.2711921316e-08 2.5459696838e-05 2.3459749946e-06 1.1333570377e-05 -3.9139242211e-05 -3.0785370275e-05 9.9119344561e-07
d  1.5439621664e-11 2.0605611765e-07 -4.1185668147e-05 5.3354900052e-02 -1.2625855536e-01 8.5000000000e-01 0.0000000000e+00 3.0000000000e+02 1.0120293692e-10 -5.7950038755e-09 2.2777774986e-05 2.3157489972e-06 1.0185669080e-05 -3.5279193057e-05 -2.8850043084e-05 1.1208262919e-06
d  1.7347545997e-11 2.2540061983e-07 -4.2155111521e-05 5.8987276682e-02 -9.4645722462e-02 8.5000000000e-01 0.0000000000e+00 3.0000000000e+02 9.9542729849e-11 -2.1402389962e-09 2.0206355692e-05 2.2691918127e-06 9.1311329851e-06 -3.1606680476e-05 -2.6716519366e-05 1.1753071527e-06
d  1.9637055197e-11 2.4833882918e-07 -4.2654725443e-05 6.8093359086e-02 -5.7193294060e-02 8.5000000000e-01 0.0000000000e+00 3.0000000000e+02 9.9532717257e-11 -6.0093949447e-10 1.7727999920e-05 2.2099254598e-06 8.1711304981e-06 -2.8109055860e-05 -2.4393017802e-05 1.1560939432e-06
d  2.2384466236e-11 2.7587649665e-07 -4.2877531063e-05 8.0116973104e-02 -1.3860784896e-02 8.5000000000e-01 0.0000000000e+00 3.0000000000e+02 1.0025485335e-10 -6.3025346888e-11 1.5339489516e-05 2.1433020835e-06 7.3058496432e-06 -2.4788641227e-05 -2.1913127241e-05 1.0692506475e-06
d  2.5681359483e-11 3.0915417640e-07 -4.2954166701e-05 9.4126669568e-02 3.5264344851e-02 8.5000000000e-01 0.0000000000e+00 3.0000000000e+02 1.0132121679e-10 8.3107987091e-11 1.3053962699e-05 2.0726071134e-06 6.5346704866e-06 -2.1661240288e-05 -1.9323267170e-05 9.4383312746e-07
d  2.9637631380e-11 3.4950379713e-07 -4.2960790843e-05 1.0887305989e-01 9.0098906697e-02 8.5000000000e-01 0.0000000000e+00 3.0000000000e+02 1.0256309920e-10 1.0091368484e-10 1.0898572130e-05 2.0010480486e-06 5.8495391919e-06 -1.8749159371e-05 -1.6679934034e-05 8.2868343547e-07
d  3.4385157656e-11 3.9842377362e-07 -4.2930921414e-05 1.2228968755e-01 1.5062620892e-01 8.5000000000e-01 0.0000000000e+00 3.0000000000e+02 1.0361804517e-10 1.0636623097e-10 8.8954749711e-06 1.9474037861e-06 5.2149392206e-06 -1.6057817978e-05 -1.4105224826e-05 6.9973104065e-07
d  4.0082189187e-11 4.5758050268e-07 -4.2877124847e-05 1.3115585613e-01 2.1721408288e-01 8.5000000000e-01 0.0000000000e+00 3.0000000000e+02 1.0427130491e-10 1.1161821583e-10 7.1289327521e-06 1.9568409418e-06 4.4997298017e-06 -1.3585503496e-05 -1.1763903736e-05 5.6531825671e-07
d  4.6918627025e-11 5.2838312802e-07 -4.2802372676e-05 1.2747291429e-01 2.9125239665e-01 8.5000000000e-01 0.0000000000e+00 3.0000000000e+02 1.0341859859e-10 1.1747899216e-10 6.0127536120e-06 2.1313701567e-06 3.1288900394e-06 -1.1273013808e-05 -1.0089138934e-05 4.1249347773e-07
d  5.5122352430e-11 6.0996045443e-07 -4.2704552493e-05 8.6869539590e-02 3.7818114543e-01 8.5000000000e-01 0.0000000000e+00 3.0000000000e+02 9.7188178941e-11 1.2463600023e-10 6.6959741060e-06 2.8138045362e-06 -5.8803579780e-07 -8.9217428443e-06 -1.0277482387e-05 1.8343163188e-07
d  6.4966822915e-11 6.9167335604e-07 -4.2577658062e-05 3.1375037953e-02 4.9093879826e-01 8.5000000000e-01 0.0000000000e+00 3.0000000000e+02 7.4040748661e-11 1.3416853757e-10 5.8140899835e-06 3.8184529113e-06 -2.4619820889e-06 -7.1705608023e-06 -1.0325138541e-05 1.5587105604e-07
d  7.4966822915e-11 7.4095469610e-07 -4.2439419335e-05 9.1417362541e-03 6.0388123701e-01 8.5000000000e-01 0.0000000000e+00 3.0000000000e+02 3.2288646399e-11 1.4294509246e-10 3.1537651854e-06 3.7119189892e-06 -4.7478665325e-07 -6.3908975212e-06 -8.3129829496e-06 2.9617913002e-07
d  8.2640394569e-11 7.5833385376e-07 -4.2328165366e-05 2.7725144922e-03 6.7573126730e-01 8.5000000000e-01 0.0000000000e+00 3.0000000000e+02 1.1084343750e-11 1.4791167346e-10 1.9472447194e-06 3.0087077369e-06 9.2083785698e-07 -5.8767903132e-06 -6.3747483349e-06 2.8930943644e-07
d  8.9032736466e-11 7.6351689032e-07 -4.2232505798e-05 3.0164908189e-04 7.2235295434e-01 8.5000000000e-01 0.0000000000e+00 3.0000000000e+02 1.5004866947e-12 1.5176688528e-10 1.4089677973e-06 2.3241560625e-06 1.7279957920e-06 -5.4611196518e-06 -4.8886253020e-06 2.3606864195e-07
d  9.4571202180e-11 7.6358523880e-07 -4.2147678829e-05 -9.6653851962e-04 7.5358044653e-01 8.5000000000e-01 0.0000000000e+00 3.0000000000e+02 -3.5832759611e-12 1.5479033072e-10 1.1042890454e-06 1.7924557454e-06 2.2339271977e-06 -5.1306719885e-06 -3.8006577703e-06 1.8501075009e-07
d  1.0000000000e-10 7.6105298000e-07 -4.2063033360e-05 -1.8132020766e-03 7.7705347242e-01 8.5000000000e-01 0.0000000000e+00 3.0000000000e+02 -7.0345298587e-12 1.5728541615e-10 8.7305917391e-07 1.3739519185e-06 2.5963954838e-06 -4.8434065763e-06 -2.9417021603e-06 1.4238736684e-07
d  1.1000000000e-10 7.5263259848e-07 -4.1904437127e-05 -2.7289987721e-03 8.0454925663e-01 8.5000000000e-01 0.0000000000e+00 3.0000000000e+02 -1.0854770237e-11 1.6033123961e-10 5.7251114236e-07 8.7352889118e-07 2.9786867688e-06 -4.4247268024e-06 -1.8878962067e-06 9.0690520082e-08
d  1.2200000000e-10 7.3874761908e-07 -4.1711102996e-05 -3.3015845610e-03 8.2381296722e-01 8.5000000000e-01 0.0000000000e+00 3.0000000000e+02 -1.3289265743e-11 1.6248389316e-10 3.4117789838e-07 5.0951627955e-07 3.1913958002e-06 -4.0420899779e-06 -1.1092900433e-06 5.3144223078e-08
d  1.3640000000e-10 7.1935683802e-07 -4.1476515124e-05 -3.5822810026e-03 8.3616220112e-01 8.5000000000e-01 0.0000000000e+00 3.0000000000e+02 -1.4499472409e-11 1.6388813718e-10 1.8186646523e-07 2.7133767703e-07 3.2507708160e-06 -3.7039749582e-06 -5.9275094711e-07 2.8698075837e-08
d  1.5368000000e-10 6.9462230047e-07 -4.1192993959e-05 -3.6464684585e-03 8.4335179002e-01 8.5000000000e-01 0.0000000000e+00 3.0000000000e+02 -1.4776599451e-11 1.6471102337e-10 8.5619320786e-08 1.3073438676e-07 3.1986171820e-06 -3.4149708901e-06 -2.8568757795e-07 1.4257229223e-08
d  1.7441600000e-10 6.6471497418e-07 -4.0851334697e-05 -3.5789659943e-03 8.4712482169e-01 8.5000000000e-01 0.0000000000e+00 3.0000000000e+02 -1.4482318992e-11 1.6514340767e-10 3.4707949323e-08 5.6382829570e-08 3.0843717983e-06 -3.1754625772e-06 -1.2294565191e-07 6.5409068733e-09
d  1.9929920000e-10 6.2962530730e-07 -4.0440411774e-05 -3.4505999220e-03 8.4889466658e-01 8.5000000000e-01 0.0000000000e+00 3.0000000000e+02 -1.3926577382e-11 1.6534496402e-10 1.1309555544e-08 2.1406221411e-08 2.9486574193e-06 -2.9813731963e-06 -4.6507586113e-08 2.8196360152e-09
d  2.2915904000e-10 5.8905412777e-07 -3.9946751779e-05 -3.3064609267e-03 8.4962892931e-01 8.5000000000e-01 0.0000000000e+00 3.0000000000e+02 -1.3306545502e-11 1.6542665760e-10 2.1655391992e-09 6.9037786466e-09 2.8156052769e-06 -2.8246745946e-06 -1.5003138405e-08 1.2000645098e-09
d  2.6499084800e-10 5.4240284918e-07 -3.9354062856e-05 -3.1668873732e-03 8.4989437405e-01 8.5000000000e-01 0.0000000000e+00 3.0000000000e+02 -1.2709866453e-11 1.6545380132e-10 -7.0371058177e-10 1.6812249508e-09 2.6938093438e-06 -2.6947868581e-06 -3.8116974853e-09 5.6092400399e-10
d  3.0798901760e-10 4.8883976786e-07 -3.8642695460e-05 -3.0352601837e-03 8.4997586679e-01 8.5000000000e-01 0.0000000000e+00 3.0000000000e+02 -1.2150267268e-11 1.6545916743e-10 -1.2864094645e-09 9.2985940238e-11 2.5816496661e-06 -2.5804562420e-06 -5.1522143209e-10 3.2862187508e-10
d  3.5958682112e-10 4.2740424192e-07 -3.7789003178e-05 -2.9067002414e-03 8.4999581881e-01 8.5000000000e-01 0.0000000000e+00 3.0000000000e+02 -1.1606374210e-11 1.6545671808e-10 -1.2300715914e-09 -2.8586681320e-10 2.4730329632e-06 -2.4715170249e-06 1.9846402777e-10 2.4766362369e-10
d  4.2150418534e-10 3.5711691957e-07 -3.6764571981e-05 -2.7743801177e-03 8.4999874292e-01 8.5000000000e-01 0.0000000000e+00 3.0000000000e+02 -1.1049165099e-11 1.6545139802e-10 -1.0745245893e-09 -3.3414284550e-10 2.3614581420e-06 -2.3600494747e-06 2.3377589126e-10 2.1791324305e-10
d  4.9580502241e-10 2.7708003197e-07 -3.5535287301e-05 -2.6327759668e-03 8.4999803512e-01 8.5000000000e-01 0.0000000000e+00 3.0000000000e+02 -1.0455753683e-11 1.6544454420e-10 -9.4020697882e-10 -3.1412597365e-10 2.2420211339e-06 -2.2407668009e-06 1.4416313505e-10 2.0417369255e-10
d  5.8496602690e-10 1.8656644131e-07 -3.4060207200e-05 -2.4786551762e-03 8.4999685475e-01 8.5000000000e-01 0.0000000000e+00 3.0000000000e+02 -9.8133551691e-12 1.6543628650e-10 -8.2946974138e-10 -2.8633291864e-10 2.1119123096e-06 -2.1107965072e-06 4.7967686063e-11 1.9500795666e-10
d  6.9195923227e-10 8.5103088969e-08 -3.2290205528e-05 -2.3109465043e-03 8.4999568672e-01 8.5000000000e-01 0.0000000000e+00 3.0000000000e+02 -9.1184988060e-12 1.6542640691e-10 -7.2782611842e-10 -2.5929205209e-10 1.9701813808e-06 -1.9691942627e-06 -4.3575750797e-11 1.8687482104e-10
d  8.2035107873e-10 -2.7446230642e-08 -3.0166341788e-05 -2.1302973344e-03 8.4999452718e-01 8.5000000000e-01 0.0000000000e+00 3.0000000000e+02 -8.3749465361e-12 1.6541457902e-10 -6.2675296019e-10 -2.3249393641e-10 1.8173367749e-06 -1.8164775277e-06 -1.3458324363e-10 1.7876362277e-10
d  9.7442129448e-10 -1.5080063248e-07 -2.7617905115e-05 -1.9387161036e-03 8.4999335160e-01 8.5000000000e-01 0.0000000000e+00 3.0000000000e+02 -7.5919916832e-12 1.6540040976e-10 -5.2386919089e-10 -2.0534620481e-10 1.6550400084e-06 -1.6543107932e-06 -2.2705275644e-10 1.7048429917e-10
d  1.1593055534e-09 -2.8419369931e-07 -2.4560068842e-05 -1.7393321035e-03 8.4999216650e-01 8.5000000000e-01 0.0000000000e+00 3.0000000000e+02 -6.7832634899e-12 1.6538343209e-10 -4.2012247224e-10 -1.7801393557e-10 1.4859089628e-06 -1.4853108266e-06 -3.2029204588e-10 1.6212956961e-10
d  1.3811666640e-09 -4.2633125140e-07 -2.0891079231e-05 -1.5361864567e-03 8.4999099678e-01 8.5000000000e-01 0.0000000000e+00 3.0000000000e+02 -5.9656832126e-12 1.6536308809e-10 -3.1785247952e-10 -1.5107994000e-10 1.3133490365e-06 -1.3128801046e-06 -4.1226779327e-10 1.5389404304e-10
d  1.6473999969e-09 -5.7539156953e-07 -1.6488886977e-05 -1.3339757650e-03 8.4998987348e-01 8.5000000000e-01 0.0000000000e+00 3.0000000000e+02 -5.1582747631e-12 1.6533870909e-10 -2.1979950647e-10 -1.2526267353e-10 1.1413415639e-06 -1.1409965017e-06 -5.0051854293e-10 1.4600136665e-10
d  1.9668799962e-09 -7.2907969288e-07 -1.1207112351e-05 -1.1376813877e-03 8.4998882781e-01 8.5000000000e-01 0.0000000000e+00 3.0000000000e+02 -4.3805955604e-12 1.6530949304e-10 -1.2871216116e-10 -1.0128011918e-10 9.7413334230e-07 -9.7390334981e-07 -5.8259445164e-10 1.3867083649e-10
d  2.3502559955e-09 -8.8474016569e-07 -4.8702139901e-06 -9.5212808972e-04 8.4998788637e-01 8.5000000000e-01 0.0000000000e+00 3.0000000000e+02 -3.6509936749e-12 1.6527447768e-10 -4.6890051955e-11 -7.9738165898e-11 8.1586029244e-07 -8.1573366425e-07 -6.5641607803e-10 1.3208678138e-10
d  2.8103071946e-09 -1.0395203846e-06 2.7322932728e-06 -7.8151284337e-04 8.4998706808e-01 8.5000000000e-01 0.0000000000e+00 3.0000000000e+02 -2.9848624772e-12 1.6523250897e-10 2.4031852590e-11 -6.1062888483e-11 6.7014283502e-07 -6.7010580403e-07 -7.2051188830e-10 1.2637886324e-10
d  3.3623686335e-09 -1.1905657821e-06 1.1852755020e-05 -6.2900560288e-04 8.4998638231e-01 8.5000000000e-01 0.0000000000e+00 3.0000000000e+02 -2.3932683373e-12 1.6518220345e-10 8.3326622805e-11 -4.5456616725e-11 5.3973829366e-07 -5.3977616376e-07 -7.7416767025e-10 1.2160824471e-10
d  4.0248423602e-09 -1.3352197076e-06 2.2793645572e-05 -4.9649509236e-04 8.4998582845e-01 8.5000000000e-01 0.0000000000e+00 3.0000000000e+02 -1.8821874328e-12 1.6512190317e-10 1.3108135325e-10 -3.2892066506e-11 4.2631410886e-07 -4.2641229815e-07 -8.1744922385e-10 1.1776636629e-10
d  4.8198108322e-09 -1.4711988957e-06 3.5917444604e-05 -3.8452715815e-04 8.4998539738e-01 8.5000000000e-01 0.0000000000e+00 3.0000000000e+02 -1.4524732562e-12 1.6504962333e-10 1.6811468362e-10 -2.3145325824e-11 3.3038695464e-07 -3.3053192409e-07 -8.5109306153e-10 1.1478480646e-10
d  5.7737729986e-09 -1.5967202850e-06 5.1658423953e-05 -2.9243172969e-04 8.4998507382e-01 8.5000000000e-01 0.0000000000e+00 3.0000000000e+02 -1.1004940452e-12 1.6496298948e-10 1.9581384212e-10 -1.5853887191e-11 2.5142518827e-07 -2.5160514841e-07 -8.7631317975e-10 1.1255309753e-10
d  6.9185275984e-09 -1.7105656055e-06 7.0536698390e-05 -2.1859205067e-04 8.4998483936e-01 8.5000000000e-01 0.0000000000e+00 3.0000000000e+02 -8.1924283196e-13 1.6485916335e-10 2.1581426131e-10 -1.0585467502e-11 1.8807620988e-07 -1.8828143872e-07 -8.9456566781e-10 1.1093956152e-10
d  8.2922331180e-09 -1.8120825699e-06 9.3174952665e-05 -1.6078199063e-04 8.4998467517e-01 8.5000000000e-01 0.0000000000e+00 3.0000000000e+02 -5.9963914061e-13 1.6473475519e-10 2.2978330311e-10 -6.9015824006e-12 1.3845480316e-07 -1.3867768482e-07 -9.0733604753e-10 1.0981039720e-10
d  9.9406797417e-09 -1.9011325816e-06 1.2031832230e-04 -1.1649965639e-04 8.4998456401e-01 8.5000000000e-01 0.0000000000e+00 3.0000000000e+02 -4.3177054826e-13 1.6458572061e-10 2.3924351181e-10 -4.4028015206e-12 1.0043024298e-07 -1.0066508381e-07 -9.1598202386e-10 1.0904363553e-10
d  1.1918815690e-08 -1.9780015191e-06 1.5285797636e-04 -8.3243537916e-05 8.4998449135e-01 8.5000000000e-01 0.0000000000e+00 3.0000000000e+02 -3.0589355836e-13 1.6440723953e-10 2.4547113284e-10 -2.7535721803e-12 7.1865267521e-08 -7.2107985058e-08 -9.2164495972e-10 1.0853697185e-10
d  1.4292578828e-08 -2.0432921399e-06 1.9185902525e-04 -5.8706180065e-05 8.4998444581e-01 8.5000000000e-01 0.0000000000e+00 3.0000000000e+02 -2.1311786908e-13 1.6419357515e-10 2.4947148278e-10 -1.6918700661e-12 5.0784493696e-08 -5.1032273186e-08 -9.2521971626e-10 1.0821016537e-10
d  1.7141094594e-08 -2.0978145611e-06 2.3859345153e-04 -4.0884116756e-05 8.4998441893e-01 8.5000000000e-01 0.0000000000e+00 3.0000000000e+02 -1.4578058182e-13 1.6393791046e-10 2.5197764780e-10 -1.0234291285e-12 3.5470528371e-08 -3.5721482594e-08 -9.2736999901e-10 1.0800368787e-10
d  2.0559313512e-08 -2.1424867610e-06 2.9457883219e-04 -2.8118456022e-05 8.4998440474e-01 8.5000000000e-01 0.0000000000e+00 3.0000000000e+02 -9.7568260766e-14 1.6363216067e-10 2.5351125553e-10 -6.1097392702e-13 2.4500072990e-08 -2.4752973830e-08 -9.2856400011e-10 1.0787539511e-10
d  2.4661176215e-08 -2.1782517600e-06 3.6162367672e-04 -1.9086806553e-05 8.4998439919e-01 8.5000000000e-01 0.0000000000e+00 3.0000000000e+02 -6.3465484067e-14 1.6326675988e-10 2.5442582603e-10 -3.5936062350e-13 1.6737866304e-08 -1.6991932583e-08 -9.2911982327e-10 1.0779659807e-10
d  2.9583411458e-08 -2.2060135875e-06 4.4188023474e-04 -1.2766950909e-05 8.4998439974e-01 8.5000000000e-01 0.0000000000e+00 3.0000000000e+02 -3.9604569758e-14 1.6283042197e-10 2.5495572084e-10 -2.0947994421e-13 1.1305977572e-08 -1.1560723918e-08 -9.2923998282e-10 1.0774839768e-10
d  3.5490093749e-08 -2.2265909886e-06 5.3790561010e-04 -8.3883271217e-06 8.4998440481e-01 8.5000000000e-01 0.0000000000e+00 3.0000000000e+02 -2.3074845572e-14 1.6230987691e-10 2.5525360037e-10 -1.2097808281e-13 7.5424156127e-09 -7.7975485774e-09 -9.2905093332e-10 1.0771867133e-10
d  4.2578112499e-08 -2.2406861404e-06 6.5273192825e-04 -5.3820325816e-06 8.4998441355e-01 8.5000000000e-01 0.0000000000e+00 3.0000000000e+02 -1.1729879764e-14 1.6168958692e-10 2.5541650487e-10 -6.8832890494e-14 4.9583406176e-09 -5.2136883351e-09 -9.2862377104e-10 1.0769980777e-10
d  5.1083734999e-08 -2.2488651312e-06 7.8994610452e-04 -3.3353439923e-06 8.4998442560e-01 8.5000000000e-01 0.0000000000e+00 3.0000000000e+02 -4.0138254996e-15 1.6095145042e-10 2.5550395520e-10 -3.9123288185e-14 3.1990650119e-09 -3.4545301652e-09 -9.2799449325e-10 1.0768710039e-10
d  6.1290481999e-08 -2.2515470279e-06 9.5377940287e-04 -1.9532754224e-06 8.4998444089e-01 8.5000000000e-01 0.0000000000e+00 3.0000000000e+02 1.1845449071e-15 1.6007450782e-10 2.5555062517e-10 -2.1950527956e-14 2.0110609232e-09 -2.2665899393e-09 -9.2717531623e-10 1.0767766430e-10
d  7.3538578398e-08 -2.2489986604e-06 1.1492063982e-03 -1.0276515149e-06 8.4998445961e-01 8.5000000000e-01 0.0000000000e+00 3.0000000000e+02 4.6489037184e-15 1.5903467049e-10 2.5557558172e-10 -1.2555819101e-14 1.2154007729e-09 -1.4709645027e-09 -9.2616198796e-10 1.0766972951e-10
d  8.8236294078e-08 -2.2413327627e-06 1.3820520857e-03 -4.1311678173e-07 8.4998448206e-01 8.5000000000e-01 0.0000000000e+00 3.0000000000e+02 6.9258735390e-15 1.5780450493e-10 2.5558873300e-10 -6.1870792440e-15 6.8714671057e-10 -9.4272910567e-10 -9.2493996495e-10 1.0766219364e-10
d  1.0587355289e-07 -2.2285075288e-06 1.6591046367e-03 -9.0663074619e-09 8.4998450880e-01 8.5000000000e-01 0.0000000000e+00 3.0000000000e+02 8.3931906216e-15 1.5635311628e-10 2.5559513349e-10 -3.3957602502e-15 3.3982340156e-10 -5.9541526874e-10 -9.2348186170e-10 1.0765434445e-10
d  1.2703826347e-07 -2.2103262663e-06 1.9882296028e-03 2.5362650476e-07 8.4998454036e-01 8.5000000000e-01 0.0000000000e+00 3.0000000000e+02 9.3097110587e-15 1.5464619079e-10 2.5559761541e-10 -1.6869676165e-15 1.1401149076e-10 -3.6960754996e-10 -9.2175909483e-10 1.0764569171e-10
d  1.5243591617e-07 -2.1864366005e-06 2.3784791605e-03 4.2215611519e-07 8.4998457739e-01 8.5000000000e-01 0.0000000000e+00 3.0000000000e+02 9.8513076222e-15 1.5264627287e-10 2.5559805050e-10 -6.1361650911e-16 -3.0857041143e-11 -2.2474038393e-10 -9.1973622130e-10 1.0763586814e-10
d  1.8291309940e-07 -2.1563293849e-06 2.8401872584e-03 5.2854376177e-07 8.4998462064e-01 8.5000000000e-01 0.0000000000e+00 3.0000000000e+02 1.0136271185e-14 1.5031336750e-10 2.5559774195e-10 -2.8648016441e-16 -1.2230796962e-10 -1.3328964454e-10 -9.1737383326e-10 1.0762457283e-10
d  2.1948571928e-07 -2.1193381507e-06 3.3850383768e-03 5.9437544474e-07 8.4998467088e-01 8.5000000000e-01 0.0000000000e+00 3.0000000000e+02 1.0243109051e-14 1.4760596931e-10 2.5559741681e-10 -1.8296380356e-16 -1.7889695600e-10 -7.6700593313e-11 -9.1462931750e-10 1.0761154150e-10
d  2.6337286314e-07 -2.0746405762e-06 4.0260942875e-03 6.3410261633e-07 8.4998472884e-01 8.5000000000e-01 0.0000000000e+00 3.0000000000e+02 1.0222949478e-14 1.4448261891e-10 2.5559734305e-10 8.3585873636e-17 -2.1304658953e-10 -4.2551014428e-11 -9.1146298377e-10 1.0759653356e-10
d  3.1603743576e-07 -2.0212642190e-06 4.7777601881e-03 6.5732649496e-07 8.4998479523e-01 8.5000000000e-01 0.0000000000e+00 3.0000000000e+02 1.0108143882e-14 1.4090406762e-10 2.5559751263e-10 6.4577180319e-16 -2.3301004830e-10 -2.2587790183e-11 -9.0783573630e-10 1.0757933098e-10
d  3.7923492292e-07 -1.9580997284e-06 5.6556696481e-03 6.7036571636e-07 8.4998487074e-01 8.5000000000e-01 0.0000000000e+00 3.0000000000e+02 9.9182052652e-15 1.3683608413e-10 2.5559785303e-10 6.1234844588e-16 -2.4421877717e-10 -1.1379414477e-11 -9.0371029648e-10 1.0755974502e-10
d  4.5507190750e-07 -1.8839259100e-06 6.6764679694e-03 6.7732458130e-07 8.4998495581e-01 8.5000000000e-01 0.0000000000e+00 3.0000000000e+02 9.6639141841e-15 1.3225285321e-10 2.5559828543e-10 1.2241847342e-16 -2.5020077139e-10 -5.3978453695e-12 -8.9906245901e-10 1.0753762884e-10
d  5.4607628900e-07 -1.7974522904e-06 7.8574770450e-03 6.8081725707e-07 8.4998505070e-01 8.5000000000e-01 0.0000000000e+00 3.0000000000e+02 9.3501984138e-15 1.2714079515e-10 2.5559873133e-10 2.1605779128e-16 -2.5320311597e-10 -2.3959293074e-12 -8.9387838818e-10 1.0751289442e-10
d  6.5528154680e-07 -1.6973861352e-06 9.2162327086e-03 6.8245371850e-07 8.4998515535e-01 8.5000000000e-01 0.0000000000e+00 3.0000000000e+02 8.9782103999e-15 1.2150248262e-10 2.5559911665e-10 1.9436068832e-16 -2.5460967525e-10 -9.8973340656e-13 -8.8816023366e-10 1.0748553145e-10
d  7.8632785616e-07 -1.5825317393e-06 1.0769898503e-02 6.8316725450e-07 8.4998526938e-01 8.5000000000e-01 0.0000000000e+00 3.0000000000e+02 8.5469329012e-15 1.1536017505e-10 2.5559946059e-10 1.3713879472e-16 -2.5522272652e-10 -3.7701618928e-13 -8.8193001710e-10 1.0745562565e-10
d  9.4358342739e-07 -1.4519290065e-06 1.2534577289e-02 6.8345490052e-07 8.4998539194e-01 8.5000000000e-01 0.0000000000e+00 3.0000000000e+02 8.0546058577e-15 1.0875837030e-10 2.5559983842e-10 1.7699826769e-16 -2.5546959747e-10 -1.3049314046e-13 -8.7523421335e-10 1.0742337356e-10
d  1.0000000000e-06 -1.4069384999e-06 1.3142630349e-02 6.8351577321e-07 8.4998543253e-01 8.5000000000e-01 0.0000000000e+00 3.0000000000e+02 7.8874540566e-15 1.0658520148e-10 2.5560012631e-10 3.0101686906e-16 -2.5552196056e-10 -7.8394757573e-14 -8.7301681902e-10 1.0740073247e-10
