v ATLAS
# This file was created by ATLAS version 5.26.1.R on Tue Apr 17 21:23:39 2018.
#SSF 2.0 generic
##############################################################################
#                    Copyright (c) 1984 - 2018                               #
#                    Silvaco Inc. All rights reserved                        #
#                                                                            #
# This file format and the following Key are copyright Silvaco Inc.          #
# You may not use, this format or key without reproducing this message in    #
# full and obtaining express written permission from Silvaco Inc.            #
#                                                                            #
# To obtain such permission please contact: Silvaco Inc.                     #
#                                           support@silvaco.com              #
#                                                                            #
# KEY=SVC86hn7562asdx                       PROD=345                         #
##############################################################################
y 1 15
z 300
f 2 "ground" "anode" 
p 14 40 2221 2 20 3 21 3000000 2000000 3001000 2001000 3000001 2000001 3001001 2001001 
Q 3000000 3 "Mhos" 
Q 2000000 3 "F" 
Q 3001000 3 "Mhos" 
Q 2001000 3 "F" 
Q 3000001 3 "Mhos" 
Q 2000001 3 "F" 
Q 3001001 3 "Mhos" 
Q 2001001 3 "F" 
d 1.000000000e+03 1.65627e-16 0.000000000e+00 -5.430502426e-18 0.000000000e+00 2.506385735e-18 -1.000118571e-04 -2.089588327e-17 1.000118571e-04 2.089588327e-17 1.000118571e-04 2.089588327e-17 -1.000118571e-04 -2.089588327e-17 
d 2.154435000e+03 1.65627e-16 0.000000000e+00 -5.430502426e-18 0.000000000e+00 2.506385735e-18 -1.000118571e-04 -2.089588327e-17 1.000118571e-04 2.089588327e-17 1.000118571e-04 2.089588327e-17 -1.000118571e-04 -2.089588327e-17 
d 4.641590169e+03 1.65627e-16 0.000000000e+00 -5.430502426e-18 0.000000000e+00 2.506385735e-18 -1.000118571e-04 -2.089588327e-17 1.000118571e-04 2.089588327e-17 1.000118571e-04 2.089588327e-17 -1.000118571e-04 -2.089588327e-17 
d 1.000000432e+04 1.65627e-16 0.000000000e+00 -5.430502426e-18 0.000000000e+00 2.506385735e-18 -1.000118571e-04 -2.089588327e-17 1.000118571e-04 2.089588327e-17 1.000118571e-04 2.089588327e-17 -1.000118571e-04 -2.089588327e-17 
d 2.154435930e+04 1.65627e-16 0.000000000e+00 -5.430502426e-18 0.000000000e+00 2.506385735e-18 -1.000118571e-04 -2.089588327e-17 1.000118571e-04 2.089588327e-17 1.000118571e-04 2.089588327e-17 -1.000118571e-04 -2.089588327e-17 
d 4.641592173e+04 1.65627e-16 0.000000000e+00 -5.430502426e-18 0.000000000e+00 2.506385735e-18 -1.000118571e-04 -2.089588327e-17 1.000118571e-04 2.089588327e-17 1.000118571e-04 2.089588327e-17 -1.000118571e-04 -2.089588327e-17 
d 1.000000863e+05 1.65627e-16 0.000000000e+00 -5.430502426e-18 0.000000000e+00 2.506385735e-18 -1.000118571e-04 -2.089588327e-17 1.000118571e-04 2.089588327e-17 1.000118571e-04 2.089588327e-17 -1.000118571e-04 -2.089588327e-17 
d 2.154436860e+05 1.65627e-16 0.000000000e+00 -5.430502426e-18 0.000000000e+00 2.506385735e-18 -1.000118571e-04 -2.089588327e-17 1.000118571e-04 2.089588327e-17 1.000118571e-04 2.089588327e-17 -1.000118571e-04 -2.089588327e-17 
d 4.641594176e+05 1.65627e-16 0.000000000e+00 -5.430502426e-18 0.000000000e+00 2.506385735e-18 -1.000118571e-04 -2.089588327e-17 1.000118571e-04 2.089588327e-17 1.000118571e-04 2.089588327e-17 -1.000118571e-04 -2.089588327e-17 
d 1.000001295e+06 1.65627e-16 0.000000000e+00 -5.430502426e-18 0.000000000e+00 2.506385735e-18 -1.000118571e-04 -2.089588327e-17 1.000118571e-04 2.089588327e-17 1.000118571e-04 2.089588327e-17 -1.000118571e-04 -2.089588327e-17 
d 2.154437790e+06 1.65627e-16 0.000000000e+00 -5.430502426e-18 0.000000000e+00 2.506385735e-18 -1.000118571e-04 -2.089588327e-17 1.000118571e-04 2.089588327e-17 1.000118571e-04 2.089588327e-17 -1.000118571e-04 -2.089588327e-17 
d 4.641596179e+06 1.65627e-16 0.000000000e+00 -5.430502426e-18 0.000000000e+00 2.506385735e-18 -1.000118571e-04 -2.089588327e-17 1.000118571e-04 2.089588327e-17 1.000118571e-04 2.089588327e-17 -1.000118571e-04 -2.089588327e-17 
d 1.000001726e+07 1.65627e-16 0.000000000e+00 -5.430502426e-18 0.000000000e+00 2.506385735e-18 -1.000118571e-04 -2.089588327e-17 1.000118571e-04 2.089588327e-17 1.000118571e-04 2.089588327e-17 -1.000118571e-04 -2.089588327e-17 
d 2.154438720e+07 1.65627e-16 0.000000000e+00 -5.430502426e-18 0.000000000e+00 2.506385735e-18 -1.000118571e-04 -2.089588327e-17 1.000118571e-04 2.089588327e-17 1.000118571e-04 2.089588327e-17 -1.000118571e-04 -2.089588327e-17 
d 4.641598183e+07 1.65627e-16 0.000000000e+00 -5.430502426e-18 0.000000000e+00 2.506385735e-18 -1.000118571e-04 -2.089588327e-17 1.000118571e-04 2.089588327e-17 1.000118571e-04 2.089588327e-17 -1.000118571e-04 -2.089588327e-17 
d 1.000002158e+08 1.65627e-16 0.000000000e+00 -5.430502426e-18 0.000000000e+00 2.506385735e-18 -1.000118571e-04 -2.089588327e-17 1.000118571e-04 2.089588327e-17 1.000118571e-04 2.089588327e-17 -1.000118571e-04 -2.089588327e-17 
d 2.154439650e+08 1.65627e-16 0.000000000e+00 -5.430502426e-18 0.000000000e+00 2.506385735e-18 -1.000118571e-04 -2.089588327e-17 1.000118571e-04 2.089588327e-17 1.000118571e-04 2.089588327e-17 -1.000118571e-04 -2.089588327e-17 
d 4.641600186e+08 1.65627e-16 0.000000000e+00 -5.430502426e-18 0.000000000e+00 2.506385735e-18 -1.000118571e-04 -2.089588327e-17 1.000118571e-04 2.089588327e-17 1.000118571e-04 2.089588327e-17 -1.000118571e-04 -2.089588327e-17 
d 1.000002590e+09 1.65626e-16 0.000000000e+00 -5.430502426e-18 0.000000000e+00 2.506385735e-18 -1.000118571e-04 -2.089588327e-17 1.000118571e-04 2.089588327e-17 1.000118571e-04 2.089588327e-17 -1.000118571e-04 -2.089588327e-17 
d 2.154440579e+09 1.65625e-16 0.000000000e+00 -5.430502426e-18 0.000000000e+00 2.506385735e-18 -1.000118571e-04 -2.089588327e-17 1.000118571e-04 2.089588327e-17 1.000118571e-04 2.089588327e-17 -1.000118571e-04 -2.089588327e-17 
d 4.641602190e+09 1.65621e-16 0.000000000e+00 -5.430502426e-18 0.000000000e+00 2.506385735e-18 -1.000118571e-04 -2.089588327e-17 1.000118571e-04 2.089588327e-17 1.000118571e-04 2.089588327e-17 -1.000118571e-04 -2.089588327e-17 
d 1.000003021e+10 1.65598e-16 0.000000000e+00 -5.430502426e-18 0.000000000e+00 2.506385735e-18 -1.000118571e-04 -2.089588327e-17 1.000118571e-04 2.089588327e-17 1.000118571e-04 2.089588327e-17 -1.000118571e-04 -2.089588327e-17 
d 2.154441509e+10 1.65494e-16 0.000000000e+00 -5.430502426e-18 0.000000000e+00 2.506385735e-18 -1.000118571e-04 -2.089588327e-17 1.000118571e-04 2.089588327e-17 1.000118571e-04 2.089588327e-17 -1.000118571e-04 -2.089588327e-17 
d 4.641604193e+10 1.65014e-16 0.000000000e+00 -5.430502426e-18 0.000000000e+00 2.506385735e-18 -1.000118571e-04 -2.089588327e-17 1.000118571e-04 2.089588327e-17 1.000118571e-04 2.089588327e-17 -1.000118571e-04 -2.089588327e-17 
d 1.000003453e+11 1.62821e-16 0.000000000e+00 -5.430502426e-18 0.000000000e+00 2.506385735e-18 -1.000118571e-04 -2.089588327e-17 1.000118571e-04 2.089588327e-17 1.000118571e-04 2.089588327e-17 -1.000118571e-04 -2.089588327e-17 
d 2.154442439e+11 1.53359e-16 0.000000000e+00 -5.430502426e-18 0.000000000e+00 2.506385735e-18 -1.000118571e-04 -2.089588327e-17 1.000118571e-04 2.089588327e-17 1.000118571e-04 2.089588327e-17 -1.000118571e-04 -2.089588327e-17 
d 4.641606197e+11 1.20782e-16 0.000000000e+00 -5.430502426e-18 0.000000000e+00 2.506385735e-18 -1.000118571e-04 -2.089588327e-17 1.000118571e-04 2.089588327e-17 1.000118571e-04 2.089588327e-17 -1.000118571e-04 -2.089588327e-17 
d 1.000003885e+12 6.08166e-17 0.000000000e+00 -5.430502426e-18 0.000000000e+00 2.506385735e-18 -1.000118571e-04 -2.089588327e-17 1.000118571e-04 2.089588327e-17 1.000118571e-04 2.089588327e-17 -1.000118571e-04 -2.089588327e-17 
