v ATLAS
# This file was created by ATLAS version 5.26.1.R on Thu Apr 19 09:54:51 2018.
#SSF 2.0 generic
##############################################################################
#                    Copyright (c) 1984 - 2018                               #
#                    Silvaco Inc. All rights reserved                        #
#                                                                            #
# This file format and the following Key are copyright Silvaco Inc.          #
# You may not use, this format or key without reproducing this message in    #
# full and obtaining express written permission from Silvaco Inc.            #
#                                                                            #
# To obtain such permission please contact: Silvaco Inc.                     #
#                                           support@silvaco.com              #
#                                                                            #
# KEY=SVC86hn7562asdx                       PROD=345                         #
##############################################################################
Q 10000 1 "V[1]" 5 1201 7 1
Q 10001 1 "V[2]" 5 1201 7 2
X 1 V1
X 2 Rs
X 3 Rsh
X 4 Adiode_cathode
X 5 Adiode_anode
p 12 10000 10001 82 85 86 87 91 1301 1302 1303 1304 1305
d  0.0000000000e+00 1.2128352476e-01 3.0000000000e+02 2.7796686445e-02 9.0365003170e-02 2.0174871155e-01 1.0000000000e+00 2.4256704952e-02 -2.4256714273e-02 1.2128357136e-07 2.4256826205e-02 -2.4256826205e-02
d  0.0000000000e+00 1.2128352476e-01 3.0000000000e+02 2.7796686445e-02 9.0365003170e-02 2.0174871155e-01 1.0000000000e+00 2.4256704952e-02 -2.4256704952e-02 1.2128352476e-07 2.4256826236e-02 -2.4256826236e-02
d  1.0000000000e-02 1.3124985655e-01 3.0000000000e+02 2.7796686445e-02 9.0365003170e-02 2.0174871155e-01 1.0000000000e+00 2.4249971309e-02 -2.4249971176e-02 1.3124985588e-07 2.4250102559e-02 -2.4250102559e-02
d  2.0000000000e-02 1.4121478137e-01 3.0000000000e+02 2.7796686445e-02 9.0365003170e-02 2.0174871155e-01 1.0000000000e+00 2.4242956274e-02 -2.4242956114e-02 1.4121478057e-07 2.4243097489e-02 -2.4243097489e-02
d  3.0000000000e-02 1.5117797249e-01 3.0000000000e+02 2.7796686445e-02 9.0365003170e-02 2.0174871155e-01 1.0000000000e+00 2.4235594499e-02 -2.4235594301e-02 1.5117797151e-07 2.4235745678e-02 -2.4235745678e-02
d  4.0000000000e-02 1.6113897615e-01 3.0000000000e+02 2.7796686445e-02 9.0365003170e-02 2.0174871155e-01 1.0000000000e+00 2.4227795229e-02 -2.4227794978e-02 1.6113897489e-07 2.4227956369e-02 -2.4227956369e-02
d  5.0000000000e-02 1.7109715632e-01 3.0000000000e+02 2.7796686445e-02 9.0365003170e-02 2.0174871155e-01 1.0000000000e+00 2.4219431263e-02 -2.4219430934e-02 1.7109715467e-07 2.4219602362e-02 -2.4219602362e-02
d  6.0000000000e-02 1.8105161495e-01 3.0000000000e+02 2.7796686445e-02 9.0365003170e-02 2.0174871155e-01 1.0000000000e+00 2.4210322990e-02 -2.4210322549e-02 1.8105161274e-07 2.4210504044e-02 -2.4210504044e-02
d  7.0000000000e-02 1.9100107662e-01 3.0000000000e+02 2.7796686445e-02 9.0365003170e-02 2.0174871155e-01 1.0000000000e+00 2.4200215323e-02 -2.4200214717e-02 1.9100107358e-07 2.4200406327e-02 -2.4200406327e-02
d  8.0000000000e-02 2.0094372218e-01 3.0000000000e+02 2.7796686445e-02 9.0365003170e-02 2.0174871155e-01 1.0000000000e+00 2.4188744436e-02 -2.4188743584e-02 2.0094371792e-07 2.4188945384e-02 -2.4188945384e-02
d  9.0000000000e-02 2.1087694981e-01 3.0000000000e+02 2.7796686445e-02 9.0365003170e-02 2.0174871155e-01 1.0000000000e+00 2.4175389962e-02 -2.4175388745e-02 2.1087694373e-07 2.4175600848e-02 -2.4175600848e-02
d  1.0000000000e-01 2.2079703360e-01 3.0000000000e+02 2.7796686445e-02 9.0365003170e-02 2.0174871155e-01 1.0000000000e+00 2.4159406719e-02 -2.4159404951e-02 2.2079702476e-07 2.4159627532e-02 -2.4159627532e-02
d  1.1000000000e-01 2.3069864023e-01 3.0000000000e+02 2.7796686445e-02 9.0365003170e-02 2.0174871155e-01 1.0000000000e+00 2.4139728047e-02 -2.4139725441e-02 2.3069862720e-07 2.4139958774e-02 -2.4139958774e-02
d  1.2000000000e-01 2.4057415433e-01 3.0000000000e+02 2.7796686445e-02 9.0365003170e-02 2.0174871155e-01 1.0000000000e+00 2.4114830866e-02 -2.4114826974e-02 2.4057413487e-07 2.4115071496e-02 -2.4115071496e-02
d  1.3000000000e-01 2.5041275612e-01 3.0000000000e+02 2.7796686445e-02 9.0365003170e-02 2.0174871155e-01 1.0000000000e+00 2.4082551224e-02 -2.4082545343e-02 2.5041272672e-07 2.4082801747e-02 -2.4082801747e-02
d  1.4000000000e-01 2.6019920088e-01 3.0000000000e+02 2.7796686445e-02 9.0365003170e-02 2.0174871155e-01 1.0000000000e+00 2.4039840177e-02 -2.4039831200e-02 2.6019915600e-07 2.4040100602e-02 -2.4040100602e-02
d  1.5000000000e-01 2.6991228357e-01 3.0000000000e+02 2.7796686445e-02 9.0365003170e-02 2.0174871155e-01 1.0000000000e+00 2.3982456713e-02 -2.3982442912e-02 2.6991221456e-07 2.3982727100e-02 -2.3982727100e-02
d  1.6000000000e-01 2.7952306235e-01 3.0000000000e+02 2.7796686445e-02 9.0365003170e-02 2.0174871155e-01 1.0000000000e+00 2.3904612471e-02 -2.3904591220e-02 2.7952295610e-07 2.3904893000e-02 -2.3904893000e-02
d  1.7000000000e-01 2.8899309523e-01 3.0000000000e+02 2.7796686445e-02 9.0365003170e-02 2.0174871155e-01 1.0000000000e+00 2.3798619046e-02 -2.3798586584e-02 2.8899293292e-07 2.3798910170e-02 -2.3798910170e-02
d  1.8000000000e-01 2.9827322965e-01 3.0000000000e+02 2.7796686445e-02 9.0365003170e-02 2.0174871155e-01 1.0000000000e+00 2.3654645930e-02 -2.3654597423e-02 2.9827298712e-07 2.3654948616e-02 -2.3654948616e-02
d  1.9000000000e-01 3.0730381592e-01 3.0000000000e+02 2.7796686445e-02 9.0365003170e-02 2.0174871155e-01 1.0000000000e+00 2.3460763184e-02 -2.3460693592e-02 3.0730346796e-07 2.3461079232e-02 -2.3461079232e-02
d  2.0000000000e-01 3.1601737061e-01 3.0000000000e+02 2.7796686445e-02 9.0365003170e-02 2.0174871155e-01 1.0000000000e+00 2.3203474122e-02 -2.3203380283e-02 3.1601690141e-07 2.3203806289e-02 -2.3203806289e-02
d  2.1000000000e-01 3.2434432736e-01 3.0000000000e+02 2.7796686445e-02 9.0365003170e-02 2.0174871155e-01 1.0000000000e+00 2.2868865473e-02 -2.2868749031e-02 3.2434374516e-07 2.2869216925e-02 -2.2869216925e-02
d  2.2000000000e-01 3.3222133920e-01 3.0000000000e+02 2.7796686445e-02 9.0365003170e-02 2.0174871155e-01 1.0000000000e+00 2.2444267840e-02 -2.2444137115e-02 3.3222068557e-07 2.2444640569e-02 -2.2444640569e-02
d  2.3000000000e-01 3.3960003641e-01 3.0000000000e+02 2.7796686445e-02 9.0365003170e-02 2.0174871155e-01 1.0000000000e+00 2.1920007282e-02 -2.1919875776e-02 3.3959937888e-07 2.1920400111e-02 -2.1920400111e-02
d  2.4000000000e-01 3.4645332896e-01 3.0000000000e+02 2.7796686445e-02 9.0365003170e-02 2.0174871155e-01 1.0000000000e+00 2.1290665791e-02 -2.1290547358e-02 3.4645273679e-07 2.1291073598e-02 -2.1291073598e-02
d  2.5000000000e-01 3.5277718755e-01 3.0000000000e+02 2.7796686445e-02 9.0365003170e-02 2.0174871155e-01 1.0000000000e+00 2.0555437510e-02 -2.0555341376e-02 3.5277670688e-07 2.0555852707e-02 -2.0555852707e-02
d  2.6000000000e-01 3.5858788870e-01 3.0000000000e+02 2.7796686445e-02 9.0365003170e-02 2.0174871155e-01 1.0000000000e+00 1.9717577739e-02 -1.9717506604e-02 3.5858753302e-07 1.9717993050e-02 -1.9717993050e-02
d  2.7000000000e-01 3.6391646250e-01 3.0000000000e+02 2.7796686445e-02 9.0365003170e-02 2.0174871155e-01 1.0000000000e+00 1.8783292500e-02 -1.8783243939e-02 3.6391621969e-07 1.8783703067e-02 -1.8783703067e-02
d  2.8000000000e-01 3.6880252608e-01 3.0000000000e+02 2.7796686445e-02 9.0365003170e-02 2.0174871155e-01 1.0000000000e+00 1.7760505217e-02 -1.7760474367e-02 3.6880237183e-07 1.7760909101e-02 -1.7760909101e-02
d  2.9000000000e-01 3.7328904137e-01 3.0000000000e+02 2.7796686445e-02 9.0365003170e-02 2.0174871155e-01 1.0000000000e+00 1.6657808274e-02 -1.6657790017e-02 3.7328895008e-07 1.6658205754e-02 -1.6658205754e-02
d  3.0000000000e-01 3.7741860544e-01 3.0000000000e+02 2.7796686445e-02 9.0365003170e-02 2.0174871155e-01 1.0000000000e+00 1.5483721088e-02 -1.5483711159e-02 3.7741855580e-07 1.5484113620e-02 -1.5484113620e-02
d  3.1000000000e-01 3.8123121700e-01 3.0000000000e+02 2.7796686445e-02 9.0365003170e-02 2.0174871155e-01 1.0000000000e+00 1.4246243400e-02 -1.4246238677e-02 3.8123119339e-07 1.4246632790e-02 -1.4246632790e-02
d  3.2000000000e-01 3.8476317252e-01 3.0000000000e+02 2.7796686445e-02 9.0365003170e-02 2.0174871155e-01 1.0000000000e+00 1.2952634504e-02 -1.2952632874e-02 3.8476316437e-07 1.2953022425e-02 -1.2953022425e-02
d  3.3000000000e-01 3.8804670902e-01 3.0000000000e+02 2.7796686445e-02 9.0365003170e-02 2.0174871155e-01 1.0000000000e+00 1.1609341805e-02 -1.1609341919e-02 3.8804670959e-07 1.1609729606e-02 -1.1609729606e-02
d  3.4000000000e-01 3.9111008482e-01 3.0000000000e+02 2.7796686445e-02 9.0365003170e-02 2.0174871155e-01 1.0000000000e+00 1.0222016965e-02 -1.0222017992e-02 3.9111008996e-07 1.0222405634e-02 -1.0222405634e-02
d  3.5000000000e-01 3.9397788514e-01 3.0000000000e+02 2.7796686445e-02 9.0365003170e-02 2.0174871155e-01 1.0000000000e+00 8.7955770286e-03 -8.7955784761e-03 3.9397789238e-07 8.7959672420e-03 -8.7959672420e-03
d  3.6000000000e-01 3.9667142049e-01 3.0000000000e+02 2.7796686445e-02 9.0365003170e-02 2.0174871155e-01 1.0000000000e+00 7.3342840974e-03 -7.3342856833e-03 3.9667142842e-07 7.3346762849e-03 -7.3346762849e-03
d  3.7000000000e-01 3.9920914232e-01 3.0000000000e+02 2.7796686445e-02 9.0365003170e-02 2.0174871155e-01 1.0000000000e+00 5.8418284639e-03 -5.8418300336e-03 3.9920915017e-07 5.8422228754e-03 -5.8422228754e-03
d  3.8000000000e-01 4.0160703697e-01 3.0000000000e+02 2.7796686445e-02 9.0365003170e-02 2.0174871155e-01 1.0000000000e+00 4.3214073944e-03 -4.3214088692e-03 4.0160704435e-07 4.3218041541e-03 -4.3218041541e-03
d  3.9000000000e-01 4.0387898033e-01 3.0000000000e+02 2.7796686445e-02 9.0365003170e-02 2.0174871155e-01 1.0000000000e+00 2.7757960670e-03 -2.7757974118e-03 4.0387898706e-07 2.7761952140e-03 -2.7761952140e-03
d  4.0000000000e-01 4.0603704789e-01 3.0000000000e+02 2.7796686445e-02 9.0365003170e-02 2.0174871155e-01 1.0000000000e+00 1.2074095790e-03 -1.2074107836e-03 4.0603705392e-07 1.2078110974e-03 -1.2078110974e-03
d  4.1000000000e-01 4.0809178099e-01 3.0000000000e+02 2.7796686445e-02 9.0365003170e-02 2.0174871155e-01 1.0000000000e+00 -3.8164380107e-04 3.8164273387e-04 4.0809178633e-07 -3.8123996148e-04 3.8123996148e-04
d  4.2000000000e-01 4.1005241308e-01 3.0000000000e+02 2.7796686445e-02 9.0365003170e-02 2.0174871155e-01 1.0000000000e+00 -1.9895173831e-03 1.9895164438e-03 4.1005241778e-07 -1.9891112927e-03 1.9891112927e-03
d  4.3000000000e-01 4.1192706084e-01 3.0000000000e+02 2.7796686445e-02 9.0365003170e-02 2.0174871155e-01 1.0000000000e+00 -3.6145878314e-03 3.6145870078e-03 4.1192706496e-07 -3.6141795714e-03 3.6141795714e-03
d  4.4000000000e-01 4.1372288513e-01 3.0000000000e+02 2.7796686445e-02 9.0365003170e-02 2.0174871155e-01 1.0000000000e+00 -5.2554229746e-03 5.2554222537e-03 4.1372288873e-07 -5.2550126304e-03 5.2550126304e-03
