v VICTORYDEVICE
# This file was created by VICTORYDEVICE version 1.12.1.R on Fri Apr 20 18:33:49 2018.
#SSF 2.0 generic
##############################################################################
#                    Copyright (c) 1984 - 2015                               #
#                    Silvaco Inc. All rights reserved                        #
#                                                                            #
# This file format and the following Key are copyright Silvaco Inc.          #
# You may not use, this format or key without reproducing this message in    #
# full and obtaining express written permission from Silvaco Inc.            #
#                                                                            #
# To obtain such permission please contact: Silvaco Inc.                     #
#                                           support@silvaco.com              #
#                                                                            #
# KEY=SVC86hn7562asdx                       PROD=345                         #
##############################################################################
Q 10000 1 "V[GG]" 5 1201 7 1
Q 10001 1 "V[G]" 5 1201 7 2
Q 10002 1 "V[D]" 5 1201 7 3
Q 10003 1 "V[dd]" 5 1201 7 4
X 1 iin
X 2 Rg
X 3 amos_gate
X 4 amos_drain
X 5 amos_source
X 6 iout
X 7 vdd
p 12 10000 10001 10002 10003 82 1301 1302 1303 1304 1305 1306 1307
d  0.0000000000e+00 0.0000000000e+00 4.1661114414e-01 0.0000000000e+00 3.0000000000e+02 0.0000000000e+00 0.0000000000e+00 0.0000000000e+00 2.3894424032e-10 -2.3894076610e-10 1.0000000000e-07 9.9761055718e-08
d  0.0000000000e+00 0.0000000000e+00 4.3455985356e-01 0.0000000000e+00 3.0000000000e+02 0.0000000000e+00 0.0000000000e+00 0.0000000000e+00 2.4684140268e-10 -2.4684179176e-10 2.0000000000e-07 1.9975316897e-07
d  0.0000000000e+00 0.0000000000e+00 4.4505188485e-01 0.0000000000e+00 3.0000000000e+02 0.0000000000e+00 0.0000000000e+00 0.0000000000e+00 2.5153308957e-10 -2.5153200765e-10 3.0000000000e-07 2.9974846698e-07
d  0.0000000000e+00 0.0000000000e+00 4.5249405565e-01 0.0000000000e+00 3.0000000000e+02 0.0000000000e+00 0.0000000000e+00 0.0000000000e+00 2.5492760053e-10 -2.5492215932e-10 4.0000000000e-07 3.9974508453e-07
d  0.0000000000e+00 0.0000000000e+00 4.5826575053e-01 0.0000000000e+00 3.0000000000e+02 0.0000000000e+00 0.0000000000e+00 0.0000000000e+00 2.5757752726e-10 -2.5757591460e-10 5.0000000000e-07 4.9974242671e-07
d  0.0000000000e+00 0.0000000000e+00 4.6298112120e-01 0.0000000000e+00 3.0000000000e+02 0.0000000000e+00 0.0000000000e+00 0.0000000000e+00 2.5976343288e-10 -2.5976666657e-10 6.0000000000e-07 5.9974023840e-07
d  0.0000000000e+00 0.0000000000e+00 4.6696764335e-01 0.0000000000e+00 3.0000000000e+02 0.0000000000e+00 0.0000000000e+00 0.0000000000e+00 2.6163490623e-10 -2.6163627482e-10 7.0000000000e-07 6.9973836600e-07
d  0.0000000000e+00 0.0000000000e+00 4.7042075538e-01 0.0000000000e+00 3.0000000000e+02 0.0000000000e+00 0.0000000000e+00 0.0000000000e+00 2.6327319300e-10 -2.6326629780e-10 8.0000000000e-07 7.9973672729e-07
d  0.0000000000e+00 0.0000000000e+00 4.7346650100e-01 0.0000000000e+00 3.0000000000e+02 0.0000000000e+00 0.0000000000e+00 0.0000000000e+00 2.6471599283e-10 -2.6471783510e-10 9.0000000000e-07 8.9973528428e-07
d  0.0000000000e+00 0.0000000000e+00 4.7619093106e-01 0.0000000000e+00 3.0000000000e+02 0.0000000000e+00 0.0000000000e+00 0.0000000000e+00 2.6602802000e-10 -2.6602233942e-10 1.0000000000e-06 9.9973397214e-07
