v VICTORYDEVICE
# This file was created by VICTORYDEVICE version 1.12.1.R on Fri Apr 20 18:33:41 2018.
#SSF 2.0 generic
##############################################################################
#                    Copyright (c) 1984 - 2015                               #
#                    Silvaco Inc. All rights reserved                        #
#                                                                            #
# This file format and the following Key are copyright Silvaco Inc.          #
# You may not use, this format or key without reproducing this message in    #
# full and obtaining express written permission from Silvaco Inc.            #
#                                                                            #
# To obtain such permission please contact: Silvaco Inc.                     #
#                                           support@silvaco.com              #
#                                                                            #
# KEY=SVC86hn7562asdx                       PROD=345                         #
##############################################################################
Q 10000 1 "V[GG]" 5 1201 7 1
Q 10001 1 "V[G]" 5 1201 7 2
Q 10002 1 "V[D]" 5 1201 7 3
Q 10003 1 "V[dd]" 5 1201 7 4
X 1 iin
X 2 Rg
X 3 amos_gate
X 4 amos_drain
X 5 amos_source
X 6 iout
X 7 vdd
p 12 10000 10001 10002 10003 82 1301 1302 1303 1304 1305 1306 1307
d  0.0000000000e+00 0.0000000000e+00 2.9241742206e-01 0.0000000000e+00 3.0000000000e+02 0.0000000000e+00 0.0000000000e+00 0.0000000000e+00 1.8212514024e-10 -1.8211950087e-10 1.0000000000e-09 8.1787495205e-10
d  0.0000000000e+00 0.0000000000e+00 3.1292466413e-01 0.0000000000e+00 3.0000000000e+02 0.0000000000e+00 0.0000000000e+00 0.0000000000e+00 1.9230128084e-10 -1.9230878928e-10 2.0000000000e-09 1.8076987300e-09
d  0.0000000000e+00 0.0000000000e+00 3.2425832862e-01 0.0000000000e+00 3.0000000000e+02 0.0000000000e+00 0.0000000000e+00 0.0000000000e+00 1.9776483533e-10 -1.9777408532e-10 3.0000000000e-09 2.8022353248e-09
d  0.0000000000e+00 0.0000000000e+00 3.3212276561e-01 0.0000000000e+00 3.0000000000e+02 0.0000000000e+00 0.0000000000e+00 0.0000000000e+00 2.0150899174e-10 -2.0150920198e-10 4.0000000000e-09 3.7985065079e-09
d  0.0000000000e+00 0.0000000000e+00 3.3814932297e-01 0.0000000000e+00 3.0000000000e+02 0.0000000000e+00 0.0000000000e+00 0.0000000000e+00 2.0431972989e-10 -2.0431135336e-10 5.0000000000e-09 4.7956853490e-09
d  0.0000000000e+00 0.0000000000e+00 3.4303577283e-01 0.0000000000e+00 3.0000000000e+02 0.0000000000e+00 0.0000000000e+00 0.0000000000e+00 2.0655489374e-10 -2.0656488649e-10 6.0000000000e-09 5.7934471937e-09
d  0.0000000000e+00 0.0000000000e+00 3.4714505833e-01 0.0000000000e+00 3.0000000000e+02 0.0000000000e+00 0.0000000000e+00 0.0000000000e+00 2.0845600269e-10 -2.0844848567e-10 7.0000000000e-09 6.7915450096e-09
d  0.0000000000e+00 0.0000000000e+00 3.5069081769e-01 0.0000000000e+00 3.0000000000e+02 0.0000000000e+00 0.0000000000e+00 0.0000000000e+00 2.1006512444e-10 -2.1005995215e-10 8.0000000000e-09 7.7899354185e-09
d  0.0000000000e+00 0.0000000000e+00 3.5380901702e-01 0.0000000000e+00 3.0000000000e+02 0.0000000000e+00 0.0000000000e+00 0.0000000000e+00 2.1145906943e-10 -2.1146409237e-10 9.0000000000e-09 8.7885412238e-09
d  0.0000000000e+00 0.0000000000e+00 3.5659162068e-01 0.0000000000e+00 3.0000000000e+02 0.0000000000e+00 0.0000000000e+00 0.0000000000e+00 2.1271585769e-10 -2.1272063382e-10 1.0000000000e-08 9.7872843125e-09
