v VICTORYDEVICE
# This file was created by VICTORYDEVICE version 1.12.1.R on Fri Apr 20 18:33:45 2018.
#SSF 2.0 generic
##############################################################################
#                    Copyright (c) 1984 - 2015                               #
#                    Silvaco Inc. All rights reserved                        #
#                                                                            #
# This file format and the following Key are copyright Silvaco Inc.          #
# You may not use, this format or key without reproducing this message in    #
# full and obtaining express written permission from Silvaco Inc.            #
#                                                                            #
# To obtain such permission please contact: Silvaco Inc.                     #
#                                           support@silvaco.com              #
#                                                                            #
# KEY=SVC86hn7562asdx                       PROD=345                         #
##############################################################################
Q 10000 1 "V[GG]" 5 1201 7 1
Q 10001 1 "V[G]" 5 1201 7 2
Q 10002 1 "V[D]" 5 1201 7 3
Q 10003 1 "V[dd]" 5 1201 7 4
X 1 iin
X 2 Rg
X 3 amos_gate
X 4 amos_drain
X 5 amos_source
X 6 iout
X 7 vdd
p 12 10000 10001 10002 10003 82 1301 1302 1303 1304 1305 1306 1307
d  0.0000000000e+00 0.0000000000e+00 3.5659163788e-01 0.0000000000e+00 3.0000000000e+02 0.0000000000e+00 0.0000000000e+00 0.0000000000e+00 2.1270913762e-10 -2.1271976154e-10 1.0000000000e-08 9.7872908267e-09
d  0.0000000000e+00 0.0000000000e+00 3.7477967504e-01 0.0000000000e+00 3.0000000000e+02 0.0000000000e+00 0.0000000000e+00 0.0000000000e+00 2.2078901885e-10 -2.2078699382e-10 2.0000000000e-08 1.9779222375e-08
d  0.0000000000e+00 0.0000000000e+00 3.8535360906e-01 0.0000000000e+00 3.0000000000e+02 0.0000000000e+00 0.0000000000e+00 0.0000000000e+00 2.2537842639e-10 -2.2539109285e-10 3.0000000000e-08 2.9774621644e-08
d  0.0000000000e+00 0.0000000000e+00 3.9283739918e-01 0.0000000000e+00 3.0000000000e+02 0.0000000000e+00 0.0000000000e+00 0.0000000000e+00 2.2865090096e-10 -2.2864720175e-10 4.0000000000e-08 3.9771360839e-08
d  0.0000000000e+00 0.0000000000e+00 3.9863438021e-01 0.0000000000e+00 3.0000000000e+02 0.0000000000e+00 0.0000000000e+00 0.0000000000e+00 2.3114861818e-10 -2.3114676999e-10 5.0000000000e-08 4.9768855419e-08
d  0.0000000000e+00 0.0000000000e+00 4.0336676747e-01 0.0000000000e+00 3.0000000000e+02 0.0000000000e+00 0.0000000000e+00 0.0000000000e+00 2.3319904724e-10 -2.3319584991e-10 6.0000000000e-08 5.9766802677e-08
d  0.0000000000e+00 0.0000000000e+00 4.0736554555e-01 0.0000000000e+00 3.0000000000e+02 0.0000000000e+00 0.0000000000e+00 0.0000000000e+00 2.3492382151e-10 -2.3492375220e-10 7.0000000000e-08 6.9765077023e-08
d  0.0000000000e+00 0.0000000000e+00 4.1082790603e-01 0.0000000000e+00 3.0000000000e+02 0.0000000000e+00 0.0000000000e+00 0.0000000000e+00 2.3643724942e-10 -2.3642791061e-10 8.0000000000e-08 7.9763563204e-08
d  0.0000000000e+00 0.0000000000e+00 4.1388089593e-01 0.0000000000e+00 3.0000000000e+02 0.0000000000e+00 0.0000000000e+00 0.0000000000e+00 2.3774457268e-10 -2.3775464813e-10 9.0000000000e-08 8.9762255681e-08
d  0.0000000000e+00 0.0000000000e+00 4.1661114419e-01 0.0000000000e+00 3.0000000000e+02 0.0000000000e+00 0.0000000000e+00 0.0000000000e+00 2.3894424032e-10 -2.3893966587e-10 1.0000000000e-07 9.9761055906e-08
