v ATLAS
# This file was created by ATLAS version 5.26.1.R on Tue Apr 17 08:09:51 2018.
#SSF 2.0 generic
##############################################################################
#                    Copyright (c) 1984 - 2018                               #
#                    Silvaco Inc. All rights reserved                        #
#                                                                            #
# This file format and the following Key are copyright Silvaco Inc.          #
# You may not use, this format or key without reproducing this message in    #
# full and obtaining express written permission from Silvaco Inc.            #
#                                                                            #
# To obtain such permission please contact: Silvaco Inc.                     #
#                                           support@silvaco.com              #
#                                                                            #
# KEY=SVC86hn7562asdx                       PROD=345                         #
##############################################################################
p 5  210  81  309  311  310 
d 0.1 1.519255e+14 12.3985214 1.96420029e-06 3.42129304  
d 0.119839679 1.82067033e+14 10.3459234 1.63902332e-06 3.4218795  
d 0.139679359 2.12208565e+14 8.87641632 1.40622087e-06 3.42197834  
d 0.159519038 2.42350097e+14 7.77243992 1.23132656e-06 3.4222059  
d 0.179358717 2.72491629e+14 6.91269517 1.09512396e-06 3.42306564  
d 0.199198397 3.02633161e+14 6.22420742 9.86052259e-07 3.42375413  
d 0.219038076 3.32774693e+14 5.66044115 8.967392e-07 3.42465745  
d 0.238877756 3.62916225e+14 5.19032062 8.22261699e-07 3.4255977  
d 0.258717435 3.93057757e+14 4.79230223 7.59206774e-07 3.42660143  
d 0.278557114 4.2319929e+14 4.45097998 7.05133774e-07 3.4276254  
d 0.298396794 4.53340822e+14 4.15504512 6.58251139e-07 3.4285132  
d 0.318236473 4.83482354e+14 3.89600893 6.17214071e-07 3.42960228  
d 0.338076152 5.13623886e+14 3.66737533 5.80993447e-07 3.43097408  
d 0.357915832 5.43765418e+14 3.46408857 5.48788323e-07 3.4324206  
d 0.377755511 5.7390695e+14 3.282155 5.19966019e-07 3.43342061  
d 0.39759519 6.04048482e+14 3.11837811 4.94020134e-07 3.42910074  
d 0.41743487 6.34190015e+14 2.97016907 4.7054054e-07 3.42733619  
d 0.437274549 6.64331547e+14 2.83540888 4.49191542e-07 3.43347023  
d 0.457114228 6.94473079e+14 2.71234642 4.29695724e-07 3.43900707  
d 0.476953908 7.24614611e+14 2.59952192 4.11821826e-07 3.44058577  
d 0.496793587 7.54756143e+14 2.49570883 3.95375533e-07 3.44204678  
d 0.516633267 7.84897675e+14 2.39986896 3.80192376e-07 3.44349191  
d 0.536472946 8.15039207e+14 2.31111774 3.66132217e-07 3.44470963  
d 0.556312625 8.4518074e+14 2.22869675 3.53074908e-07 3.44584049  
d 0.576152305 8.75322272e+14 2.15195206 3.40916851e-07 3.44689347  
d 0.595991984 9.05463804e+14 2.0803168 3.2956824e-07 3.44787635  
d 0.615831663 9.35605336e+14 2.01329716 3.18950845e-07 3.44879589  
d 0.635671343 9.65746868e+14 1.95046096 3.98524578e-07 3.45120759  
d 0.655511022 9.958884e+14 1.89142836 4.95857929e-07 3.45386406  
d 0.675350701 1.02602993e+15 1.83586415 5.87472585e-07 3.45636445  
d 0.695190381 1.05617146e+15 1.78347137 6.73858155e-07 3.45893191  
d 0.71503006 1.086313e+15 1.73398604 7.55449906e-07 3.46178683  
d 0.734869739 1.11645453e+15 1.68717267 8.32636103e-07 3.464622  
d 0.754709419 1.14659606e+15 1.64282055 9.05764184e-07 3.46785601  
d 0.774549098 1.17673759e+15 1.60074054 9.75145987e-07 3.47092434  
d 0.794388778 1.20687913e+15 1.56076241 1.0410622e-06 3.4750175  
d 0.814228457 1.23702066e+15 1.52273251 1.10376616e-06 3.47868042  
d 0.834068136 1.26716219e+15 1.48651182 1.16348708e-06 3.48142441  
d 0.853907816 1.29730372e+15 1.45197423 1.22043289e-06 3.4840409  
d 0.873747495 1.32744525e+15 1.41900509 1.27479263e-06 3.48653856  
d 0.893587174 1.35758679e+15 1.38749993 1.32673855e-06 3.49378194  
d 0.913426854 1.38772832e+15 1.35736336 1.37642793e-06 3.50251008  
d 0.933266533 1.41786985e+15 1.32850809 1.42400469e-06 3.50552982  
d 0.953106212 1.44801138e+15 1.30085412 1.46960075e-06 3.50842384  
d 0.972945892 1.47815291e+15 1.27432795 1.51333728e-06 3.51119983  
d 0.992785571 1.50829445e+15 1.24886197 1.55532576e-06 3.51386488  
d 1.01262525 1.53843598e+15 1.22439386 1.59566894e-06 3.51642549  
d 1.03246493 1.56857751e+15 1.20086611 1.63446166e-06 3.5188877  
d 1.05230461 1.59871904e+15 1.17822551 1.67179162e-06 3.52325547  
d 1.07214429 1.62886058e+15 1.15642284 4.33692122e-06 3.52753814  
d 1.09198397 1.65900211e+15 1.1354124 1.02956224e-05 3.53212524  
d 1.11182365 1.68914364e+15 1.1151518 2.02855857e-05 3.53937208  
d 1.13166333 1.71928517e+15 1.09560159 3.53721451e-05 3.55305722  
d 1.15150301 1.7494267e+15 1.07672506 5.70060284e-05 3.5662708  
d 1.17134269 1.77956824e+15 1.05848797 9.81197799e-05 3.57903676  
d 1.19118236 1.80970977e+15 1.04085837 0.000153970314 3.59137747  
d 1.21102204 1.8398513e+15 1.02380642 0.000234242094 3.60331384  
d 1.23086172 1.86999283e+15 1.00730416 0.000345378347 3.61486542  
d 1.2507014 1.90013436e+15 0.991325457 0.000466459287 3.62550352  
d 1.27054108 1.9302759e+15 0.975845769 0.000584772919 3.6353632  
d 1.29038076 1.96041743e+15 0.960842084 0.000878353027 3.64178123  
d 1.31022044 1.99055896e+15 0.946292777 0.00132507591 3.64516241  
d 1.33006012 2.02070049e+15 0.932177517 0.00175847182 3.64844272  
d 1.3498998 2.05084203e+15 0.918477164 0.00217912836 3.6516266  
d 1.36973948 2.08098356e+15 0.905173691 0.00258759909 3.65471825  
d 1.38957916 2.11112509e+15 0.892250098 0.00298440596 3.65772162  
d 1.40941884 2.14126662e+15 0.879690342 0.00337004153 3.66064044  
d 1.42925852 2.17140815e+15 0.867479273 0.00374497101 3.66347822  
d 1.4490982 2.20154969e+15 0.855602569 0.00410963413 3.6662383  
d 1.46893788 2.23169122e+15 0.844046682 0.00446444687 3.66892383  
d 1.48877756 2.26183275e+15 0.832798785 0.00480980303 3.67153777  
d 1.50861723 2.29197428e+15 0.821846729 0.00522121256 3.67629457  
d 1.52845691 2.32211581e+15 0.811178993 0.00571738466 3.68373718  
d 1.54829659 2.35225735e+15 0.800784646 0.00621166381 3.69157446  
d 1.56813627 2.38239888e+15 0.790653313 0.00670829617 3.70001724  
d 1.58797595 2.41254041e+15 0.780775136 0.00720139877 3.70819874  
d 1.60781563 2.44268194e+15 0.771140743 0.0076954687 3.71610388  
d 1.62765531 2.47282348e+15 0.761741219 0.00818912513 3.7238134  
d 1.64749499 2.50296501e+15 0.752568079 0.00869038813 3.73133237  
d 1.66733467 2.53310654e+15 0.743613242 0.00918686539 3.7389663  
d 1.68717435 2.56324807e+15 0.734869008 0.00968369552 3.7469156  
d 1.70701403 2.5933896e+15 0.726328032 0.0101780772 3.75482573  
d 1.72685371 2.62353114e+15 0.717983309 0.0106777599 3.76282068  
d 1.74669339 2.65367267e+15 0.709828153 0.0113444413 3.77124946  
d 1.76653307 2.6838142e+15 0.701856174 0.0123347479 3.78065739  
d 1.78637275 2.71395573e+15 0.694061272 0.01300011 3.78984743  
d 1.80621242 2.74409726e+15 0.68643761 0.0130001087 3.79881644  
d 1.8260521 2.7742388e+15 0.678979607 0.013304271 3.80817205  
d 1.84589178 2.80438033e+15 0.671681921 0.0143039528 3.81866872  
d 1.86573146 2.83452186e+15 0.664539439 0.0151472882 3.82906918  
d 1.88557114 2.86466339e+15 0.657547261 0.0156467284 3.83955745  
d 1.90541082 2.89480493e+15 0.650700692 0.0162814821 3.8502142  
d 1.9252505 2.92494646e+15 0.64399523 0.0172748827 3.86163831  
d 1.94509018 2.95508799e+15 0.637426559 0.0185189976 3.87296199  
d 1.96492986 2.98522952e+15 0.630990533 0.0205146633 3.88443708  
d 1.98476954 3.01537105e+15 0.624683176 0.022244748 3.89603645  
d 2.00460922 3.04551259e+15 0.618500668 0.0232419258 3.90850118  
d 2.0244489 3.07565412e+15 0.612439337 0.0241144385 3.92083687  
d 2.04428858 3.10579565e+15 0.606495655 0.0246139066 3.9333236  
d 2.06412826 3.13593718e+15 0.600666231 0.0255365165 3.94576773  
d 2.08396794 3.16607871e+15 0.5949478 0.0280227897 3.95869635  
d 2.10380762 3.19622025e+15 0.589337224 0.0297102454 3.97168358  
d 2.12364729 3.22636178e+15 0.583831478 0.0282086775 3.98569821  
d 2.14348697 3.25650331e+15 0.578427653 0.0276362064 3.99961367  
d 2.16332665 3.28664484e+15 0.573122944 0.0311065762 4.01399092  
d 2.18316633 3.31678638e+15 0.567914648 0.0343080711 4.02836519  
d 2.20300601 3.34692791e+15 0.562800162 0.0363137512 4.04390922  
d 2.22284569 3.37706944e+15 0.557776972 0.0384382869 4.0593154  
d 2.24268537 3.40721097e+15 0.552842657 0.0414287802 4.0752647  
d 2.26252505 3.4373525e+15 0.547994878 0.0442548748 4.09114404  
d 2.28236473 3.46749404e+15 0.543231379 0.046260558 4.10819235  
d 2.30220441 3.49763557e+15 0.538549981 0.0477011617 4.12513059  
d 2.32204409 3.5277771e+15 0.533948578 0.0452003989 4.14313607  
d 2.34188377 3.55791863e+15 0.529425139 0.0436859938 4.16093054  
d 2.36172345 3.58806016e+15 0.524977699 0.0501100742 4.17921446  
d 2.38156313 3.6182017e+15 0.520604357 0.0561375909 4.19731904  
d 2.40140281 3.64834323e+15 0.516303278 0.0581380921 4.21682394  
d 2.42124248 3.67848476e+15 0.512072685 0.0601644054 4.23612861  
d 2.44108216 3.70862629e+15 0.507910859 0.0631729532 4.25718845  
d 2.46092184 3.73876783e+15 0.503816138 0.0661589727 4.27795439  
d 2.48076152 3.76890936e+15 0.499786911 0.0696410199 4.29934412  
d 2.5006012 3.79905089e+15 0.49582162 0.0730603707 4.32045063  
d 2.52044088 3.82919242e+15 0.491918755 0.0760625743 4.34396789  
d 2.54028056 3.85933395e+15 0.488076852 0.0790463731 4.36712957  
d 2.56012024 3.88947549e+15 0.484294495 0.0866110861 4.39184097  
d 2.57995992 3.91961702e+15 0.480570311 0.0941043906 4.41617894  
d 2.5997996 3.94975855e+15 0.476902966 0.106989655 4.4409583  
d 2.61963928 3.97990008e+15 0.47329117 0.119679747 4.46536232  
d 2.63947896 4.01004161e+15 0.469733671 0.12683509 4.4933184  
d 2.65931864 4.04018315e+15 0.466229252 0.13374521 4.52095888  
d 2.67915832 4.07032468e+15 0.462776736 0.132073543 4.55135792  
d 2.698998 4.10046621e+15 0.459374976 0.130101508 4.58143145  
d 2.71883768 4.13060774e+15 0.456022863 0.131422671 4.61380131  
d 2.73867735 4.16074927e+15 0.452719316 0.13290187 4.64585064  
d 2.75851703 4.19089081e+15 0.449463289 0.140475051 4.68068137  
d 2.77835671 4.22103234e+15 0.446253764 0.148375422 4.7152455  
d 2.79819639 4.25117387e+15 0.44308975 0.158700904 4.75170028  
d 2.81803607 4.2813154e+15 0.439970287 0.169099113 4.78784644  
d 2.83787575 4.31145694e+15 0.436894441 0.176787712 4.82763161  
d 2.85771543 4.34159847e+15 0.433861303 0.184125949 4.86725809  
d 2.87755511 4.37174e+15 0.430869989 0.1928901 4.91099016  
d 2.89739479 4.40188153e+15 0.427919642 0.201741143 4.95475365  
d 2.91723447 4.43202306e+15 0.425009423 0.213735311 5.00263108  
d 2.93707415 4.4621646e+15 0.422138522 0.226109886 5.05064444  
d 2.95691383 4.49230613e+15 0.419306146 0.239541865 5.10329058  
d 2.97675351 4.52244766e+15 0.416511524 0.253015932 5.15618878  
d 2.99659319 4.55258919e+15 0.413753907 0.270082089 5.21425175  
d 3.01643287 4.58273072e+15 0.411032566 0.287576429 5.27256622  
d 3.03627255 4.61287226e+15 0.408346787 0.306438192 5.33923058  
d 3.05611222 4.64301379e+15 0.40569588 0.325444695 5.40725386  
d 3.0759519 4.67315532e+15 0.40307917 0.352655478 5.48115613  
d 3.09579158 4.70329685e+15 0.400495998 0.381467778 5.5556707  
d 3.11563126 4.73343839e+15 0.397945724 0.409913137 5.63634724  
d 3.13547094 4.76357992e+15 0.395427724 0.454130722 5.73129154  
d 3.15531062 4.79372145e+15 0.392941389 0.502199866 5.82875587  
d 3.1751503 4.82386298e+15 0.390486126 0.549668296 5.9250022  
d 3.19498998 4.85400451e+15 0.388061355 0.625863383 6.04195354  
d 3.21482966 4.88414605e+15 0.385666511 0.710348128 6.16435664  
d 3.23466934 4.91428758e+15 0.383301046 0.793796507 6.28525823  
d 3.25450902 4.94442911e+15 0.38096442 0.940457716 6.41341877  
d 3.2743487 4.97457064e+15 0.37865611 1.10731555 6.54301389  
d 3.29418838 5.00471217e+15 0.376375604 1.27216355 6.671048  
d 3.31402806 5.03485371e+15 0.374122403 1.52067205 6.72946355  
d 3.33386774 5.06499524e+15 0.371896019 1.80245911 6.75837331  
d 3.35370741 5.09513677e+15 0.369695977 2.08091221 6.78694102  
d 3.37354709 5.1252783e+15 0.367521812 2.33091854 6.6850005  
d 3.39338677 5.15541984e+15 0.365373069 2.5662885 6.52367952  
d 3.41322645 5.18556137e+15 0.363249306 2.79892225 6.36423392  
d 3.43306613 5.2157029e+15 0.361150089 2.91257055 6.18278499  
d 3.45290581 5.24584443e+15 0.359074996 2.96110096 5.99033682  
d 3.47274549 5.27598596e+15 0.357023612 3.00907687 5.80008754  
d 3.49258517 5.3061275e+15 0.354995535 3.01808773 5.67074892  
d 3.51242485 5.33626903e+15 0.352990368 3.00592524 5.57509261  
d 3.53226453 5.36641056e+15 0.351007726 2.99389938 5.48051084  
d 3.55210421 5.39655209e+15 0.349047231 2.98860255 5.41296037  
d 3.57194389 5.42669362e+15 0.347108515 2.98793403 5.36415821  
d 3.59178357 5.45683516e+15 0.345191217 2.98727289 5.31589517  
d 3.61162325 5.48697669e+15 0.343294983 2.99370909 5.24230607  
d 3.63146293 5.51711822e+15 0.341419468 3.00509614 5.15120963  
d 3.65130261 5.54725975e+15 0.339564335 3.01635945 5.06110316  
d 3.67114228 5.57740129e+15 0.337729253 3.03229157 5.04539329  
d 3.69098196 5.60754282e+15 0.335913898 3.05143531 5.08170037  
d 3.71082164 5.63768435e+15 0.334117955 3.07037434 5.11761923  
d 3.73066132 5.66782588e+15 0.332341114 3.09256919 5.12402763  
d 3.750501 5.69796741e+15 0.330583071 3.11744716 5.10578379  
d 3.77034068 5.72810895e+15 0.32884353 3.1420633 5.08773195  
d 3.79018036 5.75825048e+15 0.3271222 3.1691464 5.07226575  
d 3.81002004 5.78839201e+15 0.325418797 3.19853845 5.05923973  
d 3.82985972 5.81853354e+15 0.323733043 3.22762598 5.04634866  
d 3.8496994 5.84867507e+15 0.322064663 3.25937506 5.03596872  
d 3.86953908 5.87881661e+15 0.320413392 3.29372151 5.02804262  
d 3.88937876 5.90895814e+15 0.318778966 3.32771755 5.02019737  
d 3.90921844 5.93909967e+15 0.317161131 3.36616502 5.01505475  
d 3.92905812 5.9692412e+15 0.315559634 3.40987255 5.01305288  
d 3.9488978 5.99938274e+15 0.313974229 3.45314089 5.01107112  
d 3.96873747 6.02952427e+15 0.312404675 3.50259394 5.01071804  
d 3.98857715 6.0596658e+15 0.310850735 3.55979215 5.01237117  
d 4.00841683 6.08980733e+15 0.309312178 3.61642415 5.01400793  
d 4.02825651 6.11994886e+15 0.307788776 3.68191955 5.0157933  
d 4.04809619 6.1500904e+15 0.306280306 3.76069519 5.0178046  
d 4.06793587 6.18023193e+15 0.30478655 3.83870244 5.01979627  
d 4.08777555 6.21037346e+15 0.303307294 3.92797125 5.01801481  
d 4.10761523 6.24051499e+15 0.301842327 4.03418134 5.01068997  
d 4.12745491 6.27065652e+15 0.300391444 4.13937037 5.00343556  
d 4.14729459 6.30079806e+15 0.298954442 4.25919022 4.98489533  
d 4.16713427 6.33093959e+15 0.297531123 4.40317711 4.94815384  
d 4.18697395 6.36108112e+15 0.296121293 4.54579946 4.91176055  
d 4.20681363 6.39122265e+15 0.294724761 4.69772604 4.84690409  
d 4.22665331 6.42136419e+15 0.293341339 4.86867746 4.72733691  
d 4.24649299 6.45150572e+15 0.291970844 5.03803151 4.60888697  
d 4.26633267 6.48164725e+15 0.290613095 5.18518013 4.45959138  
d 4.28617234 6.51178878e+15 0.289267916 5.27967898 4.23225606  
d 4.30601202 6.54193031e+15 0.287935132 5.37330704 4.00701561  
d 4.3258517 6.57207185e+15 0.286614573 5.43326806 3.79244907  
d 4.34569138 6.60221338e+15 0.285306072 5.4138083 3.6005356  
d 4.36553106 6.63235491e+15 0.284009465 5.39452542 3.41036648  
d 4.38537074 6.66249644e+15 0.282724589 5.36906389 3.23423922  
d 4.40521042 6.69263797e+15 0.281451286 5.32857941 3.08927863  
d 4.4250501 6.72277951e+15 0.280189402 5.28845794 2.94561791  
d 4.44488978 6.75292104e+15 0.278938782 5.24464512 2.80600931  
d 4.46472946 6.78306257e+15 0.277699276 5.18601987 2.67803876  
d 4.48456914 6.8132041e+15 0.276470738 5.12791333 2.55120049  
d 4.50440882 6.84334564e+15 0.275253022 5.06601508 2.42964219  
d 4.5242485 6.87348717e+15 0.274045986 4.98789302 2.32536767  
d 4.54408818 6.9036287e+15 0.27284949 4.91045312 2.22200369  
d 4.56392786 6.93377023e+15 0.271663396 4.83149134 2.12557928  
d 4.58376754 6.96391176e+15 0.27048757 4.74448019 2.05402185  
d 4.60360721 6.9940533e+15 0.269321878 4.658219 1.98308119  
d 4.62344689 7.02419483e+15 0.26816619 4.57396738 1.91809357  
d 4.64328657 7.05433636e+15 0.267020379 4.49539745 1.87455273  
d 4.66312625 7.08447789e+15 0.265884317 4.41749608 1.83138239  
d 4.68296593 7.11461942e+15 0.264757882 4.34134374 1.79048998  
d 4.70280561 7.14476096e+15 0.26364095 4.27331246 1.76307439  
d 4.72264529 7.17490249e+15 0.262533403 4.20585278 1.73588914  
d 4.74248497 7.20504402e+15 0.261435123 4.14050636 1.71023038  
d 4.76232465 7.23518555e+15 0.260345993 4.08439968 1.69207822  
d 4.78216433 7.26532709e+15 0.2592659 4.02875854 1.67407667  
d 4.80200401 7.29546862e+15 0.258194732 3.974263 1.65666249  
d 4.82184369 7.32561015e+15 0.257132379 3.92645711 1.64338308  
d 4.84168337 7.35575168e+15 0.256078733 3.879043 1.63021249  
d 4.86152305 7.38589321e+15 0.255033686 3.83230468 1.61740076  
d 4.88136273 7.41603475e+15 0.253997133 3.79017385 1.60837273  
d 4.9012024 7.44617628e+15 0.252968973 3.74838411 1.59941778  
d 4.92104208 7.47631781e+15 0.251949103 3.70711686 1.59070689  
d 4.94088176 7.50645934e+15 0.250937424 3.66968471 1.58531126  
d 4.96072144 7.53660087e+15 0.249933836 3.63255197 1.5799588  
d 4.98056112 7.56674241e+15 0.248938244 3.59606502 1.57483424  
d 5.0004008 7.59688394e+15 0.247950552 3.56511734 1.57252963  
d 5.02024048 7.62702547e+15 0.246970667 3.53441427 1.57024323  
d 5.04008016 7.657167e+15 0.245998496 3.50396115 1.56797989  
d 5.05991984 7.68730854e+15 0.245033949 3.47901596 1.5689777  
d 5.07975952 7.71745007e+15 0.244076936 3.45426563 1.56996771  
d 5.0995992 7.7475916e+15 0.24312737 3.42970788 1.57095002  
d 5.11943888 7.77773313e+15 0.242185163 3.41168348 1.57457234  
d 5.13927856 7.80787466e+15 0.241250231 3.39398656 1.57824529  
d 5.15911824 7.8380162e+15 0.24032249 3.37642574 1.58188998  
d 5.17895792 7.86815773e+15 0.239401856 3.36669784 1.58518599  
d 5.1987976 7.89829926e+15 0.23848825 3.35723548 1.58844887  
d 5.21863727 7.92844079e+15 0.23758159 3.34784507 1.59168694  
d 5.23847695 7.95858232e+15 0.236681797 3.346697 1.58985707  
d 5.25831663 7.98872386e+15 0.235788794 3.34636626 1.58754188  
d 5.27815631 8.01886539e+15 0.234902505 3.346038 1.58524409  
d 5.29799599 8.04900692e+15 0.234022853 3.35138028 1.57391894  
d 5.31783567 8.07914845e+15 0.233149766 3.35742474 1.56149423  
d 5.33767535 8.10928999e+15 0.232283168 3.36342426 1.54916188  
d 5.35751503 8.13943152e+15 0.231422989 3.36459774 1.52496685  
d 5.37735471 8.16957305e+15 0.230569157 3.36525453 1.49968028  
d 5.39719439 8.19971458e+15 0.229721602 3.3659065 1.47457962  
d 5.41703407 8.22985611e+15 0.228880255 3.3567873 1.44737071  
d 5.43687375 8.25999765e+15 0.228045049 3.34609666 1.41997594  
d 5.45671343 8.29013918e+15 0.227215916 3.33548376 1.39278038  
d 5.47655311 8.32028071e+15 0.22639279 3.32013873 1.36917647  
d 5.49639279 8.35042224e+15 0.225575607 3.30412194 1.34629534  
d 5.51623246 8.38056377e+15 0.224764302 3.28822036 1.32357879  
d 5.53607214 8.41070531e+15 0.223958812 3.26977182 1.3045516  
d 5.55591182 8.44084684e+15 0.223159074 3.25077805 1.28655751  
d 5.5757515 8.47098837e+15 0.222365028 3.23191945 1.26869147  
d 5.59559118 8.5011299e+15 0.221576613 3.2126751 1.25380931  
d 5.61543086 8.53127144e+15 0.220793768 3.19343017 1.23978335  
d 5.63527054 8.56141297e+15 0.220016436 3.17432075 1.22585615  
d 5.65511022 8.5915545e+15 0.219244558 3.15523473 1.21183548  
d 5.6749499 8.62169603e+15 0.218478077 3.13623933 1.19783887  
d 5.69478958 8.65183756e+15 0.217716936 3.11737628 1.18393978  
d 5.71462926 8.6819791e+15 0.216961081 3.10244647 1.17385425  
d 5.73446894 8.71212063e+15 0.216210455 3.08913992 1.16532442  
d 5.75430862 8.74226216e+15 0.215465006 3.07592514 1.1568534  
d 5.7741483 8.77240369e+15 0.214724679 3.06099334 1.14597331  
d 5.79398798 8.80254522e+15 0.213989422 3.04564885 1.13446495  
d 5.81382766 8.83268676e+15 0.213259184 3.03040908 1.12303512  
d 5.83366733 8.86282829e+15 0.212533912 3.01656606 1.11209799  
d 5.85350701 8.89296982e+15 0.211813557 3.00353106 1.10146417  
d 5.87334669 8.92311135e+15 0.211098068 2.99058412 1.0909022  
d 5.89318637 8.95325289e+15 0.210387397 2.97534996 1.0828523  
d 5.91302605 8.98339442e+15 0.209681495 2.95930673 1.07579328  
d 5.93286573 9.01353595e+15 0.208980313 2.94337079 1.06878147  
d 5.95270541 9.04367748e+15 0.208283806 2.93145078 1.05487983  
d 5.97254509 9.07381901e+15 0.207591926 2.92222572 1.0364297  
d 5.99238477 9.10396055e+15 0.206904628 2.91306174 1.01810174  
d 6.01222445 9.13410208e+15 0.206221865 2.90739582 1.00854601  
d 6.03206413 9.16424361e+15 0.205543594 2.90451831 1.0059768  
d 6.05190381 9.19438514e+15 0.20486977 2.90165966 1.00342443  
d 6.07174349 9.22452667e+15 0.204200349 2.8988197 1.00088875  
d 6.09158317 9.25466821e+15 0.203535289 2.89599823 0.998369583  
d 6.11142285 9.28480974e+15 0.202874547 2.89319508 0.995866771  
d 6.13126253 9.31495127e+15 0.202218081 2.89041007 0.993380157  
d 6.1511022 9.3450928e+15 0.201565849 2.88764303 0.990909584  
d 6.17094188 9.37523434e+15 0.200917812 2.88489378 0.988454896  
d 6.19078156 9.40537587e+15 0.200273928 2.88216215 0.986015942  
d 6.21062124 9.4355174e+15 0.199634158 2.87506001 0.981091261  
d 6.23046092 9.46565893e+15 0.198998462 2.8647385 0.974336993  
d 6.2503006 9.49580046e+15 0.198366802 2.85448251 0.967456649  
d 6.27014028 9.525942e+15 0.197739139 2.84429143 0.957593376  
d 6.28997996 9.55608353e+15 0.197115436 2.83416463 0.947792325  
d 6.30981964 9.58622506e+15 0.196495654 2.82410152 0.938052907  
d 6.32965932 9.61636659e+15 0.195879759 2.81410149 0.928374544  
d 6.349499 9.64650812e+15 0.195267712 2.80416395 0.918756663  
d 6.36933868 9.67664966e+15 0.194659478 2.79428832 0.909198699  
d 6.38917836 9.70679119e+15 0.194055021 2.78447403 0.899700094  
d 6.40901804 9.73693272e+15 0.193454307 2.77472049 0.890260297  
d 6.42885772 9.76707425e+15 0.1928573 2.76502716 0.880878762  
d 6.44869739 9.79721579e+15 0.192263966 2.75539346 0.871554953  
d 6.46853707 9.82735732e+15 0.191674273 2.74581887 0.862288338  
d 6.48837675 9.85749885e+15 0.191088185 2.73630282 0.853078392  
d 6.50821643 9.88764038e+15 0.190505671 2.72583584 0.844452062  
d 6.52805611 9.91778191e+15 0.189926698 2.71342927 0.836925407  
d 6.54789579 9.94792345e+15 0.189351233 2.70109787 0.829444362  
d 6.56773547 9.97806498e+15 0.188779244 2.68884098 0.822008514  
d 6.58757515 1.00082065e+16 0.188210701 2.67665792 0.814617455  
d 6.60741483 1.0038348e+16 0.187645573 2.66454802 0.807270782  
d 6.62725451 1.00684896e+16 0.187083828 2.65251062 0.799968095  
d 6.64709419 1.00986311e+16 0.186525436 2.64054508 0.792709001  
d 6.66693387 1.01287726e+16 0.185970367 2.62865076 0.785493111  
d 6.68677355 1.01589142e+16 0.185418593 2.61682701 0.77832004  
d 6.70661323 1.01890557e+16 0.184870082 2.60507322 0.771189408  
d 6.72645291 1.02191972e+16 0.184324808 2.59338877 0.76410084  
d 6.74629259 1.02493388e+16 0.183782741 2.58177304 0.757053964  
d 6.76613226 1.02794803e+16 0.183243852 2.5710153 0.750863951  
d 6.78597194 1.03096218e+16 0.182708115 2.56046289 0.744857198  
d 6.80581162 1.03397634e+16 0.182175501 2.54997201 0.738885465  
d 6.8256513 1.03699049e+16 0.181645983 2.53954212 0.732948448  
d 6.84549098 1.04000464e+16 0.181119534 2.52917268 0.727045844  
d 6.86533066 1.0430188e+16 0.180596129 2.51886317 0.721177356  
d 6.88517034 1.04603295e+16 0.180075739 2.50861308 0.715342687  
d 6.90501002 1.0490471e+16 0.17955834 2.49842189 0.709541547  
d 6.9248497 1.05206126e+16 0.179043906 2.48828909 0.703773648  
d 6.94468938 1.05507541e+16 0.178532411 2.47821419 0.698038705  
d 6.96452906 1.05808956e+16 0.17802383 2.46819669 0.692336435  
d 6.98436874 1.06110372e+16 0.177518139 2.4582361 0.686666561  
d 7.00420842 1.06411787e+16 0.177015312 2.44819521 0.681089809  
d 7.0240481 1.06713202e+16 0.176515326 2.43753976 0.675844052  
d 7.04388778 1.07014617e+16 0.176018156 2.42694434 0.670627846  
d 7.06372745 1.07316033e+16 0.175523779 2.41640844 0.665440941  
d 7.08356713 1.07617448e+16 0.175032172 2.40593156 0.66028309  
d 7.10340681 1.07918863e+16 0.17454331 2.3955132 0.655154052  
d 7.12324649 1.08220279e+16 0.174057172 2.38515287 0.650053584  
d 7.14308617 1.08521694e+16 0.173573734 2.3748501 0.644981448  
d 7.16292585 1.08823109e+16 0.173092974 2.3646044 0.63993741  
d 7.18276553 1.09124525e+16 0.17261487 2.35441529 0.634921237  
d 7.20260521 1.0942594e+16 0.1721394 2.34428232 0.629932698  
d 7.22244489 1.09727355e+16 0.171666542 2.33420502 0.624971565  
d 7.24228457 1.10028771e+16 0.171196275 2.32418293 0.620037614  
d 7.26212425 1.10330186e+16 0.170728577 2.31476204 0.615359344  
d 7.28196393 1.10631601e+16 0.170263428 2.30578548 0.610871061  
d 7.30180361 1.10933017e+16 0.169800806 2.29685769 0.606407169  
d 7.32164329 1.11234432e+16 0.169340692 2.28797829 0.601967469  
d 7.34148297 1.11535847e+16 0.168883064 2.27914688 0.597551764  
d 7.36132265 1.11837263e+16 0.168427903 2.27036308 0.593159861  
d 7.38116232 1.12138678e+16 0.167975189 2.26162649 0.588791568  
d 7.401002 1.12440093e+16 0.167524903 2.25293674 0.584446695  
d 7.42084168 1.12741509e+16 0.167077023 2.24429346 0.580125054  
d 7.44068136 1.13042924e+16 0.166631533 2.23569627 0.575826459  
d 7.46052104 1.13344339e+16 0.166188411 2.22714481 0.571550727  
d 7.48036072 1.13645755e+16 0.165747641 2.2186387 0.567297675  
d 7.5002004 1.1394717e+16 0.165309202 2.2101776 0.563067124  
d 7.52004008 1.14248585e+16 0.164873076 2.20113934 0.559272959  
d 7.53987976 1.14550001e+16 0.164439246 2.19213531 0.555507638  
d 7.55971944 1.14851416e+16 0.164007692 2.18317855 0.551762081  
d 7.57955912 1.15152831e+16 0.163578398 2.17426867 0.548036133  
d 7.5993988 1.15454246e+16 0.163151346 2.16540531 0.544329638  
d 7.61923848 1.15755662e+16 0.162726517 2.15658812 0.540642447  
d 7.63907816 1.16057077e+16 0.162303895 2.14781672 0.536974407  
d 7.65891784 1.16358492e+16 0.161883463 2.13909076 0.533325371  
d 7.67875752 1.16659908e+16 0.161465203 2.1304099 0.529695192  
d 7.69859719 1.16961323e+16 0.161049099 2.12177377 0.526083722  
d 7.71843687 1.17262738e+16 0.160635134 2.11318205 0.522490819  
d 7.73827655 1.17564154e+16 0.160223291 2.10463438 0.518916338  
d 7.75811623 1.17865569e+16 0.159813556 2.09627114 0.51552407  
d 7.77795591 1.18166984e+16 0.15940591 2.08811822 0.512344434  
d 7.79779559 1.184684e+16 0.159000339 2.0800068 0.509180978  
d 7.81763527 1.18769815e+16 0.158596826 2.07193654 0.506033579  
d 7.83747495 1.1907123e+16 0.158195356 2.06390714 0.502902113  
d 7.85731463 1.19372646e+16 0.157795914 2.0559183 0.499786462  
d 7.87715431 1.19674061e+16 0.157398483 2.04796969 0.496686505  
d 7.89699399 1.19975476e+16 0.15700305 2.04006102 0.493602125  
d 7.91683367 1.20276892e+16 0.156609598 2.03219199 0.490533203  
d 7.93667335 1.20578307e+16 0.156218114 2.0243623 0.487479624  
d 7.95651303 1.20879722e+16 0.155828582 2.01657166 0.484441274  
d 7.97635271 1.21181138e+16 0.155440987 2.00881977 0.481418038  
d 7.99619238 1.21482553e+16 0.155055316 2.00110635 0.478409804  
d 8.01603206 1.21783968e+16 0.154671554 1.99301182 0.475602348  
d 8.03587174 1.22085384e+16 0.154289687 1.98488699 0.472839906  
d 8.05571142 1.22386799e+16 0.153909701 1.97680218 0.47009107  
d 8.0755511 1.22688214e+16 0.153531582 1.9687571 0.467355742  
d 8.09539078 1.2298963e+16 0.153155317 1.96075145 0.46463382  
d 8.11523046 1.23291045e+16 0.152780891 1.95278494 0.461925207  
d 8.13507014 1.2359246e+16 0.152408291 1.94485729 0.459229806  
d 8.15490982 1.23893875e+16 0.152037505 1.93696821 0.456547519  
d 8.1747495 1.24195291e+16 0.151668518 1.92911742 0.453878253  
d 8.19458918 1.24496706e+16 0.151301318 1.92130465 0.451221911  
d 8.21442886 1.24798121e+16 0.150935891 1.91352962 0.4485784  
d 8.23426854 1.25099537e+16 0.150572226 1.90579206 0.445947628  
d 8.25410822 1.25400952e+16 0.150210308 1.89836927 0.443366802  
d 8.2739479 1.25702367e+16 0.149850127 1.89182051 0.440911018  
d 8.29378758 1.26003783e+16 0.149491668 1.88530308 0.438466983  
d 8.31362725 1.26305198e+16 0.149134921 1.87881676 0.436034613  
d 8.33346693 1.26606613e+16 0.148779872 1.87236132 0.433613824  
d 8.35330661 1.26908029e+16 0.148426509 1.86593655 0.431204535  
d 8.37314629 1.27209444e+16 0.148074821 1.85954223 0.428806663  
d 8.39298597 1.27510859e+16 0.147724796 1.85317813 0.426420127  
d 8.41282565 1.27812275e+16 0.147376422 1.84684405 0.424044847  
d 8.43266533 1.2811369e+16 0.147029686 1.84053978 0.421680745  
d 8.45250501 1.28415105e+16 0.146684579 1.8342651 0.41932774  
d 8.47234469 1.28716521e+16 0.146341088 1.82801981 0.416985755  
d 8.49218437 1.29017936e+16 0.145999202 1.82180369 0.414654713  
d 8.51202405 1.29319351e+16 0.145658909 1.8148338 0.412543274  
d 8.53186373 1.29620767e+16 0.1453202 1.80757573 0.410527144  
d 8.55170341 1.29922182e+16 0.144983061 1.80035134 0.408520369  
d 8.57154309 1.30223597e+16 0.144647484 1.79316039 0.406522883  
d 8.59138277 1.30525013e+16 0.144313456 1.78600265 0.404534623  
d 8.61122244 1.30826428e+16 0.143980968 1.7788779 0.402555525  
d 8.63106212 1.31127843e+16 0.143650008 1.7717859 0.400585525  
d 8.6509018 1.31429259e+16 0.143320566 1.76472643 0.398624561  
d 8.67074148 1.31730674e+16 0.142992631 1.75769926 0.396672571  
d 8.69058116 1.32032089e+16 0.142666194 1.75070418 0.394729493  
d 8.71042084 1.32333504e+16 0.142341244 1.74374097 0.392795266  
d 8.73026052 1.3263492e+16 0.142017771 1.7368094 0.390869831  
d 8.7501002 1.32936335e+16 0.141695765 1.72992401 0.388954446  
d 8.76993988 1.3323775e+16 0.141375215 1.72417056 0.387146219  
d 8.78977956 1.33539166e+16 0.141056113 1.71844308 0.385346154  
d 8.80961924 1.33840581e+16 0.140738448 1.7127414 0.383554198  
d 8.82945892 1.34141996e+16 0.140422211 1.70706534 0.381770294  
d 8.8492986 1.34443412e+16 0.140107391 1.70141473 0.379994389  
d 8.86913828 1.34744827e+16 0.13979398 1.69578941 0.37822643  
d 8.88897796 1.35046242e+16 0.139481968 1.69018919 0.376466362  
d 8.90881764 1.35347658e+16 0.139171346 1.68461392 0.374714134  
d 8.92865731 1.35649073e+16 0.138862104 1.67906343 0.372969692  
d 8.94849699 1.35950488e+16 0.138554233 1.67353754 0.371232986  
d 8.96833667 1.36251904e+16 0.138247725 1.66803611 0.369503963  
d 8.98817635 1.36553319e+16 0.137942569 1.66255896 0.367782574  
d 9.00801603 1.36854734e+16 0.137638758 1.65660546 0.366172127  
d 9.02785571 1.3715615e+16 0.137336282 1.65023754 0.364659748  
d 9.04769539 1.37457565e+16 0.137035133 1.64389756 0.363154001  
d 9.06753507 1.3775898e+16 0.136735301 1.63758531 0.361654843  
d 9.08737475 1.38060396e+16 0.136436779 1.63130063 0.360162231  
d 9.10721443 1.38361811e+16 0.136139557 1.62504333 0.358676123  
d 9.12705411 1.38663226e+16 0.135843628 1.61881324 0.357196475  
d 9.14689379 1.38964642e+16 0.135548982 1.61261017 0.355723246  
d 9.16673347 1.39266057e+16 0.135255611 1.60643395 0.354256394  
d 9.18657315 1.39567472e+16 0.134963508 1.6002844 0.352795878  
d 9.20641283 1.39868888e+16 0.134672664 1.59416137 0.351341656  
d 9.22625251 1.40170303e+16 0.13438307 1.58806466 0.349893689  
d 9.24609218 1.40471718e+16 0.13409472 1.58199412 0.348451935  
d 9.26593186 1.40773133e+16 0.133807604 1.5761521 0.347098811  
d 9.28577154 1.41074549e+16 0.133521715 1.57043432 0.34579189  
d 9.30561122 1.41375964e+16 0.133237045 1.56474092 0.344490542  
d 9.3254509 1.41677379e+16 0.132953586 1.55907174 0.343194731  
d 9.34529058 1.41978795e+16 0.132671331 1.55342664 0.341904421  
d 9.36513026 1.4228021e+16 0.132390272 1.54780546 0.340619579  
d 9.38496994 1.42581625e+16 0.132110401 1.54220804 0.339340169  
d 9.40480962 1.42883041e+16 0.131831711 1.53663423 0.338066157  
d 9.4246493 1.43184456e+16 0.131554194 1.5310839 0.336797508  
d 9.44448898 1.43485871e+16 0.131277843 1.52555688 0.33553419  
d 9.46432866 1.43787287e+16 0.131002651 1.52005303 0.334276168  
d 9.48416834 1.44088702e+16 0.13072861 1.51457221 0.333023409  
d 9.50400802 1.44390117e+16 0.130455713 1.5091948 0.331790451  
d 9.5238477 1.44691533e+16 0.130183953 1.50425371 0.330637531  
d 9.54368737 1.44992948e+16 0.129913323 1.49933316 0.329489404  
d 9.56352705 1.45294363e+16 0.129643816 1.49443303 0.32834604  
d 9.58336673 1.45595779e+16 0.129375425 1.48955319 0.327207411  
d 9.60320641 1.45897194e+16 0.129108142 1.48469352 0.326073486  
d 9.62304609 1.46198609e+16 0.128841962 1.47985388 0.324944236  
d 9.64288577 1.46500025e+16 0.128576877 1.47503415 0.323819634  
d 9.66272545 1.4680144e+16 0.128312881 1.47023422 0.32269965  
d 9.68256513 1.47102855e+16 0.128049966 1.46545396 0.321584255  
d 9.70240481 1.47404271e+16 0.127788127 1.46069324 0.320473422  
d 9.72224449 1.47705686e+16 0.127527357 1.45595196 0.319367122  
d 9.74208417 1.48007101e+16 0.127267648 1.45122999 0.318265329  
d 9.76192385 1.48308517e+16 0.127008995 1.44582179 0.317262069  
d 9.78176353 1.48609932e+16 0.126751392 1.44018671 0.316296055  
d 9.80160321 1.48911347e+16 0.126494831 1.43457445 0.315333952  
d 9.82144289 1.49212762e+16 0.126239307 1.42898485 0.314375737  
d 9.84128257 1.49514178e+16 0.125984813 1.4234178 0.313421384  
d 9.86112224 1.49815593e+16 0.125731343 1.41787314 0.312470872  
d 9.88096192 1.50117008e+16 0.125478891 1.41235075 0.311524176  
d 9.9008016 1.50418424e+16 0.12522745 1.40685049 0.310581275  
d 9.92064128 1.50719839e+16 0.124977016 1.40137223 0.309642145  
d 9.94048096 1.51021254e+16 0.124727581 1.39591584 0.308706764  
d 9.96032064 1.5132267e+16 0.124479139 1.39048119 0.307775109  
d 9.98016032 1.51624085e+16 0.124231686 1.38506814 0.306847158  
d 10 1.519255e+16 0.123985214 1.3797043 0.305924121  
