v ATLAS
# This file was created by ATLAS version 5.26.1.R on Thu Apr 19 07:58:57 2018.
#SSF 2.0 generic
##############################################################################
#                    Copyright (c) 1984 - 2018                               #
#                    Silvaco Inc. All rights reserved                        #
#                                                                            #
# This file format and the following Key are copyright Silvaco Inc.          #
# You may not use, this format or key without reproducing this message in    #
# full and obtaining express written permission from Silvaco Inc.            #
#                                                                            #
# To obtain such permission please contact: Silvaco Inc.                     #
#                                           support@silvaco.com              #
#                                                                            #
# KEY=SVC86hn7562asdx                       PROD=345                         #
##############################################################################
y 1 15
z 265
f 2 "anode" "cathode" 
p 14 40 61 2 20 3 21 3000000 2000000 3001000 2001000 3000001 2000001 3001001 2001001 
Q 3000000 3 "Mhos/um" 
Q 2000000 3 "F/um" 
Q 3001000 3 "Mhos/um" 
Q 2001000 3 "F/um" 
Q 3000001 3 "Mhos/um" 
Q 2000001 3 "F/um" 
Q 3001001 3 "Mhos/um" 
Q 2001001 3 "F/um" 
d 1.000000000e+05 1.000000000e-10 -7.200000000e+00 3.395494130e+07 0.000000000e+00 -9.484717479e-02 -2.358795184e-16 -2.020013159e-17 2.358793648e-16 2.020013159e-17 2.358795184e-16 2.020013159e-17 -2.678067143e-16 -2.020013160e-17 
d 1.000000000e+05 3.000000000e-10 -5.600000000e+00 1.743675303e-07 0.000000000e+00 -1.743675304e-07 -3.091052196e-16 -2.240801623e-17 3.091051344e-16 2.240801623e-17 3.091052196e-16 2.240801623e-17 2.231729904e-15 -2.240801623e-17 
d 1.000000000e+05 7.000000000e-10 -2.400000000e+00 2.251512947e-07 0.000000000e+00 -2.251512947e-07 -6.449412952e-16 -3.026887198e-17 6.449410556e-16 3.026887198e-17 6.449412952e-16 3.026887198e-17 -5.356138155e-16 -3.026887199e-17 
d 1.000000000e+05 1.500000000e-09 0.000000000e+00 -4.278205267e-09 0.000000000e+00 4.278205284e-09 -2.840038341e-15 -5.866052317e-17 2.840038085e-15 5.866052317e-17 2.840038341e-15 5.866052317e-17 -8.391298981e-15 -5.866052315e-17 
d 1.000000000e+05 3.100000000e-09 0.000000000e+00 -2.538256813e-09 0.000000000e+00 2.538256824e-09 -2.956695821e-15 -5.975953427e-17 2.956694122e-15 5.975953427e-17 2.956695821e-15 5.975953427e-17 -5.713224081e-15 -5.975953427e-17 
d 1.000000000e+05 6.300000000e-09 0.000000000e+00 3.713416916e-10 0.000000000e+00 -3.713417306e-10 -2.933926950e-15 -5.953047700e-17 2.933926427e-15 5.953047700e-17 2.933926950e-15 5.953047700e-17 -4.017110013e-15 -5.953047703e-17 
d 1.000000000e+05 1.270000000e-08 0.000000000e+00 -3.184592398e-11 0.000000000e+00 3.184591380e-11 -2.937313853e-15 -5.953890675e-17 2.937315280e-15 5.953890675e-17 2.937313853e-15 5.953890675e-17 -3.749302527e-15 -5.953890680e-17 
d 1.000000000e+05 2.550000000e-08 0.000000000e+00 2.391919085e-12 0.000000000e+00 -2.391950081e-12 -2.936699761e-15 -5.950227427e-17 2.936701131e-15 5.950227427e-17 2.936699761e-15 5.950227427e-17 -1.339035156e-15 -5.950227428e-17 
d 1.000000000e+05 5.110000000e-08 0.000000000e+00 4.526301775e-13 0.000000000e+00 -4.525969147e-13 -2.934834809e-15 -5.945734681e-17 2.934835845e-15 5.945734681e-17 2.934834809e-15 5.945734681e-17 -2.142457616e-15 -5.945734684e-17 
d 1.000000000e+05 1.023000000e-07 0.000000000e+00 2.600063280e-13 0.000000000e+00 -2.600078796e-13 -2.931086392e-15 -5.941052652e-17 2.931088503e-15 5.941052652e-17 2.931086392e-15 5.941052652e-17 -3.749302532e-15 -5.941052653e-17 
d 1.000000000e+05 2.047000000e-07 0.000000000e+00 1.276308409e-13 0.000000000e+00 -1.276163922e-13 -2.926945120e-15 -5.937054491e-17 2.926943555e-15 5.937054491e-17 2.926945120e-15 5.937054491e-17 -1.428304323e-15 -5.937054490e-17 
d 1.000000000e+05 4.095000000e-07 0.000000000e+00 6.377563092e-14 0.000000000e+00 -6.377884100e-14 -2.923463751e-15 -5.933748910e-17 2.923463837e-15 5.933748910e-17 2.923463751e-15 5.933748910e-17 -4.284917507e-15 -5.933748913e-17 
d 1.000000000e+05 8.191000000e-07 0.000000000e+00 3.178864631e-14 0.000000000e+00 -3.180135521e-14 -2.920489318e-15 -5.930935556e-17 2.920489574e-15 5.930935556e-17 2.920489318e-15 5.930935556e-17 -1.160496840e-15 -5.930935558e-17 
d 1.000000000e+05 1.638300000e-06 0.000000000e+00 1.588662775e-14 0.000000000e+00 -1.589089257e-14 -2.917907020e-15 -5.928497646e-17 2.917906343e-15 5.928497646e-17 2.917907020e-15 5.928497646e-17 2.142462151e-15 -5.928497646e-17 
d 1.000000000e+05 3.276700000e-06 0.000000000e+00 7.940617275e-15 0.000000000e+00 -7.965016352e-15 -2.915631544e-15 -5.926350713e-17 2.915631975e-15 5.926350713e-17 2.915631544e-15 5.926350713e-17 9.819630448e-16 -5.926350716e-17 
d 1.000000000e+05 6.553500000e-06 0.000000000e+00 3.969651413e-15 0.000000000e+00 -3.972723144e-15 -2.913601327e-15 -5.924435500e-17 2.913601076e-15 5.924435500e-17 2.913601327e-15 5.924435500e-17 -2.678072595e-15 -5.924435500e-17 
d 1.000000000e+05 1.310710000e-05 0.000000000e+00 1.985188784e-15 0.000000000e+00 -1.976576539e-15 -2.911770972e-15 -5.922708739e-17 2.911770024e-15 5.922708739e-17 2.911770972e-15 5.922708739e-17 -4.195648349e-15 -5.922708739e-17 
d 1.000000000e+05 2.621430000e-05 0.000000000e+00 9.934418896e-16 0.000000000e+00 -9.785032373e-16 -2.910107280e-15 -5.921138985e-17 2.910105758e-15 5.921138985e-17 2.910107280e-15 5.921138985e-17 -6.248818720e-16 -5.921138988e-17 
d 1.000000000e+05 5.242870000e-05 0.000000000e+00 4.955649331e-16 0.000000000e+00 -5.088216834e-16 -2.908584208e-15 -5.919701654e-17 2.908583614e-15 5.919701654e-17 2.908584208e-15 5.919701654e-17 -6.248818726e-16 -5.919701656e-17 
d 1.000000000e+05 1.048575000e-04 0.000000000e+00 2.486757249e-16 0.000000000e+00 -2.544108417e-16 -2.907180824e-15 -5.918377025e-17 2.907181772e-15 5.918377025e-17 2.907180824e-15 5.918377025e-17 -8.034201970e-16 -5.918377026e-17 
d 1.000000000e+05 2.097151000e-04 0.000000000e+00 1.241828065e-16 0.000000000e+00 -1.369904532e-16 -2.905885163e-15 -5.917153850e-17 2.905883824e-15 5.917153850e-17 2.905885163e-15 5.917153850e-17 -1.785380979e-15 -5.917153850e-17 
d 1.000000000e+05 4.194303000e-04 0.000000000e+00 6.186639766e-17 0.000000000e+00 -3.914012949e-17 -2.904678159e-15 -5.916014172e-17 2.904675643e-15 5.916014172e-17 2.904678159e-15 5.916014172e-17 -2.678052263e-16 -5.916014174e-17 
d 1.000000000e+05 8.388607000e-04 0.000000000e+00 3.126340634e-17 0.000000000e+00 -3.914012949e-17 -2.903557315e-15 -5.914955678e-17 2.903557893e-15 5.914955678e-17 2.903557315e-15 5.914955678e-17 -5.356127125e-16 -5.914955680e-17 
d 1.000000000e+05 1.677721500e-03 0.000000000e+00 1.536898155e-17 0.000000000e+00 -1.957006475e-17 -2.902507028e-15 -5.913963666e-17 2.902506525e-15 5.913963666e-17 2.902507028e-15 5.913963666e-17 -4.463435509e-16 -5.913963670e-17 
d 1.000000000e+05 3.355443100e-03 0.000000000e+00 7.855857703e-18 0.000000000e+00 -1.957006475e-17 -2.901525098e-15 -5.913036090e-17 2.901524414e-15 5.913036090e-17 2.901525098e-15 5.913036090e-17 -2.142457628e-15 -5.913036093e-17 
d 1.000000000e+05 6.710886300e-03 0.000000000e+00 3.826131456e-18 0.000000000e+00 -1.957006475e-17 -2.900603799e-15 -5.912165679e-17 2.900603738e-15 5.912165679e-17 2.900603799e-15 5.912165679e-17 -1.517573495e-15 -5.912165682e-17 
d 1.000000000e+05 1.000000000e-02 0.000000000e+00 2.699604382e-18 0.000000000e+00 -1.957006475e-17 -2.900111368e-15 -5.911700406e-17 2.900109723e-15 5.911700406e-17 2.900111368e-15 5.911700406e-17 -1.785380981e-15 -5.911700409e-17 
d 1.000000000e+05 1.000000010e-02 -7.999999972e-01 -2.652559422e-07 0.000000000e+00 2.652559421e-07 -2.131949511e-15 -5.134978086e-17 2.131949912e-15 5.134978086e-17 2.131949511e-15 5.134978086e-17 -2.499534573e-15 -5.134978088e-17 
d 1.000000000e+05 1.000000011e-02 -8.999999917e-01 -2.787515363e-07 0.000000000e+00 2.787515357e-07 -2.015282128e-15 -5.004894833e-17 2.015281557e-15 5.004894833e-17 2.015282128e-15 5.004894833e-17 -3.035149594e-15 -5.004894833e-17 
d 1.000000000e+05 1.000000012e-02 -9.999999861e-01 -2.903146576e-07 0.000000000e+00 2.903146567e-07 -1.902530192e-15 -4.875699766e-17 1.902532803e-15 4.875699766e-17 1.902530192e-15 4.875699766e-17 -2.856611320e-15 -4.875699769e-17 
d 1.000000000e+05 1.000000014e-02 -1.099999981e+00 -2.999610625e-07 0.000000000e+00 2.999610616e-07 -1.794796327e-15 -4.748560955e-17 1.794797992e-15 4.748560955e-17 1.794796327e-15 4.748560955e-17 -3.570748341e-16 -4.748560956e-17 
d 1.000000000e+05 1.000000015e-02 -1.199999975e+00 -3.078064634e-07 0.000000000e+00 3.078064625e-07 -1.692614526e-15 -4.624413556e-17 1.692615160e-15 4.624413556e-17 1.692614526e-15 4.624413556e-17 -4.641994654e-15 -4.624413559e-17 
d 1.000000000e+05 1.000000016e-02 -1.299999969e+00 -3.139716579e-07 0.000000000e+00 3.139716570e-07 -1.596351510e-15 -4.503962444e-17 1.596352284e-15 4.503962444e-17 1.596351510e-15 4.503962444e-17 -4.374187215e-15 -4.503962448e-17 
d 1.000000000e+05 1.000000019e-02 -1.499999972e+00 -3.218082660e-07 0.000000000e+00 3.218082655e-07 -1.422926387e-15 -4.276100873e-17 1.422927461e-15 4.276100873e-17 1.422926387e-15 4.276100873e-17 -5.177609759e-15 -4.276100874e-17 
d 1.000000000e+05 1.000000021e-02 -1.699999975e+00 -3.244631867e-07 0.000000000e+00 3.244631851e-07 -1.270771452e-15 -4.067050850e-17 1.270772994e-15 4.067050850e-17 1.270771452e-15 4.067050850e-17 1.517577306e-15 -4.067050852e-17 
d 1.000000000e+05 1.000000024e-02 -1.899999978e+00 -3.229777493e-07 0.000000000e+00 3.229779031e-07 -1.145523086e-15 -3.877244319e-17 1.145523428e-15 3.877244319e-17 1.145523086e-15 3.877244319e-17 -5.981032369e-15 -3.877244319e-17 
d 1.000000000e+05 1.000000026e-02 -2.099999981e+00 -3.183425973e-07 0.000000000e+00 3.183425805e-07 -1.029676223e-15 -3.705998892e-17 1.029676094e-15 3.705998892e-17 1.029676223e-15 3.705998892e-17 -4.463443942e-16 -3.705998893e-17 
d 1.000000000e+05 1.000000029e-02 -2.299999983e+00 -3.114525585e-07 0.000000000e+00 3.114526290e-07 -9.346787360e-16 -3.552002769e-17 9.346782086e-16 3.552002769e-17 9.346787360e-16 3.552002769e-17 -5.534686683e-15 -3.552002771e-17 
d 1.000000000e+05 1.000000031e-02 -2.499999986e+00 -3.030793402e-07 0.000000000e+00 3.030793381e-07 -8.529169337e-16 -3.413646321e-17 8.529169537e-16 3.413646321e-17 8.529169337e-16 3.413646321e-17 -1.339036125e-15 -3.413646322e-17 
d 1.000000000e+05 1.000000034e-02 -2.699999989e+00 -2.938562581e-07 0.000000000e+00 2.938562604e-07 -7.826666904e-16 -3.289236533e-17 7.826665620e-16 3.289236533e-17 7.826666904e-16 3.289236533e-17 -3.749303545e-15 -3.289236532e-17 
d 1.000000000e+05 1.000000036e-02 -2.899999992e+00 -2.842789539e-07 0.000000000e+00 2.842789541e-07 -7.219248242e-16 -3.177126394e-17 7.219259818e-16 3.177126394e-17 7.219248242e-16 3.177126394e-17 -2.231727835e-15 -3.177126394e-17 
d 1.000000000e+05 1.000000039e-02 -3.099999994e+00 -2.747152965e-07 0.000000000e+00 2.747152961e-07 -6.690729594e-16 -3.075786651e-17 6.690727631e-16 3.075786651e-17 6.690729594e-16 3.075786651e-17 -9.819596065e-16 -3.075786652e-17 
d 1.000000000e+05 1.000000041e-02 -3.299999997e+00 -2.654222433e-07 0.000000000e+00 2.654222431e-07 -6.228301305e-16 -2.983839783e-17 6.228301356e-16 2.983839783e-17 6.228301305e-16 2.983839783e-17 -1.428305451e-15 -2.983839784e-17 
d 1.000000000e+05 1.000000044e-02 -3.500000000e+00 -2.565655875e-07 0.000000000e+00 2.565655871e-07 -5.821090084e-16 -2.900070268e-17 5.821094146e-16 2.900070268e-17 5.821090084e-16 2.900070268e-17 -3.481496208e-15 -2.900070267e-17 
d 1.000000000e+05 1.000000046e-02 -3.700000003e+00 -2.482399322e-07 0.000000000e+00 2.482399318e-07 -5.460242694e-16 -2.823420741e-17 5.460242297e-16 2.823420741e-17 5.460242694e-16 2.823420741e-17 1.071231022e-15 -2.823420741e-17 
d 1.000000000e+05 1.000000049e-02 -3.900000006e+00 -2.404870389e-07 0.000000000e+00 2.404870385e-07 -5.138523632e-16 -2.752980286e-17 5.138528228e-16 2.752980286e-17 5.138523632e-16 2.752980286e-17 -8.926905679e-16 -2.752980289e-17 
d 1.000000000e+05 1.000000051e-02 -4.100000008e+00 -2.333115275e-07 0.000000000e+00 2.333115271e-07 -4.850012222e-16 -2.687969278e-17 4.850008432e-16 2.687969278e-17 4.850012222e-16 2.687969278e-17 -4.999072042e-15 -2.687969278e-17 
d 1.000000000e+05 1.000000054e-02 -4.300000011e+00 -2.266935533e-07 0.000000000e+00 2.266935529e-07 -4.589850070e-16 -2.627723055e-17 4.589852423e-16 2.627723055e-17 4.589850070e-16 2.627723055e-17 1.785393275e-16 -2.627723057e-17 
d 1.000000000e+05 1.000000056e-02 -4.500000014e+00 -2.205985462e-07 0.000000000e+00 2.205985459e-07 -4.354060262e-16 -2.571675498e-17 4.354059001e-16 2.571675498e-17 4.354060262e-16 2.571675498e-17 -1.339036447e-15 -2.571675498e-17 
d 1.000000000e+05 1.000000061e-02 -4.900000019e+00 -2.097757979e-07 0.000000000e+00 2.097757977e-07 -4.165987899e-16 -2.470290361e-17 4.165985745e-16 2.470290361e-17 4.165987899e-16 2.470290361e-17 -7.141523520e-16 -2.470290363e-17 
d 1.000000000e+05 1.000000066e-02 -5.300000025e+00 -2.005431633e-07 0.000000000e+00 2.005427495e-07 -3.595634298e-16 -2.380811492e-17 3.595631564e-16 2.380811492e-17 3.595634298e-16 2.380811492e-17 -8.034215481e-16 -2.380811494e-17 
d 1.000000000e+05 1.000000069e-02 -5.500000028e+00 -1.964273854e-07 0.000000000e+00 1.964303751e-07 -3.468802602e-16 -2.339811489e-17 3.468800383e-16 2.339811489e-17 3.468802602e-16 2.339811489e-17 -4.284918879e-15 -2.339811490e-17 
d 1.000000000e+05 1.000000071e-02 -5.700000031e+00 -1.925909038e-07 0.000000000e+00 1.925907784e-07 -3.299395513e-16 -2.300966399e-17 3.299391203e-16 2.300966399e-17 3.299395513e-16 2.300966399e-17 -3.481496437e-15 -2.300966399e-17 
d 1.000000000e+05 1.000000074e-02 -5.900000033e+00 -1.889963307e-07 0.000000000e+00 1.889963467e-07 -3.167287129e-16 -2.264097124e-17 3.167287427e-16 2.264097124e-17 3.167287129e-16 2.264097124e-17 -9.819599165e-16 -2.264097126e-17 
d 1.000000000e+05 1.000000076e-02 -6.100000036e+00 -1.856203204e-07 0.000000000e+00 1.856203189e-07 -3.042869127e-16 -2.229033048e-17 3.042866285e-16 2.229033048e-17 3.042869127e-16 2.229033048e-17 -4.552726407e-15 -2.229033048e-17 
d 1.000000000e+05 1.000000079e-02 -6.300000039e+00 -1.824403634e-07 0.000000000e+00 1.824403676e-07 -2.927369109e-16 -2.195621918e-17 2.927369823e-16 2.195621918e-17 2.927369109e-16 2.195621918e-17 -3.927842287e-15 -2.195621921e-17 
d 1.000000000e+05 1.000000084e-02 -6.700000044e+00 -1.765815485e-07 0.000000000e+00 1.765815481e-07 -2.766748678e-16 -2.133241960e-17 2.766750251e-16 2.133241960e-17 2.766748678e-16 2.133241960e-17 -2.142459072e-15 -2.133241959e-17 
d 1.000000000e+05 1.000000089e-02 -7.100000050e+00 -1.713121849e-07 0.000000000e+00 1.713121619e-07 -2.529963499e-16 -2.076094314e-17 2.529964460e-16 2.076094314e-17 2.529963499e-16 2.076094314e-17 -3.035150713e-15 -2.076094315e-17 
d 1.000000000e+05 1.000000094e-02 -7.500000056e+00 -1.665301628e-07 0.000000000e+00 1.665309542e-07 -2.367380294e-16 -2.023444219e-17 2.367378418e-16 2.023444219e-17 2.367380294e-16 2.023444219e-17 -4.909803134e-15 -2.023444220e-17 
d 1.000000000e+05 1.000000099e-02 -7.900000061e+00 -1.621590677e-07 0.000000000e+00 1.621590486e-07 -2.214894808e-16 -1.974726290e-17 2.214897111e-16 1.974726290e-17 2.214894808e-16 1.974726290e-17 4.463465639e-16 -1.974726291e-17 
d 1.000000000e+05 1.000000100e-02 -8.000000000e+00 -1.611249881e-07 0.000000000e+00 1.611249871e-07 -2.180666933e-16 -1.963104210e-17 2.180665677e-16 1.963104210e-17 2.180666933e-16 1.963104210e-17 1.606845665e-15 -1.963104211e-17 
d 1.000000000e+05 1.000000101e-02 -8.000000000e+00 -7.439008161e-08 0.000000000e+00 7.439008079e-08 -2.164344611e-16 -1.957477848e-17 2.164345243e-16 1.957477848e-17 2.164344611e-16 1.957477848e-17 -1.428305843e-15 -1.957477849e-17 
d 1.000000000e+05 1.000000103e-02 -8.000000000e+00 -5.715749142e-08 0.000000000e+00 5.715749063e-08 -2.152370336e-16 -1.953210470e-17 2.152371954e-16 1.953210470e-17 2.152370336e-16 1.953210470e-17 -8.926841593e-17 -1.953210472e-17 
d 1.000000000e+05 1.000000104e-02 -8.000000000e+00 -4.384338205e-08 0.000000000e+00 4.384338131e-08 -2.143159594e-16 -1.949955182e-17 2.143160586e-16 1.949955182e-17 2.143159594e-16 1.949955182e-17 1.071230688e-15 -1.949955183e-17 
d 1.000000000e+05 1.000000105e-02 -8.000000000e+00 -3.363171906e-08 0.000000000e+00 3.363171817e-08 -2.136122491e-16 -1.947468471e-17 2.136123875e-16 1.947468471e-17 2.136122491e-16 1.947468471e-17 5.356157154e-16 -1.947468471e-17 
d 1.000000000e+05 1.000000108e-02 -8.000000000e+00 -1.968103567e-08 0.000000000e+00 1.968103523e-08 -2.126533808e-16 -1.944088826e-17 2.126534581e-16 1.944088826e-17 2.126533808e-16 1.944088826e-17 1.785390664e-16 -1.944088827e-17 
d 1.000000000e+05 1.000000113e-02 -8.000000000e+00 -6.426439254e-09 0.000000000e+00 6.426439036e-09 -2.117440820e-16 -1.940894647e-17 2.117440064e-16 1.940894647e-17 2.117440820e-16 1.940894647e-17 -2.678074117e-15 -1.940894647e-17 
d 1.000000000e+05 1.000000123e-02 -8.000000000e+00 -2.947305661e-10 0.000000000e+00 2.947304785e-10 -2.113231762e-16 -1.939420825e-17 2.113229940e-16 1.939420825e-17 2.113231762e-16 1.939420825e-17 1.249769008e-15 -1.939420828e-17 
d 1.000000000e+05 1.000000143e-02 -8.000000000e+00 4.444542582e-11 0.000000000e+00 -4.444548270e-11 -2.112998954e-16 -1.939339272e-17 2.113000002e-16 1.939339272e-17 2.112998954e-16 1.939339272e-17 2.678082265e-16 -1.939339272e-17 
d 1.000000000e+05 1.000000183e-02 -8.000000000e+00 -9.200253563e-12 0.000000000e+00 9.200220791e-12 -2.113035796e-16 -1.939352175e-17 2.113032696e-16 1.939352175e-17 2.113035796e-16 1.939352175e-17 -1.071229203e-15 -1.939352176e-17 
d 1.000000000e+05 1.000000263e-02 -8.000000000e+00 1.555124226e-12 0.000000000e+00 -1.555131999e-12 -2.113028416e-16 -1.939349589e-17 2.113027243e-16 1.939349589e-17 2.113028416e-16 1.939349589e-17 -1.428305850e-15 -1.939349590e-17 
d 1.000000000e+05 1.000000423e-02 -8.000000000e+00 -1.694962352e-13 0.000000000e+00 1.694959825e-13 -2.113029598e-16 -1.939350004e-17 2.113027026e-16 1.939350004e-17 2.113029598e-16 1.939350004e-17 -8.926908786e-16 -1.939350005e-17 
d 1.000000000e+05 1.000000743e-02 -8.000000000e+00 1.052939728e-14 0.000000000e+00 -1.052867320e-14 -2.113029475e-16 -1.939349960e-17 2.113030817e-16 1.939349960e-17 2.113029475e-16 1.939349960e-17 -4.463450690e-16 -1.939349961e-17 
d 1.000000000e+05 1.000001383e-02 -8.000000000e+00 -3.500010618e-16 0.000000000e+00 3.718305127e-16 -2.113029482e-16 -1.939349963e-17 2.113028126e-16 1.939349963e-17 2.113029482e-16 1.939349963e-17 -5.356142309e-16 -1.939349964e-17 
d 1.000000000e+05 1.000002663e-02 -8.000000000e+00 5.631694393e-18 0.000000000e+00 -1.957005320e-17 -2.113029482e-16 -1.939349963e-17 2.113029181e-16 1.939349963e-17 2.113029482e-16 1.939349963e-17 9.819615220e-16 -1.939349966e-17 
d 1.000000000e+05 1.000005223e-02 -8.000000000e+00 -4.215074550e-19 0.000000000e+00 -1.957006570e-17 -2.113029482e-16 -1.939349963e-17 2.113030044e-16 1.939349963e-17 2.113029482e-16 1.939349963e-17 1.071230684e-15 -1.939349967e-17 
d 1.000000000e+05 1.000010343e-02 -8.000000000e+00 -3.671047568e-19 0.000000000e+00 -1.957006523e-17 -2.113029483e-16 -1.939349963e-17 2.113029782e-16 1.939349963e-17 2.113029483e-16 1.939349963e-17 1.160499846e-15 -1.939349966e-17 
d 1.000000000e+05 1.000020583e-02 -8.000000000e+00 -3.672675013e-19 0.000000000e+00 -1.957006499e-17 -2.113029483e-16 -1.939349963e-17 2.113028780e-16 1.939349963e-17 2.113029483e-16 1.939349963e-17 8.926923601e-16 -1.939349966e-17 
d 1.000000000e+05 1.000041063e-02 -8.000000000e+00 -3.664472032e-19 0.000000000e+00 -1.957006487e-17 -2.113029485e-16 -1.939349964e-17 2.113027055e-16 1.939349964e-17 2.113029485e-16 1.939349964e-17 1.160499846e-15 -1.939349966e-17 
d 1.000000000e+05 1.000082023e-02 -8.000000000e+00 -3.654012819e-19 0.000000000e+00 -1.957006481e-17 -2.113029487e-16 -1.939349965e-17 2.113027980e-16 1.939349965e-17 2.113029487e-16 1.939349965e-17 8.926923601e-16 -1.939349968e-17 
d 1.000000000e+05 1.000163943e-02 -8.000000000e+00 -3.645057761e-19 0.000000000e+00 -1.957006478e-17 -2.113029493e-16 -1.939349967e-17 2.113029230e-16 1.939349967e-17 2.113029493e-16 1.939349967e-17 1.160499846e-15 -1.939349970e-17 
d 1.000000000e+05 1.000327783e-02 -8.000000000e+00 -3.637967484e-19 0.000000000e+00 -1.957006476e-17 -2.113029504e-16 -1.939349970e-17 2.113028720e-16 1.939349970e-17 2.113029504e-16 1.939349970e-17 1.160499846e-15 -1.939349973e-17 
d 1.000000000e+05 1.000655463e-02 -8.000000000e+00 -3.629410040e-19 0.000000000e+00 -1.957006475e-17 -2.113029525e-16 -1.939349977e-17 2.113028741e-16 1.939349977e-17 2.113029525e-16 1.939349977e-17 1.160499846e-15 -1.939349981e-17 
d 1.000000000e+05 1.001310823e-02 -8.000000000e+00 -3.618209282e-19 0.000000000e+00 -1.957006475e-17 -2.113029566e-16 -1.939349991e-17 2.113027982e-16 1.939349991e-17 2.113029566e-16 1.939349991e-17 1.249769008e-15 -1.939349993e-17 
d 1.000000000e+05 1.002621543e-02 -8.000000000e+00 -3.606601534e-19 0.000000000e+00 -1.957006475e-17 -2.113029647e-16 -1.939350019e-17 2.113029725e-16 1.939350019e-17 2.113029647e-16 1.939350019e-17 1.071230684e-15 -1.939350021e-17 
d 1.000000000e+05 1.005242983e-02 -8.000000000e+00 -3.599078004e-19 0.000000000e+00 -1.957006475e-17 -2.113029807e-16 -1.939350073e-17 2.113030758e-16 1.939350073e-17 2.113029807e-16 1.939350073e-17 8.926923601e-16 -1.939350076e-17 
d 1.000000000e+05 1.010485863e-02 -8.000000000e+00 -3.594446585e-19 0.000000000e+00 -1.957006475e-17 -2.113030122e-16 -1.939350180e-17 2.113029406e-16 1.939350180e-17 2.113030122e-16 1.939350180e-17 1.071230684e-15 -1.939350182e-17 
d 1.000000000e+05 1.020971623e-02 -8.000000000e+00 -3.587078228e-19 0.000000000e+00 -1.957006475e-17 -2.113030748e-16 -1.939350391e-17 2.113030414e-16 1.939350391e-17 2.113030748e-16 1.939350391e-17 1.428307332e-15 -1.939350394e-17 
d 1.000000000e+05 1.041943143e-02 -8.000000000e+00 -3.575351756e-19 0.000000000e+00 3.914012949e-17 -2.113031980e-16 -1.939350809e-17 2.113030009e-16 1.939350809e-17 2.113031980e-16 1.939350809e-17 1.517576494e-15 -1.939350811e-17 
d 1.000000000e+05 1.083886183e-02 -8.000000000e+00 -3.560610784e-19 0.000000000e+00 3.914012949e-17 -2.113034395e-16 -1.939351627e-17 2.113035565e-16 1.939351627e-17 2.113034395e-16 1.939351627e-17 1.160499846e-15 -1.939351629e-17 
d 1.000000000e+05 1.167772263e-02 -8.000000000e+00 -3.548268823e-19 0.000000000e+00 3.914012949e-17 -2.113039125e-16 -1.939353228e-17 2.113040622e-16 1.939353228e-17 2.113039125e-16 1.939353228e-17 1.517576494e-15 -1.939353230e-17 
d 1.000000000e+05 1.335544423e-02 -8.000000000e+00 -3.542415262e-19 0.000000000e+00 3.914012949e-17 -2.113048462e-16 -1.939356389e-17 2.113047072e-16 1.939356389e-17 2.113048462e-16 1.939356389e-17 1.428307332e-15 -1.939356392e-17 
d 1.000000000e+05 1.671088743e-02 -8.000000000e+00 -3.537828830e-19 0.000000000e+00 3.914012949e-17 -2.113067036e-16 -1.939362678e-17 2.113066743e-16 1.939362678e-17 2.113067036e-16 1.939362678e-17 1.428307332e-15 -1.939362681e-17 
d 1.000000000e+05 2.342177383e-02 -8.000000000e+00 -3.528783229e-19 0.000000000e+00 3.914012949e-17 -2.113103957e-16 -1.939375177e-17 2.113100961e-16 1.939375177e-17 2.113103957e-16 1.939375177e-17 1.785383979e-15 -1.939375180e-17 
d 1.000000000e+05 3.684354663e-02 -8.000000000e+00 -3.512250784e-19 0.000000000e+00 3.914012949e-17 -2.113176966e-16 -1.939399895e-17 2.113175896e-16 1.939399895e-17 2.113176966e-16 1.939399895e-17 1.160499846e-15 -1.939399898e-17 
d 1.000000000e+05 6.368709223e-02 -8.000000000e+00 -3.484005781e-19 0.000000000e+00 3.914012949e-17 -2.113320245e-16 -1.939448400e-17 2.113321398e-16 1.939448400e-17 2.113320245e-16 1.939448400e-17 1.160499846e-15 -1.939448403e-17 
d 1.000000000e+05 1.173741834e-01 -8.000000000e+00 -3.440179633e-19 0.000000000e+00 3.914012949e-17 -2.113599132e-16 -1.939542807e-17 2.113598030e-16 1.939542807e-17 2.113599132e-16 1.939542807e-17 1.160499846e-15 -1.939542809e-17 
d 1.000000000e+05 2.247483658e-01 -8.000000000e+00 -3.375530815e-19 0.000000000e+00 -1.957006475e-17 -2.114139804e-16 -1.939725808e-17 2.114138204e-16 1.939725808e-17 2.114139804e-16 1.939725808e-17 8.926923602e-16 -1.939725811e-17 
d 1.000000000e+05 4.394967306e-01 -8.000000000e+00 -3.269098434e-19 0.000000000e+00 -1.957006475e-17 -2.115186667e-16 -1.940080065e-17 2.115186895e-16 1.940080065e-17 2.115186667e-16 1.940080065e-17 1.339038170e-15 -1.940080067e-17 
d 1.000000000e+05 8.689934602e-01 -8.000000000e+00 -3.070547666e-19 0.000000000e+00 -1.957006475e-17 -2.117182481e-16 -1.940755180e-17 2.117178727e-16 1.940755180e-17 2.117182481e-16 1.940755180e-17 8.926923606e-16 -1.940755183e-17 
d 1.000000000e+05 1.000000000e+00 -8.000000000e+00 -3.012315598e-19 0.000000000e+00 -1.957006475e-17 -2.117766635e-16 -1.940952714e-17 2.117762941e-16 1.940952714e-17 2.117766635e-16 1.940952714e-17 1.874653142e-15 -1.940952717e-17 
