v ATLAS
# This file was created by ATLAS version 5.26.1.R on Thu Apr 19 08:00:44 2018.
#SSF 2.0 generic
##############################################################################
#                    Copyright (c) 1984 - 2018                               #
#                    Silvaco Inc. All rights reserved                        #
#                                                                            #
# This file format and the following Key are copyright Silvaco Inc.          #
# You may not use, this format or key without reproducing this message in    #
# full and obtaining express written permission from Silvaco Inc.            #
#                                                                            #
# To obtain such permission please contact: Silvaco Inc.                     #
#                                           support@silvaco.com              #
#                                                                            #
# KEY=SVC86hn7562asdx                       PROD=345                         #
##############################################################################
y 1 15
z 295
f 2 "anode" "cathode" 
p 14 40 61 2 20 3 21 3000000 2000000 3001000 2001000 3000001 2000001 3001001 2001001 
Q 3000000 3 "Mhos/um" 
Q 2000000 3 "F/um" 
Q 3001000 3 "Mhos/um" 
Q 2001000 3 "F/um" 
Q 3000001 3 "Mhos/um" 
Q 2000001 3 "F/um" 
Q 3001001 3 "Mhos/um" 
Q 2001001 3 "F/um" 
d 1.000000000e+05 1.000000000e-10 -7.200000000e+00 3.127299607e+07 0.000000000e+00 -9.742377961e-02 -2.810152073e-16 -2.021800352e-17 2.810152601e-16 2.021800352e-17 2.810152073e-16 2.021800352e-17 -5.804758230e-16 -2.021800353e-17 
d 1.000000000e+05 3.000000000e-10 -5.600000000e+00 1.739330687e-07 0.000000000e+00 -1.739330688e-07 -3.660981544e-16 -2.239410521e-17 3.660982421e-16 2.239410521e-17 3.660981544e-16 2.239410521e-17 -6.772218470e-16 -2.239410519e-17 
d 1.000000000e+05 7.000000000e-10 -2.400000000e+00 2.227696712e-07 0.000000000e+00 -2.227696713e-07 -7.566681833e-16 -3.016299073e-17 7.566679464e-16 3.016299073e-17 7.566681833e-16 3.016299073e-17 9.674747477e-17 -3.016299073e-17 
d 1.000000000e+05 1.500000000e-09 0.000000000e+00 3.745664061e-09 0.000000000e+00 -3.745664087e-09 -3.374277323e-15 -5.882588091e-17 3.374275415e-15 5.882588091e-17 3.374277323e-15 5.882588091e-17 -4.740557323e-15 -5.882588091e-17 
d 1.000000000e+05 3.100000000e-09 0.000000000e+00 -4.290413173e-09 0.000000000e+00 4.290413169e-09 -3.651055078e-15 -6.103150241e-17 3.651052832e-15 6.103150241e-17 3.651055078e-15 6.103150241e-17 -1.934895055e-16 -6.103150239e-17 
d 1.000000000e+05 6.300000000e-09 0.000000000e+00 6.935651609e-10 0.000000000e+00 -6.935651563e-10 -3.592702914e-15 -6.055588510e-17 3.592703238e-15 6.055588510e-17 3.592702914e-15 6.055588510e-17 -2.612142568e-15 -6.055588510e-17 
d 1.000000000e+05 1.270000000e-08 0.000000000e+00 -6.937509137e-11 0.000000000e+00 6.937508422e-11 -3.601732161e-15 -6.060170892e-17 3.601728946e-15 6.060170892e-17 3.601732161e-15 6.060170892e-17 -1.741427471e-15 -6.060170893e-17 
d 1.000000000e+05 2.550000000e-08 0.000000000e+00 4.964562645e-12 0.000000000e+00 -4.964559153e-12 -3.600221300e-15 -6.055689102e-17 3.600223801e-15 6.055689102e-17 3.600221300e-15 6.055689102e-17 -1.741427473e-15 -6.055689102e-17 
d 1.000000000e+05 5.110000000e-08 0.000000000e+00 4.429638099e-13 0.000000000e+00 -4.429637100e-13 -3.597586868e-15 -6.050802213e-17 3.597586492e-15 6.050802213e-17 3.597586868e-15 6.050802213e-17 -5.708018464e-15 -6.050802211e-17 
d 1.000000000e+05 1.023000000e-07 0.000000000e+00 2.960069642e-13 0.000000000e+00 -2.960134569e-13 -3.592639152e-15 -6.045791287e-17 3.592640606e-15 6.045791287e-17 3.592639152e-15 6.045791287e-17 -3.676349911e-15 -6.045791289e-17 
d 1.000000000e+05 2.047000000e-07 0.000000000e+00 1.446593264e-13 0.000000000e+00 -1.446481717e-13 -3.587408442e-15 -6.041566261e-17 3.587406925e-15 6.041566261e-17 3.587408442e-15 6.041566261e-17 -2.612142575e-15 -6.041566259e-17 
d 1.000000000e+05 4.095000000e-07 0.000000000e+00 7.227338222e-14 0.000000000e+00 -7.228276794e-14 -3.583048326e-15 -6.038080049e-17 3.583047454e-15 6.038080049e-17 3.583048326e-15 6.038080049e-17 -1.838173603e-15 -6.038080049e-17 
d 1.000000000e+05 8.191000000e-07 0.000000000e+00 3.602548483e-14 0.000000000e+00 -3.601743018e-14 -3.579328581e-15 -6.035120142e-17 3.579329057e-15 6.035120142e-17 3.579328581e-15 6.035120142e-17 -5.708018471e-15 -6.035120141e-17 
d 1.000000000e+05 1.638300000e-06 0.000000000e+00 1.800385346e-14 0.000000000e+00 -1.795559204e-14 -3.576108320e-15 -6.032562076e-17 3.576108132e-15 6.032562076e-17 3.576108320e-15 6.032562076e-17 -1.064204632e-15 -6.032562076e-17 
d 1.000000000e+05 3.276700000e-06 0.000000000e+00 8.998844693e-15 0.000000000e+00 -9.019113950e-15 -3.573278260e-15 -6.030316054e-17 3.573275921e-15 6.030316054e-17 3.573278260e-15 6.030316054e-17 -2.515396458e-15 -6.030316053e-17 
d 1.000000000e+05 6.553500000e-06 0.000000000e+00 4.499187502e-15 0.000000000e+00 -4.497751852e-15 -3.570760422e-15 -6.028318964e-17 3.570761676e-15 6.028318964e-17 3.570760422e-15 6.028318964e-17 -3.386111554e-15 -6.028318964e-17 
d 1.000000000e+05 1.310710000e-05 0.000000000e+00 2.249978476e-15 0.000000000e+00 -2.231168242e-15 -3.568497499e-15 -6.026524878e-17 3.568498188e-15 6.026524878e-17 3.568497499e-15 6.026524878e-17 -4.256826650e-15 -6.026524878e-17 
d 1.000000000e+05 2.621430000e-05 0.000000000e+00 1.125184638e-15 0.000000000e+00 -1.133291805e-15 -3.566446940e-15 -6.024899822e-17 3.566448176e-15 6.024899822e-17 3.566446940e-15 6.024899822e-17 -3.192619312e-15 -6.024899820e-17 
d 1.000000000e+05 5.242870000e-05 0.000000000e+00 5.622465924e-16 0.000000000e+00 -5.548407797e-16 -3.564576083e-15 -6.023417768e-17 3.564573319e-15 6.023417768e-17 3.564576083e-15 6.023417768e-17 -2.805634826e-15 -6.023417766e-17 
d 1.000000000e+05 1.048575000e-04 0.000000000e+00 2.813910419e-16 0.000000000e+00 -2.833229513e-16 -3.562859435e-15 -6.022058432e-17 3.562861269e-15 6.022058432e-17 3.562859435e-15 6.022058432e-17 -2.515396462e-15 -6.022058432e-17 
d 1.000000000e+05 2.097151000e-04 0.000000000e+00 1.407668459e-16 0.000000000e+00 -1.534665986e-16 -3.561278538e-15 -6.020807136e-17 3.561280957e-15 6.020807136e-17 3.561278538e-15 6.020807136e-17 -3.579603801e-15 -6.020807135e-17 
d 1.000000000e+05 4.194303000e-04 0.000000000e+00 7.009694137e-17 0.000000000e+00 -1.062461067e-16 -3.559816015e-15 -6.019650069e-17 3.559818065e-15 6.019650069e-17 3.559816015e-15 6.019650069e-17 -2.999127071e-15 -6.019650069e-17 
d 1.000000000e+05 8.388607000e-04 0.000000000e+00 3.518075326e-17 0.000000000e+00 -2.361024594e-17 -3.558459592e-15 -6.018577481e-17 3.558459665e-15 6.018577481e-17 3.558459592e-15 6.018577481e-17 -3.095873193e-15 -6.018577479e-17 
d 1.000000000e+05 1.677721500e-03 0.000000000e+00 1.748492670e-17 0.000000000e+00 -2.361024594e-17 -3.557202025e-15 -6.017583597e-17 3.557201683e-15 6.017583597e-17 3.557202025e-15 6.017583597e-17 -3.773096045e-15 -6.017583597e-17 
d 1.000000000e+05 3.355443100e-03 0.000000000e+00 8.678142764e-18 0.000000000e+00 1.180512297e-17 -3.556031223e-15 -6.016658808e-17 3.556030810e-15 6.016658808e-17 3.556031223e-15 6.016658808e-17 -3.192619316e-15 -6.016658810e-17 
d 1.000000000e+05 6.710886300e-03 0.000000000e+00 4.320715006e-18 0.000000000e+00 1.180512297e-17 -3.554949235e-15 -6.015804694e-17 3.554948117e-15 6.015804694e-17 3.554949235e-15 6.015804694e-17 -2.805634830e-15 -6.015804695e-17 
d 1.000000000e+05 1.000000000e-02 0.000000000e+00 2.914980209e-18 0.000000000e+00 1.180512297e-17 -3.554376274e-15 -6.015352632e-17 3.554374540e-15 6.015352632e-17 3.554376274e-15 6.015352632e-17 -2.999127073e-15 -6.015352632e-17 
d 1.000000000e+05 1.000000010e-02 -7.999999972e-01 -2.452533567e-07 0.000000000e+00 2.452533566e-07 -2.643022157e-15 -5.260820408e-17 2.643024137e-15 5.260820408e-17 2.643022157e-15 5.260820408e-17 -6.965718400e-15 -5.260820409e-17 
d 1.000000000e+05 1.000000013e-02 -1.000000000e+00 -2.711982614e-07 0.000000000e+00 2.711982611e-07 -2.378628900e-15 -5.007393744e-17 2.378628654e-15 5.007393744e-17 2.378628900e-15 5.007393744e-17 -2.515396917e-15 -5.007393746e-17 
d 1.000000000e+05 1.000000015e-02 -1.200000003e+00 -2.909213557e-07 0.000000000e+00 2.909213493e-07 -2.119036610e-15 -4.757990814e-17 2.119035896e-15 4.757990814e-17 2.119036610e-15 4.757990814e-17 -2.612143150e-15 -4.757990816e-17 
d 1.000000000e+05 1.000000016e-02 -1.299999997e+00 -2.985388701e-07 0.000000000e+00 2.985388696e-07 -2.002575751e-15 -4.637004249e-17 2.002577570e-15 4.637004249e-17 2.002575751e-15 4.637004249e-17 -1.934901632e-16 -4.637004248e-17 
d 1.000000000e+05 1.000000017e-02 -1.399999992e+00 -3.047795329e-07 0.000000000e+00 3.047795317e-07 -1.891047346e-15 -4.519393476e-17 1.891048887e-15 4.519393476e-17 1.891047346e-15 4.519393476e-17 1.934942707e-16 -4.519393477e-17 
d 1.000000000e+05 1.000000019e-02 -1.499999986e+00 -3.097231624e-07 0.000000000e+00 3.097231616e-07 -1.786736822e-15 -4.405593698e-17 1.786737217e-15 4.405593698e-17 1.786736822e-15 4.405593698e-17 -2.128412700e-15 -4.405593698e-17 
d 1.000000000e+05 1.000000020e-02 -1.599999981e+00 -3.134554259e-07 0.000000000e+00 3.134554249e-07 -1.688908843e-15 -4.295908087e-17 1.688907315e-15 4.295908087e-17 1.688908843e-15 4.295908087e-17 -3.676350696e-15 -4.295908087e-17 
d 1.000000000e+05 1.000000021e-02 -1.699999975e+00 -3.160650730e-07 0.000000000e+00 3.160650722e-07 -1.597547162e-15 -4.190529391e-17 1.597546890e-15 4.190529391e-17 1.597547162e-15 4.190529391e-17 1.547939826e-15 -4.190529390e-17 
d 1.000000000e+05 1.000000024e-02 -1.899999978e+00 -3.183039536e-07 0.000000000e+00 3.183039532e-07 -1.435016755e-15 -3.993078506e-17 1.435017438e-15 3.993078506e-17 1.435016755e-15 3.993078506e-17 8.707168863e-16 -3.993078507e-17 
d 1.000000000e+05 1.000000026e-02 -2.099999981e+00 -3.171419024e-07 0.000000000e+00 3.171419010e-07 -1.291106376e-15 -3.813177379e-17 1.291106263e-15 3.813177379e-17 1.291106376e-15 3.813177379e-17 -6.772211411e-16 -3.813177379e-17 
d 1.000000000e+05 1.000000029e-02 -2.299999983e+00 -3.132933002e-07 0.000000000e+00 3.132933675e-07 -1.171660080e-15 -3.650088969e-17 1.171660338e-15 3.650088969e-17 1.171660080e-15 3.650088969e-17 -9.674595792e-16 -3.650088971e-17 
d 1.000000000e+05 1.000000031e-02 -2.499999986e+00 -3.074251696e-07 0.000000000e+00 3.074251605e-07 -1.063728485e-15 -3.502646365e-17 1.063728557e-15 3.502646365e-17 1.063728485e-15 3.502646365e-17 -2.515397592e-15 -3.502646365e-17 
d 1.000000000e+05 1.000000034e-02 -2.699999989e+00 -3.001333074e-07 0.000000000e+00 3.001333516e-07 -9.731000411e-16 -3.369472908e-17 9.731004808e-16 3.369472908e-17 9.731000411e-16 3.369472908e-17 -1.160951948e-15 -3.369472907e-17 
d 1.000000000e+05 1.000000036e-02 -2.899999992e+00 -2.919290390e-07 0.000000000e+00 2.919290370e-07 -8.943406771e-16 -3.249129662e-17 8.943412812e-16 3.249129662e-17 8.943406771e-16 3.249129662e-17 1.257701039e-15 -3.249129663e-17 
d 1.000000000e+05 1.000000039e-02 -3.099999994e+00 -2.832328411e-07 0.000000000e+00 2.832328429e-07 -8.258783782e-16 -3.140209121e-17 8.258782385e-16 3.140209121e-17 8.258783782e-16 3.140209121e-17 -9.674598079e-16 -3.140209119e-17 
d 1.000000000e+05 1.000000041e-02 -3.299999997e+00 -2.743764216e-07 0.000000000e+00 2.743764211e-07 -7.661448841e-16 -3.041389975e-17 7.661450766e-16 3.041389975e-17 7.661448841e-16 3.041389975e-17 6.772242160e-16 -3.041389974e-17 
d 1.000000000e+05 1.000000044e-02 -3.500000000e+00 -2.656093960e-07 0.000000000e+00 2.656093956e-07 -7.136873684e-16 -2.951465510e-17 7.136866210e-16 2.951465510e-17 7.136873684e-16 2.951465510e-17 -9.674479764e-17 -2.951465511e-17 
d 1.000000000e+05 1.000000046e-02 -3.700000003e+00 -2.571096065e-07 0.000000000e+00 2.571096062e-07 -6.673775987e-16 -2.869354722e-17 6.673778243e-16 2.869354722e-17 6.673775987e-16 2.869354722e-17 -1.451190538e-15 -2.869354721e-17 
d 1.000000000e+05 1.000000049e-02 -3.900000006e+00 -2.489949398e-07 0.000000000e+00 2.489949394e-07 -6.262592147e-16 -2.794102521e-17 6.262594601e-16 2.794102521e-17 6.262592147e-16 2.794102521e-17 -2.805636275e-15 -2.794102520e-17 
d 1.000000000e+05 1.000000051e-02 -4.100000008e+00 -2.413353369e-07 0.000000000e+00 2.413353365e-07 -5.895536761e-16 -2.724873417e-17 5.895528088e-16 2.724873417e-17 5.895536761e-16 2.724873417e-17 2.902384872e-15 -2.724873416e-17 
d 1.000000000e+05 1.000000054e-02 -4.300000011e+00 -2.341640166e-07 0.000000000e+00 2.341640162e-07 -5.566394514e-16 -2.660941708e-17 5.566394195e-16 2.660941708e-17 5.566394514e-16 2.660941708e-17 3.869856803e-16 -2.660941709e-17 
d 1.000000000e+05 1.000000056e-02 -4.500000014e+00 -2.274873288e-07 0.000000000e+00 2.274873284e-07 -5.269373464e-16 -2.601680167e-17 5.269372844e-16 2.601680167e-17 5.269373464e-16 2.601680167e-17 3.869856538e-16 -2.601680168e-17 
d 1.000000000e+05 1.000000059e-02 -4.700000017e+00 -2.212929868e-07 0.000000000e+00 2.212929865e-07 -4.999858763e-16 -2.546548099e-17 4.999857667e-16 2.546548099e-17 4.999858763e-16 2.546548099e-17 1.644685211e-15 -2.546548098e-17 
d 1.000000000e+05 1.000000061e-02 -4.900000019e+00 -2.155566422e-07 0.000000000e+00 2.155566418e-07 -4.754700972e-16 -2.495080452e-17 4.754700685e-16 2.495080452e-17 4.754700972e-16 2.495080452e-17 9.674623359e-16 -2.495080453e-17 
d 1.000000000e+05 1.000000066e-02 -5.300000025e+00 -2.053045752e-07 0.000000000e+00 2.053045750e-07 -4.422947754e-16 -2.401565905e-17 4.422948415e-16 2.401565905e-17 4.422947754e-16 2.401565905e-17 1.838177389e-15 -2.401565905e-17 
d 1.000000000e+05 1.000000071e-02 -5.700000031e+00 -1.964948215e-07 0.000000000e+00 1.964947039e-07 -3.953730827e-16 -2.318608329e-17 3.953730467e-16 2.318608329e-17 3.953730827e-16 2.318608329e-17 2.418654082e-15 -2.318608329e-17 
d 1.000000000e+05 1.000000074e-02 -5.900000033e+00 -1.925538833e-07 0.000000000e+00 1.925547829e-07 -3.806353496e-16 -2.280467839e-17 3.806353111e-16 2.280467839e-17 3.806353496e-16 2.280467839e-17 -9.674509865e-17 -2.280467840e-17 
d 1.000000000e+05 1.000000076e-02 -6.100000036e+00 -1.888728090e-07 0.000000000e+00 1.888727628e-07 -3.642321952e-16 -2.244263685e-17 3.642323830e-16 2.244263685e-17 3.642321952e-16 2.244263685e-17 -2.708890400e-15 -2.244263688e-17 
d 1.000000000e+05 1.000000079e-02 -6.300000039e+00 -1.854225520e-07 0.000000000e+00 1.854225527e-07 -3.506932828e-16 -2.209835814e-17 3.506934146e-16 2.209835814e-17 3.506932828e-16 2.209835814e-17 5.804777213e-16 -2.209835815e-17 
d 1.000000000e+05 1.000000081e-02 -6.500000042e+00 -1.821802035e-07 0.000000000e+00 1.821802022e-07 -3.370422118e-16 -2.177035684e-17 3.370422303e-16 2.177035684e-17 3.370422118e-16 2.177035684e-17 -9.674514505e-17 -2.177035684e-17 
d 1.000000000e+05 1.000000084e-02 -6.700000044e+00 -1.791250130e-07 0.000000000e+00 1.791250179e-07 -3.246844400e-16 -2.145732887e-17 3.246841135e-16 2.145732887e-17 3.246844400e-16 2.145732887e-17 3.192622977e-15 -2.145732885e-17 
d 1.000000000e+05 1.000000089e-02 -7.100000050e+00 -1.734950670e-07 0.000000000e+00 1.734950667e-07 -3.036924299e-16 -2.087150292e-17 3.036924382e-16 2.087150292e-17 3.036924299e-16 2.087150292e-17 2.418653978e-15 -2.087150291e-17 
d 1.000000000e+05 1.000000094e-02 -7.500000056e+00 -1.684285986e-07 0.000000000e+00 1.684285903e-07 -2.816881779e-16 -2.033326284e-17 2.816885609e-16 2.033326284e-17 2.816881779e-16 2.033326284e-17 -1.934913312e-16 -2.033326285e-17 
d 1.000000000e+05 1.000000099e-02 -7.900000061e+00 -1.638288341e-07 0.000000000e+00 1.638291067e-07 -2.685370375e-16 -1.983616330e-17 2.685373451e-16 1.983616330e-17 2.685370375e-16 1.983616330e-17 -6.772219618e-16 -1.983616331e-17 
d 1.000000000e+05 1.000000104e-02 -8.000000000e+00 -4.052006151e-08 0.000000000e+00 4.052005390e-08 -2.554302393e-16 -1.957913518e-17 2.554303729e-16 1.957913518e-17 2.554302393e-16 1.957913518e-17 -1.160952582e-15 -1.957913517e-17 
d 1.000000000e+05 1.000000109e-02 -8.000000000e+00 -2.036461795e-08 0.000000000e+00 2.036468625e-08 -2.529613068e-16 -1.948770081e-17 2.529611498e-16 1.948770081e-17 2.529613068e-16 1.948770081e-17 1.160954334e-15 -1.948770082e-17 
d 1.000000000e+05 1.000000114e-02 -8.000000000e+00 -7.967830220e-09 0.000000000e+00 7.967829987e-09 -2.518346971e-16 -1.945203872e-17 2.518348587e-16 1.945203872e-17 2.518346971e-16 1.945203872e-17 1.064208211e-15 -1.945203872e-17 
d 1.000000000e+05 1.000000124e-02 -8.000000000e+00 -8.569728245e-10 0.000000000e+00 8.569727479e-10 -2.512726601e-16 -1.943165353e-17 2.512724142e-16 1.943165353e-17 2.512726601e-16 1.943165353e-17 -2.225159927e-15 -1.943165351e-17 
d 1.000000000e+05 1.000000144e-02 -8.000000000e+00 1.006466493e-10 0.000000000e+00 -1.006466880e-10 -2.511949775e-16 -1.942891279e-17 2.511950043e-16 1.942891279e-17 2.511949775e-16 1.942891279e-17 1.547938818e-15 -1.942891278e-17 
d 1.000000000e+05 1.000000184e-02 -8.000000000e+00 -2.065137764e-11 0.000000000e+00 2.065133202e-11 -2.512047561e-16 -1.942926010e-17 2.512047438e-16 1.942926010e-17 2.512047561e-16 1.942926010e-17 -9.674603450e-16 -1.942926010e-17 
d 1.000000000e+05 1.000000264e-02 -8.000000000e+00 3.758277734e-12 0.000000000e+00 -3.758271225e-12 -2.512028138e-16 -1.942919021e-17 2.512028930e-16 1.942919021e-17 2.512028138e-16 1.942919021e-17 -2.225159927e-15 -1.942919021e-17 
d 1.000000000e+05 1.000000424e-02 -8.000000000e+00 -4.598868685e-13 0.000000000e+00 4.598912306e-13 -2.512031461e-16 -1.942920228e-17 2.512030586e-16 1.942920228e-17 2.512031461e-16 1.942920228e-17 -1.451190953e-15 -1.942920227e-17 
d 1.000000000e+05 1.000000744e-02 -8.000000000e+00 3.277796719e-14 0.000000000e+00 -3.273553862e-14 -2.512031076e-16 -1.942920088e-17 2.512028239e-16 1.942920088e-17 2.512031076e-16 1.942920088e-17 -8.707142234e-16 -1.942920086e-17 
d 1.000000000e+05 1.000001384e-02 -8.000000000e+00 -1.272598891e-15 0.000000000e+00 1.298560933e-15 -2.512031104e-16 -1.942920098e-17 2.512027180e-16 1.942920098e-17 2.512031104e-16 1.942920098e-17 1.451192697e-15 -1.942920095e-17 
d 1.000000000e+05 1.000002664e-02 -8.000000000e+00 1.639117507e-17 0.000000000e+00 -2.361019211e-17 -2.512031105e-16 -1.942920098e-17 2.512028811e-16 1.942920098e-17 2.512031105e-16 1.942920098e-17 -3.869836151e-16 -1.942920096e-17 
d 1.000000000e+05 1.000005224e-02 -8.000000000e+00 -9.188206266e-18 0.000000000e+00 1.180512176e-17 -2.512031110e-16 -1.942920100e-17 2.512030776e-16 1.942920100e-17 2.512031110e-16 1.942920100e-17 3.869853582e-16 -1.942920098e-17 
d 1.000000000e+05 1.000010344e-02 -8.000000000e+00 -8.910748231e-18 0.000000000e+00 1.180512297e-17 -2.512031121e-16 -1.942920103e-17 2.512028780e-16 1.942920103e-17 2.512031121e-16 1.942920103e-17 4.837314799e-16 -1.942920102e-17 
d 1.000000000e+05 1.000020584e-02 -8.000000000e+00 -8.892455089e-18 0.000000000e+00 1.180512297e-17 -2.512031141e-16 -1.942920108e-17 2.512028465e-16 1.942920108e-17 2.512031141e-16 1.942920108e-17 2.902392366e-16 -1.942920107e-17 
d 1.000000000e+05 1.000041064e-02 -8.000000000e+00 -8.869702090e-18 0.000000000e+00 1.180512297e-17 -2.512031180e-16 -1.942920120e-17 2.512030072e-16 1.942920120e-17 2.512031180e-16 1.942920120e-17 2.902392366e-16 -1.942920118e-17 
d 1.000000000e+05 1.000082024e-02 -8.000000000e+00 -8.846238934e-18 0.000000000e+00 1.180512297e-17 -2.512031257e-16 -1.942920142e-17 2.512030602e-16 1.942920142e-17 2.512031257e-16 1.942920142e-17 2.902392366e-16 -1.942920140e-17 
d 1.000000000e+05 1.000163944e-02 -8.000000000e+00 -8.824384934e-18 0.000000000e+00 1.180512297e-17 -2.512031406e-16 -1.942920185e-17 2.512029584e-16 1.942920185e-17 2.512031406e-16 1.942920185e-17 3.869853582e-16 -1.942920183e-17 
d 1.000000000e+05 1.000327784e-02 -8.000000000e+00 -8.803363767e-18 0.000000000e+00 1.180512297e-17 -2.512031700e-16 -1.942920269e-17 2.512031351e-16 1.942920269e-17 2.512031700e-16 1.942920269e-17 4.837314799e-16 -1.942920268e-17 
d 1.000000000e+05 1.000655464e-02 -8.000000000e+00 -8.776229303e-18 0.000000000e+00 1.180512297e-17 -2.512032277e-16 -1.942920435e-17 2.512031284e-16 1.942920435e-17 2.512032277e-16 1.942920435e-17 8.715906555e-22 -1.942920434e-17 
d 1.000000000e+05 1.001310824e-02 -8.000000000e+00 -8.748090247e-18 0.000000000e+00 1.180512297e-17 -2.512033406e-16 -1.942920760e-17 2.512032352e-16 1.942920760e-17 2.512033406e-16 1.942920760e-17 -1.934913717e-16 -1.942920758e-17 
d 1.000000000e+05 1.002621544e-02 -8.000000000e+00 -8.728693674e-18 0.000000000e+00 1.180512297e-17 -2.512035621e-16 -1.942921396e-17 2.512035503e-16 1.942921396e-17 2.512035621e-16 1.942921396e-17 -1.934913717e-16 -1.942921395e-17 
d 1.000000000e+05 1.005242984e-02 -8.000000000e+00 -8.712426549e-18 0.000000000e+00 1.180512297e-17 -2.512040002e-16 -1.942922654e-17 2.512039605e-16 1.942922654e-17 2.512040002e-16 1.942922654e-17 2.902392366e-16 -1.942922652e-17 
d 1.000000000e+05 1.010485864e-02 -8.000000000e+00 -8.686485915e-18 0.000000000e+00 1.180512297e-17 -2.512048650e-16 -1.942925138e-17 2.512047004e-16 1.942925138e-17 2.512048650e-16 1.942925138e-17 4.837314799e-16 -1.942925136e-17 
d 1.000000000e+05 1.020971624e-02 -8.000000000e+00 -8.650137554e-18 0.000000000e+00 1.180512297e-17 -2.512065619e-16 -1.942930008e-17 2.512065406e-16 1.942930008e-17 2.512065619e-16 1.942930008e-17 8.715949498e-22 -1.942930007e-17 
d 1.000000000e+05 1.041943144e-02 -8.000000000e+00 -8.612126637e-18 0.000000000e+00 1.180512297e-17 -2.512098812e-16 -1.942939532e-17 2.512097169e-16 1.942939532e-17 2.512098812e-16 1.942939532e-17 4.837314799e-16 -1.942939531e-17 
d 1.000000000e+05 1.083886184e-02 -8.000000000e+00 -8.582257684e-18 0.000000000e+00 1.180512297e-17 -2.512164074e-16 -1.942958252e-17 2.512162252e-16 1.942958252e-17 2.512164074e-16 1.942958252e-17 4.837314799e-16 -1.942958250e-17 
d 1.000000000e+05 1.167772264e-02 -8.000000000e+00 -8.547928369e-18 0.000000000e+00 1.180512297e-17 -2.512293326e-16 -1.942995320e-17 2.512294162e-16 1.942995320e-17 2.512293326e-16 1.942995320e-17 8.716242486e-22 -1.942995318e-17 
d 1.000000000e+05 1.335544424e-02 -8.000000000e+00 -8.482286269e-18 0.000000000e+00 1.180512297e-17 -2.512548879e-16 -1.943068597e-17 2.512549231e-16 1.943068597e-17 2.512548879e-16 1.943068597e-17 7.739698450e-16 -1.943068598e-17 
d 1.000000000e+05 1.671088744e-02 -8.000000000e+00 -8.358053336e-18 0.000000000e+00 1.180512297e-17 -2.513049408e-16 -1.943212072e-17 2.513049339e-16 1.943212072e-17 2.513049408e-16 1.943212072e-17 8.717214835e-22 -1.943212071e-17 
d 1.000000000e+05 2.342177384e-02 -8.000000000e+00 -8.131903910e-18 0.000000000e+00 1.180512297e-17 -2.514015394e-16 -1.943488805e-17 2.514016708e-16 1.943488805e-17 2.514015394e-16 1.943488805e-17 5.804776018e-16 -1.943488805e-17 
d 1.000000000e+05 3.684354664e-02 -8.000000000e+00 -7.735199908e-18 0.000000000e+00 1.180512297e-17 -2.515843801e-16 -1.944012067e-17 2.515842779e-16 1.944012067e-17 2.515843801e-16 1.944012067e-17 -1.934913712e-16 -1.944012064e-17 
d 1.000000000e+05 6.368709224e-02 -8.000000000e+00 -7.047234403e-18 0.000000000e+00 1.180512297e-17 -2.519215492e-16 -1.944975364e-17 2.519215559e-16 1.944975364e-17 2.519215492e-16 1.944975364e-17 9.674620891e-16 -1.944975363e-17 
d 1.000000000e+05 1.173741834e-01 -8.000000000e+00 -5.870418699e-18 0.000000000e+00 1.180512297e-17 -2.525103723e-16 -1.946652955e-17 2.525103631e-16 1.946652955e-17 2.525103723e-16 1.946652955e-17 -3.869836134e-16 -1.946652953e-17 
d 1.000000000e+05 2.247483658e-01 -8.000000000e+00 -4.066159917e-18 0.000000000e+00 1.180512297e-17 -2.534157360e-16 -1.949221215e-17 2.534153396e-16 1.949221215e-17 2.534157360e-16 1.949221215e-17 8.744171748e-22 -1.949221215e-17 
d 1.000000000e+05 4.394967306e-01 -8.000000000e+00 -1.924386193e-18 0.000000000e+00 1.180512297e-17 -2.544886394e-16 -1.952248454e-17 2.544885547e-16 1.952248454e-17 2.544886394e-16 1.952248454e-17 -1.934913676e-16 -1.952248453e-17 
d 1.000000000e+05 8.689934602e-01 -8.000000000e+00 -3.748131543e-19 0.000000000e+00 1.180512297e-17 -2.552536847e-16 -1.954397624e-17 2.552538428e-16 1.954397624e-17 2.552536847e-16 1.954397624e-17 -1.934913666e-16 -1.954397623e-17 
d 1.000000000e+05 1.000000000e+00 -8.000000000e+00 -2.403018659e-19 0.000000000e+00 1.180512297e-17 -2.553179969e-16 -1.954577975e-17 2.553181624e-16 1.954577975e-17 2.553179969e-16 1.954577975e-17 8.768202077e-22 -1.954577975e-17 
