v ATLAS
# This file was created by ATLAS version 5.26.1.R on Thu Apr 19 08:04:41 2018.
#SSF 2.0 generic
##############################################################################
#                    Copyright (c) 1984 - 2018                               #
#                    Silvaco Inc. All rights reserved                        #
#                                                                            #
# This file format and the following Key are copyright Silvaco Inc.          #
# You may not use, this format or key without reproducing this message in    #
# full and obtaining express written permission from Silvaco Inc.            #
#                                                                            #
# To obtain such permission please contact: Silvaco Inc.                     #
#                                           support@silvaco.com              #
#                                                                            #
# KEY=SVC86hn7562asdx                       PROD=345                         #
##############################################################################
y 1 15
z 365
f 2 "anode" "cathode" 
p 14 40 61 2 20 3 21 3000000 2000000 3001000 2001000 3000001 2000001 3001001 2001001 
Q 3000000 3 "Mhos/um" 
Q 2000000 3 "F/um" 
Q 3001000 3 "Mhos/um" 
Q 2001000 3 "F/um" 
Q 3000001 3 "Mhos/um" 
Q 2000001 3 "F/um" 
Q 3001001 3 "Mhos/um" 
Q 2001001 3 "F/um" 
d 1.000000000e+05 1.000000000e-10 -7.200000000e+00 2.653772776e+07 0.000000000e+00 -1.027486239e-01 -8.984344126e-16 -2.027135684e-17 8.984344301e-16 2.027135684e-17 8.984344126e-16 2.027135684e-17 -2.780690092e-15 -2.027135683e-17 
d 1.000000000e+05 3.000000000e-10 -5.600000000e+00 1.712653410e-07 0.000000000e+00 -1.712653411e-07 -1.097764813e-15 -2.236238457e-17 1.097765037e-15 2.236238457e-17 1.097764813e-15 2.236238457e-17 -1.078225875e-15 -2.236238456e-17 
d 1.000000000e+05 7.000000000e-10 -2.400000000e+00 2.176123946e-07 0.000000000e+00 -2.176123946e-07 -1.914345312e-15 -2.990712088e-17 1.914345476e-15 2.990712088e-17 1.914345312e-15 2.990712088e-17 -3.972414358e-15 -2.990712088e-17 
d 1.000000000e+05 1.500000000e-09 0.000000000e+00 1.954058459e-08 0.000000000e+00 -1.954058464e-08 -7.643501519e-15 -5.875867748e-17 7.643501510e-15 5.875867748e-17 7.643501519e-15 5.875867748e-17 -8.171823994e-15 -5.875867748e-17 
d 1.000000000e+05 3.100000000e-09 0.000000000e+00 -7.452686521e-09 0.000000000e+00 7.452686509e-09 -9.043183212e-15 -6.455329045e-17 9.043184328e-15 6.455329045e-17 9.043183212e-15 6.455329045e-17 -8.398818847e-15 -6.455329044e-17 
d 1.000000000e+05 6.300000000e-09 0.000000000e+00 1.415196599e-09 0.000000000e+00 -1.415196630e-09 -8.637091048e-15 -6.322542221e-17 8.637092485e-15 6.322542221e-17 8.637091048e-15 6.322542221e-17 -8.796060550e-15 -6.322542220e-17 
d 1.000000000e+05 1.270000000e-08 0.000000000e+00 -1.850638558e-10 0.000000000e+00 1.850638179e-10 -8.696384657e-15 -6.342486747e-17 8.696385962e-15 6.342486747e-17 8.696384657e-15 6.342486747e-17 -6.185615603e-15 -6.342486746e-17 
d 1.000000000e+05 2.550000000e-08 0.000000000e+00 1.586259707e-11 0.000000000e+00 -1.586259963e-11 -8.691859970e-15 -6.334810324e-17 8.691862691e-15 6.334810324e-17 8.691859970e-15 6.334810324e-17 -8.115074907e-15 -6.334810323e-17 
d 1.000000000e+05 5.110000000e-08 0.000000000e+00 1.251238849e-13 0.000000000e+00 -1.251402921e-13 -8.692710383e-15 -6.329095712e-17 8.692711316e-15 6.329095712e-17 8.692710383e-15 6.329095712e-17 -7.490838079e-15 -6.329095712e-17 
d 1.000000000e+05 1.023000000e-07 0.000000000e+00 3.945709050e-13 0.000000000e+00 -3.945770767e-13 -8.689573735e-15 -6.323307074e-17 8.689574351e-15 6.323307074e-17 8.689573735e-15 6.323307074e-17 -6.696354841e-15 -6.323307074e-17 
d 1.000000000e+05 2.047000000e-07 0.000000000e+00 1.873201783e-13 0.000000000e+00 -1.873414375e-13 -8.685634169e-15 -6.318549099e-17 8.685632225e-15 6.318549099e-17 8.685634169e-15 6.318549099e-17 -8.796060552e-15 -6.318549100e-17 
d 1.000000000e+05 4.095000000e-07 0.000000000e+00 9.355487787e-14 0.000000000e+00 -9.357647397e-14 -8.682309558e-15 -6.314645627e-17 8.682310081e-15 6.314645627e-17 8.682309558e-15 6.314645627e-17 -7.774582102e-15 -6.314645627e-17 
d 1.000000000e+05 8.191000000e-07 0.000000000e+00 4.663050952e-14 0.000000000e+00 -4.662545060e-14 -8.679352623e-15 -6.311356726e-17 8.679352750e-15 6.311356726e-17 8.679352623e-15 6.311356726e-17 -6.753103651e-15 -6.311356726e-17 
d 1.000000000e+05 1.638300000e-06 0.000000000e+00 2.328849954e-14 0.000000000e+00 -2.328702219e-14 -8.676629839e-15 -6.308538048e-17 8.676629415e-15 6.308538048e-17 8.676629839e-15 6.308538048e-17 -6.469359639e-15 -6.308538047e-17 
d 1.000000000e+05 3.276700000e-06 0.000000000e+00 1.162638093e-14 0.000000000e+00 -1.163494339e-14 -8.674010916e-15 -6.306087098e-17 8.674011212e-15 6.306087098e-17 8.674010916e-15 6.306087098e-17 -7.434089290e-15 -6.306087097e-17 
d 1.000000000e+05 6.553500000e-06 0.000000000e+00 5.798464058e-15 0.000000000e+00 -5.791768580e-15 -8.671409177e-15 -6.303932437e-17 8.671409668e-15 6.303932437e-17 8.671409177e-15 6.303932437e-17 -8.058326123e-15 -6.303932436e-17 
d 1.000000000e+05 1.310710000e-05 0.000000000e+00 2.884722325e-15 0.000000000e+00 -2.895884290e-15 -8.668786334e-15 -6.302023516e-17 8.668787800e-15 6.302023516e-17 8.668786334e-15 6.302023516e-17 -7.604335701e-15 -6.302023517e-17 
d 1.000000000e+05 2.621430000e-05 0.000000000e+00 1.427791738e-15 0.000000000e+00 -1.405103620e-15 -8.666144592e-15 -6.300325429e-17 8.666143047e-15 6.300325429e-17 8.666144592e-15 6.300325429e-17 -6.753103658e-15 -6.300325429e-17 
d 1.000000000e+05 5.242870000e-05 0.000000000e+00 6.993920743e-16 0.000000000e+00 -7.025518100e-16 -8.663512394e-15 -6.298816481e-17 8.663512617e-15 6.298816481e-17 8.663512394e-15 6.298816481e-17 -7.604335703e-15 -6.298816481e-17 
d 1.000000000e+05 1.048575000e-04 0.000000000e+00 3.355145454e-16 0.000000000e+00 -3.598436100e-16 -8.660942055e-15 -6.297488182e-17 8.660941557e-15 6.297488182e-17 8.660942055e-15 6.297488182e-17 -6.696354857e-15 -6.297488182e-17 
d 1.000000000e+05 2.097151000e-04 0.000000000e+00 1.543495873e-16 0.000000000e+00 -1.713541000e-16 -8.658520499e-15 -6.296347334e-17 8.658520287e-15 6.296347334e-17 8.658520499e-15 6.296347334e-17 -7.093596478e-15 -6.296347333e-17 
d 1.000000000e+05 4.194303000e-04 0.000000000e+00 6.526499555e-17 0.000000000e+00 -8.567704999e-17 -8.656384215e-15 -6.295418659e-17 8.656383624e-15 6.295418659e-17 8.656384215e-15 6.295418659e-17 -7.831330917e-15 -6.295418659e-17 
d 1.000000000e+05 8.388607000e-04 0.000000000e+00 2.321949144e-17 0.000000000e+00 -1.713541000e-17 -8.654718234e-15 -6.294741627e-17 8.654718390e-15 6.294741627e-17 8.654718234e-15 6.294741627e-17 -8.455567750e-15 -6.294741626e-17 
d 1.000000000e+05 1.677721500e-03 0.000000000e+00 5.701659065e-18 0.000000000e+00 -1.713541000e-17 -8.653691452e-15 -6.294346260e-17 8.653692041e-15 6.294346260e-17 8.653691452e-15 6.294346260e-17 -7.661084509e-15 -6.294346259e-17 
d 1.000000000e+05 3.355443100e-03 0.000000000e+00 5.339546907e-19 0.000000000e+00 -1.713541000e-17 -8.653293589e-15 -6.294199342e-17 8.653293383e-15 6.294199342e-17 8.653293589e-15 6.294199342e-17 -6.242364436e-15 -6.294199341e-17 
d 1.000000000e+05 6.710886300e-03 0.000000000e+00 -3.037977494e-20 0.000000000e+00 -1.713541000e-17 -8.653241367e-15 -6.294180789e-17 8.653243003e-15 6.294180789e-17 8.653241367e-15 6.294180789e-17 -6.242364436e-15 -6.294180788e-17 
d 1.000000000e+05 1.000000000e-02 0.000000000e+00 1.387060066e-21 0.000000000e+00 -1.713541000e-17 -8.653244578e-15 -6.294181926e-17 8.653244692e-15 6.294181926e-17 8.653244578e-15 6.294181926e-17 -6.355862042e-15 -6.294181925e-17 
d 1.000000000e+05 1.000000010e-02 -7.999999972e-01 -2.088141178e-07 0.000000000e+00 2.088141177e-07 -5.436347831e-15 -5.566322410e-17 5.436349500e-15 5.566322410e-17 5.436347831e-15 5.566322410e-17 -3.177929527e-15 -5.566322408e-17 
d 1.000000000e+05 1.000000013e-02 -1.000000000e+00 -2.338512453e-07 0.000000000e+00 2.338512449e-07 -4.975062894e-15 -5.322066497e-17 4.975061210e-15 5.322066497e-17 4.975062894e-15 5.322066497e-17 -4.710147357e-15 -5.322066497e-17 
d 1.000000000e+05 1.000000015e-02 -1.200000003e+00 -2.549961591e-07 0.000000000e+00 2.549961587e-07 -4.421180711e-15 -5.076118812e-17 4.421181207e-15 5.076118812e-17 4.421180711e-15 5.076118812e-17 -4.369654691e-15 -5.076118810e-17 
d 1.000000000e+05 1.000000018e-02 -1.400000006e+00 -2.721951019e-07 0.000000000e+00 2.721951014e-07 -3.941312397e-15 -4.835188132e-17 3.941312804e-15 4.835188132e-17 3.941312397e-15 4.835188132e-17 -3.121181176e-15 -4.835188132e-17 
d 1.000000000e+05 1.000000020e-02 -1.600000008e+00 -2.856298371e-07 0.000000000e+00 2.856298368e-07 -3.513726639e-15 -4.604004683e-17 3.513727556e-15 4.604004683e-17 3.513726639e-15 4.604004683e-17 -5.788375056e-15 -4.604004683e-17 
d 1.000000000e+05 1.000000023e-02 -1.800000011e+00 -2.955218445e-07 0.000000000e+00 2.955218439e-07 -3.140659970e-15 -4.385585759e-17 3.140659651e-15 4.385585759e-17 3.140659970e-15 4.385585759e-17 -1.986205395e-15 -4.385585758e-17 
d 1.000000000e+05 1.000000025e-02 -2.000000014e+00 -3.021472971e-07 0.000000000e+00 3.021472966e-07 -2.816625477e-15 -4.181604984e-17 2.816625443e-15 4.181604984e-17 2.816625477e-15 4.181604984e-17 -3.915664820e-15 -4.181604984e-17 
d 1.000000000e+05 1.000000028e-02 -2.200000017e+00 -3.058254577e-07 0.000000000e+00 3.058254571e-07 -2.536077252e-15 -3.992733937e-17 2.536076962e-15 3.992733937e-17 2.536077252e-15 3.992733937e-17 -3.007684090e-15 -3.992733936e-17 
d 1.000000000e+05 1.000000030e-02 -2.400000019e+00 -3.069072811e-07 0.000000000e+00 3.069072806e-07 -2.293633807e-15 -3.818933770e-17 2.293635204e-15 3.818933770e-17 2.293633807e-15 3.818933770e-17 -3.404904598e-16 -3.818933769e-17 
d 1.000000000e+05 1.000000033e-02 -2.600000022e+00 -3.057614157e-07 0.000000000e+00 3.057614154e-07 -2.083997290e-15 -3.659688612e-17 2.083996006e-15 3.659688612e-17 2.083997290e-15 3.659688612e-17 -1.986205843e-15 -3.659688611e-17 
d 1.000000000e+05 1.000000035e-02 -2.800000025e+00 -3.027598452e-07 0.000000000e+00 3.027598448e-07 -1.902664470e-15 -3.514183900e-17 1.902663917e-15 3.514183900e-17 1.902664470e-15 3.514183900e-17 -5.674663328e-17 -3.514183898e-17 
d 1.000000000e+05 1.000000038e-02 -3.000000028e+00 -2.982644643e-07 0.000000000e+00 2.982644639e-07 -1.745688203e-15 -3.381437565e-17 1.745689185e-15 3.381437565e-17 1.745688203e-15 3.381437565e-17 -6.242347445e-16 -3.381437564e-17 
d 1.000000000e+05 1.000000040e-02 -3.200000031e+00 -2.926156641e-07 0.000000000e+00 2.926156637e-07 -1.609384394e-15 -3.260393281e-17 1.609384155e-15 3.260393281e-17 1.609384394e-15 3.260393281e-17 -3.404908046e-16 -3.260393280e-17 
d 1.000000000e+05 1.000000043e-02 -3.400000033e+00 -2.861235709e-07 0.000000000e+00 2.861235705e-07 -1.490615157e-15 -3.149984328e-17 1.490614794e-15 3.149984328e-17 1.490615157e-15 3.149984328e-17 -1.588964537e-15 -3.149984326e-17 
d 1.000000000e+05 1.000000045e-02 -3.600000036e+00 -2.790621913e-07 0.000000000e+00 2.790621908e-07 -1.386802524e-15 -3.049175510e-17 1.386801544e-15 3.049175510e-17 1.386802524e-15 3.049175510e-17 -1.361969388e-15 -3.049175509e-17 
d 1.000000000e+05 1.000000048e-02 -3.800000039e+00 -2.716663747e-07 0.000000000e+00 2.716663742e-07 -1.295872460e-15 -2.956989089e-17 1.295872574e-15 2.956989089e-17 1.295872460e-15 2.956989089e-17 1.191726687e-15 -2.956989087e-17 
d 1.000000000e+05 1.000000050e-02 -4.000000042e+00 -2.641312630e-07 0.000000000e+00 2.641312626e-07 -1.216071175e-15 -2.872519383e-17 1.216071019e-15 2.872519383e-17 1.216071175e-15 2.872519383e-17 6.242386057e-16 -2.872519382e-17 
d 1.000000000e+05 1.000000053e-02 -4.200000044e+00 -2.566137472e-07 0.000000000e+00 2.566137468e-07 -1.145337654e-15 -2.794939408e-17 1.145337758e-15 2.794939408e-17 1.145337654e-15 2.794939408e-17 -4.369656100e-15 -2.794939408e-17 
d 1.000000000e+05 1.000000055e-02 -4.400000047e+00 -2.492353956e-07 0.000000000e+00 2.492353951e-07 -1.081401279e-15 -2.723502020e-17 1.081401345e-15 2.723502020e-17 1.081401279e-15 2.723502020e-17 -1.986206421e-15 -2.723502020e-17 
d 1.000000000e+05 1.000000058e-02 -4.600000050e+00 -2.420863313e-07 0.000000000e+00 2.420863309e-07 -1.024192409e-15 -2.657537888e-17 1.024192316e-15 2.657537888e-17 1.024192409e-15 2.657537888e-17 -3.291428929e-15 -2.657537887e-17 
d 1.000000000e+05 1.000000060e-02 -4.800000053e+00 -2.352295985e-07 0.000000000e+00 2.352295980e-07 -9.741584880e-16 -2.596451895e-17 9.741582975e-16 2.596451895e-17 9.741584880e-16 2.596451895e-17 -9.647280467e-16 -2.596451895e-17 
d 1.000000000e+05 1.000000065e-02 -5.200000058e+00 -2.225202802e-07 0.000000000e+00 2.225202800e-07 -1.027431619e-15 -2.486838306e-17 1.027431488e-15 2.486838306e-17 1.027431619e-15 2.486838306e-17 1.021479988e-15 -2.486838306e-17 
d 1.000000000e+05 1.000000070e-02 -5.600000064e+00 -2.112557571e-07 0.000000000e+00 2.112553357e-07 -8.094196196e-16 -2.391202473e-17 8.094192533e-16 2.391202473e-17 8.094196196e-16 2.391202473e-17 8.512335202e-16 -2.391202473e-17 
d 1.000000000e+05 1.000000073e-02 -5.800000067e+00 -2.061627377e-07 0.000000000e+00 2.061633355e-07 -7.832386461e-16 -2.347760359e-17 7.832384581e-16 2.347760359e-17 7.832386461e-16 2.347760359e-17 -1.361969821e-15 -2.347760358e-17 
d 1.000000000e+05 1.000000075e-02 -6.000000069e+00 -2.014034235e-07 0.000000000e+00 2.014033676e-07 -7.504684054e-16 -2.306832080e-17 7.504686705e-16 2.306832080e-17 7.504684054e-16 2.306832080e-17 6.809870593e-16 -2.306832080e-17 
d 1.000000000e+05 1.000000078e-02 -6.200000072e+00 -1.969562069e-07 0.000000000e+00 1.969562064e-07 -7.240554950e-16 -2.268183050e-17 7.240556498e-16 2.268183050e-17 7.240554950e-16 2.268183050e-17 2.837454150e-16 -2.268183049e-17 
d 1.000000000e+05 1.000000080e-02 -6.400000075e+00 -1.928001961e-07 0.000000000e+00 1.928001931e-07 -6.958493870e-16 -2.231601110e-17 6.958490560e-16 2.231601110e-17 6.958493870e-16 2.231601110e-17 -3.972402427e-16 -2.231601108e-17 
d 1.000000000e+05 1.000000083e-02 -6.600000078e+00 -1.889133623e-07 0.000000000e+00 1.889133630e-07 -6.745435911e-16 -2.196899736e-17 6.745434219e-16 2.196899736e-17 6.745435911e-16 2.196899736e-17 1.134989622e-16 -2.196899735e-17 
d 1.000000000e+05 1.000000088e-02 -7.000000083e+00 -1.818489992e-07 0.000000000e+00 1.818489990e-07 -6.623797113e-16 -2.132482510e-17 6.623797876e-16 2.132482510e-17 6.623797113e-16 2.132482510e-17 8.512333605e-16 -2.132482510e-17 
d 1.000000000e+05 1.000000093e-02 -7.400000089e+00 -1.756192284e-07 0.000000000e+00 1.756192243e-07 -5.927742437e-16 -2.073855226e-17 5.927743217e-16 2.073855226e-17 5.927742437e-16 2.073855226e-17 -2.326699640e-15 -2.073855224e-17 
d 1.000000000e+05 1.000000098e-02 -7.800000094e+00 -1.700803365e-07 0.000000000e+00 1.700805707e-07 -5.678001465e-16 -2.020139122e-17 5.678000411e-16 2.020139122e-17 5.678001465e-16 2.020139122e-17 -1.702451615e-16 -2.020139121e-17 
d 1.000000000e+05 1.000000103e-02 -8.000000000e+00 -5.360316107e-08 0.000000000e+00 5.360313430e-08 -5.745249998e-16 -1.983202483e-17 5.745249355e-16 1.983202483e-17 5.745249998e-16 1.983202483e-17 -1.475467652e-15 -1.983202481e-17 
d 1.000000000e+05 1.000000105e-02 -8.000000000e+00 -5.485316007e-08 0.000000000e+00 5.485315959e-08 -5.792222099e-16 -1.974302902e-17 5.792224184e-16 1.974302902e-17 5.792222099e-16 1.974302902e-17 -2.667192519e-15 -1.974302901e-17 
d 1.000000000e+05 1.000000108e-02 -8.000000000e+00 -3.952839104e-08 0.000000000e+00 3.952839045e-08 -5.925230174e-16 -1.967938256e-17 5.925230555e-16 1.967938256e-17 5.925230174e-16 1.967938256e-17 -2.269939967e-16 -1.967938255e-17 
d 1.000000000e+05 1.000000110e-02 -8.000000000e+00 -2.848191433e-08 0.000000000e+00 2.848191387e-08 -6.057244391e-16 -1.963378660e-17 6.057244158e-16 1.963378660e-17 6.057244391e-16 1.963378660e-17 -3.575173372e-15 -1.963378659e-17 
d 1.000000000e+05 1.000000113e-02 -8.000000000e+00 -2.051055131e-08 0.000000000e+00 2.051055080e-08 -6.181121963e-16 -1.960108142e-17 6.181122891e-16 1.960108142e-17 6.181121963e-16 1.960108142e-17 -4.369656615e-15 -1.960108141e-17 
d 1.000000000e+05 1.000000115e-02 -8.000000000e+00 -1.476428357e-08 0.000000000e+00 1.476428322e-08 -6.285306367e-16 -1.957760365e-17 6.285306065e-16 1.957760365e-17 6.285306367e-16 1.957760365e-17 -3.972404118e-16 -1.957760363e-17 
d 1.000000000e+05 1.000000120e-02 -8.000000000e+00 -7.571284175e-09 0.000000000e+00 7.571283950e-09 -6.435308621e-16 -1.954833255e-17 6.435309293e-16 1.954833255e-17 6.435308621e-16 1.954833255e-17 1.248474871e-15 -1.954833256e-17 
d 1.000000000e+05 1.000000130e-02 -8.000000000e+00 -1.803206621e-09 0.000000000e+00 1.803206519e-09 -6.562645492e-16 -1.952494823e-17 6.562643882e-16 1.952494823e-17 6.562645492e-16 1.952494823e-17 -3.404916121e-16 -1.952494823e-17 
d 1.000000000e+05 1.000000150e-02 -8.000000000e+00 5.065826612e-11 0.000000000e+00 -5.065831966e-11 -6.602777246e-16 -1.951744570e-17 6.602777980e-16 1.951744570e-17 6.602777246e-16 1.951744570e-17 1.021479658e-15 -1.951744569e-17 
d 1.000000000e+05 1.000000190e-02 -8.000000000e+00 -9.246780475e-12 0.000000000e+00 9.246728035e-12 -6.601597836e-16 -1.951768822e-17 6.601598756e-16 1.951768822e-17 6.601597836e-16 1.951768822e-17 -7.377332330e-16 -1.951768821e-17 
d 1.000000000e+05 1.000000270e-02 -8.000000000e+00 1.861855536e-12 0.000000000e+00 -1.861861280e-12 -6.601824968e-16 -1.951764336e-17 6.601824830e-16 1.951764336e-17 6.601824968e-16 1.951764336e-17 1.645716490e-15 -1.951764337e-17 
d 1.000000000e+05 1.000000430e-02 -8.000000000e+00 -2.825454054e-13 0.000000000e+00 2.825280639e-13 -6.601778153e-16 -1.951765226e-17 6.601777944e-16 1.951765226e-17 6.601778153e-16 1.951765226e-17 1.305223672e-15 -1.951765225e-17 
d 1.000000000e+05 1.000000750e-02 -8.000000000e+00 2.393007680e-14 0.000000000e+00 -2.395524982e-14 -6.601785145e-16 -1.951765145e-17 6.601785543e-16 1.951765145e-17 6.601785145e-16 1.951765145e-17 1.929460504e-15 -1.951765145e-17 
d 1.000000000e+05 1.000001390e-02 -8.000000000e+00 -3.386465450e-15 0.000000000e+00 3.375673014e-15 -6.601784625e-16 -1.951765243e-17 6.601784670e-16 1.951765243e-17 6.601784625e-16 1.951765243e-17 -5.107380213e-16 -1.951765243e-17 
d 1.000000000e+05 1.000002670e-02 -8.000000000e+00 -2.009170366e-15 0.000000000e+00 1.987707634e-15 -6.601784899e-16 -1.951765414e-17 6.601782385e-16 1.951765414e-17 6.601784899e-16 1.951765414e-17 2.950938957e-15 -1.951765413e-17 
d 1.000000000e+05 1.000005230e-02 -8.000000000e+00 -2.042311990e-15 0.000000000e+00 2.039113787e-15 -6.601785459e-16 -1.951765750e-17 6.601782903e-16 1.951765750e-17 6.601785459e-16 1.951765750e-17 2.837441351e-15 -1.951765750e-17 
d 1.000000000e+05 1.000010350e-02 -8.000000000e+00 -2.036785418e-15 0.000000000e+00 2.039113790e-15 -6.601786770e-16 -1.951766405e-17 6.601786695e-16 1.951766405e-17 6.601786770e-16 1.951766405e-17 3.007687760e-15 -1.951766405e-17 
d 1.000000000e+05 1.000020590e-02 -8.000000000e+00 -2.030909234e-15 0.000000000e+00 2.039113790e-15 -6.601789792e-16 -1.951767678e-17 6.601790014e-16 1.951767678e-17 6.601789792e-16 1.951767678e-17 2.610446140e-15 -1.951767678e-17 
d 1.000000000e+05 1.000041070e-02 -8.000000000e+00 -2.024466333e-15 0.000000000e+00 2.039113790e-15 -6.601796582e-16 -1.951770152e-17 6.601796138e-16 1.951770152e-17 6.601796582e-16 1.951770152e-17 1.702465293e-15 -1.951770153e-17 
d 1.000000000e+05 1.000082030e-02 -8.000000000e+00 -2.017676806e-15 0.000000000e+00 1.987707560e-15 -6.601811448e-16 -1.951774966e-17 6.601811307e-16 1.951774966e-17 6.601811448e-16 1.951774966e-17 2.496948534e-15 -1.951774966e-17 
d 1.000000000e+05 1.000163950e-02 -8.000000000e+00 -2.010006093e-15 0.000000000e+00 1.987707560e-15 -6.601843286e-16 -1.951784355e-17 6.601841790e-16 1.951784355e-17 6.601843286e-16 1.951784355e-17 2.894190154e-15 -1.951784355e-17 
d 1.000000000e+05 1.000327790e-02 -8.000000000e+00 -2.000562430e-15 0.000000000e+00 1.987707560e-15 -6.601910710e-16 -1.951802651e-17 6.601908909e-16 1.951802651e-17 6.601910710e-16 1.951802651e-17 2.326702125e-15 -1.951802651e-17 
d 1.000000000e+05 1.000655470e-02 -8.000000000e+00 -1.989704666e-15 0.000000000e+00 1.987707560e-15 -6.602051140e-16 -1.951838347e-17 6.602048771e-16 1.951838347e-17 6.602051140e-16 1.951838347e-17 3.915668607e-15 -1.951838347e-17 
d 1.000000000e+05 1.001310830e-02 -8.000000000e+00 -1.974260692e-15 0.000000000e+00 1.953436740e-15 -6.602336346e-16 -1.951908194e-17 6.602335750e-16 1.951908194e-17 6.602336346e-16 1.951908194e-17 3.915668607e-15 -1.951908194e-17 
d 1.000000000e+05 1.002621550e-02 -8.000000000e+00 -1.947411749e-15 0.000000000e+00 1.953436740e-15 -6.602908040e-16 -1.952044116e-17 6.602909689e-16 1.952044116e-17 6.602908040e-16 1.952044116e-17 2.440199731e-15 -1.952044117e-17 
d 1.000000000e+05 1.005242990e-02 -8.000000000e+00 -1.901813153e-15 0.000000000e+00 1.884895100e-15 -6.604042067e-16 -1.952305766e-17 6.604041273e-16 1.952305766e-17 6.604042067e-16 1.952305766e-17 2.610446140e-15 -1.952305767e-17 
d 1.000000000e+05 1.010485870e-02 -8.000000000e+00 -1.823242275e-15 0.000000000e+00 1.816353460e-15 -6.606232425e-16 -1.952804258e-17 6.606232635e-16 1.952804258e-17 6.606232425e-16 1.952804258e-17 2.099706914e-15 -1.952804258e-17 
d 1.000000000e+05 1.020971630e-02 -8.000000000e+00 -1.680841742e-15 0.000000000e+00 1.696405590e-15 -6.610263958e-16 -1.953732755e-17 6.610264045e-16 1.953732755e-17 6.610263958e-16 1.953732755e-17 2.042958112e-15 -1.953732753e-17 
d 1.000000000e+05 1.041943150e-02 -8.000000000e+00 -1.429636641e-15 0.000000000e+00 1.422239030e-15 -6.617159313e-16 -1.955360303e-17 6.617159256e-16 1.955360303e-17 6.617159313e-16 1.955360303e-17 2.553697339e-15 -1.955360303e-17 
d 1.000000000e+05 1.083886190e-02 -8.000000000e+00 -1.036624299e-15 0.000000000e+00 1.010989190e-15 -6.627718630e-16 -1.957884746e-17 6.627719103e-16 1.957884746e-17 6.627718630e-16 1.957884746e-17 2.610446143e-15 -1.957884744e-17 
d 1.000000000e+05 1.167772270e-02 -8.000000000e+00 -5.461653147e-16 0.000000000e+00 5.140623000e-16 -6.641277230e-16 -1.961017617e-17 6.641276440e-16 1.961017617e-17 6.641277230e-16 1.961017617e-17 2.156455722e-15 -1.961017617e-17 
d 1.000000000e+05 1.335544430e-02 -8.000000000e+00 -1.441294909e-16 0.000000000e+00 1.370832800e-16 -6.653299814e-16 -1.963582077e-17 6.653299078e-16 1.963582077e-17 6.653299814e-16 1.963582077e-17 -1.078226043e-15 -1.963582075e-17 
d 1.000000000e+05 1.671088750e-02 -8.000000000e+00 -4.532349209e-18 0.000000000e+00 -1.713541000e-17 -6.657701186e-16 -1.964463974e-17 6.657702470e-16 1.964463974e-17 6.657701186e-16 1.964463974e-17 1.532218892e-15 -1.964463973e-17 
d 1.000000000e+05 2.342177390e-02 -8.000000000e+00 -6.886390560e-18 0.000000000e+00 -1.713541000e-17 -6.657613682e-16 -1.964446698e-17 6.657616514e-16 1.964446698e-17 6.657613682e-16 1.964446698e-17 1.475470089e-15 -1.964446698e-17 
d 1.000000000e+05 3.684354670e-02 -8.000000000e+00 -6.460008567e-18 0.000000000e+00 -1.713541000e-17 -6.657629725e-16 -1.964449865e-17 6.657630329e-16 1.964449865e-17 6.657629725e-16 1.964449865e-17 3.404940304e-16 -1.964449865e-17 
d 1.000000000e+05 6.368709230e-02 -8.000000000e+00 -6.542939147e-18 0.000000000e+00 -1.713541000e-17 -6.657626618e-16 -1.964449252e-17 6.657626766e-16 1.964449252e-17 6.657626618e-16 1.964449252e-17 1.475470089e-15 -1.964449253e-17 
d 1.000000000e+05 1.173741835e-01 -8.000000000e+00 -6.530843228e-18 0.000000000e+00 -1.713541000e-17 -6.657627067e-16 -1.964449341e-17 6.657628234e-16 1.964449341e-17 6.657627067e-16 1.964449341e-17 1.078228468e-15 -1.964449342e-17 
d 1.000000000e+05 2.247483659e-01 -8.000000000e+00 -6.531951897e-18 0.000000000e+00 -1.713541000e-17 -6.657627026e-16 -1.964449333e-17 6.657627412e-16 1.964449333e-17 6.657627026e-16 1.964449333e-17 3.404940304e-16 -1.964449333e-17 
d 1.000000000e+05 4.394967307e-01 -8.000000000e+00 -6.531894257e-18 0.000000000e+00 -1.713541000e-17 -6.657627028e-16 -1.964449333e-17 6.657630346e-16 1.964449333e-17 6.657627028e-16 1.964449333e-17 3.404940304e-16 -1.964449333e-17 
d 1.000000000e+05 8.689934603e-01 -8.000000000e+00 -6.531895860e-18 0.000000000e+00 -1.713541000e-17 -6.657627028e-16 -1.964449333e-17 6.657629804e-16 1.964449333e-17 6.657627028e-16 1.964449333e-17 3.404940304e-16 -1.964449333e-17 
d 1.000000000e+05 1.000000000e+00 -8.000000000e+00 -6.531895836e-18 0.000000000e+00 -1.713541000e-17 -6.657627028e-16 -1.964449333e-17 6.657627502e-16 1.964449333e-17 6.657627028e-16 1.964449333e-17 3.404940304e-16 -1.964449333e-17 
