v ATLAS
# This file was created by ATLAS version 5.26.1.R on Thu Apr 19 08:06:34 2018.
#SSF 2.0 generic
##############################################################################
#                    Copyright (c) 1984 - 2018                               #
#                    Silvaco Inc. All rights reserved                        #
#                                                                            #
# This file format and the following Key are copyright Silvaco Inc.          #
# You may not use, this format or key without reproducing this message in    #
# full and obtaining express written permission from Silvaco Inc.            #
#                                                                            #
# To obtain such permission please contact: Silvaco Inc.                     #
#                                           support@silvaco.com              #
#                                                                            #
# KEY=SVC86hn7562asdx                       PROD=345                         #
##############################################################################
y 1 15
z 400
f 2 "anode" "cathode" 
p 14 40 61 2 20 3 21 3000000 2000000 3001000 2001000 3000001 2000001 3001001 2001001 
Q 3000000 3 "Mhos/um" 
Q 2000000 3 "F/um" 
Q 3001000 3 "Mhos/um" 
Q 2001000 3 "F/um" 
Q 3000001 3 "Mhos/um" 
Q 2000001 3 "F/um" 
Q 3001001 3 "Mhos/um" 
Q 2001001 3 "F/um" 
d 1.000000000e+05 1.000000000e-10 -7.200000000e+00 2.471881782e+07 0.000000000e+00 -1.050732319e-01 -3.030166880e-15 -2.030547691e-17 3.030166770e-15 2.030547691e-17 3.030166880e-15 2.030547691e-17 -2.796016038e-15 -2.030547691e-17 
d 1.000000000e+05 3.000000000e-10 -5.600000000e+00 1.692192989e-07 0.000000000e+00 -1.692192989e-07 -3.791434940e-15 -2.235186507e-17 3.791435018e-15 2.235186507e-17 3.791434940e-15 2.235186507e-17 -3.525411757e-15 -2.235186508e-17 
d 1.000000000e+05 7.000000000e-10 -2.400000000e+00 2.151855249e-07 0.000000000e+00 -2.151855249e-07 -5.944044203e-15 -2.977858533e-17 5.944044074e-15 2.977858533e-17 5.944044203e-15 2.977858533e-17 -4.558722038e-15 -2.977858534e-17 
d 1.000000000e+05 1.500000000e-09 0.000000000e+00 2.603509951e-08 0.000000000e+00 -2.603509951e-08 -2.114609009e-14 -5.853074932e-17 2.114609180e-14 5.853074932e-17 2.114609009e-14 5.853074932e-17 -2.048386302e-14 -5.853074932e-17 
d 1.000000000e+05 3.100000000e-09 0.000000000e+00 -8.315741363e-09 0.000000000e+00 8.315741377e-09 -3.009996071e-14 -6.660148526e-17 3.009995859e-14 6.660148526e-17 3.009996071e-14 6.660148526e-17 -3.069540454e-14 -6.660148528e-17 
d 1.000000000e+05 6.300000000e-09 0.000000000e+00 1.656207407e-09 0.000000000e+00 -1.656207404e-09 -2.535067206e-14 -6.474808677e-17 2.535066933e-14 6.474808677e-17 2.535067206e-14 6.474808677e-17 -2.479945477e-14 -6.474808678e-17 
d 1.000000000e+05 1.270000000e-08 0.000000000e+00 -2.402455328e-10 0.000000000e+00 2.402455285e-10 -2.589489049e-14 -6.505021664e-17 2.589488801e-14 6.505021664e-17 2.589489049e-14 6.505021664e-17 -2.534650165e-14 -6.505021665e-17 
d 1.000000000e+05 2.550000000e-08 0.000000000e+00 2.303973104e-11 0.000000000e+00 -2.303972862e-11 -2.583972293e-14 -6.495018223e-17 2.583972568e-14 6.495018223e-17 2.583972293e-14 6.495018223e-17 -2.461710579e-14 -6.495018225e-17 
d 1.000000000e+05 5.110000000e-08 0.000000000e+00 -2.188716470e-13 0.000000000e+00 2.188707566e-13 -2.587244420e-14 -6.488959995e-17 2.587244406e-14 6.488959995e-17 2.587244420e-14 6.488959995e-17 -2.595433155e-14 -6.488959997e-17 
d 1.000000000e+05 1.023000000e-07 0.000000000e+00 4.551929667e-13 0.000000000e+00 -4.551979473e-13 -2.589257197e-14 -6.482767801e-17 2.589257202e-14 6.482767801e-17 2.589257197e-14 6.482767801e-17 -2.650137845e-14 -6.482767802e-17 
d 1.000000000e+05 2.047000000e-07 0.000000000e+00 2.101942162e-13 0.000000000e+00 -2.101857472e-13 -2.590732297e-14 -6.477740695e-17 2.590732183e-14 6.477740695e-17 2.590732297e-14 6.477740695e-17 -2.613668052e-14 -6.477740696e-17 
d 1.000000000e+05 4.095000000e-07 0.000000000e+00 1.049100827e-13 0.000000000e+00 -1.049118523e-13 -2.591869062e-14 -6.473634145e-17 2.591869127e-14 6.473634145e-17 2.591869062e-14 6.473634145e-17 -2.510336972e-14 -6.473634144e-17 
d 1.000000000e+05 8.191000000e-07 0.000000000e+00 5.218747575e-14 0.000000000e+00 -5.218942269e-14 -2.592715202e-14 -6.470195353e-17 2.592715397e-14 6.470195353e-17 2.592715202e-14 6.470195353e-17 -2.619746351e-14 -6.470195354e-17 
d 1.000000000e+05 1.638300000e-06 0.000000000e+00 2.595341342e-14 0.000000000e+00 -2.595140289e-14 -2.593285513e-14 -6.467271519e-17 2.593285578e-14 6.467271519e-17 2.593285513e-14 6.467271519e-17 -2.668372743e-14 -6.467271519e-17 
d 1.000000000e+05 3.276700000e-06 0.000000000e+00 1.284790080e-14 0.000000000e+00 -1.284244971e-14 -2.593578025e-14 -6.464757986e-17 2.593578053e-14 6.464757986e-17 2.593578025e-14 6.464757986e-17 -2.528571869e-14 -6.464757988e-17 
d 1.000000000e+05 6.553500000e-06 0.000000000e+00 6.299994689e-15 0.000000000e+00 -6.307248535e-15 -2.593599911e-14 -6.462587243e-17 2.593600026e-14 6.462587243e-17 2.593599911e-14 6.462587243e-17 -2.583276559e-14 -6.462587242e-17 
d 1.000000000e+05 1.310710000e-05 0.000000000e+00 3.029523145e-15 0.000000000e+00 -3.027077027e-15 -2.593384933e-14 -6.460720836e-17 2.593384639e-14 6.460720836e-17 2.593384933e-14 6.460720836e-17 -2.613668053e-14 -6.460720837e-17 
d 1.000000000e+05 2.621430000e-05 0.000000000e+00 1.400628238e-15 0.000000000e+00 -1.402914436e-15 -2.592996019e-14 -6.459147420e-17 2.592996070e-14 6.459147420e-17 2.592996019e-14 6.459147420e-17 -2.607589754e-14 -6.459147422e-17 
d 1.000000000e+05 5.242870000e-05 0.000000000e+00 5.980936518e-16 0.000000000e+00 -5.883189571e-16 -2.592520689e-14 -6.457882963e-17 2.592520743e-14 6.457882963e-17 2.592520689e-14 6.457882963e-17 -2.546806766e-14 -6.457882964e-17 
d 1.000000000e+05 1.048575000e-04 0.000000000e+00 2.171148474e-16 0.000000000e+00 -2.212481548e-16 -2.592067200e-14 -6.456965153e-17 2.592066949e-14 6.456965153e-17 2.592067200e-14 6.456965153e-17 -2.583276559e-14 -6.456965154e-17 
d 1.000000000e+05 2.097151000e-04 0.000000000e+00 5.580353936e-17 0.000000000e+00 -6.034040586e-17 -2.591744314e-14 -6.456423801e-17 2.591744252e-14 6.456423801e-17 2.591744314e-14 6.456423801e-17 -2.583276559e-14 -6.456423803e-17 
d 1.000000000e+05 4.194303000e-04 0.000000000e+00 6.032781631e-18 0.000000000e+00 -3.352244770e-18 -2.591601868e-14 -6.456214822e-17 2.591601611e-14 6.456214822e-17 2.591601868e-14 6.456214822e-17 -2.619746352e-14 -6.456214824e-17 
d 1.000000000e+05 8.388607000e-04 0.000000000e+00 -2.809324633e-19 0.000000000e+00 -3.413015523e-30 -2.591578926e-14 -6.456184712e-17 2.591578862e-14 6.456184712e-17 2.591578926e-14 6.456184712e-17 -2.552885065e-14 -6.456184714e-17 
d 1.000000000e+05 1.677721500e-03 0.000000000e+00 5.511098102e-20 0.000000000e+00 7.475519097e-37 -2.591580223e-14 -6.456186431e-17 2.591580081e-14 6.456186431e-17 2.591580223e-14 6.456186431e-17 -2.552885065e-14 -6.456186433e-17 
d 1.000000000e+05 3.355443100e-03 0.000000000e+00 -1.127705588e-20 0.000000000e+00 3.737759548e-37 -2.591579966e-14 -6.456186091e-17 2.591579747e-14 6.456186091e-17 2.591579966e-14 6.456186091e-17 -2.558963364e-14 -6.456186093e-17 
d 1.000000000e+05 6.710886300e-03 0.000000000e+00 1.626734115e-21 0.000000000e+00 1.868879774e-37 -2.591580015e-14 -6.456186155e-17 2.591579883e-14 6.456186155e-17 2.591580015e-14 6.456186155e-17 -2.571119962e-14 -6.456186156e-17 
d 1.000000000e+05 1.000000000e-02 0.000000000e+00 -2.312450151e-22 0.000000000e+00 1.906568304e-37 -2.591580008e-14 -6.456186146e-17 2.591580005e-14 6.456186146e-17 2.591580008e-14 6.456186146e-17 -2.571119962e-14 -6.456186147e-17 
d 1.000000000e+05 1.000000010e-02 -7.999999972e-01 -1.947598161e-07 0.000000000e+00 1.947598160e-07 -1.308121552e-14 -5.730119182e-17 1.308121558e-14 5.730119182e-17 1.308121552e-14 5.730119182e-17 -1.002918906e-14 -5.730119182e-17 
d 1.000000000e+05 1.000000015e-02 -1.200000003e+00 -2.396263572e-07 0.000000000e+00 2.396263571e-07 -1.072429397e-14 -5.243136293e-17 1.072429405e-14 5.243136293e-17 1.072429397e-14 5.243136293e-17 -9.664491478e-15 -5.243136294e-17 
d 1.000000000e+05 1.000000020e-02 -1.600000008e+00 -2.718589196e-07 0.000000000e+00 2.718589140e-07 -8.323662317e-15 -4.766386023e-17 8.323663199e-15 4.766386023e-17 8.323662317e-15 4.766386023e-17 -7.719436179e-15 -4.766386024e-17 
d 1.000000000e+05 1.000000021e-02 -1.700000003e+00 -2.779450376e-07 0.000000000e+00 2.779450368e-07 -7.607329961e-15 -4.652936288e-17 7.607330306e-15 4.652936288e-17 7.607329961e-15 4.652936288e-17 -6.017512578e-15 -4.652936288e-17 
d 1.000000000e+05 1.000000022e-02 -1.799999997e+00 -2.832917365e-07 0.000000000e+00 2.832917346e-07 -7.120468010e-15 -4.542567049e-17 7.120469473e-15 4.542567049e-17 7.120468010e-15 4.542567049e-17 -8.752747144e-15 -4.542567052e-17 
d 1.000000000e+05 1.000000024e-02 -1.899999992e+00 -2.879173854e-07 0.000000000e+00 2.879173846e-07 -6.699887544e-15 -4.435488815e-17 6.699887833e-15 4.435488815e-17 6.699887544e-15 4.435488815e-17 -7.658653425e-15 -4.435488816e-17 
d 1.000000000e+05 1.000000025e-02 -1.999999986e+00 -2.918449995e-07 0.000000000e+00 2.918449989e-07 -6.320762906e-15 -4.331852210e-17 6.320762342e-15 4.331852210e-17 6.320762906e-15 4.331852210e-17 -4.741070044e-15 -4.331852209e-17 
d 1.000000000e+05 1.000000026e-02 -2.099999981e+00 -2.951001168e-07 0.000000000e+00 2.951001162e-07 -5.973360879e-15 -4.231755331e-17 5.973361689e-15 4.231755331e-17 5.973360879e-15 4.231755331e-17 -5.652814945e-15 -4.231755333e-17 
d 1.000000000e+05 1.000000029e-02 -2.299999983e+00 -2.997154066e-07 0.000000000e+00 2.997154063e-07 -5.436588530e-15 -4.042395091e-17 5.436589099e-15 4.042395091e-17 5.436588530e-15 4.042395091e-17 -4.558721284e-15 -4.042395091e-17 
d 1.000000000e+05 1.000000031e-02 -2.499999986e+00 -3.019959839e-07 0.000000000e+00 3.019959835e-07 -4.907429594e-15 -3.867365553e-17 4.907429394e-15 3.867365553e-17 4.907429594e-15 3.867365553e-17 -2.735231749e-15 -3.867365554e-17 
d 1.000000000e+05 1.000000034e-02 -2.699999989e+00 -3.022075963e-07 0.000000000e+00 3.022075961e-07 -4.461185521e-15 -3.706258346e-17 4.461185561e-15 3.706258346e-17 4.461185521e-15 3.706258346e-17 -3.343061749e-15 -3.706258346e-17 
d 1.000000000e+05 1.000000036e-02 -2.899999992e+00 -3.006288762e-07 0.000000000e+00 3.006288759e-07 -4.079803932e-15 -3.558391675e-17 4.079803051e-15 3.558391675e-17 4.079803932e-15 3.558391675e-17 -2.978363922e-15 -3.558391675e-17 
d 1.000000000e+05 1.000000039e-02 -3.099999994e+00 -2.975415010e-07 0.000000000e+00 2.975415008e-07 -3.751585724e-15 -3.422920260e-17 3.751585593e-15 3.422920260e-17 3.751585724e-15 3.422920260e-17 -3.646976893e-15 -3.422920261e-17 
d 1.000000000e+05 1.000000041e-02 -3.299999997e+00 -2.932210990e-07 0.000000000e+00 2.932210986e-07 -3.468959841e-15 -3.298915992e-17 3.468960618e-15 3.298915992e-17 3.468959841e-15 3.298915992e-17 -2.978364106e-15 -3.298915994e-17 
d 1.000000000e+05 1.000000044e-02 -3.500000000e+00 -2.879294078e-07 0.000000000e+00 2.879294074e-07 -3.224318936e-15 -3.185425002e-17 3.224318660e-15 3.185425002e-17 3.224318936e-15 3.185425002e-17 -1.945053380e-15 -3.185425004e-17 
d 1.000000000e+05 1.000000046e-02 -3.700000003e+00 -2.819080625e-07 0.000000000e+00 2.819080622e-07 -3.011396608e-15 -3.081506608e-17 3.011396614e-15 3.081506608e-17 3.011396608e-15 3.081506608e-17 -2.552883340e-15 -3.081506607e-17 
d 1.000000000e+05 1.000000049e-02 -3.900000006e+00 -2.753741814e-07 0.000000000e+00 2.753741812e-07 -2.825173517e-15 -2.986258744e-17 2.825173366e-15 2.986258744e-17 2.825173517e-15 2.986258744e-17 -4.194024100e-15 -2.986258746e-17 
d 1.000000000e+05 1.000000051e-02 -4.100000008e+00 -2.685177321e-07 0.000000000e+00 2.685177316e-07 -2.662256336e-15 -2.898833579e-17 2.662256305e-15 2.898833579e-17 2.662256336e-15 2.898833579e-17 -3.099930367e-15 -2.898833581e-17 
d 1.000000000e+05 1.000000054e-02 -4.300000011e+00 -2.615005222e-07 0.000000000e+00 2.615005219e-07 -2.521243379e-15 -2.818446314e-17 2.521243271e-15 2.818446314e-17 2.521243379e-15 2.818446314e-17 -2.978364446e-15 -2.818446315e-17 
d 1.000000000e+05 1.000000059e-02 -4.700000017e+00 -2.474919045e-07 0.000000000e+00 2.474919043e-07 -2.769183454e-15 -2.675962325e-17 2.769183726e-15 2.675962325e-17 2.769183454e-15 2.675962325e-17 -6.078279909e-16 -2.675962326e-17 
d 1.000000000e+05 1.000000064e-02 -5.100000022e+00 -2.341139234e-07 0.000000000e+00 2.341122836e-07 -2.189498388e-15 -2.553867143e-17 2.189498446e-15 2.553867143e-17 2.189498388e-15 2.553867143e-17 -1.215641684e-16 -2.553867143e-17 
d 1.000000000e+05 1.000000066e-02 -5.300000025e+00 -2.278097002e-07 0.000000000e+00 2.278113541e-07 -2.006825910e-15 -2.499197839e-17 2.006825835e-15 2.499197839e-17 2.006825910e-15 2.499197839e-17 -9.725260478e-16 -2.499197839e-17 
d 1.000000000e+05 1.000000069e-02 -5.500000028e+00 -2.218078063e-07 0.000000000e+00 2.218075343e-07 -1.939023985e-15 -2.448181425e-17 1.939024267e-15 2.448181425e-17 1.939023985e-15 2.448181425e-17 -3.160713674e-15 -2.448181426e-17 
d 1.000000000e+05 1.000000071e-02 -5.700000031e+00 -2.161171901e-07 0.000000000e+00 2.161171898e-07 -1.875311260e-15 -2.400458385e-17 1.875311096e-15 2.400458385e-17 1.875311260e-15 2.400458385e-17 -7.901771519e-16 -2.400458386e-17 
d 1.000000000e+05 1.000000074e-02 -5.900000033e+00 -2.107445555e-07 0.000000000e+00 2.107445544e-07 -1.801868678e-15 -2.355700489e-17 1.801868450e-15 2.355700489e-17 1.801868678e-15 2.355700489e-17 -6.078132009e-17 -2.355700489e-17 
d 1.000000000e+05 1.000000076e-02 -6.100000036e+00 -2.056866917e-07 0.000000000e+00 2.056866914e-07 -1.754081682e-15 -2.313616344e-17 1.754081866e-15 2.313616344e-17 1.754081682e-15 2.313616344e-17 6.686145136e-16 -2.313616344e-17 
d 1.000000000e+05 1.000000081e-02 -6.500000042e+00 -1.964627608e-07 0.000000000e+00 1.964627606e-07 -1.772987980e-15 -2.236459322e-17 1.772987843e-15 2.236459322e-17 1.772987980e-15 2.236459322e-17 -5.470453135e-16 -2.236459323e-17 
d 1.000000000e+05 1.000000086e-02 -6.900000047e+00 -1.883533976e-07 0.000000000e+00 1.883533825e-07 -1.607246652e-15 -2.167303819e-17 1.607247074e-15 2.167303819e-17 1.607246652e-15 2.167303819e-17 -3.099930885e-15 -2.167303821e-17 
d 1.000000000e+05 1.000000089e-02 -7.100000050e+00 -1.846795060e-07 0.000000000e+00 1.846795116e-07 -1.511667915e-15 -2.135296674e-17 1.511667922e-15 2.135296674e-17 1.511667915e-15 2.135296674e-17 -5.470453852e-16 -2.135296676e-17 
d 1.000000000e+05 1.000000091e-02 -7.300000053e+00 -1.812299199e-07 0.000000000e+00 1.812299166e-07 -1.477142660e-15 -2.104804725e-17 1.477142696e-15 2.104804725e-17 1.477142660e-15 2.104804725e-17 -1.215658282e-15 -2.104804724e-17 
d 1.000000000e+05 1.000000094e-02 -7.500000056e+00 -1.779869872e-07 0.000000000e+00 1.779869869e-07 -1.442203368e-15 -2.075698666e-17 1.442203391e-15 2.075698666e-17 1.442203368e-15 2.075698666e-17 -1.033309336e-15 -2.075698667e-17 
d 1.000000000e+05 1.000000096e-02 -7.700000058e+00 -1.749338825e-07 0.000000000e+00 1.749338821e-07 -1.392999955e-15 -2.047880537e-17 1.392999646e-15 2.047880537e-17 1.392999955e-15 2.047880537e-17 -6.686114244e-16 -2.047880538e-17 
d 1.000000000e+05 1.000000099e-02 -7.900000061e+00 -1.720548076e-07 0.000000000e+00 1.720548073e-07 -1.376312438e-15 -2.021243894e-17 1.376312710e-15 2.021243894e-17 1.376312438e-15 2.021243894e-17 1.823503975e-16 -2.021243894e-17 
d 1.000000000e+05 1.000000104e-02 -8.000000000e+00 -5.941054970e-08 0.000000000e+00 5.941054954e-08 -1.559624763e-15 -1.990447550e-17 1.559624950e-15 1.990447550e-17 1.559624763e-15 1.990447550e-17 -4.254795105e-16 -1.990447552e-17 
d 1.000000000e+05 1.000000114e-02 -8.000000000e+00 -2.112362198e-08 0.000000000e+00 2.112362189e-08 -1.960689406e-15 -1.966467340e-17 1.960689214e-15 1.966467340e-17 1.960689406e-15 1.966467340e-17 -7.901774593e-16 -1.966467341e-17 
d 1.000000000e+05 1.000000134e-02 -8.000000000e+00 -4.097470870e-10 0.000000000e+00 4.097470400e-10 -1.999172400e-15 -1.956665601e-17 1.999172409e-15 1.956665601e-17 1.999172400e-15 1.956665601e-17 -1.215658387e-15 -1.956665602e-17 
d 1.000000000e+05 1.000000174e-02 -8.000000000e+00 6.706753983e-11 0.000000000e+00 -6.706756279e-11 -2.021990767e-15 -1.956440018e-17 2.021990796e-15 1.956440018e-17 2.021990767e-15 1.956440018e-17 -2.796016091e-15 -1.956440019e-17 
d 1.000000000e+05 1.000000254e-02 -8.000000000e+00 -1.381779614e-11 0.000000000e+00 1.381776861e-11 -2.018957280e-15 -1.956478300e-17 2.018957021e-15 1.956478300e-17 2.018957280e-15 1.956478300e-17 -3.464628966e-15 -1.956478302e-17 
d 1.000000000e+05 1.000000414e-02 -8.000000000e+00 2.226814014e-12 0.000000000e+00 -2.226817839e-12 -2.019272535e-15 -1.956470914e-17 2.019272660e-15 1.956470914e-17 2.019272535e-15 1.956470914e-17 -1.398007353e-15 -1.956470917e-17 
d 1.000000000e+05 1.000000734e-02 -8.000000000e+00 -2.463547516e-13 0.000000000e+00 2.463492892e-13 -2.019243476e-15 -1.956472403e-17 2.019243509e-15 1.956472403e-17 2.019243476e-15 1.956472403e-17 -9.725264322e-16 -1.956472404e-17 
d 1.000000000e+05 1.000001374e-02 -8.000000000e+00 -1.953188554e-15 0.000000000e+00 1.966119156e-15 -2.019247192e-15 -1.956472938e-17 2.019247202e-15 1.956472938e-17 2.019247192e-15 1.956472938e-17 -9.725264322e-16 -1.956472940e-17 
d 1.000000000e+05 1.000002654e-02 -8.000000000e+00 -1.578661353e-14 0.000000000e+00 1.578907201e-14 -2.019249783e-15 -1.956474227e-17 2.019249907e-15 1.956474227e-17 2.019249783e-15 1.956474227e-17 -1.701922296e-15 -1.956474228e-17 
d 1.000000000e+05 1.000005214e-02 -8.000000000e+00 -1.533008196e-14 0.000000000e+00 1.532646310e-14 -2.019255545e-15 -1.956476740e-17 2.019255591e-15 1.956476740e-17 2.019255545e-15 1.956476740e-17 -2.735233102e-15 -1.956476742e-17 
d 1.000000000e+05 1.000010334e-02 -8.000000000e+00 -1.529090932e-14 0.000000000e+00 1.529629289e-14 -2.019267853e-15 -1.956481633e-17 2.019267789e-15 1.956481633e-17 2.019267853e-15 1.956481633e-17 -3.403845977e-15 -1.956481634e-17 
d 1.000000000e+05 1.000020574e-02 -8.000000000e+00 -1.523441437e-14 0.000000000e+00 1.524098085e-14 -2.019294102e-15 -1.956491122e-17 2.019294113e-15 1.956491122e-17 2.019294102e-15 1.956491122e-17 -2.005837239e-15 -1.956491123e-17 
d 1.000000000e+05 1.000041054e-02 -8.000000000e+00 -1.516640528e-14 0.000000000e+00 1.516555534e-14 -2.019349492e-15 -1.956509519e-17 2.019349528e-15 1.956509519e-17 2.019349492e-15 1.956509519e-17 -2.978365057e-15 -1.956509521e-17 
d 1.000000000e+05 1.000082014e-02 -8.000000000e+00 -1.508000724e-14 0.000000000e+00 1.508007310e-14 -2.019464875e-15 -1.956545220e-17 2.019464871e-15 1.956545220e-17 2.019464875e-15 1.956545220e-17 -2.613667125e-15 -1.956545222e-17 
d 1.000000000e+05 1.000163934e-02 -8.000000000e+00 -1.495620121e-14 0.000000000e+00 1.496442065e-14 -2.019702546e-15 -1.956614482e-17 2.019702481e-15 1.956614482e-17 2.019702546e-15 1.956614482e-17 -2.066620227e-15 -1.956614484e-17 
d 1.000000000e+05 1.000327774e-02 -8.000000000e+00 -1.476719597e-14 0.000000000e+00 1.475825760e-14 -2.020187103e-15 -1.956748526e-17 2.020186884e-15 1.956748526e-17 2.020187103e-15 1.956748526e-17 -2.370535170e-15 -1.956748527e-17 
d 1.000000000e+05 1.000655454e-02 -8.000000000e+00 -1.445068088e-14 0.000000000e+00 1.445152720e-14 -2.021158535e-15 -1.957007186e-17 2.021158558e-15 1.957007186e-17 2.021158535e-15 1.957007186e-17 -2.431318159e-15 -1.957007187e-17 
d 1.000000000e+05 1.001310814e-02 -8.000000000e+00 -1.387282756e-14 0.000000000e+00 1.387829335e-14 -2.023071695e-15 -1.957499457e-17 2.023071881e-15 1.957499457e-17 2.023071695e-15 1.957499457e-17 -2.856799079e-15 -1.957499458e-17 
d 1.000000000e+05 1.002621534e-02 -8.000000000e+00 -1.283676871e-14 0.000000000e+00 1.283239298e-14 -2.026753373e-15 -1.958408451e-17 2.026753286e-15 1.958408451e-17 2.026753373e-15 1.958408451e-17 -2.066620226e-15 -1.958408452e-17 
d 1.000000000e+05 1.005242974e-02 -8.000000000e+00 -1.105218056e-14 0.000000000e+00 1.106240774e-14 -2.033487617e-15 -1.960004970e-17 2.033487702e-15 1.960004970e-17 2.033487617e-15 1.960004970e-17 -1.641139305e-15 -1.960004971e-17 
d 1.000000000e+05 1.010485854e-02 -8.000000000e+00 -8.220705009e-15 0.000000000e+00 8.226408666e-15 -2.044487855e-15 -1.962534742e-17 2.044487569e-15 1.962534742e-17 2.044487855e-15 1.962534742e-17 -1.398007348e-15 -1.962534742e-17 
d 1.000000000e+05 1.020971614e-02 -8.000000000e+00 -4.561011509e-15 0.000000000e+00 4.550672275e-15 -2.058674764e-15 -1.965763588e-17 2.058674527e-15 1.965763588e-17 2.058674764e-15 1.965763588e-17 -2.066620221e-15 -1.965763590e-17 
d 1.000000000e+05 1.041943134e-02 -8.000000000e+00 -1.417863748e-15 0.000000000e+00 1.417999538e-15 -2.070450281e-15 -1.968493411e-17 2.070450088e-15 1.968493411e-17 2.070450281e-15 1.968493411e-17 -1.154875390e-15 -1.968493413e-17 
d 1.000000000e+05 1.083886174e-02 -8.000000000e+00 -2.134379829e-16 0.000000000e+00 2.162197877e-16 -2.074782546e-15 -1.969524264e-17 2.074782644e-15 1.969524264e-17 2.074782546e-15 1.969524264e-17 -1.154875389e-15 -1.969524265e-17 
d 1.000000000e+05 1.167772254e-02 -8.000000000e+00 -2.041307152e-16 0.000000000e+00 2.162197877e-16 -2.074808777e-15 -1.969530707e-17 2.074808706e-15 1.969530707e-17 2.074808777e-15 1.969530707e-17 -1.945054241e-15 -1.969530708e-17 
d 1.000000000e+05 1.335544414e-02 -8.000000000e+00 -2.057622372e-16 0.000000000e+00 2.162197877e-16 -2.074804231e-15 -1.969529589e-17 2.074803904e-15 1.969529589e-17 2.074804231e-15 1.969529589e-17 -1.398007343e-15 -1.969529589e-17 
d 1.000000000e+05 1.671088734e-02 -8.000000000e+00 -2.054440519e-16 0.000000000e+00 2.162197877e-16 -2.074805106e-15 -1.969529803e-17 2.074804959e-15 1.969529803e-17 2.074805106e-15 1.969529803e-17 -1.398007343e-15 -1.969529803e-17 
d 1.000000000e+05 2.342177374e-02 -8.000000000e+00 -2.054917434e-16 0.000000000e+00 2.162197877e-16 -2.074804976e-15 -1.969529771e-17 2.074805066e-15 1.969529771e-17 2.074804976e-15 1.969529771e-17 -1.154875389e-15 -1.969529771e-17 
d 1.000000000e+05 3.684354654e-02 -8.000000000e+00 -2.054871702e-16 0.000000000e+00 2.262765220e-16 -2.074804989e-15 -1.969529774e-17 2.074805135e-15 1.969529774e-17 2.074804989e-15 1.969529774e-17 -1.458790332e-15 -1.969529774e-17 
d 1.000000000e+05 6.368709214e-02 -8.000000000e+00 -2.054874218e-16 0.000000000e+00 2.313048891e-16 -2.074804988e-15 -1.969529774e-17 2.074804929e-15 1.969529774e-17 2.074804988e-15 1.969529774e-17 -1.398007343e-15 -1.969529774e-17 
d 1.000000000e+05 1.173741833e-01 -8.000000000e+00 -2.054874143e-16 0.000000000e+00 2.313048891e-16 -2.074804988e-15 -1.969529774e-17 2.074804901e-15 1.969529774e-17 2.074804988e-15 1.969529774e-17 -1.337224355e-15 -1.969529774e-17 
d 1.000000000e+05 2.247483657e-01 -8.000000000e+00 -2.054874144e-16 0.000000000e+00 2.313048891e-16 -2.074804988e-15 -1.969529774e-17 2.074805009e-15 1.969529774e-17 2.074804988e-15 1.969529774e-17 -1.337224355e-15 -1.969529774e-17 
d 1.000000000e+05 4.394967305e-01 -8.000000000e+00 -2.054874144e-16 0.000000000e+00 2.313048891e-16 -2.074804988e-15 -1.969529774e-17 2.074805034e-15 1.969529774e-17 2.074804988e-15 1.969529774e-17 -1.337224355e-15 -1.969529774e-17 
d 1.000000000e+05 8.689934601e-01 -8.000000000e+00 -2.054874144e-16 0.000000000e+00 2.313048891e-16 -2.074804988e-15 -1.969529774e-17 2.074804901e-15 1.969529774e-17 2.074804988e-15 1.969529774e-17 -1.398007343e-15 -1.969529774e-17 
d 1.000000000e+05 1.000000000e+00 -8.000000000e+00 -2.054874144e-16 0.000000000e+00 2.313048891e-16 -2.074804988e-15 -1.969529774e-17 2.074804910e-15 1.969529774e-17 2.074804988e-15 1.969529774e-17 -1.337224355e-15 -1.969529774e-17 
