v ATLAS
# This file was created by ATLAS version 5.26.1.R on Thu Apr 19 08:00:26 2018.
#SSF 2.0 generic
##############################################################################
#                    Copyright (c) 1984 - 2018                               #
#                    Silvaco Inc. All rights reserved                        #
#                                                                            #
# This file format and the following Key are copyright Silvaco Inc.          #
# You may not use, this format or key without reproducing this message in    #
# full and obtaining express written permission from Silvaco Inc.            #
#                                                                            #
# To obtain such permission please contact: Silvaco Inc.                     #
#                                           support@silvaco.com              #
#                                                                            #
# KEY=SVC86hn7562asdx                       PROD=345                         #
##############################################################################
y 1 15
z 290
f 2 "anode" "cathode" 
p 14 40 61 2 20 3 21 3000000 2000000 3001000 2001000 3000001 2000001 3001001 2001001 
Q 3000000 3 "Mhos/um" 
Q 2000000 3 "F/um" 
Q 3001000 3 "Mhos/um" 
Q 2001000 3 "F/um" 
Q 3000001 3 "Mhos/um" 
Q 2000001 3 "F/um" 
Q 3001001 3 "Mhos/um" 
Q 2001001 3 "F/um" 
d 1.000000000e+05 1.000000000e-10 -7.200000000e+00 3.168638492e+07 0.000000000e+00 -9.700843785e-02 -2.724761388e-16 -2.021482502e-17 2.724764632e-16 2.021482502e-17 2.724761388e-16 2.021482502e-17 9.551455782e-17 -2.021482501e-17 
d 1.000000000e+05 3.000000000e-10 -5.600000000e+00 1.740364741e-07 0.000000000e+00 -1.740364742e-07 -3.554761340e-16 -2.239649633e-17 3.554760695e-16 2.239649633e-17 3.554761340e-16 2.239649633e-17 -1.719245152e-15 -2.239649630e-17 
d 1.000000000e+05 7.000000000e-10 -2.400000000e+00 2.231589832e-07 0.000000000e+00 -2.231589833e-07 -7.363322048e-16 -3.018084292e-17 7.363325303e-16 3.018084292e-17 7.363322048e-16 3.018084292e-17 1.910274799e-15 -3.018084291e-17 
d 1.000000000e+05 1.500000000e-09 0.000000000e+00 2.462088400e-09 0.000000000e+00 -2.462088378e-09 -3.279076386e-15 -5.880707971e-17 3.279075277e-15 5.880707971e-17 3.279076386e-15 5.880707971e-17 -4.393626430e-15 -5.880707970e-17 
d 1.000000000e+05 3.100000000e-09 0.000000000e+00 -4.008527850e-09 0.000000000e+00 4.008527892e-09 -3.523687149e-15 -6.080969043e-17 3.523687563e-15 6.080969043e-17 3.523687149e-15 6.080969043e-17 -6.685954517e-15 -6.080969041e-17 
d 1.000000000e+05 6.300000000e-09 0.000000000e+00 6.381894844e-10 0.000000000e+00 -6.381894896e-10 -3.472695875e-15 -6.038055221e-17 3.472696124e-15 6.038055221e-17 3.472695875e-15 6.038055221e-17 -3.820544318e-15 -6.038055219e-17 
d 1.000000000e+05 1.270000000e-08 0.000000000e+00 -6.236558074e-11 0.000000000e+00 6.236559776e-11 -3.480515011e-15 -6.041893461e-17 3.480514749e-15 6.041893461e-17 3.480515011e-15 6.041893461e-17 -6.399413513e-15 -6.041893459e-17 
d 1.000000000e+05 2.550000000e-08 0.000000000e+00 4.447411417e-12 0.000000000e+00 -4.447401873e-12 -3.479191374e-15 -6.037567563e-17 3.479195919e-15 6.037567563e-17 3.479191374e-15 6.037567563e-17 -5.062222079e-15 -6.037567563e-17 
d 1.000000000e+05 5.110000000e-08 0.000000000e+00 4.486409774e-13 0.000000000e+00 -4.486296386e-13 -3.476688970e-15 -6.032745183e-17 3.476687749e-15 6.032745183e-17 3.476688970e-15 6.032745183e-17 -4.871194733e-15 -6.032745182e-17 
d 1.000000000e+05 1.023000000e-07 0.000000000e+00 2.898166611e-13 0.000000000e+00 -2.897984084e-13 -3.471948691e-15 -6.027789022e-17 3.471949110e-15 6.027789022e-17 3.471948691e-15 6.027789022e-17 -5.348763105e-15 -6.027789022e-17 
d 1.000000000e+05 2.047000000e-07 0.000000000e+00 1.417718468e-13 0.000000000e+00 -1.417828465e-13 -3.466904367e-15 -6.023601774e-17 3.466900928e-15 6.023601774e-17 3.466904367e-15 6.023601774e-17 -4.202599020e-15 -6.023601775e-17 
d 1.000000000e+05 4.095000000e-07 0.000000000e+00 7.083298354e-14 0.000000000e+00 -7.081695146e-14 -3.462694456e-15 -6.020145550e-17 3.462695658e-15 6.020145550e-17 3.462694456e-15 6.020145550e-17 -5.062222087e-15 -6.020145548e-17 
d 1.000000000e+05 8.191000000e-07 0.000000000e+00 3.530716100e-14 0.000000000e+00 -3.532254674e-14 -3.459101894e-15 -6.017209823e-17 3.459102772e-15 6.017209823e-17 3.459101894e-15 6.017209823e-17 -4.107085349e-15 -6.017209823e-17 
d 1.000000000e+05 1.638300000e-06 0.000000000e+00 1.764490566e-14 0.000000000e+00 -1.764408757e-14 -3.455990365e-15 -6.014671454e-17 3.455991208e-15 6.014671454e-17 3.455990365e-15 6.014671454e-17 -7.068009242e-15 -6.014671453e-17 
d 1.000000000e+05 3.276700000e-06 0.000000000e+00 8.819371485e-15 0.000000000e+00 -8.833500985e-15 -3.453254754e-15 -6.012441544e-17 3.453251230e-15 6.012441544e-17 3.453254754e-15 6.012441544e-17 -4.393626373e-15 -6.012441544e-17 
d 1.000000000e+05 6.553500000e-06 0.000000000e+00 4.409561672e-15 0.000000000e+00 -4.388107493e-15 -3.450819928e-15 -6.010457625e-17 3.450818258e-15 6.010457625e-17 3.450819928e-15 6.010457625e-17 -5.062222091e-15 -6.010457625e-17 
d 1.000000000e+05 1.310710000e-05 0.000000000e+00 2.205235490e-15 0.000000000e+00 -2.199782347e-15 -3.448630726e-15 -6.008674295e-17 3.448631045e-15 6.008674295e-17 3.448630726e-15 6.008674295e-17 -4.584653722e-15 -6.008674294e-17 
d 1.000000000e+05 2.621430000e-05 0.000000000e+00 1.102456228e-15 0.000000000e+00 -1.111348373e-15 -3.446646074e-15 -6.007057902e-17 3.446645782e-15 6.007057902e-17 3.446646074e-15 6.007057902e-17 -4.202599027e-15 -6.007057901e-17 
d 1.000000000e+05 5.242870000e-05 0.000000000e+00 5.511361013e-16 0.000000000e+00 -5.155739875e-16 -3.444834175e-15 -6.005582461e-17 3.444834922e-15 6.005582461e-17 3.444834175e-15 6.005582461e-17 -5.062222093e-15 -6.005582461e-17 
d 1.000000000e+05 1.048575000e-04 0.000000000e+00 2.760669189e-16 0.000000000e+00 -2.635155936e-16 -3.443171282e-15 -6.004228595e-17 3.443169604e-15 6.004228595e-17 3.443171282e-15 6.004228595e-17 -3.438489637e-15 -6.004228593e-17 
d 1.000000000e+05 2.097151000e-04 0.000000000e+00 1.377129090e-16 0.000000000e+00 -1.374863967e-16 -3.441638726e-15 -6.002981085e-17 3.441639794e-15 6.002981085e-17 3.441638726e-15 6.002981085e-17 -4.775681073e-15 -6.002981084e-17 
d 1.000000000e+05 4.194303000e-04 0.000000000e+00 6.884862406e-17 0.000000000e+00 -8.020039805e-17 -3.440218888e-15 -6.001825574e-17 3.440219186e-15 6.001825574e-17 3.440218888e-15 6.001825574e-17 -4.489140051e-15 -6.001825573e-17 
d 1.000000000e+05 8.388607000e-04 0.000000000e+00 3.454563604e-17 0.000000000e+00 -3.437159917e-17 -3.438903130e-15 -6.000755028e-17 3.438902209e-15 6.000755028e-17 3.438903130e-15 6.000755028e-17 -6.208386183e-15 -6.000755027e-17 
d 1.000000000e+05 1.677721500e-03 0.000000000e+00 1.710054908e-17 0.000000000e+00 -3.437159917e-17 -3.437678669e-15 -5.999759028e-17 3.437677601e-15 5.999759028e-17 3.437678669e-15 5.999759028e-17 -4.680167400e-15 -5.999759027e-17 
d 1.000000000e+05 3.355443100e-03 0.000000000e+00 8.605348328e-18 0.000000000e+00 3.737759548e-37 -3.436538217e-15 -5.998831638e-17 3.436537092e-15 5.998831638e-17 3.436538217e-15 5.998831638e-17 -5.635304140e-15 -5.998831637e-17 
d 1.000000000e+05 6.710886300e-03 0.000000000e+00 4.237947546e-18 0.000000000e+00 1.868879774e-37 -3.435480206e-15 -5.997971564e-17 3.435477016e-15 5.997971564e-17 3.435480206e-15 5.997971564e-17 -5.730817814e-15 -5.997971564e-17 
d 1.000000000e+05 1.000000000e-02 0.000000000e+00 2.922811272e-18 0.000000000e+00 1.906568304e-37 -3.434916310e-15 -5.997513295e-17 3.434914224e-15 5.997513295e-17 3.434916310e-15 5.997513295e-17 -5.730817814e-15 -5.997513293e-17 
d 1.000000000e+05 1.000000010e-02 -7.999999972e-01 -2.483799496e-07 0.000000000e+00 2.483799495e-07 -2.551643599e-15 -5.239762333e-17 2.551643771e-15 5.239762333e-17 2.551643599e-15 5.239762333e-17 -3.629517319e-15 -5.239762333e-17 
d 1.000000000e+05 1.000000013e-02 -1.000000000e+00 -2.742603106e-07 0.000000000e+00 2.742603105e-07 -2.296807698e-15 -4.985447637e-17 2.296807493e-15 4.985447637e-17 2.296807698e-15 4.985447637e-17 -9.551149410e-17 -4.985447635e-17 
d 1.000000000e+05 1.000000015e-02 -1.200000003e+00 -2.937105107e-07 0.000000000e+00 2.937105002e-07 -2.042507577e-15 -4.735731883e-17 2.042508409e-15 4.735731883e-17 2.042507577e-15 4.735731883e-17 -2.674380800e-15 -4.735731882e-17 
d 1.000000000e+05 1.000000016e-02 -1.299999997e+00 -3.011300359e-07 0.000000000e+00 3.011300350e-07 -1.929714646e-15 -4.614798837e-17 1.929714657e-15 4.614798837e-17 1.929714646e-15 4.614798837e-17 -1.910271461e-15 -4.614798836e-17 
d 1.000000000e+05 1.000000017e-02 -1.399999992e+00 -3.071417971e-07 0.000000000e+00 3.071417957e-07 -1.821840958e-15 -4.497370317e-17 1.821842346e-15 4.497370317e-17 1.821840958e-15 4.497370317e-17 -1.719244165e-15 -4.497370316e-17 
d 1.000000000e+05 1.000000019e-02 -1.499999986e+00 -3.118324177e-07 0.000000000e+00 3.118324170e-07 -1.721114407e-15 -4.383869009e-17 1.721112055e-15 4.383869009e-17 1.721114407e-15 4.383869009e-17 -1.910254311e-16 -4.383869009e-17 
d 1.000000000e+05 1.000000020e-02 -1.599999981e+00 -3.152942082e-07 0.000000000e+00 3.152942075e-07 -1.626726811e-15 -4.274583973e-17 1.626726494e-15 4.274583973e-17 1.626726811e-15 4.274583973e-17 2.674384740e-15 -4.274583973e-17 
d 1.000000000e+05 1.000000021e-02 -1.699999975e+00 -3.176222435e-07 0.000000000e+00 3.176222427e-07 -1.538671504e-15 -4.169693262e-17 1.538671801e-15 4.169693262e-17 1.538671504e-15 4.169693262e-17 4.775701929e-16 -4.169693261e-17 
d 1.000000000e+05 1.000000024e-02 -1.899999978e+00 -3.192883266e-07 0.000000000e+00 3.192883261e-07 -1.382074115e-15 -3.973421652e-17 1.382074154e-15 3.973421652e-17 1.382074115e-15 3.973421652e-17 -1.241676024e-15 -3.973421650e-17 
d 1.000000000e+05 1.000000026e-02 -2.099999981e+00 -3.175724051e-07 0.000000000e+00 3.175724036e-07 -1.243871764e-15 -3.794883399e-17 1.243872491e-15 3.794883399e-17 1.243871764e-15 3.794883399e-17 1.719247790e-15 -3.794883401e-17 
d 1.000000000e+05 1.000000029e-02 -2.299999983e+00 -3.132201840e-07 0.000000000e+00 3.132202712e-07 -1.128143567e-15 -3.633249742e-17 1.128143647e-15 3.633249742e-17 1.128143567e-15 3.633249742e-17 1.241679350e-15 -3.633249742e-17 
d 1.000000000e+05 1.000000031e-02 -2.499999986e+00 -3.069196802e-07 0.000000000e+00 3.069196629e-07 -1.025563940e-15 -3.487281676e-17 1.025563585e-15 3.487281676e-17 1.025563940e-15 3.487281676e-17 7.641109164e-16 -3.487281676e-17 
d 1.000000000e+05 1.000000034e-02 -2.699999989e+00 -2.992776430e-07 0.000000000e+00 2.992776847e-07 -9.386625978e-16 -3.355549126e-17 9.386627383e-16 3.355549126e-17 9.386625978e-16 3.355549126e-17 -6.685942504e-16 -3.355549123e-17 
d 1.000000000e+05 1.000000036e-02 -2.899999992e+00 -2.908079700e-07 0.000000000e+00 2.908079675e-07 -8.631505147e-16 -3.236576103e-17 8.631497983e-16 3.236576103e-17 8.631505147e-16 3.236576103e-17 -1.814758390e-15 -3.236576102e-17 
d 1.000000000e+05 1.000000039e-02 -3.099999994e+00 -2.819271049e-07 0.000000000e+00 2.819271064e-07 -7.975312574e-16 -3.128931622e-17 7.975307096e-16 3.128931622e-17 7.975312574e-16 3.128931622e-17 2.196815869e-15 -3.128931620e-17 
d 1.000000000e+05 1.000000041e-02 -3.299999997e+00 -2.729582247e-07 0.000000000e+00 2.729582242e-07 -7.402615893e-16 -3.031281563e-17 7.402615971e-16 3.031281563e-17 7.402615893e-16 3.031281563e-17 -1.050649088e-15 -3.031281561e-17 
d 1.000000000e+05 1.000000044e-02 -3.500000000e+00 -2.641398470e-07 0.000000000e+00 2.641398465e-07 -6.899439124e-16 -2.942414435e-17 6.899447638e-16 2.942414435e-17 6.899439124e-16 2.942414435e-17 -1.050649127e-15 -2.942414434e-17 
d 1.000000000e+05 1.000000046e-02 -3.700000003e+00 -2.556377563e-07 0.000000000e+00 2.556377560e-07 -6.455040310e-16 -2.861250217e-17 6.455041222e-16 2.861250217e-17 6.455040310e-16 2.861250217e-17 1.910274730e-15 -2.861250217e-17 
d 1.000000000e+05 1.000000049e-02 -3.900000006e+00 -2.475580333e-07 0.000000000e+00 2.475580329e-07 -6.060263926e-16 -2.786838715e-17 6.060258518e-16 2.786838715e-17 6.060263926e-16 2.786838715e-17 1.719247350e-15 -2.786838713e-17 
d 1.000000000e+05 1.000000054e-02 -4.300000011e+00 -2.328377730e-07 0.000000000e+00 2.328377742e-07 -6.694317250e-16 -2.655031547e-17 6.694321266e-16 2.655031547e-17 6.694317250e-16 2.655031547e-17 8.596242264e-16 -2.655031545e-17 
d 1.000000000e+05 1.000000059e-02 -4.700000017e+00 -2.201327147e-07 0.000000000e+00 2.201305092e-07 -4.840789881e-16 -2.541708261e-17 4.840787067e-16 2.541708261e-17 4.840789881e-16 2.541708261e-17 -5.730809323e-16 -2.541708261e-17 
d 1.000000000e+05 1.000000061e-02 -4.900000019e+00 -2.144926225e-07 0.000000000e+00 2.145000922e-07 -4.694140355e-16 -2.490702206e-17 4.694136462e-16 2.490702206e-17 4.694140355e-16 2.490702206e-17 -6.685946286e-16 -2.490702204e-17 
d 1.000000000e+05 1.000000064e-02 -5.100000022e+00 -2.092869486e-07 0.000000000e+00 2.092865687e-07 -4.390882288e-16 -2.442886989e-17 4.390883619e-16 2.442886989e-17 4.390882288e-16 2.442886989e-17 -4.775673016e-16 -2.442886988e-17 
d 1.000000000e+05 1.000000066e-02 -5.300000025e+00 -2.044592964e-07 0.000000000e+00 2.044593540e-07 -4.196039544e-16 -2.397942622e-17 4.196039112e-16 2.397942622e-17 4.196039544e-16 2.397942622e-17 -1.910262994e-16 -2.397942623e-17 
d 1.000000000e+05 1.000000069e-02 -5.500000028e+00 -1.999801314e-07 0.000000000e+00 1.999801278e-07 -4.010317556e-16 -2.355578623e-17 4.010316857e-16 2.355578623e-17 4.010317556e-16 2.355578623e-17 -1.623731427e-15 -2.355578621e-17 
d 1.000000000e+05 1.000000071e-02 -5.700000031e+00 -1.958146321e-07 0.000000000e+00 1.958146340e-07 -3.840790857e-16 -2.315543936e-17 3.840789483e-16 2.315543936e-17 3.840790857e-16 2.315543936e-17 1.050651426e-15 -2.315543935e-17 
d 1.000000000e+05 1.000000074e-02 -5.900000033e+00 -1.919309217e-07 0.000000000e+00 1.919309208e-07 -3.683722820e-16 -2.277619708e-17 3.683719339e-16 2.277619708e-17 3.683722820e-16 2.277619708e-17 9.551377353e-16 -2.277619707e-17 
d 1.000000000e+05 1.000000076e-02 -6.100000036e+00 -1.882999014e-07 0.000000000e+00 1.882999020e-07 -3.536905227e-16 -2.241617409e-17 3.536905511e-16 2.241617409e-17 3.536905227e-16 2.241617409e-17 1.814760785e-15 -2.241617407e-17 
d 1.000000000e+05 1.000000079e-02 -6.300000039e+00 -1.848954962e-07 0.000000000e+00 1.848954957e-07 -3.400121534e-16 -2.207369533e-17 3.400119560e-16 2.207369533e-17 3.400121534e-16 2.207369533e-17 1.719247096e-15 -2.207369532e-17 
d 1.000000000e+05 1.000000081e-02 -6.500000042e+00 -1.816945044e-07 0.000000000e+00 1.816945040e-07 -3.271964061e-16 -2.174730828e-17 3.271962182e-16 2.174730828e-17 3.271964061e-16 2.174730828e-17 -6.685947667e-16 -2.174730829e-17 
d 1.000000000e+05 1.000000084e-02 -6.700000044e+00 -1.786765264e-07 0.000000000e+00 1.786765260e-07 -3.152195577e-16 -2.143573243e-17 3.152190989e-16 2.143573243e-17 3.152195577e-16 2.143573243e-17 2.483356460e-15 -2.143573241e-17 
d 1.000000000e+05 1.000000089e-02 -7.100000050e+00 -1.731098966e-07 0.000000000e+00 1.731098964e-07 -2.944407506e-16 -2.085240811e-17 2.944410296e-16 2.085240811e-17 2.944407506e-16 2.085240811e-17 9.117541279e-22 -2.085240809e-17 
d 1.000000000e+05 1.000000094e-02 -7.500000056e+00 -1.680943072e-07 0.000000000e+00 1.680943001e-07 -2.736293310e-16 -2.031623377e-17 2.736296605e-16 2.031623377e-17 2.736293310e-16 2.031623377e-17 1.241678650e-15 -2.031623378e-17 
d 1.000000000e+05 1.000000099e-02 -7.900000061e+00 -1.635356162e-07 0.000000000e+00 1.635358475e-07 -2.647836410e-16 -1.982087325e-17 2.647835807e-16 1.982087325e-17 2.647836410e-16 1.982087325e-17 2.292329041e-15 -1.982087325e-17 
d 1.000000000e+05 1.000000104e-02 -8.000000000e+00 -3.953251223e-08 0.000000000e+00 3.953247751e-08 -2.480437490e-16 -1.956614130e-17 2.480437796e-16 1.956614130e-17 2.480437490e-16 1.956614130e-17 1.146164943e-15 -1.956614130e-17 
d 1.000000000e+05 1.000000109e-02 -8.000000000e+00 -1.945335666e-08 0.000000000e+00 1.945341123e-08 -2.455613862e-16 -1.947749936e-17 2.455612651e-16 1.947749936e-17 2.455613862e-16 1.947749936e-17 -2.005786301e-15 -1.947749934e-17 
d 1.000000000e+05 1.000000114e-02 -8.000000000e+00 -7.410890994e-09 0.000000000e+00 7.410890803e-09 -2.444787640e-16 -1.944382485e-17 2.444787001e-16 1.944382485e-17 2.444787640e-16 1.944382485e-17 2.674383721e-15 -1.944382485e-17 
d 1.000000000e+05 1.000000124e-02 -8.000000000e+00 -7.223000647e-10 0.000000000e+00 7.222999777e-10 -2.439417436e-16 -1.942518114e-17 2.439418452e-16 1.942518114e-17 2.439417436e-16 1.942518114e-17 3.820555451e-16 -1.942518113e-17 
d 1.000000000e+05 1.000000144e-02 -8.000000000e+00 8.905783476e-11 0.000000000e+00 -8.905785558e-11 -2.438745830e-16 -1.942292298e-17 2.438747065e-16 1.942292298e-17 2.438745830e-16 1.942292298e-17 -9.551282470e-17 -1.942292298e-17 
d 1.000000000e+05 1.000000184e-02 -8.000000000e+00 -1.833244537e-11 0.000000000e+00 1.833243279e-11 -2.438833930e-16 -1.942322202e-17 2.438836132e-16 1.942322202e-17 2.438833930e-16 1.942322202e-17 -3.820546109e-15 -1.942322200e-17 
d 1.000000000e+05 1.000000264e-02 -8.000000000e+00 3.300098007e-12 0.000000000e+00 -3.300090653e-12 -2.438816375e-16 -1.942316178e-17 2.438815197e-16 1.942316178e-17 2.438816375e-16 1.942316178e-17 -2.769895695e-15 -1.942316178e-17 
d 1.000000000e+05 1.000000424e-02 -8.000000000e+00 -3.966210137e-13 0.000000000e+00 3.966130677e-13 -2.438819357e-16 -1.942317207e-17 2.438818236e-16 1.942317207e-17 2.438819357e-16 1.942317207e-17 -5.730811944e-16 -1.942317206e-17 
d 1.000000000e+05 1.000000744e-02 -8.000000000e+00 2.766386197e-14 0.000000000e+00 -2.766908048e-14 -2.438819016e-16 -1.942317089e-17 2.438817418e-16 1.942317089e-17 2.438819016e-16 1.942317089e-17 1.910274328e-15 -1.942317088e-17 
d 1.000000000e+05 1.000001384e-02 -8.000000000e+00 -1.046983814e-15 0.000000000e+00 1.042603033e-15 -2.438819040e-16 -1.942317098e-17 2.438818970e-16 1.942317098e-17 2.438819040e-16 1.942317098e-17 1.528219632e-15 -1.942317096e-17 
d 1.000000000e+05 1.000002664e-02 -8.000000000e+00 1.487771237e-17 0.000000000e+00 4.115256165e-23 -2.438819041e-16 -1.942317098e-17 2.438817891e-16 1.942317098e-17 2.438819041e-16 1.942317098e-17 -2.769895695e-15 -1.942317098e-17 
d 1.000000000e+05 1.000005224e-02 -8.000000000e+00 -5.689808475e-18 0.000000000e+00 2.449578098e-32 -2.438819044e-16 -1.942317099e-17 2.438818486e-16 1.942317099e-17 2.438819044e-16 1.942317099e-17 -1.241676912e-15 -1.942317097e-17 
d 1.000000000e+05 1.000010344e-02 -8.000000000e+00 -5.475330925e-18 0.000000000e+00 1.224789049e-32 -2.438819050e-16 -1.942317101e-17 2.438819704e-16 1.942317101e-17 2.438819050e-16 1.942317101e-17 -1.146163238e-15 -1.942317099e-17 
d 1.000000000e+05 1.000020584e-02 -8.000000000e+00 -5.462436299e-18 0.000000000e+00 6.123945244e-33 -2.438819062e-16 -1.942317104e-17 2.438816678e-16 1.942317104e-17 2.438819062e-16 1.942317104e-17 -4.775675205e-16 -1.942317103e-17 
d 1.000000000e+05 1.000041064e-02 -8.000000000e+00 -5.449281939e-18 0.000000000e+00 3.061972622e-33 -2.438819086e-16 -1.942317111e-17 2.438818418e-16 1.942317111e-17 2.438819086e-16 1.942317111e-17 -8.596222163e-16 -1.942317110e-17 
d 1.000000000e+05 1.000082024e-02 -8.000000000e+00 -5.434943572e-18 0.000000000e+00 1.530986311e-33 -2.438819132e-16 -1.942317125e-17 2.438818812e-16 1.942317125e-17 2.438819132e-16 1.942317125e-17 -1.241676912e-15 -1.942317124e-17 
d 1.000000000e+05 1.000163944e-02 -8.000000000e+00 -5.421614549e-18 0.000000000e+00 7.654931555e-34 -2.438819222e-16 -1.942317151e-17 2.438819828e-16 1.942317151e-17 2.438819222e-16 1.942317151e-17 -1.337190586e-15 -1.942317151e-17 
d 1.000000000e+05 1.000327784e-02 -8.000000000e+00 -5.409208875e-18 0.000000000e+00 3.827465777e-34 -2.438819400e-16 -1.942317204e-17 2.438819750e-16 1.942317204e-17 2.438819400e-16 1.942317204e-17 -1.337190586e-15 -1.942317203e-17 
d 1.000000000e+05 1.000655464e-02 -8.000000000e+00 -5.393182907e-18 0.000000000e+00 1.913732889e-34 -2.438819748e-16 -1.942317306e-17 2.438820901e-16 1.942317306e-17 2.438819748e-16 1.942317306e-17 -8.596222163e-16 -1.942317305e-17 
d 1.000000000e+05 1.001310824e-02 -8.000000000e+00 -5.375530341e-18 0.000000000e+00 9.568664444e-35 -2.438820429e-16 -1.942317507e-17 2.438821065e-16 1.942317507e-17 2.438820429e-16 1.942317507e-17 -1.146163238e-15 -1.942317506e-17 
d 1.000000000e+05 1.002621544e-02 -8.000000000e+00 -5.362861453e-18 0.000000000e+00 4.784332222e-35 -2.438821766e-16 -1.942317901e-17 2.438822930e-16 1.942317901e-17 2.438821766e-16 1.942317901e-17 -1.432704260e-15 -1.942317900e-17 
d 1.000000000e+05 1.005242984e-02 -8.000000000e+00 -5.353738616e-18 0.000000000e+00 2.392166111e-35 -2.438824406e-16 -1.942318678e-17 2.438824004e-16 1.942318678e-17 2.438824406e-16 1.942318678e-17 -1.528217934e-15 -1.942318679e-17 
d 1.000000000e+05 1.010485864e-02 -8.000000000e+00 -5.339822576e-18 0.000000000e+00 1.196083055e-35 -2.438829627e-16 -1.942320216e-17 2.438829204e-16 1.942320216e-17 2.438829627e-16 1.942320216e-17 -1.432704260e-15 -1.942320216e-17 
d 1.000000000e+05 1.020971624e-02 -8.000000000e+00 -5.319209861e-18 0.000000000e+00 5.980415277e-36 -2.438839886e-16 -1.942323236e-17 2.438838594e-16 1.942323236e-17 2.438839886e-16 1.942323236e-17 -1.528217934e-15 -1.942323236e-17 
d 1.000000000e+05 1.041943144e-02 -8.000000000e+00 -5.296102413e-18 0.000000000e+00 2.990207639e-36 -2.438859957e-16 -1.942329143e-17 2.438858541e-16 1.942329143e-17 2.438859957e-16 1.942329143e-17 -1.719245282e-15 -1.942329143e-17 
d 1.000000000e+05 1.083886184e-02 -8.000000000e+00 -5.278141988e-18 0.000000000e+00 1.495103819e-36 -2.438899347e-16 -1.942340734e-17 2.438899339e-16 1.942340734e-17 2.438899347e-16 1.942340734e-17 -1.432704260e-15 -1.942340734e-17 
d 1.000000000e+05 1.167772264e-02 -8.000000000e+00 -5.262913421e-18 0.000000000e+00 7.475519097e-37 -2.438977305e-16 -1.942363670e-17 2.438976486e-16 1.942363670e-17 2.438977305e-16 1.942363670e-17 -1.241676912e-15 -1.942363670e-17 
d 1.000000000e+05 1.335544424e-02 -8.000000000e+00 -5.236059124e-18 0.000000000e+00 3.737759548e-37 -2.439131856e-16 -1.942409137e-17 2.439133111e-16 1.942409137e-17 2.439131856e-16 1.942409137e-17 -1.528217934e-15 -1.942409138e-17 
d 1.000000000e+05 1.671088744e-02 -8.000000000e+00 -5.184640833e-18 0.000000000e+00 1.868879774e-37 -2.439436203e-16 -1.942498656e-17 2.439434585e-16 1.942498656e-17 2.439436203e-16 1.942498656e-17 -1.146163238e-15 -1.942498656e-17 
d 1.000000000e+05 2.342177384e-02 -8.000000000e+00 -5.090548560e-18 0.000000000e+00 9.344398871e-38 -2.440028682e-16 -1.942672867e-17 2.440028231e-16 1.942672867e-17 2.440028682e-16 1.942672867e-17 -1.432704260e-15 -1.942672867e-17 
d 1.000000000e+05 3.684354664e-02 -8.000000000e+00 -4.925556376e-18 0.000000000e+00 4.672199435e-38 -2.441164546e-16 -1.943006660e-17 2.441166551e-16 1.943006660e-17 2.441164546e-16 1.943006660e-17 -1.146163238e-15 -1.943006661e-17 
d 1.000000000e+05 6.368709224e-02 -8.000000000e+00 -4.641555867e-18 0.000000000e+00 2.336099718e-38 -2.443304028e-16 -1.943634781e-17 2.443303931e-16 1.943634781e-17 2.443304028e-16 1.943634781e-17 -1.146163238e-15 -1.943634780e-17 
d 1.000000000e+05 1.173741834e-01 -8.000000000e+00 -4.144507855e-18 0.000000000e+00 1.168049859e-38 -2.447215778e-16 -1.944781387e-17 2.447214270e-16 1.944781387e-17 2.447215778e-16 1.944781387e-17 -1.432704259e-15 -1.944781387e-17 
d 1.000000000e+05 2.247483658e-01 -8.000000000e+00 -3.305911618e-18 0.000000000e+00 5.840249294e-39 -2.453853998e-16 -1.946722052e-17 2.453853438e-16 1.946722052e-17 2.453853998e-16 1.946722052e-17 -2.578868345e-15 -1.946722051e-17 
d 1.000000000e+05 4.394967306e-01 -8.000000000e+00 -2.096128890e-18 0.000000000e+00 2.920124647e-39 -2.463429395e-16 -1.949510706e-17 2.463429077e-16 1.949510706e-17 2.463429395e-16 1.949510706e-17 -1.241676909e-15 -1.949510705e-17 
d 1.000000000e+05 8.689934602e-01 -8.000000000e+00 -8.207561118e-19 0.000000000e+00 1.460062324e-39 -2.473447866e-16 -1.952416438e-17 2.473449345e-16 1.952416438e-17 2.473447866e-16 1.952416438e-17 -1.337190582e-15 -1.952416439e-17 
d 1.000000000e+05 1.000000000e+00 -8.000000000e+00 -6.232925620e-19 0.000000000e+00 4.786722816e-39 -2.474976439e-16 -1.952858848e-17 2.474977683e-16 1.952858848e-17 2.474976439e-16 1.952858848e-17 -9.551358856e-16 -1.952858846e-17 
