v ATLAS
# This file was created by ATLAS version 5.26.1.R on Thu Apr 19 08:04:07 2018.
#SSF 2.0 generic
##############################################################################
#                    Copyright (c) 1984 - 2018                               #
#                    Silvaco Inc. All rights reserved                        #
#                                                                            #
# This file format and the following Key are copyright Silvaco Inc.          #
# You may not use, this format or key without reproducing this message in    #
# full and obtaining express written permission from Silvaco Inc.            #
#                                                                            #
# To obtain such permission please contact: Silvaco Inc.                     #
#                                           support@silvaco.com              #
#                                                                            #
# KEY=SVC86hn7562asdx                       PROD=345                         #
##############################################################################
y 1 15
z 355
f 2 "anode" "cathode" 
p 14 40 61 2 20 3 21 3000000 2000000 3001000 2001000 3000001 2000001 3001001 2001001 
Q 3000000 3 "Mhos/um" 
Q 2000000 3 "F/um" 
Q 3001000 3 "Mhos/um" 
Q 2001000 3 "F/um" 
Q 3000001 3 "Mhos/um" 
Q 2000001 3 "F/um" 
Q 3001001 3 "Mhos/um" 
Q 2001001 3 "F/um" 
d 1.000000000e+05 1.000000000e-10 -7.200000000e+00 2.711421326e+07 0.000000000e+00 -1.020107452e-01 -6.666334903e-16 -2.026261041e-17 6.666335881e-16 2.026261041e-17 6.666334903e-16 2.026261041e-17 -1.333887407e-15 -2.026261043e-17 
d 1.000000000e+05 3.000000000e-10 -5.600000000e+00 1.717732864e-07 0.000000000e+00 -1.717732865e-07 -8.210462478e-16 -2.236630356e-17 8.210463838e-16 2.236630356e-17 8.210462478e-16 2.236630356e-17 -2.778921351e-16 -2.236630358e-17 
d 1.000000000e+05 7.000000000e-10 -2.400000000e+00 2.183202032e-07 0.000000000e+00 -2.183202032e-07 -1.489798566e-15 -2.994409201e-17 1.489798591e-15 2.994409201e-17 1.489798566e-15 2.994409201e-17 -2.056409828e-15 -2.994409202e-17 
d 1.000000000e+05 1.500000000e-09 0.000000000e+00 1.752239348e-08 0.000000000e+00 -1.752239350e-08 -6.167857073e-15 -5.880278700e-17 6.167855492e-15 5.880278700e-17 6.167857073e-15 5.880278700e-17 -5.279972252e-15 -5.880278703e-17 
d 1.000000000e+05 3.100000000e-09 0.000000000e+00 -7.110121529e-09 0.000000000e+00 7.110121542e-09 -7.194612077e-15 -6.400292700e-17 7.194612446e-15 6.400292700e-17 7.194612077e-15 6.400292700e-17 -7.002911394e-15 -6.400292702e-17 
d 1.000000000e+05 6.300000000e-09 0.000000000e+00 1.326831251e-09 0.000000000e+00 -1.326831263e-09 -6.931303100e-15 -6.281653984e-17 6.931302382e-15 6.281653984e-17 6.931303100e-15 6.281653984e-17 -7.669855767e-15 -6.281653985e-17 
d 1.000000000e+05 1.270000000e-08 0.000000000e+00 -1.678965533e-10 0.000000000e+00 1.678966018e-10 -6.972429730e-15 -6.298898002e-17 6.972428778e-15 6.298898002e-17 6.972429730e-15 6.298898002e-17 -7.280804913e-15 -6.298898004e-17 
d 1.000000000e+05 2.550000000e-08 0.000000000e+00 1.394217751e-11 0.000000000e+00 -1.394218211e-11 -6.968432146e-15 -6.291800890e-17 6.968433187e-15 6.291800890e-17 6.968432146e-15 6.291800890e-17 -8.281221372e-15 -6.291800892e-17 
d 1.000000000e+05 5.110000000e-08 0.000000000e+00 2.010622881e-13 0.000000000e+00 -2.010422144e-13 -6.966990394e-15 -6.286194016e-17 6.966990612e-15 6.286194016e-17 6.966990394e-15 6.286194016e-17 -9.726267366e-15 -6.286194016e-17 
d 1.000000000e+05 1.023000000e-07 0.000000000e+00 3.788176249e-13 0.000000000e+00 -3.788571154e-13 -6.962006813e-15 -6.280518599e-17 6.962007341e-15 6.280518599e-17 6.962006813e-15 6.280518599e-17 -9.392795218e-15 -6.280518600e-17 
d 1.000000000e+05 2.047000000e-07 0.000000000e+00 1.809622498e-13 0.000000000e+00 -1.809327994e-13 -6.956589323e-15 -6.275837449e-17 6.956589119e-15 6.275837449e-17 6.956589323e-15 6.275837449e-17 -9.170480453e-15 -6.275837450e-17 
d 1.000000000e+05 4.095000000e-07 0.000000000e+00 9.038327110e-14 0.000000000e+00 -9.040927161e-14 -6.952082310e-15 -6.271993263e-17 6.952083405e-15 6.271993263e-17 6.952082310e-15 6.271993263e-17 -9.114901763e-15 -6.271993265e-17 
d 1.000000000e+05 8.191000000e-07 0.000000000e+00 4.505463145e-14 0.000000000e+00 -4.504957387e-14 -6.948186244e-15 -6.268750025e-17 6.948186333e-15 6.268750025e-17 6.948186244e-15 6.268750025e-17 -8.503536154e-15 -6.268750027e-17 
d 1.000000000e+05 1.638300000e-06 0.000000000e+00 2.250841508e-14 0.000000000e+00 -2.254110925e-14 -6.944742993e-15 -6.265966283e-17 6.944742276e-15 6.265966283e-17 6.944742993e-15 6.265966283e-17 -8.837008307e-15 -6.265966285e-17 
d 1.000000000e+05 3.276700000e-06 0.000000000e+00 1.124371703e-14 0.000000000e+00 -1.124607116e-14 -6.941613295e-15 -6.263541193e-17 6.941613868e-15 6.263541193e-17 6.941613295e-15 6.263541193e-17 -9.670688688e-15 -6.263541195e-17 
d 1.000000000e+05 6.553500000e-06 0.000000000e+00 5.614496969e-15 0.000000000e+00 -5.614874425e-15 -6.938701210e-15 -6.261404104e-17 6.938704926e-15 6.261404104e-17 6.938701210e-15 6.261404104e-17 -8.003327931e-15 -6.261404105e-17 
d 1.000000000e+05 1.310710000e-05 0.000000000e+00 2.800098495e-15 0.000000000e+00 -2.791114903e-15 -6.935948659e-15 -6.259504308e-17 6.935948197e-15 6.259504308e-17 6.935948659e-15 6.259504308e-17 -1.061552645e-14 -6.259504309e-17 
d 1.000000000e+05 2.621430000e-05 0.000000000e+00 1.392754919e-15 0.000000000e+00 -1.387396297e-15 -6.933327152e-15 -6.257805495e-17 6.933326349e-15 6.257805495e-17 6.933327152e-15 6.257805495e-17 -8.392378776e-15 -6.257805498e-17 
d 1.000000000e+05 5.242870000e-05 0.000000000e+00 6.889807420e-16 0.000000000e+00 -6.855369938e-16 -6.930827128e-15 -6.256282636e-17 6.930828068e-15 6.256282636e-17 6.930827128e-15 6.256282636e-17 -1.011531823e-14 -6.256282638e-17 
d 1.000000000e+05 1.048575000e-04 0.000000000e+00 3.371498461e-16 0.000000000e+00 -3.427684969e-16 -6.928454253e-15 -6.254920910e-17 6.928456079e-15 6.254920910e-17 6.928454253e-15 6.254920910e-17 -9.281637849e-15 -6.254920913e-17 
d 1.000000000e+05 2.097151000e-04 0.000000000e+00 1.614486751e-16 0.000000000e+00 -1.741046333e-16 -6.926233429e-15 -6.253716574e-17 6.926232125e-15 6.253716574e-17 6.926233429e-15 6.253716574e-17 -9.615110001e-15 -6.253716576e-17 
d 1.000000000e+05 4.194303000e-04 0.000000000e+00 7.398806208e-17 0.000000000e+00 -8.161154688e-17 -6.924217896e-15 -6.252679512e-17 6.924217308e-15 6.252679512e-17 6.924217896e-15 6.252679512e-17 -9.726267386e-15 -6.252679514e-17 
d 1.000000000e+05 8.388607000e-04 0.000000000e+00 3.101508087e-17 0.000000000e+00 -4.896692813e-17 -6.922498985e-15 -6.251835812e-17 6.922500331e-15 6.251835812e-17 6.922498985e-15 6.251835812e-17 -9.893003462e-15 -6.251835815e-17 
d 1.000000000e+05 1.677721500e-03 0.000000000e+00 1.084635071e-17 0.000000000e+00 1.632230938e-17 -6.921202018e-15 -6.251224463e-17 6.921202840e-15 6.251224463e-17 6.921202018e-15 6.251224463e-17 -1.033763300e-14 -6.251224465e-17 
d 1.000000000e+05 3.355443100e-03 0.000000000e+00 2.570630389e-18 0.000000000e+00 -2.448346406e-17 -6.920432505e-15 -6.250873531e-17 6.920431921e-15 6.250873531e-17 6.920432505e-15 6.250873531e-17 -9.670688695e-15 -6.250873533e-17 
d 1.000000000e+05 6.710886300e-03 0.000000000e+00 2.128364027e-19 0.000000000e+00 1.632230938e-17 -6.920150761e-15 -6.250748342e-17 6.920151330e-15 6.250748342e-17 6.920150761e-15 6.250748342e-17 -1.189383637e-14 -6.250748344e-17 
d 1.000000000e+05 1.000000000e-02 0.000000000e+00 4.238155630e-20 0.000000000e+00 1.632230938e-17 -6.920126418e-15 -6.250737792e-17 6.920125469e-15 6.250737792e-17 6.920126418e-15 6.250737792e-17 -1.039321169e-14 -6.250737792e-17 
d 1.000000000e+05 1.000000010e-02 -7.999999972e-01 -2.132791696e-07 0.000000000e+00 2.132791695e-07 -4.597918960e-15 -5.521038093e-17 4.597919703e-15 5.521038093e-17 4.597918960e-15 5.521038093e-17 -4.501870777e-15 -5.521038092e-17 
d 1.000000000e+05 1.000000013e-02 -1.000000000e+00 -2.385803011e-07 0.000000000e+00 2.385803006e-07 -4.204087807e-15 -5.275876261e-17 4.204088489e-15 5.275876261e-17 4.204087807e-15 5.275876261e-17 -5.946916913e-15 -5.275876263e-17 
d 1.000000000e+05 1.000000015e-02 -1.200000003e+00 -2.597200714e-07 0.000000000e+00 2.597200711e-07 -3.744631430e-15 -5.029621839e-17 3.744631998e-15 5.029621839e-17 3.744631430e-15 5.029621839e-17 -3.612611997e-15 -5.029621841e-17 
d 1.000000000e+05 1.000000018e-02 -1.400000006e+00 -2.766801382e-07 0.000000000e+00 2.766801380e-07 -3.346792809e-15 -4.789046490e-17 3.346792718e-15 4.789046490e-17 3.346792809e-15 4.789046490e-17 -3.279139988e-15 -4.789046491e-17 
d 1.000000000e+05 1.000000020e-02 -1.600000008e+00 -2.896827852e-07 0.000000000e+00 2.896827848e-07 -2.988423677e-15 -4.558849641e-17 2.988423325e-15 4.558849641e-17 2.988423677e-15 4.558849641e-17 -5.113236958e-15 -4.558849641e-17 
d 1.000000000e+05 1.000000023e-02 -1.800000011e+00 -2.989932609e-07 0.000000000e+00 2.989932612e-07 -2.674624273e-15 -4.341961509e-17 2.674624864e-15 4.341961509e-17 2.674624273e-15 4.341961509e-17 -3.668191096e-15 -4.341961511e-17 
d 1.000000000e+05 1.000000025e-02 -2.000000014e+00 -3.049333582e-07 0.000000000e+00 3.049333578e-07 -2.400995817e-15 -4.139942289e-17 2.400995729e-15 4.139942289e-17 2.400995817e-15 4.139942289e-17 -5.113237206e-15 -4.139942290e-17 
d 1.000000000e+05 1.000000028e-02 -2.200000017e+00 -3.078672759e-07 0.000000000e+00 3.078672757e-07 -2.163196639e-15 -3.953344668e-17 2.163197397e-15 3.953344668e-17 2.163196639e-15 3.953344668e-17 -2.945668331e-15 -3.953344670e-17 
d 1.000000000e+05 1.000000030e-02 -2.400000019e+00 -3.081878135e-07 0.000000000e+00 3.081878131e-07 -1.957216293e-15 -3.782018228e-17 1.957215947e-15 3.782018228e-17 1.957216293e-15 3.782018228e-17 -2.501038897e-15 -3.782018230e-17 
d 1.000000000e+05 1.000000033e-02 -2.600000022e+00 -3.063002621e-07 0.000000000e+00 3.063002619e-07 -1.778964469e-15 -3.625349562e-17 1.778964806e-15 3.625349562e-17 1.778964469e-15 3.625349562e-17 -2.945668526e-15 -3.625349563e-17 
d 1.000000000e+05 1.000000035e-02 -2.800000025e+00 -3.026065346e-07 0.000000000e+00 3.026065344e-07 -1.624684975e-15 -3.482443401e-17 1.624684908e-15 3.482443401e-17 1.624684975e-15 3.482443401e-17 -4.668608060e-15 -3.482443403e-17 
d 1.000000000e+05 1.000000038e-02 -3.000000028e+00 -2.974909281e-07 0.000000000e+00 2.974909278e-07 -1.490849498e-15 -3.352254048e-17 1.490849071e-15 3.352254048e-17 1.490849498e-15 3.352254048e-17 -3.612612991e-15 -3.352254049e-17 
d 1.000000000e+05 1.000000040e-02 -3.200000031e+00 -2.913085955e-07 0.000000000e+00 2.913085953e-07 -1.374399988e-15 -3.233677335e-17 1.374400692e-15 3.233677335e-17 1.374399988e-15 3.233677335e-17 -2.167567071e-15 -3.233677337e-17 
d 1.000000000e+05 1.000000043e-02 -3.400000033e+00 -2.843772721e-07 0.000000000e+00 2.843772718e-07 -1.272770051e-15 -3.125612526e-17 1.272769837e-15 3.125612526e-17 1.272770051e-15 3.125612526e-17 -1.667342248e-16 -3.125612528e-17 
d 1.000000000e+05 1.000000045e-02 -3.600000036e+00 -2.769723527e-07 0.000000000e+00 2.769723522e-07 -1.183699394e-15 -3.027002029e-17 1.183699202e-15 3.027002029e-17 1.183699394e-15 3.027002029e-17 5.558048452e-17 -3.027002031e-17 
d 1.000000000e+05 1.000000048e-02 -3.800000039e+00 -2.693250556e-07 0.000000000e+00 2.693250552e-07 -1.105247096e-15 -2.936855155e-17 1.105246213e-15 2.936855155e-17 1.105247096e-15 2.936855155e-17 -3.112405009e-15 -2.936855157e-17 
d 1.000000000e+05 1.000000050e-02 -4.000000042e+00 -2.616231746e-07 0.000000000e+00 2.616231743e-07 -1.036000034e-15 -2.854260695e-17 1.036000042e-15 2.854260695e-17 1.036000034e-15 2.854260695e-17 -1.889673836e-15 -2.854260698e-17 
d 1.000000000e+05 1.000000053e-02 -4.200000044e+00 -2.540138005e-07 0.000000000e+00 2.540138001e-07 -9.750287872e-16 -2.778391913e-17 9.750279346e-16 2.778391913e-17 9.750287872e-16 2.778391913e-17 -1.055993501e-15 -2.778391915e-17 
d 1.000000000e+05 1.000000055e-02 -4.400000047e+00 -2.466073800e-07 0.000000000e+00 2.466073796e-07 -9.208020241e-16 -2.708506395e-17 9.208022661e-16 2.708506395e-17 9.208020241e-16 2.708506395e-17 -6.669426993e-16 -2.708506397e-17 
d 1.000000000e+05 1.000000058e-02 -4.600000050e+00 -2.394825298e-07 0.000000000e+00 2.394825295e-07 -8.711652900e-16 -2.643942379e-17 8.711648960e-16 2.643942379e-17 8.711652900e-16 2.643942379e-17 -1.333887041e-15 -2.643942381e-17 
d 1.000000000e+05 1.000000060e-02 -4.800000053e+00 -2.326911244e-07 0.000000000e+00 2.326911240e-07 -8.266745170e-16 -2.584113670e-17 8.266745876e-16 2.584113670e-17 8.266745170e-16 2.584113670e-17 -7.225214649e-16 -2.584113672e-17 
d 1.000000000e+05 1.000000065e-02 -5.200000058e+00 -2.201938585e-07 0.000000000e+00 2.201938583e-07 -8.370452863e-16 -2.476630055e-17 8.370452084e-16 2.476630055e-17 8.370452863e-16 2.476630055e-17 -2.000831443e-15 -2.476630056e-17 
d 1.000000000e+05 1.000000070e-02 -5.600000064e+00 -2.091997147e-07 0.000000000e+00 2.091991745e-07 -6.810451761e-16 -2.382686864e-17 6.810453055e-16 2.382686864e-17 6.810451761e-16 2.382686864e-17 5.002096384e-16 -2.382686864e-17 
d 1.000000000e+05 1.000000073e-02 -5.800000067e+00 -2.042485472e-07 0.000000000e+00 2.042488022e-07 -6.620423586e-16 -2.339953493e-17 6.620421962e-16 2.339953493e-17 6.620423586e-16 2.339953493e-17 -2.111988908e-15 -2.339953494e-17 
d 1.000000000e+05 1.000000075e-02 -6.000000069e+00 -1.996288000e-07 0.000000000e+00 1.996286465e-07 -6.324552505e-16 -2.299655778e-17 6.324552061e-16 2.299655778e-17 6.324552505e-16 2.299655778e-17 -2.667775851e-15 -2.299655779e-17 
d 1.000000000e+05 1.000000078e-02 -6.200000072e+00 -1.953163448e-07 0.000000000e+00 1.953163511e-07 -6.089677085e-16 -2.261567482e-17 6.089677002e-16 2.261567482e-17 6.089677085e-16 2.261567482e-17 -2.667775874e-15 -2.261567484e-17 
d 1.000000000e+05 1.000000080e-02 -6.400000075e+00 -1.912883052e-07 0.000000000e+00 1.912883018e-07 -5.852399629e-16 -2.225485752e-17 5.852400450e-16 2.225485752e-17 5.852399629e-16 2.225485752e-17 1.667373937e-16 -2.225485754e-17 
d 1.000000000e+05 1.000000083e-02 -6.600000078e+00 -1.875213198e-07 0.000000000e+00 1.875213206e-07 -5.662680030e-16 -2.191229969e-17 5.662681208e-16 2.191229969e-17 5.662680030e-16 2.191229969e-17 -2.667775915e-15 -2.191229970e-17 
d 1.000000000e+05 1.000000088e-02 -7.000000083e+00 -1.806701743e-07 0.000000000e+00 1.806701741e-07 -5.511366649e-16 -2.127569083e-17 5.511368995e-16 2.127569083e-17 5.511366649e-16 2.127569083e-17 -3.334708917e-16 -2.127569085e-17 
d 1.000000000e+05 1.000000093e-02 -7.400000089e+00 -1.746184177e-07 0.000000000e+00 1.746184152e-07 -4.936281948e-16 -2.069552415e-17 4.936283802e-16 2.069552415e-17 4.936281948e-16 2.069552415e-17 -5.557746635e-17 -2.069552417e-17 
d 1.000000000e+05 1.000000098e-02 -7.800000094e+00 -1.692252757e-07 0.000000000e+00 1.692255534e-07 -4.707073116e-16 -2.016334121e-17 4.707074190e-16 2.016334121e-17 4.707073116e-16 2.016334121e-17 -1.778516948e-15 -2.016334122e-17 
d 1.000000000e+05 1.000000103e-02 -8.000000000e+00 -5.206981820e-08 0.000000000e+00 5.206980158e-08 -4.686758835e-16 -1.979860097e-17 4.686758021e-16 1.979860097e-17 4.686758835e-16 1.979860097e-17 -1.667359586e-15 -1.979860097e-17 
d 1.000000000e+05 1.000000105e-02 -8.000000000e+00 -5.298706531e-08 0.000000000e+00 5.298706484e-08 -4.688117731e-16 -1.971240123e-17 4.688117209e-16 1.971240123e-17 4.688117731e-16 1.971240123e-17 -2.556618662e-15 -1.971240125e-17 
d 1.000000000e+05 1.000000108e-02 -8.000000000e+00 -3.764047619e-08 0.000000000e+00 3.764047589e-08 -4.754771243e-16 -1.965161096e-17 4.754771929e-16 1.965161096e-17 4.754771243e-16 1.965161096e-17 -2.111989130e-15 -1.965161099e-17 
d 1.000000000e+05 1.000000110e-02 -8.000000000e+00 -2.673617886e-08 0.000000000e+00 2.673617861e-08 -4.827633018e-16 -1.960866791e-17 4.827630358e-16 1.960866791e-17 4.827633018e-16 1.960866791e-17 -2.667776052e-15 -1.960866793e-17 
d 1.000000000e+05 1.000000113e-02 -8.000000000e+00 -1.897983624e-08 0.000000000e+00 1.897983584e-08 -4.898414372e-16 -1.957829512e-17 4.898414637e-16 1.957829512e-17 4.898414372e-16 1.957829512e-17 -3.668192508e-15 -1.957829513e-17 
d 1.000000000e+05 1.000000115e-02 -8.000000000e+00 -1.346845687e-08 0.000000000e+00 1.346845649e-08 -4.957747093e-16 -1.955679632e-17 4.957748772e-16 1.955679632e-17 4.957747093e-16 1.955679632e-17 -1.667349177e-16 -1.955679633e-17 
d 1.000000000e+05 1.000000120e-02 -8.000000000e+00 -6.703147850e-09 0.000000000e+00 6.703147644e-09 -5.041437600e-16 -1.953050215e-17 5.041439036e-16 1.953050215e-17 5.041437600e-16 1.953050215e-17 -1.834095677e-15 -1.953050216e-17 
d 1.000000000e+05 1.000000130e-02 -8.000000000e+00 -1.479660397e-09 0.000000000e+00 1.479660274e-09 -5.109281299e-16 -1.951026755e-17 5.109280375e-16 1.951026755e-17 5.109281299e-16 1.951026755e-17 -1.556202219e-15 -1.951026757e-17 
d 1.000000000e+05 1.000000150e-02 -8.000000000e+00 6.123186463e-11 0.000000000e+00 -6.123189985e-11 -5.128836665e-16 -1.950430704e-17 5.128835486e-16 1.950430704e-17 5.128836665e-16 1.950430704e-17 -3.056826901e-15 -1.950430704e-17 
d 1.000000000e+05 1.000000190e-02 -8.000000000e+00 -1.145698128e-11 0.000000000e+00 1.145694818e-11 -5.127970967e-16 -1.950458828e-17 5.127971594e-16 1.950458828e-17 5.127970967e-16 1.950458828e-17 -3.167984285e-15 -1.950458828e-17 
d 1.000000000e+05 1.000000270e-02 -8.000000000e+00 2.286868700e-12 0.000000000e+00 -2.286881422e-12 -5.128139993e-16 -1.950453517e-17 5.128140670e-16 1.950453517e-17 5.128139993e-16 1.950453517e-17 6.113667663e-16 -1.950453518e-17 
d 1.000000000e+05 1.000000430e-02 -8.000000000e+00 -3.368811116e-13 0.000000000e+00 3.368917756e-13 -5.128106054e-16 -1.950454543e-17 5.128106178e-16 1.950454543e-17 5.128106054e-16 1.950454543e-17 -8.336792240e-16 -1.950454544e-17 
d 1.000000000e+05 1.000000750e-02 -8.000000000e+00 2.901329888e-14 0.000000000e+00 -2.903732657e-14 -5.128110960e-16 -1.950454425e-17 5.128110939e-16 1.950454425e-17 5.128110960e-16 1.950454425e-17 -1.945253063e-15 -1.950454428e-17 
d 1.000000000e+05 1.000001390e-02 -8.000000000e+00 -2.568223925e-15 0.000000000e+00 2.595244121e-15 -5.128110608e-16 -1.950454482e-17 5.128109293e-16 1.950454482e-17 5.128110608e-16 1.950454482e-17 -3.890507280e-15 -1.950454483e-17 
d 1.000000000e+05 1.000002670e-02 -8.000000000e+00 -1.034651046e-15 0.000000000e+00 1.028305573e-15 -5.128110783e-16 -1.950454571e-17 5.128111334e-16 1.950454571e-17 5.128110783e-16 1.950454571e-17 -1.167151376e-15 -1.950454573e-17 
d 1.000000000e+05 1.000005230e-02 -8.000000000e+00 -1.072312219e-15 0.000000000e+00 1.077272418e-15 -5.128111109e-16 -1.950454748e-17 5.128112301e-16 1.950454748e-17 5.128111109e-16 1.950454748e-17 -2.890090826e-15 -1.950454751e-17 
d 1.000000000e+05 1.000010350e-02 -8.000000000e+00 -1.069261834e-15 0.000000000e+00 1.077272419e-15 -5.128111808e-16 -1.950455092e-17 5.128112018e-16 1.950455092e-17 5.128111808e-16 1.950455092e-17 -1.834095679e-15 -1.950455094e-17 
d 1.000000000e+05 1.000020590e-02 -8.000000000e+00 -1.066315410e-15 0.000000000e+00 1.077272419e-15 -5.128113301e-16 -1.950455760e-17 5.128112478e-16 1.950455760e-17 5.128113301e-16 1.950455760e-17 -2.389882598e-15 -1.950455762e-17 
d 1.000000000e+05 1.000041070e-02 -8.000000000e+00 -1.063103483e-15 0.000000000e+00 1.077272419e-15 -5.128116456e-16 -1.950457061e-17 5.128116116e-16 1.950457061e-17 5.128116456e-16 1.950457061e-17 -2.389882598e-15 -1.950457063e-17 
d 1.000000000e+05 1.000082030e-02 -8.000000000e+00 -1.059790122e-15 0.000000000e+00 1.077272419e-15 -5.128123061e-16 -1.950459592e-17 5.128123185e-16 1.950459592e-17 5.128123061e-16 1.950459592e-17 -2.278725214e-15 -1.950459594e-17 
d 1.000000000e+05 1.000163950e-02 -8.000000000e+00 -1.056236182e-15 0.000000000e+00 1.028305491e-15 -5.128136742e-16 -1.950464532e-17 5.128137022e-16 1.950464532e-17 5.128136742e-16 1.950464532e-17 -1.667359603e-15 -1.950464533e-17 
d 1.000000000e+05 1.000327790e-02 -8.000000000e+00 -1.051958042e-15 0.000000000e+00 1.077272419e-15 -5.128164928e-16 -1.950474170e-17 5.128163180e-16 1.950474170e-17 5.128164928e-16 1.950474170e-17 -8.892579159e-16 -1.950474171e-17 
d 1.000000000e+05 1.000655470e-02 -8.000000000e+00 -1.047419317e-15 0.000000000e+00 1.036466645e-15 -5.128222612e-16 -1.950492979e-17 5.128221498e-16 1.950492979e-17 5.128222612e-16 1.950492979e-17 -2.667776058e-15 -1.950492982e-17 
d 1.000000000e+05 1.001310830e-02 -8.000000000e+00 -1.042003942e-15 0.000000000e+00 1.028305491e-15 -5.128338944e-16 -1.950529853e-17 5.128338414e-16 1.950529853e-17 5.128338944e-16 1.950529853e-17 -1.445044835e-15 -1.950529854e-17 
d 1.000000000e+05 1.002621550e-02 -8.000000000e+00 -1.033064841e-15 0.000000000e+00 1.028305491e-15 -5.128571068e-16 -1.950602005e-17 5.128571499e-16 1.950602005e-17 5.128571068e-16 1.950602005e-17 -1.222730067e-15 -1.950602008e-17 
d 1.000000000e+05 1.005242990e-02 -8.000000000e+00 -1.018301485e-15 0.000000000e+00 1.028305491e-15 -5.129031166e-16 -1.950741991e-17 5.129030085e-16 1.950741991e-17 5.129031166e-16 1.950741991e-17 -2.612197366e-15 -1.950741993e-17 
d 1.000000000e+05 1.010485870e-02 -8.000000000e+00 -9.943319403e-16 0.000000000e+00 9.956608720e-16 -5.129930845e-16 -1.951011879e-17 5.129930979e-16 1.951011879e-17 5.129930845e-16 1.951011879e-17 -3.001248209e-15 -1.951011881e-17 
d 1.000000000e+05 1.020971630e-02 -8.000000000e+00 -9.520333315e-16 0.000000000e+00 9.630162532e-16 -5.131643049e-16 -1.951528205e-17 5.131642755e-16 1.951528205e-17 5.131643049e-16 1.951528205e-17 -1.556202219e-15 -1.951528206e-17 
d 1.000000000e+05 1.041943150e-02 -8.000000000e+00 -8.737335900e-16 0.000000000e+00 8.650823969e-16 -5.134752420e-16 -1.952487735e-17 5.134750209e-16 1.952487735e-17 5.134752420e-16 1.952487735e-17 -3.334720360e-15 -1.952487737e-17 
d 1.000000000e+05 1.083886190e-02 -8.000000000e+00 -7.368517505e-16 0.000000000e+00 7.508262313e-16 -5.139986966e-16 -1.954154290e-17 5.139986817e-16 1.954154290e-17 5.139986966e-16 1.954154290e-17 -2.945669515e-15 -1.954154291e-17 
d 1.000000000e+05 1.167772270e-02 -8.000000000e+00 -5.261181424e-16 0.000000000e+00 5.223139000e-16 -5.147868917e-16 -1.956707772e-17 5.147868780e-16 1.956707772e-17 5.147868917e-16 1.956707772e-17 -5.113238499e-15 -1.956707773e-17 
d 1.000000000e+05 1.335544430e-02 -8.000000000e+00 -2.685933891e-16 0.000000000e+00 2.774792594e-16 -5.157866640e-16 -1.959828780e-17 5.157865606e-16 1.959828780e-17 5.157866640e-16 1.959828780e-17 -4.112822043e-15 -1.959828781e-17 
d 1.000000000e+05 1.671088750e-02 -8.000000000e+00 -6.491443688e-17 0.000000000e+00 4.896692813e-17 -5.166517060e-16 -1.962296542e-17 5.166518349e-16 1.962296542e-17 5.166517060e-16 1.962296542e-17 -4.557451577e-15 -1.962296543e-17 
d 1.000000000e+05 2.342177390e-02 -8.000000000e+00 -2.805669595e-19 0.000000000e+00 1.632230938e-17 -5.169418703e-16 -1.963068526e-17 5.169418349e-16 1.963068526e-17 5.169418703e-16 1.963068526e-17 -4.057243349e-15 -1.963068527e-17 
d 1.000000000e+05 3.684354670e-02 -8.000000000e+00 -2.499300199e-18 0.000000000e+00 1.632230938e-17 -5.169309101e-16 -1.963039839e-17 5.169309750e-16 1.963039839e-17 5.169309101e-16 1.963039839e-17 -4.168400733e-15 -1.963039839e-17 
d 1.000000000e+05 6.368709230e-02 -8.000000000e+00 -2.087208053e-18 0.000000000e+00 1.632230938e-17 -5.169329613e-16 -1.963045209e-17 5.169330307e-16 1.963045209e-17 5.169329613e-16 1.963045209e-17 -4.501872884e-15 -1.963045210e-17 
d 1.000000000e+05 1.173741835e-01 -8.000000000e+00 -2.166493830e-18 0.000000000e+00 1.632230938e-17 -5.169325683e-16 -1.963044181e-17 5.169325362e-16 1.963044181e-17 5.169325683e-16 1.963044181e-17 -5.002081112e-15 -1.963044183e-17 
d 1.000000000e+05 2.247483659e-01 -8.000000000e+00 -2.155222453e-18 0.000000000e+00 1.632230938e-17 -5.169326236e-16 -1.963044326e-17 5.169328116e-16 1.963044326e-17 5.169326236e-16 1.963044326e-17 -4.057243349e-15 -1.963044326e-17 
d 1.000000000e+05 4.394967307e-01 -8.000000000e+00 -2.156220877e-18 0.000000000e+00 1.632230938e-17 -5.169326188e-16 -1.963044313e-17 5.169326319e-16 1.963044313e-17 5.169326188e-16 1.963044313e-17 -4.057243349e-15 -1.963044314e-17 
d 1.000000000e+05 8.689934603e-01 -8.000000000e+00 -2.156170960e-18 0.000000000e+00 1.632230938e-17 -5.169326190e-16 -1.963044314e-17 5.169326133e-16 1.963044314e-17 5.169326190e-16 1.963044314e-17 -4.112822041e-15 -1.963044314e-17 
d 1.000000000e+05 1.000000000e+00 -8.000000000e+00 -2.156172375e-18 0.000000000e+00 1.632230938e-17 -5.169326190e-16 -1.963044314e-17 5.169326235e-16 1.963044314e-17 5.169326190e-16 1.963044314e-17 -4.057243349e-15 -1.963044315e-17 
