v ATLAS
# This file was created by ATLAS version 5.26.1.R on Thu Apr 19 07:58:21 2018.
#SSF 2.0 generic
##############################################################################
#                    Copyright (c) 1984 - 2018                               #
#                    Silvaco Inc. All rights reserved                        #
#                                                                            #
# This file format and the following Key are copyright Silvaco Inc.          #
# You may not use, this format or key without reproducing this message in    #
# full and obtaining express written permission from Silvaco Inc.            #
#                                                                            #
# To obtain such permission please contact: Silvaco Inc.                     #
#                                           support@silvaco.com              #
#                                                                            #
# KEY=SVC86hn7562asdx                       PROD=345                         #
##############################################################################
y 1 15
z 255
f 2 "anode" "cathode" 
p 14 40 61 2 20 3 21 3000000 2000000 3001000 2001000 3000001 2000001 3001001 2001001 
Q 3000000 3 "Mhos/um" 
Q 2000000 3 "F/um" 
Q 3001000 3 "Mhos/um" 
Q 2001000 3 "F/um" 
Q 3000001 3 "Mhos/um" 
Q 2000001 3 "F/um" 
Q 3001001 3 "Mhos/um" 
Q 2001001 3 "F/um" 
d 1.000000000e+05 1.000000000e-10 -7.200000000e+00 3.496990116e+07 0.000000000e+00 -9.391274011e-02 -2.225397960e-16 -2.019488489e-17 2.225398399e-16 2.019488489e-17 2.225397960e-16 2.019488489e-17 -8.673049457e-16 -2.019488489e-17 
d 1.000000000e+05 3.000000000e-10 -5.600000000e+00 1.744158677e-07 0.000000000e+00 -1.744158678e-07 -2.919834783e-16 -2.241238917e-17 2.919832840e-16 2.241238917e-17 2.919834783e-16 2.241238917e-17 8.080215633e-22 -2.241238914e-17 
d 1.000000000e+05 7.000000000e-10 -2.400000000e+00 2.259685220e-07 0.000000000e+00 -2.259685221e-07 -6.105899740e-16 -3.030345389e-17 6.105905249e-16 3.030345389e-17 6.105899740e-16 3.030345389e-17 -2.254993659e-15 -3.030345387e-17 
d 1.000000000e+05 1.500000000e-09 0.000000000e+00 -7.124253143e-09 0.000000000e+00 7.124253161e-09 -2.673184204e-15 -5.857664003e-17 2.673184058e-15 5.857664003e-17 2.673184204e-15 5.857664003e-17 -5.030370796e-15 -5.857664003e-17 
d 1.000000000e+05 3.100000000e-09 0.000000000e+00 -1.934394073e-09 0.000000000e+00 1.934394073e-09 -2.752264858e-15 -5.936651640e-17 2.752264891e-15 5.936651640e-17 2.752264858e-15 5.936651640e-17 -3.469220555e-15 -5.936651640e-17 
d 1.000000000e+05 6.300000000e-09 0.000000000e+00 2.725409287e-10 0.000000000e+00 -2.725409002e-10 -2.737320035e-15 -5.920238911e-17 2.737320392e-15 5.920238911e-17 2.737320035e-15 5.920238911e-17 -8.673035394e-16 -5.920238912e-17 
d 1.000000000e+05 1.270000000e-08 0.000000000e+00 -2.194904976e-11 0.000000000e+00 2.194904021e-11 -2.739563706e-15 -5.920206303e-17 2.739562027e-15 5.920206303e-17 2.739563706e-15 5.920206303e-17 -1.387686944e-15 -5.920206302e-17 
d 1.000000000e+05 2.550000000e-08 0.000000000e+00 1.799512387e-12 0.000000000e+00 -1.799525412e-12 -2.739141565e-15 -5.916760776e-17 2.739139097e-15 5.916760776e-17 2.739141565e-15 5.916760776e-17 -5.377293044e-15 -5.916760777e-17 
d 1.000000000e+05 5.110000000e-08 0.000000000e+00 4.449596456e-13 0.000000000e+00 -4.449416162e-13 -2.737507418e-15 -5.912402617e-17 2.737507820e-15 5.912402617e-17 2.737507418e-15 5.912402617e-17 -3.122298294e-15 -5.912402617e-17 
d 1.000000000e+05 1.023000000e-07 0.000000000e+00 2.485310405e-13 0.000000000e+00 -2.485335201e-13 -2.734121954e-15 -5.907830776e-17 2.734121596e-15 5.907830776e-17 2.734121954e-15 5.907830776e-17 -6.764982125e-15 -5.907830778e-17 
d 1.000000000e+05 2.047000000e-07 0.000000000e+00 1.221080559e-13 0.000000000e+00 -1.221261226e-13 -2.730317259e-15 -5.903908543e-17 2.730317700e-15 5.903908543e-17 2.730317259e-15 5.903908543e-17 -3.642681701e-15 -5.903908544e-17 
d 1.000000000e+05 4.095000000e-07 0.000000000e+00 6.101721258e-14 0.000000000e+00 -6.103561723e-14 -2.727107682e-15 -5.900663656e-17 2.727107947e-15 5.900663656e-17 2.727107682e-15 5.900663656e-17 -6.938424117e-16 -5.900663658e-17 
d 1.000000000e+05 8.191000000e-07 0.000000000e+00 3.041392145e-14 0.000000000e+00 -3.038973628e-14 -2.724364516e-15 -5.897900023e-17 2.724364983e-15 5.897900023e-17 2.724364516e-15 5.897900023e-17 -2.775376030e-15 -5.897900023e-17 
d 1.000000000e+05 1.638300000e-06 0.000000000e+00 1.519967970e-14 0.000000000e+00 -1.518572012e-14 -2.721980747e-15 -5.895503280e-17 2.721980873e-15 5.895503280e-17 2.721980747e-15 5.895503280e-17 -2.081531492e-15 -5.895503280e-17 
d 1.000000000e+05 3.276700000e-06 0.000000000e+00 7.596840400e-15 0.000000000e+00 -7.611156106e-15 -2.719878343e-15 -5.893390707e-17 2.719876046e-15 5.893390707e-17 2.719878343e-15 5.893390707e-17 -3.469201448e-16 -5.893390706e-17 
d 1.000000000e+05 6.553500000e-06 0.000000000e+00 3.798103502e-15 0.000000000e+00 -3.823874102e-15 -2.718000576e-15 -5.891504160e-17 2.718002000e-15 5.891504160e-17 2.718000576e-15 5.891504160e-17 -1.040764684e-15 -5.891504161e-17 
d 1.000000000e+05 1.310710000e-05 0.000000000e+00 1.900272297e-15 0.000000000e+00 -1.902789027e-15 -2.716306132e-15 -5.889801684e-17 2.716305111e-15 5.889801684e-17 2.716306132e-15 5.889801684e-17 -5.030370784e-15 -5.889801684e-17 
d 1.000000000e+05 2.621430000e-05 0.000000000e+00 9.487346419e-16 0.000000000e+00 -9.696905616e-16 -2.714764194e-15 -5.888252190e-17 2.714762732e-15 5.888252190e-17 2.714764194e-15 5.888252190e-17 -3.989603976e-15 -5.888252189e-17 
d 1.000000000e+05 5.242870000e-05 0.000000000e+00 4.752043332e-16 0.000000000e+00 -4.574012083e-16 -2.713349729e-15 -5.886830515e-17 2.713348901e-15 5.886830515e-17 2.713349729e-15 5.886830515e-17 -1.561148090e-15 -5.886830516e-17 
d 1.000000000e+05 1.048575000e-04 0.000000000e+00 2.379352199e-16 0.000000000e+00 -2.378486283e-16 -2.712048134e-15 -5.885522015e-17 2.712050037e-15 5.885522015e-17 2.712048134e-15 5.885522015e-17 1.734613469e-15 -5.885522016e-17 
d 1.000000000e+05 2.097151000e-04 0.000000000e+00 1.181692581e-16 0.000000000e+00 -1.280723383e-16 -2.710839614e-15 -5.884306835e-17 2.710839653e-15 5.884306835e-17 2.710839614e-15 5.884306835e-17 -5.203812828e-16 -5.884306835e-17 
d 1.000000000e+05 4.194303000e-04 0.000000000e+00 5.989799898e-17 0.000000000e+00 -5.488814500e-17 -2.709718100e-15 -5.883178921e-17 2.709718902e-15 5.883178921e-17 2.709718100e-15 5.883178921e-17 -2.601914900e-15 -5.883178922e-17 
d 1.000000000e+05 8.388607000e-04 0.000000000e+00 2.937715445e-17 0.000000000e+00 -5.488814500e-17 -2.708670554e-15 -5.882125202e-17 2.708670146e-15 5.882125202e-17 2.708670554e-15 5.882125202e-17 -3.989603979e-15 -5.882125203e-17 
d 1.000000000e+05 1.677721500e-03 0.000000000e+00 1.504558771e-17 0.000000000e+00 -4.869997185e-30 -2.707689604e-15 -5.881138300e-17 2.707689075e-15 5.881138300e-17 2.707689604e-15 5.881138300e-17 -5.030370788e-15 -5.881138301e-17 
d 1.000000000e+05 3.355443100e-03 0.000000000e+00 7.320676387e-18 0.000000000e+00 3.737759548e-37 -2.706771869e-15 -5.880214847e-17 2.706774151e-15 5.880214847e-17 2.706771869e-15 5.880214847e-17 -4.509987384e-15 -5.880214846e-17 
d 1.000000000e+05 6.710886300e-03 0.000000000e+00 3.772965198e-18 0.000000000e+00 1.868879774e-37 -2.705905584e-15 -5.879343031e-17 2.705905002e-15 5.879343031e-17 2.705905584e-15 5.879343031e-17 -2.601914902e-15 -5.879343032e-17 
d 1.000000000e+05 1.000000000e-02 0.000000000e+00 2.516283943e-18 0.000000000e+00 1.906568304e-37 -2.705441232e-15 -5.878875662e-17 2.705442128e-15 5.878875662e-17 2.705441232e-15 5.878875662e-17 -2.081531498e-15 -5.878875664e-17 
d 1.000000000e+05 1.000000010e-02 -7.999999972e-01 -2.726230757e-07 0.000000000e+00 2.726230756e-07 -1.977705030e-15 -5.093148697e-17 1.977705194e-15 5.093148697e-17 1.977705030e-15 5.093148697e-17 -3.469204333e-16 -5.093148696e-17 
d 1.000000000e+05 1.000000011e-02 -8.999999917e-01 -2.858898140e-07 0.000000000e+00 2.858898132e-07 -1.867470662e-15 -4.961840963e-17 1.867472546e-15 4.961840963e-17 1.867470662e-15 4.961840963e-17 1.734629236e-16 -4.961840964e-17 
d 1.000000000e+05 1.000000012e-02 -9.999999861e-01 -2.970821907e-07 0.000000000e+00 2.970821897e-07 -1.761382289e-15 -4.831823406e-17 1.761382292e-15 4.831823406e-17 1.761382289e-15 4.831823406e-17 -3.816143223e-15 -4.831823406e-17 
d 1.000000000e+05 1.000000014e-02 -1.099999981e+00 -3.062410074e-07 0.000000000e+00 3.062410064e-07 -1.660346711e-15 -4.704258515e-17 1.660346948e-15 4.704258515e-17 1.660346711e-15 4.704258515e-17 4.336530065e-15 -4.704258516e-17 
d 1.000000000e+05 1.000000015e-02 -1.199999975e+00 -3.135062378e-07 0.000000000e+00 3.135062369e-07 -1.564837504e-15 -4.580061243e-17 1.564838190e-15 4.580061243e-17 1.564837504e-15 4.580061243e-17 -3.816143313e-15 -4.580061241e-17 
d 1.000000000e+05 1.000000016e-02 -1.299999969e+00 -3.190215761e-07 0.000000000e+00 3.190215751e-07 -1.475137626e-15 -4.459904181e-17 1.475137407e-15 4.459904181e-17 1.475137626e-15 4.459904181e-17 -2.948837683e-15 -4.459904182e-17 
d 1.000000000e+05 1.000000019e-02 -1.499999972e+00 -3.254382777e-07 0.000000000e+00 3.254382773e-07 -1.315134397e-15 -4.233499297e-17 1.315133236e-15 4.233499297e-17 1.315134397e-15 4.233499297e-17 -1.561148687e-15 -4.233499300e-17 
d 1.000000000e+05 1.000000021e-02 -1.699999975e+00 -3.266325034e-07 0.000000000e+00 3.266324996e-07 -1.173718476e-15 -4.026778146e-17 1.173718719e-15 4.026778146e-17 1.173718476e-15 4.026778146e-17 4.683452090e-15 -4.026778146e-17 
d 1.000000000e+05 1.000000024e-02 -1.899999978e+00 -3.237690923e-07 0.000000000e+00 3.237693571e-07 -1.055262919e-15 -3.839849577e-17 1.055263224e-15 3.839849577e-17 1.055262919e-15 3.839849577e-17 -2.081532233e-15 -3.839849574e-17 
d 1.000000000e+05 1.000000026e-02 -2.099999981e+00 -3.179257805e-07 0.000000000e+00 3.179257533e-07 -9.522385428e-16 -3.671760292e-17 9.522380489e-16 3.671760292e-17 9.522385428e-16 3.671760292e-17 1.561151537e-15 -3.671760290e-17 
d 1.000000000e+05 1.000000029e-02 -2.299999983e+00 -3.100470661e-07 0.000000000e+00 3.100471665e-07 -8.652303659e-16 -3.520989386e-17 8.652304479e-16 3.520989386e-17 8.652303659e-16 3.520989386e-17 -2.081532348e-15 -3.520989385e-17 
d 1.000000000e+05 1.000000031e-02 -2.499999986e+00 -3.009225421e-07 0.000000000e+00 3.009225382e-07 -7.905261219e-16 -3.385777440e-17 7.905262007e-16 3.385777440e-17 7.905261219e-16 3.385777440e-17 3.816146185e-15 -3.385777440e-17 
d 1.000000000e+05 1.000000034e-02 -2.699999989e+00 -2.911779399e-07 0.000000000e+00 2.911779425e-07 -7.263404012e-16 -3.264332750e-17 7.263405283e-16 3.264332750e-17 7.263404012e-16 3.264332750e-17 -1.040765632e-15 -3.264332750e-17 
d 1.000000000e+05 1.000000036e-02 -2.899999992e+00 -2.812843576e-07 0.000000000e+00 2.812843573e-07 -6.708256998e-16 -3.154950353e-17 6.708254582e-16 3.154950353e-17 6.708256998e-16 3.154950353e-17 -2.428454749e-15 -3.154950355e-17 
d 1.000000000e+05 1.000000039e-02 -3.099999994e+00 -2.715756228e-07 0.000000000e+00 2.715756222e-07 -6.224955924e-16 -3.056073698e-17 6.224958146e-16 3.056073698e-17 6.224955924e-16 3.056073698e-17 -1.387687976e-15 -3.056073699e-17 
d 1.000000000e+05 1.000000041e-02 -3.299999997e+00 -2.622714392e-07 0.000000000e+00 2.622714390e-07 -5.801606945e-16 -2.966319772e-17 5.801607248e-16 2.966319772e-17 5.801606945e-16 2.966319772e-17 -1.040765739e-15 -2.966319771e-17 
d 1.000000000e+05 1.000000044e-02 -3.500000000e+00 -2.535016432e-07 0.000000000e+00 2.535016428e-07 -5.428279132e-16 -2.884482121e-17 5.428278403e-16 2.884482121e-17 5.428279132e-16 2.884482121e-17 2.081534657e-15 -2.884482120e-17 
d 1.000000000e+05 1.000000046e-02 -3.700000003e+00 -2.453289927e-07 0.000000000e+00 2.453289923e-07 -5.096936050e-16 -2.809521447e-17 5.096929820e-16 2.809521447e-17 5.096936050e-16 2.809521447e-17 1.040767821e-15 -2.809521448e-17 
d 1.000000000e+05 1.000000049e-02 -3.900000006e+00 -2.377689040e-07 0.000000000e+00 2.377689036e-07 -4.801024503e-16 -2.740549746e-17 4.801025856e-16 2.740549746e-17 4.801024503e-16 2.740549746e-17 -1.734610360e-15 -2.740549744e-17 
d 1.000000000e+05 1.000000051e-02 -4.100000008e+00 -2.308054823e-07 0.000000000e+00 2.308054818e-07 -4.535194545e-16 -2.676811925e-17 4.535200009e-16 2.676811925e-17 4.535194545e-16 2.676811925e-17 -6.938435740e-16 -2.676811924e-17 
d 1.000000000e+05 1.000000054e-02 -4.300000011e+00 -2.244038342e-07 0.000000000e+00 2.244038338e-07 -4.295082325e-16 -2.617668086e-17 4.295077333e-16 2.617668086e-17 4.295082325e-16 2.617668086e-17 -5.203824605e-16 -2.617668088e-17 
d 1.000000000e+05 1.000000056e-02 -4.500000014e+00 -2.185190562e-07 0.000000000e+00 2.185190557e-07 -4.077097776e-16 -2.562575071e-17 4.077102524e-16 2.562575071e-17 4.077097776e-16 2.562575071e-17 -1.214227019e-15 -2.562575072e-17 
d 1.000000000e+05 1.000000061e-02 -4.900000019e+00 -2.080751874e-07 0.000000000e+00 2.080751872e-07 -3.782276227e-16 -2.462738448e-17 3.782276197e-16 2.462738448e-17 3.782276227e-16 2.462738448e-17 -1.040765921e-15 -2.462738447e-17 
d 1.000000000e+05 1.000000066e-02 -5.300000025e+00 -1.991531079e-07 0.000000000e+00 1.991528671e-07 -3.373835031e-16 -2.374438808e-17 3.373837338e-16 2.374438808e-17 3.373835031e-16 2.374438808e-17 -2.775377300e-15 -2.374438807e-17 
d 1.000000000e+05 1.000000069e-02 -5.500000028e+00 -1.951673535e-07 0.000000000e+00 1.951696713e-07 -3.240358581e-16 -2.333923463e-17 3.240359312e-16 2.333923463e-17 3.240358581e-16 2.333923463e-17 -6.938436976e-16 -2.333923462e-17 
d 1.000000000e+05 1.000000071e-02 -5.700000031e+00 -1.914439976e-07 0.000000000e+00 1.914439183e-07 -3.097940959e-16 -2.295505581e-17 3.097941404e-16 2.295505581e-17 3.097940959e-16 2.295505581e-17 1.561151040e-15 -2.295505581e-17 
d 1.000000000e+05 1.000000074e-02 -5.900000033e+00 -1.879489910e-07 0.000000000e+00 1.879490396e-07 -2.985368486e-16 -2.259017500e-17 2.985371550e-16 2.259017500e-17 2.985368486e-16 2.259017500e-17 -3.469214551e-16 -2.259017501e-17 
d 1.000000000e+05 1.000000076e-02 -6.100000036e+00 -1.846602376e-07 0.000000000e+00 1.846602288e-07 -2.858659457e-16 -2.224292326e-17 2.858662029e-16 2.224292326e-17 2.858659457e-16 2.224292326e-17 -1.734603328e-16 -2.224292326e-17 
d 1.000000000e+05 1.000000079e-02 -6.300000039e+00 -1.815567959e-07 0.000000000e+00 1.815568061e-07 -2.750650596e-16 -2.191185899e-17 2.750652208e-16 2.191185899e-17 2.750650596e-16 2.191185899e-17 -8.673048838e-16 -2.191185898e-17 
d 1.000000000e+05 1.000000084e-02 -6.700000044e+00 -1.758250522e-07 0.000000000e+00 1.758250536e-07 -2.574861485e-16 -2.129328037e-17 2.574861150e-16 2.129328037e-17 2.574861485e-16 2.129328037e-17 2.948840058e-15 -2.129328038e-17 
d 1.000000000e+05 1.000000089e-02 -7.100000050e+00 -1.706556939e-07 0.000000000e+00 1.706556725e-07 -2.379443424e-16 -2.072613479e-17 2.379443124e-16 2.072613479e-17 2.379443424e-16 2.072613479e-17 -8.673049265e-16 -2.072613479e-17 
d 1.000000000e+05 1.000000094e-02 -7.500000056e+00 -1.659537357e-07 0.000000000e+00 1.659543142e-07 -2.399179612e-16 -2.020323265e-17 2.399178118e-16 2.020323265e-17 2.399179612e-16 2.020323265e-17 1.734618631e-16 -2.020323263e-17 
d 1.000000000e+05 1.000000099e-02 -7.900000061e+00 -1.616476519e-07 0.000000000e+00 1.616476088e-07 -2.084330517e-16 -1.971908560e-17 2.084331413e-16 1.971908560e-17 2.084330517e-16 1.971908560e-17 -1.561149502e-15 -1.971908558e-17 
d 1.000000000e+05 1.000000100e-02 -8.000000000e+00 -1.606279003e-07 0.000000000e+00 1.606278994e-07 -2.054076847e-16 -1.960355279e-17 2.054075372e-16 1.960355279e-17 2.054076847e-16 1.960355279e-17 -1.040766102e-15 -1.960355277e-17 
d 1.000000000e+05 1.000000101e-02 -8.000000000e+00 -7.283737385e-08 0.000000000e+00 7.283736581e-08 -2.036974911e-16 -1.954834113e-17 2.036976364e-16 1.954834113e-17 2.036974911e-16 1.954834113e-17 -1.214227239e-15 -1.954834114e-17 
d 1.000000000e+05 1.000000103e-02 -8.000000000e+00 -5.508456102e-08 0.000000000e+00 5.508456016e-08 -2.025976975e-16 -1.950714109e-17 2.025977157e-16 1.950714109e-17 2.025976975e-16 1.950714109e-17 8.673063771e-16 -1.950714109e-17 
d 1.000000000e+05 1.000000104e-02 -8.000000000e+00 -4.158530052e-08 0.000000000e+00 4.158529953e-08 -2.017665126e-16 -1.947620949e-17 2.017662701e-16 1.947620949e-17 2.017665126e-16 1.947620949e-17 8.673063759e-16 -1.947620948e-17 
d 1.000000000e+05 1.000000105e-02 -8.000000000e+00 -3.139500686e-08 0.000000000e+00 3.139500612e-08 -2.011411479e-16 -1.945295185e-17 2.011412904e-16 1.945295185e-17 2.011411479e-16 1.945295185e-17 3.295762262e-15 -1.945295184e-17 
d 1.000000000e+05 1.000000108e-02 -8.000000000e+00 -1.777806570e-08 0.000000000e+00 1.777806535e-08 -2.003071899e-16 -1.942202393e-17 2.003073182e-16 1.942202393e-17 2.003071899e-16 1.942202393e-17 -2.428455186e-15 -1.942202394e-17 
d 1.000000000e+05 1.000000113e-02 -8.000000000e+00 -5.381323399e-09 0.000000000e+00 5.381323209e-09 -1.995488167e-16 -1.939399688e-17 1.995488582e-16 1.939399688e-17 1.995488167e-16 1.939399688e-17 -2.948838592e-15 -1.939399687e-17 
d 1.000000000e+05 1.000000123e-02 -8.000000000e+00 -1.337689558e-10 0.000000000e+00 1.337688484e-10 -1.992274605e-16 -1.938215596e-17 1.992271939e-16 1.938215596e-17 1.992274605e-16 1.938215596e-17 -1.908071784e-15 -1.938215595e-17 
d 1.000000000e+05 1.000000143e-02 -8.000000000e+00 2.150668544e-11 0.000000000e+00 -2.150673191e-11 -1.992179466e-16 -1.938180534e-17 1.992177435e-16 1.938180534e-17 1.992179466e-16 1.938180534e-17 -1.040766110e-15 -1.938180533e-17 
d 1.000000000e+05 1.000000183e-02 -8.000000000e+00 -4.437323758e-12 0.000000000e+00 4.437331483e-12 -1.992195368e-16 -1.938186394e-17 1.992193320e-16 1.938186394e-17 1.992195368e-16 1.938186394e-17 -1.908071784e-15 -1.938186395e-17 
d 1.000000000e+05 1.000000263e-02 -8.000000000e+00 7.281942011e-13 0.000000000e+00 -7.282178195e-13 -1.992192203e-16 -1.938185228e-17 1.992191245e-16 1.938185228e-17 1.992192203e-16 1.938185228e-17 -1.908071784e-15 -1.938185229e-17 
d 1.000000000e+05 1.000000423e-02 -8.000000000e+00 -7.601987764e-14 0.000000000e+00 7.600162858e-14 -1.992192696e-16 -1.938185409e-17 1.992192143e-16 1.938185409e-17 1.992192696e-16 1.938185409e-17 2.428456585e-15 -1.938185409e-17 
d 1.000000000e+05 1.000000743e-02 -8.000000000e+00 4.491356359e-15 0.000000000e+00 -4.500818661e-15 -1.992192647e-16 -1.938185391e-17 1.992192982e-16 1.938185391e-17 1.992192647e-16 1.938185391e-17 1.214228642e-15 -1.938185392e-17 
d 1.000000000e+05 1.000001383e-02 -8.000000000e+00 -1.414224495e-16 0.000000000e+00 1.463680945e-16 -1.992192649e-16 -1.938185392e-17 1.992191820e-16 1.938185392e-17 1.992192649e-16 1.938185392e-17 1.214228642e-15 -1.938185392e-17 
d 1.000000000e+05 1.000002663e-02 -8.000000000e+00 2.187023024e-18 0.000000000e+00 6.218925920e-24 -1.992192649e-16 -1.938185392e-17 1.992190625e-16 1.938185392e-17 1.992192649e-16 1.938185392e-17 -1.387688379e-15 -1.938185391e-17 
d 1.000000000e+05 1.000005223e-02 -8.000000000e+00 -1.277366604e-19 0.000000000e+00 2.449578098e-32 -1.992192649e-16 -1.938185392e-17 1.992191030e-16 1.938185392e-17 1.992192649e-16 1.938185392e-17 6.938452378e-16 -1.938185394e-17 
d 1.000000000e+05 1.000010343e-02 -8.000000000e+00 -1.083454043e-19 0.000000000e+00 1.224789049e-32 -1.992192649e-16 -1.938185392e-17 1.992192062e-16 1.938185392e-17 1.992192649e-16 1.938185392e-17 1.734618335e-16 -1.938185393e-17 
d 1.000000000e+05 1.000020583e-02 -8.000000000e+00 -1.083996525e-19 0.000000000e+00 6.123945244e-33 -1.992192650e-16 -1.938185392e-17 1.992191696e-16 1.938185392e-17 1.992192650e-16 1.938185392e-17 -3.469215707e-16 -1.938185392e-17 
d 1.000000000e+05 1.000041063e-02 -8.000000000e+00 -1.080396419e-19 0.000000000e+00 3.061972622e-33 -1.992192650e-16 -1.938185393e-17 1.992193707e-16 1.938185393e-17 1.992192650e-16 1.938185393e-17 -3.469215707e-16 -1.938185392e-17 
d 1.000000000e+05 1.000082023e-02 -8.000000000e+00 -1.076253831e-19 0.000000000e+00 1.530986311e-33 -1.992192651e-16 -1.938185393e-17 1.992191658e-16 1.938185393e-17 1.992192651e-16 1.938185393e-17 1.734618335e-16 -1.938185393e-17 
d 1.000000000e+05 1.000163943e-02 -8.000000000e+00 -1.073878419e-19 0.000000000e+00 7.654931555e-34 -1.992192652e-16 -1.938185393e-17 1.992191649e-16 1.938185393e-17 1.992192652e-16 1.938185393e-17 -1.734604360e-16 -1.938185394e-17 
d 1.000000000e+05 1.000327783e-02 -8.000000000e+00 -1.071911923e-19 0.000000000e+00 3.827465777e-34 -1.992192655e-16 -1.938185394e-17 1.992192497e-16 1.938185394e-17 1.992192655e-16 1.938185394e-17 1.734618335e-16 -1.938185395e-17 
d 1.000000000e+05 1.000655463e-02 -8.000000000e+00 -1.069981900e-19 0.000000000e+00 1.913732889e-34 -1.992192661e-16 -1.938185397e-17 1.992191857e-16 1.938185397e-17 1.992192661e-16 1.938185397e-17 -3.469215707e-16 -1.938185397e-17 
d 1.000000000e+05 1.001310823e-02 -8.000000000e+00 -1.067062978e-19 0.000000000e+00 9.568664444e-35 -1.992192673e-16 -1.938185401e-17 1.992192072e-16 1.938185401e-17 1.992192673e-16 1.938185401e-17 -3.469215707e-16 -1.938185401e-17 
d 1.000000000e+05 1.002621543e-02 -8.000000000e+00 -1.063399685e-19 0.000000000e+00 4.784332222e-35 -1.992192696e-16 -1.938185409e-17 1.992190896e-16 1.938185409e-17 1.992192696e-16 1.938185409e-17 -1.734604360e-16 -1.938185409e-17 
d 1.000000000e+05 1.005242983e-02 -8.000000000e+00 -1.060618311e-19 0.000000000e+00 2.392166111e-35 -1.992192741e-16 -1.938185425e-17 1.992190292e-16 1.938185425e-17 1.992192741e-16 1.938185425e-17 -3.469215707e-16 -1.938185425e-17 
d 1.000000000e+05 1.010485863e-02 -8.000000000e+00 -1.059215134e-19 0.000000000e+00 1.196083055e-35 -1.992192830e-16 -1.938185457e-17 1.992193259e-16 1.938185457e-17 1.992192830e-16 1.938185457e-17 -1.734604360e-16 -1.938185458e-17 
d 1.000000000e+05 1.020971623e-02 -8.000000000e+00 -1.057734402e-19 0.000000000e+00 5.980415277e-36 -1.992193006e-16 -1.938185520e-17 1.992192944e-16 1.938185520e-17 1.992193006e-16 1.938185520e-17 -3.469215707e-16 -1.938185520e-17 
d 1.000000000e+05 1.041943143e-02 -8.000000000e+00 -1.055109124e-19 0.000000000e+00 2.990207639e-36 -1.992193354e-16 -1.938185645e-17 1.992192267e-16 1.938185645e-17 1.992193354e-16 1.938185645e-17 -3.469215707e-16 -1.938185646e-17 
d 1.000000000e+05 1.083886183e-02 -8.000000000e+00 -1.051235975e-19 0.000000000e+00 1.495103819e-36 -1.992194040e-16 -1.938185892e-17 1.992194210e-16 1.938185892e-17 1.992194040e-16 1.938185892e-17 3.469229683e-16 -1.938185892e-17 
d 1.000000000e+05 1.167772263e-02 -8.000000000e+00 -1.046909482e-19 0.000000000e+00 7.475519097e-37 -1.992195382e-16 -1.938186374e-17 1.992193977e-16 1.938186374e-17 1.992195382e-16 1.938186374e-17 -1.734604360e-16 -1.938186374e-17 
d 1.000000000e+05 1.335544423e-02 -8.000000000e+00 -1.044000976e-19 0.000000000e+00 3.737759548e-37 -1.992198016e-16 -1.938187320e-17 1.992198501e-16 1.938187320e-17 1.992198016e-16 1.938187320e-17 -6.938438403e-16 -1.938187320e-17 
d 1.000000000e+05 1.671088743e-02 -8.000000000e+00 -1.042928685e-19 0.000000000e+00 1.868879774e-37 -1.992203234e-16 -1.938189194e-17 1.992203250e-16 1.938189194e-17 1.992203234e-16 1.938189194e-17 -1.734604360e-16 -1.938189194e-17 
d 1.000000000e+05 2.342177383e-02 -8.000000000e+00 -1.041753171e-19 0.000000000e+00 9.344398871e-38 -1.992213631e-16 -1.938192928e-17 1.992213314e-16 1.938192928e-17 1.992213631e-16 1.938192928e-17 3.469229683e-16 -1.938192928e-17 
d 1.000000000e+05 3.684354663e-02 -8.000000000e+00 -1.039427575e-19 0.000000000e+00 4.672199435e-38 -1.992234298e-16 -1.938200350e-17 1.992231654e-16 1.938200350e-17 1.992234298e-16 1.938200350e-17 -6.938438402e-16 -1.938200351e-17 
d 1.000000000e+05 6.368709223e-02 -8.000000000e+00 -1.035269475e-19 0.000000000e+00 2.336099718e-38 -1.992275179e-16 -1.938215032e-17 1.992273936e-16 1.938215032e-17 1.992275179e-16 1.938215032e-17 3.469229683e-16 -1.938215033e-17 
d 1.000000000e+05 1.173741834e-01 -8.000000000e+00 -1.028451435e-19 0.000000000e+00 1.168049859e-38 -1.992355477e-16 -1.938243870e-17 1.992354768e-16 1.938243870e-17 1.992355477e-16 1.938243870e-17 -6.938438402e-16 -1.938243870e-17 
d 1.000000000e+05 2.247483658e-01 -8.000000000e+00 -1.018684708e-19 0.000000000e+00 5.840249294e-39 -1.992512121e-16 -1.938300124e-17 1.992512782e-16 1.938300124e-17 1.992512121e-16 1.938300124e-17 6.988047041e-22 -1.938300124e-17 
d 1.000000000e+05 4.394967306e-01 -8.000000000e+00 -1.005945181e-19 0.000000000e+00 2.920124647e-39 -1.992817329e-16 -1.938409723e-17 1.992818452e-16 1.938409723e-17 1.992817329e-16 1.938409723e-17 -6.938438402e-16 -1.938409723e-17 
d 1.000000000e+05 8.689934602e-01 -8.000000000e+00 -9.866358748e-20 0.000000000e+00 1.460062324e-39 -1.993414072e-16 -1.938623988e-17 1.993412918e-16 1.938623988e-17 1.993414072e-16 1.938623988e-17 -6.938438401e-16 -1.938623988e-17 
d 1.000000000e+05 1.000000000e+00 -8.000000000e+00 -9.810418174e-20 0.000000000e+00 4.786722816e-39 -1.993593659e-16 -1.938688464e-17 1.993593784e-16 1.938688464e-17 1.993593659e-16 1.938688464e-17 -6.938438401e-16 -1.938688464e-17 
