v ATLAS
# This file was created by ATLAS version 5.26.1.R on Tue May  8 01:07:45 2018.
#SSF 2.0 generic
##############################################################################
#                    Copyright (c) 1984 - 2018                               #
#                    Silvaco Inc. All rights reserved                        #
#                                                                            #
# This file format and the following Key are copyright Silvaco Inc.          #
# You may not use, this format or key without reproducing this message in    #
# full and obtaining express written permission from Silvaco Inc.            #
#                                                                            #
# To obtain such permission please contact: Silvaco Inc.                     #
#                                           support@silvaco.com              #
#                                                                            #
# KEY=SVC86hn7562asdx                       PROD=345                         #
##############################################################################
y 3 700 711 15
z 26 1e+41 300
f 3 "gate" "source" "drain" 
p 10 61 2 601 20 3 602 21 4 603 22 
d 8.05000000000000e-01 9.625000000e+00 9.625000000e+00 -2.171055183e-12 0.000000000e+00 0.000000000e+00 -1.770867165e-07 1.000000000e-01 1.000000000e-01 1.770888880e-07 
d 8.10000000000000e-01 9.500000000e+00 9.500000000e+00 -2.170879687e-12 0.000000000e+00 0.000000000e+00 -1.742783015e-07 1.000000000e-01 1.000000000e-01 1.742804728e-07 
d 8.15000000000000e-01 9.375000000e+00 9.375000000e+00 -2.170709309e-12 0.000000000e+00 0.000000000e+00 -1.714758158e-07 1.000000000e-01 1.000000000e-01 1.714779869e-07 
d 8.20000000000000e-01 9.250000000e+00 9.250000000e+00 -2.170534004e-12 0.000000000e+00 0.000000000e+00 -1.686791840e-07 1.000000000e-01 1.000000000e-01 1.686813550e-07 
d 8.25000000000000e-01 9.125000000e+00 9.125000000e+00 -2.170353591e-12 0.000000000e+00 0.000000000e+00 -1.658883387e-07 1.000000000e-01 1.000000000e-01 1.658905095e-07 
d 8.30000000000000e-01 9.000000000e+00 9.000000000e+00 -2.170167876e-12 0.000000000e+00 0.000000000e+00 -1.631032197e-07 1.000000000e-01 1.000000000e-01 1.631053904e-07 
d 8.35000000000000e-01 8.875000000e+00 8.875000000e+00 -2.169976653e-12 0.000000000e+00 0.000000000e+00 -1.603237741e-07 1.000000000e-01 1.000000000e-01 1.603259445e-07 
d 8.40000000000000e-01 8.750000000e+00 8.750000000e+00 -2.169779704e-12 0.000000000e+00 0.000000000e+00 -1.575499556e-07 1.000000000e-01 1.000000000e-01 1.575521256e-07 
d 8.45000000000000e-01 8.625000000e+00 8.625000000e+00 -2.169576797e-12 0.000000000e+00 0.000000000e+00 -1.547817240e-07 1.000000000e-01 1.000000000e-01 1.547838939e-07 
d 8.50000000000000e-01 8.500000000e+00 8.500000000e+00 -2.169367686e-12 0.000000000e+00 0.000000000e+00 -1.520190457e-07 1.000000000e-01 1.000000000e-01 1.520212154e-07 
d 8.55000000000000e-01 8.375000000e+00 8.375000000e+00 -2.169152110e-12 0.000000000e+00 0.000000000e+00 -1.492618927e-07 1.000000000e-01 1.000000000e-01 1.492640622e-07 
d 8.60000000000000e-01 8.250000000e+00 8.250000000e+00 -2.168929791e-12 0.000000000e+00 0.000000000e+00 -1.465102430e-07 1.000000000e-01 1.000000000e-01 1.465124122e-07 
d 8.65000000000000e-01 8.125000000e+00 8.125000000e+00 -2.168700433e-12 0.000000000e+00 0.000000000e+00 -1.437640799e-07 1.000000000e-01 1.000000000e-01 1.437662489e-07 
d 8.70000000000000e-01 8.000000000e+00 8.000000000e+00 -2.168463723e-12 0.000000000e+00 0.000000000e+00 -1.410233926e-07 1.000000000e-01 1.000000000e-01 1.410255613e-07 
d 8.75000000000000e-01 7.875000000e+00 7.875000000e+00 -2.168219326e-12 0.000000000e+00 0.000000000e+00 -1.382881753e-07 1.000000000e-01 1.000000000e-01 1.382903438e-07 
d 8.80000000000000e-01 7.750000000e+00 7.750000000e+00 -2.167966885e-12 0.000000000e+00 0.000000000e+00 -1.355584283e-07 1.000000000e-01 1.000000000e-01 1.355605965e-07 
d 8.85000000000000e-01 7.625000000e+00 7.625000000e+00 -2.167706022e-12 0.000000000e+00 0.000000000e+00 -1.328341571e-07 1.000000000e-01 1.000000000e-01 1.328363250e-07 
d 8.90000000000000e-01 7.500000000e+00 7.500000000e+00 -2.167436332e-12 0.000000000e+00 0.000000000e+00 -1.301153727e-07 1.000000000e-01 1.000000000e-01 1.301175404e-07 
d 8.95000000000000e-01 7.375000000e+00 7.375000000e+00 -2.167157380e-12 0.000000000e+00 0.000000000e+00 -1.274020923e-07 1.000000000e-01 1.000000000e-01 1.274042597e-07 
d 9.00000000000000e-01 7.250000000e+00 7.250000000e+00 -2.166868707e-12 0.000000000e+00 0.000000000e+00 -1.246943388e-07 1.000000000e-01 1.000000000e-01 1.246965059e-07 
d 9.05000000000000e-01 7.125000000e+00 7.125000000e+00 -2.166569816e-12 0.000000000e+00 0.000000000e+00 -1.219921413e-07 1.000000000e-01 1.000000000e-01 1.219943081e-07 
d 9.10000000000000e-01 7.000000000e+00 7.000000000e+00 -2.166260180e-12 0.000000000e+00 0.000000000e+00 -1.192955356e-07 1.000000000e-01 1.000000000e-01 1.192977022e-07 
d 9.15000000000000e-01 6.875000000e+00 6.875000000e+00 -2.165939228e-12 0.000000000e+00 0.000000000e+00 -1.166045646e-07 1.000000000e-01 1.000000000e-01 1.166067308e-07 
d 9.20000000000000e-01 6.750000000e+00 6.750000000e+00 -2.165606354e-12 0.000000000e+00 0.000000000e+00 -1.139192784e-07 1.000000000e-01 1.000000000e-01 1.139214441e-07 
d 9.25000000000000e-01 6.625000000e+00 6.625000000e+00 -2.165260901e-12 0.000000000e+00 0.000000000e+00 -1.112397351e-07 1.000000000e-01 1.000000000e-01 1.112419005e-07 
d 9.30000000000000e-01 6.500000000e+00 6.500000000e+00 -2.164902165e-12 0.000000000e+00 0.000000000e+00 -1.085660015e-07 1.000000000e-01 1.000000000e-01 1.085681667e-07 
d 9.35000000000000e-01 6.375000000e+00 6.375000000e+00 -2.164529388e-12 0.000000000e+00 0.000000000e+00 -1.058981539e-07 1.000000000e-01 1.000000000e-01 1.059003186e-07 
d 9.40000000000000e-01 6.250000000e+00 6.250000000e+00 -2.164141749e-12 0.000000000e+00 0.000000000e+00 -1.032362786e-07 1.000000000e-01 1.000000000e-01 1.032384430e-07 
d 9.45000000000000e-01 6.125000000e+00 6.125000000e+00 -2.163738365e-12 0.000000000e+00 0.000000000e+00 -1.005804734e-07 1.000000000e-01 1.000000000e-01 1.005826374e-07 
d 9.50000000000000e-01 6.000000000e+00 6.000000000e+00 -2.163318279e-12 0.000000000e+00 0.000000000e+00 -9.793084832e-08 1.000000000e-01 1.000000000e-01 9.793301191e-08 
d 9.55000000000000e-01 5.875000000e+00 5.875000000e+00 -2.162880453e-12 0.000000000e+00 0.000000000e+00 -9.528752734e-08 1.000000000e-01 1.000000000e-01 9.528969039e-08 
d 9.60000000000000e-01 5.750000000e+00 5.750000000e+00 -2.162423761e-12 0.000000000e+00 0.000000000e+00 -9.265064940e-08 1.000000000e-01 1.000000000e-01 9.265281206e-08 
d 9.65000000000000e-01 5.625000000e+00 5.625000000e+00 -2.161946980e-12 0.000000000e+00 0.000000000e+00 -9.002037078e-08 1.000000000e-01 1.000000000e-01 9.002253295e-08 
d 9.70000000000000e-01 5.500000000e+00 5.500000000e+00 -2.161448775e-12 0.000000000e+00 0.000000000e+00 -8.739686643e-08 1.000000000e-01 1.000000000e-01 8.739902815e-08 
d 9.75000000000000e-01 5.375000000e+00 5.375000000e+00 -2.160927693e-12 0.000000000e+00 0.000000000e+00 -8.478033305e-08 1.000000000e-01 1.000000000e-01 8.478249412e-08 
d 9.80000000000000e-01 5.250000000e+00 5.250000000e+00 -2.160382144e-12 0.000000000e+00 0.000000000e+00 -8.217099074e-08 1.000000000e-01 1.000000000e-01 8.217315136e-08 
d 9.85000000000000e-01 5.125000000e+00 5.125000000e+00 -2.159810385e-12 0.000000000e+00 0.000000000e+00 -7.956908717e-08 1.000000000e-01 1.000000000e-01 7.957124719e-08 
d 9.90000000000000e-01 5.000000000e+00 5.000000000e+00 -2.159210504e-12 0.000000000e+00 0.000000000e+00 -7.697489982e-08 1.000000000e-01 1.000000000e-01 7.697705914e-08 
d 9.95000000000000e-01 4.875000000e+00 4.875000000e+00 -2.158580400e-12 0.000000000e+00 0.000000000e+00 -7.438874113e-08 1.000000000e-01 1.000000000e-01 7.439089986e-08 
d 1.00000000000000e+00 4.750000000e+00 4.750000000e+00 -2.157917754e-12 0.000000000e+00 0.000000000e+00 -7.181096225e-08 1.000000000e-01 1.000000000e-01 7.181312043e-08 
d 1.00500000000000e+00 4.625000000e+00 4.625000000e+00 -2.157220005e-12 0.000000000e+00 0.000000000e+00 -6.924195903e-08 1.000000000e-01 1.000000000e-01 6.924411640e-08 
d 1.01000000000000e+00 4.500000000e+00 4.500000000e+00 -2.156484318e-12 0.000000000e+00 0.000000000e+00 -6.668217748e-08 1.000000000e-01 1.000000000e-01 6.668433413e-08 
d 1.01500000000000e+00 4.375000000e+00 4.375000000e+00 -2.155707544e-12 0.000000000e+00 0.000000000e+00 -6.413212142e-08 1.000000000e-01 1.000000000e-01 6.413427745e-08 
d 1.02000000000000e+00 4.250000000e+00 4.250000000e+00 -2.154886179e-12 0.000000000e+00 0.000000000e+00 -6.159236040e-08 1.000000000e-01 1.000000000e-01 6.159451542e-08 
d 1.02500000000000e+00 4.125000000e+00 4.125000000e+00 -2.154016313e-12 0.000000000e+00 0.000000000e+00 -5.906353901e-08 1.000000000e-01 1.000000000e-01 5.906569320e-08 
d 1.03000000000000e+00 4.000000000e+00 4.000000000e+00 -2.153093570e-12 0.000000000e+00 0.000000000e+00 -5.654638829e-08 1.000000000e-01 1.000000000e-01 5.654854153e-08 
d 1.03500000000000e+00 3.875000000e+00 3.875000000e+00 -2.152113039e-12 0.000000000e+00 0.000000000e+00 -5.404173790e-08 1.000000000e-01 1.000000000e-01 5.404389019e-08 
d 1.04000000000000e+00 3.750000000e+00 3.750000000e+00 -2.151069194e-12 0.000000000e+00 0.000000000e+00 -5.155053115e-08 1.000000000e-01 1.000000000e-01 5.155268242e-08 
d 1.04500000000000e+00 3.625000000e+00 3.625000000e+00 -2.149955791e-12 0.000000000e+00 0.000000000e+00 -4.907384171e-08 1.000000000e-01 1.000000000e-01 4.907599184e-08 
d 1.05000000000000e+00 3.500000000e+00 3.500000000e+00 -2.148765759e-12 0.000000000e+00 0.000000000e+00 -4.661289310e-08 1.000000000e-01 1.000000000e-01 4.661504206e-08 
d 1.05500000000000e+00 3.375000000e+00 3.375000000e+00 -2.147491056e-12 0.000000000e+00 0.000000000e+00 -4.416908110e-08 1.000000000e-01 1.000000000e-01 4.417122873e-08 
d 1.06000000000000e+00 3.250000000e+00 3.250000000e+00 -2.146122499e-12 0.000000000e+00 0.000000000e+00 -4.174399893e-08 1.000000000e-01 1.000000000e-01 4.174614513e-08 
d 1.06500000000000e+00 3.125000000e+00 3.125000000e+00 -2.144649556e-12 0.000000000e+00 0.000000000e+00 -3.933946635e-08 1.000000000e-01 1.000000000e-01 3.934161111e-08 
d 1.07000000000000e+00 3.000000000e+00 3.000000000e+00 -2.143060084e-12 0.000000000e+00 0.000000000e+00 -3.695756195e-08 1.000000000e-01 1.000000000e-01 3.695970508e-08 
d 1.07500000000000e+00 2.875000000e+00 2.875000000e+00 -2.141340000e-12 0.000000000e+00 0.000000000e+00 -3.460065841e-08 1.000000000e-01 1.000000000e-01 3.460279990e-08 
d 1.08000000000000e+00 2.750000000e+00 2.750000000e+00 -2.139472842e-12 0.000000000e+00 0.000000000e+00 -3.227146095e-08 1.000000000e-01 1.000000000e-01 3.227360062e-08 
d 1.08500000000000e+00 2.625000000e+00 2.625000000e+00 -2.137439200e-12 0.000000000e+00 0.000000000e+00 -2.997304755e-08 1.000000000e-01 1.000000000e-01 2.997518516e-08 
d 1.09000000000000e+00 2.500000000e+00 2.500000000e+00 -2.135215915e-12 0.000000000e+00 0.000000000e+00 -2.770890848e-08 1.000000000e-01 1.000000000e-01 2.771104379e-08 
d 1.09500000000000e+00 2.375000000e+00 2.375000000e+00 -2.132774952e-12 0.000000000e+00 0.000000000e+00 -2.548298255e-08 1.000000000e-01 1.000000000e-01 2.548511545e-08 
d 1.10000000000000e+00 2.250000000e+00 2.250000000e+00 -2.130081741e-12 0.000000000e+00 0.000000000e+00 -2.329968657e-08 1.000000000e-01 1.000000000e-01 2.330181679e-08 
d 1.10500000000000e+00 2.125000000e+00 2.125000000e+00 -2.127092680e-12 0.000000000e+00 0.000000000e+00 -2.116392822e-08 1.000000000e-01 1.000000000e-01 2.116605534e-08 
d 1.11000000000000e+00 2.000000000e+00 2.000000000e+00 -2.123751234e-12 0.000000000e+00 0.000000000e+00 -1.908109831e-08 1.000000000e-01 1.000000000e-01 1.908322217e-08 
d 1.11500000000000e+00 1.875000000e+00 1.875000000e+00 -2.119981718e-12 0.000000000e+00 0.000000000e+00 -1.705702935e-08 1.000000000e-01 1.000000000e-01 1.705914950e-08 
d 1.12000000000000e+00 1.750000000e+00 1.750000000e+00 -2.115679119e-12 0.000000000e+00 0.000000000e+00 -1.509791128e-08 1.000000000e-01 1.000000000e-01 1.510002711e-08 
d 1.12500000000000e+00 1.625000000e+00 1.625000000e+00 -2.110691988e-12 0.000000000e+00 0.000000000e+00 -1.321015767e-08 1.000000000e-01 1.000000000e-01 1.321226849e-08 
d 1.13000000000000e+00 1.500000000e+00 1.500000000e+00 -2.104792771e-12 0.000000000e+00 0.000000000e+00 -1.140022114e-08 1.000000000e-01 1.000000000e-01 1.140232611e-08 
d 1.13500000000000e+00 1.375000000e+00 1.375000000e+00 -2.097624269e-12 0.000000000e+00 0.000000000e+00 -9.674373744e-09 1.000000000e-01 1.000000000e-01 9.676471495e-09 
d 1.14000000000000e+00 1.250000000e+00 1.250000000e+00 -2.088597647e-12 0.000000000e+00 0.000000000e+00 -8.038492202e-09 1.000000000e-01 1.000000000e-01 8.040581014e-09 
d 1.14500000000000e+00 1.125000000e+00 1.125000000e+00 -2.076683607e-12 0.000000000e+00 0.000000000e+00 -6.497934263e-09 1.000000000e-01 1.000000000e-01 6.500011097e-09 
d 1.15000000000000e+00 1.000000000e+00 1.000000000e+00 -2.059942502e-12 0.000000000e+00 0.000000000e+00 -5.057678436e-09 1.000000000e-01 1.000000000e-01 5.059738614e-09 
d 1.15500000000000e+00 8.750000000e-01 8.750000000e-01 -2.034330750e-12 0.000000000e+00 0.000000000e+00 -3.723135828e-09 1.000000000e-01 1.000000000e-01 3.725170232e-09 
d 1.16000000000000e+00 7.500000000e-01 7.500000000e-01 -1.990177076e-12 0.000000000e+00 0.000000000e+00 -2.502869464e-09 1.000000000e-01 1.000000000e-01 2.504859714e-09 
d 1.16500000000000e+00 6.250000000e-01 6.250000000e-01 -1.900119624e-12 0.000000000e+00 0.000000000e+00 -1.418328424e-09 1.000000000e-01 1.000000000e-01 1.420228638e-09 
d 1.17000000000000e+00 5.000000000e-01 5.000000000e-01 -1.689558368e-12 0.000000000e+00 0.000000000e+00 -5.467244253e-10 1.000000000e-01 1.000000000e-01 5.484141302e-10 
d 1.17500000000000e+00 3.750000000e-01 3.750000000e-01 -1.381240634e-12 0.000000000e+00 0.000000000e+00 -9.550751097e-11 1.000000000e-01 1.000000000e-01 9.688887674e-11 
d 1.18000000000000e+00 2.500000000e-01 2.500000000e-01 -8.526197267e-13 0.000000000e+00 0.000000000e+00 -4.538991483e-12 1.000000000e-01 1.000000000e-01 5.391730034e-12 
d 1.18500000000000e+00 1.250000000e-01 1.250000000e-01 -5.611727729e-13 0.000000000e+00 0.000000000e+00 2.250280985e-13 1.000000000e-01 1.000000000e-01 3.363145217e-13 
d 1.19000000000000e+00 0.000000000e+00 0.000000000e+00 -5.570682921e-13 0.000000000e+00 0.000000000e+00 2.779277488e-13 1.000000000e-01 1.000000000e-01 2.792518025e-13 
d 1.19500000000000e+00 -1.250000000e-01 -1.250000000e-01 -5.572861495e-13 0.000000000e+00 0.000000000e+00 2.787227870e-13 1.000000000e-01 1.000000000e-01 2.786685502e-13 
d 1.20000000000000e+00 -2.500000000e-01 -2.500000000e-01 -5.570329928e-13 0.000000000e+00 0.000000000e+00 2.785960817e-13 1.000000000e-01 1.000000000e-01 2.786049309e-13 
d 1.20500000000000e+00 -3.750000000e-01 -3.750000000e-01 -5.567468501e-13 0.000000000e+00 0.000000000e+00 2.785025134e-13 1.000000000e-01 1.000000000e-01 2.784055986e-13 
d 1.21000000000000e+00 -5.000000000e-01 -5.000000000e-01 -5.564751632e-13 0.000000000e+00 0.000000000e+00 2.783176377e-13 1.000000000e-01 1.000000000e-01 2.782731465e-13 
d 1.21500000000000e+00 -6.250000000e-01 -6.250000000e-01 -5.562068013e-13 0.000000000e+00 0.000000000e+00 2.781339139e-13 1.000000000e-01 1.000000000e-01 2.781269197e-13 
d 1.22000000000000e+00 -7.500000000e-01 -7.500000000e-01 -5.559442704e-13 0.000000000e+00 0.000000000e+00 2.780013682e-13 1.000000000e-01 1.000000000e-01 2.780531965e-13 
d 1.22500000000000e+00 -8.750000000e-01 -8.750000000e-01 -5.556868064e-13 0.000000000e+00 0.000000000e+00 2.779772976e-13 1.000000000e-01 1.000000000e-01 2.778855423e-13 
d 1.23000000000000e+00 -1.000000000e+00 -1.000000000e+00 -5.554343195e-13 0.000000000e+00 0.000000000e+00 2.777942385e-13 1.000000000e-01 1.000000000e-01 2.777248410e-13 
d 1.23500000000000e+00 -1.125000000e+00 -1.125000000e+00 -5.551865794e-13 0.000000000e+00 0.000000000e+00 2.776686239e-13 1.000000000e-01 1.000000000e-01 2.776214819e-13 
d 1.24000000000000e+00 -1.250000000e+00 -1.250000000e+00 -5.549434184e-13 0.000000000e+00 0.000000000e+00 2.775497581e-13 1.000000000e-01 1.000000000e-01 2.774886517e-13 
d 1.24500000000000e+00 -1.375000000e+00 -1.375000000e+00 -5.547078461e-13 0.000000000e+00 0.000000000e+00 2.774013513e-13 1.000000000e-01 1.000000000e-01 2.773910869e-13 
d 1.25000000000000e+00 -1.500000000e+00 -1.500000000e+00 -5.548817225e-13 0.000000000e+00 0.000000000e+00 2.772358247e-13 1.000000000e-01 1.000000000e-01 2.773410295e-13 
d 1.25500000000000e+00 -1.625000000e+00 -1.625000000e+00 -6.062979891e-13 0.000000000e+00 0.000000000e+00 2.767661821e-13 1.000000000e-01 1.000000000e-01 2.767350580e-13 
d 1.26000000000000e+00 -1.750000000e+00 -1.750000000e+00 -1.623765268e-12 0.000000000e+00 0.000000000e+00 2.760315896e-13 1.000000000e-01 1.000000000e-01 2.760175934e-13 
d 1.26500000000000e+00 -1.875000000e+00 -1.875000000e+00 -2.006126832e-12 0.000000000e+00 0.000000000e+00 2.741579264e-13 1.000000000e-01 1.000000000e-01 2.742663467e-13 
d 1.27000000000000e+00 -2.000000000e+00 -2.000000000e+00 -2.032297911e-12 0.000000000e+00 0.000000000e+00 2.735236192e-13 1.000000000e-01 1.000000000e-01 2.734697260e-13 
d 1.27500000000000e+00 -2.125000000e+00 -2.125000000e+00 -2.050873115e-12 0.000000000e+00 0.000000000e+00 2.733610017e-13 1.000000000e-01 1.000000000e-01 2.732981985e-13 
d 1.28000000000000e+00 -2.250000000e+00 -2.250000000e+00 -2.054323963e-12 0.000000000e+00 0.000000000e+00 2.728791377e-13 1.000000000e-01 1.000000000e-01 2.730824973e-13 
d 1.28500000000000e+00 -2.375000000e+00 -2.375000000e+00 -2.071354566e-12 0.000000000e+00 0.000000000e+00 2.694811106e-13 1.000000000e-01 1.000000000e-01 2.708844799e-13 
d 1.29000000000000e+00 -2.500000000e+00 -2.500000000e+00 -2.093912226e-12 0.000000000e+00 0.000000000e+00 2.659366550e-13 1.000000000e-01 1.000000000e-01 2.661862937e-13 
d 1.29500000000000e+00 -2.625000000e+00 -2.625000000e+00 -2.091515706e-12 0.000000000e+00 0.000000000e+00 2.655367171e-13 1.000000000e-01 1.000000000e-01 2.655261174e-13 
d 1.30000000000000e+00 -2.750000000e+00 -2.750000000e+00 -2.086690320e-12 0.000000000e+00 0.000000000e+00 2.652093715e-13 1.000000000e-01 1.000000000e-01 2.651845422e-13 
d 1.30500000000000e+00 -2.875000000e+00 -2.875000000e+00 -2.080307064e-12 0.000000000e+00 0.000000000e+00 2.651714600e-13 1.000000000e-01 1.000000000e-01 2.651063922e-13 
d 1.31000000000000e+00 -3.000000000e+00 -3.000000000e+00 -2.073856404e-12 0.000000000e+00 0.000000000e+00 2.651090653e-13 1.000000000e-01 1.000000000e-01 2.649678228e-13 
d 1.31500000000000e+00 -3.125000000e+00 -3.125000000e+00 -2.068404444e-12 0.000000000e+00 0.000000000e+00 2.650018234e-13 1.000000000e-01 1.000000000e-01 2.649148297e-13 
d 1.32000000000000e+00 -3.250000000e+00 -3.250000000e+00 -2.065001588e-12 0.000000000e+00 0.000000000e+00 2.649447863e-13 1.000000000e-01 1.000000000e-01 2.649007147e-13 
d 1.32500000000000e+00 -3.375000000e+00 -3.375000000e+00 -2.064106386e-12 0.000000000e+00 0.000000000e+00 2.649384131e-13 1.000000000e-01 1.000000000e-01 2.649213733e-13 
d 1.33000000000000e+00 -3.500000000e+00 -3.500000000e+00 -2.065194697e-12 0.000000000e+00 0.000000000e+00 2.649801084e-13 1.000000000e-01 1.000000000e-01 2.648804002e-13 
d 1.33500000000000e+00 -3.625000000e+00 -3.625000000e+00 -2.067082021e-12 0.000000000e+00 0.000000000e+00 2.648721197e-13 1.000000000e-01 1.000000000e-01 2.648546697e-13 
d 1.34000000000000e+00 -3.750000000e+00 -3.750000000e+00 -2.068720676e-12 0.000000000e+00 0.000000000e+00 2.648352501e-13 1.000000000e-01 1.000000000e-01 2.647654380e-13 
d 1.34500000000000e+00 -3.875000000e+00 -3.875000000e+00 -2.069606080e-12 0.000000000e+00 0.000000000e+00 2.648570819e-13 1.000000000e-01 1.000000000e-01 2.647769376e-13 
d 1.35000000000000e+00 -4.000000000e+00 -4.000000000e+00 -2.069658659e-12 0.000000000e+00 0.000000000e+00 2.647588642e-13 1.000000000e-01 1.000000000e-01 2.647460237e-13 
d 1.35500000000000e+00 -4.125000000e+00 -4.125000000e+00 -2.069020837e-12 0.000000000e+00 0.000000000e+00 2.646500538e-13 1.000000000e-01 1.000000000e-01 2.646699897e-13 
d 1.36000000000000e+00 -4.250000000e+00 -4.250000000e+00 -2.067971754e-12 0.000000000e+00 0.000000000e+00 2.646298957e-13 1.000000000e-01 1.000000000e-01 2.645688339e-13 
d 1.36500000000000e+00 -4.375000000e+00 -4.375000000e+00 -2.066920574e-12 0.000000000e+00 0.000000000e+00 2.645513310e-13 1.000000000e-01 1.000000000e-01 2.645268488e-13 
d 1.37000000000000e+00 -4.500000000e+00 -4.500000000e+00 -2.066399005e-12 0.000000000e+00 0.000000000e+00 2.645339018e-13 1.000000000e-01 1.000000000e-01 2.644688326e-13 
d 1.37500000000000e+00 -4.625000000e+00 -4.625000000e+00 -2.066977623e-12 0.000000000e+00 0.000000000e+00 2.644765820e-13 1.000000000e-01 1.000000000e-01 2.644204175e-13 
d 1.38000000000000e+00 -4.750000000e+00 -4.750000000e+00 -2.069066674e-12 0.000000000e+00 0.000000000e+00 2.644294376e-13 1.000000000e-01 1.000000000e-01 2.643021233e-13 
d 1.38500000000000e+00 -4.875000000e+00 -4.875000000e+00 -2.072691048e-12 0.000000000e+00 0.000000000e+00 2.643840694e-13 1.000000000e-01 1.000000000e-01 2.642648977e-13 
d 1.39000000000000e+00 -5.000000000e+00 -5.000000000e+00 -2.077448716e-12 0.000000000e+00 0.000000000e+00 2.643098486e-13 1.000000000e-01 1.000000000e-01 2.642821515e-13 
d 1.39500000000000e+00 -5.125000000e+00 -5.125000000e+00 -2.082728034e-12 0.000000000e+00 0.000000000e+00 2.642986099e-13 1.000000000e-01 1.000000000e-01 2.642185643e-13 
d 1.40000000000000e+00 -5.250000000e+00 -5.250000000e+00 -2.087987142e-12 0.000000000e+00 0.000000000e+00 2.642256453e-13 1.000000000e-01 1.000000000e-01 2.641625857e-13 
d 1.40500000000000e+00 -5.375000000e+00 -5.375000000e+00 -2.092887285e-12 0.000000000e+00 0.000000000e+00 2.641618725e-13 1.000000000e-01 1.000000000e-01 2.641417516e-13 
d 1.41000000000000e+00 -5.500000000e+00 -5.500000000e+00 -2.097275049e-12 0.000000000e+00 0.000000000e+00 2.641072862e-13 1.000000000e-01 1.000000000e-01 2.640547316e-13 
d 1.41500000000000e+00 -5.625000000e+00 -5.625000000e+00 -2.101111899e-12 0.000000000e+00 0.000000000e+00 2.640633736e-13 1.000000000e-01 1.000000000e-01 2.639785467e-13 
d 1.42000000000000e+00 -5.750000000e+00 -5.750000000e+00 -2.104416493e-12 0.000000000e+00 0.000000000e+00 2.639279280e-13 1.000000000e-01 1.000000000e-01 2.639588301e-13 
d 1.42500000000000e+00 -5.875000000e+00 -5.875000000e+00 -2.107232780e-12 0.000000000e+00 0.000000000e+00 2.639021841e-13 1.000000000e-01 1.000000000e-01 2.638573970e-13 
d 1.43000000000000e+00 -6.000000000e+00 -6.000000000e+00 -2.109614688e-12 0.000000000e+00 0.000000000e+00 2.638150107e-13 1.000000000e-01 1.000000000e-01 2.638245091e-13 
d 1.43500000000000e+00 -6.125000000e+00 -6.125000000e+00 -2.111618216e-12 0.000000000e+00 0.000000000e+00 2.637906205e-13 1.000000000e-01 1.000000000e-01 2.637100659e-13 
d 1.44000000000000e+00 -6.250000000e+00 -6.250000000e+00 -2.113296911e-12 0.000000000e+00 0.000000000e+00 2.637287448e-13 1.000000000e-01 1.000000000e-01 2.637135210e-13 
d 1.44500000000000e+00 -6.375000000e+00 -6.375000000e+00 -2.114699468e-12 0.000000000e+00 0.000000000e+00 2.636261470e-13 1.000000000e-01 1.000000000e-01 2.636475232e-13 
d 1.45000000000000e+00 -6.500000000e+00 -6.500000000e+00 -2.115868848e-12 0.000000000e+00 0.000000000e+00 2.636273381e-13 1.000000000e-01 1.000000000e-01 2.635771452e-13 
d 1.45500000000000e+00 -6.625000000e+00 -6.625000000e+00 -2.116842328e-12 0.000000000e+00 0.000000000e+00 2.635950529e-13 1.000000000e-01 1.000000000e-01 2.635131278e-13 
d 1.46000000000000e+00 -6.750000000e+00 -6.750000000e+00 -2.117652057e-12 0.000000000e+00 0.000000000e+00 2.635219179e-13 1.000000000e-01 1.000000000e-01 2.635094482e-13 
d 1.46500000000000e+00 -6.875000000e+00 -6.875000000e+00 -2.118325785e-12 0.000000000e+00 0.000000000e+00 2.635088351e-13 1.000000000e-01 1.000000000e-01 2.635442282e-13 
d 1.47000000000000e+00 -7.000000000e+00 -7.000000000e+00 -2.118887606e-12 0.000000000e+00 0.000000000e+00 2.634292364e-13 1.000000000e-01 1.000000000e-01 2.634439446e-13 
d 1.47500000000000e+00 -7.125000000e+00 -7.125000000e+00 -2.119358628e-12 0.000000000e+00 0.000000000e+00 2.634092917e-13 1.000000000e-01 1.000000000e-01 2.634250163e-13 
d 1.48000000000000e+00 -7.250000000e+00 -7.250000000e+00 -2.119757540e-12 0.000000000e+00 0.000000000e+00 2.633982746e-13 1.000000000e-01 1.000000000e-01 2.633608920e-13 
d 1.48500000000000e+00 -7.375000000e+00 -7.375000000e+00 -2.120101059e-12 0.000000000e+00 0.000000000e+00 2.633599236e-13 1.000000000e-01 1.000000000e-01 2.633777812e-13 
d 1.49000000000000e+00 -7.500000000e+00 -7.500000000e+00 -2.120404274e-12 0.000000000e+00 0.000000000e+00 2.633627076e-13 1.000000000e-01 1.000000000e-01 2.633311416e-13 
d 1.49500000000000e+00 -7.625000000e+00 -7.625000000e+00 -2.120680881e-12 0.000000000e+00 0.000000000e+00 2.632909921e-13 1.000000000e-01 1.000000000e-01 2.632425460e-13 
d 1.50000000000000e+00 -7.750000000e+00 -7.750000000e+00 -2.120943333e-12 0.000000000e+00 0.000000000e+00 2.633180109e-13 1.000000000e-01 1.000000000e-01 2.632383049e-13 
d 1.50500000000000e+00 -7.875000000e+00 -7.875000000e+00 -2.121202901e-12 0.000000000e+00 0.000000000e+00 2.632343218e-13 1.000000000e-01 1.000000000e-01 2.632245262e-13 
d 1.51000000000000e+00 -8.000000000e+00 -8.000000000e+00 -2.121469675e-12 0.000000000e+00 0.000000000e+00 2.632312765e-13 1.000000000e-01 1.000000000e-01 2.631867814e-13 
d 1.51500000000000e+00 -8.125000000e+00 -8.125000000e+00 -2.121752504e-12 0.000000000e+00 0.000000000e+00 2.631897595e-13 1.000000000e-01 1.000000000e-01 2.631395589e-13 
d 1.52000000000000e+00 -8.250000000e+00 -8.250000000e+00 -2.122058897e-12 0.000000000e+00 0.000000000e+00 2.632650819e-13 1.000000000e-01 1.000000000e-01 2.631768084e-13 
d 1.52500000000000e+00 -8.375000000e+00 -8.375000000e+00 -2.122394912e-12 0.000000000e+00 0.000000000e+00 2.631468363e-13 1.000000000e-01 1.000000000e-01 2.631217245e-13 
d 1.53000000000000e+00 -8.500000000e+00 -8.500000000e+00 -2.122765049e-12 0.000000000e+00 0.000000000e+00 2.631456422e-13 1.000000000e-01 1.000000000e-01 2.631802376e-13 
d 1.53500000000000e+00 -8.625000000e+00 -8.625000000e+00 -2.123172169e-12 0.000000000e+00 0.000000000e+00 2.631316701e-13 1.000000000e-01 1.000000000e-01 2.631033854e-13 
d 1.54000000000000e+00 -8.750000000e+00 -8.750000000e+00 -2.123617462e-12 0.000000000e+00 0.000000000e+00 2.631231435e-13 1.000000000e-01 1.000000000e-01 2.630935351e-13 
d 1.54500000000000e+00 -8.875000000e+00 -8.875000000e+00 -2.124100478e-12 0.000000000e+00 0.000000000e+00 2.631130348e-13 1.000000000e-01 1.000000000e-01 2.630786797e-13 
d 1.55000000000000e+00 -9.000000000e+00 -9.000000000e+00 -2.124619236e-12 0.000000000e+00 0.000000000e+00 2.630618418e-13 1.000000000e-01 1.000000000e-01 2.630554287e-13 
d 1.55500000000000e+00 -9.125000000e+00 -9.125000000e+00 -2.125170397e-12 0.000000000e+00 0.000000000e+00 2.630456145e-13 1.000000000e-01 1.000000000e-01 2.630565121e-13 
d 1.56000000000000e+00 -9.250000000e+00 -9.250000000e+00 -2.125749500e-12 0.000000000e+00 0.000000000e+00 2.630501563e-13 1.000000000e-01 1.000000000e-01 2.630316333e-13 
d 1.56500000000000e+00 -9.375000000e+00 -9.375000000e+00 -2.126351242e-12 0.000000000e+00 0.000000000e+00 2.629601905e-13 1.000000000e-01 1.000000000e-01 2.629954950e-13 
d 1.57000000000000e+00 -9.500000000e+00 -9.500000000e+00 -2.126969779e-12 0.000000000e+00 0.000000000e+00 2.630251065e-13 1.000000000e-01 1.000000000e-01 2.629700303e-13 
d 1.57500000000000e+00 -9.625000000e+00 -9.625000000e+00 -2.127599020e-12 0.000000000e+00 0.000000000e+00 2.630068898e-13 1.000000000e-01 1.000000000e-01 2.630168939e-13 
d 1.58000000000000e+00 -9.750000000e+00 -9.750000000e+00 -2.128232906e-12 0.000000000e+00 0.000000000e+00 2.629852511e-13 1.000000000e-01 1.000000000e-01 2.629702858e-13 
d 1.58500000000000e+00 -9.875000000e+00 -9.875000000e+00 -2.128865640e-12 0.000000000e+00 0.000000000e+00 2.629568631e-13 1.000000000e-01 1.000000000e-01 2.629351917e-13 
d 1.59000000000000e+00 -1.000000000e+01 -1.000000000e+01 -2.129491871e-12 0.000000000e+00 0.000000000e+00 2.629003461e-13 1.000000000e-01 1.000000000e-01 2.628757877e-13 
d 1.59500000000000e+00 -1.012500000e+01 -1.012500000e+01 -2.130106827e-12 0.000000000e+00 0.000000000e+00 2.629387350e-13 1.000000000e-01 1.000000000e-01 2.629223262e-13 
d 1.60000000000000e+00 -1.025000000e+01 -1.025000000e+01 -2.130706395e-12 0.000000000e+00 0.000000000e+00 2.629278853e-13 1.000000000e-01 1.000000000e-01 2.628981635e-13 
