v ATLAS
# This file was created by ATLAS version 5.26.1.R on Tue May  8 01:20:24 2018.
#SSF 2.0 generic
##############################################################################
#                    Copyright (c) 1984 - 2018                               #
#                    Silvaco Inc. All rights reserved                        #
#                                                                            #
# This file format and the following Key are copyright Silvaco Inc.          #
# You may not use, this format or key without reproducing this message in    #
# full and obtaining express written permission from Silvaco Inc.            #
#                                                                            #
# To obtain such permission please contact: Silvaco Inc.                     #
#                                           support@silvaco.com              #
#                                                                            #
# KEY=SVC86hn7562asdx                       PROD=345                         #
##############################################################################
y 3 700 711 15
z 26 1e+41 300
f 3 "gate" "source" "drain" 
p 10 61 2 601 20 3 602 21 4 603 22 
d 1.00000000000000e-09 -1.000000000e-02 -1.000000000e-02 -2.223101653e-07 0.000000000e+00 0.000000000e+00 1.111706695e-07 1.000000000e-01 1.000000000e-01 1.111394940e-07 
d 3.00000000000000e-09 -3.000000000e-02 -3.000000000e-02 -2.222530204e-07 0.000000000e+00 0.000000000e+00 1.111426021e-07 1.000000000e-01 1.000000000e-01 1.111104181e-07 
d 7.00000000000000e-09 -7.000000000e-02 -7.000000000e-02 -2.222296316e-07 0.000000000e+00 0.000000000e+00 1.111308012e-07 1.000000000e-01 1.000000000e-01 1.110988301e-07 
d 1.50000000000000e-08 -1.500000000e-01 -1.500000000e-01 -2.221772003e-07 0.000000000e+00 0.000000000e+00 1.111045236e-07 1.000000000e-01 1.000000000e-01 1.110726768e-07 
d 3.10000000000000e-08 -3.100000000e-01 -3.100000000e-01 -2.220733039e-07 0.000000000e+00 0.000000000e+00 1.110524239e-07 1.000000000e-01 1.000000000e-01 1.110208800e-07 
d 6.30000000000000e-08 -6.300000000e-01 -6.300000000e-01 -2.218685590e-07 0.000000000e+00 0.000000000e+00 1.109497077e-07 1.000000000e-01 1.000000000e-01 1.109188511e-07 
d 1.27000000000000e-07 -1.270000000e+00 -1.270000000e+00 -2.214722756e-07 0.000000000e+00 0.000000000e+00 1.107508148e-07 1.000000000e-01 1.000000000e-01 1.107213472e-07 
d 2.55000000000000e-07 -2.550000000e+00 -2.550000000e+00 -9.835169613e-07 0.000000000e+00 0.000000000e+00 1.075319701e-07 1.000000000e-01 1.000000000e-01 1.080009257e-07 
d 5.11000000000000e-07 -5.110000000e+00 -5.110000000e+00 -8.567149310e-07 0.000000000e+00 0.000000000e+00 1.053775754e-07 1.000000000e-01 1.000000000e-01 1.053409855e-07 
d 7.87977044450647e-07 -7.879770445e+00 -7.879770445e+00 -8.592446282e-07 0.000000000e+00 0.000000000e+00 1.052117278e-07 1.000000000e-01 1.000000000e-01 1.052070167e-07 
d 9.60414041639384e-07 -9.604140416e+00 -9.604140416e+00 -8.585716587e-07 0.000000000e+00 0.000000000e+00 1.051356364e-07 1.000000000e-01 1.000000000e-01 1.051318902e-07 
d 1.16520750560359e-06 -1.000000000e+01 -1.000000000e+01 1.181228677e-07 0.000000000e+00 0.000000000e+00 -1.436903382e-08 1.000000000e-01 1.000000000e-01 -1.436849836e-08 
d 1.56219152916214e-06 -1.000000000e+01 -1.000000000e+01 -1.895840212e-09 0.000000000e+00 0.000000000e+00 -2.112131608e-11 1.000000000e-01 1.000000000e-01 -2.119496803e-11 
d 2.35615957627925e-06 -1.000000000e+01 -1.000000000e+01 -4.217383700e-10 0.000000000e+00 0.000000000e+00 -5.903257966e-12 1.000000000e-01 1.000000000e-01 -5.920328021e-12 
d 3.94409567051347e-06 -1.000000000e+01 -1.000000000e+01 -1.598722911e-10 0.000000000e+00 0.000000000e+00 -2.246887623e-12 1.000000000e-01 1.000000000e-01 -2.256335032e-12 
d 7.11996785898191e-06 -1.000000000e+01 -1.000000000e+01 -3.086334959e-11 0.000000000e+00 0.000000000e+00 -4.866663128e-13 1.000000000e-01 1.000000000e-01 -4.884290056e-13 
d 1.34717122359188e-05 -1.000000000e+01 -1.000000000e+01 -7.256049214e-12 0.000000000e+00 0.000000000e+00 -1.376270848e-13 1.000000000e-01 1.000000000e-01 -1.378037886e-13 
d 2.61752009897925e-05 -1.000000000e+01 -1.000000000e+01 -3.234801966e-12 0.000000000e+00 0.000000000e+00 -7.269364721e-14 1.000000000e-01 1.000000000e-01 -7.296961822e-14 
d 5.15821784975401e-05 -1.000000000e+01 -1.000000000e+01 -7.353156202e-13 0.000000000e+00 0.000000000e+00 -2.787419904e-14 1.000000000e-01 1.000000000e-01 -2.829309382e-14 
d 1.00000000000000e-04 -1.000000000e+01 -1.000000000e+01 -4.081851036e-14 0.000000000e+00 0.000000000e+00 -5.573194346e-15 1.000000000e-01 1.000000000e-01 -5.735508356e-15 
