v ATLAS
# This file was created by ATLAS version 5.26.1.R on Tue May  8 01:20:31 2018.
#SSF 2.0 generic
##############################################################################
#                    Copyright (c) 1984 - 2018                               #
#                    Silvaco Inc. All rights reserved                        #
#                                                                            #
# This file format and the following Key are copyright Silvaco Inc.          #
# You may not use, this format or key without reproducing this message in    #
# full and obtaining express written permission from Silvaco Inc.            #
#                                                                            #
# To obtain such permission please contact: Silvaco Inc.                     #
#                                           support@silvaco.com              #
#                                                                            #
# KEY=SVC86hn7562asdx                       PROD=345                         #
##############################################################################
y 3 700 711 15
z 26 1e+41 300
f 3 "gate" "source" "drain" 
p 10 61 2 601 20 3 602 21 4 603 22 
d 5.10000000000000e-03 -1.000000000e+01 -1.000000000e+01 1.107862714e-15 0.000000000e+00 0.000000000e+00 1.548636645e-16 1.000000000e-01 1.000000000e-01 1.988637135e-16 
d 1.51000000000000e-02 -1.000000000e+01 -1.000000000e+01 -4.059144326e-17 0.000000000e+00 0.000000000e+00 2.773689269e-17 1.000000000e-01 1.000000000e-01 -4.244606183e-18 
d 3.51000000000000e-02 -1.000000000e+01 -1.000000000e+01 -1.950491470e-17 0.000000000e+00 0.000000000e+00 3.193840958e-17 1.000000000e-01 1.000000000e-01 4.282755121e-17 
d 7.51000000000000e-02 -1.000000000e+01 -1.000000000e+01 -1.508017518e-17 0.000000000e+00 0.000000000e+00 -2.711036740e-17 1.000000000e-01 1.000000000e-01 1.148986089e-17 
d 1.55100000000000e-01 -1.000000000e+01 -1.000000000e+01 -9.994845254e-18 0.000000000e+00 0.000000000e+00 -4.220610237e-17 1.000000000e-01 1.000000000e-01 3.843778787e-17 
d 2.00000000000000e-01 -1.000000000e+01 -1.000000000e+01 -8.577059370e-18 0.000000000e+00 0.000000000e+00 -4.614270671e-19 1.000000000e-01 1.000000000e-01 2.928461478e-17 
d 2.05000000000000e-01 -9.993750000e+00 -9.993750000e+00 1.064664686e-13 0.000000000e+00 0.000000000e+00 -1.316456313e-14 1.000000000e-01 1.000000000e-01 -1.315035609e-14 
d 2.15000000000000e-01 -9.981250000e+00 -9.981250000e+00 1.064613178e-13 0.000000000e+00 0.000000000e+00 -1.280050670e-14 1.000000000e-01 1.000000000e-01 -1.277559979e-14 
d 2.35000000000000e-01 -9.956250000e+00 -9.956250000e+00 1.064554844e-13 0.000000000e+00 0.000000000e+00 -1.314330163e-14 1.000000000e-01 1.000000000e-01 -1.318001718e-14 
d 2.75000000000000e-01 -9.906250000e+00 -9.906250000e+00 1.064435577e-13 0.000000000e+00 0.000000000e+00 -1.313197723e-14 1.000000000e-01 1.000000000e-01 -1.310414098e-14 
d 3.55000000000000e-01 -9.806250000e+00 -9.806250000e+00 1.064190297e-13 0.000000000e+00 0.000000000e+00 -1.317386574e-14 1.000000000e-01 1.000000000e-01 -1.313594049e-14 
d 4.00000000000000e-01 -9.750000000e+00 -9.750000000e+00 1.064049807e-13 0.000000000e+00 0.000000000e+00 -1.318380050e-14 1.000000000e-01 1.000000000e-01 -1.318235319e-14 
d 4.05000000000000e-01 -9.743750000e+00 -9.743750000e+00 1.064034135e-13 0.000000000e+00 0.000000000e+00 -1.314051869e-14 1.000000000e-01 1.000000000e-01 -1.311022819e-14 
d 4.15000000000000e-01 -9.731250000e+00 -9.731250000e+00 1.064002795e-13 0.000000000e+00 0.000000000e+00 -1.281575185e-14 1.000000000e-01 1.000000000e-01 -1.280359393e-14 
d 4.35000000000000e-01 -9.706250000e+00 -9.706250000e+00 1.063940036e-13 0.000000000e+00 0.000000000e+00 -1.317738224e-14 1.000000000e-01 1.000000000e-01 -1.315816230e-14 
d 4.75000000000000e-01 -9.656250000e+00 -9.656250000e+00 1.063814340e-13 0.000000000e+00 0.000000000e+00 -1.314316508e-14 1.000000000e-01 1.000000000e-01 -1.314592062e-14 
d 5.55000000000000e-01 -9.556250000e+00 -9.556250000e+00 1.063563189e-13 0.000000000e+00 0.000000000e+00 -1.316664200e-14 1.000000000e-01 1.000000000e-01 -1.310863434e-14 
d 6.00000000000000e-01 -9.500000000e+00 -9.500000000e+00 1.063422862e-13 0.000000000e+00 0.000000000e+00 -1.313041266e-14 1.000000000e-01 1.000000000e-01 -1.319911453e-14 
d 6.05000000000000e-01 -9.493750000e+00 -9.493750000e+00 1.063407386e-13 0.000000000e+00 0.000000000e+00 -1.314885085e-14 1.000000000e-01 1.000000000e-01 -1.313455047e-14 
d 6.15000000000000e-01 -9.481250000e+00 -9.481250000e+00 1.063376335e-13 0.000000000e+00 0.000000000e+00 -1.283553983e-14 1.000000000e-01 1.000000000e-01 -1.282492616e-14 
d 6.35000000000000e-01 -9.456250000e+00 -9.456250000e+00 1.063314394e-13 0.000000000e+00 0.000000000e+00 -1.311514789e-14 1.000000000e-01 1.000000000e-01 -1.305414040e-14 
d 6.75000000000000e-01 -9.406250000e+00 -9.406250000e+00 1.063191243e-13 0.000000000e+00 0.000000000e+00 -1.317611645e-14 1.000000000e-01 1.000000000e-01 -1.312263547e-14 
d 7.55000000000000e-01 -9.306250000e+00 -9.306250000e+00 1.062948528e-13 0.000000000e+00 0.000000000e+00 -1.315347460e-14 1.000000000e-01 1.000000000e-01 -1.314032274e-14 
d 8.00000000000000e-01 -9.250000000e+00 -9.250000000e+00 1.062815137e-13 0.000000000e+00 0.000000000e+00 -1.318566357e-14 1.000000000e-01 1.000000000e-01 -1.314758665e-14 
d 8.05000000000000e-01 -9.243750000e+00 -9.243750000e+00 1.062800573e-13 0.000000000e+00 0.000000000e+00 -1.314629728e-14 1.000000000e-01 1.000000000e-01 -1.310464881e-14 
d 8.15000000000000e-01 -9.231250000e+00 -9.231250000e+00 1.062771227e-13 0.000000000e+00 0.000000000e+00 -1.287984151e-14 1.000000000e-01 1.000000000e-01 -1.285271245e-14 
d 8.35000000000000e-01 -9.206250000e+00 -9.206250000e+00 1.062712875e-13 0.000000000e+00 0.000000000e+00 -1.314120857e-14 1.000000000e-01 1.000000000e-01 -1.313228723e-14 
d 8.75000000000000e-01 -9.156250000e+00 -9.156250000e+00 1.062597604e-13 0.000000000e+00 0.000000000e+00 -1.314755628e-14 1.000000000e-01 1.000000000e-01 -1.316422009e-14 
d 9.55000000000000e-01 -9.056250000e+00 -9.056250000e+00 1.062373336e-13 0.000000000e+00 0.000000000e+00 -1.314903558e-14 1.000000000e-01 1.000000000e-01 -1.313744414e-14 
d 1.00000000000000e+00 -9.000000000e+00 -9.000000000e+00 1.062252106e-13 0.000000000e+00 0.000000000e+00 -1.312633500e-14 1.000000000e-01 1.000000000e-01 -1.308982707e-14 
d 1.00500000000000e+00 -8.993750000e+00 -8.993750000e+00 1.062239007e-13 0.000000000e+00 0.000000000e+00 -1.314465197e-14 1.000000000e-01 1.000000000e-01 -1.318400349e-14 
d 1.01500000000000e+00 -8.981250000e+00 -8.981250000e+00 1.062212486e-13 0.000000000e+00 0.000000000e+00 -1.317408518e-14 1.000000000e-01 1.000000000e-01 -1.311964434e-14 
d 1.03500000000000e+00 -8.956250000e+00 -8.956250000e+00 1.062159921e-13 0.000000000e+00 0.000000000e+00 -1.314266411e-14 1.000000000e-01 1.000000000e-01 -1.313531852e-14 
d 1.07500000000000e+00 -8.906250000e+00 -8.906250000e+00 1.062056755e-13 0.000000000e+00 0.000000000e+00 -1.316275733e-14 1.000000000e-01 1.000000000e-01 -1.318461514e-14 
d 1.15500000000000e+00 -8.806250000e+00 -8.806250000e+00 1.061858597e-13 0.000000000e+00 0.000000000e+00 -1.316280240e-14 1.000000000e-01 1.000000000e-01 -1.310587416e-14 
d 1.20000000000000e+00 -8.750000000e+00 -8.750000000e+00 1.061753191e-13 0.000000000e+00 0.000000000e+00 -1.317899030e-14 1.000000000e-01 1.000000000e-01 -1.320185749e-14 
d 1.20500000000000e+00 -8.743750000e+00 -8.743750000e+00 1.061741912e-13 0.000000000e+00 0.000000000e+00 -1.313583678e-14 1.000000000e-01 1.000000000e-01 -1.310819838e-14 
d 1.21500000000000e+00 -8.731250000e+00 -8.731250000e+00 1.061718971e-13 0.000000000e+00 0.000000000e+00 -1.311814887e-14 1.000000000e-01 1.000000000e-01 -1.308337099e-14 
d 1.23500000000000e+00 -8.706250000e+00 -8.706250000e+00 1.061673636e-13 0.000000000e+00 0.000000000e+00 -1.315134431e-14 1.000000000e-01 1.000000000e-01 -1.316727594e-14 
d 1.27500000000000e+00 -8.656250000e+00 -8.656250000e+00 1.061585174e-13 0.000000000e+00 0.000000000e+00 -1.314902629e-14 1.000000000e-01 1.000000000e-01 -1.313640159e-14 
d 1.35500000000000e+00 -8.556250000e+00 -8.556250000e+00 1.061417106e-13 0.000000000e+00 0.000000000e+00 -1.314394610e-14 1.000000000e-01 1.000000000e-01 -1.311392788e-14 
d 1.40000000000000e+00 -8.500000000e+00 -8.500000000e+00 1.061328824e-13 0.000000000e+00 0.000000000e+00 -1.316288198e-14 1.000000000e-01 1.000000000e-01 -1.318378355e-14 
d 1.40500000000000e+00 -8.493750000e+00 -8.493750000e+00 1.061319441e-13 0.000000000e+00 0.000000000e+00 -1.313768435e-14 1.000000000e-01 1.000000000e-01 -1.310447074e-14 
d 1.41500000000000e+00 -8.481250000e+00 -8.481250000e+00 1.061300290e-13 0.000000000e+00 0.000000000e+00 -1.314146668e-14 1.000000000e-01 1.000000000e-01 -1.311555717e-14 
d 1.43500000000000e+00 -8.456250000e+00 -8.456250000e+00 1.061262516e-13 0.000000000e+00 0.000000000e+00 -1.315622397e-14 1.000000000e-01 1.000000000e-01 -1.315575426e-14 
d 1.47500000000000e+00 -8.406250000e+00 -8.406250000e+00 1.061189060e-13 0.000000000e+00 0.000000000e+00 -1.315674144e-14 1.000000000e-01 1.000000000e-01 -1.318548953e-14 
d 1.55500000000000e+00 -8.306250000e+00 -8.306250000e+00 1.061050193e-13 0.000000000e+00 0.000000000e+00 -1.316093064e-14 1.000000000e-01 1.000000000e-01 -1.313980423e-14 
d 1.60000000000000e+00 -8.250000000e+00 -8.250000000e+00 1.060977450e-13 0.000000000e+00 0.000000000e+00 -1.317175980e-14 1.000000000e-01 1.000000000e-01 -1.319433921e-14 
d 1.60500000000000e+00 -8.243750000e+00 -8.243750000e+00 1.060969709e-13 0.000000000e+00 0.000000000e+00 -1.313202153e-14 1.000000000e-01 1.000000000e-01 -1.312937016e-14 
d 1.61500000000000e+00 -8.231250000e+00 -8.231250000e+00 1.060953912e-13 0.000000000e+00 0.000000000e+00 -1.308144957e-14 1.000000000e-01 1.000000000e-01 -1.312220838e-14 
d 1.63500000000000e+00 -8.206250000e+00 -8.206250000e+00 1.060922731e-13 0.000000000e+00 0.000000000e+00 -1.314274736e-14 1.000000000e-01 1.000000000e-01 -1.315118163e-14 
d 1.67500000000000e+00 -8.156250000e+00 -8.156250000e+00 1.060861961e-13 0.000000000e+00 0.000000000e+00 -1.313525078e-14 1.000000000e-01 1.000000000e-01 -1.311514132e-14 
d 1.75500000000000e+00 -8.056250000e+00 -8.056250000e+00 1.060746138e-13 0.000000000e+00 0.000000000e+00 -1.319922337e-14 1.000000000e-01 1.000000000e-01 -1.313647115e-14 
d 1.80000000000000e+00 -8.000000000e+00 -8.000000000e+00 1.060684413e-13 0.000000000e+00 0.000000000e+00 -1.317304652e-14 1.000000000e-01 1.000000000e-01 -1.320094160e-14 
d 1.80500000000000e+00 -7.993750000e+00 -7.993750000e+00 1.060677741e-13 0.000000000e+00 0.000000000e+00 -1.314042878e-14 1.000000000e-01 1.000000000e-01 -1.312865183e-14 
d 1.81500000000000e+00 -7.981250000e+00 -7.981250000e+00 1.060664215e-13 0.000000000e+00 0.000000000e+00 -1.310048752e-14 1.000000000e-01 1.000000000e-01 -1.309601737e-14 
d 1.83500000000000e+00 -7.956250000e+00 -7.956250000e+00 1.060637373e-13 0.000000000e+00 0.000000000e+00 -1.314333131e-14 1.000000000e-01 1.000000000e-01 -1.314264353e-14 
d 1.87500000000000e+00 -7.906250000e+00 -7.906250000e+00 1.060584428e-13 0.000000000e+00 0.000000000e+00 -1.316030323e-14 1.000000000e-01 1.000000000e-01 -1.317440165e-14 
d 1.95500000000000e+00 -7.806250000e+00 -7.806250000e+00 1.060480567e-13 0.000000000e+00 0.000000000e+00 -1.315406344e-14 1.000000000e-01 1.000000000e-01 -1.320495723e-14 
d 2.00000000000000e+00 -7.750000000e+00 -7.750000000e+00 1.060422696e-13 0.000000000e+00 0.000000000e+00 -1.315947101e-14 1.000000000e-01 1.000000000e-01 -1.316381873e-14 
d 2.00500000000000e+00 -7.743750000e+00 -7.743750000e+00 1.060416236e-13 0.000000000e+00 0.000000000e+00 -1.314841489e-14 1.000000000e-01 1.000000000e-01 -1.316002691e-14 
d 2.01500000000000e+00 -7.731250000e+00 -7.731250000e+00 1.060403322e-13 0.000000000e+00 0.000000000e+00 -1.314076545e-14 1.000000000e-01 1.000000000e-01 -1.314163282e-14 
d 2.03500000000000e+00 -7.706250000e+00 -7.706250000e+00 1.060377423e-13 0.000000000e+00 0.000000000e+00 -1.315432089e-14 1.000000000e-01 1.000000000e-01 -1.316980363e-14 
d 2.07500000000000e+00 -7.656250000e+00 -7.656250000e+00 1.060325211e-13 0.000000000e+00 0.000000000e+00 -1.315604126e-14 1.000000000e-01 1.000000000e-01 -1.315020867e-14 
d 2.15500000000000e+00 -7.556250000e+00 -7.556250000e+00 1.060217955e-13 0.000000000e+00 0.000000000e+00 -1.320594878e-14 1.000000000e-01 1.000000000e-01 -1.313582410e-14 
d 2.20000000000000e+00 -7.500000000e+00 -7.500000000e+00 1.060154489e-13 0.000000000e+00 0.000000000e+00 -1.317434116e-14 1.000000000e-01 1.000000000e-01 -1.319125978e-14 
d 2.20500000000000e+00 -7.493750000e+00 -7.493750000e+00 1.060147136e-13 0.000000000e+00 0.000000000e+00 -1.315957353e-14 1.000000000e-01 1.000000000e-01 -1.319458806e-14 
d 2.21500000000000e+00 -7.481250000e+00 -7.481250000e+00 1.060132674e-13 0.000000000e+00 0.000000000e+00 -1.310839632e-14 1.000000000e-01 1.000000000e-01 -1.314349809e-14 
d 2.23500000000000e+00 -7.456250000e+00 -7.456250000e+00 1.060103330e-13 0.000000000e+00 0.000000000e+00 -1.315404141e-14 1.000000000e-01 1.000000000e-01 -1.316043404e-14 
d 2.27500000000000e+00 -7.406250000e+00 -7.406250000e+00 1.060042797e-13 0.000000000e+00 0.000000000e+00 -1.317661616e-14 1.000000000e-01 1.000000000e-01 -1.314725347e-14 
d 2.35500000000000e+00 -7.306250000e+00 -7.306250000e+00 1.059912926e-13 0.000000000e+00 0.000000000e+00 -1.315631135e-14 1.000000000e-01 1.000000000e-01 -1.312764786e-14 
d 2.40000000000000e+00 -7.250000000e+00 -7.250000000e+00 1.059832251e-13 0.000000000e+00 0.000000000e+00 -1.318517687e-14 1.000000000e-01 1.000000000e-01 -1.318218031e-14 
d 2.40500000000000e+00 -7.243750000e+00 -7.243750000e+00 1.059822657e-13 0.000000000e+00 0.000000000e+00 -1.323168677e-14 1.000000000e-01 1.000000000e-01 -1.316735621e-14 
d 2.41500000000000e+00 -7.231250000e+00 -7.231250000e+00 1.059804000e-13 0.000000000e+00 0.000000000e+00 -1.313698332e-14 1.000000000e-01 1.000000000e-01 -1.313772851e-14 
d 2.43500000000000e+00 -7.206250000e+00 -7.206250000e+00 1.059765844e-13 0.000000000e+00 0.000000000e+00 -1.314612263e-14 1.000000000e-01 1.000000000e-01 -1.319758930e-14 
d 2.47500000000000e+00 -7.156250000e+00 -7.156250000e+00 1.059685952e-13 0.000000000e+00 0.000000000e+00 -1.318233819e-14 1.000000000e-01 1.000000000e-01 -1.322332379e-14 
d 2.55500000000000e+00 -7.056250000e+00 -7.056250000e+00 1.059510102e-13 0.000000000e+00 0.000000000e+00 -1.318571076e-14 1.000000000e-01 1.000000000e-01 -1.319129298e-14 
d 2.60000000000000e+00 -7.000000000e+00 -7.000000000e+00 1.059398080e-13 0.000000000e+00 0.000000000e+00 -1.314508512e-14 1.000000000e-01 1.000000000e-01 -1.323049222e-14 
d 2.60500000000000e+00 -6.993750000e+00 -6.993750000e+00 1.059384597e-13 0.000000000e+00 0.000000000e+00 -1.319510672e-14 1.000000000e-01 1.000000000e-01 -1.316141264e-14 
d 2.61500000000000e+00 -6.981250000e+00 -6.981250000e+00 1.059358517e-13 0.000000000e+00 0.000000000e+00 -1.310381582e-14 1.000000000e-01 1.000000000e-01 -1.313519774e-14 
d 2.63500000000000e+00 -6.956250000e+00 -6.956250000e+00 1.059304994e-13 0.000000000e+00 0.000000000e+00 -1.310894934e-14 1.000000000e-01 1.000000000e-01 -1.319466373e-14 
d 2.67500000000000e+00 -6.906250000e+00 -6.906250000e+00 1.059192218e-13 0.000000000e+00 0.000000000e+00 -1.319853312e-14 1.000000000e-01 1.000000000e-01 -1.318711661e-14 
d 2.75500000000000e+00 -6.806250000e+00 -6.806250000e+00 1.058941531e-13 0.000000000e+00 0.000000000e+00 -1.320033708e-14 1.000000000e-01 1.000000000e-01 -1.316074078e-14 
d 2.80000000000000e+00 -6.750000000e+00 -6.750000000e+00 1.058780485e-13 0.000000000e+00 0.000000000e+00 -1.318771934e-14 1.000000000e-01 1.000000000e-01 -1.320628714e-14 
d 2.80500000000000e+00 -6.743750000e+00 -6.743750000e+00 1.058761038e-13 0.000000000e+00 0.000000000e+00 -1.317265589e-14 1.000000000e-01 1.000000000e-01 -1.325264561e-14 
d 2.81500000000000e+00 -6.731250000e+00 -6.731250000e+00 1.058723477e-13 0.000000000e+00 0.000000000e+00 -1.316421141e-14 1.000000000e-01 1.000000000e-01 -1.315041753e-14 
d 2.83500000000000e+00 -6.706250000e+00 -6.706250000e+00 1.058646326e-13 0.000000000e+00 0.000000000e+00 -1.320506187e-14 1.000000000e-01 1.000000000e-01 -1.319144462e-14 
d 2.87500000000000e+00 -6.656250000e+00 -6.656250000e+00 1.058483521e-13 0.000000000e+00 0.000000000e+00 -1.319639042e-14 1.000000000e-01 1.000000000e-01 -1.316146417e-14 
d 2.95500000000000e+00 -6.556250000e+00 -6.556250000e+00 1.058120970e-13 0.000000000e+00 0.000000000e+00 -1.316055344e-14 1.000000000e-01 1.000000000e-01 -1.320937726e-14 
d 3.00000000000000e+00 -6.500000000e+00 -6.500000000e+00 1.057887887e-13 0.000000000e+00 0.000000000e+00 -1.321928725e-14 1.000000000e-01 1.000000000e-01 -1.320352372e-14 
d 3.00500000000000e+00 -6.493750000e+00 -6.493750000e+00 1.057859750e-13 0.000000000e+00 0.000000000e+00 -1.323301258e-14 1.000000000e-01 1.000000000e-01 -1.323895648e-14 
d 3.01500000000000e+00 -6.481250000e+00 -6.481250000e+00 1.057805397e-13 0.000000000e+00 0.000000000e+00 -1.307634928e-14 1.000000000e-01 1.000000000e-01 -1.315459158e-14 
d 3.03500000000000e+00 -6.456250000e+00 -6.456250000e+00 1.057693777e-13 0.000000000e+00 0.000000000e+00 -1.320347094e-14 1.000000000e-01 1.000000000e-01 -1.317718869e-14 
d 3.07500000000000e+00 -6.406250000e+00 -6.406250000e+00 1.057458327e-13 0.000000000e+00 0.000000000e+00 -1.315071641e-14 1.000000000e-01 1.000000000e-01 -1.321505378e-14 
d 3.15500000000000e+00 -6.306250000e+00 -6.306250000e+00 1.056934632e-13 0.000000000e+00 0.000000000e+00 -1.317835887e-14 1.000000000e-01 1.000000000e-01 -1.319648016e-14 
d 3.20000000000000e+00 -6.250000000e+00 -6.250000000e+00 1.056598623e-13 0.000000000e+00 0.000000000e+00 -1.320375295e-14 1.000000000e-01 1.000000000e-01 -1.321506086e-14 
d 3.20500000000000e+00 -6.243750000e+00 -6.243750000e+00 1.056558128e-13 0.000000000e+00 0.000000000e+00 -1.323182618e-14 1.000000000e-01 1.000000000e-01 -1.319624362e-14 
d 3.21500000000000e+00 -6.231250000e+00 -6.231250000e+00 1.056479838e-13 0.000000000e+00 0.000000000e+00 -1.312552145e-14 1.000000000e-01 1.000000000e-01 -1.312613426e-14 
d 3.23500000000000e+00 -6.206250000e+00 -6.206250000e+00 1.056319168e-13 0.000000000e+00 0.000000000e+00 -1.317644764e-14 1.000000000e-01 1.000000000e-01 -1.320612590e-14 
d 3.27500000000000e+00 -6.156250000e+00 -6.156250000e+00 1.055980633e-13 0.000000000e+00 0.000000000e+00 -1.321681265e-14 1.000000000e-01 1.000000000e-01 -1.319991951e-14 
d 3.35500000000000e+00 -6.056250000e+00 -6.056250000e+00 1.055229603e-13 0.000000000e+00 0.000000000e+00 -1.317073436e-14 1.000000000e-01 1.000000000e-01 -1.316901570e-14 
d 3.40000000000000e+00 -6.000000000e+00 -6.000000000e+00 1.054749545e-13 0.000000000e+00 0.000000000e+00 -1.323498295e-14 1.000000000e-01 1.000000000e-01 -1.326978311e-14 
d 3.40500000000000e+00 -5.993750000e+00 -5.993750000e+00 1.054691860e-13 0.000000000e+00 0.000000000e+00 -1.325934887e-14 1.000000000e-01 1.000000000e-01 -1.317505009e-14 
d 3.41500000000000e+00 -5.981250000e+00 -5.981250000e+00 1.054580178e-13 0.000000000e+00 0.000000000e+00 -1.309147386e-14 1.000000000e-01 1.000000000e-01 -1.315529599e-14 
d 3.43500000000000e+00 -5.956250000e+00 -5.956250000e+00 1.054351247e-13 0.000000000e+00 0.000000000e+00 -1.320700106e-14 1.000000000e-01 1.000000000e-01 -1.323851352e-14 
d 3.47500000000000e+00 -5.906250000e+00 -5.906250000e+00 1.053869892e-13 0.000000000e+00 0.000000000e+00 -1.317437414e-14 1.000000000e-01 1.000000000e-01 -1.324597086e-14 
d 3.55500000000000e+00 -5.806250000e+00 -5.806250000e+00 1.052807251e-13 0.000000000e+00 0.000000000e+00 -1.318806282e-14 1.000000000e-01 1.000000000e-01 -1.324234603e-14 
d 3.60000000000000e+00 -5.750000000e+00 -5.750000000e+00 1.052132979e-13 0.000000000e+00 0.000000000e+00 -1.318276244e-14 1.000000000e-01 1.000000000e-01 -1.319774543e-14 
d 3.60500000000000e+00 -5.743750000e+00 -5.743750000e+00 1.052052423e-13 0.000000000e+00 0.000000000e+00 -1.326478604e-14 1.000000000e-01 1.000000000e-01 -1.330869866e-14 
d 3.61500000000000e+00 -5.731250000e+00 -5.731250000e+00 1.051896052e-13 0.000000000e+00 0.000000000e+00 -1.315446260e-14 1.000000000e-01 1.000000000e-01 -1.310098493e-14 
d 3.63500000000000e+00 -5.706250000e+00 -5.706250000e+00 1.051576226e-13 0.000000000e+00 0.000000000e+00 -1.319012240e-14 1.000000000e-01 1.000000000e-01 -1.321986916e-14 
d 3.67500000000000e+00 -5.656250000e+00 -5.656250000e+00 1.050906542e-13 0.000000000e+00 0.000000000e+00 -1.319992241e-14 1.000000000e-01 1.000000000e-01 -1.322642590e-14 
d 3.75500000000000e+00 -5.556250000e+00 -5.556250000e+00 1.049442428e-13 0.000000000e+00 0.000000000e+00 -1.321892581e-14 1.000000000e-01 1.000000000e-01 -1.317756249e-14 
d 3.80000000000000e+00 -5.500000000e+00 -5.500000000e+00 1.048526730e-13 0.000000000e+00 0.000000000e+00 -1.324135008e-14 1.000000000e-01 1.000000000e-01 -1.320761847e-14 
d 3.80500000000000e+00 -5.493750000e+00 -5.493750000e+00 1.048418551e-13 0.000000000e+00 0.000000000e+00 -1.326547142e-14 1.000000000e-01 1.000000000e-01 -1.329316331e-14 
d 3.81500000000000e+00 -5.481250000e+00 -5.481250000e+00 1.048207536e-13 0.000000000e+00 0.000000000e+00 -1.312238894e-14 1.000000000e-01 1.000000000e-01 -1.314656166e-14 
d 3.83500000000000e+00 -5.456250000e+00 -5.456250000e+00 1.047777755e-13 0.000000000e+00 0.000000000e+00 -1.324777304e-14 1.000000000e-01 1.000000000e-01 -1.317825683e-14 
d 3.87500000000000e+00 -5.406250000e+00 -5.406250000e+00 1.046885278e-13 0.000000000e+00 0.000000000e+00 -1.322397404e-14 1.000000000e-01 1.000000000e-01 -1.321981292e-14 
d 3.95500000000000e+00 -5.306250000e+00 -5.306250000e+00 1.044972804e-13 0.000000000e+00 0.000000000e+00 -1.321177552e-14 1.000000000e-01 1.000000000e-01 -1.323362857e-14 
d 4.00000000000000e+00 -5.250000000e+00 -5.250000000e+00 1.043814318e-13 0.000000000e+00 0.000000000e+00 -1.320034505e-14 1.000000000e-01 1.000000000e-01 -1.324428578e-14 
d 4.00500000000000e+00 -5.243750000e+00 -5.243750000e+00 1.043681063e-13 0.000000000e+00 0.000000000e+00 -1.333984812e-14 1.000000000e-01 1.000000000e-01 -1.327191267e-14 
d 4.01500000000000e+00 -5.231250000e+00 -5.231250000e+00 1.043418192e-13 0.000000000e+00 0.000000000e+00 -1.312064077e-14 1.000000000e-01 1.000000000e-01 -1.318638736e-14 
d 4.03500000000000e+00 -5.206250000e+00 -5.206250000e+00 1.042888173e-13 0.000000000e+00 0.000000000e+00 -1.323819419e-14 1.000000000e-01 1.000000000e-01 -1.324275458e-14 
d 4.07500000000000e+00 -5.156250000e+00 -5.156250000e+00 1.041810442e-13 0.000000000e+00 0.000000000e+00 -1.320595217e-14 1.000000000e-01 1.000000000e-01 -1.324339385e-14 
d 4.15500000000000e+00 -5.056250000e+00 -5.056250000e+00 1.039620799e-13 0.000000000e+00 0.000000000e+00 -1.320938549e-14 1.000000000e-01 1.000000000e-01 -1.323317660e-14 
d 4.20000000000000e+00 -5.000000000e+00 -5.000000000e+00 1.038407785e-13 0.000000000e+00 0.000000000e+00 -1.325801534e-14 1.000000000e-01 1.000000000e-01 -1.322449588e-14 
d 4.20500000000000e+00 -4.993750000e+00 -4.993750000e+00 1.038278350e-13 0.000000000e+00 0.000000000e+00 -1.333238857e-14 1.000000000e-01 1.000000000e-01 -1.334946697e-14 
d 4.21500000000000e+00 -4.981250000e+00 -4.981250000e+00 1.038014731e-13 0.000000000e+00 0.000000000e+00 -1.313816594e-14 1.000000000e-01 1.000000000e-01 -1.314451518e-14 
d 4.23500000000000e+00 -4.956250000e+00 -4.956250000e+00 1.037497360e-13 0.000000000e+00 0.000000000e+00 -1.320821472e-14 1.000000000e-01 1.000000000e-01 -1.320754840e-14 
d 4.27500000000000e+00 -4.906250000e+00 -4.906250000e+00 1.036503905e-13 0.000000000e+00 0.000000000e+00 -1.325429125e-14 1.000000000e-01 1.000000000e-01 -1.322515511e-14 
d 4.35500000000000e+00 -4.806250000e+00 -4.806250000e+00 1.034749319e-13 0.000000000e+00 0.000000000e+00 -1.323034215e-14 1.000000000e-01 1.000000000e-01 -1.326703209e-14 
d 4.40000000000000e+00 -4.750000000e+00 -4.750000000e+00 1.033981843e-13 0.000000000e+00 0.000000000e+00 -1.322010495e-14 1.000000000e-01 1.000000000e-01 -1.320672487e-14 
d 4.40500000000000e+00 -4.743750000e+00 -4.743750000e+00 1.033914525e-13 0.000000000e+00 0.000000000e+00 -1.335574019e-14 1.000000000e-01 1.000000000e-01 -1.328464594e-14 
d 4.41500000000000e+00 -4.731250000e+00 -4.731250000e+00 1.033764925e-13 0.000000000e+00 0.000000000e+00 -1.311073347e-14 1.000000000e-01 1.000000000e-01 -1.313722762e-14 
d 4.43500000000000e+00 -4.706250000e+00 -4.706250000e+00 1.033488823e-13 0.000000000e+00 0.000000000e+00 -1.324530366e-14 1.000000000e-01 1.000000000e-01 -1.318896961e-14 
d 4.47500000000000e+00 -4.656250000e+00 -4.656250000e+00 1.033031367e-13 0.000000000e+00 0.000000000e+00 -1.325076437e-14 1.000000000e-01 1.000000000e-01 -1.317319281e-14 
d 4.55500000000000e+00 -4.556250000e+00 -4.556250000e+00 1.032486926e-13 0.000000000e+00 0.000000000e+00 -1.321793051e-14 1.000000000e-01 1.000000000e-01 -1.320258831e-14 
d 4.60000000000000e+00 -4.500000000e+00 -4.500000000e+00 1.032415581e-13 0.000000000e+00 0.000000000e+00 -1.321408473e-14 1.000000000e-01 1.000000000e-01 -1.323893652e-14 
d 4.60500000000000e+00 -4.493750000e+00 -4.493750000e+00 1.032419625e-13 0.000000000e+00 0.000000000e+00 -1.339296174e-14 1.000000000e-01 1.000000000e-01 -1.334565764e-14 
d 4.61500000000000e+00 -4.481250000e+00 -4.481250000e+00 1.032419706e-13 0.000000000e+00 0.000000000e+00 -1.319110549e-14 1.000000000e-01 1.000000000e-01 -1.312946597e-14 
d 4.63500000000000e+00 -4.456250000e+00 -4.456250000e+00 1.032429332e-13 0.000000000e+00 0.000000000e+00 -1.322063318e-14 1.000000000e-01 1.000000000e-01 -1.327835160e-14 
d 4.67500000000000e+00 -4.406250000e+00 -4.406250000e+00 1.032499076e-13 0.000000000e+00 0.000000000e+00 -1.321824004e-14 1.000000000e-01 1.000000000e-01 -1.324027979e-14 
d 4.75500000000000e+00 -4.306250000e+00 -4.306250000e+00 1.032768915e-13 0.000000000e+00 0.000000000e+00 -1.325294267e-14 1.000000000e-01 1.000000000e-01 -1.322168015e-14 
d 4.80000000000000e+00 -4.250000000e+00 -4.250000000e+00 1.032949227e-13 0.000000000e+00 0.000000000e+00 -1.328477440e-14 1.000000000e-01 1.000000000e-01 -1.327566058e-14 
d 4.80500000000000e+00 -4.243750000e+00 -4.243750000e+00 1.032965622e-13 0.000000000e+00 0.000000000e+00 -1.340224108e-14 1.000000000e-01 1.000000000e-01 -1.333902531e-14 
d 4.81500000000000e+00 -4.231250000e+00 -4.231250000e+00 1.033005661e-13 0.000000000e+00 0.000000000e+00 -1.309199237e-14 1.000000000e-01 1.000000000e-01 -1.314803045e-14 
d 4.83500000000000e+00 -4.206250000e+00 -4.206250000e+00 1.033073926e-13 0.000000000e+00 0.000000000e+00 -1.324052772e-14 1.000000000e-01 1.000000000e-01 -1.323901754e-14 
d 4.87500000000000e+00 -4.156250000e+00 -4.156250000e+00 1.033185479e-13 0.000000000e+00 0.000000000e+00 -1.324155466e-14 1.000000000e-01 1.000000000e-01 -1.331269769e-14 
d 4.95500000000000e+00 -4.056250000e+00 -4.056250000e+00 1.033248463e-13 0.000000000e+00 0.000000000e+00 -1.328350470e-14 1.000000000e-01 1.000000000e-01 -1.321837577e-14 
d 5.00000000000000e+00 -4.000000000e+00 -4.000000000e+00 1.033117071e-13 0.000000000e+00 0.000000000e+00 -1.327240134e-14 1.000000000e-01 1.000000000e-01 -1.330892973e-14 
d 5.00500000000000e+00 -3.993750000e+00 -3.993750000e+00 1.033085655e-13 0.000000000e+00 0.000000000e+00 -1.336828595e-14 1.000000000e-01 1.000000000e-01 -1.341571409e-14 
d 5.01500000000000e+00 -3.981250000e+00 -3.981250000e+00 1.033042096e-13 0.000000000e+00 0.000000000e+00 -1.322063236e-14 1.000000000e-01 1.000000000e-01 -1.318876087e-14 
d 5.03500000000000e+00 -3.956250000e+00 -3.956250000e+00 1.032926958e-13 0.000000000e+00 0.000000000e+00 -1.319977895e-14 1.000000000e-01 1.000000000e-01 -1.326204882e-14 
d 5.07500000000000e+00 -3.906250000e+00 -3.906250000e+00 1.032604893e-13 0.000000000e+00 0.000000000e+00 -1.328466903e-14 1.000000000e-01 1.000000000e-01 -1.328252271e-14 
d 5.15500000000000e+00 -3.806250000e+00 -3.806250000e+00 1.031518574e-13 0.000000000e+00 0.000000000e+00 -1.327521680e-14 1.000000000e-01 1.000000000e-01 -1.328883418e-14 
d 5.20000000000000e+00 -3.750000000e+00 -3.750000000e+00 1.030512022e-13 0.000000000e+00 0.000000000e+00 -1.332451153e-14 1.000000000e-01 1.000000000e-01 -1.333543720e-14 
d 5.20500000000000e+00 -3.743750000e+00 -3.743750000e+00 1.030362735e-13 0.000000000e+00 0.000000000e+00 -1.347135401e-14 1.000000000e-01 1.000000000e-01 -1.347518096e-14 
d 5.21500000000000e+00 -3.731250000e+00 -3.731250000e+00 1.030104312e-13 0.000000000e+00 0.000000000e+00 -1.320162735e-14 1.000000000e-01 1.000000000e-01 -1.328870896e-14 
d 5.23500000000000e+00 -3.706250000e+00 -3.706250000e+00 1.029532423e-13 0.000000000e+00 0.000000000e+00 -1.325090133e-14 1.000000000e-01 1.000000000e-01 -1.325900393e-14 
d 5.27500000000000e+00 -3.656250000e+00 -3.656250000e+00 1.028191383e-13 0.000000000e+00 0.000000000e+00 -1.331052210e-14 1.000000000e-01 1.000000000e-01 -1.335927979e-14 
d 5.35500000000000e+00 -3.556250000e+00 -3.556250000e+00 1.024632172e-13 0.000000000e+00 0.000000000e+00 -1.340061239e-14 1.000000000e-01 1.000000000e-01 -1.331021597e-14 
d 5.40000000000000e+00 -3.500000000e+00 -3.500000000e+00 1.021965251e-13 0.000000000e+00 0.000000000e+00 -1.334380411e-14 1.000000000e-01 1.000000000e-01 -1.330772819e-14 
d 5.40500000000000e+00 -3.493750000e+00 -3.493750000e+00 1.021624225e-13 0.000000000e+00 0.000000000e+00 -1.345505779e-14 1.000000000e-01 1.000000000e-01 -1.345134673e-14 
d 5.41500000000000e+00 -3.481250000e+00 -3.481250000e+00 1.020998055e-13 0.000000000e+00 0.000000000e+00 -1.327299598e-14 1.000000000e-01 1.000000000e-01 -1.328364027e-14 
d 5.43500000000000e+00 -3.456250000e+00 -3.456250000e+00 1.019689937e-13 0.000000000e+00 0.000000000e+00 -1.329508496e-14 1.000000000e-01 1.000000000e-01 -1.331262149e-14 
d 5.47500000000000e+00 -3.406250000e+00 -3.406250000e+00 1.016886116e-13 0.000000000e+00 0.000000000e+00 -1.332744095e-14 1.000000000e-01 1.000000000e-01 -1.334762555e-14 
d 5.55500000000000e+00 -3.306250000e+00 -3.306250000e+00 1.010249130e-13 0.000000000e+00 0.000000000e+00 -1.339456069e-14 1.000000000e-01 1.000000000e-01 -1.343512987e-14 
d 5.60000000000000e+00 -3.250000000e+00 -3.250000000e+00 1.005317237e-13 0.000000000e+00 0.000000000e+00 -1.339195751e-14 1.000000000e-01 1.000000000e-01 -1.339710165e-14 
d 5.60500000000000e+00 -3.243750000e+00 -3.243750000e+00 1.004624186e-13 0.000000000e+00 0.000000000e+00 -1.362517281e-14 1.000000000e-01 1.000000000e-01 -1.353664108e-14 
d 5.61500000000000e+00 -3.231250000e+00 -3.231250000e+00 1.003338633e-13 0.000000000e+00 0.000000000e+00 -1.330497721e-14 1.000000000e-01 1.000000000e-01 -1.328893682e-14 
d 5.63500000000000e+00 -3.206250000e+00 -3.206250000e+00 1.000531954e-13 0.000000000e+00 0.000000000e+00 -1.336535324e-14 1.000000000e-01 1.000000000e-01 -1.337884809e-14 
d 5.67500000000000e+00 -3.156250000e+00 -3.156250000e+00 9.939234621e-14 0.000000000e+00 0.000000000e+00 -1.343010307e-14 1.000000000e-01 1.000000000e-01 -1.345949093e-14 
d 5.75500000000000e+00 -3.056250000e+00 -3.056250000e+00 9.755918691e-14 0.000000000e+00 0.000000000e+00 -1.352417402e-14 1.000000000e-01 1.000000000e-01 -1.348385245e-14 
d 5.80000000000000e+00 -3.000000000e+00 -3.000000000e+00 9.604266920e-14 0.000000000e+00 0.000000000e+00 -1.343392765e-14 1.000000000e-01 1.000000000e-01 -1.349541844e-14 
d 5.80500000000000e+00 -2.993750000e+00 -2.993750000e+00 9.582035402e-14 0.000000000e+00 0.000000000e+00 -1.364716383e-14 1.000000000e-01 1.000000000e-01 -1.362926204e-14 
d 5.81500000000000e+00 -2.981250000e+00 -2.981250000e+00 9.543856077e-14 0.000000000e+00 0.000000000e+00 -1.341644216e-14 1.000000000e-01 1.000000000e-01 -1.342024754e-14 
d 5.83500000000000e+00 -2.956250000e+00 -2.956250000e+00 9.460519273e-14 0.000000000e+00 0.000000000e+00 -1.346067225e-14 1.000000000e-01 1.000000000e-01 -1.347892039e-14 
d 5.87500000000000e+00 -2.906250000e+00 -2.906250000e+00 9.271114987e-14 0.000000000e+00 0.000000000e+00 -1.351330658e-14 1.000000000e-01 1.000000000e-01 -1.354568359e-14 
d 5.95500000000000e+00 -2.806250000e+00 -2.806250000e+00 8.825741904e-14 0.000000000e+00 0.000000000e+00 -1.358770194e-14 1.000000000e-01 1.000000000e-01 -1.356086621e-14 
d 6.00000000000000e+00 -2.750000000e+00 -2.750000000e+00 8.579353202e-14 0.000000000e+00 0.000000000e+00 -1.356782498e-14 1.000000000e-01 1.000000000e-01 -1.358331884e-14 
d 6.00500000000000e+00 -2.743750000e+00 -2.743750000e+00 8.562431904e-14 0.000000000e+00 0.000000000e+00 -1.375870345e-14 1.000000000e-01 1.000000000e-01 -1.381741651e-14 
d 6.01500000000000e+00 -2.731250000e+00 -2.731250000e+00 8.516320657e-14 0.000000000e+00 0.000000000e+00 -1.346199448e-14 1.000000000e-01 1.000000000e-01 -1.351327904e-14 
d 6.03500000000000e+00 -2.706250000e+00 -2.706250000e+00 8.432516312e-14 0.000000000e+00 0.000000000e+00 -1.357600166e-14 1.000000000e-01 1.000000000e-01 -1.351135269e-14 
d 6.07500000000000e+00 -2.656250000e+00 -2.656250000e+00 8.277967983e-14 0.000000000e+00 0.000000000e+00 -1.364473104e-14 1.000000000e-01 1.000000000e-01 -1.360822772e-14 
d 6.15500000000000e+00 -2.556250000e+00 -2.556250000e+00 7.895074689e-14 0.000000000e+00 0.000000000e+00 -1.368814157e-14 1.000000000e-01 1.000000000e-01 -1.365031568e-14 
d 6.20000000000000e+00 -2.500000000e+00 -2.500000000e+00 7.590832307e-14 0.000000000e+00 0.000000000e+00 -1.368756578e-14 1.000000000e-01 1.000000000e-01 -1.365624285e-14 
d 6.20500000000000e+00 -2.493750000e+00 -2.493750000e+00 7.549459730e-14 0.000000000e+00 0.000000000e+00 -1.385680756e-14 1.000000000e-01 1.000000000e-01 -1.383984526e-14 
d 6.21500000000000e+00 -2.481250000e+00 -2.481250000e+00 7.461902415e-14 0.000000000e+00 0.000000000e+00 -1.352372779e-14 1.000000000e-01 1.000000000e-01 -1.360047695e-14 
d 6.23500000000000e+00 -2.456250000e+00 -2.456250000e+00 7.276513663e-14 0.000000000e+00 0.000000000e+00 -1.369510931e-14 1.000000000e-01 1.000000000e-01 -1.363434034e-14 
d 6.27500000000000e+00 -2.406250000e+00 -2.406250000e+00 6.876957566e-14 0.000000000e+00 0.000000000e+00 -1.368358345e-14 1.000000000e-01 1.000000000e-01 -1.373771099e-14 
d 6.35500000000000e+00 -2.306250000e+00 -2.306250000e+00 6.065822141e-14 0.000000000e+00 0.000000000e+00 -1.378806038e-14 1.000000000e-01 1.000000000e-01 -1.374707797e-14 
d 6.40000000000000e+00 -2.250000000e+00 -2.250000000e+00 5.656481645e-14 0.000000000e+00 0.000000000e+00 -1.370450694e-14 1.000000000e-01 1.000000000e-01 -1.377116945e-14 
d 6.40500000000000e+00 -2.243750000e+00 -2.243750000e+00 5.613291465e-14 0.000000000e+00 0.000000000e+00 -1.396716117e-14 1.000000000e-01 1.000000000e-01 -1.391821516e-14 
d 6.41500000000000e+00 -2.231250000e+00 -2.231250000e+00 5.528830398e-14 0.000000000e+00 0.000000000e+00 -1.366922095e-14 1.000000000e-01 1.000000000e-01 -1.369233947e-14 
d 6.43500000000000e+00 -2.206250000e+00 -2.206250000e+00 5.366757308e-14 0.000000000e+00 0.000000000e+00 -1.370864340e-14 1.000000000e-01 1.000000000e-01 -1.376035949e-14 
d 6.47500000000000e+00 -2.156250000e+00 -2.156250000e+00 5.069350419e-14 0.000000000e+00 0.000000000e+00 -1.375809978e-14 1.000000000e-01 1.000000000e-01 -1.379481321e-14 
d 6.55500000000000e+00 -2.056250000e+00 -2.056250000e+00 4.571245477e-14 0.000000000e+00 0.000000000e+00 -1.376868854e-14 1.000000000e-01 1.000000000e-01 -1.379709669e-14 
d 6.60000000000000e+00 -2.000000000e+00 -2.000000000e+00 4.340732016e-14 0.000000000e+00 0.000000000e+00 -1.370352193e-14 1.000000000e-01 1.000000000e-01 -1.373855484e-14 
d 6.60500000000000e+00 -1.993750000e+00 -1.993750000e+00 4.317046283e-14 0.000000000e+00 0.000000000e+00 -1.389363836e-14 1.000000000e-01 1.000000000e-01 -1.399359323e-14 
d 6.61500000000000e+00 -1.981250000e+00 -1.981250000e+00 4.270756114e-14 0.000000000e+00 0.000000000e+00 -1.371781194e-14 1.000000000e-01 1.000000000e-01 -1.368765996e-14 
d 6.63500000000000e+00 -1.956250000e+00 -1.956250000e+00 4.182328525e-14 0.000000000e+00 0.000000000e+00 -1.376325356e-14 1.000000000e-01 1.000000000e-01 -1.373284206e-14 
d 6.67500000000000e+00 -1.906250000e+00 -1.906250000e+00 4.020916979e-14 0.000000000e+00 0.000000000e+00 -1.383950010e-14 1.000000000e-01 1.000000000e-01 -1.377969050e-14 
d 6.75500000000000e+00 -1.806250000e+00 -1.806250000e+00 3.751588560e-14 0.000000000e+00 0.000000000e+00 -1.380367044e-14 1.000000000e-01 1.000000000e-01 -1.381505571e-14 
d 6.80000000000000e+00 -1.750000000e+00 -1.750000000e+00 3.627085843e-14 0.000000000e+00 0.000000000e+00 -1.377343511e-14 1.000000000e-01 1.000000000e-01 -1.382035895e-14 
d 6.80500000000000e+00 -1.743750000e+00 -1.743750000e+00 3.614298229e-14 0.000000000e+00 0.000000000e+00 -1.401399078e-14 1.000000000e-01 1.000000000e-01 -1.403196794e-14 
d 6.81500000000000e+00 -1.731250000e+00 -1.731250000e+00 3.589305474e-14 0.000000000e+00 0.000000000e+00 -1.369353925e-14 1.000000000e-01 1.000000000e-01 -1.371139161e-14 
d 6.83500000000000e+00 -1.706250000e+00 -1.706250000e+00 3.541566577e-14 0.000000000e+00 0.000000000e+00 -1.373861365e-14 1.000000000e-01 1.000000000e-01 -1.374177514e-14 
d 6.87500000000000e+00 -1.656250000e+00 -1.656250000e+00 3.454442393e-14 0.000000000e+00 0.000000000e+00 -1.390094948e-14 1.000000000e-01 1.000000000e-01 -1.378808026e-14 
d 6.95500000000000e+00 -1.556250000e+00 -1.556250000e+00 3.309126742e-14 0.000000000e+00 0.000000000e+00 -1.382849074e-14 1.000000000e-01 1.000000000e-01 -1.379406614e-14 
d 7.00000000000000e+00 -1.500000000e+00 -1.500000000e+00 3.241986545e-14 0.000000000e+00 0.000000000e+00 -1.381270942e-14 1.000000000e-01 1.000000000e-01 -1.384272106e-14 
d 7.00500000000000e+00 -1.493750000e+00 -1.493750000e+00 3.235092288e-14 0.000000000e+00 0.000000000e+00 -1.403883711e-14 1.000000000e-01 1.000000000e-01 -1.403990373e-14 
d 7.01500000000000e+00 -1.481250000e+00 -1.481250000e+00 3.221618721e-14 0.000000000e+00 0.000000000e+00 -1.366065000e-14 1.000000000e-01 1.000000000e-01 -1.372658274e-14 
d 7.03500000000000e+00 -1.456250000e+00 -1.456250000e+00 3.195886657e-14 0.000000000e+00 0.000000000e+00 -1.381412655e-14 1.000000000e-01 1.000000000e-01 -1.385093176e-14 
d 7.07500000000000e+00 -1.406250000e+00 -1.406250000e+00 3.148940583e-14 0.000000000e+00 0.000000000e+00 -1.389008108e-14 1.000000000e-01 1.000000000e-01 -1.385419068e-14 
d 7.15500000000000e+00 -1.306250000e+00 -1.306250000e+00 3.070697130e-14 0.000000000e+00 0.000000000e+00 -1.390513295e-14 1.000000000e-01 1.000000000e-01 -1.388271626e-14 
d 7.20000000000000e+00 -1.250000000e+00 -1.250000000e+00 3.034582918e-14 0.000000000e+00 0.000000000e+00 -1.383945118e-14 1.000000000e-01 1.000000000e-01 -1.388870211e-14 
d 7.20500000000000e+00 -1.243750000e+00 -1.243750000e+00 3.030876427e-14 0.000000000e+00 0.000000000e+00 -1.405121521e-14 1.000000000e-01 1.000000000e-01 -1.404263886e-14 
d 7.21500000000000e+00 -1.231250000e+00 -1.231250000e+00 3.023633893e-14 0.000000000e+00 0.000000000e+00 -1.375983755e-14 1.000000000e-01 1.000000000e-01 -1.378002538e-14 
d 7.23500000000000e+00 -1.206250000e+00 -1.206250000e+00 3.009807209e-14 0.000000000e+00 0.000000000e+00 -1.377644572e-14 1.000000000e-01 1.000000000e-01 -1.383250058e-14 
d 7.27500000000000e+00 -1.156250000e+00 -1.156250000e+00 2.984609932e-14 0.000000000e+00 0.000000000e+00 -1.386753610e-14 1.000000000e-01 1.000000000e-01 -1.388702482e-14 
d 7.35500000000000e+00 -1.056250000e+00 -1.056250000e+00 2.943085659e-14 0.000000000e+00 0.000000000e+00 -1.385482699e-14 1.000000000e-01 1.000000000e-01 -1.387381098e-14 
d 7.40000000000000e+00 -1.000000000e+00 -1.000000000e+00 2.925803869e-14 0.000000000e+00 0.000000000e+00 -1.389625001e-14 1.000000000e-01 1.000000000e-01 -1.385179879e-14 
d 7.40500000000000e+00 -9.937500000e-01 -9.937500000e-01 2.924337065e-14 0.000000000e+00 0.000000000e+00 -1.397760143e-14 1.000000000e-01 1.000000000e-01 -1.401304329e-14 
d 7.41500000000000e+00 -9.812500000e-01 -9.812500000e-01 2.921826461e-14 0.000000000e+00 0.000000000e+00 -1.381497573e-14 1.000000000e-01 1.000000000e-01 -1.367115669e-14 
d 7.43500000000000e+00 -9.562500000e-01 -9.562500000e-01 2.919168763e-14 0.000000000e+00 0.000000000e+00 -1.393533244e-14 1.000000000e-01 1.000000000e-01 -1.377438596e-14 
d 7.47500000000000e+00 -9.062500000e-01 -9.062500000e-01 2.931887735e-14 0.000000000e+00 0.000000000e+00 -1.415881487e-14 1.000000000e-01 1.000000000e-01 -1.384983658e-14 
d 7.55500000000000e+00 -8.062500000e-01 -8.062500000e-01 3.051130663e-14 0.000000000e+00 0.000000000e+00 -1.534169896e-14 1.000000000e-01 1.000000000e-01 -1.413762952e-14 
d 7.60000000000000e+00 -7.500000000e-01 -7.500000000e-01 3.121170000e-14 0.000000000e+00 0.000000000e+00 -1.551171976e-14 1.000000000e-01 1.000000000e-01 -1.482637278e-14 
d 7.60500000000000e+00 -7.437500000e-01 -7.437500000e-01 3.127811567e-14 0.000000000e+00 0.000000000e+00 -1.566219625e-14 1.000000000e-01 1.000000000e-01 -1.509450326e-14 
d 7.61500000000000e+00 -7.312500000e-01 -7.312500000e-01 3.139826982e-14 0.000000000e+00 0.000000000e+00 -1.777730422e-14 1.000000000e-01 1.000000000e-01 -1.740835260e-14 
d 7.63500000000000e+00 -7.062500000e-01 -7.062500000e-01 3.157364974e-14 0.000000000e+00 0.000000000e+00 -1.542994615e-14 1.000000000e-01 1.000000000e-01 -1.526418188e-14 
d 7.67500000000000e+00 -6.562500000e-01 -6.562500000e-01 3.181366686e-14 0.000000000e+00 0.000000000e+00 -1.560111863e-14 1.000000000e-01 1.000000000e-01 -1.548459487e-14 
d 7.75500000000000e+00 -5.562500000e-01 -5.562500000e-01 3.431264863e-14 0.000000000e+00 0.000000000e+00 -1.805414703e-14 1.000000000e-01 1.000000000e-01 -1.559745760e-14 
d 7.80000000000000e+00 -5.000000000e-01 -5.000000000e-01 3.663470397e-14 0.000000000e+00 0.000000000e+00 -1.943129097e-14 1.000000000e-01 1.000000000e-01 -1.672833821e-14 
d 7.80500000000000e+00 -4.937500000e-01 -4.937500000e-01 3.715029326e-14 0.000000000e+00 0.000000000e+00 -1.979209772e-14 1.000000000e-01 1.000000000e-01 -1.725397309e-14 
d 7.81500000000000e+00 -4.812500000e-01 -4.812500000e-01 3.824245300e-14 0.000000000e+00 0.000000000e+00 -2.025340559e-14 1.000000000e-01 1.000000000e-01 -1.731677817e-14 
d 7.83500000000000e+00 -4.562500000e-01 -4.562500000e-01 4.067693340e-14 0.000000000e+00 0.000000000e+00 -2.220803690e-14 1.000000000e-01 1.000000000e-01 -1.787436771e-14 
d 7.87500000000000e+00 -4.062500000e-01 -4.062500000e-01 4.888273910e-14 0.000000000e+00 0.000000000e+00 -2.929585799e-14 1.000000000e-01 1.000000000e-01 -1.912612289e-14 
d 7.95500000000000e+00 -3.062500000e-01 -3.062500000e-01 1.324164711e-13 0.000000000e+00 0.000000000e+00 -1.027542744e-13 1.000000000e-01 1.000000000e-01 -2.947872566e-14 
d 8.00000000000000e+00 -2.500000000e-01 -2.500000000e-01 9.514070202e-14 0.000000000e+00 0.000000000e+00 -2.535203767e-13 1.000000000e-01 1.000000000e-01 1.583624953e-13 
d 8.00500000000000e+00 -2.437500000e-01 -2.437500000e-01 2.831737420e-14 0.000000000e+00 0.000000000e+00 -3.091929952e-13 1.000000000e-01 1.000000000e-01 2.808110314e-13 
d 8.00795845645698e+00 -2.400519294e-01 -2.400519294e-01 3.156097348e-14 0.000000000e+00 0.000000000e+00 -3.530894846e-13 1.000000000e-01 1.000000000e-01 3.214719644e-13 
d 8.01387536937095e+00 -2.326557883e-01 -2.326557883e-01 3.184013267e-14 0.000000000e+00 0.000000000e+00 -4.587451493e-13 1.000000000e-01 1.000000000e-01 4.268764783e-13 
d 8.02570919519887e+00 -2.178635060e-01 -2.178635060e-01 3.298694257e-14 0.000000000e+00 0.000000000e+00 -7.751360235e-13 1.000000000e-01 1.000000000e-01 7.424076826e-13 
d 8.04937684685473e+00 -1.882789414e-01 -1.882789414e-01 3.674658674e-14 0.000000000e+00 0.000000000e+00 -2.170989808e-12 1.000000000e-01 1.000000000e-01 2.134282335e-12 
d 8.09671215016644e+00 -1.291098123e-01 -1.291098123e-01 5.038833563e-14 0.000000000e+00 0.000000000e+00 -1.321496194e-11 1.000000000e-01 1.000000000e-01 1.316460696e-11 
d 8.18940486835189e+00 -1.324391456e-02 -1.324391456e-02 7.307356662e-14 0.000000000e+00 0.000000000e+00 -1.451930179e-10 1.000000000e-01 1.000000000e-01 1.451199748e-10 
d 8.20000000000000e+00 0.000000000e+00 0.000000000e+00 7.359867074e-14 0.000000000e+00 0.000000000e+00 -1.789475279e-10 1.000000000e-01 1.000000000e-01 1.788741498e-10 
d 8.20500000000000e+00 6.250000000e-03 6.250000000e-03 7.433127240e-14 0.000000000e+00 0.000000000e+00 -1.967666304e-10 1.000000000e-01 1.000000000e-01 1.966923160e-10 
d 8.21500000000000e+00 1.875000000e-02 1.875000000e-02 7.578554578e-14 0.000000000e+00 0.000000000e+00 -2.362130129e-10 1.000000000e-01 1.000000000e-01 2.361374664e-10 
d 8.23500000000000e+00 4.375000000e-02 4.375000000e-02 7.869343160e-14 0.000000000e+00 0.000000000e+00 -3.308552951e-10 1.000000000e-01 1.000000000e-01 3.307767269e-10 
d 8.27500000000000e+00 9.375000000e-02 9.375000000e-02 8.457839876e-14 0.000000000e+00 0.000000000e+00 -5.813385336e-10 1.000000000e-01 1.000000000e-01 5.812539810e-10 
d 8.35500000000000e+00 1.937500000e-01 1.937500000e-01 9.387400633e-14 0.000000000e+00 0.000000000e+00 -1.264295672e-09 1.000000000e-01 1.000000000e-01 1.264201776e-09 
d 8.40000000000000e+00 2.500000000e-01 2.500000000e-01 9.656369650e-14 0.000000000e+00 0.000000000e+00 -1.715079878e-09 1.000000000e-01 1.000000000e-01 1.714983288e-09 
d 8.40500000000000e+00 2.562500000e-01 2.562500000e-01 9.675315689e-14 0.000000000e+00 0.000000000e+00 -1.767278423e-09 1.000000000e-01 1.000000000e-01 1.767181415e-09 
d 8.41500000000000e+00 2.687500000e-01 2.687500000e-01 9.725237464e-14 0.000000000e+00 0.000000000e+00 -1.872804823e-09 1.000000000e-01 1.000000000e-01 1.872707887e-09 
d 8.43268231031135e+00 2.908528879e-01 2.908528879e-01 9.804266638e-14 0.000000000e+00 0.000000000e+00 -2.062902689e-09 1.000000000e-01 1.000000000e-01 2.062804815e-09 
d 8.46804693093404e+00 3.350586637e-01 3.350586637e-01 9.933947959e-14 0.000000000e+00 0.000000000e+00 -2.455419752e-09 1.000000000e-01 1.000000000e-01 2.455320329e-09 
d 8.53877617217943e+00 4.234702152e-01 4.234702152e-01 1.011535418e-13 0.000000000e+00 0.000000000e+00 -3.283798778e-09 1.000000000e-01 1.000000000e-01 3.283697596e-09 
d 8.60000000000000e+00 5.000000000e-01 5.000000000e-01 1.021626656e-13 0.000000000e+00 0.000000000e+00 -4.042072117e-09 1.000000000e-01 1.000000000e-01 4.041969881e-09 
d 8.60500000000000e+00 5.062500000e-01 5.062500000e-01 1.022114302e-13 0.000000000e+00 0.000000000e+00 -4.105563747e-09 1.000000000e-01 1.000000000e-01 4.105461363e-09 
d 8.61500000000000e+00 5.187500000e-01 5.187500000e-01 1.023484053e-13 0.000000000e+00 0.000000000e+00 -4.233231571e-09 1.000000000e-01 1.000000000e-01 4.233129545e-09 
d 8.63500000000000e+00 5.437500000e-01 5.437500000e-01 1.026039488e-13 0.000000000e+00 0.000000000e+00 -4.491268861e-09 1.000000000e-01 1.000000000e-01 4.491166389e-09 
d 8.67500000000000e+00 5.937500000e-01 5.937500000e-01 1.030519985e-13 0.000000000e+00 0.000000000e+00 -5.017864821e-09 1.000000000e-01 1.000000000e-01 5.017761688e-09 
d 8.75500000000000e+00 6.937500000e-01 6.937500000e-01 1.037588378e-13 0.000000000e+00 0.000000000e+00 -6.111157631e-09 1.000000000e-01 1.000000000e-01 6.111053811e-09 
d 8.80000000000000e+00 7.500000000e-01 7.500000000e-01 1.040608515e-13 0.000000000e+00 0.000000000e+00 -6.748418363e-09 1.000000000e-01 1.000000000e-01 6.748314246e-09 
d 8.80500000000000e+00 7.562500000e-01 7.562500000e-01 1.040897059e-13 0.000000000e+00 0.000000000e+00 -6.820175417e-09 1.000000000e-01 1.000000000e-01 6.820071010e-09 
d 8.81500000000000e+00 7.687500000e-01 7.687500000e-01 1.041522726e-13 0.000000000e+00 0.000000000e+00 -6.964248113e-09 1.000000000e-01 1.000000000e-01 6.964144182e-09 
d 8.83500000000000e+00 7.937500000e-01 7.937500000e-01 1.042719505e-13 0.000000000e+00 0.000000000e+00 -7.254605548e-09 1.000000000e-01 1.000000000e-01 7.254501397e-09 
d 8.87500000000000e+00 8.437500000e-01 8.437500000e-01 1.044917453e-13 0.000000000e+00 0.000000000e+00 -7.843966034e-09 1.000000000e-01 1.000000000e-01 7.843861437e-09 
d 8.95500000000000e+00 9.437500000e-01 9.437500000e-01 1.048676161e-13 0.000000000e+00 0.000000000e+00 -9.055673875e-09 1.000000000e-01 1.000000000e-01 9.055568922e-09 
d 9.00000000000000e+00 1.000000000e+00 1.000000000e+00 1.050435863e-13 0.000000000e+00 0.000000000e+00 -9.755493409e-09 1.000000000e-01 1.000000000e-01 9.755388411e-09 
d 9.00500000000000e+00 1.006250000e+00 1.006250000e+00 1.050612122e-13 0.000000000e+00 0.000000000e+00 -9.834022775e-09 1.000000000e-01 1.000000000e-01 9.833917450e-09 
d 9.01500000000000e+00 1.018750000e+00 1.018750000e+00 1.050983852e-13 0.000000000e+00 0.000000000e+00 -9.991533052e-09 1.000000000e-01 1.000000000e-01 9.991428299e-09 
d 9.03500000000000e+00 1.043750000e+00 1.043750000e+00 1.051704625e-13 0.000000000e+00 0.000000000e+00 -1.030833687e-08 1.000000000e-01 1.000000000e-01 1.030823189e-08 
d 9.07500000000000e+00 1.093750000e+00 1.093750000e+00 1.053062516e-13 0.000000000e+00 0.000000000e+00 -1.094887271e-08 1.000000000e-01 1.000000000e-01 1.094876734e-08 
d 9.15500000000000e+00 1.193750000e+00 1.193750000e+00 1.055491458e-13 0.000000000e+00 0.000000000e+00 -1.225603873e-08 1.000000000e-01 1.000000000e-01 1.225593313e-08 
d 9.20000000000000e+00 1.250000000e+00 1.250000000e+00 1.056687865e-13 0.000000000e+00 0.000000000e+00 -1.300550396e-08 1.000000000e-01 1.000000000e-01 1.300539833e-08 
d 9.20500000000000e+00 1.256250000e+00 1.256250000e+00 1.056810967e-13 0.000000000e+00 0.000000000e+00 -1.308936981e-08 1.000000000e-01 1.000000000e-01 1.308926392e-08 
d 9.21500000000000e+00 1.268750000e+00 1.268750000e+00 1.057066738e-13 0.000000000e+00 0.000000000e+00 -1.325744561e-08 1.000000000e-01 1.000000000e-01 1.325734020e-08 
d 9.23500000000000e+00 1.293750000e+00 1.293750000e+00 1.057566529e-13 0.000000000e+00 0.000000000e+00 -1.359495127e-08 1.000000000e-01 1.000000000e-01 1.359484563e-08 
d 9.27500000000000e+00 1.343750000e+00 1.343750000e+00 1.058521919e-13 0.000000000e+00 0.000000000e+00 -1.427518288e-08 1.000000000e-01 1.000000000e-01 1.427507706e-08 
d 9.35500000000000e+00 1.443750000e+00 1.443750000e+00 1.060275502e-13 0.000000000e+00 0.000000000e+00 -1.565500934e-08 1.000000000e-01 1.000000000e-01 1.565490324e-08 
d 9.40000000000000e+00 1.500000000e+00 1.500000000e+00 1.061164653e-13 0.000000000e+00 0.000000000e+00 -1.644148995e-08 1.000000000e-01 1.000000000e-01 1.644138389e-08 
d 9.40500000000000e+00 1.506250000e+00 1.506250000e+00 1.061257576e-13 0.000000000e+00 0.000000000e+00 -1.652930127e-08 1.000000000e-01 1.000000000e-01 1.652919500e-08 
d 9.41500000000000e+00 1.518750000e+00 1.518750000e+00 1.061449003e-13 0.000000000e+00 0.000000000e+00 -1.670516888e-08 1.000000000e-01 1.000000000e-01 1.670506309e-08 
d 9.43500000000000e+00 1.543750000e+00 1.543750000e+00 1.061824738e-13 0.000000000e+00 0.000000000e+00 -1.705786533e-08 1.000000000e-01 1.000000000e-01 1.705775926e-08 
d 9.47500000000000e+00 1.593750000e+00 1.593750000e+00 1.062549037e-13 0.000000000e+00 0.000000000e+00 -1.776693325e-08 1.000000000e-01 1.000000000e-01 1.776682696e-08 
d 9.55500000000000e+00 1.693750000e+00 1.693750000e+00 1.063898439e-13 0.000000000e+00 0.000000000e+00 -1.919849039e-08 1.000000000e-01 1.000000000e-01 1.919838399e-08 
d 9.60000000000000e+00 1.750000000e+00 1.750000000e+00 1.064594329e-13 0.000000000e+00 0.000000000e+00 -2.001075956e-08 1.000000000e-01 1.000000000e-01 2.001065310e-08 
d 9.60500000000000e+00 1.756250000e+00 1.756250000e+00 1.064667737e-13 0.000000000e+00 0.000000000e+00 -2.010129562e-08 1.000000000e-01 1.000000000e-01 2.010118900e-08 
d 9.61500000000000e+00 1.768750000e+00 1.768750000e+00 1.064818187e-13 0.000000000e+00 0.000000000e+00 -2.028253140e-08 1.000000000e-01 1.000000000e-01 2.028242356e-08 
d 9.63500000000000e+00 1.793750000e+00 1.793750000e+00 1.065114265e-13 0.000000000e+00 0.000000000e+00 -2.064563657e-08 1.000000000e-01 1.000000000e-01 2.064553025e-08 
d 9.67500000000000e+00 1.843750000e+00 1.843750000e+00 1.065687863e-13 0.000000000e+00 0.000000000e+00 -2.137426105e-08 1.000000000e-01 1.000000000e-01 2.137415444e-08 
d 9.75500000000000e+00 1.943750000e+00 1.943750000e+00 1.066766139e-13 0.000000000e+00 0.000000000e+00 -2.284017765e-08 1.000000000e-01 1.000000000e-01 2.284007086e-08 
d 9.80000000000000e+00 2.000000000e+00 2.000000000e+00 1.067328050e-13 0.000000000e+00 0.000000000e+00 -2.366919068e-08 1.000000000e-01 1.000000000e-01 2.366908396e-08 
d 9.80500000000000e+00 2.006250000e+00 2.006250000e+00 1.067387683e-13 0.000000000e+00 0.000000000e+00 -2.376147968e-08 1.000000000e-01 1.000000000e-01 2.376137276e-08 
d 9.81500000000000e+00 2.018750000e+00 2.018750000e+00 1.067509486e-13 0.000000000e+00 0.000000000e+00 -2.394615870e-08 1.000000000e-01 1.000000000e-01 2.394605073e-08 
d 9.83500000000000e+00 2.043750000e+00 2.043750000e+00 1.067749584e-13 0.000000000e+00 0.000000000e+00 -2.431590554e-08 1.000000000e-01 1.000000000e-01 2.431579888e-08 
d 9.87500000000000e+00 2.093750000e+00 2.093750000e+00 1.068216204e-13 0.000000000e+00 0.000000000e+00 -2.505687020e-08 1.000000000e-01 1.000000000e-01 2.505676334e-08 
d 9.95500000000000e+00 2.193750000e+00 2.193750000e+00 1.069098487e-13 0.000000000e+00 0.000000000e+00 -2.654399106e-08 1.000000000e-01 1.000000000e-01 2.654388398e-08 
d 1.00000000000000e+01 2.250000000e+00 2.250000000e+00 1.069561501e-13 0.000000000e+00 0.000000000e+00 -2.738308729e-08 1.000000000e-01 1.000000000e-01 2.738298029e-08 
d 1.00050000000000e+01 2.256250000e+00 2.256250000e+00 1.069610849e-13 0.000000000e+00 0.000000000e+00 -2.747642142e-08 1.000000000e-01 1.000000000e-01 2.747631431e-08 
d 1.00150000000000e+01 2.268750000e+00 2.268750000e+00 1.069711391e-13 0.000000000e+00 0.000000000e+00 -2.766314726e-08 1.000000000e-01 1.000000000e-01 2.766303941e-08 
d 1.00350000000000e+01 2.293750000e+00 2.293750000e+00 1.069909805e-13 0.000000000e+00 0.000000000e+00 -2.803681967e-08 1.000000000e-01 1.000000000e-01 2.803671289e-08 
d 1.00750000000000e+01 2.343750000e+00 2.343750000e+00 1.070296260e-13 0.000000000e+00 0.000000000e+00 -2.878499358e-08 1.000000000e-01 1.000000000e-01 2.878488652e-08 
d 1.01550000000000e+01 2.443750000e+00 2.443750000e+00 1.071029976e-13 0.000000000e+00 0.000000000e+00 -3.028422409e-08 1.000000000e-01 1.000000000e-01 3.028411695e-08 
d 1.02000000000000e+01 2.500000000e+00 2.500000000e+00 1.071417012e-13 0.000000000e+00 0.000000000e+00 -3.112894459e-08 1.000000000e-01 1.000000000e-01 3.112883744e-08 
d 1.02050000000000e+01 2.506250000e+00 2.506250000e+00 1.071458398e-13 0.000000000e+00 0.000000000e+00 -3.122285656e-08 1.000000000e-01 1.000000000e-01 3.122274926e-08 
d 1.02150000000000e+01 2.518750000e+00 2.518750000e+00 1.071542551e-13 0.000000000e+00 0.000000000e+00 -3.141071120e-08 1.000000000e-01 1.000000000e-01 3.141060342e-08 
d 1.02350000000000e+01 2.543750000e+00 2.543750000e+00 1.071708762e-13 0.000000000e+00 0.000000000e+00 -3.178653846e-08 1.000000000e-01 1.000000000e-01 3.178643147e-08 
d 1.02750000000000e+01 2.593750000e+00 2.593750000e+00 1.072033032e-13 0.000000000e+00 0.000000000e+00 -3.253863620e-08 1.000000000e-01 1.000000000e-01 3.253852893e-08 
d 1.03550000000000e+01 2.693750000e+00 2.693750000e+00 1.072650627e-13 0.000000000e+00 0.000000000e+00 -3.404438101e-08 1.000000000e-01 1.000000000e-01 3.404427369e-08 
d 1.04000000000000e+01 2.750000000e+00 2.750000000e+00 1.072977748e-13 0.000000000e+00 0.000000000e+00 -3.489211706e-08 1.000000000e-01 1.000000000e-01 3.489200978e-08 
d 1.04050000000000e+01 2.756250000e+00 2.756250000e+00 1.073012820e-13 0.000000000e+00 0.000000000e+00 -3.498633973e-08 1.000000000e-01 1.000000000e-01 3.498623228e-08 
d 1.04150000000000e+01 2.768750000e+00 2.768750000e+00 1.073084021e-13 0.000000000e+00 0.000000000e+00 -3.517480254e-08 1.000000000e-01 1.000000000e-01 3.517469465e-08 
d 1.04350000000000e+01 2.793750000e+00 2.793750000e+00 1.073224742e-13 0.000000000e+00 0.000000000e+00 -3.555179532e-08 1.000000000e-01 1.000000000e-01 3.555168823e-08 
d 1.04750000000000e+01 2.843750000e+00 2.843750000e+00 1.073499649e-13 0.000000000e+00 0.000000000e+00 -3.630604261e-08 1.000000000e-01 1.000000000e-01 3.630593522e-08 
d 1.05550000000000e+01 2.943750000e+00 2.943750000e+00 1.074024602e-13 0.000000000e+00 0.000000000e+00 -3.781552171e-08 1.000000000e-01 1.000000000e-01 3.781541419e-08 
d 1.06000000000000e+01 3.000000000e+00 3.000000000e+00 1.074303619e-13 0.000000000e+00 0.000000000e+00 -3.866512844e-08 1.000000000e-01 1.000000000e-01 3.866502101e-08 
d 1.06050000000000e+01 3.006250000e+00 3.006250000e+00 1.074333601e-13 0.000000000e+00 0.000000000e+00 -3.875955221e-08 1.000000000e-01 1.000000000e-01 3.875944464e-08 
d 1.06150000000000e+01 3.018750000e+00 3.018750000e+00 1.074394388e-13 0.000000000e+00 0.000000000e+00 -3.894841384e-08 1.000000000e-01 1.000000000e-01 3.894830613e-08 
d 1.06350000000000e+01 3.043750000e+00 3.043750000e+00 1.074514593e-13 0.000000000e+00 0.000000000e+00 -3.932619408e-08 1.000000000e-01 1.000000000e-01 3.932608686e-08 
d 1.06750000000000e+01 3.093750000e+00 3.093750000e+00 1.074749696e-13 0.000000000e+00 0.000000000e+00 -4.008198947e-08 1.000000000e-01 1.000000000e-01 4.008188195e-08 
d 1.07550000000000e+01 3.193750000e+00 3.193750000e+00 1.075199677e-13 0.000000000e+00 0.000000000e+00 -4.159457701e-08 1.000000000e-01 1.000000000e-01 4.159446936e-08 
d 1.08000000000000e+01 3.250000000e+00 3.250000000e+00 1.075439590e-13 0.000000000e+00 0.000000000e+00 -4.244601320e-08 1.000000000e-01 1.000000000e-01 4.244590559e-08 
d 1.08050000000000e+01 3.256250000e+00 3.256250000e+00 1.075465427e-13 0.000000000e+00 0.000000000e+00 -4.254064626e-08 1.000000000e-01 1.000000000e-01 4.254053859e-08 
d 1.08150000000000e+01 3.268750000e+00 3.268750000e+00 1.075517738e-13 0.000000000e+00 0.000000000e+00 -4.272993080e-08 1.000000000e-01 1.000000000e-01 4.272982311e-08 
d 1.08350000000000e+01 3.293750000e+00 3.293750000e+00 1.075621236e-13 0.000000000e+00 0.000000000e+00 -4.310857550e-08 1.000000000e-01 1.000000000e-01 4.310846819e-08 
d 1.08750000000000e+01 3.343750000e+00 3.343750000e+00 1.075823886e-13 0.000000000e+00 0.000000000e+00 -4.386618521e-08 1.000000000e-01 1.000000000e-01 4.386607763e-08 
d 1.09550000000000e+01 3.443750000e+00 3.443750000e+00 1.076212599e-13 0.000000000e+00 0.000000000e+00 -4.538282483e-08 1.000000000e-01 1.000000000e-01 4.538271706e-08 
d 1.10000000000000e+01 3.500000000e+00 3.500000000e+00 1.076420453e-13 0.000000000e+00 0.000000000e+00 -4.623683910e-08 1.000000000e-01 1.000000000e-01 4.623673139e-08 
d 1.10050000000000e+01 3.506250000e+00 3.506250000e+00 1.076442877e-13 0.000000000e+00 0.000000000e+00 -4.633177348e-08 1.000000000e-01 1.000000000e-01 4.633166576e-08 
d 1.10150000000000e+01 3.518750000e+00 3.518750000e+00 1.076488239e-13 0.000000000e+00 0.000000000e+00 -4.652167016e-08 1.000000000e-01 1.000000000e-01 4.652156244e-08 
d 1.10350000000000e+01 3.543750000e+00 3.543750000e+00 1.076578031e-13 0.000000000e+00 0.000000000e+00 -4.690158200e-08 1.000000000e-01 1.000000000e-01 4.690146555e-08 
d 1.10750000000000e+01 3.593750000e+00 3.593750000e+00 1.076754029e-13 0.000000000e+00 0.000000000e+00 -4.766187364e-08 1.000000000e-01 1.000000000e-01 4.766176588e-08 
d 1.11399307207806e+01 3.674913401e+00 3.674913401e+00 1.077029811e-13 0.000000000e+00 0.000000000e+00 -4.889751775e-08 1.000000000e-01 1.000000000e-01 4.889740985e-08 
d 1.12000000000000e+01 3.750000000e+00 3.750000000e+00 1.077274011e-13 0.000000000e+00 0.000000000e+00 -5.004243839e-08 1.000000000e-01 1.000000000e-01 5.004233040e-08 
d 1.12050000000000e+01 3.756250000e+00 3.756250000e+00 1.077293381e-13 0.000000000e+00 0.000000000e+00 -5.013782109e-08 1.000000000e-01 1.000000000e-01 5.013771320e-08 
d 1.12150000000000e+01 3.768750000e+00 3.768750000e+00 1.077333026e-13 0.000000000e+00 0.000000000e+00 -5.032862672e-08 1.000000000e-01 1.000000000e-01 5.032851911e-08 
d 1.12350000000000e+01 3.793750000e+00 3.793750000e+00 1.077411517e-13 0.000000000e+00 0.000000000e+00 -5.071040686e-08 1.000000000e-01 1.000000000e-01 5.071029168e-08 
d 1.12750000000000e+01 3.843750000e+00 3.843750000e+00 1.077565534e-13 0.000000000e+00 0.000000000e+00 -5.147464254e-08 1.000000000e-01 1.000000000e-01 5.147453471e-08 
d 1.13430476783975e+01 3.928809598e+00 3.928809598e+00 1.077818758e-13 0.000000000e+00 0.000000000e+00 -5.277701043e-08 1.000000000e-01 1.000000000e-01 5.277690247e-08 
d 1.14000000000000e+01 4.000000000e+00 4.000000000e+00 1.078022015e-13 0.000000000e+00 0.000000000e+00 -5.386936899e-08 1.000000000e-01 1.000000000e-01 5.386926104e-08 
d 1.14050000000000e+01 4.006250000e+00 4.006250000e+00 1.078039148e-13 0.000000000e+00 0.000000000e+00 -5.396537777e-08 1.000000000e-01 1.000000000e-01 5.396526985e-08 
d 1.14150000000000e+01 4.018750000e+00 4.018750000e+00 1.078074054e-13 0.000000000e+00 0.000000000e+00 -5.415744964e-08 1.000000000e-01 1.000000000e-01 5.415734200e-08 
d 1.14350000000000e+01 4.043750000e+00 4.043750000e+00 1.078143208e-13 0.000000000e+00 0.000000000e+00 -5.454181754e-08 1.000000000e-01 1.000000000e-01 5.454170351e-08 
d 1.14750000000000e+01 4.093750000e+00 4.093750000e+00 1.078279065e-13 0.000000000e+00 0.000000000e+00 -5.531145586e-08 1.000000000e-01 1.000000000e-01 5.531134801e-08 
d 1.15461334061709e+01 4.182666758e+00 4.182666758e+00 1.078512890e-13 0.000000000e+00 0.000000000e+00 -5.668330664e-08 1.000000000e-01 1.000000000e-01 5.668319871e-08 
d 1.16000000000000e+01 4.250000000e+00 4.250000000e+00 1.078683079e-13 0.000000000e+00 0.000000000e+00 -5.772501360e-08 1.000000000e-01 1.000000000e-01 5.772490547e-08 
d 1.16050000000000e+01 4.256250000e+00 4.256250000e+00 1.078698347e-13 0.000000000e+00 0.000000000e+00 -5.782183714e-08 1.000000000e-01 1.000000000e-01 5.782172917e-08 
d 1.16150000000000e+01 4.268750000e+00 4.268750000e+00 1.078729337e-13 0.000000000e+00 0.000000000e+00 -5.801555269e-08 1.000000000e-01 1.000000000e-01 5.801544505e-08 
d 1.16350000000000e+01 4.293750000e+00 4.293750000e+00 1.078790778e-13 0.000000000e+00 0.000000000e+00 -5.840326403e-08 1.000000000e-01 1.000000000e-01 5.840315090e-08 
d 1.16750000000000e+01 4.343750000e+00 4.343750000e+00 1.078911631e-13 0.000000000e+00 0.000000000e+00 -5.917981492e-08 1.000000000e-01 1.000000000e-01 5.917970702e-08 
d 1.17491925616013e+01 4.436490702e+00 4.436490702e+00 1.079128946e-13 0.000000000e+00 0.000000000e+00 -6.062436249e-08 1.000000000e-01 1.000000000e-01 6.062425450e-08 
d 1.18000000000000e+01 4.500000000e+00 4.500000000e+00 1.079272323e-13 0.000000000e+00 0.000000000e+00 -6.161686914e-08 1.000000000e-01 1.000000000e-01 6.161676120e-08 
d 1.18050000000000e+01 4.506250000e+00 4.506250000e+00 1.079286037e-13 0.000000000e+00 0.000000000e+00 -6.171469129e-08 1.000000000e-01 1.000000000e-01 6.171458331e-08 
d 1.18150000000000e+01 4.518750000e+00 4.518750000e+00 1.079313797e-13 0.000000000e+00 0.000000000e+00 -6.191041708e-08 1.000000000e-01 1.000000000e-01 6.191030938e-08 
d 1.18350000000000e+01 4.543750000e+00 4.543750000e+00 1.079368871e-13 0.000000000e+00 0.000000000e+00 -6.230220115e-08 1.000000000e-01 1.000000000e-01 6.230208870e-08 
d 1.18750000000000e+01 4.593750000e+00 4.593750000e+00 1.079477345e-13 0.000000000e+00 0.000000000e+00 -6.308710600e-08 1.000000000e-01 1.000000000e-01 6.308699806e-08 
d 1.19522377186686e+01 4.690297148e+00 4.690297148e+00 1.079680795e-13 0.000000000e+00 0.000000000e+00 -6.460795535e-08 1.000000000e-01 1.000000000e-01 6.460784725e-08 
d 1.20000000000000e+01 4.750000000e+00 4.750000000e+00 1.079802307e-13 0.000000000e+00 0.000000000e+00 -6.555198174e-08 1.000000000e-01 1.000000000e-01 6.555187375e-08 
d 1.20050000000000e+01 4.756250000e+00 4.756250000e+00 1.079814735e-13 0.000000000e+00 0.000000000e+00 -6.565096889e-08 1.000000000e-01 1.000000000e-01 6.565086078e-08 
d 1.20150000000000e+01 4.768750000e+00 4.768750000e+00 1.079839830e-13 0.000000000e+00 0.000000000e+00 -6.584903602e-08 1.000000000e-01 1.000000000e-01 6.584892843e-08 
d 1.20350000000000e+01 4.793750000e+00 4.793750000e+00 1.079889655e-13 0.000000000e+00 0.000000000e+00 -6.624554838e-08 1.000000000e-01 1.000000000e-01 6.624543677e-08 
d 1.20750000000000e+01 4.843750000e+00 4.843750000e+00 1.079987925e-13 0.000000000e+00 0.000000000e+00 -6.704008968e-08 1.000000000e-01 1.000000000e-01 6.703998160e-08 
d 1.21550000000000e+01 4.943750000e+00 4.943750000e+00 1.080179240e-13 0.000000000e+00 0.000000000e+00 -6.863541580e-08 1.000000000e-01 1.000000000e-01 6.863530765e-08 
d 1.22000000000000e+01 5.000000000e+00 5.000000000e+00 1.080283445e-13 0.000000000e+00 0.000000000e+00 -6.953652455e-08 1.000000000e-01 1.000000000e-01 6.953641644e-08 
d 1.22050000000000e+01 5.006250000e+00 5.006250000e+00 1.080294800e-13 0.000000000e+00 0.000000000e+00 -6.963681707e-08 1.000000000e-01 1.000000000e-01 6.963670892e-08 
d 1.22150000000000e+01 5.018750000e+00 5.018750000e+00 1.080317704e-13 0.000000000e+00 0.000000000e+00 -6.983750431e-08 1.000000000e-01 1.000000000e-01 6.983739674e-08 
d 1.22350000000000e+01 5.043750000e+00 5.043750000e+00 1.080363204e-13 0.000000000e+00 0.000000000e+00 -7.023929359e-08 1.000000000e-01 1.000000000e-01 7.023918249e-08 
d 1.22750000000000e+01 5.093750000e+00 5.093750000e+00 1.080453061e-13 0.000000000e+00 0.000000000e+00 -7.104453202e-08 1.000000000e-01 1.000000000e-01 7.104442392e-08 
d 1.23550000000000e+01 5.193750000e+00 5.193750000e+00 1.080628472e-13 0.000000000e+00 0.000000000e+00 -7.266178429e-08 1.000000000e-01 1.000000000e-01 7.266167610e-08 
d 1.24000000000000e+01 5.250000000e+00 5.250000000e+00 1.080724304e-13 0.000000000e+00 0.000000000e+00 -7.357551642e-08 1.000000000e-01 1.000000000e-01 7.357540833e-08 
d 1.24050000000000e+01 5.256250000e+00 5.256250000e+00 1.080734765e-13 0.000000000e+00 0.000000000e+00 -7.367722357e-08 1.000000000e-01 1.000000000e-01 7.367711531e-08 
d 1.24150000000000e+01 5.268750000e+00 5.268750000e+00 1.080755855e-13 0.000000000e+00 0.000000000e+00 -7.388074686e-08 1.000000000e-01 1.000000000e-01 7.388063927e-08 
d 1.24350000000000e+01 5.293750000e+00 5.293750000e+00 1.080797780e-13 0.000000000e+00 0.000000000e+00 -7.428823497e-08 1.000000000e-01 1.000000000e-01 7.428812433e-08 
d 1.24750000000000e+01 5.343750000e+00 5.343750000e+00 1.080880682e-13 0.000000000e+00 0.000000000e+00 -7.510497444e-08 1.000000000e-01 1.000000000e-01 7.510486631e-08 
d 1.25550000000000e+01 5.443750000e+00 5.443750000e+00 1.081042925e-13 0.000000000e+00 0.000000000e+00 -7.674560086e-08 1.000000000e-01 1.000000000e-01 7.674549257e-08 
d 1.26000000000000e+01 5.500000000e+00 5.500000000e+00 1.081131808e-13 0.000000000e+00 0.000000000e+00 -7.767267654e-08 1.000000000e-01 1.000000000e-01 7.767256832e-08 
d 1.26050000000000e+01 5.506250000e+00 5.506250000e+00 1.081141521e-13 0.000000000e+00 0.000000000e+00 -7.777587400e-08 1.000000000e-01 1.000000000e-01 7.777576588e-08 
d 1.26150000000000e+01 5.518750000e+00 5.518750000e+00 1.081161107e-13 0.000000000e+00 0.000000000e+00 -7.798238245e-08 1.000000000e-01 1.000000000e-01 7.798227501e-08 
d 1.26350000000000e+01 5.543750000e+00 5.543750000e+00 1.081200059e-13 0.000000000e+00 0.000000000e+00 -7.839585784e-08 1.000000000e-01 1.000000000e-01 7.839574751e-08 
d 1.26750000000000e+01 5.593750000e+00 5.593750000e+00 1.081277173e-13 0.000000000e+00 0.000000000e+00 -7.922463533e-08 1.000000000e-01 1.000000000e-01 7.922452708e-08 
d 1.27550000000000e+01 5.693750000e+00 5.693750000e+00 1.081428421e-13 0.000000000e+00 0.000000000e+00 -8.088955209e-08 1.000000000e-01 1.000000000e-01 8.088944386e-08 
d 1.28000000000000e+01 5.750000000e+00 5.750000000e+00 1.081511476e-13 0.000000000e+00 0.000000000e+00 -8.183039610e-08 1.000000000e-01 1.000000000e-01 8.183028782e-08 
d 1.28050000000000e+01 5.756250000e+00 5.756250000e+00 1.081520561e-13 0.000000000e+00 0.000000000e+00 -8.193512716e-08 1.000000000e-01 1.000000000e-01 8.193501901e-08 
d 1.28150000000000e+01 5.768750000e+00 5.768750000e+00 1.081538884e-13 0.000000000e+00 0.000000000e+00 -8.214470507e-08 1.000000000e-01 1.000000000e-01 8.214459757e-08 
d 1.28350000000000e+01 5.793750000e+00 5.793750000e+00 1.081575336e-13 0.000000000e+00 0.000000000e+00 -8.256432644e-08 1.000000000e-01 1.000000000e-01 8.256421639e-08 
d 1.28750000000000e+01 5.843750000e+00 5.843750000e+00 1.081647572e-13 0.000000000e+00 0.000000000e+00 -8.340542266e-08 1.000000000e-01 1.000000000e-01 8.340531431e-08 
d 1.29550000000000e+01 5.943750000e+00 5.943750000e+00 1.081789510e-13 0.000000000e+00 0.000000000e+00 -8.509504820e-08 1.000000000e-01 1.000000000e-01 8.509493993e-08 
d 1.30000000000000e+01 6.000000000e+00 6.000000000e+00 1.081867603e-13 0.000000000e+00 0.000000000e+00 -8.604981456e-08 1.000000000e-01 1.000000000e-01 8.604970628e-08 
d 1.30050000000000e+01 6.006250000e+00 6.006250000e+00 1.081876153e-13 0.000000000e+00 0.000000000e+00 -8.615609292e-08 1.000000000e-01 1.000000000e-01 8.615598464e-08 
d 1.30150000000000e+01 6.018750000e+00 6.018750000e+00 1.081893395e-13 0.000000000e+00 0.000000000e+00 -8.636876528e-08 1.000000000e-01 1.000000000e-01 8.636865773e-08 
d 1.30350000000000e+01 6.043750000e+00 6.043750000e+00 1.081927711e-13 0.000000000e+00 0.000000000e+00 -8.679457501e-08 1.000000000e-01 1.000000000e-01 8.679446527e-08 
d 1.30750000000000e+01 6.093750000e+00 6.093750000e+00 1.081995762e-13 0.000000000e+00 0.000000000e+00 -8.764804251e-08 1.000000000e-01 1.000000000e-01 8.764793426e-08 
d 1.31550000000000e+01 6.193750000e+00 6.193750000e+00 1.082129669e-13 0.000000000e+00 0.000000000e+00 -8.936236079e-08 1.000000000e-01 1.000000000e-01 8.936225252e-08 
d 1.32000000000000e+01 6.250000000e+00 6.250000000e+00 1.082203449e-13 0.000000000e+00 0.000000000e+00 -9.033097270e-08 1.000000000e-01 1.000000000e-01 9.033086439e-08 
d 1.32050000000000e+01 6.256250000e+00 6.256250000e+00 1.082211534e-13 0.000000000e+00 0.000000000e+00 -9.043878699e-08 1.000000000e-01 1.000000000e-01 9.043867869e-08 
d 1.32150000000000e+01 6.268750000e+00 6.268750000e+00 1.082227833e-13 0.000000000e+00 0.000000000e+00 -9.065452942e-08 1.000000000e-01 1.000000000e-01 9.065442189e-08 
d 1.32350000000000e+01 6.293750000e+00 6.293750000e+00 1.082260282e-13 0.000000000e+00 0.000000000e+00 -9.108647189e-08 1.000000000e-01 1.000000000e-01 9.108636238e-08 
d 1.32750000000000e+01 6.343750000e+00 6.343750000e+00 1.082324668e-13 0.000000000e+00 0.000000000e+00 -9.195217423e-08 1.000000000e-01 1.000000000e-01 9.195206600e-08 
d 1.33550000000000e+01 6.443750000e+00 6.443750000e+00 1.082451491e-13 0.000000000e+00 0.000000000e+00 -9.369081650e-08 1.000000000e-01 1.000000000e-01 9.369070810e-08 
d 1.34000000000000e+01 6.500000000e+00 6.500000000e+00 1.082521438e-13 0.000000000e+00 0.000000000e+00 -9.467301419e-08 1.000000000e-01 1.000000000e-01 9.467290591e-08 
d 1.34050000000000e+01 6.506250000e+00 6.506250000e+00 1.082529103e-13 0.000000000e+00 0.000000000e+00 -9.478233334e-08 1.000000000e-01 1.000000000e-01 9.478222498e-08 
d 1.34150000000000e+01 6.518750000e+00 6.518750000e+00 1.082544566e-13 0.000000000e+00 0.000000000e+00 -9.500108242e-08 1.000000000e-01 1.000000000e-01 9.500097489e-08 
d 1.34350000000000e+01 6.543750000e+00 6.543750000e+00 1.082575347e-13 0.000000000e+00 0.000000000e+00 -9.543902630e-08 1.000000000e-01 1.000000000e-01 9.543891694e-08 
d 1.34750000000000e+01 6.593750000e+00 6.593750000e+00 1.082636448e-13 0.000000000e+00 0.000000000e+00 -9.631669140e-08 1.000000000e-01 1.000000000e-01 9.631656265e-08 
d 1.35275538303967e+01 6.659442288e+00 6.659442288e+00 1.082715775e-13 0.000000000e+00 0.000000000e+00 -9.747335005e-08 1.000000000e-01 1.000000000e-01 9.747324149e-08 
d 1.35770790749111e+01 6.721348844e+00 6.721348844e+00 1.082789529e-13 0.000000000e+00 0.000000000e+00 -9.856703662e-08 1.000000000e-01 1.000000000e-01 9.856692826e-08 
d 1.36000000000000e+01 6.750000000e+00 6.750000000e+00 1.082823301e-13 0.000000000e+00 0.000000000e+00 -9.907440812e-08 1.000000000e-01 1.000000000e-01 9.907429803e-08 
d 1.36050000000000e+01 6.756250000e+00 6.756250000e+00 1.082830641e-13 0.000000000e+00 0.000000000e+00 -9.918518607e-08 1.000000000e-01 1.000000000e-01 9.918507769e-08 
d 1.36150000000000e+01 6.768750000e+00 6.768750000e+00 1.082845326e-13 0.000000000e+00 0.000000000e+00 -9.940685057e-08 1.000000000e-01 1.000000000e-01 9.940674309e-08 
d 1.36350000000000e+01 6.793750000e+00 6.793750000e+00 1.082874588e-13 0.000000000e+00 0.000000000e+00 -9.985060994e-08 1.000000000e-01 1.000000000e-01 9.985050072e-08 
d 1.36750000000000e+01 6.843750000e+00 6.843750000e+00 1.082932679e-13 0.000000000e+00 0.000000000e+00 -1.007398421e-07 1.000000000e-01 1.000000000e-01 1.007397161e-07 
d 1.37294527903194e+01 6.911815988e+00 6.911815988e+00 1.083010836e-13 0.000000000e+00 0.000000000e+00 -1.019539821e-07 1.000000000e-01 1.000000000e-01 1.019538735e-07 
d 1.37819944835661e+01 6.977493104e+00 6.977493104e+00 1.083085215e-13 0.000000000e+00 0.000000000e+00 -1.031294477e-07 1.000000000e-01 1.000000000e-01 1.031293392e-07 
d 1.38000000000000e+01 7.000000000e+00 7.000000000e+00 1.083110416e-13 0.000000000e+00 0.000000000e+00 -1.035331487e-07 1.000000000e-01 1.000000000e-01 1.035330400e-07 
d 1.38050000000000e+01 7.006250000e+00 7.006250000e+00 1.083117411e-13 0.000000000e+00 0.000000000e+00 -1.036453325e-07 1.000000000e-01 1.000000000e-01 1.036452241e-07 
d 1.38150000000000e+01 7.018750000e+00 7.018750000e+00 1.083131381e-13 0.000000000e+00 0.000000000e+00 -1.038698034e-07 1.000000000e-01 1.000000000e-01 1.038696959e-07 
d 1.38350000000000e+01 7.043750000e+00 7.043750000e+00 1.083159229e-13 0.000000000e+00 0.000000000e+00 -1.043191579e-07 1.000000000e-01 1.000000000e-01 1.043190490e-07 
d 1.38750000000000e+01 7.093750000e+00 7.093750000e+00 1.083214519e-13 0.000000000e+00 0.000000000e+00 -1.052195096e-07 1.000000000e-01 1.000000000e-01 1.052193860e-07 
d 1.39314206451682e+01 7.164275806e+00 7.164275806e+00 1.083291592e-13 0.000000000e+00 0.000000000e+00 -1.064931313e-07 1.000000000e-01 1.000000000e-01 1.064930228e-07 
d 1.39871634435157e+01 7.233954304e+00 7.233954304e+00 1.083366656e-13 0.000000000e+00 0.000000000e+00 -1.077556396e-07 1.000000000e-01 1.000000000e-01 1.077555310e-07 
d 1.40000000000000e+01 7.250000000e+00 7.250000000e+00 1.083383720e-13 0.000000000e+00 0.000000000e+00 -1.080469556e-07 1.000000000e-01 1.000000000e-01 1.080468474e-07 
d 1.40050000000000e+01 7.256250000e+00 7.256250000e+00 1.083390381e-13 0.000000000e+00 0.000000000e+00 -1.081604858e-07 1.000000000e-01 1.000000000e-01 1.081603773e-07 
d 1.40150000000000e+01 7.268750000e+00 7.268750000e+00 1.083403687e-13 0.000000000e+00 0.000000000e+00 -1.083876439e-07 1.000000000e-01 1.000000000e-01 1.083875366e-07 
d 1.40350000000000e+01 7.293750000e+00 7.293750000e+00 1.083430202e-13 0.000000000e+00 0.000000000e+00 -1.088423552e-07 1.000000000e-01 1.000000000e-01 1.088422463e-07 
d 1.40750000000000e+01 7.343750000e+00 7.343750000e+00 1.083482849e-13 0.000000000e+00 0.000000000e+00 -1.097533459e-07 1.000000000e-01 1.000000000e-01 1.097532242e-07 
d 1.41334591486301e+01 7.416823936e+00 7.416823936e+00 1.083558881e-13 0.000000000e+00 0.000000000e+00 -1.110884394e-07 1.000000000e-01 1.000000000e-01 1.110883308e-07 
d 1.41925967553046e+01 7.490745944e+00 7.490745944e+00 1.083634654e-13 0.000000000e+00 0.000000000e+00 -1.124434681e-07 1.000000000e-01 1.000000000e-01 1.124433594e-07 
d 1.42000000000000e+01 7.500000000e+00 7.500000000e+00 1.083643978e-13 0.000000000e+00 0.000000000e+00 -1.126134104e-07 1.000000000e-01 1.000000000e-01 1.126133028e-07 
d 1.42050000000000e+01 7.506250000e+00 7.506250000e+00 1.083650339e-13 0.000000000e+00 0.000000000e+00 -1.127282257e-07 1.000000000e-01 1.000000000e-01 1.127281172e-07 
d 1.42150000000000e+01 7.518750000e+00 7.518750000e+00 1.083662993e-13 0.000000000e+00 0.000000000e+00 -1.129579488e-07 1.000000000e-01 1.000000000e-01 1.129578414e-07 
d 1.42350000000000e+01 7.543750000e+00 7.543750000e+00 1.083688247e-13 0.000000000e+00 0.000000000e+00 -1.134177717e-07 1.000000000e-01 1.000000000e-01 1.134176628e-07 
d 1.42750000000000e+01 7.593750000e+00 7.593750000e+00 1.083738385e-13 0.000000000e+00 0.000000000e+00 -1.143389112e-07 1.000000000e-01 1.000000000e-01 1.143387913e-07 
d 1.43355670140059e+01 7.669458768e+00 7.669458768e+00 1.083813389e-13 0.000000000e+00 0.000000000e+00 -1.157374092e-07 1.000000000e-01 1.000000000e-01 1.157373006e-07 
d 1.43982988477364e+01 7.747873560e+00 7.747873560e+00 1.083889869e-13 0.000000000e+00 0.000000000e+00 -1.171905923e-07 1.000000000e-01 1.000000000e-01 1.171904836e-07 
d 1.44000000000000e+01 7.750000000e+00 7.750000000e+00 1.083891827e-13 0.000000000e+00 0.000000000e+00 -1.172300652e-07 1.000000000e-01 1.000000000e-01 1.172299570e-07 
d 1.44050000000000e+01 7.756250000e+00 7.756250000e+00 1.083897877e-13 0.000000000e+00 0.000000000e+00 -1.173461040e-07 1.000000000e-01 1.000000000e-01 1.173459955e-07 
d 1.44150000000000e+01 7.768750000e+00 7.768750000e+00 1.083909947e-13 0.000000000e+00 0.000000000e+00 -1.175782704e-07 1.000000000e-01 1.000000000e-01 1.175781629e-07 
d 1.44350000000000e+01 7.793750000e+00 7.793750000e+00 1.083933997e-13 0.000000000e+00 0.000000000e+00 -1.180429613e-07 1.000000000e-01 1.000000000e-01 1.180428527e-07 
d 1.44750000000000e+01 7.843750000e+00 7.843750000e+00 1.083981744e-13 0.000000000e+00 0.000000000e+00 -1.189737650e-07 1.000000000e-01 1.000000000e-01 1.189736466e-07 
d 1.45377426979344e+01 7.922178372e+00 7.922178372e+00 1.084055723e-13 0.000000000e+00 0.000000000e+00 -1.204375514e-07 1.000000000e-01 1.000000000e-01 1.204374428e-07 
d 1.46000000000000e+01 8.000000000e+00 8.000000000e+00 1.084127964e-13 0.000000000e+00 0.000000000e+00 -1.218945096e-07 1.000000000e-01 1.000000000e-01 1.218944008e-07 
d 1.46050000000000e+01 8.006250000e+00 8.006250000e+00 1.084133616e-13 0.000000000e+00 0.000000000e+00 -1.220117127e-07 1.000000000e-01 1.000000000e-01 1.220116042e-07 
d 1.46150000000000e+01 8.018750000e+00 8.018750000e+00 1.084145129e-13 0.000000000e+00 0.000000000e+00 -1.222462036e-07 1.000000000e-01 1.000000000e-01 1.222460962e-07 
d 1.46350000000000e+01 8.043750000e+00 8.043750000e+00 1.084168031e-13 0.000000000e+00 0.000000000e+00 -1.227155264e-07 1.000000000e-01 1.000000000e-01 1.227154177e-07 
d 1.46750000000000e+01 8.093750000e+00 8.093750000e+00 1.084213500e-13 0.000000000e+00 0.000000000e+00 -1.236555236e-07 1.000000000e-01 1.000000000e-01 1.236554064e-07 
d 1.47399838075755e+01 8.174979759e+00 8.174979759e+00 1.084286451e-13 0.000000000e+00 0.000000000e+00 -1.251864215e-07 1.000000000e-01 1.000000000e-01 1.251863128e-07 
d 1.48000000000000e+01 8.250000000e+00 8.250000000e+00 1.084352740e-13 0.000000000e+00 0.000000000e+00 -1.266044122e-07 1.000000000e-01 1.000000000e-01 1.266043035e-07 
d 1.48050000000000e+01 8.256250000e+00 8.256250000e+00 1.084358133e-13 0.000000000e+00 0.000000000e+00 -1.267227228e-07 1.000000000e-01 1.000000000e-01 1.267226142e-07 
d 1.48150000000000e+01 8.268750000e+00 8.268750000e+00 1.084369092e-13 0.000000000e+00 0.000000000e+00 -1.269594244e-07 1.000000000e-01 1.000000000e-01 1.269593169e-07 
d 1.48350000000000e+01 8.293750000e+00 8.293750000e+00 1.084390903e-13 0.000000000e+00 0.000000000e+00 -1.274331518e-07 1.000000000e-01 1.000000000e-01 1.274330431e-07 
d 1.48750000000000e+01 8.343750000e+00 8.343750000e+00 1.084434204e-13 0.000000000e+00 0.000000000e+00 -1.283818916e-07 1.000000000e-01 1.000000000e-01 1.283817754e-07 
d 1.49422898156819e+01 8.427862270e+00 8.427862270e+00 1.084506128e-13 0.000000000e+00 0.000000000e+00 -1.299817113e-07 1.000000000e-01 1.000000000e-01 1.299816026e-07 
d 1.50000000000000e+01 8.500000000e+00 8.500000000e+00 1.084566806e-13 0.000000000e+00 0.000000000e+00 -1.313575414e-07 1.000000000e-01 1.000000000e-01 1.313574327e-07 
d 1.50050000000000e+01 8.506250000e+00 8.506250000e+00 1.084571945e-13 0.000000000e+00 0.000000000e+00 -1.314769049e-07 1.000000000e-01 1.000000000e-01 1.314767962e-07 
d 1.50150000000000e+01 8.518750000e+00 8.518750000e+00 1.084582385e-13 0.000000000e+00 0.000000000e+00 -1.317157085e-07 1.000000000e-01 1.000000000e-01 1.317156011e-07 
d 1.50350000000000e+01 8.543750000e+00 8.543750000e+00 1.084603157e-13 0.000000000e+00 0.000000000e+00 -1.321936240e-07 1.000000000e-01 1.000000000e-01 1.321935154e-07 
d 1.50750000000000e+01 8.593750000e+00 8.593750000e+00 1.084644398e-13 0.000000000e+00 0.000000000e+00 -1.331506766e-07 1.000000000e-01 1.000000000e-01 1.331505613e-07 
d 1.51446569695786e+01 8.680821212e+00 8.680821212e+00 1.084715295e-13 0.000000000e+00 0.000000000e+00 -1.348211412e-07 1.000000000e-01 1.000000000e-01 1.348210324e-07 
d 1.52000000000000e+01 8.750000000e+00 8.750000000e+00 1.084770693e-13 0.000000000e+00 0.000000000e+00 -1.361517841e-07 1.000000000e-01 1.000000000e-01 1.361516528e-07 
d 1.52050000000000e+01 8.756250000e+00 8.756250000e+00 1.084775597e-13 0.000000000e+00 0.000000000e+00 -1.362721379e-07 1.000000000e-01 1.000000000e-01 1.362720293e-07 
d 1.52140187168547e+01 8.767523396e+00 8.767523396e+00 1.084784568e-13 0.000000000e+00 0.000000000e+00 -1.364893064e-07 1.000000000e-01 1.000000000e-01 1.364891989e-07 
d 1.52320561505642e+01 8.790070188e+00 8.790070188e+00 1.084802423e-13 0.000000000e+00 0.000000000e+00 -1.369238823e-07 1.000000000e-01 1.000000000e-01 1.369237739e-07 
d 1.52681310179832e+01 8.835163772e+00 8.835163772e+00 1.084837890e-13 0.000000000e+00 0.000000000e+00 -1.377939793e-07 1.000000000e-01 1.000000000e-01 1.377938669e-07 
d 1.53402807528211e+01 8.925350941e+00 8.925350941e+00 1.084907952e-13 0.000000000e+00 0.000000000e+00 -1.395379041e-07 1.000000000e-01 1.000000000e-01 1.395377954e-07 
d 1.54000000000000e+01 9.000000000e+00 9.000000000e+00 1.084964941e-13 0.000000000e+00 0.000000000e+00 -1.409851065e-07 1.000000000e-01 1.000000000e-01 1.409849708e-07 
d 1.54050000000000e+01 9.006250000e+00 9.006250000e+00 1.084969602e-13 0.000000000e+00 0.000000000e+00 -1.411064106e-07 1.000000000e-01 1.000000000e-01 1.411063020e-07 
d 1.54134297608963e+01 9.016787201e+00 9.016787201e+00 1.084977597e-13 0.000000000e+00 0.000000000e+00 -1.413109976e-07 1.000000000e-01 1.000000000e-01 1.413108902e-07 
d 1.54302892826890e+01 9.037861603e+00 9.037861603e+00 1.084993504e-13 0.000000000e+00 0.000000000e+00 -1.417203706e-07 1.000000000e-01 1.000000000e-01 1.417202624e-07 
d 1.54640083262744e+01 9.080010408e+00 9.080010408e+00 1.085025111e-13 0.000000000e+00 0.000000000e+00 -1.425399025e-07 1.000000000e-01 1.000000000e-01 1.425397914e-07 
d 1.55314464134451e+01 9.164308017e+00 9.164308017e+00 1.085087607e-13 0.000000000e+00 0.000000000e+00 -1.441820719e-07 1.000000000e-01 1.000000000e-01 1.441819631e-07 
d 1.56000000000000e+01 9.250000000e+00 9.250000000e+00 1.085150054e-13 0.000000000e+00 0.000000000e+00 -1.458555987e-07 1.000000000e-01 1.000000000e-01 1.458554900e-07 
d 1.56050000000000e+01 9.256250000e+00 9.256250000e+00 1.085154482e-13 0.000000000e+00 0.000000000e+00 -1.459778221e-07 1.000000000e-01 1.000000000e-01 1.459777136e-07 
d 1.56150000000000e+01 9.268750000e+00 9.268750000e+00 1.085163514e-13 0.000000000e+00 0.000000000e+00 -1.462223345e-07 1.000000000e-01 1.000000000e-01 1.462222273e-07 
d 1.56350000000000e+01 9.293750000e+00 9.293750000e+00 1.085181481e-13 0.000000000e+00 0.000000000e+00 -1.467116255e-07 1.000000000e-01 1.000000000e-01 1.467115169e-07 
d 1.56750000000000e+01 9.343750000e+00 9.343750000e+00 1.085217158e-13 0.000000000e+00 0.000000000e+00 -1.476912587e-07 1.000000000e-01 1.000000000e-01 1.476911453e-07 
d 1.57521218506069e+01 9.440152313e+00 9.440152313e+00 1.085285038e-13 0.000000000e+00 0.000000000e+00 -1.495839375e-07 1.000000000e-01 1.000000000e-01 1.495838288e-07 
d 1.58000000000000e+01 9.500000000e+00 9.500000000e+00 1.085326457e-13 0.000000000e+00 0.000000000e+00 -1.507614976e-07 1.000000000e-01 1.000000000e-01 1.507613802e-07 
d 1.58050000000000e+01 9.506250000e+00 9.506250000e+00 1.085330720e-13 0.000000000e+00 0.000000000e+00 -1.508845795e-07 1.000000000e-01 1.000000000e-01 1.508844708e-07 
d 1.58150000000000e+01 9.518750000e+00 9.518750000e+00 1.085339331e-13 0.000000000e+00 0.000000000e+00 -1.511308139e-07 1.000000000e-01 1.000000000e-01 1.511307067e-07 
d 1.58350000000000e+01 9.543750000e+00 9.543750000e+00 1.085356461e-13 0.000000000e+00 0.000000000e+00 -1.516235364e-07 1.000000000e-01 1.000000000e-01 1.516234279e-07 
d 1.58750000000000e+01 9.593750000e+00 9.593750000e+00 1.085390479e-13 0.000000000e+00 0.000000000e+00 -1.526099824e-07 1.000000000e-01 1.000000000e-01 1.526098696e-07 
d 1.59547250119423e+01 9.693406265e+00 9.693406265e+00 1.085457380e-13 0.000000000e+00 0.000000000e+00 -1.545800185e-07 1.000000000e-01 1.000000000e-01 1.545799099e-07 
d 1.60000000000000e+01 9.750000000e+00 9.750000000e+00 1.085494714e-13 0.000000000e+00 0.000000000e+00 -1.557010886e-07 1.000000000e-01 1.000000000e-01 1.557009738e-07 
