v ATLAS
# This file was created by ATLAS version 5.26.1.R on Tue May  8 01:22:45 2018.
#SSF 2.0 generic
##############################################################################
#                    Copyright (c) 1984 - 2018                               #
#                    Silvaco Inc. All rights reserved                        #
#                                                                            #
# This file format and the following Key are copyright Silvaco Inc.          #
# You may not use, this format or key without reproducing this message in    #
# full and obtaining express written permission from Silvaco Inc.            #
#                                                                            #
# To obtain such permission please contact: Silvaco Inc.                     #
#                                           support@silvaco.com              #
#                                                                            #
# KEY=SVC86hn7562asdx                       PROD=345                         #
##############################################################################
y 3 700 711 15
z 26 1e+41 300
f 3 "gate" "source" "drain" 
p 10 61 2 601 20 3 602 21 4 603 22 
d 1.60050000000000e+01 9.743750000e+00 9.743750000e+00 -1.085266757e-13 0.000000000e+00 0.000000000e+00 -1.555564038e-07 1.000000000e-01 1.000000000e-01 1.555565122e-07 
d 1.60150000000000e+01 9.731250000e+00 9.731250000e+00 -1.085253214e-13 0.000000000e+00 0.000000000e+00 -1.552674103e-07 1.000000000e-01 1.000000000e-01 1.552675202e-07 
d 1.60350000000000e+01 9.706250000e+00 9.706250000e+00 -1.085236911e-13 0.000000000e+00 0.000000000e+00 -1.546900038e-07 1.000000000e-01 1.000000000e-01 1.546901123e-07 
d 1.60750000000000e+01 9.656250000e+00 9.656250000e+00 -1.085202696e-13 0.000000000e+00 0.000000000e+00 -1.535372734e-07 1.000000000e-01 1.000000000e-01 1.535373779e-07 
d 1.61550000000000e+01 9.556250000e+00 9.556250000e+00 -1.085130028e-13 0.000000000e+00 0.000000000e+00 -1.512389441e-07 1.000000000e-01 1.000000000e-01 1.512390526e-07 
d 1.62000000000000e+01 9.500000000e+00 9.500000000e+00 -1.085087298e-13 0.000000000e+00 0.000000000e+00 -1.499498680e-07 1.000000000e-01 1.000000000e-01 1.499499695e-07 
d 1.62050000000000e+01 9.493750000e+00 9.493750000e+00 -1.085082475e-13 0.000000000e+00 0.000000000e+00 -1.498067871e-07 1.000000000e-01 1.000000000e-01 1.498068955e-07 
d 1.62150000000000e+01 9.481250000e+00 9.481250000e+00 -1.085072829e-13 0.000000000e+00 0.000000000e+00 -1.495207208e-07 1.000000000e-01 1.000000000e-01 1.495208306e-07 
d 1.62350000000000e+01 9.456250000e+00 9.456250000e+00 -1.085053457e-13 0.000000000e+00 0.000000000e+00 -1.489489446e-07 1.000000000e-01 1.000000000e-01 1.489490531e-07 
d 1.62750000000000e+01 9.406250000e+00 9.406250000e+00 -1.085014266e-13 0.000000000e+00 0.000000000e+00 -1.478067823e-07 1.000000000e-01 1.000000000e-01 1.478068863e-07 
d 1.63528440833760e+01 9.308944896e+00 9.308944896e+00 -1.084936341e-13 0.000000000e+00 0.000000000e+00 -1.455891586e-07 1.000000000e-01 1.000000000e-01 1.455892670e-07 
d 1.64000000000000e+01 9.250000000e+00 9.250000000e+00 -1.084887955e-13 0.000000000e+00 0.000000000e+00 -1.442490065e-07 1.000000000e-01 1.000000000e-01 1.442491057e-07 
d 1.64050000000000e+01 9.243750000e+00 9.243750000e+00 -1.084882750e-13 0.000000000e+00 0.000000000e+00 -1.441070432e-07 1.000000000e-01 1.000000000e-01 1.441071517e-07 
d 1.64150000000000e+01 9.231250000e+00 9.231250000e+00 -1.084872373e-13 0.000000000e+00 0.000000000e+00 -1.438232046e-07 1.000000000e-01 1.000000000e-01 1.438233142e-07 
d 1.64350000000000e+01 9.206250000e+00 9.206250000e+00 -1.084851546e-13 0.000000000e+00 0.000000000e+00 -1.432558456e-07 1.000000000e-01 1.000000000e-01 1.432559541e-07 
d 1.64750000000000e+01 9.156250000e+00 9.156250000e+00 -1.084809494e-13 0.000000000e+00 0.000000000e+00 -1.421223844e-07 1.000000000e-01 1.000000000e-01 1.421224877e-07 
d 1.65500658054046e+01 9.062417743e+00 9.062417743e+00 -1.084729066e-13 0.000000000e+00 0.000000000e+00 -1.399997207e-07 1.000000000e-01 1.000000000e-01 1.399998290e-07 
d 1.66000000000000e+01 9.000000000e+00 9.000000000e+00 -1.084674298e-13 0.000000000e+00 0.000000000e+00 -1.385908854e-07 1.000000000e-01 1.000000000e-01 1.385909807e-07 
d 1.66050000000000e+01 8.993750000e+00 8.993750000e+00 -1.084668726e-13 0.000000000e+00 0.000000000e+00 -1.384499467e-07 1.000000000e-01 1.000000000e-01 1.384500551e-07 
d 1.66150000000000e+01 8.981250000e+00 8.981250000e+00 -1.084657623e-13 0.000000000e+00 0.000000000e+00 -1.381681560e-07 1.000000000e-01 1.000000000e-01 1.381682656e-07 
d 1.66350000000000e+01 8.956250000e+00 8.956250000e+00 -1.084635350e-13 0.000000000e+00 0.000000000e+00 -1.376048737e-07 1.000000000e-01 1.000000000e-01 1.376049820e-07 
d 1.66750000000000e+01 8.906250000e+00 8.906250000e+00 -1.084590374e-13 0.000000000e+00 0.000000000e+00 -1.364794913e-07 1.000000000e-01 1.000000000e-01 1.364795940e-07 
d 1.67473334982051e+01 8.815833127e+00 8.815833127e+00 -1.084507508e-13 0.000000000e+00 0.000000000e+00 -1.344483636e-07 1.000000000e-01 1.000000000e-01 1.344484719e-07 
d 1.68000000000000e+01 8.750000000e+00 8.750000000e+00 -1.084445747e-13 0.000000000e+00 0.000000000e+00 -1.329726591e-07 1.000000000e-01 1.000000000e-01 1.329727490e-07 
d 1.68050000000000e+01 8.743750000e+00 8.743750000e+00 -1.084439770e-13 0.000000000e+00 0.000000000e+00 -1.328326875e-07 1.000000000e-01 1.000000000e-01 1.328327957e-07 
d 1.68145554427378e+01 8.731805697e+00 8.731805697e+00 -1.084428421e-13 0.000000000e+00 0.000000000e+00 -1.325652715e-07 1.000000000e-01 1.000000000e-01 1.325653810e-07 
d 1.68336663282134e+01 8.707917090e+00 8.707917090e+00 -1.084405646e-13 0.000000000e+00 0.000000000e+00 -1.320306998e-07 1.000000000e-01 1.000000000e-01 1.320308081e-07 
d 1.68718880991647e+01 8.660139876e+00 8.660139876e+00 -1.084359674e-13 0.000000000e+00 0.000000000e+00 -1.309625856e-07 1.000000000e-01 1.000000000e-01 1.309626886e-07 
d 1.69437149568786e+01 8.570356304e+00 8.570356304e+00 -1.084271655e-13 0.000000000e+00 0.000000000e+00 -1.289590372e-07 1.000000000e-01 1.000000000e-01 1.289591454e-07 
d 1.70000000000000e+01 8.500000000e+00 8.500000000e+00 -1.084200990e-13 0.000000000e+00 0.000000000e+00 -1.273923342e-07 1.000000000e-01 1.000000000e-01 1.273924424e-07 
d 1.70050000000000e+01 8.493750000e+00 8.493750000e+00 -1.084194570e-13 0.000000000e+00 0.000000000e+00 -1.272532983e-07 1.000000000e-01 1.000000000e-01 1.272534066e-07 
d 1.70150000000000e+01 8.481250000e+00 8.481250000e+00 -1.084181841e-13 0.000000000e+00 0.000000000e+00 -1.269752941e-07 1.000000000e-01 1.000000000e-01 1.269754035e-07 
d 1.70350000000000e+01 8.456250000e+00 8.456250000e+00 -1.084156283e-13 0.000000000e+00 0.000000000e+00 -1.264195592e-07 1.000000000e-01 1.000000000e-01 1.264196675e-07 
d 1.70750000000000e+01 8.406250000e+00 8.406250000e+00 -1.084104655e-13 0.000000000e+00 0.000000000e+00 -1.253091749e-07 1.000000000e-01 1.000000000e-01 1.253092759e-07 
d 1.71420050567086e+01 8.322493679e+00 8.322493679e+00 -1.084016531e-13 0.000000000e+00 0.000000000e+00 -1.234523438e-07 1.000000000e-01 1.000000000e-01 1.234524520e-07 
d 1.72000000000000e+01 8.250000000e+00 8.250000000e+00 -1.083938418e-13 0.000000000e+00 0.000000000e+00 -1.218484252e-07 1.000000000e-01 1.000000000e-01 1.218485334e-07 
d 1.72050000000000e+01 8.243750000e+00 8.243750000e+00 -1.083931514e-13 0.000000000e+00 0.000000000e+00 -1.217102835e-07 1.000000000e-01 1.000000000e-01 1.217103918e-07 
d 1.72150000000000e+01 8.231250000e+00 8.231250000e+00 -1.083917845e-13 0.000000000e+00 0.000000000e+00 -1.214340656e-07 1.000000000e-01 1.000000000e-01 1.214341751e-07 
d 1.72350000000000e+01 8.206250000e+00 8.206250000e+00 -1.083890395e-13 0.000000000e+00 0.000000000e+00 -1.208818954e-07 1.000000000e-01 1.000000000e-01 1.208820036e-07 
d 1.72750000000000e+01 8.156250000e+00 8.156250000e+00 -1.083834926e-13 0.000000000e+00 0.000000000e+00 -1.197786092e-07 1.000000000e-01 1.000000000e-01 1.197787092e-07 
d 1.73394090299440e+01 8.075738713e+00 8.075738713e+00 -1.083743898e-13 0.000000000e+00 0.000000000e+00 -1.180049901e-07 1.000000000e-01 1.000000000e-01 1.180050982e-07 
d 1.74000000000000e+01 8.000000000e+00 8.000000000e+00 -1.083656167e-13 0.000000000e+00 0.000000000e+00 -1.163397946e-07 1.000000000e-01 1.000000000e-01 1.163399028e-07 
d 1.74050000000000e+01 7.993750000e+00 7.993750000e+00 -1.083648724e-13 0.000000000e+00 0.000000000e+00 -1.162025233e-07 1.000000000e-01 1.000000000e-01 1.162026316e-07 
d 1.74150000000000e+01 7.981250000e+00 7.981250000e+00 -1.083634010e-13 0.000000000e+00 0.000000000e+00 -1.159280450e-07 1.000000000e-01 1.000000000e-01 1.159281543e-07 
d 1.74350000000000e+01 7.956250000e+00 7.956250000e+00 -1.083604460e-13 0.000000000e+00 0.000000000e+00 -1.153793478e-07 1.000000000e-01 1.000000000e-01 1.153794558e-07 
d 1.74750000000000e+01 7.906250000e+00 7.906250000e+00 -1.083544729e-13 0.000000000e+00 0.000000000e+00 -1.142829864e-07 1.000000000e-01 1.000000000e-01 1.142830850e-07 
d 1.75368547548333e+01 7.828931556e+00 7.828931556e+00 -1.083450572e-13 0.000000000e+00 0.000000000e+00 -1.125902898e-07 1.000000000e-01 1.000000000e-01 1.125903980e-07 
d 1.76000000000000e+01 7.750000000e+00 7.750000000e+00 -1.083352045e-13 0.000000000e+00 0.000000000e+00 -1.108656465e-07 1.000000000e-01 1.000000000e-01 1.108657547e-07 
d 1.76050000000000e+01 7.743750000e+00 7.743750000e+00 -1.083343992e-13 0.000000000e+00 0.000000000e+00 -1.107292299e-07 1.000000000e-01 1.000000000e-01 1.107293380e-07 
d 1.76150000000000e+01 7.731250000e+00 7.731250000e+00 -1.083328122e-13 0.000000000e+00 0.000000000e+00 -1.104564596e-07 1.000000000e-01 1.000000000e-01 1.104565689e-07 
d 1.76350000000000e+01 7.706250000e+00 7.706250000e+00 -1.083296232e-13 0.000000000e+00 0.000000000e+00 -1.099111754e-07 1.000000000e-01 1.000000000e-01 1.099112833e-07 
d 1.76750000000000e+01 7.656250000e+00 7.656250000e+00 -1.083231744e-13 0.000000000e+00 0.000000000e+00 -1.088216278e-07 1.000000000e-01 1.000000000e-01 1.088217250e-07 
d 1.77343419955917e+01 7.582072506e+00 7.582072506e+00 -1.083134192e-13 0.000000000e+00 0.000000000e+00 -1.072077109e-07 1.000000000e-01 1.000000000e-01 1.072078190e-07 
d 1.77942727265602e+01 7.507159092e+00 7.507159092e+00 -1.083033236e-13 0.000000000e+00 0.000000000e+00 -1.055808086e-07 1.000000000e-01 1.000000000e-01 1.055809167e-07 
d 1.78000000000000e+01 7.500000000e+00 7.500000000e+00 -1.083023309e-13 0.000000000e+00 0.000000000e+00 -1.054254927e-07 1.000000000e-01 1.000000000e-01 1.054256009e-07 
d 1.78050000000000e+01 7.493750000e+00 7.493750000e+00 -1.083014755e-13 0.000000000e+00 0.000000000e+00 -1.052899222e-07 1.000000000e-01 1.000000000e-01 1.052900304e-07 
d 1.78150000000000e+01 7.481250000e+00 7.481250000e+00 -1.082997586e-13 0.000000000e+00 0.000000000e+00 -1.050188440e-07 1.000000000e-01 1.000000000e-01 1.050189532e-07 
d 1.78350000000000e+01 7.456250000e+00 7.456250000e+00 -1.082963076e-13 0.000000000e+00 0.000000000e+00 -1.044769426e-07 1.000000000e-01 1.000000000e-01 1.044770504e-07 
d 1.78750000000000e+01 7.406250000e+00 7.406250000e+00 -1.082893254e-13 0.000000000e+00 0.000000000e+00 -1.033941575e-07 1.000000000e-01 1.000000000e-01 1.033942530e-07 
d 1.79318679282990e+01 7.335165090e+00 7.335165090e+00 -1.082792001e-13 0.000000000e+00 0.000000000e+00 -1.018570754e-07 1.000000000e-01 1.000000000e-01 1.018571834e-07 
d 1.79876883839148e+01 7.265389520e+00 7.265389520e+00 -1.082690199e-13 0.000000000e+00 0.000000000e+00 -1.003509705e-07 1.000000000e-01 1.000000000e-01 1.003510786e-07 
d 1.80000000000000e+01 7.250000000e+00 7.250000000e+00 -1.082667268e-13 0.000000000e+00 0.000000000e+00 -1.000191426e-07 1.000000000e-01 1.000000000e-01 1.000192518e-07 
d 1.80050000000000e+01 7.243750000e+00 7.243750000e+00 -1.082657963e-13 0.000000000e+00 0.000000000e+00 -9.988441787e-08 1.000000000e-01 1.000000000e-01 9.988452603e-08 
d 1.80150000000000e+01 7.231250000e+00 7.231250000e+00 -1.082639363e-13 0.000000000e+00 0.000000000e+00 -9.961503044e-08 1.000000000e-01 1.000000000e-01 9.961513948e-08 
d 1.80350000000000e+01 7.206250000e+00 7.206250000e+00 -1.082601898e-13 0.000000000e+00 0.000000000e+00 -9.907651153e-08 1.000000000e-01 1.000000000e-01 9.907661928e-08 
d 1.80750000000000e+01 7.156250000e+00 7.156250000e+00 -1.082526062e-13 0.000000000e+00 0.000000000e+00 -9.800049768e-08 1.000000000e-01 1.000000000e-01 9.800059119e-08 
d 1.81294320189510e+01 7.088209976e+00 7.088209976e+00 -1.082420757e-13 0.000000000e+00 0.000000000e+00 -9.653842691e-08 1.000000000e-01 1.000000000e-01 9.653853498e-08 
d 1.81813201674646e+01 7.023349791e+00 7.023349791e+00 -1.082317972e-13 0.000000000e+00 0.000000000e+00 -9.514704631e-08 1.000000000e-01 1.000000000e-01 9.514715438e-08 
d 1.82000000000000e+01 7.000000000e+00 7.000000000e+00 -1.082280269e-13 0.000000000e+00 0.000000000e+00 -9.464671115e-08 1.000000000e-01 1.000000000e-01 9.464681891e-08 
d 1.82050000000000e+01 6.993750000e+00 6.993750000e+00 -1.082270140e-13 0.000000000e+00 0.000000000e+00 -9.451283784e-08 1.000000000e-01 1.000000000e-01 9.451294596e-08 
d 1.82150000000000e+01 6.981250000e+00 6.981250000e+00 -1.082249862e-13 0.000000000e+00 0.000000000e+00 -9.424515548e-08 1.000000000e-01 1.000000000e-01 9.424526447e-08 
d 1.82350000000000e+01 6.956250000e+00 6.956250000e+00 -1.082209048e-13 0.000000000e+00 0.000000000e+00 -9.371005019e-08 1.000000000e-01 1.000000000e-01 9.371015773e-08 
d 1.82750000000000e+01 6.906250000e+00 6.906250000e+00 -1.082126391e-13 0.000000000e+00 0.000000000e+00 -9.264087977e-08 1.000000000e-01 1.000000000e-01 9.264097104e-08 
d 1.83270313898709e+01 6.841210763e+00 6.841210763e+00 -1.082016625e-13 0.000000000e+00 0.000000000e+00 -9.125217117e-08 1.000000000e-01 1.000000000e-01 9.125227917e-08 
d 1.83751576618543e+01 6.781052923e+00 6.781052923e+00 -1.081912707e-13 0.000000000e+00 0.000000000e+00 -8.996979250e-08 1.000000000e-01 1.000000000e-01 8.996990055e-08 
d 1.84000000000000e+01 6.750000000e+00 6.750000000e+00 -1.081858073e-13 0.000000000e+00 0.000000000e+00 -8.930863399e-08 1.000000000e-01 1.000000000e-01 8.930873952e-08 
d 1.84050000000000e+01 6.743750000e+00 6.743750000e+00 -1.081846980e-13 0.000000000e+00 0.000000000e+00 -8.917562700e-08 1.000000000e-01 1.000000000e-01 8.917573509e-08 
d 1.84150000000000e+01 6.731250000e+00 6.731250000e+00 -1.081824813e-13 0.000000000e+00 0.000000000e+00 -8.890968106e-08 1.000000000e-01 1.000000000e-01 8.890978999e-08 
d 1.84350000000000e+01 6.706250000e+00 6.706250000e+00 -1.081780185e-13 0.000000000e+00 0.000000000e+00 -8.837805495e-08 1.000000000e-01 1.000000000e-01 8.837816208e-08 
d 1.84750000000000e+01 6.656250000e+00 6.656250000e+00 -1.081689743e-13 0.000000000e+00 0.000000000e+00 -8.731586010e-08 1.000000000e-01 1.000000000e-01 8.731596828e-08 
d 1.85550000000000e+01 6.556250000e+00 6.556250000e+00 -1.081503917e-13 0.000000000e+00 0.000000000e+00 -8.519574170e-08 1.000000000e-01 1.000000000e-01 8.519584975e-08 
d 1.86000000000000e+01 6.500000000e+00 6.500000000e+00 -1.081395744e-13 0.000000000e+00 0.000000000e+00 -8.400570213e-08 1.000000000e-01 1.000000000e-01 8.400581018e-08 
d 1.86050000000000e+01 6.493750000e+00 6.493750000e+00 -1.081383468e-13 0.000000000e+00 0.000000000e+00 -8.387358876e-08 1.000000000e-01 1.000000000e-01 8.387369679e-08 
d 1.86150000000000e+01 6.481250000e+00 6.481250000e+00 -1.081359120e-13 0.000000000e+00 0.000000000e+00 -8.360942970e-08 1.000000000e-01 1.000000000e-01 8.360953855e-08 
d 1.86350000000000e+01 6.456250000e+00 6.456250000e+00 -1.081310112e-13 0.000000000e+00 0.000000000e+00 -8.308138672e-08 1.000000000e-01 1.000000000e-01 8.308149367e-08 
d 1.86750000000000e+01 6.406250000e+00 6.406250000e+00 -1.081210727e-13 0.000000000e+00 0.000000000e+00 -8.202639699e-08 1.000000000e-01 1.000000000e-01 8.202650508e-08 
d 1.87550000000000e+01 6.306250000e+00 6.306250000e+00 -1.081006260e-13 0.000000000e+00 0.000000000e+00 -7.992085751e-08 1.000000000e-01 1.000000000e-01 7.992096556e-08 
d 1.88000000000000e+01 6.250000000e+00 6.250000000e+00 -1.080887029e-13 0.000000000e+00 0.000000000e+00 -7.873912682e-08 1.000000000e-01 1.000000000e-01 7.873923482e-08 
d 1.88050000000000e+01 6.243750000e+00 6.243750000e+00 -1.080873483e-13 0.000000000e+00 0.000000000e+00 -7.860794175e-08 1.000000000e-01 1.000000000e-01 7.860804974e-08 
d 1.88150000000000e+01 6.231250000e+00 6.231250000e+00 -1.080846631e-13 0.000000000e+00 0.000000000e+00 -7.834564269e-08 1.000000000e-01 1.000000000e-01 7.834575142e-08 
d 1.88350000000000e+01 6.206250000e+00 6.206250000e+00 -1.080792560e-13 0.000000000e+00 0.000000000e+00 -7.782133267e-08 1.000000000e-01 1.000000000e-01 7.782143936e-08 
d 1.88750000000000e+01 6.156250000e+00 6.156250000e+00 -1.080682830e-13 0.000000000e+00 0.000000000e+00 -7.677386244e-08 1.000000000e-01 1.000000000e-01 7.677397054e-08 
d 1.89550000000000e+01 6.056250000e+00 6.056250000e+00 -1.080456746e-13 0.000000000e+00 0.000000000e+00 -7.468359443e-08 1.000000000e-01 1.000000000e-01 7.468370254e-08 
d 1.90000000000000e+01 6.000000000e+00 6.000000000e+00 -1.080324658e-13 0.000000000e+00 0.000000000e+00 -7.351060140e-08 1.000000000e-01 1.000000000e-01 7.351070933e-08 
d 1.90050000000000e+01 5.993750000e+00 5.993750000e+00 -1.080309632e-13 0.000000000e+00 0.000000000e+00 -7.338039414e-08 1.000000000e-01 1.000000000e-01 7.338050215e-08 
d 1.90150000000000e+01 5.981250000e+00 5.981250000e+00 -1.080279865e-13 0.000000000e+00 0.000000000e+00 -7.312005508e-08 1.000000000e-01 1.000000000e-01 7.312016367e-08 
d 1.90350000000000e+01 5.956250000e+00 5.956250000e+00 -1.080219898e-13 0.000000000e+00 0.000000000e+00 -7.259968259e-08 1.000000000e-01 1.000000000e-01 7.259978891e-08 
d 1.90750000000000e+01 5.906250000e+00 5.906250000e+00 -1.080098105e-13 0.000000000e+00 0.000000000e+00 -7.156015970e-08 1.000000000e-01 1.000000000e-01 7.156026765e-08 
d 1.91550000000000e+01 5.806250000e+00 5.806250000e+00 -1.079846755e-13 0.000000000e+00 0.000000000e+00 -6.948609638e-08 1.000000000e-01 1.000000000e-01 6.948620423e-08 
d 1.92000000000000e+01 5.750000000e+00 5.750000000e+00 -1.079699593e-13 0.000000000e+00 0.000000000e+00 -6.832241421e-08 1.000000000e-01 1.000000000e-01 6.832252212e-08 
d 1.92050000000000e+01 5.743750000e+00 5.743750000e+00 -1.079682829e-13 0.000000000e+00 0.000000000e+00 -6.819325087e-08 1.000000000e-01 1.000000000e-01 6.819335862e-08 
d 1.92150000000000e+01 5.731250000e+00 5.731250000e+00 -1.079649641e-13 0.000000000e+00 0.000000000e+00 -6.793500509e-08 1.000000000e-01 1.000000000e-01 6.793511351e-08 
d 1.92350000000000e+01 5.706250000e+00 5.706250000e+00 -1.079582748e-13 0.000000000e+00 0.000000000e+00 -6.741884233e-08 1.000000000e-01 1.000000000e-01 6.741894825e-08 
d 1.92750000000000e+01 5.656250000e+00 5.656250000e+00 -1.079446767e-13 0.000000000e+00 0.000000000e+00 -6.638783421e-08 1.000000000e-01 1.000000000e-01 6.638794215e-08 
d 1.93550000000000e+01 5.556250000e+00 5.556250000e+00 -1.079165627e-13 0.000000000e+00 0.000000000e+00 -6.433120809e-08 1.000000000e-01 1.000000000e-01 6.433131600e-08 
d 1.94000000000000e+01 5.500000000e+00 5.500000000e+00 -1.079000630e-13 0.000000000e+00 0.000000000e+00 -6.317759123e-08 1.000000000e-01 1.000000000e-01 6.317769907e-08 
d 1.94050000000000e+01 5.493750000e+00 5.493750000e+00 -1.078981805e-13 0.000000000e+00 0.000000000e+00 -6.304955825e-08 1.000000000e-01 1.000000000e-01 6.304966604e-08 
d 1.94150000000000e+01 5.481250000e+00 5.481250000e+00 -1.078944566e-13 0.000000000e+00 0.000000000e+00 -6.279358087e-08 1.000000000e-01 1.000000000e-01 6.279368920e-08 
d 1.94350000000000e+01 5.456250000e+00 5.456250000e+00 -1.078869463e-13 0.000000000e+00 0.000000000e+00 -6.228198515e-08 1.000000000e-01 1.000000000e-01 6.228209072e-08 
d 1.94750000000000e+01 5.406250000e+00 5.406250000e+00 -1.078716640e-13 0.000000000e+00 0.000000000e+00 -6.126023556e-08 1.000000000e-01 1.000000000e-01 6.126034332e-08 
d 1.95505977886361e+01 5.311752764e+00 5.311752764e+00 -1.078417792e-13 0.000000000e+00 0.000000000e+00 -5.933457201e-08 1.000000000e-01 1.000000000e-01 5.933467964e-08 
d 1.96000000000000e+01 5.250000000e+00 5.250000000e+00 -1.078213800e-13 0.000000000e+00 0.000000000e+00 -5.808009074e-08 1.000000000e-01 1.000000000e-01 5.808019853e-08 
d 1.96050000000000e+01 5.243750000e+00 5.243750000e+00 -1.078192431e-13 0.000000000e+00 0.000000000e+00 -5.795330129e-08 1.000000000e-01 1.000000000e-01 5.795340895e-08 
d 1.96150000000000e+01 5.231250000e+00 5.231250000e+00 -1.078150342e-13 0.000000000e+00 0.000000000e+00 -5.769982046e-08 1.000000000e-01 1.000000000e-01 5.769992863e-08 
d 1.96350000000000e+01 5.206250000e+00 5.206250000e+00 -1.078065410e-13 0.000000000e+00 0.000000000e+00 -5.719325763e-08 1.000000000e-01 1.000000000e-01 5.719336258e-08 
d 1.96750000000000e+01 5.156250000e+00 5.156250000e+00 -1.077892389e-13 0.000000000e+00 0.000000000e+00 -5.618173538e-08 1.000000000e-01 1.000000000e-01 5.618184315e-08 
d 1.97462358623912e+01 5.067205172e+00 5.067205172e+00 -1.077573229e-13 0.000000000e+00 0.000000000e+00 -5.438576856e-08 1.000000000e-01 1.000000000e-01 5.438587613e-08 
d 1.98000000000000e+01 5.000000000e+00 5.000000000e+00 -1.077321241e-13 0.000000000e+00 0.000000000e+00 -5.303506770e-08 1.000000000e-01 1.000000000e-01 5.303517528e-08 
d 1.98050000000000e+01 4.993750000e+00 4.993750000e+00 -1.077296767e-13 0.000000000e+00 0.000000000e+00 -5.290966861e-08 1.000000000e-01 1.000000000e-01 5.290977627e-08 
d 1.98150000000000e+01 4.981250000e+00 4.981250000e+00 -1.077248812e-13 0.000000000e+00 0.000000000e+00 -5.265898149e-08 1.000000000e-01 1.000000000e-01 5.265908947e-08 
d 1.98350000000000e+01 4.956250000e+00 4.956250000e+00 -1.077151975e-13 0.000000000e+00 0.000000000e+00 -5.215805751e-08 1.000000000e-01 1.000000000e-01 5.215816174e-08 
d 1.98750000000000e+01 4.906250000e+00 4.906250000e+00 -1.076954452e-13 0.000000000e+00 0.000000000e+00 -5.115802349e-08 1.000000000e-01 1.000000000e-01 5.115813114e-08 
d 1.99419118976754e+01 4.822610128e+00 4.822610128e+00 -1.076611800e-13 0.000000000e+00 0.000000000e+00 -4.949075204e-08 1.000000000e-01 1.000000000e-01 4.949085958e-08 
d 2.00000000000000e+01 4.750000000e+00 4.750000000e+00 -1.076300037e-13 0.000000000e+00 0.000000000e+00 -4.804923071e-08 1.000000000e-01 1.000000000e-01 4.804933815e-08 
d 2.00050000000000e+01 4.743750000e+00 4.743750000e+00 -1.076271732e-13 0.000000000e+00 0.000000000e+00 -4.792541368e-08 1.000000000e-01 1.000000000e-01 4.792552129e-08 
d 2.00150000000000e+01 4.731250000e+00 4.731250000e+00 -1.076216580e-13 0.000000000e+00 0.000000000e+00 -4.767790702e-08 1.000000000e-01 1.000000000e-01 4.767801497e-08 
d 2.00350000000000e+01 4.706250000e+00 4.706250000e+00 -1.076105147e-13 0.000000000e+00 0.000000000e+00 -4.718341105e-08 1.000000000e-01 1.000000000e-01 4.718351465e-08 
d 2.00750000000000e+01 4.656250000e+00 4.656250000e+00 -1.075877521e-13 0.000000000e+00 0.000000000e+00 -4.619650803e-08 1.000000000e-01 1.000000000e-01 4.619661546e-08 
d 2.01376261891749e+01 4.577967264e+00 4.577967264e+00 -1.075507437e-13 0.000000000e+00 0.000000000e+00 -4.465715013e-08 1.000000000e-01 1.000000000e-01 4.465725745e-08 
d 2.02000000000000e+01 4.500000000e+00 4.500000000e+00 -1.075120256e-13 0.000000000e+00 0.000000000e+00 -4.313132630e-08 1.000000000e-01 1.000000000e-01 4.313143367e-08 
d 2.02050000000000e+01 4.493750000e+00 4.493750000e+00 -1.075087134e-13 0.000000000e+00 0.000000000e+00 -4.300934131e-08 1.000000000e-01 1.000000000e-01 4.300944865e-08 
d 2.02150000000000e+01 4.481250000e+00 4.481250000e+00 -1.075023052e-13 0.000000000e+00 0.000000000e+00 -4.276552024e-08 1.000000000e-01 1.000000000e-01 4.276562797e-08 
d 2.02350000000000e+01 4.456250000e+00 4.456250000e+00 -1.074893469e-13 0.000000000e+00 0.000000000e+00 -4.227848311e-08 1.000000000e-01 1.000000000e-01 4.227858561e-08 
d 2.02750000000000e+01 4.406250000e+00 4.406250000e+00 -1.074628334e-13 0.000000000e+00 0.000000000e+00 -4.130685715e-08 1.000000000e-01 1.000000000e-01 4.130696461e-08 
d 2.03333827661979e+01 4.333271542e+00 4.333271542e+00 -1.074225846e-13 0.000000000e+00 0.000000000e+00 -3.989478376e-08 1.000000000e-01 1.000000000e-01 3.989489096e-08 
d 2.04000000000000e+01 4.250000000e+00 4.250000000e+00 -1.073742130e-13 0.000000000e+00 0.000000000e+00 -3.829279129e-08 1.000000000e-01 1.000000000e-01 3.829289850e-08 
d 2.04050000000000e+01 4.243750000e+00 4.243750000e+00 -1.073702851e-13 0.000000000e+00 0.000000000e+00 -3.817296564e-08 1.000000000e-01 1.000000000e-01 3.817307289e-08 
d 2.04150000000000e+01 4.231250000e+00 4.231250000e+00 -1.073627506e-13 0.000000000e+00 0.000000000e+00 -3.793349165e-08 1.000000000e-01 1.000000000e-01 3.793359912e-08 
d 2.04350000000000e+01 4.206250000e+00 4.206250000e+00 -1.073474999e-13 0.000000000e+00 0.000000000e+00 -3.745526055e-08 1.000000000e-01 1.000000000e-01 3.745536808e-08 
d 2.04750000000000e+01 4.156250000e+00 4.156250000e+00 -1.073162367e-13 0.000000000e+00 0.000000000e+00 -3.650172770e-08 1.000000000e-01 1.000000000e-01 3.650183490e-08 
d 2.05550000000000e+01 4.056250000e+00 4.056250000e+00 -1.072504782e-13 0.000000000e+00 0.000000000e+00 -3.460690296e-08 1.000000000e-01 1.000000000e-01 3.460701013e-08 
d 2.06000000000000e+01 4.000000000e+00 4.000000000e+00 -1.072110124e-13 0.000000000e+00 0.000000000e+00 -3.354862271e-08 1.000000000e-01 1.000000000e-01 3.354872994e-08 
d 2.06050000000000e+01 3.993750000e+00 3.993750000e+00 -1.072064421e-13 0.000000000e+00 0.000000000e+00 -3.343138635e-08 1.000000000e-01 1.000000000e-01 3.343149351e-08 
d 2.06150000000000e+01 3.981250000e+00 3.981250000e+00 -1.071974618e-13 0.000000000e+00 0.000000000e+00 -3.319712779e-08 1.000000000e-01 1.000000000e-01 3.319723498e-08 
d 2.06350000000000e+01 3.956250000e+00 3.956250000e+00 -1.071792619e-13 0.000000000e+00 0.000000000e+00 -3.272947786e-08 1.000000000e-01 1.000000000e-01 3.272958525e-08 
d 2.06750000000000e+01 3.906250000e+00 3.906250000e+00 -1.071418701e-13 0.000000000e+00 0.000000000e+00 -3.179772886e-08 1.000000000e-01 1.000000000e-01 3.179783597e-08 
d 2.07550000000000e+01 3.806250000e+00 3.806250000e+00 -1.070628583e-13 0.000000000e+00 0.000000000e+00 -2.994912205e-08 1.000000000e-01 1.000000000e-01 2.994922904e-08 
d 2.08000000000000e+01 3.750000000e+00 3.750000000e+00 -1.070151516e-13 0.000000000e+00 0.000000000e+00 -2.891851189e-08 1.000000000e-01 1.000000000e-01 2.891861886e-08 
d 2.08050000000000e+01 3.743750000e+00 3.743750000e+00 -1.070096053e-13 0.000000000e+00 0.000000000e+00 -2.880442869e-08 1.000000000e-01 1.000000000e-01 2.880453554e-08 
d 2.08150000000000e+01 3.731250000e+00 3.731250000e+00 -1.069987246e-13 0.000000000e+00 0.000000000e+00 -2.857652504e-08 1.000000000e-01 1.000000000e-01 2.857663205e-08 
d 2.08350000000000e+01 3.706250000e+00 3.706250000e+00 -1.069766444e-13 0.000000000e+00 0.000000000e+00 -2.812178212e-08 1.000000000e-01 1.000000000e-01 2.812188933e-08 
d 2.08750000000000e+01 3.656250000e+00 3.656250000e+00 -1.069311592e-13 0.000000000e+00 0.000000000e+00 -2.721666110e-08 1.000000000e-01 1.000000000e-01 2.721676801e-08 
d 2.09550000000000e+01 3.556250000e+00 3.556250000e+00 -1.068345050e-13 0.000000000e+00 0.000000000e+00 -2.542477312e-08 1.000000000e-01 1.000000000e-01 2.542487978e-08 
d 2.10000000000000e+01 3.500000000e+00 3.500000000e+00 -1.067757103e-13 0.000000000e+00 0.000000000e+00 -2.442824743e-08 1.000000000e-01 1.000000000e-01 2.442835421e-08 
d 2.10050000000000e+01 3.493750000e+00 3.493750000e+00 -1.067688405e-13 0.000000000e+00 0.000000000e+00 -2.431805377e-08 1.000000000e-01 1.000000000e-01 2.431816048e-08 
d 2.10150000000000e+01 3.481250000e+00 3.481250000e+00 -1.067553918e-13 0.000000000e+00 0.000000000e+00 -2.409799244e-08 1.000000000e-01 1.000000000e-01 2.409809894e-08 
d 2.10350000000000e+01 3.456250000e+00 3.456250000e+00 -1.067280545e-13 0.000000000e+00 0.000000000e+00 -2.365918977e-08 1.000000000e-01 1.000000000e-01 2.365929666e-08 
d 2.10750000000000e+01 3.406250000e+00 3.406250000e+00 -1.066715474e-13 0.000000000e+00 0.000000000e+00 -2.278700304e-08 1.000000000e-01 1.000000000e-01 2.278710967e-08 
d 2.11550000000000e+01 3.306250000e+00 3.306250000e+00 -1.065505956e-13 0.000000000e+00 0.000000000e+00 -2.106544981e-08 1.000000000e-01 1.000000000e-01 2.106555630e-08 
d 2.12000000000000e+01 3.250000000e+00 3.250000000e+00 -1.064762920e-13 0.000000000e+00 0.000000000e+00 -2.011128259e-08 1.000000000e-01 1.000000000e-01 2.011138904e-08 
d 2.12050000000000e+01 3.243750000e+00 3.243750000e+00 -1.064675508e-13 0.000000000e+00 0.000000000e+00 -2.000592611e-08 1.000000000e-01 1.000000000e-01 2.000603249e-08 
d 2.12150000000000e+01 3.231250000e+00 3.231250000e+00 -1.064504863e-13 0.000000000e+00 0.000000000e+00 -1.979561919e-08 1.000000000e-01 1.000000000e-01 1.979572533e-08 
d 2.12350000000000e+01 3.206250000e+00 3.206250000e+00 -1.064157193e-13 0.000000000e+00 0.000000000e+00 -1.937664999e-08 1.000000000e-01 1.000000000e-01 1.937675656e-08 
d 2.12750000000000e+01 3.156250000e+00 3.156250000e+00 -1.063435135e-13 0.000000000e+00 0.000000000e+00 -1.854546330e-08 1.000000000e-01 1.000000000e-01 1.854556964e-08 
d 2.13550000000000e+01 3.056250000e+00 3.056250000e+00 -1.061873481e-13 0.000000000e+00 0.000000000e+00 -1.691151136e-08 1.000000000e-01 1.000000000e-01 1.691161752e-08 
d 2.14000000000000e+01 3.000000000e+00 3.000000000e+00 -1.060900163e-13 0.000000000e+00 0.000000000e+00 -1.601008611e-08 1.000000000e-01 1.000000000e-01 1.601019217e-08 
d 2.14050000000000e+01 2.993750000e+00 2.993750000e+00 -1.060784492e-13 0.000000000e+00 0.000000000e+00 -1.591075018e-08 1.000000000e-01 1.000000000e-01 1.591085626e-08 
d 2.14150000000000e+01 2.981250000e+00 2.981250000e+00 -1.060559569e-13 0.000000000e+00 0.000000000e+00 -1.571258242e-08 1.000000000e-01 1.000000000e-01 1.571268795e-08 
d 2.14350000000000e+01 2.956250000e+00 2.956250000e+00 -1.060099720e-13 0.000000000e+00 0.000000000e+00 -1.531828683e-08 1.000000000e-01 1.000000000e-01 1.531839299e-08 
d 2.14750000000000e+01 2.906250000e+00 2.906250000e+00 -1.059137630e-13 0.000000000e+00 0.000000000e+00 -1.453805987e-08 1.000000000e-01 1.000000000e-01 1.453816573e-08 
d 2.15550000000000e+01 2.806250000e+00 2.806250000e+00 -1.057022146e-13 0.000000000e+00 0.000000000e+00 -1.301270293e-08 1.000000000e-01 1.000000000e-01 1.301280852e-08 
d 2.16000000000000e+01 2.750000000e+00 2.750000000e+00 -1.055672132e-13 0.000000000e+00 0.000000000e+00 -1.217641370e-08 1.000000000e-01 1.000000000e-01 1.217651925e-08 
d 2.16050000000000e+01 2.743750000e+00 2.743750000e+00 -1.055508932e-13 0.000000000e+00 0.000000000e+00 -1.208449948e-08 1.000000000e-01 1.000000000e-01 1.208460498e-08 
d 2.16150000000000e+01 2.731250000e+00 2.731250000e+00 -1.055193642e-13 0.000000000e+00 0.000000000e+00 -1.190128668e-08 1.000000000e-01 1.000000000e-01 1.190139153e-08 
d 2.16350000000000e+01 2.706250000e+00 2.706250000e+00 -1.054545207e-13 0.000000000e+00 0.000000000e+00 -1.153734913e-08 1.000000000e-01 1.000000000e-01 1.153745470e-08 
d 2.16750000000000e+01 2.656250000e+00 2.656250000e+00 -1.053171280e-13 0.000000000e+00 0.000000000e+00 -1.081964688e-08 1.000000000e-01 1.000000000e-01 1.081975216e-08 
d 2.17550000000000e+01 2.556250000e+00 2.556250000e+00 -1.050061402e-13 0.000000000e+00 0.000000000e+00 -9.426654520e-09 1.000000000e-01 1.000000000e-01 9.426759400e-09 
d 2.18000000000000e+01 2.500000000e+00 2.500000000e+00 -1.047991997e-13 0.000000000e+00 0.000000000e+00 -8.669131859e-09 1.000000000e-01 1.000000000e-01 8.669236550e-09 
d 2.18050000000000e+01 2.493750000e+00 2.493750000e+00 -1.047734090e-13 0.000000000e+00 0.000000000e+00 -8.586160824e-09 1.000000000e-01 1.000000000e-01 8.586265456e-09 
d 2.18150000000000e+01 2.481250000e+00 2.481250000e+00 -1.047241331e-13 0.000000000e+00 0.000000000e+00 -8.420948673e-09 1.000000000e-01 1.000000000e-01 8.421053723e-09 
d 2.18350000000000e+01 2.456250000e+00 2.456250000e+00 -1.046216939e-13 0.000000000e+00 0.000000000e+00 -8.093471317e-09 1.000000000e-01 1.000000000e-01 8.093575967e-09 
d 2.18750000000000e+01 2.406250000e+00 2.406250000e+00 -1.043995696e-13 0.000000000e+00 0.000000000e+00 -7.450508817e-09 1.000000000e-01 1.000000000e-01 7.450613162e-09 
d 2.19550000000000e+01 2.306250000e+00 2.306250000e+00 -1.038691936e-13 0.000000000e+00 0.000000000e+00 -6.214183622e-09 1.000000000e-01 1.000000000e-01 6.214287483e-09 
d 2.20000000000000e+01 2.250000000e+00 2.250000000e+00 -1.034881144e-13 0.000000000e+00 0.000000000e+00 -5.548933723e-09 1.000000000e-01 1.000000000e-01 5.549037218e-09 
d 2.20050000000000e+01 2.243750000e+00 2.243750000e+00 -1.034378959e-13 0.000000000e+00 0.000000000e+00 -5.476398085e-09 1.000000000e-01 1.000000000e-01 5.476501378e-09 
d 2.20150000000000e+01 2.231250000e+00 2.231250000e+00 -1.033437500e-13 0.000000000e+00 0.000000000e+00 -5.332166413e-09 1.000000000e-01 1.000000000e-01 5.332270080e-09 
d 2.20350000000000e+01 2.206250000e+00 2.206250000e+00 -1.031440396e-13 0.000000000e+00 0.000000000e+00 -5.047090121e-09 1.000000000e-01 1.000000000e-01 5.047193378e-09 
d 2.20750000000000e+01 2.156250000e+00 2.156250000e+00 -1.026917156e-13 0.000000000e+00 0.000000000e+00 -4.490708168e-09 1.000000000e-01 1.000000000e-01 4.490810802e-09 
d 2.21550000000000e+01 2.056250000e+00 2.056250000e+00 -1.014954012e-13 0.000000000e+00 0.000000000e+00 -3.435087080e-09 1.000000000e-01 1.000000000e-01 3.435188539e-09 
d 2.22000000000000e+01 2.000000000e+00 2.000000000e+00 -1.005012530e-13 0.000000000e+00 0.000000000e+00 -2.876610078e-09 1.000000000e-01 1.000000000e-01 2.876710471e-09 
d 2.22050000000000e+01 1.993750000e+00 1.993750000e+00 -1.003556837e-13 0.000000000e+00 0.000000000e+00 -2.816212574e-09 1.000000000e-01 1.000000000e-01 2.816312783e-09 
d 2.22150000000000e+01 1.981250000e+00 1.981250000e+00 -1.000911533e-13 0.000000000e+00 0.000000000e+00 -2.696442340e-09 1.000000000e-01 1.000000000e-01 2.696542659e-09 
d 2.22350000000000e+01 1.956250000e+00 1.956250000e+00 -9.950724881e-14 0.000000000e+00 0.000000000e+00 -2.461094525e-09 1.000000000e-01 1.000000000e-01 2.461194088e-09 
d 2.22750000000000e+01 1.906250000e+00 1.906250000e+00 -9.806609439e-14 0.000000000e+00 0.000000000e+00 -2.008076105e-09 1.000000000e-01 1.000000000e-01 2.008174047e-09 
d 2.23550000000000e+01 1.806250000e+00 1.806250000e+00 -9.343728010e-14 0.000000000e+00 0.000000000e+00 -1.184850022e-09 1.000000000e-01 1.000000000e-01 1.184943468e-09 
d 2.24000000000000e+01 1.750000000e+00 1.750000000e+00 -8.872391211e-14 0.000000000e+00 0.000000000e+00 -7.864462594e-10 1.000000000e-01 1.000000000e-01 7.865348614e-10 
d 2.24050000000000e+01 1.743750000e+00 1.743750000e+00 -8.799994804e-14 0.000000000e+00 0.000000000e+00 -7.460367642e-10 1.000000000e-01 1.000000000e-01 7.461246244e-10 
d 2.24150000000000e+01 1.731250000e+00 1.731250000e+00 -8.672557562e-14 0.000000000e+00 0.000000000e+00 -6.679341101e-10 1.000000000e-01 1.000000000e-01 6.680211232e-10 
d 2.24350000000000e+01 1.706250000e+00 1.706250000e+00 -8.398426760e-14 0.000000000e+00 0.000000000e+00 -5.236719601e-10 1.000000000e-01 1.000000000e-01 5.237560242e-10 
d 2.24750000000000e+01 1.656250000e+00 1.656250000e+00 -7.809990708e-14 0.000000000e+00 0.000000000e+00 -2.909360428e-10 1.000000000e-01 1.000000000e-01 2.910141135e-10 
d 2.25550000000000e+01 1.556250000e+00 1.556250000e+00 -6.506200058e-14 0.000000000e+00 0.000000000e+00 -5.674613686e-11 1.000000000e-01 1.000000000e-01 5.681118036e-11 
d 2.26000000000000e+01 1.500000000e+00 1.500000000e+00 -5.274873706e-14 0.000000000e+00 0.000000000e+00 -1.595274829e-11 1.000000000e-01 1.000000000e-01 1.600545065e-11 
d 2.26050000000000e+01 1.493750000e+00 1.493750000e+00 -5.104496384e-14 0.000000000e+00 0.000000000e+00 -1.354906165e-11 1.000000000e-01 1.000000000e-01 1.359997506e-11 
d 2.26150000000000e+01 1.481250000e+00 1.481250000e+00 -4.801271197e-14 0.000000000e+00 0.000000000e+00 -9.624176925e-12 1.000000000e-01 1.000000000e-01 9.672467742e-12 
d 2.26350000000000e+01 1.456250000e+00 1.456250000e+00 -4.206157496e-14 0.000000000e+00 0.000000000e+00 -4.561665131e-12 1.000000000e-01 1.000000000e-01 4.603769037e-12 
d 2.26750000000000e+01 1.406250000e+00 1.406250000e+00 -3.366579083e-14 0.000000000e+00 0.000000000e+00 -8.282049693e-13 1.000000000e-01 1.000000000e-01 8.618776538e-13 
d 2.27263948105368e+01 1.342006487e+00 1.342006487e+00 -3.031305261e-14 0.000000000e+00 0.000000000e+00 -6.512513002e-14 1.000000000e-01 1.000000000e-01 9.543062119e-14 
d 2.28000000000000e+01 1.250000000e+00 1.250000000e+00 -2.886817815e-14 0.000000000e+00 0.000000000e+00 1.190990432e-14 1.000000000e-01 1.000000000e-01 1.696193847e-14 
d 2.28050000000000e+01 1.243750000e+00 1.243750000e+00 -2.901985442e-14 0.000000000e+00 0.000000000e+00 1.251794198e-14 1.000000000e-01 1.000000000e-01 1.643861395e-14 
d 2.28150000000000e+01 1.231250000e+00 1.231250000e+00 -2.897243522e-14 0.000000000e+00 0.000000000e+00 1.341005244e-14 1.000000000e-01 1.000000000e-01 1.579086797e-14 
d 2.28350000000000e+01 1.206250000e+00 1.206250000e+00 -2.892514849e-14 0.000000000e+00 0.000000000e+00 1.402053613e-14 1.000000000e-01 1.000000000e-01 1.490430207e-14 
d 2.28750000000000e+01 1.156250000e+00 1.156250000e+00 -2.887775948e-14 0.000000000e+00 0.000000000e+00 1.437553814e-14 1.000000000e-01 1.000000000e-01 1.445821137e-14 
d 2.29550000000000e+01 1.056250000e+00 1.056250000e+00 -2.885463988e-14 0.000000000e+00 0.000000000e+00 1.445328486e-14 1.000000000e-01 1.000000000e-01 1.442282289e-14 
d 2.30000000000000e+01 1.000000000e+00 1.000000000e+00 -2.884736812e-14 0.000000000e+00 0.000000000e+00 1.436829666e-14 1.000000000e-01 1.000000000e-01 1.436734696e-14 
d 2.30050000000000e+01 9.937500000e-01 9.937500000e-01 -2.884650608e-14 0.000000000e+00 0.000000000e+00 1.429229797e-14 1.000000000e-01 1.000000000e-01 1.428421324e-14 
d 2.30150000000000e+01 9.812500000e-01 9.812500000e-01 -2.884476756e-14 0.000000000e+00 0.000000000e+00 1.309323888e-14 1.000000000e-01 1.000000000e-01 1.316474590e-14 
d 2.30350000000000e+01 9.562500000e-01 9.562500000e-01 -2.884133571e-14 0.000000000e+00 0.000000000e+00 1.438506530e-14 1.000000000e-01 1.000000000e-01 1.445690353e-14 
d 2.30750000000000e+01 9.062500000e-01 9.062500000e-01 -2.883456741e-14 0.000000000e+00 0.000000000e+00 1.442720586e-14 1.000000000e-01 1.000000000e-01 1.439139786e-14 
d 2.31550000000000e+01 8.062500000e-01 8.062500000e-01 -2.882116808e-14 0.000000000e+00 0.000000000e+00 1.438973496e-14 1.000000000e-01 1.000000000e-01 1.443467440e-14 
d 2.32000000000000e+01 7.500000000e-01 7.500000000e-01 -2.881366495e-14 0.000000000e+00 0.000000000e+00 1.439327325e-14 1.000000000e-01 1.000000000e-01 1.439561182e-14 
d 2.32050000000000e+01 7.437500000e-01 7.437500000e-01 -2.881283183e-14 0.000000000e+00 0.000000000e+00 1.427416713e-14 1.000000000e-01 1.000000000e-01 1.423325962e-14 
d 2.32150000000000e+01 7.312500000e-01 7.312500000e-01 -2.881116711e-14 0.000000000e+00 0.000000000e+00 1.287334673e-14 1.000000000e-01 1.000000000e-01 1.291202885e-14 
d 2.32350000000000e+01 7.062500000e-01 7.062500000e-01 -2.880783955e-14 0.000000000e+00 0.000000000e+00 1.444041848e-14 1.000000000e-01 1.000000000e-01 1.446497642e-14 
d 2.32750000000000e+01 6.562500000e-01 6.562500000e-01 -2.880119108e-14 0.000000000e+00 0.000000000e+00 1.442648065e-14 1.000000000e-01 1.000000000e-01 1.437945871e-14 
d 2.33550000000000e+01 5.562500000e-01 5.562500000e-01 -2.878791747e-14 0.000000000e+00 0.000000000e+00 1.432010728e-14 1.000000000e-01 1.000000000e-01 1.436097061e-14 
d 2.34000000000000e+01 5.000000000e-01 5.000000000e-01 -2.878046429e-14 0.000000000e+00 0.000000000e+00 1.438322431e-14 1.000000000e-01 1.000000000e-01 1.434533466e-14 
d 2.34050000000000e+01 4.937500000e-01 4.937500000e-01 -2.877963685e-14 0.000000000e+00 0.000000000e+00 1.422821179e-14 1.000000000e-01 1.000000000e-01 1.424816348e-14 
d 2.34150000000000e+01 4.812500000e-01 4.812500000e-01 -2.877798233e-14 0.000000000e+00 0.000000000e+00 1.273391786e-14 1.000000000e-01 1.000000000e-01 1.268180949e-14 
d 2.34350000000000e+01 4.562500000e-01 4.562500000e-01 -2.877467488e-14 0.000000000e+00 0.000000000e+00 1.446064207e-14 1.000000000e-01 1.000000000e-01 1.443049301e-14 
d 2.34750000000000e+01 4.062500000e-01 4.062500000e-01 -2.876806663e-14 0.000000000e+00 0.000000000e+00 1.433995799e-14 1.000000000e-01 1.000000000e-01 1.431039585e-14 
d 2.35550000000000e+01 3.062500000e-01 3.062500000e-01 -2.875487921e-14 0.000000000e+00 0.000000000e+00 1.432330233e-14 1.000000000e-01 1.000000000e-01 1.438153994e-14 
d 2.36000000000000e+01 2.500000000e-01 2.500000000e-01 -2.874748206e-14 0.000000000e+00 0.000000000e+00 1.432310907e-14 1.000000000e-01 1.000000000e-01 1.441807967e-14 
d 2.36050000000000e+01 2.437500000e-01 2.437500000e-01 -2.874666150e-14 0.000000000e+00 0.000000000e+00 1.418994255e-14 1.000000000e-01 1.000000000e-01 1.424887718e-14 
d 2.36150000000000e+01 2.312500000e-01 2.312500000e-01 -2.874502000e-14 0.000000000e+00 0.000000000e+00 1.259492489e-14 1.000000000e-01 1.000000000e-01 1.258178868e-14 
d 2.36350000000000e+01 2.062500000e-01 2.062500000e-01 -2.874173938e-14 0.000000000e+00 0.000000000e+00 1.440903399e-14 1.000000000e-01 1.000000000e-01 1.436728916e-14 
d 2.36750000000000e+01 1.562500000e-01 1.562500000e-01 -2.873518791e-14 0.000000000e+00 0.000000000e+00 1.428980105e-14 1.000000000e-01 1.000000000e-01 1.434969299e-14 
d 2.37550000000000e+01 5.625000000e-02 5.625000000e-02 -2.872212709e-14 0.000000000e+00 0.000000000e+00 1.431930698e-14 1.000000000e-01 1.000000000e-01 1.437304201e-14 
d 2.38000000000000e+01 0.000000000e+00 0.000000000e+00 -2.871481260e-14 0.000000000e+00 0.000000000e+00 1.432788411e-14 1.000000000e-01 1.000000000e-01 1.431721292e-14 
d 2.38050000000000e+01 -6.250000000e-03 -6.250000000e-03 -2.871400243e-14 0.000000000e+00 0.000000000e+00 1.424543307e-14 1.000000000e-01 1.000000000e-01 1.428537184e-14 
d 2.38150000000000e+01 -1.875000000e-02 -1.875000000e-02 -2.871238180e-14 0.000000000e+00 0.000000000e+00 1.237636151e-14 1.000000000e-01 1.000000000e-01 1.238032386e-14 
d 2.38350000000000e+01 -4.375000000e-02 -4.375000000e-02 -2.870914905e-14 0.000000000e+00 0.000000000e+00 1.437889204e-14 1.000000000e-01 1.000000000e-01 1.435422568e-14 
d 2.38750000000000e+01 -9.375000000e-02 -9.375000000e-02 -2.870277156e-14 0.000000000e+00 0.000000000e+00 1.431154480e-14 1.000000000e-01 1.000000000e-01 1.435959216e-14 
d 2.39550000000000e+01 -1.937500000e-01 -1.937500000e-01 -2.869476928e-14 0.000000000e+00 0.000000000e+00 1.429308310e-14 1.000000000e-01 1.000000000e-01 1.430601341e-14 
d 2.40000000000000e+01 -2.500000000e-01 -2.500000000e-01 -2.872687036e-14 0.000000000e+00 0.000000000e+00 1.432445611e-14 1.000000000e-01 1.000000000e-01 1.434513789e-14 
d 2.40050000000000e+01 -2.562500000e-01 -2.562500000e-01 -2.873903468e-14 0.000000000e+00 0.000000000e+00 1.422763770e-14 1.000000000e-01 1.000000000e-01 1.421227106e-14 
d 2.40150000000000e+01 -2.687500000e-01 -2.687500000e-01 -2.877291263e-14 0.000000000e+00 0.000000000e+00 1.219977606e-14 1.000000000e-01 1.000000000e-01 1.220618143e-14 
d 2.40350000000000e+01 -2.937500000e-01 -2.937500000e-01 -2.891860630e-14 0.000000000e+00 0.000000000e+00 1.434634932e-14 1.000000000e-01 1.000000000e-01 1.431684509e-14 
d 2.40750000000000e+01 -3.437500000e-01 -3.437500000e-01 -3.032320126e-14 0.000000000e+00 0.000000000e+00 1.414389438e-14 1.000000000e-01 1.000000000e-01 1.412901641e-14 
d 2.41550000000000e+01 -4.437500000e-01 -4.437500000e-01 -6.369281109e-14 0.000000000e+00 0.000000000e+00 1.391264031e-14 1.000000000e-01 1.000000000e-01 1.391424765e-14 
d 2.42000000000000e+01 -5.000000000e-01 -5.000000000e-01 -9.237937340e-14 0.000000000e+00 0.000000000e+00 1.387129215e-14 1.000000000e-01 1.000000000e-01 1.387589140e-14 
d 2.42050000000000e+01 -5.062500000e-01 -5.062500000e-01 -9.360025262e-14 0.000000000e+00 0.000000000e+00 1.372817566e-14 1.000000000e-01 1.000000000e-01 1.372599581e-14 
d 2.42150000000000e+01 -5.187500000e-01 -5.187500000e-01 -9.586130055e-14 0.000000000e+00 0.000000000e+00 1.178047454e-14 1.000000000e-01 1.000000000e-01 1.167096221e-14 
d 2.42350000000000e+01 -5.437500000e-01 -5.437500000e-01 -9.878236664e-14 0.000000000e+00 0.000000000e+00 1.389788997e-14 1.000000000e-01 1.000000000e-01 1.385531874e-14 
d 2.42750000000000e+01 -5.937500000e-01 -5.937500000e-01 -1.016778884e-13 0.000000000e+00 0.000000000e+00 1.379207003e-14 1.000000000e-01 1.000000000e-01 1.380704389e-14 
d 2.43550000000000e+01 -6.937500000e-01 -6.937500000e-01 -1.031270233e-13 0.000000000e+00 0.000000000e+00 1.377428501e-14 1.000000000e-01 1.000000000e-01 1.368225863e-14 
d 2.44000000000000e+01 -7.500000000e-01 -7.500000000e-01 -1.031192949e-13 0.000000000e+00 0.000000000e+00 1.372905790e-14 1.000000000e-01 1.000000000e-01 1.374562240e-14 
d 2.44050000000000e+01 -7.562500000e-01 -7.562500000e-01 -1.031256091e-13 0.000000000e+00 0.000000000e+00 1.358920094e-14 1.000000000e-01 1.000000000e-01 1.359858880e-14 
d 2.44150000000000e+01 -7.687500000e-01 -7.687500000e-01 -1.031361548e-13 0.000000000e+00 0.000000000e+00 1.384382920e-14 1.000000000e-01 1.000000000e-01 1.380278420e-14 
d 2.44350000000000e+01 -7.937500000e-01 -7.937500000e-01 -1.031565349e-13 0.000000000e+00 0.000000000e+00 1.376097084e-14 1.000000000e-01 1.000000000e-01 1.380684032e-14 
d 2.44750000000000e+01 -8.437500000e-01 -8.437500000e-01 -1.031937752e-13 0.000000000e+00 0.000000000e+00 1.369617587e-14 1.000000000e-01 1.000000000e-01 1.370670095e-14 
d 2.45550000000000e+01 -9.437500000e-01 -9.437500000e-01 -1.032889581e-13 0.000000000e+00 0.000000000e+00 1.369758025e-14 1.000000000e-01 1.000000000e-01 1.367037896e-14 
d 2.46000000000000e+01 -1.000000000e+00 -1.000000000e+00 -1.034527668e-13 0.000000000e+00 0.000000000e+00 1.365889793e-14 1.000000000e-01 1.000000000e-01 1.368127095e-14 
d 2.46050000000000e+01 -1.006250000e+00 -1.006250000e+00 -1.034851428e-13 0.000000000e+00 0.000000000e+00 1.350727728e-14 1.000000000e-01 1.000000000e-01 1.355386339e-14 
d 2.46150000000000e+01 -1.018750000e+00 -1.018750000e+00 -1.035603506e-13 0.000000000e+00 0.000000000e+00 1.376569850e-14 1.000000000e-01 1.000000000e-01 1.377470928e-14 
d 2.46350000000000e+01 -1.043750000e+00 -1.043750000e+00 -1.037652977e-13 0.000000000e+00 0.000000000e+00 1.367574610e-14 1.000000000e-01 1.000000000e-01 1.364816884e-14 
d 2.46750000000000e+01 -1.093750000e+00 -1.093750000e+00 -1.043941059e-13 0.000000000e+00 0.000000000e+00 1.347896581e-14 1.000000000e-01 1.000000000e-01 1.356275690e-14 
d 2.47550000000000e+01 -1.193750000e+00 -1.193750000e+00 -1.055717979e-13 0.000000000e+00 0.000000000e+00 1.339526399e-14 1.000000000e-01 1.000000000e-01 1.336540223e-14 
d 2.48000000000000e+01 -1.250000000e+00 -1.250000000e+00 -1.057078347e-13 0.000000000e+00 0.000000000e+00 1.336840998e-14 1.000000000e-01 1.000000000e-01 1.330363266e-14 
d 2.48050000000000e+01 -1.256250000e+00 -1.256250000e+00 -1.057136043e-13 0.000000000e+00 0.000000000e+00 1.315590857e-14 1.000000000e-01 1.000000000e-01 1.319839027e-14 
d 2.48150000000000e+01 -1.268750000e+00 -1.268750000e+00 -1.057207162e-13 0.000000000e+00 0.000000000e+00 1.344609817e-14 1.000000000e-01 1.000000000e-01 1.344352458e-14 
d 2.48350000000000e+01 -1.293750000e+00 -1.293750000e+00 -1.057257307e-13 0.000000000e+00 0.000000000e+00 1.336280497e-14 1.000000000e-01 1.000000000e-01 1.335796168e-14 
d 2.48750000000000e+01 -1.343750000e+00 -1.343750000e+00 -1.057136190e-13 0.000000000e+00 0.000000000e+00 1.327717369e-14 1.000000000e-01 1.000000000e-01 1.329936941e-14 
d 2.49550000000000e+01 -1.443750000e+00 -1.443750000e+00 -1.056494670e-13 0.000000000e+00 0.000000000e+00 1.329616032e-14 1.000000000e-01 1.000000000e-01 1.327489806e-14 
d 2.50000000000000e+01 -1.500000000e+00 -1.500000000e+00 -1.055985514e-13 0.000000000e+00 0.000000000e+00 1.330400736e-14 1.000000000e-01 1.000000000e-01 1.326872143e-14 
d 2.50050000000000e+01 -1.506250000e+00 -1.506250000e+00 -1.055924562e-13 0.000000000e+00 0.000000000e+00 1.312840166e-14 1.000000000e-01 1.000000000e-01 1.315092909e-14 
d 2.50150000000000e+01 -1.518750000e+00 -1.518750000e+00 -1.055797716e-13 0.000000000e+00 0.000000000e+00 1.337650274e-14 1.000000000e-01 1.000000000e-01 1.340634407e-14 
d 2.50350000000000e+01 -1.543750000e+00 -1.543750000e+00 -1.055532330e-13 0.000000000e+00 0.000000000e+00 1.328785764e-14 1.000000000e-01 1.000000000e-01 1.335398976e-14 
d 2.50750000000000e+01 -1.593750000e+00 -1.593750000e+00 -1.054950013e-13 0.000000000e+00 0.000000000e+00 1.330571763e-14 1.000000000e-01 1.000000000e-01 1.326390872e-14 
d 2.51550000000000e+01 -1.693750000e+00 -1.693750000e+00 -1.053558246e-13 0.000000000e+00 0.000000000e+00 1.329883785e-14 1.000000000e-01 1.000000000e-01 1.325777027e-14 
d 2.52000000000000e+01 -1.750000000e+00 -1.750000000e+00 -1.052611054e-13 0.000000000e+00 0.000000000e+00 1.327921396e-14 1.000000000e-01 1.000000000e-01 1.326743960e-14 
d 2.52050000000000e+01 -1.756250000e+00 -1.756250000e+00 -1.052500165e-13 0.000000000e+00 0.000000000e+00 1.311098335e-14 1.000000000e-01 1.000000000e-01 1.311369548e-14 
d 2.52150000000000e+01 -1.768750000e+00 -1.768750000e+00 -1.052269198e-13 0.000000000e+00 0.000000000e+00 1.341716113e-14 1.000000000e-01 1.000000000e-01 1.336219619e-14 
d 2.52350000000000e+01 -1.793750000e+00 -1.793750000e+00 -1.051790412e-13 0.000000000e+00 0.000000000e+00 1.332190934e-14 1.000000000e-01 1.000000000e-01 1.332489117e-14 
d 2.52750000000000e+01 -1.843750000e+00 -1.843750000e+00 -1.050754584e-13 0.000000000e+00 0.000000000e+00 1.325433023e-14 1.000000000e-01 1.000000000e-01 1.330099191e-14 
d 2.53550000000000e+01 -1.943750000e+00 -1.943750000e+00 -1.048320211e-13 0.000000000e+00 0.000000000e+00 1.332924549e-14 1.000000000e-01 1.000000000e-01 1.329716408e-14 
d 2.54000000000000e+01 -2.000000000e+00 -2.000000000e+00 -1.046675417e-13 0.000000000e+00 0.000000000e+00 1.321704487e-14 1.000000000e-01 1.000000000e-01 1.328642383e-14 
d 2.54050000000000e+01 -2.006250000e+00 -2.006250000e+00 -1.046484769e-13 0.000000000e+00 0.000000000e+00 1.312116424e-14 1.000000000e-01 1.000000000e-01 1.312559431e-14 
d 2.54150000000000e+01 -2.018750000e+00 -2.018750000e+00 -1.046082043e-13 0.000000000e+00 0.000000000e+00 1.338430209e-14 1.000000000e-01 1.000000000e-01 1.336714937e-14 
d 2.54350000000000e+01 -2.043750000e+00 -2.043750000e+00 -1.045247790e-13 0.000000000e+00 0.000000000e+00 1.323185084e-14 1.000000000e-01 1.000000000e-01 1.334483248e-14 
d 2.54750000000000e+01 -2.093750000e+00 -2.093750000e+00 -1.043437575e-13 0.000000000e+00 0.000000000e+00 1.325926869e-14 1.000000000e-01 1.000000000e-01 1.324258127e-14 
d 2.55550000000000e+01 -2.193750000e+00 -2.193750000e+00 -1.039136587e-13 0.000000000e+00 0.000000000e+00 1.322808492e-14 1.000000000e-01 1.000000000e-01 1.325530056e-14 
d 2.56000000000000e+01 -2.250000000e+00 -2.250000000e+00 -1.036188035e-13 0.000000000e+00 0.000000000e+00 1.327596868e-14 1.000000000e-01 1.000000000e-01 1.323127080e-14 
d 2.56050000000000e+01 -2.256250000e+00 -2.256250000e+00 -1.035852811e-13 0.000000000e+00 0.000000000e+00 1.304302239e-14 1.000000000e-01 1.000000000e-01 1.308500623e-14 
d 2.56150000000000e+01 -2.268750000e+00 -2.268750000e+00 -1.035118599e-13 0.000000000e+00 0.000000000e+00 1.332809565e-14 1.000000000e-01 1.000000000e-01 1.334847980e-14 
d 2.56350000000000e+01 -2.293750000e+00 -2.293750000e+00 -1.033597782e-13 0.000000000e+00 0.000000000e+00 1.334948894e-14 1.000000000e-01 1.000000000e-01 1.329778716e-14 
d 2.56750000000000e+01 -2.343750000e+00 -2.343750000e+00 -1.030271189e-13 0.000000000e+00 0.000000000e+00 1.323357025e-14 1.000000000e-01 1.000000000e-01 1.331207914e-14 
d 2.57550000000000e+01 -2.443750000e+00 -2.443750000e+00 -1.022237950e-13 0.000000000e+00 0.000000000e+00 1.324065627e-14 1.000000000e-01 1.000000000e-01 1.327625585e-14 
d 2.58000000000000e+01 -2.500000000e+00 -2.500000000e+00 -1.016706120e-13 0.000000000e+00 0.000000000e+00 1.328976383e-14 1.000000000e-01 1.000000000e-01 1.328223248e-14 
d 2.58050000000000e+01 -2.506250000e+00 -2.506250000e+00 -1.016127976e-13 0.000000000e+00 0.000000000e+00 1.314359438e-14 1.000000000e-01 1.000000000e-01 1.304221022e-14 
d 2.58150000000000e+01 -2.518750000e+00 -2.518750000e+00 -1.014724492e-13 0.000000000e+00 0.000000000e+00 1.334951741e-14 1.000000000e-01 1.000000000e-01 1.326261462e-14 
d 2.58350000000000e+01 -2.543750000e+00 -2.543750000e+00 -1.011864066e-13 0.000000000e+00 0.000000000e+00 1.321982594e-14 1.000000000e-01 1.000000000e-01 1.336406771e-14 
d 2.58750000000000e+01 -2.593750000e+00 -2.593750000e+00 -1.005705866e-13 0.000000000e+00 0.000000000e+00 1.325666179e-14 1.000000000e-01 1.000000000e-01 1.325661981e-14 
d 2.59550000000000e+01 -2.693750000e+00 -2.693750000e+00 -9.919280638e-14 0.000000000e+00 0.000000000e+00 1.325156539e-14 1.000000000e-01 1.000000000e-01 1.329504943e-14 
d 2.60000000000000e+01 -2.750000000e+00 -2.750000000e+00 -9.844582786e-14 0.000000000e+00 0.000000000e+00 1.327302146e-14 1.000000000e-01 1.000000000e-01 1.326602223e-14 
d 2.60050000000000e+01 -2.756250000e+00 -2.756250000e+00 -9.840379569e-14 0.000000000e+00 0.000000000e+00 1.312694626e-14 1.000000000e-01 1.000000000e-01 1.311273055e-14 
d 2.60150000000000e+01 -2.768750000e+00 -2.768750000e+00 -9.823714577e-14 0.000000000e+00 0.000000000e+00 1.333315185e-14 1.000000000e-01 1.000000000e-01 1.342003799e-14 
d 2.60350000000000e+01 -2.793750000e+00 -2.793750000e+00 -9.795537860e-14 0.000000000e+00 0.000000000e+00 1.331951760e-14 1.000000000e-01 1.000000000e-01 1.331976644e-14 
d 2.60750000000000e+01 -2.843750000e+00 -2.843750000e+00 -9.756170614e-14 0.000000000e+00 0.000000000e+00 1.327787423e-14 1.000000000e-01 1.000000000e-01 1.320592149e-14 
d 2.61550000000000e+01 -2.943750000e+00 -2.943750000e+00 -9.770710013e-14 0.000000000e+00 0.000000000e+00 1.322361094e-14 1.000000000e-01 1.000000000e-01 1.329600582e-14 
d 2.62000000000000e+01 -3.000000000e+00 -3.000000000e+00 -9.839839628e-14 0.000000000e+00 0.000000000e+00 1.320935004e-14 1.000000000e-01 1.000000000e-01 1.333218712e-14 
d 2.62050000000000e+01 -3.006250000e+00 -3.006250000e+00 -9.847780106e-14 0.000000000e+00 0.000000000e+00 1.310665871e-14 1.000000000e-01 1.000000000e-01 1.307062168e-14 
d 2.62150000000000e+01 -3.018750000e+00 -3.018750000e+00 -9.865137879e-14 0.000000000e+00 0.000000000e+00 1.334904960e-14 1.000000000e-01 1.000000000e-01 1.333464441e-14 
d 2.62350000000000e+01 -3.043750000e+00 -3.043750000e+00 -9.900136737e-14 0.000000000e+00 0.000000000e+00 1.331395053e-14 1.000000000e-01 1.000000000e-01 1.329225722e-14 
d 2.62750000000000e+01 -3.093750000e+00 -3.093750000e+00 -9.968982475e-14 0.000000000e+00 0.000000000e+00 1.330170418e-14 1.000000000e-01 1.000000000e-01 1.322208513e-14 
d 2.63550000000000e+01 -3.193750000e+00 -3.193750000e+00 -1.008509206e-13 0.000000000e+00 0.000000000e+00 1.324926258e-14 1.000000000e-01 1.000000000e-01 1.329922555e-14 
d 2.64000000000000e+01 -3.250000000e+00 -3.250000000e+00 -1.013157110e-13 0.000000000e+00 0.000000000e+00 1.333039223e-14 1.000000000e-01 1.000000000e-01 1.333680088e-14 
d 2.64050000000000e+01 -3.256250000e+00 -3.256250000e+00 -1.013541829e-13 0.000000000e+00 0.000000000e+00 1.318451491e-14 1.000000000e-01 1.000000000e-01 1.309703802e-14 
d 2.64150000000000e+01 -3.268750000e+00 -3.268750000e+00 -1.014457338e-13 0.000000000e+00 0.000000000e+00 1.335506889e-14 1.000000000e-01 1.000000000e-01 1.343000984e-14 
d 2.64350000000000e+01 -3.293750000e+00 -3.293750000e+00 -1.016142988e-13 0.000000000e+00 0.000000000e+00 1.334955449e-14 1.000000000e-01 1.000000000e-01 1.330526014e-14 
d 2.64750000000000e+01 -3.343750000e+00 -3.343750000e+00 -1.019050197e-13 0.000000000e+00 0.000000000e+00 1.331687051e-14 1.000000000e-01 1.000000000e-01 1.329411081e-14 
d 2.65550000000000e+01 -3.443750000e+00 -3.443750000e+00 -1.023406618e-13 0.000000000e+00 0.000000000e+00 1.326877242e-14 1.000000000e-01 1.000000000e-01 1.334725805e-14 
d 2.66000000000000e+01 -3.500000000e+00 -3.500000000e+00 -1.025160074e-13 0.000000000e+00 0.000000000e+00 1.332275610e-14 1.000000000e-01 1.000000000e-01 1.337648710e-14 
d 2.66050000000000e+01 -3.506250000e+00 -3.506250000e+00 -1.025326673e-13 0.000000000e+00 0.000000000e+00 1.309704763e-14 1.000000000e-01 1.000000000e-01 1.314723373e-14 
d 2.66150000000000e+01 -3.518750000e+00 -3.518750000e+00 -1.025687039e-13 0.000000000e+00 0.000000000e+00 1.334998434e-14 1.000000000e-01 1.000000000e-01 1.330284897e-14 
d 2.66350000000000e+01 -3.543750000e+00 -3.543750000e+00 -1.026377469e-13 0.000000000e+00 0.000000000e+00 1.326699358e-14 1.000000000e-01 1.000000000e-01 1.332851942e-14 
d 2.66750000000000e+01 -3.593750000e+00 -3.593750000e+00 -1.027661444e-13 0.000000000e+00 0.000000000e+00 1.326229899e-14 1.000000000e-01 1.000000000e-01 1.329569733e-14 
d 2.67550000000000e+01 -3.693750000e+00 -3.693750000e+00 -1.029916144e-13 0.000000000e+00 0.000000000e+00 1.331019521e-14 1.000000000e-01 1.000000000e-01 1.327968095e-14 
d 2.68000000000000e+01 -3.750000000e+00 -3.750000000e+00 -1.030932636e-13 0.000000000e+00 0.000000000e+00 1.325283317e-14 1.000000000e-01 1.000000000e-01 1.321502695e-14 
d 2.68050000000000e+01 -3.756250000e+00 -3.756250000e+00 -1.031016924e-13 0.000000000e+00 0.000000000e+00 1.318916003e-14 1.000000000e-01 1.000000000e-01 1.312965150e-14 
d 2.68150000000000e+01 -3.768750000e+00 -3.768750000e+00 -1.031223226e-13 0.000000000e+00 0.000000000e+00 1.341189134e-14 1.000000000e-01 1.000000000e-01 1.334509699e-14 
d 2.68350000000000e+01 -3.793750000e+00 -3.793750000e+00 -1.031599225e-13 0.000000000e+00 0.000000000e+00 1.330141037e-14 1.000000000e-01 1.000000000e-01 1.323805692e-14 
d 2.68750000000000e+01 -3.843750000e+00 -3.843750000e+00 -1.032236284e-13 0.000000000e+00 0.000000000e+00 1.323227807e-14 1.000000000e-01 1.000000000e-01 1.330928933e-14 
d 2.69550000000000e+01 -3.943750000e+00 -3.943750000e+00 -1.033079322e-13 0.000000000e+00 0.000000000e+00 1.321404517e-14 1.000000000e-01 1.000000000e-01 1.327558435e-14 
d 2.70000000000000e+01 -4.000000000e+00 -4.000000000e+00 -1.033288281e-13 0.000000000e+00 0.000000000e+00 1.318696189e-14 1.000000000e-01 1.000000000e-01 1.319738607e-14 
d 2.70050000000000e+01 -4.006250000e+00 -4.006250000e+00 -1.033294468e-13 0.000000000e+00 0.000000000e+00 1.311619063e-14 1.000000000e-01 1.000000000e-01 1.308323137e-14 
d 2.70150000000000e+01 -4.018750000e+00 -4.018750000e+00 -1.033328993e-13 0.000000000e+00 0.000000000e+00 1.336814017e-14 1.000000000e-01 1.000000000e-01 1.332783676e-14 
d 2.70350000000000e+01 -4.043750000e+00 -4.043750000e+00 -1.033374128e-13 0.000000000e+00 0.000000000e+00 1.323663808e-14 1.000000000e-01 1.000000000e-01 1.321775592e-14 
d 2.70750000000000e+01 -4.093750000e+00 -4.093750000e+00 -1.033402163e-13 0.000000000e+00 0.000000000e+00 1.320118640e-14 1.000000000e-01 1.000000000e-01 1.328292644e-14 
d 2.71550000000000e+01 -4.193750000e+00 -4.193750000e+00 -1.033261516e-13 0.000000000e+00 0.000000000e+00 1.320633043e-14 1.000000000e-01 1.000000000e-01 1.316080199e-14 
d 2.72000000000000e+01 -4.250000000e+00 -4.250000000e+00 -1.033091314e-13 0.000000000e+00 0.000000000e+00 1.326997403e-14 1.000000000e-01 1.000000000e-01 1.325283991e-14 
d 2.72050000000000e+01 -4.256250000e+00 -4.256250000e+00 -1.033068316e-13 0.000000000e+00 0.000000000e+00 1.309812609e-14 1.000000000e-01 1.000000000e-01 1.311343271e-14 
d 2.72150000000000e+01 -4.268750000e+00 -4.268750000e+00 -1.033032674e-13 0.000000000e+00 0.000000000e+00 1.332487699e-14 1.000000000e-01 1.000000000e-01 1.330036037e-14 
d 2.72350000000000e+01 -4.293750000e+00 -4.293750000e+00 -1.032953052e-13 0.000000000e+00 0.000000000e+00 1.321153619e-14 1.000000000e-01 1.000000000e-01 1.329872840e-14 
d 2.72750000000000e+01 -4.343750000e+00 -4.343750000e+00 -1.032797032e-13 0.000000000e+00 0.000000000e+00 1.323033212e-14 1.000000000e-01 1.000000000e-01 1.324127663e-14 
d 2.73550000000000e+01 -4.443750000e+00 -4.443750000e+00 -1.032563414e-13 0.000000000e+00 0.000000000e+00 1.324606211e-14 1.000000000e-01 1.000000000e-01 1.322727328e-14 
d 2.74000000000000e+01 -4.500000000e+00 -4.500000000e+00 -1.032549412e-13 0.000000000e+00 0.000000000e+00 1.317573796e-14 1.000000000e-01 1.000000000e-01 1.320702001e-14 
d 2.74050000000000e+01 -4.506250000e+00 -4.506250000e+00 -1.032559661e-13 0.000000000e+00 0.000000000e+00 1.306882161e-14 1.000000000e-01 1.000000000e-01 1.308921960e-14 
d 2.74150000000000e+01 -4.518750000e+00 -4.518750000e+00 -1.032574723e-13 0.000000000e+00 0.000000000e+00 1.329547437e-14 1.000000000e-01 1.000000000e-01 1.329771448e-14 
d 2.74350000000000e+01 -4.543750000e+00 -4.543750000e+00 -1.032617012e-13 0.000000000e+00 0.000000000e+00 1.332633878e-14 1.000000000e-01 1.000000000e-01 1.325976915e-14 
d 2.74750000000000e+01 -4.593750000e+00 -4.593750000e+00 -1.032779037e-13 0.000000000e+00 0.000000000e+00 1.318939905e-14 1.000000000e-01 1.000000000e-01 1.317656464e-14 
d 2.75550000000000e+01 -4.693750000e+00 -4.693750000e+00 -1.033452458e-13 0.000000000e+00 0.000000000e+00 1.320394671e-14 1.000000000e-01 1.000000000e-01 1.325164932e-14 
d 2.76000000000000e+01 -4.750000000e+00 -4.750000000e+00 -1.034098062e-13 0.000000000e+00 0.000000000e+00 1.320864840e-14 1.000000000e-01 1.000000000e-01 1.325588089e-14 
d 2.76050000000000e+01 -4.756250000e+00 -4.756250000e+00 -1.034188421e-13 0.000000000e+00 0.000000000e+00 1.314496125e-14 1.000000000e-01 1.000000000e-01 1.309826995e-14 
d 2.76150000000000e+01 -4.768750000e+00 -4.768750000e+00 -1.034352313e-13 0.000000000e+00 0.000000000e+00 1.327394700e-14 1.000000000e-01 1.000000000e-01 1.336434897e-14 
d 2.76350000000000e+01 -4.793750000e+00 -4.793750000e+00 -1.034701359e-13 0.000000000e+00 0.000000000e+00 1.322861303e-14 1.000000000e-01 1.000000000e-01 1.322132488e-14 
d 2.76750000000000e+01 -4.843750000e+00 -4.843750000e+00 -1.035482615e-13 0.000000000e+00 0.000000000e+00 1.320280330e-14 1.000000000e-01 1.000000000e-01 1.320593298e-14 
d 2.77550000000000e+01 -4.943750000e+00 -4.943750000e+00 -1.037324492e-13 0.000000000e+00 0.000000000e+00 1.316508017e-14 1.000000000e-01 1.000000000e-01 1.317822437e-14 
d 2.78000000000000e+01 -5.000000000e+00 -5.000000000e+00 -1.038502347e-13 0.000000000e+00 0.000000000e+00 1.324454134e-14 1.000000000e-01 1.000000000e-01 1.315614260e-14 
d 2.78050000000000e+01 -5.006250000e+00 -5.006250000e+00 -1.038639138e-13 0.000000000e+00 0.000000000e+00 1.313018370e-14 1.000000000e-01 1.000000000e-01 1.312477628e-14 
d 2.78150000000000e+01 -5.018750000e+00 -5.018750000e+00 -1.038904738e-13 0.000000000e+00 0.000000000e+00 1.324448576e-14 1.000000000e-01 1.000000000e-01 1.331840923e-14 
d 2.78350000000000e+01 -5.043750000e+00 -5.043750000e+00 -1.039442619e-13 0.000000000e+00 0.000000000e+00 1.324559621e-14 1.000000000e-01 1.000000000e-01 1.327599698e-14 
d 2.78750000000000e+01 -5.093750000e+00 -5.093750000e+00 -1.040531563e-13 0.000000000e+00 0.000000000e+00 1.323682644e-14 1.000000000e-01 1.000000000e-01 1.320906976e-14 
d 2.79550000000000e+01 -5.193750000e+00 -5.193750000e+00 -1.042709978e-13 0.000000000e+00 0.000000000e+00 1.322584972e-14 1.000000000e-01 1.000000000e-01 1.321177263e-14 
d 2.80000000000000e+01 -5.250000000e+00 -5.250000000e+00 -1.043897903e-13 0.000000000e+00 0.000000000e+00 1.323543608e-14 1.000000000e-01 1.000000000e-01 1.317761752e-14 
d 2.80050000000000e+01 -5.256250000e+00 -5.256250000e+00 -1.044025463e-13 0.000000000e+00 0.000000000e+00 1.311371079e-14 1.000000000e-01 1.000000000e-01 1.317138151e-14 
d 2.80150000000000e+01 -5.268750000e+00 -5.268750000e+00 -1.044283176e-13 0.000000000e+00 0.000000000e+00 1.328188255e-14 1.000000000e-01 1.000000000e-01 1.324558966e-14 
d 2.80350000000000e+01 -5.293750000e+00 -5.293750000e+00 -1.044793318e-13 0.000000000e+00 0.000000000e+00 1.322103402e-14 1.000000000e-01 1.000000000e-01 1.320261118e-14 
d 2.80750000000000e+01 -5.343750000e+00 -5.343750000e+00 -1.045786162e-13 0.000000000e+00 0.000000000e+00 1.320025338e-14 1.000000000e-01 1.000000000e-01 1.321035315e-14 
d 2.81550000000000e+01 -5.443750000e+00 -5.443750000e+00 -1.047650536e-13 0.000000000e+00 0.000000000e+00 1.320131637e-14 1.000000000e-01 1.000000000e-01 1.322875703e-14 
d 2.82000000000000e+01 -5.500000000e+00 -5.500000000e+00 -1.048607143e-13 0.000000000e+00 0.000000000e+00 1.321315846e-14 1.000000000e-01 1.000000000e-01 1.319687814e-14 
d 2.82050000000000e+01 -5.506250000e+00 -5.506250000e+00 -1.048706984e-13 0.000000000e+00 0.000000000e+00 1.315266204e-14 1.000000000e-01 1.000000000e-01 1.312550653e-14 
d 2.82150000000000e+01 -5.518750000e+00 -5.518750000e+00 -1.048912036e-13 0.000000000e+00 0.000000000e+00 1.327360094e-14 1.000000000e-01 1.000000000e-01 1.324635747e-14 
d 2.82350000000000e+01 -5.543750000e+00 -5.543750000e+00 -1.049314449e-13 0.000000000e+00 0.000000000e+00 1.320493852e-14 1.000000000e-01 1.000000000e-01 1.324972859e-14 
d 2.82750000000000e+01 -5.593750000e+00 -5.593750000e+00 -1.050086623e-13 0.000000000e+00 0.000000000e+00 1.320826249e-14 1.000000000e-01 1.000000000e-01 1.317327132e-14 
d 2.83550000000000e+01 -5.693750000e+00 -5.693750000e+00 -1.051503504e-13 0.000000000e+00 0.000000000e+00 1.322152415e-14 1.000000000e-01 1.000000000e-01 1.314972471e-14 
d 2.84000000000000e+01 -5.750000000e+00 -5.750000000e+00 -1.052213555e-13 0.000000000e+00 0.000000000e+00 1.315997827e-14 1.000000000e-01 1.000000000e-01 1.314915926e-14 
d 2.84050000000000e+01 -5.756250000e+00 -5.756250000e+00 -1.052286777e-13 0.000000000e+00 0.000000000e+00 1.317878741e-14 1.000000000e-01 1.000000000e-01 1.317514506e-14 
d 2.84150000000000e+01 -5.768750000e+00 -5.768750000e+00 -1.052438231e-13 0.000000000e+00 0.000000000e+00 1.327780922e-14 1.000000000e-01 1.000000000e-01 1.330657257e-14 
d 2.84350000000000e+01 -5.793750000e+00 -5.793750000e+00 -1.052734345e-13 0.000000000e+00 0.000000000e+00 1.316170936e-14 1.000000000e-01 1.000000000e-01 1.326972585e-14 
d 2.84750000000000e+01 -5.843750000e+00 -5.843750000e+00 -1.053299017e-13 0.000000000e+00 0.000000000e+00 1.316767233e-14 1.000000000e-01 1.000000000e-01 1.318507327e-14 
d 2.85550000000000e+01 -5.943750000e+00 -5.943750000e+00 -1.054324073e-13 0.000000000e+00 0.000000000e+00 1.313939407e-14 1.000000000e-01 1.000000000e-01 1.315247607e-14 
d 2.86000000000000e+01 -6.000000000e+00 -6.000000000e+00 -1.054831813e-13 0.000000000e+00 0.000000000e+00 1.321048185e-14 1.000000000e-01 1.000000000e-01 1.315095696e-14 
d 2.86050000000000e+01 -6.006250000e+00 -6.006250000e+00 -1.054883848e-13 0.000000000e+00 0.000000000e+00 1.312448611e-14 1.000000000e-01 1.000000000e-01 1.312990535e-14 
d 2.86150000000000e+01 -6.018750000e+00 -6.018750000e+00 -1.054991889e-13 0.000000000e+00 0.000000000e+00 1.324857338e-14 1.000000000e-01 1.000000000e-01 1.327556714e-14 
d 2.86350000000000e+01 -6.043750000e+00 -6.043750000e+00 -1.055202699e-13 0.000000000e+00 0.000000000e+00 1.318983048e-14 1.000000000e-01 1.000000000e-01 1.319859562e-14 
d 2.86750000000000e+01 -6.093750000e+00 -6.093750000e+00 -1.055603432e-13 0.000000000e+00 0.000000000e+00 1.315888551e-14 1.000000000e-01 1.000000000e-01 1.314202554e-14 
d 2.87550000000000e+01 -6.193750000e+00 -6.193750000e+00 -1.056326942e-13 0.000000000e+00 0.000000000e+00 1.317238139e-14 1.000000000e-01 1.000000000e-01 1.316565237e-14 
d 2.88000000000000e+01 -6.250000000e+00 -6.250000000e+00 -1.056683217e-13 0.000000000e+00 0.000000000e+00 1.319929928e-14 1.000000000e-01 1.000000000e-01 1.320301039e-14 
d 2.88050000000000e+01 -6.256250000e+00 -6.256250000e+00 -1.056719615e-13 0.000000000e+00 0.000000000e+00 1.312404242e-14 1.000000000e-01 1.000000000e-01 1.310243705e-14 
d 2.88150000000000e+01 -6.268750000e+00 -6.268750000e+00 -1.056795341e-13 0.000000000e+00 0.000000000e+00 1.322989073e-14 1.000000000e-01 1.000000000e-01 1.330929145e-14 
d 2.88350000000000e+01 -6.293750000e+00 -6.293750000e+00 -1.056942939e-13 0.000000000e+00 0.000000000e+00 1.320688078e-14 1.000000000e-01 1.000000000e-01 1.322473054e-14 
d 2.88750000000000e+01 -6.343750000e+00 -6.343750000e+00 -1.057223064e-13 0.000000000e+00 0.000000000e+00 1.318602843e-14 1.000000000e-01 1.000000000e-01 1.318909095e-14 
d 2.89550000000000e+01 -6.443750000e+00 -6.443750000e+00 -1.057727409e-13 0.000000000e+00 0.000000000e+00 1.315473268e-14 1.000000000e-01 1.000000000e-01 1.317516045e-14 
d 2.90000000000000e+01 -6.500000000e+00 -6.500000000e+00 -1.057974991e-13 0.000000000e+00 0.000000000e+00 1.316638746e-14 1.000000000e-01 1.000000000e-01 1.317921037e-14 
d 2.90050000000000e+01 -6.506250000e+00 -6.506250000e+00 -1.058000242e-13 0.000000000e+00 0.000000000e+00 1.314880667e-14 1.000000000e-01 1.000000000e-01 1.311826159e-14 
d 2.90150000000000e+01 -6.518750000e+00 -6.518750000e+00 -1.058052834e-13 0.000000000e+00 0.000000000e+00 1.321114676e-14 1.000000000e-01 1.000000000e-01 1.317329562e-14 
d 2.90350000000000e+01 -6.543750000e+00 -6.543750000e+00 -1.058155281e-13 0.000000000e+00 0.000000000e+00 1.317332963e-14 1.000000000e-01 1.000000000e-01 1.320390703e-14 
d 2.90750000000000e+01 -6.593750000e+00 -6.593750000e+00 -1.058349551e-13 0.000000000e+00 0.000000000e+00 1.318423991e-14 1.000000000e-01 1.000000000e-01 1.316393136e-14 
d 2.91550000000000e+01 -6.693750000e+00 -6.693750000e+00 -1.058698834e-13 0.000000000e+00 0.000000000e+00 1.324534804e-14 1.000000000e-01 1.000000000e-01 1.320992108e-14 
d 2.92000000000000e+01 -6.750000000e+00 -6.750000000e+00 -1.058870091e-13 0.000000000e+00 0.000000000e+00 1.317674215e-14 1.000000000e-01 1.000000000e-01 1.313371524e-14 
d 2.92050000000000e+01 -6.756250000e+00 -6.756250000e+00 -1.058887551e-13 0.000000000e+00 0.000000000e+00 1.314823731e-14 1.000000000e-01 1.000000000e-01 1.319542979e-14 
d 2.92150000000000e+01 -6.768750000e+00 -6.768750000e+00 -1.058923933e-13 0.000000000e+00 0.000000000e+00 1.319595046e-14 1.000000000e-01 1.000000000e-01 1.323583789e-14 
d 2.92350000000000e+01 -6.793750000e+00 -6.793750000e+00 -1.058994797e-13 0.000000000e+00 0.000000000e+00 1.321191951e-14 1.000000000e-01 1.000000000e-01 1.322636557e-14 
d 2.92750000000000e+01 -6.843750000e+00 -6.843750000e+00 -1.059129195e-13 0.000000000e+00 0.000000000e+00 1.316070849e-14 1.000000000e-01 1.000000000e-01 1.314954539e-14 
d 2.93550000000000e+01 -6.943750000e+00 -6.943750000e+00 -1.059371109e-13 0.000000000e+00 0.000000000e+00 1.316616353e-14 1.000000000e-01 1.000000000e-01 1.316877168e-14 
d 2.94000000000000e+01 -7.000000000e+00 -7.000000000e+00 -1.059490104e-13 0.000000000e+00 0.000000000e+00 1.318336034e-14 1.000000000e-01 1.000000000e-01 1.317837119e-14 
d 2.94050000000000e+01 -7.006250000e+00 -7.006250000e+00 -1.059502279e-13 0.000000000e+00 0.000000000e+00 1.312948760e-14 1.000000000e-01 1.000000000e-01 1.316778215e-14 
d 2.94150000000000e+01 -7.018750000e+00 -7.018750000e+00 -1.059527611e-13 0.000000000e+00 0.000000000e+00 1.319867445e-14 1.000000000e-01 1.000000000e-01 1.326215860e-14 
d 2.94350000000000e+01 -7.043750000e+00 -7.043750000e+00 -1.059577010e-13 0.000000000e+00 0.000000000e+00 1.323592763e-14 1.000000000e-01 1.000000000e-01 1.317287866e-14 
d 2.94750000000000e+01 -7.093750000e+00 -7.093750000e+00 -1.059670979e-13 0.000000000e+00 0.000000000e+00 1.315507342e-14 1.000000000e-01 1.000000000e-01 1.316389952e-14 
d 2.95550000000000e+01 -7.193750000e+00 -7.193750000e+00 -1.059841477e-13 0.000000000e+00 0.000000000e+00 1.322759915e-14 1.000000000e-01 1.000000000e-01 1.314549647e-14 
d 2.96000000000000e+01 -7.250000000e+00 -7.250000000e+00 -1.059926584e-13 0.000000000e+00 0.000000000e+00 1.311395400e-14 1.000000000e-01 1.000000000e-01 1.312895881e-14 
d 2.96050000000000e+01 -7.256250000e+00 -7.256250000e+00 -1.059935400e-13 0.000000000e+00 0.000000000e+00 1.321884480e-14 1.000000000e-01 1.000000000e-01 1.314715703e-14 
d 2.96150000000000e+01 -7.268750000e+00 -7.268750000e+00 -1.059953643e-13 0.000000000e+00 0.000000000e+00 1.323007156e-14 1.000000000e-01 1.000000000e-01 1.327744560e-14 
d 2.96350000000000e+01 -7.293750000e+00 -7.293750000e+00 -1.059989364e-13 0.000000000e+00 0.000000000e+00 1.321278186e-14 1.000000000e-01 1.000000000e-01 1.315167572e-14 
d 2.96750000000000e+01 -7.343750000e+00 -7.343750000e+00 -1.060057946e-13 0.000000000e+00 0.000000000e+00 1.317086874e-14 1.000000000e-01 1.000000000e-01 1.317802851e-14 
d 2.97550000000000e+01 -7.443750000e+00 -7.443750000e+00 -1.060185185e-13 0.000000000e+00 0.000000000e+00 1.320573497e-14 1.000000000e-01 1.000000000e-01 1.314002086e-14 
d 2.98000000000000e+01 -7.500000000e+00 -7.500000000e+00 -1.060251010e-13 0.000000000e+00 0.000000000e+00 1.319230347e-14 1.000000000e-01 1.000000000e-01 1.312982654e-14 
d 2.98050000000000e+01 -7.506250000e+00 -7.506250000e+00 -1.060258015e-13 0.000000000e+00 0.000000000e+00 1.316350942e-14 1.000000000e-01 1.000000000e-01 1.315514791e-14 
d 2.98150000000000e+01 -7.518750000e+00 -7.518750000e+00 -1.060272332e-13 0.000000000e+00 0.000000000e+00 1.319620324e-14 1.000000000e-01 1.000000000e-01 1.322747387e-14 
d 2.98350000000000e+01 -7.543750000e+00 -7.543750000e+00 -1.060300612e-13 0.000000000e+00 0.000000000e+00 1.317130097e-14 1.000000000e-01 1.000000000e-01 1.316630130e-14 
d 2.98750000000000e+01 -7.593750000e+00 -7.593750000e+00 -1.060355917e-13 0.000000000e+00 0.000000000e+00 1.313221370e-14 1.000000000e-01 1.000000000e-01 1.309799922e-14 
d 2.99550000000000e+01 -7.693750000e+00 -7.693750000e+00 -1.060462770e-13 0.000000000e+00 0.000000000e+00 1.313662260e-14 1.000000000e-01 1.000000000e-01 1.315590388e-14 
d 3.00000000000000e+01 -7.750000000e+00 -7.750000000e+00 -1.060521287e-13 0.000000000e+00 0.000000000e+00 1.316562879e-14 1.000000000e-01 1.000000000e-01 1.313038238e-14 
d 3.00050000000000e+01 -7.756250000e+00 -7.756250000e+00 -1.060527752e-13 0.000000000e+00 0.000000000e+00 1.312951505e-14 1.000000000e-01 1.000000000e-01 1.313033208e-14 
d 3.00150000000000e+01 -7.768750000e+00 -7.768750000e+00 -1.060540742e-13 0.000000000e+00 0.000000000e+00 1.320172647e-14 1.000000000e-01 1.000000000e-01 1.313025204e-14 
d 3.00350000000000e+01 -7.793750000e+00 -7.793750000e+00 -1.060566703e-13 0.000000000e+00 0.000000000e+00 1.314754551e-14 1.000000000e-01 1.000000000e-01 1.315533660e-14 
d 3.00750000000000e+01 -7.843750000e+00 -7.843750000e+00 -1.060618693e-13 0.000000000e+00 0.000000000e+00 1.316543494e-14 1.000000000e-01 1.000000000e-01 1.314762420e-14 
d 3.01550000000000e+01 -7.943750000e+00 -7.943750000e+00 -1.060723961e-13 0.000000000e+00 0.000000000e+00 1.313937736e-14 1.000000000e-01 1.000000000e-01 1.316423674e-14 
d 3.02000000000000e+01 -8.000000000e+00 -8.000000000e+00 -1.060784959e-13 0.000000000e+00 0.000000000e+00 1.318193451e-14 1.000000000e-01 1.000000000e-01 1.321364769e-14 
d 3.02050000000000e+01 -8.006250000e+00 -8.006250000e+00 -1.060791918e-13 0.000000000e+00 0.000000000e+00 1.314572179e-14 1.000000000e-01 1.000000000e-01 1.315212110e-14 
d 3.02150000000000e+01 -8.018750000e+00 -8.018750000e+00 -1.060805694e-13 0.000000000e+00 0.000000000e+00 1.320329342e-14 1.000000000e-01 1.000000000e-01 1.322044265e-14 
d 3.02350000000000e+01 -8.043750000e+00 -8.043750000e+00 -1.060833496e-13 0.000000000e+00 0.000000000e+00 1.320287342e-14 1.000000000e-01 1.000000000e-01 1.316931350e-14 
d 3.02750000000000e+01 -8.093750000e+00 -8.093750000e+00 -1.060890209e-13 0.000000000e+00 0.000000000e+00 1.315859347e-14 1.000000000e-01 1.000000000e-01 1.317525506e-14 
d 3.03550000000000e+01 -8.193750000e+00 -8.193750000e+00 -1.061008818e-13 0.000000000e+00 0.000000000e+00 1.315622713e-14 1.000000000e-01 1.000000000e-01 1.321917757e-14 
d 3.04000000000000e+01 -8.250000000e+00 -8.250000000e+00 -1.061079844e-13 0.000000000e+00 0.000000000e+00 1.317984368e-14 1.000000000e-01 1.000000000e-01 1.321715898e-14 
d 3.04050000000000e+01 -8.256250000e+00 -8.256250000e+00 -1.061088074e-13 0.000000000e+00 0.000000000e+00 1.320491018e-14 1.000000000e-01 1.000000000e-01 1.316636582e-14 
d 3.04150000000000e+01 -8.268750000e+00 -8.268750000e+00 -1.061104245e-13 0.000000000e+00 0.000000000e+00 1.312508721e-14 1.000000000e-01 1.000000000e-01 1.323449132e-14 
d 3.04350000000000e+01 -8.293750000e+00 -8.293750000e+00 -1.061137026e-13 0.000000000e+00 0.000000000e+00 1.315676706e-14 1.000000000e-01 1.000000000e-01 1.311437165e-14 
d 3.04750000000000e+01 -8.343750000e+00 -8.343750000e+00 -1.061204417e-13 0.000000000e+00 0.000000000e+00 1.313336217e-14 1.000000000e-01 1.000000000e-01 1.315563512e-14 
d 3.05550000000000e+01 -8.443750000e+00 -8.443750000e+00 -1.061346949e-13 0.000000000e+00 0.000000000e+00 1.312581410e-14 1.000000000e-01 1.000000000e-01 1.316911343e-14 
d 3.06000000000000e+01 -8.500000000e+00 -8.500000000e+00 -1.061432969e-13 0.000000000e+00 0.000000000e+00 1.306912020e-14 1.000000000e-01 1.000000000e-01 1.315538957e-14 
d 3.06050000000000e+01 -8.506250000e+00 -8.506250000e+00 -1.061442951e-13 0.000000000e+00 0.000000000e+00 1.314463555e-14 1.000000000e-01 1.000000000e-01 1.314060419e-14 
d 3.06150000000000e+01 -8.518750000e+00 -8.518750000e+00 -1.061462541e-13 0.000000000e+00 0.000000000e+00 1.321264598e-14 1.000000000e-01 1.000000000e-01 1.322658812e-14 
d 3.06350000000000e+01 -8.543750000e+00 -8.543750000e+00 -1.061502259e-13 0.000000000e+00 0.000000000e+00 1.317533684e-14 1.000000000e-01 1.000000000e-01 1.316023798e-14 
d 3.06750000000000e+01 -8.593750000e+00 -8.593750000e+00 -1.061583875e-13 0.000000000e+00 0.000000000e+00 1.314032147e-14 1.000000000e-01 1.000000000e-01 1.313935071e-14 
d 3.07550000000000e+01 -8.693750000e+00 -8.693750000e+00 -1.061755926e-13 0.000000000e+00 0.000000000e+00 1.314566356e-14 1.000000000e-01 1.000000000e-01 1.316573198e-14 
d 3.08000000000000e+01 -8.750000000e+00 -8.750000000e+00 -1.061859001e-13 0.000000000e+00 0.000000000e+00 1.314225883e-14 1.000000000e-01 1.000000000e-01 1.312587480e-14 
d 3.08050000000000e+01 -8.756250000e+00 -8.756250000e+00 -1.061870887e-13 0.000000000e+00 0.000000000e+00 1.316713177e-14 1.000000000e-01 1.000000000e-01 1.318320340e-14 
d 3.08150000000000e+01 -8.768750000e+00 -8.768750000e+00 -1.061894270e-13 0.000000000e+00 0.000000000e+00 1.317357204e-14 1.000000000e-01 1.000000000e-01 1.321845025e-14 
d 3.08350000000000e+01 -8.793750000e+00 -8.793750000e+00 -1.061941577e-13 0.000000000e+00 0.000000000e+00 1.313587862e-14 1.000000000e-01 1.000000000e-01 1.316616110e-14 
d 3.08750000000000e+01 -8.843750000e+00 -8.843750000e+00 -1.062038340e-13 0.000000000e+00 0.000000000e+00 1.315786406e-14 1.000000000e-01 1.000000000e-01 1.317339796e-14 
d 3.09550000000000e+01 -8.943750000e+00 -8.943750000e+00 -1.062240241e-13 0.000000000e+00 0.000000000e+00 1.314001903e-14 1.000000000e-01 1.000000000e-01 1.315494371e-14 
d 3.10000000000000e+01 -9.000000000e+00 -9.000000000e+00 -1.062359511e-13 0.000000000e+00 0.000000000e+00 1.317908884e-14 1.000000000e-01 1.000000000e-01 1.315034848e-14 
d 3.10050000000000e+01 -9.006250000e+00 -9.006250000e+00 -1.062373136e-13 0.000000000e+00 0.000000000e+00 1.318220497e-14 1.000000000e-01 1.000000000e-01 1.317147938e-14 
d 3.10150000000000e+01 -9.018750000e+00 -9.018750000e+00 -1.062400045e-13 0.000000000e+00 0.000000000e+00 1.321734033e-14 1.000000000e-01 1.000000000e-01 1.317404541e-14 
d 3.10350000000000e+01 -9.043750000e+00 -9.043750000e+00 -1.062454319e-13 0.000000000e+00 0.000000000e+00 1.320454359e-14 1.000000000e-01 1.000000000e-01 1.320081354e-14 
d 3.10750000000000e+01 -9.093750000e+00 -9.093750000e+00 -1.062564651e-13 0.000000000e+00 0.000000000e+00 1.312468568e-14 1.000000000e-01 1.000000000e-01 1.316398192e-14 
d 3.11550000000000e+01 -9.193750000e+00 -9.193750000e+00 -1.062791969e-13 0.000000000e+00 0.000000000e+00 1.314506482e-14 1.000000000e-01 1.000000000e-01 1.316210448e-14 
d 3.12000000000000e+01 -9.250000000e+00 -9.250000000e+00 -1.062924110e-13 0.000000000e+00 0.000000000e+00 1.315080955e-14 1.000000000e-01 1.000000000e-01 1.311697204e-14 
d 3.12050000000000e+01 -9.256250000e+00 -9.256250000e+00 -1.062939053e-13 0.000000000e+00 0.000000000e+00 1.314300252e-14 1.000000000e-01 1.000000000e-01 1.311995987e-14 
d 3.12150000000000e+01 -9.268750000e+00 -9.268750000e+00 -1.062968694e-13 0.000000000e+00 0.000000000e+00 1.339458124e-14 1.000000000e-01 1.000000000e-01 1.340395945e-14 
d 3.12350000000000e+01 -9.293750000e+00 -9.293750000e+00 -1.063028289e-13 0.000000000e+00 0.000000000e+00 1.313590601e-14 1.000000000e-01 1.000000000e-01 1.315957983e-14 
d 3.12750000000000e+01 -9.343750000e+00 -9.343750000e+00 -1.063148660e-13 0.000000000e+00 0.000000000e+00 1.311308339e-14 1.000000000e-01 1.000000000e-01 1.317257051e-14 
d 3.13550000000000e+01 -9.443750000e+00 -9.443750000e+00 -1.063393518e-13 0.000000000e+00 0.000000000e+00 1.312839952e-14 1.000000000e-01 1.000000000e-01 1.316564605e-14 
d 3.14000000000000e+01 -9.500000000e+00 -9.500000000e+00 -1.063533623e-13 0.000000000e+00 0.000000000e+00 1.316221922e-14 1.000000000e-01 1.000000000e-01 1.313415586e-14 
d 3.14050000000000e+01 -9.506250000e+00 -9.506250000e+00 -1.063549314e-13 0.000000000e+00 0.000000000e+00 1.315432294e-14 1.000000000e-01 1.000000000e-01 1.315510773e-14 
d 3.14150000000000e+01 -9.518750000e+00 -9.518750000e+00 -1.063580573e-13 0.000000000e+00 0.000000000e+00 1.342377490e-14 1.000000000e-01 1.000000000e-01 1.344254074e-14 
d 3.14350000000000e+01 -9.543750000e+00 -9.543750000e+00 -1.063643228e-13 0.000000000e+00 0.000000000e+00 1.317557369e-14 1.000000000e-01 1.000000000e-01 1.317253463e-14 
d 3.14750000000000e+01 -9.593750000e+00 -9.593750000e+00 -1.063769020e-13 0.000000000e+00 0.000000000e+00 1.313759759e-14 1.000000000e-01 1.000000000e-01 1.317399042e-14 
d 3.15550000000000e+01 -9.693750000e+00 -9.693750000e+00 -1.064021907e-13 0.000000000e+00 0.000000000e+00 1.315872358e-14 1.000000000e-01 1.000000000e-01 1.308985164e-14 
d 3.16000000000000e+01 -9.750000000e+00 -9.750000000e+00 -1.064164533e-13 0.000000000e+00 0.000000000e+00 1.312677020e-14 1.000000000e-01 1.000000000e-01 1.314062631e-14 
d 3.16050000000000e+01 -9.756250000e+00 -9.756250000e+00 -1.064180369e-13 0.000000000e+00 0.000000000e+00 1.316572328e-14 1.000000000e-01 1.000000000e-01 1.314705079e-14 
d 3.16150000000000e+01 -9.768750000e+00 -9.768750000e+00 -1.064212038e-13 0.000000000e+00 0.000000000e+00 1.347110606e-14 1.000000000e-01 1.000000000e-01 1.344153303e-14 
d 3.16350000000000e+01 -9.793750000e+00 -9.793750000e+00 -1.064275345e-13 0.000000000e+00 0.000000000e+00 1.314312813e-14 1.000000000e-01 1.000000000e-01 1.317479481e-14 
d 3.16750000000000e+01 -9.843750000e+00 -9.843750000e+00 -1.064401766e-13 0.000000000e+00 0.000000000e+00 1.314778728e-14 1.000000000e-01 1.000000000e-01 1.318278948e-14 
d 3.17550000000000e+01 -9.943750000e+00 -9.943750000e+00 -1.064653297e-13 0.000000000e+00 0.000000000e+00 1.311699901e-14 1.000000000e-01 1.000000000e-01 1.314423514e-14 
d 3.18000000000000e+01 -1.000000000e+01 -1.000000000e+01 -1.064793384e-13 0.000000000e+00 0.000000000e+00 1.314566297e-14 1.000000000e-01 1.000000000e-01 1.320508990e-14 
d 3.18050000000000e+01 -1.000625000e+01 -1.000625000e+01 -1.064808821e-13 0.000000000e+00 0.000000000e+00 1.319536355e-14 1.000000000e-01 1.000000000e-01 1.311033874e-14 
d 3.18150000000000e+01 -1.001875000e+01 -1.001875000e+01 -1.064839800e-13 0.000000000e+00 0.000000000e+00 1.351501986e-14 1.000000000e-01 1.000000000e-01 1.347686384e-14 
d 3.18350000000000e+01 -1.004375000e+01 -1.004375000e+01 -1.064901582e-13 0.000000000e+00 0.000000000e+00 1.320475839e-14 1.000000000e-01 1.000000000e-01 1.313758471e-14 
d 3.18750000000000e+01 -1.009375000e+01 -1.009375000e+01 -1.065024395e-13 0.000000000e+00 0.000000000e+00 1.312570850e-14 1.000000000e-01 1.000000000e-01 1.312686664e-14 
d 3.19550000000000e+01 -1.019375000e+01 -1.019375000e+01 -1.065266602e-13 0.000000000e+00 0.000000000e+00 1.314053154e-14 1.000000000e-01 1.000000000e-01 1.314477098e-14 
d 3.20000000000000e+01 -1.025000000e+01 -1.025000000e+01 -1.065400066e-13 0.000000000e+00 0.000000000e+00 1.315401733e-14 1.000000000e-01 1.000000000e-01 1.313629958e-14 
