v ATLAS
# This file was created by ATLAS version 5.26.1.R on Wed Apr 18 11:24:34 2018.
#SSF 2.0 generic
##############################################################################
#                    Copyright (c) 1984 - 2018                               #
#                    Silvaco Inc. All rights reserved                        #
#                                                                            #
# This file format and the following Key are copyright Silvaco Inc.          #
# You may not use, this format or key without reproducing this message in    #
# full and obtaining express written permission from Silvaco Inc.            #
#                                                                            #
# To obtain such permission please contact: Silvaco Inc.                     #
#                                           support@silvaco.com              #
#                                                                            #
# KEY=SVC86hn7562asdx                       PROD=345                         #
##############################################################################
y 1 15
z 300
f 2 "anode" "cathode" 
p 6 2 601 20 3 602 21 
d -5.000000000e-02 -5.000000000e-02 -4.888420233e-35 0.000000000e+00 0.000000000e+00 4.888350432e-35 
d -1.000000000e-01 -1.000000000e-01 -8.006750108e-35 0.000000000e+00 0.000000000e+00 8.006493905e-35 
d -1.500000000e-01 -1.500000000e-01 -1.153078426e-34 0.000000000e+00 0.000000000e+00 1.153072431e-34 
d -2.000000000e-01 -2.000000000e-01 -1.667551351e-34 0.000000000e+00 0.000000000e+00 1.667555036e-34 
d -2.500000000e-01 -2.500000000e-01 -2.253962521e-34 0.000000000e+00 0.000000000e+00 2.253946692e-34 
d -3.000000000e-01 -3.000000000e-01 -2.638497725e-34 0.000000000e+00 0.000000000e+00 2.638499865e-34 
d -3.500000000e-01 -3.500000000e-01 -2.810368783e-34 0.000000000e+00 0.000000000e+00 2.810372232e-34 
d -4.000000000e-01 -4.000000000e-01 -2.891548352e-34 0.000000000e+00 0.000000000e+00 2.891532576e-34 
d -4.500000000e-01 -4.500000000e-01 -2.965826170e-34 0.000000000e+00 0.000000000e+00 2.965826712e-34 
d -5.000000000e-01 -5.000000000e-01 -3.111500954e-34 0.000000000e+00 0.000000000e+00 3.111501877e-34 
d -1.000000000e+00 -1.000000000e+00 -6.019835280e-34 0.000000000e+00 0.000000000e+00 6.019847606e-34 
d -1.500000000e+00 -1.500000000e+00 -8.170989058e-34 0.000000000e+00 0.000000000e+00 8.171031111e-34 
d -2.000000000e+00 -2.000000000e+00 -1.076827331e-33 0.000000000e+00 0.000000000e+00 1.076826965e-33 
d -2.500000000e+00 -2.500000000e+00 -1.405273284e-33 0.000000000e+00 0.000000000e+00 1.405273299e-33 
d -3.000000000e+00 -3.000000000e+00 -1.431125495e-33 0.000000000e+00 0.000000000e+00 1.431126204e-33 
d -3.500000000e+00 -3.500000000e+00 -1.762769128e-33 0.000000000e+00 0.000000000e+00 1.762765361e-33 
d -4.000000000e+00 -4.000000000e+00 -1.809462399e-33 0.000000000e+00 0.000000000e+00 1.809462236e-33 
d -4.500000000e+00 -4.500000000e+00 -2.180560999e-33 0.000000000e+00 0.000000000e+00 2.180561352e-33 
d -5.000000000e+00 -5.000000000e+00 -2.215074437e-33 0.000000000e+00 0.000000000e+00 2.215071688e-33 
d -1.000000000e+01 -1.000000000e+01 -3.681094689e-33 0.000000000e+00 0.000000000e+00 3.681088789e-33 
d -1.500000000e+01 -1.500000000e+01 -4.577376612e-33 0.000000000e+00 0.000000000e+00 4.577375493e-33 
d -2.000000000e+01 -2.000000000e+01 -5.414004352e-33 0.000000000e+00 0.000000000e+00 5.414006004e-33 
d -2.500000000e+01 -2.500000000e+01 -6.349223098e-33 0.000000000e+00 0.000000000e+00 6.349225006e-33 
d -3.000000000e+01 -3.000000000e+01 -7.435355931e-33 0.000000000e+00 0.000000000e+00 7.435358775e-33 
d -3.500000000e+01 -3.500000000e+01 -7.437072707e-33 0.000000000e+00 0.000000000e+00 7.437075675e-33 
d -4.000000000e+01 -4.000000000e+01 -8.685564808e-33 0.000000000e+00 0.000000000e+00 8.685569808e-33 
d -4.500000000e+01 -4.500000000e+01 -8.703281644e-33 0.000000000e+00 0.000000000e+00 8.703279569e-33 
d -5.000000000e+01 -5.000000000e+01 -1.012635925e-32 0.000000000e+00 0.000000000e+00 1.012634791e-32 
d -1.000000000e+02 -1.000000000e+02 -1.372372090e-32 0.000000000e+00 0.000000000e+00 1.372372182e-32 
d -3.000000000e+02 -3.000000000e+02 -2.495613618e-32 0.000000000e+00 0.000000000e+00 2.495616033e-32 
d -5.000000000e+02 -5.000000000e+02 -3.357788875e-32 0.000000000e+00 0.000000000e+00 3.357790792e-32 
d -7.000000000e+02 -7.000000000e+02 -3.358753982e-32 0.000000000e+00 0.000000000e+00 3.358766057e-32 
d -9.000000000e+02 -9.000000000e+02 -3.894561983e-32 0.000000000e+00 0.000000000e+00 3.894572737e-32 
d -1.100000000e+03 -1.100000000e+03 -4.514111637e-32 0.000000000e+00 0.000000000e+00 4.514124853e-32 
d -1.300000000e+03 -1.300000000e+03 -5.231904305e-32 0.000000000e+00 0.000000000e+00 5.231907776e-32 
d -1.500000000e+03 -1.500000000e+03 -6.063431205e-32 0.000000000e+00 0.000000000e+00 6.063434812e-32 
d -1.700000000e+03 -1.700000000e+03 -6.063678665e-32 0.000000000e+00 0.000000000e+00 6.063655430e-32 
d -1.900000000e+03 -1.900000000e+03 -6.064821642e-32 0.000000000e+00 0.000000000e+00 6.064822104e-32 
d -2.100000000e+03 -2.100000000e+03 -6.065262437e-32 0.000000000e+00 0.000000000e+00 6.065249705e-32 
d -2.300000000e+03 -2.300000000e+03 -7.028736881e-32 0.000000000e+00 0.000000000e+00 7.028734609e-32 
d -2.500000000e+03 -2.500000000e+03 -7.028786372e-32 0.000000000e+00 0.000000000e+00 7.028757529e-32 
d -2.700000000e+03 -2.700000000e+03 -8.144846821e-32 0.000000000e+00 0.000000000e+00 8.144878161e-32 
d -2.900000000e+03 -2.900000000e+03 -8.144995302e-32 0.000000000e+00 0.000000000e+00 8.144979868e-32 
d -3.100000000e+03 -3.100000000e+03 -8.145044793e-32 0.000000000e+00 0.000000000e+00 8.145015730e-32 
d -3.300000000e+03 -3.300000000e+03 -8.145040153e-32 0.000000000e+00 0.000000000e+00 8.145039746e-32 
d -3.500000000e+03 -3.500000000e+03 -9.437794188e-32 0.000000000e+00 0.000000000e+00 9.437839699e-32 
d -3.700000000e+03 -3.700000000e+03 -9.438190131e-32 0.000000000e+00 0.000000000e+00 9.438234255e-32 
d -3.900000000e+03 -3.900000000e+03 -9.438388101e-32 0.000000000e+00 0.000000000e+00 9.438336846e-32 
d -4.100000000e+03 -4.100000000e+03 -9.438388104e-32 0.000000000e+00 0.000000000e+00 9.438434620e-32 
d -4.300000000e+03 -4.300000000e+03 -9.438586069e-32 0.000000000e+00 0.000000000e+00 9.438570522e-32 
d -4.500000000e+03 -4.500000000e+03 -9.438784043e-32 0.000000000e+00 0.000000000e+00 9.438781985e-32 
d -4.700000000e+03 -4.700000000e+03 -1.082655943e-31 0.000000000e+00 0.000000000e+00 1.082663404e-31 
d -4.900000000e+03 -4.900000000e+03 -1.082735132e-31 0.000000000e+00 0.000000000e+00 1.082728088e-31 
d -5.100000000e+03 -5.100000000e+03 -1.082806896e-31 0.000000000e+00 0.000000000e+00 1.082807989e-31 
d -5.300000000e+03 -5.300000000e+03 -1.082923204e-31 0.000000000e+00 0.000000000e+00 1.082921423e-31 
d -5.500000000e+03 -5.500000000e+03 -1.083091478e-31 0.000000000e+00 0.000000000e+00 1.083084657e-31 
d -5.700000000e+03 -5.700000000e+03 -1.213039519e-31 0.000000000e+00 0.000000000e+00 1.213029916e-31 
d -5.900000000e+03 -5.900000000e+03 -1.213574040e-31 0.000000000e+00 0.000000000e+00 1.213574715e-31 
d -6.100000000e+03 -6.100000000e+03 -1.214035560e-31 0.000000000e+00 0.000000000e+00 1.214035615e-31 
d -6.300000000e+03 -6.300000000e+03 -1.214643083e-31 0.000000000e+00 0.000000000e+00 1.214643978e-31 
d -6.500000000e+03 -6.500000000e+03 -1.215454762e-31 0.000000000e+00 0.000000000e+00 1.215451817e-31 
d -6.700000000e+03 -6.700000000e+03 -1.216523805e-31 0.000000000e+00 0.000000000e+00 1.216518356e-31 
d -6.900000000e+03 -6.900000000e+03 -1.217850209e-31 0.000000000e+00 0.000000000e+00 1.217852308e-31 
d -7.100000000e+03 -7.100000000e+03 -1.333465164e-31 0.000000000e+00 0.000000000e+00 1.333464950e-31 
d -7.300000000e+03 -7.300000000e+03 -1.335761624e-31 0.000000000e+00 0.000000000e+00 1.335764955e-31 
d -7.500000000e+03 -7.500000000e+03 -1.338651999e-31 0.000000000e+00 0.000000000e+00 1.338657561e-31 
d -7.700000000e+03 -7.700000000e+03 -1.342294661e-31 0.000000000e+00 0.000000000e+00 1.342281066e-31 
d -7.900000000e+03 -7.900000000e+03 -1.447090509e-31 0.000000000e+00 0.000000000e+00 1.447089355e-31 
d -8.100000000e+03 -8.100000000e+03 -1.452801968e-31 0.000000000e+00 0.000000000e+00 1.452797133e-31 
d -8.300000000e+03 -8.300000000e+03 -1.459651757e-31 0.000000000e+00 0.000000000e+00 1.459656671e-31 
d -8.500000000e+03 -8.500000000e+03 -1.467986328e-31 0.000000000e+00 0.000000000e+00 1.467979574e-31 
d -8.700000000e+03 -8.700000000e+03 -1.478063042e-31 0.000000000e+00 0.000000000e+00 1.478044753e-31 
d -8.900000000e+03 -8.900000000e+03 -1.489943766e-31 0.000000000e+00 0.000000000e+00 1.489944277e-31 
d -9.100000000e+03 -9.100000000e+03 -1.594945008e-31 0.000000000e+00 0.000000000e+00 1.594937356e-31 
d -9.300000000e+03 -9.300000000e+03 -1.612326847e-31 0.000000000e+00 0.000000000e+00 1.612319549e-31 
d -9.500000000e+03 -9.500000000e+03 -1.632955404e-31 0.000000000e+00 0.000000000e+00 1.632950570e-31 
d -9.700000000e+03 -9.700000000e+03 -1.657424595e-31 0.000000000e+00 0.000000000e+00 1.657411821e-31 
d -9.900000000e+03 -9.900000000e+03 -1.685288987e-31 0.000000000e+00 0.000000000e+00 1.685289605e-31 
d -1.010000000e+04 -1.010000000e+04 -1.804002182e-31 0.000000000e+00 0.000000000e+00 1.803991943e-31 
d -1.030000000e+04 -1.030000000e+04 -1.844309040e-31 0.000000000e+00 0.000000000e+00 1.844303873e-31 
d -1.050000000e+04 -1.050000000e+04 -1.891723048e-31 0.000000000e+00 0.000000000e+00 1.891723580e-31 
d -1.070000000e+04 -1.070000000e+04 -2.027471633e-31 0.000000000e+00 0.000000000e+00 2.027478246e-31 
d -1.090000000e+04 -1.090000000e+04 -2.093336519e-31 0.000000000e+00 0.000000000e+00 2.093338478e-31 
d -1.110000000e+04 -1.110000000e+04 -2.170683714e-31 0.000000000e+00 0.000000000e+00 2.170675683e-31 
d -1.130000000e+04 -1.130000000e+04 -2.261710690e-31 0.000000000e+00 0.000000000e+00 2.261712901e-31 
d -1.150000000e+04 -1.150000000e+04 -2.449535497e-31 0.000000000e+00 0.000000000e+00 2.449536046e-31 
d -1.170000000e+04 -1.170000000e+04 -2.576840624e-31 0.000000000e+00 0.000000000e+00 2.576843268e-31 
d -1.190000000e+04 -1.190000000e+04 -2.727595393e-31 0.000000000e+00 0.000000000e+00 2.727596863e-31 
d -1.210000000e+04 -1.210000000e+04 -2.903927992e-31 0.000000000e+00 0.000000000e+00 2.903915835e-31 
d -1.230000000e+04 -1.230000000e+04 -3.206031445e-31 0.000000000e+00 0.000000000e+00 3.206028744e-31 
d -1.250000000e+04 -1.250000000e+04 -3.463383597e-31 0.000000000e+00 0.000000000e+00 3.463383236e-31 
d -1.270000000e+04 -1.270000000e+04 -3.769495957e-31 0.000000000e+00 0.000000000e+00 3.769477813e-31 
d -1.290000000e+04 -1.290000000e+04 -4.244526909e-31 0.000000000e+00 0.000000000e+00 4.244531544e-31 
d -1.310000000e+04 -1.310000000e+04 -4.706016659e-31 0.000000000e+00 0.000000000e+00 4.706019956e-31 
d -1.330000000e+04 -1.330000000e+04 -5.264492304e-31 0.000000000e+00 0.000000000e+00 5.264485150e-31 
d -1.350000000e+04 -1.350000000e+04 -6.090211218e-31 0.000000000e+00 0.000000000e+00 6.090210730e-31 
d -1.370000000e+04 -1.370000000e+04 -7.105383244e-31 0.000000000e+00 0.000000000e+00 7.105349330e-31 
d -1.390000000e+04 -1.390000000e+04 -8.237736663e-31 0.000000000e+00 0.000000000e+00 8.237730644e-31 
d -1.410000000e+04 -1.410000000e+04 -9.687140327e-31 0.000000000e+00 0.000000000e+00 9.687142937e-31 
d -1.430000000e+04 -1.430000000e+04 -1.174890729e-30 0.000000000e+00 0.000000000e+00 1.174893978e-30 
d -1.450000000e+04 -1.450000000e+04 -1.442365125e-30 0.000000000e+00 0.000000000e+00 1.442364024e-30 
d -1.470000000e+04 -1.470000000e+04 -1.788101340e-30 0.000000000e+00 0.000000000e+00 1.788105231e-30 
d -1.490000000e+04 -1.490000000e+04 -2.284992225e-30 0.000000000e+00 0.000000000e+00 2.284992686e-30 
d -1.510000000e+04 -1.510000000e+04 -2.956451785e-30 0.000000000e+00 0.000000000e+00 2.956452182e-30 
d -1.530000000e+04 -1.530000000e+04 -3.982979902e-30 0.000000000e+00 0.000000000e+00 3.982981572e-30 
d -1.550000000e+04 -1.550000000e+04 -5.561804989e-30 0.000000000e+00 0.000000000e+00 5.561808355e-30 
d -1.570000000e+04 -1.570000000e+04 -8.163196794e-30 0.000000000e+00 0.000000000e+00 8.163197179e-30 
d -1.590000000e+04 -1.590000000e+04 -1.293793584e-29 0.000000000e+00 0.000000000e+00 1.293793457e-29 
d -1.610000000e+04 -1.610000000e+04 -2.365403707e-29 0.000000000e+00 0.000000000e+00 2.365403690e-29 
d -1.630000000e+04 -1.630000000e+04 -6.350689326e-29 0.000000000e+00 0.000000000e+00 6.350689249e-29 
d -1.635000000e+04 -1.635000000e+04 -9.747538899e-29 0.000000000e+00 0.000000000e+00 9.747538710e-29 
d -1.640000000e+04 -1.640000000e+04 -1.936079208e-28 0.000000000e+00 0.000000000e+00 1.936079229e-28 
d -1.641000000e+04 -1.641000000e+04 -2.379721159e-28 0.000000000e+00 0.000000000e+00 2.379721157e-28 
d -1.642000000e+04 -1.642000000e+04 -3.074033840e-28 0.000000000e+00 0.000000000e+00 3.074033852e-28 
d -1.643000000e+04 -1.643000000e+04 -4.317729984e-28 0.000000000e+00 0.000000000e+00 4.317729978e-28 
d -1.644000000e+04 -1.644000000e+04 -7.193483063e-28 0.000000000e+00 0.000000000e+00 7.193483053e-28 
d -1.645000000e+04 -1.645000000e+04 -2.129671800e-27 0.000000000e+00 0.000000000e+00 2.129671803e-27 
d -1.645100000e+04 -1.645100000e+04 -2.659667809e-27 0.000000000e+00 0.000000000e+00 2.659667808e-27 
d -1.645200000e+04 -1.645200000e+04 -3.555713095e-27 0.000000000e+00 0.000000000e+00 3.555713091e-27 
d -1.645300000e+04 -1.645300000e+04 -5.430397563e-27 0.000000000e+00 0.000000000e+00 5.430397562e-27 
d -1.645400000e+04 -1.645400000e+04 -1.244129019e-26 0.000000000e+00 0.000000000e+00 1.244129019e-26 
