v VICTORYDEVICE
# silvaco.file ASCII version=1.14.23 format=1 contents=SDB,Tables=1

Copyright "###################################################################"
Copyright "#                    Copyright Silvaco Inc. (c)                   #"
Copyright "#                            1992-2014                            #"
Copyright "#                                                                 #"
Copyright "# This file format and the following Key are copyright Silvaco    #"
Copyright "# International. You may not use, this format or key without      #"
Copyright "# reproducing this message in full and obtaining                  #"
Copyright "# express written permission from Silvaco Inc.                    #"
Copyright "#                                                                 #"
Copyright "# To obtain such permission please contact: Silvaco Inc.          #"
Copyright "#                                           support@silvaco.com   #"
Copyright "#                                                                 #"
Copyright "# KEY=SVC86hn7562asdx                       PROD=345              #"
Copyright "###################################################################"
#This file was created by VICTORYDEVICE version 1.12.1.R
#victoryd 1.12.1.R (Thu Apr 12 10:17:20 PDT 2018)
#libSDB 1.12.42 (Thu Oct 26 19:20:24 PDT 2017)
a VICTORYDEVICE
j 1 9
k 4
r 1 92
x 3 43 42 46
w substrate 1 1
r 2 92
x 3 43 42 46
w source 1 2
r 3 92
x 3 43 42 46
w gate 1 3
r 4 92
x 3 43 42 46
w drain 1 4
y 1 15
z 300
p 12 2 601 20 3 602 21 4 603 22 5 604 23
d 0 0 -1.7600095465589746e-14 0 0 -4.326892999552469e-07 2 2 5.4274708519793886e-18 0.01 0.01 4.3268931754117772e-07
d 0 0 -1.1488491208482379e-13 0 0 -4.2319676003913187e-06 2 2 -5.8325595831612958e-19 0.1 0.1 4.2319677152686333e-06
d 0 0 -3.4505298059899228e-13 0 0 -1.9210714754976076e-05 2 2 5.3765370143061862e-18 0.5 0.5 1.9210715099707115e-05
d 0 0 -5.3962307840000568e-13 0 0 -3.4166607585785921e-05 2 2 -7.1904213516943541e-18 1 1 3.4166608129032501e-05
d 0 0 -6.9170544334984106e-13 0 0 -4.5888830165719464e-05 2 2 2.2255205305505747e-18 1.5 1.5 4.588883085826029e-05
d 0 0 -8.1598359599868361e-13 0 0 -5.5229877612615625e-05 2 2 8.8413866985499491e-18 2 2 5.5229878420374128e-05
d 0 0 -9.1669510996189275e-13 0 0 -6.2835313883894317e-05 2 2 -1.6351079643885417e-18 2.5 2.5 6.2835314800457515e-05
d 0 0 -9.8432724033047284e-13 0 0 -6.9168602986126334e-05 2 2 1.5531559882476948e-19 3 3 6.9168603999732485e-05
d 0 0 -1.0956128074614868e-12 0 0 -7.4532324241488053e-05 2 2 -3.3478141603000863e-18 3.5 3.5 7.4532325386020154e-05
d 0 0 -1.1640395942815939e-12 0 0 -7.9128897509410791e-05 2 2 -2.2477534417174049e-18 4 4 7.9128898673155632e-05
d 0 0 -1.2334580599905529e-12 0 0 -8.3123489823612291e-05 2 2 -3.9170066696387082e-18 4.5 4.5 8.3123491057575526e-05
d 0 0 -1.3051595568664376e-12 0 0 -8.6642349731177532e-05 2 2 3.1067783777538713e-18 5 5 8.6642351050132704e-05
d 0 0 -1.3491081833813258e-12 0 0 -8.9751542653564379e-05 2 2 -3.1442148309205042e-18 5.5 5.5 8.9751544031856187e-05
d 0 0 1.9361286866230723e-13 0 0 -9.2495838639090682e-05 2 2 -1.3130068166471987e-17 6 6 9.249583751262471e-05
d 0 0 -1.472388121636428e-12 0 0 -9.4913828510728425e-05 2 2 -1.7203297804400513e-18 6.5 6.5 9.4913829987002592e-05
d 0 0 -1.5209802785447036e-12 0 0 -9.7029938340780953e-05 2 2 -3.9190310542272092e-18 7 7 9.7029939861666882e-05
d 0 0 -1.7734601980389241e-12 0 0 -9.8867829409934017e-05 2 2 -2.8156792618755071e-18 7.5 7.5 9.8867830645813119e-05
d 0 0 -1.5418418154377088e-12 0 0 -0.00010045575662659342 2 2 4.1585640399681911e-18 8 8 0.00010045575831920552
d 0 0 -1.6576634132355164e-12 0 0 -0.00010182334804069249 2 2 5.5595274554270008e-18 8.5 8.5 0.00010182334968447864
d 0 0 -1.9325296353149962e-12 0 0 -0.00010299600518356723 2 2 -1.7226244476599167e-18 9 9 0.00010299600684686651
d 0 0 -1.7456331393613346e-12 0 0 -0.00010399054994915812 2 2 -3.1640206371233531e-18 9.5 9.5 0.00010399055169492649
d 0 0 -1.7206809725571705e-12 0 0 -0.00010483161415641267 2 2 -1.0277661343833749e-17 10 10 0.00010483161644665127
d 0 0 -1.8232059995541605e-12 0 0 -0.00010554170913879228 2 2 3.9059134747217809e-18 10.5 10.5 0.00010554171096230551
d 0 0 -1.6908982213313449e-12 0 0 -0.00010614347524352513 2 2 9.860943234182683e-18 11 11 0.00010614347607399026
d 0 0 -1.8872052082357608e-12 0 0 -0.0001066560412020174 2 2 -2.0915681403817238e-18 11.5 11.5 0.00010665604308935479
d 0 0 -1.9048581398920017e-12 0 0 -0.0001070973009412257 2 2 -2.7314346875840536e-18 12 12 0.00010709730284618226
d 0 0 -1.8366161905447373e-12 0 0 -0.00010748187711881604 2 2 -3.4934093497314418e-18 12.5 12.5 0.00010748187881298822
d 0 0 -1.9573449914086544e-12 0 0 -0.00010782077987158931 2 2 -3.020391864587226e-18 13 13 0.00010782078182914192
d 0 0 -1.9825512358076036e-12 0 0 -0.00010812036220290915 2 2 3.0732314986545511e-18 13.5 13.5 0.00010812036418537499
d 0 0 -2.0179885640958478e-12 0 0 -0.0001083868414301676 2 2 -1.1254678060976002e-18 14 14 0.00010838684331573077
d 0 0 -2.0440265655161168e-12 0 0 -0.00010862597178726912 2 2 -5.106465851548733e-18 14.5 14.5 0.00010862597487779077
d 0 0 -1.865487531988812e-12 0 0 -0.00010884201681032718 2 2 2.1908037111944561e-18 15 15 0.00010884201914958917
d 0 0 -2.1133511413575357e-12 0 0 -0.00010903830532680954 2 2 3.7596902945985246e-18 15.5 15.5 0.00010903830744007432
d 0 0 -2.1397663075716448e-12 0 0 -0.00010921857730622191 2 2 9.8563487162796639e-18 16 16 0.00010921857944624848
d 0 0 -2.1692457575495965e-12 0 0 -0.00010938570819093397 2 2 -3.6161015052938526e-18 16.5 16.5 0.00010938571036011677
d 0 0 -2.1958554996123949e-12 0 0 -0.00010954161120007842 2 2 3.54672144583398e-18 17 17 0.00010954161339694215
d 0 0 -2.2286980781353955e-12 0 0 -0.00010968897008772723 2 2 -3.8050261775139435e-18 17.5 17.5 0.00010968897231454646
d 0 0 -2.2531641350519352e-12 0 0 -0.00010982887685959458 2 2 1.0443860214563934e-17 18 18 0.00010982887911017676
d 0 0 -2.2656331724900579e-12 0 0 -0.00010996095163832527 2 2 1.4407112984789229e-18 18.5 18.5 0.00010996095390375886
d 0 0 -2.2833847902765124e-12 0 0 -0.00011008651949387212 2 2 -9.5249272541394878e-18 19 19 0.000110086521777337
d 0 0 -2.2986432130861393e-12 0 0 -0.0001102063091418355 2 2 -6.5887120270342846e-18 19.5 19.5 0.00011020631144026832
d 0 0 -2.3110956319627242e-12 0 0 -0.00011032063395576981 2 2 -2.0184716553487049e-18 20 20 0.00011032063626714069
Q 2 13 "Voltage #01"
Q 3 13 "Voltage #02"
Q 4 13 "Voltage #03"
Q 5 13 "Voltage #04"
Q 20 13 "Current #01"
Q 21 13 "Current #02"
Q 22 13 "Current #03"
Q 23 13 "Current #04"
Q 92 21 Contact
Q 601 13 "Int. Voltage #01"
Q 602 13 "Int. Voltage #02"
Q 603 13 "Int. Voltage #03"
Q 604 13 "Int. Voltage #04"
EOF 962849343
