v ATLAS
# This file was created by ATLAS version 5.26.1.R on Thu Apr  5 12:17:09 2018.
#SSF 2.0 generic
##############################################################################
#                    Copyright (c) 1984 - 2018                               #
#                    Silvaco Inc. All rights reserved                        #
#                                                                            #
# This file format and the following Key are copyright Silvaco Inc.          #
# You may not use, this format or key without reproducing this message in    #
# full and obtaining express written permission from Silvaco Inc.            #
#                                                                            #
# To obtain such permission please contact: Silvaco Inc.                     #
#                                           support@silvaco.com              #
#                                                                            #
# KEY=SVC86hn7562asdx                       PROD=345                         #
##############################################################################
y 3 700 711 15
z 0.026 0.002 300
f 4 "gate" "drain" "source" "substrate" 
p 12 2 601 20 3 602 21 4 603 22 5 604 23 
d 0.000000000e+00 0.000000000e+00 0.000000000e+00 -1.000000000e-01 -1.000000000e-01 -1.180089970e-15 0.000000000e+00 0.000000000e+00 1.183222986e-15 0.000000000e+00 0.000000000e+00 0.000000000e+00 
d -2.000000000e-01 -2.000000000e-01 0.000000000e+00 -1.000000000e-01 -1.000000000e-01 -4.162363145e-13 0.000000000e+00 0.000000000e+00 4.162264978e-13 0.000000000e+00 0.000000000e+00 0.000000000e+00 
d -4.000000000e-01 -4.000000000e-01 0.000000000e+00 -1.000000000e-01 -1.000000000e-01 -1.581111720e-10 0.000000000e+00 0.000000000e+00 1.581111672e-10 0.000000000e+00 0.000000000e+00 0.000000000e+00 
d -6.000000000e-01 -6.000000000e-01 0.000000000e+00 -1.000000000e-01 -1.000000000e-01 -4.629356599e-08 0.000000000e+00 0.000000000e+00 4.629356598e-08 0.000000000e+00 0.000000000e+00 0.000000000e+00 
d -8.000000000e-01 -8.000000000e-01 0.000000000e+00 -1.000000000e-01 -1.000000000e-01 -6.077086690e-06 0.000000000e+00 0.000000000e+00 6.077086690e-06 0.000000000e+00 0.000000000e+00 0.000000000e+00 
d -1.000000000e+00 -1.000000000e+00 0.000000000e+00 -1.000000000e-01 -1.000000000e-01 -3.868460949e-05 0.000000000e+00 0.000000000e+00 3.868460949e-05 0.000000000e+00 0.000000000e+00 0.000000000e+00 
d -1.200000000e+00 -1.200000000e+00 0.000000000e+00 -1.000000000e-01 -1.000000000e-01 -7.153953121e-05 0.000000000e+00 0.000000000e+00 7.153953121e-05 0.000000000e+00 0.000000000e+00 0.000000000e+00 
d -1.400000000e+00 -1.400000000e+00 0.000000000e+00 -1.000000000e-01 -1.000000000e-01 -9.791896677e-05 0.000000000e+00 0.000000000e+00 9.791896677e-05 0.000000000e+00 0.000000000e+00 0.000000000e+00 
d -1.600000000e+00 -1.600000000e+00 0.000000000e+00 -1.000000000e-01 -1.000000000e-01 -1.190313112e-04 0.000000000e+00 0.000000000e+00 1.190313112e-04 0.000000000e+00 0.000000000e+00 0.000000000e+00 
d -1.800000000e+00 -1.800000000e+00 0.000000000e+00 -1.000000000e-01 -1.000000000e-01 -1.370516746e-04 0.000000000e+00 0.000000000e+00 1.370516746e-04 0.000000000e+00 0.000000000e+00 0.000000000e+00 
d -2.000000000e+00 -2.000000000e+00 0.000000000e+00 -1.000000000e-01 -1.000000000e-01 -1.525685841e-04 0.000000000e+00 0.000000000e+00 1.525685842e-04 0.000000000e+00 0.000000000e+00 0.000000000e+00 
d -2.200000000e+00 -2.200000000e+00 0.000000000e+00 -1.000000000e-01 -1.000000000e-01 -1.659958207e-04 0.000000000e+00 0.000000000e+00 1.659958207e-04 0.000000000e+00 0.000000000e+00 0.000000000e+00 
d -2.400000000e+00 -2.400000000e+00 0.000000000e+00 -1.000000000e-01 -1.000000000e-01 -1.777995342e-04 0.000000000e+00 0.000000000e+00 1.777995342e-04 0.000000000e+00 0.000000000e+00 0.000000000e+00 
d -2.600000000e+00 -2.600000000e+00 0.000000000e+00 -1.000000000e-01 -1.000000000e-01 -1.884909813e-04 0.000000000e+00 0.000000000e+00 1.884909813e-04 0.000000000e+00 0.000000000e+00 0.000000000e+00 
d -2.800000000e+00 -2.800000000e+00 0.000000000e+00 -1.000000000e-01 -1.000000000e-01 -1.982567047e-04 0.000000000e+00 0.000000000e+00 1.982567047e-04 0.000000000e+00 0.000000000e+00 0.000000000e+00 
d -3.000000000e+00 -3.000000000e+00 0.000000000e+00 -1.000000000e-01 -1.000000000e-01 -2.072636700e-04 0.000000000e+00 0.000000000e+00 2.072636700e-04 0.000000000e+00 0.000000000e+00 0.000000000e+00 
