v ATLAS
# This file was created by ATLAS version 5.26.1.R on Thu Apr  5 12:16:50 2018.
#SSF 2.0 generic
##############################################################################
#                    Copyright (c) 1984 - 2018                               #
#                    Silvaco Inc. All rights reserved                        #
#                                                                            #
# This file format and the following Key are copyright Silvaco Inc.          #
# You may not use, this format or key without reproducing this message in    #
# full and obtaining express written permission from Silvaco Inc.            #
#                                                                            #
# To obtain such permission please contact: Silvaco Inc.                     #
#                                           support@silvaco.com              #
#                                                                            #
# KEY=SVC86hn7562asdx                       PROD=345                         #
##############################################################################
y 3 700 711 15
z 0.026 0.002 300
f 4 "gate" "drain" "source" "substrate" 
p 12 2 601 20 3 602 21 4 603 22 5 604 23 
d -3.000000000e+00 -3.000000000e+00 0.000000000e+00 0.000000000e+00 0.000000000e+00 1.065213937e-17 0.000000000e+00 0.000000000e+00 -2.005108588e-17 0.000000000e+00 0.000000000e+00 0.000000000e+00 
d -3.000000000e+00 -3.000000000e+00 0.000000000e+00 -2.500000000e-02 -2.500000000e-02 -5.740047839e-05 0.000000000e+00 0.000000000e+00 5.740047841e-05 0.000000000e+00 0.000000000e+00 0.000000000e+00 
d -3.000000000e+00 -3.000000000e+00 0.000000000e+00 -5.000000000e-02 -5.000000000e-02 -1.138188150e-04 0.000000000e+00 0.000000000e+00 1.138188150e-04 0.000000000e+00 0.000000000e+00 0.000000000e+00 
d -3.000000000e+00 -3.000000000e+00 0.000000000e+00 -1.000000000e-01 -1.000000000e-01 -2.223967157e-04 0.000000000e+00 0.000000000e+00 2.223967157e-04 0.000000000e+00 0.000000000e+00 0.000000000e+00 
d -3.000000000e+00 -3.000000000e+00 0.000000000e+00 -2.000000000e-01 -2.000000000e-01 -4.179671035e-04 0.000000000e+00 0.000000000e+00 4.179671032e-04 0.000000000e+00 0.000000000e+00 0.000000000e+00 
d -3.000000000e+00 -3.000000000e+00 0.000000000e+00 -4.000000000e-01 -4.000000000e-01 -7.174815855e-04 0.000000000e+00 0.000000000e+00 7.174815856e-04 0.000000000e+00 0.000000000e+00 0.000000000e+00 
d -3.000000000e+00 -3.000000000e+00 0.000000000e+00 -6.000000000e-01 -6.000000000e-01 -9.178739481e-04 0.000000000e+00 0.000000000e+00 9.178739480e-04 0.000000000e+00 0.000000000e+00 0.000000000e+00 
d -3.000000000e+00 -3.000000000e+00 0.000000000e+00 -8.000000000e-01 -8.000000000e-01 -1.062149391e-03 0.000000000e+00 0.000000000e+00 1.062149391e-03 0.000000000e+00 0.000000000e+00 0.000000000e+00 
d -3.000000000e+00 -3.000000000e+00 0.000000000e+00 -1.000000000e+00 -1.000000000e+00 -1.173728173e-03 0.000000000e+00 0.000000000e+00 1.173728173e-03 0.000000000e+00 0.000000000e+00 0.000000000e+00 
d -3.000000000e+00 -3.000000000e+00 0.000000000e+00 -1.200000000e+00 -1.200000000e+00 -1.263875287e-03 0.000000000e+00 0.000000000e+00 1.263875287e-03 0.000000000e+00 0.000000000e+00 0.000000000e+00 
d -3.000000000e+00 -3.000000000e+00 0.000000000e+00 -1.400000000e+00 -1.400000000e+00 -1.336547387e-03 0.000000000e+00 0.000000000e+00 1.336547386e-03 0.000000000e+00 0.000000000e+00 0.000000000e+00 
d -3.000000000e+00 -3.000000000e+00 0.000000000e+00 -1.600000000e+00 -1.600000000e+00 -1.388081606e-03 0.000000000e+00 0.000000000e+00 1.388081606e-03 0.000000000e+00 0.000000000e+00 0.000000000e+00 
d -3.000000000e+00 -3.000000000e+00 0.000000000e+00 -1.800000000e+00 -1.800000000e+00 -1.432652615e-03 0.000000000e+00 0.000000000e+00 1.432652614e-03 0.000000000e+00 0.000000000e+00 0.000000000e+00 
d -3.000000000e+00 -3.000000000e+00 0.000000000e+00 -2.000000000e+00 -2.000000000e+00 -1.469180241e-03 0.000000000e+00 0.000000000e+00 1.469180241e-03 0.000000000e+00 0.000000000e+00 0.000000000e+00 
d -3.000000000e+00 -3.000000000e+00 0.000000000e+00 -2.200000000e+00 -2.200000000e+00 -1.498711044e-03 0.000000000e+00 0.000000000e+00 1.498711044e-03 0.000000000e+00 0.000000000e+00 0.000000000e+00 
d -3.000000000e+00 -3.000000000e+00 0.000000000e+00 -2.400000000e+00 -2.400000000e+00 -1.522618923e-03 0.000000000e+00 0.000000000e+00 1.522618923e-03 0.000000000e+00 0.000000000e+00 0.000000000e+00 
d -3.000000000e+00 -3.000000000e+00 0.000000000e+00 -2.600000000e+00 -2.600000000e+00 -1.542106965e-03 0.000000000e+00 0.000000000e+00 1.542106965e-03 0.000000000e+00 0.000000000e+00 0.000000000e+00 
d -3.000000000e+00 -3.000000000e+00 0.000000000e+00 -2.800000000e+00 -2.800000000e+00 -1.558322123e-03 0.000000000e+00 0.000000000e+00 1.558322123e-03 0.000000000e+00 0.000000000e+00 0.000000000e+00 
d -3.000000000e+00 -3.000000000e+00 0.000000000e+00 -3.000000000e+00 -3.000000000e+00 -1.572122746e-03 0.000000000e+00 0.000000000e+00 1.572122746e-03 0.000000000e+00 0.000000000e+00 0.000000000e+00 
