v ATLAS
# This file was created by ATLAS version 5.26.1.R on Thu Apr  5 12:15:39 2018.
#SSF 2.0 generic
##############################################################################
#                    Copyright (c) 1984 - 2018                               #
#                    Silvaco Inc. All rights reserved                        #
#                                                                            #
# This file format and the following Key are copyright Silvaco Inc.          #
# You may not use, this format or key without reproducing this message in    #
# full and obtaining express written permission from Silvaco Inc.            #
#                                                                            #
# To obtain such permission please contact: Silvaco Inc.                     #
#                                           support@silvaco.com              #
#                                                                            #
# KEY=SVC86hn7562asdx                       PROD=345                         #
##############################################################################
y 3 700 711 15
z 0.026 0.002 300
f 4 "gate" "drain" "source" "substrate" 
p 12 2 601 20 3 602 21 4 603 22 5 604 23 
d 0.000000000e+00 0.000000000e+00 0.000000000e+00 -1.000000000e-01 -1.000000000e-01 -1.190324379e-15 0.000000000e+00 0.000000000e+00 1.198887901e-15 0.000000000e+00 0.000000000e+00 0.000000000e+00 
d -2.000000000e-01 -2.000000000e-01 0.000000000e+00 -1.000000000e-01 -1.000000000e-01 -4.232640112e-13 0.000000000e+00 0.000000000e+00 4.232654733e-13 0.000000000e+00 0.000000000e+00 0.000000000e+00 
d -4.000000000e-01 -4.000000000e-01 0.000000000e+00 -1.000000000e-01 -1.000000000e-01 -1.613088148e-10 0.000000000e+00 0.000000000e+00 1.613088118e-10 0.000000000e+00 0.000000000e+00 0.000000000e+00 
d -6.000000000e-01 -6.000000000e-01 0.000000000e+00 -1.000000000e-01 -1.000000000e-01 -4.761376255e-08 0.000000000e+00 0.000000000e+00 4.761376257e-08 0.000000000e+00 0.000000000e+00 0.000000000e+00 
d -8.000000000e-01 -8.000000000e-01 0.000000000e+00 -1.000000000e-01 -1.000000000e-01 -6.345325034e-06 0.000000000e+00 0.000000000e+00 6.345325034e-06 0.000000000e+00 0.000000000e+00 0.000000000e+00 
d -1.000000000e+00 -1.000000000e+00 0.000000000e+00 -1.000000000e-01 -1.000000000e-01 -4.066681638e-05 0.000000000e+00 0.000000000e+00 4.066681638e-05 0.000000000e+00 0.000000000e+00 0.000000000e+00 
d -1.200000000e+00 -1.200000000e+00 0.000000000e+00 -1.000000000e-01 -1.000000000e-01 -7.534886015e-05 0.000000000e+00 0.000000000e+00 7.534886013e-05 0.000000000e+00 0.000000000e+00 0.000000000e+00 
d -1.400000000e+00 -1.400000000e+00 0.000000000e+00 -1.000000000e-01 -1.000000000e-01 -1.031624187e-04 0.000000000e+00 0.000000000e+00 1.031624187e-04 0.000000000e+00 0.000000000e+00 0.000000000e+00 
d -1.600000000e+00 -1.600000000e+00 0.000000000e+00 -1.000000000e-01 -1.000000000e-01 -1.254041427e-04 0.000000000e+00 0.000000000e+00 1.254041427e-04 0.000000000e+00 0.000000000e+00 0.000000000e+00 
d -1.800000000e+00 -1.800000000e+00 0.000000000e+00 -1.000000000e-01 -1.000000000e-01 -1.444202688e-04 0.000000000e+00 0.000000000e+00 1.444202688e-04 0.000000000e+00 0.000000000e+00 0.000000000e+00 
d -2.000000000e+00 -2.000000000e+00 0.000000000e+00 -1.000000000e-01 -1.000000000e-01 -1.608388549e-04 0.000000000e+00 0.000000000e+00 1.608388547e-04 0.000000000e+00 0.000000000e+00 0.000000000e+00 
d -2.200000000e+00 -2.200000000e+00 0.000000000e+00 -1.000000000e-01 -1.000000000e-01 -1.750249675e-04 0.000000000e+00 0.000000000e+00 1.750249674e-04 0.000000000e+00 0.000000000e+00 0.000000000e+00 
d -2.400000000e+00 -2.400000000e+00 0.000000000e+00 -1.000000000e-01 -1.000000000e-01 -1.874937529e-04 0.000000000e+00 0.000000000e+00 1.874937528e-04 0.000000000e+00 0.000000000e+00 0.000000000e+00 
d -2.600000000e+00 -2.600000000e+00 0.000000000e+00 -1.000000000e-01 -1.000000000e-01 -1.988035853e-04 0.000000000e+00 0.000000000e+00 1.988035853e-04 0.000000000e+00 0.000000000e+00 0.000000000e+00 
d -2.800000000e+00 -2.800000000e+00 0.000000000e+00 -1.000000000e-01 -1.000000000e-01 -2.091548421e-04 0.000000000e+00 0.000000000e+00 2.091548421e-04 0.000000000e+00 0.000000000e+00 0.000000000e+00 
d -3.000000000e+00 -3.000000000e+00 0.000000000e+00 -1.000000000e-01 -1.000000000e-01 -2.187123728e-04 0.000000000e+00 0.000000000e+00 2.187123728e-04 0.000000000e+00 0.000000000e+00 0.000000000e+00 
