v ATLAS
# This file was created by ATLAS version 5.26.1.R on Tue Apr 17 23:25:29 2018.
#SSF 2.0 generic
##############################################################################
#                    Copyright (c) 1984 - 2018                               #
#                    Silvaco Inc. All rights reserved                        #
#                                                                            #
# This file format and the following Key are copyright Silvaco Inc.          #
# You may not use, this format or key without reproducing this message in    #
# full and obtaining express written permission from Silvaco Inc.            #
#                                                                            #
# To obtain such permission please contact: Silvaco Inc.                     #
#                                           support@silvaco.com              #
#                                                                            #
# KEY=SVC86hn7562asdx                       PROD=345                         #
##############################################################################
y 3 700 711 15
z 1 1e+41 300
f 2 "gate" "substrate" 
p 13 40 2 20 3 21 3000000 2000000 3001000 2001000 3000001 2000001 3001001 2001001 
Q 3000000 3 "Mhos/um" 
Q 2000000 3 "F/um" 
Q 3001000 3 "Mhos/um" 
Q 2001000 3 "F/um" 
Q 3000001 3 "Mhos/um" 
Q 2000001 3 "F/um" 
Q 3001001 3 "Mhos/um" 
Q 2001001 3 "F/um" 
d 1.000000000e+06 0.000000000e+00 0.000000000e+00 0.000000000e+00 1.870747886e-20 -8.226264926e-14 -1.468285527e-15 -1.717589536e-12 1.468285529e-15 8.226264926e-14 1.468285527e-15 1.717585021e-12 -1.468285529e-15 
d 1.000000000e+06 1.000000000e-01 0.000000000e+00 0.000000000e+00 -1.842754659e-20 -6.460768503e-14 -1.309669335e-15 -2.962047582e-12 1.309669337e-15 6.460768504e-14 1.309669335e-15 2.962047784e-12 -1.309669337e-15 
d 1.000000000e+06 2.000000000e-01 0.000000000e+00 0.000000000e+00 -5.412105323e-20 -5.392485964e-14 -1.193090716e-15 -4.810375837e-12 1.193090718e-15 5.392485969e-14 1.193090716e-15 4.810374645e-12 -1.193090718e-15 
d 1.000000000e+06 3.000000000e-01 0.000000000e+00 0.000000000e+00 -7.235551934e-20 -4.575936530e-14 -1.102387393e-15 -7.500180636e-12 1.102387396e-15 4.575936620e-14 1.102387393e-15 7.500180822e-12 -1.102387396e-15 
d 1.000000000e+06 4.000000000e-01 0.000000000e+00 0.000000000e+00 -9.970466376e-20 -3.959033596e-14 -1.029277984e-15 -1.133186939e-11 1.029277989e-15 3.959036667e-14 1.029277984e-15 1.133186971e-11 -1.029277989e-15 
d 1.000000000e+06 5.000000000e-01 0.000000000e+00 0.000000000e+00 -8.641304273e-20 -3.478375918e-14 -9.682531481e-16 -1.668015331e-11 9.682531541e-16 3.478924502e-14 9.682531481e-16 1.668014437e-11 -9.682531541e-16 
d 1.000000000e+06 6.000000000e-01 0.000000000e+00 0.000000000e+00 -3.331575907e-20 -3.071045349e-14 -9.195665890e-16 -2.345790813e-11 9.195665968e-16 3.122465981e-14 9.195665890e-16 2.345797474e-11 -9.195665968e-16 
d 1.000000000e+06 7.000000000e-01 0.000000000e+00 0.000000000e+00 -5.245838089e-19 -2.704542290e-14 -8.962218321e-16 -2.862226533e-11 8.962218413e-16 2.957333254e-14 8.962218321e-16 2.862255586e-11 -8.962218411e-16 
d 1.000000000e+06 7.500000000e-01 0.000000000e+00 0.000000000e+00 -1.982503704e-20 -2.621354079e-14 -8.922655977e-16 -3.001047999e-11 8.922656073e-16 2.926985375e-14 8.922655977e-16 3.001084008e-11 -8.922656070e-16 
d 1.000000000e+06 8.000000000e-01 0.000000000e+00 0.000000000e+00 -2.960972553e-18 -2.230190596e-14 -8.896252376e-16 -3.111181172e-11 8.896252479e-16 2.945904691e-14 8.896252376e-16 3.111261356e-11 -8.896252472e-16 
d 1.000000000e+06 8.250000000e-01 0.000000000e+00 0.000000000e+00 1.008464236e-18 -2.844690305e-14 -8.898858546e-16 -3.129212234e-11 8.898858644e-16 2.889119676e-14 8.898858546e-16 3.129216955e-11 -8.898858643e-16 
d 1.000000000e+06 8.500000000e-01 0.000000000e+00 0.000000000e+00 4.271818426e-19 -3.433230913e-14 -8.892950322e-16 -3.165163758e-11 8.892950415e-16 2.820138781e-14 8.892950322e-16 3.165096291e-11 -8.892950421e-16 
d 1.000000000e+06 8.750000000e-01 0.000000000e+00 0.000000000e+00 1.588242740e-19 -3.737131641e-14 -8.889829235e-16 -3.193408005e-11 8.889829325e-16 2.797504825e-14 8.889829235e-16 3.193304233e-11 -8.889829334e-16 
d 1.000000000e+06 8.875000000e-01 0.000000000e+00 0.000000000e+00 8.944102351e-19 -1.859361887e-14 -8.889576096e-16 -3.203734947e-11 8.889576205e-16 2.982566829e-14 8.889576096e-16 3.203857900e-11 -8.889576194e-16 
d 1.000000000e+06 9.000000000e-01 0.000000000e+00 0.000000000e+00 -4.812579558e-19 -3.665334853e-14 -8.886017900e-16 -3.222086701e-11 8.886017992e-16 2.807017470e-14 8.886017900e-16 3.221992981e-11 -8.886018000e-16 
d 1.000000000e+06 9.125000000e-01 0.000000000e+00 0.000000000e+00 -1.791254192e-20 -3.155873874e-14 -8.886298995e-16 -3.230680436e-11 8.886299092e-16 2.857998330e-14 8.886298995e-16 3.230648102e-11 -8.886299095e-16 
d 1.000000000e+06 9.250000000e-01 0.000000000e+00 0.000000000e+00 1.223021388e-18 -3.845426369e-14 -8.887873485e-16 -3.235945899e-11 8.887873575e-16 2.787525505e-14 8.887873485e-16 3.235830098e-11 -8.887873586e-16 
d 1.000000000e+06 9.500000000e-01 0.000000000e+00 0.000000000e+00 -2.483249539e-18 -2.307422529e-14 -8.879274262e-16 -3.274135511e-11 8.879274368e-16 2.928219002e-14 8.879274262e-16 3.274202873e-11 -8.879274362e-16 
d 1.000000000e+06 1.000000000e+00 0.000000000e+00 0.000000000e+00 -1.316647447e-18 -3.736328176e-14 -8.881122243e-16 -3.301181283e-11 8.881122336e-16 2.797907590e-14 8.881122243e-16 3.301080379e-11 -8.881122346e-16 
d 1.000000000e+06 1.050000000e+00 0.000000000e+00 0.000000000e+00 -6.087062022e-19 -3.345233110e-14 -8.882598276e-16 -3.325195656e-11 8.882598373e-16 2.830486183e-14 8.882598276e-16 3.325140320e-11 -8.882598379e-16 
d 1.000000000e+06 1.100000000e+00 0.000000000e+00 0.000000000e+00 8.090239229e-20 -5.594451156e-14 -8.884704434e-16 -3.344691382e-11 8.884704510e-16 2.607827141e-14 8.884704434e-16 3.344372932e-11 -8.884704540e-16 
d 1.000000000e+06 1.150000000e+00 0.000000000e+00 0.000000000e+00 -1.199418285e-18 -3.626518336e-14 -8.882794956e-16 -3.371511483e-11 8.882795052e-16 2.794098747e-14 8.882794956e-16 3.371423829e-11 -8.882795061e-16 
d 1.000000000e+06 1.200000000e+00 0.000000000e+00 0.000000000e+00 2.034124794e-19 -3.385349742e-14 -8.886649813e-16 -3.381149363e-11 8.886649912e-16 2.830776368e-14 8.886649813e-16 3.381090339e-11 -8.886649918e-16 
d 1.000000000e+06 1.300000000e+00 0.000000000e+00 0.000000000e+00 4.256559793e-18 -2.813997739e-14 -8.897563210e-16 -3.385996239e-11 8.897563316e-16 2.889385141e-14 8.897563210e-16 3.386004131e-11 -8.897563315e-16 
d 1.000000000e+06 1.400000000e+00 0.000000000e+00 0.000000000e+00 7.864636643e-18 -2.579057206e-14 -8.907349588e-16 -3.387622468e-11 8.907349696e-16 2.930425404e-14 8.907349588e-16 3.387659520e-11 -8.907349692e-16 
d 1.000000000e+06 1.412500000e+00 0.000000000e+00 0.000000000e+00 2.159546661e-19 -3.415278512e-14 -8.892342124e-16 -3.431067486e-11 8.892342224e-16 2.848311168e-14 8.892342124e-16 3.431008490e-11 -8.892342230e-16 
d 1.000000000e+06 1.425000000e+00 0.000000000e+00 0.000000000e+00 6.990293373e-19 -2.518387506e-14 -8.893188091e-16 -3.431776079e-11 8.893188201e-16 2.913777645e-14 8.893188091e-16 3.431817525e-11 -8.893188197e-16 
d 1.000000000e+06 1.450000000e+00 0.000000000e+00 0.000000000e+00 2.338138106e-18 -3.112155587e-14 -8.897056252e-16 -3.427345763e-11 8.897056355e-16 2.872880445e-14 8.897056252e-16 3.427320896e-11 -8.897056358e-16 
d 1.000000000e+06 1.500000000e+00 0.000000000e+00 0.000000000e+00 4.002374235e-18 -4.819210145e-14 -8.901820639e-16 -3.425818554e-11 8.901820725e-16 2.694245263e-14 8.901820639e-16 3.425596554e-11 -8.901820747e-16 
d 1.000000000e+06 1.600000000e+00 0.000000000e+00 0.000000000e+00 -1.681253708e-18 -4.110175467e-14 -8.892242850e-16 -3.471829769e-11 8.892242945e-16 2.747252442e-14 8.892242850e-16 3.471687924e-11 -8.892242959e-16 
d 1.000000000e+06 1.700000000e+00 0.000000000e+00 0.000000000e+00 -1.329973593e-17 -3.541640630e-14 -8.869968802e-16 -3.551897646e-11 8.869968904e-16 2.775418706e-14 8.869968802e-16 3.551818764e-11 -8.869968912e-16 
d 1.000000000e+06 1.712500000e+00 0.000000000e+00 0.000000000e+00 -7.935524327e-18 -1.854042146e-14 -8.881240738e-16 -3.521714675e-11 8.881240856e-16 2.969596820e-14 8.881240738e-16 3.521829830e-11 -8.881240845e-16 
d 1.000000000e+06 1.725000000e+00 0.000000000e+00 0.000000000e+00 3.842258059e-18 -2.028583280e-14 -8.906066372e-16 -3.454626545e-11 8.906066488e-16 2.974949901e-14 8.906066372e-16 3.454724740e-11 -8.906066478e-16 
d 1.000000000e+06 1.731250000e+00 0.000000000e+00 0.000000000e+00 4.227163577e-18 1.684353473e-15 -8.906676185e-16 -3.453677484e-11 8.906676323e-16 3.204022057e-14 8.906676185e-16 3.454027168e-11 -8.906676289e-16 
d 1.000000000e+06 1.737500000e+00 0.000000000e+00 0.000000000e+00 2.392644375e-18 -4.476443378e-14 -8.903122736e-16 -3.464858481e-11 8.903122827e-16 2.745556183e-14 8.903122736e-16 3.464679933e-11 -8.903122844e-16 
d 1.000000000e+06 1.750000000e+00 0.000000000e+00 0.000000000e+00 -2.974495634e-19 -4.876874674e-14 -8.897884368e-16 -3.481244517e-11 8.897884455e-16 2.687601556e-14 8.897884368e-16 3.481019114e-11 -8.897884477e-16 
d 1.000000000e+06 1.775000000e+00 0.000000000e+00 0.000000000e+00 -3.540978840e-18 1.098327886e-14 -8.891574964e-16 -3.501885575e-11 8.891575113e-16 3.281684513e-14 8.891574964e-16 3.502337695e-11 -8.891575068e-16 
d 1.000000000e+06 1.787500000e+00 0.000000000e+00 0.000000000e+00 -2.352721249e-18 -4.855135648e-14 -8.894688910e-16 -3.495592351e-11 8.894688997e-16 2.695606517e-14 8.894688910e-16 3.495369934e-11 -8.894689020e-16 
d 1.000000000e+06 1.800000000e+00 0.000000000e+00 0.000000000e+00 -7.699204349e-19 -1.908148040e-14 -8.897981605e-16 -3.487874267e-11 8.897981723e-16 2.989188999e-14 8.897981605e-16 3.487986840e-11 -8.897981712e-16 
d 1.000000000e+06 1.850000000e+00 0.000000000e+00 0.000000000e+00 -1.003569225e-18 2.454982476e-15 -8.898361626e-16 -3.493342822e-11 8.898361766e-16 3.212111391e-14 8.898361626e-16 3.493699109e-11 -8.898361730e-16 
d 1.000000000e+06 1.900000000e+00 0.000000000e+00 0.000000000e+00 -1.179843785e-18 -1.547909611e-14 -8.898584437e-16 -3.499237792e-11 8.898584559e-16 3.033944872e-14 8.898584437e-16 3.499390879e-11 -8.898584544e-16 
d 1.000000000e+06 1.950000000e+00 0.000000000e+00 0.000000000e+00 6.413425565e-18 6.014939581e-15 -8.914699353e-16 -3.460245847e-11 8.914699496e-16 3.248337254e-14 8.914699353e-16 3.460641744e-11 -8.914699457e-16 
d 1.000000000e+06 2.000000000e+00 0.000000000e+00 0.000000000e+00 2.551717003e-18 -5.307958274e-14 -8.907454807e-16 -3.486396174e-11 8.907454891e-16 2.651316486e-14 8.907454807e-16 3.486123009e-11 -8.907454918e-16 
