v VICTORYDEVICE
# silvaco.file ASCII version=1.14.23 format=1 contents=SDB,Tables=1

Copyright "###################################################################"
Copyright "#                    Copyright Silvaco Inc. (c)                   #"
Copyright "#                            1992-2014                            #"
Copyright "#                                                                 #"
Copyright "# This file format and the following Key are copyright Silvaco    #"
Copyright "# International. You may not use, this format or key without      #"
Copyright "# reproducing this message in full and obtaining                  #"
Copyright "# express written permission from Silvaco Inc.                    #"
Copyright "#                                                                 #"
Copyright "# To obtain such permission please contact: Silvaco Inc.          #"
Copyright "#                                           support@silvaco.com   #"
Copyright "#                                                                 #"
Copyright "# KEY=SVC86hn7562asdx                       PROD=345              #"
Copyright "###################################################################"
#This file was created by VICTORYDEVICE version 1.12.1.R
#victoryd 1.12.1.R (Thu Apr 12 10:17:20 PDT 2018)
#libSDB 1.12.42 (Thu Oct 26 19:20:24 PDT 2017)
a VICTORYDEVICE
j 1 9
k 4
r 1 92
x 3 43 42 46
w source 1 1
r 2 92
x 3 43 42 46
w drain 1 2
r 3 92
x 3 43 42 46
w gate 1 3
r 4 92
x 3 43 42 46
w substrate 1 4
y 1 15
z 300
p 13 2 601 20 3 602 21 4 603 22 5 604 23 200
d 0 0 -3.7116506730801513e-18 0 0 -4.130307542226164e-18 1 1 0 0 0 -2.9964617150672567e-23 300.00000000001199
d 0 0 -5.462466983984111e-07 0.0025 0.0025 5.4624671905756237e-07 1 1 0 0 0 5.5808890222484789e-23 301.01947709138233
d 0 0 -1.0913465540700991e-06 0.005 0.005 1.0913465388532265e-06 1 1 0 0 0 3.6940989361081932e-23 302.17841949436934
d 0 0 -1.6352067066820631e-06 0.0075 0.0075 1.6352065249475283e-06 1 1 0 0 0 3.0440684793635973e-23 303.47323590292922
d 0 0 -2.1777108069179681e-06 0.01 0.01 2.1777105767674755e-06 1 1 0 0 0 -4.2174474080578112e-24 304.9172718000442
d 0 0 -4.3304501748452976e-06 0.02 0.02 4.3304497946079715e-06 1 1 0 0 0 4.4587038454792391e-24 312.32910037115715
d 0 0 -6.4350892584842532e-06 0.03 0.03 6.4350889792862704e-06 1 1 0 0 0 3.1486769765484141e-23 321.91016080961703
d 0 0 -8.4453304968236963e-06 0.04 0.04 8.4453303877287699e-06 1 1 0 0 0 -1.8947495183619306e-23 334.18682060112121
d 0 0 -1.0396294345541196e-05 0.05 0.05 1.0396294627983198e-05 1 1 0 0 0 1.6590456634014609e-23 348.99532614495206
d 0 0 -1.8877755184255705e-05 0.1 0.1 1.8877755039626313e-05 1 1 0 0 0 -2.8315284632705884e-23 464.92719989381891
d 0 0 -2.5193589186040953e-05 0.15 0.15 2.5193588920728953e-05 1 1 0 0 0 1.648644722039477e-23 618.11585458884565
d 0 0 -2.9717485367707743e-05 0.2 0.2 2.9717485400667648e-05 1 1 0 0 0 4.323368584838405e-23 790.8900805782157
d 0 0 -3.2913957743833569e-05 0.25 0.25 3.2913957807884175e-05 1 1 0 0 0 -2.6947790520877527e-23 975.04474467071805
d 0 0 -3.5172298206600799e-05 0.3 0.3 3.5172298529755374e-05 1 1 0 0 0 1.585166784250459e-23 1167.1438006568985
d 0 0 -3.6785310392722844e-05 0.35 0.35 3.6785310606823371e-05 1 1 0 0 0 -3.6879029798047493e-23 1365.1498710253504
d 0 0 -3.7957136135785651e-05 0.4 0.4 3.7957136079734404e-05 1 1 0 0 0 1.9864394723596943e-23 1566.9175881419469
d 0 0 -3.883111667678446e-05 0.45 0.45 3.8831116640157163e-05 1 1 0 0 0 1.61251911566164e-23 1773.9042331109663
d 0 0 -3.9510480276973254e-05 0.5 0.5 3.9510480220828848e-05 1 1 0 0 0 2.0666655657922441e-23 1982.0494347151539
d 0 0 -4.0075077706153393e-05 0.55 0.55 4.0075077683081144e-05 1 1 0 0 0 1.649314479035843e-24 2189.9854410337307
d 0 0 -4.0582157934101885e-05 0.6 0.6 4.0582157903491449e-05 1 1 0 0 0 -2.0586399101385719e-23 2399.8596547998868
d 0 0 -4.1078401965822947e-05 0.65 0.65 4.1078401949036496e-05 1 1 0 0 0 4.0332344701128322e-23 2613.4217821907155
d 0 0 -4.1600227753886708e-05 0.7 0.7 4.1600227742805105e-05 1 1 0 0 0 -2.4550583148395346e-24 2825.6173118755032
d 0 0 -4.2185955137669196e-05 0.75000000000000011 0.75000000000000011 4.2185955137474114e-05 1 1 0 0 0 -4.2511613373391591e-23 3037.562666509567
d 0 0 -4.2863195082230785e-05 0.8 0.8 4.2863195080351347e-05 1 1 0 0 0 -2.5088416138196774e-22 3255.1553960306796
d 0 0 -4.363474143662217e-05 0.8500000000000002 0.8500000000000002 4.3634741439851541e-05 1 1 0 0 0 2.1743719464139045e-23 3471.6578739789325
d 0 0 -4.4494627960475988e-05 0.90000000000000024 0.90000000000000024 4.4494627953611505e-05 1 1 0 0 0 -4.1764012557530484e-20 3685.9310741013032
d 0 0 -4.5425531046781683e-05 0.95000000000000029 0.95000000000000029 4.542553105296238e-05 1 1 0 0 0 -5.9479322550479472e-24 3897.9322968980823
d 0 0 -4.6417074105676165e-05 1 1 4.6417073979108388e-05 1 1 0 0 0 -6.4150787351743353e-17 4107.6553721928813
Q 2 13 "Voltage #01"
Q 3 13 "Voltage #02"
Q 4 13 "Voltage #03"
Q 5 13 "Voltage #04"
Q 20 13 "Current #01"
Q 21 13 "Current #02"
Q 22 13 "Current #03"
Q 23 13 "Current #04"
Q 92 21 Contact
Q 200 13 "Electron temp"
Q 601 13 "Int. Voltage #01"
Q 602 13 "Int. Voltage #02"
Q 603 13 "Int. Voltage #03"
Q 604 13 "Int. Voltage #04"
EOF 677322682
