v VICTORYDEVICE
# silvaco.file ASCII version=1.14.23 format=1 contents=SDB,Tables=1

Copyright "###################################################################"
Copyright "#                    Copyright Silvaco Inc. (c)                   #"
Copyright "#                            1992-2014                            #"
Copyright "#                                                                 #"
Copyright "# This file format and the following Key are copyright Silvaco    #"
Copyright "# International. You may not use, this format or key without      #"
Copyright "# reproducing this message in full and obtaining                  #"
Copyright "# express written permission from Silvaco Inc.                    #"
Copyright "#                                                                 #"
Copyright "# To obtain such permission please contact: Silvaco Inc.          #"
Copyright "#                                           support@silvaco.com   #"
Copyright "#                                                                 #"
Copyright "# KEY=SVC86hn7562asdx                       PROD=345              #"
Copyright "###################################################################"
#This file was created by VICTORYDEVICE version 1.12.1.R
#victoryd 1.12.1.R (Thu Apr 12 10:17:20 PDT 2018)
#libSDB 1.12.42 (Thu Oct 26 19:20:24 PDT 2017)
a VICTORYDEVICE
j 1 9
k 4
r 1 92
x 3 43 42 46
w source 1 1
r 2 92
x 3 43 42 46
w drain 1 2
r 3 92
x 3 43 42 46
w gate 1 3
r 4 92
x 3 43 42 46
w substrate 1 4
y 1 15
z 300
p 14 2 601 20 3 602 21 4 603 22 5 604 23 82 200
d 0 0 -1.7422358491270117e-09 0.1 0.1 1.742235849109596e-09 0 0 0 0 0 -3.2014495468685079e-23 300.00027518036848 440.92025109741024
d 0 0 -5.7242055080950648e-09 0.1 0.1 5.7242055098657425e-09 0.05 0.05 0 0 0 -2.1751535700045177e-24 300.00092361711972 439.28516088403262
d 0 0 -1.8572880834869142e-08 0.1 0.1 1.8572879957181894e-08 0.1 0.1 0 0 0 2.0733269404315418e-24 300.0031006803448 433.79065059654658
d 0 0 -5.8597172232693021e-08 0.1 0.1 5.8597173526659733e-08 0.15 0.15 0 0 0 -3.5599342641393113e-23 300.01014237020439 429.08873936991887
d 0 0 -1.7691391004049509e-07 0.1 0.1 1.769139159581638e-07 0.2 0.2 0 0 0 5.4689727952645639e-23 300.03213649179321 425.76968898211317
d 0 0 -5.0774546630925109e-07 0.1 0.1 5.0774547084694074e-07 0.25 0.25 0 0 0 -7.9194429260034956e-24 300.09934541364106 430.54962704116554
d 0 0 -1.3233370177568237e-06 0.1 0.1 1.3233370418811475e-06 0.3 0.3 0 0 0 5.4465489478211797e-23 300.28692915645627 446.2659130377171
d 0 0 -2.5014933511390038e-06 0.1 0.1 2.501493400739707e-06 0.35 0.35 0 0 0 8.0090134020247761e-24 300.61386737461032 460.93591871898991
d 0 0 -4.0803816667741239e-06 0.1 0.1 4.0803817189218674e-06 0.4 0.4 0 0 0 1.4234372802712514e-23 301.14288278333322 474.11651570274853
d 0 0 -5.8175576566060958e-06 0.1 0.1 5.8175576862954663e-06 0.45 0.45 0 0 0 3.1261238596548617e-22 301.84429725468851 483.41647017831855
d 0 0 -7.5229221482630282e-06 0.1 0.1 7.5229220360157983e-06 0.5 0.5 0 0 0 1.7227163756336189e-21 302.66391662381761 488.17592854052384
d 0 0 -9.1228550969282677e-06 0.1 0.1 9.1228550963446553e-06 0.55 0.55 0 0 0 7.9330870510519872e-24 303.56154872248192 489.96800872649663
d 0 0 -1.0591945832728244e-05 0.1 0.1 1.0591945832031417e-05 0.6 0.6 0 0 0 -1.646296758080858e-23 304.50904057796322 489.76245655384787
d 0 0 -1.1919618964331099e-05 0.1 0.1 1.1919618963394416e-05 0.65 0.65 0 0 0 -5.0226916016625465e-24 305.48327699031353 488.2257858959286
d 0 0 -1.3109254333975568e-05 0.1 0.1 1.3109254332468786e-05 0.7 0.7 0 0 0 -3.4834871984245239e-23 306.46674695826931 485.8694971666593
d 0 0 -1.4172696798399359e-05 0.1 0.1 1.417269679576612e-05 0.75000000000000011 0.75000000000000011 0 0 0 4.177642224872302e-23 307.44794187331559 482.90787735134472
d 0 0 -1.5119052860199884e-05 0.1 0.1 1.5119052855427131e-05 0.8 0.8 0 0 0 3.988950540132765e-23 308.41746990702063 479.70598642200201
d 0 0 -1.5957117266025601e-05 0.1 0.1 1.5957117257401115e-05 0.8500000000000002 0.8500000000000002 0 0 0 -3.6427506188302001e-23 309.36866447821205 476.57357995262009
d 0 0 -1.6699016744278799e-05 0.1 0.1 1.66990167305679e-05 0.90000000000000024 0.90000000000000024 0 0 0 -3.1150430191456394e-23 310.29819080979058 474.03378194417178
d 0 0 -1.735513685763669e-05 0.1 0.1 1.7355136834275196e-05 0.95000000000000029 0.95000000000000029 0 0 0 2.5518218365877788e-24 311.20232245481037 472.58136322947411
d 0 0 -1.7937251534924624e-05 0.1 0.1 1.7937251499059708e-05 1 1 0 0 0 8.4187926138000568e-24 312.07939824580075 471.80024444140622
Q 2 13 "Voltage #01"
Q 3 13 "Voltage #02"
Q 4 13 "Voltage #03"
Q 5 13 "Voltage #04"
Q 20 13 "Current #01"
Q 21 13 "Current #02"
Q 22 13 "Current #03"
Q 23 13 "Current #04"
Q 82 13 "Global device temperature"
Q 92 21 Contact
Q 200 13 "Electron temp"
Q 601 13 "Int. Voltage #01"
Q 602 13 "Int. Voltage #02"
Q 603 13 "Int. Voltage #03"
Q 604 13 "Int. Voltage #04"
EOF 1991704691
