v VICTORYDEVICE
# silvaco.file ASCII version=1.14.23 format=1 contents=SDB,Tables=1

Copyright "###################################################################"
Copyright "#                    Copyright Silvaco Inc. (c)                   #"
Copyright "#                            1992-2014                            #"
Copyright "#                                                                 #"
Copyright "# This file format and the following Key are copyright Silvaco    #"
Copyright "# International. You may not use, this format or key without      #"
Copyright "# reproducing this message in full and obtaining                  #"
Copyright "# express written permission from Silvaco Inc.                    #"
Copyright "#                                                                 #"
Copyright "# To obtain such permission please contact: Silvaco Inc.          #"
Copyright "#                                           support@silvaco.com   #"
Copyright "#                                                                 #"
Copyright "# KEY=SVC86hn7562asdx                       PROD=345              #"
Copyright "###################################################################"
#This file was created by VICTORYDEVICE version 1.12.1.R
#victoryd 1.12.1.R (Thu Apr 12 10:17:20 PDT 2018)
#libSDB 1.12.42 (Thu Oct 26 19:20:24 PDT 2017)
a VICTORYDEVICE
j 1 9
k 4
r 1 92
x 3 43 42 46
w source 1 1
r 2 92
x 3 43 42 46
w drain 1 2
r 3 92
x 3 43 42 46
w gate 1 3
r 4 92
x 3 43 42 46
w substrate 1 4
y 1 15
z 300
p 14 2 601 20 3 602 21 4 603 22 5 604 23 82 200
d 0 0 -3.9096554217913123e-21 0 0 1.3411885598141583e-18 1 1 0 0 0 -2.114252266480265e-23 300.00000000000006 300.00000000000972
d 0 0 -5.463132450602009e-07 0.0025 0.0025 5.4631326567830452e-07 1 1 0 0 0 -1.1029007514259838e-23 300.0182728164898 301.03795942757239
d 0 0 -1.0912692474235738e-06 0.005 0.005 1.091269247392983e-06 1 1 0 0 0 6.6003604439775427e-24 300.0571643708422 302.23608740182505
d 0 0 -1.6346099779450193e-06 0.0075 0.0075 1.6346099777383521e-06 1 1 0 0 0 -1.5415744189647618e-23 300.11650398457652 303.59059123626935
d 0 0 -2.1760594968453557e-06 0.01 0.01 2.1760594968324325e-06 1 1 0 0 0 1.5082141079854347e-23 300.19602924286289 305.11441022476356
d 0 0 -4.3162560106448665e-06 0.02 0.02 4.3162560109780223e-06 1 1 0 0 0 3.3835031855352921e-23 300.70950970958842 313.0352285570803
d 0 0 -6.3893627908734757e-06 0.03 0.03 6.3893627905736506e-06 1 1 0 0 0 -3.6316068155519325e-23 301.51297506825637 323.39238630433402
d 0 0 -8.3447468173791614e-06 0.04 0.04 8.3447468172786169e-06 1 1 0 0 0 -5.3138807565489489e-24 302.56379655792546 336.61679947067688
d 0 0 -1.0212678097798637e-05 0.05 0.05 1.0212678097466849e-05 1 1 0 0 0 1.6739441731479134e-23 303.82910553958618 352.28521500685997
d 0 0 -1.4415393875359637e-05 0.075000000000000011 0.075000000000000011 1.441539386272924e-05 1 1 0 0 0 5.921322768790912e-23 307.66849552973889 406.13376841347048
d 0 0 -1.7937516909643684e-05 0.1 0.1 1.79375168701782e-05 1 1 0 0 0 3.4574006539215659e-22 312.0794870049188 471.79919596509313
d 0 0 -2.0843989019609862e-05 0.125 0.125 2.0843988947268034e-05 1 1 0 0 0 1.7741070979410782e-20 316.72068321512228 545.53849407223413
d 0 0 -2.3221106078733871e-05 0.15 0.15 2.3221106084105791e-05 1 1 0 0 0 2.0174272324982643e-23 321.38255869932374 624.87179105980658
d 0 0 -2.5167717134046169e-05 0.175 0.175 2.5167716692442282e-05 1 1 0 0 0 2.9420130772653827e-19 325.94601516864122 708.2517919007214
d 0 0 -2.6757727079048079e-05 0.2 0.2 2.6757726312541741e-05 1 1 0 0 0 6.0115764491161241e-19 330.33754975493423 794.73166480415716
d 0 0 -2.8058292634357001e-05 0.225 0.225 2.8058292661983865e-05 1 1 0 0 0 -9.0178006047201607e-24 334.51953297086976 883.60308906201749
d 0 0 -2.9123295648079639e-05 0.25 0.25 2.9123295681871039e-05 1 1 0 0 0 -2.3454220575031529e-23 338.47250795880092 974.13368217422249
d 0 0 -3.000408705104329e-05 0.275 0.275 3.0004086859235983e-05 1 1 0 0 0 3.1269336951921089e-20 342.19960169307632 1066.6394230786141
d 0 0 -3.0721900132063897e-05 0.3 0.3 3.0721900148894509e-05 1 1 0 0 0 2.5361611955549692e-23 345.69132425354127 1160.2427707428285
d 0 0 -3.1313170409094608e-05 0.325 0.325 3.1313170426691344e-05 1 1 0 0 0 1.1760560758193067e-23 348.96287874340891 1255.8449761747231
d 0 0 -3.1801185928848512e-05 0.35 0.35 3.18011859464653e-05 1 1 0 0 0 4.0585671237930361e-23 352.02771640978642 1352.3111092282718
d 0 0 -3.2204548396886026e-05 0.37500000000000006 0.37500000000000006 3.2204548414037197e-05 1 1 0 0 0 -4.3588786639356114e-24 354.90141197383241 1449.451627548171
d 0 0 -3.2538801580968959e-05 0.4 0.4 3.253880159733434e-05 1 1 0 0 0 -3.1988968790708721e-23 357.60066787020367 1547.082278514255
d 0 0 -3.2816382513566122e-05 0.4250000000000001 0.4250000000000001 3.2816382528807396e-05 1 1 0 0 0 -7.2246810231140328e-23 360.14358647386325 1646.25219053511
d 0 0 -3.304727592022172e-05 0.45000000000000012 0.45000000000000012 3.3047275934158691e-05 1 1 0 0 0 -1.8228422508776269e-23 362.54787371136916 1746.715918160332
d 0 0 -3.3239412870504113e-05 0.47500000000000014 0.47500000000000014 3.3239412883220253e-05 1 1 0 0 0 -4.9987399499502002e-23 364.83824550861891 1847.5624230552251
d 0 0 -3.3399694816143501e-05 0.50000000000000011 0.50000000000000011 3.3399694839865376e-05 1 1 0 0 0 -6.3179546888781963e-23 367.0378158683842 1948.6386755246137
d 0 0 -3.3534346583758364e-05 0.52500000000000013 0.52500000000000013 3.3534346603876603e-05 1 1 0 0 0 -6.5180256783466959e-23 369.16533901903256 2049.8584738476079
d 0 0 -3.3648784729104282e-05 0.55000000000000016 0.55000000000000016 3.3648784745115868e-05 1 1 0 0 0 -5.0738938157757268e-23 371.2427227698978 2151.0735704761923
d 0 0 -3.374635290149443e-05 0.57500000000000018 0.57500000000000018 3.3746352912021802e-05 1 1 0 0 0 -1.6236234676885269e-23 373.29808466355138 2252.144028578155
d 0 0 -3.38292157636867e-05 0.6000000000000002 0.6000000000000002 3.3829215781506342e-05 1 1 0 0 0 -5.9648345968709762e-23 375.35952280074412 2352.8814082138592
d 0 0 -3.3901453540371274e-05 0.62500000000000022 0.62500000000000022 3.3901453556086859e-05 1 1 0 0 0 -8.0128570611656184e-23 377.44481617456626 2454.0215645071285
d 0 0 -3.3966198601392588e-05 0.65000000000000024 0.65000000000000024 3.3966198615964929e-05 1 1 0 0 0 -5.9283600772419267e-23 379.57183070386634 2557.6453837581048
d 0 0 -3.4025004768844621e-05 0.67500000000000027 0.67500000000000027 3.4025004780562075e-05 1 1 0 0 0 -4.9501268505197227e-23 381.76551304602367 2660.9701805698928
d 0 0 -3.4077719458630115e-05 0.70000000000000029 0.70000000000000029 3.4077719464367713e-05 1 1 0 0 0 -1.1113315678796363e-22 384.06208004173823 2763.8161158072935
d 0 0 -3.4126438794488244e-05 0.72500000000000031 0.72500000000000031 3.4126438806505629e-05 1 1 0 0 0 -5.844563398574733e-23 386.53714644712852 2866.2325705567855
d 0 0 -3.4171924776980473e-05 0.75000000000000033 0.75000000000000033 3.4171924783107048e-05 1 1 0 0 0 -1.3346293577968871e-22 389.18219340633419 2968.1198618842955
d 0 0 -3.4217073512945746e-05 0.77500000000000036 0.77500000000000036 3.4217073517765864e-05 1 1 0 0 0 -1.9662096438976903e-22 392.01116455620235 3069.3203689793008
d 0 0 -3.4262560200453136e-05 0.80000000000000038 0.80000000000000038 3.4262560203485188e-05 1 1 0 0 0 -1.6343237753485381e-22 395.05354747785339 3169.7148374902908
d 0 0 -3.4308129108222537e-05 0.8250000000000004 0.8250000000000004 3.4308129109685478e-05 1 1 0 0 0 -2.0274261941869487e-22 398.31844477549004 3272.3188507730852
d 0 0 -3.4354471767707016e-05 0.85000000000000042 0.85000000000000042 3.435447176707988e-05 1 1 0 0 0 -2.7223751709496878e-22 401.83595336114786 3375.1301685675994
d 0 0 -3.4400134915083882e-05 0.87500000000000044 0.87500000000000044 3.4400134911826173e-05 1 1 0 0 0 -3.1112650328552034e-22 405.61945209619108 3477.2693062339995
d 0 0 -3.4444983158778901e-05 0.90000000000000047 0.90000000000000047 3.4444983157804996e-05 1 1 0 0 0 -1.9029166929279242e-23 409.65329862242493 3578.6939083596058
d 0 0 -3.4489387061656429e-05 0.92500000000000049 0.92500000000000049 3.4489387059376874e-05 1 1 0 0 0 1.5307740908791687e-23 413.93221363749183 3679.2004066026689
d 0 0 -3.453326228107818e-05 0.95000000000000051 0.95000000000000051 3.4533262277276865e-05 1 1 0 0 0 1.8258062320245796e-23 418.43592171282228 3778.829001101225
d 0 0 -3.4575755788269649e-05 0.97500000000000053 0.97500000000000053 3.4575755616523995e-05 1 1 0 0 0 2.23777103611509e-22 423.16146368253879 3877.5936085309281
d 0 0 -3.4616925919653431e-05 1 1 3.4616925614550842e-05 1 1 0 0 0 2.4372274265106503e-21 428.10835627293943 3975.3862187863228
Q 2 13 "Voltage #01"
Q 3 13 "Voltage #02"
Q 4 13 "Voltage #03"
Q 5 13 "Voltage #04"
Q 20 13 "Current #01"
Q 21 13 "Current #02"
Q 22 13 "Current #03"
Q 23 13 "Current #04"
Q 82 13 "Global device temperature"
Q 92 21 Contact
Q 200 13 "Electron temp"
Q 601 13 "Int. Voltage #01"
Q 602 13 "Int. Voltage #02"
Q 603 13 "Int. Voltage #03"
Q 604 13 "Int. Voltage #04"
EOF 278391367
