v ATLAS
# This file was created by ATLAS version 5.26.1.R on Mon Apr 16 16:26:09 2018.
#SSF 2.0 generic
##############################################################################
#                    Copyright (c) 1984 - 2018                               #
#                    Silvaco Inc. All rights reserved                        #
#                                                                            #
# This file format and the following Key are copyright Silvaco Inc.          #
# You may not use, this format or key without reproducing this message in    #
# full and obtaining express written permission from Silvaco Inc.            #
#                                                                            #
# To obtain such permission please contact: Silvaco Inc.                     #
#                                           support@silvaco.com              #
#                                                                            #
# KEY=SVC86hn7562asdx                       PROD=345                         #
##############################################################################
y 1 15
z 300
f 2 "anode" "cathode" 
o 1 Integrated Ionic species 1  
o 2 Integrated Ionic species 2  
o 3 Ionic species 1 density cm^-3
o 4 Ionic species 2 density cm^-3
p 17 40 3000 3001 3002 3003 2 20 3 21 3000000 2000000 3001000 2001000 3000001 2000001 3001001 2001001 
Q 3000000 3 "Mhos" 
Q 2000000 3 "F" 
Q 3001000 3 "Mhos" 
Q 2001000 3 "F" 
Q 3000001 3 "Mhos" 
Q 2000001 3 "F" 
Q 3001001 3 "Mhos" 
Q 2001001 3 "F" 
d 1.000000000e+09 1.059879701e+03 1.059879957e+03 7.614422346e-04 8.276201036e+06 1.000000000e+00 0.000000000e+00 0.000000000e+00 -1.599126315e-19 -2.615225004e-09 -1.005593155e-16 2.645350554e-09 1.010554057e-16 2.615225000e-09 1.005593155e-16 -2.645350566e-09 -1.010554057e-16 
d 1.000000000e+09 1.059879701e+03 1.059879955e+03 1.524423169e-03 1.160407004e+07 9.800000000e-01 0.000000000e+00 0.000000000e+00 -1.599126319e-19 -2.641615548e-09 -1.006417689e-16 2.672395221e-09 1.011414346e-16 2.641615553e-09 1.006417689e-16 -2.672395213e-09 -1.011414346e-16 
d 1.000000000e+09 1.059879701e+03 1.059879953e+03 3.040858491e-03 1.623742753e+07 9.600000000e-01 0.000000000e+00 0.000000000e+00 3.916236209e-20 -2.669693324e-09 -1.007280863e-16 2.701152240e-09 1.012313477e-16 2.669693330e-09 1.007280863e-16 -2.701152222e-09 -1.012313477e-16 
d 1.000000000e+09 1.059879701e+03 1.059879951e+03 6.061678215e-03 2.267201592e+07 9.400000000e-01 0.000000000e+00 0.000000000e+00 -6.526993638e-20 -2.699581327e-09 -1.008185082e-16 2.731745874e-09 1.013253858e-16 2.699581334e-09 1.008185082e-16 -2.731745855e-09 -1.013253858e-16 
d 1.000000000e+09 1.059879701e+03 1.059879949e+03 1.194659669e-02 3.158376264e+07 9.200000000e-01 0.000000000e+00 0.000000000e+00 7.506047977e-20 -2.731410894e-09 -1.009132890e-16 2.764308775e-09 1.014238034e-16 2.731410901e-09 1.009132890e-16 -2.764308764e-09 -1.014238034e-16 
d 1.000000000e+09 1.059879701e+03 1.059879947e+03 2.353060720e-02 4.389044015e+07 9.000000000e-01 0.000000000e+00 0.000000000e+00 -9.790569682e-21 -2.765321983e-09 -1.010126960e-16 2.798982266e-09 1.015268678e-16 2.765321987e-09 1.010126960e-16 -2.798982260e-09 -1.015268678e-16 
d 1.000000000e+09 1.059879701e+03 1.059879944e+03 4.606069876e-02 6.083274574e+07 8.800000000e-01 0.000000000e+00 0.000000000e+00 -4.568968151e-20 -2.801463396e-09 -1.011170072e-16 2.835916576e-09 1.016348573e-16 2.801463395e-09 1.011170072e-16 -2.835916579e-09 -1.016348573e-16 
d 1.000000000e+09 1.059879701e+03 1.059879942e+03 8.975619163e-02 8.408025265e+07 8.600000000e-01 0.000000000e+00 0.000000000e+00 1.142233099e-19 -2.839993009e-09 -1.012265097e-16 2.875271068e-09 1.017480590e-16 2.839993005e-09 1.012265097e-16 -2.875271082e-09 -1.017480590e-16 
d 1.000000000e+09 1.059879701e+03 1.059879940e+03 1.738876746e-01 1.158691030e+08 8.400000000e-01 0.000000000e+00 0.000000000e+00 -8.158791563e-20 -2.881078018e-09 -1.013414954e-16 2.917214490e-09 1.018667649e-16 2.881078015e-09 1.013414954e-16 -2.917214500e-09 -1.018667649e-16 
d 1.000000000e+09 1.059879701e+03 1.059879938e+03 3.348414022e-01 1.591800436e+08 8.200000000e-01 0.000000000e+00 0.000000000e+00 -2.937170688e-20 -2.924895270e-09 -1.014622563e-16 2.961925300e-09 1.019912674e-16 2.924895264e-09 1.014622563e-16 -2.961925315e-09 -1.019912674e-16 
d 1.000000000e+09 1.059879701e+03 1.059879936e+03 6.407350591e-01 2.179677502e+08 8.000000000e-01 0.000000000e+00 0.000000000e+00 -1.174868313e-19 -2.971631761e-09 -1.015890787e-16 3.009592217e-09 1.021218530e-16 2.971631763e-09 1.015890787e-16 -3.009592216e-09 -1.021218530e-16 
d 1.000000000e+09 1.059879701e+03 1.059879933e+03 1.218037445e+00 2.974555234e+08 7.800000000e-01 0.000000000e+00 0.000000000e+00 -1.501220623e-19 -3.021485464e-09 -1.017222355e-16 3.060415017e-09 1.022587950e-16 3.021485469e-09 1.017222355e-16 -3.060415012e-09 -1.022587950e-16 
d 1.000000000e+09 1.059879701e+03 1.059879931e+03 2.299825777e+00 4.045137773e+08 7.600000000e-01 0.000000000e+00 0.000000000e+00 -1.240138778e-19 -3.074666597e-09 -1.018619782e-16 3.114605864e-09 1.024023456e-16 3.074666595e-09 1.018619782e-16 -3.114605870e-09 -1.024023456e-16 
d 1.000000000e+09 1.059879701e+03 1.059879929e+03 4.312434886e+00 5.481467957e+08 7.400000000e-01 0.000000000e+00 0.000000000e+00 1.370679695e-19 -3.131399540e-09 -1.020085289e-16 3.172391288e-09 1.025527274e-16 3.131399540e-09 1.020085289e-16 -3.172391291e-09 -1.025527274e-16 
d 1.000000000e+09 1.059879701e+03 1.059879927e+03 8.030153707e+00 7.401205555e+08 7.200000000e-01 0.000000000e+00 0.000000000e+00 -2.937170780e-20 -3.191925600e-09 -1.021620721e-16 3.234014941e-09 1.027101260e-16 3.191925602e-09 1.021620721e-16 -3.234014939e-09 -1.027101260e-16 
d 1.000000000e+09 1.059879701e+03 1.059879924e+03 1.484991480e+01 9.957756575e+08 7.000000000e-01 0.000000000e+00 0.000000000e+00 1.958113854e-20 -3.256506706e-09 -1.023227489e-16 3.299741382e-09 1.028746840e-16 3.256506706e-09 1.023227489e-16 -3.299741376e-09 -1.028746840e-16 
d 1.000000000e+09 1.059879701e+03 1.059879922e+03 2.727698649e+01 1.335084186e+09 6.800000000e-01 0.000000000e+00 0.000000000e+00 -1.174868314e-19 -3.325430149e-09 -1.024906548e-16 3.369860887e-09 1.030464982e-16 3.325430149e-09 1.024906548e-16 -3.369860887e-09 -1.030464982e-16 
d 1.000000000e+09 1.059879701e+03 1.059879920e+03 4.978092252e+01 1.784028268e+09 6.600000000e-01 0.000000000e+00 0.000000000e+00 1.566491084e-19 -3.399014339e-09 -1.026658400e-16 3.444695253e-09 1.032256209e-16 3.399014340e-09 1.026658400e-16 -3.444695253e-09 -1.032256209e-16 
d 1.000000000e+09 1.059879701e+03 1.059879917e+03 9.030052996e+01 2.376402032e+09 6.400000000e-01 0.000000000e+00 0.000000000e+00 -1.435950160e-19 -3.477615454e-09 -1.028483151e-16 3.524604524e-09 1.034120649e-16 3.477615455e-09 1.028483151e-16 -3.524604526e-09 -1.034120649e-16 
d 1.000000000e+09 1.059879701e+03 1.059879915e+03 1.628856528e+02 3.156168769e+09 6.200000000e-01 0.000000000e+00 0.000000000e+00 3.263523054e-21 -3.561634826e-09 -1.030380607e-16 3.609994441e-09 1.036058134e-16 3.561634827e-09 1.030380607e-16 -3.609994432e-09 -1.036058134e-16 
d 1.000000000e+09 1.059879701e+03 1.059879913e+03 2.923297087e+02 4.180543323e+09 6.000000000e-01 0.000000000e+00 0.000000000e+00 -3.589875406e-20 -3.651526901e-09 -1.032350402e-16 3.701324459e-09 1.038068325e-16 3.651526901e-09 1.032350402e-16 -3.701324460e-09 -1.038068325e-16 
d 1.000000000e+09 1.059879701e+03 1.059879910e+03 5.222878741e+02 5.524018945e+09 5.800000000e-01 0.000000000e+00 0.000000000e+00 1.501220998e-19 -3.747807670e-09 -1.034392137e-16 3.799116240e-09 1.040150856e-16 3.747807669e-09 1.034392137e-16 -3.799116238e-09 -1.040150856e-16 
d 1.000000000e+09 1.059879701e+03 1.059879908e+03 9.294986481e+02 7.283621870e+09 5.600000000e-01 0.000000000e+00 0.000000000e+00 3.263521927e-20 -3.851063580e-09 -1.036505534e-16 3.903962614e-09 1.042305481e-16 3.851063580e-09 1.036505534e-16 -3.903962617e-09 -1.042305481e-16 
d 1.000000000e+09 1.059879701e+03 1.059879905e+03 1.648693580e+03 9.585760720e+09 5.400000000e-01 0.000000000e+00 0.000000000e+00 -2.610818881e-20 -3.961961072e-09 -1.038690564e-16 4.016537184e-09 1.044532204e-16 3.961961071e-09 1.038690564e-16 -4.016537191e-09 -1.044532204e-16 
d 1.000000000e+09 1.059879701e+03 1.059879903e+03 2.916228414e+03 1.259514745e+10 5.200000000e-01 0.000000000e+00 0.000000000e+00 -3.263510544e-21 -4.081256997e-09 -1.040947566e-16 4.137604814e-09 1.046831398e-16 4.081256997e-09 1.040947566e-16 -4.137604815e-09 -1.046831398e-16 
d 1.000000000e+09 1.059879701e+03 1.059879901e+03 5.146515768e+03 1.652640931e+10 5.000000000e-01 0.000000000e+00 0.000000000e+00 -1.305409711e-20 -4.209810282e-09 -1.043277328e-16 4.268033371e-09 1.049203890e-16 4.209810283e-09 1.043277328e-16 -4.268033379e-09 -1.049203890e-16 
d 1.000000000e+09 1.059879701e+03 1.059879898e+03 9.065950443e+03 2.165919678e+10 4.800000000e-01 0.000000000e+00 0.000000000e+00 -3.263522884e-20 -4.348595243e-09 -1.045681157e-16 4.408807148e-09 1.051651025e-16 4.348595243e-09 1.045681157e-16 -4.408807155e-09 -1.051651025e-16 
d 1.000000000e+09 1.059879701e+03 1.059879896e+03 1.594764647e+04 2.835783229e+10 4.600000000e-01 0.000000000e+00 0.000000000e+00 -8.811512345e-20 -4.498717004e-09 -1.048160921e-16 4.561042409e-09 1.054174707e-16 4.498717004e-09 1.048160921e-16 -4.561042414e-09 -1.054174707e-16 
d 1.000000000e+09 1.059879701e+03 1.059879893e+03 2.802302891e+04 3.709685458e+10 4.400000000e-01 0.000000000e+00 0.000000000e+00 1.272774009e-19 -4.661429537e-09 -1.050719071e-16 4.726005574e-09 1.056777429e-16 4.661429537e-09 1.050719071e-16 -4.726005567e-09 -1.056777429e-16 
d 1.000000000e+09 1.059879701e+03 1.059879890e+03 4.920384126e+04 4.849421319e+10 4.200000000e-01 0.000000000e+00 0.000000000e+00 -7.179750807e-20 -4.838156822e-09 -1.053358664e-16 4.905134567e-09 1.059462287e-16 4.838156822e-09 1.053358664e-16 -4.905134576e-09 -1.059462287e-16 
d 1.000000000e+09 1.059879701e+03 1.059879888e+03 8.634929488e+04 6.335438298e+10 4.000000000e-01 0.000000000e+00 0.000000000e+00 1.076962620e-19 -5.030517753e-09 -1.056083372e-16 5.100063933e-09 1.062232999e-16 5.030517754e-09 1.056083372e-16 -5.100063936e-09 -1.062232999e-16 
d 1.000000000e+09 1.059879701e+03 1.059879885e+03 1.514911316e+05 8.272433076e+10 3.800000000e-01 0.000000000e+00 0.000000000e+00 -8.485160044e-20 -5.240355443e-09 -1.058897496e-16 5.312654404e-09 1.065093911e-16 5.240355443e-09 1.058897496e-16 -5.312654400e-09 -1.065093911e-16 
d 1.000000000e+09 1.059879701e+03 1.059879882e+03 2.657429301e+05 1.079661177e+11 3.600000000e-01 0.000000000e+00 0.000000000e+00 1.435950161e-19 -5.469771723e-09 -1.061805979e-16 5.545027690e-09 1.068050014e-16 5.469771723e-09 1.061805979e-16 -5.545027697e-09 -1.068050014e-16 
d 1.000000000e+09 1.059879701e+03 1.059879880e+03 4.661725786e+05 1.408510120e+11 3.400000000e-01 0.000000000e+00 0.000000000e+00 -3.589875403e-20 -5.721167750e-09 -1.064814428e-16 5.799607453e-09 1.071106966e-16 5.721167750e-09 1.064814428e-16 -5.799607454e-09 -1.071106966e-16 
d 1.000000000e+09 1.059879701e+03 1.059879877e+03 8.178913525e+05 1.836813811e+11 3.200000000e-01 0.000000000e+00 0.000000000e+00 -6.527046163e-21 -5.997291813e-09 -1.067929134e-16 6.079167517e-09 1.074271114e-16 5.997291813e-09 1.067929134e-16 -6.079167520e-09 -1.074271114e-16 
d 1.000000000e+09 1.059879701e+03 1.059879874e+03 1.435332867e+06 2.394484131e+11 3.000000000e-01 0.000000000e+00 0.000000000e+00 -9.137864662e-20 -6.301295626e-09 -1.071157108e-16 6.386888658e-09 1.077549528e-16 6.301295626e-09 1.071157108e-16 -6.386888669e-09 -1.077549528e-16 
d 1.000000000e+09 1.059879701e+03 1.059879871e+03 2.519732527e+06 3.120359791e+11 2.800000000e-01 0.000000000e+00 0.000000000e+00 2.153925241e-19 -6.636800630e-09 -1.074506117e-16 6.726425484e-09 1.080950037e-16 6.636800630e-09 1.074506117e-16 -6.726425494e-09 -1.080950037e-16 
d 1.000000000e+09 1.059879701e+03 1.059879868e+03 4.425186289e+06 4.064838148e+11 2.600000000e-01 0.000000000e+00 0.000000000e+00 -1.207503544e-19 -7.007976125e-09 -1.077984727e-16 7.101985237e-09 1.084481277e-16 7.007976125e-09 1.077984727e-16 -7.101985238e-09 -1.084481277e-16 
d 1.000000000e+09 1.059879701e+03 1.059879865e+03 7.775162484e+06 5.293268133e+11 2.400000000e-01 0.000000000e+00 0.000000000e+00 -1.762302470e-19 -7.419631342e-09 -1.081602357e-16 7.518420676e-09 1.088152740e-16 7.419631342e-09 1.081602357e-16 -7.518420672e-09 -1.088152740e-16 
d 1.000000000e+09 1.059879701e+03 1.059879862e+03 1.366814739e+07 6.890317610e+11 2.200000000e-01 0.000000000e+00 0.000000000e+00 1.207503544e-19 -7.877323992e-09 -1.085369333e-16 7.981339572e-09 1.091974832e-16 7.877323992e-09 1.085369333e-16 -7.981339574e-09 -1.091974832e-16 
d 1.000000000e+09 1.059879701e+03 1.059879859e+03 2.404087888e+07 8.965585050e+11 2.000000000e-01 0.000000000e+00 0.000000000e+00 1.076962620e-19 -8.387488243e-09 -1.089296947e-16 8.497233802e-09 1.095958933e-16 8.387488243e-09 1.089296947e-16 -8.497233801e-09 -1.095958933e-16 
d 1.000000000e+09 1.059879701e+03 1.059879856e+03 4.231040891e+07 1.166079547e+12 1.800000000e-01 0.000000000e+00 0.000000000e+00 1.631761546e-19 -8.957585631e-09 -1.093397524e-16 9.073631584e-09 1.100117458e-16 8.957585631e-09 1.093397524e-16 -9.073631579e-09 -1.100117458e-16 
d 1.000000000e+09 1.059879701e+03 1.059879853e+03 7.450989857e+07 1.515900654e+12 1.600000000e-01 0.000000000e+00 0.000000000e+00 -9.790569277e-21 -9.596283042e-09 -1.097684483e-16 9.719277033e-09 1.104463928e-16 9.596283042e-09 1.097684483e-16 -9.719277039e-09 -1.104463928e-16 
d 1.000000000e+09 1.059879701e+03 1.059879850e+03 1.312993804e+08 1.969635516e+12 1.400000000e-01 0.000000000e+00 0.000000000e+00 6.853398495e-20 -1.031366273e-08 -1.102172404e-16 1.044434204e-08 1.109013031e-16 1.031366273e-08 1.102172404e-16 -1.044434204e-08 -1.109013031e-16 
d 1.000000000e+09 1.059879701e+03 1.059879847e+03 2.315283446e+08 2.557699926e+12 1.200000000e-01 0.000000000e+00 0.000000000e+00 6.853398494e-20 -1.112147038e-08 -1.106877093e-16 1.126067654e-08 1.113780688e-16 1.112147038e-08 1.106877093e-16 -1.126067655e-08 -1.113780688e-16 
d 1.000000000e+09 1.059879701e+03 1.059879843e+03 4.085528521e+08 3.319205621e+12 1.000000000e-01 0.000000000e+00 0.000000000e+00 8.485160041e-20 -1.203340872e-08 -1.111815639e-16 1.218210479e-08 1.118784112e-16 1.203340872e-08 1.111815639e-16 -1.218210480e-08 -1.118784112e-16 
d 1.000000000e+09 1.059879701e+03 1.059879840e+03 7.214459831e+08 4.304350641e+12 8.000000000e-02 0.000000000e+00 0.000000000e+00 -4.568932329e-20 -1.306548630e-08 -1.117006473e-16 1.322477723e-08 1.124041866e-16 1.306548630e-08 1.117006473e-16 -1.322477724e-08 -1.124041866e-16 
d 1.000000000e+09 1.059879701e+03 1.059879836e+03 1.274908134e+09 5.577421499e+12 6.000000000e-02 0.000000000e+00 0.000000000e+00 -5.547989257e-20 -1.423643424e-08 -1.122469422e-16 1.440759106e-08 1.129573916e-16 1.423643424e-08 1.122469422e-16 -1.440759105e-08 -1.129573916e-16 
d 1.000000000e+09 1.059879701e+03 1.059879833e+03 2.254656694e+09 7.220541696e+12 4.000000000e-02 0.000000000e+00 0.000000000e+00 -1.958113856e-19 -1.556820878e-08 -1.128225760e-16 1.575269727e-08 1.135401680e-16 1.556820878e-08 1.128225760e-16 -1.575269727e-08 -1.135401680e-16 
d 1.000000000e+09 1.059879701e+03 1.059879829e+03 3.990377368e+09 9.338319276e+12 2.000000000e-02 0.000000000e+00 0.000000000e+00 3.916227711e-20 -1.708660520e-08 -1.134298263e-16 1.728612021e-08 1.141548088e-16 1.708660520e-08 1.134298263e-16 -1.728612021e-08 -1.141548088e-16 
d 1.000000000e+09 1.059879701e+03 1.059879826e+03 7.067780045e+09 1.206356004e+13 3.846006207e-16 0.000000000e+00 0.000000000e+00 -1.827572932e-19 -1.882202094e-08 -1.140711273e-16 1.903852741e-08 1.148037636e-16 1.882202094e-08 1.140711273e-16 -1.903852741e-08 -1.148037636e-16 
d 1.000000000e+09 1.059879701e+03 1.059879822e+03 1.252817894e+10 1.556421755e+13 -2.000000000e-02 0.000000000e+00 0.000000000e+00 -2.610818474e-20 -2.081042431e-08 -1.147490778e-16 2.104620692e-08 1.154896469e-16 2.081042431e-08 1.147490778e-16 -2.104620692e-08 -1.154896469e-16 
d 1.000000000e+09 1.059879701e+03 1.059879818e+03 2.222410200e+10 2.005173785e+13 -4.000000000e-02 0.000000000e+00 0.000000000e+00 8.811512350e-20 -2.309461356e-08 -1.154664504e-16 2.335233715e-08 1.162152468e-16 2.309461356e-08 1.154664504e-16 -2.335233715e-08 -1.162152468e-16 
d 1.000000000e+09 1.059879701e+03 1.059879814e+03 3.945297702e+10 2.579091397e+13 -6.000000000e-02 0.000000000e+00 0.000000000e+00 3.263523092e-20 -2.572589175e-08 -1.162262006e-16 2.600867576e-08 1.169835334e-16 2.572589175e-08 1.162262006e-16 -2.600867576e-08 -1.169835334e-16 
d 1.000000000e+09 1.059879701e+03 1.059879810e+03 7.008593455e+10 3.311127527e+13 -8.000000000e-02 0.000000000e+00 0.000000000e+00 -1.794937701e-19 -2.876633892e-08 -1.170314696e-16 2.907785005e-08 1.177976609e-16 2.876633892e-08 1.170314696e-16 -2.907785005e-08 -1.177976609e-16 
d 1.000000000e+09 1.059879701e+03 1.059879806e+03 1.245763866e+11 4.241987609e+13 -1.000000000e-01 0.000000000e+00 0.000000000e+00 -4.895284639e-20 -3.229193371e-08 -1.178855653e-16 3.263650252e-08 1.186609471e-16 3.229193371e-08 1.178855653e-16 -3.263650251e-08 -1.186609471e-16 
d 1.000000000e+09 1.059879701e+03 1.059879802e+03 2.215261316e+11 5.421508839e+13 -1.200000000e-01 0.000000000e+00 0.000000000e+00 -1.370679699e-19 -3.639685100e-08 -1.187918913e-16 3.677961976e-08 1.195768001e-16 3.639685100e-08 1.187918913e-16 -3.677961976e-08 -1.195768001e-16 
d 1.000000000e+09 1.059879701e+03 1.059879798e+03 3.939915418e+11 6.910061246e+13 -1.400000000e-01 0.000000000e+00 0.000000000e+00 -2.937170784e-20 -4.119930765e-08 -1.197537657e-16 4.162641803e-08 1.205485336e-16 4.119930765e-08 1.197537657e-16 -4.162641803e-08 -1.205485336e-16 
d 1.000000000e+09 1.059879701e+03 1.059879794e+03 7.005602120e+11 8.779837412e+13 -1.600000000e-01 0.000000000e+00 0.000000000e+00 1.794937701e-19 -4.684926571e-08 -1.207740339e-16 4.732809464e-08 1.215789734e-16 4.684926571e-08 1.207740339e-16 -4.732809464e-08 -1.215789734e-16 
d 1.000000000e+09 1.059879701e+03 1.059879789e+03 1.244592065e+12 1.111582778e+14 -1.800000000e-01 0.000000000e+00 0.000000000e+00 9.790569274e-20 -5.353797332e-08 -1.218543390e-16 5.407742140e-08 1.226697179e-16 5.353797332e-08 1.218543390e-16 -5.407742141e-08 -1.226697179e-16 
d 1.000000000e+09 1.059879701e+03 1.059879785e+03 2.207045494e+12 1.401619936e+14 -2.000000000e-01 0.000000000e+00 0.000000000e+00 6.200693866e-20 -6.150847589e-08 -1.229939015e-16 6.211930085e-08 1.238199051e-16 6.150847589e-08 1.229939015e-16 -6.211930084e-08 -1.238199051e-16 
d 1.000000000e+09 1.059879701e+03 1.059879780e+03 3.900861851e+12 1.759172308e+14 -2.200000000e-01 0.000000000e+00 0.000000000e+00 -3.263523387e-21 -7.106459566e-08 -1.241877741e-16 7.175975922e-08 1.250244496e-16 7.106459566e-08 1.241877741e-16 -7.175975922e-08 -1.250244496e-16 
d 1.000000000e+09 1.059879701e+03 1.059879775e+03 6.856814744e+12 2.196385726e+14 -2.400000000e-01 0.000000000e+00 0.000000000e+00 -3.263523186e-20 -8.257350176e-08 -1.254249215e-16 8.336846015e-08 1.262721055e-16 8.257350176e-08 1.254249215e-16 -8.336846015e-08 -1.262721055e-16 
d 1.000000000e+09 1.059879701e+03 1.059879770e+03 1.194830326e+13 2.726112217e+14 -2.600000000e-01 0.000000000e+00 0.000000000e+00 -2.937171056e-20 -9.645485276e-08 -1.266872747e-16 9.736767768e-08 1.275445166e-16 9.645485276e-08 1.266872747e-16 -9.736767768e-08 -1.275445166e-16 
d 1.000000000e+09 1.059879701e+03 1.059879765e+03 2.054715797e+13 3.361349827e+14 -2.800000000e-01 0.000000000e+00 0.000000000e+00 1.533855774e-19 -1.131498434e-07 -1.279519548e-16 1.142010382e-07 1.288184652e-16 1.131498434e-07 1.279519548e-16 -1.142010382e-07 -1.288184652e-16 
d 1.000000000e+09 1.059879701e+03 1.059879760e+03 3.466105880e+13 4.114468682e+14 -3.000000000e-01 0.000000000e+00 0.000000000e+00 -1.305409237e-20 -1.330684859e-07 -1.291991998e-16 1.342803941e-07 1.300738719e-16 1.330684859e-07 1.291991998e-16 -1.342803942e-07 -1.300738719e-16 
d 1.000000000e+09 1.059879701e+03 1.059879754e+03 5.693261282e+13 4.996210767e+14 -3.200000000e-01 0.000000000e+00 0.000000000e+00 -2.284466165e-20 -1.565219196e-07 -1.304265062e-16 1.579177168e-07 1.313080580e-16 1.565219196e-07 1.304265062e-16 -1.579177168e-07 -1.313080580e-16 
d 1.000000000e+09 1.059879701e+03 1.059879748e+03 9.032851257e+13 6.014469216e+14 -3.400000000e-01 0.000000000e+00 0.000000000e+00 3.263523093e-20 -1.836536284e-07 -1.316643797e-16 1.852559938e-07 1.325516251e-16 1.836536284e-07 1.316643797e-16 -1.852559938e-07 -1.325516251e-16 
d 1.000000000e+09 1.059879701e+03 1.059879741e+03 1.374401374e+14 7.172970902e+14 -3.600000000e-01 0.000000000e+00 0.000000000e+00 1.697032008e-19 -2.143872038e-07 -1.329838690e-16 2.162168422e-07 1.338760470e-16 2.143872038e-07 1.329838690e-16 -2.162168422e-07 -1.338760470e-16 
d 1.000000000e+09 1.059879701e+03 1.059879734e+03 1.996273299e+14 8.470254222e+14 -3.800000000e-01 0.000000000e+00 0.000000000e+00 -1.958113856e-20 -2.484111950e-07 -1.344873334e-16 2.504854307e-07 1.353843666e-16 2.484111950e-07 1.344873334e-16 -2.504854307e-07 -1.353843666e-16 
d 1.000000000e+09 1.059879701e+03 1.059879727e+03 2.765176588e+14 9.899519240e+14 -4.000000000e-01 0.000000000e+00 0.000000000e+00 5.221636948e-20 -2.852172885e-07 -1.362844470e-16 2.875489929e-07 1.371870155e-16 2.852172885e-07 1.362844470e-16 -2.875489929e-07 -1.371870155e-16 
d 1.000000000e+09 1.059879700e+03 1.059879719e+03 3.662040612e+14 1.144962779e+15 -4.200000000e-01 0.000000000e+00 0.000000000e+00 1.272774006e-19 -3.241853526e-07 -1.384664717e-16 3.267824223e-07 1.393758868e-16 3.241853526e-07 1.384664717e-16 -3.267824223e-07 -1.393758868e-16 
d 1.000000000e+09 1.059879700e+03 1.059879711e+03 4.659557655e+14 1.310686132e+15 -4.400000000e-01 0.000000000e+00 0.000000000e+00 3.589875402e-20 -3.646818206e-07 -1.410915034e-16 3.675472431e-07 1.420094615e-16 3.646818206e-07 1.410915034e-16 -3.675472431e-07 -1.420094615e-16 
d 1.000000000e+09 1.059879700e+03 1.059879702e+03 5.729648738e+14 1.485667662e+15 -4.600000000e-01 0.000000000e+00 0.000000000e+00 1.827572932e-19 -4.061354308e-07 -1.441834474e-16 4.092677851e-07 1.451117664e-16 4.061354308e-07 1.441834474e-16 -4.092677851e-07 -1.451117664e-16 
d 1.000000000e+09 1.059879699e+03 1.059879693e+03 6.848114827e+14 1.668491899e+15 -4.800000000e-01 0.000000000e+00 0.000000000e+00 -1.305409237e-19 -4.480758734e-07 -1.477394364e-16 4.514700381e-07 1.486798410e-16 4.480758734e-07 1.477394364e-16 -4.514700381e-07 -1.486798410e-16 
d 1.000000000e+09 1.059879699e+03 1.059879685e+03 7.996190323e+14 1.857838254e+15 -5.000000000e-01 0.000000000e+00 0.000000000e+00 -1.729667239e-19 -4.901417813e-07 -1.517393800e-16 4.937896665e-07 1.526933550e-16 4.901417813e-07 1.517393800e-16 -4.937896665e-07 -1.526933550e-16 
d 1.000000000e+09 1.059879698e+03 1.059879676e+03 9.160152540e+14 2.052486886e+15 -5.200000000e-01 0.000000000e+00 0.000000000e+00 2.610818474e-20 -5.320717567e-07 -1.561540559e-16 5.359629583e-07 1.571227582e-16 5.320717567e-07 1.561540559e-16 -5.359629584e-07 -1.571227582e-16 
d 1.000000000e+09 1.059879698e+03 1.059879667e+03 1.033014529e+15 2.251294321e+15 -5.400000000e-01 0.000000000e+00 0.000000000e+00 2.447642319e-19 -5.736898830e-07 -1.609507221e-16 5.778122291e-07 1.619349356e-16 5.736898830e-07 1.609507221e-16 -5.778122291e-07 -1.619349356e-16 
d 1.000000000e+09 1.059879697e+03 1.059879659e+03 1.149889722e+15 2.453153438e+15 -5.600000000e-01 0.000000000e+00 0.000000000e+00 -1.109597851e-19 -6.148927394e-07 -1.660964975e-16 6.192327371e-07 1.670966134e-16 6.148927394e-07 1.660964975e-16 -6.192327371e-07 -1.670966134e-16 
d 1.000000000e+09 1.059879696e+03 1.059879650e+03 1.266061020e+15 2.656945940e+15 -5.800000000e-01 0.000000000e+00 0.000000000e+00 1.305409237e-20 -6.556418044e-07 -1.715600623e-16 6.601850209e-07 1.725760730e-16 6.556418044e-07 1.715600623e-16 -6.601850209e-07 -1.725760730e-16 
d 1.000000000e+09 1.059879695e+03 1.059879642e+03 1.381007288e+15 2.861490960e+15 -6.000000000e-01 0.000000000e+00 0.000000000e+00 4.242580020e-20 -6.959638025e-07 -1.773121170e-16 7.006952219e-07 1.783436134e-16 6.959638025e-07 1.773121170e-16 -7.006952219e-07 -1.783436134e-16 
d 1.000000000e+09 1.059879694e+03 1.059879634e+03 1.494196814e+15 3.065491361e+15 -6.200000000e-01 0.000000000e+00 0.000000000e+00 -6.853398494e-20 -7.359614414e-07 -1.833247814e-16 7.408658497e-07 1.843709453e-16 7.359614414e-07 1.833247814e-16 -7.408658497e-07 -1.843709453e-16 
d 1.000000000e+09 1.059879693e+03 1.059879627e+03 1.605032638e+15 3.267479149e+15 -6.400000000e-01 0.000000000e+00 0.000000000e+00 1.533855853e-19 -7.758373647e-07 -1.895698218e-16 7.808998169e-07 1.906294056e-16 7.758373647e-07 1.895698218e-16 -7.808998169e-07 -1.906294056e-16 
d 1.000000000e+09 1.059879692e+03 1.059879621e+03 1.712809263e+15 3.465763314e+15 -6.600000000e-01 0.000000000e+00 0.000000000e+00 -1.566491084e-19 -8.159339495e-07 -1.960152871e-16 8.211403703e-07 1.970865684e-16 8.159339495e-07 1.960152871e-16 -8.211403703e-07 -1.970865684e-16 
d 1.000000000e+09 1.059879691e+03 1.059879614e+03 1.816680886e+15 3.658387575e+15 -6.800000000e-01 0.000000000e+00 0.000000000e+00 -2.088654779e-19 -8.567889867e-07 -2.026198703e-16 8.621269234e-07 2.037005662e-16 8.567889867e-07 2.026198703e-16 -8.621269234e-07 -2.037005662e-16 
d 1.000000000e+09 1.059879690e+03 1.059879609e+03 1.915646070e+15 3.843112720e+15 -7.000000000e-01 0.000000000e+00 0.000000000e+00 -1.599126315e-19 -8.991990580e-07 -2.093243395e-16 9.046585222e-07 2.104114626e-16 8.991990580e-07 2.093243395e-16 -9.046585222e-07 -2.104114626e-16 
d 1.000000000e+09 1.059879688e+03 1.059879604e+03 2.008559901e+15 4.017448230e+15 -7.200000000e-01 0.000000000e+00 0.000000000e+00 2.284466165e-20 -9.442646025e-07 -2.160402812e-16 9.498387527e-07 2.171299220e-16 9.442646025e-07 2.160402812e-16 -9.498387527e-07 -2.171299220e-16 
d 1.000000000e+09 1.059879687e+03 1.059879600e+03 2.094190344e+15 4.178767394e+15 -7.400000000e-01 0.000000000e+00 0.000000000e+00 9.137864659e-20 -9.933633736e-07 -2.226390332e-16 9.990484947e-07 2.237260730e-16 9.933633736e-07 2.226390332e-16 -9.990484947e-07 -2.237260730e-16 
d 1.000000000e+09 1.059879686e+03 1.059879597e+03 2.171335295e+15 4.324538130e+15 -7.600000000e-01 0.000000000e+00 0.000000000e+00 2.937170783e-20 -1.047978918e-06 -2.289480938e-16 1.053772839e-06 2.300258987e-16 1.047978918e-06 2.289480938e-16 -1.053772839e-06 -2.300258987e-16 
d 1.000000000e+09 1.059879685e+03 1.059879594e+03 2.239000365e+15 4.452668653e+15 -7.800000000e-01 0.000000000e+00 0.000000000e+00 -1.240138775e-19 -1.109341679e-06 -2.347650420e-16 1.115239758e-06 2.358252427e-16 1.109341679e-06 2.347650420e-16 -1.115239758e-06 -2.358252427e-16 
d 1.000000000e+09 1.059879685e+03 1.059879592e+03 2.296597830e+15 4.561890221e+15 -8.000000000e-01 0.000000000e+00 0.000000000e+00 7.506103113e-20 -1.177961559e-06 -2.398924644e-16 1.183950066e-06 2.409249417e-16 1.177961559e-06 2.398924644e-16 -1.183950066e-06 -2.409249417e-16 
d 1.000000000e+09 1.059879685e+03 1.059879591e+03 2.344081829e+15 4.652012796e+15 -8.200000000e-01 0.000000000e+00 0.000000000e+00 -5.221636948e-20 -1.253277767e-06 -2.441796007e-16 1.259325863e-06 2.451727152e-16 1.253277767e-06 2.441796007e-16 -1.259325863e-06 -2.451727152e-16 
d 1.000000000e+09 1.059879687e+03 1.059879590e+03 2.381932685e+15 4.723887419e+15 -8.400000000e-01 0.000000000e+00 0.000000000e+00 -2.284466165e-19 -1.333631972e-06 -2.475449867e-16 1.339684444e-06 2.484859628e-16 1.333631972e-06 2.475449867e-16 -1.339684444e-06 -2.484859628e-16 
d 1.000000000e+09 1.059879691e+03 1.059879589e+03 2.410973153e+15 4.779045275e+15 -8.600000000e-01 0.000000000e+00 0.000000000e+00 -1.272774006e-19 -1.416513043e-06 -2.499700074e-16 1.422485562e-06 2.508453602e-16 1.416513043e-06 2.499700074e-16 -1.422485562e-06 -2.508453602e-16 
d 1.000000000e+09 1.059879696e+03 1.059879588e+03 2.432087547e+15 4.819152412e+15 -8.800000000e-01 0.000000000e+00 0.000000000e+00 2.610818474e-20 -1.498788214e-06 -2.514815312e-16 1.504565718e-06 2.522775567e-16 1.498788214e-06 2.514815312e-16 -1.504565718e-06 -2.522775567e-16 
d 1.000000000e+09 1.059879704e+03 1.059879588e+03 2.445935223e+15 4.845456710e+15 -9.000000000e-01 0.000000000e+00 0.000000000e+00 4.242580020e-20 -1.576694713e-06 -2.521485901e-16 1.582133445e-06 2.528521062e-16 1.576694713e-06 2.521485901e-16 -1.582133445e-06 -2.528521062e-16 
d 1.000000000e+09 1.059879714e+03 1.059879588e+03 2.452694608e+15 4.858296351e+15 -9.200000000e-01 0.000000000e+00 0.000000000e+00 1.109597851e-19 -1.645618507e-06 -2.520998311e-16 1.650554020e-06 2.526994442e-16 1.645618507e-06 2.520998311e-16 -1.650554020e-06 -2.526994442e-16 
d 1.000000000e+09 1.059879727e+03 1.059879588e+03 2.451806035e+15 4.856608490e+15 -9.400000000e-01 0.000000000e+00 0.000000000e+00 2.382371858e-19 -1.699896752e-06 -2.515445177e-16 1.704162796e-06 2.520326604e-16 1.699896752e-06 2.515445177e-16 -1.704162796e-06 -2.520326604e-16 
d 1.000000000e+09 1.059879742e+03 1.059879588e+03 2.441654953e+15 4.837326158e+15 -9.600000000e-01 0.000000000e+00 0.000000000e+00 -4.242580020e-20 -1.733024536e-06 -2.507562476e-16 1.736488566e-06 2.511320027e-16 1.733024536e-06 2.507562476e-16 -1.736488566e-06 -2.511320027e-16 
d 1.000000000e+09 1.059879759e+03 1.059879588e+03 2.419191620e+15 4.794656182e+15 -9.800000000e-01 0.000000000e+00 0.000000000e+00 6.527046185e-21 -1.738841198e-06 -2.499505615e-16 1.741456218e-06 2.502226204e-16 1.738841198e-06 2.499505615e-16 -1.741456218e-06 -2.502226204e-16 
d 1.000000000e+09 1.059879777e+03 1.059879589e+03 2.379683203e+15 4.719615264e+15 -1.000000000e+00 0.000000000e+00 0.000000000e+00 2.284466165e-20 -1.714275035e-06 -2.489908778e-16 1.716128823e-06 2.491787751e-16 1.714275035e-06 2.489908778e-16 -1.716128823e-06 -2.491787751e-16 
d 1.000000000e+09 1.059879796e+03 1.059879590e+03 2.317097686e+15 4.600790753e+15 -1.020000000e+00 0.000000000e+00 0.000000000e+00 1.109597851e-19 -1.662748199e-06 -2.470554894e-16 1.664067099e-06 2.471867255e-16 1.662748199e-06 2.470554894e-16 -1.664067098e-06 -2.471867255e-16 
d 1.000000000e+09 1.059879814e+03 1.059879591e+03 2.225497784e+15 4.427082805e+15 -1.040000000e+00 0.000000000e+00 0.000000000e+00 1.240138775e-19 -1.594013032e-06 -2.428326275e-16 1.595089933e-06 2.429358722e-16 1.594013032e-06 2.428326275e-16 -1.595089933e-06 -2.429358722e-16 
d 1.000000000e+09 1.059879833e+03 1.059879593e+03 2.100787822e+15 4.191218874e+15 -1.060000000e+00 0.000000000e+00 0.000000000e+00 -1.187262785e-32 -1.517432639e-06 -2.355236032e-16 1.518521025e-06 2.356222666e-16 1.517432639e-06 2.355236032e-16 -1.518521025e-06 -2.356222666e-16 
d 1.000000000e+09 1.059879852e+03 1.059879596e+03 1.941558058e+15 3.891650073e+15 -1.080000000e+00 0.000000000e+00 0.000000000e+00 8.158807731e-20 -1.435076142e-06 -2.255567909e-16 1.436330152e-06 2.256666718e-16 1.435076142e-06 2.255567909e-16 -1.436330152e-06 -2.256666718e-16 
d 1.000000000e+09 1.059879872e+03 1.059879599e+03 1.748909705e+15 3.532550919e+15 -1.100000000e+00 0.000000000e+00 0.000000000e+00 4.568932330e-20 -1.342339528e-06 -2.141712253e-16 1.343816036e-06 2.143017009e-16 1.342339528e-06 2.141712253e-16 -1.343816036e-06 -2.143017009e-16 
d 1.000000000e+09 1.059879893e+03 1.059879603e+03 1.526177411e+15 3.123557905e+15 -1.120000000e+00 0.000000000e+00 0.000000000e+00 1.305409237e-20 -1.233439033e-06 -2.026879463e-16 1.235122742e-06 2.028442585e-16 1.233439033e-06 2.026879463e-16 -1.235122742e-06 -2.028442585e-16 
d 1.000000000e+09 1.059879915e+03 1.059879606e+03 1.279200786e+15 2.680186124e+15 -1.140000000e+00 0.000000000e+00 0.000000000e+00 -7.832455422e-20 -1.105853348e-06 -1.921986595e-16 1.107679466e-06 1.923837429e-16 1.105853348e-06 1.921986595e-16 -1.107679466e-06 -1.923837429e-16 
d 1.000000000e+09 1.059879936e+03 1.059879610e+03 1.017313439e+15 2.224424903e+15 -1.160000000e+00 0.000000000e+00 0.000000000e+00 2.349736627e-19 -9.622027250e-07 -1.835483710e-16 9.640769579e-07 1.837638986e-16 9.622027250e-07 1.835483710e-16 -9.640769578e-07 -1.837638986e-16 
d 1.000000000e+09 1.059879956e+03 1.059879614e+03 7.549412671e+14 1.783878210e+15 -1.180000000e+00 0.000000000e+00 0.000000000e+00 1.076962621e-19 -8.103135894e-07 -1.773222819e-16 8.121351446e-07 1.775690543e-16 8.103135894e-07 1.773222819e-16 -8.121351447e-07 -1.775690543e-16 
d 1.000000000e+09 1.059879975e+03 1.059879617e+03 5.126379199e+14 1.387174220e+15 -1.200000000e+00 0.000000000e+00 0.000000000e+00 1.958113856e-20 -6.615869194e-07 -1.737019633e-16 6.632737701e-07 1.739797160e-16 6.615869194e-07 1.737019633e-16 -6.632737700e-07 -1.739797160e-16 
d 1.000000000e+09 1.059879990e+03 1.059879619e+03 3.136486512e+14 1.055174538e+15 -1.220000000e+00 0.000000000e+00 0.000000000e+00 2.121290010e-19 -5.273526051e-07 -1.722543942e-16 5.288593104e-07 1.725611813e-16 5.273526051e-07 1.722543942e-16 -5.288593104e-07 -1.725611813e-16 
d 1.000000000e+09 1.059880002e+03 1.059879621e+03 1.728969783e+14 7.934384440e+14 -1.240000000e+00 0.000000000e+00 0.000000000e+00 -9.464216968e-20 -4.146106036e-07 -1.719686168e-16 4.159285900e-07 1.723003973e-16 4.146106036e-07 1.719686168e-16 -4.159285899e-07 -1.723003973e-16 
d 1.000000000e+09 1.059880012e+03 1.059879622e+03 8.754127405e+13 5.937863202e+14 -1.260000000e+00 0.000000000e+00 0.000000000e+00 -3.263523092e-21 -3.245608465e-07 -1.717515625e-16 3.257046440e-07 1.721027455e-16 3.245608465e-07 1.717515625e-16 -3.257046442e-07 -1.721027455e-16 
d 1.000000000e+09 1.059880020e+03 1.059879623e+03 4.189222045e+13 4.429267597e+14 -1.280000000e+00 0.000000000e+00 0.000000000e+00 1.794937701e-19 -2.547124106e-07 -1.709698057e-16 2.557054647e-07 1.713345531e-16 2.547124106e-07 1.709698057e-16 -2.557054646e-07 -1.713345531e-16 
d 1.000000000e+09 1.059880026e+03 1.059879623e+03 1.943076466e+13 3.289660707e+14 -1.300000000e+00 0.000000000e+00 0.000000000e+00 -1.501220623e-19 -2.014485842e-07 -1.695396525e-16 2.023153561e-07 1.699130104e-16 2.014485842e-07 1.695396525e-16 -2.023153561e-07 -1.699130104e-16 
d 1.000000000e+09 1.059880032e+03 1.059879623e+03 8.883483683e+12 2.429832528e+14 -1.320000000e+00 0.000000000e+00 0.000000000e+00 -6.527046185e-20 -1.611905656e-07 -1.676740389e-16 1.619531167e-07 1.680523838e-16 1.611905656e-07 1.676740389e-16 -1.619531166e-07 -1.680523838e-16 
d 1.000000000e+09 1.059880037e+03 1.059879623e+03 4.041555285e+12 1.784026981e+14 -1.340000000e+00 0.000000000e+00 0.000000000e+00 -1.631761546e-19 -1.307572396e-07 -1.656271336e-16 1.314339085e-07 1.660080598e-16 1.307572396e-07 1.656271336e-16 -1.314339086e-07 -1.660080598e-16 
d 1.000000000e+09 1.059880042e+03 1.059879624e+03 1.838582850e+12 1.302213356e+14 -1.360000000e+00 0.000000000e+00 0.000000000e+00 1.533855853e-19 -1.075444875e-07 -1.635787231e-16 1.081497694e-07 1.639607056e-16 1.075444875e-07 1.635787231e-16 -1.081497695e-07 -1.639607056e-16 
d 1.000000000e+09 1.059880047e+03 1.059879624e+03 8.381903827e+11 9.454021314e+13 -1.380000000e+00 0.000000000e+00 0.000000000e+00 -5.221636948e-20 -8.958238112e-08 -1.616246207e-16 9.012749589e-08 1.620066935e-16 8.958238112e-08 1.616246207e-16 -9.012749598e-08 -1.620066935e-16 
d 1.000000000e+09 1.059880051e+03 1.059879624e+03 3.832548660e+11 6.830545640e+13 -1.400000000e+00 0.000000000e+00 0.000000000e+00 1.370679699e-19 -7.546169873e-08 -1.598043371e-16 7.595536894e-08 1.601858691e-16 7.546169873e-08 1.598043371e-16 -7.595536892e-08 -1.601858691e-16 
d 1.000000000e+09 1.059880055e+03 1.059879624e+03 1.757867769e+11 4.914191696e+13 -1.420000000e+00 0.000000000e+00 0.000000000e+00 8.811512350e-20 -6.419918747e-08 -1.581277839e-16 6.464833196e-08 1.585083464e-16 6.419918747e-08 1.581277839e-16 -6.464833194e-08 -1.585083464e-16 
d 1.000000000e+09 1.059880059e+03 1.059879624e+03 8.086704956e+10 3.522411030e+13 -1.440000000e+00 0.000000000e+00 0.000000000e+00 -6.200693876e-20 -5.510778754e-08 -1.565916475e-16 5.551803693e-08 1.569709404e-16 5.510778754e-08 1.565916475e-16 -5.551803683e-08 -1.569709404e-16 
d 1.000000000e+09 1.059880062e+03 1.059879624e+03 3.730120468e+10 2.516659073e+13 -1.460000000e+00 0.000000000e+00 0.000000000e+00 4.895284639e-20 -4.769839620e-08 -1.551875292e-16 4.807444291e-08 1.555653403e-16 4.769839620e-08 1.551875292e-16 -4.807444274e-08 -1.555653403e-16 
d 1.000000000e+09 1.059880066e+03 1.059879624e+03 1.724662496e+10 1.793004353e+13 -1.480000000e+00 0.000000000e+00 0.000000000e+00 -2.317101396e-19 -4.161357904e-08 -1.539054901e-16 4.195940669e-08 1.542816715e-16 4.161357904e-08 1.539054901e-16 -4.195940667e-08 -1.542816715e-16 
d 1.000000000e+09 1.059880069e+03 1.059879624e+03 7.990668985e+09 1.274267095e+13 -1.500000000e+00 0.000000000e+00 0.000000000e+00 -2.284466165e-20 -3.658507733e-08 -1.527354457e-16 3.690411127e-08 1.531098984e-16 3.658507733e-08 1.527354457e-16 -3.690411123e-08 -1.531098984e-16 
d 1.000000000e+09 1.059880072e+03 1.059879624e+03 3.708848722e+09 9.036248068e+12 -1.520000000e+00 0.000000000e+00 0.000000000e+00 -1.207503544e-19 -3.240690750e-08 -1.516676704e-16 3.270211694e-08 1.520403330e-16 3.240690750e-08 1.516676704e-16 -3.270211692e-08 -1.520403330e-16 
d 1.000000000e+09 1.059880075e+03 1.059879624e+03 1.724111000e+09 6.395450240e+12 -1.540000000e+00 0.000000000e+00 0.000000000e+00 1.631761546e-20 -2.891809329e-08 -1.506929713e-16 2.919206446e-08 1.510638115e-16 2.891809329e-08 1.506929713e-16 -2.919206441e-08 -1.510638115e-16 
d 1.000000000e+09 1.059880078e+03 1.059879624e+03 8.025435081e+08 4.518557056e+12 -1.560000000e+00 0.000000000e+00 0.000000000e+00 4.242580020e-20 -2.599122483e-08 -1.498027507e-16 2.624621671e-08 1.501717584e-16 2.599122483e-08 1.498027507e-16 -2.624621671e-08 -1.501717584e-16 
d 1.000000000e+09 1.059880081e+03 1.059879624e+03 3.739979409e+08 3.187504910e+12 -1.580000000e+00 0.000000000e+00 0.000000000e+00 -6.527046185e-21 -2.352456300e-08 -1.489890326e-16 2.376255223e-08 1.493562144e-16 2.352456300e-08 1.489890326e-16 -2.376255225e-08 -1.493562144e-16 
d 1.000000000e+09 1.059880084e+03 1.059879624e+03 1.744610443e+08 2.245380488e+12 -1.600000000e+00 0.000000000e+00 0.000000000e+00 3.916227711e-20 -2.143636042e-08 -1.482444719e-16 2.165907888e-08 1.486098464e-16 2.143636042e-08 1.482444719e-16 -2.165907903e-08 -1.486098464e-16 
d 1.000000000e+09 1.059880087e+03 1.059879624e+03 8.145121080e+07 1.579695078e+12 -1.620000000e+00 0.000000000e+00 0.000000000e+00 -7.179750804e-20 -1.966062985e-08 -1.475623516e-16 1.986959696e-08 1.479259456e-16 1.966062985e-08 1.475623516e-16 -1.986959696e-08 -1.479259456e-16 
d 1.000000000e+09 1.059880089e+03 1.059879624e+03 3.805537513e+07 1.110067438e+12 -1.640000000e+00 0.000000000e+00 0.000000000e+00 7.506103113e-20 -1.814390664e-08 -1.469365663e-16 1.834045728e-08 1.472984125e-16 1.814390664e-08 1.469365663e-16 -1.834045739e-08 -1.472984125e-16 
d 1.000000000e+09 1.059880092e+03 1.059879624e+03 1.779141631e+07 7.792204871e+11 -1.660000000e+00 0.000000000e+00 0.000000000e+00 -1.762302470e-19 -1.684272723e-08 -1.463615965e-16 1.702803613e-08 1.467217310e-16 1.684272723e-08 1.463615965e-16 -1.702803614e-08 -1.467217310e-16 
d 1.000000000e+09 1.059880094e+03 1.059879624e+03 8.322307458e+06 5.464406767e+11 -1.680000000e+00 0.000000000e+00 0.000000000e+00 4.568932330e-20 -1.572164367e-08 -1.458324733e-16 1.589674657e-08 1.461909339e-16 1.572164367e-08 1.458324733e-16 -1.589674666e-08 -1.461909339e-16 
d 1.000000000e+09 1.059880097e+03 1.059879624e+03 3.894784647e+06 3.828508276e+11 -1.700000000e+00 0.000000000e+00 0.000000000e+00 -2.937170783e-20 -1.475165009e-08 -1.453447385e-16 1.491746210e-08 1.457015637e-16 1.475165009e-08 1.453447385e-16 -1.491746217e-08 -1.457015637e-16 
d 1.000000000e+09 1.059880099e+03 1.059879624e+03 1.823482632e+06 2.680084702e+11 -1.720000000e+00 0.000000000e+00 0.000000000e+00 -1.468585392e-19 -1.390893097e-08 -1.448944011e-16 1.406626249e-08 1.452496292e-16 1.390893097e-08 1.448944011e-16 -1.406626264e-08 -1.452496292e-16 
d 1.000000000e+09 1.059880101e+03 1.059879624e+03 8.540316555e+05 1.874670858e+11 -1.740000000e+00 0.000000000e+00 0.000000000e+00 -1.076962621e-19 -1.317386311e-08 -1.444778944e-16 1.332343351e-08 1.448315629e-16 1.317386311e-08 1.444778944e-16 -1.332343356e-08 -1.448315629e-16 
d 1.000000000e+09 1.059880103e+03 1.059879624e+03 4.001098307e+05 1.310332701e+11 -1.760000000e+00 0.000000000e+00 0.000000000e+00 1.109597851e-19 -1.253021846e-08 -1.440920332e-16 1.267266798e-08 1.444441783e-16 1.253021846e-08 1.440920332e-16 -1.267266791e-08 -1.444441783e-16 
d 1.000000000e+09 1.059880105e+03 1.059879624e+03 1.874989290e+05 9.152469160e+10 -1.780000000e+00 0.000000000e+00 0.000000000e+00 1.958113856e-20 -1.196452644e-08 -1.437339741e-16 1.210042630e-08 1.440846303e-16 1.196452644e-08 1.437339741e-16 -1.210042651e-08 -1.440846303e-16 
d 1.000000000e+09 1.059880107e+03 1.059879624e+03 8.788531939e+04 6.388710009e+10 -1.800000000e+00 0.000000000e+00 0.000000000e+00 -9.790569278e-20 -1.146556287e-08 -1.434011777e-16 1.159542408e-08 1.437503782e-16 1.146556287e-08 1.434011777e-16 -1.159542411e-08 -1.437503782e-16 
d 1.000000000e+09 1.059880109e+03 1.059879624e+03 4.120192006e+04 4.456794215e+10 -1.820000000e+00 0.000000000e+00 0.000000000e+00 -2.284466165e-20 -1.102393951e-08 -1.430913754e-16 1.114822041e-08 1.434391513e-16 1.102393951e-08 1.430913754e-16 -1.114822043e-08 -1.434391513e-16 
d 1.000000000e+09 1.059880111e+03 1.059879624e+03 1.931921284e+04 3.107286191e+10 -1.840000000e+00 0.000000000e+00 0.000000000e+00 3.589875402e-20 -1.063177375e-08 -1.428025380e-16 1.075088644e-08 1.431489187e-16 1.063177375e-08 1.428025380e-16 -1.075088658e-08 -1.431489187e-16 
d 1.000000000e+09 1.059880113e+03 1.059879624e+03 9.059849376e+03 2.165222910e+10 -1.860000000e+00 0.000000000e+00 0.000000000e+00 2.374525569e-32 -1.028242196e-08 -1.425328490e-16 1.039673800e-08 1.428778621e-16 1.028242196e-08 1.425328490e-16 -1.039673802e-08 -1.428778621e-16 
d 1.000000000e+09 1.059880115e+03 1.059879624e+03 4.249150298e+03 1.507991507e+10 -1.880000000e+00 0.000000000e+00 0.000000000e+00 -2.610818474e-20 -9.970263829e-09 -1.422806795e-16 1.008011898e-08 1.426243510e-16 9.970263829e-09 1.422806795e-16 -1.008011893e-08 -1.426243510e-16 
d 1.000000000e+09 1.059880116e+03 1.059879624e+03 1.993075999e+03 1.049738918e+10 -1.900000000e+00 0.000000000e+00 0.000000000e+00 1.305409237e-20 -9.690527149e-09 -1.420445670e-16 9.796225603e-09 1.423869211e-16 9.690527149e-09 1.420445670e-16 -9.796225560e-09 -1.423869211e-16 
d 1.000000000e+09 1.059880118e+03 1.059879624e+03 9.349283386e+02 7.303988786e+09 -1.920000000e+00 0.000000000e+00 0.000000000e+00 -1.370679699e-19 -9.439145246e-09 -1.418231964e-16 9.540963230e-09 1.421642557e-16 9.439145246e-09 1.418231964e-16 -9.540963104e-09 -1.421642557e-16 
d 1.000000000e+09 1.059880120e+03 1.059879624e+03 4.385896488e+02 5.079778199e+09 -1.940000000e+00 0.000000000e+00 0.000000000e+00 6.853398494e-20 -9.212640448e-09 -1.416153830e-16 9.310829373e-09 1.419551686e-16 9.212640448e-09 1.416153830e-16 -9.310829413e-09 -1.419551686e-16 
d 1.000000000e+09 1.059880121e+03 1.059879624e+03 2.057584384e+02 3.531376157e+09 -1.960000000e+00 0.000000000e+00 0.000000000e+00 6.527046185e-20 -9.008028571e-09 -1.414200577e-16 9.102817772e-09 1.417585894e-16 9.008028571e-09 1.414200577e-16 -9.102817971e-09 -1.417585894e-16 
d 1.000000000e+09 1.059880123e+03 1.059879624e+03 9.653180946e+01 2.453950854e+09 -1.980000000e+00 0.000000000e+00 0.000000000e+00 -1.958113856e-20 -8.822740343e-09 -1.412362545e-16 8.914339457e-09 1.415735505e-16 8.822740342e-09 1.412362545e-16 -8.914339570e-09 -1.415735505e-16 
d 1.000000000e+09 1.059880125e+03 1.059879624e+03 4.528888464e+01 1.704581909e+09 -2.000000000e+00 0.000000000e+00 0.000000000e+00 -8.811512350e-20 -8.654556556e-09 -1.410630984e-16 8.743157616e-09 1.413991759e-16 8.654556556e-09 1.410630984e-16 -8.743157558e-09 -1.413991759e-16 
