v ATLAS
# This file was created by ATLAS version 5.26.1.R on Mon Apr 16 16:25:43 2018.
#SSF 2.0 generic
##############################################################################
#                    Copyright (c) 1984 - 2018                               #
#                    Silvaco Inc. All rights reserved                        #
#                                                                            #
# This file format and the following Key are copyright Silvaco Inc.          #
# You may not use, this format or key without reproducing this message in    #
# full and obtaining express written permission from Silvaco Inc.            #
#                                                                            #
# To obtain such permission please contact: Silvaco Inc.                     #
#                                           support@silvaco.com              #
#                                                                            #
# KEY=SVC86hn7562asdx                       PROD=345                         #
##############################################################################
y 1 15
z 300
f 2 "anode" "cathode" 
o 1 Integrated Ionic species 1  
o 2 Integrated Ionic species 2  
o 3 Ionic species 1 density cm^-3
o 4 Ionic species 2 density cm^-3
p 17 40 3000 3001 3002 3003 2 20 3 21 3000000 2000000 3001000 2001000 3000001 2000001 3001001 2001001 
Q 3000000 3 "Mhos" 
Q 2000000 3 "F" 
Q 3001000 3 "Mhos" 
Q 2001000 3 "F" 
Q 3000001 3 "Mhos" 
Q 2000001 3 "F" 
Q 3001001 3 "Mhos" 
Q 2001001 3 "F" 
d 1.000000000e+02 1.059879624e+03 1.059879958e+03 1.128215410e+02 8.276198334e+06 1.000000000e+00 0.000000000e+00 0.000000000e+00 -7.179750802e-20 -6.626092550e-16 -1.006078983e-16 6.744120638e-16 1.011042910e-16 6.707283119e-16 1.006083955e-16 -6.499024124e-16 -1.011047908e-16 
d 1.000000000e+02 1.059879624e+03 1.059879956e+03 2.411856906e-03 1.160406608e+07 9.800000000e-01 0.000000000e+00 0.000000000e+00 8.485160041e-20 -6.628164019e-16 -1.006915866e-16 6.709377688e-16 1.011918679e-16 6.677954634e-16 1.006918981e-16 -6.633119825e-16 -1.011921835e-16 
d 1.000000000e+02 1.059879624e+03 1.059879954e+03 3.036913269e-03 1.623742174e+07 9.600000000e-01 0.000000000e+00 0.000000000e+00 -3.263546683e-21 -6.627807447e-16 -1.007794502e-16 6.679753725e-16 1.012830648e-16 6.647564449e-16 1.007795774e-16 -6.615502258e-16 -1.012831927e-16 
d 1.000000000e+02 1.059879624e+03 1.059879952e+03 6.040993514e-03 2.267200760e+07 9.400000000e-01 0.000000000e+00 0.000000000e+00 -1.958114996e-20 -6.621819105e-16 -1.008714720e-16 6.661618911e-16 1.013788071e-16 6.628304855e-16 1.008715150e-16 -6.657612921e-16 -1.013788504e-16 
d 1.000000000e+02 1.059879624e+03 1.059879949e+03 1.194743405e-02 3.158374993e+07 9.200000000e-01 0.000000000e+00 0.000000000e+00 -3.263525575e-21 -6.604306190e-16 -1.009681816e-16 6.670072204e-16 1.014786130e-16 6.636456870e-16 1.009684024e-16 -6.644198854e-16 -1.014788330e-16 
d 1.000000000e+02 1.059879624e+03 1.059879947e+03 2.352792503e-02 4.389042195e+07 9.000000000e-01 0.000000000e+00 0.000000000e+00 1.892843684e-19 -6.591777087e-16 -1.010694760e-16 6.661211675e-16 1.015842036e-16 6.626816922e-16 1.010697245e-16 -6.621067069e-16 -1.015844546e-16 
d 1.000000000e+02 1.059879624e+03 1.059879945e+03 4.607162545e-02 6.083271891e+07 8.800000000e-01 0.000000000e+00 0.000000000e+00 -7.179746995e-20 -6.579239260e-16 -1.011762140e-16 6.649710375e-16 1.016944460e-16 6.616026158e-16 1.011764859e-16 -6.567612266e-16 -1.016947194e-16 
d 1.000000000e+02 1.059879624e+03 1.059879943e+03 8.975608745e-02 8.408021411e+07 8.600000000e-01 0.000000000e+00 0.000000000e+00 1.044327389e-19 -6.569148318e-16 -1.012883716e-16 6.628696177e-16 1.018107037e-16 6.593626950e-16 1.012885605e-16 -6.548539673e-16 -1.018108951e-16 
d 1.000000000e+02 1.059879624e+03 1.059879941e+03 1.738829903e-01 1.158690473e+08 8.400000000e-01 0.000000000e+00 0.000000000e+00 -1.076962576e-19 -6.556802568e-16 -1.014066133e-16 6.607958082e-16 1.019324466e-16 6.573092727e-16 1.014067457e-16 -6.601637104e-16 -1.019325800e-16 
d 1.000000000e+02 1.059879624e+03 1.059879938e+03 3.348410149e-01 1.591799628e+08 8.200000000e-01 0.000000000e+00 0.000000000e+00 -2.284466173e-20 -6.550197198e-16 -1.015312376e-16 6.567457433e-16 1.020604984e-16 6.532905053e-16 1.015310885e-16 -6.586449833e-16 -1.020603490e-16 
d 1.000000000e+02 1.059879624e+03 1.059879936e+03 6.407353977e-01 2.179676338e+08 8.000000000e-01 0.000000000e+00 0.000000000e+00 9.790569317e-20 -6.520980020e-16 -1.016622495e-16 6.578060697e-16 1.021953755e-16 6.543118106e-16 1.016624527e-16 -6.526533183e-16 -1.021955796e-16 
d 1.000000000e+02 1.059879624e+03 1.059879934e+03 1.218035994e+00 2.974553564e+08 7.800000000e-01 0.000000000e+00 0.000000000e+00 1.142233080e-19 -6.506672552e-16 -1.018004719e-16 6.546002513e-16 1.023376004e-16 6.510651980e-16 1.018005111e-16 -6.532362769e-16 -1.023376397e-16 
d 1.000000000e+02 1.059879624e+03 1.059879932e+03 2.299822928e+00 4.045135388e+08 7.600000000e-01 0.000000000e+00 0.000000000e+00 1.631761553e-20 -6.489476041e-16 -1.019462149e-16 6.511640389e-16 1.024873101e-16 6.476987235e-16 1.019460819e-16 -6.569086570e-16 -1.024871761e-16 
d 1.000000000e+02 1.059879624e+03 1.059879929e+03 4.312429572e+00 5.481464571e+08 7.400000000e-01 0.000000000e+00 0.000000000e+00 -1.240138775e-19 -6.470219437e-16 -1.021000509e-16 6.473807970e-16 1.026446006e-16 6.439851719e-16 1.020996972e-16 -6.538736422e-16 -1.026442463e-16 
d 1.000000000e+02 1.059879624e+03 1.059879927e+03 8.030142691e+00 7.401200775e+08 7.200000000e-01 0.000000000e+00 0.000000000e+00 -1.370679699e-19 -6.432391536e-16 -1.022619536e-16 6.471945826e-16 1.028103493e-16 6.438129846e-16 1.022620272e-16 -6.467934041e-16 -1.028104229e-16 
d 1.000000000e+02 1.059879624e+03 1.059879925e+03 1.484989357e+01 9.957749870e+08 7.000000000e-01 0.000000000e+00 0.000000000e+00 -1.370679700e-19 -6.409898442e-16 -1.024327997e-16 6.418688953e-16 1.029854045e-16 6.385007696e-16 1.024324446e-16 -6.484454072e-16 -1.029850477e-16 
d 1.000000000e+02 1.059879624e+03 1.059879922e+03 2.727694503e+01 1.335083252e+09 6.800000000e-01 0.000000000e+00 0.000000000e+00 6.853398484e-20 -6.359009529e-16 -1.026126203e-16 6.422102557e-16 1.031691860e-16 6.386788611e-16 1.026130656e-16 -6.363614025e-16 -1.031696334e-16 
d 1.000000000e+02 1.059879624e+03 1.059879920e+03 4.978084593e+01 1.784026975e+09 6.600000000e-01 0.000000000e+00 0.000000000e+00 7.832455409e-20 -6.322694664e-16 -1.028024189e-16 6.364295104e-16 1.033631773e-16 6.330208561e-16 1.028025555e-16 -6.326234839e-16 -1.033633148e-16 
d 1.000000000e+02 1.059879624e+03 1.059879918e+03 9.030038674e+01 2.376400255e+09 6.400000000e-01 0.000000000e+00 0.000000000e+00 1.501220623e-19 -6.272956031e-16 -1.030024757e-16 6.313370504e-16 1.035670467e-16 6.278174189e-16 1.030025845e-16 -6.355657602e-16 -1.035671562e-16 
d 1.000000000e+02 1.059879624e+03 1.059879915e+03 1.628853872e+02 3.156166342e+09 6.200000000e-01 0.000000000e+00 0.000000000e+00 -7.832455423e-20 -6.213214213e-16 -1.032132941e-16 6.247894959e-16 1.037818086e-16 6.213040824e-16 1.032132899e-16 -6.226965646e-16 -1.037818043e-16 
d 1.000000000e+02 1.059879624e+03 1.059879913e+03 2.923292187e+02 4.180540032e+09 6.000000000e-01 0.000000000e+00 0.000000000e+00 3.263523088e-20 -6.136105141e-16 -1.034351401e-16 6.172040370e-16 1.040085048e-16 6.139756520e-16 1.034352429e-16 -6.232327435e-16 -1.040086084e-16 
d 1.000000000e+02 1.059879624e+03 1.059879911e+03 5.222869853e+02 5.524014508e+09 5.800000000e-01 0.000000000e+00 0.000000000e+00 2.284467184e-20 -6.042032629e-16 -1.036692552e-16 6.065261525e-16 1.042465219e-16 6.032005884e-16 1.036689229e-16 -6.021144466e-16 -1.042461877e-16 
d 1.000000000e+02 1.059879624e+03 1.059879908e+03 9.294970331e+02 7.283615919e+09 5.600000000e-01 0.000000000e+00 0.000000000e+00 1.566491296e-19 -5.911211611e-16 -1.039152739e-16 5.947845416e-16 1.044969400e-16 5.915200364e-16 1.039154306e-16 -6.014954113e-16 -1.044970979e-16 
d 1.000000000e+02 1.059879624e+03 1.059879906e+03 1.648690679e+03 9.585752782e+09 5.400000000e-01 0.000000000e+00 0.000000000e+00 1.305409969e-20 -5.746701582e-16 -1.041739826e-16 5.772309214e-16 1.047600103e-16 5.740518264e-16 1.041736926e-16 -5.778452387e-16 -1.047597186e-16 
d 1.000000000e+02 1.059879624e+03 1.059879904e+03 2.916223226e+03 1.259513691e+10 5.200000000e-01 0.000000000e+00 0.000000000e+00 -5.874341493e-20 -5.524896940e-16 -1.044444711e-16 5.550405847e-16 1.050350598e-16 5.520858143e-16 1.044442438e-16 -5.600285612e-16 -1.050348311e-16 
d 1.000000000e+02 1.059879624e+03 1.059879901e+03 5.146506524e+03 1.652639536e+10 5.000000000e-01 0.000000000e+00 0.000000000e+00 -4.242580693e-20 -5.233490101e-16 -1.047254872e-16 5.260814654e-16 1.053206377e-16 5.231857714e-16 1.047253764e-16 -5.311590038e-16 -1.053205264e-16 
d 1.000000000e+02 1.059879624e+03 1.059879899e+03 9.065934039e+03 2.165917839e+10 4.800000000e-01 0.000000000e+00 0.000000000e+00 1.109597832e-19 -4.859943953e-16 -1.050143104e-16 4.884807336e-16 1.056141645e-16 4.858008921e-16 1.050141514e-16 -4.969612535e-16 -1.056140044e-16 
d 1.000000000e+02 1.059879624e+03 1.059879896e+03 1.594761749e+04 2.835780811e+10 4.600000000e-01 0.000000000e+00 0.000000000e+00 -4.895284523e-20 -4.395390417e-16 -1.053066056e-16 4.419692088e-16 1.059109786e-16 4.394642533e-16 1.053065309e-16 -4.462982820e-16 -1.059109034e-16 
d 1.000000000e+02 1.059879624e+03 1.059879894e+03 2.802297783e+04 3.709682287e+10 4.400000000e-01 0.000000000e+00 0.000000000e+00 1.631761552e-20 -3.847579042e-16 -1.055970153e-16 3.868958392e-16 1.062061336e-16 3.848298771e-16 1.055971029e-16 -3.879139738e-16 -1.062062216e-16 
d 1.000000000e+02 1.059879624e+03 1.059879891e+03 4.920375137e+04 4.849417170e+10 4.200000000e-01 0.000000000e+00 0.000000000e+00 6.853398477e-20 -3.242291302e-16 -1.058806914e-16 3.260298384e-16 1.064944712e-16 3.242475351e-16 1.058807187e-16 -3.281807922e-16 -1.064944986e-16 
d 1.000000000e+02 1.059879624e+03 1.059879888e+03 8.634913694e+04 6.335432878e+10 4.000000000e-01 0.000000000e+00 0.000000000e+00 -2.610818462e-20 -2.621366482e-16 -1.061548602e-16 2.637217429e-16 1.067732635e-16 2.621833208e-16 1.061549450e-16 -2.598958034e-16 -1.067733488e-16 
d 1.000000000e+02 1.059879624e+03 1.059879886e+03 1.514908544e+05 8.272426007e+10 3.800000000e-01 0.000000000e+00 0.000000000e+00 -1.207503543e-19 -2.033759667e-16 -1.064206260e-16 2.044684742e-16 1.070436558e-16 2.033608164e-16 1.064205923e-16 -2.108492648e-16 -1.070436219e-16 
d 1.000000000e+02 1.059879624e+03 1.059879883e+03 2.657424442e+05 1.079660256e+11 3.600000000e-01 0.000000000e+00 0.000000000e+00 2.153925242e-19 -1.518726378e-16 -1.066825068e-16 1.526875856e-16 1.073101514e-16 1.518768416e-16 1.066825182e-16 -1.500559595e-16 -1.073101629e-16 
d 1.000000000e+02 1.059879624e+03 1.059879880e+03 4.661717272e+05 1.408508922e+11 3.400000000e-01 0.000000000e+00 0.000000000e+00 4.242580017e-20 -1.097788150e-16 -1.069471466e-16 1.104001624e-16 1.075794116e-16 1.097790894e-16 1.069471476e-16 -1.198969288e-16 -1.075794125e-16 
d 1.000000000e+02 1.059879624e+03 1.059879877e+03 8.178898613e+05 1.836812253e+11 3.200000000e-01 0.000000000e+00 0.000000000e+00 -9.790569279e-20 -7.731578133e-17 -1.072211478e-16 7.767793717e-17 1.078582036e-16 7.731134507e-17 1.072211296e-16 -8.019733995e-17 -1.078581853e-16 
d 1.000000000e+02 1.059879624e+03 1.059879875e+03 1.435330256e+06 2.394482108e+11 3.000000000e-01 0.000000000e+00 0.000000000e+00 -1.305409238e-20 -5.338885461e-17 -1.075099039e-16 5.375820971e-17 1.081518354e-16 5.338894693e-17 1.075099044e-16 -5.456311475e-17 -1.081518359e-16 
d 1.000000000e+02 1.059879624e+03 1.059879872e+03 2.519727953e+06 3.120357167e+11 2.800000000e-01 0.000000000e+00 0.000000000e+00 -1.631761548e-20 -3.634238030e-17 -1.078172150e-16 3.663109664e-17 1.084641705e-16 3.634316684e-17 1.078172198e-16 -3.350591112e-17 -1.084641754e-16 
d 1.000000000e+02 1.059879624e+03 1.059879869e+03 4.425178280e+06 4.064834745e+11 2.600000000e-01 0.000000000e+00 0.000000000e+00 9.790569278e-21 -2.449483324e-17 -1.081456340e-16 2.462845265e-17 1.087977880e-16 2.449379878e-17 1.081456262e-16 -2.941723782e-17 -1.087977801e-16 
d 1.000000000e+02 1.059879624e+03 1.059879866e+03 7.775148453e+06 5.293263723e+11 2.400000000e-01 0.000000000e+00 0.000000000e+00 9.790569278e-20 -1.639704459e-17 -1.084968658e-16 1.645758068e-17 1.091543759e-16 1.639631870e-17 1.084968591e-16 -1.658248698e-17 -1.091543691e-16 
d 1.000000000e+02 1.059879624e+03 1.059879863e+03 1.366812280e+07 6.890311901e+11 2.200000000e-01 0.000000000e+00 0.000000000e+00 1.958113856e-20 -1.092801809e-17 -1.088722997e-16 1.104887318e-17 1.095353657e-16 1.092792273e-17 1.088722986e-16 -1.436128484e-17 -1.095353646e-16 
d 1.000000000e+02 1.059879624e+03 1.059879860e+03 2.404083578e+07 8.965577664e+11 2.000000000e-01 0.000000000e+00 0.000000000e+00 9.790569277e-20 -7.262704091e-18 -1.092732915e-16 7.354763651e-18 1.099421135e-16 7.262894902e-18 1.092732942e-16 -9.245315955e-18 -1.099421163e-16 
d 1.000000000e+02 1.059879624e+03 1.059879857e+03 4.231033332e+07 1.166078592e+12 1.800000000e-01 0.000000000e+00 0.000000000e+00 -4.242580021e-20 -4.818842801e-18 -1.097014098e-16 4.826043884e-18 1.103762014e-16 4.818793409e-18 1.097014090e-16 -2.160208974e-18 -1.103762005e-16 
d 1.000000000e+02 1.059879624e+03 1.059879854e+03 7.450976594e+07 1.515899421e+12 1.600000000e-01 0.000000000e+00 0.000000000e+00 4.242580020e-20 -3.194402386e-18 -1.101585745e-16 3.040357898e-18 1.108395640e-16 3.194406550e-18 1.101585746e-16 -4.168483779e-18 -1.108395641e-16 
d 1.000000000e+02 1.059879624e+03 1.059879850e+03 1.312991475e+08 1.969633925e+12 1.400000000e-01 0.000000000e+00 0.000000000e+00 5.874341566e-20 -2.116849716e-18 -1.106471859e-16 2.129951188e-18 1.113346234e-16 2.116841412e-18 1.106471857e-16 -1.616644984e-18 -1.113346232e-16 
d 1.000000000e+02 1.059879624e+03 1.059879847e+03 2.315279356e+08 2.557697874e+12 1.200000000e-01 0.000000000e+00 0.000000000e+00 2.937170783e-20 -1.402751429e-18 -1.111702130e-16 1.395485781e-18 1.118643682e-16 1.402748899e-18 1.111702129e-16 -2.855149477e-19 -1.118643682e-16 
d 1.000000000e+02 1.059879624e+03 1.059879844e+03 4.085521332e+08 3.319202978e+12 1.000000000e-01 0.000000000e+00 0.000000000e+00 2.610818474e-20 -9.297732379e-19 -1.117313094e-16 8.904476372e-19 1.124324822e-16 9.297812561e-19 1.117313097e-16 -2.343072821e-18 -1.124324825e-16 
d 1.000000000e+02 1.059879624e+03 1.059879840e+03 7.214447187e+08 4.304347240e+12 8.000000000e-02 0.000000000e+00 0.000000000e+00 9.790569278e-20 -6.165249789e-19 -1.123349404e-16 5.050902877e-19 1.130434635e-16 6.165229429e-19 1.123349403e-16 -1.313372690e-17 -1.130434634e-16 
d 1.000000000e+02 1.059879624e+03 1.059879837e+03 1.274905909e+09 5.577417129e+12 6.000000000e-02 0.000000000e+00 0.000000000e+00 1.076962621e-19 -4.090272932e-19 -1.129865511e-16 4.513890079e-19 1.137027977e-16 4.090286619e-19 1.129865512e-16 -4.388409160e-18 -1.137027978e-16 
d 1.000000000e+02 1.059879624e+03 1.059879833e+03 2.254652775e+09 7.220536090e+12 4.000000000e-02 0.000000000e+00 0.000000000e+00 2.284466165e-20 -2.715391346e-19 -1.136927868e-16 3.134859772e-19 1.144171798e-16 2.715394049e-19 1.136927868e-16 4.175606087e-18 -1.144171798e-16 
d 1.000000000e+02 1.059879624e+03 1.059879830e+03 3.990370461e+09 9.338312094e+12 2.000000000e-02 0.000000000e+00 0.000000000e+00 6.527046185e-21 -1.804025191e-19 -1.144617851e-16 1.379923294e-19 1.151948074e-16 1.804021178e-19 1.144617851e-16 -3.212392577e-18 -1.151948074e-16 
d 1.000000000e+02 1.059879624e+03 1.059879826e+03 7.067767865e+09 1.206355086e+13 3.846006207e-16 0.000000000e+00 0.000000000e+00 2.937170783e-20 -1.199642337e-19 -1.153035693e-16 7.105963419e-20 1.160457776e-16 1.199642590e-19 1.153035693e-16 1.205676334e-19 -1.160457776e-16 
d 1.000000000e+02 1.059879624e+03 1.059879822e+03 1.252815745e+10 1.556420583e+13 -2.000000000e-02 0.000000000e+00 0.000000000e+00 1.305409237e-20 -7.986971116e-20 -1.162305809e-16 5.811923907e-20 1.169826232e-16 7.986984315e-20 1.162305809e-16 -4.284959637e-18 -1.169826232e-16 
d 1.000000000e+02 1.059879624e+03 1.059879819e+03 2.222406404e+10 2.005172292e+13 -4.000000000e-02 0.000000000e+00 0.000000000e+00 1.501220623e-19 -5.326493621e-20 -1.172584070e-16 1.189225438e-19 1.180210454e-16 5.326484673e-20 1.172584070e-16 1.561374634e-18 -1.180210454e-16 
d 1.000000000e+02 1.059879624e+03 1.059879815e+03 3.945290996e+10 2.579089501e+13 -6.000000000e-02 0.000000000e+00 0.000000000e+00 1.338044468e-19 -3.561295654e-20 -1.184067842e-16 6.793234849e-20 1.191809250e-16 3.561293545e-20 1.184067842e-16 -5.376032471e-18 -1.191809250e-16 
d 1.000000000e+02 1.059879624e+03 1.059879811e+03 7.008581601e+10 3.311125126e+13 -8.000000000e-02 0.000000000e+00 0.000000000e+00 2.284466165e-20 -2.390979714e-20 -1.197009979e-16 -1.698247564e-19 1.204877315e-16 2.390977216e-20 1.197009979e-16 -6.476880378e-18 -1.204877315e-16 
d 1.000000000e+02 1.059879624e+03 1.059879807e+03 1.245761771e+11 4.241984578e+13 -1.000000000e-01 0.000000000e+00 0.000000000e+00 -1.599126315e-19 -1.616656656e-20 -1.211738483e-16 -3.205439735e-20 1.219745035e-16 1.616657333e-20 1.211738483e-16 -4.654602089e-21 -1.219745035e-16 
d 1.000000000e+02 1.059879624e+03 1.059879803e+03 2.215257610e+11 5.421505028e+13 -1.200000000e-01 0.000000000e+00 0.000000000e+00 9.790569277e-21 -1.106792542e-20 -1.228684357e-16 9.832529551e-20 1.236846534e-16 1.106793356e-20 1.228684357e-16 -9.497338397e-19 -1.236846534e-16 
d 1.000000000e+02 1.059879624e+03 1.059879798e+03 3.939908871e+11 6.910056477e+13 -1.400000000e-01 0.000000000e+00 0.000000000e+00 1.631761546e-20 -7.746199660e-21 -1.248421208e-16 1.406593727e-19 1.256759562e-16 7.746194737e-21 1.248421208e-16 3.942865986e-18 -1.256759562e-16 
d 1.000000000e+02 1.059879624e+03 1.059879794e+03 7.005590565e+11 8.779831473e+13 -1.600000000e-01 0.000000000e+00 0.000000000e+00 2.610818473e-20 -5.633259749e-21 -1.271721504e-16 8.467752902e-20 1.280262149e-16 5.633260572e-21 1.271721504e-16 4.890431618e-18 -1.280262149e-16 
d 1.000000000e+02 1.059879624e+03 1.059879790e+03 1.244590030e+12 1.111582043e+14 -1.800000000e-01 0.000000000e+00 0.000000000e+00 -6.200693880e-20 -4.363627174e-21 -1.299635692e-16 3.708764089e-20 1.308412267e-16 4.363625677e-21 1.299635692e-16 2.208282339e-18 -1.308412267e-16 
d 1.000000000e+02 1.059879624e+03 1.059879785e+03 2.207041928e+12 1.401619033e+14 -2.000000000e-01 0.000000000e+00 0.000000000e+00 -7.832455432e-20 -3.712224649e-21 -1.333600520e-16 -1.880303143e-19 1.342656902e-16 3.712224338e-21 1.333600520e-16 -6.154668253e-18 -1.342656902e-16 
d 1.000000000e+02 1.059879624e+03 1.059879781e+03 3.900855639e+12 1.759171206e+14 -2.200000000e-01 0.000000000e+00 0.000000000e+00 4.895284608e-20 -3.555851507e-21 -1.375579014e-16 2.102314091e-20 1.384972968e-16 3.555851979e-21 1.375579014e-16 6.153846012e-18 -1.384972968e-16 
d 1.000000000e+02 1.059879624e+03 1.059879776e+03 6.856804039e+12 2.196384393e+14 -2.400000000e-01 0.000000000e+00 0.000000000e+00 1.958113762e-20 -3.850754619e-21 -1.428219318e-16 2.031089622e-19 1.438027169e-16 3.850754447e-21 1.428219318e-16 1.262173988e-18 -1.438027169e-16 
d 1.000000000e+02 1.059879624e+03 1.059879771e+03 1.194828511e+13 2.726110622e+14 -2.600000000e-01 0.000000000e+00 0.000000000e+00 1.501220595e-19 -4.620064365e-21 -1.494979412e-16 -7.186513545e-20 1.505301384e-16 4.620064406e-21 1.494979412e-16 -1.151935134e-17 -1.505301384e-16 
d 1.000000000e+02 1.059879624e+03 1.059879766e+03 2.054712791e+13 3.361347939e+14 -2.800000000e-01 0.000000000e+00 0.000000000e+00 2.284465368e-20 -5.943192578e-21 -1.580081697e-16 2.070597647e-20 1.591046574e-16 5.943192586e-21 1.580081697e-16 -2.209201763e-18 -1.591046574e-16 
d 1.000000000e+02 1.059879624e+03 1.059879760e+03 3.466101069e+13 4.114466476e+14 -3.000000000e-01 0.000000000e+00 0.000000000e+00 -2.937170783e-20 -7.934548404e-21 -1.688041653e-16 4.201013853e-20 1.699807535e-16 7.934548391e-21 1.688041653e-16 -8.363295616e-18 -1.699807535e-16 
d 1.000000000e+02 1.059879624e+03 1.059879755e+03 5.693253924e+13 4.996208224e+14 -3.200000000e-01 0.000000000e+00 0.000000000e+00 1.533855853e-19 -1.069486321e-20 -1.822467337e-16 1.343684832e-19 1.835213249e-16 1.069486322e-20 1.822467337e-16 1.246609394e-17 -1.835213249e-16 
d 1.000000000e+02 1.059879624e+03 1.059879748e+03 9.032840631e+13 6.014466329e+14 -3.400000000e-01 0.000000000e+00 0.000000000e+00 1.272774006e-19 -1.422880233e-20 -1.984135769e-16 -2.066694344e-19 1.998039304e-16 1.422880233e-20 1.984135769e-16 7.226805940e-23 -1.998039304e-16 
d 1.000000000e+02 1.059879624e+03 1.059879742e+03 1.374399937e+14 7.172967679e+14 -3.600000000e-01 0.000000000e+00 0.000000000e+00 -5.874341567e-20 -1.836259312e-20 -2.169211147e-16 -2.280381600e-19 2.184414038e-16 1.836259312e-20 2.169211147e-16 -2.682472752e-18 -2.184414038e-16 
d 1.000000000e+02 1.059879624e+03 1.059879735e+03 1.996271486e+14 8.470250684e+14 -3.800000000e-01 0.000000000e+00 0.000000000e+00 -1.664396777e-19 -2.273794161e-20 -2.369189957e-16 2.619159602e-20 2.385764988e-16 2.273794161e-20 2.369189957e-16 1.735886671e-18 -2.385764988e-16 
d 1.000000000e+02 1.059879624e+03 1.059879727e+03 2.765174441e+14 9.899515426e+14 -4.000000000e-01 0.000000000e+00 0.000000000e+00 -3.263523093e-21 -2.692331859e-20 -2.573298019e-16 -2.970117461e-20 2.591234998e-16 2.692331859e-20 2.573298019e-16 1.579206349e-19 -2.591234998e-16 
d 1.000000000e+02 1.059879624e+03 1.059879719e+03 3.662038206e+14 1.144962375e+15 -4.200000000e-01 0.000000000e+00 0.000000000e+00 -2.284466165e-20 -3.057128141e-20 -2.771904647e-16 -1.815660657e-19 2.791121704e-16 3.057128141e-20 2.771904647e-16 -6.153984005e-18 -2.791121704e-16 
d 1.000000000e+02 1.059879623e+03 1.059879711e+03 4.659555074e+14 1.310685709e+15 -4.400000000e-01 0.000000000e+00 0.000000000e+00 4.895284639e-20 -3.350696297e-20 -2.958720863e-16 3.439141976e-19 2.979090962e-16 3.350696297e-20 2.958720863e-16 -5.364985317e-18 -2.979090962e-16 
d 1.000000000e+02 1.059879623e+03 1.059879703e+03 5.729646056e+14 1.485667225e+15 -4.600000000e-01 0.000000000e+00 0.000000000e+00 -7.179750804e-20 -3.571513432e-20 -3.131009874e-16 1.805414727e-19 3.152387635e-16 3.571513432e-20 3.131009874e-16 -2.840205731e-18 -3.152387635e-16 
d 1.000000000e+02 1.059879623e+03 1.059879694e+03 6.848112103e+14 1.668491453e+15 -4.800000000e-01 0.000000000e+00 0.000000000e+00 -1.697032008e-19 -3.727608541e-20 -3.288595898e-16 -1.499871812e-19 3.310836248e-16 3.727608541e-20 3.288595898e-16 -8.836525056e-18 -3.310836248e-16 
d 1.000000000e+02 1.059879622e+03 1.059879685e+03 7.996187601e+14 1.857837803e+15 -5.000000000e-01 0.000000000e+00 0.000000000e+00 -2.153925241e-19 -3.830454289e-20 -3.432685230e-16 5.246315285e-20 3.455652989e-16 3.830454289e-20 3.432685230e-16 -3.944774654e-18 -3.455652989e-16 
d 1.000000000e+02 1.059879622e+03 1.059879676e+03 9.160149851e+14 2.052486434e+15 -5.200000000e-01 0.000000000e+00 0.000000000e+00 6.853398494e-20 -3.891233541e-20 -3.564999808e-16 -2.913998727e-19 3.588572853e-16 3.891233541e-20 3.564999808e-16 -6.942932420e-18 -3.588572853e-16 
d 1.000000000e+02 1.059879621e+03 1.059879668e+03 1.033014265e+15 2.251293871e+15 -5.400000000e-01 0.000000000e+00 0.000000000e+00 -1.207503544e-19 -3.919229267e-20 -3.687287406e-16 -3.850166785e-19 3.711356322e-16 3.919229267e-20 3.687287406e-16 -4.102559379e-18 -3.711356322e-16 
d 1.000000000e+02 1.059879620e+03 1.059879659e+03 1.149889465e+15 2.453152993e+15 -5.600000000e-01 0.000000000e+00 0.000000000e+00 -6.200693876e-20 -3.921484928e-20 -3.801108828e-16 4.461792128e-19 3.825575120e-16 3.921484928e-20 3.801108828e-16 -9.309890837e-18 -3.825575120e-16 
d 1.000000000e+02 1.059879620e+03 1.059879651e+03 1.266060771e+15 2.656945502e+15 -5.800000000e-01 0.000000000e+00 0.000000000e+00 -2.610818474e-20 -3.903073222e-20 -3.907796893e-16 -1.200453714e-19 3.932570982e-16 3.903073222e-20 3.907796893e-16 9.152491468e-18 -3.932570982e-16 
d 1.000000000e+02 1.059879619e+03 1.059879643e+03 1.381007049e+15 2.861490533e+15 -6.000000000e-01 0.000000000e+00 0.000000000e+00 9.790569277e-21 -3.867628637e-20 -4.008523380e-16 3.709167738e-19 4.033523116e-16 3.867628637e-20 4.008523380e-16 4.736015689e-19 -4.033523116e-16 
d 1.000000000e+02 1.059879618e+03 1.059879635e+03 1.494196586e+15 3.065490948e+15 -6.200000000e-01 0.000000000e+00 0.000000000e+00 8.158807731e-20 -3.818035385e-20 -4.104452242e-16 4.459733424e-19 4.129602401e-16 3.818035385e-20 4.104452242e-16 -1.167684634e-17 -4.129602401e-16 
d 1.000000000e+02 1.059879617e+03 1.059879628e+03 1.605032421e+15 3.267478753e+15 -6.400000000e-01 0.000000000e+00 0.000000000e+00 -1.109597851e-19 -3.757312055e-20 -4.196990115e-16 -3.869393658e-20 4.222223348e-16 3.757312055e-20 4.196990115e-16 -3.153789990e-19 -4.222223348e-16 
d 1.000000000e+02 1.059879616e+03 1.059879621e+03 1.712809059e+15 3.465762938e+15 -6.600000000e-01 0.000000000e+00 0.000000000e+00 -2.415007088e-19 -3.689832543e-20 -4.288168459e-16 -3.964448764e-19 4.313428224e-16 3.689832543e-20 4.288168459e-16 8.205722815e-18 -4.313428224e-16 
d 1.000000000e+02 1.059879614e+03 1.059879615e+03 1.816680696e+15 3.658387223e+15 -6.800000000e-01 0.000000000e+00 0.000000000e+00 -1.631761546e-19 -3.623081870e-20 -4.381200651e-16 -7.454387352e-20 4.406446683e-16 3.623081870e-20 4.381200651e-16 3.471784896e-18 -4.406446683e-16 
d 1.000000000e+02 1.059879613e+03 1.059879610e+03 1.915645896e+15 3.843112395e+15 -7.000000000e-01 0.000000000e+00 0.000000000e+00 -1.958113856e-20 -3.570124612e-20 -4.481232379e-16 -3.659896309e-19 4.506449043e-16 3.570124612e-20 4.481232379e-16 6.627751924e-18 -4.506449043e-16 
d 1.000000000e+02 1.059879612e+03 1.059879605e+03 2.008559744e+15 4.017447935e+15 -7.200000000e-01 0.000000000e+00 0.000000000e+00 7.506103113e-20 -3.552734100e-20 -4.596202839e-16 -3.236680899e-19 4.621409806e-16 3.552734100e-20 4.596202839e-16 8.679133060e-18 -4.621409806e-16 
d 1.000000000e+02 1.059879610e+03 1.059879601e+03 2.094190205e+15 4.178767133e+15 -7.400000000e-01 0.000000000e+00 0.000000000e+00 8.158807731e-20 -3.604478389e-20 -4.737506432e-16 -3.511575332e-19 4.762768995e-16 3.604478389e-20 4.737506432e-16 -1.893331903e-18 -4.762768995e-16 
d 1.000000000e+02 1.059879609e+03 1.059879597e+03 2.171335175e+15 4.324537905e+15 -7.600000000e-01 0.000000000e+00 0.000000000e+00 2.610818474e-20 -3.771899664e-20 -4.919815841e-16 -1.031256238e-18 4.945248697e-16 3.771899664e-20 4.919815841e-16 3.156216469e-18 -4.945248697e-16 
d 1.000000000e+02 1.059879608e+03 1.059879595e+03 2.239000265e+15 4.452668463e+15 -7.800000000e-01 0.000000000e+00 0.000000000e+00 -2.284466165e-20 -4.110959538e-20 -5.159285396e-16 9.488978813e-19 5.185040544e-16 4.110959538e-20 5.159285396e-16 4.576411653e-18 -5.185040544e-16 
d 1.000000000e+02 1.059879608e+03 1.059879593e+03 2.296597748e+15 4.561890066e+15 -8.000000000e-01 0.000000000e+00 0.000000000e+00 7.832455422e-20 -4.677177283e-20 -5.469979249e-16 -4.951377122e-19 5.496210175e-16 4.677177283e-20 5.469979249e-16 -4.260265532e-18 -5.496210175e-16 
d 1.000000000e+02 1.059879609e+03 1.059879591e+03 2.344081763e+15 4.652012673e+15 -8.200000000e-01 0.000000000e+00 0.000000000e+00 1.468585392e-19 -5.512699889e-20 -5.859876926e-16 -1.899584319e-18 5.886680934e-16 5.512699889e-20 5.859876926e-16 5.681034432e-18 -5.886680934e-16 
d 1.000000000e+02 1.059879610e+03 1.059879590e+03 2.381932634e+15 4.723887323e+15 -8.400000000e-01 0.000000000e+00 0.000000000e+00 -6.200693876e-20 -6.637743304e-20 -6.328699540e-16 5.162184206e-19 6.356052235e-16 6.637743304e-20 6.328699540e-16 1.893904365e-18 -6.356052235e-16 
d 1.000000000e+02 1.059879614e+03 1.059879589e+03 2.410973113e+15 4.779045200e+15 -8.600000000e-01 0.000000000e+00 0.000000000e+00 3.916227711e-20 -8.049596019e-20 -6.868171613e-16 -2.040233073e-18 6.895869246e-16 8.049596019e-20 6.868171613e-16 -8.205145794e-18 -6.895869246e-16 
d 1.000000000e+02 1.059879619e+03 1.059879589e+03 2.432087517e+15 4.819152355e+15 -8.800000000e-01 0.000000000e+00 0.000000000e+00 -1.925478625e-19 -9.720926125e-20 -7.462324685e-16 -1.021463775e-19 7.489939304e-16 9.720926125e-20 7.462324685e-16 6.785703630e-18 -7.489939304e-16 
d 1.000000000e+02 1.059879627e+03 1.059879589e+03 2.445935199e+15 4.845456665e+15 -9.000000000e-01 0.000000000e+00 0.000000000e+00 -1.631761546e-20 -1.158229018e-19 -8.084440561e-16 -3.733525970e-19 8.111286403e-16 1.158229018e-19 8.084440561e-16 -3.628938516e-18 -8.111286403e-16 
d 1.000000000e+02 1.059879638e+03 1.059879588e+03 2.452694589e+15 4.858296314e+15 -9.200000000e-01 0.000000000e+00 0.000000000e+00 -1.109597851e-19 -1.347863235e-19 -8.689278878e-16 -2.454547322e-18 8.714403302e-16 1.347863235e-19 8.689278878e-16 -2.761421760e-17 -8.714403302e-16 
d 1.000000000e+02 1.059879651e+03 1.059879588e+03 2.451806019e+15 4.856608460e+15 -9.400000000e-01 0.000000000e+00 0.000000000e+00 -1.958113855e-20 -1.510982081e-19 -9.203620024e-16 -2.074440844e-18 9.225870048e-16 1.510982081e-19 9.203620024e-16 1.309771673e-17 -9.225870048e-16 
d 1.000000000e+02 1.059879666e+03 1.059879588e+03 2.441654938e+15 4.837326130e+15 -9.600000000e-01 0.000000000e+00 0.000000000e+00 -2.023384317e-19 -1.601597176e-19 -9.526171517e-16 -2.881322314e-18 9.544424310e-16 1.601597176e-19 9.526171517e-16 -1.562151979e-17 -9.544424310e-16 
d 1.000000000e+02 1.059879683e+03 1.059879589e+03 2.419191606e+15 4.794656155e+15 -9.800000000e-01 0.000000000e+00 0.000000000e+00 -1.044327390e-19 -1.574440465e-19 -9.559003947e-16 -5.336031144e-19 9.572611039e-16 1.574440465e-19 9.559003947e-16 1.105079520e-18 -9.572611039e-16 
d 1.000000000e+02 1.059879701e+03 1.059879589e+03 2.379683188e+15 4.719615236e+15 -1.000000000e+00 0.000000000e+00 0.000000000e+00 -7.832455422e-20 -1.428004809e-19 -9.286168222e-16 3.705138674e-18 9.295440138e-16 1.428004809e-19 9.286168222e-16 1.009955655e-17 -9.295440138e-16 
d 1.000000000e+02 1.059879719e+03 1.059879590e+03 2.317097668e+15 4.600790721e+15 -1.020000000e+00 0.000000000e+00 0.000000000e+00 2.284466165e-20 -1.237464638e-19 -8.846944049e-16 7.472556488e-18 8.853219206e-16 1.237464638e-19 8.846944049e-16 -2.193347910e-17 -8.853219206e-16 
d 1.000000000e+02 1.059879738e+03 1.059879592e+03 2.225497764e+15 4.427082768e+15 -1.040000000e+00 0.000000000e+00 0.000000000e+00 5.547989257e-20 -1.112450536e-19 -8.478007508e-16 3.058339795e-18 8.483083293e-16 1.112450536e-19 8.478007508e-16 1.136189947e-17 -8.483083293e-16 
d 1.000000000e+02 1.059879756e+03 1.059879594e+03 2.100787800e+15 4.191218833e+15 -1.060000000e+00 0.000000000e+00 0.000000000e+00 -1.631761546e-20 -1.115510950e-19 -8.337763361e-16 -8.389642113e-18 8.343207665e-16 1.115510950e-19 8.337763361e-16 -2.808763098e-17 -8.343207665e-16 
d 1.000000000e+02 1.059879775e+03 1.059879597e+03 1.941558034e+15 3.891650029e+15 -1.080000000e+00 0.000000000e+00 0.000000000e+00 1.631761546e-20 -1.243597381e-19 -8.419800194e-16 -1.999950469e-18 8.426692853e-16 1.243597381e-19 8.419800194e-16 1.609583936e-17 -8.426692853e-16 
d 1.000000000e+02 1.059879795e+03 1.059879600e+03 1.748909679e+15 3.532550872e+15 -1.100000000e+00 0.000000000e+00 0.000000000e+00 -6.853398494e-20 -1.459500344e-19 -8.608625283e-16 9.385324493e-18 8.617613897e-16 1.459500344e-19 8.608625283e-16 3.140226421e-17 -8.617613897e-16 
d 1.000000000e+02 1.059879816e+03 1.059879603e+03 1.526177385e+15 3.123557858e+15 -1.120000000e+00 0.000000000e+00 0.000000000e+00 3.561788354e-32 -1.710408329e-19 -8.752888228e-16 -3.484771870e-18 8.764240401e-16 1.710408329e-19 8.752888228e-16 1.436007772e-17 -8.764240401e-16 
d 1.000000000e+02 1.059879838e+03 1.059879607e+03 1.279200759e+15 2.680186078e+15 -1.140000000e+00 0.000000000e+00 0.000000000e+00 -9.790569278e-20 -1.925268583e-19 -8.699242746e-16 -4.670231519e-18 8.712791596e-16 1.925268583e-19 8.699242746e-16 1.293989223e-17 -8.712791596e-16 
d 1.000000000e+02 1.059879859e+03 1.059879611e+03 1.017313414e+15 2.224424861e+15 -1.160000000e+00 0.000000000e+00 0.000000000e+00 2.219195703e-19 -2.012455651e-19 -8.313055142e-16 1.316634757e-17 8.328105403e-16 2.012455651e-19 8.313055142e-16 2.714170079e-17 -8.328105403e-16 
d 1.000000000e+02 1.059879880e+03 1.059879614e+03 7.549412444e+14 1.783878174e+15 -1.180000000e+00 0.000000000e+00 0.000000000e+00 1.044327390e-19 -1.884909562e-19 -7.520792870e-16 -3.498345999e-18 7.536143851e-16 1.884909562e-19 7.520792870e-16 -3.755555812e-17 -7.536143851e-16 
d 1.000000000e+02 1.059879898e+03 1.059879617e+03 5.126379011e+14 1.387174190e+15 -1.200000000e+00 0.000000000e+00 0.000000000e+00 1.958113856e-20 -1.528245893e-19 -6.379785916e-16 6.143271209e-18 6.394050116e-16 1.528245893e-19 6.379785916e-16 -8.047373527e-18 -6.394050116e-16 
d 1.000000000e+02 1.059879913e+03 1.059879620e+03 3.136486374e+14 1.055174515e+15 -1.220000000e+00 0.000000000e+00 0.000000000e+00 1.827572932e-19 -1.055948507e-19 -5.110738194e-16 -1.682032829e-18 5.122926717e-16 1.055948507e-19 5.110738194e-16 3.156225629e-18 -5.122926717e-16 
d 1.000000000e+02 1.059879925e+03 1.059879621e+03 1.728969695e+14 7.934384272e+14 -1.240000000e+00 0.000000000e+00 0.000000000e+00 -1.011692159e-19 -6.372615670e-20 -3.989180389e-16 4.369041239e-18 3.999097567e-16 6.372615670e-20 3.989180389e-16 1.068295149e-16 -3.999097567e-16 
d 1.000000000e+02 1.059879935e+03 1.059879623e+03 8.754126921e+13 5.937863080e+14 -1.260000000e+00 0.000000000e+00 0.000000000e+00 3.589875402e-20 -3.568301866e-20 -3.164489002e-16 -4.554673406e-19 3.172543743e-16 3.568301867e-20 3.164489002e-16 -8.647319162e-17 -3.172543743e-16 
d 1.000000000e+02 1.059879943e+03 1.059879623e+03 4.189221802e+13 4.429267508e+14 -1.280000000e+00 0.000000000e+00 0.000000000e+00 2.056019548e-19 -1.975353216e-20 -2.622185338e-16 1.872908394e-18 2.628936290e-16 1.975353216e-20 2.622185338e-16 -1.562187585e-17 -2.628936290e-16 
d 1.000000000e+02 1.059879950e+03 1.059879624e+03 1.943076351e+13 3.289660642e+14 -1.300000000e+00 0.000000000e+00 0.000000000e+00 -1.631761546e-19 -1.127097835e-20 -2.279515930e-16 1.151392388e-18 2.285409943e-16 1.127097835e-20 2.279515930e-16 9.625801345e-18 -2.285409943e-16 
d 1.000000000e+02 1.059879956e+03 1.059879624e+03 8.883483150e+12 2.429832480e+14 -1.320000000e+00 0.000000000e+00 0.000000000e+00 -6.527046185e-20 -6.753617344e-21 -2.060899100e-16 -1.314196940e-18 2.066231332e-16 6.753617344e-21 2.060899100e-16 -6.485490984e-17 -2.066231332e-16 
d 1.000000000e+02 1.059879961e+03 1.059879624e+03 4.041555042e+12 1.784026945e+14 -1.340000000e+00 0.000000000e+00 0.000000000e+00 -1.631761546e-19 -4.269624406e-21 -1.916523060e-16 2.685994839e-18 1.921476521e-16 4.269624406e-21 1.916523060e-16 3.597806414e-17 -1.921476521e-16 
d 1.000000000e+02 1.059879966e+03 1.059879624e+03 1.838582740e+12 1.302213330e+14 -1.360000000e+00 0.000000000e+00 0.000000000e+00 1.109597851e-19 -2.842210993e-21 -1.817007840e-16 -2.561683574e-19 1.821695613e-16 2.842210993e-21 1.817007840e-16 -4.576050902e-18 -1.821695613e-16 
d 1.000000000e+02 1.059879970e+03 1.059879624e+03 8.381903325e+11 9.454021130e+13 -1.380000000e+00 0.000000000e+00 0.000000000e+00 -4.895284639e-20 -1.982950242e-21 -1.745451656e-16 -8.404531035e-19 1.749945261e-16 1.982950242e-21 1.745451656e-16 -6.469712803e-17 -1.749945261e-16 
d 1.000000000e+02 1.059879974e+03 1.059879624e+03 3.832548431e+11 6.830545508e+13 -1.400000000e+00 0.000000000e+00 0.000000000e+00 1.338044468e-19 -1.442045021e-21 -1.692002637e-16 8.515791245e-19 1.696348847e-16 1.442045022e-21 1.692002637e-16 5.806978557e-17 -1.696348847e-16 
d 1.000000000e+02 1.059879978e+03 1.059879624e+03 1.757867664e+11 4.914191602e+13 -1.420000000e+00 0.000000000e+00 0.000000000e+00 8.811512350e-20 -1.087190431e-21 -1.650748328e-16 1.452698336e-18 1.654978842e-16 1.087190428e-21 1.650748328e-16 -5.633383399e-17 -1.654978842e-16 
d 1.000000000e+02 1.059879982e+03 1.059879624e+03 8.086704475e+10 3.522410963e+13 -1.440000000e+00 0.000000000e+00 0.000000000e+00 -6.200693876e-20 -8.455609717e-22 -1.618014865e-16 1.467521884e-18 1.622151923e-16 8.455609711e-22 1.618014865e-16 5.554501226e-17 -1.622151923e-16 
d 1.000000000e+02 1.059879986e+03 1.059879624e+03 3.730120247e+10 2.516659026e+13 -1.460000000e+00 0.000000000e+00 0.000000000e+00 3.589875402e-20 -6.755006640e-22 -1.591436703e-16 1.117865512e-18 1.595496407e-16 6.755006738e-22 1.591436703e-16 -4.670815338e-17 -1.595496407e-16 
d 1.000000000e+02 1.059879989e+03 1.059879624e+03 1.724662394e+10 1.793004319e+13 -1.480000000e+00 0.000000000e+00 0.000000000e+00 -2.349736627e-19 -5.522855255e-22 -1.569437774e-16 -7.154855375e-19 1.573432118e-16 5.522854882e-22 1.569437774e-16 7.732187570e-18 -1.573432118e-16 
d 1.000000000e+02 1.059879993e+03 1.059879624e+03 7.990668512e+09 1.274267072e+13 -1.500000000e+00 0.000000000e+00 0.000000000e+00 -3.263523093e-20 -4.607200813e-22 -1.550934142e-16 -2.914958450e-18 1.554872282e-16 4.607201194e-22 1.550934142e-16 -8.158153403e-17 -1.554872282e-16 
d 1.000000000e+02 1.059879996e+03 1.059879624e+03 3.708848503e+09 9.036247905e+12 -1.520000000e+00 0.000000000e+00 0.000000000e+00 5.874341567e-20 -3.911564646e-22 -1.535158463e-16 1.569906876e-18 1.539047543e-16 3.911564435e-22 1.535158463e-16 3.944960249e-17 -1.539047543e-16 
d 1.000000000e+02 1.059879999e+03 1.059879624e+03 1.724110899e+09 6.395450126e+12 -1.540000000e+00 0.000000000e+00 0.000000000e+00 -2.937170783e-20 -3.372820608e-22 -1.521553210e-16 1.073415075e-18 1.525398909e-16 3.372818128e-22 1.521553210e-16 -4.891733029e-17 -1.525398909e-16 
d 1.000000000e+02 1.059880002e+03 1.059879624e+03 8.025434606e+08 4.518556976e+12 -1.560000000e+00 0.000000000e+00 0.000000000e+00 1.958113856e-20 -2.948511072e-22 -1.509703796e-16 -2.124175859e-18 1.513510704e-16 2.948513317e-22 1.509703796e-16 -4.260470584e-18 -1.513510704e-16 
d 1.000000000e+02 1.059880005e+03 1.059879624e+03 3.739979188e+08 3.187504855e+12 -1.580000000e+00 0.000000000e+00 0.000000000e+00 -1.011692159e-19 -2.609371713e-22 -1.499295524e-16 1.734029388e-20 1.503067400e-16 2.609370956e-22 1.499295524e-16 -1.009900056e-17 -1.503067400e-16 
d 1.000000000e+02 1.059880007e+03 1.059879624e+03 1.744610340e+08 2.245380449e+12 -1.600000000e+00 0.000000000e+00 0.000000000e+00 3.916227711e-20 -2.334753607e-22 -1.490085122e-16 -1.138003066e-18 1.493825086e-16 2.334755751e-22 1.490085122e-16 -6.422374694e-17 -1.493825086e-16 
d 1.000000000e+02 1.059880010e+03 1.059879624e+03 8.145120599e+07 1.579695051e+12 -1.620000000e+00 0.000000000e+00 0.000000000e+00 -1.240138775e-19 -2.109801439e-22 -1.481881478e-16 2.497108229e-18 1.485592145e-16 2.109801321e-22 1.481881478e-16 1.844660472e-16 -1.485592145e-16 
d 1.000000000e+02 1.059880013e+03 1.059879624e+03 3.805537288e+07 1.110067419e+12 -1.640000000e+00 0.000000000e+00 0.000000000e+00 8.811512350e-20 -1.923622297e-22 -1.474532285e-16 -4.324378723e-19 1.478215870e-16 1.923621867e-22 1.474532285e-16 -1.022530882e-16 -1.478215870e-16 
d 1.000000000e+02 1.059880015e+03 1.059879624e+03 1.779141525e+07 7.792204742e+11 -1.660000000e+00 0.000000000e+00 0.000000000e+00 -7.506103113e-20 -1.768100249e-22 -1.467914608e-16 -2.806105801e-18 1.471573001e-16 1.768099827e-22 1.467914608e-16 -8.931364487e-17 -1.471573001e-16 
d 1.000000000e+02 1.059880018e+03 1.059879624e+03 8.322306965e+06 5.464406678e+11 -1.680000000e+00 0.000000000e+00 0.000000000e+00 3.589875402e-20 -1.637097697e-22 -1.461928080e-16 -2.513720218e-18 1.465562908e-16 1.637097662e-22 1.461928080e-16 -2.098707091e-17 -1.465562908e-16 
d 1.000000000e+02 1.059880020e+03 1.059879624e+03 3.894784417e+06 3.828508214e+11 -1.700000000e+00 0.000000000e+00 0.000000000e+00 -2.937170783e-20 -1.525908675e-22 -1.456489918e-16 -1.323812007e-18 1.460102589e-16 1.525908457e-22 1.456489918e-16 -6.438154677e-17 -1.460102589e-16 
d 1.000000000e+02 1.059880022e+03 1.059879624e+03 1.823482524e+06 2.680084660e+11 -1.720000000e+00 0.000000000e+00 0.000000000e+00 -1.468585392e-19 -1.430881219e-22 -1.451531206e-16 7.278492489e-19 1.455122946e-16 1.430881512e-22 1.451531206e-16 -4.307880447e-17 -1.455122946e-16 
d 1.000000000e+02 1.059880024e+03 1.059879624e+03 8.540316049e+05 1.874670829e+11 -1.740000000e+00 0.000000000e+00 0.000000000e+00 -1.142233082e-19 -1.349150417e-22 -1.446994096e-16 -1.062163556e-18 1.450565979e-16 1.349150677e-22 1.446994096e-16 7.069362035e-17 -1.450565979e-16 
d 1.000000000e+02 1.059880026e+03 1.059879624e+03 4.001098070e+05 1.310332681e+11 -1.760000000e+00 0.000000000e+00 0.000000000e+00 1.044327390e-19 -1.278445174e-22 -1.442829654e-16 4.520342909e-19 1.446382626e-16 1.278445276e-22 1.442829654e-16 7.890649364e-19 -1.446382626e-16 
d 1.000000000e+02 1.059880029e+03 1.059879624e+03 1.874989179e+05 9.152469020e+10 -1.780000000e+00 0.000000000e+00 0.000000000e+00 1.958113856e-20 -1.216948707e-22 -1.438996204e-16 -1.945971566e-18 1.442531100e-16 1.216948879e-22 1.438996204e-16 -4.134302609e-17 -1.442531100e-16 
d 1.000000000e+02 1.059880031e+03 1.059879624e+03 8.788531417e+04 6.388709913e+10 -1.800000000e+00 0.000000000e+00 0.000000000e+00 -9.790569278e-20 -1.163194143e-22 -1.435458020e-16 -9.660275368e-19 1.438975582e-16 1.163194344e-22 1.435458020e-16 6.138353227e-17 -1.438975582e-16 
d 1.000000000e+02 1.059880033e+03 1.059879624e+03 4.120191762e+04 4.456794149e+10 -1.820000000e+00 0.000000000e+00 0.000000000e+00 1.272774006e-19 -1.115989412e-22 -1.432184300e-16 -1.942736468e-18 1.435685189e-16 1.115989384e-22 1.432184300e-16 -1.727888379e-16 -1.435685189e-16 
d 1.000000000e+02 1.059880034e+03 1.059879624e+03 1.931921169e+04 3.107286146e+10 -1.840000000e+00 0.000000000e+00 0.000000000e+00 6.853398494e-20 -1.074357405e-22 -1.429148343e-16 5.620394669e-19 1.432633150e-16 1.074357631e-22 1.429148343e-16 2.367045159e-18 -1.432633150e-16 
d 1.000000000e+02 1.059880036e+03 1.059879624e+03 9.059848837e+03 2.165222878e+10 -1.860000000e+00 0.000000000e+00 0.000000000e+00 -6.527046185e-21 -1.037492136e-22 -1.426326886e-16 -3.887916197e-18 1.429796140e-16 1.037491826e-22 1.426326886e-16 -1.773649829e-16 -1.429796140e-16 
d 1.000000000e+02 1.059880038e+03 1.059879624e+03 4.249150045e+03 1.507991486e+10 -1.880000000e+00 0.000000000e+00 0.000000000e+00 -2.610818474e-20 -1.004724456e-22 -1.423699567e-16 1.609451369e-18 1.427153744e-16 1.004724449e-22 1.423699567e-16 1.405981744e-16 -1.427153744e-16 
d 1.000000000e+02 1.059880040e+03 1.059879624e+03 1.993075880e+03 1.049738903e+10 -1.900000000e+00 0.000000000e+00 0.000000000e+00 1.305409237e-20 -9.754960159e-23 -1.421248486e-16 -1.846731654e-19 1.424688016e-16 9.754958588e-23 1.421248486e-16 -3.155228316e-19 -1.424688016e-16 
d 1.000000000e+02 1.059880042e+03 1.059879624e+03 9.349282828e+02 7.303988684e+09 -1.920000000e+00 0.000000000e+00 0.000000000e+00 -1.468585392e-19 -9.493373927e-23 -1.418957845e-16 1.172726730e-18 1.422383117e-16 9.493373662e-23 1.418957845e-16 8.379086062e-17 -1.422383117e-16 
d 1.000000000e+02 1.059880043e+03 1.059879624e+03 4.385896227e+02 5.079778129e+09 -1.940000000e+00 0.000000000e+00 0.000000000e+00 6.527046185e-20 -9.258525820e-23 -1.416813649e-16 -2.024826561e-18 1.420225014e-16 9.258525722e-23 1.416813649e-16 -1.593760008e-16 -1.420225014e-16 
d 1.000000000e+02 1.059880045e+03 1.059879624e+03 2.057584261e+02 3.531376109e+09 -1.960000000e+00 0.000000000e+00 0.000000000e+00 4.895284639e-20 -9.047059664e-23 -1.414803451e-16 1.680014947e-18 1.418201230e-16 9.047059883e-23 1.414803451e-16 -1.514854391e-17 -1.418201230e-16 
d 1.000000000e+02 1.059880046e+03 1.059879624e+03 9.653180369e+01 2.453950821e+09 -1.980000000e+00 0.000000000e+00 0.000000000e+00 -6.200693876e-20 -8.856110952e-23 -1.412916153e-16 9.202806743e-19 1.416300634e-16 8.856111616e-23 1.412916153e-16 7.905691752e-17 -1.416300634e-16 
d 1.000000000e+02 1.059880048e+03 1.059879624e+03 4.528888193e+01 1.704581887e+09 -2.000000000e+00 0.000000000e+00 0.000000000e+00 -1.076962621e-19 -8.683233018e-23 -1.411141819e-16 -2.377680237e-18 1.414513268e-16 8.683231006e-23 1.411141819e-16 -1.404402299e-16 -1.414513268e-16 
