v atlas
# silvaco.file ASCII version=1.14.23 format=1 contents=SDB,Tables=1

Copyright "###################################################################"
Copyright "#                    Copyright Silvaco Inc. (c)                   #"
Copyright "#                            1992-2014                            #"
Copyright "#                                                                 #"
Copyright "# This file format and the following Key are copyright Silvaco    #"
Copyright "# International. You may not use, this format or key without      #"
Copyright "# reproducing this message in full and obtaining                  #"
Copyright "# express written permission from Silvaco Inc.                    #"
Copyright "#                                                                 #"
Copyright "# To obtain such permission please contact: Silvaco Inc.          #"
Copyright "#                                           support@silvaco.com   #"
Copyright "#                                                                 #"
Copyright "# KEY=SVC86hn7562asdx                       PROD=345              #"
Copyright "###################################################################"
#atlasMe 5.26.1.R (Wed Apr 11 16:49:17 PDT 2018)
#libSDB 1.12.41 (Mon Oct 16 16:19:38 PDT 2017)
f 5 source gate drain input output
p 10 2 20 3 21 4 22 5 23 6 24
d 0 -0.01620203123475043 0 1.9210295372177504e-06 0.8 -0.016203656224542774 0 -1.9210295372177504e-06 0.8 0.016203656224542774
d 0 -0.016074039953794687 -0.01 1.9683266249755192e-06 0.8 -0.016075712278431315 -0.01 -1.9683266249755192e-06 0.8 0.016075712278431315
d 0 -0.015947208744274192 -0.02 2.0062071235450272e-06 0.8 -0.015948919041738587 -0.02 -2.0062071235450272e-06 0.8 0.015948919041738587
d 0 -0.015821521235419789 -0.029999999999999999 2.0375321281071747e-06 0.8 -0.015823262990927567 -0.029999999999999999 -2.0375321281071747e-06 0.8 0.015823262990927567
d 0 -0.015696952617951843 -0.040000000000000001 2.0642764970825582e-06 0.8 -0.015698721290355593 -0.040000000000000001 -2.0642764970825582e-06 0.8 0.015698721290355593
d 0 -0.015573455427104119 -0.050000000000000003 2.087797397887134e-06 0.8 -0.015575247839477059 -0.050000000000000003 -2.087797397887134e-06 0.8 0.015575247839477059
d 0 -0.015450971290694386 -0.059999999999999998 2.1090469832561223e-06 0.8 -0.015452785215735525 -0.059999999999999998 -2.1090469832561223e-06 0.8 0.015452785215735525
d 0 -0.01532950303600932 -0.070000000000000007 2.1286898876252915e-06 0.8 -0.015331336902200265 -0.070000000000000007 -2.1286898876252915e-06 0.8 0.015331336902200265
d 0 -0.015209038540692195 -0.080000000000000002 2.1471823652716056e-06 0.8 -0.015210891231720619 -0.080000000000000002 -2.1471823652716056e-06 0.8 0.015210891231720619
d 0 -0.015089529812476722 -0.089999999999999997 2.1648341881125998e-06 0.8 -0.015091400530310817 -0.089999999999999997 -2.1648341881125998e-06 0.8 0.015091400530310817
d 0 -0.014970943536407239 -0.10000000000000001 2.1818700948763208e-06 0.8 -0.014972831700095154 -0.10000000000000001 -2.1818700948763208e-06 0.8 0.014972831700095154
d 0 -0.014853283950916592 -0.11 2.1984479217400015e-06 0.8 -0.01485518913236274 -0.11 -2.1984479217400015e-06 0.8 0.01485518913236274
d 0 -0.014736532019227356 -0.12 2.2146705988808554e-06 0.8 -0.014738453892740543 -0.12 -2.2146705988808554e-06 0.8 0.014738453892740543
d 0 -0.014620634199787206 -0.13 2.2306108417193069e-06 0.8 -0.014622572521766677 -0.13 -2.2306108417193069e-06 0.8 0.014622572521766677
d 0 -0.014505576199153603 -0.14000000000000001 2.2463246781622652e-06 0.8 -0.014507530771087488 -0.14000000000000001 -2.2463246781622652e-06 0.8 0.014507530771087488
d 0 -0.01439138515805991 -0.14999999999999999 2.2618515885789623e-06 0.8 -0.014393355818293692 -0.14999999999999999 -2.2618515885789623e-06 0.8 0.014393355818293692
d 0 -0.014278031709657881 -0.16 2.2772122569734801e-06 0.8 -0.014280018318826164 -0.16 -2.2772122569734801e-06 0.8 0.014280018318826164
d 0 -0.01416545821436138 -0.17000000000000001 2.292426719867686e-06 0.8 -0.01416746065847814 -0.17000000000000001 -2.292426719867686e-06 0.8 0.01416746065847814
d 0 -0.01405367729819983 -0.17999999999999999 2.3075122461076097e-06 0.8 -0.014055695471834637 -0.17999999999999999 -2.3075122461076097e-06 0.8 0.014055695471834637
d 0 -0.013942699781665721 -0.19 2.3224785083093087e-06 0.8 -0.013944733587339062 -0.19 -2.3224785083093087e-06 0.8 0.013944733587339062
d 0 -0.013832487072997808 -0.20000000000000001 2.3373290634733611e-06 0.8 -0.013834536420242745 -0.20000000000000001 -2.3373290634733611e-06 0.8 0.013834536420242745
d 0 -0.013723013112240072 -0.20999999999999999 2.3520714152296146e-06 0.8 -0.013725077919028933 -0.20999999999999999 -2.3520714152296146e-06 0.8 0.013725077919028933
d 0 -0.013614298524857746 -0.22 2.3667137327098373e-06 0.8 -0.013616378711264632 -0.22 -2.3667137327098373e-06 0.8 0.013616378711264632
d 0 -0.013506344653621594 -0.23000000000000001 2.3812563595737638e-06 0.8 -0.013508440138891758 -0.23000000000000001 -2.3812563595737638e-06 0.8 0.013508440138891758
d 0 -0.013399098138507743 -0.23999999999999999 2.3957014361178031e-06 0.8 -0.013401208848846611 -0.23999999999999999 -2.3957014361178031e-06 0.8 0.013401208848846611
d 0 -0.013292550883298934 -0.25 2.4100533960065314e-06 0.8 -0.013294676747164344 -0.25 -2.4100533960065314e-06 0.8 0.013294676747164344
d 0 -0.013186735406045801 -0.26000000000000001 2.4243164915858156e-06 0.8 -0.013188876351879207 -0.26000000000000001 -2.4243164915858156e-06 0.8 0.013188876351879207
d 0 -0.013081639670117121 -0.27000000000000002 2.4384890761528964e-06 0.8 -0.013083795624161121 -0.27000000000000002 -2.4384890761528964e-06 0.8 0.013083795624161121
d 0 -0.012977214304485488 -0.28000000000000003 2.4525730820197668e-06 0.8 -0.012979385200393323 -0.28000000000000003 -2.4525730820197668e-06 0.8 0.012979385200393323
d 0 -0.012873474004288661 -0.28999999999999998 2.4665728875499381e-06 0.8 -0.012875659775318569 -0.28999999999999998 -2.4665728875499381e-06 0.8 0.012875659775318569
d 0 -0.01277043609115015 -0.29999999999999999 2.4804897199746629e-06 0.8 -0.012772636669403521 -0.29999999999999999 -2.4804897199746629e-06 0.8 0.012772636669403521
d 0 -0.012668067204966382 -0.31 2.4943228697764093e-06 0.8 -0.012670282522140029 -0.31 -2.4943228697764093e-06 0.8 0.012670282522140029
d 0 -0.012566341392301941 -0.32000000000000001 2.5080742441196874e-06 0.8 -0.012568571387237085 -0.32000000000000001 -2.5080742441196874e-06 0.8 0.012568571387237085
d 0 -0.012465291122349651 -0.33000000000000002 2.5217472963202907e-06 0.8 -0.012467535730810818 -0.33000000000000002 -2.5217472963202907e-06 0.8 0.012467535730810818
d 0 -0.012364923032711051 -0.34000000000000002 2.5353416319893921e-06 0.8 -0.012367182189063219 -0.34000000000000002 -2.5353416319893921e-06 0.8 0.012367182189063219
d 0 -0.012265186571347493 -0.35000000000000003 2.5488573298877583e-06 0.8 -0.012267460211955945 -0.35000000000000003 -2.5488573298877583e-06 0.8 0.012267460211955945
d 0 -0.012166079714304424 -0.35999999999999999 2.5622968425802813e-06 0.8 -0.012168367780206623 -0.35999999999999999 -2.5622968425802813e-06 0.8 0.012168367780206623
d 0 -0.012067629416346213 -0.37 2.5756622796162065e-06 0.8 -0.012069931845907355 -0.37 -2.5756622796162065e-06 0.8 0.012069931845907355
d 0 -0.011969825383421541 -0.38 2.5889526931368309e-06 0.8 -0.01197214211346744 -0.38 -2.5889526931368309e-06 0.8 0.01197214211346744
d 0 -0.011872633441010649 -0.39000000000000001 2.6021686914944558e-06 0.8 -0.011874964411566349 -0.39000000000000001 -2.6021686914944558e-06 0.8 0.011874964411566349
d 0 -0.011776064836061832 -0.40000000000000002 2.6153129988422355e-06 0.8 -0.011778409989807986 -0.40000000000000002 -2.6153129988422355e-06 0.8 0.011778409989807986
d 0 -0.011680135570425137 -0.41000000000000003 2.628385610102971e-06 0.8 -0.011682494846791625 -0.41000000000000003 -2.628385610102971e-06 0.8 0.011682494846791625
d 0 -0.01158481366688747 -0.41999999999999998 2.6413866754751379e-06 0.8 -0.011587187005401215 -0.41999999999999998 -2.6413866754751379e-06 0.8 0.011587187005401215
d 0 -0.01149007816111512 -0.42999999999999999 2.6543169671202714e-06 0.8 -0.011492465505307999 -0.42999999999999999 -2.6543169671202714e-06 0.8 0.011492465505307999
d 0 -0.011395960424713966 -0.44 2.6671795929719188e-06 0.8 -0.011398361718975085 -0.44 -2.6671795929719188e-06 0.8 0.011398361718975085
d 0 -0.011302450291933811 -0.45000000000000001 2.6799720416196388e-06 0.8 -0.011304865476489749 -0.45000000000000001 -2.6799720416196388e-06 0.8 0.011304865476489749
d 0 -0.011209517754645544 -0.46000000000000002 2.6926955718684779e-06 0.8 -0.011211946771064034 -0.46000000000000002 -2.6926955718684779e-06 0.8 0.011211946771064034
d 0 -0.011117161508110911 -0.47000000000000003 2.7053522893626466e-06 0.8 -0.011119604303592091 -0.47000000000000003 -2.7053522893626466e-06 0.8 0.011119604303592091
d 0 -0.011025388077267913 -0.47999999999999998 2.7179431246836551e-06 0.8 -0.011027844596667757 -0.47999999999999998 -2.7179431246836551e-06 0.8 0.011027844596667757
d 0 -0.010934180817652749 -0.48999999999999999 2.7304663787148206e-06 0.8 -0.010936651003475569 -0.48999999999999999 -2.7304663787148206e-06 0.8 0.010936651003475569
d 0 -0.010843515100030905 -0.5 2.7429241540755953e-06 0.8 -0.010845998897202844 -0.5 -2.7429241540755953e-06 0.8 0.010845998897202844
d 0 -0.010753406775420896 -0.51000000000000001 2.7553185636321756e-06 0.8 -0.010755904134193093 -0.51000000000000001 -2.7553185636321756e-06 0.8 0.010755904134193093
d 0 -0.01066384544196456 -0.52000000000000002 2.767648226640347e-06 0.8 -0.010666356307322858 -0.52000000000000002 -2.767648226640347e-06 0.8 0.010666356307322858
d 0 -0.010574803590761666 -0.53000000000000003 2.7799133399307745e-06 0.8 -0.010577327908086001 -0.53000000000000003 -2.7799133399307745e-06 0.8 0.010577327908086001
d 0 -0.010486275104519891 -0.54000000000000004 2.7921169265776292e-06 0.8 -0.010488812822998692 -0.54000000000000004 -2.7921169265776292e-06 0.8 0.010488812822998692
d 0 -0.010398253865515567 -0.55000000000000004 2.8042604433429748e-06 0.8 -0.010400804937711677 -0.55000000000000004 -2.8042604433429748e-06 0.8 0.010400804937711677
d 0 -0.010310735095704283 -0.56000000000000005 2.8163409799581011e-06 0.8 -0.010313299468132045 -0.56000000000000005 -2.8163409799581011e-06 0.8 0.010313299468132045
d 0 -0.010223693045807818 -0.57000000000000006 2.8283609477946446e-06 0.8 -0.010226270667487448 -0.57000000000000006 -2.8283609477946446e-06 0.8 0.010226270667487448
d 0 -0.010137129625226398 -0.57999999999999996 2.8403239395635859e-06 0.8 -0.010139720450130996 -0.57999999999999996 -2.8403239395635859e-06 0.8 0.010139720450130996
d 0 -0.010051029330448021 -0.58999999999999997 2.8522288225832323e-06 0.8 -0.010053633311803803 -0.58999999999999997 -2.8522288225832323e-06 0.8 0.010053633311803803
d 0 -0.0099653775669323059 -0.59999999999999998 2.8640742723521778e-06 0.8 -0.0099679946546434132 -0.59999999999999998 -2.8640742723521778e-06 0.8 0.0099679946546434132
d 0 -0.0098801647273947576 -0.60999999999999999 2.8758642310746594e-06 0.8 -0.0098827948749405821 -0.60999999999999999 -2.8758642310746594e-06 0.8 0.0098827948749405821
d 0 -0.0097953838450086528 -0.62 2.8876011496664933e-06 0.8 -0.0097980270104571325 -0.62 -2.8876011496664933e-06 0.8 0.0097980270104571325
d 0 -0.0097110224620872657 -0.63 2.8992819857958346e-06 0.8 -0.0097136785992722879 -0.63 -2.8992819857958346e-06 0.8 0.0097136785992722879
d 0 -0.0096270740746794981 -0.64000000000000001 2.9109078823894526e-06 0.8 -0.0096297431372584473 -0.64000000000000001 -2.9109078823894526e-06 0.8 0.0096297431372584473
d 0 -0.0095435309603187791 -0.65000000000000002 2.922483390036771e-06 0.8 -0.0095462129060318746 -0.65000000000000002 -2.922483390036771e-06 0.8 0.0095462129060318746
d 0 -0.0094603751904987939 -0.66000000000000003 2.9340085192852496e-06 0.8 -0.0094630699798217439 -0.66000000000000003 -2.9340085192852496e-06 0.8 0.0094630699798217439
d 0 -0.009377605483591003 -0.67000000000000004 2.9454801938147547e-06 0.8 -0.0093803130714119904 -0.67000000000000004 -2.9454801938147547e-06 0.8 0.0093803130714119904
d 0 -0.0092952193486928059 -0.68000000000000005 2.9569029888340927e-06 0.8 -0.0092979396938009176 -0.68000000000000005 -2.9569029888340927e-06 0.8 0.0092979396938009176
d 0 -0.009213206636507423 -0.69000000000000006 2.9682786730728275e-06 0.8 -0.0092159396992471734 -0.69000000000000006 -2.9682786730728275e-06 0.8 0.0092159396992471734
d 0 -0.0091315474718585837 -0.70000000000000007 2.979605435141782e-06 0.8 -0.0091342932131454491 -0.70000000000000007 -2.979605435141782e-06 0.8 0.0091342932131454491
d 0 -0.0090502612539803632 -0.70999999999999996 2.9908831549641155e-06 0.8 -0.0090530196315082041 -0.70999999999999996 -2.9908831549641155e-06 0.8 0.0090530196315082041
d 0 -0.0089693369585040639 -0.71999999999999997 3.0021163881625335e-06 0.8 -0.0089721079344515179 -0.71999999999999997 -3.0021163881625335e-06 0.8 0.0089721079344515179
d 0 -0.0088887523166494304 -0.72999999999999998 3.0133050372868371e-06 0.8 -0.0088915358537091371 -0.72999999999999998 -3.0133050372868371e-06 0.8 0.0088915358537091371
d 0 -0.0088085156979852385 -0.73999999999999999 3.0244456611336416e-06 0.8 -0.0088113117559072609 -0.73999999999999999 -3.0244456611336416e-06 0.8 0.0088113117559072609
d 0 -0.008728642558095934 -0.75 3.0355428918896864e-06 0.8 -0.0087314510991758441 -0.75 -3.0355428918896864e-06 0.8 0.0087314510991758441
d 0 -0.0086491138700433429 -0.76000000000000001 3.046597874200316e-06 0.8 -0.008651934857867331 -0.76000000000000001 -3.046597874200316e-06 0.8 0.008651934857867331
d 0 -0.0085699020784078695 -0.77000000000000002 3.0576086490047227e-06 0.8 -0.0085727354757450542 -0.77000000000000002 -3.0576086490047227e-06 0.8 0.0085727354757450542
d 0 -0.0084910562343344445 -0.78000000000000003 3.06857503438955e-06 0.8 -0.0084939020024654491 -0.78000000000000003 -3.06857503438955e-06 0.8 0.0084939020024654491
d 0 -0.0084125592629333851 -0.79000000000000004 3.07950124707647e-06 0.8 -0.0084154173667665283 -0.79000000000000004 -3.07950124707647e-06 0.8 0.0084154173667665283
d 0 -0.0083343797731661121 -0.80000000000000004 3.0903859573641105e-06 0.8 -0.0083372501767674783 -0.80000000000000004 -3.0903859573641105e-06 0.8 0.0083372501767674783
d 0 -0.0082565394986389169 -0.81000000000000005 3.1012273703386095e-06 0.8 -0.0082594221644578646 -0.81000000000000005 -3.1012273703386095e-06 0.8 0.0082594221644578646
d 0 -0.0081790640685340688 -0.82000000000000006 3.1120284886724218e-06 0.8 -0.0081819589608098636 -0.82000000000000006 -3.1120284886724218e-06 0.8 0.0081819589608098636
d 0 -0.008101926862221373 -0.83000000000000007 3.1227898789728808e-06 0.8 -0.0081048339458670501 -0.83000000000000007 -3.1227898789728808e-06 0.8 0.0081048339458670501
d 0 -0.0080250949855634971 -0.83999999999999997 3.1335102154933476e-06 0.8 -0.0080280142247048623 -0.83999999999999997 -3.1335102154933476e-06 0.8 0.0080280142247048623
d 0 -0.0079486430548978484 -0.84999999999999998 3.1441895296415829e-06 0.8 -0.0079515744127749005 -0.84999999999999998 -3.1441895296415829e-06 0.8 0.0079515744127749005
d 0 -0.0078725371650767758 -0.85999999999999999 3.1548304508632041e-06 0.8 -0.0078754806074773139 -0.85999999999999999 -3.1548304508632041e-06 0.8 0.0078754806074773139
d 0 -0.0077967425001531036 -0.87 3.1654312973395193e-06 0.8 -0.0077996979918343963 -0.87 -3.1654312973395193e-06 0.8 0.0077996979918343963
d 0 -0.007721295587377725 -0.88 3.1759923655972725e-06 0.8 -0.0077242630921424043 -0.88 -3.1759923655972725e-06 0.8 0.0077242630921424043
d 0 -0.0076462214932975486 -0.89000000000000001 3.1865147307963882e-06 0.8 -0.0076492009765145186 -0.89000000000000001 -3.1865147307963882e-06 0.8 0.0076492009765145186
d 0 -0.0075714770160437055 -0.90000000000000002 3.1969976613351239e-06 0.8 -0.0075744684422879224 -0.90000000000000002 -3.1969976613351239e-06 0.8 0.0075744684422879224
d 0 -0.007497042596063189 -0.91000000000000003 3.20744214804637e-06 0.8 -0.0075000459313194585 -0.91000000000000003 -3.20744214804637e-06 0.8 0.0075000459313194585
d 0 -0.0074229977853689883 -0.92000000000000004 3.217847855469302e-06 0.8 -0.0074260129930987292 -0.92000000000000004 -3.217847855469302e-06 0.8 0.0074260129930987292
d 0 -0.0073492905093694993 -0.93000000000000005 3.2282147102391848e-06 0.8 -0.0073523175551342352 -0.93000000000000005 -3.2282147102391848e-06 0.8 0.0073523175551342352
d 0 -0.0072758945510793599 -0.94000000000000006 3.2385431176809764e-06 0.8 -0.0072789334005392567 -0.94000000000000006 -3.2385431176809764e-06 0.8 0.0072789334005392567
d 0 -0.0072028515133196157 -0.95000000000000007 3.2488345789679414e-06 0.8 -0.0072059021323373149 -0.95000000000000007 -3.2488345789679414e-06 0.8 0.0072059021323373149
d 0 -0.0071301672349019275 -0.95999999999999996 3.2590869970074725e-06 0.8 -0.0071332295874095676 -0.95999999999999996 -3.2590869970074725e-06 0.8 0.0071332295874095676
d 0 -0.0070578055536250333 -0.96999999999999997 3.2693007413284953e-06 0.8 -0.0070608796051250941 -0.96999999999999997 -3.2693007413284953e-06 0.8 0.0070608796051250941
d 0 -0.0069857615473842777 -0.97999999999999998 3.2794783688629855e-06 0.8 -0.0069888472652758936 -0.97999999999999998 -3.2794783688629855e-06 0.8 0.0069888472652758936
d 0 -0.0069140776740265007 -0.98999999999999999 3.2896186726372239e-06 0.8 -0.006917175023116803 -0.98999999999999999 -3.2896186726372239e-06 0.8 0.006917175023116803
d 0 -0.0068427225519847893 -1 3.2997198870092256e-06 0.8 -0.0068458314968530961 -1 -3.2997198870092256e-06 0.8 0.0068458314968530961
d 0 -0.0067716744870719194 -1.01 3.3097847993509224e-06 0.8 -0.0067747949953152128 -1.01 -3.3097847993509224e-06 0.8 0.0067747949953152128
d 0 -0.0067009616585384218 -1.02 3.3198151021988078e-06 0.8 -0.0067040936981017027 -1.02 -3.3198151021988078e-06 0.8 0.0067040936981017027
d 0 -0.0066305792986821113 -1.03 3.329806165128805e-06 0.8 -0.0066337228327542829 -1.03 -3.329806165128805e-06 0.8 0.0066337228327542829
d 0 -0.0065605055664276221 -1.04 3.3397605612006004e-06 0.8 -0.0065636605623508896 -1.04 -3.3397605612006004e-06 0.8 0.0065636605623508896
d 0 -0.0064907491994839178 -1.05 3.3496817782915768e-06 0.8 -0.0064939156269040437 -1.05 -3.3496817782915768e-06 0.8 0.0064939156269040437
d 0 -0.0064213010423779778 -1.0600000000000001 3.3595659518844873e-06 0.8 -0.0064244788670293962 -1.0600000000000001 -3.3595659518844873e-06 0.8 0.0064244788670293962
d 0 -0.0063521667214377527 -1.0700000000000001 3.3694131214951805e-06 0.8 -0.006355355908700731 -1.0700000000000001 -3.3694131214951805e-06 0.8 0.006355355908700731
d 0 -0.0062833353159554477 -1.0800000000000001 3.3792274090464115e-06 0.8 -0.0062865358366246751 -1.0800000000000001 -3.3792274090464115e-06 0.8 0.0062865358366246751
d 0 -0.0062147966535266459 -1.0900000000000001 3.3890067069876375e-06 0.8 -0.0062180084753803277 -1.0900000000000001 -3.3890067069876375e-06 0.8 0.0062180084753803277
d 0 -0.0061465618656140943 -1.1000000000000001 3.3987502703642176e-06 0.8 -0.006149784955234527 -1.1000000000000001 -3.3987502703642176e-06 0.8 0.006149784955234527
d 0 -0.0060786320046149617 -1.1100000000000001 3.4084604173019075e-06 0.8 -0.0060818663307970252 -1.1100000000000001 -3.4084604173019075e-06 0.8 0.0060818663307970252
d 0 -0.0060109779321754261 -1.1200000000000001 3.4181367808982038e-06 0.8 -0.0060142234647065675 -1.1200000000000001 -3.4181367808982038e-06 0.8 0.0060142234647065675
d 0 -0.0059436098365773628 -1.1300000000000001 3.4277800349804011e-06 0.8 -0.0059468665447048848 -1.1300000000000001 -3.4277800349804011e-06 0.8 0.0059468665447048848
d 0 -0.0058765443592768939 -1.1400000000000001 3.4373897376680899e-06 0.8 -0.0058798122111941142 -1.1400000000000001 -3.4373897376680899e-06 0.8 0.0058798122111941142
d 0 -0.0058097503999453839 -1.1500000000000001 3.4469662488465156e-06 0.8 -0.0058130293651434285 -1.1500000000000001 -3.4469662488465156e-06 0.8 0.0058130293651434285
d 0 -0.0057432357796843433 -1.1599999999999999 3.4565107869269118e-06 0.8 -0.0057465258288119008 -1.1599999999999999 -3.4565107869269118e-06 0.8 0.0057465258288119008
d 0 -0.005677001637366997 -1.1699999999999999 3.4660238869955178e-06 0.8 -0.0056803027409070162 -1.1699999999999999 -3.4660238869955178e-06 0.8 0.0056803027409070162
d 0 -0.0056110507208243249 -1.1799999999999999 3.4755034223840603e-06 0.8 -0.0056143628468839218 -1.1799999999999999 -3.4755034223840603e-06 0.8 0.0056143628468839218
d 0 -0.005545369828344855 -1.1899999999999999 3.4849518499458747e-06 0.8 -0.0055486929481134515 -1.1899999999999999 -3.4849518499458747e-06 0.8 0.0055486929481134515
d 0 -0.0054799568378933626 -1.2 3.4943707426016614e-06 0.8 -0.0054832909239883112 -1.2 -3.4943707426016614e-06 0.8 0.0054832909239883112
d 0 -0.0054148268865441751 -1.21 3.5037563706045856e-06 0.8 -0.0054181719069939767 -1.21 -3.5037563706045856e-06 0.8 0.0054181719069939767
d 0 -0.0053499642852958846 -1.22 3.5131112721614463e-06 0.8 -0.0053533202109204052 -1.22 -3.5131112721614463e-06 0.8 0.0053533202109204052
d 0 -0.0052853759536628624 -1.23 3.5224371800351334e-06 0.8 -0.0052887427572283494 -1.23 -3.5224371800351334e-06 0.8 0.0052887427572283494
d 0 -0.0052210474897545966 -1.24 3.5317319362434866e-06 0.8 -0.0052244251418060968 -1.24 -3.5317319362434866e-06 0.8 0.0052244251418060968
d 0 -0.0051569990220048144 -1.25 3.5409958670634017e-06 0.8 -0.0051603874926036452 -1.25 -3.5409958670634017e-06 0.8 0.0051603874926036452
d 0 -0.0050932267969775935 -1.26 3.5502304912319567e-06 0.8 -0.0050966260575958378 -1.26 -3.5502304912319567e-06 0.8 0.0050966260575958378
d 0 -0.0050297073564799571 -1.27 3.5594355112345552e-06 0.8 -0.0050331173794808306 -1.27 -3.5594355112345552e-06 0.8 0.0050331173794808306
d 0 -0.0049664679763244532 -1.28 3.5686107111511052e-06 0.8 -0.0049698887324256969 -1.28 -3.5686107111511052e-06 0.8 0.0049698887324256969
d 0 -0.0049035037411879236 -1.29 3.5777559426884298e-06 0.8 -0.0049069352010121282 -1.29 -3.5777559426884298e-06 0.8 0.0049069352010121282
d 0 -0.0048408031853591034 -1.3 3.5868717731062543e-06 0.8 -0.0048442453202883979 -1.3 -3.5868717731062543e-06 0.8 0.0048442453202883979
d 0 -0.0047783690246723529 -1.3100000000000001 3.5959601457601338e-06 0.8 -0.0047818218082640125 -1.3100000000000001 -3.5959601457601338e-06 0.8 0.0047818218082640125
d 0 -0.004716211172861055 -1.3200000000000001 3.6050173645869224e-06 0.8 -0.0047196745742091872 -1.3200000000000001 -3.6050173645869224e-06 0.8 0.0047196745742091872
d 0 -0.0046543332265582063 -1.3300000000000001 3.6140454671569369e-06 0.8 -0.004657807216600229 -1.3300000000000001 -3.6140454671569369e-06 0.8 0.004657807216600229
d 0 -0.0045927173216981148 -1.3400000000000001 3.6230469347149764e-06 0.8 -0.0045962018742794165 -1.3400000000000001 -3.6230469347149764e-06 0.8 0.0045962018742794165
d 0 -0.0045313624826571796 -1.3500000000000001 3.6320178050686582e-06 0.8 -0.0045348575678820511 -1.3500000000000001 -3.6320178050686582e-06 0.8 0.0045348575678820511
d 0 -0.0044703055389072504 -1.3600000000000001 3.6409595214088873e-06 0.8 -0.0044738111268433616 -1.3600000000000001 -3.6409595214088873e-06 0.8 0.0044738111268433616
d 0 -0.0044095159942419892 -1.3700000000000001 3.6498740982597569e-06 0.8 -0.0044130320578114222 -1.3700000000000001 -3.6498740982597569e-06 0.8 0.0044130320578114222
d 0 -0.0043489687609243851 -1.3800000000000001 3.6587597261565887e-06 0.8 -0.0043524952719031411 -1.3800000000000001 -3.6587597261565887e-06 0.8 0.0043524952719031411
d 0 -0.0042887280662156548 -1.3900000000000001 3.6676161649447929e-06 0.8 -0.004292264994297996 -1.3900000000000001 -3.6676161649447929e-06 0.8 0.004292264994297996
d 0 -0.0042287630683961472 -1.4000000000000001 3.6764446530940369e-06 0.8 -0.0042323103851569415 -1.4000000000000001 -3.6764446530940369e-06 0.8 0.0042323103851569415
d 0 -0.0041690380071857415 -1.4099999999999999 3.6852451617896868e-06 0.8 -0.0041725956851171118 -1.4099999999999999 -3.6852451617896868e-06 0.8 0.0041725956851171118
d 0 -0.0041096035585937683 -1.4199999999999999 3.694017701152819e-06 0.8 -0.0041131715687218679 -1.4199999999999999 -3.694017701152819e-06 0.8 0.0041131715687218679
d 0 -0.0040504598657324677 -1.4299999999999999 3.7027613203926538e-06 0.8 -0.0040540381780040779 -1.4299999999999999 -3.7027613203926538e-06 0.8 0.0040540381780040779
d 0 -0.0039915603421595688 -1.4399999999999999 3.7114772716996672e-06 0.8 -0.0039951489290255566 -1.4399999999999999 -3.7114772716996672e-06 0.8 0.0039951489290255566
d 0 -0.0039329314828294463 -1.45 3.7201664673006251e-06 0.8 -0.0039365303166116576 -1.45 -3.7201664673006251e-06 0.8 0.0039365303166116576
d 0 -0.0038746007014741389 -1.46 3.7288266197623376e-06 0.8 -0.0038782097515832892 -1.46 -3.7288266197623376e-06 0.8 0.0038782097515832892
d 0 -0.0038165204308934805 -1.47 3.7374590239960742e-06 0.8 -0.0038201396691959063 -1.47 -3.7374590239960742e-06 0.8 0.0038201396691959063
d 0 -0.0037587052892609375 -1.48 3.7460656892825977e-06 0.8 -0.0037623346890991384 -1.48 -3.7460656892825977e-06 0.8 0.0037623346890991384
d 0 -0.0037011783824882384 -1.49 3.7546444995553514e-06 0.8 -0.0037048179141176015 -1.49 -3.7546444995553514e-06 0.8 0.0037048179141176015
d 0 -0.0036439120791323062 -1.5 3.7631944651813103e-06 0.8 -0.0036475617128177303 -1.5 -3.7631944651813103e-06 0.8 0.0036475617128177303
d 0 -0.0035869112041649752 -1.51 3.7717197513977455e-06 0.8 -0.0035905709139735279 -1.51 -3.7717197513977455e-06 0.8 0.0035905709139735279
d 0 -0.0035301791139052564 -1.52 3.7802181240208175e-06 0.8 -0.0035338488714866745 -1.52 -3.7802181240208175e-06 0.8 0.0035338488714866745
d 0 -0.0034737265146984365 -1.53 3.7886885677211265e-06 0.8 -0.0034774062900305288 -1.53 -3.7886885677211265e-06 0.8 0.0034774062900305288
d 0 -0.0034175359732896613 -1.54 3.7971340518890852e-06 0.8 -0.0034212257400192082 -1.54 -3.7971340518890852e-06 0.8 0.0034212257400192082
d 0 -0.0033616016812406807 -1.55 3.8055525183649505e-06 0.8 -0.0033653014110031671 -1.55 -3.8055525183649505e-06 0.8 0.0033653014110031671
d 0 -0.0033059566855602393 -1.5600000000000001 3.8139458756742561e-06 0.8 -0.0033096663507932926 -1.5600000000000001 -3.8139458756742561e-06 0.8 0.0033096663507932926
d 0 -0.0032505723634625055 -1.5700000000000001 3.8223129443010696e-06 0.8 -0.0032542919359236601 -1.5700000000000001 -3.8223129443010696e-06 0.8 0.0032542919359236601
d 0 -0.0031954473210401152 -1.5800000000000001 3.8306553023621094e-06 0.8 -0.0031991767743902813 -1.5800000000000001 -3.8306553023621094e-06 0.8 0.0031991767743902813
d 0 -0.0031406044922799177 -1.5900000000000001 3.8389723382643033e-06 0.8 -0.0031443437987499919 -1.5900000000000001 -3.8389723382643033e-06 0.8 0.0031443437987499919
d 0 -0.0030860297333638628 -1.6000000000000001 3.8472639629967138e-06 0.8 -0.003089778865502258 -1.6000000000000001 -3.8472639629967138e-06 0.8 0.003089778865502258
d 0 -0.0030317150846115308 -1.6100000000000001 3.8555308914655997e-06 0.8 -0.003035474015516907 -1.6100000000000001 -3.8555308914655997e-06 0.8 0.003035474015516907
d 0 -0.0029776840423576664 -1.6200000000000001 3.8637744532863223e-06 0.8 -0.0029814527461548049 -1.6200000000000001 -3.8637744532863223e-06 0.8 0.0029814527461548049
d 0 -0.0029239254858681746 -1.6300000000000001 3.8719932636481506e-06 0.8 -0.0029277039355657536 -1.6300000000000001 -3.8719932636481506e-06 0.8 0.0029277039355657536
d 0 -0.0028704319910158424 -1.6400000000000001 3.880187059532574e-06 0.8 -0.0028742201594860106 -1.6400000000000001 -3.880187059532574e-06 0.8 0.0028742201594860106
d 0 -0.0028172297405958569 -1.6500000000000001 3.8883599859146549e-06 0.8 -0.0028210276039994952 -1.6500000000000001 -3.8883599859146549e-06 0.8 0.0028210276039994952
d 0 -0.0027642877015445575 -1.6600000000000001 3.8965065395465184e-06 0.8 -0.0027680952317160174 -1.6600000000000001 -3.8965065395465184e-06 0.8 0.0027680952317160174
d 0 -0.0027116369540199489 -1.6699999999999999 3.90463245969429e-06 0.8 -0.0027154541275312191 -1.6699999999999999 -3.90463245969429e-06 0.8 0.0027154541275312191
d 0 -0.0026592649900571315 -1.6799999999999999 3.9127335704258351e-06 0.8 -0.0026630917796182782 -1.6799999999999999 -3.9127335704258351e-06 0.8 0.0026630917796182782
d 0 -0.0026071711801711373 -1.6899999999999999 3.9208146358715771e-06 0.8 -0.0026110075633835753 -1.6899999999999999 -3.9208146358715771e-06 0.8 0.0026110075633835753
d 0 -0.0025553630136572322 -1.7 3.9288710215965818e-06 0.8 -0.0025592089632937415 -1.7 -3.9288710215965818e-06 0.8 0.0025592089632937415
d 0 -0.0025038551125821898 -1.71 3.9369065619864028e-06 0.8 -0.0025077106047596701 -1.71 -3.9369065619864028e-06 0.8 0.0025077106047596701
d 0 -0.002452622688048725 -1.72 3.9449198615115978e-06 0.8 -0.0024564876982461942 -1.72 -3.9449198615115978e-06 0.8 0.0024564876982461942
d 0 -0.002401678124019166 -1.73 3.9529114430920572e-06 0.8 -0.0024055526279520554 -1.73 -3.9529114430920572e-06 0.8 0.0024055526279520554
d 0 -0.002351054266407933 -1.74 3.9608826019488568e-06 0.8 -0.002354938239972688 -1.74 -3.9608826019488568e-06 0.8 0.002354938239972688
d 0 -0.0023007068847068304 -1.75 3.9688321465438718e-06 0.8 -0.0023046003040302692 -1.75 -3.9688321465438718e-06 0.8 0.0023046003040302692
d 0 -0.0022506631001657125 -1.76 3.9767608946735424e-06 0.8 -0.002254565941356848 -1.76 -3.9767608946735424e-06 0.8 0.002254565941356848
d 0 -0.0022009324607243459 -1.77 3.9846694268968952e-06 0.8 -0.00220484470020823 -1.77 -3.9846694268968952e-06 0.8 0.00220484470020823
d 0 -0.0021515000252680227 -1.78 3.992556470382977e-06 0.8 -0.0021554216385815629 -1.78 -3.992556470382977e-06 0.8 0.0021554216385815629
d 0 -0.0021023795619215225 -1.79 4.0004253201428371e-06 0.8 -0.002106310527395744 -1.79 -4.0004253201428371e-06 0.8 0.002106310527395744
d 0 -0.002053570920179419 -1.8 4.0082708794575174e-06 0.8 -0.0020575112111929548 -1.8 -4.0082708794575174e-06 0.8 0.0020575112111929548
d 0 -0.0020050891796547505 -1.8100000000000001 4.016100095679497e-06 0.8 -0.002009038775875994 -1.8100000000000001 -4.016100095679497e-06 0.8 0.002009038775875994
d 0 -0.0019569074650659332 -1.8200000000000001 4.0239071403136053e-06 0.8 -0.0019608663410913248 -1.8200000000000001 -4.0239071403136053e-06 0.8 0.0019608663410913248
d 0 -0.0019090726078444414 -1.8300000000000001 4.0316972372094601e-06 0.8 -0.0019130407418577527 -1.8300000000000001 -4.0316972372094601e-06 0.8 0.0019130407418577527
d 0 -0.001861550185751658 -1.8400000000000001 4.0394655662270877e-06 0.8 -0.0018655275524355238 -1.8400000000000001 -4.0394655662270877e-06 0.8 0.0018655275524355238
d 0 -0.0018143626686251198 -1.8500000000000001 4.047218027016392e-06 0.8 -0.0018183492474834085 -1.8500000000000001 -4.047218027016392e-06 0.8 0.0018183492474834085
d 0 -0.0017675169988586937 -1.8600000000000001 4.0549485844365752e-06 0.8 -0.0017715127630221971 -1.8600000000000001 -4.0549485844365752e-06 0.8 0.0017715127630221971
d 0 -0.0017210046943121147 -1.8700000000000001 4.062663497214407e-06 0.8 -0.0017250096234004502 -1.8700000000000001 -4.062663497214407e-06 0.8 0.0017250096234004502
d 0 -0.0016748352904483361 -1.8800000000000001 4.0703574631664619e-06 0.8 -0.0016788493585401978 -1.8800000000000001 -4.0703574631664619e-06 0.8 0.0016788493585401978
d 0 -0.0016290346037462244 -1.8900000000000001 4.078036080203859e-06 0.8 -0.0016330577893318933 -1.8900000000000001 -4.078036080203859e-06 0.8 0.0016330577893318933
d 0 -0.0015835575131792059 -1.9000000000000001 4.0856940291597106e-06 0.8 -0.0015875897908465546 -1.9000000000000001 -4.0856940291597106e-06 0.8 0.0015875897908465546
d 0 -0.0015384762534091966 -1.9100000000000001 4.093336783532408e-06 0.8 -0.0015425176007631055 -1.9100000000000001 -4.093336783532408e-06 0.8 0.0015425176007631055
d 0 -0.0014937396122541033 -1.9199999999999999 4.1009617257674984e-06 0.8 -0.0014977900059971933 -1.9199999999999999 -4.1009617257674984e-06 0.8 0.0014977900059971933
d 0 -0.0014493732311550126 -1.9299999999999999 4.1085692764015917e-06 0.8 -0.0014534326472565372 -1.9299999999999999 -4.1085692764015917e-06 0.8 0.0014534326472565372
d 0 -0.0014054016950457095 -1.9399999999999999 4.1161602022888542e-06 0.8 -0.0014094701093242182 -1.9399999999999999 -4.1161602022888542e-06 0.8 0.0014094701093242182
d 0 -0.001361804633306405 -1.95 4.1237348375154247e-06 0.8 -0.001365882022604855 -1.95 -4.1237348375154247e-06 0.8 0.001365882022604855
d 0 -0.0013185949781210726 -1.96 4.1312913854610063e-06 0.8 -0.0013226813169291134 -1.96 -4.1312913854610063e-06 0.8 0.0013226813169291134
d 0 -0.0012758101184816592 -1.97 4.1388348666204154e-06 0.8 -0.0012799053848274514 -1.97 -4.1388348666204154e-06 0.8 0.0012799053848274514
d 0 -0.0012333937415947018 -1.98 4.146357547739531e-06 0.8 -0.0012374979075433115 -1.98 -4.146357547739531e-06 0.8 0.0012374979075433115
d 0 -0.0011914317971349966 -1.99 4.1538691084225385e-06 0.8 -0.0011955448416279062 -1.99 -4.1538691084225385e-06 0.8 0.0011955448416279062
d 0 -0.0011498791128321092 -2 4.1613613737014949e-06 0.8 -0.001154001007819634 -2 -4.1613613737014949e-06 0.8 0.001154001007819634
d 0 -0.0011087534040593906 -2.0100000000000002 4.1688408816082071e-06 0.8 -0.0011128841274765685 -2.0100000000000002 -4.1688408816082071e-06 0.8 0.0011128841274765685
d 0 -0.0010681020868700134 -2.02 4.1763041566719762e-06 0.8 -0.0010722416111863097 -2.02 -4.1763041566719762e-06 0.8 0.0010722416111863097
d 0 -0.001027864593047018 -2.0300000000000002 4.1837495141339135e-06 0.8 -0.0010320128913992564 -2.0300000000000002 -4.1837495141339135e-06 0.8 0.0010320128913992564
d 0 -0.00098814702439126113 -2.04 4.1911867286389863e-06 0.8 -0.00099230407564327252 -2.04 -4.1911867286389863e-06 0.8 0.00099230407564327252
d 0 -0.00094885761168808484 -2.0499999999999998 4.1985998619045593e-06 0.8 -0.00095302338178667248 -2.0499999999999998 -4.1985998619045593e-06 0.8 0.00095302338178667248
d 0 -0.00091012216827736391 -2.0600000000000001 4.2060102452141611e-06 0.8 -0.00091429664008209322 -2.0600000000000001 -4.2060102452141611e-06 0.8 0.00091429664008209322
d 0 -0.00087184592402451651 -2.0699999999999998 4.213397173162289e-06 0.8 -0.00087602906298678599 -2.0699999999999998 -4.213397173162289e-06 0.8 0.00087602906298678599
d 0 -0.00083413629583977019 -2.0800000000000001 4.2207748300759838e-06 0.8 -0.00083832807756721453 -2.0800000000000001 -4.2207748300759838e-06 0.8 0.00083832807756721453
d 0 -0.00079693870388798714 -2.0899999999999999 4.2281382057713097e-06 0.8 -0.00080113910074771928 -2.0899999999999999 -4.2281382057713097e-06 0.8 0.00080113910074771928
d 0 -0.00076031467880877449 -2.1000000000000001 4.2354870032007213e-06 0.8 -0.00076452366065172096 -2.1000000000000001 -4.2354870032007213e-06 0.8 0.00076452366065172096
d 0 -0.00072427524073216643 -2.1099999999999999 4.2428286671353544e-06 0.8 -0.00072849278440775529 -2.1099999999999999 -4.2428286671353544e-06 0.8 0.00072849278440775529
d 0 -0.00068883598931918501 -2.1200000000000001 4.2501527153427681e-06 0.8 -0.00069306206037495854 -2.1200000000000001 -4.2501527153427681e-06 0.8 0.00069306206037495854
d 0 -0.00065400560309418791 -2.1299999999999999 4.2574640454436126e-06 0.8 -0.00065824017154362548 -2.1299999999999999 -4.2574640454436126e-06 0.8 0.00065824017154362548
d 0 -0.00061984162188776285 -2.1400000000000001 4.2647645996877038e-06 0.8 -0.00062408465760588761 -2.1400000000000001 -4.2647645996877038e-06 0.8 0.00062408465760588761
d 0 -0.00058630683368518109 -2.1499999999999999 4.2720516185451646e-06 0.8 -0.00059055830494586807 -2.1499999999999999 -4.2720516185451646e-06 0.8 0.00059055830494586807
d 0 -0.00055351911117869877 -2.1600000000000001 4.2793320538917029e-06 0.8 -0.00055777898882357845 -2.1600000000000001 -4.2793320538917029e-06 0.8 0.00055777898882357845
d 0 -0.00052138079390295921 -2.1699999999999999 4.2865997591467648e-06 0.8 -0.00052564904591454267 -2.1699999999999999 -4.2865997591467648e-06 0.8 0.00052564904591454267
d 0 -0.00049004876977200849 -2.1800000000000002 4.2938624807887782e-06 0.8 -0.00049432536629893855 -2.1800000000000002 -4.2938624807887782e-06 0.8 0.00049432536629893855
d 0 -0.00045948276247863643 -2.1899999999999999 4.3011119113387055e-06 0.8 -0.00046376766656096107 -2.1899999999999999 -4.3011119113387055e-06 0.8 0.00046376766656096107
d 0 -0.00042970281261178132 -2.2000000000000002 4.3083453546788959e-06 0.8 -0.00043399598369246462 -2.2000000000000002 -4.3083453546788959e-06 0.8 0.00043399598369246462
d 0 -0.00040082065612384588 -2.21 4.3155774321438365e-06 0.8 -0.00040512206406513764 -2.21 -4.3155774321438365e-06 0.8 0.00040512206406513764
d 0 -0.00037269643964943019 -2.2200000000000002 4.3227895463640958e-06 0.8 -0.00037700604071160302 -2.2200000000000002 -4.3227895463640958e-06 0.8 0.00037700604071160302
d 0 -0.0003456097110173628 -2.23 4.3300165401056635e-06 0.8 -0.00034992748606029259 -2.23 -4.3300165401056635e-06 0.8 0.00034992748606029259
d 0 -0.00031929141367307266 -2.2400000000000002 4.3372159387087071e-06 0.8 -0.00032361731045346209 -2.2400000000000002 -4.3372159387087071e-06 0.8 0.00032361731045346209
d 0 -0.00029408523488012655 -2.25 4.3444331955609159e-06 0.8 -0.0002984192341950676 -2.25 -4.3444331955609159e-06 0.8 0.0002984192341950676
d 0 -0.00026977765664877254 -2.2600000000000002 4.351615673318589e-06 0.8 -0.00027411969420488305 -2.2600000000000002 -4.351615673318589e-06 0.8 0.00027411969420488305
d 0 -0.00024658585819360842 -2.27 4.3588092115226839e-06 0.8 -0.00025093590746573893 -2.27 -4.3588092115226839e-06 0.8 0.00025093590746573893
d 0 -0.00022442939525265773 -2.2800000000000002 4.3659840173688034e-06 0.8 -0.00022878740260532391 -2.2800000000000002 -4.3659840173688034e-06 0.8 0.00022878740260532391
d 0 -0.00020334474576294822 -2.29 4.3731687809939802e-06 0.8 -0.00020771068478718209 -2.29 -4.3731687809939802e-06 0.8 0.00020771068478718209
d 0 -0.00018339910663108276 -2.3000000000000003 4.3803493726559654e-06 0.8 -0.00018777293424875838 -2.3000000000000003 -4.3803493726559654e-06 0.8 0.00018777293424875838
d 0 -0.00016445314301327655 -2.3100000000000001 4.3875179946010975e-06 0.8 -0.00016883481307019326 -2.3100000000000001 -4.3875179946010975e-06 0.8 0.00016883481307019326
d 0 -0.00014668235290286272 -2.3199999999999998 4.3946974715161932e-06 0.8 -0.00015107183558732483 -2.3199999999999998 -4.3946974715161932e-06 0.8 0.00015107183558732483
d 0 -0.00012998492455327084 -2.3300000000000001 4.4018514073868092e-06 0.8 -0.00013438215717598011 -2.3300000000000001 -4.4018514073868092e-06 0.8 0.00013438215717598011
d 0 -0.00011454156418399457 -2.3399999999999999 4.4090037344687216e-06 0.8 -0.00011894650131435581 -2.3399999999999999 -4.4090037344687216e-06 0.8 0.00011894650131435581
d 0 -0.00010021855553132916 -2.3500000000000001 4.4161388700506675e-06 0.8 -0.00010463114073060314 -2.3500000000000001 -4.4161388700506675e-06 0.8 0.00010463114073060314
d 0 -8.7166251808596393e-05 -2.3599999999999999 4.4232975798788131e-06 0.8 -9.1586463836945524e-05 -2.3599999999999999 -4.4232975798788131e-06 0.8 9.1586463836945524e-05
d 0 -7.5226617177775264e-05 -2.3700000000000001 4.4304524556367369e-06 0.8 -7.9654412943457782e-05 -2.3700000000000001 -4.4304524556367369e-06 0.8 7.9654412943457782e-05
d 0 -6.4477215953677574e-05 -2.3799999999999999 4.4376316782161632e-06 0.8 -6.8912577578763618e-05 -2.3799999999999999 -4.4376316782161632e-06 0.8 6.8912577578763618e-05
d 0 -5.4815495666751488e-05 -2.3900000000000001 4.44484167616167e-06 0.8 -5.9258415240376745e-05 -2.3900000000000001 -4.44484167616167e-06 0.8 5.9258415240376745e-05
d 0 -4.6061294807097162e-05 -2.3999999999999999 4.4520316424892853e-06 0.8 -5.0511720005691046e-05 -2.3999999999999999 -4.4520316424892853e-06 0.8 5.0511720005691046e-05
d 0 -3.8245281133245844e-05 -2.4100000000000001 4.459212634969344e-06 0.8 -4.270316950216682e-05 -2.4100000000000001 -4.459212634969344e-06 0.8 4.270316950216682e-05
d 0 -3.130054095940836e-05 -2.4199999999999999 4.4663663319070013e-06 0.8 -3.5765834017868901e-05 -2.4199999999999999 -4.4663663319070013e-06 0.8 3.5765834017868901e-05
d 0 -2.5302057202557235e-05 -2.4300000000000002 4.473519303350458e-06 0.8 -2.9774720229402776e-05 -2.4300000000000002 -4.473519303350458e-06 0.8 2.9774720229402776e-05
d 0 -1.9997932906554692e-05 -2.4399999999999999 4.4805870656247206e-06 0.8 -2.4477855752890421e-05 -2.4399999999999999 -4.4805870656247206e-06 0.8 2.4477855752890421e-05
d 0 -1.5592827684412821e-05 -2.4500000000000002 4.4877109612841479e-06 0.8 -2.0080034072335933e-05 -2.4500000000000002 -4.4877109612841479e-06 0.8 2.0080034072335933e-05
d 0 -1.1861448581898563e-05 -2.46 4.4948134655077138e-06 0.8 -1.6355892806979976e-05 -2.46 -4.4948134655077138e-06 0.8 1.6355892806979976e-05
d 0 -8.6638363285345612e-06 -2.4700000000000002 4.5018374839042521e-06 0.8 -1.3165420630721025e-05 -2.4700000000000002 -4.5018374839042521e-06 0.8 1.3165420630721025e-05
d 0 -6.1358444364818512e-06 -2.48 4.5089507337226227e-06 0.8 -1.0644633810343491e-05 -2.48 -4.5089507337226227e-06 0.8 1.0644633810343491e-05
d 0 -4.0636693758746057e-06 -2.4900000000000002 4.516043342505092e-06 0.8 -8.5796266793935746e-06 -2.4900000000000002 -4.516043342505092e-06 0.8 8.5796266793935746e-06
d 0 -2.4047479231227956e-06 -2.5 4.5231342132207269e-06 0.8 -6.9278564402468912e-06 -2.5 -4.5231342132207269e-06 0.8 6.9278564402468912e-06
Q 2 13 "Source Voltage"
Q 3 13 "Gate Voltage"
Q 4 13 "Drain Voltage"
Q 5 13 "Input Voltage"
Q 6 13 "Output Voltage"
Q 20 13 "Source Current"
Q 21 13 "Gate Current"
Q 22 13 "Drain Current"
Q 23 13 "Input Current"
Q 24 13 "Output Current"
EOF 676642148
