v atlas
# silvaco.file ASCII version=1.14.23 format=1 contents=SDB,Tables=1

Copyright "###################################################################"
Copyright "#                    Copyright Silvaco Inc. (c)                   #"
Copyright "#                            1992-2014                            #"
Copyright "#                                                                 #"
Copyright "# This file format and the following Key are copyright Silvaco    #"
Copyright "# International. You may not use, this format or key without      #"
Copyright "# reproducing this message in full and obtaining                  #"
Copyright "# express written permission from Silvaco Inc.                    #"
Copyright "#                                                                 #"
Copyright "# To obtain such permission please contact: Silvaco Inc.          #"
Copyright "#                                           support@silvaco.com   #"
Copyright "#                                                                 #"
Copyright "# KEY=SVC86hn7562asdx                       PROD=345              #"
Copyright "###################################################################"
#atlasMe 5.26.1.R (Wed Apr 11 16:49:17 PDT 2018)
#libSDB 1.12.41 (Mon Oct 16 16:19:38 PDT 2017)
f 5 source gate drain input output
p 10 2 20 3 21 4 22 5 23 6 24
d 0 -0.013803423137496646 0 1.8015934258681054e-06 0.8 -0.013804967010425159 0 -1.8015934258681054e-06 0.8 0.013804967010425159
d 0 -0.013681732504609604 -0.01 1.8481570863268426e-06 0.8 -0.013683323118830878 -0.01 -1.8481570863268426e-06 0.8 0.013683323118830878
d 0 -0.013561226356204607 -0.02 1.8852523781552254e-06 0.8 -0.013562854292827383 -0.02 -1.8852523781552254e-06 0.8 0.013562854292827383
d 0 -0.013441818318511567 -0.029999999999999999 1.9157491642113599e-06 0.8 -0.013443477017976709 -0.029999999999999999 -1.9157491642113599e-06 0.8 0.013443477017976709
d 0 -0.013323433773806952 -0.040000000000000001 1.9416265961055103e-06 0.8 -0.013325118655306381 -0.040000000000000001 -1.9416265961055103e-06 0.8 0.013325118655306381
d 0 -0.013206094368566334 -0.050000000000000003 1.964254301185389e-06 0.8 -0.013207802226753836 -0.050000000000000003 -1.964254301185389e-06 0.8 0.013207802226753836
d 0 -0.013089771538196449 -0.059999999999999998 1.9846027744080904e-06 0.8 -0.013091500133708963 -0.059999999999999998 -1.9846027744080904e-06 0.8 0.013091500133708963
d 0 -0.012974445243590446 -0.070000000000000007 2.0033360903702832e-06 0.8 -0.012976192994136902 -0.070000000000000007 -2.0033360903702832e-06 0.8 0.012976192994136902
d 0 -0.012860045860302533 -0.080000000000000002 2.0209084066213692e-06 0.8 -0.012861811637800756 -0.080000000000000002 -2.0209084066213692e-06 0.8 0.012861811637800756
d 0 -0.012746593880199424 -0.089999999999999997 2.0376396151062124e-06 0.8 -0.012748376883432002 -0.089999999999999997 -2.0376396151062124e-06 0.8 0.012748376883432002
d 0 -0.012634076727673103 -0.10000000000000001 2.0537607577798645e-06 0.8 -0.01263587637788448 -0.10000000000000001 -2.0537607577798645e-06 0.8 0.01263587637788448
d 0 -0.012522439360573285 -0.11 2.0694249473022341e-06 0.8 -0.012524255229352719 -0.11 -2.0694249473022341e-06 0.8 0.012524255229352719
d 0 -0.012411681764498698 -0.12 2.0847320527866911e-06 0.8 -0.012413513522667081 -0.12 -2.0847320527866911e-06 0.8 0.012413513522667081
d 0 -0.012301792721521255 -0.13 2.0997638263476952e-06 0.8 -0.012303640129229311 -0.13 -2.0997638263476952e-06 0.8 0.012303640129229311
d 0 -0.012192769006559625 -0.14000000000000001 2.1145767921068457e-06 0.8 -0.012194631870036523 -0.14000000000000001 -2.1145767921068457e-06 0.8 0.012194631870036523
d 0 -0.012084565811856254 -0.14999999999999999 2.1292041870881468e-06 0.8 -0.012086443969890767 -0.14999999999999999 -2.1292041870881468e-06 0.8 0.012086443969890767
d 0 -0.01197718057526248 -0.16 2.143668239895559e-06 0.8 -0.01197907389033156 -0.16 -2.143668239895559e-06 0.8 0.01197907389033156
d 0 -0.011870613788768282 -0.17000000000000001 2.1579951046602236e-06 0.8 -0.011872522152275503 -0.17000000000000001 -2.1579951046602236e-06 0.8 0.011872522152275503
d 0 -0.011764848294208055 -0.17999999999999999 2.1721992569689235e-06 0.8 -0.011766771605332359 -0.17999999999999999 -2.1721992569689235e-06 0.8 0.011766771605332359
d 0 -0.011659858304186628 -0.19 2.1862833421525062e-06 0.8 -0.011661796463819785 -0.19 -2.1862833421525062e-06 0.8 0.011661796463819785
d 0 -0.011555651885314528 -0.20000000000000001 2.2002566914336081e-06 0.8 -0.011557604806408538 -0.20000000000000001 -2.2002566914336081e-06 0.8 0.011557604806408538
d 0 -0.011452220762911729 -0.20999999999999999 2.2141307075228682e-06 0.8 -0.011454188369470821 -0.20999999999999999 -2.2141307075228682e-06 0.8 0.011454188369470821
d 0 -0.011349539945375995 -0.22 2.2279077256001498e-06 0.8 -0.011351522159648028 -0.22 -2.2279077256001498e-06 0.8 0.011351522159648028
d 0 -0.011247604885994394 -0.23000000000000001 2.2415847913408573e-06 0.8 -0.011249601626252922 -0.23000000000000001 -2.2415847913408573e-06 0.8 0.011249601626252922
d 0 -0.011146403648359279 -0.23999999999999999 2.2551705436916841e-06 0.8 -0.011148414845546841 -0.23999999999999999 -2.2551705436916841e-06 0.8 0.011148414845546841
d 0 -0.011045948361904093 -0.25 2.2686700603371735e-06 0.8 -0.011047973948842377 -0.25 -2.2686700603371735e-06 0.8 0.011047973948842377
d 0 -0.01094620337960985 -0.26000000000000001 2.2820802070507839e-06 0.8 -0.010948243283941988 -0.26000000000000001 -2.2820802070507839e-06 0.8 0.010948243283941988
d 0 -0.010847175738736791 -0.27000000000000002 2.2954010706698903e-06 0.8 -0.010849229887222828 -0.27000000000000002 -2.2954010706698903e-06 0.8 0.010849229887222828
d 0 -0.010748860251410877 -0.28000000000000003 2.3086399898116828e-06 0.8 -0.010750928582708028 -0.28000000000000003 -2.3086399898116828e-06 0.8 0.010750928582708028
d 0 -0.010651241771918044 -0.28999999999999998 2.3217993992593424e-06 0.8 -0.010653324222637525 -0.28999999999999998 -2.3217993992593424e-06 0.8 0.010653324222637525
d 0 -0.010554316161955664 -0.29999999999999999 2.3348726465297759e-06 0.8 -0.010556412660708357 -0.29999999999999999 -2.3348726465297759e-06 0.8 0.010556412660708357
d 0 -0.010458067497942824 -0.31 2.3478655394173823e-06 0.8 -0.010460177979354446 -0.31 -2.3478655394173823e-06 0.8 0.010460177979354446
d 0 -0.010362513413625608 -0.32000000000000001 2.3607815455639882e-06 0.8 -0.010364637819195707 -0.32000000000000001 -2.3607815455639882e-06 0.8 0.010364637819195707
d 0 -0.010267617289446392 -0.33000000000000002 2.3736205286157417e-06 0.8 -0.010269755556216866 -0.33000000000000002 -2.3736205286157417e-06 0.8 0.010269755556216866
d 0 -0.010173384121190973 -0.34000000000000002 2.38637832016272e-06 0.8 -0.010175536181173587 -0.34000000000000002 -2.38637832016272e-06 0.8 0.010175536181173587
d 0 -0.010079812466113123 -0.35000000000000003 2.3990618639823743e-06 0.8 -0.010081978259294067 -0.35000000000000003 -2.3990618639823743e-06 0.8 0.010081978259294067
d 0 -0.0099868824236952532 -0.35999999999999999 2.4116731878737873e-06 0.8 -0.0099890618941319842 -0.35999999999999999 -2.4116731878737873e-06 0.8 0.0099890618941319842
d 0 -0.009894586835432281 -0.37 2.4242073604754019e-06 0.8 -0.0098967799186334554 -0.37 -2.4242073604754019e-06 0.8 0.0098967799186334554
d 0 -0.0098029257495937782 -0.38 2.4366667146855335e-06 0.8 -0.0098051323826365226 -0.38 -2.4366667146855335e-06 0.8 0.0098051323826365226
d 0 -0.0097118949579263619 -0.39000000000000001 2.4490560688299973e-06 0.8 -0.0097141150848334273 -0.39000000000000001 -2.4490560688299973e-06 0.8 0.0097141150848334273
d 0 -0.0096214561383357929 -0.40000000000000002 2.4613753613443152e-06 0.8 -0.0096236897035864213 -0.40000000000000002 -2.4613753613443152e-06 0.8 0.0096236897035864213
d 0 -0.0095316250861784361 -0.41000000000000003 2.473619840716046e-06 0.8 -0.0095338720264824747 -0.41000000000000003 -2.473619840716046e-06 0.8 0.0095338720264824747
d 0 -0.0094423955033103857 -0.41999999999999998 2.485795969773494e-06 0.8 -0.0094446557611919217 -0.41999999999999998 -2.485795969773494e-06 0.8 0.0094446557611919217
d 0 -0.0093537400943305687 -0.42999999999999999 2.4979054927196382e-06 0.8 -0.0093560136176581727 -0.42999999999999999 -2.4979054927196382e-06 0.8 0.0093560136176581727
d 0 -0.0092656333988723888 -0.44 2.5099454311597822e-06 0.8 -0.0092679201309408109 -0.44 -2.5099454311597822e-06 0.8 0.0092679201309408109
d 0 -0.0091781111039997889 -0.45000000000000001 2.5219161547022376e-06 0.8 -0.009180410985950193 -0.45000000000000001 -2.5219161547022376e-06 0.8 0.009180410985950193
d 0 -0.0090911374449892165 -0.46000000000000002 2.5338231941911777e-06 0.8 -0.0090934504235780558 -0.46000000000000002 -2.5338231941911777e-06 0.8 0.0090934504235780558
d 0 -0.0090046710980561939 -0.47000000000000003 2.5456666049224485e-06 0.8 -0.0090069971247241226 -0.47000000000000003 -2.5456666049224485e-06 0.8 0.0090069971247241226
d 0 -0.0089187376358061711 -0.47999999999999998 2.5574416985759304e-06 0.8 -0.0089210766528650797 -0.47999999999999998 -2.5574416985759304e-06 0.8 0.0089210766528650797
d 0 -0.0088333345800483305 -0.48999999999999999 2.5691556139629724e-06 0.8 -0.0088356865361840543 -0.48999999999999999 -2.5691556139629724e-06 0.8 0.0088356865361840543
d 0 -0.0087484236852645447 -0.5 2.5808093124848093e-06 0.8 -0.0087507885308721906 -0.5 -2.5808093124848093e-06 0.8 0.0087507885308721906
d 0 -0.0086639699258859067 -0.51000000000000001 2.5924007331553293e-06 0.8 -0.0086663476127425629 -0.51000000000000001 -2.5924007331553293e-06 0.8 0.0086663476127425629
d 0 -0.0085800290093740929 -0.52000000000000002 2.6039299200436725e-06 0.8 -0.0085824194842131253 -0.52000000000000002 -2.6039299200436725e-06 0.8 0.0085824194842131253
d 0 -0.0084965601617945242 -0.53000000000000003 2.6154028003783654e-06 0.8 -0.0084989633777518246 -0.53000000000000003 -2.6154028003783654e-06 0.8 0.0084989633777518246
d 0 -0.0084135146311813663 -0.54000000000000004 2.626818788135308e-06 0.8 -0.0084159305425683777 -0.54000000000000004 -2.626818788135308e-06 0.8 0.0084159305425683777
d 0 -0.0083309253462871529 -0.55000000000000004 2.6381747672287845e-06 0.8 -0.0083333539042520447 -0.55000000000000004 -2.6381747672287845e-06 0.8 0.0083333539042520447
d 0 -0.0082487996418157388 -0.56000000000000005 2.6494760447450152e-06 0.8 -0.0082512408000165616 -0.56000000000000005 -2.6494760447450152e-06 0.8 0.0082512408000165616
d 0 -0.0081670959713618877 -0.57000000000000006 2.6607240022197646e-06 0.8 -0.0081695496853201269 -0.57000000000000006 -2.6607240022197646e-06 0.8 0.0081695496853201269
d 0 -0.0080857764232600132 -0.57999999999999996 2.6719171709615472e-06 0.8 -0.008088242649045967 -0.57999999999999996 -2.6719171709615472e-06 0.8 0.008088242649045967
d 0 -0.0080049181545708593 -0.58999999999999997 2.6830561748112842e-06 0.8 -0.0080073968463503491 -0.58999999999999997 -2.6830561748112842e-06 0.8 0.0080073968463503491
d 0 -0.0079244714776836381 -0.59999999999999998 2.6941447740811815e-06 0.8 -0.0079269625930019211 -0.59999999999999998 -2.6941447740811815e-06 0.8 0.0079269625930019211
d 0 -0.0078443903300356253 -0.60999999999999999 2.7051820840063805e-06 0.8 -0.0078468938261657215 -0.60999999999999999 -2.7051820840063805e-06 0.8 0.0078468938261657215
d 0 -0.0077647198498787895 -0.62 2.7161680930482298e-06 0.8 -0.0077672356843127869 -0.62 -2.7161680930482298e-06 0.8 0.0077672356843127869
d 0 -0.0076854742696366917 -0.63 2.7271049850719799e-06 0.8 -0.00768800240025769 -0.63 -2.7271049850719799e-06 0.8 0.00768800240025769
d 0 -0.0076066014037698788 -0.64000000000000001 2.737993130810429e-06 0.8 -0.0076091417892923847 -0.64000000000000001 -2.737993130810429e-06 0.8 0.0076091417892923847
d 0 -0.0075280816040912205 -0.65000000000000002 2.7488333159755872e-06 0.8 -0.0075306342039665264 -0.65000000000000002 -2.7488333159755872e-06 0.8 0.0075306342039665264
d 0 -0.0074500010348726537 -0.66000000000000003 2.7596254197555295e-06 0.8 -0.0074525658078256557 -0.66000000000000003 -2.7596254197555295e-06 0.8 0.0074525658078256557
d 0 -0.0073722968617417946 -0.67000000000000004 2.7703704255704207e-06 0.8 -0.0073748737671797925 -0.67000000000000004 -2.7703704255704207e-06 0.8 0.0073748737671797925
d 0 -0.007294935891735228 -0.68000000000000005 2.7810692128511208e-06 0.8 -0.007297524890472965 -0.68000000000000005 -2.7810692128511208e-06 0.8 0.007297524890472965
d 0 -0.0072179789554172643 -0.69000000000000006 2.7917231794402096e-06 0.8 -0.0072205800077330415 -0.69000000000000006 -2.7917231794402096e-06 0.8 0.0072205800077330415
d 0 -0.0071414212825557316 -0.70000000000000007 2.8023304527387755e-06 0.8 -0.0071440343481935153 -0.70000000000000007 -2.8023304527387755e-06 0.8 0.0071440343481935153
d 0 -0.0070652174993788173 -0.70999999999999996 2.81289198736342e-06 0.8 -0.0070678425385970701 -0.70999999999999996 -2.81289198736342e-06 0.8 0.0070678425385970701
d 0 -0.0069893764280112534 -0.71999999999999997 2.8234112078682084e-06 0.8 -0.0069920134040241137 -0.71999999999999997 -2.8234112078682084e-06 0.8 0.0069920134040241137
d 0 -0.0069139519595128153 -0.72999999999999998 2.8338852985165956e-06 0.8 -0.0069166008313621954 -0.72999999999999998 -2.8338852985165956e-06 0.8 0.0069166008313621954
d 0 -0.006838893530077118 -0.73999999999999999 2.8443136419135664e-06 0.8 -0.006841554258070497 -0.73999999999999999 -2.8443136419135664e-06 0.8 0.006841554258070497
d 0 -0.0067641837347421517 -0.75 2.8547000983851379e-06 0.8 -0.006766856282357527 -0.75 -2.8547000983851379e-06 0.8 0.006766856282357527
d 0 -0.0066898769590725731 -0.76000000000000001 2.8650449463478763e-06 0.8 -0.006692561288336305 -0.76000000000000001 -2.8650449463478763e-06 0.8 0.006692561288336305
d 0 -0.0066159515156656683 -0.77000000000000002 2.8753433980487403e-06 0.8 -0.0066186475848788017 -0.77000000000000002 -2.8753433980487403e-06 0.8 0.0066186475848788017
d 0 -0.0065423812548358147 -0.78000000000000003 2.8855994769817262e-06 0.8 -0.0065450890269662613 -0.78000000000000003 -2.8855994769817262e-06 0.8 0.0065450890269662613
d 0 -0.0064691919347193913 -0.79000000000000004 2.8958162901550175e-06 0.8 -0.0064719113743378362 -0.79000000000000004 -2.8958162901550175e-06 0.8 0.0064719113743378362
d 0 -0.0063963795028649907 -0.80000000000000004 2.9059882758097577e-06 0.8 -0.0063991105687831434 -0.80000000000000004 -2.9059882758097577e-06 0.8 0.0063991105687831434
d 0 -0.0063239383347362035 -0.81000000000000005 2.9161168150770563e-06 0.8 -0.0063266809881705041 -0.81000000000000005 -2.9161168150770563e-06 0.8 0.0063266809881705041
d 0 -0.0062518600233076671 -0.82000000000000006 2.9262065959269941e-06 0.8 -0.0062546142297319187 -0.82000000000000006 -2.9262065959269941e-06 0.8 0.0062546142297319187
d 0 -0.0061801469071231978 -0.83000000000000007 2.9362544886622174e-06 0.8 -0.0061829126283113383 -0.83000000000000007 -2.9362544886622174e-06 0.8 0.0061829126283113383
d 0 -0.0061088127795619366 -0.83999999999999997 2.9462584409091053e-06 0.8 -0.0061115899744968961 -0.83999999999999997 -2.9462584409091053e-06 0.8 0.0061115899744968961
d 0 -0.0060378401159339821 -0.84999999999999998 2.9562232056728046e-06 0.8 -0.0060406287500777327 -0.84999999999999998 -2.9562232056728046e-06 0.8 0.0060406287500777327
d 0 -0.0059672183940658596 -0.85999999999999999 2.9661475336613492e-06 0.8 -0.005970018430657368 -0.85999999999999999 -2.9661475336613492e-06 0.8 0.005970018430657368
d 0 -0.0058969551306386819 -0.87 2.9760304198457987e-06 0.8 -0.0058997665314773715 -0.87 -2.9760304198457987e-06 0.8 0.0058997665314773715
d 0 -0.0058270614858313982 -0.88 2.9858730586178008e-06 0.8 -0.0058298842133785037 -0.88 -2.9858730586178008e-06 0.8 0.0058298842133785037
d 0 -0.0057575089896677078 -0.89000000000000001 2.9956761459169396e-06 0.8 -0.0057603430088552727 -0.89000000000000001 -2.9956761459169396e-06 0.8 0.0057603430088552727
d 0 -0.005688295741625788 -0.90000000000000002 3.0054400115915839e-06 0.8 -0.0056911410165236213 -0.90000000000000002 -3.0054400115915839e-06 0.8 0.0056911410165236213
d 0 -0.005619443471928505 -0.91000000000000003 3.0151640013213272e-06 0.8 -0.0056222999651844227 -0.91000000000000003 -3.0151640013213272e-06 0.8 0.0056222999651844227
d 0 -0.0055509317588813556 -0.92000000000000004 3.024848515971962e-06 0.8 -0.0055537994340757214 -0.92000000000000004 -3.024848515971962e-06 0.8 0.0055537994340757214
d 0 -0.0054827558703133316 -0.93000000000000005 3.0344948444997141e-06 0.8 -0.0054856346929564419 -0.93000000000000005 -3.0344948444997141e-06 0.8 0.0054856346929564419
d 0 -0.00541490750608138 -0.94000000000000006 3.0441042276084077e-06 0.8 -0.0054177974421695156 -0.94000000000000006 -3.0441042276084077e-06 0.8 0.0054177974421695156
d 0 -0.0053474080559252971 -0.95000000000000007 3.0536733897452827e-06 0.8 -0.0053503090673732313 -0.95000000000000007 -3.0536733897452827e-06 0.8 0.0053503090673732313
d 0 -0.0052802301680514117 -0.95999999999999996 3.0632055601338405e-06 0.8 -0.0052831422209763407 -0.95999999999999996 -3.0632055601338405e-06 0.8 0.0052831422209763407
d 0 -0.005213371997912138 -0.96999999999999997 3.0727022260112703e-06 0.8 -0.0052162950599687124 -0.96999999999999997 -3.0727022260112703e-06 0.8 0.0052162950599687124
d 0 -0.0051468440668358748 -0.97999999999999998 3.0821602381553741e-06 0.8 -0.0051497781015252134 -0.97999999999999998 -3.0821602381553741e-06 0.8 0.0051497781015252134
d 0 -0.005080638251971064 -0.98999999999999999 3.0915817534326817e-06 0.8 -0.0050835832249273155 -0.98999999999999999 -3.0915817534326817e-06 0.8 0.0050835832249273155
d 0 -0.0050147534898560666 -1 3.1009679330093094e-06 0.8 -0.0050177093683411384 -1 -3.1009679330093094e-06 0.8 0.0050177093683411384
d 0 -0.0049491684854356087 -1.01 3.1103182904046443e-06 0.8 -0.0049521352363838915 -1.01 -3.1103182904046443e-06 0.8 0.0049521352363838915
d 0 -0.0048839130868312125 -1.02 3.1196326782323792e-06 0.8 -0.0048868906757406644 -1.02 -3.1196326782323792e-06 0.8 0.0048868906757406644
d 0 -0.0048189759428607926 -1.03 3.1289113789203604e-06 0.8 -0.0048219643355167053 -1.03 -3.1289113789203604e-06 0.8 0.0048219643355167053
d 0 -0.0047543321134220764 -1.04 3.1381559437680829e-06 0.8 -0.0047573312785369297 -1.04 -3.1381559437680829e-06 0.8 0.0047573312785369297
d 0 -0.0046900054803181192 -1.05 3.147366818895198e-06 0.8 -0.0046930153855539065 -1.05 -3.147366818895198e-06 0.8 0.0046930153855539065
d 0 -0.0046259928660755774 -1.0600000000000001 3.156541215383644e-06 0.8 -0.0046290134762057549 -1.0600000000000001 -3.156541215383644e-06 0.8 0.0046290134762057549
d 0 -0.0045622860984196427 -1.0700000000000001 3.1656825316557173e-06 0.8 -0.0045653173815734206 -1.0700000000000001 -3.1656825316557173e-06 0.8 0.0045653173815734206
d 0 -0.0044988754285872042 -1.0800000000000001 3.1747921295749348e-06 0.8 -0.0045019173550399586 -1.0800000000000001 -3.1747921295749348e-06 0.8 0.0045019173550399586
d 0 -0.0044357776131398905 -1.0900000000000001 3.1838651270388898e-06 0.8 -0.0044388301470878111 -1.0900000000000001 -3.1838651270388898e-06 0.8 0.0044388301470878111
d 0 -0.004373000543717565 -1.1000000000000001 3.1929057591004748e-06 0.8 -0.0043760636532301153 -1.1000000000000001 -3.1929057591004748e-06 0.8 0.0043760636532301153
d 0 -0.0043105139623978821 -1.1100000000000001 3.2019148285854935e-06 0.8 -0.0043135876169973445 -1.1100000000000001 -3.2019148285854935e-06 0.8 0.0043135876169973445
d 0 -0.0042483181801317967 -1.1200000000000001 3.2108893801473554e-06 0.8 -0.0042514023466931226 -1.1200000000000001 -3.2108893801473554e-06 0.8 0.0042514023466931226
d 0 -0.0041864646993750917 -1.1300000000000001 3.2198316425339241e-06 0.8 -0.0041895593449464063 -1.1300000000000001 -3.2198316425339241e-06 0.8 0.0041895593449464063
d 0 -0.0041249039740164466 -1.1400000000000001 3.2287417122272625e-06 0.8 -0.0041280090671044463 -1.1400000000000001 -3.2287417122272625e-06 0.8 0.0041280090671044463
d 0 -0.0040636166491058705 -1.1500000000000001 3.2376198543419484e-06 0.8 -0.0040667321587964248 -1.1500000000000001 -3.2376198543419484e-06 0.8 0.0040667321587964248
d 0 -0.0040026797123801031 -1.1599999999999999 3.2464652330970193e-06 0.8 -0.0040058056048545522 -1.1599999999999999 -3.2464652330970193e-06 0.8 0.0040058056048545522
d 0 -0.0039420428804010097 -1.1699999999999999 3.2552784684524433e-06 0.8 -0.0039451791235714873 -1.1699999999999999 -3.2552784684524433e-06 0.8 0.0039451791235714873
d 0 -0.0038816803127477975 -1.1799999999999999 3.2640607605158704e-06 0.8 -0.0038848268763473351 -1.1799999999999999 -3.2640607605158704e-06 0.8 0.0038848268763473351
d 0 -0.0038216481750532718 -1.1899999999999999 3.2728112393137084e-06 0.8 -0.0038248050260579064 -1.1899999999999999 -3.2728112393137084e-06 0.8 0.0038248050260579064
d 0 -0.0037619363139444061 -1.2 3.2815297842956432e-06 0.8 -0.0037651034196314165 -1.2 -3.2815297842956432e-06 0.8 0.0037651034196314165
d 0 -0.0037025011326463244 -1.21 3.2902171827921911e-06 0.8 -0.0037056784621264283 -1.21 -3.2902171827921911e-06 0.8 0.0037056784621264283
d 0 -0.0036433795040631779 -1.22 3.2988746905743008e-06 0.8 -0.0036465670262953768 -1.22 -3.2988746905743008e-06 0.8 0.0036465670262953768
d 0 -0.003584587992285935 -1.23 3.3075000813065432e-06 0.8 -0.0035877856735631805 -1.23 -3.3075000813065432e-06 0.8 0.0035877856735631805
d 0 -0.0035260832602306063 -1.24 3.3160946494125934e-06 0.8 -0.0035292910693423686 -1.24 -3.3160946494125934e-06 0.8 0.0035292910693423686
d 0 -0.0034678785724865466 -1.25 3.3246601719682918e-06 0.8 -0.0034710964794616717 -1.25 -3.3246601719682918e-06 0.8 0.0034710964794616717
d 0 -0.0034099992837654889 -1.26 3.3331939192759436e-06 0.8 -0.0034132272547673158 -1.26 -3.3331939192759436e-06 0.8 0.0034132272547673158
d 0 -0.0033524282757995583 -1.27 3.3416986145494719e-06 0.8 -0.0033556662804176663 -1.27 -3.3416986145494719e-06 0.8 0.0033556662804176663
d 0 -0.0032951439249739385 -1.28 3.3501734006491311e-06 0.8 -0.0032983919324789815 -1.28 -3.3501734006491311e-06 0.8 0.0032983919324789815
d 0 -0.0032381774666127607 -1.29 3.3586187275191446e-06 0.8 -0.0032414354456920509 -1.29 -3.3586187275191446e-06 0.8 0.0032414354456920509
d 0 -0.0031815332752005592 -1.3 3.3670345084507714e-06 0.8 -0.0031848011939476519 -1.3 -3.3670345084507714e-06 0.8 0.0031848011939476519
d 0 -0.0031251731341450633 -1.3100000000000001 3.3754210752548364e-06 0.8 -0.0031284509624508483 -1.3100000000000001 -3.3754210752548364e-06 0.8 0.0031284509624508483
d 0 -0.0030691250079636764 -1.3200000000000001 3.3837800158076367e-06 0.8 -0.0030724127163690557 -1.3200000000000001 -3.3837800158076367e-06 0.8 0.0030724127163690557
d 0 -0.0030134059209645831 -1.3300000000000001 3.3921097078249955e-06 0.8 -0.0030167034778170753 -1.3300000000000001 -3.3921097078249955e-06 0.8 0.0030167034778170753
d 0 -0.0029579729200979927 -1.3400000000000001 3.4004117244598405e-06 0.8 -0.0029612802963619369 -1.3400000000000001 -3.4004117244598405e-06 0.8 0.0029612802963619369
d 0 -0.0029028548660838456 -1.3500000000000001 3.4086858867435373e-06 0.8 -0.0029061720320111254 -1.3500000000000001 -3.4086858867435373e-06 0.8 0.0029061720320111254
d 0 -0.0028480603116169192 -1.3600000000000001 3.4169335499137913e-06 0.8 -0.0028513872384695145 -1.3600000000000001 -3.4169335499137913e-06 0.8 0.0028513872384695145
d 0 -0.002793553920535285 -1.3700000000000001 3.4251522564294642e-06 0.8 -0.0027968905782155213 -1.3700000000000001 -3.4251522564294642e-06 0.8 0.0027968905782155213
d 0 -0.0027393803909977481 -1.3800000000000001 3.4333461016091942e-06 0.8 -0.0027427267519212362 -1.3800000000000001 -3.4333461016091942e-06 0.8 0.0027427267519212362
d 0 -0.002685508239473305 -1.3900000000000001 3.441513021261026e-06 0.8 -0.0026888642752931286 -1.3900000000000001 -3.441513021261026e-06 0.8 0.0026888642752931286
d 0 -0.0026319489894789014 -1.4000000000000001 3.4496538711212543e-06 0.8 -0.0026353146722263941 -1.4000000000000001 -3.4496538711212543e-06 0.8 0.0026353146722263941
d 0 -0.0025787181966648543 -1.4099999999999999 3.4577691541829526e-06 0.8 -0.0025820934983143548 -1.4099999999999999 -3.4577691541829526e-06 0.8 0.0025820934983143548
d 0 -0.0025257939606212246 -1.4199999999999999 3.465859242451363e-06 0.8 -0.0025291788542820327 -1.4199999999999999 -3.465859242451363e-06 0.8 0.0025291788542820327
d 0 -0.002473189314348661 -1.4299999999999999 3.4739237294092206e-06 0.8 -0.002476583772325203 -1.4299999999999999 -3.4739237294092206e-06 0.8 0.002476583772325203
d 0 -0.0024209128471470438 -1.4399999999999999 3.4819636700440974e-06 0.8 -0.0024243168424429194 -1.4399999999999999 -3.4819636700440974e-06 0.8 0.0024243168424429194
d 0 -0.0023689610892006587 -1.45 3.4899803252669955e-06 0.8 -0.0023723745961320886 -1.45 -3.4899803252669955e-06 0.8 0.0023723745961320886
d 0 -0.0023173205165859887 -1.46 3.4979727608719138e-06 0.8 -0.0023207435091883201 -1.46 -3.4979727608719138e-06 0.8 0.0023207435091883201
d 0 -0.0022660307971127322 -1.47 3.5059407414346127e-06 0.8 -0.0022694632477090184 -1.47 -3.5059407414346127e-06 0.8 0.0022694632477090184
d 0 -0.0022150635833311453 -1.48 3.5138863729581896e-06 0.8 -0.0022185054672105497 -1.48 -3.5138863729581896e-06 0.8 0.0022185054672105497
d 0 -0.0021644124258719706 -1.49 3.5218077918721224e-06 0.8 -0.002167863716693726 -1.49 -3.5218077918721224e-06 0.8 0.002167863716693726
d 0 -0.002114130602977281 -1.5 3.5297084628894039e-06 0.8 -0.0021175912762357828 -1.5 -3.5297084628894039e-06 0.8 0.0021175912762357828
d 0 -0.002064168421130753 -1.51 3.5375835422335761e-06 0.8 -0.0020676384488090144 -1.51 -3.5375835422335761e-06 0.8 0.0020676384488090144
d 0 -0.002014550523425316 -1.52 3.5454391045964454e-06 0.8 -0.0020180298826822027 -1.52 -3.5454391045964454e-06 0.8 0.0020180298826822027
d 0 -0.0019652851345538019 -1.53 3.5532708414724258e-06 0.8 -0.0019687737980346111 -1.53 -3.5532708414724258e-06 0.8 0.0019687737980346111
d 0 -0.0019163794174683999 -1.54 3.561082988135794e-06 0.8 -0.0019198773617261126 -1.54 -3.561082988135794e-06 0.8 0.0019198773617261126
d 0 -0.0018678087194817963 -1.55 3.5688715217397657e-06 0.8 -0.0018713159175797285 -1.55 -3.5688715217397657e-06 0.8 0.0018713159175797285
d 0 -0.001819614585418293 -1.5600000000000001 3.5766403376706924e-06 0.8 -0.0018231310128280587 -1.5600000000000001 -3.5766403376706924e-06 0.8 0.0018231310128280587
d 0 -0.0017717797813260367 -1.5700000000000001 3.5843880704106844e-06 0.8 -0.0017753054128291704 -1.5700000000000001 -3.5843880704106844e-06 0.8 0.0017753054128291704
d 0 -0.0017243013041167749 -1.5800000000000001 3.5921138754885795e-06 0.8 -0.0017278361135066945 -1.5800000000000001 -3.5921138754885795e-06 0.8 0.0017278361135066945
d 0 -0.0016772119824704839 -1.5900000000000001 3.5998213637221315e-06 0.8 -0.0016807559458382176 -1.5900000000000001 -3.5998213637221315e-06 0.8 0.0016807559458382176
d 0 -0.0016304932708733546 -1.6000000000000001 3.6075078327340275e-06 0.8 -0.0016340463620968908 -1.6000000000000001 -3.6075078327340275e-06 0.8 0.0016340463620968908
d 0 -0.0015841511052208167 -1.6100000000000001 3.6151738432366566e-06 0.8 -0.0015877132987007784 -1.6100000000000001 -3.6151738432366566e-06 0.8 0.0015877132987007784
d 0 -0.0015382229033740085 -1.6200000000000001 3.6228225472899563e-06 0.8 -0.0015417941750333478 -1.6200000000000001 -3.6228225472899563e-06 0.8 0.0015417941750333478
d 0 -0.0014926523495112031 -1.6300000000000001 3.6304486072257743e-06 0.8 -0.001496232671654285 -1.6300000000000001 -3.6304486072257743e-06 0.8 0.001496232671654285
d 0 -0.0014475217123491614 -1.6400000000000001 3.638059868364516e-06 0.8 -0.0014511110622883296 -1.6400000000000001 -3.638059868364516e-06 0.8 0.0014511110622883296
d 0 -0.0014027689510517942 -1.6500000000000001 3.6456488624099126e-06 0.8 -0.0014063673007975472 -1.6500000000000001 -3.6456488624099126e-06 0.8 0.0014063673007975472
d 0 -0.0013584375498981219 -1.6600000000000001 3.6532222776129709e-06 0.8 -0.0013620448763115485 -1.6600000000000001 -3.6532222776129709e-06 0.8 0.0013620448763115485
d 0 -0.0013145344164244611 -1.6699999999999999 3.6607740286098154e-06 0.8 -0.0013181506898930098 -1.6699999999999999 -3.6607740286098154e-06 0.8 0.0013181506898930098
d 0 -0.001271060214462496 -1.6799999999999999 3.6683110811338371e-06 0.8 -0.0012746854122630033 -1.6799999999999999 -3.6683110811338371e-06 0.8 0.0012746854122630033
d 0 -0.0012280117188022428 -1.6899999999999999 3.6758292537279894e-06 0.8 -0.0012316458141468367 -1.6899999999999999 -3.6758292537279894e-06 0.8 0.0012316458141468367
d 0 -0.0011854317211684275 -1.7 3.6833296273032543e-06 0.8 -0.0011890746864933897 -1.7 -3.6833296273032543e-06 0.8 0.0011890746864933897
d 0 -0.0011432813654947028 -1.71 3.690813597354449e-06 0.8 -0.0011469331759785578 -1.71 -3.690813597354449e-06 0.8 0.0011469331759785578
d 0 -0.0011016059276599472 -1.72 3.698277088808701e-06 0.8 -0.0011052665526608367 -1.72 -3.698277088808701e-06 0.8 0.0011052665526608367
d 0 -0.0010604279159568278 -1.73 3.7057315604756163e-06 0.8 -0.0010640973355106069 -1.73 -3.7057315604756163e-06 0.8 0.0010640973355106069
d 0 -0.0010196950604367014 -1.74 3.7131602235386394e-06 0.8 -0.0010233732392816682 -1.74 -3.7131602235386394e-06 0.8 0.0010233732392816682
d 0 -0.00097951230541133152 -1.75 3.7205815410676913e-06 0.8 -0.00098319922293037178 -1.75 -3.7205815410676913e-06 0.8 0.00098319922293037178
d 0 -0.00093979303647078166 -1.76 3.7279798106917235e-06 0.8 -0.00094348865941379291 -1.76 -3.7279798106917235e-06 0.8 0.00094348865941379291
d 0 -0.00090063244827933515 -1.77 3.7353668028670266e-06 0.8 -0.00090433675158986841 -1.77 -3.7353668028670266e-06 0.8 0.00090433675158986841
d 0 -0.00086200416806614193 -1.78 3.7427368301362052e-06 0.8 -0.0008657171218625873 -1.78 -3.7427368301362052e-06 0.8 0.0008657171218625873
d 0 -0.00082392776078997552 -1.79 3.7500922195259403e-06 0.8 -0.00082764933645678124 -1.79 -3.7500922195259403e-06 0.8 0.00082764933645678124
d 0 -0.00078643976660315617 -1.8 3.7574317187272598e-06 0.8 -0.00079016993316782152 -1.8 -3.7574317187272598e-06 0.8 0.00079016993316782152
d 0 -0.00074953070112873514 -1.8100000000000001 3.7647586753941092e-06 0.8 -0.00075326943093562029 -1.8100000000000001 -3.7647586753941092e-06 0.8 0.00075326943093562029
d 0 -0.00071323637279737577 -1.8200000000000001 3.7720705909172203e-06 0.8 -0.00071698363426736837 -1.8200000000000001 -3.7720705909172203e-06 0.8 0.00071698363426736837
d 0 -0.00067757117767863295 -1.8300000000000001 3.7793703722929271e-06 0.8 -0.00068132694148187998 -1.8300000000000001 -3.7793703722929271e-06 0.8 0.00068132694148187998
d 0 -0.00064255371941933869 -1.8400000000000001 3.786653194771738e-06 0.8 -0.00064631795078095374 -1.8400000000000001 -3.786653194771738e-06 0.8 0.00064631795078095374
d 0 -0.00060823474453590952 -1.8500000000000001 3.7939257473613143e-06 0.8 -0.00061200741321962499 -1.8500000000000001 -3.7939257473613143e-06 0.8 0.00061200741321962499
d 0 -0.00057461410579233842 -1.8600000000000001 3.8011813454319852e-06 0.8 -0.00057839517469735109 -1.8600000000000001 -3.8011813454319852e-06 0.8 0.00057839517469735109
d 0 -0.00054169356704793703 -1.8700000000000001 3.8084321969573248e-06 0.8 -0.0005454830111160737 -1.8700000000000001 -3.8084321969573248e-06 0.8 0.0005454830111160737
d 0 -0.000509565324693821 -1.8800000000000001 3.8156752164494929e-06 0.8 -0.00051336311243946483 -1.8800000000000001 -3.8156752164494929e-06 0.8 0.00051336311243946483
d 0 -0.00047817060817413712 -1.8900000000000001 3.8228972184898639e-06 0.8 -0.00048197669666480859 -1.8900000000000001 -3.8228972184898639e-06 0.8 0.00048197669666480859
d 0 -0.00044766705779878882 -1.9000000000000001 3.8301183570976336e-06 0.8 -0.00045148141850978379 -1.9000000000000001 -3.8301183570976336e-06 0.8 0.00045148141850978379
d 0 -0.00041792646963956676 -1.9100000000000001 3.8373127455266017e-06 0.8 -0.00042174905256432888 -1.9100000000000001 -3.8373127455266017e-06 0.8 0.00042174905256432888
d 0 -0.00038915137573728006 -1.9199999999999999 3.8445131191822477e-06 0.8 -0.00039298215627739077 -1.9199999999999999 -3.8445131191822477e-06 0.8 0.00039298215627739077
d 0 -0.00036119673515025305 -1.9299999999999999 3.8516936678838906e-06 0.8 -0.00036503566772239776 -1.9299999999999999 -3.8516936678838906e-06 0.8 0.00036503566772239776
d 0 -0.00033423833756914841 -1.9399999999999999 3.8588797989800267e-06 0.8 -0.00033808539556319772 -1.9399999999999999 -3.8588797989800267e-06 0.8 0.00033808539556319772
d 0 -0.00030816033334651427 -1.95 3.8660550501679492e-06 0.8 -0.0003120154776947238 -1.95 -3.8660550501679492e-06 0.8 0.0003120154776947238
d 0 -0.00028317359200782477 -1.96 3.8732216621413449e-06 0.8 -0.00028703677813870533 -1.96 -3.8732216621413449e-06 0.8 0.00028703677813870533
d 0 -0.00025914535612633948 -1.97 3.8803755433704652e-06 0.8 -0.00026301653982302361 -1.97 -3.8803755433704652e-06 0.8 0.00026301653982302361
d 0 -0.00023627384544158616 -1.98 3.8875204521965308e-06 0.8 -0.00024015297896235087 -1.98 -3.8875204521965308e-06 0.8 0.00024015297896235087
d 0 -0.00021445072985661493 -1.99 3.8946655453238808e-06 0.8 -0.00021833777837463445 -1.99 -3.8946655453238808e-06 0.8 0.00021833777837463445
d 0 -0.00019380668299106717 -2 3.901807347486474e-06 0.8 -0.00019770160322817268 -2 -3.901807347486474e-06 0.8 0.00019770160322817268
d 0 -0.00017418775928146004 -2.0100000000000002 3.9089448603373915e-06 0.8 -0.00017809051222793509 -2.0100000000000002 -3.9089448603373915e-06 0.8 0.00017809051222793509
d 0 -0.00015575833306553333 -2.02 3.9160921824681114e-06 0.8 -0.00015966888771125397 -2.02 -3.9160921824681114e-06 0.8 0.00015966888771125397
d 0 -0.00013840677686296525 -2.0300000000000002 3.9232206485556235e-06 0.8 -0.00014232507743936859 -2.0300000000000002 -3.9232206485556235e-06 0.8 0.00014232507743936859
d 0 -0.00012221825997281156 -2.04 3.9303263965606324e-06 0.8 -0.00012614424347258816 -2.04 -3.9303263965606324e-06 0.8 0.00012614424347258816
d 0 -0.00010729242024954879 -2.0499999999999998 3.9374400259439678e-06 0.8 -0.00011122605047606148 -2.0499999999999998 -3.9374400259439678e-06 0.8 0.00011122605047606148
d 0 -9.3504194493978111e-05 -2.0600000000000001 3.9445324222119719e-06 0.8 -9.7445410455036726e-05 -2.0600000000000001 -3.9445324222119719e-06 0.8 9.7445410455036726e-05
d 0 -8.0996617360268723e-05 -2.0699999999999998 3.9516530221969418e-06 0.8 -8.4945402209012617e-05 -2.0699999999999998 -3.9516530221969418e-06 0.8 8.4945402209012617e-05
d 0 -6.9594849282715726e-05 -2.0800000000000001 3.9587634301836865e-06 0.8 -7.3551153827151891e-05 -2.0800000000000001 -3.9587634301836865e-06 0.8 7.3551153827151891e-05
d 0 -5.9447404910125518e-05 -2.0899999999999999 3.9659481933960949e-06 0.8 -6.3411258981509191e-05 -2.0899999999999999 -3.9659481933960949e-06 0.8 6.3411258981509191e-05
d 0 -5.0214231799873937e-05 -2.1000000000000001 3.9730963981378165e-06 0.8 -5.4185566468423103e-05 -2.1000000000000001 -3.9730963981378165e-06 0.8 5.4185566468423103e-05
d 0 -4.2009880528271645e-05 -2.1099999999999999 3.9802636850685268e-06 0.8 -4.5988678242617215e-05 -2.1099999999999999 -3.9802636850685268e-06 0.8 4.5988678242617215e-05
d 0 -3.4658115960576345e-05 -2.1200000000000001 3.987405396966605e-06 0.8 -3.8644320735853036e-05 -2.1200000000000001 -3.987405396966605e-06 0.8 3.8644320735853036e-05
d 0 -2.8216007123356777e-05 -2.1299999999999999 3.9945290506798496e-06 0.8 -3.2209568326446576e-05 -2.1299999999999999 -3.9945290506798496e-06 0.8 3.2209568326446576e-05
d 0 -2.2556042131027734e-05 -2.1400000000000001 4.0015834060587012e-06 0.8 -2.6556862429666145e-05 -2.1400000000000001 -4.0015834060587012e-06 0.8 2.6556862429666145e-05
d 0 -1.7764854354718656e-05 -2.1499999999999999 4.0086550452837007e-06 0.8 -2.1772919773658767e-05 -2.1499999999999999 -4.0086550452837007e-06 0.8 2.1772919773658767e-05
d 0 -1.3750538679431862e-05 -2.1600000000000001 4.0157511878129066e-06 0.8 -1.776584571714208e-05 -2.1600000000000001 -4.0157511878129066e-06 0.8 1.776584571714208e-05
d 0 -1.0292963678245956e-05 -2.1699999999999999 4.0227726388145974e-06 0.8 -1.4315417572035481e-05 -2.1699999999999999 -4.0227726388145974e-06 0.8 1.4315417572035481e-05
d 0 -7.5008960766888769e-06 -2.1800000000000002 4.0298302498543597e-06 0.8 -1.1530508932383681e-05 -2.1800000000000002 -4.0298302498543597e-06 0.8 1.1530508932383681e-05
d 0 -5.2359579820080737e-06 -2.1899999999999999 4.0369193108033305e-06 0.8 -9.2727421782732355e-06 -2.1899999999999999 -4.0369193108033305e-06 0.8 9.2727421782732355e-06
d 0 -3.3913725132490548e-06 -2.2000000000000002 4.0439920657254863e-06 0.8 -7.435296523547207e-06 -2.2000000000000002 -4.0439920657254863e-06 0.8 7.435296523547207e-06
d 0 -1.9791909720145812e-06 -2.21 4.0511855579072725e-06 0.8 -6.0303598586930972e-06 -2.21 -4.0511855579072725e-06 0.8 6.0303598586930972e-06
d 0 -8.8479227436300911e-07 -2.2200000000000002 4.0586938483022632e-06 0.8 -4.9435093141288751e-06 -2.2200000000000002 -4.0586938483022632e-06 0.8 4.9435093141288751e-06
d 0 2.5135413562832142e-07 -2.23 4.0683824936238082e-06 0.8 -3.817092972714749e-06 -2.23 -4.0683824936238082e-06 0.8 3.817092972714749e-06
d 0 1.0955042179422211e-06 -2.2400000000000002 4.0763738170103743e-06 0.8 -2.9809650099817005e-06 -2.2400000000000002 -4.0763738170103743e-06 0.8 2.9809650099817005e-06
d 0 1.6711030418642373e-06 -2.25 4.0832944789622921e-06 0.8 -2.412307872049642e-06 -2.25 -4.0832944789622921e-06 0.8 2.412307872049642e-06
d 0 2.0905549193345441e-06 -2.2600000000000002 4.0892118296535014e-06 0.8 -1.9987886802168928e-06 -2.2600000000000002 -4.0892118296535014e-06 0.8 1.9987886802168928e-06
d 0 2.3577663166529594e-06 -2.27 4.0941341665437189e-06 0.8 -1.7365094065240545e-06 -2.27 -4.0941341665437189e-06 0.8 1.7365094065240545e-06
d 0 2.5181090265848699e-06 -2.2800000000000002 4.0974530515375968e-06 0.8 -1.579468623890636e-06 -2.2800000000000002 -4.0974530515375968e-06 0.8 1.579468623890636e-06
d 0 2.5709157139632484e-06 -2.29 4.0989576184944024e-06 0.8 -1.5281912829452375e-06 -2.29 -4.0989576184944024e-06 0.8 1.5281912829452375e-06
d 0 2.553177154906226e-06 -2.3000000000000003 4.0991568907262009e-06 0.8 -1.5461284740721031e-06 -2.3000000000000003 -4.0991568907262009e-06 0.8 1.5461284740721031e-06
d 0 2.5141611049555408e-06 -2.3100000000000001 4.0989551646875642e-06 0.8 -1.584941377409401e-06 -2.3100000000000001 -4.0989551646875642e-06 0.8 1.584941377409401e-06
d 0 2.4827637729437421e-06 -2.3199999999999998 4.0988836434671843e-06 0.8 -1.6162660468163443e-06 -2.3199999999999998 -4.0988836434671843e-06 0.8 1.6162660468163443e-06
d 0 2.4568517553413752e-06 -2.3300000000000001 4.0989166691178478e-06 0.8 -1.6422101484380938e-06 -2.3300000000000001 -4.0989166691178478e-06 0.8 1.6422101484380938e-06
d 0 2.4353551069453612e-06 -2.3399999999999999 4.0990206672888617e-06 0.8 -1.6638100153968441e-06 -2.3399999999999999 -4.0990206672888617e-06 0.8 1.6638100153968441e-06
d 0 2.4225661243723221e-06 -2.3500000000000001 4.0992764223752611e-06 0.8 -1.6768542919106835e-06 -2.3500000000000001 -4.0992764223752611e-06 0.8 1.6768542919106835e-06
d 0 2.4119416841048781e-06 -2.3599999999999999 4.099567104298163e-06 0.8 -1.6877690319151564e-06 -2.3599999999999999 -4.099567104298163e-06 0.8 1.6877690319151564e-06
d 0 2.4045302668966965e-06 -2.3700000000000001 4.0999173105572662e-06 0.8 -1.695530390772719e-06 -2.3700000000000001 -4.0999173105572662e-06 0.8 1.695530390772719e-06
d 0 2.3996278909144517e-06 -2.3799999999999999 4.1003143034279958e-06 0.8 -1.7008295868526365e-06 -2.3799999999999999 -4.1003143034279958e-06 0.8 1.7008295868526365e-06
d 0 2.3955406921805789e-06 -2.3900000000000001 4.100727377616419e-06 0.8 -1.7053297167973818e-06 -2.3900000000000001 -4.100727377616419e-06 0.8 1.7053297167973818e-06
d 0 2.3927274519640109e-06 -2.3999999999999999 4.101167548208361e-06 0.8 -1.7085830313797367e-06 -2.3999999999999999 -4.101167548208361e-06 0.8 1.7085830313797367e-06
d 0 2.3904544112372155e-06 -2.4100000000000001 4.1016201934727974e-06 0.8 -1.7113086409192442e-06 -2.4100000000000001 -4.1016201934727974e-06 0.8 1.7113086409192442e-06
d 0 2.3884060292642523e-06 -2.4199999999999999 4.1020783918834377e-06 0.8 -1.7138151530872129e-06 -2.4199999999999999 -4.1020783918834377e-06 0.8 1.7138151530872129e-06
d 0 2.386722730088227e-06 -2.4300000000000002 4.1025451548683377e-06 0.8 -1.7159651604150036e-06 -2.4300000000000002 -4.1025451548683377e-06 0.8 1.7159651604150036e-06
d 0 2.385138566774259e-06 -2.4399999999999999 4.1030149874617937e-06 0.8 -1.718019105131392e-06 -2.4399999999999999 -4.1030149874617937e-06 0.8 1.718019105131392e-06
d 0 2.3835775656073008e-06 -2.4500000000000002 4.1034856737711005e-06 0.8 -1.7200507422671977e-06 -2.4500000000000002 -4.1034856737711005e-06 0.8 1.7200507422671977e-06
d 0 2.3820856021482597e-06 -2.46 4.1039579942478197e-06 0.8 -1.7220149783937332e-06 -2.46 -4.1039579942478197e-06 0.8 1.7220149783937332e-06
d 0 2.3805996315528442e-06 -2.4700000000000002 4.1044304459208428e-06 0.8 -1.7239733530715073e-06 -2.4700000000000002 -4.1044304459208428e-06 0.8 1.7239733530715073e-06
d 0 2.3790894561092398e-06 -2.48 4.1049022530305668e-06 0.8 -1.7259552871442931e-06 -2.48 -4.1049022530305668e-06 0.8 1.7259552871442931e-06
d 0 2.3775725821614747e-06 -2.4900000000000002 4.1053735585995787e-06 0.8 -1.727943417929396e-06 -2.4900000000000002 -4.1053735585995787e-06 0.8 1.727943417929396e-06
d 0 2.3760442776873098e-06 -2.5 4.1058441698417603e-06 0.8 -1.7299422844886199e-06 -2.5 -4.1058441698417603e-06 0.8 1.7299422844886199e-06
Q 2 13 "Source Voltage"
Q 3 13 "Gate Voltage"
Q 4 13 "Drain Voltage"
Q 5 13 "Input Voltage"
Q 6 13 "Output Voltage"
Q 20 13 "Source Current"
Q 21 13 "Gate Current"
Q 22 13 "Drain Current"
Q 23 13 "Input Current"
Q 24 13 "Output Current"
EOF 676642148
