v atlas
# silvaco.file ASCII version=1.14.23 format=1 contents=SDB,Tables=1

Copyright "###################################################################"
Copyright "#                    Copyright Silvaco Inc. (c)                   #"
Copyright "#                            1992-2014                            #"
Copyright "#                                                                 #"
Copyright "# This file format and the following Key are copyright Silvaco    #"
Copyright "# International. You may not use, this format or key without      #"
Copyright "# reproducing this message in full and obtaining                  #"
Copyright "# express written permission from Silvaco Inc.                    #"
Copyright "#                                                                 #"
Copyright "# To obtain such permission please contact: Silvaco Inc.          #"
Copyright "#                                           support@silvaco.com   #"
Copyright "#                                                                 #"
Copyright "# KEY=SVC86hn7562asdx                       PROD=345              #"
Copyright "###################################################################"
#atlasMe 5.26.1.R (Wed Apr 11 16:49:17 PDT 2018)
#libSDB 1.12.41 (Mon Oct 16 16:19:38 PDT 2017)
f 5 source gate drain input output
p 10 2 20 3 21 4 22 5 23 6 24
d 0 -0.012615303940650703 0 1.7379789155446322e-06 0.8 -0.012616803508365849 0 -1.7379789155446322e-06 0.8 0.012616803508365849
d 0 -0.012497044787217252 -0.01 1.7842833989875241e-06 0.8 -0.012498590907858429 -0.01 -1.7842833989875241e-06 0.8 0.012498590907858429
d 0 -0.012379940126096296 -0.02 1.8210586940006534e-06 0.8 -0.012381523317199977 -0.02 -1.8210586940006534e-06 0.8 0.012381523317199977
d 0 -0.012263884903308257 -0.029999999999999999 1.8511809213767731e-06 0.8 -0.012265498550329001 -0.029999999999999999 -1.8511809213767731e-06 0.8 0.012265498550329001
d 0 -0.012148811521782028 -0.040000000000000001 1.8766432291728523e-06 0.8 -0.012150451002783315 -0.040000000000000001 -1.8766432291728523e-06 0.8 0.012150451002783315
d 0 -0.012034836196516201 -0.050000000000000003 1.8988368495238718e-06 0.8 -0.01203649828480571 -0.050000000000000003 -1.8988368495238718e-06 0.8 0.01203649828480571
d 0 -0.011921863361900414 -0.059999999999999998 1.9187358990120726e-06 0.8 -0.011923545801087542 -0.059999999999999998 -1.9187358990120726e-06 0.8 0.011923545801087542
d 0 -0.011809813665014055 -0.070000000000000007 1.9370064323905367e-06 0.8 -0.011811514859732643 -0.070000000000000007 -1.9370064323905367e-06 0.8 0.011811514859732643
d 0 -0.011698718765259254 -0.080000000000000002 1.9541046088100831e-06 0.8 -0.011700437574346455 -0.080000000000000002 -1.9541046088100831e-06 0.8 0.011700437574346455
d 0 -0.011588592116575289 -0.089999999999999997 1.9703633686809369e-06 0.8 -0.011590327738791076 -0.089999999999999997 -1.9703633686809369e-06 0.8 0.011590327738791076
d 0 -0.011479385608734901 -0.10000000000000001 1.9860088778198746e-06 0.8 -0.011481137460942597 -0.10000000000000001 -1.9860088778198746e-06 0.8 0.011481137460942597
d 0 -0.01137101535800901 -0.11 2.0011932802965867e-06 0.8 -0.011372783007624187 -0.11 -2.0011932802965867e-06 0.8 0.011372783007624187
d 0 -0.011263563012520761 -0.12 2.016021619815381e-06 0.8 -0.011265346129952857 -0.12 -2.016021619815381e-06 0.8 0.011265346129952857
d 0 -0.011156998902857394 -0.13 2.0305793298389103e-06 0.8 -0.011158797250858313 -0.13 -2.0305793298389103e-06 0.8 0.011158797250858313
d 0 -0.011051257858909468 -0.14000000000000001 2.044918179707528e-06 0.8 -0.011053071243757718 -0.14000000000000001 -2.044918179707528e-06 0.8 0.011053071243757718
d 0 -0.010946333264777978 -0.14999999999999999 2.0590688978036979e-06 0.8 -0.010948161522125745 -0.14999999999999999 -2.0590688978036979e-06 0.8 0.010948161522125745
d 0 -0.010842272671603252 -0.16 2.073061924678927e-06 0.8 -0.010844115668040279 -0.16 -2.073061924678927e-06 0.8 0.010844115668040279
d 0 -0.010739038149205895 -0.17000000000000001 2.0869208826879043e-06 0.8 -0.010740895777862096 -0.17000000000000001 -2.0869208826879043e-06 0.8 0.010740895777862096
d 0 -0.010636556809377678 -0.17999999999999999 2.1006559317368089e-06 0.8 -0.010638428968678358 -0.17999999999999999 -2.1006559317368089e-06 0.8 0.010638428968678358
d 0 -0.010534885403039622 -0.19 2.1142711131209918e-06 0.8 -0.010536771992853865 -0.19 -2.1142711131209918e-06 0.8 0.010536771992853865
d 0 -0.010434020808727353 -0.20000000000000001 2.1277826050706647e-06 0.8 -0.010435921748065064 -0.20000000000000001 -2.1277826050706647e-06 0.8 0.010435921748065064
d 0 -0.01033391824343732 -0.20999999999999999 2.1411958376952145e-06 0.8 -0.010335833456772803 -0.20999999999999999 -2.1411958376952145e-06 0.8 0.010335833456772803
d 0 -0.010234538230696491 -0.22 2.1545091945282991e-06 0.8 -0.010236467637581488 -0.22 -2.1545091945282991e-06 0.8 0.010236467637581488
d 0 -0.010135950251749043 -0.23000000000000001 2.1677259576713457e-06 0.8 -0.010137893772357423 -0.23000000000000001 -2.1677259576713457e-06 0.8 0.010137893772357423
d 0 -0.010038118667384235 -0.23999999999999999 2.1808563060228181e-06 0.8 -0.010040076236686582 -0.23999999999999999 -2.1808563060228181e-06 0.8 0.010040076236686582
d 0 -0.0099409808830246936 -0.25 2.1938997751868635e-06 0.8 -0.0099429524336839201 -0.25 -2.1938997751868635e-06 0.8 0.0099429524336839201
d 0 -0.0098445771815560135 -0.26000000000000001 2.2068510380068373e-06 0.8 -0.0098465626374964338 -0.26000000000000001 -2.2068510380068373e-06 0.8 0.0098465626374964338
d 0 -0.0097489168665759861 -0.27000000000000002 2.2197190635073621e-06 0.8 -0.0097509161596155604 -0.27000000000000002 -2.2197190635073621e-06 0.8 0.0097509161596155604
d 0 -0.0096539661697394169 -0.28000000000000003 2.232507312846518e-06 0.8 -0.0096559792404817112 -0.28000000000000003 -2.232507312846518e-06 0.8 0.0096559792404817112
d 0 -0.0095596653840209298 -0.28999999999999998 2.2452121273383564e-06 0.8 -0.0095616921656719346 -0.28999999999999998 -2.2452121273383564e-06 0.8 0.0095616921656719346
d 0 -0.0094660995763403387 -0.29999999999999999 2.2578325513123589e-06 0.8 -0.0094681399979897538 -0.29999999999999999 -2.2578325513123589e-06 0.8 0.0094681399979897538
d 0 -0.0093732252032669005 -0.31 2.27037655459713e-06 0.8 -0.0093752792029373182 -0.31 -2.27037655459713e-06 0.8 0.0093752792029373182
d 0 -0.009280992046353775 -0.32000000000000001 2.2828448232698194e-06 0.8 -0.0092830595673398381 -0.32000000000000001 -2.2828448232698194e-06 0.8 0.0092830595673398381
d 0 -0.0091894165985849704 -0.33000000000000002 2.2952309679547398e-06 0.8 -0.0091914975724836125 -0.33000000000000002 -2.2952309679547398e-06 0.8 0.0091914975724836125
d 0 -0.0090985294572374573 -0.34000000000000002 2.3075412411887735e-06 0.8 -0.0091006238204210804 -0.34000000000000002 -2.3075412411887735e-06 0.8 0.0091006238204210804
d 0 -0.0090082876859921539 -0.35000000000000003 2.3197790803288361e-06 0.8 -0.0090103953803805075 -0.35000000000000003 -2.3197790803288361e-06 0.8 0.0090103953803805075
d 0 -0.0089186233727440306 -0.35999999999999999 2.3319427730421976e-06 0.8 -0.0089207443413615306 -0.35999999999999999 -2.3319427730421976e-06 0.8 0.0089207443413615306
d 0 -0.0088296296897958232 -0.37 2.344029167064374e-06 0.8 -0.0088317638666957649 -0.37 -2.344029167064374e-06 0.8 0.0088317638666957649
d 0 -0.0087412557315235794 -0.38 2.3560455825869281e-06 0.8 -0.0087434030584912208 -0.38 -2.3560455825869281e-06 0.8 0.0087434030584912208
d 0 -0.0086534489121045041 -0.39000000000000001 2.3679926330912541e-06 0.8 -0.008655609334894461 -0.39000000000000001 -2.3679926330912541e-06 0.8 0.008655609334894461
d 0 -0.0085662154168496003 -0.40000000000000002 2.3798671481182438e-06 0.8 -0.0085683888771255871 -0.40000000000000002 -2.3798671481182438e-06 0.8 0.0085683888771255871
d 0 -0.0084796047298743276 -0.41000000000000003 2.3916717273396199e-06 0.8 -0.0084817911682240309 -0.41000000000000003 -2.3916717273396199e-06 0.8 0.0084817911682240309
d 0 -0.0083935538807623378 -0.41999999999999998 2.4034099136546756e-06 0.8 -0.0083957532420078657 -0.41999999999999998 -2.4034099136546756e-06 0.8 0.0083957532420078657
d 0 -0.0083079943337829067 -0.42999999999999999 2.4150817646473147e-06 0.8 -0.0083102065673605705 -0.42999999999999999 -2.4150817646473147e-06 0.8 0.0083102065673605705
d 0 -0.0082230302657112873 -0.44 2.4266845300526228e-06 0.8 -0.0082252553132332647 -0.44 -2.4266845300526228e-06 0.8 0.0082252553132332647
d 0 -0.0081386031483825314 -0.45000000000000001 2.4382244115981441e-06 0.8 -0.0081408409576181409 -0.45000000000000001 -2.4382244115981441e-06 0.8 0.0081408409576181409
d 0 -0.0080546543660611012 -0.46000000000000002 2.4497012109323647e-06 0.8 -0.0080569048851786736 -0.46000000000000002 -2.4497012109323647e-06 0.8 0.0080569048851786736
d 0 -0.0079711938319198053 -0.47000000000000003 2.4611145481178844e-06 0.8 -0.0079734570118479547 -0.47000000000000003 -2.4611145481178844e-06 0.8 0.0079734570118479547
d 0 -0.0078882830432545539 -0.47999999999999998 2.4724655010582951e-06 0.8 -0.0078905588305678495 -0.47999999999999998 -2.4724655010582951e-06 0.8 0.0078905588305678495
d 0 -0.0078058425905839311 -0.48999999999999999 2.4837566125748868e-06 0.8 -0.0078081309357194957 -0.48999999999999999 -2.4837566125748868e-06 0.8 0.0078081309357194957
d 0 -0.0077238221811786441 -0.5 2.4949897852363886e-06 0.8 -0.0077261230375654062 -0.5 -2.4949897852363886e-06 0.8 0.0077261230375654062
d 0 -0.0076423214311415848 -0.51000000000000001 2.5061626087529159e-06 0.8 -0.0076446347491887588 -0.51000000000000001 -2.5061626087529159e-06 0.8 0.0076446347491887588
d 0 -0.0075612804064129294 -0.52000000000000002 2.5172786429025511e-06 0.8 -0.0075636061384211934 -0.52000000000000002 -2.5172786429025511e-06 0.8 0.0075636061384211934
d 0 -0.0074806481191256793 -0.53000000000000003 2.5283386514791777e-06 0.8 -0.0074829862189427308 -0.53000000000000003 -2.5283386514791777e-06 0.8 0.0074829862189427308
d 0 -0.0074004542887934829 -0.54000000000000004 2.5393443632623512e-06 0.8 -0.0074028047116845123 -0.54000000000000004 -2.5393443632623512e-06 0.8 0.0074028047116845123
d 0 -0.0073207386175924045 -0.55000000000000004 2.550294654703675e-06 0.8 -0.0073231013170719627 -0.55000000000000004 -2.550294654703675e-06 0.8 0.0073231013170719627
d 0 -0.007241432055877876 -0.56000000000000005 2.5611906566303726e-06 0.8 -0.0072438069862530837 -0.56000000000000005 -2.5611906566303726e-06 0.8 0.0072438069862530837
d 0 -0.0071625107249400069 -0.57000000000000006 2.5720359059849378e-06 0.8 -0.0071648978441552682 -0.57000000000000006 -2.5720359059849378e-06 0.8 0.0071648978441552682
d 0 -0.0070840573267427582 -0.57999999999999996 2.5828291807043571e-06 0.8 -0.007086456590267221 -0.57999999999999996 -2.5828291807043571e-06 0.8 0.007086456590267221
d 0 -0.007006015628328614 -0.58999999999999997 2.5935694799067559e-06 0.8 -0.0070084269914643506 -0.58999999999999997 -2.5935694799067559e-06 0.8 0.0070084269914643506
d 0 -0.0069283517637400132 -0.59999999999999998 2.6042606913884887e-06 0.8 -0.0069307751852906649 -0.59999999999999998 -2.6042606913884887e-06 0.8 0.0069307751852906649
d 0 -0.0068511108223997027 -0.60999999999999999 2.6149042156292158e-06 0.8 -0.0068535462608705997 -0.60999999999999999 -2.6149042156292158e-06 0.8 0.0068535462608705997
d 0 -0.0067742944444617124 -0.62 2.6254955229595263e-06 0.8 -0.0067767418550194252 -0.62 -2.6254955229595263e-06 0.8 0.0067767418550194252
d 0 -0.0066978686407508483 -0.63 2.6360384449698171e-06 0.8 -0.0067003279820052296 -0.63 -2.6360384449698171e-06 0.8 0.0067003279820052296
d 0 -0.0066218323681168229 -0.64000000000000001 2.6465359450649063e-06 0.8 -0.0066243036009997003 -0.64000000000000001 -2.6465359450649063e-06 0.8 0.0066243036009997003
d 0 -0.0065462142022391237 -0.65000000000000002 2.6569846458905334e-06 0.8 -0.0065486972830120982 -0.65000000000000002 -2.6569846458905334e-06 0.8 0.0065486972830120982
d 0 -0.006470999892658722 -0.66000000000000003 2.6673845991750896e-06 0.8 -0.0064734947795910781 -0.66000000000000003 -2.6673845991750896e-06 0.8 0.0064734947795910781
d 0 -0.0063961653075574349 -0.67000000000000004 2.6777400781459816e-06 0.8 -0.0063986719620391461 -0.67000000000000004 -2.6777400781459816e-06 0.8 0.0063986719620391461
d 0 -0.006321734092152172 -0.68000000000000005 2.6880500003150514e-06 0.8 -0.0063242524736199079 -0.68000000000000005 -2.6880500003150514e-06 0.8 0.0063242524736199079
d 0 -0.0062477118497235931 -0.69000000000000006 2.6983112504940413e-06 0.8 -0.0062502419140670843 -0.69000000000000006 -2.6983112504940413e-06 0.8 0.0062502419140670843
d 0 -0.0061740809448508878 -0.70000000000000007 2.7085280884264712e-06 0.8 -0.0061766226537898926 -0.70000000000000007 -2.7085280884264712e-06 0.8 0.0061766226537898926
d 0 -0.0061008408464739289 -0.70999999999999996 2.7187010919433018e-06 0.8 -0.006103394160863777 -0.70999999999999996 -2.7187010919433018e-06 0.8 0.006103394160863777
d 0 -0.0060279883350465484 -0.71999999999999997 2.7288278346458457e-06 0.8 -0.0060305532131822029 -0.71999999999999997 -2.7288278346458457e-06 0.8 0.0060305532131822029
d 0 -0.0059555408250419033 -0.72999999999999998 2.7389094805402421e-06 0.8 -0.005958117225995885 -0.72999999999999998 -2.7389094805402421e-06 0.8 0.005958117225995885
d 0 -0.0058834801579667655 -0.73999999999999999 2.7489480124833142e-06 0.8 -0.0058860680437790441 -0.73999999999999999 -2.7489480124833142e-06 0.8 0.0058860680437790441
d 0 -0.0058117954512514926 -0.75 2.7589423283071483e-06 0.8 -0.0058143947820608255 -0.75 -2.7589423283071483e-06 0.8 0.0058143947820608255
d 0 -0.0057405095310855735 -0.76000000000000001 2.7688924814452501e-06 0.8 -0.0057431202661830045 -0.76000000000000001 -2.7688924814452501e-06 0.8 0.0057431202661830045
d 0 -0.0056696161193288356 -0.77000000000000002 2.7787989197731064e-06 0.8 -0.0056722382191144562 -0.77000000000000002 -2.7787989197731064e-06 0.8 0.0056722382191144562
d 0 -0.0055990891113779683 -0.78000000000000003 2.78866201809338e-06 0.8 -0.0056017225371953567 -0.78000000000000003 -2.78866201809338e-06 0.8 0.0056017225371953567
d 0 -0.0055289390428385314 -0.79000000000000004 2.7984840639955842e-06 0.8 -0.0055315837572532727 -0.79000000000000004 -2.7984840639955842e-06 0.8 0.0055315837572532727
d 0 -0.0054591856318916389 -0.80000000000000004 2.8082615651579946e-06 0.8 -0.0054618415930867172 -0.80000000000000004 -2.8082615651579946e-06 0.8 0.0054618415930867172
d 0 -0.0053897907026919292 -0.81000000000000005 2.817996518742306e-06 0.8 -0.005392457872772159 -0.81000000000000005 -2.817996518742306e-06 0.8 0.005392457872772159
d 0 -0.0053207653334174255 -0.82000000000000006 2.827691804948878e-06 0.8 -0.0053234436762816294 -0.82000000000000006 -2.827691804948878e-06 0.8 0.0053234436762816294
d 0 -0.0052521111376298817 -0.83000000000000007 2.8373443137107069e-06 0.8 -0.0052548006135471224 -0.83000000000000007 -2.8373443137107069e-06 0.8 0.0052548006135471224
d 0 -0.0051838206280548499 -0.83999999999999997 2.8469543760508115e-06 0.8 -0.0051865211974184405 -0.83999999999999997 -2.8469543760508115e-06 0.8 0.0051865211974184405
d 0 -0.0051158997850676482 -0.84999999999999998 2.856525228675389e-06 0.8 -0.0051186114125177729 -0.84999999999999998 -2.856525228675389e-06 0.8 0.0051186114125177729
d 0 -0.0050483145850651768 -0.85999999999999999 2.8660559411026326e-06 0.8 -0.0050510372339372042 -0.85999999999999999 -2.8660559411026326e-06 0.8 0.0050510372339372042
d 0 -0.0049811015745146606 -0.87 2.8755450575439172e-06 0.8 -0.004983835205461102 -0.87 -2.8755450575439172e-06 0.8 0.004983835205461102
d 0 -0.0049142461068347109 -0.88 2.8849947331823676e-06 0.8 -0.0049169906828036569 -0.88 -2.8849947331823676e-06 0.8 0.0049169906828036569
d 0 -0.0048477204566373206 -0.89000000000000001 2.8944057413446312e-06 0.8 -0.004850475942887341 -0.89000000000000001 -2.8944057413446312e-06 0.8 0.004850475942887341
d 0 -0.0047815455507818818 -0.90000000000000002 2.9037780513815635e-06 0.8 -0.0047843119108575112 -0.90000000000000002 -2.9037780513815635e-06 0.8 0.0047843119108575112
d 0 -0.0047157234322761209 -0.91000000000000003 2.9131104926952439e-06 0.8 -0.0047185006283187118 -0.91000000000000003 -2.9131104926952439e-06 0.8 0.0047185006283187118
d 0 -0.0046502382349632347 -0.92000000000000004 2.9224048235070801e-06 0.8 -0.0046530262311439948 -0.92000000000000004 -2.9224048235070801e-06 0.8 0.0046530262311439948
d 0 -0.0045850790442264998 -0.93000000000000005 2.9316635068981829e-06 0.8 -0.0045878778078811411 -0.93000000000000005 -2.9316635068981829e-06 0.8 0.0045878778078811411
d 0 -0.0045202630738198782 -0.94000000000000006 2.9408820470198454e-06 0.8 -0.0045230725664739324 -0.94000000000000006 -2.9408820470198454e-06 0.8 0.0045230725664739324
d 0 -0.004455797621042471 -0.95000000000000007 2.9500636653629487e-06 0.8 -0.0044586178070305594 -0.95000000000000007 -2.9500636653629487e-06 0.8 0.0044586178070305594
d 0 -0.0043916522587216737 -0.95999999999999996 2.9592105407370822e-06 0.8 -0.0043944831053729424 -0.95999999999999996 -2.9592105407370822e-06 0.8 0.0043944831053729424
d 0 -0.0043278205993679108 -0.96999999999999997 2.9683193126589008e-06 0.8 -0.004330662070921424 -0.96999999999999997 -2.9683193126589008e-06 0.8 0.004330662070921424
d 0 -0.0042643515506930758 -0.97999999999999998 2.9773916458468895e-06 0.8 -0.0042672036110481867 -0.97999999999999998 -2.9773916458468895e-06 0.8 0.0042672036110481867
d 0 -0.0042012086170594371 -0.98999999999999999 2.9864289665321194e-06 0.8 -0.0042040712323224653 -0.98999999999999999 -2.9864289665321194e-06 0.8 0.0042040712323224653
d 0 -0.0041383581478945421 -1 2.9954310251782957e-06 0.8 -0.0041412312850874359 -1 -2.9954310251782957e-06 0.8 0.0041412312850874359
d 0 -0.004075869988122015 -1.01 3.0043966939844909e-06 0.8 -0.004078753610815544 -1.01 -3.0043966939844909e-06 0.8 0.004078753610815544
d 0 -0.0040137196845427547 -1.02 3.0133275370430567e-06 0.8 -0.0040166137582590801 -1.02 -3.0133275370430567e-06 0.8 0.0040166137582590801
d 0 -0.0039518600198581782 -1.03 3.0222245290850662e-06 0.8 -0.0039547645120905795 -1.03 -3.0222245290850662e-06 0.8 0.0039547645120905795
d 0 -0.0038903401375577533 -1.04 3.0310866331587325e-06 0.8 -0.0038932550137344918 -1.04 -3.0310866331587325e-06 0.8 0.0038932550137344918
d 0 -0.0038291770688491391 -1.05 3.0399138948729764e-06 0.8 -0.0038321022933888223 -1.05 -3.0399138948729764e-06 0.8 0.0038321022933888223
d 0 -0.0037683066153600627 -1.0600000000000001 3.0487074989276743e-06 0.8 -0.0037712421556500416 -1.0600000000000001 -3.0487074989276743e-06 0.8 0.0037712421556500416
d 0 -0.003707760363132126 -1.0700000000000001 3.0574680107698299e-06 0.8 -0.0037107061857517545 -1.0700000000000001 -3.0574680107698299e-06 0.8 0.0037107061857517545
d 0 -0.00364757794986894 -1.0800000000000001 3.0661945999440055e-06 0.8 -0.0036505340197139006 -1.0800000000000001 -3.0661945999440055e-06 0.8 0.0036505340197139006
d 0 -0.0035876944301621574 -1.0900000000000001 3.0748865427165014e-06 0.8 -0.0035906607129754737 -1.0900000000000001 -3.0748865427165014e-06 0.8 0.0035906607129754737
d 0 -0.0035281351462768417 -1.1000000000000001 3.0835477499159006e-06 0.8 -0.0035311116108385542 -1.1000000000000001 -3.0835477499159006e-06 0.8 0.0035311116108385542
d 0 -0.0034689274077388784 -1.1100000000000001 3.0921755237847037e-06 0.8 -0.0034719140188180469 -1.1100000000000001 -3.0921755237847037e-06 0.8 0.0034719140188180469
d 0 -0.0034100355957836751 -1.1200000000000001 3.1007691331436392e-06 0.8 -0.0034130323188774751 -1.1200000000000001 -3.1007691331436392e-06 0.8 0.0034130323188774751
d 0 -0.003351464947075554 -1.1300000000000001 3.1093323340395533e-06 0.8 -0.00335447175100921 -1.1300000000000001 -3.1093323340395533e-06 0.8 0.00335447175100921
d 0 -0.0032932270614224424 -1.1400000000000001 3.1178627795904709e-06 0.8 -0.0032962439122356259 -1.1400000000000001 -3.1178627795904709e-06 0.8 0.0032962439122356259
d 0 -0.0032353330625847121 -1.1500000000000001 3.1263614900050878e-06 0.8 -0.0032383599264922498 -1.1500000000000001 -3.1263614900050878e-06 0.8 0.0032383599264922498
d 0 -0.0031777508093263642 -1.1599999999999999 3.1348287760991861e-06 0.8 -0.0031807876543478043 -1.1599999999999999 -3.1348287760991861e-06 0.8 0.0031807876543478043
d 0 -0.0031204958821098392 -1.1699999999999999 3.1432656813143817e-06 0.8 -0.0031235426766187228 -1.1699999999999999 -3.1432656813143817e-06 0.8 0.0031235426766187228
d 0 -0.0030635920710278823 -1.1799999999999999 3.1516705483686772e-06 0.8 -0.0030666487809182974 -1.1799999999999999 -3.1516705483686772e-06 0.8 0.0030666487809182974
d 0 -0.0030070025378391781 -1.1899999999999999 3.1600455439034406e-06 0.8 -0.003010069132018576 -1.1899999999999999 -3.1600455439034406e-06 0.8 0.003010069132018576
d 0 -0.0029507376447907691 -1.2 3.1683902883308743e-06 0.8 -0.0029538140919248422 -1.2 -3.1683902883308743e-06 0.8 0.0029538140919248422
d 0 -0.0028948253752225915 -1.21 3.1767057898157742e-06 0.8 -0.0028979116439497945 -1.21 -3.1767057898157742e-06 0.8 0.0028979116439497945
d 0 -0.0028392286509149596 -1.22 3.1849909098306301e-06 0.8 -0.0028423247097293229 -1.22 -3.1849909098306301e-06 0.8 0.0028423247097293229
d 0 -0.0027839645272771511 -1.23 3.1932467895204568e-06 0.8 -0.002787070345496597 -1.23 -3.1932467895204568e-06 0.8 0.002787070345496597
d 0 -0.002729045353593701 -1.24 3.2014760299926163e-06 0.8 -0.0027321609027231844 -1.24 -3.2014760299926163e-06 0.8 0.0027321609027231844
d 0 -0.0026744455838368236 -1.25 3.2096739587643373e-06 0.8 -0.002677570831462377 -1.25 -3.2096739587643373e-06 0.8 0.002677570831462377
d 0 -0.002620194818055083 -1.26 3.2178461200544426e-06 0.8 -0.0026233297362560377 -1.26 -3.2178461200544426e-06 0.8 0.0026233297362560377
d 0 -0.0025662740933574766 -1.27 3.2259901384760373e-06 0.8 -0.0025694186526791563 -1.27 -3.2259901384760373e-06 0.8 0.0025694186526791563
d 0 -0.0025126919141001442 -1.28 3.2341071125911892e-06 0.8 -0.0025158460857437523 -1.28 -3.2341071125911892e-06 0.8 0.0025158460857437523
d 0 -0.0024594555251450374 -1.29 3.2421970573862943e-06 0.8 -0.0024626192800415122 -1.29 -3.2421970573862943e-06 0.8 0.0024626192800415122
d 0 -0.0024065591621228581 -1.3 3.2502605258016467e-06 0.8 -0.00240973247191691 -1.3 -3.2502605258016467e-06 0.8 0.00240973247191691
d 0 -0.0023539948332586247 -1.3100000000000001 3.2582986761934535e-06 0.8 -0.002357177671177965 -1.3100000000000001 -3.2582986761934535e-06 0.8 0.002357177671177965
d 0 -0.0023017875299975797 -1.3200000000000001 3.2663093862818323e-06 0.8 -0.0023049798661279922 -1.3200000000000001 -3.2663093862818323e-06 0.8 0.0023049798661279922
d 0 -0.0022499337266219453 -1.3300000000000001 3.2742971227203241e-06 0.8 -0.0022531355355583076 -1.3300000000000001 -3.2742971227203241e-06 0.8 0.0022531355355583076
d 0 -0.0021984047533571784 -1.3400000000000001 3.2822577906816725e-06 0.8 -0.0022016160066402751 -1.3400000000000001 -3.2822577906816725e-06 0.8 0.0022016160066402751
d 0 -0.002147263166310347 -1.3500000000000001 3.290196025591587e-06 0.8 -0.002150483838047181 -1.3500000000000001 -3.290196025591587e-06 0.8 0.002150483838047181
d 0 -0.0020964598111506902 -1.3600000000000001 3.2981078283222124e-06 0.8 -0.0020996898727780855 -1.3600000000000001 -3.2981078283222124e-06 0.8 0.0020996898727780855
d 0 -0.0020460067318144566 -1.3700000000000001 3.3059980816483515e-06 0.8 -0.0020492461591576508 -1.3700000000000001 -3.3059980816483515e-06 0.8 0.0020492461591576508
d 0 -0.0019959327056178091 -1.3800000000000001 3.3138629226326888e-06 0.8 -0.0019991814698796227 -1.3800000000000001 -3.3138629226326888e-06 0.8 0.0019991814698796227
d 0 -0.0019462209998642875 -1.3900000000000001 3.3217045167955784e-06 0.8 -0.0019494790746502307 -1.3900000000000001 -3.3217045167955784e-06 0.8 0.0019494790746502307
d 0 -0.0018968679190005727 -1.4000000000000001 3.3295231322393538e-06 0.8 -0.0019001352780574966 -1.4000000000000001 -3.3295231322393538e-06 0.8 0.0019001352780574966
d 0 -0.0018479000445289376 -1.4099999999999999 3.3373194951937341e-06 0.8 -0.001851176661405866 -1.4099999999999999 -3.3373194951937341e-06 0.8 0.001851176661405866
d 0 -0.0017993133982642873 -1.4199999999999999 3.3450934469116384e-06 0.8 -0.0018025992466228278 -1.4199999999999999 -3.3450934469116384e-06 0.8 0.0018025992466228278
d 0 -0.0017510917654317867 -1.4299999999999999 3.3528441360602062e-06 0.8 -0.0017543868181664384 -1.4299999999999999 -3.3528441360602062e-06 0.8 0.0017543868181664384
d 0 -0.0017032700779505844 -1.4399999999999999 3.3605748668844889e-06 0.8 -0.0017065743099526195 -1.4399999999999999 -3.3605748668844889e-06 0.8 0.0017065743099526195
d 0 -0.0016558399194926258 -1.45 3.3682818497122125e-06 0.8 -0.0016591533020538451 -1.45 -3.3682818497122125e-06 0.8 0.0016591533020538451
d 0 -0.0016087931486819397 -1.46 3.3759693217794198e-06 0.8 -0.0016121156577099196 -1.46 -3.3759693217794198e-06 0.8 0.0016121156577099196
d 0 -0.0015621742919706269 -1.47 3.3836360284902113e-06 0.8 -0.001565505900186616 -1.47 -3.3836360284902113e-06 0.8 0.001565505900186616
d 0 -0.0015159345614355821 -1.48 3.3912802923042455e-06 0.8 -0.0015192752413756695 -1.48 -3.3912802923042455e-06 0.8 0.0015192752413756695
d 0 -0.0014701316598697198 -1.49 3.3989067987177614e-06 0.8 -0.0014734813867976356 -1.49 -3.3989067987177614e-06 0.8 0.0014734813867976356
d 0 -0.0014247331426272423 -1.5 3.4065099089972088e-06 0.8 -0.0014280918871634122 -1.5 -3.4065099089972088e-06 0.8 0.0014280918871634122
d 0 -0.0013797659605339825 -1.51 3.4140970775917266e-06 0.8 -0.00138313369961352 -1.51 -3.4140970775917266e-06 0.8 0.00138313369961352
d 0 -0.0013352392629597343 -1.52 3.4216607464206293e-06 0.8 -0.0013386159653665322 -1.52 -3.4216607464206293e-06 0.8 0.0013386159653665322
d 0 -0.0012911599926589297 -1.53 3.4292114868239476e-06 0.8 -0.0012945456375918034 -1.53 -3.4292114868239476e-06 0.8 0.0012945456375918034
d 0 -0.0012475072998909854 -1.54 3.4367376245515812e-06 0.8 -0.0012509018554371675 -1.54 -3.4367376245515812e-06 0.8 0.0012509018554371675
d 0 -0.0012043456424694194 -1.55 3.4442480626522624e-06 0.8 -0.0012077490830651916 -1.55 -3.4442480626522624e-06 0.8 0.0012077490830651916
d 0 -0.001161621261925538 -1.5600000000000001 3.4517388935570312e-06 0.8 -0.0011650335598372768 -1.5600000000000001 -3.4517388935570312e-06 0.8 0.0011650335598372768
d 0 -0.0011193841751425367 -1.5700000000000001 3.4592105120788514e-06 0.8 -0.0011228053013201712 -1.5700000000000001 -3.4592105120788514e-06 0.8 0.0011228053013201712
d 0 -0.0010776592167850111 -1.5800000000000001 3.4666690556395174e-06 0.8 -0.0010810891472096433 -1.5800000000000001 -3.4666690556395174e-06 0.8 0.0010810891472096433
d 0 -0.0010363710218080472 -1.5900000000000001 3.4741000537825216e-06 0.8 -0.0010398097204689326 -1.5900000000000001 -3.4741000537825216e-06 0.8 0.0010398097204689326
d 0 -0.00099567562980506824 -1.6000000000000001 3.4815277737299682e-06 0.8 -0.00099912307931021116 -1.6000000000000001 -3.4815277737299682e-06 0.8 0.00099912307931021116
d 0 -0.00095542611611789654 -1.6100000000000001 3.4889251843202979e-06 0.8 -0.00095888227715171411 -1.6100000000000001 -3.4889251843202979e-06 0.8 0.00095888227715171411
d 0 -0.00091577204471526299 -1.6200000000000001 3.4963170621411997e-06 0.8 -0.00091923689725566401 -1.6200000000000001 -3.4963170621411997e-06 0.8 0.00091923689725566401
d 0 -0.00087663299997105552 -1.6300000000000001 3.5036840111973935e-06 0.8 -0.00088010650715536238 -1.6300000000000001 -3.5036840111973935e-06 0.8 0.00088010650715536238
d 0 -0.0008380749252597337 -1.6400000000000001 3.511039074156372e-06 0.8 -0.00084155706089146813 -1.6400000000000001 -3.511039074156372e-06 0.8 0.00084155706089146813
d 0 -0.0008001007322810729 -1.6500000000000001 3.5183760722759287e-06 0.8 -0.00080359146394270423 -1.6500000000000001 -3.5183760722759287e-06 0.8 0.00080359146394270423
d 0 -0.00076273128738361257 -1.6600000000000001 3.5257013234787233e-06 0.8 -0.00076623058777435058 -1.6600000000000001 -3.5257013234787233e-06 0.8 0.00076623058777435058
d 0 -0.00072596714324269808 -1.6699999999999999 3.5330091859468122e-06 0.8 -0.00072947497926088834 -1.6699999999999999 -3.5330091859468122e-06 0.8 0.00072947497926088834
d 0 -0.00068986414625824368 -1.6799999999999999 3.5403067856351487e-06 0.8 -0.00069338048993860125 -1.6799999999999999 -3.5403067856351487e-06 0.8 0.00069338048993860125
d 0 -0.00065438519574828331 -1.6899999999999999 3.5475821697457284e-06 0.8 -0.00065791000818981346 -1.6899999999999999 -3.5475821697457284e-06 0.8 0.00065791000818981346
d 0 -0.00061965067450878706 -1.7 3.554850625258542e-06 0.8 -0.00062318392775318615 -1.7 -3.554850625258542e-06 0.8 0.00062318392775318615
d 0 -0.00058556933644813007 -1.71 3.5620975827417307e-06 0.8 -0.00058911099087296419 -1.71 -3.5620975827417307e-06 0.8 0.00058911099087296419
d 0 -0.00055225416941666154 -1.72 3.5693419709438686e-06 0.8 -0.00055580420032995566 -1.72 -3.5693419709438686e-06 0.8 0.00055580420032995566
d 0 -0.00051968264401321281 -1.73 3.5765705618254226e-06 0.8 -0.00052324101401578151 -1.73 -3.5765705618254226e-06 0.8 0.00052324101401578151
d 0 -0.000487894675366378 -1.74 3.5837885246259613e-06 0.8 -0.00049146135058387942 -1.74 -3.5837885246259613e-06 0.8 0.00049146135058387942
d 0 -0.00045695111294602431 -1.75 3.590997412022905e-06 0.8 -0.00046052605868942078 -1.75 -3.590997412022905e-06 0.8 0.00046052605868942078
d 0 -0.00042678834897703699 -1.76 3.5981798250028559e-06 0.8 -0.00043037151532765683 -1.76 -3.5981798250028559e-06 0.8 0.00043037151532765683
d 0 -0.00039763209999564184 -1.77 3.6053701022218688e-06 0.8 -0.00040122346311757931 -1.77 -3.6053701022218688e-06 0.8 0.00040122346311757931
d 0 -0.00036925370340484977 -1.78 3.6125287028163397e-06 0.8 -0.000372853207718038 -1.78 -3.6125287028163397e-06 0.8 0.000372853207718038
d 0 -0.00034193498012402145 -1.79 3.6197073216443731e-06 0.8 -0.00034554261155353487 -1.79 -3.6197073216443731e-06 0.8 0.00034554261155353487
d 0 -0.00031544001126649907 -1.8 3.6268630660840261e-06 0.8 -0.00031905572113829253 -1.8 -3.6268630660840261e-06 0.8 0.00031905572113829253
d 0 -0.00029008945671364964 -1.8100000000000001 3.6340207659120547e-06 0.8 -0.0002937132094383566 -1.8100000000000001 -3.6340207659120547e-06 0.8 0.0002937132094383566
d 0 -0.00026565047364344546 -1.8200000000000001 3.6411569138123612e-06 0.8 -0.00026928221814503055 -1.8200000000000001 -3.6411569138123612e-06 0.8 0.00026928221814503055
d 0 -0.00024241237573177659 -1.8300000000000001 3.6482897055067482e-06 0.8 -0.00024605206861350731 -1.8300000000000001 -3.6482897055067482e-06 0.8 0.00024605206861350731
d 0 -0.00022020789334431661 -1.8400000000000001 3.6554146137225993e-06 0.8 -0.00022385549253531829 -1.8400000000000001 -3.6554146137225993e-06 0.8 0.00022385549253531829
d 0 -0.00019916746639466647 -1.8500000000000001 3.6625336581633461e-06 0.8 -0.00020282292680643028 -1.8500000000000001 -3.6625336581633461e-06 0.8 0.00020282292680643028
d 0 -0.0001792434141165849 -1.8600000000000001 3.6696553687087604e-06 0.8 -0.00018290670066079207 -1.8600000000000001 -3.6696553687087604e-06 0.8 0.00018290670066079207
d 0 -0.00016044234285812455 -1.8700000000000001 3.6767786099886169e-06 0.8 -0.00016411341888218574 -1.8700000000000001 -3.6767786099886169e-06 0.8 0.00016411341888218574
d 0 -0.00014278533695117698 -1.8800000000000001 3.6838966744284509e-06 0.8 -0.00014646415817030426 -1.8800000000000001 -3.6838966744284509e-06 0.8 0.00014646415817030426
d 0 -0.00012620846511700529 -1.8900000000000001 3.6909784537345042e-06 0.8 -0.00012989495811929305 -1.8900000000000001 -3.6909784537345042e-06 0.8 0.00012989495811929305
d 0 -0.0001109521363420482 -1.9000000000000001 3.6980746611426231e-06 0.8 -0.00011464626957475508 -1.9000000000000001 -3.6980746611426231e-06 0.8 0.00011464626957475508
d 0 -9.6790357579629765e-05 -1.9100000000000001 3.7051333474696741e-06 0.8 -0.00010049205549659903 -1.9100000000000001 -3.7051333474696741e-06 0.8 0.00010049205549659903
d 0 -8.4008844740967822e-05 -1.9199999999999999 3.7122466228199763e-06 0.8 -8.7718113416575925e-05 -1.9199999999999999 -3.7122466228199763e-06 0.8 8.7718113416575925e-05
d 0 -7.2270430318177763e-05 -1.9299999999999999 3.7193228331835485e-06 0.8 -7.5987196071286475e-05 -1.9299999999999999 -3.7193228331835485e-06 0.8 7.5987196071286475e-05
d 0 -6.1837918864033212e-05 -1.9399999999999999 3.7264759641777459e-06 0.8 -6.5562212344246631e-05 -1.9399999999999999 -3.7264759641777459e-06 0.8 6.5562212344246631e-05
d 0 -5.2356545494076448e-05 -1.95 3.7335997182645167e-06 0.8 -5.6088303731900839e-05 -1.95 -3.7335997182645167e-06 0.8 5.6088303731900839e-05
d 0 -4.3964832321440401e-05 -1.96 3.7407580088861256e-06 0.8 -4.770405108359159e-05 -1.96 -3.7407580088861256e-06 0.8 4.770405108359159e-05
d 0 -3.6412131134348643e-05 -1.97 3.7478916223396387e-06 0.8 -4.0158755891273034e-05 -1.97 -3.7478916223396387e-06 0.8 4.0158755891273034e-05
d 0 -2.9742089035433774e-05 -1.98 3.754995954713272e-06 0.8 -3.3496058966047478e-05 -1.98 -3.754995954713272e-06 0.8 3.3496058966047478e-05
d 0 -2.3888327994708785e-05 -1.99 3.7620356256715943e-06 0.8 -2.7649549222846275e-05 -1.99 -3.7620356256715943e-06 0.8 2.7649549222846275e-05
d 0 -1.8908453593006064e-05 -2 3.7690874982657568e-06 0.8 -2.2676906908797532e-05 -2 -3.7690874982657568e-06 0.8 2.2676906908797532e-05
d 0 -1.4740060997975174e-05 -2.0100000000000002 3.7761723466392357e-06 0.8 -1.8515750148766714e-05 -2.0100000000000002 -3.7761723466392357e-06 0.8 1.8515750148766714e-05
d 0 -1.1143325257919051e-05 -2.02 3.7831804371592766e-06 0.8 -1.4926152896635329e-05 -2.02 -3.7831804371592766e-06 0.8 1.4926152896635329e-05
d 0 -8.217971786109334e-06 -2.0300000000000002 3.7902144826522098e-06 0.8 -1.2007939621740849e-05 -2.0300000000000002 -3.7902144826522098e-06 0.8 1.2007939621740849e-05
d 0 -5.848756892595635e-06 -2.04 3.7972920046973659e-06 0.8 -9.6458882888567502e-06 -2.04 -3.7972920046973659e-06 0.8 9.6458882888567502e-06
d 0 -3.9115972153690596e-06 -2.0499999999999998 3.8043537203859719e-06 0.8 -7.7158607301802517e-06 -2.0499999999999998 -3.8043537203859719e-06 0.8 7.7158607301802517e-06
d 0 -2.4210958007162341e-06 -2.0600000000000001 3.8115236611128655e-06 0.8 -6.2325834738660064e-06 -2.0600000000000001 -3.8115236611128655e-06 0.8 6.2325834738660064e-06
d 0 -1.2599514427652363e-06 -2.0699999999999998 3.8188875293229253e-06 0.8 -5.0788452629339686e-06 -2.0699999999999998 -3.8188875293229253e-06 0.8 5.0788452629339686e-06
d 0 -1.3498374054215511e-07 -2.0800000000000001 3.8282699296633089e-06 0.8 -3.9633010068769919e-06 -2.0800000000000001 -3.8282699296633089e-06 0.8 3.9633010068769919e-06
d 0 7.6878364692833871e-07 -2.0899999999999999 3.8366968836243546e-06 0.8 -3.0679935011778356e-06 -2.0899999999999999 -3.8366968836243546e-06 0.8 3.0679935011778356e-06
d 0 1.3981238134386566e-06 -2.1000000000000001 3.8438509505774646e-06 0.8 -2.4458303808915954e-06 -2.1000000000000001 -3.8438509505774646e-06 0.8 2.4458303808915954e-06
d 0 1.8381775394271045e-06 -2.1099999999999999 3.8500900352791255e-06 0.8 -2.0120318274916115e-06 -2.1099999999999999 -3.8500900352791255e-06 0.8 2.0120318274916115e-06
d 0 2.1473206795386891e-06 -2.1200000000000001 3.8553581472635063e-06 0.8 -1.7081681151321082e-06 -2.1200000000000001 -3.8553581472635063e-06 0.8 1.7081681151321082e-06
d 0 2.3489486005896787e-06 -2.1299999999999999 3.8592270113053775e-06 0.8 -1.5104046447835752e-06 -2.1299999999999999 -3.8592270113053775e-06 0.8 1.5104046447835752e-06
d 0 2.426382916160451e-06 -2.1400000000000001 3.8615267623951871e-06 0.8 -1.4352847301153429e-06 -2.1400000000000001 -3.8615267623951871e-06 0.8 1.4352847301153429e-06
d 0 2.4240043071088133e-06 -2.1499999999999999 3.8620347480522228e-06 0.8 -1.4381712479721662e-06 -2.1499999999999999 -3.8620347480522228e-06 0.8 1.4381712479721662e-06
d 0 2.3923211726961189e-06 -2.1600000000000001 3.8618382699091745e-06 0.8 -1.469656750265027e-06 -2.1600000000000001 -3.8618382699091745e-06 0.8 1.469656750265027e-06
d 0 2.3621017066662366e-06 -2.1699999999999999 3.8617227938012565e-06 0.8 -1.4997596414260775e-06 -2.1699999999999999 -3.8617227938012565e-06 0.8 1.4997596414260775e-06
d 0 2.3361751141186459e-06 -2.1800000000000002 3.8616932581404335e-06 0.8 -1.5256557556681131e-06 -2.1800000000000002 -3.8616932581404335e-06 0.8 1.5256557556681131e-06
d 0 2.3142737735501958e-06 -2.1899999999999999 3.861742201009806e-06 0.8 -1.547605243762555e-06 -2.1899999999999999 -3.861742201009806e-06 0.8 1.547605243762555e-06
d 0 2.3004120741534824e-06 -2.2000000000000002 3.861961048811055e-06 0.8 -1.5616852903200868e-06 -2.2000000000000002 -3.861961048811055e-06 0.8 1.5616852903200868e-06
d 0 2.2885577485529249e-06 -2.21 3.8622196307451005e-06 0.8 -1.5737977705280986e-06 -2.21 -3.8622196307451005e-06 0.8 1.5737977705280986e-06
d 0 2.2798806160733344e-06 -2.2200000000000002 3.8625462354343991e-06 0.8 -1.5828011967461943e-06 -2.2200000000000002 -3.8625462354343991e-06 0.8 1.5828011967461943e-06
d 0 2.2736217793824765e-06 -2.23 3.8629260280067143e-06 0.8 -1.5894396036829514e-06 -2.23 -3.8629260280067143e-06 0.8 1.5894396036829514e-06
d 0 2.2681538153446653e-06 -2.2400000000000002 3.8633240953163589e-06 0.8 -1.5953054416314026e-06 -2.2400000000000002 -3.8633240953163589e-06 0.8 1.5953054416314026e-06
d 0 2.2638402661726732e-06 -2.25 3.8637515616064071e-06 0.8 -1.6000463061402489e-06 -2.25 -3.8637515616064071e-06 0.8 1.6000463061402489e-06
d 0 2.2600541179470651e-06 -2.2600000000000002 3.8641926218256907e-06 0.8 -1.6042733829608101e-06 -2.2600000000000002 -3.8641926218256907e-06 0.8 1.6042733829608101e-06
d 0 2.2565093117621453e-06 -2.27 3.864640052429368e-06 0.8 -1.6082654969821916e-06 -2.27 -3.864640052429368e-06 0.8 1.6082654969821916e-06
d 0 2.2533149474849126e-06 -2.2800000000000002 3.8650967367687769e-06 0.8 -1.6119164356810481e-06 -2.2800000000000002 -3.8650967367687769e-06 0.8 1.6119164356810481e-06
d 0 2.2502517637138594e-06 -2.29 3.8655571988037164e-06 0.8 -1.6154399763854042e-06 -2.29 -3.8655571988037164e-06 0.8 1.6154399763854042e-06
d 0 2.2472479585676505e-06 -2.3000000000000003 3.8660188277997165e-06 0.8 -1.6189053075979694e-06 -2.3000000000000003 -3.8660188277997165e-06 0.8 1.6189053075979694e-06
d 0 2.2443378237615465e-06 -2.3100000000000001 3.8664824129032034e-06 0.8 -1.6222789280091172e-06 -2.3100000000000001 -3.8664824129032034e-06 0.8 1.6222789280091172e-06
d 0 2.2414734964238812e-06 -2.3199999999999998 3.8669465812612128e-06 0.8 -1.6256073258786931e-06 -2.3199999999999998 -3.8669465812612128e-06 0.8 1.6256073258786931e-06
d 0 2.2386245100398951e-06 -2.3300000000000001 3.867410358316167e-06 0.8 -1.6289199920429919e-06 -2.3300000000000001 -3.867410358316167e-06 0.8 1.6289199920429919e-06
d 0 2.2358034898068947e-06 -2.3399999999999999 3.8678738826160782e-06 0.8 -1.6322044403141014e-06 -2.3399999999999999 -3.8678738826160782e-06 0.8 1.6322044403141014e-06
d 0 2.2330090231391902e-06 -2.3500000000000001 3.8683370403134746e-06 0.8 -1.6354619693776486e-06 -2.3500000000000001 -3.8683370403134746e-06 0.8 1.6354619693776486e-06
d 0 2.2302270663654739e-06 -2.3599999999999999 3.8687993918305879e-06 0.8 -1.6387061828105511e-06 -2.3599999999999999 -3.8687993918305879e-06 0.8 1.6387061828105511e-06
d 0 2.2287623546942237e-06 -2.3700000000000001 3.8692864237015838e-06 0.8 -1.6406578797162947e-06 -2.3700000000000001 -3.8692864237015838e-06 0.8 1.6406578797162947e-06
d 0 2.2288422662908334e-06 -2.3799999999999999 3.8698024507130687e-06 0.8 -1.641094005089538e-06 -2.3799999999999999 -3.8698024507130687e-06 0.8 1.641094005089538e-06
d 0 2.2288502176502559e-06 -2.3900000000000001 3.8703157267431678e-06 0.8 -1.6415993370129942e-06 -2.3900000000000001 -3.8703157267431678e-06 0.8 1.6415993370129942e-06
d 0 2.2287934260816483e-06 -2.3999999999999999 3.8708264089415258e-06 0.8 -1.6421668157147638e-06 -2.3999999999999999 -3.8708264089415258e-06 0.8 1.6421668157147638e-06
d 0 2.228679037143268e-06 -2.4100000000000001 3.8713346463153633e-06 0.8 -1.6427894447980132e-06 -2.4100000000000001 -3.8713346463153633e-06 0.8 1.6427894447980132e-06
d 0 2.2285091724657467e-06 -2.4199999999999999 3.8718404759817725e-06 0.8 -1.6434651398627893e-06 -2.4199999999999999 -3.8718404759817725e-06 0.8 1.6434651398627893e-06
d 0 2.228288328149511e-06 -2.4300000000000002 3.8723439968792059e-06 0.8 -1.6441895039119741e-06 -2.4300000000000002 -3.8723439968792059e-06 0.8 1.6441895039119741e-06
d 0 2.2280215371512172e-06 -2.4399999999999999 3.8728453241897236e-06 0.8 -1.644957619355573e-06 -2.4399999999999999 -3.8728453241897236e-06 0.8 1.644957619355573e-06
d 0 2.2277127460883918e-06 -2.4500000000000002 3.8733445461467004e-06 0.8 -1.6457656279541421e-06 -2.4500000000000002 -3.8733445461467004e-06 0.8 1.6457656279541421e-06
d 0 2.2273654286504658e-06 -2.46 3.8738417434169498e-06 0.8 -1.6466101368124807e-06 -2.46 -3.8738417434169498e-06 0.8 1.6466101368124807e-06
d 0 2.2269833698640644e-06 -2.4700000000000002 3.874337006190912e-06 0.8 -1.6474874512148656e-06 -2.4700000000000002 -3.874337006190912e-06 0.8 1.6474874512148656e-06
d 0 2.2265701213674822e-06 -2.48 3.8748304202217248e-06 0.8 -1.6483941054387697e-06 -2.48 -3.8748304202217248e-06 0.8 1.6483941054387697e-06
d 0 2.2261285144795871e-06 -2.4900000000000002 3.8753220544832617e-06 0.8 -1.6493273372567177e-06 -2.4900000000000002 -3.8753220544832617e-06 0.8 1.6493273372567177e-06
d 0 2.2256614910494755e-06 -2.5 3.8758119823313888e-06 0.8 -1.6502842782093112e-06 -2.5 -3.8758119823313888e-06 0.8 1.6502842782093112e-06
Q 2 13 "Source Voltage"
Q 3 13 "Gate Voltage"
Q 4 13 "Drain Voltage"
Q 5 13 "Input Voltage"
Q 6 13 "Output Voltage"
Q 20 13 "Source Current"
Q 21 13 "Gate Current"
Q 22 13 "Drain Current"
Q 23 13 "Input Current"
Q 24 13 "Output Current"
EOF 676642148
