v atlas
# silvaco.file ASCII version=1.14.23 format=1 contents=SDB,Tables=1

Copyright "###################################################################"
Copyright "#                    Copyright Silvaco Inc. (c)                   #"
Copyright "#                            1992-2014                            #"
Copyright "#                                                                 #"
Copyright "# This file format and the following Key are copyright Silvaco    #"
Copyright "# International. You may not use, this format or key without      #"
Copyright "# reproducing this message in full and obtaining                  #"
Copyright "# express written permission from Silvaco Inc.                    #"
Copyright "#                                                                 #"
Copyright "# To obtain such permission please contact: Silvaco Inc.          #"
Copyright "#                                           support@silvaco.com   #"
Copyright "#                                                                 #"
Copyright "# KEY=SVC86hn7562asdx                       PROD=345              #"
Copyright "###################################################################"
#atlasMe 5.26.1.R (Wed Apr 11 16:49:17 PDT 2018)
#libSDB 1.12.41 (Mon Oct 16 16:19:38 PDT 2017)
f 5 source gate drain input output
p 10 2 20 3 21 4 22 5 23 6 24
d 0 -0.0048307480999751776 0 1.2110304922472479e-06 0.8 -0.0048318543065780919 0 -1.2110304922472479e-06 0.8 0.0048318543065780919
d 0 -0.0047424215870073578 -0.01 1.2561802881233873e-06 0.8 -0.0047435737342911384 -0.01 -1.2561802881233873e-06 0.8 0.0047435737342911384
d 0 -0.0046551981272490075 -0.02 1.290886627118615e-06 0.8 -0.0046563858036074487 -0.02 -1.290886627118615e-06 0.8 0.0046563858036074487
d 0 -0.0045690179337194749 -0.029999999999999999 1.31828178829181e-06 0.8 -0.004570233856670416 -0.029999999999999999 -1.31828178829181e-06 0.8 0.004570233856670416
d 0 -0.0044837768209961123 -0.040000000000000001 1.3405386901619877e-06 0.8 -0.0044850158798323001 -0.040000000000000001 -1.3405386901619877e-06 0.8 0.0044850158798323001
d 0 -0.0043996058098001774 -0.050000000000000003 1.3591753840604092e-06 0.8 -0.0044008644160388622 -0.050000000000000003 -1.3591753840604092e-06 0.8 0.0044008644160388622
d 0 -0.0043164150542350397 -0.059999999999999998 1.375262502578441e-06 0.8 -0.0043176906830800429 -0.059999999999999998 -1.375262502578441e-06 0.8 0.0043176906830800429
d 0 -0.0042340771469102966 -0.070000000000000007 1.3895438037762449e-06 0.8 -0.0042353680180891558 -0.070000000000000007 -1.3895438037762449e-06 0.8 0.0042353680180891558
d 0 -0.0041527383109176575 -0.080000000000000002 1.4025326311114179e-06 0.8 -0.0041540431524595828 -0.080000000000000002 -1.4025326311114179e-06 0.8 0.0041540431524595828
d 0 -0.0040723155128825159 -0.089999999999999997 1.4145932231561421e-06 0.8 -0.004073633423064606 -0.089999999999999997 -1.4145932231561421e-06 0.8 0.004073633423064606
d 0 -0.00399271814568165 -0.10000000000000001 1.4259822083592146e-06 0.8 -0.0039940484747512653 -0.10000000000000001 -1.4259822083592146e-06 0.8 0.0039940484747512653
d 0 -0.0039140082448451026 -0.11 1.4368770960470619e-06 0.8 -0.0039153505172457954 -0.11 -1.4368770960470619e-06 0.8 0.0039153505172457954
d 0 -0.0038361732509085591 -0.12 1.4473960162155058e-06 0.8 -0.003837527109747696 -0.12 -1.4473960162155058e-06 0.8 0.003837527109747696
d 0 -0.0037591474646412413 -0.13 1.4576313309294636e-06 0.8 -0.0037605126479873597 -0.13 -1.4576313309294636e-06 0.8 0.0037605126479873597
d 0 -0.0036829136592276572 -0.14000000000000001 1.4676482568043322e-06 0.8 -0.003684289966469927 -0.14000000000000001 -1.4676482568043322e-06 0.8 0.003684289966469927
d 0 -0.0036075104089548088 -0.14999999999999999 1.4774790830212926e-06 0.8 -0.0036088976690418742 -0.14999999999999999 -1.4774790830212926e-06 0.8 0.0036088976690418742
d 0 -0.0035329140003748627 -0.16 1.4871633781473054e-06 0.8 -0.0035343120841870648 -0.16 -1.4871633781473054e-06 0.8 0.0035343120841870648
d 0 -0.0034590266740722108 -0.17000000000000001 1.4967241131312475e-06 0.8 -0.0034604354766471475 -0.17000000000000001 -1.4967241131312475e-06 0.8 0.0034604354766471475
d 0 -0.003385934164735455 -0.17999999999999999 1.5061685959392056e-06 0.8 -0.0033873535837542065 -0.17999999999999999 -1.5061685959392056e-06 0.8 0.0033873535837542065
d 0 -0.0033136440727139006 -0.19 1.5155171167413836e-06 0.8 -0.003315074024365104 -0.19 -1.5155171167413836e-06 0.8 0.003315074024365104
d 0 -0.0032420142733845412 -0.20000000000000001 1.5247746385632796e-06 0.8 -0.0032434546852036098 -0.20000000000000001 -1.5247746385632796e-06 0.8 0.0032434546852036098
d 0 -0.0031711341972410628 -0.20999999999999999 1.533947105375925e-06 0.8 -0.0031725849974690405 -0.20999999999999999 -1.533947105375925e-06 0.8 0.0031725849974690405
d 0 -0.0031010409149534578 -0.22 1.543040032143441e-06 0.8 -0.003102502035101672 -0.22 -1.543040032143441e-06 0.8 0.003102502035101672
d 0 -0.0030315793721551213 -0.23000000000000001 1.5520580463000277e-06 0.8 -0.0030330507513163861 -0.23000000000000001 -1.5520580463000277e-06 0.8 0.0030330507513163861
d 0 -0.0029628501079403636 -0.23999999999999999 1.5610064295748708e-06 0.8 -0.0029643316902839929 -0.23999999999999999 -1.5610064295748708e-06 0.8 0.0029643316902839929
d 0 -0.0028948806224499903 -0.25 1.5698824724426668e-06 0.8 -0.0028963723453118749 -0.25 -1.5698824724426668e-06 0.8 0.0028963723453118749
d 0 -0.002827540801443817 -0.26000000000000001 1.5786917691128823e-06 0.8 -0.0028290426106403802 -0.26000000000000001 -1.5786917691128823e-06 0.8 0.0028290426106403802
d 0 -0.0027609001578673721 -0.27000000000000002 1.5874391411467686e-06 0.8 -0.0027624120018419924 -0.27000000000000002 -1.5874391411467686e-06 0.8 0.0027624120018419924
d 0 -0.0026949972580750446 -0.28000000000000003 1.5961199573525729e-06 0.8 -0.0026965190805460885 -0.28000000000000003 -1.5961199573525729e-06 0.8 0.0026965190805460885
d 0 -0.0026297428628063559 -0.28999999999999998 1.604741248020037e-06 0.8 -0.0026312746145491154 -0.28999999999999998 -1.604741248020037e-06 0.8 0.0026312746145491154
d 0 -0.002565141513153645 -0.29999999999999999 1.613304887308775e-06 0.8 -0.0025666831461246659 -0.29999999999999999 -1.613304887308775e-06 0.8 0.0025666831461246659
d 0 -0.0025012705279200314 -0.31 1.6218057330019268e-06 0.8 -0.0025028219871443768 -0.31 -1.6218057330019268e-06 0.8 0.0025028219871443768
d 0 -0.002438049095702602 -0.32000000000000001 1.6302544004792699e-06 0.8 -0.0024396103386549388 -0.32000000000000001 -1.6302544004792699e-06 0.8 0.0024396103386549388
d 0 -0.0023754707109121228 -0.33000000000000002 1.638644339937789e-06 0.8 -0.0023770416869591344 -0.33000000000000002 -1.638644339937789e-06 0.8 0.0023770416869591344
d 0 -0.0023136201501522242 -0.34000000000000002 1.6469843979725627e-06 0.8 -0.0023152008144728779 -0.34000000000000002 -1.6469843979725627e-06 0.8 0.0023152008144728779
d 0 -0.0022523789973366852 -0.35000000000000003 1.6552664189176937e-06 0.8 -0.0022539693010642944 -0.35000000000000003 -1.6552664189176937e-06 0.8 0.0022539693010642944
d 0 -0.002191823199114758 -0.35999999999999999 1.6635019382062482e-06 0.8 -0.0021934231012442989 -0.35999999999999999 -1.6635019382062482e-06 0.8 0.0021934231012442989
d 0 -0.002131931815551158 -0.37 1.671683368989476e-06 0.8 -0.0021335412669148679 -0.37 -1.671683368989476e-06 0.8 0.0021335412669148679
d 0 -0.0020726929645071448 -0.38 1.6798174368754214e-06 0.8 -0.0020743119223964436 -0.38 -1.6798174368754214e-06 0.8 0.0020743119223964436
d 0 -0.0020141206445026009 -0.39000000000000001 1.6879029342255132e-06 0.8 -0.0020157490654908001 -0.39000000000000001 -1.6879029342255132e-06 0.8 0.0020157490654908001
d 0 -0.0019562098924771742 -0.40000000000000002 1.6959425756364566e-06 0.8 -0.0019578477338899614 -0.40000000000000002 -1.6959425756364566e-06 0.8 0.0019578477338899614
d 0 -0.0018989445636201148 -0.41000000000000003 1.7039349226199817e-06 0.8 -0.0019005917811182776 -0.41000000000000003 -1.7039349226199817e-06 0.8 0.0019005917811182776
d 0 -0.0018423699734185866 -0.41999999999999998 1.7118825195420645e-06 0.8 -0.0018440265234671383 -0.41999999999999998 -1.7118825195420645e-06 0.8 0.0018440265234671383
d 0 -0.0017864163227852101 -0.42999999999999999 1.7197872155673667e-06 0.8 -0.0017880821661949223 -0.42999999999999999 -1.7197872155673667e-06 0.8 0.0017880821661949223
d 0 -0.0017311421749394143 -0.44 1.727644472072776e-06 0.8 -0.0017328172643628005 -0.44 -1.727644472072776e-06 0.8 0.0017328172643628005
d 0 -0.001676548254533888 -0.45000000000000001 1.7354664666685407e-06 0.8 -0.0016782325542210356 -0.45000000000000001 -1.7354664666685407e-06 0.8 0.0016782325542210356
d 0 -0.001622568948631755 -0.46000000000000002 1.7432414550488709e-06 0.8 -0.0016242624129540147 -0.46000000000000002 -1.7432414550488709e-06 0.8 0.0016242624129540147
d 0 -0.0015693247561256517 -0.47000000000000003 1.7509815331956903e-06 0.8 -0.0015710273476329461 -0.47000000000000003 -1.7509815331956903e-06 0.8 0.0015710273476329461
d 0 -0.0015167097032763011 -0.47999999999999998 1.7586779860856155e-06 0.8 -0.0015184213776986515 -0.47999999999999998 -1.7586779860856155e-06 0.8 0.0015184213776986515
d 0 -0.0014647772171536633 -0.48999999999999999 1.7663400335909745e-06 0.8 -0.0014664979372563279 -0.48999999999999999 -1.7663400335909745e-06 0.8 0.0014664979372563279
d 0 -0.0014135353624867512 -0.5 1.773962674992017e-06 0.8 -0.0014152650857562417 -0.5 -1.773962674992017e-06 0.8 0.0014152650857562417
d 0 -0.0013629675545236601 -0.51000000000000001 1.7815470705042858e-06 0.8 -0.0013647062395872743 -0.51000000000000001 -1.7815470705042858e-06 0.8 0.0013647062395872743
d 0 -0.0013130843948562622 -0.52000000000000002 1.7891019132028921e-06 0.8 -0.0013148320075626334 -0.52000000000000002 -1.7891019132028921e-06 0.8 0.0013148320075626334
d 0 -0.0012639192793616641 -0.53000000000000003 1.7966142668726436e-06 0.8 -0.0012656757711412543 -0.53000000000000003 -1.7966142668726436e-06 0.8 0.0012656757711412543
d 0 -0.0012154336225862318 -0.54000000000000004 1.8041002627957757e-06 0.8 -0.0012171989625338706 -0.54000000000000004 -1.8041002627957757e-06 0.8 0.0012171989625338706
d 0 -0.0011676837480297071 -0.55000000000000004 1.8115516283330957e-06 0.8 -0.0011694578938251992 -0.55000000000000004 -1.8115516283330957e-06 0.8 0.0011694578938251992
d 0 -0.001120625256277542 -0.56000000000000005 1.8189657476261433e-06 0.8 -0.0011224081635998397 -0.56000000000000005 -1.8189657476261433e-06 0.8 0.0011224081635998397
d 0 -0.0010743194883080258 -0.57000000000000006 1.8263567816026752e-06 0.8 -0.0010761111251742835 -0.57000000000000006 -1.8263567816026752e-06 0.8 0.0010761111251742835
d 0 -0.0010287174655116793 -0.57999999999999996 1.8337036299044536e-06 0.8 -0.0010305177800666605 -0.57999999999999996 -1.8337036299044536e-06 0.8 0.0010305177800666605
d 0 -0.00098388078711487493 -0.58999999999999997 1.8410345756809759e-06 0.8 -0.00098568975263495901 -0.58999999999999997 -1.8410345756809759e-06 0.8 0.00098568975263495901
d 0 -0.0009398130288082112 -0.59999999999999998 1.8483264111690184e-06 0.8 -0.00094163059487488801 -0.59999999999999998 -1.8483264111690184e-06 0.8 0.00094163059487488801
d 0 -0.00089651728215197062 -0.60999999999999999 1.8555964837880048e-06 0.8 -0.00089834341505269394 -0.60999999999999999 -1.8555964837880048e-06 0.8 0.00089834341505269394
d 0 -0.00085398985666673374 -0.62 1.86283756900876e-06 0.8 -0.00085582451564854549 -0.62 -1.86283756900876e-06 0.8 0.00085582451564854549
d 0 -0.00081227741370765941 -0.63 1.8700421263167069e-06 0.8 -0.00081412054776601385 -0.63 -1.8700421263167069e-06 0.8 0.00081412054776601385
d 0 -0.00077137466030566552 -0.64000000000000001 1.877233252432457e-06 0.8 -0.0007732262412289691 -0.64000000000000001 -1.877233252432457e-06 0.8 0.0007732262412289691
d 0 -0.00073130514916436404 -0.65000000000000002 1.8843887391304323e-06 0.8 -0.00073316512549737674 -0.65000000000000002 -1.8843887391304323e-06 0.8 0.00073316512549737674
d 0 -0.00069209058687808966 -0.66000000000000003 1.8915259160532026e-06 0.8 -0.00069395892336312722 -0.66000000000000003 -1.8915259160532026e-06 0.8 0.00069395892336312722
d 0 -0.000653760039501537 -0.67000000000000004 1.8986345075610103e-06 0.8 -0.00065563668883532908 -0.67000000000000004 -1.8986345075610103e-06 0.8 0.00065563668883532908
d 0 -0.00061630023866717822 -0.68000000000000005 1.9057233685617182e-06 0.8 -0.00061818516223185647 -0.68000000000000005 -1.9057233685617182e-06 0.8 0.00061818516223185647
d 0 -0.00057979263307843026 -0.69000000000000006 1.9127889387168872e-06 0.8 -0.00058168578580325338 -0.69000000000000006 -1.9127889387168872e-06 0.8 0.00058168578580325338
d 0 -0.00054420257983169463 -0.70000000000000007 1.919825975574485e-06 0.8 -0.0005461039119517674 -0.70000000000000007 -1.919825975574485e-06 0.8 0.0005461039119517674
d 0 -0.00050959097269003223 -0.70999999999999996 1.9268483427892354e-06 0.8 -0.00051150044548663252 -0.70999999999999996 -1.9268483427892354e-06 0.8 0.00051150044548663252
d 0 -0.00047597880135891375 -0.71999999999999997 1.9338561945042717e-06 0.8 -0.00047789637503501049 -0.71999999999999997 -1.9338561945042717e-06 0.8 0.00047789637503501049
d 0 -0.00044335164432215621 -0.72999999999999998 1.9408387727260802e-06 0.8 -0.00044527726867970343 -0.72999999999999998 -1.9408387727260802e-06 0.8 0.00044527726867970343
d 0 -0.00041181205851392315 -0.73999999999999999 1.9478045658680709e-06 0.8 -0.0004137456875094744 -0.73999999999999999 -1.9478045658680709e-06 0.8 0.0004137456875094744
d 0 -0.0003813527933683664 -0.75 1.9547476483830899e-06 0.8 -0.00038329437464508775 -0.75 -1.9547476483830899e-06 0.8 0.00038329437464508775
d 0 -0.00035198574975646093 -0.76000000000000001 1.9616683483233491e-06 0.8 -0.00035393523035266689 -0.76000000000000001 -1.9616683483233491e-06 0.8 0.00035393523035266689
d 0 -0.00032378747143491175 -0.77000000000000002 1.9685914766591272e-06 0.8 -0.000325744820418518 -0.77000000000000002 -1.9685914766591272e-06 0.8 0.000325744820418518
d 0 -0.00029672132452118792 -0.78000000000000003 1.9754895361651995e-06 0.8 -0.00029868648379545513 -0.78000000000000003 -1.9754895361651995e-06 0.8 0.00029868648379545513
d 0 -0.00027085122147479305 -0.79000000000000004 1.9823830956832266e-06 0.8 -0.00027282415075402901 -0.79000000000000004 -1.9823830956832266e-06 0.8 0.00027282415075402901
d 0 -0.00024617431668783421 -0.80000000000000004 1.9892447482516239e-06 0.8 -0.00024815494791865763 -0.80000000000000004 -1.9892447482516239e-06 0.8 0.00024815494791865763
d 0 -0.00022280074601242091 -0.81000000000000005 1.996108577615291e-06 0.8 -0.00022478904105172677 -0.81000000000000005 -1.996108577615291e-06 0.8 0.00022478904105172677
d 0 -0.00020069200501168934 -0.82000000000000006 2.002946815506416e-06 0.8 -0.00020268789848038404 -0.82000000000000006 -2.002946815506416e-06 0.8 0.00020268789848038404
d 0 -0.00017993539555272373 -0.83000000000000007 2.0097976745345706e-06 0.8 -0.00018193885669337044 -0.83000000000000007 -2.0097976745345706e-06 0.8 0.00018193885669337044
d 0 -0.00016040731677251059 -0.83999999999999997 2.0166236611878004e-06 0.8 -0.0001624182813018284 -0.83999999999999997 -2.0166236611878004e-06 0.8 0.0001624182813018284
d 0 -0.0001422106019510919 -0.84999999999999998 2.0234656852441497e-06 0.8 -0.00014422904243135647 -0.84999999999999998 -2.0234656852441497e-06 0.8 0.00014422904243135647
d 0 -0.00012517383588754878 -0.85999999999999999 2.0302681675704539e-06 0.8 -0.00012719967473785691 -0.85999999999999999 -2.0302681675704539e-06 0.8 0.00012719967473785691
d 0 -0.00010949215305526155 -0.87 2.0370632481631415e-06 0.8 -0.00011152533746739958 -0.87 -2.0370632481631415e-06 0.8 0.00011152533746739958
d 0 -9.504802596931512e-05 -0.88 2.0438284620711685e-06 0.8 -9.708848452977942e-05 -0.88 -2.0438284620711685e-06 0.8 9.708848452977942e-05
d 0 -8.2042244866773571e-05 -0.89000000000000001 2.0506149605730368e-06 0.8 -8.4089949676118128e-05 -0.89000000000000001 -2.0506149605730368e-06 0.8 8.4089949676118128e-05
d 0 -7.0246317965751322e-05 -0.90000000000000002 2.0573891285888064e-06 0.8 -7.2301215206536861e-05 -0.90000000000000002 -2.0573891285888064e-06 0.8 7.2301215206536861e-05
d 0 -5.9816172094623597e-05 -0.91000000000000003 2.0642237335288502e-06 0.8 -6.1878274772726795e-05 -0.91000000000000003 -2.0642237335288502e-06 0.8 6.1878274772726795e-05
d 0 -5.0425505237706936e-05 -0.92000000000000004 2.0710347136521749e-06 0.8 -5.2494753768788132e-05 -0.92000000000000004 -2.0710347136521749e-06 0.8 5.2494753768788132e-05
d 0 -4.226324332853067e-05 -0.93000000000000005 2.0779326546841419e-06 0.8 -4.4339681563254683e-05 -0.93000000000000005 -2.0779326546841419e-06 0.8 4.4339681563254683e-05
d 0 -3.4873954537899402e-05 -0.94000000000000006 2.0847507679351525e-06 0.8 -3.6957475666415028e-05 -0.94000000000000006 -2.0847507679351525e-06 0.8 3.6957475666415028e-05
d 0 -2.8396583062940743e-05 -0.95000000000000007 2.0915523441833478e-06 0.8 -3.04871383680875e-05 -0.95000000000000007 -2.0915523441833478e-06 0.8 3.04871383680875e-05
d 0 -2.2769389702947956e-05 -0.95999999999999996 2.0982888643901253e-06 0.8 -2.4866884035505097e-05 -0.95999999999999996 -2.0982888643901253e-06 0.8 2.4866884035505097e-05
d 0 -1.8079328952805517e-05 -0.96999999999999997 2.1050846331270935e-06 0.8 -2.0183788113170268e-05 -0.96999999999999997 -2.1050846331270935e-06 0.8 2.0183788113170268e-05
d 0 -1.4126965026007072e-05 -0.97999999999999998 2.1118623305008891e-06 0.8 -1.6238344574000896e-05 -0.97999999999999998 -2.1118623305008891e-06 0.8 1.6238344574000896e-05
d 0 -1.0781580801239536e-05 -0.98999999999999999 2.1185910561942713e-06 0.8 -1.2899810031965957e-05 -0.98999999999999999 -2.1185910561942713e-06 0.8 1.2899810031965957e-05
d 0 -8.090522609771675e-06 -1 2.1253688172033289e-06 0.8 -1.0215627037831442e-05 -1 -2.1253688172033289e-06 0.8 1.0215627037831442e-05
d 0 -5.9495672628944776e-06 -1.01 2.13221403036258e-06 0.8 -8.0815945152634039e-06 -1.01 -2.13221403036258e-06 0.8 8.0815945152634039e-06
d 0 -4.2337572366738913e-06 -1.02 2.1391094216110997e-06 0.8 -6.3727421528721826e-06 -1.02 -2.1391094216110997e-06 0.8 6.3727421528721826e-06
d 0 -2.9329881749514414e-06 -1.03 2.1462973884578382e-06 0.8 -5.0792083286714466e-06 -1.03 -2.1462973884578382e-06 0.8 5.0792083286714466e-06
d 0 -1.8084672858032582e-06 -1.04 2.1548870225118409e-06 0.8 -3.9633180034714755e-06 -1.04 -2.1548870225118409e-06 0.8 3.9633180034714755e-06
d 0 -7.8164469213618996e-07 -1.05 2.1638190000242131e-06 0.8 -2.945464799423164e-06 -1.05 -2.1638190000242131e-06 0.8 2.945464799423164e-06
d 0 -5.7267563148806632e-08 -1.0600000000000001 2.1713274021160413e-06 0.8 -2.2286224935941291e-06 -1.0600000000000001 -2.1713274021160413e-06 0.8 2.2286224935941291e-06
d 0 4.6449877742815575e-07 -1.0700000000000001 2.1780734298282017e-06 0.8 -1.7136212371528906e-06 -1.0700000000000001 -2.1780734298282017e-06 0.8 1.7136212371528906e-06
d 0 8.2183244853340585e-07 -1.0800000000000001 2.1843714202141764e-06 0.8 -1.3625986394455473e-06 -1.0800000000000001 -2.1843714202141764e-06 0.8 1.3625986394455473e-06
d 0 1.0845556996215971e-06 -1.0900000000000001 2.1899158746669844e-06 0.8 -1.1054377259250682e-06 -1.0900000000000001 -2.1899158746669844e-06 0.8 1.1054377259250682e-06
d 0 1.2619433948418072e-06 -1.1000000000000001 2.1948253269719829e-06 0.8 -9.3296513290892929e-07 -1.1000000000000001 -2.1948253269719829e-06 0.8 9.3296513290892929e-07
d 0 1.3693943387059147e-06 -1.1100000000000001 2.1986180370512304e-06 0.8 -8.2958657216186774e-07 -1.1100000000000001 -2.1986180370512304e-06 0.8 8.2958657216186774e-07
d 0 1.4227932261840814e-06 -1.1200000000000001 2.2008838209734367e-06 0.8 -7.7817234171772051e-07 -1.1200000000000001 -2.2008838209734367e-06 0.8 7.7817234171772051e-07
d 0 1.4208508246175122e-06 -1.1300000000000001 2.2013877478803581e-06 0.8 -7.8061860743392115e-07 -1.1300000000000001 -2.2013877478803581e-06 0.8 7.8061860743392115e-07
d 0 1.3991000681628306e-06 -1.1400000000000001 2.2012154272561906e-06 0.8 -8.0219625125388667e-07 -1.1400000000000001 -2.2012154272561906e-06 0.8 8.0219625125388667e-07
d 0 1.3776692995795008e-06 -1.1500000000000001 2.2010495678119409e-06 0.8 -8.2346037941083945e-07 -1.1500000000000001 -2.2010495678119409e-06 0.8 8.2346037941083945e-07
d 0 1.3580624928028086e-06 -1.1599999999999999 2.2009429156785237e-06 0.8 -8.4295982003118676e-07 -1.1599999999999999 -2.2009429156785237e-06 0.8 8.4295982003118676e-07
d 0 1.3436343428276192e-06 -1.1699999999999999 2.2009927158710884e-06 0.8 -8.5743724650223235e-07 -1.1699999999999999 -2.2009927158710884e-06 0.8 8.5743724650223235e-07
d 0 1.3330940960482201e-06 -1.1799999999999999 2.2011614650567254e-06 0.8 -8.6814586168039501e-07 -1.1799999999999999 -2.2011614650567254e-06 0.8 8.6814586168039501e-07
d 0 1.3243791559333876e-06 -1.1899999999999999 2.2013848881043951e-06 0.8 -8.7708391109606308e-07 -1.1899999999999999 -2.2013848881043951e-06 0.8 8.7708391109606308e-07
d 0 1.3177426710061452e-06 -1.2 2.2016727803005658e-06 0.8 -8.8400805083077776e-07 -1.2 -2.2016727803005658e-06 0.8 8.8400805083077776e-07
d 0 1.3124175390878499e-06 -1.21 2.2020012415655004e-06 0.8 -8.8966145495957458e-07 -1.21 -2.2020012415655004e-06 0.8 8.8966145495957458e-07
d 0 1.3077485199135961e-06 -1.22 2.2023494026080976e-06 0.8 -8.9467847019208973e-07 -1.22 -2.2023494026080976e-06 0.8 8.9467847019208973e-07
d 0 1.3037544998834991e-06 -1.23 2.2027183074503116e-06 0.8 -8.9904125488884761e-07 -1.23 -2.2027183074503116e-06 0.8 8.9904125488884761e-07
d 0 1.3002156424931405e-06 -1.24 2.2031005042506144e-06 0.8 -9.0296218562154983e-07 -1.24 -2.2031005042506144e-06 0.8 9.0296218562154983e-07
d 0 1.2968946436310776e-06 -1.25 2.2034877666220513e-06 0.8 -9.0667033138269265e-07 -1.25 -2.2034877666220513e-06 0.8 9.0667033138269265e-07
d 0 1.2937836315881119e-06 -1.26 2.2038801408305409e-06 0.8 -9.1017360986508075e-07 -1.26 -2.2038801408305409e-06 0.8 9.1017360986508075e-07
d 0 1.2920048058393051e-06 -1.27 2.2043113326387893e-06 0.8 -9.1238356857264684e-07 -1.27 -2.2043113326387893e-06 0.8 9.1238356857264684e-07
d 0 1.2919552154084318e-06 -1.28 2.2047927962223895e-06 0.8 -9.1291462740130154e-07 -1.28 -2.2047927962223895e-06 0.8 9.1291462740130154e-07
d 0 1.2918755622812303e-06 -1.29 2.2052712541042236e-06 0.8 -9.13472741763135e-07 -1.29 -2.2052712541042236e-06 0.8 9.13472741763135e-07
d 0 1.2917832851260998e-06 -1.3 2.2057473240470044e-06 0.8 -9.1404109227818991e-07 -1.3 -2.2057473240470044e-06 0.8 9.1404109227818991e-07
d 0 1.2916325975277657e-06 -1.3100000000000001 2.2062193026396277e-06 0.8 -9.1466375942682471e-07 -1.3100000000000001 -2.2062193026396277e-06 0.8 9.1466375942682471e-07
d 0 1.2914258163892382e-06 -1.3200000000000001 2.2066872606609012e-06 0.8 -9.1533849744937061e-07 -1.3200000000000001 -2.2066872606609012e-06 0.8 9.1533849744937061e-07
d 0 1.2911726074842579e-06 -1.3300000000000001 2.2071515391686556e-06 0.8 -9.1605598198611352e-07 -1.3300000000000001 -2.2071515391686556e-06 0.8 9.1605598198611352e-07
d 0 1.2908730844720925e-06 -1.3400000000000001 2.2076121308522524e-06 0.8 -9.1681609207121492e-07 -1.3400000000000001 -2.2076121308522524e-06 0.8 9.1681609207121492e-07
d 0 1.2905273511641408e-06 -1.3500000000000001 2.2080690271679536e-06 0.8 -9.1761871535331484e-07 -1.3500000000000001 -2.2080690271679536e-06 0.8 9.1761871535331484e-07
d 0 1.2901420925246937e-06 -1.3600000000000001 2.2085224768171953e-06 0.8 -9.1845741581607058e-07 -1.3600000000000001 -2.2085224768171953e-06 0.8 9.1845741581607058e-07
d 0 1.2897245140222711e-06 -1.3700000000000001 2.2089727551749308e-06 0.8 -9.1932526363171408e-07 -1.3700000000000001 -2.2089727551749308e-06 0.8 9.1932526363171408e-07
d 0 1.2892760430531017e-06 -1.3800000000000001 2.2094199243865878e-06 0.8 -9.2022089360220165e-07 -1.3800000000000001 -2.2094199243865878e-06 0.8 9.2022089360220165e-07
d 0 1.288801869572353e-06 -1.3900000000000001 2.2098641909993309e-06 0.8 -9.2113932251110294e-07 -1.3900000000000001 -2.2098641909993309e-06 0.8 9.2113932251110294e-07
d 0 1.2883066896759236e-06 -1.4000000000000001 2.2103057487896858e-06 0.8 -9.2207604821246103e-07 -1.4000000000000001 -2.2103057487896858e-06 0.8 9.2207604821246103e-07
d 0 1.2877938884381452e-06 -1.4099999999999999 2.2107447461397797e-06 0.8 -9.2302783413919658e-07 -1.4099999999999999 -2.2107447461397797e-06 0.8 9.2302783413919658e-07
d 0 1.28726663598109e-06 -1.4199999999999999 2.2111813235561159e-06 0.8 -9.2399165079293693e-07 -1.4199999999999999 -2.2111813235561159e-06 0.8 9.2399165079293693e-07
d 0 1.2867280638877612e-06 -1.4299999999999999 2.2116156232673809e-06 0.8 -9.2496450893518731e-07 -1.4299999999999999 -2.2116156232673809e-06 0.8 9.2496450893518731e-07
d 0 1.2859543340666685e-06 -1.4399999999999999 2.2120532605299062e-06 0.8 -9.2617585385062531e-07 -1.4399999999999999 -2.2120532605299062e-06 0.8 9.2617585385062531e-07
d 0 1.2849291180497339e-06 -1.45 2.2124946977799849e-06 0.8 -9.2764247585627063e-07 -1.45 -2.2124946977799849e-06 0.8 9.2764247585627063e-07
d 0 1.2839056773472579e-06 -1.46 2.2129339443355088e-06 0.8 -9.2910513188750376e-07 -1.46 -2.2129339443355088e-06 0.8 9.2910513188750376e-07
d 0 1.2828856297175312e-06 -1.47 2.213371114259455e-06 0.8 -9.3056231830956284e-07 -1.47 -2.213371114259455e-06 0.8 9.3056231830956284e-07
d 0 1.281870329896372e-06 -1.48 2.2138063090835494e-06 0.8 -9.3201278196887813e-07 -1.48 -2.2138063090835494e-06 0.8 9.3201278196887813e-07
d 0 1.280860953536217e-06 -1.49 2.2142396214788607e-06 0.8 -9.3345543992813621e-07 -1.49 -2.2142396214788607e-06 0.8 9.3345543992813621e-07
d 0 1.2798585325367251e-06 -1.5 2.2146711367942167e-06 0.8 -9.3488934567519329e-07 -1.5 -2.2146711367942167e-06 0.8 9.3488934567519329e-07
d 0 1.2788639545249898e-06 -1.51 2.2151009330762712e-06 0.8 -9.3631368966295653e-07 -1.51 -2.2151009330762712e-06 0.8 9.3631368966295653e-07
d 0 1.2778779550000037e-06 -1.52 2.2155290806246887e-06 0.8 -9.3772780671979992e-07 -1.52 -2.2155290806246887e-06 0.8 9.3772780671979992e-07
d 0 1.2769011716056297e-06 -1.53 2.2159556444034597e-06 0.8 -9.3913112418992318e-07 -1.53 -2.2159556444034597e-06 0.8 9.3913112418992318e-07
d 0 1.275934141051222e-06 -1.54 2.21638068391386e-06 0.8 -9.4052316488557485e-07 -1.54 -2.21638068391386e-06 0.8 9.4052316488557485e-07
d 0 1.2749773086113599e-06 -1.55 2.2168042536224779e-06 0.8 -9.4190353801570447e-07 -1.55 -2.2168042536224779e-06 0.8 9.4190353801570447e-07
d 0 1.274031041159634e-06 -1.5600000000000001 2.2172264035463171e-06 0.8 -9.4327192673774034e-07 -1.5600000000000001 -2.2172264035463171e-06 0.8 9.4327192673774034e-07
d 0 1.2730956391078223e-06 -1.5700000000000001 2.2176471797935884e-06 0.8 -9.4462807675967814e-07 -1.5700000000000001 -2.2176471797935884e-06 0.8 9.4462807675967814e-07
d 0 1.272171342860305e-06 -1.5800000000000001 2.2180666248769066e-06 0.8 -9.4597179019906743e-07 -1.5800000000000001 -2.2180666248769066e-06 0.8 9.4597179019906743e-07
d 0 1.2712583387014334e-06 -1.5900000000000001 2.2184847779916784e-06 0.8 -9.4730291997427066e-07 -1.5900000000000001 -2.2184847779916784e-06 0.8 9.4730291997427066e-07
d 0 1.2707543331779699e-06 -1.6000000000000001 2.218916006326991e-06 0.8 -9.482381413836144e-07 -1.6000000000000001 -2.218916006326991e-06 0.8 9.482381413836144e-07
d 0 1.2709997240881995e-06 -1.6100000000000001 2.2193725271775917e-06 0.8 -9.4844928647375098e-07 -1.6100000000000001 -2.2193725271775917e-06 0.8 9.4844928647375098e-07
d 0 1.2712238691122521e-06 -1.6200000000000001 2.2198265533381512e-06 0.8 -9.4867918192299051e-07 -1.6200000000000001 -2.2198265533381512e-06 0.8 9.4867918192299051e-07
d 0 1.2714283617293414e-06 -1.6300000000000001 2.2202781744301081e-06 0.8 -9.4892632402326929e-07 -1.6300000000000001 -2.2202781744301081e-06 0.8 9.4892632402326929e-07
d 0 1.2716146792207652e-06 -1.6400000000000001 2.2207274747519345e-06 0.8 -9.4918931975585584e-07 -1.6400000000000001 -2.2207274747519345e-06 0.8 9.4918931975585584e-07
d 0 1.271784191181689e-06 -1.6500000000000001 2.2211745336298061e-06 0.8 -9.4946687893329721e-07 -1.6500000000000001 -2.2211745336298061e-06 0.8 9.4946687893329721e-07
d 0 1.2719381674356097e-06 -1.6600000000000001 2.2216194257592173e-06 0.8 -9.4975780647479631e-07 -1.6600000000000001 -2.2216194257592173e-06 0.8 9.4975780647479631e-07
d 0 1.2720777857520035e-06 -1.6699999999999999 2.2220622215316829e-06 0.8 -9.5006099504617291e-07 -1.6699999999999999 -2.2220622215316829e-06 0.8 9.5006099504617291e-07
d 0 1.2722041387312029e-06 -1.6799999999999999 2.222502987328472e-06 0.8 -9.5037541846900322e-07 -1.6799999999999999 -2.222502987328472e-06 0.8 9.5037541846900322e-07
d 0 1.2723182401815151e-06 -1.6899999999999999 2.2229417857935528e-06 0.8 -9.5070012561667099e-07 -1.6899999999999999 -2.2229417857935528e-06 0.8 9.5070012561667099e-07
d 0 1.2724210309842217e-06 -1.7 2.2233786760864299e-06 0.8 -9.5103423477640551e-07 -1.7 -2.2233786760864299e-06 0.8 9.5103423477640551e-07
d 0 1.2725133846279601e-06 -1.71 2.223813714116798e-06 0.8 -9.5137692845610084e-07 -1.71 -2.223813714116798e-06 0.8 9.5137692845610084e-07
d 0 1.272596112192935e-06 -1.72 2.2242469527658333e-06 0.8 -9.5172744845843559e-07 -1.72 -2.2242469527658333e-06 0.8 9.5172744845843559e-07
d 0 1.2726699669980956e-06 -1.73 2.2246784420842908e-06 0.8 -9.520850915433102e-07 -1.73 -2.2246784420842908e-06 0.8 9.520850915433102e-07
d 0 1.2727356488891271e-06 -1.74 2.2251082294805817e-06 0.8 -9.5244920529956375e-07 -1.74 -2.2251082294805817e-06 0.8 9.5244920529956375e-07
d 0 1.2727938081933729e-06 -1.75 2.2255363598941144e-06 0.8 -9.5281918436354277e-07 -1.75 -2.2255363598941144e-06 0.8 9.5281918436354277e-07
d 0 1.2728450493631257e-06 -1.76 2.225962875955795e-06 0.8 -9.531944669364328e-07 -1.76 -2.225962875955795e-06 0.8 9.531944669364328e-07
d 0 1.272889934337412e-06 -1.77 2.2263878181368649e-06 0.8 -9.5357453157145269e-07 -1.77 -2.2263878181368649e-06 0.8 9.5357453157145269e-07
d 0 1.2729289856517416e-06 -1.78 2.2268112248872671e-06 0.8 -9.5395889420256778e-07 -1.78 -2.2268112248872671e-06 0.8 9.5395889420256778e-07
d 0 1.2729626893028323e-06 -1.79 2.2272331327638246e-06 0.8 -9.5434710540807358e-07 -1.79 -2.2272331327638246e-06 0.8 9.5434710540807358e-07
d 0 1.2729914973946774e-06 -1.8 2.2276535765492899e-06 0.8 -9.5473874788364594e-07 -1.8 -2.2276535765492899e-06 0.8 9.5473874788364594e-07
d 0 1.2730158305824012e-06 -1.8100000000000001 2.2280725893629323e-06 0.8 -9.551334341091922e-07 -1.8100000000000001 -2.2280725893629323e-06 0.8 9.551334341091922e-07
d 0 1.2730360803304485e-06 -1.8200000000000001 2.2284902027633192e-06 0.8 -9.5553080419350503e-07 -1.8200000000000001 -2.2284902027633192e-06 0.8 9.5553080419350503e-07
d 0 1.2730526109980987e-06 -1.8300000000000001 2.2289064468438268e-06 0.8 -9.5593052388435396e-07 -1.8300000000000001 -2.2289064468438268e-06 0.8 9.5593052388435396e-07
d 0 1.273065761767434e-06 -1.8400000000000001 2.2293213503214779e-06 0.8 -9.5633228272940448e-07 -1.8400000000000001 -2.2293213503214779e-06 0.8 9.5633228272940448e-07
d 0 1.2730758484260144e-06 -1.8500000000000001 2.2297349406196145e-06 0.8 -9.5673579237630996e-07 -1.8500000000000001 -2.2297349406196145e-06 0.8 9.5673579237630996e-07
d 0 1.2730831650156154e-06 -1.8600000000000001 2.2301472439448614e-06 0.8 -9.5714078500096874e-07 -1.8600000000000001 -2.2301472439448614e-06 0.8 9.5714078500096874e-07
d 0 1.2730879853575234e-06 -1.8700000000000001 2.2305582853588075e-06 0.8 -9.5754701185398889e-07 -1.8700000000000001 -2.2305582853588075e-06 0.8 9.5754701185398889e-07
d 0 1.2730905644643577e-06 -1.8800000000000001 2.2309680888448033e-06 0.8 -9.5795424191571006e-07 -1.8800000000000001 -2.2309680888448033e-06 0.8 9.5795424191571006e-07
d 0 1.273091139847242e-06 -1.8900000000000001 2.2313766773702533e-06 0.8 -9.5836226065136231e-07 -1.8900000000000001 -2.2313766773702533e-06 0.8 9.5836226065136231e-07
d 0 1.2730899327265567e-06 -1.9000000000000001 2.2317840729447049e-06 0.8 -9.5877086885846305e-07 -1.9000000000000001 -2.2317840729447049e-06 0.8 9.5877086885846305e-07
d 0 1.2730871491537435e-06 -1.9100000000000001 2.2321902966740921e-06 0.8 -9.5917988159928643e-07 -1.9100000000000001 -2.2321902966740921e-06 0.8 9.5917988159928643e-07
d 0 1.2730829810511885e-06 -1.9199999999999999 2.2325953688113768e-06 0.8 -9.5958912721167072e-07 -1.9199999999999999 -2.2325953688113768e-06 0.8 9.5958912721167072e-07
d 0 1.2730776071764494e-06 -1.9299999999999999 2.2329993088038648e-06 0.8 -9.5999844639212754e-07 -1.9299999999999999 -2.2329993088038648e-06 0.8 9.5999844639212754e-07
d 0 1.2730711940167865e-06 -1.9399999999999999 2.2334021353374396e-06 0.8 -9.6040769134559389e-07 -1.9399999999999999 -2.2334021353374396e-06 0.8 9.6040769134559389e-07
d 0 1.2730638966192635e-06 -1.95 2.2338038663779503e-06 0.8 -9.6081672499674017e-07 -1.95 -2.2338038663779503e-06 0.8 9.6081672499674017e-07
d 0 1.2730558593613512e-06 -1.96 2.2342045192099258e-06 0.8 -9.6122542025811454e-07 -1.96 -2.2342045192099258e-06 0.8 9.6122542025811454e-07
d 0 1.2730472166667141e-06 -1.97 2.2346041104728435e-06 0.8 -9.6163365935064226e-07 -1.97 -2.2346041104728435e-06 0.8 9.6163365935064226e-07
d 0 1.273038093670179e-06 -1.98 2.2350026561950938e-06 0.8 -9.6204133317266086e-07 -1.98 -2.2350026561950938e-06 0.8 9.6204133317266086e-07
d 0 1.273028606835797e-06 -1.99 2.2354001718258242e-06 0.8 -9.6244834071371325e-07 -1.99 -2.2354001718258242e-06 0.8 9.6244834071371325e-07
d 0 1.2730188645315847e-06 -2 2.2357966722648169e-06 0.8 -9.6285458850970985e-07 -2 -2.2357966722648169e-06 0.8 9.6285458850970985e-07
d 0 1.2730089675640779e-06 -2.0100000000000002 2.2361921718905001e-06 0.8 -9.6325999013640627e-07 -2.0100000000000002 -2.2361921718905001e-06 0.8 9.6325999013640627e-07
d 0 1.2729990096758017e-06 -2.02 2.2365866845862699e-06 0.8 -9.636644657382747e-07 -2.02 -2.2365866845862699e-06 0.8 9.636644657382747e-07
d 0 1.2729890780083423e-06 -2.0300000000000002 2.2369802237652124e-06 0.8 -9.640679415901652e-07 -2.0300000000000002 -2.2369802237652124e-06 0.8 9.640679415901652e-07
d 0 1.2729792535335449e-06 -2.04 2.2373728023933356e-06 0.8 -9.644703496893628e-07 -2.04 -2.2373728023933356e-06 0.8 9.644703496893628e-07
d 0 1.2729696114552634e-06 -2.0499999999999998 2.2377644330114108e-06 0.8 -9.6487162737569443e-07 -2.0499999999999998 -2.2377644330114108e-06 0.8 9.6487162737569443e-07
d 0 1.2729602215837511e-06 -2.0600000000000001 2.2381551277555419e-06 0.8 -9.6527171697771149e-07 -2.0600000000000001 -2.2381551277555419e-06 0.8 9.6527171697771149e-07
d 0 1.2729511486846404e-06 -2.0699999999999998 2.2385448983765111e-06 0.8 -9.6567056548308298e-07 -2.0699999999999998 -2.2385448983765111e-06 0.8 9.6567056548308298e-07
d 0 1.2729424528044835e-06 -2.0800000000000001 2.238933756258007e-06 0.8 -9.6606812423128334e-07 -2.0800000000000001 -2.238933756258007e-06 0.8 9.6606812423128334e-07
d 0 1.27293418957437e-06 -2.0899999999999999 2.2393217124338002e-06 0.8 -9.6646434862716695e-07 -2.0899999999999999 -2.2393217124338002e-06 0.8 9.6646434862716695e-07
d 0 1.2729264104933558e-06 -2.1000000000000001 2.2397087776039454e-06 0.8 -9.6685919787375357e-07 -2.1000000000000001 -2.2397087776039454e-06 0.8 9.6685919787375357e-07
d 0 1.2729191631930059e-06 -2.1099999999999999 2.2400949621500477e-06 0.8 -9.6725263472295655e-07 -2.1099999999999999 -2.2400949621500477e-06 0.8 9.6725263472295655e-07
d 0 1.2729124916844738e-06 -2.1200000000000001 2.2404802761496898e-06 0.8 -9.6764462524294392e-07 -2.1200000000000001 -2.2404802761496898e-06 0.8 9.6764462524294392e-07
d 0 1.2729064365893322e-06 -2.1299999999999999 2.2408647293900437e-06 0.8 -9.6803513860092464e-07 -2.1299999999999999 -2.2408647293900437e-06 0.8 9.6803513860092464e-07
d 0 1.2729010353552426e-06 -2.1400000000000001 2.241248331380734e-06 0.8 -9.6842414686035449e-07 -2.1400000000000001 -2.241248331380734e-06 0.8 9.6842414686035449e-07
d 0 1.2728963224576457e-06 -2.1499999999999999 2.2416310913659713e-06 0.8 -9.6881162479205878e-07 -2.1499999999999999 -2.2416310913659713e-06 0.8 9.6881162479205878e-07
d 0 1.2728923295881315e-06 -2.1600000000000001 2.2420130183361635e-06 0.8 -9.691975496941044e-07 -2.1600000000000001 -2.2420130183361635e-06 0.8 9.691975496941044e-07
d 0 1.2728890858310867e-06 -2.1699999999999999 2.2423941210385748e-06 0.8 -9.695819012325729e-07 -2.1699999999999999 -2.2423941210385748e-06 0.8 9.695819012325729e-07
d 0 1.2728794121633899e-06 -2.1800000000000002 2.2427744574418962e-06 0.8 -9.6997191613888017e-07 -2.1800000000000002 -2.2427744574418962e-06 0.8 9.6997191613888017e-07
d 0 1.2728653467864498e-06 -2.1899999999999999 2.2431540220772365e-06 0.8 -9.7036555070225811e-07 -2.1899999999999999 -2.2431540220772365e-06 0.8 9.7036555070225811e-07
d 0 1.2728520201441357e-06 -2.2000000000000002 2.2435327879757614e-06 0.8 -9.7075764803692363e-07 -2.2000000000000002 -2.2435327879757614e-06 0.8 9.7075764803692363e-07
d 0 1.272839455857688e-06 -2.21 2.2439107629900469e-06 0.8 -9.7114819203459941e-07 -2.21 -2.2439107629900469e-06 0.8 9.7114819203459941e-07
d 0 1.2728276758406328e-06 -2.2200000000000002 2.2442879547702625e-06 0.8 -9.7153716854712619e-07 -2.2200000000000002 -2.2442879547702625e-06 0.8 9.7153716854712619e-07
d 0 1.2728167000468741e-06 -2.23 2.2446643707802368e-06 0.8 -9.7192456508477701e-07 -2.23 -2.2446643707802368e-06 0.8 9.7192456508477701e-07
d 0 1.2728065466619318e-06 -2.2400000000000002 2.2450400183032245e-06 0.8 -9.7231037074604854e-07 -2.2400000000000002 -2.2450400183032245e-06 0.8 9.7231037074604854e-07
d 0 1.2727972322118512e-06 -2.25 2.2454149044489973e-06 0.8 -9.7269457611536826e-07 -2.25 -2.2454149044489973e-06 0.8 9.7269457611536826e-07
d 0 1.2727887716653966e-06 -2.2600000000000002 2.245789036160582e-06 0.8 -9.7307717316763348e-07 -2.2600000000000002 -2.245789036160582e-06 0.8 9.7307717316763348e-07
d 0 1.2727811785300438e-06 -2.27 2.2461624202206384e-06 0.8 -9.7345815517861512e-07 -2.27 -2.2461624202206384e-06 0.8 9.7345815517861512e-07
d 0 1.2727744649420341e-06 -2.2800000000000002 2.2465350632575449e-06 0.8 -9.7383751664098269e-07 -2.2800000000000002 -2.2465350632575449e-06 0.8 9.7383751664098269e-07
d 0 1.272768641750986e-06 -2.29 2.2469069717511814e-06 0.8 -9.7421525318547807e-07 -2.29 -2.2469069717511814e-06 0.8 9.7421525318547807e-07
d 0 1.272763718599376e-06 -2.3000000000000003 2.2472781520384401e-06 0.8 -9.74591361506955e-07 -2.3000000000000003 -2.2472781520384401e-06 0.8 9.74591361506955e-07
d 0 1.2727597039972256e-06 -2.3100000000000001 2.247648610318455e-06 0.8 -9.7496583929491998e-07 -2.3100000000000001 -2.247648610318455e-06 0.8 9.7496583929491998e-07
d 0 1.2727566053922304e-06 -2.3199999999999998 2.2480183526576038e-06 0.8 -9.7533868516841031e-07 -2.3199999999999998 -2.2480183526576038e-06 0.8 9.7533868516841031e-07
d 0 1.2727544292357848e-06 -2.3300000000000001 2.2483873849942637e-06 0.8 -9.7570989861472351e-07 -2.3300000000000001 -2.2483873849942637e-06 0.8 9.7570989861472351e-07
d 0 1.272753181044933e-06 -2.3399999999999999 2.2487557131433469e-06 0.8 -9.7607947993200672e-07 -2.3399999999999999 -2.2487557131433469e-06 0.8 9.7607947993200672e-07
d 0 1.2727528654607501e-06 -2.3500000000000001 2.2491233428006295e-06 0.8 -9.7644743017520726e-07 -2.3500000000000001 -2.2491233428006295e-06 0.8 9.7644743017520726e-07
d 0 1.2727534863031376e-06 -2.3599999999999999 2.2494902795468743e-06 0.8 -9.768137511054047e-07 -2.3599999999999999 -2.2494902795468743e-06 0.8 9.768137511054047e-07
d 0 1.2728757023841236e-06 -2.3700000000000001 2.2498604367410567e-06 0.8 -9.7706170171069285e-07 -2.3700000000000001 -2.2498604367410567e-06 0.8 9.7706170171069285e-07
d 0 1.2733512132008685e-06 -2.3799999999999999 2.2502413130989613e-06 0.8 -9.7696708973700302e-07 -2.3799999999999999 -2.2502413130989613e-06 0.8 9.7696708973700302e-07
d 0 1.2738215304583337e-06 -2.3900000000000001 2.2506212965413149e-06 0.8 -9.7687677820505626e-07 -2.3900000000000001 -2.2506212965413149e-06 0.8 9.7687677820505626e-07
d 0 1.2742867937311344e-06 -2.3999999999999999 2.2510003970771124e-06 0.8 -9.7679063755760722e-07 -2.3999999999999999 -2.2510003970771124e-06 0.8 9.7679063755760722e-07
d 0 1.2747471379236226e-06 -2.4100000000000001 2.2513786244777585e-06 0.8 -9.7670854266352026e-07 -2.4100000000000001 -2.2513786244777585e-06 0.8 9.7670854266352026e-07
d 0 1.2752026934521733e-06 -2.4199999999999999 2.2517559882848807e-06 0.8 -9.7663037265393099e-07 -2.4199999999999999 -2.2517559882848807e-06 0.8 9.7663037265393099e-07
d 0 1.2756535864141586e-06 -2.4300000000000002 2.252132497818023e-06 0.8 -9.7655601075572638e-07 -2.4300000000000002 -2.252132497818023e-06 0.8 9.7655601075572638e-07
d 0 1.276099938752036e-06 -2.4399999999999999 2.2525081621819632e-06 0.8 -9.7648534413578878e-07 -2.4399999999999999 -2.2525081621819632e-06 0.8 9.7648534413578878e-07
d 0 1.2765418684103066e-06 -2.4500000000000002 2.2528829902737534e-06 0.8 -9.7641826375107486e-07 -2.4500000000000002 -2.2528829902737534e-06 0.8 9.7641826375107486e-07
d 0 1.2769794894858893e-06 -2.46 2.2532569907894797e-06 0.8 -9.7635466420502026e-07 -2.46 -2.2532569907894797e-06 0.8 9.7635466420502026e-07
d 0 1.2774129123722581e-06 -2.4700000000000002 2.2536301722307611e-06 0.8 -9.7629444360990008e-07 -2.4700000000000002 -2.2536301722307611e-06 0.8 9.7629444360990008e-07
d 0 1.2778422438976043e-06 -2.48 2.2540025429109933e-06 0.8 -9.7623750345491964e-07 -2.48 -2.2540025429109933e-06 0.8 9.7623750345491964e-07
d 0 1.2782675874572825e-06 -2.4900000000000002 2.2543741109613441e-06 0.8 -9.761837484797603e-07 -2.4900000000000002 -2.2543741109613441e-06 0.8 9.761837484797603e-07
d 0 1.2786890431408299e-06 -2.5 2.2547448843365338e-06 0.8 -9.7613308655335436e-07 -2.5 -2.2547448843365338e-06 0.8 9.7613308655335436e-07
Q 2 13 "Source Voltage"
Q 3 13 "Gate Voltage"
Q 4 13 "Drain Voltage"
Q 5 13 "Input Voltage"
Q 6 13 "Output Voltage"
Q 20 13 "Source Current"
Q 21 13 "Gate Current"
Q 22 13 "Drain Current"
Q 23 13 "Input Current"
Q 24 13 "Output Current"
EOF 676642148
