v ATLAS
# This file was created by ATLAS version 5.26.1.R on Tue Apr 17 12:12:57 2018.
#SSF 2.0 generic
##############################################################################
#                    Copyright (c) 1984 - 2018                               #
#                    Silvaco Inc. All rights reserved                        #
#                                                                            #
# This file format and the following Key are copyright Silvaco Inc.          #
# You may not use, this format or key without reproducing this message in    #
# full and obtaining express written permission from Silvaco Inc.            #
#                                                                            #
# To obtain such permission please contact: Silvaco Inc.                     #
#                                           support@silvaco.com              #
#                                                                            #
# KEY=SVC86hn7562asdx                       PROD=345                         #
##############################################################################
y 3 700 711 15
z 1 0.00981003 300
f 4 "source" "drain" "gate" "substrate" 
p 13 2 601 20 3 602 21 4 603 22 5 604 23 82 
d 0.000000000e+00 0.000000000e+00 -1.794440594e-11 0.000000000e+00 0.000000000e+00 -5.890887960e-11 -1.000000000e+00 -1.000000000e+00 -2.431373741e-17 0.000000000e+00 0.000000000e+00 0.000000000e+00 3.000000000e+02 
d 0.000000000e+00 0.000000000e+00 -4.515106125e-03 1.250000000e-01 1.250000000e-01 4.515106082e-03 -1.000000000e+00 -1.000000000e+00 -2.478516560e-17 0.000000000e+00 0.000000000e+00 0.000000000e+00 3.003267035e+02 
d 0.000000000e+00 0.000000000e+00 -8.766568503e-03 2.500000000e-01 2.500000000e-01 8.766563687e-03 -1.000000000e+00 -1.000000000e+00 -2.760538605e-17 0.000000000e+00 0.000000000e+00 0.000000000e+00 3.012048984e+02 
d 0.000000000e+00 0.000000000e+00 -1.629009105e-02 5.000000000e-01 5.000000000e-01 1.629009029e-02 -1.000000000e+00 -1.000000000e+00 -4.286002071e-17 0.000000000e+00 0.000000000e+00 0.000000000e+00 3.043776194e+02 
d 0.000000000e+00 0.000000000e+00 -2.745809414e-02 1.000000000e+00 1.000000000e+00 2.745800664e-02 -1.000000000e+00 -1.000000000e+00 -1.889031065e-16 0.000000000e+00 0.000000000e+00 0.000000000e+00 3.148514116e+02 
d 0.000000000e+00 0.000000000e+00 -3.398638020e-02 1.500000000e+00 1.500000000e+00 3.398623100e-02 -1.000000000e+00 -1.000000000e+00 -1.140268432e-15 0.000000000e+00 0.000000000e+00 0.000000000e+00 3.282512616e+02 
d 0.000000000e+00 0.000000000e+00 -3.726313705e-02 2.000000000e+00 2.000000000e+00 3.726304196e-02 -1.000000000e+00 -1.000000000e+00 -6.650532451e-15 0.000000000e+00 0.000000000e+00 0.000000000e+00 3.423338977e+02 
d 0.000000000e+00 0.000000000e+00 -3.852132789e-02 2.500000000e+00 2.500000000e+00 3.852120383e-02 -1.000000000e+00 -1.000000000e+00 -3.271811985e-14 0.000000000e+00 0.000000000e+00 0.000000000e+00 3.560101171e+02 
d 0.000000000e+00 0.000000000e+00 -3.856721706e-02 3.000000000e+00 3.000000000e+00 3.856706257e-02 -1.000000000e+00 -1.000000000e+00 -1.310011559e-13 0.000000000e+00 0.000000000e+00 0.000000000e+00 3.687626939e+02 
d 0.000000000e+00 0.000000000e+00 -3.791410134e-02 3.500000000e+00 3.500000000e+00 3.791391787e-02 -1.000000000e+00 -1.000000000e+00 -4.306889770e-13 0.000000000e+00 0.000000000e+00 0.000000000e+00 3.804387395e+02 
d 0.000000000e+00 0.000000000e+00 -3.689908484e-02 4.000000000e+00 4.000000000e+00 3.689892294e-02 -1.000000000e+00 -1.000000000e+00 -1.198326994e-12 0.000000000e+00 0.000000000e+00 0.000000000e+00 3.910677500e+02 
d 0.000000000e+00 0.000000000e+00 -3.572052604e-02 4.500000000e+00 4.500000000e+00 3.572037877e-02 -1.000000000e+00 -1.000000000e+00 -2.909047663e-12 0.000000000e+00 0.000000000e+00 0.000000000e+00 4.007589942e+02 
d 0.000000000e+00 0.000000000e+00 -3.451670809e-02 5.000000000e+00 5.000000000e+00 3.451651114e-02 -1.000000000e+00 -1.000000000e+00 -6.380645349e-12 0.000000000e+00 0.000000000e+00 0.000000000e+00 4.097325927e+02 
d 0.000000000e+00 0.000000000e+00 -3.335279599e-02 5.500000000e+00 5.500000000e+00 3.335253037e-02 -1.000000000e+00 -1.000000000e+00 -1.296092162e-11 0.000000000e+00 0.000000000e+00 0.000000000e+00 4.181551540e+02 
d 0.000000000e+00 0.000000000e+00 -3.225517949e-02 6.000000000e+00 6.000000000e+00 3.225480996e-02 -1.000000000e+00 -1.000000000e+00 -2.479428087e-11 0.000000000e+00 0.000000000e+00 0.000000000e+00 4.261436589e+02 
d 0.000000000e+00 0.000000000e+00 -3.123172638e-02 6.500000000e+00 6.500000000e+00 3.123120308e-02 -1.000000000e+00 -1.000000000e+00 -4.519194835e-11 0.000000000e+00 0.000000000e+00 0.000000000e+00 4.337808190e+02 
d 0.000000000e+00 0.000000000e+00 -3.028180968e-02 7.000000000e+00 7.000000000e+00 3.028106249e-02 -1.000000000e+00 -1.000000000e+00 -7.913423154e-11 0.000000000e+00 0.000000000e+00 0.000000000e+00 4.411261410e+02 
d 0.000000000e+00 0.000000000e+00 -2.940166679e-02 7.500000000e+00 7.500000000e+00 2.940059722e-02 -1.000000000e+00 -1.000000000e+00 -1.339820809e-10 0.000000000e+00 0.000000000e+00 0.000000000e+00 4.482771400e+02 
d 0.000000000e+00 0.000000000e+00 -2.858559025e-02 8.000000000e+00 8.000000000e+00 2.858406694e-02 -1.000000000e+00 -1.000000000e+00 -2.203463611e-10 0.000000000e+00 0.000000000e+00 0.000000000e+00 4.552700602e+02 
d 0.000000000e+00 0.000000000e+00 -2.782814416e-02 8.500000000e+00 8.500000000e+00 2.782598765e-02 -1.000000000e+00 -1.000000000e+00 -3.533731070e-10 0.000000000e+00 0.000000000e+00 0.000000000e+00 4.620842792e+02 
d 0.000000000e+00 0.000000000e+00 -2.712340548e-02 9.000000000e+00 9.000000000e+00 2.712300853e-02 -1.000000000e+00 -1.000000000e+00 -5.544119128e-10 0.000000000e+00 0.000000000e+00 0.000000000e+00 4.687448876e+02 
d 0.000000000e+00 0.000000000e+00 -2.646772981e-02 9.500000000e+00 9.500000000e+00 2.646711418e-02 -1.000000000e+00 -1.000000000e+00 -8.532059486e-10 0.000000000e+00 0.000000000e+00 0.000000000e+00 4.752732224e+02 
d 0.000000000e+00 0.000000000e+00 -2.585574773e-02 1.000000000e+01 1.000000000e+01 2.585481096e-02 -1.000000000e+00 -1.000000000e+00 -1.290394049e-09 0.000000000e+00 0.000000000e+00 0.000000000e+00 4.816832568e+02 
d 0.000000000e+00 0.000000000e+00 -2.528299128e-02 1.050000000e+01 1.050000000e+01 2.528159254e-02 -1.000000000e+00 -1.000000000e+00 -1.920880595e-09 0.000000000e+00 0.000000000e+00 0.000000000e+00 4.879857766e+02 
d 0.000000000e+00 0.000000000e+00 -2.474526987e-02 1.100000000e+01 1.100000000e+01 2.474322433e-02 -1.000000000e+00 -1.000000000e+00 -2.817511964e-09 0.000000000e+00 0.000000000e+00 0.000000000e+00 4.941882208e+02 
d 0.000000000e+00 0.000000000e+00 -2.423883691e-02 1.150000000e+01 1.150000000e+01 2.423590952e-02 -1.000000000e+00 -1.000000000e+00 -4.075590226e-09 0.000000000e+00 0.000000000e+00 0.000000000e+00 5.002944834e+02 
d 0.000000000e+00 0.000000000e+00 -2.376050902e-02 1.200000000e+01 1.200000000e+01 2.375640602e-02 -1.000000000e+00 -1.000000000e+00 -5.818481197e-09 0.000000000e+00 0.000000000e+00 0.000000000e+00 5.063064199e+02 
d 0.000000000e+00 0.000000000e+00 -2.330881361e-02 1.250000000e+01 1.250000000e+01 2.330313744e-02 -1.000000000e+00 -1.000000000e+00 -8.214243412e-09 0.000000000e+00 0.000000000e+00 0.000000000e+00 5.122453532e+02 
d 0.000000000e+00 0.000000000e+00 -2.287889923e-02 1.300000000e+01 1.300000000e+01 2.287679101e-02 -1.000000000e+00 -1.000000000e+00 -1.146801365e-08 0.000000000e+00 0.000000000e+00 0.000000000e+00 5.181102937e+02 
d 0.000000000e+00 0.000000000e+00 -2.247374330e-02 1.350000000e+01 1.350000000e+01 2.247066619e-02 -1.000000000e+00 -1.000000000e+00 -1.587137220e-08 0.000000000e+00 0.000000000e+00 0.000000000e+00 5.239291025e+02 
d 0.000000000e+00 0.000000000e+00 -2.208931667e-02 1.400000000e+01 1.400000000e+01 2.208521812e-02 -1.000000000e+00 -1.000000000e+00 -2.178260690e-08 0.000000000e+00 0.000000000e+00 0.000000000e+00 5.296989713e+02 
d 0.000000000e+00 0.000000000e+00 -2.172201207e-02 1.450000000e+01 1.450000000e+01 2.171690630e-02 -1.000000000e+00 -1.000000000e+00 -2.961308967e-08 0.000000000e+00 0.000000000e+00 0.000000000e+00 5.353984416e+02 
d 0.000000000e+00 0.000000000e+00 -2.137183649e-02 1.500000000e+01 1.500000000e+01 2.136517217e-02 -1.000000000e+00 -1.000000000e+00 -3.992742184e-08 0.000000000e+00 0.000000000e+00 0.000000000e+00 5.410448168e+02 
