v ATLAS
# This file was created by ATLAS version 5.26.1.R on Tue Apr 17 11:58:09 2018.
#SSF 2.0 generic
##############################################################################
#                    Copyright (c) 1984 - 2018                               #
#                    Silvaco Inc. All rights reserved                        #
#                                                                            #
# This file format and the following Key are copyright Silvaco Inc.          #
# You may not use, this format or key without reproducing this message in    #
# full and obtaining express written permission from Silvaco Inc.            #
#                                                                            #
# To obtain such permission please contact: Silvaco Inc.                     #
#                                           support@silvaco.com              #
#                                                                            #
# KEY=SVC86hn7562asdx                       PROD=345                         #
##############################################################################
y 3 700 711 15
z 1 0.00981003 300
f 4 "source" "drain" "gate" "substrate" 
p 13 2 601 20 3 602 21 4 603 22 5 604 23 82 
d 0.000000000e+00 0.000000000e+00 3.868671150e-14 0.000000000e+00 0.000000000e+00 -8.463624610e-15 -1.000000000e+00 -1.000000000e+00 -2.431373820e-17 0.000000000e+00 0.000000000e+00 0.000000000e+00 3.000000000e+02 
d 0.000000000e+00 0.000000000e+00 -8.827409367e-03 2.500000000e-01 2.500000000e-01 8.827409296e-03 -1.000000000e+00 -1.000000000e+00 -2.452942819e-17 0.000000000e+00 0.000000000e+00 0.000000000e+00 3.004137563e+02 
d 0.000000000e+00 0.000000000e+00 -1.671800258e-02 5.000000000e-01 5.000000000e-01 1.671732927e-02 -1.000000000e+00 -1.000000000e+00 -2.777476390e-17 0.000000000e+00 0.000000000e+00 0.000000000e+00 3.014802132e+02 
d 0.000000000e+00 0.000000000e+00 -2.996109263e-02 1.000000000e+00 1.000000000e+00 2.996108981e-02 -1.000000000e+00 -1.000000000e+00 -4.681123432e-17 0.000000000e+00 0.000000000e+00 0.000000000e+00 3.053273682e+02 
d 0.000000000e+00 0.000000000e+00 -3.977520450e-02 1.500000000e+00 1.500000000e+00 3.977517373e-02 -1.000000000e+00 -1.000000000e+00 -9.978280876e-17 0.000000000e+00 0.000000000e+00 0.000000000e+00 3.107044933e+02 
d 0.000000000e+00 0.000000000e+00 -4.651977201e-02 2.000000000e+00 2.000000000e+00 4.651972612e-02 -1.000000000e+00 -1.000000000e+00 -2.354554280e-16 0.000000000e+00 0.000000000e+00 0.000000000e+00 3.168748218e+02 
d 0.000000000e+00 0.000000000e+00 -5.078868801e-02 2.500000000e+00 2.500000000e+00 5.078863075e-02 -1.000000000e+00 -1.000000000e+00 -5.618018972e-16 0.000000000e+00 0.000000000e+00 0.000000000e+00 3.232930903e+02 
d 0.000000000e+00 0.000000000e+00 -5.315090356e-02 3.000000000e+00 3.000000000e+00 5.315084204e-02 -1.000000000e+00 -1.000000000e+00 -1.282352446e-15 0.000000000e+00 0.000000000e+00 0.000000000e+00 3.296107302e+02 
d 0.000000000e+00 0.000000000e+00 -5.413267984e-02 3.500000000e+00 3.500000000e+00 5.413261775e-02 -1.000000000e+00 -1.000000000e+00 -2.726023948e-15 0.000000000e+00 0.000000000e+00 0.000000000e+00 3.356739465e+02 
d 0.000000000e+00 0.000000000e+00 -5.420512484e-02 4.000000000e+00 4.000000000e+00 5.420506857e-02 -1.000000000e+00 -1.000000000e+00 -5.373205959e-15 0.000000000e+00 0.000000000e+00 0.000000000e+00 3.413741175e+02 
d 0.000000000e+00 0.000000000e+00 -5.374059233e-02 4.500000000e+00 4.500000000e+00 5.374056644e-02 -1.000000000e+00 -1.000000000e+00 -9.902731914e-15 0.000000000e+00 0.000000000e+00 0.000000000e+00 3.467162164e+02 
d 0.000000000e+00 0.000000000e+00 -5.298970868e-02 5.000000000e+00 5.000000000e+00 5.298969777e-02 -1.000000000e+00 -1.000000000e+00 -1.726430388e-14 0.000000000e+00 0.000000000e+00 0.000000000e+00 3.517408874e+02 
d 0.000000000e+00 0.000000000e+00 -5.211216181e-02 5.500000000e+00 5.500000000e+00 5.211215316e-02 -1.000000000e+00 -1.000000000e+00 -2.880975077e-14 0.000000000e+00 0.000000000e+00 0.000000000e+00 3.565042726e+02 
d 0.000000000e+00 0.000000000e+00 -5.119408251e-02 6.000000000e+00 6.000000000e+00 5.119407289e-02 -1.000000000e+00 -1.000000000e+00 -4.642292131e-14 0.000000000e+00 0.000000000e+00 0.000000000e+00 3.610513529e+02 
d 0.000000000e+00 0.000000000e+00 -5.027774244e-02 6.500000000e+00 6.500000000e+00 5.027773288e-02 -1.000000000e+00 -1.000000000e+00 -7.265627897e-14 0.000000000e+00 0.000000000e+00 0.000000000e+00 3.654119388e+02 
d 0.000000000e+00 0.000000000e+00 -4.938365960e-02 7.000000000e+00 7.000000000e+00 4.938365022e-02 -1.000000000e+00 -1.000000000e+00 -1.109202576e-13 0.000000000e+00 0.000000000e+00 0.000000000e+00 3.696096146e+02 
d 0.000000000e+00 0.000000000e+00 -4.852090844e-02 7.500000000e+00 7.500000000e+00 4.852089927e-02 -1.000000000e+00 -1.000000000e+00 -1.656705012e-13 0.000000000e+00 0.000000000e+00 0.000000000e+00 3.736594838e+02 
d 0.000000000e+00 0.000000000e+00 -4.769374886e-02 8.000000000e+00 8.000000000e+00 4.769373990e-02 -1.000000000e+00 -1.000000000e+00 -2.426954612e-13 0.000000000e+00 0.000000000e+00 0.000000000e+00 3.775759044e+02 
d 0.000000000e+00 0.000000000e+00 -4.690358637e-02 8.500000000e+00 8.500000000e+00 4.690357757e-02 -1.000000000e+00 -1.000000000e+00 -3.494553431e-13 0.000000000e+00 0.000000000e+00 0.000000000e+00 3.815215391e+02 
d 0.000000000e+00 0.000000000e+00 -4.614946740e-02 9.000000000e+00 9.000000000e+00 4.614945879e-02 -1.000000000e+00 -1.000000000e+00 -4.952779138e-13 0.000000000e+00 0.000000000e+00 0.000000000e+00 3.853638667e+02 
d 0.000000000e+00 0.000000000e+00 -4.543025530e-02 9.500000000e+00 9.500000000e+00 4.543024683e-02 -1.000000000e+00 -1.000000000e+00 -6.919158865e-13 0.000000000e+00 0.000000000e+00 0.000000000e+00 3.891062015e+02 
d 0.000000000e+00 0.000000000e+00 -4.474427845e-02 1.000000000e+01 1.000000000e+01 4.474427009e-02 -1.000000000e+00 -1.000000000e+00 -9.539342708e-13 0.000000000e+00 0.000000000e+00 0.000000000e+00 3.927548454e+02 
d 0.000000000e+00 0.000000000e+00 -4.408982303e-02 1.050000000e+01 1.050000000e+01 4.408981472e-02 -1.000000000e+00 -1.000000000e+00 -1.299296446e-12 0.000000000e+00 0.000000000e+00 0.000000000e+00 3.963158314e+02 
d 0.000000000e+00 0.000000000e+00 -4.346522632e-02 1.100000000e+01 1.100000000e+01 4.346521803e-02 -1.000000000e+00 -1.000000000e+00 -1.750030664e-12 0.000000000e+00 0.000000000e+00 0.000000000e+00 3.997966361e+02 
d 0.000000000e+00 0.000000000e+00 -4.286883003e-02 1.150000000e+01 1.150000000e+01 4.286882171e-02 -1.000000000e+00 -1.000000000e+00 -2.332902472e-12 0.000000000e+00 0.000000000e+00 0.000000000e+00 4.032031421e+02 
d 0.000000000e+00 0.000000000e+00 -4.229969831e-02 1.200000000e+01 1.200000000e+01 4.229968981e-02 -1.000000000e+00 -1.000000000e+00 -3.082322145e-12 0.000000000e+00 0.000000000e+00 0.000000000e+00 4.065433257e+02 
d 0.000000000e+00 0.000000000e+00 -4.175568055e-02 1.250000000e+01 1.250000000e+01 4.175567178e-02 -1.000000000e+00 -1.000000000e+00 -4.037292598e-12 0.000000000e+00 0.000000000e+00 0.000000000e+00 4.098178314e+02 
d 0.000000000e+00 0.000000000e+00 -4.123551457e-02 1.300000000e+01 1.300000000e+01 4.123550429e-02 -1.000000000e+00 -1.000000000e+00 -5.246121978e-12 0.000000000e+00 0.000000000e+00 0.000000000e+00 4.130341938e+02 
d 0.000000000e+00 0.000000000e+00 -4.073758712e-02 1.350000000e+01 1.350000000e+01 4.073757684e-02 -1.000000000e+00 -1.000000000e+00 -6.766487697e-12 0.000000000e+00 0.000000000e+00 0.000000000e+00 4.162011947e+02 
d 0.000000000e+00 0.000000000e+00 -4.026013319e-02 1.400000000e+01 1.400000000e+01 4.026012464e-02 -1.000000000e+00 -1.000000000e+00 -8.668927775e-12 0.000000000e+00 0.000000000e+00 0.000000000e+00 4.193151033e+02 
d 0.000000000e+00 0.000000000e+00 -3.980161623e-02 1.450000000e+01 1.450000000e+01 3.980161046e-02 -1.000000000e+00 -1.000000000e+00 -1.104221565e-11 0.000000000e+00 0.000000000e+00 0.000000000e+00 4.223843260e+02 
d 0.000000000e+00 0.000000000e+00 -3.936061653e-02 1.500000000e+01 1.500000000e+01 3.936061313e-02 -1.000000000e+00 -1.000000000e+00 -1.399217004e-11 0.000000000e+00 0.000000000e+00 0.000000000e+00 4.254189657e+02 
