v ATLAS
# This file was created by ATLAS version 5.26.1.R on Tue Apr 17 11:59:38 2018.
#SSF 2.0 generic
##############################################################################
#                    Copyright (c) 1984 - 2018                               #
#                    Silvaco Inc. All rights reserved                        #
#                                                                            #
# This file format and the following Key are copyright Silvaco Inc.          #
# You may not use, this format or key without reproducing this message in    #
# full and obtaining express written permission from Silvaco Inc.            #
#                                                                            #
# To obtain such permission please contact: Silvaco Inc.                     #
#                                           support@silvaco.com              #
#                                                                            #
# KEY=SVC86hn7562asdx                       PROD=345                         #
##############################################################################
y 3 700 711 15
z 1 0.00981003 300
f 4 "source" "drain" "gate" "substrate" 
p 13 2 601 20 3 602 21 4 603 22 5 604 23 82 
d 0.000000000e+00 0.000000000e+00 2.794248179e-21 0.000000000e+00 0.000000000e+00 -3.452421402e-21 0.000000000e+00 0.000000000e+00 4.014896128e-36 0.000000000e+00 0.000000000e+00 0.000000000e+00 3.000000000e+02 
d 0.000000000e+00 0.000000000e+00 -9.491786362e-03 2.500000000e-01 2.500000000e-01 9.491786290e-03 0.000000000e+00 0.000000000e+00 -3.977999126e-17 0.000000000e+00 0.000000000e+00 0.000000000e+00 3.004472682e+02 
d 0.000000000e+00 0.000000000e+00 -1.803989257e-02 5.000000000e-01 5.000000000e-01 1.803910429e-02 0.000000000e+00 0.000000000e+00 -4.612438300e-17 0.000000000e+00 0.000000000e+00 0.000000000e+00 3.015960509e+02 
d 0.000000000e+00 0.000000000e+00 -3.268552569e-02 1.000000000e+00 1.000000000e+00 3.268552111e-02 0.000000000e+00 0.000000000e+00 -7.594631170e-17 0.000000000e+00 0.000000000e+00 0.000000000e+00 3.057594017e+02 
d 0.000000000e+00 0.000000000e+00 -4.382553535e-02 1.500000000e+00 1.500000000e+00 4.382549804e-02 0.000000000e+00 0.000000000e+00 -1.563771062e-16 0.000000000e+00 0.000000000e+00 0.000000000e+00 3.116469568e+02 
d 0.000000000e+00 0.000000000e+00 -5.184124247e-02 2.000000000e+00 2.000000000e+00 5.184118383e-02 0.000000000e+00 0.000000000e+00 -3.696907650e-16 0.000000000e+00 0.000000000e+00 0.000000000e+00 3.185411346e+02 
d 0.000000000e+00 0.000000000e+00 -5.726854075e-02 2.500000000e+00 2.500000000e+00 5.726845142e-02 0.000000000e+00 0.000000000e+00 -9.234336796e-16 0.000000000e+00 0.000000000e+00 0.000000000e+00 3.258561746e+02 
d 0.000000000e+00 0.000000000e+00 -6.066532600e-02 3.000000000e+00 3.000000000e+00 6.066522288e-02 0.000000000e+00 0.000000000e+00 -2.286921457e-15 0.000000000e+00 0.000000000e+00 0.000000000e+00 3.332076020e+02 
d 0.000000000e+00 0.000000000e+00 -6.257484473e-02 3.500000000e+00 3.500000000e+00 6.257474399e-02 0.000000000e+00 0.000000000e+00 -5.431621945e-15 0.000000000e+00 0.000000000e+00 0.000000000e+00 3.403818675e+02 
d 0.000000000e+00 0.000000000e+00 -6.337108924e-02 4.000000000e+00 4.000000000e+00 6.337099884e-02 0.000000000e+00 0.000000000e+00 -1.211409491e-14 0.000000000e+00 0.000000000e+00 0.000000000e+00 3.472595262e+02 
d 0.000000000e+00 0.000000000e+00 -6.336649384e-02 4.500000000e+00 4.500000000e+00 6.336639640e-02 0.000000000e+00 0.000000000e+00 -2.517728361e-14 0.000000000e+00 0.000000000e+00 0.000000000e+00 3.538310488e+02 
d 0.000000000e+00 0.000000000e+00 -6.281937390e-02 5.000000000e+00 5.000000000e+00 6.281932903e-02 0.000000000e+00 0.000000000e+00 -4.883171389e-14 0.000000000e+00 0.000000000e+00 0.000000000e+00 3.600252395e+02 
d 0.000000000e+00 0.000000000e+00 -6.192917673e-02 5.500000000e+00 5.500000000e+00 6.192915601e-02 0.000000000e+00 0.000000000e+00 -8.892535779e-14 0.000000000e+00 0.000000000e+00 0.000000000e+00 3.658445040e+02 
d 0.000000000e+00 0.000000000e+00 -6.085959245e-02 6.000000000e+00 6.000000000e+00 6.085957559e-02 0.000000000e+00 0.000000000e+00 -1.537090075e-13 0.000000000e+00 0.000000000e+00 0.000000000e+00 3.713399164e+02 
d 0.000000000e+00 0.000000000e+00 -5.971789431e-02 6.500000000e+00 6.500000000e+00 5.971787706e-02 0.000000000e+00 0.000000000e+00 -2.547447311e-13 0.000000000e+00 0.000000000e+00 0.000000000e+00 3.765648264e+02 
d 0.000000000e+00 0.000000000e+00 -5.856377986e-02 7.000000000e+00 7.000000000e+00 5.856376338e-02 0.000000000e+00 0.000000000e+00 -4.078338041e-13 0.000000000e+00 0.000000000e+00 0.000000000e+00 3.815587928e+02 
d 0.000000000e+00 0.000000000e+00 -5.742927864e-02 7.500000000e+00 7.500000000e+00 5.742926268e-02 0.000000000e+00 0.000000000e+00 -6.342036676e-13 0.000000000e+00 0.000000000e+00 0.000000000e+00 3.863517998e+02 
d 0.000000000e+00 0.000000000e+00 -5.633105450e-02 8.000000000e+00 8.000000000e+00 5.633103889e-02 0.000000000e+00 0.000000000e+00 -9.619260921e-13 0.000000000e+00 0.000000000e+00 0.000000000e+00 3.909669021e+02 
d 0.000000000e+00 0.000000000e+00 -5.527728640e-02 8.500000000e+00 8.500000000e+00 5.527727100e-02 0.000000000e+00 0.000000000e+00 -1.427816619e-12 0.000000000e+00 0.000000000e+00 0.000000000e+00 3.954252248e+02 
d 0.000000000e+00 0.000000000e+00 -5.427053998e-02 9.000000000e+00 9.000000000e+00 5.427052471e-02 0.000000000e+00 0.000000000e+00 -2.079136964e-12 0.000000000e+00 0.000000000e+00 0.000000000e+00 3.997408388e+02 
d 0.000000000e+00 0.000000000e+00 -5.331108335e-02 9.500000000e+00 9.500000000e+00 5.331106809e-02 0.000000000e+00 0.000000000e+00 -2.976127441e-12 0.000000000e+00 0.000000000e+00 0.000000000e+00 4.039259980e+02 
d 0.000000000e+00 0.000000000e+00 -5.239823829e-02 1.000000000e+01 1.000000000e+01 5.239822290e-02 0.000000000e+00 0.000000000e+00 -4.195800268e-12 0.000000000e+00 0.000000000e+00 0.000000000e+00 4.080337728e+02 
d 0.000000000e+00 0.000000000e+00 -5.152992150e-02 1.050000000e+01 1.050000000e+01 5.152990592e-02 0.000000000e+00 0.000000000e+00 -5.833832643e-12 0.000000000e+00 0.000000000e+00 0.000000000e+00 4.121612312e+02 
d 0.000000000e+00 0.000000000e+00 -5.070385376e-02 1.100000000e+01 1.100000000e+01 5.070383783e-02 0.000000000e+00 0.000000000e+00 -8.009280308e-12 0.000000000e+00 0.000000000e+00 0.000000000e+00 4.161915828e+02 
d 0.000000000e+00 0.000000000e+00 -4.991761113e-02 1.150000000e+01 1.150000000e+01 4.991759468e-02 0.000000000e+00 0.000000000e+00 -1.086924475e-11 0.000000000e+00 0.000000000e+00 0.000000000e+00 4.201319369e+02 
d 0.000000000e+00 0.000000000e+00 -4.916846730e-02 1.200000000e+01 1.200000000e+01 4.916845012e-02 0.000000000e+00 0.000000000e+00 -1.459283053e-11 0.000000000e+00 0.000000000e+00 0.000000000e+00 4.239876225e+02 
d 0.000000000e+00 0.000000000e+00 -4.845395366e-02 1.250000000e+01 1.250000000e+01 4.845393316e-02 0.000000000e+00 0.000000000e+00 -1.939764658e-11 0.000000000e+00 0.000000000e+00 0.000000000e+00 4.277640771e+02 
d 0.000000000e+00 0.000000000e+00 -4.777146031e-02 1.300000000e+01 1.300000000e+01 4.777143979e-02 0.000000000e+00 0.000000000e+00 -2.554405987e-11 0.000000000e+00 0.000000000e+00 0.000000000e+00 4.314655004e+02 
d 0.000000000e+00 0.000000000e+00 -4.711732664e-02 1.350000000e+01 1.350000000e+01 4.711731081e-02 0.000000000e+00 0.000000000e+00 -3.333076233e-11 0.000000000e+00 0.000000000e+00 0.000000000e+00 4.350911234e+02 
d 0.000000000e+00 0.000000000e+00 -4.648811411e-02 1.400000000e+01 1.400000000e+01 4.648810479e-02 0.000000000e+00 0.000000000e+00 -4.309768284e-11 0.000000000e+00 0.000000000e+00 0.000000000e+00 4.386393747e+02 
d 0.000000000e+00 0.000000000e+00 -4.588307556e-02 1.450000000e+01 1.450000000e+01 4.588306795e-02 0.000000000e+00 0.000000000e+00 -5.528412524e-11 0.000000000e+00 0.000000000e+00 0.000000000e+00 4.421237081e+02 
d 0.000000000e+00 0.000000000e+00 -4.530157075e-02 1.500000000e+01 1.500000000e+01 4.530156311e-02 0.000000000e+00 0.000000000e+00 -7.038820419e-11 0.000000000e+00 0.000000000e+00 0.000000000e+00 4.455439875e+02 
