v ATLAS
# This file was created by ATLAS version 5.26.1.R on Tue Apr 17 12:10:03 2018.
#SSF 2.0 generic
##############################################################################
#                    Copyright (c) 1984 - 2018                               #
#                    Silvaco Inc. All rights reserved                        #
#                                                                            #
# This file format and the following Key are copyright Silvaco Inc.          #
# You may not use, this format or key without reproducing this message in    #
# full and obtaining express written permission from Silvaco Inc.            #
#                                                                            #
# To obtain such permission please contact: Silvaco Inc.                     #
#                                           support@silvaco.com              #
#                                                                            #
# KEY=SVC86hn7562asdx                       PROD=345                         #
##############################################################################
y 3 700 711 15
z 1 0.00981003 300
f 4 "source" "drain" "gate" "substrate" 
p 13 2 601 20 3 602 21 4 603 22 5 604 23 82 
d 0.000000000e+00 0.000000000e+00 1.230698156e-13 0.000000000e+00 0.000000000e+00 -3.098393201e-14 -3.000000000e+00 -3.000000000e+00 -1.836237404e-17 0.000000000e+00 0.000000000e+00 0.000000000e+00 3.000000000e+02 
d 0.000000000e+00 0.000000000e+00 -6.294415250e-03 2.500000000e-01 2.500000000e-01 6.294415150e-03 -3.000000000e+00 -3.000000000e+00 -2.088579597e-17 0.000000000e+00 0.000000000e+00 0.000000000e+00 3.008571081e+02 
d 0.000000000e+00 0.000000000e+00 -1.139467198e-02 5.000000000e-01 5.000000000e-01 1.139467179e-02 -3.000000000e+00 -3.000000000e+00 -2.934248470e-17 0.000000000e+00 0.000000000e+00 0.000000000e+00 3.030563700e+02 
d 0.000000000e+00 0.000000000e+00 -1.803639366e-02 1.000000000e+00 1.000000000e+00 1.803638612e-02 -3.000000000e+00 -3.000000000e+00 -8.067294789e-17 0.000000000e+00 0.000000000e+00 0.000000000e+00 3.098129982e+02 
d 0.000000000e+00 0.000000000e+00 -2.099897971e-02 1.500000000e+00 1.500000000e+00 2.099897062e-02 -3.000000000e+00 -3.000000000e+00 -2.395948773e-16 0.000000000e+00 0.000000000e+00 0.000000000e+00 3.174376240e+02 
d 0.000000000e+00 0.000000000e+00 -2.187558768e-02 2.000000000e+00 2.000000000e+00 2.187557930e-02 -3.000000000e+00 -3.000000000e+00 -6.349610529e-16 0.000000000e+00 0.000000000e+00 0.000000000e+00 3.246144755e+02 
d 0.000000000e+00 0.000000000e+00 -2.185242727e-02 2.500000000e+00 2.500000000e+00 2.185242087e-02 -3.000000000e+00 -3.000000000e+00 -1.486728352e-15 0.000000000e+00 0.000000000e+00 0.000000000e+00 3.311617450e+02 
d 0.000000000e+00 0.000000000e+00 -2.151678898e-02 3.000000000e+00 3.000000000e+00 2.151678404e-02 -3.000000000e+00 -3.000000000e+00 -3.188276502e-15 0.000000000e+00 0.000000000e+00 0.000000000e+00 3.372529201e+02 
d 0.000000000e+00 0.000000000e+00 -2.108381963e-02 3.500000000e+00 3.500000000e+00 2.108381482e-02 -3.000000000e+00 -3.000000000e+00 -6.418506656e-15 0.000000000e+00 0.000000000e+00 0.000000000e+00 3.430284764e+02 
d 0.000000000e+00 0.000000000e+00 -2.063076576e-02 4.000000000e+00 4.000000000e+00 2.063076070e-02 -3.000000000e+00 -3.000000000e+00 -1.230648072e-14 0.000000000e+00 0.000000000e+00 0.000000000e+00 3.486218376e+02 
d 0.000000000e+00 0.000000000e+00 -2.018365452e-02 4.500000000e+00 4.500000000e+00 2.018365057e-02 -3.000000000e+00 -3.000000000e+00 -2.265366282e-14 0.000000000e+00 0.000000000e+00 0.000000000e+00 3.540144319e+02 
d 0.000000000e+00 0.000000000e+00 -1.975208073e-02 5.000000000e+00 5.000000000e+00 1.975207817e-02 -3.000000000e+00 -3.000000000e+00 -4.026218689e-14 0.000000000e+00 0.000000000e+00 0.000000000e+00 3.592323504e+02 
d 0.000000000e+00 0.000000000e+00 -1.934097050e-02 5.500000000e+00 5.500000000e+00 1.934096781e-02 -3.000000000e+00 -3.000000000e+00 -6.941570165e-14 0.000000000e+00 0.000000000e+00 0.000000000e+00 3.642975870e+02 
d 0.000000000e+00 0.000000000e+00 -1.895315971e-02 6.000000000e+00 6.000000000e+00 1.895315624e-02 -3.000000000e+00 -3.000000000e+00 -1.166138341e-13 0.000000000e+00 0.000000000e+00 0.000000000e+00 3.692364424e+02 
d 0.000000000e+00 0.000000000e+00 -1.858975458e-02 6.500000000e+00 6.500000000e+00 1.858974996e-02 -3.000000000e+00 -3.000000000e+00 -1.916702388e-13 0.000000000e+00 0.000000000e+00 0.000000000e+00 3.740747788e+02 
d 0.000000000e+00 0.000000000e+00 -1.825028245e-02 7.000000000e+00 7.000000000e+00 1.825027663e-02 -3.000000000e+00 -3.000000000e+00 -3.092491209e-13 0.000000000e+00 0.000000000e+00 0.000000000e+00 3.788320842e+02 
d 0.000000000e+00 0.000000000e+00 -1.793187948e-02 7.500000000e+00 7.500000000e+00 1.793187222e-02 -3.000000000e+00 -3.000000000e+00 -4.904734531e-13 0.000000000e+00 0.000000000e+00 0.000000000e+00 3.835179827e+02 
d 0.000000000e+00 0.000000000e+00 -1.763264409e-02 8.000000000e+00 8.000000000e+00 1.763263492e-02 -3.000000000e+00 -3.000000000e+00 -7.658955927e-13 0.000000000e+00 0.000000000e+00 0.000000000e+00 3.881386667e+02 
d 0.000000000e+00 0.000000000e+00 -1.735073377e-02 8.500000000e+00 8.500000000e+00 1.735072213e-02 -3.000000000e+00 -3.000000000e+00 -1.179022754e-12 0.000000000e+00 0.000000000e+00 0.000000000e+00 3.927017417e+02 
d 0.000000000e+00 0.000000000e+00 -1.708449647e-02 9.000000000e+00 9.000000000e+00 1.708448163e-02 -3.000000000e+00 -3.000000000e+00 -1.791131636e-12 0.000000000e+00 0.000000000e+00 0.000000000e+00 3.972131322e+02 
d 0.000000000e+00 0.000000000e+00 -1.683247198e-02 9.500000000e+00 9.500000000e+00 1.683245298e-02 -3.000000000e+00 -3.000000000e+00 -2.687672111e-12 0.000000000e+00 0.000000000e+00 0.000000000e+00 4.016775887e+02 
d 0.000000000e+00 0.000000000e+00 -1.659325338e-02 1.000000000e+01 1.000000000e+01 1.659322891e-02 -3.000000000e+00 -3.000000000e+00 -3.986619292e-12 0.000000000e+00 0.000000000e+00 0.000000000e+00 4.061015288e+02 
d 0.000000000e+00 0.000000000e+00 -1.636569414e-02 1.050000000e+01 1.050000000e+01 1.636566252e-02 -3.000000000e+00 -3.000000000e+00 -5.849608858e-12 0.000000000e+00 0.000000000e+00 0.000000000e+00 4.104857759e+02 
d 0.000000000e+00 0.000000000e+00 -1.614888721e-02 1.100000000e+01 1.100000000e+01 1.614884627e-02 -3.000000000e+00 -3.000000000e+00 -8.496125114e-12 0.000000000e+00 0.000000000e+00 0.000000000e+00 4.148332149e+02 
d 0.000000000e+00 0.000000000e+00 -1.594191436e-02 1.150000000e+01 1.150000000e+01 1.594186111e-02 -3.000000000e+00 -3.000000000e+00 -1.222172134e-11 0.000000000e+00 0.000000000e+00 0.000000000e+00 4.191463912e+02 
d 0.000000000e+00 0.000000000e+00 -1.574397460e-02 1.200000000e+01 1.200000000e+01 1.574390512e-02 -3.000000000e+00 -3.000000000e+00 -1.742141363e-11 0.000000000e+00 0.000000000e+00 0.000000000e+00 4.234275391e+02 
d 0.000000000e+00 0.000000000e+00 -1.555435102e-02 1.250000000e+01 1.250000000e+01 1.555426012e-02 -3.000000000e+00 -3.000000000e+00 -2.461920826e-11 0.000000000e+00 0.000000000e+00 0.000000000e+00 4.276785708e+02 
d 0.000000000e+00 0.000000000e+00 -1.537239545e-02 1.300000000e+01 1.300000000e+01 1.537227614e-02 -3.000000000e+00 -3.000000000e+00 -3.450515300e-11 0.000000000e+00 0.000000000e+00 0.000000000e+00 4.319010747e+02 
d 0.000000000e+00 0.000000000e+00 -1.519754521e-02 1.350000000e+01 1.350000000e+01 1.519738785e-02 -3.000000000e+00 -3.000000000e+00 -4.798244931e-11 0.000000000e+00 0.000000000e+00 0.000000000e+00 4.360965976e+02 
d 0.000000000e+00 0.000000000e+00 -1.502930980e-02 1.400000000e+01 1.400000000e+01 1.502910181e-02 -3.000000000e+00 -3.000000000e+00 -6.622617956e-11 0.000000000e+00 0.000000000e+00 0.000000000e+00 4.402666595e+02 
d 0.000000000e+00 0.000000000e+00 -1.486725669e-02 1.450000000e+01 1.450000000e+01 1.486698409e-02 -3.000000000e+00 -3.000000000e+00 -9.075694528e-11 0.000000000e+00 0.000000000e+00 0.000000000e+00 4.444128331e+02 
d 0.000000000e+00 0.000000000e+00 -1.471101321e-02 1.500000000e+01 1.500000000e+01 1.471065903e-02 -3.000000000e+00 -3.000000000e+00 -1.235336470e-10 0.000000000e+00 0.000000000e+00 0.000000000e+00 4.485368778e+02 
