v ATLAS
# This file was created by ATLAS version 5.26.1.R on Tue Apr 17 12:04:07 2018.
#SSF 2.0 generic
##############################################################################
#                    Copyright (c) 1984 - 2018                               #
#                    Silvaco Inc. All rights reserved                        #
#                                                                            #
# This file format and the following Key are copyright Silvaco Inc.          #
# You may not use, this format or key without reproducing this message in    #
# full and obtaining express written permission from Silvaco Inc.            #
#                                                                            #
# To obtain such permission please contact: Silvaco Inc.                     #
#                                           support@silvaco.com              #
#                                                                            #
# KEY=SVC86hn7562asdx                       PROD=345                         #
##############################################################################
y 3 700 711 15
z 1 0.00981003 300
f 4 "source" "drain" "gate" "substrate" 
p 28 61 2 601 20 3 602 21 4 603 22 5 604 23 82 811 911 812 912 821 921 822 922 66 67 68 203 2215 2216 
d 5.00000000000000e-10 0.000000000e+00 0.000000000e+00 -7.683284013e-05 5.000000000e+00 5.000000000e+00 3.573445858e-05 -9.500000000e+00 -9.500000000e+00 4.140646902e-05 0.000000000e+00 0.000000000e+00 -3.078618450e-07 3.000357379e+02 
d 1.50000000000000e-09 0.000000000e+00 0.000000000e+00 -1.220771573e-04 5.000000000e+00 5.000000000e+00 8.088713836e-05 -8.500000000e+00 -8.500000000e+00 4.148645297e-05 0.000000000e+00 0.000000000e+00 -2.959158605e-07 3.000361016e+02 
d 3.50000000000000e-09 0.000000000e+00 0.000000000e+00 -3.310383784e-04 5.000000000e+00 5.000000000e+00 2.887841089e-04 -6.500000000e+00 -6.500000000e+00 4.241212365e-05 0.000000000e+00 0.000000000e+00 -1.546158099e-07 3.000380775e+02 
d 7.50000000000000e-09 0.000000000e+00 0.000000000e+00 -4.399098081e-02 5.000000000e+00 5.000000000e+00 4.370969614e-02 -2.500000000e+00 -2.500000000e+00 2.828824213e-04 0.000000000e+00 0.000000000e+00 -5.600136212e-07 3.025116087e+02 
d 1.00000000000000e-08 0.000000000e+00 0.000000000e+00 -1.015840054e-01 5.000000000e+00 5.000000000e+00 1.013109973e-01 0.000000000e+00 0.000000000e+00 2.788923290e-04 0.000000000e+00 0.000000000e+00 -2.482069948e-07 3.046413463e+02 
d 1.10000000000000e-08 0.000000000e+00 0.000000000e+00 -1.009666948e-01 5.000000000e+00 5.000000000e+00 1.009750357e-01 0.000000000e+00 0.000000000e+00 -3.167409468e-06 0.000000000e+00 0.000000000e+00 -1.050992608e-08 3.049938231e+02 
d 1.30000000000000e-08 0.000000000e+00 0.000000000e+00 -1.002039591e-01 5.000000000e+00 5.000000000e+00 1.002078695e-01 0.000000000e+00 0.000000000e+00 5.461285380e-07 0.000000000e+00 0.000000000e+00 2.624724330e-09 3.059661623e+02 
d 1.70000000000000e-08 0.000000000e+00 0.000000000e+00 -9.909807515e-02 5.000000000e+00 5.000000000e+00 9.910161215e-02 0.000000000e+00 0.000000000e+00 3.605993834e-07 0.000000000e+00 0.000000000e+00 1.954086266e-09 3.074458055e+02 
d 2.50000000000000e-08 0.000000000e+00 0.000000000e+00 -9.759262999e-02 5.000000000e+00 5.000000000e+00 9.759606456e-02 0.000000000e+00 0.000000000e+00 2.010847880e-07 0.000000000e+00 0.000000000e+00 1.334159522e-09 3.094541814e+02 
d 4.10000000000000e-08 0.000000000e+00 0.000000000e+00 -9.564442713e-02 5.000000000e+00 5.000000000e+00 9.564796593e-02 0.000000000e+00 0.000000000e+00 9.026301163e-08 0.000000000e+00 0.000000000e+00 7.895269410e-10 3.119807802e+02 
d 7.30000000000000e-08 0.000000000e+00 0.000000000e+00 -9.323869908e-02 5.000000000e+00 5.000000000e+00 9.324210498e-02 0.000000000e+00 0.000000000e+00 2.652345296e-08 0.000000000e+00 0.000000000e+00 3.905963884e-10 3.149825442e+02 
d 1.00000000000000e-07 0.000000000e+00 0.000000000e+00 -9.189353346e-02 5.000000000e+00 5.000000000e+00 9.189670677e-02 0.000000000e+00 0.000000000e+00 9.716635856e-09 0.000000000e+00 0.000000000e+00 2.608815773e-10 3.166044601e+02 
d 1.10000000000000e-07 0.000000000e+00 0.000000000e+00 -9.148283488e-02 5.000000000e+00 5.000000000e+00 9.148593576e-02 0.000000000e+00 0.000000000e+00 6.282574523e-09 0.000000000e+00 0.000000000e+00 2.312807785e-10 3.170932225e+02 
d 1.30000000000000e-07 0.000000000e+00 0.000000000e+00 -9.075639973e-02 5.000000000e+00 5.000000000e+00 9.075932028e-02 0.000000000e+00 0.000000000e+00 1.815815576e-09 0.000000000e+00 0.000000000e+00 1.886628897e-10 3.179526400e+02 
d 1.70000000000000e-07 0.000000000e+00 0.000000000e+00 -8.956655375e-02 5.000000000e+00 5.000000000e+00 8.956916760e-02 0.000000000e+00 0.000000000e+00 -1.859949905e-09 0.000000000e+00 0.000000000e+00 1.418940846e-10 3.193517047e+02 
d 2.50000000000000e-07 0.000000000e+00 0.000000000e+00 -8.777537799e-02 5.000000000e+00 5.000000000e+00 8.777754228e-02 0.000000000e+00 0.000000000e+00 -2.282947655e-09 0.000000000e+00 0.000000000e+00 1.072078639e-10 3.214646507e+02 
d 4.10000000000000e-07 0.000000000e+00 0.000000000e+00 -8.528068127e-02 5.000000000e+00 5.000000000e+00 8.528226922e-02 0.000000000e+00 0.000000000e+00 5.419257515e-10 0.000000000e+00 0.000000000e+00 8.888475305e-11 3.244986669e+02 
d 7.30000000000000e-07 0.000000000e+00 0.000000000e+00 -8.209731541e-02 5.000000000e+00 5.000000000e+00 8.209834492e-02 0.000000000e+00 0.000000000e+00 7.925132688e-10 0.000000000e+00 0.000000000e+00 6.057095787e-11 3.285953634e+02 
d 1.00000000000000e-06 0.000000000e+00 0.000000000e+00 -8.028833901e-02 5.000000000e+00 5.000000000e+00 8.028933919e-02 0.000000000e+00 0.000000000e+00 1.115594655e-09 0.000000000e+00 0.000000000e+00 5.010173722e-11 3.310274940e+02 
d 1.10000000000000e-06 0.000000000e+00 0.000000000e+00 -7.973281343e-02 5.000000000e+00 5.000000000e+00 7.973383436e-02 0.000000000e+00 0.000000000e+00 1.173761774e-09 0.000000000e+00 0.000000000e+00 4.725912336e-11 3.317931210e+02 
d 1.30000000000000e-06 0.000000000e+00 0.000000000e+00 -7.874764036e-02 5.000000000e+00 5.000000000e+00 7.874853864e-02 0.000000000e+00 0.000000000e+00 1.200882747e-09 0.000000000e+00 0.000000000e+00 4.234249047e-11 3.331736502e+02 
d 1.70000000000000e-06 0.000000000e+00 0.000000000e+00 -7.714192502e-02 5.000000000e+00 5.000000000e+00 7.714260329e-02 0.000000000e+00 0.000000000e+00 1.122109856e-09 0.000000000e+00 0.000000000e+00 3.483089640e-11 3.354876171e+02 
d 2.50000000000000e-06 0.000000000e+00 0.000000000e+00 -7.482303642e-02 5.000000000e+00 5.000000000e+00 7.482336179e-02 0.000000000e+00 0.000000000e+00 8.299411946e-10 0.000000000e+00 0.000000000e+00 2.480141448e-11 3.389674659e+02 
d 3.73994459003194e-06 0.000000000e+00 0.000000000e+00 -7.251671981e-02 5.000000000e+00 5.000000000e+00 7.251681754e-02 0.000000000e+00 0.000000000e+00 5.248530503e-10 0.000000000e+00 0.000000000e+00 1.611681942e-11 3.425966611e+02 
d 5.23175697279850e-06 0.000000000e+00 0.000000000e+00 -7.080463248e-02 5.000000000e+00 5.000000000e+00 7.080470871e-02 0.000000000e+00 0.000000000e+00 3.324179636e-10 0.000000000e+00 0.000000000e+00 1.069289532e-11 3.454059789e+02 
d 6.96198822162192e-06 0.000000000e+00 0.000000000e+00 -6.953060008e-02 5.000000000e+00 5.000000000e+00 6.953066373e-02 0.000000000e+00 0.000000000e+00 2.220897970e-10 0.000000000e+00 0.000000000e+00 7.483399988e-12 3.475643653e+02 
d 9.14957857720871e-06 0.000000000e+00 0.000000000e+00 -6.844300294e-02 5.000000000e+00 5.000000000e+00 6.844303395e-02 0.000000000e+00 0.000000000e+00 1.549567809e-10 0.000000000e+00 0.000000000e+00 5.441013941e-12 3.494552141e+02 
d 1.00000000000000e-05 0.000000000e+00 0.000000000e+00 -6.811118624e-02 5.000000000e+00 5.000000000e+00 6.811129466e-02 0.000000000e+00 0.000000000e+00 1.395905339e-10 0.000000000e+00 0.000000000e+00 4.953388873e-12 3.500411895e+02 
d 1.10000000000000e-05 0.000000000e+00 0.000000000e+00 -6.776175474e-02 5.000000000e+00 5.000000000e+00 6.776185071e-02 0.000000000e+00 0.000000000e+00 1.254420282e-10 0.000000000e+00 0.000000000e+00 4.490707240e-12 3.506630915e+02 
d 1.30000000000000e-05 0.000000000e+00 0.000000000e+00 -6.716112326e-02 5.000000000e+00 5.000000000e+00 6.716117814e-02 0.000000000e+00 0.000000000e+00 1.046970804e-10 0.000000000e+00 0.000000000e+00 3.790627012e-12 3.517436197e+02 
d 1.70000000000000e-05 0.000000000e+00 0.000000000e+00 -6.622465523e-02 5.000000000e+00 5.000000000e+00 6.622462325e-02 0.000000000e+00 0.000000000e+00 7.838795621e-11 0.000000000e+00 0.000000000e+00 2.860250617e-12 3.534581540e+02 
d 2.22876071263505e-05 0.000000000e+00 0.000000000e+00 -6.533223858e-02 5.000000000e+00 5.000000000e+00 6.533218084e-02 0.000000000e+00 0.000000000e+00 5.734707340e-11 0.000000000e+00 0.000000000e+00 2.074112637e-12 3.551271020e+02 
d 2.78221577523260e-05 0.000000000e+00 0.000000000e+00 -6.466902919e-02 5.000000000e+00 5.000000000e+00 6.466900202e-02 0.000000000e+00 0.000000000e+00 4.433425557e-11 0.000000000e+00 0.000000000e+00 1.523672484e-12 3.563921430e+02 
d 3.37584132447576e-05 0.000000000e+00 0.000000000e+00 -6.416198405e-02 5.000000000e+00 5.000000000e+00 6.416197150e-02 0.000000000e+00 0.000000000e+00 3.197621019e-11 0.000000000e+00 0.000000000e+00 1.097410147e-12 3.573737081e+02 
d 4.10853165817455e-05 0.000000000e+00 0.000000000e+00 -6.373000690e-02 5.000000000e+00 5.000000000e+00 6.372999531e-02 0.000000000e+00 0.000000000e+00 2.098490435e-11 0.000000000e+00 0.000000000e+00 7.362302838e-13 3.582191319e+02 
d 5.11641898106261e-05 0.000000000e+00 0.000000000e+00 -6.335657178e-02 5.000000000e+00 5.000000000e+00 6.335655925e-02 0.000000000e+00 0.000000000e+00 1.168365200e-11 0.000000000e+00 0.000000000e+00 4.284432584e-13 3.589561808e+02 
d 6.48260429652018e-05 0.000000000e+00 0.000000000e+00 -6.308272552e-02 5.000000000e+00 5.000000000e+00 6.308271669e-02 0.000000000e+00 0.000000000e+00 5.358479192e-12 0.000000000e+00 0.000000000e+00 2.074261032e-13 3.594999522e+02 
d 8.34251448364219e-05 0.000000000e+00 0.000000000e+00 -6.291807640e-02 5.000000000e+00 5.000000000e+00 6.291807173e-02 0.000000000e+00 0.000000000e+00 1.887956595e-12 0.000000000e+00 0.000000000e+00 7.710015155e-14 3.598281048e+02 
d 1.00000000000000e-04 0.000000000e+00 0.000000000e+00 -6.286102412e-02 5.000000000e+00 5.000000000e+00 6.286102329e-02 0.000000000e+00 0.000000000e+00 7.616707594e-13 0.000000000e+00 0.000000000e+00 3.248760880e-14 3.599420101e+02 
