v ATLAS
# This file was created by ATLAS version 5.26.1.R on Tue Apr 17 22:15:48 2018.
#SSF 2.0 generic
##############################################################################
#                    Copyright (c) 1984 - 2018                               #
#                    Silvaco Inc. All rights reserved                        #
#                                                                            #
# This file format and the following Key are copyright Silvaco Inc.          #
# You may not use, this format or key without reproducing this message in    #
# full and obtaining express written permission from Silvaco Inc.            #
#                                                                            #
# To obtain such permission please contact: Silvaco Inc.                     #
#                                           support@silvaco.com              #
#                                                                            #
# KEY=SVC86hn7562asdx                       PROD=345                         #
##############################################################################
y 1 15
z 300
f 2 "cathode" "anode" 
o 1 Alq3 exciton ETL
o 2 Alq3 exciton EML
o 3 DCJTB exciton EML
o 4 rad Alq3 EML
o 5 rad DCJTB EML
o 6 Forster EML
o 7 langevin ETL
o 8 langevin EML
o 9 langevin HTL
p 17 2 601 20 3 602 21 3000 3001 3002 3003 3004 3005 3006 3007 3008 83 84 
d 0.000000000e+00 0.000000000e+00 2.107726387e-46 1.000000000e-01 1.000000000e-01 1.432431234e-43 1.442511912e-25 8.511791409e-26 0.000000000e+00 1.795482693e-18 0.000000000e+00 1.197438869e-17 2.043144890e-17 8.605236032e-17 2.097685398e-20 1.440903712e-41 5.400000000e-01 
d 0.000000000e+00 0.000000000e+00 -7.385559213e-47 2.000000000e-01 2.000000000e-01 6.506443226e-42 5.753348388e-24 3.648046414e-24 0.000000000e+00 7.711252502e-17 0.000000000e+00 5.129288282e-16 8.127301288e-16 3.731831419e-15 9.768074431e-19 6.167469968e-40 5.400000000e-01 
d 0.000000000e+00 0.000000000e+00 -1.504566836e-43 4.000000000e-01 4.000000000e-01 1.272983405e-38 8.778625838e-21 6.629715110e-21 0.000000000e+00 1.407744103e-13 0.000000000e+00 9.310182027e-13 1.235258098e-12 6.957971992e-12 2.115071656e-15 1.113754677e-36 5.400000000e-01 
d 0.000000000e+00 0.000000000e+00 -5.785633076e-41 6.000000000e-01 6.000000000e-01 2.440493592e-35 1.224862022e-17 1.183465080e-17 0.000000000e+00 2.526041196e-10 0.000000000e+00 1.659641677e-09 1.719527673e-09 1.279936365e-08 4.560006343e-12 1.983102750e-33 5.400000000e-01 
d 0.000000000e+00 0.000000000e+00 -1.369348023e-38 8.000000000e-01 8.000000000e-01 4.556322005e-32 1.508325924e-14 2.065417275e-14 0.000000000e+00 4.435265479e-07 0.000000000e+00 2.891642848e-06 2.109475863e-06 2.311705333e-05 9.772121814e-09 3.466078819e-30 5.400000000e-01 
d 0.000000000e+00 0.000000000e+00 -1.656046960e-36 1.000000000e+00 1.000000000e+00 8.193972086e-29 1.583467311e-11 3.503642706e-11 0.000000000e+00 7.576637466e-04 0.000000000e+00 4.895852860e-03 2.173151139e-03 4.073577392e-02 2.075210791e-05 5.948903219e-27 5.400000000e-01 
d 0.000000000e+00 0.000000000e+00 -7.910046199e-35 1.200000000e+00 1.200000000e+00 1.391053700e-25 1.369694524e-08 5.710661974e-08 0.000000000e+00 1.245193033e+00 0.000000000e+00 7.961370304e+00 1.740388090e+00 6.909763296e+01 4.338633143e-02 9.980098361e-24 5.400000000e-01 
d 0.000000000e+00 0.000000000e+00 -9.002222066e-34 1.400000000e+00 1.400000000e+00 2.130981643e-22 8.075667148e-06 8.545617413e-05 0.000000000e+00 1.887909854e+03 0.000000000e+00 1.187000918e+04 7.922879465e+02 1.090321577e+05 8.774810083e+01 1.597602756e-20 5.400000000e-01 
d 0.000000000e+00 0.000000000e+00 -3.115652042e-34 1.600000000e+00 1.600000000e+00 2.561569471e-19 6.968559857e-04 9.870098210e-02 1.358285710e-01 2.261190279e+06 9.193599587e+05 1.356583221e+07 2.534152282e+04 1.422167919e+08 1.605828830e+05 2.350283578e-17 5.400000000e-01 
d 0.000000000e+00 0.000000000e+00 -1.052243257e-37 1.800000000e+00 1.800000000e+00 8.861016588e-14 6.604076823e-02 1.076412914e+02 1.296346506e+02 2.525029496e+09 2.468225503e+09 1.468938917e+10 4.866320066e+02 1.647091114e+11 1.809107928e+08 3.017709570e-14 5.400000000e-01 
d 0.000000000e+00 0.000000000e+00 -2.566064689e-41 2.000000000e+00 2.000000000e+00 5.364585624e-10 4.383003073e+02 7.301211208e+05 8.595095703e+05 1.716541340e+13 1.634924562e+13 9.956892817e+13 7.896592305e-01 1.115945853e+15 7.747454324e+10 2.060969861e-10 5.400000000e-01 
d 0.000000000e+00 0.000000000e+00 -4.829446046e-06 2.200000000e+00 2.200000000e+00 4.829462753e-06 3.946818685e+06 6.578231700e+09 7.709980075e+09 1.546967498e+17 1.466534291e+17 8.970185835e+17 3.003210610e-06 1.004754340e+19 4.415453098e+13 1.858348865e-06 5.400000000e-01 
d 0.000000000e+00 0.000000000e+00 -1.092647203e-04 2.400000000e+00 2.400000000e+00 1.092649829e-04 8.929512822e+07 1.488360477e+11 1.743910129e+11 3.500164467e+18 3.317210846e+18 2.029561177e+19 1.998429274e-05 2.278289953e+20 6.881179624e+14 4.204726206e-05 5.400000000e-01 
d 0.000000000e+00 0.000000000e+00 -4.437708356e-04 2.600000000e+00 2.600000000e+00 4.437710208e-04 3.626712782e+08 6.044891822e+11 7.080418328e+11 1.421561787e+19 1.346768764e+19 8.242842551e+19 1.744529230e-04 9.211979770e+20 2.515803732e+15 1.707691743e-04 5.400000000e-01 
d 0.000000000e+00 0.000000000e+00 -9.927122983e-04 2.800000000e+00 2.800000000e+00 9.927122000e-04 8.112978999e+08 1.352250290e+12 1.583068258e+12 3.180080732e+19 3.011270698e+19 1.843955320e+20 4.946968340e-04 2.060804961e+21 5.392271228e+15 3.819990678e-04 5.400000000e-01 
d 0.000000000e+00 0.000000000e+00 -1.707281328e-03 3.000000000e+00 3.000000000e+00 1.707281355e-03 1.395278520e+09 2.325613202e+12 2.720837957e+12 5.469110410e+19 5.175364987e+19 3.171229669e+20 6.238888837e-04 3.544856053e+21 9.086013096e+15 6.569338765e-04 5.400000000e-01 
d 0.000000000e+00 0.000000000e+00 -2.501039268e-03 3.200000000e+00 3.200000000e+00 2.501039205e-03 2.043988976e+09 3.406864986e+12 3.982954862e+12 8.011899500e+19 7.576192243e+19 4.645651320e+20 9.117976122e-04 5.188821799e+21 1.316707594e+16 9.623096852e-04 5.400000000e-01 
d 0.000000000e+00 0.000000000e+00 -3.570477741e-03 3.400000000e+00 3.400000000e+00 3.570477664e-03 2.917998379e+09 4.863631068e+12 5.680632427e+12 1.143776585e+20 1.080536310e+20 6.632110313e+20 8.783995730e-04 7.427131460e+21 1.876186590e+16 1.373690671e-03 5.400000000e-01 
d 0.000000000e+00 0.000000000e+00 -4.828981818e-03 3.600000000e+00 3.600000000e+00 4.828981826e-03 3.946538682e+09 6.577950419e+12 7.674301576e+12 1.546925571e+20 1.459749735e+20 8.969741258e+20 8.358808671e-04 1.004481295e+22 2.536902898e+16 1.857722299e-03 5.400000000e-01 
d 0.000000000e+00 0.000000000e+00 -6.110946890e-03 3.800000000e+00 3.800000000e+00 6.110946892e-03 4.994226058e+09 8.324240611e+12 9.700590403e+12 1.957608648e+20 1.845210405e+20 1.135109296e+21 1.147584442e-03 1.274218331e+22 3.227975340e+16 2.350696970e-03 5.400000000e-01 
d 0.000000000e+00 0.000000000e+00 -7.837101891e-03 4.000000000e+00 4.000000000e+00 7.837140915e-03 6.404925913e+09 1.067559945e+13 1.242193715e+13 2.510562321e+20 2.362798624e+20 1.455731256e+21 9.618937997e-04 1.631729921e+22 4.160018161e+16 3.014317798e-03 5.400000000e-01 
d 0.000000000e+00 0.000000000e+00 -9.824685742e-03 4.200000000e+00 4.200000000e+00 9.824685266e-03 8.029317044e+09 1.338306300e+13 1.554515688e+13 3.147291809e+20 2.956952238e+20 1.824945150e+21 7.581121955e-04 2.052829597e+22 5.286378217e+16 3.778376219e-03 5.400000000e-01 
d 0.000000000e+00 0.000000000e+00 -1.209394376e-02 4.400000000e+00 4.400000000e+00 1.209394379e-02 9.883724526e+09 1.647412584e+13 1.909820285e+13 3.874204930e+20 3.632719753e+20 2.246429163e+21 6.115678390e-04 2.509536794e+22 6.538071558e+16 4.650281510e-03 5.400000000e-01 
d 0.000000000e+00 0.000000000e+00 -1.466260801e-02 4.600000000e+00 4.600000000e+00 1.466260804e-02 1.198318071e+10 1.997321184e+13 2.310346145e+13 4.697084488e+20 4.394614009e+20 2.723578620e+21 4.876745831e-04 3.049898333e+22 8.068739969e+16 5.637037386e-03 5.400000000e-01 
d 0.000000000e+00 0.000000000e+00 -1.755211886e-02 4.800000000e+00 4.800000000e+00 1.755211879e-02 1.434452214e+10 2.390922911e+13 2.758852706e+13 5.622697806e+20 5.247685945e+20 3.260278158e+21 3.784862372e-04 3.659205203e+22 9.854673627e+16 6.746643240e-03 5.400000000e-01 
d 0.000000000e+00 0.000000000e+00 -2.078417193e-02 5.000000000e+00 5.000000000e+00 2.078417182e-02 1.698611927e+10 2.831199051e+13 3.258001058e+13 6.658123912e+20 6.197246607e+20 3.860678678e+21 2.879972934e-04 4.332626086e+22 1.190446691e+17 7.987360684e-03 5.400000000e-01 
d 0.000000000e+00 0.000000000e+00 -2.438092643e-02 5.200000000e+00 5.200000000e+00 2.438092639e-02 1.992538629e+10 3.321131018e+13 3.810415096e+13 7.810245655e+20 7.247849202e+20 4.528711635e+21 2.108593836e-04 5.077363010e+22 1.426677971e+17 9.367409045e-03 5.400000000e-01 
d 0.000000000e+00 0.000000000e+00 -2.836545373e-02 5.400000000e+00 5.400000000e+00 2.836545375e-02 2.318196701e+10 3.863918004e+13 4.418670517e+13 9.086783459e+20 8.405026009e+20 5.268899237e+21 1.567945385e-04 5.902916511e+22 1.700343654e+17 1.089566801e-02 5.400000000e-01 
d 0.000000000e+00 0.000000000e+00 -3.276189571e-02 5.600000000e+00 5.600000000e+00 3.276189579e-02 2.677529508e+10 4.462785116e+13 5.085436950e+13 1.049506293e+21 9.673149067e+20 6.085486411e+21 1.158955518e-04 6.815620250e+22 2.017446422e+17 1.258095923e-02 5.400000000e-01 
d 0.000000000e+00 0.000000000e+00 -3.759541601e-02 5.800000000e+00 5.800000000e+00 3.759541605e-02 3.072525633e+10 5.121215683e+13 5.813296491e+13 1.204353364e+21 1.105772792e+21 6.983344691e+21 8.620093761e-05 7.819826539e+22 2.384274085e+17 1.443295927e-02 5.400000000e-01 
d 0.000000000e+00 0.000000000e+00 -4.289215605e-02 6.000000000e+00 6.000000000e+00 4.289215597e-02 3.505439124e+10 5.842729763e+13 6.604858761e+13 1.374028345e+21 1.256332637e+21 7.967175982e+21 6.103831104e-05 8.920273160e+22 2.808266390e+17 1.646120804e-02 5.400000000e-01 
d 0.000000000e+00 0.000000000e+00 -4.867925352e-02 6.200000000e+00 6.200000000e+00 4.867925373e-02 3.978425110e+10 6.631058679e+13 7.462685812e+13 1.559418317e+21 1.419508612e+21 9.042171640e+21 4.494747684e-05 1.012260345e+23 3.298382221e+17 1.867599045e-02 5.400000000e-01 
d 0.000000000e+00 0.000000000e+00 -5.498488376e-02 6.400000000e+00 6.400000000e+00 5.498488397e-02 4.493714149e+10 7.489997274e+13 8.389302944e+13 1.761423305e+21 1.595775519e+21 1.021345034e+22 3.271022605e-05 1.143286311e+23 3.865197905e+17 2.108767001e-02 5.400000000e-01 
d 0.000000000e+00 0.000000000e+00 -6.183828942e-02 6.600000000e+00 6.600000000e+00 6.183828969e-02 5.053893289e+10 8.423560197e+13 9.387203825e+13 1.980963922e+21 1.785588831e+21 1.148652059e+22 2.276956418e-05 1.285721272e+23 4.521114732e+17 2.370710038e-02 5.400000000e-01 
d 0.000000000e+00 0.000000000e+00 -6.926980796e-02 6.800000000e+00 6.800000000e+00 6.926980810e-02 5.661086880e+10 9.435849466e+13 1.045879802e+14 2.219025486e+21 1.989406148e+21 1.286683527e+22 1.674686065e-05 1.440197361e+23 5.280727548e+17 2.654553175e-02 5.400000000e-01 
d 0.000000000e+00 0.000000000e+00 -7.731089841e-02 7.000000000e+00 7.000000000e+00 7.731089840e-02 6.318370060e+10 1.053122816e+14 1.160644275e+14 2.476621453e+21 2.207705479e+21 1.436045982e+22 1.123404552e-05 1.607370582e+23 6.161276291e+17 2.961460395e-02 5.400000000e-01 
