v ATLAS
# This file was created by ATLAS version 5.26.1.R on Tue Apr 17 22:16:04 2018
#SSF 2.0 generic
##############################################################################
#                    Copyright (c) 1984 - 2018                               #
#                    Silvaco Inc. All rights reserved                        #
#                                                                            #
# This file format and the following Key are copyright Silvaco Inc.          #
# You may not use, this format or key without reproducing this message in    #
# full and obtaining express written permission from Silvaco Inc.            #
#                                                                            #
# To obtain such permission please contact: Silvaco Inc.                     #
#                                           support@silvaco.com              #
#                                                                            #
# KEY=SVC86hn7562asdx                       PROD=345                         #
##############################################################################
Q 2271 13 "Im(Dielectric) Emissive TE" 14 ""
Q 2272 13 "Im(Dielectric) Emissive TM" 14 ""
Q 2269 13 "Im(Dielectric) Absorptive TE" 14 ""
Q 2270 13 "Im(Dielectric) Absorptive TM" 14 ""
Q 2267 13 "Spontaneous Emission Rate Density TE" 14 "1/(cm^3 s eV)"
Q 2268 13 "Spontaneous Emission Rate Density TM" 14 "1/(cm^3 s eV)"
p 7 210 2271 2272 2269 2270 2267 2268
d       5.04533679e-01      0.00000000e+00      0.00000000e+00      0.00000000e+00      0.00000000e+00      0.00000000e+00      0.00000000e+00
d       5.13601036e-01      1.69161938e-02      1.69161938e-02      1.24126785e-03      1.24126785e-03      5.29221273e+28      5.29221273e+28
d       5.22668394e-01      1.77386336e-02      1.77386336e-02      1.29917992e-03      1.29917992e-03      5.74718927e+28      5.74718927e+28
d       5.31735751e-01      1.85646223e-02      1.85646223e-02      1.35698440e-03      1.35698440e-03      6.22530592e+28      6.22530592e+28
d       5.40803109e-01      1.93916140e-02      1.93916140e-02      1.41453064e-03      1.41453064e-03      6.72628362e+28      6.72628362e+28
d       5.49870466e-01      2.02179080e-02      2.02179080e-02      1.47168341e-03      1.47168341e-03      7.25003098e+28      7.25003098e+28
d       5.58937824e-01      2.10412560e-02      2.10412560e-02      1.52820017e-03      1.52820017e-03      7.79617392e+28      7.79617392e+28
d       5.68005181e-01      2.18602862e-02      2.18602862e-02      1.58401745e-03      1.58401745e-03      8.36456378e+28      8.36456378e+28
d       5.77072539e-01      2.26737067e-02      2.26737067e-02      1.63903692e-03      1.63903692e-03      8.95501254e+28      8.95501254e+28
d       5.86139896e-01      2.34789952e-02      2.34789952e-02      1.69299603e-03      1.69299603e-03      9.56676117e+28      9.56676117e+28
d       5.95207254e-01      2.42757166e-02      2.42757166e-02      1.74589835e-03      1.74589835e-03      1.01997928e+29      1.01997928e+29
d       6.04274611e-01      2.50632046e-02      2.50632046e-02      1.79769949e-03      1.79769949e-03      1.08539584e+29      1.08539584e+29
d       6.13341969e-01      2.58390846e-02      2.58390846e-02      1.84814984e-03      1.84814984e-03      1.15283021e+29      1.15283021e+29
d       6.22409326e-01      2.66035941e-02      2.66035941e-02      1.89729786e-03      1.89729786e-03      1.22229309e+29      1.22229309e+29
d       6.31476684e-01      2.73567885e-02      2.73567885e-02      1.94516068e-03      1.94516068e-03      1.29378649e+29      1.29378649e+29
d       6.40544041e-01      2.80967598e-02      2.80967598e-02      1.99152634e-03      1.99152634e-03      1.36721586e+29      1.36721586e+29
d       6.49611399e-01      2.88241726e-02      2.88241726e-02      2.03646749e-03      2.03646749e-03      1.44260350e+29      1.44260350e+29
d       6.58678756e-01      2.95397722e-02      2.95397722e-02      2.08006042e-03      2.08006042e-03      1.51997804e+29      1.51997804e+29
d       6.67746114e-01      3.02423050e-02      3.02423050e-02      2.12214515e-03      2.12214515e-03      1.59926520e+29      1.59926520e+29
d       6.76813472e-01      3.09326687e-02      3.09326687e-02      2.16280180e-03      2.16280180e-03      1.68049892e+29      1.68049892e+29
d       6.85880829e-01      3.16121574e-02      3.16121574e-02      2.20215516e-03      2.20215516e-03      1.76373902e+29      1.76373902e+29
d       6.94948187e-01      3.22802282e-02      3.22802282e-02      2.24010121e-03      2.24010121e-03      1.84894634e+29      1.84894634e+29
d       7.04015544e-01      3.29378878e-02      3.29378878e-02      2.27671616e-03      2.27671616e-03      1.93616828e+29      1.93616828e+29
d       7.13082902e-01      3.35867634e-02      3.35867634e-02      2.31215707e-03      2.31215707e-03      2.02549446e+29      2.02549446e+29
d       7.22150259e-01      3.42269701e-02      3.42269701e-02      2.34637157e-03      2.34637157e-03      2.11692980e+29      2.11692980e+29
d       7.31217617e-01      3.48595729e-02      3.48595729e-02      2.37942589e-03      2.37942589e-03      2.21053916e+29      2.21053916e+29
d       7.40284974e-01      3.54862841e-02      3.54862841e-02      2.41149105e-03      2.41149105e-03      2.30643517e+29      2.30643517e+29
d       7.49352332e-01      3.61077510e-02      3.61077510e-02      2.44255651e-03      2.44255651e-03      2.40466966e+29      2.40466966e+29
d       7.58419689e-01      3.67251091e-02      3.67251091e-02      2.47267705e-03      2.47267705e-03      2.50533123e+29      2.50533123e+29
d       7.67487047e-01      3.73399161e-02      3.73399161e-02      2.50202043e-03      2.50202043e-03      2.60854483e+29      2.60854483e+29
d       7.76554404e-01      3.79531900e-02      3.79531900e-02      2.53060563e-03      2.53060563e-03      2.71440669e+29      2.71440669e+29
d       7.85621762e-01      3.85661966e-02      3.85661966e-02      2.55847774e-03      2.55847774e-03      2.82303770e+29      2.82303770e+29
d       7.94689119e-01      3.91801356e-02      3.91801356e-02      2.58578738e-03      2.58578738e-03      2.93456225e+29      2.93456225e+29
d       8.03756477e-01      3.97962303e-02      3.97962303e-02      2.61257090e-03      2.61257090e-03      3.04911472e+29      3.04911472e+29
d       8.12823834e-01      4.04159666e-02      4.04159666e-02      2.63886731e-03      2.63886731e-03      3.16685871e+29      3.16685871e+29
d       8.21891192e-01      4.10400340e-02      4.10400340e-02      2.66480073e-03      2.66480073e-03      3.28790471e+29      3.28790471e+29
d       8.30958549e-01      4.16697135e-02      4.16697135e-02      2.69041461e-03      2.69041461e-03      3.41241698e+29      3.41241698e+29
d       8.40025907e-01      4.23068136e-02      4.23068136e-02      2.71574607e-03      2.71574607e-03      3.54061362e+29      3.54061362e+29
d       8.49093264e-01      4.29514142e-02      4.29514142e-02      2.74088799e-03      2.74088799e-03      3.67257876e+29      3.67257876e+29
d       8.58160622e-01      4.36047335e-02      4.36047335e-02      2.76588335e-03      2.76588335e-03      3.80849737e+29      3.80849737e+29
d       8.67227979e-01      4.42690060e-02      4.42690060e-02      2.79077141e-03      2.79077141e-03      3.94865501e+29      3.94865501e+29
d       8.76295337e-01      4.49436464e-02      4.49436464e-02      2.81561295e-03      2.81561295e-03      4.09309821e+29      4.09309821e+29
d       8.85362694e-01      4.56297172e-02      4.56297172e-02      2.84044563e-03      2.84044563e-03      4.24202353e+29      4.24202353e+29
d       8.94430052e-01      4.63299734e-02      4.63299734e-02      2.86531425e-03      2.86531425e-03      4.39579746e+29      4.39579746e+29
d       9.03497409e-01      4.70431405e-02      4.70431405e-02      2.89024943e-03      2.89024943e-03      4.55441905e+29      4.55441905e+29
d       9.12564767e-01      4.77700543e-02      4.77700543e-02      2.91528096e-03      2.91528096e-03      4.71808746e+29      4.71808746e+29
d       9.21632124e-01      4.85140689e-02      4.85140689e-02      2.94046184e-03      2.94046184e-03      4.88726363e+29      4.88726363e+29
d       9.30699482e-01      4.92732151e-02      4.92732151e-02      2.96579600e-03      2.96579600e-03      5.06189001e+29      5.06189001e+29
d       9.39766839e-01      5.00480981e-02      5.00480981e-02      2.99130509e-03      2.99130509e-03      5.24216480e+29      5.24216480e+29
d       9.48834197e-01      5.08425730e-02      5.08425730e-02      3.01705045e-03      3.01705045e-03      5.42863993e+29      5.42863993e+29
d       9.57901554e-01      5.16541351e-02      5.16541351e-02      3.04301515e-03      3.04301515e-03      5.62120868e+29      5.62120868e+29
d       9.66968912e-01      5.24832423e-02      5.24832423e-02      3.06921487e-03      3.06921487e-03      5.82007443e+29      5.82007443e+29
d       9.76036269e-01      5.33337363e-02      5.33337363e-02      3.09571271e-03      3.09571271e-03      6.02582869e+29      6.02582869e+29
d       9.85103627e-01      5.42031316e-02      5.42031316e-02      3.12248274e-03      3.12248274e-03      6.23836919e+29      6.23836919e+29
d       9.94170984e-01      5.50915532e-02      5.50915532e-02      3.14953353e-03      3.14953353e-03      6.45788107e+29      6.45788107e+29
d       1.00323834e+00      5.60027241e-02      5.60027241e-02      3.17692810e-03      3.17692810e-03      6.68498219e+29      6.68498219e+29
d       1.01230570e+00      5.69342992e-02      5.69342992e-02      3.20463768e-03      3.20463768e-03      6.91958744e+29      6.91958744e+29
d       1.02137306e+00      5.78860282e-02      5.78860282e-02      3.23266396e-03      3.23266396e-03      7.16185304e+29      7.16185304e+29
d       1.03044041e+00      5.88614141e-02      5.88614141e-02      3.26106898e-03      3.26106898e-03      7.41240802e+29      7.41240802e+29
d       1.03950777e+00      5.98583481e-02      5.98583481e-02      3.28982543e-03      3.28982543e-03      7.67119580e+29      7.67119580e+29
d       1.04857513e+00      6.08761747e-02      6.08761747e-02      3.31892842e-03      3.31892842e-03      7.93833311e+29      7.93833311e+29
d       1.05764249e+00      6.19180844e-02      6.19180844e-02      3.34843854e-03      3.34843854e-03      8.21444351e+29      8.21444351e+29
d       1.06670984e+00      6.29822777e-02      6.29822777e-02      3.37833298e-03      3.37833298e-03      8.49950878e+29      8.49950878e+29
d       1.07577720e+00      6.40676826e-02      6.40676826e-02      3.40860048e-03      3.40860048e-03      8.79359676e+29      8.79359676e+29
d       1.08484456e+00      6.51771026e-02      6.51771026e-02      3.43929981e-03      3.43929981e-03      9.09730886e+29      9.09730886e+29
d       1.09391192e+00      6.63090999e-02      6.63090999e-02      3.47041500e-03      3.47041500e-03      9.41067334e+29      9.41067334e+29
d       1.10297927e+00      6.74622007e-02      6.74622007e-02      3.50192834e-03      3.50192834e-03      9.73370246e+29      9.73370246e+29
d       1.11204663e+00      6.86387753e-02      6.86387753e-02      3.53389657e-03      3.53389657e-03      1.00669609e+30      1.00669609e+30
d       1.12111399e+00      6.98377827e-02      6.98377827e-02      3.56631232e-03      3.56631232e-03      1.04105301e+30      1.04105301e+30
d       1.13018135e+00      7.10573914e-02      7.10573914e-02      3.59915123e-03      3.59915123e-03      1.07643644e+30      1.07643644e+30
d       1.13924870e+00      7.22995314e-02      7.22995314e-02      3.63246770e-03      3.63246770e-03      1.11289817e+30      1.11289817e+30
d       1.14831606e+00      7.35635814e-02      7.35635814e-02      3.66626457e-03      3.66626457e-03      1.15045226e+30      1.15045226e+30
d       1.15738342e+00      7.48474265e-02      7.48474265e-02      3.70051036e-03      3.70051036e-03      1.18908868e+30      1.18908868e+30
d       1.16645078e+00      7.61525922e-02      7.61525922e-02      3.73525684e-03      3.73525684e-03      1.22885427e+30      1.22885427e+30
d       1.17551813e+00      7.74788989e-02      7.74788989e-02      3.77051853e-03      3.77051853e-03      1.26976972e+30      1.26976972e+30
d       1.18458549e+00      7.88240434e-02      7.88240434e-02      3.80625627e-03      3.80625627e-03      1.31182042e+30      1.31182042e+30
d       1.19365285e+00      8.01892271e-02      8.01892271e-02      3.84251879e-03      3.84251879e-03      1.35504889e+30      1.35504889e+30
d       1.20272021e+00      8.15747457e-02      8.15747457e-02      3.87933382e-03      3.87933382e-03      1.39948356e+30      1.39948356e+30
d       1.21178756e+00      8.29782107e-02      8.29782107e-02      3.91665380e-03      3.91665380e-03      1.44510668e+30      1.44510668e+30
d       1.22085492e+00      8.44006154e-02      8.44006154e-02      3.95452396e-03      3.95452396e-03      1.49195797e+30      1.49195797e+30
d       1.22992228e+00      8.58427960e-02      8.58427960e-02      3.99298689e-03      3.99298689e-03      1.54007564e+30      1.54007564e+30
d       1.23898964e+00      8.73023681e-02      8.73023681e-02      4.03198575e-03      4.03198575e-03      1.58944034e+30      1.58944034e+30
d       1.24805699e+00      8.87802547e-02      8.87802547e-02      4.07156172e-03      4.07156172e-03      1.64009152e+30      1.64009152e+30
d       1.25712435e+00      9.02779519e-02      9.02779519e-02      4.11177407e-03      4.11177407e-03      1.69208056e+30      1.69208056e+30
d       1.26619171e+00      9.17931320e-02      9.17931320e-02      4.15255572e-03      4.15255572e-03      1.74538797e+30      1.74538797e+30
d       1.27525907e+00      9.33267882e-02      9.33267882e-02      4.19394316e-03      4.19394316e-03      1.80005601e+30      1.80005601e+30
d       1.28432642e+00      9.48812774e-02      9.48812774e-02      4.23601432e-03      4.23601432e-03      1.85615491e+30      1.85615491e+30
d       1.29339378e+00      9.64543191e-02      9.64543191e-02      4.27869078e-03      4.27869078e-03      1.91366571e+30      1.91366571e+30
d       1.30246114e+00      9.80470996e-02      9.80470996e-02      4.32200365e-03      4.32200365e-03      1.97263693e+30      1.97263693e+30
d       1.31152850e+00      9.96631488e-02      9.96631488e-02      4.36605174e-03      4.36605174e-03      2.03316641e+30      2.03316641e+30
d       1.32059585e+00      1.01300141e-01      1.01300141e-01      4.41074405e-03      4.41074405e-03      2.09523513e+30      2.09523513e+30
d       1.32966321e+00      1.02959541e-01      1.02959541e-01      4.45610550e-03      4.45610550e-03      2.15890118e+30      2.15890118e+30
d       1.33873057e+00      1.04646512e-01      1.04646512e-01      4.50225829e-03      4.50225829e-03      2.22430315e+30      2.22430315e+30
d       1.34779793e+00      1.06358487e-01      1.06358487e-01      4.54909743e-03      4.54909743e-03      2.29141936e+30      2.29141936e+30
d       1.35686528e+00      1.08097247e-01      1.08097247e-01      4.59664075e-03      4.59664075e-03      2.36032038e+30      2.36032038e+30
d       1.36593264e+00      1.09870232e-01      1.09870232e-01      4.64503664e-03      4.64503664e-03      2.43120436e+30      2.43120436e+30
d       1.37500000e+00      1.11674326e-01      1.11674326e-01      4.69416458e-03      4.69416458e-03      2.50404192e+30      2.50404192e+30
d       1.38406736e+00      1.13511824e-01      1.13511824e-01      4.74403906e-03      4.74403906e-03      2.57892322e+30      2.57892322e+30
d       1.39313472e+00      1.15392648e-01      1.15392648e-01      4.79482342e-03      4.79482342e-03      2.65611715e+30      2.65611715e+30
d       1.40220207e+00      1.17313380e-01      1.17313380e-01      4.84639426e-03      4.84639426e-03      2.73559383e+30      2.73559383e+30
d       1.41126943e+00      1.19276922e-01      1.19276922e-01      4.89876253e-03      4.89876253e-03      2.81746903e+30      2.81746903e+30
d       1.42033679e+00      1.21295608e-01      1.21295608e-01      4.95209274e-03      4.95209274e-03      2.90208818e+30      2.90208818e+30
d       1.42940415e+00      1.23366404e-01      1.23366404e-01      5.00627400e-03      5.00627400e-03      2.98943998e+30      2.98943998e+30
d       1.43847150e+00      1.25492575e-01      1.25492575e-01      5.06130808e-03      5.06130808e-03      3.07966456e+30      3.07966456e+30
d       1.44753886e+00      1.27689375e-01      1.27689375e-01      5.11736025e-03      5.11736025e-03      3.17320465e+30      3.17320465e+30
d       1.45660622e+00      1.29954496e-01      1.29954496e-01      5.17433432e-03      5.17433432e-03      3.27008082e+30      3.27008082e+30
d       1.46567358e+00      1.32291431e-01      1.32291431e-01      5.23222160e-03      5.23222160e-03      3.37045931e+30      3.37045931e+30
d       1.47474093e+00      1.34718918e-01      1.34718918e-01      5.29118762e-03      5.29118762e-03      3.47490482e+30      3.47490482e+30
d       1.48380829e+00      1.37235972e-01      1.37235972e-01      5.35115344e-03      5.35115344e-03      3.58349173e+30      3.58349173e+30
d       1.49287565e+00      1.39846089e-01      1.39846089e-01      5.41209839e-03      5.41209839e-03      3.69641267e+30      3.69641267e+30
d       1.50194301e+00      1.42572123e-01      1.42572123e-01      5.47418771e-03      5.47418771e-03      3.81438372e+30      3.81438372e+30
d       1.51101036e+00      1.45415344e-01      1.45415344e-01      5.53736260e-03      5.53736260e-03      3.93756721e+30      3.93756721e+30
d       1.52007772e+00      1.48378898e-01      1.48378898e-01      5.60158875e-03      5.60158875e-03      4.06617989e+30      4.06617989e+30
d       1.52914508e+00      1.51490450e-01      1.51490450e-01      5.66703037e-03      5.66703037e-03      4.20112397e+30      4.20112397e+30
d       1.53821244e+00      1.54754899e-01      1.54754899e-01      5.73365220e-03      5.73365220e-03      4.34270072e+30      4.34270072e+30
d       1.54727979e+00      1.58174494e-01      1.58174494e-01      5.80140430e-03      5.80140430e-03      4.49114442e+30      4.49114442e+30
d       1.55634715e+00      1.61782444e-01      1.61782444e-01      5.87044909e-03      5.87044909e-03      4.64758348e+30      4.64758348e+30
d       1.56541451e+00      1.65589224e-01      1.65589224e-01      5.94077866e-03      5.94077866e-03      4.81253210e+30      4.81253210e+30
d       1.57448187e+00      1.69595359e-01      1.69595359e-01      6.01232526e-03      6.01232526e-03      4.98622817e+30      4.98622817e+30
d       1.58354922e+00      1.73840314e-01      1.73840314e-01      6.08524855e-03      6.08524855e-03      5.17007080e+30      5.17007080e+30
d       1.59261658e+00      1.78342826e-01      1.78342826e-01      6.15957238e-03      6.15957238e-03      5.36489180e+30      5.36489180e+30
d       1.60168394e+00      1.83100451e-01      1.83100451e-01      6.23520872e-03      6.23520872e-03      5.57090707e+30      5.57090707e+30
d       1.61075130e+00      1.88159522e-01      1.88159522e-01      6.31231327e-03      6.31231327e-03      5.78983301e+30      5.78983301e+30
d       1.61981865e+00      1.93550634e-01      1.93550634e-01      6.39094683e-03      6.39094683e-03      6.02296374e+30      6.02296374e+30
d       1.62888601e+00      1.99266573e-01      1.99266573e-01      6.47099814e-03      6.47099814e-03      6.27044984e+30      6.27044984e+30
d       1.63795337e+00      2.05360900e-01      2.05360900e-01      6.55261764e-03      6.55261764e-03      6.53436943e+30      6.53436943e+30
d       1.64702073e+00      2.11880779e-01      2.11880779e-01      6.63590897e-03      6.63590897e-03      6.81667437e+30      6.81667437e+30
d       1.65608808e+00      2.18811673e-01      2.18811673e-01      6.72073435e-03      6.72073435e-03      7.11738091e+30      7.11738091e+30
d       1.66515544e+00      2.26214312e-01      2.26214312e-01      6.80723733e-03      6.80723733e-03      7.43896471e+30      7.43896471e+30
d       1.67422280e+00      2.34158430e-01      2.34158430e-01      6.89557131e-03      6.89557131e-03      7.78429271e+30      7.78429271e+30
d       1.68329016e+00      2.42618662e-01      2.42618662e-01      6.98556817e-03      6.98556817e-03      8.15314241e+30      8.15314241e+30
d       1.69235751e+00      2.51662214e-01      2.51662214e-01      7.07736264e-03      7.07736264e-03      8.54840517e+30      8.54840517e+30
d       1.70142487e+00      2.61388801e-01      2.61388801e-01      7.17116592e-03      7.17116592e-03      8.97419265e+30      8.97419265e+30
d       1.71049223e+00      2.71757586e-01      2.71757586e-01      7.26677512e-03      7.26677512e-03      9.42989255e+30      9.42989255e+30
d       1.71955959e+00      2.82840668e-01      2.82840668e-01      7.36431392e-03      7.36431392e-03      9.91880087e+30      9.91880087e+30
d       1.72862694e+00      2.94776605e-01      2.94776605e-01      7.46406064e-03      7.46406064e-03      1.04466832e+31      1.04466832e+31
d       1.73769430e+00      3.07503121e-01      3.07503121e-01      7.56577256e-03      7.56577256e-03      1.10123280e+31      1.10123280e+31
d       1.74676166e+00      3.21094503e-01      3.21094503e-01      7.66955960e-03      7.66955960e-03      1.16193820e+31      1.16193820e+31
d       1.75582902e+00      3.35738303e-01      3.35738303e-01      7.77577816e-03      7.77577816e-03      1.22757544e+31      1.22757544e+31
d       1.76489637e+00      3.51343443e-01      3.51343443e-01      7.88413974e-03      7.88413974e-03      1.29793556e+31      1.29793556e+31
d       1.77396373e+00      3.67982343e-01      3.67982343e-01      7.99473733e-03      7.99473733e-03      1.37340717e+31      1.37340717e+31
d       1.78303109e+00      3.85902604e-01      3.85902604e-01      8.10801824e-03      8.10801824e-03      1.45505161e+31      1.45505161e+31
d       1.79209845e+00      4.04975626e-01      4.04975626e-01      8.22364134e-03      8.22364134e-03      1.54253657e+31      1.54253657e+31
d       1.80116580e+00      4.25266415e-01      4.25266415e-01      8.34167885e-03      8.34167885e-03      1.63625629e+31      1.63625629e+31
d       1.81023316e+00      4.47093861e-01      4.47093861e-01      8.46268414e-03      8.46268414e-03      1.73760316e+31      1.73760316e+31
d       1.81930052e+00      4.70282001e-01      4.70282001e-01      8.58625538e-03      8.58625538e-03      1.84607823e+31      1.84607823e+31
d       1.82836788e+00      4.94895518e-01      4.94895518e-01      8.71246514e-03      8.71246514e-03      1.96211087e+31      1.96211087e+31
d       1.83743523e+00      5.21292513e-01      5.21292513e-01      8.84191381e-03      8.84191381e-03      2.08731707e+31      2.08731707e+31
d       1.84650259e+00      5.49281579e-01      5.49281579e-01      8.97420638e-03      8.97420638e-03      2.22114922e+31      2.22114922e+31
d       1.85556995e+00      5.78914147e-01      5.78914147e-01      9.10939924e-03      9.10939924e-03      2.36402291e+31      2.36402291e+31
d       1.86463731e+00      6.10566771e-01      6.10566771e-01      9.24811733e-03      9.24811733e-03      2.51770453e+31      2.51770453e+31
d       1.87370466e+00      6.44050906e-01      6.44050906e-01      9.39000511e-03      9.39000511e-03      2.68166997e+31      2.68166997e+31
d       1.88277202e+00      6.79391231e-01      6.79391231e-01      9.53508983e-03      9.53508983e-03      2.85626348e+31      2.85626348e+31
d       1.89183938e+00      7.16970575e-01      7.16970575e-01      9.68402191e-03      9.68402191e-03      3.04335569e+31      3.04335569e+31
d       1.90090674e+00      7.56609867e-01      7.56609867e-01      9.83649665e-03      9.83649665e-03      3.24247382e+31      3.24247382e+31
d       1.90997409e+00      7.98296732e-01      7.98296732e-01      9.99250598e-03      9.99250598e-03      3.45383959e+31      3.45383959e+31
d       1.91904145e+00      8.42404689e-01      8.42404689e-01      1.01527267e-02      1.01527267e-02      3.67936053e+31      3.67936053e+31
d       1.92810881e+00      8.88770221e-01      8.88770221e-01      1.03169191e-02      1.03169191e-02      3.91864057e+31      3.91864057e+31
d       1.93717617e+00      9.37333707e-01      9.37333707e-01      1.04850322e-02      1.04850322e-02      4.17172169e+31      4.17172169e+31
d       1.94624352e+00      9.88440926e-01      9.88440926e-01      1.06577703e-02      1.06577703e-02      4.44045975e+31      4.44045975e+31
d       1.95531088e+00      1.04194818e+00      1.04194818e+00      1.08349760e-02      1.08349760e-02      4.72455179e+31      4.72455179e+31
d       1.96437824e+00      1.09773988e+00      1.09773988e+00      1.10165469e-02      1.10165469e-02      5.02380216e+31      5.02380216e+31
d       1.97344560e+00      1.15611386e+00      1.15611386e+00      1.12032154e-02      1.12032154e-02      5.33990808e+31      5.33990808e+31
d       1.98251295e+00      1.21694715e+00      1.21694715e+00      1.13949286e-02      1.13949286e-02      5.67265857e+31      5.67265857e+31
d       1.99158031e+00      1.28006261e+00      1.28006261e+00      1.15915218e-02      1.15915218e-02      6.02156974e+31      6.02156974e+31
d       2.00064767e+00      1.34568986e+00      1.34568986e+00      1.17937569e-02      1.17937569e-02      6.38806111e+31      6.38806111e+31
d       2.00971503e+00      1.41372249e+00      1.41372249e+00      1.20017133e-02      1.20017133e-02      6.77198496e+31      6.77198496e+31
d       2.01878238e+00      1.48392138e+00      1.48392138e+00      1.22151513e-02      1.22151513e-02      7.17253646e+31      7.17253646e+31
d       2.02784974e+00      1.55642962e+00      1.55642962e+00      1.24348641e-02      1.24348641e-02      7.59073605e+31      7.59073605e+31
d       2.03691710e+00      1.63114661e+00      1.63114661e+00      1.26610995e-02      1.26610995e-02      8.02643260e+31      8.02643260e+31
d       2.04598446e+00      1.70777796e+00      1.70777796e+00      1.28935271e-02      1.28935271e-02      8.47849802e+31      8.47849802e+31
d       2.05505181e+00      1.78636642e+00      1.78636642e+00      1.31329747e-02      1.31329747e-02      8.94744333e+31      8.94744333e+31
d       2.06411917e+00      1.86679854e+00      1.86679854e+00      1.33799058e-02      1.33799058e-02      9.43300023e+31      9.43300023e+31
d       2.07318653e+00      1.94874037e+00      1.94874037e+00      1.36338814e-02      1.36338814e-02      9.93375850e+31      9.93375850e+31
d       2.08225389e+00      2.03212751e+00      2.03212751e+00      1.38957687e-02      1.38957687e-02      1.04496363e+32      1.04496363e+32
d       2.09132124e+00      2.11680672e+00      2.11680672e+00      1.41663117e-02      1.41663117e-02      1.09800814e+32      1.09800814e+32
d       2.10038860e+00      2.20243031e+00      2.20243031e+00      1.44449409e-02      1.44449409e-02      1.15234982e+32      1.15234982e+32
d       2.10945596e+00      2.28882914e+00      2.28882914e+00      1.47325725e-02      1.47325725e-02      1.20791718e+32      1.20791718e+32
d       2.11852332e+00      2.37577561e+00      2.37577561e+00      1.50303219e-02      1.50303219e-02      1.26460465e+32      1.26460465e+32
d       2.12759067e+00      2.46294440e+00      2.46294440e+00      1.53374633e-02      1.53374633e-02      1.32225014e+32      1.32225014e+32
d       2.13665803e+00      2.55007488e+00      2.55007488e+00      1.56549783e-02      1.56549783e-02      1.38072068e+32      1.38072068e+32
d       2.14572539e+00      2.63682472e+00      2.63682472e+00      1.59844874e-02      1.59844874e-02      1.43983392e+32      1.43983392e+32
d       2.15479275e+00      2.72293636e+00      2.72293636e+00      1.63250768e-02      1.63250768e-02      1.49944783e+32      1.49944783e+32
d       2.16386010e+00      2.80808211e+00      2.80808211e+00      1.66778220e-02      1.66778220e-02      1.55937663e+32      1.55937663e+32
d       2.17292746e+00      2.89176231e+00      2.89176231e+00      1.70450521e-02      1.70450521e-02      1.61933204e+32      1.61933204e+32
d       2.18199482e+00      2.97383899e+00      2.97383899e+00      1.74256259e-02      1.74256259e-02      1.67922055e+32      1.67922055e+32
d       2.19106218e+00      3.05395210e+00      3.05395210e+00      1.78207595e-02      1.78207595e-02      1.73881943e+32      1.73881943e+32
d       2.20012953e+00      3.13140450e+00      3.13140450e+00      1.82338114e-02      1.82338114e-02      1.79770543e+32      1.79770543e+32
d       2.20919689e+00      3.20623197e+00      3.20623197e+00      1.86633589e-02      1.86633589e-02      1.85586613e+32      1.85586613e+32
d       2.21826425e+00      3.27808448e+00      3.27808448e+00      1.91108321e-02      1.91108321e-02      1.91306427e+32      1.91306427e+32
d       2.22733161e+00      3.34603553e+00      3.34603553e+00      1.95811367e-02      1.95811367e-02      1.96871644e+32      1.96871644e+32
d       2.23639896e+00      3.41034545e+00      3.41034545e+00      2.00724876e-02      2.00724876e-02      2.02292507e+32      2.02292507e+32
d       2.24546632e+00      3.47072034e+00      3.47072034e+00      2.05866362e-02      2.05866362e-02      2.07546575e+32      2.07546575e+32
d       2.25453368e+00      3.52598685e+00      3.52598685e+00      2.11308831e-02      2.11308831e-02      2.12557778e+32      2.12557778e+32
d       2.26360104e+00      3.57667082e+00      3.57667082e+00      2.17029453e-02      2.17029453e-02      2.17350978e+32      2.17350978e+32
d       2.27266839e+00      3.62251496e+00      3.62251496e+00      2.23054662e-02      2.23054662e-02      2.21904031e+32      2.21904031e+32
d       2.28173575e+00      3.66229447e+00      3.66229447e+00      2.29482554e-02      2.29482554e-02      2.26134494e+32      2.26134494e+32
d       2.29080311e+00      3.69663253e+00      3.69663253e+00      2.36295664e-02      2.36295664e-02      2.30072476e+32      2.30072476e+32
d       2.29987047e+00      3.72539375e+00      3.72539375e+00      2.43530221e-02      2.43530221e-02      2.33701658e+32      2.33701658e+32
d       2.30893782e+00      3.74737882e+00      3.74737882e+00      2.51321887e-02      2.51321887e-02      2.36938117e+32      2.36938117e+32
d       2.31800518e+00      3.76326080e+00      3.76326080e+00      2.59664299e-02      2.59664299e-02      2.39814799e+32      2.39814799e+32
d       2.32707254e+00      3.77306101e+00      3.77306101e+00      2.68607846e-02      2.68607846e-02      2.42324055e+32      2.42324055e+32
d       2.33613990e+00      3.77568030e+00      3.77568030e+00      2.78343818e-02      2.78343818e-02      2.44385686e+32      2.44385686e+32
d       2.34520725e+00      3.77179673e+00      3.77179673e+00      2.88887168e-02      2.88887168e-02      2.46033133e+32      2.46033133e+32
d       2.35427461e+00      3.76160857e+00      3.76160857e+00      3.00307708e-02      3.00307708e-02      2.47269584e+32      2.47269584e+32
d       2.36334197e+00      3.74441266e+00      3.74441266e+00      3.12834516e-02      3.12834516e-02      2.48038844e+32      2.48038844e+32
d       2.37240933e+00      3.72016175e+00      3.72016175e+00      3.26650582e-02      3.26650582e-02      2.48326991e+32      2.48326991e+32
d       2.38147668e+00      3.68992603e+00      3.68992603e+00      3.41721400e-02      3.41721400e-02      2.48195091e+32      2.48195091e+32
d       2.39054404e+00      3.65275320e+00      3.65275320e+00      3.58476640e-02      3.58476640e-02      2.47569242e+32      2.47569242e+32
d       2.39961140e+00      3.60923212e+00      3.60923212e+00      3.77038446e-02      3.77038446e-02      2.46478762e+32      2.46478762e+32
d       2.40867876e+00      3.55989981e+00      3.55989981e+00      3.97529839e-02      3.97529839e-02      2.44950539e+32      2.44950539e+32
d       2.41774611e+00      3.50443725e+00      3.50443725e+00      4.20415857e-02      4.20415857e-02      2.42953150e+32      2.42953150e+32
d       2.42681347e+00      3.44324280e+00      3.44324280e+00      4.45967581e-02      4.45967581e-02      2.40504552e+32      2.40504552e+32
d       2.43588083e+00      3.37647542e+00      3.37647542e+00      4.74639066e-02      4.74639066e-02      2.37606614e+32      2.37606614e+32
d       2.44494819e+00      3.30450579e+00      3.30450579e+00      5.06858955e-02      5.06858955e-02      2.34276483e+32      2.34276483e+32
d       2.45401554e+00      3.22774876e+00      3.22774876e+00      5.43049007e-02      5.43049007e-02      2.30535175e+32      2.30535175e+32
d       2.46308290e+00      3.14682294e+00      3.14682294e+00      5.83443030e-02      5.83443030e-02      2.26419186e+32      2.26419186e+32
d       2.47215026e+00      3.06171128e+00      3.06171128e+00      6.29059145e-02      6.29059145e-02      2.21920192e+32      2.21920192e+32
d       2.48121762e+00      2.97304790e+00      2.97304790e+00      6.80170012e-02      6.80170012e-02      2.17077333e+32      2.17077333e+32
d       2.49028497e+00      2.88096556e+00      2.88096556e+00      7.38081717e-02      7.38081717e-02      2.11894177e+32      2.11894177e+32
d       2.49935233e+00      2.78613892e+00      2.78613892e+00      8.03101475e-02      8.03101475e-02      2.06414684e+32      2.06414684e+32
d       2.50841969e+00      2.68875779e+00      2.68875779e+00      8.77036389e-02      8.77036389e-02      2.00648049e+32      2.00648049e+32
d       2.51748705e+00      2.58961298e+00      2.58961298e+00      9.59393768e-02      9.59393768e-02      1.94649015e+32      1.94649015e+32
d       2.52655440e+00      2.48893003e+00      2.48893003e+00      1.05212993e-01      1.05212993e-01      1.88431218e+32      1.88431218e+32
d       2.53562176e+00      2.38714363e+00      2.38714363e+00      1.15625706e-01      1.15625706e-01      1.82024711e+32      1.82024711e+32
d       2.54468912e+00      2.28467591e+00      2.28467591e+00      1.27366276e-01      1.27366276e-01      1.75459516e+32      1.75459516e+32
d       2.55375648e+00      2.18197429e+00      2.18197429e+00      1.40500636e-01      1.40500636e-01      1.68768523e+32      1.68768523e+32
d       2.56282383e+00      2.07943675e+00      2.07943675e+00      1.55237134e-01      1.55237134e-01      1.61981749e+32      1.61981749e+32
d       2.57189119e+00      1.97745465e+00      1.97745465e+00      1.71718915e-01      1.71718915e-01      1.55129564e+32      1.55129564e+32
d       2.58095855e+00      1.87643418e+00      1.87643418e+00      1.90182727e-01      1.90182727e-01      1.48244385e+32      1.48244385e+32
d       2.59002591e+00      1.77675525e+00      1.77675525e+00      2.10842659e-01      2.10842659e-01      1.41357443e+32      1.41357443e+32
d       2.59909326e+00      1.67860222e+00      1.67860222e+00      2.33697037e-01      2.33697037e-01      1.34485165e+32      1.34485165e+32
d       2.60816062e+00      1.58228841e+00      1.58228841e+00      2.58996696e-01      2.58996696e-01      1.27654807e+32      1.27654807e+32
d       2.61722798e+00      1.48828379e+00      1.48828379e+00      2.87212207e-01      2.87212207e-01      1.20907076e+32      1.20907076e+32
d       2.62629534e+00      1.39669492e+00      1.39669492e+00      3.18393055e-01      3.18393055e-01      1.14254032e+32      1.14254032e+32
d       2.63536269e+00      1.30782120e+00      1.30782120e+00      3.52879621e-01      3.52879621e-01      1.07723888e+32      1.07723888e+32
d       2.64443005e+00      1.22203249e+00      1.22203249e+00      3.91147090e-01      3.91147090e-01      1.01351406e+32      1.01351406e+32
d       2.65349741e+00      1.13909450e+00      1.13909450e+00      4.32966891e-01      4.32966891e-01      9.51217757e+31      9.51217757e+31
d       2.66256477e+00      1.05918452e+00      1.05918452e+00      4.78646498e-01      4.78646498e-01      8.90542902e+31      8.90542902e+31
d       2.67163212e+00      9.82807421e-01      9.82807421e-01      5.28973856e-01      5.28973856e-01      8.31964124e+31      8.31964124e+31
d       2.68069948e+00      9.09798989e-01      9.09798989e-01      5.83913621e-01      5.83913621e-01      7.75397809e+31      7.75397809e+31
d       2.68976684e+00      8.40199383e-01      8.40199383e-01      6.43717124e-01      6.43717124e-01      7.20932306e+31      7.20932306e+31
d       2.69883420e+00      7.74372310e-01      7.74372310e-01      7.09178174e-01      7.09178174e-01      6.68936791e+31      6.68936791e+31
d       2.70790155e+00      7.11853095e-01      7.11853095e-01      7.79854558e-01      7.79854558e-01      6.19068889e+31      6.19068889e+31
d       2.71696891e+00      6.52627051e-01      6.52627051e-01      8.55975516e-01      8.55975516e-01      5.71369782e+31      5.71369782e+31
d       2.72603627e+00      5.97257746e-01      5.97257746e-01      9.38847077e-01      9.38847077e-01      5.26390338e+31      5.26390338e+31
d       2.73510363e+00      5.45153759e-01      5.45153759e-01      1.02777993e+00      1.02777993e+00      4.83670322e+31      4.83670322e+31
d       2.74417098e+00      4.96185214e-01      4.96185214e-01      1.12284769e+00      1.12284769e+00      4.43148224e+31      4.43148224e+31
d       2.75323834e+00      4.50683121e-01      4.50683121e-01      1.22509776e+00      1.22509776e+00      4.05174188e+31      4.05174188e+31
d       2.76230570e+00      4.08371311e-01      4.08371311e-01      1.33438395e+00      1.33438395e+00      3.69557110e+31      3.69557110e+31
d       2.77137306e+00      3.69188399e-01      3.69188399e-01      1.45100008e+00      1.45100008e+00      3.36295368e+31      3.36295368e+31
d       2.78044041e+00      3.33010298e-01      3.33010298e-01      1.57510744e+00      1.57510744e+00      3.05328755e+31      3.05328755e+31
d       2.78950777e+00      2.99595609e-01      2.99595609e-01      1.70650326e+00      1.70650326e+00      2.76486196e+31      2.76486196e+31
d       2.79857513e+00      2.68719774e-01      2.68719774e-01      1.84496826e+00      1.84496826e+00      2.49606807e+31      2.49606807e+31
d       2.80764249e+00      2.40518366e-01      2.40518366e-01      1.99130162e+00      1.99130162e+00      2.24861299e+31      2.24861299e+31
d       2.81670984e+00      2.14732559e-01      2.14732559e-01      2.14514794e+00      2.14514794e+00      2.02052851e+31      2.02052851e+31
d       2.82577720e+00      1.91262893e-01      1.91262893e-01      2.30658497e+00      2.30658497e+00      1.81129593e+31      1.81129593e+31
d       2.83484456e+00      1.69997975e-01      1.69997975e-01      2.47562609e+00      2.47562609e+00      1.62026148e+31      1.62026148e+31
d       2.84391192e+00      1.50701733e-01      1.50701733e-01      2.65176360e+00      2.65176360e+00      1.44555089e+31      1.44555089e+31
d       2.85297927e+00      1.33159425e-01      1.33159425e-01      2.83446576e+00      2.83446576e+00      1.28544057e+31      1.28544057e+31
d       2.86204663e+00      1.17437721e-01      1.17437721e-01      3.02421699e+00      3.02421699e+00      1.14089029e+31      1.14089029e+31
d       2.87111399e+00      1.03334374e-01      1.03334374e-01      3.22040680e+00      3.22040680e+00      1.01024926e+31      1.01024926e+31
d       2.88018135e+00      9.05865487e-02      9.05865487e-02      3.42208068e+00      3.42208068e+00      8.91222698e+30      8.91222698e+30
d       2.88924870e+00      7.92748400e-02      7.92748400e-02      3.62959669e+00      3.62959669e+00      7.84852574e+30      7.84852574e+30
d       2.89831606e+00      6.91804991e-02      6.91804991e-02      3.84201741e+00      3.84201741e+00      6.89220262e+30      6.89220262e+30
d       2.90738342e+00      6.02487584e-02      6.02487584e-02      4.05897625e+00      4.05897625e+00      6.03998109e+30      6.03998109e+30
d       2.91645078e+00      5.23421145e-02      5.23421145e-02      4.27968621e+00      4.27968621e+00      5.28011551e+30      5.28011551e+30
d       2.92551813e+00      4.53696731e-02      4.53696731e-02      4.50346749e+00      4.50346749e+00      4.60525940e+30      4.60525940e+30
d       2.93458549e+00      3.91820982e-02      3.91820982e-02      4.72942133e+00      4.72942133e+00      4.00188016e+30      4.00188016e+30
d       2.94365285e+00      3.37471491e-02      3.37471491e-02      4.95692458e+00      4.95692458e+00      3.46811214e+30      3.46811214e+30
d       2.95272021e+00      2.90034195e-02      2.90034195e-02      5.18516235e+00      5.18516235e+00      2.99900131e+30      2.99900131e+30
d       2.96178756e+00      2.48652414e-02      2.48652414e-02      5.41320556e+00      5.41320556e+00      2.58692209e+30      2.58692209e+30
d       2.97085492e+00      2.12687544e-02      2.12687544e-02      5.64010842e+00      5.64010842e+00      2.22632110e+30      2.22632110e+30
d       2.97992228e+00      1.81396354e-02      1.81396354e-02      5.86497607e+00      5.86497607e+00      1.91038671e+30      1.91038671e+30
d       2.98898964e+00      1.54490160e-02      1.54490160e-02      6.08663201e+00      6.08663201e+00      1.63693901e+30      1.63693901e+30
d       2.99805699e+00      1.30968742e-02      1.30968742e-02      6.30459077e+00      6.30459077e+00      1.39614423e+30      1.39614423e+30
d       3.00712435e+00      1.10848205e-02      1.10848205e-02      6.51739879e+00      6.51739879e+00      1.18881506e+30      1.18881506e+30
d       3.01619171e+00      9.35990298e-03      9.35990298e-03      6.72414251e+00      6.72414251e+00      1.00988539e+30      1.00988539e+30
d       3.02525907e+00      7.87777781e-03      7.87777781e-03      6.92408516e+00      6.92408516e+00      8.55089805e+29      8.55089805e+29
d       3.03432642e+00      6.61676359e-03      6.61676359e-03      7.11592861e+00      7.11592861e+00      7.22525327e+29      7.22525327e+29
d       3.04339378e+00      5.54493074e-03      5.54493074e-03      7.29876476e+00      7.29876476e+00      6.09109373e+29      6.09109373e+29
d       3.05246114e+00      4.63145216e-03      4.63145216e-03      7.47201894e+00      7.47201894e+00      5.11800055e+29      5.11800055e+29
d       3.06152850e+00      3.86054409e-03      3.86054409e-03      7.63439516e+00      7.63439516e+00      4.29148884e+29      4.29148884e+29
d       3.07059585e+00      3.20941620e-03      3.20941620e-03      7.78525933e+00      7.78525933e+00      3.58884100e+29      3.58884100e+29
d       3.07966321e+00      2.65958399e-03      2.65958399e-03      7.92406259e+00      7.92406259e+00      2.99159651e+29      2.99159651e+29
d       3.08873057e+00      2.19924894e-03      2.19924894e-03      8.04966873e+00      8.04966873e+00      2.48838344e+29      2.48838344e+29
d       3.09779793e+00      1.81793205e-03      1.81793205e-03      8.16070888e+00      8.16070888e+00      2.06902946e+29      2.06902946e+29
d       3.10686528e+00      1.49252442e-03      1.49252442e-03      8.25918191e+00      8.25918191e+00      1.70863441e+29      1.70863441e+29
d       3.11593264e+00      1.22748897e-03      1.22748897e-03      8.34113385e+00      8.34113385e+00      1.41343740e+29      1.41343740e+29
d       3.12500000e+00      1.00297414e-03      1.00297414e-03      8.40954189e+00      8.40954189e+00      1.16164288e+29      1.16164288e+29
d       3.13406736e+00      8.18408585e-04      8.18408585e-04      8.46191745e+00      8.46191745e+00      9.53388013e+28      9.53388013e+28
d       3.14313472e+00      6.66513095e-04      6.66513095e-04      8.49826141e+00      8.49826141e+00      7.80939762e+28      7.80939762e+28
d       3.15220207e+00      5.41322629e-04      5.41322629e-04      8.51874488e+00      8.51874488e+00      6.37921356e+28      6.37921356e+28
d       3.16126943e+00      4.38587789e-04      4.38587789e-04      8.52316848e+00      8.52316848e+00      5.19831291e+28      5.19831291e+28
d       3.17033679e+00      3.54474090e-04      3.54474090e-04      8.51158168e+00      8.51158168e+00      4.22550048e+28      4.22550048e+28
d       3.17940415e+00      2.85878133e-04      2.85878133e-04      8.48398667e+00      8.48398667e+00      3.42732484e+28      3.42732484e+28
d       3.18847150e+00      2.29808274e-04      2.29808274e-04      8.44098652e+00      8.44098652e+00      2.77085372e+28      2.77085372e+28
d       3.19753886e+00      1.84416322e-04      1.84416322e-04      8.38233850e+00      8.38233850e+00      2.23621665e+28      2.23621665e+28
d       3.20660622e+00      1.47452238e-04      1.47452238e-04      8.30904592e+00      8.30904592e+00      1.79814822e+28      1.79814822e+28
d       3.21567358e+00      1.17658019e-04      1.17658019e-04      8.22104299e+00      8.22104299e+00      1.44294010e+28      1.44294010e+28
d       3.22474093e+00      9.36603451e-05      9.36603451e-05      8.11897999e+00      8.11897999e+00      1.15512311e+28      1.15512311e+28
d       3.23380829e+00      7.43901027e-05      7.43901027e-05      8.00342928e+00      8.00342928e+00      9.22627844e+27      9.22627844e+27
d       3.24287565e+00      5.89496743e-05      5.89496743e-05      7.87508268e+00      7.87508268e+00      7.35232776e+27      7.35232776e+27
d       3.25194301e+00      4.66780166e-05      4.66780166e-05      7.73434099e+00      7.73434099e+00      5.85438262e+27      5.85438262e+27
d       3.26101036e+00      3.67117503e-05      3.67117503e-05      7.58326082e+00      7.58326082e+00      4.63012064e+27      4.63012064e+27
d       3.27007772e+00      2.88765305e-05      2.88765305e-05      7.42120216e+00      7.42120216e+00      3.66221654e+27      3.66221654e+27
d       3.27914508e+00      2.26381859e-05      2.26381859e-05      7.24969942e+00      7.24969942e+00      2.88699308e+27      2.88699308e+27
d       3.28821244e+00      1.77134945e-05      1.77134945e-05      7.06940724e+00      7.06940724e+00      2.27146913e+27      2.27146913e+27
d       3.29727979e+00      1.38306151e-05      1.38306151e-05      6.88128868e+00      6.88128868e+00      1.78334741e+27      1.78334741e+27
d       3.30634715e+00      1.07788229e-05      1.07788229e-05      6.68625819e+00      6.68625819e+00      1.39749768e+27      1.39749768e+27
d       3.31541451e+00      8.40246704e-06      8.40246704e-06      6.48510766e+00      6.48510766e+00      1.09538135e+27      1.09538135e+27
d       3.32448187e+00      6.49971313e-06      6.49971313e-06      6.27941148e+00      6.27941148e+00      8.51971337e+26      8.51971337e+26
d       3.33354922e+00      5.01850099e-06      5.01850099e-06      6.06955409e+00      6.06955409e+00      6.61409787e+26      6.61409787e+26
d       3.34261658e+00      3.86741850e-06      3.86741850e-06      5.85648055e+00      5.85648055e+00      5.12480275e+26      5.12480275e+26
d       3.35168394e+00      2.97699174e-06      2.97699174e-06      5.64109206e+00      5.64109206e+00      3.96630954e+26      3.96630954e+26
d       3.36075130e+00      2.28746400e-06      2.28746400e-06      5.42431399e+00      5.42431399e+00      3.06414897e+26      3.06414897e+26
d       3.36981865e+00      1.75906718e-06      1.75906718e-06      5.20701396e+00      5.20701396e+00      2.36907245e+26      2.36907245e+26
d       3.37888601e+00      1.34221986e-06      1.34221986e-06      4.98996379e+00      4.98996379e+00      1.81741288e+26      1.81741288e+26
d       3.38795337e+00      1.02231485e-06      1.02231485e-06      4.77393128e+00      4.77393128e+00      1.39168959e+26      1.39168959e+26
d       3.39702073e+00      7.76360210e-07      7.76360210e-07      4.55957632e+00      4.55957632e+00      1.06253323e+26      1.06253323e+26
d       3.40608808e+00      5.89796760e-07      5.89796760e-07      4.34772832e+00      4.34772832e+00      8.11515820e+25      8.11515820e+25
d       3.41515544e+00      4.46481427e-07      4.46481427e-07      4.13888105e+00      4.13888105e+00      6.17599885e+25      6.17599885e+25
d       3.42422280e+00      3.37278521e-07      3.37278521e-07      3.93365842e+00      3.93365842e+00      4.69024546e+25      4.69024546e+25
d       3.43329016e+00      2.54476094e-07      2.54476094e-07      3.73265009e+00      3.73265009e+00      3.55754879e+25      3.55754879e+25
d       3.44235751e+00      1.91493521e-07      1.91493521e-07      3.53625535e+00      3.53625535e+00      2.69121807e+25      2.69121807e+25
d       3.45142487e+00      1.44277646e-07      1.44277646e-07      3.34513176e+00      3.34513176e+00      2.03834998e+25      2.03834998e+25
d       3.46049223e+00      1.07961399e-07      1.07961399e-07      3.15910355e+00      3.15910355e+00      1.53329994e+25      1.53329994e+25
d       3.46955959e+00      8.03626093e-08      8.03626093e-08      2.97861150e+00      2.97861150e+00      1.14732271e+25      1.14732271e+25
d       3.47862694e+00      5.99068919e-08      5.99068919e-08      2.80435678e+00      2.80435678e+00      8.59756286e+24      8.59756286e+24
d       3.48769430e+00      4.46254409e-08      4.46254409e-08      2.63642539e+00      2.63642539e+00      6.43786999e+24      6.43786999e+24
d       3.49676166e+00      3.31005279e-08      3.31005279e-08      2.47472085e+00      2.47472085e+00      4.80009510e+24      4.80009510e+24
d       3.50582902e+00      2.46529320e-08      2.46529320e-08      2.31999633e+00      2.31999633e+00      3.59362619e+24      3.59362619e+24
d       3.51489637e+00      1.82216158e-08      1.82216158e-08      2.17141912e+00      2.17141912e+00      2.66989876e+24      2.66989876e+24
d       3.52396373e+00      1.33772783e-08      1.33772783e-08      2.02916501e+00      2.02916501e+00      1.97021436e+24      1.97021436e+24
d       3.53303109e+00      9.90004458e-09      9.90004458e-09      1.89427188e+00      1.89427188e+00      1.46559821e+24      1.46559821e+24
d       3.54209845e+00      7.27385800e-09      7.27385800e-09      1.76557628e+00      1.76557628e+00      1.08235302e+24      1.08235302e+24
d       3.55116580e+00      5.30139947e-09      5.30139947e-09      1.64303876e+00      1.64303876e+00      7.92894286e+23      7.92894286e+23
d       3.56023316e+00      3.88429307e-09      3.88429307e-09      1.52744232e+00      1.52744232e+00      5.83917821e+23      5.83917821e+23
d       3.56930052e+00      2.83573417e-09      2.83573417e-09      1.41807074e+00      1.41807074e+00      4.28464263e+23      4.28464263e+23
d       3.57836788e+00      2.06403735e-09      2.06403735e-09      1.31482165e+00      1.31482165e+00      3.13451523e+23      3.13451523e+23
d       3.58743523e+00      1.50263760e-09      1.50263760e-09      1.21773724e+00      1.21773724e+00      2.29353435e+23      2.29353435e+23
d       3.59650259e+00      1.09007297e-09      1.09007297e-09      1.12641046e+00      1.12641046e+00      1.67224222e+23      1.67224222e+23
d       3.60556995e+00      7.88691437e-10      7.88691437e-10      1.04070279e+00      1.04070279e+00      1.21601193e+23      1.21601193e+23
d       3.61463731e+00      5.70744399e-10      5.70744399e-10      9.60564539e-01      9.60564539e-01      8.84410662e+22      8.84410662e+22
d       3.62370466e+00      4.11454593e-10      4.11454593e-10      8.85572662e-01      8.85572662e-01      6.40782087e+22      6.40782087e+22
d       3.63277202e+00      2.96308645e-10      2.96308645e-10      8.15636475e-01      8.15636475e-01      4.63770873e+22      4.63770873e+22
d       3.64183938e+00      2.13736281e-10      2.13736281e-10      7.50663082e-01      7.50663082e-01      3.36203850e+22      3.36203850e+22
d       3.65090674e+00      1.53516174e-10      1.53516174e-10      6.90119024e-01      6.90119024e-01      2.42682507e+22      2.42682507e+22
d       3.65997409e+00      1.09137748e-10      1.09137748e-10      6.33609218e-01      6.33609218e-01      1.73385936e+22      1.73385936e+22
d       3.66904145e+00      7.80153830e-11      7.80153830e-11      5.81497733e-01      5.81497733e-01      1.24557057e+22      1.24557057e+22
d       3.67810881e+00      5.55525010e-11      5.55525010e-11      5.33202625e-01      5.33202625e-01      8.91324040e+21      8.91324040e+21
d       3.68717617e+00      3.95321498e-11      3.95321498e-11      4.88609303e-01      4.88609303e-01      6.37413220e+21      6.37413220e+21
d       3.69624352e+00      2.81872426e-11      2.81872426e-11      4.47573127e-01      4.47573127e-01      4.56726914e+21      4.56726914e+21
d       3.70531088e+00      2.00299687e-11      2.00299687e-11      4.09697163e-01      4.09697163e-01      3.26146283e+21      3.26146283e+21
d       3.71437824e+00      1.41028013e-11      1.41028013e-11      3.74663824e-01      3.74663824e-01      2.30759983e+21      2.30759983e+21
d       3.72344560e+00      9.93831554e-12      9.93831554e-12      3.42540374e-01      3.42540374e-01      1.63412647e+21      1.63412647e+21
d       3.73251295e+00      6.99167597e-12      6.99167597e-12      3.13053040e-01      3.13053040e-01      1.15522558e+21      1.15522558e+21
d       3.74158031e+00      4.91698755e-12      4.91698755e-12      2.86045524e-01      2.86045524e-01      8.16379537e+20      8.16379537e+20
d       3.75064767e+00      3.45649379e-12      3.45649379e-12      2.61334057e-01      2.61334057e-01      5.76675071e+20      5.76675071e+20
d       3.75971503e+00      2.41721204e-12      2.41721204e-12      2.38668931e-01      2.38668931e-01      4.05235481e+20      4.05235481e+20
d       3.76878238e+00      1.69881887e-12      1.69881887e-12      2.18045000e-01      2.18045000e-01      2.86175241e+20      2.86175241e+20
d       3.77784974e+00      1.18530813e-12      1.18530813e-12      1.99142399e-01      1.99142399e-01      2.00633515e+20      2.00633515e+20
d       3.78691710e+00      8.29257004e-13      8.29257004e-13      1.81940547e-01      1.81940547e-01      1.41040423e+20      1.41040423e+20
d       3.79598446e+00      5.72629338e-13      5.72629338e-13      1.66128075e-01      1.66128075e-01      9.78600209e+19      9.78600209e+19
d       3.80505181e+00      3.97374676e-13      3.97374676e-13      1.51788954e-01      1.51788954e-01      6.82345285e+19      6.82345285e+19
d       3.81411917e+00      2.74934169e-13      2.74934169e-13      1.38716097e-01      1.38716097e-01      4.74351298e+19      4.74351298e+19
d       3.82318653e+00      1.90479823e-13      1.90479823e-13      1.26838050e-01      1.26838050e-01      3.30204367e+19      3.30204367e+19
d       3.83225389e+00      1.31736150e-13      1.31736150e-13      1.16023099e-01      1.16023099e-01      2.29454390e+19      2.29454390e+19
d       3.84132124e+00      9.12921962e-14      9.12921962e-14      1.06200982e-01      1.06200982e-01      1.59763575e+19      1.59763575e+19
d       3.85038860e+00      6.22997733e-14      6.22997733e-14      9.71829748e-02      9.71829748e-02      1.09541441e+19      1.09541441e+19
d       3.85945596e+00      4.27218219e-14      4.27218219e-14      8.90115295e-02      8.90115295e-02      7.54718163e+18      7.54718163e+18
d       3.86852332e+00      2.92448222e-14      2.92448222e-14      8.15700666e-02      8.15700666e-02      5.19065640e+18      5.19065640e+18
d       3.87759067e+00      2.00462644e-14      2.00462644e-14      7.48055079e-02      7.48055079e-02      3.57470523e+18      3.57470523e+18
d       3.88665803e+00      1.36990103e-14      1.36990103e-14      6.86339035e-02      6.86339035e-02      2.45428341e+18      2.45428341e+18
d       3.89572539e+00      9.41185441e-15      9.41185441e-15      6.30271724e-02      6.30271724e-02      1.69408318e+18      1.69408318e+18
d       3.90479275e+00      6.39594491e-15      6.39594491e-15      5.78813760e-02      5.78813760e-02      1.15660096e+18      1.15660096e+18
d       3.91386010e+00      4.30545688e-15      4.30545688e-15      5.31673127e-02      5.31673127e-02      7.82190791e+17      7.82190791e+17
d       3.92292746e+00      2.91654841e-15      2.91654841e-15      4.88784710e-02      4.88784710e-02      5.32319779e+17      5.32319779e+17
d       3.93199482e+00      1.97600595e-15      1.97600595e-15      4.49527859e-02      4.49527859e-02      3.62323899e+17      3.62323899e+17
d       3.94106218e+00      1.33249068e-15      1.33249068e-15      4.13502362e-02      4.13502362e-02      2.45455976e+17      2.45455976e+17
d       3.95012953e+00      9.00831453e-16      9.00831453e-16      3.80509578e-02      3.80509578e-02      1.66705172e+17      1.66705172e+17
d       3.95919689e+00      6.12845922e-16      6.12845922e-16      3.50293446e-02      3.50293446e-02      1.13932692e+17      1.13932692e+17
d       3.96826425e+00      4.08884324e-16      4.08884324e-16      3.22264458e-02      3.22264458e-02      7.63632648e+16      7.63632648e+16
d       3.97733161e+00      2.75905043e-16      2.75905043e-16      2.96693144e-02      2.96693144e-02      5.17637940e+16      5.17637940e+16
d       3.98639896e+00      1.82717936e-16      1.82717936e-16      2.72910853e-02      2.72910853e-02      3.44370198e+16      3.44370198e+16
d       3.99546632e+00      1.21942020e-16      1.21942020e-16      2.51020260e-02      2.51020260e-02      2.30871962e+16      2.30871962e+16
