v VICTORYDEVICE
# silvaco.file ASCII version=1.14.23 format=1 contents=SDB,Tables=1

Copyright "###################################################################"
Copyright "#                    Copyright Silvaco Inc. (c)                   #"
Copyright "#                            1992-2014                            #"
Copyright "#                                                                 #"
Copyright "# This file format and the following Key are copyright Silvaco    #"
Copyright "# International. You may not use, this format or key without      #"
Copyright "# reproducing this message in full and obtaining                  #"
Copyright "# express written permission from Silvaco Inc.                    #"
Copyright "#                                                                 #"
Copyright "# To obtain such permission please contact: Silvaco Inc.          #"
Copyright "#                                           support@silvaco.com   #"
Copyright "#                                                                 #"
Copyright "# KEY=SVC86hn7562asdx                       PROD=345              #"
Copyright "###################################################################"
#This file was created by VICTORYDEVICE version 1.12.1.R
#victoryd 1.12.1.R (Thu Apr 12 10:17:20 PDT 2018)
#libSDB 1.12.42 (Thu Oct 26 19:20:24 PDT 2017)
a VICTORYDEVICE
j 1 9
k 4
r 1 92
x 3 43 42 46
w pwell 1 1
r 2 92
x 3 43 42 46
w source 1 2
r 3 92
x 3 43 42 46
w gate 1 3
r 4 92
x 3 43 42 46
w drain 1 4
y 1 15
z 300
p 12 2 601 20 3 602 21 4 603 22 5 604 23
d 0 0 -1.5969507998237704e-17 0 0 -3.7055600290665339e-06 0.85 0.85 -1.2082663629623875e-15 0.01 0.01 3.7055600292447365e-06
d 0 0 -6.0161577380260714e-17 0 0 -1.7917090296212952e-05 0.85 0.85 9.9596500094329128e-16 0.05 0.05 1.7917090296258566e-05
d 0 0 -5.6502728752939377e-17 0 0 -3.4152432282125373e-05 0.85 0.85 -2.3130974561670567e-15 0.1 0.1 3.4152432537713153e-05
d 0 0 -6.1032852286131816e-17 0 0 -4.8455059149367915e-05 0.85 0.85 1.4519888231845545e-15 0.15 0.15 4.845506012267543e-05
d 0 0 -8.2711561204000899e-17 0 0 -6.060478957315291e-05 0.85 0.85 -3.2560828792152136e-16 0.2 0.2 6.0604789571643599e-05
d 0 0 -9.0720223124080762e-17 0 0 -7.0450639423892339e-05 0.85 0.85 3.4006169065075995e-16 0.25 0.25 7.0450639422083754e-05
d 0 0 -8.8965726187483451e-17 0 0 -7.7966478014754737e-05 0.85 0.85 4.8388658788256883e-16 0.3 0.3 7.796647801348927e-05
d 0 0 -1.3548850994521532e-16 0 0 -8.3314352671437012e-05 0.85 0.85 -1.1040248281439896e-15 0.35 0.35 8.3314352666250257e-05
d 0 0 -1.6663901637697681e-16 0 0 -8.6874150417469003e-05 0.85 0.85 1.9329187265418811e-17 0.4 0.4 8.6874150412386521e-05
d 0 0 -2.0120640247585359e-16 0 0 -8.9167925725123858e-05 0.85 0.85 -8.1949870939727934e-16 0.45 0.45 8.9167925721676068e-05
d 0 0 -2.3547363148162425e-16 0 0 -9.0695847839670512e-05 0.85 0.85 -1.1831274589931374e-15 0.5 0.5 9.0695847839122827e-05
d 0 0 -2.4265531998467701e-16 0 0 -9.1811569513486574e-05 0.85 0.85 9.069555294034246e-16 0.55 0.55 9.1811569307004661e-05
d 0 0 -2.6160854479797049e-16 0 0 -9.270236125696581e-05 0.85 0.85 -1.318032371807914e-15 0.6 0.6 9.270236111334987e-05
d 0 0 -2.6955051140475234e-16 0 0 -9.3449820527642148e-05 0.85 0.85 5.8768892676774409e-16 0.65 0.65 9.3449820483765543e-05
d 0 0 -2.7353524819888577e-16 0 0 -9.4094600173402375e-05 0.85 0.85 -1.258292541114399e-16 0.7 0.7 9.4094600191370247e-05
d 0 0 -2.7742820522580372e-16 0 0 -9.4667824011209316e-05 0.85 0.85 7.1198684958205985e-16 0.75000000000000011 0.75000000000000011 9.4667824048592621e-05
d 0 0 -3.1944880266229207e-16 0 0 -9.519363904305176e-05 0.85 0.85 3.1012699492448814e-16 0.8 0.8 9.5193639088687266e-05
d 0 0 -3.4663537847711417e-16 0 0 -9.5686152995160288e-05 0.85 0.85 4.1321839937522293e-16 0.85 0.85 9.5686153027416495e-05
Q 2 13 "Voltage #01"
Q 3 13 "Voltage #02"
Q 4 13 "Voltage #03"
Q 5 13 "Voltage #04"
Q 20 13 "Current #01"
Q 21 13 "Current #02"
Q 22 13 "Current #03"
Q 23 13 "Current #04"
Q 92 21 Contact
Q 601 13 "Int. Voltage #01"
Q 602 13 "Int. Voltage #02"
Q 603 13 "Int. Voltage #03"
Q 604 13 "Int. Voltage #04"
EOF 1082511551
