v VICTORYDEVICE
# silvaco.file ASCII version=1.14.23 format=1 contents=SDB,Tables=1

Copyright "###################################################################"
Copyright "#                    Copyright Silvaco Inc. (c)                   #"
Copyright "#                            1992-2014                            #"
Copyright "#                                                                 #"
Copyright "# This file format and the following Key are copyright Silvaco    #"
Copyright "# International. You may not use, this format or key without      #"
Copyright "# reproducing this message in full and obtaining                  #"
Copyright "# express written permission from Silvaco Inc.                    #"
Copyright "#                                                                 #"
Copyright "# To obtain such permission please contact: Silvaco Inc.          #"
Copyright "#                                           support@silvaco.com   #"
Copyright "#                                                                 #"
Copyright "# KEY=SVC86hn7562asdx                       PROD=345              #"
Copyright "###################################################################"
#This file was created by VICTORYDEVICE version 1.12.1.R
#victoryd 1.12.1.R (Thu Apr 12 10:17:20 PDT 2018)
#libSDB 1.12.42 (Thu Oct 26 19:20:24 PDT 2017)
a VICTORYDEVICE
j 1 9
k 4
r 1 92
x 3 43 42 46
w pwell 1 1
r 2 92
x 3 43 42 46
w source 1 2
r 3 92
x 3 43 42 46
w gate 1 3
r 4 92
x 3 43 42 46
w drain 1 4
y 1 15
z 300
p 12 2 601 20 3 602 21 4 603 22 5 604 23
d 0 0 -3.0412528010854562e-16 0 0 -3.7874772666992696e-10 0.01 0.01 -9.1334923254056151e-17 0.85 0.85 3.7874801248945944e-10
d 0 0 -2.9993587123755311e-16 0 0 -1.2651662240241352e-09 0.05 0.05 4.0139803807838421e-17 0.85 0.85 1.2651665794018628e-09
d 0 0 -2.9993748577284102e-16 0 0 -5.7048157540018432e-09 0.1 0.1 -1.2990135803924735e-16 0.85 0.85 5.7048160477518469e-09
d 0 0 -3.0197369573893896e-16 0 0 -2.5525145363114371e-08 0.15 0.15 -2.5035526562715461e-17 0.85 0.85 2.5525145645294854e-08
d 0 0 -2.9198193357970082e-16 0 0 -1.1110949060440742e-07 0.2 0.2 -2.8388262624282236e-16 0.85 0.85 1.1110949091966198e-07
d 0 0 -3.005042685316378e-16 0 0 -4.4725338154714704e-07 0.25 0.25 7.9190483180796785e-16 0.85 0.85 4.4725338182532372e-07
d 0 0 -2.8977800924002088e-16 0 0 -1.5160722267002517e-06 0.3 0.3 1.0415244819953495e-15 0.85 0.85 1.5160722269648364e-06
d 0 0 -3.0810975014272144e-16 0 0 -3.9899011387839724e-06 0.35 0.35 -4.3812536835755474e-16 0.85 0.85 3.9899011335756134e-06
d 0 0 -3.0977255901126904e-16 0 0 -8.2232732571604827e-06 0.4 0.4 -7.7855846168382385e-17 0.85 0.85 8.2232732572566683e-06
d 0 0 -2.9718182889506274e-16 0 0 -1.4128886702221406e-05 0.45 0.45 1.5015539731301782e-15 0.85 0.85 1.4128886702279612e-05
d 0 0 -3.0225212269202466e-16 0 0 -2.1444989837510527e-05 0.5 0.5 -8.6239647906826082e-16 0.85 0.85 2.1444989838677013e-05
d 0 0 -2.9154572260625528e-16 0 0 -2.9911281879374753e-05 0.55 0.55 6.5546904636396935e-16 0.85 0.85 2.9911281881087305e-05
d 0 0 -2.9777496519996376e-16 0 0 -3.9314655288552902e-05 0.6 0.6 3.9081949922276557e-16 0.85 0.85 3.9314655290098845e-05
d 0 0 -3.0386951684228558e-16 0 0 -4.9489038344960169e-05 0.65 0.65 -2.1340411443467989e-16 0.85 0.85 4.948903834643175e-05
d 0 0 -2.9672067172373039e-16 0 0 -6.0305499610313115e-05 0.7 0.7 2.4489486090628284e-16 0.85 0.85 6.0305499608663589e-05
d 0 0 -3.0961391113816551e-16 0 0 -7.166201302838682e-05 0.75000000000000011 0.75000000000000011 8.1695308029931249e-16 0.85 0.85 7.1662012454281604e-05
d 0 0 -3.3292952367539279e-16 0 0 -8.3477477254052562e-05 0.8 0.8 5.1469008574208468e-16 0.85 0.85 8.3477476822345253e-05
d 0 0 -3.4565822227028188e-16 0 0 -9.5686153844218687e-05 0.85 0.85 5.6588023046314802e-16 0.85 0.85 9.568615358649303e-05
Q 2 13 "Voltage #01"
Q 3 13 "Voltage #02"
Q 4 13 "Voltage #03"
Q 5 13 "Voltage #04"
Q 20 13 "Current #01"
Q 21 13 "Current #02"
Q 22 13 "Current #03"
Q 23 13 "Current #04"
Q 92 21 Contact
Q 601 13 "Int. Voltage #01"
Q 602 13 "Int. Voltage #02"
Q 603 13 "Int. Voltage #03"
Q 604 13 "Int. Voltage #04"
EOF 1082511551
