v VICTORYDEVICE
# silvaco.file ASCII version=1.14.23 format=1 contents=SDB,Tables=1

Copyright "###################################################################"
Copyright "#                    Copyright Silvaco Inc. (c)                   #"
Copyright "#                            1992-2014                            #"
Copyright "#                                                                 #"
Copyright "# This file format and the following Key are copyright Silvaco    #"
Copyright "# International. You may not use, this format or key without      #"
Copyright "# reproducing this message in full and obtaining                  #"
Copyright "# express written permission from Silvaco Inc.                    #"
Copyright "#                                                                 #"
Copyright "# To obtain such permission please contact: Silvaco Inc.          #"
Copyright "#                                           support@silvaco.com   #"
Copyright "#                                                                 #"
Copyright "# KEY=SVC86hn7562asdx                       PROD=345              #"
Copyright "###################################################################"
#This file was created by VICTORYDEVICE version 1.12.1.R
#victoryd 1.12.1.R (Thu Apr 12 10:17:20 PDT 2018)
#libSDB 1.12.42 (Thu Oct 26 19:20:24 PDT 2017)
a VICTORYDEVICE
j 1 9
k 4
r 1 92
x 3 43 42 46
w pwell 1 1
r 2 92
x 3 43 42 46
w source 1 2
r 3 92
x 3 43 42 46
w gate 1 3
r 4 92
x 3 43 42 46
w drain 1 4
y 1 15
z 300
p 12 2 601 20 3 602 21 4 603 22 5 604 23
d 0 0 -3.711153280597081e-17 0 0 -2.0519107577650424e-10 0.01 0.01 -9.476050740549654e-17 0.05 0.05 2.0519110919850813e-10
d 0 0 -4.9772659787682908e-17 0 0 -6.7457325384730965e-10 0.05 0.05 8.9606052577691791e-17 0.05 0.05 6.7457327092696213e-10
d 0 0 -4.7362901096574112e-17 0 0 -2.9775635399046185e-09 0.1 0.1 -2.7768441673841039e-17 0.05 0.05 2.9775635656376296e-09
d 0 0 -4.4508989845328373e-17 0 0 -1.3038908126667812e-08 0.15 0.15 -1.5771075943102484e-16 0.05 0.05 1.3038908156516406e-08
d 0 0 -4.6040455195614717e-17 0 0 -5.5716695103362664e-08 0.2 0.2 2.7761651988668003e-16 0.05 0.05 5.5716695135908111e-08
d 0 0 -4.2647592565118658e-17 0 0 -2.2186020990635023e-07 0.25 0.25 3.0702300623680927e-16 0.05 0.05 2.2186020992402802e-07
d 0 0 -4.3825389896985495e-17 0 0 -7.4698118237261279e-07 0.3 0.3 -4.6359416385016438e-16 0.05 0.05 7.4698118240555867e-07
d 0 0 -4.109365146737924e-17 0 0 -1.901710035824058e-06 0.35 0.35 1.2500573549509577e-16 0.05 0.05 1.9017100347961094e-06
d 0 0 -4.9311417658480761e-17 0 0 -3.6056969999019193e-06 0.4 0.4 -5.665772137798106e-16 0.05 0.05 3.6056969999302788e-06
d 0 0 -4.3066376048140141e-17 0 0 -5.5210477208667346e-06 0.45 0.45 -1.6159959169250766e-16 0.05 0.05 5.5210477210527261e-06
d 0 0 -4.5168977466433089e-17 0 0 -7.4218461900593693e-06 0.5 0.5 -1.3043067922829921e-15 0.05 0.05 7.4218461914606396e-06
d 0 0 -3.94046388775417e-17 0 0 -9.2262833586637029e-06 0.55 0.55 -1.2450603891219032e-15 0.05 0.05 9.226283359346984e-06
d 0 0 -6.3887962565611865e-17 0 0 -1.0916837566452567e-05 0.6 0.6 7.044989594233924e-17 0.05 0.05 1.0916837566769659e-05
d 0 0 -6.3764056371680177e-17 0 0 -1.2497371418996044e-05 0.65 0.65 1.3819388040241204e-15 0.05 0.05 1.2497371429588444e-05
d 0 0 -5.2514015631823517e-17 0 0 -1.3977614335842549e-05 0.7 0.7 -7.0296620021206529e-16 0.05 0.05 1.3977614316366421e-05
d 0 0 -5.3714769293815304e-17 0 0 -1.5368058725450795e-05 0.75000000000000011 0.75000000000000011 1.1939916198499642e-15 0.05 0.05 1.5368058708591675e-05
d 0 0 -5.9217094175534853e-17 0 0 -1.6678385722761225e-05 0.8 0.8 1.9014425222740978e-15 0.05 0.05 1.6678385714323198e-05
d 0 0 -6.0180827479100681e-17 0 0 -1.7917090559236411e-05 0.85 0.85 -7.6596715020238091e-16 0.05 0.05 1.7917090558418787e-05
Q 2 13 "Voltage #01"
Q 3 13 "Voltage #02"
Q 4 13 "Voltage #03"
Q 5 13 "Voltage #04"
Q 20 13 "Current #01"
Q 21 13 "Current #02"
Q 22 13 "Current #03"
Q 23 13 "Current #04"
Q 92 21 Contact
Q 601 13 "Int. Voltage #01"
Q 602 13 "Int. Voltage #02"
Q 603 13 "Int. Voltage #03"
Q 604 13 "Int. Voltage #04"
EOF 1082511551
