v ATLAS
# This file was created by ATLAS version 5.26.1.R on Wed Apr 18 10:57:24 2018.
#SSF 2.0 generic
##############################################################################
#                    Copyright (c) 1984 - 2018                               #
#                    Silvaco Inc. All rights reserved                        #
#                                                                            #
# This file format and the following Key are copyright Silvaco Inc.          #
# You may not use, this format or key without reproducing this message in    #
# full and obtaining express written permission from Silvaco Inc.            #
#                                                                            #
# To obtain such permission please contact: Silvaco Inc.                     #
#                                           support@silvaco.com              #
#                                                                            #
# KEY=SVC86hn7562asdx                       PROD=345                         #
##############################################################################
y 1 15
z 300
f 3 "emitter" "base" "collector" 
p 10 2 601 20 3 602 21 4 603 22 504 
d 0.000000000e+00 0.000000000e+00 -6.725741422e-11 2.600000000e-01 2.600000000e-01 4.790792833e-12 1.000000000e+01 1.000000000e+01 6.246653966e-11 1.000000000e+11 
d 0.000000000e+00 0.000000000e+00 -1.420457258e-10 2.800000000e-01 2.800000000e-01 7.710376088e-12 1.000000000e+01 1.000000000e+01 1.343354438e-10 1.000000000e+11 
d 0.000000000e+00 0.000000000e+00 -3.021459011e-10 3.000000000e-01 3.000000000e-01 1.231883674e-11 1.000000000e+01 1.000000000e+01 2.898271307e-10 1.000000000e+11 
d 0.000000000e+00 0.000000000e+00 -6.459961116e-10 3.200000000e-01 3.200000000e-01 1.975219125e-11 1.000000000e+01 1.000000000e+01 6.262438932e-10 1.000000000e+11 
d 0.000000000e+00 0.000000000e+00 -1.386141338e-09 3.400000000e-01 3.400000000e-01 3.206641392e-11 1.000000000e+01 1.000000000e+01 1.354075012e-09 1.000000000e+11 
d 0.000000000e+00 0.000000000e+00 -2.981808757e-09 3.600000000e-01 3.600000000e-01 5.311387470e-11 1.000000000e+01 1.000000000e+01 2.928694956e-09 1.000000000e+11 
d 0.000000000e+00 0.000000000e+00 -6.425410177e-09 3.800000000e-01 3.800000000e-01 9.034639633e-11 1.000000000e+01 1.000000000e+01 6.335063727e-09 1.000000000e+11 
d 0.000000000e+00 0.000000000e+00 -1.386236230e-08 4.000000000e-01 4.000000000e-01 1.585774813e-10 1.000000000e+01 1.000000000e+01 1.370378482e-08 1.000000000e+11 
d 0.000000000e+00 0.000000000e+00 -2.993181852e-08 4.200000000e-01 4.200000000e-01 2.879218645e-10 1.000000000e+01 1.000000000e+01 2.964389665e-08 1.000000000e+11 
d 0.000000000e+00 0.000000000e+00 -6.466184140e-08 4.400000000e-01 4.400000000e-01 5.406849961e-10 1.000000000e+01 1.000000000e+01 6.412115636e-08 1.000000000e+11 
d 0.000000000e+00 0.000000000e+00 -1.397377621e-07 4.600000000e-01 4.600000000e-01 1.047492698e-09 1.000000000e+01 1.000000000e+01 1.386902694e-07 1.000000000e+11 
d 0.000000000e+00 0.000000000e+00 -3.020410814e-07 4.800000000e-01 4.800000000e-01 2.084907412e-09 1.000000000e+01 1.000000000e+01 2.999561740e-07 1.000000000e+11 
d 0.000000000e+00 0.000000000e+00 -6.529442294e-07 5.000000000e-01 5.000000000e-01 4.242623770e-09 1.000000000e+01 1.000000000e+01 6.487016057e-07 1.000000000e+11 
d 0.000000000e+00 0.000000000e+00 -1.411579794e-06 5.200000000e-01 5.200000000e-01 8.784348882e-09 1.000000000e+01 1.000000000e+01 1.402795445e-06 1.000000000e+11 
d 0.000000000e+00 0.000000000e+00 -3.051525570e-06 5.400000000e-01 5.400000000e-01 1.842776711e-08 1.000000000e+01 1.000000000e+01 3.033097803e-06 1.000000000e+11 
d 0.000000000e+00 0.000000000e+00 -6.596604546e-06 5.600000000e-01 5.600000000e-01 3.903192585e-08 1.000000000e+01 1.000000000e+01 6.557572620e-06 1.000000000e+11 
d 0.000000000e+00 0.000000000e+00 -1.425844244e-05 5.800000000e-01 5.800000000e-01 8.325003861e-08 1.000000000e+01 1.000000000e+01 1.417519240e-05 1.000000000e+11 
d 0.000000000e+00 0.000000000e+00 -3.081610238e-05 6.000000000e-01 6.000000000e-01 1.784413592e-07 1.000000000e+01 1.000000000e+01 3.063766102e-05 1.000000000e+11 
d 0.000000000e+00 0.000000000e+00 -6.658898195e-05 6.200000000e-01 6.200000000e-01 3.838120867e-07 1.000000000e+01 1.000000000e+01 6.620516986e-05 1.000000000e+11 
d 0.000000000e+00 0.000000000e+00 -1.438502059e-04 6.400000000e-01 6.400000000e-01 8.275568469e-07 1.000000000e+01 1.000000000e+01 1.430226491e-04 1.000000000e+11 
d 0.000000000e+00 0.000000000e+00 -3.106574575e-04 6.600000000e-01 6.600000000e-01 1.787324917e-06 1.000000000e+01 1.000000000e+01 3.088701326e-04 1.000000000e+11 
d 0.000000000e+00 0.000000000e+00 -6.705535907e-04 6.800000000e-01 6.800000000e-01 3.864412164e-06 1.000000000e+01 1.000000000e+01 6.666891786e-04 1.000000000e+11 
d 0.000000000e+00 0.000000000e+00 -1.446210032e-03 7.000000000e-01 7.000000000e-01 8.360115680e-06 1.000000000e+01 1.000000000e+01 1.437849916e-03 1.000000000e+11 
d 0.000000000e+00 0.000000000e+00 -3.114781777e-03 7.200000000e-01 7.200000000e-01 1.808588409e-05 1.000000000e+01 1.000000000e+01 3.096695893e-03 1.000000000e+11 
d 0.000000000e+00 0.000000000e+00 -6.691099068e-03 7.400000000e-01 7.400000000e-01 3.909565024e-05 1.000000000e+01 1.000000000e+01 6.652003418e-03 1.000000000e+11 
d 0.000000000e+00 0.000000000e+00 -1.430155459e-02 7.600000000e-01 7.600000000e-01 8.435263405e-05 1.000000000e+01 1.000000000e+01 1.421720195e-02 1.000000000e+11 
d 0.000000000e+00 0.000000000e+00 -3.026742631e-02 7.800000000e-01 7.800000000e-01 1.813461490e-04 1.000000000e+01 1.000000000e+01 3.008608016e-02 1.000000000e+11 
d 0.000000000e+00 0.000000000e+00 -6.286556380e-02 8.000000000e-01 8.000000000e-01 3.872079894e-04 1.000000000e+01 1.000000000e+01 6.247835582e-02 1.000000000e+11 
d 0.000000000e+00 0.000000000e+00 -1.261113148e-01 8.200000000e-01 8.200000000e-01 8.156325050e-04 1.000000000e+01 1.000000000e+01 1.252956823e-01 1.000000000e+11 
d 0.000000000e+00 0.000000000e+00 -2.385908602e-01 8.400000000e-01 8.400000000e-01 1.674931024e-03 1.000000000e+01 1.000000000e+01 2.369159292e-01 1.000000000e+11 
