v ATLAS
# This file was created by ATLAS version 5.26.1.R on Tue Apr 17 19:49:46 2018.
#SSF 2.0 generic
##############################################################################
#                    Copyright (c) 1984 - 2018                               #
#                    Silvaco Inc. All rights reserved                        #
#                                                                            #
# This file format and the following Key are copyright Silvaco Inc.          #
# You may not use, this format or key without reproducing this message in    #
# full and obtaining express written permission from Silvaco Inc.            #
#                                                                            #
# To obtain such permission please contact: Silvaco Inc.                     #
#                                           support@silvaco.com              #
#                                                                            #
# KEY=SVC86hn7562asdx                       PROD=345                         #
##############################################################################
Q 10000 1 "V[1]" 5 1201 7 1
Q 10001 1 "V[2]" 5 1201 7 2
Q 10002 1 "V[3]" 5 1201 7 3
Q 10003 1 "V[4]" 5 1201 7 4
X 1 vin
X 2 an_drain
X 3 an_gate
X 4 an_source
X 5 an_substrate
X 6 r1
X 7 r2
X 8 vcc
X 9 c1
p 14 10000 10001 10002 10003 82 1301 1302 1303 1304 1305 1306 1307 1308 1309
d  0.0000000000e+00 4.9999999922e+00 4.5324778466e-01 5.0000000000e+00 3.0000000000e+02 0.0000000000e+00 7.7928009253e-13 -0.0000000000e+00 -7.7909478511e-13 -1.8530741756e-16 -7.7978006274e-13 -4.5467523041e-04 -4.5467522231e-04 0.0000000000e+00
d  0.0000000000e+00 4.9999999922e+00 4.5324778466e-01 5.0000000000e+00 3.0000000000e+02 0.0000000000e+00 7.7928009253e-13 -0.0000000000e+00 -7.7909478511e-13 -1.8530741756e-16 -7.7978006274e-13 -4.5467522153e-04 -4.5467522231e-04 0.0000000000e+00
d  2.5000000000e-01 4.9999980510e+00 4.5324800282e-01 5.0000000000e+00 3.0000000000e+02 -2.5000000000e-17 1.9489464448e-10 -0.0000000000e+00 -1.9489445903e-10 -1.8544980443e-16 -1.9489514438e-10 -4.5467519972e-04 -4.5467539461e-04 0.0000000000e+00
d  5.0000000000e-01 4.9993410419e+00 4.5332185575e-01 5.0000000000e+00 3.0000000000e+02 -5.0000000000e-17 6.5895813448e-08 -0.0000000000e+00 -6.5895813262e-08 -1.8562016713e-16 -6.5895813946e-08 -4.5466781443e-04 -4.5473371024e-04 0.0000000000e+00
d  7.5000000000e-01 4.8892626267e+00 4.6606570061e-01 5.0000000000e+00 3.0000000000e+02 -7.5000000000e-17 1.1073737330e-05 -0.0000000000e+00 -1.1073737330e-05 -1.8429433360e-16 -1.1073737320e-05 -4.5339342994e-04 -4.6446716727e-04 0.0000000000e+00
d  1.0000000000e+00 3.9745889433e+00 6.1197368848e-01 5.0000000000e+00 3.0000000000e+02 -1.0000000000e-16 1.0254110567e-04 -0.0000000000e+00 -1.0254110567e-04 -1.6671386692e-16 -1.0254110565e-04 -4.3880263116e-04 -5.4134373682e-04 0.0000000000e+00
d  1.2500000000e+00 2.1927870741e+00 2.8357872674e+00 5.0000000000e+00 3.0000000000e+02 -1.2500000000e-16 2.8072129259e-04 -0.0000000000e+00 -2.8072129259e-04 -1.2579203643e-16 -2.8072129259e-04 -2.1642127326e-04 -4.9714256585e-04 0.0000000000e+00
d  1.3750000000e+00 1.1954831744e+00 4.8869392422e+00 5.0000000000e+00 3.0000000000e+02 -1.3750000000e-16 3.8045168252e-04 -0.0000000000e+00 -3.8045168252e-04 -1.0262240335e-16 -3.8045168273e-04 -1.1306075643e-05 -3.9175775834e-04 0.0000000000e+00
d  1.5000000000e+00 4.8170314706e-01 4.9999998807e+00 5.0000000000e+00 3.0000000000e+02 -1.5000000000e-16 4.5182968529e-04 -0.0000000000e+00 -4.5182968529e-04 -8.7541683980e-17 -4.5182968529e-04 -1.1934641364e-11 -4.5182969723e-04 0.0000000000e+00
d  1.7500000000e+00 2.7198859336e-01 4.9999998807e+00 5.0000000000e+00 3.0000000000e+02 -1.7500000000e-16 4.7280114067e-04 -0.0000000000e+00 -4.7280114067e-04 -8.3141306724e-17 -4.7280114066e-04 -1.1934641364e-11 -4.7280115260e-04 0.0000000000e+00
d  2.0000000000e+00 2.0619741691e-01 4.9999998807e+00 5.0000000000e+00 3.0000000000e+02 -2.0000000000e-16 4.7938025831e-04 -0.0000000000e+00 -4.7938025831e-04 -8.1561695011e-17 -4.7938025831e-04 -1.1934641364e-11 -4.7938027024e-04 0.0000000000e+00
d  2.2500000000e+00 1.6924053581e-01 4.9999998807e+00 5.0000000000e+00 3.0000000000e+02 -2.2500000000e-16 4.8307593999e-04 -0.0000000000e+00 -4.8307593999e-04 -8.0484482671e-17 -4.8307594667e-04 -1.1934641364e-11 -4.8307595835e-04 0.0000000000e+00
d  2.5000000000e+00 1.4475187275e-01 4.9999998807e+00 5.0000000000e+00 3.0000000000e+02 -2.5000000000e-16 4.8552481249e-04 -0.0000000000e+00 -4.8552481249e-04 -7.9564513261e-17 -4.8552481273e-04 -1.1934641364e-11 -4.8552482466e-04 0.0000000000e+00
d  2.7500000000e+00 1.2707778395e-01 4.9999998807e+00 5.0000000000e+00 3.0000000000e+02 -2.7500000000e-16 4.8729222159e-04 -0.0000000000e+00 -4.8729222159e-04 -7.8683583543e-17 -4.8729222161e-04 -1.1934641364e-11 -4.8729223354e-04 0.0000000000e+00
d  3.0000000000e+00 1.1361818001e-01 4.9999998807e+00 5.0000000000e+00 3.0000000000e+02 -3.0000000000e-16 4.8863818200e-04 -0.0000000000e+00 -4.8863818200e-04 -7.7794978853e-17 -4.8863818200e-04 -1.1934641364e-11 -4.8863819393e-04 0.0000000000e+00
d  3.2500000000e+00 1.0297733621e-01 4.9999998807e+00 5.0000000000e+00 3.0000000000e+02 -3.2500000000e-16 4.8970226638e-04 -0.0000000000e+00 -4.8970226638e-04 -7.6882021493e-17 -4.8970226638e-04 -1.1934641364e-11 -4.8970227831e-04 0.0000000000e+00
d  3.5000000000e+00 9.4327840522e-02 4.9999998807e+00 5.0000000000e+00 3.0000000000e+02 -3.5000000000e-16 4.9056721595e-04 -0.0000000000e+00 -4.9056721595e-04 -7.5941838129e-17 -4.9056721595e-04 -1.1934641364e-11 -4.9056722788e-04 0.0000000000e+00
d  3.7500000000e+00 8.7143650194e-02 4.9999998807e+00 5.0000000000e+00 3.0000000000e+02 -3.7500000000e-16 4.9128563498e-04 -0.0000000000e+00 -4.9128563498e-04 -7.4977822387e-17 -4.9128563498e-04 -1.1934641364e-11 -4.9128564692e-04 0.0000000000e+00
d  4.0000000000e+00 8.1072362978e-02 4.9999998807e+00 5.0000000000e+00 3.0000000000e+02 -4.0000000000e-16 4.9189276370e-04 -0.0000000000e+00 -4.9189276370e-04 -7.3995891212e-17 -4.9189276370e-04 -1.1934641364e-11 -4.9189277564e-04 0.0000000000e+00
d  4.2500000000e+00 7.5868071873e-02 4.9999998807e+00 5.0000000000e+00 3.0000000000e+02 -4.2500000000e-16 4.9241302599e-04 -0.0000000000e+00 -4.9241302599e-04 -7.3002597005e-17 -4.9241319543e-04 -1.1934641364e-11 -4.9241320475e-04 0.0000000000e+00
d  4.5000000000e+00 7.1353459834e-02 4.9999998807e+00 5.0000000000e+00 3.0000000000e+02 -4.5000000000e-16 4.9286455507e-04 -0.0000000000e+00 -4.9286455507e-04 -7.2004239226e-17 -4.9286465547e-04 -1.1934641364e-11 -4.9286466595e-04 0.0000000000e+00
d  4.7500000000e+00 6.7397165835e-02 4.9999998807e+00 5.0000000000e+00 3.0000000000e+02 -4.7500000000e-16 4.9326022302e-04 -0.0000000000e+00 -4.9326022302e-04 -7.1006408048e-17 -4.9326028425e-04 -1.1934641364e-11 -4.9326029535e-04 0.0000000000e+00
d  5.0000000000e+00 6.3899640882e-02 4.9999998807e+00 5.0000000000e+00 3.0000000000e+02 -5.0000000000e-16 4.9360999818e-04 -0.0000000000e+00 -4.9360999818e-04 -7.0013884858e-17 -4.9361003641e-04 -1.1934641364e-11 -4.9361004785e-04 0.0000000000e+00
