v ATLAS
# This file was created by ATLAS version 5.26.1.R on Thu Apr 19 17:33:12 2018.
#SSF 2.0 generic
##############################################################################
#                    Copyright (c) 1984 - 2018                               #
#                    Silvaco Inc. All rights reserved                        #
#                                                                            #
# This file format and the following Key are copyright Silvaco Inc.          #
# You may not use, this format or key without reproducing this message in    #
# full and obtaining express written permission from Silvaco Inc.            #
#                                                                            #
# To obtain such permission please contact: Silvaco Inc.                     #
#                                           support@silvaco.com              #
#                                                                            #
# KEY=SVC86hn7562asdx                       PROD=345                         #
##############################################################################
y 3 700 711 15
z 0.1 0.000992917 300
f 4 "gate" "source" "drain" "substrate" 
o 1 nettcharge
p 20 61 2 601 20 1006000 3 602 21 1006001 4 603 22 1006002 5 604 23 1006003 2232 2233 3000 
d 1.00000000000000e-12 1.600000000e-02 1.600000000e-02 4.149208775e-06 0.000000000e+00 0.000000000e+00 0.000000000e+00 -6.125168398e-07 0.000000000e+00 0.000000000e+00 0.000000000e+00 -6.125168396e-07 0.000000000e+00 0.000000000e+00 0.000000000e+00 -2.924175095e-06 0.000000000e+00  0.000000000e+00 0.000000000e+00 -4.950688318e-51 
d 3.00000000000000e-12 4.800000000e-02 4.800000000e-02 4.067219706e-06 0.000000000e+00 0.000000000e+00 0.000000000e+00 -4.102076351e-07 0.000000000e+00 0.000000000e+00 0.000000000e+00 -4.102076339e-07 0.000000000e+00 0.000000000e+00 0.000000000e+00 -3.246804438e-06 0.000000000e+00  0.000000000e+00 0.000000000e+00 -1.472221527e-50 
d 7.00000000000000e-12 1.120000000e-01 1.120000000e-01 4.012738754e-06 0.000000000e+00 0.000000000e+00 0.000000000e+00 -4.460367596e-07 0.000000000e+00 0.000000000e+00 0.000000000e+00 -4.460367592e-07 0.000000000e+00 0.000000000e+00 0.000000000e+00 -3.120665236e-06 0.000000000e+00  0.000000000e+00 0.000000000e+00 -3.374312421e-50 
d 1.50000000000000e-11 2.400000000e-01 2.400000000e-01 3.913362406e-06 0.000000000e+00 0.000000000e+00 0.000000000e+00 -4.619587163e-07 0.000000000e+00 0.000000000e+00 0.000000000e+00 -4.619587159e-07 0.000000000e+00 0.000000000e+00 0.000000000e+00 -2.989444974e-06 0.000000000e+00  0.000000000e+00 0.000000000e+00 -6.978010323e-50 
d 3.10000000000000e-11 4.960000000e-01 4.960000000e-01 3.746150889e-06 0.000000000e+00 0.000000000e+00 0.000000000e+00 -4.999443470e-07 0.000000000e+00 0.000000000e+00 0.000000000e+00 -4.999443487e-07 0.000000000e+00 0.000000000e+00 0.000000000e+00 -2.746262192e-06 0.000000000e+00  0.000000000e+00 0.000000000e+00 -1.344618247e-49 
d 5.30241628712749e-11 8.483866059e-01 8.483866059e-01 3.572880552e-06 0.000000000e+00 0.000000000e+00 0.000000000e+00 -5.460381518e-07 0.000000000e+00 0.000000000e+00 0.000000000e+00 -5.460381535e-07 0.000000000e+00 0.000000000e+00 0.000000000e+00 -2.480804248e-06 0.000000000e+00  0.000000000e+00 0.000000000e+00 -2.102808996e-49 
d 6.88047980709474e-11 1.100876769e+00 1.100876769e+00 3.481304611e-06 0.000000000e+00 0.000000000e+00 0.000000000e+00 -5.778230613e-07 0.000000000e+00 0.000000000e+00 0.000000000e+00 -5.778230617e-07 0.000000000e+00 0.000000000e+00 0.000000000e+00 -2.325658488e-06 0.000000000e+00  0.000000000e+00 0.000000000e+00 -2.575245372e-49 
d 8.01521905143774e-11 1.282435048e+00 1.282435048e+00 3.465386154e-06 0.000000000e+00 0.000000000e+00 0.000000000e+00 -6.330579349e-07 0.000000000e+00 0.000000000e+00 0.000000000e+00 -6.330579373e-07 0.000000000e+00 0.000000000e+00 0.000000000e+00 -2.199270282e-06 0.000000000e+00  0.000000000e+00 0.000000000e+00 -1.049761640e-48 
d 9.73981991464093e-11 1.558371186e+00 1.558371186e+00 4.176817052e-06 0.000000000e+00 0.000000000e+00 0.000000000e+00 -1.306760978e-06 0.000000000e+00 0.000000000e+00 0.000000000e+00 -1.306761005e-06 0.000000000e+00 0.000000000e+00 0.000000000e+00 -1.563295071e-06 0.000000000e+00  0.000000000e+00 0.000000000e+00 -9.172680704e-47 
d 1.31890216410473e-10 2.110243463e+00 2.110243463e+00 7.115905689e-06 0.000000000e+00 0.000000000e+00 0.000000000e+00 -3.783935478e-06 0.000000000e+00 0.000000000e+00 0.000000000e+00 -3.783935598e-06 0.000000000e+00 0.000000000e+00 0.000000000e+00 4.519653867e-07 0.000000000e+00  1.193424552e-39 0.000000000e+00 -4.576478173e-45 
d 1.91613418803238e-10 3.065814701e+00 3.065814701e+00 6.334198407e-06 0.000000000e+00 0.000000000e+00 0.000000000e+00 -3.115709674e-06 0.000000000e+00 0.000000000e+00 0.000000000e+00 -3.115709749e-06 0.000000000e+00 0.000000000e+00 0.000000000e+00 -1.027789840e-07 0.000000000e+00  7.628278738e-26 0.000000000e+00 -1.626546951e-37 
d 2.99603163029834e-10 4.793650608e+00 4.793650608e+00 6.448701835e-06 5.529401049e-23 0.000000000e+00 0.000000000e+00 -3.215685627e-06 0.000000000e+00 0.000000000e+00 0.000000000e+00 -3.215685694e-06 0.000000000e+00 0.000000000e+00 0.000000000e+00 -1.733051341e-08 0.000000000e+00  1.312599231e-19 5.529401049e-23 -8.408746258e-31 
d 5.15582651483024e-10 8.249322424e+00 8.249322424e+00 6.479934157e-06 8.365449654e-11 0.000000000e+00 0.000000000e+00 -3.236953359e-06 0.000000000e+00 0.000000000e+00 0.000000000e+00 -3.236953427e-06 0.000000000e+00 0.000000000e+00 0.000000000e+00 -6.026998623e-09 0.000000000e+00  1.540730872e-10 8.365449654e-11 -1.584079505e-21 
d 9.47541628389404e-10 1.516066605e+01 1.516066605e+01 6.506757657e-06 1.162508746e-08 0.000000000e+00 0.000000000e+00 -3.252403665e-06 0.000000000e+00 0.000000000e+00 0.000000000e+00 -3.252403728e-06 0.000000000e+00 0.000000000e+00 0.000000000e+00 -1.959222832e-09 0.000000000e+00  1.178247786e-08 1.162508746e-08 -2.083928079e-20 
d 1.81145958220217e-09 1.600000000e+01 1.600000000e+01 -2.535799747e-07 2.546026723e-08 0.000000000e+00 0.000000000e+00 1.268551510e-07 0.000000000e+00 0.000000000e+00 0.000000000e+00 1.268551516e-07 0.000000000e+00 0.000000000e+00 0.000000000e+00 -1.023429605e-10 0.000000000e+00  2.562742894e-08 2.546026723e-08 -1.728754074e-19 
d 3.53929548982769e-09 1.600000000e+01 1.600000000e+01 2.553322222e-08 2.543981121e-08 0.000000000e+00 0.000000000e+00 -1.280974994e-08 0.000000000e+00 0.000000000e+00 0.000000000e+00 -1.280975080e-08 0.000000000e+00 0.000000000e+00 0.000000000e+00 5.651476529e-12 0.000000000e+00  2.561556788e-08 2.543981121e-08 -4.765018711e-19 
d 6.99496730507873e-09 1.600000000e+01 1.600000000e+01 2.550307345e-08 2.541708508e-08 0.000000000e+00 0.000000000e+00 -1.279184886e-08 0.000000000e+00 0.000000000e+00 0.000000000e+00 -1.279184822e-08 0.000000000e+00 0.000000000e+00 0.000000000e+00 -6.081358763e-15 0.000000000e+00  2.559254392e-08 2.541708508e-08 -1.082882801e-18 
d 1.39063109355808e-08 1.600000000e+01 1.600000000e+01 2.545918793e-08 2.537257763e-08 0.000000000e+00 0.000000000e+00 -1.276998626e-08 0.000000000e+00 0.000000000e+00 0.000000000e+00 -1.276998455e-08 0.000000000e+00 0.000000000e+00 0.000000000e+00 -1.920463630e-15 0.000000000e+00  2.554747580e-08 2.537257763e-08 -2.291899059e-18 
d 2.77289981965850e-08 1.600000000e+01 1.600000000e+01 2.537332446e-08 2.528624350e-08 0.000000000e+00 0.000000000e+00 -1.272719778e-08 0.000000000e+00 0.000000000e+00 0.000000000e+00 -1.272719843e-08 0.000000000e+00 0.000000000e+00 0.000000000e+00 -2.621054729e-15 0.000000000e+00  2.546004937e-08 2.528624350e-08 -4.695454242e-18 
d 5.53743727185933e-08 1.600000000e+01 1.600000000e+01 2.520796645e-08 2.512085729e-08 0.000000000e+00 0.000000000e+00 -1.264474589e-08 0.000000000e+00 0.000000000e+00 0.000000000e+00 -1.264474846e-08 0.000000000e+00 0.000000000e+00 0.000000000e+00 -3.787205881e-15 0.000000000e+00  2.529254269e-08 2.512085729e-08 -9.447493079e-18 
d 1.10665121762610e-07 1.600000000e+01 1.600000000e+01 2.489458071e-08 2.480853975e-08 0.000000000e+00 0.000000000e+00 -1.248845014e-08 0.000000000e+00 0.000000000e+00 0.000000000e+00 -1.248844908e-08 0.000000000e+00 0.000000000e+00 0.000000000e+00 -5.366103209e-15 0.000000000e+00  2.497624002e-08 2.480853975e-08 -1.874651585e-17 
d 2.21246619850643e-07 1.600000000e+01 1.600000000e+01 2.431154571e-08 2.422881337e-08 0.000000000e+00 0.000000000e+00 -1.219750700e-08 0.000000000e+00 0.000000000e+00 0.000000000e+00 -1.219750786e-08 0.000000000e+00 0.000000000e+00 0.000000000e+00 -7.377921052e-15 0.000000000e+00  2.438924092e-08 2.422881337e-08 -3.660394695e-17 
d 4.42409616026710e-07 1.600000000e+01 1.600000000e+01 2.326009928e-08 2.318432864e-08 0.000000000e+00 0.000000000e+00 -1.167239448e-08 0.000000000e+00 0.000000000e+00 0.000000000e+00 -1.167239598e-08 0.000000000e+00 0.000000000e+00 0.000000000e+00 -9.870851420e-15 0.000000000e+00  2.333224424e-08 2.318432864e-08 -6.978142561e-17 
d 8.84735608378844e-07 1.600000000e+01 1.600000000e+01 2.147483461e-08 2.141054459e-08 0.000000000e+00 0.000000000e+00 -1.077969851e-08 0.000000000e+00 0.000000000e+00 0.000000000e+00 -1.077969894e-08 0.000000000e+00 0.000000000e+00 0.000000000e+00 -1.265844176e-14 0.000000000e+00  2.153902263e-08 2.141054459e-08 -1.282263253e-16 
d 1.76938759308311e-06 1.600000000e+01 1.600000000e+01 1.873535092e-08 1.868607919e-08 0.000000000e+00 0.000000000e+00 -9.407690339e-09 0.000000000e+00 0.000000000e+00 0.000000000e+00 -9.407691197e-09 0.000000000e+00 0.000000000e+00 0.000000000e+00 -1.489630198e-14 0.000000000e+00  1.878861709e-08 1.868607919e-08 -2.237381874e-16 
d 3.53869156249165e-06 1.600000000e+01 1.600000000e+01 1.510481544e-08 1.507107593e-08 0.000000000e+00 0.000000000e+00 -7.586753331e-09 0.000000000e+00 0.000000000e+00 0.000000000e+00 -7.586753119e-09 0.000000000e+00 0.000000000e+00 0.000000000e+00 -1.540112249e-14 0.000000000e+00  1.514482509e-08 1.507107593e-08 -3.660105640e-16 
d 7.07729950130871e-06 1.600000000e+01 1.600000000e+01 1.126884249e-08 1.124822862e-08 0.000000000e+00 0.000000000e+00 -5.660714793e-09 0.000000000e+00 0.000000000e+00 0.000000000e+00 -5.660716291e-09 0.000000000e+00 0.000000000e+00 0.000000000e+00 -1.365967035e-14 0.000000000e+00  1.129598197e-08 1.124822862e-08 -5.565920816e-16 
d 1.41545153789429e-05 1.600000000e+01 1.600000000e+01 8.134222637e-09 8.123012955e-09 0.000000000e+00 0.000000000e+00 -4.085413071e-09 0.000000000e+00 0.000000000e+00 0.000000000e+00 -4.085413500e-09 0.000000000e+00 0.000000000e+00 0.000000000e+00 -1.057141816e-14 0.000000000e+00  8.151185415e-09 8.123012955e-09 -7.856041824e-16 
d 2.41545153789429e-05 1.600000000e+01 1.600000000e+01 6.227505816e-09 6.221976212e-09 0.000000000e+00 0.000000000e+00 -3.125197009e-09 0.000000000e+00 0.000000000e+00 0.000000000e+00 -3.125197223e-09 0.000000000e+00 0.000000000e+00 0.000000000e+00 -5.768054919e-15 0.000000000e+00  6.238402730e-09 6.221976212e-09 -9.691401663e-16 
d 3.41545153789428e-05 1.600000000e+01 1.600000000e+01 5.260692821e-09 5.257548362e-09 0.000000000e+00 0.000000000e+00 -2.636998139e-09 0.000000000e+00 0.000000000e+00 0.000000000e+00 -2.636997497e-09 0.000000000e+00 0.000000000e+00 0.000000000e+00 -2.574479243e-15 0.000000000e+00  5.267904083e-09 5.257548362e-09 -1.080550622e-15 
d 4.41545153789428e-05 1.600000000e+01 1.600000000e+01 4.738358057e-09 4.736115384e-09 0.000000000e+00 0.000000000e+00 -2.373196914e-09 0.000000000e+00 0.000000000e+00 0.000000000e+00 -2.373195846e-09 0.000000000e+00 0.000000000e+00 0.000000000e+00 -1.295568548e-15 0.000000000e+00  4.743127235e-09 4.736115384e-09 -1.154834514e-15 
d 5.41545153789428e-05 1.600000000e+01 1.600000000e+01 4.418346674e-09 4.416743615e-09 0.000000000e+00 0.000000000e+00 -2.211829304e-09 0.000000000e+00 0.000000000e+00 0.000000000e+00 -2.211830802e-09 0.000000000e+00 0.000000000e+00 0.000000000e+00 -7.516563060e-16 0.000000000e+00  4.421672469e-09 4.416743615e-09 -1.206606145e-15 
d 6.41545153789428e-05 1.600000000e+01 1.600000000e+01 4.208811610e-09 4.207652858e-09 0.000000000e+00 0.000000000e+00 -2.106246643e-09 0.000000000e+00 0.000000000e+00 0.000000000e+00 -2.106246429e-09 0.000000000e+00 0.000000000e+00 0.000000000e+00 -4.726560720e-16 0.000000000e+00  4.211198316e-09 4.207652858e-09 -1.243648583e-15 
d 7.41545153789428e-05 1.600000000e+01 1.600000000e+01 4.065883335e-09 4.065037704e-09 0.000000000e+00 0.000000000e+00 -2.034250479e-09 0.000000000e+00 0.000000000e+00 0.000000000e+00 -2.034251334e-09 0.000000000e+00 0.000000000e+00 0.000000000e+00 -3.122465638e-16 0.000000000e+00  4.067627980e-09 4.065037704e-09 -1.270614009e-15 
d 8.41545153789428e-05 1.600000000e+01 1.600000000e+01 3.965719319e-09 3.965097622e-09 0.000000000e+00 0.000000000e+00 -1.983809967e-09 0.000000000e+00 0.000000000e+00 0.000000000e+00 -1.983809753e-09 0.000000000e+00 0.000000000e+00 0.000000000e+00 -2.127870218e-16 0.000000000e+00  3.967011337e-09 3.965097622e-09 -1.290484535e-15 
d 9.41545153789428e-05 1.600000000e+01 1.600000000e+01 3.894202454e-09 3.893742803e-09 0.000000000e+00 0.000000000e+00 -1.947798505e-09 0.000000000e+00 0.000000000e+00 0.000000000e+00 -1.947799361e-09 0.000000000e+00 0.000000000e+00 0.000000000e+00 -1.476593369e-16 0.000000000e+00  3.895168760e-09 3.893742803e-09 -1.305261085e-15 
d 1.04154515378943e-04 1.600000000e+01 1.600000000e+01 3.842455063e-09 3.842113732e-09 0.000000000e+00 0.000000000e+00 -1.921746471e-09 0.000000000e+00 0.000000000e+00 0.000000000e+00 -1.921745188e-09 0.000000000e+00 0.000000000e+00 0.000000000e+00 -1.038477612e-16 0.000000000e+00  3.843183527e-09 3.842113732e-09 -1.316328913e-15 
d 1.14154515378943e-04 1.600000000e+01 1.600000000e+01 3.804644901e-09 3.804390561e-09 0.000000000e+00 0.000000000e+00 -1.902709301e-09 0.000000000e+00 0.000000000e+00 0.000000000e+00 -1.902709729e-09 0.000000000e+00 0.000000000e+00 0.000000000e+00 -7.453438760e-17 0.000000000e+00  3.805197782e-09 3.804390561e-09 -1.324668534e-15 
d 1.24154515378943e-04 1.600000000e+01 1.600000000e+01 3.776814758e-09 3.776624710e-09 0.000000000e+00 0.000000000e+00 -1.888698894e-09 0.000000000e+00 0.000000000e+00 0.000000000e+00 -1.888697397e-09 0.000000000e+00 0.000000000e+00 0.000000000e+00 -5.305142999e-17 0.000000000e+00  3.777236908e-09 3.776624710e-09 -1.330985253e-15 
d 1.34154515378943e-04 1.600000000e+01 1.600000000e+01 3.756214189e-09 3.756071854e-09 0.000000000e+00 0.000000000e+00 -1.878327200e-09 0.000000000e+00 0.000000000e+00 0.000000000e+00 -1.878327414e-09 0.000000000e+00 0.000000000e+00 0.000000000e+00 -3.774428237e-17 0.000000000e+00  3.756538326e-09 3.756071854e-09 -1.335792525e-15 
d 1.44154515378943e-04 1.600000000e+01 1.600000000e+01 3.740896603e-09 3.740789790e-09 0.000000000e+00 0.000000000e+00 -1.870613972e-09 0.000000000e+00 0.000000000e+00 0.000000000e+00 -1.870615469e-09 0.000000000e+00 0.000000000e+00 0.000000000e+00 -2.678741098e-17 0.000000000e+00  3.741146825e-09 3.740789790e-09 -1.339467567e-15 
d 1.54154515378943e-04 1.600000000e+01 1.600000000e+01 3.729461819e-09 3.729381521e-09 0.000000000e+00 0.000000000e+00 -1.864862075e-09 0.000000000e+00 0.000000000e+00 0.000000000e+00 -1.864862076e-09 0.000000000e+00 0.000000000e+00 0.000000000e+00 -1.893741389e-17 0.000000000e+00  3.729659546e-09 3.729381521e-09 -1.342289478e-15 
d 1.64154515378943e-04 1.600000000e+01 1.600000000e+01 3.720905309e-09 3.720844843e-09 0.000000000e+00 0.000000000e+00 -1.860553786e-09 0.000000000e+00 0.000000000e+00 0.000000000e+00 -1.860553358e-09 0.000000000e+00 0.000000000e+00 0.000000000e+00 -1.352853190e-17 0.000000000e+00  3.721059404e-09 3.720844843e-09 -1.344465951e-15 
d 1.74154515378943e-04 1.600000000e+01 1.600000000e+01 3.714482393e-09 3.714436790e-09 0.000000000e+00 0.000000000e+00 -1.857317924e-09 0.000000000e+00 0.000000000e+00 0.000000000e+00 -1.857318352e-09 0.000000000e+00 0.000000000e+00 0.000000000e+00 -9.171728237e-18 0.000000000e+00  3.714603134e-09 3.714436790e-09 -1.346152248e-15 
d 1.84154515378943e-04 1.600000000e+01 1.600000000e+01 3.709649064e-09 3.709614615e-09 0.000000000e+00 0.000000000e+00 -1.854883853e-09 0.000000000e+00 0.000000000e+00 0.000000000e+00 -1.854884067e-09 0.000000000e+00 0.000000000e+00 0.000000000e+00 -6.413643058e-18 0.000000000e+00  3.709744190e-09 3.709614615e-09 -1.347464917e-15 
d 1.94154515378943e-04 1.600000000e+01 1.600000000e+01 3.706003372e-09 3.705977307e-09 0.000000000e+00 0.000000000e+00 -1.853047566e-09 0.000000000e+00 0.000000000e+00 0.000000000e+00 -1.853049491e-09 0.000000000e+00 0.000000000e+00 0.000000000e+00 -3.968856247e-18 0.000000000e+00  3.706078740e-09 3.705977307e-09 -1.348491752e-15 
d 2.04154515378943e-04 1.600000000e+01 1.600000000e+01 3.703247183e-09 3.703227427e-09 0.000000000e+00 0.000000000e+00 -1.851660517e-09 0.000000000e+00 0.000000000e+00 0.000000000e+00 -1.851659020e-09 0.000000000e+00 0.000000000e+00 0.000000000e+00 -2.199616936e-18 0.000000000e+00  3.703307240e-09 3.703227427e-09 -1.349299109e-15 
d 2.14154515378943e-04 1.600000000e+01 1.600000000e+01 3.701158674e-09 3.701143672e-09 0.000000000e+00 0.000000000e+00 -1.850606766e-09 0.000000000e+00 0.000000000e+00 0.000000000e+00 -1.850608263e-09 0.000000000e+00 0.000000000e+00 0.000000000e+00 -4.005997853e-19 0.000000000e+00  3.701206810e-09 3.701143672e-09 -1.349937288e-15 
d 2.24154515378943e-04 1.600000000e+01 1.600000000e+01 3.699572371e-09 3.699560955e-09 0.000000000e+00 0.000000000e+00 -1.849807543e-09 0.000000000e+00 0.000000000e+00 0.000000000e+00 -1.849806902e-09 0.000000000e+00 0.000000000e+00 0.000000000e+00 -3.214591255e-19 0.000000000e+00  3.699611181e-09 3.699560955e-09 -1.350444539e-15 
d 2.34154515378943e-04 1.600000000e+01 1.600000000e+01 3.698364552e-09 3.698355844e-09 0.000000000e+00 0.000000000e+00 -1.849199765e-09 0.000000000e+00 0.000000000e+00 0.000000000e+00 -1.849200621e-09 0.000000000e+00 0.000000000e+00 0.000000000e+00 -3.251285803e-19 0.000000000e+00  3.698396028e-09 3.698355844e-09 -1.350850034e-15 
d 2.44154515378943e-04 1.600000000e+01 1.600000000e+01 3.697442528e-09 3.697435868e-09 0.000000000e+00 0.000000000e+00 -1.848735958e-09 0.000000000e+00 0.000000000e+00 0.000000000e+00 -1.848735316e-09 0.000000000e+00 0.000000000e+00 0.000000000e+00 7.506095663e-20 0.000000000e+00  3.697468209e-09 3.697435868e-09 -1.351176096e-15 
d 2.54154515378943e-04 1.600000000e+01 1.600000000e+01 3.696736733e-09 3.696731624e-09 0.000000000e+00 0.000000000e+00 -1.848379929e-09 0.000000000e+00 0.000000000e+00 0.000000000e+00 -1.848380357e-09 0.000000000e+00 0.000000000e+00 0.000000000e+00 3.051393509e-19 0.000000000e+00  3.696757809e-09 3.696731624e-09 -1.351439860e-15 
d 2.64154515378943e-04 1.600000000e+01 1.600000000e+01 3.696194865e-09 3.696190931e-09 0.000000000e+00 0.000000000e+00 -1.848107578e-09 0.000000000e+00 0.000000000e+00 0.000000000e+00 -1.848106937e-09 0.000000000e+00 0.000000000e+00 0.000000000e+00 5.756038392e-19 0.000000000e+00  3.696212261e-09 3.696190931e-09 -1.351654524e-15 
d 2.74154515378943e-04 1.600000000e+01 1.600000000e+01 3.695777533e-09 3.695774492e-09 0.000000000e+00 0.000000000e+00 -1.847896609e-09 0.000000000e+00 0.000000000e+00 0.000000000e+00 -1.847895967e-09 0.000000000e+00 0.000000000e+00 0.000000000e+00 8.464762644e-19 0.000000000e+00  3.695791972e-09 3.695774492e-09 -1.351830290e-15 
d 2.84154515378943e-04 1.600000000e+01 1.600000000e+01 3.695455023e-09 3.695452662e-09 0.000000000e+00 0.000000000e+00 -1.847734198e-09 0.000000000e+00 0.000000000e+00 0.000000000e+00 -1.847731631e-09 0.000000000e+00 0.000000000e+00 0.000000000e+00 1.067987903e-18 0.000000000e+00  3.695467074e-09 3.695452662e-09 -1.351975077e-15 
d 2.94154515378943e-04 1.600000000e+01 1.600000000e+01 3.695204881e-09 3.695203038e-09 0.000000000e+00 0.000000000e+00 -1.847607145e-09 0.000000000e+00 0.000000000e+00 0.000000000e+00 -1.847606503e-09 0.000000000e+00 0.000000000e+00 0.000000000e+00 1.262983414e-18 0.000000000e+00  3.695214991e-09 3.695203038e-09 -1.352095052e-15 
d 3.04154515378943e-04 1.600000000e+01 1.600000000e+01 3.695010110e-09 3.695008662e-09 0.000000000e+00 0.000000000e+00 -1.847509987e-09 0.000000000e+00 0.000000000e+00 0.000000000e+00 -1.847508490e-09 0.000000000e+00 0.000000000e+00 0.000000000e+00 6.543363614e-19 0.000000000e+00  3.695018633e-09 3.695008662e-09 -1.352195044e-15 
d 3.14154515378943e-04 1.600000000e+01 1.600000000e+01 3.694857818e-09 3.694856674e-09 0.000000000e+00 0.000000000e+00 -1.847431299e-09 0.000000000e+00 0.000000000e+00 0.000000000e+00 -1.847433652e-09 0.000000000e+00 0.000000000e+00 0.000000000e+00 4.952396106e-19 0.000000000e+00  3.694865038e-09 3.694856674e-09 -1.352278847e-15 
d 3.24154515378943e-04 1.600000000e+01 1.600000000e+01 3.694738213e-09 3.694737302e-09 0.000000000e+00 0.000000000e+00 -1.847371658e-09 0.000000000e+00 0.000000000e+00 0.000000000e+00 -1.847372301e-09 0.000000000e+00 0.000000000e+00 0.000000000e+00 4.050847882e-19 0.000000000e+00  3.694744354e-09 3.694737302e-09 -1.352349458e-15 
d 3.34154515378943e-04 1.600000000e+01 1.600000000e+01 3.694643834e-09 3.694643103e-09 0.000000000e+00 0.000000000e+00 -1.847324167e-09 0.000000000e+00 0.000000000e+00 0.000000000e+00 -1.847323954e-09 0.000000000e+00 0.000000000e+00 0.000000000e+00 3.577637031e-19 0.000000000e+00  3.694649080e-09 3.694643103e-09 -1.352409255e-15 
d 3.44154515378943e-04 1.600000000e+01 1.600000000e+01 3.694568992e-09 3.694568400e-09 0.000000000e+00 0.000000000e+00 -1.847286649e-09 0.000000000e+00 0.000000000e+00 0.000000000e+00 -1.847285580e-09 0.000000000e+00 0.000000000e+00 0.000000000e+00 2.349736516e-19 0.000000000e+00  3.694573490e-09 3.694568400e-09 -1.352460139e-15 
d 3.54154515378943e-04 1.600000000e+01 1.600000000e+01 3.694509334e-09 3.694508850e-09 0.000000000e+00 0.000000000e+00 -1.847255438e-09 0.000000000e+00 0.000000000e+00 0.000000000e+00 -1.847256080e-09 0.000000000e+00 0.000000000e+00 0.000000000e+00 2.251830827e-19 0.000000000e+00  3.694513203e-09 3.694508850e-09 -1.352503630e-15 
d 3.64154515378942e-04 1.600000000e+01 1.600000000e+01 3.694461522e-09 3.694461122e-09 0.000000000e+00 0.000000000e+00 -1.847232008e-09 0.000000000e+00 0.000000000e+00 0.000000000e+00 -1.847232864e-09 0.000000000e+00 0.000000000e+00 0.000000000e+00 1.121835966e-19 0.000000000e+00  3.694464861e-09 3.694461122e-09 -1.352540958e-15 
d 3.74154515378942e-04 1.600000000e+01 1.600000000e+01 3.694422989e-09 3.694422657e-09 0.000000000e+00 0.000000000e+00 -1.847212278e-09 0.000000000e+00 0.000000000e+00 0.000000000e+00 -1.847211850e-09 0.000000000e+00 0.000000000e+00 0.000000000e+00 1.917318960e-20 0.000000000e+00  3.694425880e-09 3.694422657e-09 -1.352573119e-15 
d 3.84154515378942e-04 1.600000000e+01 1.600000000e+01 3.694391758e-09 3.694391479e-09 0.000000000e+00 0.000000000e+00 -1.847196020e-09 0.000000000e+00 0.000000000e+00 0.000000000e+00 -1.847196876e-09 0.000000000e+00 0.000000000e+00 0.000000000e+00 5.915134901e-20 0.000000000e+00  3.694394267e-09 3.694391479e-09 -1.352600925e-15 
d 3.94154515378942e-04 1.600000000e+01 1.600000000e+01 3.694366298e-09 3.694366061e-09 0.000000000e+00 0.000000000e+00 -1.847183224e-09 0.000000000e+00 0.000000000e+00 0.000000000e+00 -1.847183438e-09 0.000000000e+00 0.000000000e+00 0.000000000e+00 1.794937037e-20 0.000000000e+00  3.694368481e-09 3.694366061e-09 -1.352625044e-15 
d 4.04154515378942e-04 1.600000000e+01 1.600000000e+01 3.694345422e-09 3.694345218e-09 0.000000000e+00 0.000000000e+00 -1.847173455e-09 0.000000000e+00 0.000000000e+00 0.000000000e+00 -1.847173882e-09 0.000000000e+00 0.000000000e+00 0.000000000e+00 1.794937035e-20 0.000000000e+00  3.694347325e-09 3.694345218e-09 -1.352646026e-15 
d 4.14154515378942e-04 1.600000000e+01 1.600000000e+01 3.694328204e-09 3.694328028e-09 0.000000000e+00 0.000000000e+00 -1.847164565e-09 0.000000000e+00 0.000000000e+00 0.000000000e+00 -1.847164993e-09 0.000000000e+00 0.000000000e+00 0.000000000e+00 1.876525112e-20 0.000000000e+00  3.694329866e-09 3.694328028e-09 -1.352664327e-15 
d 4.24154515378942e-04 1.600000000e+01 1.600000000e+01 3.694313922e-09 3.694313768e-09 0.000000000e+00 0.000000000e+00 -1.847157407e-09 0.000000000e+00 0.000000000e+00 0.000000000e+00 -1.847156766e-09 0.000000000e+00 0.000000000e+00 0.000000000e+00 1.835731074e-20 0.000000000e+00  3.694315376e-09 3.694313768e-09 -1.352680328e-15 
d 4.34154515378942e-04 1.600000000e+01 1.600000000e+01 3.694302008e-09 3.694301873e-09 0.000000000e+00 0.000000000e+00 -1.847150694e-09 0.000000000e+00 0.000000000e+00 0.000000000e+00 -1.847151978e-09 0.000000000e+00 0.000000000e+00 0.000000000e+00 1.835731074e-20 0.000000000e+00  3.694303283e-09 3.694301873e-09 -1.352694348e-15 
d 4.44154515378942e-04 1.600000000e+01 1.600000000e+01 3.694292015e-09 3.694291896e-09 0.000000000e+00 0.000000000e+00 -1.847146347e-09 0.000000000e+00 0.000000000e+00 0.000000000e+00 -1.847145919e-09 0.000000000e+00 0.000000000e+00 0.000000000e+00 -5.792754096e-20 0.000000000e+00  3.694293134e-09 3.694291896e-09 -1.352706655e-15 
d 4.54154515378942e-04 1.600000000e+01 1.600000000e+01 3.694283589e-09 3.694283484e-09 0.000000000e+00 0.000000000e+00 -1.847142865e-09 0.000000000e+00 0.000000000e+00 0.000000000e+00 -1.847142010e-09 0.000000000e+00 0.000000000e+00 0.000000000e+00 -1.847970010e-19 0.000000000e+00  3.694284573e-09 3.694283484e-09 -1.352717479e-15 
d 4.64154515378942e-04 1.600000000e+01 1.600000000e+01 3.694276449e-09 3.694276355e-09 0.000000000e+00 0.000000000e+00 -1.847138110e-09 0.000000000e+00 0.000000000e+00 0.000000000e+00 -1.847138538e-09 0.000000000e+00 0.000000000e+00 0.000000000e+00 -1.754144271e-20 0.000000000e+00  3.694277314e-09 3.694276355e-09 -1.352727011e-15 
d 4.74154515378942e-04 1.600000000e+01 1.600000000e+01 3.694270369e-09 3.694270285e-09 0.000000000e+00 0.000000000e+00 -1.847135501e-09 0.000000000e+00 0.000000000e+00 0.000000000e+00 -1.847135073e-09 0.000000000e+00 0.000000000e+00 0.000000000e+00 -3.292078974e-19 0.000000000e+00  3.694271132e-09 3.694270285e-09 -1.352735419e-15 
d 4.84154515378942e-04 1.600000000e+01 1.600000000e+01 3.694265170e-09 3.694265094e-09 0.000000000e+00 0.000000000e+00 -1.847133539e-09 0.000000000e+00 0.000000000e+00 0.000000000e+00 -1.847132684e-09 0.000000000e+00 0.000000000e+00 0.000000000e+00 -9.097071069e-20 0.000000000e+00  3.694265842e-09 3.694265094e-09 -1.352742843e-15 
d 4.94154515378942e-04 1.600000000e+01 1.600000000e+01 3.694260704e-09 3.694260636e-09 0.000000000e+00 0.000000000e+00 -1.847130513e-09 0.000000000e+00 0.000000000e+00 0.000000000e+00 -1.847130300e-09 0.000000000e+00 0.000000000e+00 0.000000000e+00 -3.226808483e-19 0.000000000e+00  3.694261297e-09 3.694260636e-09 -1.352749406e-15 
d 5.04154515378942e-04 1.600000000e+01 1.600000000e+01 3.694256853e-09 3.694256792e-09 0.000000000e+00 0.000000000e+00 -1.847128775e-09 0.000000000e+00 0.000000000e+00 0.000000000e+00 -1.847128348e-09 0.000000000e+00 0.000000000e+00 0.000000000e+00 -9.178658953e-20 0.000000000e+00  3.694257377e-09 3.694256792e-09 -1.352755214e-15 
d 5.14154515378942e-04 1.600000000e+01 1.600000000e+01 3.694253521e-09 3.694253466e-09 0.000000000e+00 0.000000000e+00 -1.847127041e-09 0.000000000e+00 0.000000000e+00 0.000000000e+00 -1.847126186e-09 0.000000000e+00 0.000000000e+00 0.000000000e+00 -3.234967286e-19 0.000000000e+00  3.694253984e-09 3.694253466e-09 -1.352760357e-15 
d 5.24154515378942e-04 1.600000000e+01 1.600000000e+01 3.694250629e-09 3.694250579e-09 0.000000000e+00 0.000000000e+00 -1.847124882e-09 0.000000000e+00 0.000000000e+00 0.000000000e+00 -1.847125951e-09 0.000000000e+00 0.000000000e+00 0.000000000e+00 -9.260246993e-20 0.000000000e+00  3.694251038e-09 3.694250579e-09 -1.352764916e-15 
d 5.34154515378942e-04 1.600000000e+01 1.600000000e+01 3.694248110e-09 3.694248065e-09 0.000000000e+00 0.000000000e+00 -1.847123366e-09 0.000000000e+00 0.000000000e+00 0.000000000e+00 -1.847124437e-09 0.000000000e+00 0.000000000e+00 0.000000000e+00 -3.153379207e-19 0.000000000e+00  3.694248473e-09 3.694248065e-09 -1.352768959e-15 
d 5.44154515378942e-04 1.600000000e+01 1.600000000e+01 3.694245911e-09 3.694245870e-09 0.000000000e+00 0.000000000e+00 -1.847123779e-09 0.000000000e+00 0.000000000e+00 0.000000000e+00 -1.847123352e-09 0.000000000e+00 0.000000000e+00 0.000000000e+00 -9.178658916e-20 0.000000000e+00  3.694246232e-09 3.694245870e-09 -1.352772547e-15 
d 5.54154515378942e-04 1.600000000e+01 1.600000000e+01 3.694243986e-09 3.694243949e-09 0.000000000e+00 0.000000000e+00 -1.847122482e-09 0.000000000e+00 0.000000000e+00 0.000000000e+00 -1.847121627e-09 0.000000000e+00 0.000000000e+00 0.000000000e+00 -3.243126091e-19 0.000000000e+00  3.694244270e-09 3.694243949e-09 -1.352775733e-15 
d 5.64154515378942e-04 1.600000000e+01 1.600000000e+01 3.694242298e-09 3.694242264e-09 0.000000000e+00 0.000000000e+00 -1.847121187e-09 0.000000000e+00 0.000000000e+00 0.000000000e+00 -1.847121829e-09 0.000000000e+00 0.000000000e+00 0.000000000e+00 -1.468585413e-19 0.000000000e+00  3.694242549e-09 3.694242264e-09 -1.352778563e-15 
d 5.74154515378942e-04 1.600000000e+01 1.600000000e+01 3.694240813e-09 3.694240782e-09 0.000000000e+00 0.000000000e+00 -1.847120749e-09 0.000000000e+00 0.000000000e+00 0.000000000e+00 -1.847121390e-09 0.000000000e+00 0.000000000e+00 0.000000000e+00 -3.226808477e-19 0.000000000e+00  3.694241036e-09 3.694240782e-09 -1.352781079e-15 
d 5.84154515378942e-04 1.600000000e+01 1.600000000e+01 3.694239506e-09 3.694239478e-09 0.000000000e+00 0.000000000e+00 -1.847120739e-09 0.000000000e+00 0.000000000e+00 0.000000000e+00 -1.847120312e-09 0.000000000e+00 0.000000000e+00 0.000000000e+00 -1.468585413e-19 0.000000000e+00  3.694239704e-09 3.694239478e-09 -1.352783315e-15 
d 5.94154515378942e-04 1.600000000e+01 1.600000000e+01 3.694238353e-09 3.694238328e-09 0.000000000e+00 0.000000000e+00 -1.847119448e-09 0.000000000e+00 0.000000000e+00 0.000000000e+00 -1.847119662e-09 0.000000000e+00 0.000000000e+00 0.000000000e+00 -3.226808477e-19 0.000000000e+00  3.694238529e-09 3.694238328e-09 -1.352785304e-15 
d 6.04154515378942e-04 1.600000000e+01 1.600000000e+01 3.694237335e-09 3.694237312e-09 0.000000000e+00 0.000000000e+00 -1.847119013e-09 0.000000000e+00 0.000000000e+00 0.000000000e+00 -1.847117944e-09 0.000000000e+00 0.000000000e+00 0.000000000e+00 -9.015482752e-20 0.000000000e+00  3.694237491e-09 3.694237312e-09 -1.352787073e-15 
d 6.14154515378942e-04 1.600000000e+01 1.600000000e+01 3.694236434e-09 3.694236413e-09 0.000000000e+00 0.000000000e+00 -1.847119006e-09 0.000000000e+00 0.000000000e+00 0.000000000e+00 -1.847118793e-09 0.000000000e+00 0.000000000e+00 0.000000000e+00 -3.226808475e-19 0.000000000e+00  3.694236573e-09 3.694236413e-09 -1.352788648e-15 
d 6.24154515378942e-04 1.600000000e+01 1.600000000e+01 3.694235637e-09 3.694235618e-09 0.000000000e+00 0.000000000e+00 -1.847117718e-09 0.000000000e+00 0.000000000e+00 0.000000000e+00 -1.847117932e-09 0.000000000e+00 0.000000000e+00 0.000000000e+00 -1.472664817e-19 0.000000000e+00  3.694235760e-09 3.694235618e-09 -1.352790049e-15 
d 6.34154515378942e-04 1.600000000e+01 1.600000000e+01 3.694234930e-09 3.694234913e-09 0.000000000e+00 0.000000000e+00 -1.847118140e-09 0.000000000e+00 0.000000000e+00 0.000000000e+00 -1.847118568e-09 0.000000000e+00 0.000000000e+00 0.000000000e+00 -3.234967285e-19 0.000000000e+00  3.694235039e-09 3.694234913e-09 -1.352791297e-15 
d 6.44154515378943e-04 1.600000000e+01 1.600000000e+01 3.694234303e-09 3.694234288e-09 0.000000000e+00 0.000000000e+00 -1.847117922e-09 0.000000000e+00 0.000000000e+00 0.000000000e+00 -1.847116853e-09 0.000000000e+00 0.000000000e+00 0.000000000e+00 -1.472664817e-19 0.000000000e+00  3.694234400e-09 3.694234288e-09 -1.352792407e-15 
d 6.54154515378943e-04 1.600000000e+01 1.600000000e+01 3.694233747e-09 3.694233733e-09 0.000000000e+00 0.000000000e+00 -1.847117918e-09 0.000000000e+00 0.000000000e+00 0.000000000e+00 -1.847116849e-09 0.000000000e+00 0.000000000e+00 0.000000000e+00 -3.234967285e-19 0.000000000e+00  3.694233833e-09 3.694233733e-09 -1.352793396e-15 
d 6.64154515378943e-04 1.600000000e+01 1.600000000e+01 3.694233252e-09 3.694233239e-09 0.000000000e+00 0.000000000e+00 -1.847117273e-09 0.000000000e+00 0.000000000e+00 0.000000000e+00 -1.847115776e-09 0.000000000e+00 0.000000000e+00 0.000000000e+00 -1.472664817e-19 0.000000000e+00  3.694233328e-09 3.694233239e-09 -1.352794277e-15 
d 6.74154515378943e-04 1.600000000e+01 1.600000000e+01 3.694232812e-09 3.694232801e-09 0.000000000e+00 0.000000000e+00 -1.847116201e-09 0.000000000e+00 0.000000000e+00 0.000000000e+00 -1.847116629e-09 0.000000000e+00 0.000000000e+00 0.000000000e+00 -3.234967285e-19 0.000000000e+00  3.694232880e-09 3.694232801e-09 -1.352795062e-15 
d 6.84154515378943e-04 1.600000000e+01 1.600000000e+01 3.694232421e-09 3.694232411e-09 0.000000000e+00 0.000000000e+00 -1.847115770e-09 0.000000000e+00 0.000000000e+00 0.000000000e+00 -1.847116198e-09 0.000000000e+00 0.000000000e+00 0.000000000e+00 -1.472664816e-19 0.000000000e+00  3.694232482e-09 3.694232411e-09 -1.352795761e-15 
d 6.94154515378943e-04 1.600000000e+01 1.600000000e+01 3.694232073e-09 3.694232064e-09 0.000000000e+00 0.000000000e+00 -1.847115981e-09 0.000000000e+00 0.000000000e+00 0.000000000e+00 -1.847116623e-09 0.000000000e+00 0.000000000e+00 0.000000000e+00 -3.234967285e-19 0.000000000e+00  3.694232127e-09 3.694232064e-09 -1.352796384e-15 
d 7.04154515378943e-04 1.600000000e+01 1.600000000e+01 3.694231764e-09 3.694231755e-09 0.000000000e+00 0.000000000e+00 -1.847114483e-09 0.000000000e+00 0.000000000e+00 0.000000000e+00 -1.847115979e-09 0.000000000e+00 0.000000000e+00 0.000000000e+00 -1.472664816e-19 0.000000000e+00  3.694231811e-09 3.694231755e-09 -1.352796939e-15 
d 7.14154515378943e-04 1.600000000e+01 1.600000000e+01 3.694231488e-09 3.694231480e-09 0.000000000e+00 0.000000000e+00 -1.847114908e-09 0.000000000e+00 0.000000000e+00 0.000000000e+00 -1.847115977e-09 0.000000000e+00 0.000000000e+00 0.000000000e+00 -3.234967285e-19 0.000000000e+00  3.694231530e-09 3.694231480e-09 -1.352797433e-15 
d 7.24154515378943e-04 1.600000000e+01 1.600000000e+01 3.694231242e-09 3.694231235e-09 0.000000000e+00 0.000000000e+00 -1.847115548e-09 0.000000000e+00 0.000000000e+00 0.000000000e+00 -1.847115120e-09 0.000000000e+00 0.000000000e+00 0.000000000e+00 -1.745984875e-19 0.000000000e+00  3.694231280e-09 3.694231235e-09 -1.352797873e-15 
d 7.34154515378943e-04 1.600000000e+01 1.600000000e+01 3.694231023e-09 3.694231017e-09 0.000000000e+00 0.000000000e+00 -1.847115546e-09 0.000000000e+00 0.000000000e+00 0.000000000e+00 -1.847115761e-09 0.000000000e+00 0.000000000e+00 0.000000000e+00 -3.234967286e-19 0.000000000e+00  3.694231056e-09 3.694231017e-09 -1.352798266e-15 
d 7.44154515378943e-04 1.600000000e+01 1.600000000e+01 3.694230828e-09 3.694230822e-09 0.000000000e+00 0.000000000e+00 -1.847114262e-09 0.000000000e+00 0.000000000e+00 0.000000000e+00 -1.847115973e-09 0.000000000e+00 0.000000000e+00 0.000000000e+00 -1.745984875e-19 0.000000000e+00  3.694230858e-09 3.694230822e-09 -1.352798616e-15 
d 7.54154515378943e-04 1.600000000e+01 1.600000000e+01 3.694230654e-09 3.694230649e-09 0.000000000e+00 0.000000000e+00 -1.847114902e-09 0.000000000e+00 0.000000000e+00 0.000000000e+00 -1.847116186e-09 0.000000000e+00 0.000000000e+00 0.000000000e+00 -3.234967286e-19 0.000000000e+00  3.694230680e-09 3.694230649e-09 -1.352798928e-15 
d 7.64154515378943e-04 1.600000000e+01 1.600000000e+01 3.694230499e-09 3.694230494e-09 0.000000000e+00 0.000000000e+00 -1.847114687e-09 0.000000000e+00 0.000000000e+00 0.000000000e+00 -1.847115329e-09 0.000000000e+00 0.000000000e+00 0.000000000e+00 -1.745984875e-19 0.000000000e+00  3.694230522e-09 3.694230494e-09 -1.352799206e-15 
d 7.74154515378943e-04 1.600000000e+01 1.600000000e+01 3.694230360e-09 3.694230356e-09 0.000000000e+00 0.000000000e+00 -1.847114472e-09 0.000000000e+00 0.000000000e+00 0.000000000e+00 -1.847115328e-09 0.000000000e+00 0.000000000e+00 0.000000000e+00 -3.234967286e-19 0.000000000e+00  3.694230381e-09 3.694230356e-09 -1.352799453e-15 
d 7.84154515378943e-04 1.600000000e+01 1.600000000e+01 3.694230237e-09 3.694230233e-09 0.000000000e+00 0.000000000e+00 -1.847114685e-09 0.000000000e+00 0.000000000e+00 0.000000000e+00 -1.847115113e-09 0.000000000e+00 0.000000000e+00 0.000000000e+00 -1.745984875e-19 0.000000000e+00  3.694230255e-09 3.694230233e-09 -1.352799674e-15 
d 7.94154515378943e-04 1.600000000e+01 1.600000000e+01 3.694230127e-09 3.694230123e-09 0.000000000e+00 0.000000000e+00 -1.847114898e-09 0.000000000e+00 0.000000000e+00 0.000000000e+00 -1.847115113e-09 0.000000000e+00 0.000000000e+00 0.000000000e+00 -3.234967286e-19 0.000000000e+00  3.694230143e-09 3.694230123e-09 -1.352799870e-15 
d 8.04154515378943e-04 1.600000000e+01 1.600000000e+01 3.694230028e-09 3.694230025e-09 0.000000000e+00 0.000000000e+00 -1.847115325e-09 0.000000000e+00 0.000000000e+00 0.000000000e+00 -1.847115326e-09 0.000000000e+00 0.000000000e+00 0.000000000e+00 -1.745984875e-19 0.000000000e+00  3.694230043e-09 3.694230025e-09 -1.352800046e-15 
d 8.14154515378943e-04 1.600000000e+01 1.600000000e+01 3.694229941e-09 3.694229938e-09 0.000000000e+00 0.000000000e+00 -1.847114897e-09 0.000000000e+00 0.000000000e+00 0.000000000e+00 -1.847115325e-09 0.000000000e+00 0.000000000e+00 0.000000000e+00 -3.234967286e-19 0.000000000e+00  3.694229954e-09 3.694229938e-09 -1.352800202e-15 
d 8.24154515378943e-04 1.600000000e+01 1.600000000e+01 3.694229863e-09 3.694229860e-09 0.000000000e+00 0.000000000e+00 -1.847115324e-09 0.000000000e+00 0.000000000e+00 0.000000000e+00 -1.847114469e-09 0.000000000e+00 0.000000000e+00 0.000000000e+00 -1.745984875e-19 0.000000000e+00  3.694229874e-09 3.694229860e-09 -1.352800341e-15 
d 8.34154515378943e-04 1.600000000e+01 1.600000000e+01 3.694229841e-09 3.694229838e-09 0.000000000e+00 0.000000000e+00 -1.847114254e-09 0.000000000e+00 0.000000000e+00 0.000000000e+00 -1.847115324e-09 0.000000000e+00 0.000000000e+00 0.000000000e+00 -3.528684364e-19 0.000000000e+00  3.694229803e-09 3.694229838e-09 -1.352800465e-15 
d 8.44154515378943e-04 1.600000000e+01 1.600000000e+01 3.694229772e-09 3.694229770e-09 0.000000000e+00 0.000000000e+00 -1.847114681e-09 0.000000000e+00 0.000000000e+00 0.000000000e+00 -1.847114682e-09 0.000000000e+00 0.000000000e+00 0.000000000e+00 -1.166709526e-19 0.000000000e+00  3.694229740e-09 3.694229770e-09 -1.352800576e-15 
d 8.54154515378943e-04 1.600000000e+01 1.600000000e+01 3.694229711e-09 3.694229709e-09 0.000000000e+00 0.000000000e+00 -1.847114895e-09 0.000000000e+00 0.000000000e+00 0.000000000e+00 -1.847114468e-09 0.000000000e+00 0.000000000e+00 0.000000000e+00 -3.357349399e-19 0.000000000e+00  3.694229683e-09 3.694229709e-09 -1.352800674e-15 
d 8.64154515378943e-04 1.600000000e+01 1.600000000e+01 3.694229657e-09 3.694229655e-09 0.000000000e+00 0.000000000e+00 -1.847114467e-09 0.000000000e+00 0.000000000e+00 0.000000000e+00 -1.847115537e-09 0.000000000e+00 0.000000000e+00 0.000000000e+00 -1.162630121e-19 0.000000000e+00  3.694229633e-09 3.694229655e-09 -1.352800762e-15 
d 8.74154515378943e-04 1.600000000e+01 1.600000000e+01 3.694229608e-09 3.694229607e-09 0.000000000e+00 0.000000000e+00 -1.847114681e-09 0.000000000e+00 0.000000000e+00 0.000000000e+00 -1.847115964e-09 0.000000000e+00 0.000000000e+00 0.000000000e+00 -3.365508206e-19 0.000000000e+00  3.694229588e-09 3.694229607e-09 -1.352800841e-15 
d 8.84154515378943e-04 1.600000000e+01 1.600000000e+01 3.694229565e-09 3.694229564e-09 0.000000000e+00 0.000000000e+00 -1.847114894e-09 0.000000000e+00 0.000000000e+00 0.000000000e+00 -1.847115108e-09 0.000000000e+00 0.000000000e+00 0.000000000e+00 -1.162630121e-19 0.000000000e+00  3.694229548e-09 3.694229564e-09 -1.352800910e-15 
d 8.94154515378943e-04 1.600000000e+01 1.600000000e+01 3.694229527e-09 3.694229525e-09 0.000000000e+00 0.000000000e+00 -1.847114894e-09 0.000000000e+00 0.000000000e+00 0.000000000e+00 -1.847115536e-09 0.000000000e+00 0.000000000e+00 0.000000000e+00 -3.365508206e-19 0.000000000e+00  3.694229512e-09 3.694229525e-09 -1.352800973e-15 
d 9.04154515378943e-04 1.600000000e+01 1.600000000e+01 3.694229492e-09 3.694229491e-09 0.000000000e+00 0.000000000e+00 -1.847115107e-09 0.000000000e+00 0.000000000e+00 0.000000000e+00 -1.847115963e-09 0.000000000e+00 0.000000000e+00 0.000000000e+00 -1.162630121e-19 0.000000000e+00  3.694229480e-09 3.694229491e-09 -1.352801028e-15 
d 9.14154515378943e-04 1.600000000e+01 1.600000000e+01 3.694229462e-09 3.694229461e-09 0.000000000e+00 0.000000000e+00 -1.847114466e-09 0.000000000e+00 0.000000000e+00 0.000000000e+00 -1.847115536e-09 0.000000000e+00 0.000000000e+00 0.000000000e+00 -3.365508206e-19 0.000000000e+00  3.694229451e-09 3.694229461e-09 -1.352801077e-15 
d 9.24154515378943e-04 1.600000000e+01 1.600000000e+01 3.694229435e-09 3.694229434e-09 0.000000000e+00 0.000000000e+00 -1.847115107e-09 0.000000000e+00 0.000000000e+00 0.000000000e+00 -1.847115535e-09 0.000000000e+00 0.000000000e+00 0.000000000e+00 -1.162630121e-19 0.000000000e+00  3.694229426e-09 3.694229434e-09 -1.352801121e-15 
d 9.34154515378943e-04 1.600000000e+01 1.600000000e+01 3.694229411e-09 3.694229410e-09 0.000000000e+00 0.000000000e+00 -1.847115321e-09 0.000000000e+00 0.000000000e+00 0.000000000e+00 -1.847115107e-09 0.000000000e+00 0.000000000e+00 0.000000000e+00 -3.365508206e-19 0.000000000e+00  3.694229403e-09 3.694229410e-09 -1.352801161e-15 
d 9.44154515378943e-04 1.600000000e+01 1.600000000e+01 3.694229389e-09 3.694229389e-09 0.000000000e+00 0.000000000e+00 -1.847114679e-09 0.000000000e+00 0.000000000e+00 0.000000000e+00 -1.847115749e-09 0.000000000e+00 0.000000000e+00 0.000000000e+00 -1.162630121e-19 0.000000000e+00  3.694229383e-09 3.694229389e-09 -1.352801196e-15 
d 9.54154515378943e-04 1.600000000e+01 1.600000000e+01 3.694229370e-09 3.694229370e-09 0.000000000e+00 0.000000000e+00 -1.847114465e-09 0.000000000e+00 0.000000000e+00 0.000000000e+00 -1.847115963e-09 0.000000000e+00 0.000000000e+00 0.000000000e+00 -3.365508206e-19 0.000000000e+00  3.694229365e-09 3.694229370e-09 -1.352801227e-15 
d 9.64154515378943e-04 1.600000000e+01 1.600000000e+01 3.694229353e-09 3.694229353e-09 0.000000000e+00 0.000000000e+00 -1.847114465e-09 0.000000000e+00 0.000000000e+00 0.000000000e+00 -1.847114465e-09 0.000000000e+00 0.000000000e+00 0.000000000e+00 -1.162630121e-19 0.000000000e+00  3.694229349e-09 3.694229353e-09 -1.352801254e-15 
d 9.74154515378943e-04 1.600000000e+01 1.600000000e+01 3.694229338e-09 3.694229338e-09 0.000000000e+00 0.000000000e+00 -1.847114893e-09 0.000000000e+00 0.000000000e+00 0.000000000e+00 -1.847116176e-09 0.000000000e+00 0.000000000e+00 0.000000000e+00 -3.365508206e-19 0.000000000e+00  3.694229334e-09 3.694229338e-09 -1.352801279e-15 
d 9.84154515378943e-04 1.600000000e+01 1.600000000e+01 3.694229325e-09 3.694229324e-09 0.000000000e+00 0.000000000e+00 -1.847115320e-09 0.000000000e+00 0.000000000e+00 0.000000000e+00 -1.847113824e-09 0.000000000e+00 0.000000000e+00 0.000000000e+00 -1.162630121e-19 0.000000000e+00  3.694229321e-09 3.694229324e-09 -1.352801301e-15 
d 9.94154515378943e-04 1.600000000e+01 1.600000000e+01 3.694229313e-09 3.694229312e-09 0.000000000e+00 0.000000000e+00 -1.847114892e-09 0.000000000e+00 0.000000000e+00 0.000000000e+00 -1.847114679e-09 0.000000000e+00 0.000000000e+00 0.000000000e+00 -3.365508206e-19 0.000000000e+00  3.694229310e-09 3.694229312e-09 -1.352801321e-15 
d 1.00000000000000e-03 1.600000000e+01 1.600000000e+01 3.694229305e-09 3.694229305e-09 0.000000000e+00 0.000000000e+00 -1.847114465e-09 0.000000000e+00 0.000000000e+00 0.000000000e+00 -1.847114893e-09 0.000000000e+00 0.000000000e+00 0.000000000e+00 -1.162630125e-19 0.000000000e+00  3.694229305e-09 3.694229305e-09 -1.352801331e-15 
