v ATLAS
# This file was created by ATLAS version 5.26.1.R on Thu Apr 19 17:19:32 2018.
#SSF 2.0 generic
##############################################################################
#                    Copyright (c) 1984 - 2018                               #
#                    Silvaco Inc. All rights reserved                        #
#                                                                            #
# This file format and the following Key are copyright Silvaco Inc.          #
# You may not use, this format or key without reproducing this message in    #
# full and obtaining express written permission from Silvaco Inc.            #
#                                                                            #
# To obtain such permission please contact: Silvaco Inc.                     #
#                                           support@silvaco.com              #
#                                                                            #
# KEY=SVC86hn7562asdx                       PROD=345                         #
##############################################################################
y 3 700 711 15
z 0.1 0.000992917 300
f 4 "gate" "source" "drain" "substrate" 
o 1 nettcharge
p 20 61 2 601 20 1006000 3 602 21 1006001 4 603 22 1006002 5 604 23 1006003 2232 2233 3000 
d 1.00000000000000e-12 1.600000000e-02 1.600000000e-02 4.149208775e-06 0.000000000e+00 0.000000000e+00 0.000000000e+00 -6.125168398e-07 0.000000000e+00 0.000000000e+00 0.000000000e+00 -6.125168396e-07 0.000000000e+00 0.000000000e+00 0.000000000e+00 -2.924175095e-06 0.000000000e+00  0.000000000e+00 0.000000000e+00 -3.760977300e-49 
d 3.00000000000000e-12 4.800000000e-02 4.800000000e-02 4.067219706e-06 0.000000000e+00 0.000000000e+00 0.000000000e+00 -4.102076351e-07 0.000000000e+00 0.000000000e+00 0.000000000e+00 -4.102076339e-07 0.000000000e+00 0.000000000e+00 0.000000000e+00 -3.246804438e-06 0.000000000e+00  0.000000000e+00 0.000000000e+00 -5.660026070e-49 
d 7.00000000000000e-12 1.120000000e-01 1.120000000e-01 4.012738754e-06 0.000000000e+00 0.000000000e+00 0.000000000e+00 -4.460367596e-07 0.000000000e+00 0.000000000e+00 0.000000000e+00 -4.460367592e-07 0.000000000e+00 0.000000000e+00 0.000000000e+00 -3.120665236e-06 0.000000000e+00  0.000000000e+00 0.000000000e+00 -5.713874706e-49 
d 1.50000000000000e-11 2.400000000e-01 2.400000000e-01 3.913362406e-06 0.000000000e+00 0.000000000e+00 0.000000000e+00 -4.619587163e-07 0.000000000e+00 0.000000000e+00 0.000000000e+00 -4.619587159e-07 0.000000000e+00 0.000000000e+00 0.000000000e+00 -2.989444974e-06 0.000000000e+00  0.000000000e+00 0.000000000e+00 -5.715557038e-49 
d 3.10000000000000e-11 4.960000000e-01 4.960000000e-01 3.746150889e-06 0.000000000e+00 0.000000000e+00 0.000000000e+00 -4.999443470e-07 0.000000000e+00 0.000000000e+00 0.000000000e+00 -4.999443487e-07 0.000000000e+00 0.000000000e+00 0.000000000e+00 -2.746262192e-06 0.000000000e+00  0.000000000e+00 0.000000000e+00 -5.715588861e-49 
d 5.30241628712749e-11 8.483866059e-01 8.483866059e-01 3.572880552e-06 0.000000000e+00 0.000000000e+00 0.000000000e+00 -5.460381518e-07 0.000000000e+00 0.000000000e+00 0.000000000e+00 -5.460381535e-07 0.000000000e+00 0.000000000e+00 0.000000000e+00 -2.480804248e-06 0.000000000e+00  0.000000000e+00 0.000000000e+00 -5.717749758e-49 
d 6.88047980709474e-11 1.100876769e+00 1.100876769e+00 3.481304611e-06 0.000000000e+00 0.000000000e+00 0.000000000e+00 -5.778230613e-07 0.000000000e+00 0.000000000e+00 0.000000000e+00 -5.778230617e-07 0.000000000e+00 0.000000000e+00 0.000000000e+00 -2.325658488e-06 0.000000000e+00  0.000000000e+00 0.000000000e+00 -6.012238662e-49 
d 8.01521905143774e-11 1.282435048e+00 1.282435048e+00 3.465386154e-06 0.000000000e+00 0.000000000e+00 0.000000000e+00 -6.330579349e-07 0.000000000e+00 0.000000000e+00 0.000000000e+00 -6.330579373e-07 0.000000000e+00 0.000000000e+00 0.000000000e+00 -2.199270282e-06 0.000000000e+00  0.000000000e+00 0.000000000e+00 -2.935309476e-47 
d 9.73981991464093e-11 1.558371186e+00 1.558371186e+00 4.176817052e-06 0.000000000e+00 0.000000000e+00 0.000000000e+00 -1.306760978e-06 0.000000000e+00 0.000000000e+00 0.000000000e+00 -1.306761005e-06 0.000000000e+00 0.000000000e+00 0.000000000e+00 -1.563295071e-06 0.000000000e+00  0.000000000e+00 0.000000000e+00 -3.607891328e-45 
d 1.31890216410473e-10 2.110243463e+00 2.110243463e+00 7.115905689e-06 0.000000000e+00 0.000000000e+00 0.000000000e+00 -3.783935478e-06 0.000000000e+00 0.000000000e+00 0.000000000e+00 -3.783935598e-06 0.000000000e+00 0.000000000e+00 0.000000000e+00 4.519653867e-07 0.000000000e+00  1.193424552e-39 0.000000000e+00 -1.129560354e-43 
d 1.91613418803238e-10 3.065814701e+00 3.065814701e+00 6.334198407e-06 0.000000000e+00 0.000000000e+00 0.000000000e+00 -3.115709674e-06 0.000000000e+00 0.000000000e+00 0.000000000e+00 -3.115709749e-06 0.000000000e+00 0.000000000e+00 0.000000000e+00 -1.027789840e-07 0.000000000e+00  7.628278738e-26 0.000000000e+00 -1.244841562e-36 
d 2.99603163029838e-10 4.793650608e+00 4.793650608e+00 6.448701835e-06 4.939359391e-25 0.000000000e+00 0.000000000e+00 -3.215685627e-06 0.000000000e+00 0.000000000e+00 0.000000000e+00 -3.215685693e-06 0.000000000e+00 0.000000000e+00 0.000000000e+00 -1.733051341e-08 0.000000000e+00  1.312599245e-19 4.939359391e-25 -4.021357567e-30 
d 5.15582651483038e-10 8.249322424e+00 8.249322424e+00 6.479858971e-06 2.143768348e-12 0.000000000e+00 0.000000000e+00 -3.236915380e-06 0.000000000e+00 0.000000000e+00 0.000000000e+00 -3.236915449e-06 0.000000000e+00 0.000000000e+00 0.000000000e+00 -6.026908871e-09 0.000000000e+00  1.540719651e-10 2.143768348e-12 -9.663114979e-21 
d 9.47541628389438e-10 1.516066605e+01 1.516066605e+01 6.502548895e-06 5.542953846e-09 0.000000000e+00 0.000000000e+00 -3.249935331e-06 0.000000000e+00 0.000000000e+00 0.000000000e+00 -3.249935395e-06 0.000000000e+00 0.000000000e+00 0.000000000e+00 -1.957577864e-09 0.000000000e+00  1.175926353e-08 5.542953846e-09 -1.136579555e-18 
d 1.81145958220224e-09 1.600000000e+01 1.600000000e+01 -2.589374642e-07 1.299963233e-08 0.000000000e+00 0.000000000e+00 1.305981165e-07 0.000000000e+00 0.000000000e+00 0.000000000e+00 1.305981178e-07 0.000000000e+00 0.000000000e+00 0.000000000e+00 -1.003841224e-10 0.000000000e+00  2.517997642e-08 1.299963233e-08 -1.170329033e-17 
d 3.53929548982784e-09 1.600000000e+01 1.600000000e+01 1.775613041e-08 1.272350392e-08 0.000000000e+00 0.000000000e+00 -1.190868575e-08 0.000000000e+00 0.000000000e+00 0.000000000e+00 -1.190868575e-08 0.000000000e+00 0.000000000e+00 0.000000000e+00 5.537359269e-12 0.000000000e+00  2.439893017e-08 1.272350392e-08 -3.192020436e-17 
d 6.99496730507903e-09 1.600000000e+01 1.600000000e+01 1.677814151e-08 1.222818180e-08 0.000000000e+00 0.000000000e+00 -1.146681993e-08 0.000000000e+00 0.000000000e+00 0.000000000e+00 -1.146681972e-08 0.000000000e+00 0.000000000e+00 0.000000000e+00 -2.880219723e-13 0.000000000e+00  2.302073228e-08 1.222818180e-08 -6.939837676e-17 
d 1.39063109355814e-08 1.600000000e+01 1.600000000e+01 1.518199253e-08 1.137661793e-08 0.000000000e+00 0.000000000e+00 -1.068380745e-08 0.000000000e+00 0.000000000e+00 0.000000000e+00 -1.068380788e-08 0.000000000e+00 0.000000000e+00 0.000000000e+00 -4.481465731e-13 0.000000000e+00  2.078878250e-08 1.137661793e-08 -1.350972832e-16 
d 2.08176545660838e-08 1.600000000e+01 1.600000000e+01 1.357335042e-08 1.062344961e-08 0.000000000e+00 0.000000000e+00 -9.651825226e-09 0.000000000e+00 0.000000000e+00 0.000000000e+00 -9.651826298e-09 0.000000000e+00 0.000000000e+00 0.000000000e+00 -3.570699008e-13 0.000000000e+00  1.884990016e-08 1.062344961e-08 -1.925052603e-16 
d 2.77289981965862e-08 1.600000000e+01 1.600000000e+01 1.258134920e-08 9.956447627e-09 0.000000000e+00 0.000000000e+00 -8.736769544e-09 0.000000000e+00 0.000000000e+00 0.000000000e+00 -8.736769547e-09 0.000000000e+00 0.000000000e+00 0.000000000e+00 -2.504035703e-13 0.000000000e+00  1.726516329e-08 9.956447627e-09 -2.435040421e-16 
d 3.46403418270886e-08 1.600000000e+01 1.600000000e+01 1.172831285e-08 9.365033517e-09 0.000000000e+00 0.000000000e+00 -7.996423651e-09 0.000000000e+00 0.000000000e+00 0.000000000e+00 -7.996424509e-09 0.000000000e+00 0.000000000e+00 0.000000000e+00 -1.762269539e-13 0.000000000e+00  1.594392485e-08 9.365033517e-09 -2.893978806e-16 
d 4.15516854575910e-08 1.600000000e+01 1.600000000e+01 1.098917090e-08 8.839935868e-09 0.000000000e+00 0.000000000e+00 -7.384153478e-09 0.000000000e+00 0.000000000e+00 0.000000000e+00 -7.384154550e-09 0.000000000e+00 0.000000000e+00 0.000000000e+00 -1.236791987e-13 0.000000000e+00  1.482570975e-08 8.839935868e-09 -3.311372478e-16 
d 4.84630290880934e-08 1.600000000e+01 1.600000000e+01 1.035077171e-08 8.377440025e-09 0.000000000e+00 0.000000000e+00 -6.871428679e-09 0.000000000e+00 0.000000000e+00 0.000000000e+00 -6.871430606e-09 0.000000000e+00 0.000000000e+00 0.000000000e+00 -8.451970836e-14 0.000000000e+00  1.387543560e-08 8.377440025e-09 -3.694541397e-16 
d 6.22857163490982e-08 1.600000000e+01 1.600000000e+01 9.532449655e-09 7.663544883e-09 0.000000000e+00 0.000000000e+00 -6.294866800e-09 0.000000000e+00 0.000000000e+00 0.000000000e+00 -6.294868298e-09 0.000000000e+00 0.000000000e+00 0.000000000e+00 -1.587162055e-13 0.000000000e+00  1.249403302e-08 7.663544883e-09 -4.372650785e-16 
d 7.61084036101030e-08 1.600000000e+01 1.600000000e+01 8.530723271e-09 7.054223484e-09 0.000000000e+00 0.000000000e+00 -5.699083346e-09 0.000000000e+00 0.000000000e+00 0.000000000e+00 -5.699083347e-09 0.000000000e+00 0.000000000e+00 0.000000000e+00 -1.239833658e-13 0.000000000e+00  1.132179992e-08 7.054223484e-09 -4.970444318e-16 
d 8.99310908711078e-08 1.600000000e+01 1.600000000e+01 7.897873834e-09 6.560037641e-09 0.000000000e+00 0.000000000e+00 -5.187094084e-09 0.000000000e+00 0.000000000e+00 0.000000000e+00 -5.187093871e-09 0.000000000e+00 0.000000000e+00 0.000000000e+00 -7.633008424e-14 0.000000000e+00  1.039811627e-08 6.560037641e-09 -5.507290016e-16 
d 1.03753778132113e-07 1.600000000e+01 1.600000000e+01 7.374755429e-09 6.149567009e-09 0.000000000e+00 0.000000000e+00 -4.781789510e-09 0.000000000e+00 0.000000000e+00 0.000000000e+00 -4.781790580e-09 0.000000000e+00 0.000000000e+00 0.000000000e+00 -4.495118281e-14 0.000000000e+00  9.647729546e-09 6.149567009e-09 -5.995997007e-16 
d 1.17576465393117e-07 1.600000000e+01 1.600000000e+01 6.933360074e-09 5.801561662e-09 0.000000000e+00 0.000000000e+00 -4.450762080e-09 0.000000000e+00 0.000000000e+00 0.000000000e+00 -4.450763150e-09 0.000000000e+00 0.000000000e+00 0.000000000e+00 -2.359295253e-14 0.000000000e+00  9.022726019e-09 5.801561662e-09 -6.445555610e-16 
d 1.31399152654122e-07 1.600000000e+01 1.600000000e+01 6.554472144e-09 5.501485569e-09 0.000000000e+00 0.000000000e+00 -4.173668095e-09 0.000000000e+00 0.000000000e+00 0.000000000e+00 -4.173668310e-09 0.000000000e+00 0.000000000e+00 0.000000000e+00 -8.551485927e-15 0.000000000e+00  8.491610811e-09 5.501485569e-09 -6.862521383e-16 
d 1.59044527176132e-07 1.600000000e+01 1.600000000e+01 6.073119627e-09 5.050159224e-09 0.000000000e+00 0.000000000e+00 -3.846787568e-09 0.000000000e+00 0.000000000e+00 0.000000000e+00 -3.846786714e-09 0.000000000e+00 0.000000000e+00 0.000000000e+00 -5.362569563e-14 0.000000000e+00  7.715949842e-09 5.050159224e-09 -7.611681314e-16 
d 1.86689901698141e-07 1.600000000e+01 1.600000000e+01 5.470478813e-09 4.650523608e-09 0.000000000e+00 0.000000000e+00 -3.513962135e-09 0.000000000e+00 0.000000000e+00 0.000000000e+00 -3.513961280e-09 0.000000000e+00 0.000000000e+00 0.000000000e+00 -4.544947604e-14 0.000000000e+00  7.029948101e-09 4.650523608e-09 -8.278809068e-16 
d 2.14335276220151e-07 1.600000000e+01 1.600000000e+01 5.071205714e-09 4.323347163e-09 0.000000000e+00 0.000000000e+00 -3.219005439e-09 0.000000000e+00 0.000000000e+00 0.000000000e+00 -3.219005439e-09 0.000000000e+00 0.000000000e+00 0.000000000e+00 -2.460161678e-14 0.000000000e+00  6.476530815e-09 4.323347163e-09 -8.881562565e-16 
d 2.41980650742161e-07 1.600000000e+01 1.600000000e+01 4.737199176e-09 4.049377359e-09 0.000000000e+00 0.000000000e+00 -2.978950778e-09 0.000000000e+00 0.000000000e+00 0.000000000e+00 -2.978950779e-09 0.000000000e+00 0.000000000e+00 0.000000000e+00 -1.054545075e-14 0.000000000e+00  6.018500052e-09 4.049377359e-09 -9.432085966e-16 
d 2.69626025264170e-07 1.600000000e+01 1.600000000e+01 4.452965342e-09 3.815875057e-09 0.000000000e+00 0.000000000e+00 -2.778788187e-09 0.000000000e+00 0.000000000e+00 0.000000000e+00 -2.778788401e-09 0.000000000e+00 0.000000000e+00 0.000000000e+00 -7.319152943e-16 0.000000000e+00  5.631849580e-09 3.815875057e-09 -9.939252692e-16 
d 2.97271399786180e-07 1.600000000e+01 1.600000000e+01 4.207632080e-09 3.613997656e-09 0.000000000e+00 0.000000000e+00 -2.608745520e-09 0.000000000e+00 0.000000000e+00 0.000000000e+00 -2.608745735e-09 0.000000000e+00 0.000000000e+00 0.000000000e+00 6.320695139e-15 0.000000000e+00  5.300251397e-09 3.613997656e-09 -1.040976880e-15 
d 3.52562148830199e-07 1.600000000e+01 1.600000000e+01 3.896747436e-09 3.315088878e-09 0.000000000e+00 0.000000000e+00 -2.405121428e-09 0.000000000e+00 0.000000000e+00 0.000000000e+00 -2.405122070e-09 0.000000000e+00 0.000000000e+00 0.000000000e+00 -2.139189153e-14 0.000000000e+00  4.818014531e-09 3.315088878e-09 -1.125564211e-15 
d 4.07852897874218e-07 1.600000000e+01 1.600000000e+01 3.509792137e-09 3.045009983e-09 0.000000000e+00 0.000000000e+00 -2.195865318e-09 0.000000000e+00 0.000000000e+00 0.000000000e+00 -2.195865105e-09 0.000000000e+00 0.000000000e+00 0.000000000e+00 -2.000136931e-14 0.000000000e+00  4.382192506e-09 3.045009983e-09 -1.200624277e-15 
d 4.63143646918237e-07 1.600000000e+01 1.600000000e+01 3.247925075e-09 2.825085699e-09 0.000000000e+00 0.000000000e+00 -2.010291558e-09 0.000000000e+00 0.000000000e+00 0.000000000e+00 -2.010291559e-09 0.000000000e+00 0.000000000e+00 0.000000000e+00 -8.079766233e-15 0.000000000e+00  4.030546342e-09 2.825085699e-09 -1.268168697e-15 
d 5.18434395962256e-07 1.600000000e+01 1.600000000e+01 3.029717556e-09 2.641941836e-09 0.000000000e+00 0.000000000e+00 -1.858874838e-09 0.000000000e+00 0.000000000e+00 0.000000000e+00 -1.858873983e-09 0.000000000e+00 0.000000000e+00 0.000000000e+00 -2.985233300e-17 0.000000000e+00  3.739955825e-09 2.641941836e-09 -1.329602104e-15 
d 5.73725145006276e-07 1.600000000e+01 1.600000000e+01 2.844754862e-09 2.486672088e-09 0.000000000e+00 0.000000000e+00 -1.732577648e-09 0.000000000e+00 0.000000000e+00 0.000000000e+00 -1.732577862e-09 0.000000000e+00 0.000000000e+00 0.000000000e+00 5.572488376e-15 0.000000000e+00  3.495222010e-09 2.486672088e-09 -1.385961268e-15 
d 6.29015894050295e-07 1.600000000e+01 1.600000000e+01 2.685711930e-09 2.353087996e-09 0.000000000e+00 0.000000000e+00 -1.625376971e-09 0.000000000e+00 0.000000000e+00 0.000000000e+00 -1.625375903e-09 0.000000000e+00 0.000000000e+00 0.000000000e+00 9.559912693e-15 0.000000000e+00  3.285894453e-09 2.353087996e-09 -1.438034540e-15 
d 7.39597392138333e-07 1.600000000e+01 1.600000000e+01 2.486713885e-09 2.159071315e-09 0.000000000e+00 0.000000000e+00 -1.498794414e-09 0.000000000e+00 0.000000000e+00 0.000000000e+00 -1.498795270e-09 0.000000000e+00 0.000000000e+00 0.000000000e+00 -6.093321995e-15 0.000000000e+00  2.985899880e-09 2.159071315e-09 -1.531235689e-15 
d 9.60760388314410e-07 1.600000000e+01 1.600000000e+01 2.144904251e-09 1.877134382e-09 0.000000000e+00 0.000000000e+00 -1.321386536e-09 0.000000000e+00 0.000000000e+00 0.000000000e+00 -1.321386323e-09 0.000000000e+00 0.000000000e+00 0.000000000e+00 -3.877547573e-14 0.000000000e+00  2.553138458e-09 1.877134382e-09 -1.686178751e-15 
d 1.18192338449049e-06 1.600000000e+01 1.600000000e+01 1.839625219e-09 1.645748645e-09 0.000000000e+00 0.000000000e+00 -1.138132813e-09 0.000000000e+00 0.000000000e+00 0.000000000e+00 -1.138133027e-09 0.000000000e+00 0.000000000e+00 0.000000000e+00 -2.696536781e-14 0.000000000e+00  2.200759912e-09 1.645748645e-09 -1.812193457e-15 
d 1.62424937684264e-06 1.600000000e+01 1.600000000e+01 1.556805462e-09 1.386864866e-09 0.000000000e+00 0.000000000e+00 -9.581650768e-10 0.000000000e+00 0.000000000e+00 0.000000000e+00 -9.581646496e-10 0.000000000e+00 0.000000000e+00 0.000000000e+00 -4.394981439e-14 0.000000000e+00  1.813154352e-09 1.386864866e-09 -2.009937468e-15 
d 2.50890136154695e-06 1.600000000e+01 1.600000000e+01 1.204760881e-09 1.095073581e-09 0.000000000e+00 0.000000000e+00 -7.587558290e-10 0.000000000e+00 0.000000000e+00 0.000000000e+00 -7.587558295e-10 0.000000000e+00 0.000000000e+00 0.000000000e+00 -7.031740100e-14 0.000000000e+00  1.384079552e-09 1.095073581e-09 -2.283467413e-15 
d 4.27820533095556e-06 1.600000000e+01 1.600000000e+01 8.851273183e-10 8.271961945e-10 0.000000000e+00 0.000000000e+00 -5.629306807e-10 0.000000000e+00 0.000000000e+00 0.000000000e+00 -5.629313223e-10 0.000000000e+00 0.000000000e+00 0.000000000e+00 -7.758500351e-14 0.000000000e+00  9.994079554e-10 8.271961945e-10 -2.609708846e-15 
d 7.81681326977279e-06 1.600000000e+01 1.600000000e+01 6.473246774e-10 6.226484381e-10 0.000000000e+00 0.000000000e+00 -4.042174280e-10 0.000000000e+00 0.000000000e+00 0.000000000e+00 -4.042178562e-10 0.000000000e+00 0.000000000e+00 0.000000000e+00 -6.355245833e-14 0.000000000e+00  7.132280931e-10 6.226484381e-10 -2.945998272e-15 
d 1.43488463237749e-05 1.600000000e+01 1.600000000e+01 5.016434866e-10 4.937770883e-10 0.000000000e+00 0.000000000e+00 -2.976966740e-10 0.000000000e+00 0.000000000e+00 0.000000000e+00 -2.976958185e-10 0.000000000e+00 0.000000000e+00 0.000000000e+00 -3.653469050e-14 0.000000000e+00  5.370547294e-10 4.937770883e-10 -3.223296135e-15 
d 1.68488463237749e-05 1.600000000e+01 1.600000000e+01 4.573977662e-10 4.520673284e-10 0.000000000e+00 0.000000000e+00 -2.479185533e-10 0.000000000e+00 0.000000000e+00 0.000000000e+00 -2.479191952e-10 0.000000000e+00 0.000000000e+00 0.000000000e+00 -1.553162592e-15 0.000000000e+00  4.819790790e-10 4.520673284e-10 -3.295654488e-15 
d 1.93488463237749e-05 1.600000000e+01 1.600000000e+01 4.454453034e-10 4.369802185e-10 0.000000000e+00 0.000000000e+00 -2.339384481e-10 0.000000000e+00 0.000000000e+00 0.000000000e+00 -2.339375869e-10 0.000000000e+00 0.000000000e+00 0.000000000e+00 1.166190519e-15 0.000000000e+00  4.601866706e-10 4.369802185e-10 -3.352416282e-15 
d 2.05988463237749e-05 1.600000000e+01 1.600000000e+01 4.357056007e-10 4.301456506e-10 0.000000000e+00 0.000000000e+00 -2.261480759e-10 0.000000000e+00 0.000000000e+00 0.000000000e+00 -2.261482905e-10 0.000000000e+00 0.000000000e+00 0.000000000e+00 -3.606865216e-19 0.000000000e+00  4.501151462e-10 4.301456506e-10 -3.377180917e-15 
d 2.18488463237749e-05 1.600000000e+01 1.600000000e+01 4.309288083e-10 4.244060861e-10 0.000000000e+00 0.000000000e+00 -2.217240793e-10 0.000000000e+00 0.000000000e+00 0.000000000e+00 -2.217238658e-10 0.000000000e+00 0.000000000e+00 0.000000000e+00 8.125655010e-16 0.000000000e+00  4.421436023e-10 4.244060861e-10 -3.399195315e-15 
d 2.30988463237749e-05 1.600000000e+01 1.600000000e+01 4.252822318e-10 4.193626029e-10 0.000000000e+00 0.000000000e+00 -2.181718801e-10 0.000000000e+00 0.000000000e+00 0.000000000e+00 -2.181718809e-10 0.000000000e+00 0.000000000e+00 0.000000000e+00 8.719095455e-16 0.000000000e+00  4.351769947e-10 4.193626029e-10 -3.418829713e-15 
d 2.43488463237749e-05 1.600000000e+01 1.600000000e+01 4.202824908e-10 4.149189700e-10 0.000000000e+00 0.000000000e+00 -2.150487574e-10 0.000000000e+00 0.000000000e+00 0.000000000e+00 -2.150476884e-10 0.000000000e+00 0.000000000e+00 0.000000000e+00 8.562055365e-16 0.000000000e+00  4.290643988e-10 4.149189700e-10 -3.436397817e-15 
d 2.55988463237749e-05 1.600000000e+01 1.600000000e+01 4.158564976e-10 4.109948093e-10 0.000000000e+00 0.000000000e+00 -2.122985710e-10 0.000000000e+00 0.000000000e+00 0.000000000e+00 -2.122987847e-10 0.000000000e+00 0.000000000e+00 0.000000000e+00 8.103620910e-16 0.000000000e+00  4.236832163e-10 4.109948093e-10 -3.452161049e-15 
d 2.80988463237749e-05 1.600000000e+01 1.600000000e+01 4.093692570e-10 4.049938330e-10 0.000000000e+00 0.000000000e+00 -2.088785703e-10 0.000000000e+00 0.000000000e+00 0.000000000e+00 -2.088792122e-10 0.000000000e+00 0.000000000e+00 0.000000000e+00 3.442203042e-16 0.000000000e+00  4.156049035e-10 4.049938330e-10 -3.478347596e-15 
d 3.30988463237749e-05 1.600000000e+01 1.600000000e+01 3.993878582e-10 3.965560623e-10 0.000000000e+00 0.000000000e+00 -2.039432802e-10 0.000000000e+00 0.000000000e+00 0.000000000e+00 -2.039430664e-10 0.000000000e+00 0.000000000e+00 0.000000000e+00 -8.173576118e-16 0.000000000e+00  4.042596835e-10 3.965560623e-10 -3.515735205e-15 
d 4.30988463237749e-05 1.600000000e+01 1.600000000e+01 3.884155499e-10 3.872175832e-10 0.000000000e+00 0.000000000e+00 -1.979929618e-10 0.000000000e+00 0.000000000e+00 0.000000000e+00 -1.979933889e-10 0.000000000e+00 0.000000000e+00 0.000000000e+00 -1.695902058e-15 0.000000000e+00  3.917231101e-10 3.872175832e-10 -3.557454844e-15 
d 5.30988463237749e-05 1.600000000e+01 1.600000000e+01 3.826388317e-10 3.821318361e-10 0.000000000e+00 0.000000000e+00 -1.935563746e-10 0.000000000e+00 0.000000000e+00 0.000000000e+00 -1.935557332e-10 0.000000000e+00 0.000000000e+00 0.000000000e+00 -1.041546088e-15 0.000000000e+00  3.846744834e-10 3.821318361e-10 -3.580925128e-15 
d 6.30988463237749e-05 1.600000000e+01 1.600000000e+01 3.799062504e-10 3.795758180e-10 0.000000000e+00 0.000000000e+00 -1.911861852e-10 0.000000000e+00 0.000000000e+00 0.000000000e+00 -1.911861846e-10 0.000000000e+00 0.000000000e+00 0.000000000e+00 -5.493513100e-16 0.000000000e+00  3.810734673e-10 3.795758180e-10 -3.594847210e-15 
d 7.30988463237749e-05 1.600000000e+01 1.600000000e+01 3.784313493e-10 3.782155428e-10 0.000000000e+00 0.000000000e+00 -1.899279061e-10 0.000000000e+00 0.000000000e+00 0.000000000e+00 -1.899274787e-10 0.000000000e+00 0.000000000e+00 0.000000000e+00 -3.034640111e-16 0.000000000e+00  3.791287986e-10 3.782155428e-10 -3.603379999e-15 
d 8.30988463237749e-05 1.600000000e+01 1.600000000e+01 3.776003457e-10 3.774578712e-10 0.000000000e+00 0.000000000e+00 -1.892264618e-10 0.000000000e+00 0.000000000e+00 0.000000000e+00 -1.892271030e-10 0.000000000e+00 0.000000000e+00 0.000000000e+00 -1.735778279e-16 0.000000000e+00  3.780311965e-10 3.774578712e-10 -3.608755051e-15 
d 9.30988463237749e-05 1.600000000e+01 1.600000000e+01 3.771136552e-10 3.770186229e-10 0.000000000e+00 0.000000000e+00 -1.888207599e-10 0.000000000e+00 0.000000000e+00 0.000000000e+00 -1.888207602e-10 0.000000000e+00 0.000000000e+00 0.000000000e+00 -1.015322900e-16 0.000000000e+00  3.773871991e-10 3.770186229e-10 -3.612218227e-15 
d 1.03098846323775e-04 1.600000000e+01 1.600000000e+01 3.768185869e-10 3.767545807e-10 0.000000000e+00 0.000000000e+00 -1.885768279e-10 0.000000000e+00 0.000000000e+00 0.000000000e+00 -1.885774694e-10 0.000000000e+00 0.000000000e+00 0.000000000e+00 -6.166957828e-17 0.000000000e+00  3.769964285e-10 3.767545807e-10 -3.614490676e-15 
d 1.13098846323775e-04 1.600000000e+01 1.600000000e+01 3.766351547e-10 3.765916477e-10 0.000000000e+00 0.000000000e+00 -1.884274097e-10 0.000000000e+00 0.000000000e+00 0.000000000e+00 -1.884265538e-10 0.000000000e+00 0.000000000e+00 0.000000000e+00 -3.774346584e-17 0.000000000e+00  3.767525065e-10 3.765916477e-10 -3.616003761e-15 
d 1.23098846323775e-04 1.600000000e+01 1.600000000e+01 3.765182096e-10 3.764883817e-10 0.000000000e+00 0.000000000e+00 -1.883300744e-10 0.000000000e+00 0.000000000e+00 0.000000000e+00 -1.883319994e-10 0.000000000e+00 0.000000000e+00 0.000000000e+00 -2.416476159e-17 0.000000000e+00  3.765966733e-10 3.764883817e-10 -3.617023098e-15 
d 1.33098846323775e-04 1.600000000e+01 1.600000000e+01 3.764422347e-10 3.764216208e-10 0.000000000e+00 0.000000000e+00 -1.882689171e-10 0.000000000e+00 0.000000000e+00 0.000000000e+00 -1.882695587e-10 0.000000000e+00 0.000000000e+00 0.000000000e+00 -1.565838832e-17 0.000000000e+00  3.764952341e-10 3.764216208e-10 -3.617716345e-15 
d 1.43098846323775e-04 1.600000000e+01 1.600000000e+01 3.763921144e-10 3.763777631e-10 0.000000000e+00 0.000000000e+00 -1.882283674e-10 0.000000000e+00 0.000000000e+00 0.000000000e+00 -1.882296508e-10 0.000000000e+00 0.000000000e+00 0.000000000e+00 -1.027438903e-17 0.000000000e+00  3.764282015e-10 3.763777631e-10 -3.618191508e-15 
d 1.53098846323775e-04 1.600000000e+01 1.600000000e+01 3.763586337e-10 3.763485750e-10 0.000000000e+00 0.000000000e+00 -1.882014770e-10 0.000000000e+00 0.000000000e+00 0.000000000e+00 -1.882014768e-10 0.000000000e+00 0.000000000e+00 0.000000000e+00 -6.758758665e-18 0.000000000e+00  3.763833640e-10 3.763485750e-10 -3.618519326e-15 
d 1.63098846323775e-04 1.600000000e+01 1.600000000e+01 3.763360356e-10 3.763289423e-10 0.000000000e+00 0.000000000e+00 -1.881834760e-10 0.000000000e+00 0.000000000e+00 0.000000000e+00 -1.881832625e-10 0.000000000e+00 0.000000000e+00 0.000000000e+00 -4.846332001e-18 0.000000000e+00  3.763530734e-10 3.763289423e-10 -3.618746759e-15 
d 1.73098846323775e-04 1.600000000e+01 1.600000000e+01 3.763206493e-10 3.763156198e-10 0.000000000e+00 0.000000000e+00 -1.881713296e-10 0.000000000e+00 0.000000000e+00 0.000000000e+00 -1.881702603e-10 0.000000000e+00 0.000000000e+00 0.000000000e+00 -2.749518285e-18 0.000000000e+00  3.763324406e-10 3.763156198e-10 -3.618905319e-15 
d 1.83098846323775e-04 1.600000000e+01 1.600000000e+01 3.763100952e-10 3.763065113e-10 0.000000000e+00 0.000000000e+00 -1.881622307e-10 0.000000000e+00 0.000000000e+00 0.000000000e+00 -1.881618031e-10 0.000000000e+00 0.000000000e+00 0.000000000e+00 -2.538613079e-18 0.000000000e+00  3.763182877e-10 3.763065113e-10 -3.619016345e-15 
d 1.93098846323775e-04 1.600000000e+01 1.600000000e+01 3.763028087e-10 3.763002437e-10 0.000000000e+00 0.000000000e+00 -1.881559485e-10 0.000000000e+00 0.000000000e+00 0.000000000e+00 -1.881568035e-10 0.000000000e+00 0.000000000e+00 0.000000000e+00 -1.693768524e-18 0.000000000e+00  3.763085209e-10 3.763002437e-10 -3.619094391e-15 
d 2.03098846323775e-04 1.600000000e+01 1.600000000e+01 3.762977495e-10 3.762959065e-10 0.000000000e+00 0.000000000e+00 -1.881524708e-10 0.000000000e+00 0.000000000e+00 0.000000000e+00 -1.881511876e-10 0.000000000e+00 0.000000000e+00 0.000000000e+00 -3.239046930e-19 0.000000000e+00  3.763017451e-10 3.762959065e-10 -3.619149450e-15 
d 2.13098846323775e-04 1.600000000e+01 1.600000000e+01 3.762942188e-10 3.762928900e-10 0.000000000e+00 0.000000000e+00 -1.881494379e-10 0.000000000e+00 0.000000000e+00 0.000000000e+00 -1.881498659e-10 0.000000000e+00 0.000000000e+00 0.000000000e+00 -3.202332206e-19 0.000000000e+00  3.762970221e-10 3.762928900e-10 -3.619188420e-15 
d 2.23098846323775e-04 1.600000000e+01 1.600000000e+01 3.762917436e-10 3.762907826e-10 0.000000000e+00 0.000000000e+00 -1.881489837e-10 0.000000000e+00 0.000000000e+00 0.000000000e+00 -1.881489836e-10 0.000000000e+00 0.000000000e+00 0.000000000e+00 -3.173776326e-19 0.000000000e+00  3.762937158e-10 3.762907826e-10 -3.619216086e-15 
d 2.33098846323775e-04 1.600000000e+01 1.600000000e+01 3.762900011e-10 3.762893041e-10 0.000000000e+00 0.000000000e+00 -1.881455423e-10 0.000000000e+00 0.000000000e+00 0.000000000e+00 -1.881455420e-10 0.000000000e+00 0.000000000e+00 0.000000000e+00 -3.198252710e-19 0.000000000e+00  3.762913922e-10 3.762893041e-10 -3.619235783e-15 
d 2.43098846323775e-04 1.600000000e+01 1.600000000e+01 3.762887697e-10 3.762882630e-10 0.000000000e+00 0.000000000e+00 -1.881455290e-10 0.000000000e+00 0.000000000e+00 0.000000000e+00 -1.881459566e-10 0.000000000e+00 0.000000000e+00 0.000000000e+00 -3.226808530e-19 0.000000000e+00  3.762897535e-10 3.762882630e-10 -3.619249844e-15 
d 2.53098846323775e-04 1.600000000e+01 1.600000000e+01 3.762878965e-10 3.762875274e-10 0.000000000e+00 0.000000000e+00 -1.881455197e-10 0.000000000e+00 0.000000000e+00 0.000000000e+00 -1.881455194e-10 0.000000000e+00 0.000000000e+00 0.000000000e+00 -3.214570310e-19 0.000000000e+00  3.762885939e-10 3.762875274e-10 -3.619259906e-15 
d 2.63098846323775e-04 1.600000000e+01 1.600000000e+01 3.762872754e-10 3.762870059e-10 0.000000000e+00 0.000000000e+00 -1.881446569e-10 0.000000000e+00 0.000000000e+00 0.000000000e+00 -1.881442290e-10 0.000000000e+00 0.000000000e+00 0.000000000e+00 -3.218649706e-19 0.000000000e+00  3.762877708e-10 3.762870059e-10 -3.619267123e-15 
d 2.73098846323775e-04 1.600000000e+01 1.600000000e+01 3.762868321e-10 3.762866352e-10 0.000000000e+00 0.000000000e+00 -1.881437964e-10 0.000000000e+00 0.000000000e+00 0.000000000e+00 -1.881442242e-10 0.000000000e+00 0.000000000e+00 0.000000000e+00 -3.785686820e-19 0.000000000e+00  3.762871850e-10 3.762866352e-10 -3.619272312e-15 
d 2.83098846323775e-04 1.600000000e+01 1.600000000e+01 3.762865151e-10 3.762863708e-10 0.000000000e+00 0.000000000e+00 -1.881435797e-10 0.000000000e+00 0.000000000e+00 0.000000000e+00 -1.881435798e-10 0.000000000e+00 0.000000000e+00 0.000000000e+00 -2.455801143e-19 0.000000000e+00  3.762867668e-10 3.762863708e-10 -3.619276049e-15 
d 2.93098846323775e-04 1.600000000e+01 1.600000000e+01 3.762862876e-10 3.762861819e-10 0.000000000e+00 0.000000000e+00 -1.881425079e-10 0.000000000e+00 0.000000000e+00 0.000000000e+00 -1.881442185e-10 0.000000000e+00 0.000000000e+00 0.000000000e+00 -3.239046680e-19 0.000000000e+00  3.762864676e-10 3.762861819e-10 -3.619278746e-15 
d 3.03098846323775e-04 1.600000000e+01 1.600000000e+01 3.762861241e-10 3.762860465e-10 0.000000000e+00 0.000000000e+00 -1.881431476e-10 0.000000000e+00 0.000000000e+00 0.000000000e+00 -1.881425061e-10 0.000000000e+00 0.000000000e+00 0.000000000e+00 -2.459880542e-19 0.000000000e+00  3.762862531e-10 3.762860465e-10 -3.619280696e-15 
d 3.13098846323775e-04 1.600000000e+01 1.600000000e+01 3.762860063e-10 3.762859492e-10 0.000000000e+00 0.000000000e+00 -1.881425045e-10 0.000000000e+00 0.000000000e+00 0.000000000e+00 -1.881433603e-10 0.000000000e+00 0.000000000e+00 0.000000000e+00 -3.247205487e-19 0.000000000e+00  3.762860989e-10 3.762859492e-10 -3.619282108e-15 
d 3.23098846323775e-04 1.600000000e+01 1.600000000e+01 3.762859213e-10 3.762858793e-10 0.000000000e+00 0.000000000e+00 -1.881429311e-10 0.000000000e+00 0.000000000e+00 0.000000000e+00 -1.881429313e-10 0.000000000e+00 0.000000000e+00 0.000000000e+00 -1.750064267e-19 0.000000000e+00  3.762859878e-10 3.762858793e-10 -3.619283133e-15 
d 3.33098846323775e-04 1.600000000e+01 1.600000000e+01 3.762858597e-10 3.762858288e-10 0.000000000e+00 0.000000000e+00 -1.881429307e-10 0.000000000e+00 0.000000000e+00 0.000000000e+00 -1.881429308e-10 0.000000000e+00 0.000000000e+00 0.000000000e+00 -3.226808465e-19 0.000000000e+00  3.762859077e-10 3.762858288e-10 -3.619283877e-15 
d 3.43098846323775e-04 1.600000000e+01 1.600000000e+01 3.762858152e-10 3.762857924e-10 0.000000000e+00 0.000000000e+00 -1.881433580e-10 0.000000000e+00 0.000000000e+00 0.000000000e+00 -1.881425028e-10 0.000000000e+00 0.000000000e+00 0.000000000e+00 -1.758223075e-19 0.000000000e+00  3.762858497e-10 3.762857924e-10 -3.619284419e-15 
d 3.53098846323775e-04 1.600000000e+01 1.600000000e+01 3.762857828e-10 3.762857660e-10 0.000000000e+00 0.000000000e+00 -1.881439992e-10 0.000000000e+00 0.000000000e+00 0.000000000e+00 -1.881433576e-10 0.000000000e+00 0.000000000e+00 0.000000000e+00 -3.226808465e-19 0.000000000e+00  3.762858078e-10 3.762857660e-10 -3.619284813e-15 
d 3.63098846323775e-04 1.600000000e+01 1.600000000e+01 3.762857593e-10 3.762857469e-10 0.000000000e+00 0.000000000e+00 -1.881431435e-10 0.000000000e+00 0.000000000e+00 0.000000000e+00 -1.881425017e-10 0.000000000e+00 0.000000000e+00 0.000000000e+00 -2.382371866e-19 0.000000000e+00  3.762857774e-10 3.762857469e-10 -3.619285101e-15 
d 3.73098846323775e-04 1.600000000e+01 1.600000000e+01 3.762857422e-10 3.762857330e-10 0.000000000e+00 0.000000000e+00 -1.881429295e-10 0.000000000e+00 0.000000000e+00 0.000000000e+00 -1.881429297e-10 0.000000000e+00 0.000000000e+00 0.000000000e+00 -3.243126082e-19 0.000000000e+00  3.762857553e-10 3.762857330e-10 -3.619285311e-15 
d 3.83098846323775e-04 1.600000000e+01 1.600000000e+01 3.762857297e-10 3.762857229e-10 0.000000000e+00 0.000000000e+00 -1.881429293e-10 0.000000000e+00 0.000000000e+00 0.000000000e+00 -1.881429296e-10 0.000000000e+00 0.000000000e+00 0.000000000e+00 -2.382371866e-19 0.000000000e+00  3.762857392e-10 3.762857229e-10 -3.619285465e-15 
d 3.93098846323774e-04 1.600000000e+01 1.600000000e+01 3.762857206e-10 3.762857156e-10 0.000000000e+00 0.000000000e+00 -1.881431429e-10 0.000000000e+00 0.000000000e+00 0.000000000e+00 -1.881429292e-10 0.000000000e+00 0.000000000e+00 0.000000000e+00 -3.243126082e-19 0.000000000e+00  3.762857275e-10 3.762857156e-10 -3.619285577e-15 
d 4.03098846323774e-04 1.600000000e+01 1.600000000e+01 3.762857052e-10 3.762857015e-10 0.000000000e+00 0.000000000e+00 -1.881431432e-10 0.000000000e+00 0.000000000e+00 0.000000000e+00 -1.881444267e-10 0.000000000e+00 0.000000000e+00 0.000000000e+00 -1.378838514e-19 0.000000000e+00  3.762857190e-10 3.762857015e-10 -3.619285660e-15 
d 4.13098846323774e-04 1.600000000e+01 1.600000000e+01 3.762857026e-10 3.762856999e-10 0.000000000e+00 0.000000000e+00 -1.881429295e-10 0.000000000e+00 0.000000000e+00 0.000000000e+00 -1.881425017e-10 0.000000000e+00 0.000000000e+00 0.000000000e+00 -3.443016868e-19 0.000000000e+00  3.762857127e-10 3.762856999e-10 -3.619285720e-15 
d 4.23098846323774e-04 1.600000000e+01 1.600000000e+01 3.762857007e-10 3.762856987e-10 0.000000000e+00 0.000000000e+00 -1.881427153e-10 0.000000000e+00 0.000000000e+00 0.000000000e+00 -1.881433568e-10 0.000000000e+00 0.000000000e+00 0.000000000e+00 -1.154471301e-19 0.000000000e+00  3.762857082e-10 3.762856987e-10 -3.619285765e-15 
d 4.33098846323774e-04 1.600000000e+01 1.600000000e+01 3.762856994e-10 3.762856979e-10 0.000000000e+00 0.000000000e+00 -1.881433563e-10 0.000000000e+00 0.000000000e+00 0.000000000e+00 -1.881431426e-10 0.000000000e+00 0.000000000e+00 0.000000000e+00 -3.365508193e-19 0.000000000e+00  3.762857048e-10 3.762856979e-10 -3.619285797e-15 
d 4.43098846323774e-04 1.600000000e+01 1.600000000e+01 3.762856984e-10 3.762856972e-10 0.000000000e+00 0.000000000e+00 -1.881431429e-10 0.000000000e+00 0.000000000e+00 0.000000000e+00 -1.881425014e-10 0.000000000e+00 0.000000000e+00 0.000000000e+00 -1.162630108e-19 0.000000000e+00  3.762857024e-10 3.762856972e-10 -3.619285821e-15 
d 4.53098846323774e-04 1.600000000e+01 1.600000000e+01 3.762856976e-10 3.762856968e-10 0.000000000e+00 0.000000000e+00 -1.881433571e-10 0.000000000e+00 0.000000000e+00 0.000000000e+00 -1.881435710e-10 0.000000000e+00 0.000000000e+00 0.000000000e+00 -3.365508193e-19 0.000000000e+00  3.762857006e-10 3.762856968e-10 -3.619285839e-15 
d 4.63098846323774e-04 1.600000000e+01 1.600000000e+01 3.762856971e-10 3.762856965e-10 0.000000000e+00 0.000000000e+00 -1.881431430e-10 0.000000000e+00 0.000000000e+00 0.000000000e+00 -1.881437845e-10 0.000000000e+00 0.000000000e+00 0.000000000e+00 -1.162630108e-19 0.000000000e+00  3.762856993e-10 3.762856965e-10 -3.619285852e-15 
d 4.73098846323774e-04 1.600000000e+01 1.600000000e+01 3.762856967e-10 3.762856963e-10 0.000000000e+00 0.000000000e+00 -1.881435711e-10 0.000000000e+00 0.000000000e+00 0.000000000e+00 -1.881433569e-10 0.000000000e+00 0.000000000e+00 0.000000000e+00 -3.365508193e-19 0.000000000e+00  3.762856983e-10 3.762856963e-10 -3.619285861e-15 
d 4.83098846323774e-04 1.600000000e+01 1.600000000e+01 3.762856964e-10 3.762856961e-10 0.000000000e+00 0.000000000e+00 -1.881433565e-10 0.000000000e+00 0.000000000e+00 0.000000000e+00 -1.881442124e-10 0.000000000e+00 0.000000000e+00 0.000000000e+00 -1.162630108e-19 0.000000000e+00  3.762856976e-10 3.762856961e-10 -3.619285868e-15 
d 4.93098846323774e-04 1.600000000e+01 1.600000000e+01 3.762856962e-10 3.762856960e-10 0.000000000e+00 0.000000000e+00 -1.881425009e-10 0.000000000e+00 0.000000000e+00 0.000000000e+00 -1.881435705e-10 0.000000000e+00 0.000000000e+00 0.000000000e+00 -3.365508193e-19 0.000000000e+00  3.762856971e-10 3.762856960e-10 -3.619285874e-15 
d 5.03098846323774e-04 1.600000000e+01 1.600000000e+01 3.762856961e-10 3.762856959e-10 0.000000000e+00 0.000000000e+00 -1.881433568e-10 0.000000000e+00 0.000000000e+00 0.000000000e+00 -1.881433568e-10 0.000000000e+00 0.000000000e+00 0.000000000e+00 -1.162630108e-19 0.000000000e+00  3.762856967e-10 3.762856959e-10 -3.619285877e-15 
d 5.13098846323774e-04 1.600000000e+01 1.600000000e+01 3.762856959e-10 3.762856958e-10 0.000000000e+00 0.000000000e+00 -1.881427153e-10 0.000000000e+00 0.000000000e+00 0.000000000e+00 -1.881435710e-10 0.000000000e+00 0.000000000e+00 0.000000000e+00 -3.365508193e-19 0.000000000e+00  3.762856964e-10 3.762856958e-10 -3.619285880e-15 
d 5.23098846323774e-04 1.600000000e+01 1.600000000e+01 3.762856959e-10 3.762856958e-10 0.000000000e+00 0.000000000e+00 -1.881435708e-10 0.000000000e+00 0.000000000e+00 0.000000000e+00 -1.881433569e-10 0.000000000e+00 0.000000000e+00 0.000000000e+00 -1.162630108e-19 0.000000000e+00  3.762856962e-10 3.762856958e-10 -3.619285882e-15 
d 5.33098846323774e-04 1.600000000e+01 1.600000000e+01 3.762856958e-10 3.762856957e-10 0.000000000e+00 0.000000000e+00 -1.881425014e-10 0.000000000e+00 0.000000000e+00 0.000000000e+00 -1.881429290e-10 0.000000000e+00 0.000000000e+00 0.000000000e+00 -3.365508193e-19 0.000000000e+00  3.762856961e-10 3.762856957e-10 -3.619285884e-15 
d 5.43098846323774e-04 1.600000000e+01 1.600000000e+01 3.762856958e-10 3.762856957e-10 0.000000000e+00 0.000000000e+00 -1.881433568e-10 0.000000000e+00 0.000000000e+00 0.000000000e+00 -1.881439986e-10 0.000000000e+00 0.000000000e+00 0.000000000e+00 -1.162630108e-19 0.000000000e+00  3.762856960e-10 3.762856957e-10 -3.619285885e-15 
d 5.53098846323774e-04 1.600000000e+01 1.600000000e+01 3.762856957e-10 3.762856957e-10 0.000000000e+00 0.000000000e+00 -1.881431428e-10 0.000000000e+00 0.000000000e+00 0.000000000e+00 -1.881429288e-10 0.000000000e+00 0.000000000e+00 0.000000000e+00 -3.365508193e-19 0.000000000e+00  3.762856959e-10 3.762856957e-10 -3.619285886e-15 
d 5.63098846323774e-04 1.600000000e+01 1.600000000e+01 3.762856957e-10 3.762856957e-10 0.000000000e+00 0.000000000e+00 -1.881435706e-10 0.000000000e+00 0.000000000e+00 0.000000000e+00 -1.881439985e-10 0.000000000e+00 0.000000000e+00 0.000000000e+00 -1.162630108e-19 0.000000000e+00  3.762856958e-10 3.762856957e-10 -3.619285887e-15 
d 5.73098846323774e-04 1.600000000e+01 1.600000000e+01 3.762856957e-10 3.762856957e-10 0.000000000e+00 0.000000000e+00 -1.881433571e-10 0.000000000e+00 0.000000000e+00 0.000000000e+00 -1.881439988e-10 0.000000000e+00 0.000000000e+00 0.000000000e+00 -3.365508193e-19 0.000000000e+00  3.762856958e-10 3.762856957e-10 -3.619285887e-15 
d 5.83098846323775e-04 1.600000000e+01 1.600000000e+01 3.762856957e-10 3.762856957e-10 0.000000000e+00 0.000000000e+00 -1.881427151e-10 0.000000000e+00 0.000000000e+00 0.000000000e+00 -1.881435708e-10 0.000000000e+00 0.000000000e+00 0.000000000e+00 -1.162630108e-19 0.000000000e+00  3.762856957e-10 3.762856957e-10 -3.619285887e-15 
d 5.93098846323775e-04 1.600000000e+01 1.600000000e+01 3.762856957e-10 3.762856956e-10 0.000000000e+00 0.000000000e+00 -1.881431429e-10 0.000000000e+00 0.000000000e+00 0.000000000e+00 -1.881433566e-10 0.000000000e+00 0.000000000e+00 0.000000000e+00 -3.365508193e-19 0.000000000e+00  3.762856957e-10 3.762856956e-10 -3.619285888e-15 
d 6.03098846323775e-04 1.600000000e+01 1.600000000e+01 3.762856957e-10 3.762856956e-10 0.000000000e+00 0.000000000e+00 -1.881431430e-10 0.000000000e+00 0.000000000e+00 0.000000000e+00 -1.881433568e-10 0.000000000e+00 0.000000000e+00 0.000000000e+00 -1.162630108e-19 0.000000000e+00  3.762856957e-10 3.762856956e-10 -3.619285888e-15 
d 6.13098846323775e-04 1.600000000e+01 1.600000000e+01 3.762856956e-10 3.762856956e-10 0.000000000e+00 0.000000000e+00 -1.881435707e-10 0.000000000e+00 0.000000000e+00 0.000000000e+00 -1.881439986e-10 0.000000000e+00 0.000000000e+00 0.000000000e+00 -3.365508193e-19 0.000000000e+00  3.762856957e-10 3.762856956e-10 -3.619285888e-15 
d 6.23098846323775e-04 1.600000000e+01 1.600000000e+01 3.762856956e-10 3.762856956e-10 0.000000000e+00 0.000000000e+00 -1.881429286e-10 0.000000000e+00 0.000000000e+00 0.000000000e+00 -1.881435705e-10 0.000000000e+00 0.000000000e+00 0.000000000e+00 -1.162630108e-19 0.000000000e+00  3.762856957e-10 3.762856956e-10 -3.619285888e-15 
d 6.33098846323775e-04 1.600000000e+01 1.600000000e+01 3.762856956e-10 3.762856956e-10 0.000000000e+00 0.000000000e+00 -1.881433567e-10 0.000000000e+00 0.000000000e+00 0.000000000e+00 -1.881435707e-10 0.000000000e+00 0.000000000e+00 0.000000000e+00 -3.365508193e-19 0.000000000e+00  3.762856957e-10 3.762856956e-10 -3.619285888e-15 
d 6.43098846323775e-04 1.600000000e+01 1.600000000e+01 3.762856956e-10 3.762856956e-10 0.000000000e+00 0.000000000e+00 -1.881429291e-10 0.000000000e+00 0.000000000e+00 0.000000000e+00 -1.881433569e-10 0.000000000e+00 0.000000000e+00 0.000000000e+00 -1.162630108e-19 0.000000000e+00  3.762856956e-10 3.762856956e-10 -3.619285888e-15 
d 6.53098846323775e-04 1.600000000e+01 1.600000000e+01 3.762856956e-10 3.762856956e-10 0.000000000e+00 0.000000000e+00 -1.881433568e-10 0.000000000e+00 0.000000000e+00 0.000000000e+00 -1.881435710e-10 0.000000000e+00 0.000000000e+00 0.000000000e+00 -3.365508193e-19 0.000000000e+00  3.762856956e-10 3.762856956e-10 -3.619285888e-15 
d 6.63098846323775e-04 1.600000000e+01 1.600000000e+01 3.762856956e-10 3.762856956e-10 0.000000000e+00 0.000000000e+00 -1.881429290e-10 0.000000000e+00 0.000000000e+00 0.000000000e+00 -1.881433572e-10 0.000000000e+00 0.000000000e+00 0.000000000e+00 -1.162630108e-19 0.000000000e+00  3.762856956e-10 3.762856956e-10 -3.619285888e-15 
d 6.73098846323775e-04 1.600000000e+01 1.600000000e+01 3.762856956e-10 3.762856956e-10 0.000000000e+00 0.000000000e+00 -1.881437844e-10 0.000000000e+00 0.000000000e+00 0.000000000e+00 -1.881435705e-10 0.000000000e+00 0.000000000e+00 0.000000000e+00 -3.365508193e-19 0.000000000e+00  3.762856956e-10 3.762856956e-10 -3.619285888e-15 
d 6.83098846323775e-04 1.600000000e+01 1.600000000e+01 3.762856956e-10 3.762856956e-10 0.000000000e+00 0.000000000e+00 -1.881422873e-10 0.000000000e+00 0.000000000e+00 0.000000000e+00 -1.881433567e-10 0.000000000e+00 0.000000000e+00 0.000000000e+00 -1.162630108e-19 0.000000000e+00  3.762856956e-10 3.762856956e-10 -3.619285888e-15 
d 6.93098846323775e-04 1.600000000e+01 1.600000000e+01 3.762856956e-10 3.762856956e-10 0.000000000e+00 0.000000000e+00 -1.881433564e-10 0.000000000e+00 0.000000000e+00 0.000000000e+00 -1.881435709e-10 0.000000000e+00 0.000000000e+00 0.000000000e+00 -3.365508193e-19 0.000000000e+00  3.762856956e-10 3.762856956e-10 -3.619285888e-15 
d 7.03098846323775e-04 1.600000000e+01 1.600000000e+01 3.762856956e-10 3.762856956e-10 0.000000000e+00 0.000000000e+00 -1.881422873e-10 0.000000000e+00 0.000000000e+00 0.000000000e+00 -1.881433568e-10 0.000000000e+00 0.000000000e+00 0.000000000e+00 -1.162630108e-19 0.000000000e+00  3.762856956e-10 3.762856956e-10 -3.619285888e-15 
d 7.13098846323775e-04 1.600000000e+01 1.600000000e+01 3.762856956e-10 3.762856956e-10 0.000000000e+00 0.000000000e+00 -1.881422876e-10 0.000000000e+00 0.000000000e+00 0.000000000e+00 -1.881435707e-10 0.000000000e+00 0.000000000e+00 0.000000000e+00 -3.365508193e-19 0.000000000e+00  3.762856956e-10 3.762856956e-10 -3.619285888e-15 
d 7.23098846323775e-04 1.600000000e+01 1.600000000e+01 3.762856956e-10 3.762856956e-10 0.000000000e+00 0.000000000e+00 -1.881418598e-10 0.000000000e+00 0.000000000e+00 0.000000000e+00 -1.881433572e-10 0.000000000e+00 0.000000000e+00 0.000000000e+00 -1.162630108e-19 0.000000000e+00  3.762856956e-10 3.762856956e-10 -3.619285888e-15 
d 7.33098846323775e-04 1.600000000e+01 1.600000000e+01 3.762856956e-10 3.762856956e-10 0.000000000e+00 0.000000000e+00 -1.881422873e-10 0.000000000e+00 0.000000000e+00 0.000000000e+00 -1.881435710e-10 0.000000000e+00 0.000000000e+00 0.000000000e+00 -3.365508193e-19 0.000000000e+00  3.762856956e-10 3.762856956e-10 -3.619285888e-15 
d 7.43098846323775e-04 1.600000000e+01 1.600000000e+01 3.762856956e-10 3.762856956e-10 0.000000000e+00 0.000000000e+00 -1.881418594e-10 0.000000000e+00 0.000000000e+00 0.000000000e+00 -1.881433570e-10 0.000000000e+00 0.000000000e+00 0.000000000e+00 -1.162630108e-19 0.000000000e+00  3.762856956e-10 3.762856956e-10 -3.619285888e-15 
d 7.53098846323775e-04 1.600000000e+01 1.600000000e+01 3.762856956e-10 3.762856956e-10 0.000000000e+00 0.000000000e+00 -1.881422873e-10 0.000000000e+00 0.000000000e+00 0.000000000e+00 -1.881435709e-10 0.000000000e+00 0.000000000e+00 0.000000000e+00 -3.365508193e-19 0.000000000e+00  3.762856956e-10 3.762856956e-10 -3.619285888e-15 
d 7.63098846323775e-04 1.600000000e+01 1.600000000e+01 3.762856956e-10 3.762856956e-10 0.000000000e+00 0.000000000e+00 -1.881418596e-10 0.000000000e+00 0.000000000e+00 0.000000000e+00 -1.881433570e-10 0.000000000e+00 0.000000000e+00 0.000000000e+00 -1.162630108e-19 0.000000000e+00  3.762856956e-10 3.762856956e-10 -3.619285888e-15 
d 7.73098846323775e-04 1.600000000e+01 1.600000000e+01 3.762856956e-10 3.762856956e-10 0.000000000e+00 0.000000000e+00 -1.881422874e-10 0.000000000e+00 0.000000000e+00 0.000000000e+00 -1.881435710e-10 0.000000000e+00 0.000000000e+00 0.000000000e+00 -3.365508193e-19 0.000000000e+00  3.762856956e-10 3.762856956e-10 -3.619285888e-15 
d 7.83098846323775e-04 1.600000000e+01 1.600000000e+01 3.762856956e-10 3.762856956e-10 0.000000000e+00 0.000000000e+00 -1.881418596e-10 0.000000000e+00 0.000000000e+00 0.000000000e+00 -1.881433570e-10 0.000000000e+00 0.000000000e+00 0.000000000e+00 -1.162630108e-19 0.000000000e+00  3.762856956e-10 3.762856956e-10 -3.619285888e-15 
d 7.93098846323775e-04 1.600000000e+01 1.600000000e+01 3.762856956e-10 3.762856956e-10 0.000000000e+00 0.000000000e+00 -1.881422874e-10 0.000000000e+00 0.000000000e+00 0.000000000e+00 -1.881435708e-10 0.000000000e+00 0.000000000e+00 0.000000000e+00 -3.365508193e-19 0.000000000e+00  3.762856956e-10 3.762856956e-10 -3.619285888e-15 
d 8.03098846323775e-04 1.600000000e+01 1.600000000e+01 3.762856956e-10 3.762856956e-10 0.000000000e+00 0.000000000e+00 -1.881418595e-10 0.000000000e+00 0.000000000e+00 0.000000000e+00 -1.881433569e-10 0.000000000e+00 0.000000000e+00 0.000000000e+00 -1.162630108e-19 0.000000000e+00  3.762856956e-10 3.762856956e-10 -3.619285888e-15 
d 8.13098846323775e-04 1.600000000e+01 1.600000000e+01 3.762856956e-10 3.762856956e-10 0.000000000e+00 0.000000000e+00 -1.881422872e-10 0.000000000e+00 0.000000000e+00 0.000000000e+00 -1.881435706e-10 0.000000000e+00 0.000000000e+00 0.000000000e+00 -3.365508193e-19 0.000000000e+00  3.762856956e-10 3.762856956e-10 -3.619285888e-15 
d 8.23098846323775e-04 1.600000000e+01 1.600000000e+01 3.762856956e-10 3.762856956e-10 0.000000000e+00 0.000000000e+00 -1.881418596e-10 0.000000000e+00 0.000000000e+00 0.000000000e+00 -1.881433571e-10 0.000000000e+00 0.000000000e+00 0.000000000e+00 -1.162630108e-19 0.000000000e+00  3.762856956e-10 3.762856956e-10 -3.619285888e-15 
d 8.33098846323775e-04 1.600000000e+01 1.600000000e+01 3.762856956e-10 3.762856956e-10 0.000000000e+00 0.000000000e+00 -1.881422874e-10 0.000000000e+00 0.000000000e+00 0.000000000e+00 -1.881435705e-10 0.000000000e+00 0.000000000e+00 0.000000000e+00 -3.365508193e-19 0.000000000e+00  3.762856956e-10 3.762856956e-10 -3.619285888e-15 
d 8.43098846323775e-04 1.600000000e+01 1.600000000e+01 3.762856956e-10 3.762856956e-10 0.000000000e+00 0.000000000e+00 -1.881422875e-10 0.000000000e+00 0.000000000e+00 0.000000000e+00 -1.881433568e-10 0.000000000e+00 0.000000000e+00 0.000000000e+00 -1.162630108e-19 0.000000000e+00  3.762856956e-10 3.762856956e-10 -3.619285888e-15 
d 8.53098846323775e-04 1.600000000e+01 1.600000000e+01 3.762856956e-10 3.762856956e-10 0.000000000e+00 0.000000000e+00 -1.881422874e-10 0.000000000e+00 0.000000000e+00 0.000000000e+00 -1.881435707e-10 0.000000000e+00 0.000000000e+00 0.000000000e+00 -3.365508193e-19 0.000000000e+00  3.762856956e-10 3.762856956e-10 -3.619285888e-15 
d 8.63098846323775e-04 1.600000000e+01 1.600000000e+01 3.762856956e-10 3.762856956e-10 0.000000000e+00 0.000000000e+00 -1.881422875e-10 0.000000000e+00 0.000000000e+00 0.000000000e+00 -1.881433568e-10 0.000000000e+00 0.000000000e+00 0.000000000e+00 -1.162630108e-19 0.000000000e+00  3.762856956e-10 3.762856956e-10 -3.619285888e-15 
d 8.73098846323775e-04 1.600000000e+01 1.600000000e+01 3.762856956e-10 3.762856956e-10 0.000000000e+00 0.000000000e+00 -1.881422873e-10 0.000000000e+00 0.000000000e+00 0.000000000e+00 -1.881435708e-10 0.000000000e+00 0.000000000e+00 0.000000000e+00 -3.365508193e-19 0.000000000e+00  3.762856956e-10 3.762856956e-10 -3.619285888e-15 
d 8.83098846323775e-04 1.600000000e+01 1.600000000e+01 3.762856956e-10 3.762856956e-10 0.000000000e+00 0.000000000e+00 -1.881422873e-10 0.000000000e+00 0.000000000e+00 0.000000000e+00 -1.881433569e-10 0.000000000e+00 0.000000000e+00 0.000000000e+00 -1.162630108e-19 0.000000000e+00  3.762856956e-10 3.762856956e-10 -3.619285888e-15 
d 8.93098846323775e-04 1.600000000e+01 1.600000000e+01 3.762856956e-10 3.762856956e-10 0.000000000e+00 0.000000000e+00 -1.881422875e-10 0.000000000e+00 0.000000000e+00 0.000000000e+00 -1.881435710e-10 0.000000000e+00 0.000000000e+00 0.000000000e+00 -3.365508193e-19 0.000000000e+00  3.762856956e-10 3.762856956e-10 -3.619285888e-15 
d 9.03098846323775e-04 1.600000000e+01 1.600000000e+01 3.762856956e-10 3.762856956e-10 0.000000000e+00 0.000000000e+00 -1.881422873e-10 0.000000000e+00 0.000000000e+00 0.000000000e+00 -1.881433569e-10 0.000000000e+00 0.000000000e+00 0.000000000e+00 -1.162630108e-19 0.000000000e+00  3.762856956e-10 3.762856956e-10 -3.619285888e-15 
d 9.13098846323775e-04 1.600000000e+01 1.600000000e+01 3.762856956e-10 3.762856956e-10 0.000000000e+00 0.000000000e+00 -1.881422872e-10 0.000000000e+00 0.000000000e+00 0.000000000e+00 -1.881435709e-10 0.000000000e+00 0.000000000e+00 0.000000000e+00 -3.365508193e-19 0.000000000e+00  3.762856956e-10 3.762856956e-10 -3.619285888e-15 
d 9.23098846323775e-04 1.600000000e+01 1.600000000e+01 3.762856956e-10 3.762856956e-10 0.000000000e+00 0.000000000e+00 -1.881422874e-10 0.000000000e+00 0.000000000e+00 0.000000000e+00 -1.881433568e-10 0.000000000e+00 0.000000000e+00 0.000000000e+00 -1.162630108e-19 0.000000000e+00  3.762856956e-10 3.762856956e-10 -3.619285888e-15 
d 9.33098846323775e-04 1.600000000e+01 1.600000000e+01 3.762856956e-10 3.762856956e-10 0.000000000e+00 0.000000000e+00 -1.881422872e-10 0.000000000e+00 0.000000000e+00 0.000000000e+00 -1.881435707e-10 0.000000000e+00 0.000000000e+00 0.000000000e+00 -3.365508193e-19 0.000000000e+00  3.762856956e-10 3.762856956e-10 -3.619285888e-15 
d 9.43098846323775e-04 1.600000000e+01 1.600000000e+01 3.762856956e-10 3.762856956e-10 0.000000000e+00 0.000000000e+00 -1.881422872e-10 0.000000000e+00 0.000000000e+00 0.000000000e+00 -1.881433569e-10 0.000000000e+00 0.000000000e+00 0.000000000e+00 -1.162630108e-19 0.000000000e+00  3.762856956e-10 3.762856956e-10 -3.619285888e-15 
d 9.53098846323775e-04 1.600000000e+01 1.600000000e+01 3.762856956e-10 3.762856956e-10 0.000000000e+00 0.000000000e+00 -1.881422872e-10 0.000000000e+00 0.000000000e+00 0.000000000e+00 -1.881435708e-10 0.000000000e+00 0.000000000e+00 0.000000000e+00 -3.365508193e-19 0.000000000e+00  3.762856956e-10 3.762856956e-10 -3.619285888e-15 
d 9.63098846323776e-04 1.600000000e+01 1.600000000e+01 3.762856956e-10 3.762856956e-10 0.000000000e+00 0.000000000e+00 -1.881422872e-10 0.000000000e+00 0.000000000e+00 0.000000000e+00 -1.881433569e-10 0.000000000e+00 0.000000000e+00 0.000000000e+00 -1.162630108e-19 0.000000000e+00  3.762856956e-10 3.762856956e-10 -3.619285888e-15 
d 9.73098846323776e-04 1.600000000e+01 1.600000000e+01 3.762856956e-10 3.762856956e-10 0.000000000e+00 0.000000000e+00 -1.881422871e-10 0.000000000e+00 0.000000000e+00 0.000000000e+00 -1.881435708e-10 0.000000000e+00 0.000000000e+00 0.000000000e+00 -3.365508193e-19 0.000000000e+00  3.762856956e-10 3.762856956e-10 -3.619285888e-15 
d 9.83098846323776e-04 1.600000000e+01 1.600000000e+01 3.762856956e-10 3.762856956e-10 0.000000000e+00 0.000000000e+00 -1.881422872e-10 0.000000000e+00 0.000000000e+00 0.000000000e+00 -1.881433568e-10 0.000000000e+00 0.000000000e+00 0.000000000e+00 -1.162630108e-19 0.000000000e+00  3.762856956e-10 3.762856956e-10 -3.619285888e-15 
d 9.93098846323776e-04 1.600000000e+01 1.600000000e+01 3.762856956e-10 3.762856956e-10 0.000000000e+00 0.000000000e+00 -1.881422871e-10 0.000000000e+00 0.000000000e+00 0.000000000e+00 -1.881435709e-10 0.000000000e+00 0.000000000e+00 0.000000000e+00 -3.365508193e-19 0.000000000e+00  3.762856956e-10 3.762856956e-10 -3.619285888e-15 
d 1.00000000000000e-03 1.600000000e+01 1.600000000e+01 3.762856956e-10 3.762856956e-10 0.000000000e+00 0.000000000e+00 -1.881422875e-10 0.000000000e+00 0.000000000e+00 0.000000000e+00 -1.881433570e-10 0.000000000e+00 0.000000000e+00 0.000000000e+00 -1.162630110e-19 0.000000000e+00  3.762856956e-10 3.762856956e-10 -3.619285888e-15 
