v VICTORYDEVICE
# silvaco.file ASCII version=1.14.23 format=1 contents=SDB,Tables=1

Copyright "###################################################################"
Copyright "#                    Copyright Silvaco Inc. (c)                   #"
Copyright "#                            1992-2014                            #"
Copyright "#                                                                 #"
Copyright "# This file format and the following Key are copyright Silvaco    #"
Copyright "# International. You may not use, this format or key without      #"
Copyright "# reproducing this message in full and obtaining                  #"
Copyright "# express written permission from Silvaco Inc.                    #"
Copyright "#                                                                 #"
Copyright "# To obtain such permission please contact: Silvaco Inc.          #"
Copyright "#                                           support@silvaco.com   #"
Copyright "#                                                                 #"
Copyright "# KEY=SVC86hn7562asdx                       PROD=345              #"
Copyright "###################################################################"
#This file was created by VICTORYDEVICE version 1.12.1.R
#victoryd 1.12.1.R (Thu Apr 12 10:17:20 PDT 2018)
#libSDB 1.12.42 (Thu Oct 26 19:20:24 PDT 2017)
a VICTORYDEVICE
j 1 9
k 4
r 1 92
x 3 43 42 46
w source 1 4
r 2 92
x 3 43 42 46
w gate 1 5
r 3 92
x 3 43 42 46
w drain 1 6
r 4 92
x 3 43 42 46
w substrate 1 7
y 1 15
z 300
p 13 5 604 23 6 605 24 7 606 25 8 607 26 82
d 0 0 -5.6487085391365287e-05 3 3 0 0.1025 0.1025 5.6487085389701484e-05 0 0 0 300.1613482630496
d 0 0 -5.7837828197671618e-05 3 3 0 0.105 0.105 5.7837828195931277e-05 0 0 0 300.16881408167433
d 0 0 -5.9186657679678959e-05 3 3 0 0.1075 0.1075 5.9186657680433868e-05 0 0 0 300.17644288732436
d 0 0 -6.0533554864516785e-05 3 3 0 0.11 0.11 6.0533554863307466e-05 0 0 0 300.18423427689839
d 0 0 -0.00010759736465603553 3 3 0 0.2 0.2 0.00010759736465154172 0 0 0 300.56932923104341
d 0 0 -0.00015623833210145059 3 3 0 0.3 0.3 0.00015623833209392284 0 0 0 301.21764969344576
d 0 0 -0.00020063456212760742 3 3 0 0.4 0.4 0.00020063456212599657 0 0 0 302.06772332972724
d 0 0 -0.00024051484410821274 3 3 0 0.5 0.5 0.00024051484410966299 0 0 0 303.09202847091655
d 0 0 -0.00027570835335204901 3 3 0 0.6 0.6 0.00027570835316183295 0 0 0 304.25029748336294
d 0 0 -0.00030614766305794654 3 3 0 0.7 0.7 0.0003061476630067979 0 0 0 305.50439594914809
d 0 0 -0.00033188094354090968 3 3 0 0.8 0.8 0.00033188094353121724 0 0 0 306.81969630076799
d 0 0 -0.00035307921075345875 3 3 0 0.9 0.9 0.00035307921075411616 0 0 0 308.1653558097513
d 0 0 -0.00037003857898267262 3 3 0 1 1 0.0003700385789928806 0 0 0 309.51395047101596
d 0 0 -0.00038317335294812347 3 3 0 1.0999999999999999 1.0999999999999999 0.00038317335293950228 0 0 0 310.84657966641964
d 0 0 -0.00039299116424004678 3 3 0 1.2 1.2 0.00039299116423883432 0 0 0 312.15090701294281
d 0 0 -0.00040007835805055801 3 3 0 1.3 1.3 0.00040007835805719251 0 0 0 313.42015914180325
d 0 0 -0.0004050821934694319 3 3 0 1.4000000000000001 1.4000000000000001 0.00040508219346913131 0 0 0 314.6593165859187
d 0 0 -0.0004086453262017927 3 3 0 1.5000000000000002 1.5000000000000002 0.00040864532619400937 0 0 0 315.87086118076729
d 0 0 -0.00041134768452453547 3 3 0 1.6000000000000003 1.6000000000000003 0.00041134768443695368 0 0 0 317.0729018989565
d 0 0 -0.00041391885491357048 3 3 0 1.7000000000000004 1.7000000000000004 0.00041391885464603872 0 0 0 318.28677637378013
d 0 0 -0.00041833356351988387 3 3 0 1.8000000000000005 1.8000000000000005 0.00041833356351327706 0 0 0 319.60012649234403
d 0 0 -0.00042693931141145878 3 3 0 1.9000000000000006 1.9000000000000006 0.00042693931086473851 0 0 0 321.14351655562456
d 0 0 -0.00043679298921774957 3 3 0 2.0000000000000004 2.0000000000000004 0.00043679298921178516 0 0 0 322.81035042229877
d 0 0 -0.00044580133872570467 3 3 0 2.1000000000000005 2.1000000000000005 0.00044580133868634818 0 0 0 324.49039433980528
d 0 0 -0.00045380311571154849 3 3 0 2.2000000000000006 2.2000000000000006 0.00045380311351137615 0 0 0 326.1632995850922
d 0 0 -0.00046121110706590226 3 3 0 2.3000000000000007 2.3000000000000007 0.00046121110705395777 0 0 0 327.84630934017025
d 0 0 -0.00046853126172511424 3 3 0 2.4000000000000008 2.4000000000000008 0.00046853126172398 0 0 0 329.56731206097396
d 0 0 -0.00047626872140604922 3 3 0 2.5000000000000009 2.5000000000000009 0.00047626872139834098 0 0 0 331.35977612904469
d 0 0 -0.00048483458305849961 3 3 0 2.600000000000001 2.600000000000001 0.00048483458305682641 0 0 0 333.25621432551731
d 0 0 -0.00049452157351721705 3 3 0 2.7000000000000011 2.7000000000000011 0.00049452157351497644 0 0 0 335.28502014006347
d 0 0 -0.00050550188005806559 3 3 0 2.8000000000000012 2.8000000000000012 0.00050550188006110862 0 0 0 337.46864361487212
d 0 0 -0.00051790763512248104 3 3 0 2.9000000000000012 2.9000000000000012 0.00051790763510340364 0 0 0 339.82828352621112
d 0 0 -0.00053180610994931117 3 3 0 3.0000000000000013 3.0000000000000013 0.00053180610993724931 0 0 0 342.38132609546648
d 0 0 -0.0005473207286246514 3 3 0 3.1000000000000014 3.1000000000000014 0.00054732072857802518 0 0 0 345.15073514349467
d 0 0 -0.00056468324592011312 3 3 0 3.2000000000000015 3.2000000000000015 0.00056468324581915026 0 0 0 348.17049387116646
d 0 0 -0.00058422417011716801 3 3 0 3.3000000000000016 3.3000000000000016 0.00058422416996979827 0 0 0 351.48620136146803
d 0 0 -0.00060627804568686762 3 3 0 3.4000000000000017 3.4000000000000017 0.00060627804555293634 0 0 0 355.14771052429171
d 0 0 -0.00063153391520291496 3 3 0 3.5000000000000018 3.5000000000000018 0.00063153391493219889 0 0 0 359.2428686521983
d 0 0 -0.0006608786861993784 3 3 0 3.6000000000000019 3.6000000000000019 0.0006608786859989954 0 0 0 363.8870005088699
d 0 0 -0.00069554414438616674 3 3 0 3.700000000000002 3.700000000000002 0.00069554414417386141 0 0 0 369.24056722374974
d 0 0 -0.00073730940362228773 3 3 0 3.800000000000002 3.800000000000002 0.00073730940337418313 0 0 0 375.53521138954056
d 0 0 -0.00078876945706128317 3 3 0 3.9000000000000021 3.9000000000000021 0.00078876945675917414 0 0 0 383.1105185818115
d 0 0 -0.00085406721854415491 3 3 0 4 4 0.0008540672174591836 0 0 0 392.5067030956393
Q 5 13 "Voltage #04"
Q 6 13 "Voltage #05"
Q 7 13 "Voltage #06"
Q 8 13 "Voltage #07"
Q 23 13 "Current #04"
Q 24 13 "Current #05"
Q 25 13 "Current #06"
Q 26 13 "Current #07"
Q 82 13 "Global device temperature"
Q 92 21 Contact
Q 604 13 "Int. Voltage #04"
Q 605 13 "Int. Voltage #05"
Q 606 13 "Int. Voltage #06"
Q 607 13 "Int. Voltage #07"
EOF 1649959247
