v ATLAS
# This file was created by ATLAS version 5.26.1.R on Mon Apr 16 17:36:34 2018.
#SSF 2.0 generic
##############################################################################
#                    Copyright (c) 1984 - 2018                               #
#                    Silvaco Inc. All rights reserved                        #
#                                                                            #
# This file format and the following Key are copyright Silvaco Inc.          #
# You may not use, this format or key without reproducing this message in    #
# full and obtaining express written permission from Silvaco Inc.            #
#                                                                            #
# To obtain such permission please contact: Silvaco Inc.                     #
#                                           support@silvaco.com              #
#                                                                            #
# KEY=SVC86hn7562asdx                       PROD=345                         #
##############################################################################
y 1 15
z 300
f 5 "ContGate" "Floating" "Source" "Drain" "substrate" 
p 16 61 2 601 20 441 602 21 4 603 22 5 604 23 6 605 24 
d 1.00000000000000e-11 1.200000000e+01 1.200000000e+01 -1.719454112e-06 -4.594209580e-33 4.679149590e+00 1.421628978e-21 0.000000000e+00 0.000000000e+00 -1.846455763e-05 5.000000000e-02 5.000000000e-02 2.205846697e-05 0.000000000e+00 0.000000000e+00 -1.874455235e-06 
d 3.00000000000000e-11 1.200000000e+01 1.200000000e+01 -1.503451966e-06 -1.491677548e-31 4.700654035e+00 1.038920585e-20 0.000000000e+00 0.000000000e+00 -5.508143023e-05 1.500000000e-01 1.500000000e-01 5.886549216e-05 0.000000000e+00 0.000000000e+00 -2.280609955e-06 
d 7.00000000000000e-11 1.200000000e+01 1.200000000e+01 -1.404943233e-06 -3.052041604e-30 4.741294304e+00 1.257577815e-19 0.000000000e+00 0.000000000e+00 -1.243069217e-04 3.500000000e-01 3.500000000e-01 1.276995032e-04 0.000000000e+00 0.000000000e+00 -1.987637693e-06 
d 1.26774645243711e-10 1.200000000e+01 1.200000000e+01 -1.313646486e-06 -3.737302621e-29 4.794871165e+00 6.544976285e-19 0.000000000e+00 0.000000000e+00 -2.123782348e-04 6.338732262e-01 6.338732262e-01 2.154371143e-04 0.000000000e+00 0.000000000e+00 -1.745227809e-06 
d 1.86721639627699e-10 1.200000000e+01 1.200000000e+01 -1.258384505e-06 -2.177083793e-28 4.848474302e+00 1.938522603e-18 0.000000000e+00 0.000000000e+00 -2.950114242e-04 9.336081981e-01 9.336081981e-01 2.978471032e-04 0.000000000e+00 0.000000000e+00 -1.577279394e-06 
d 2.53016656187038e-10 1.200000000e+01 1.200000000e+01 -1.189192637e-06 -9.253719134e-28 4.904732022e+00 5.247605756e-18 0.000000000e+00 0.000000000e+00 -3.734917059e-04 1.265083281e+00 1.265083281e+00 3.761143848e-04 0.000000000e+00 0.000000000e+00 -1.433448158e-06 
d 3.32304191143984e-10 1.200000000e+01 1.200000000e+01 -1.088914949e-06 -3.480328434e-27 4.967223685e+00 1.044120842e-17 0.000000000e+00 0.000000000e+00 -4.484164356e-04 1.661520956e+00 1.661520956e+00 4.507903644e-04 0.000000000e+00 0.000000000e+00 -1.285019031e-06 
d 3.99184204019387e-10 1.200000000e+01 1.200000000e+01 -9.887891706e-07 -8.436602148e-27 5.015160148e+00 9.767948575e-18 0.000000000e+00 0.000000000e+00 -4.962570285e-04 1.995921020e+00 1.995921020e+00 4.984274981e-04 0.000000000e+00 0.000000000e+00 -1.181607785e-06 
d 4.62223284138604e-10 1.200000000e+01 1.200000000e+01 -8.904991387e-07 -1.637207424e-26 5.055947956e+00 7.700053931e-17 0.000000000e+00 0.000000000e+00 -5.302555412e-04 2.311116421e+00 2.311116421e+00 5.322481738e-04 0.000000000e+00 0.000000000e+00 -1.102075069e-06 
d 5.59062353336970e-10 1.200000000e+01 1.200000000e+01 -7.536903882e-07 -1.967741006e-25 5.110554672e+00 2.932605901e-14 0.000000000e+00 0.000000000e+00 -5.666031590e-04 2.795311767e+00 2.795311767e+00 5.683625449e-04 0.000000000e+00 0.000000000e+00 -1.005707775e-06 
d 6.27202765743696e-10 1.200000000e+01 1.200000000e+01 -6.800356543e-07 -7.566800109e-24 5.143998065e+00 3.459621201e-13 0.000000000e+00 0.000000000e+00 -5.842726516e-04 3.136013829e+00 3.136013829e+00 5.859097824e-04 0.000000000e+00 0.000000000e+00 -9.570528478e-07 
d 7.02844216083245e-10 1.200000000e+01 1.200000000e+01 -6.184609318e-07 -1.215214125e-22 5.177496917e+00 3.071282908e-12 0.000000000e+00 0.000000000e+00 -5.991408147e-04 3.514221080e+00 3.514221080e+00 6.006735816e-04 0.000000000e+00 0.000000000e+00 -9.142587107e-07 
d 8.08742246558613e-10 1.200000000e+01 1.200000000e+01 -5.636348510e-07 -1.825924602e-21 5.220026205e+00 3.130283289e-11 0.000000000e+00 0.000000000e+00 -6.149737774e-04 4.043711233e+00 4.043711233e+00 6.164084561e-04 0.000000000e+00 0.000000000e+00 -8.710112247e-07 
d 8.89547834178056e-10 1.200000000e+01 1.200000000e+01 -5.384863541e-07 -1.045122367e-20 5.250258143e+00 7.057955778e-11 0.000000000e+00 0.000000000e+00 -6.247847992e-04 4.447739171e+00 4.447739171e+00 6.261707055e-04 0.000000000e+00 0.000000000e+00 -8.471077297e-07 
d 9.83437630496518e-10 1.200000000e+01 1.200000000e+01 -5.182799352e-07 -4.718974800e-20 5.283850349e+00 2.263991125e-10 0.000000000e+00 0.000000000e+00 -6.347512452e-04 4.917188152e+00 4.917188152e+00 6.360949060e-04 0.000000000e+00 0.000000000e+00 -8.243671661e-07 
d 1.00000000000000e-09 1.200000000e+01 1.200000000e+01 -5.157588789e-07 -6.319833430e-20 5.289648187e+00 3.865724613e-11 0.000000000e+00 0.000000000e+00 -6.363964408e-04 5.000000000e+00 5.000000000e+00 6.377355989e-04 0.000000000e+00 0.000000000e+00 -8.212085028e-07 
d 2.00000000000000e-09 1.200000000e+01 1.200000000e+01 -2.558393385e-11 -1.181300275e-18 5.289225531e+00 -4.910274685e-12 0.000000000e+00 0.000000000e+00 -6.358563300e-04 5.000000000e+00 5.000000000e+00 6.358473358e-04 0.000000000e+00 0.000000000e+00 1.149611583e-08 
d 2.57021014890276e-09 1.200000000e+01 1.200000000e+01 1.016367732e-09 -1.818966826e-18 5.289034841e+00 -8.241918829e-14 0.000000000e+00 0.000000000e+00 -6.358233596e-04 5.000000000e+00 5.000000000e+00 6.358252225e-04 0.000000000e+00 0.000000000e+00 -4.066474864e-10 
d 3.71063044670829e-09 1.200000000e+01 1.200000000e+01 1.005746962e-09 -3.094117930e-18 5.288654522e+00 -1.560058655e-13 0.000000000e+00 0.000000000e+00 -6.357653244e-04 5.000000000e+00 5.000000000e+00 6.357667680e-04 0.000000000e+00 0.000000000e+00 2.439933248e-11 
d 5.99147104231935e-09 1.200000000e+01 1.200000000e+01 1.003993505e-09 -5.643684452e-18 5.287894000e+00 -3.265332294e-13 0.000000000e+00 0.000000000e+00 -6.356488122e-04 5.000000000e+00 5.000000000e+00 6.356502703e-04 0.000000000e+00 0.000000000e+00 1.538309930e-11 
d 1.05531522335415e-08 1.200000000e+01 1.200000000e+01 1.002705518e-09 -1.073987701e-17 5.286373829e+00 -6.647501696e-13 0.000000000e+00 0.000000000e+00 -6.354159379e-04 5.000000000e+00 5.000000000e+00 6.354174049e-04 0.000000000e+00 0.000000000e+00 1.532360181e-11 
d 1.96765146159857e-08 1.200000000e+01 1.200000000e+01 1.001152110e-09 -2.092050783e-17 5.283336958e+00 -1.340136648e-12 0.000000000e+00 0.000000000e+00 -6.349507416e-04 5.000000000e+00 5.000000000e+00 6.349522251e-04 0.000000000e+00 0.000000000e+00 1.523472377e-11 
d 3.79232393808742e-08 1.200000000e+01 1.200000000e+01 9.985642129e-10 -4.123481376e-17 5.277277083e+00 -2.686139098e-12 0.000000000e+00 0.000000000e+00 -6.340225538e-04 5.000000000e+00 5.000000000e+00 6.340240695e-04 0.000000000e+00 0.000000000e+00 1.517075118e-11 
d 7.44166889106511e-08 1.200000000e+01 1.200000000e+01 9.935426897e-10 -8.167609026e-17 5.265213573e+00 -5.338313989e-12 0.000000000e+00 0.000000000e+00 -6.321773677e-04 5.000000000e+00 5.000000000e+00 6.321787985e-04 0.000000000e+00 0.000000000e+00 1.507484288e-11 
d 1.47403587970205e-07 1.200000000e+01 1.200000000e+01 9.838268495e-10 -1.618133862e-16 5.241305752e+00 -1.055424660e-11 0.000000000e+00 0.000000000e+00 -6.285194594e-04 5.000000000e+00 5.000000000e+00 6.285208702e-04 0.000000000e+00 0.000000000e+00 1.494425787e-11 
d 2.93377386089313e-07 1.200000000e+01 1.200000000e+01 9.649064976e-10 -3.191379733e-16 5.194361638e+00 -2.081820913e-11 0.000000000e+00 0.000000000e+00 -6.213416960e-04 5.000000000e+00 5.000000000e+00 6.213430678e-04 0.000000000e+00 0.000000000e+00 1.474597666e-11 
d 5.85324982327528e-07 1.200000000e+01 1.200000000e+01 9.276840140e-10 -6.222008353e-16 5.103898173e+00 -4.053360411e-11 0.000000000e+00 0.000000000e+00 -6.075279307e-04 5.000000000e+00 5.000000000e+00 6.075292296e-04 0.000000000e+00 0.000000000e+00 1.433033072e-11 
d 1.00000000000000e-06 1.200000000e+01 1.200000000e+01 8.618915266e-10 -1.022698141e-15 4.984283324e+00 -5.954077271e-11 0.000000000e+00 0.000000000e+00 -5.893014870e-04 5.000000000e+00 5.000000000e+00 5.893026809e-04 0.000000000e+00 0.000000000e+00 1.352476924e-11 
