v ATLAS
# This file was created by ATLAS version 5.26.1.R on Tue May  8 00:42:52 2018.
#SSF 2.0 generic
##############################################################################
#                    Copyright (c) 1984 - 2018                               #
#                    Silvaco Inc. All rights reserved                        #
#                                                                            #
# This file format and the following Key are copyright Silvaco Inc.          #
# You may not use, this format or key without reproducing this message in    #
# full and obtaining express written permission from Silvaco Inc.            #
#                                                                            #
# To obtain such permission please contact: Silvaco Inc.                     #
#                                           support@silvaco.com              #
#                                                                            #
# KEY=SVC86hn7562asdx                       PROD=345                         #
##############################################################################
y 3 700 711 15
z 121.192 1e+41 300
f 3 "gate" "source" "drain" 
p 25 40 2 20 3 21 4 22 3000000 2000000 3001000 2001000 3002000 2002000 3000001 2000001 3001001 2001001 3002001 2002001 3000002 2000002 3001002 2001002 3002002 2002002 
Q 3000000 3 "Mhos" 
Q 2000000 3 "F" 
Q 3001000 3 "Mhos" 
Q 2001000 3 "F" 
Q 3002000 3 "Mhos" 
Q 2002000 3 "F" 
Q 3000001 3 "Mhos" 
Q 2000001 3 "F" 
Q 3001001 3 "Mhos" 
Q 2001001 3 "F" 
Q 3002001 3 "Mhos" 
Q 2002001 3 "F" 
Q 3000002 3 "Mhos" 
Q 2000002 3 "F" 
Q 3001002 3 "Mhos" 
Q 2001002 3 "F" 
Q 3002002 3 "Mhos" 
Q 2002002 3 "F" 
d 1.000000000e+06 0.000000000e+00 0.000000000e+00 0.000000000e+00 -2.019428758e-52 0.000000000e+00 -2.034059392e-52 -2.740545598e-11 -5.603698617e-13 1.365995017e-11 2.802142187e-13 1.374550581e-11 2.801556430e-13 1.365995017e-11 2.802142187e-13 -1.365995017e-11 -2.802142187e-13 1.061496153e-30 1.134472984e-31 1.374550581e-11 2.801556430e-13 1.061496314e-30 1.134472984e-31 -1.374550581e-11 -2.801556430e-13 
d 1.000000000e+06 2.500000000e-01 0.000000000e+00 0.000000000e+00 2.632236448e-46 0.000000000e+00 2.648977152e-46 -3.958936326e-11 -5.603706522e-13 1.973162496e-11 2.802146120e-13 1.985773830e-11 2.801560402e-13 1.973162496e-11 2.802146120e-13 -1.973162496e-11 -2.802146120e-13 1.261222605e-30 1.134473107e-31 1.985773830e-11 2.801560402e-13 1.261222807e-30 1.134473107e-31 -1.985773830e-11 -2.801560402e-13 
d 1.000000000e+06 5.000000000e-01 0.000000000e+00 0.000000000e+00 -1.524522682e-45 0.000000000e+00 -1.558909439e-45 -5.812087572e-11 -5.603718714e-13 2.896509807e-11 2.802152183e-13 2.915577766e-11 2.801566531e-13 2.896509807e-11 2.802152183e-13 -2.896509807e-11 -2.802152183e-13 1.541197272e-30 1.134473277e-31 2.915577766e-11 2.801566531e-13 1.541197533e-30 1.134473277e-31 -2.915577766e-11 -2.801566531e-13 
d 1.000000000e+06 1.000000000e+00 0.000000000e+00 0.000000000e+00 -2.177606224e-45 0.000000000e+00 -2.234915516e-45 -1.338576284e-10 -5.603770105e-13 6.668977849e-11 2.802177717e-13 6.716784987e-11 2.801592388e-13 6.668977849e-11 2.802177717e-13 -6.668977849e-11 -2.802177717e-13 2.570114524e-30 1.134473894e-31 6.716784987e-11 2.801592388e-13 2.570115020e-30 1.134473894e-31 -6.716784987e-11 -2.801592388e-13 
d 1.000000000e+06 1.500000000e+00 0.000000000e+00 0.000000000e+00 -2.387489612e-42 0.000000000e+00 -2.513120772e-42 -3.427738051e-10 -5.603916768e-13 1.706589547e-10 2.802250468e-13 1.721148504e-10 2.801666300e-13 1.706589547e-10 2.802250468e-13 -1.706589547e-10 -2.802250468e-13 5.250912557e-30 1.134475469e-31 1.721148504e-10 2.801666300e-13 5.250913712e-30 1.134475469e-31 -1.721148504e-10 -2.801666300e-13 
d 1.000000000e+06 2.000000000e+00 0.000000000e+00 0.000000000e+00 -9.368812271e-39 0.000000000e+00 -1.041554591e-38 -8.940665632e-10 -5.604336952e-13 4.447077569e-10 2.802458442e-13 4.493588063e-10 2.801878510e-13 4.447077569e-10 2.802458442e-13 -4.447077569e-10 -2.802458442e-13 1.246812039e-29 1.134479902e-31 4.493588063e-10 2.801878510e-13 1.246812341e-29 1.134479902e-31 -4.493588063e-10 -2.801878510e-13 
d 1.000000000e+06 2.500000000e+00 0.000000000e+00 0.000000000e+00 -1.394793557e-40 0.000000000e+00 -1.551086764e-40 -2.075556605e-09 -5.605443790e-13 1.032162172e-09 2.803005007e-13 1.043394433e-09 2.802438783e-13 1.032162172e-09 2.803005007e-13 -1.032162172e-09 -2.803005007e-13 2.812243135e-29 1.134492488e-31 1.043394433e-09 2.802438783e-13 2.812243877e-29 1.134492488e-31 -1.043394433e-09 -2.802438783e-13 
d 1.000000000e+06 3.000000000e+00 0.000000000e+00 0.000000000e+00 -3.816436980e-42 0.000000000e+00 -2.118036067e-21 -5.114241231e-09 -5.608278300e-13 2.546435378e-09 2.804396824e-13 2.567805853e-09 2.803881476e-13 2.546435378e-09 2.804396824e-13 -2.546435378e-09 -2.804396824e-13 5.743924251e-29 1.134532122e-31 2.567805853e-09 2.803881476e-13 5.743925701e-29 1.134532122e-31 -2.567805853e-09 -2.803881476e-13 
d 1.000000000e+06 3.500000000e+00 0.000000000e+00 0.000000000e+00 7.424921444e-20 0.000000000e+00 -4.145934606e-20 -1.496438280e-08 -5.615787585e-13 7.473042568e-09 2.808089895e-13 7.491340230e-09 2.807697689e-13 7.473042568e-09 2.808089895e-13 -7.473042568e-09 -2.808089895e-13 1.221164596e-28 1.134664434e-31 7.491340230e-09 2.807697689e-13 1.221164712e-28 1.134664434e-31 -7.491340230e-09 -2.807697689e-13 
d 1.000000000e+06 4.000000000e+00 0.000000000e+00 0.000000000e+00 6.307607070e-20 0.000000000e+00 -1.538980729e-19 -5.916216888e-08 -5.642309131e-13 2.959653622e-08 2.821225732e-13 2.956563266e-08 2.821083399e-13 2.959653622e-08 2.821225732e-13 -2.959653622e-08 -2.821225732e-13 2.380157378e-28 1.134937523e-31 2.956563266e-08 2.821083399e-13 2.380157721e-28 1.134937523e-31 -2.956563266e-08 -2.821083399e-13 
d 1.000000000e+06 4.500000000e+00 0.000000000e+00 0.000000000e+00 5.623009058e-20 0.000000000e+00 1.599765179e-22 -1.357270054e-07 -5.702176448e-13 6.794944561e-08 2.851055595e-13 6.777755979e-08 2.851120853e-13 6.794944561e-08 2.851055595e-13 -6.794944561e-08 -2.851055595e-13 3.532155501e-28 1.135297397e-31 6.777755979e-08 2.851120853e-13 3.532157869e-28 1.135297398e-31 -6.777755979e-08 -2.851120853e-13 
d 1.000000000e+06 5.000000000e+00 0.000000000e+00 0.000000000e+00 -2.709393354e-19 0.000000000e+00 -6.538999667e-19 -2.934700904e-07 -5.803898404e-13 1.468773543e-07 2.901939128e-13 1.465927361e-07 2.901959276e-13 1.468773543e-07 2.901939128e-13 -1.468773543e-07 -2.901939128e-13 -2.733131585e-18 5.796468689e-25 1.465927361e-07 2.901959276e-13 -2.733131586e-18 5.796468689e-25 -1.465927361e-07 -2.901959276e-13 
d 1.000000000e+06 5.500000000e+00 0.000000000e+00 0.000000000e+00 -2.362707660e-18 0.000000000e+00 3.292514380e-19 -5.608747665e-07 -5.959190955e-13 2.805592598e-07 2.979661127e-13 2.803155067e-07 2.979529828e-13 2.805592598e-07 2.979661127e-13 -2.805593709e-07 -2.979660816e-13 1.110494280e-13 -3.106818563e-20 2.803155067e-07 2.979529828e-13 1.110494280e-13 -3.106818563e-20 -2.803156178e-07 -2.979529517e-13 
d 1.000000000e+06 6.000000000e+00 0.000000000e+00 0.000000000e+00 -1.020122613e-18 0.000000000e+00 1.140494572e-18 -8.674852160e-07 -6.161923625e-13 4.338060786e-07 3.080960508e-13 4.336791374e-07 3.080963117e-13 4.338060786e-07 3.080960508e-13 -4.337954708e-07 -3.080975735e-13 -1.060772667e-11 1.522726196e-18 4.336791374e-07 3.080963117e-13 -1.060772667e-11 1.522726196e-18 -4.336685297e-07 -3.080978345e-13 
d 1.000000000e+06 6.500000000e+00 0.000000000e+00 0.000000000e+00 7.832379775e-19 0.000000000e+00 1.397538771e-18 -1.215429450e-06 -6.438159108e-13 6.077732060e-07 3.219061393e-13 6.076562441e-07 3.219097715e-13 6.077732060e-07 3.219061393e-13 -6.077101486e-07 -3.218839388e-13 -6.305745684e-11 -2.220049927e-17 6.076562441e-07 3.219097715e-13 -6.305745684e-11 -2.220049927e-17 -6.075931866e-07 -3.218875710e-13 
d 1.000000000e+06 7.000000000e+00 0.000000000e+00 0.000000000e+00 2.180156879e-20 0.000000000e+00 3.712961921e-19 -1.609904260e-06 -6.834846105e-13 8.050404704e-07 3.417544047e-13 8.048637900e-07 3.417302059e-13 8.050404704e-07 3.417544047e-13 -8.056494080e-07 -3.416698407e-13 6.089376781e-10 -8.456403099e-17 8.048637900e-07 3.417302059e-13 6.089376781e-10 -8.456403099e-17 -8.054727276e-07 -3.416456418e-13 
d 1.000000000e+06 7.500000000e+00 0.000000000e+00 0.000000000e+00 -3.853044256e-18 0.000000000e+00 -1.372767178e-18 -2.022034440e-06 -7.360212817e-13 1.011119694e-06 3.680327999e-13 1.010914746e-06 3.679884818e-13 1.011119694e-06 3.680327999e-13 -1.013883051e-06 -3.681466047e-13 2.763356103e-09 1.138048410e-16 1.010914746e-06 3.679884818e-13 2.763356103e-09 1.138048410e-16 -1.013678102e-06 -3.681022867e-13 
d 1.000000000e+06 8.000000000e+00 0.000000000e+00 0.000000000e+00 1.460626352e-18 0.000000000e+00 -1.432572897e-18 -2.420441285e-06 -7.938534805e-13 1.210326415e-06 3.969528276e-13 1.210114869e-06 3.969006530e-13 1.210326415e-06 3.969528276e-13 -1.214304678e-06 -3.979817455e-13 3.978262803e-09 1.028917870e-15 1.210114869e-06 3.969006530e-13 3.978262803e-09 1.028917870e-15 -1.214093132e-06 -3.979295708e-13 
d 1.000000000e+06 8.500000000e+00 0.000000000e+00 0.000000000e+00 1.692310393e-18 0.000000000e+00 -1.786212209e-18 -2.806732689e-06 -8.497954837e-13 1.403467218e-06 4.249211735e-13 1.403265472e-06 4.248743102e-13 1.403467218e-06 4.249211735e-13 -1.402451305e-06 -4.275378449e-13 -1.015912497e-09 2.616671395e-15 1.403265472e-06 4.248743102e-13 -1.015912497e-09 2.616671395e-15 -1.402249559e-06 -4.274909816e-13 
d 1.000000000e+06 9.000000000e+00 0.000000000e+00 0.000000000e+00 -1.291367481e-18 0.000000000e+00 -2.449174675e-18 -3.195639702e-06 -9.034160104e-13 1.597907929e-06 4.517233171e-13 1.597731772e-06 4.516926934e-13 1.597907929e-06 4.517233171e-13 -1.581456699e-06 -4.558921835e-13 -1.645123072e-08 4.168866466e-15 1.597731772e-06 4.516926934e-13 -1.645123072e-08 4.168866466e-15 -1.581280542e-06 -4.558615598e-13 
d 1.000000000e+06 9.500000000e+00 0.000000000e+00 0.000000000e+00 2.536334787e-18 0.000000000e+00 -6.258256855e-19 -3.594732367e-06 -9.574005266e-13 1.797444938e-06 4.787093307e-13 1.797287429e-06 4.786911959e-13 1.797444938e-06 4.787093307e-13 -1.754294002e-06 -4.833859046e-13 -4.315093607e-08 4.676573910e-15 1.797287429e-06 4.786911959e-13 -4.315093607e-08 4.676573910e-15 -1.754136493e-06 -4.833677698e-13 
d 1.000000000e+06 1.000000000e+01 0.000000000e+00 0.000000000e+00 -4.052065922e-20 0.000000000e+00 2.459588256e-18 -4.001743548e-06 -1.014351982e-12 2.000951331e-06 5.071856979e-13 2.000792216e-06 5.071662839e-13 2.000951331e-06 5.071856979e-13 -1.922370971e-06 -5.104233818e-13 -7.858036062e-08 3.237683857e-15 2.000792216e-06 5.071662839e-13 -7.858036062e-08 3.237683857e-15 -1.922211856e-06 -5.104039678e-13 
d 1.000000000e+06 1.050000000e+01 0.000000000e+00 0.000000000e+00 -2.055694387e-18 0.000000000e+00 -1.013708322e-18 -4.407956166e-06 -1.075768345e-12 2.204064832e-06 5.378993091e-13 2.203891334e-06 5.378690361e-13 2.204064832e-06 5.378993091e-13 -2.085897339e-06 -5.371935970e-13 -1.181674927e-07 -7.057120743e-16 2.203891334e-06 5.378690361e-13 -1.181674927e-07 -7.057120746e-16 -2.085723841e-06 -5.371633240e-13 
d 1.000000000e+06 1.100000000e+01 0.000000000e+00 0.000000000e+00 -3.016429283e-18 0.000000000e+00 -1.286524093e-18 -4.801956941e-06 -1.141893445e-12 2.401072670e-06 5.709676703e-13 2.400884271e-06 5.709257749e-13 2.401072670e-06 5.709676703e-13 -2.244280581e-06 -5.636561119e-13 -1.567920893e-07 -7.311558456e-15 2.400884271e-06 5.709257749e-13 -1.567920893e-07 -7.311558456e-15 -2.244092181e-06 -5.636142165e-13 
d 1.000000000e+06 1.150000000e+01 0.000000000e+00 0.000000000e+00 -2.397061490e-18 0.000000000e+00 -3.972072013e-18 -5.172678909e-06 -1.211940353e-12 2.586438600e-06 6.059951162e-13 2.586240309e-06 6.059452371e-13 2.586438600e-06 6.059951162e-13 -2.396523817e-06 -5.895973486e-13 -1.899147823e-07 -1.639776761e-14 2.586240309e-06 6.059452370e-13 -1.899147823e-07 -1.639776761e-14 -2.396325527e-06 -5.895474694e-13 
d 1.000000000e+06 1.200000000e+01 0.000000000e+00 0.000000000e+00 -2.559538846e-18 0.000000000e+00 1.738333524e-18 -5.511546332e-06 -1.284571510e-12 2.755874707e-06 6.423126548e-13 2.755671625e-06 6.422588548e-13 2.755874707e-06 6.423126548e-13 -2.541651840e-06 -6.147492220e-13 -2.142228671e-07 -2.756343282e-14 2.755671625e-06 6.422588548e-13 -2.142228671e-07 -2.756343282e-14 -2.541448758e-06 -6.146954220e-13 
d 1.000000000e+06 1.250000000e+01 0.000000000e+00 0.000000000e+00 -3.252975585e-19 0.000000000e+00 -9.100434192e-19 -5.813365663e-06 -1.358417492e-12 2.906784952e-06 6.792360858e-13 2.906580710e-06 6.791814065e-13 2.906784952e-06 6.792360858e-13 -2.679012444e-06 -6.389122618e-13 -2.277725087e-07 -4.032382394e-14 2.906580710e-06 6.791814065e-13 -2.277725087e-07 -4.032382394e-14 -2.678808202e-06 -6.388575825e-13 
d 1.000000000e+06 1.300000000e+01 0.000000000e+00 0.000000000e+00 1.569896828e-18 0.000000000e+00 3.262367888e-18 -6.076022311e-06 -1.432361908e-12 3.038112783e-06 7.162078167e-13 3.037909528e-06 7.161540911e-13 3.038112783e-06 7.162078167e-13 -2.808357470e-06 -6.619979369e-13 -2.297553135e-07 -5.420987975e-14 3.037909528e-06 7.161540911e-13 -2.297553135e-07 -5.420987975e-14 -2.808154215e-06 -6.619442113e-13 
d 1.000000000e+06 1.350000000e+01 0.000000000e+00 0.000000000e+00 2.250185763e-18 0.000000000e+00 7.723998772e-19 -6.299635216e-06 -1.505572677e-12 3.149918259e-06 7.528122864e-13 3.149716957e-06 7.527603908e-13 3.149918259e-06 7.528122864e-13 -2.929775878e-06 -6.839971667e-13 -2.201423811e-07 -6.881511966e-14 3.149716957e-06 7.527603908e-13 -2.201423811e-07 -6.881511966e-14 -2.929574576e-06 -6.839452711e-13 
d 1.000000000e+06 1.400000000e+01 0.000000000e+00 0.000000000e+00 5.080473273e-18 0.000000000e+00 2.811053927e-18 -6.485747865e-06 -1.577433665e-12 3.242973482e-06 7.887416943e-13 3.242774382e-06 7.886919702e-13 3.242973482e-06 7.887416943e-13 -3.043591944e-06 -7.049353906e-13 -1.993815380e-07 -8.380630376e-14 3.242774382e-06 7.886919702e-13 -1.993815380e-07 -8.380630375e-14 -3.043392844e-06 -7.048856665e-13 
d 1.000000000e+06 1.450000000e+01 0.000000000e+00 0.000000000e+00 -1.978547086e-18 0.000000000e+00 -1.575453485e-18 -6.636744290e-06 -1.647480511e-12 3.318470611e-06 8.237639381e-13 3.318273679e-06 8.237165728e-13 3.318470611e-06 8.237639381e-13 -3.150281191e-06 -7.248455653e-13 -1.681894197e-07 -9.891837284e-14 3.318273679e-06 8.237165728e-13 -1.681894197e-07 -9.891837284e-14 -3.150084260e-06 -7.247981999e-13 
d 1.000000000e+06 1.500000000e+01 0.000000000e+00 0.000000000e+00 1.195415091e-18 0.000000000e+00 1.245573728e-18 -6.755462251e-06 -1.715362079e-12 3.377828574e-06 8.577034515e-13 3.377633677e-06 8.576586275e-13 3.377828574e-06 8.577034515e-13 -3.250409738e-06 -7.437584893e-13 -1.274188363e-07 -1.139449622e-13 3.377633677e-06 8.576586275e-13 -1.274188363e-07 -1.139449622e-13 -3.250214841e-06 -7.437136653e-13 
d 1.000000000e+06 1.550000000e+01 0.000000000e+00 0.000000000e+00 8.685627089e-19 0.000000000e+00 7.969078976e-19 -6.844938603e-06 -1.780818947e-12 3.422565864e-06 8.904305578e-13 3.422372740e-06 8.903883897e-13 3.422565864e-06 8.904305578e-13 -3.344590586e-06 -7.617018559e-13 -7.797527764e-08 -1.287287020e-13 3.422372740e-06 8.903883897e-13 -7.797527764e-08 -1.287287020e-13 -3.344397462e-06 -7.616596877e-13 
d 1.000000000e+06 1.600000000e+01 0.000000000e+00 0.000000000e+00 -2.815676953e-18 0.000000000e+00 -7.785734820e-19 -6.908239997e-06 -1.843669556e-12 3.454215889e-06 9.218545543e-13 3.454024109e-06 9.218150014e-13 3.454215889e-06 9.218545543e-13 -3.433451542e-06 -7.787020626e-13 -2.076434714e-08 -1.431524917e-13 3.454024109e-06 9.218150014e-13 -2.076434714e-08 -1.431524917e-13 -3.433259761e-06 -7.786625097e-13 
d 1.000000000e+06 1.650000000e+01 0.000000000e+00 0.000000000e+00 1.763586364e-19 0.000000000e+00 1.105160895e-18 -6.948350774e-06 -1.903799095e-12 3.474270868e-06 9.519181069e-13 3.474079906e-06 9.518809877e-13 3.474270868e-06 9.519181068e-13 -3.517611801e-06 -7.947861462e-13 4.334093271e-08 -1.571319607e-13 3.474079906e-06 9.518809878e-13 4.334093271e-08 -1.571319607e-13 -3.517420839e-06 -7.947490271e-13 
d 1.000000000e+06 1.700000000e+01 0.000000000e+00 0.000000000e+00 2.259218459e-18 0.000000000e+00 3.514796378e-19 -6.968100941e-06 -1.961149287e-12 3.484145794e-06 9.805921057e-13 3.483955147e-06 9.805571812e-13 3.484145794e-06 9.805921057e-13 -3.597665457e-06 -8.099830448e-13 1.135196634e-07 -1.706090609e-13 3.483955147e-06 9.805571812e-13 1.135196634e-07 -1.706090609e-13 -3.597474810e-06 -8.099481203e-13 
d 1.000000000e+06 1.750000000e+01 0.000000000e+00 0.000000000e+00 1.234063936e-18 0.000000000e+00 -1.111283069e-18 -6.970122920e-06 -2.015708644e-12 3.485156827e-06 1.007870798e-12 3.484966093e-06 1.007837846e-12 3.485156827e-06 1.007870798e-12 -3.674170563e-06 -8.243241167e-13 1.890137355e-07 -1.835466810e-13 3.484966093e-06 1.007837846e-12 1.890137355e-07 -1.835466810e-13 -3.673979829e-06 -8.242911653e-13 
d 1.000000000e+06 1.800000000e+01 0.000000000e+00 0.000000000e+00 5.933479002e-18 0.000000000e+00 5.332684268e-18 -6.956829050e-06 -2.067503348e-12 3.478510069e-06 1.033767246e-12 3.478318980e-06 1.033736102e-12 3.478510069e-06 1.033767246e-12 -3.747642548e-06 -8.378430846e-13 2.691324780e-07 -1.959241617e-13 3.478318980e-06 1.033736102e-12 2.691324780e-07 -1.959241617e-13 -3.747451458e-06 -8.378119403e-13 
d 1.000000000e+06 1.850000000e+01 0.000000000e+00 0.000000000e+00 4.049235031e-19 0.000000000e+00 -1.506853602e-18 -6.930403864e-06 -2.116589025e-12 3.465297727e-06 1.058309229e-12 3.465106137e-06 1.058279795e-12 3.465297727e-06 1.058309229e-12 -3.818551004e-06 -8.505756316e-13 3.532532763e-07 -2.077335977e-13 3.465106137e-06 1.058279795e-12 3.532532763e-07 -2.077335977e-13 -3.818359413e-06 -8.505461977e-13 
d 1.000000000e+06 1.900000000e+01 0.000000000e+00 0.000000000e+00 3.074148954e-20 0.000000000e+00 -1.258811389e-18 -6.892806643e-06 -2.163043525e-12 3.446499382e-06 1.081535643e-12 3.446307261e-06 1.081507882e-12 3.446499382e-06 1.081535643e-12 -3.887318944e-06 -8.625588273e-13 4.408195622e-07 -2.189768155e-13 3.446307261e-06 1.081507882e-12 4.408195622e-07 -2.189768155e-13 -3.887126824e-06 -8.625310662e-13 
d 1.000000000e+06 1.950000000e+01 0.000000000e+00 0.000000000e+00 -1.710974099e-18 0.000000000e+00 -3.326391969e-18 -6.845780775e-06 -2.206960824e-12 3.422986686e-06 1.103493442e-12 3.422794088e-06 1.103467382e-12 3.422986686e-06 1.103493442e-12 -3.954323860e-06 -8.738305157e-13 5.313371732e-07 -2.296629262e-13 3.422794088e-06 1.103467382e-12 5.313371732e-07 -2.296629262e-13 -3.954131262e-06 -8.738044558e-13 
d 1.000000000e+06 2.000000000e+01 0.000000000e+00 0.000000000e+00 1.758398838e-18 0.000000000e+00 3.581274876e-18 -6.790867256e-06 -2.248445944e-12 3.395530114e-06 1.124235115e-12 3.395337141e-06 1.124210829e-12 3.395530114e-06 1.124235115e-12 -4.019899899e-06 -8.844287523e-13 6.243697843e-07 -2.398063629e-13 3.395337141e-06 1.124210829e-12 6.243697843e-07 -2.398063629e-13 -4.019706926e-06 -8.844044663e-13 
