v ATLAS
# This file was created by ATLAS version 5.26.1.R on Tue May  8 00:12:34 2018.
#SSF 2.0 generic
##############################################################################
#                    Copyright (c) 1984 - 2018                               #
#                    Silvaco Inc. All rights reserved                        #
#                                                                            #
# This file format and the following Key are copyright Silvaco Inc.          #
# You may not use, this format or key without reproducing this message in    #
# full and obtaining express written permission from Silvaco Inc.            #
#                                                                            #
# To obtain such permission please contact: Silvaco Inc.                     #
#                                           support@silvaco.com              #
#                                                                            #
# KEY=SVC86hn7562asdx                       PROD=345                         #
##############################################################################
y 3 700 711 15
z 121.192 1e+41 300
f 3 "gate" "source" "drain" 
p 9 2 601 20 3 602 21 4 603 22 
d 6.000000000e+00 6.000000000e+00 0.000000000e+00 0.000000000e+00 0.000000000e+00 4.321940472e-19 0.000000000e+00 0.000000000e+00 1.343041852e-18 
d 6.000000000e+00 6.000000000e+00 0.000000000e+00 0.000000000e+00 0.000000000e+00 -2.314180394e-08 5.000000000e-01 5.000000000e-01 2.314180393e-08 
d 6.000000000e+00 6.000000000e+00 0.000000000e+00 0.000000000e+00 0.000000000e+00 -3.288247496e-08 1.000000000e+00 1.000000000e+00 3.288247496e-08 
d 6.000000000e+00 6.000000000e+00 0.000000000e+00 0.000000000e+00 0.000000000e+00 -3.558405908e-08 1.500000000e+00 1.500000000e+00 3.558405908e-08 
d 6.000000000e+00 6.000000000e+00 0.000000000e+00 0.000000000e+00 0.000000000e+00 -3.633009992e-08 2.000000000e+00 2.000000000e+00 3.633009992e-08 
d 6.000000000e+00 6.000000000e+00 0.000000000e+00 0.000000000e+00 0.000000000e+00 -3.658602741e-08 2.500000000e+00 2.500000000e+00 3.658602741e-08 
d 6.000000000e+00 6.000000000e+00 0.000000000e+00 0.000000000e+00 0.000000000e+00 -3.669436062e-08 3.000000000e+00 3.000000000e+00 3.669436062e-08 
d 6.000000000e+00 6.000000000e+00 0.000000000e+00 0.000000000e+00 0.000000000e+00 -3.675569227e-08 3.500000000e+00 3.500000000e+00 3.675569227e-08 
d 6.000000000e+00 6.000000000e+00 0.000000000e+00 0.000000000e+00 0.000000000e+00 -3.679748370e-08 4.000000000e+00 4.000000000e+00 3.679748370e-08 
d 6.000000000e+00 6.000000000e+00 0.000000000e+00 0.000000000e+00 0.000000000e+00 -3.682898978e-08 4.500000000e+00 4.500000000e+00 3.682898978e-08 
d 6.000000000e+00 6.000000000e+00 0.000000000e+00 0.000000000e+00 0.000000000e+00 -3.685424110e-08 5.000000000e+00 5.000000000e+00 3.685424110e-08 
d 6.000000000e+00 6.000000000e+00 0.000000000e+00 0.000000000e+00 0.000000000e+00 -3.687530602e-08 5.500000000e+00 5.500000000e+00 3.687530602e-08 
d 6.000000000e+00 6.000000000e+00 0.000000000e+00 0.000000000e+00 0.000000000e+00 -3.689336664e-08 6.000000000e+00 6.000000000e+00 3.689336664e-08 
d 6.000000000e+00 6.000000000e+00 0.000000000e+00 0.000000000e+00 0.000000000e+00 -3.690915993e-08 6.500000000e+00 6.500000000e+00 3.690915993e-08 
d 6.000000000e+00 6.000000000e+00 0.000000000e+00 0.000000000e+00 0.000000000e+00 -3.692317930e-08 7.000000000e+00 7.000000000e+00 3.692317930e-08 
d 6.000000000e+00 6.000000000e+00 0.000000000e+00 0.000000000e+00 0.000000000e+00 -3.693577270e-08 7.500000000e+00 7.500000000e+00 3.693577270e-08 
d 6.000000000e+00 6.000000000e+00 0.000000000e+00 0.000000000e+00 0.000000000e+00 -3.694719557e-08 8.000000000e+00 8.000000000e+00 3.694719557e-08 
d 6.000000000e+00 6.000000000e+00 0.000000000e+00 0.000000000e+00 0.000000000e+00 -3.695764197e-08 8.500000000e+00 8.500000000e+00 3.695764197e-08 
d 6.000000000e+00 6.000000000e+00 0.000000000e+00 0.000000000e+00 0.000000000e+00 -3.696726343e-08 9.000000000e+00 9.000000000e+00 3.696726343e-08 
d 6.000000000e+00 6.000000000e+00 0.000000000e+00 0.000000000e+00 0.000000000e+00 -3.697618014e-08 9.500000000e+00 9.500000000e+00 3.697618014e-08 
d 6.000000000e+00 6.000000000e+00 0.000000000e+00 0.000000000e+00 0.000000000e+00 -3.698448834e-08 1.000000000e+01 1.000000000e+01 3.698448834e-08 
