v VICTORYDEVICE
# silvaco.file ASCII version=1.14.23 format=1 contents=SDB,Tables=1

Copyright "###################################################################"
Copyright "#                    Copyright Silvaco Inc. (c)                   #"
Copyright "#                            1992-2014                            #"
Copyright "#                                                                 #"
Copyright "# This file format and the following Key are copyright Silvaco    #"
Copyright "# International. You may not use, this format or key without      #"
Copyright "# reproducing this message in full and obtaining                  #"
Copyright "# express written permission from Silvaco Inc.                    #"
Copyright "#                                                                 #"
Copyright "# To obtain such permission please contact: Silvaco Inc.          #"
Copyright "#                                           support@silvaco.com   #"
Copyright "#                                                                 #"
Copyright "# KEY=SVC86hn7562asdx                       PROD=345              #"
Copyright "###################################################################"
#This file was created by VICTORYDEVICE version 1.12.1.R
#victoryd 1.12.1.R (Thu Apr 12 10:17:20 PDT 2018)
#libSDB 1.12.42 (Thu Oct 26 19:20:24 PDT 2017)
a VICTORYDEVICE
j 1 9
k 4
r 1 92
x 3 43 42 46
w source 1 1
r 2 92
x 3 43 42 46
w pwell 1 2
r 3 92
x 3 43 42 46
w drain 1 3
r 4 92
x 3 43 42 46
w gate 1 4
y 1 15
z 300
p 12 2 601 20 3 602 21 4 603 22 5 604 23
d 0 0 -2.1758802126737872e-06 0 0 -1.0840374616963689e-17 0.01 0.01 2.1758802105929275e-06 0.65 0.65 0
d 0 0 -1.0158406408734167e-05 0 0 -4.4912580604138009e-17 0.05 0.05 1.0158406538703202e-05 0.65 0.65 0
d 0 0 -1.8385988785542198e-05 0 0 -7.2086525078978105e-17 0.1 0.1 1.8385989065177118e-05 0.65 0.65 0
d 0 0 -2.4548668043514895e-05 0 0 -9.7343125685188607e-17 0.15 0.15 2.4548668043086892e-05 0.65 0.65 0
d 0 0 -2.8705421087570788e-05 0 0 -1.192700338292274e-16 0.2 0.2 2.8705421086449906e-05 0.65 0.65 0
d 0 0 -3.1195089857037652e-05 0 0 -1.3822803081874031e-16 0.25 0.25 3.1195089854308776e-05 0.65 0.65 0
d 0 0 -3.2577307000871885e-05 0 0 -1.556863020785836e-16 0.3 0.3 3.2577306996955374e-05 0.65 0.65 0
d 0 0 -3.3381134524654719e-05 0 0 -1.7131589375129205e-16 0.35 0.35 3.3381134522824308e-05 0.65 0.65 0
d 0 0 -3.3924349180875365e-05 0 0 -1.8539905156002368e-16 0.4 0.4 3.3924349180775002e-05 0.65 0.65 0
d 0 0 -3.4348387810394634e-05 0 0 -1.9959025397452449e-16 0.45 0.45 3.4348387810618651e-05 0.65 0.65 0
d 0 0 -3.4710397300101467e-05 0 0 -2.1353233481481137e-16 0.5 0.5 3.4710397300354289e-05 0.65 0.65 0
d 0 0 -3.5034440884078693e-05 0 0 5.7573475273167315e-15 0.55 0.55 3.5034440897097813e-05 0.65 0.65 0
d 0 0 -3.5331113922569563e-05 0 0 -2.3998754682838791e-16 0.6 0.6 3.5331113922848332e-05 0.65 0.65 0
d 0 0 -3.5605576316923026e-05 0 0 -2.5285020473214964e-16 0.65 0.65 3.5605576317202825e-05 0.65 0.65 0
d 0 0 -3.5861395367237465e-05 0 0 -2.6538271758461553e-16 0.7 0.7 3.5861395367521302e-05 0.65 0.65 0
d 0 0 -3.6101659045911823e-05 0 0 -1.0849192340010116e-15 0.75000000000000011 0.75000000000000011 3.6101659047701204e-05 0.65 0.65 0
d 0 0 -3.6328796970590503e-05 0 0 -2.9039347151275442e-16 0.8 0.8 3.6328796970893341e-05 0.65 0.65 0
d 0 0 -3.6544771480980304e-05 0 0 -3.0208888851188357e-16 0.85 0.85 3.6544771481289037e-05 0.65 0.65 0
Q 2 13 "Voltage #01"
Q 3 13 "Voltage #02"
Q 4 13 "Voltage #03"
Q 5 13 "Voltage #04"
Q 20 13 "Current #01"
Q 21 13 "Current #02"
Q 22 13 "Current #03"
Q 23 13 "Current #04"
Q 92 21 Contact
Q 601 13 "Int. Voltage #01"
Q 602 13 "Int. Voltage #02"
Q 603 13 "Int. Voltage #03"
Q 604 13 "Int. Voltage #04"
EOF 1082511551
