v UTMOST                                                                       
# This file was created by Utmost IV version 2.3.0.R on 2018-04-20T23:11:41.
#SSF 2.0 generic                                                               
############################################################################## 
#                    Copyright © 1984 - 2018                                 # 
#                    Silvaco, Inc. All rights reserved                       # 
#                                                                            # 
# This file format and the following Key are copyright Silvaco, Inc.         # 
# You may not use, this format or key without reproducing this message in    # 
# full and obtaining express written permission from Silvaco, Inc.           # 
#                                                                            # 
# To obtain such permission please contact: Silvaco, Inc.                    # 
#                                           support@silvaco.com              # 
#                                                                            # 
# KEY=SVC86hn7562asdx                       PROD=345                         # 
############################################################################## 
y 1 15
z 300
f 4 "source" "pwell" "drain" "gate"
p 8 1000000 1000001 1000002 1000003 1004000 1004001 1004002 1004003
d 0 0 0.05 0.01 -3.73675e-11 -5e-20 3.73675e-11 0
d 0 0 0.05 0.05 -1.50738e-10 -5e-20 1.50738e-10 0
d 0 0 0.05 0.1 -8.43542e-10 -5e-20 8.43542e-10 0
d 0 0 0.05 0.15 -4.49165e-09 -5e-20 4.49165e-09 0
d 0 0 0.05 0.2 -2.17044e-08 -5e-20 2.17044e-08 0
d 0 0 0.05 0.25 -8.98769e-08 -5e-20 8.98769e-08 0
d 0 0 0.05 0.3 -3.08521e-07 -5e-20 3.08521e-07 0
d 0 0 0.05 0.35 -8.70523e-07 -5e-20 8.70523e-07 0
d 0 0 0.05 0.4 -1.97079e-06 -5e-20 1.97079e-06 0
d 0 0 0.05 0.45 -3.55737e-06 -5e-20 3.55737e-06 0
d 0 0 0.05 0.5 -5.36365e-06 -5e-20 5.36365e-06 0
d 0 0 0.05 0.55 -7.17305e-06 -5e-20 7.17305e-06 0
d 0 0 0.05 0.6 -8.89456e-06 -5e-20 8.89456e-06 0
d 0 0 0.05 0.65 -1.05109e-05 -5e-20 1.05109e-05 0
d 0 0 0.05 0.7 -1.20324e-05 -5e-20 1.20324e-05 0
d 0 0 0.05 0.75 -1.34768e-05 -5e-20 1.34768e-05 0
d 0 0 0.05 0.8 -1.48616e-05 -5e-20 1.48616e-05 0
d 0 0 0.05 0.85 -1.62028e-05 -5e-20 1.62028e-05 0
