v ATLAS
# This file was created by ATLAS version 5.26.1.R on Wed Apr 18 00:08:43 2018.
#SSF 2.0 generic
##############################################################################
#                    Copyright (c) 1984 - 2018                               #
#                    Silvaco Inc. All rights reserved                        #
#                                                                            #
# This file format and the following Key are copyright Silvaco Inc.          #
# You may not use, this format or key without reproducing this message in    #
# full and obtaining express written permission from Silvaco Inc.            #
#                                                                            #
# To obtain such permission please contact: Silvaco Inc.                     #
#                                           support@silvaco.com              #
#                                                                            #
# KEY=SVC86hn7562asdx                       PROD=345                         #
##############################################################################
y 3 700 711 15
z 0 1e+41 300
f 3 "gate" "source" "drain" 
p 9 2 601 20 3 602 21 4 603 22 
d 0.000000000e+00 0.000000000e+00 0.000000000e+00 0.000000000e+00 0.000000000e+00 5.091365750e-19 1.000000000e-01 1.000000000e-01 -1.703227967e-19 
d 3.000000000e-02 3.000000000e-02 0.000000000e+00 0.000000000e+00 0.000000000e+00 -4.279511955e-19 1.000000000e-01 1.000000000e-01 9.813858928e-19 
d 6.000000000e-02 6.000000000e-02 0.000000000e+00 0.000000000e+00 0.000000000e+00 -3.750807602e-18 1.000000000e-01 1.000000000e-01 3.709881828e-18 
d 9.000000000e-02 9.000000000e-02 0.000000000e+00 0.000000000e+00 0.000000000e+00 -1.044939502e-17 1.000000000e-01 1.000000000e-01 1.142944863e-17 
d 1.200000000e-01 1.200000000e-01 0.000000000e+00 0.000000000e+00 0.000000000e+00 -3.109122282e-17 1.000000000e-01 1.000000000e-01 3.301040428e-17 
d 1.500000000e-01 1.500000000e-01 0.000000000e+00 0.000000000e+00 0.000000000e+00 -1.022282527e-16 1.000000000e-01 1.000000000e-01 1.021443611e-16 
d 1.800000000e-01 1.800000000e-01 0.000000000e+00 0.000000000e+00 0.000000000e+00 -3.226801576e-16 1.000000000e-01 1.000000000e-01 3.234490459e-16 
d 2.100000000e-01 2.100000000e-01 0.000000000e+00 0.000000000e+00 0.000000000e+00 -1.028265434e-15 1.000000000e-01 1.000000000e-01 1.028262228e-15 
d 2.400000000e-01 2.400000000e-01 0.000000000e+00 0.000000000e+00 0.000000000e+00 -3.266002513e-15 1.000000000e-01 1.000000000e-01 3.266471890e-15 
d 2.700000000e-01 2.700000000e-01 0.000000000e+00 0.000000000e+00 0.000000000e+00 -1.037461926e-14 1.000000000e-01 1.000000000e-01 1.037436500e-14 
d 3.000000000e-01 3.000000000e-01 0.000000000e+00 0.000000000e+00 0.000000000e+00 -3.294244428e-14 1.000000000e-01 1.000000000e-01 3.294495999e-14 
d 3.300000000e-01 3.300000000e-01 0.000000000e+00 0.000000000e+00 0.000000000e+00 -1.045720744e-13 1.000000000e-01 1.000000000e-01 1.045719461e-13 
d 3.600000000e-01 3.600000000e-01 0.000000000e+00 0.000000000e+00 0.000000000e+00 -3.318147691e-13 1.000000000e-01 1.000000000e-01 3.318148141e-13 
d 3.900000000e-01 3.900000000e-01 0.000000000e+00 0.000000000e+00 0.000000000e+00 -1.052443698e-12 1.000000000e-01 1.000000000e-01 1.052442717e-12 
d 4.200000000e-01 4.200000000e-01 0.000000000e+00 0.000000000e+00 0.000000000e+00 -3.336521315e-12 1.000000000e-01 1.000000000e-01 3.336520975e-12 
d 4.500000000e-01 4.500000000e-01 0.000000000e+00 0.000000000e+00 0.000000000e+00 -1.057172960e-11 1.000000000e-01 1.000000000e-01 1.057172939e-11 
d 4.800000000e-01 4.800000000e-01 0.000000000e+00 0.000000000e+00 0.000000000e+00 -3.347331143e-11 1.000000000e-01 1.000000000e-01 3.347331271e-11 
d 5.100000000e-01 5.100000000e-01 0.000000000e+00 0.000000000e+00 0.000000000e+00 -1.058865817e-10 1.000000000e-01 1.000000000e-01 1.058865828e-10 
d 5.400000000e-01 5.400000000e-01 0.000000000e+00 0.000000000e+00 0.000000000e+00 -3.344409286e-10 1.000000000e-01 1.000000000e-01 3.344409289e-10 
d 5.700000000e-01 5.700000000e-01 0.000000000e+00 0.000000000e+00 0.000000000e+00 -1.053155701e-09 1.000000000e-01 1.000000000e-01 1.053155702e-09 
d 6.000000000e-01 6.000000000e-01 0.000000000e+00 0.000000000e+00 0.000000000e+00 -3.272613140e-09 1.000000000e-01 1.000000000e-01 3.272613138e-09 
d 6.300000000e-01 6.300000000e-01 0.000000000e+00 0.000000000e+00 0.000000000e+00 -1.005103540e-08 1.000000000e-01 1.000000000e-01 1.005103540e-08 
d 6.600000000e-01 6.600000000e-01 0.000000000e+00 0.000000000e+00 0.000000000e+00 -2.940656946e-08 1.000000000e-01 1.000000000e-01 2.940656946e-08 
d 6.900000000e-01 6.900000000e-01 0.000000000e+00 0.000000000e+00 0.000000000e+00 -7.927055623e-08 1.000000000e-01 1.000000000e-01 7.927055623e-08 
d 7.200000000e-01 7.200000000e-01 0.000000000e+00 0.000000000e+00 0.000000000e+00 -1.834921400e-07 1.000000000e-01 1.000000000e-01 1.834921400e-07 
d 7.500000000e-01 7.500000000e-01 0.000000000e+00 0.000000000e+00 0.000000000e+00 -3.575569009e-07 1.000000000e-01 1.000000000e-01 3.575569009e-07 
d 7.800000000e-01 7.800000000e-01 0.000000000e+00 0.000000000e+00 0.000000000e+00 -5.957806670e-07 1.000000000e-01 1.000000000e-01 5.957806670e-07 
d 8.100000000e-01 8.100000000e-01 0.000000000e+00 0.000000000e+00 0.000000000e+00 -8.767956573e-07 1.000000000e-01 1.000000000e-01 8.767956573e-07 
d 8.400000000e-01 8.400000000e-01 0.000000000e+00 0.000000000e+00 0.000000000e+00 -1.176432506e-06 1.000000000e-01 1.000000000e-01 1.176432506e-06 
d 8.700000000e-01 8.700000000e-01 0.000000000e+00 0.000000000e+00 0.000000000e+00 -1.476294230e-06 1.000000000e-01 1.000000000e-01 1.476294230e-06 
d 9.000000000e-01 9.000000000e-01 0.000000000e+00 0.000000000e+00 0.000000000e+00 -1.765548293e-06 1.000000000e-01 1.000000000e-01 1.765548293e-06 
d 9.300000000e-01 9.300000000e-01 0.000000000e+00 0.000000000e+00 0.000000000e+00 -2.038961581e-06 1.000000000e-01 1.000000000e-01 2.038961581e-06 
d 9.600000000e-01 9.600000000e-01 0.000000000e+00 0.000000000e+00 0.000000000e+00 -2.291040045e-06 1.000000000e-01 1.000000000e-01 2.291040045e-06 
d 9.900000000e-01 9.900000000e-01 0.000000000e+00 0.000000000e+00 0.000000000e+00 -2.532316192e-06 1.000000000e-01 1.000000000e-01 2.532316192e-06 
d 1.020000000e+00 1.020000000e+00 0.000000000e+00 0.000000000e+00 0.000000000e+00 -2.749166727e-06 1.000000000e-01 1.000000000e-01 2.749166727e-06 
d 1.050000000e+00 1.050000000e+00 0.000000000e+00 0.000000000e+00 0.000000000e+00 -2.958272114e-06 1.000000000e-01 1.000000000e-01 2.958272114e-06 
d 1.080000000e+00 1.080000000e+00 0.000000000e+00 0.000000000e+00 0.000000000e+00 -3.149364017e-06 1.000000000e-01 1.000000000e-01 3.149364017e-06 
d 1.110000000e+00 1.110000000e+00 0.000000000e+00 0.000000000e+00 0.000000000e+00 -3.326577867e-06 1.000000000e-01 1.000000000e-01 3.326577867e-06 
d 1.140000000e+00 1.140000000e+00 0.000000000e+00 0.000000000e+00 0.000000000e+00 -3.491890825e-06 1.000000000e-01 1.000000000e-01 3.491890825e-06 
d 1.170000000e+00 1.170000000e+00 0.000000000e+00 0.000000000e+00 0.000000000e+00 -3.646197416e-06 1.000000000e-01 1.000000000e-01 3.646197416e-06 
d 1.200000000e+00 1.200000000e+00 0.000000000e+00 0.000000000e+00 0.000000000e+00 -3.790368243e-06 1.000000000e-01 1.000000000e-01 3.790368243e-06 
d 1.230000000e+00 1.230000000e+00 0.000000000e+00 0.000000000e+00 0.000000000e+00 -3.925131662e-06 1.000000000e-01 1.000000000e-01 3.925131662e-06 
d 1.260000000e+00 1.260000000e+00 0.000000000e+00 0.000000000e+00 0.000000000e+00 -4.051073995e-06 1.000000000e-01 1.000000000e-01 4.051073995e-06 
d 1.290000000e+00 1.290000000e+00 0.000000000e+00 0.000000000e+00 0.000000000e+00 -4.168667691e-06 1.000000000e-01 1.000000000e-01 4.168667691e-06 
d 1.320000000e+00 1.320000000e+00 0.000000000e+00 0.000000000e+00 0.000000000e+00 -4.278300124e-06 1.000000000e-01 1.000000000e-01 4.278300124e-06 
d 1.350000000e+00 1.350000000e+00 0.000000000e+00 0.000000000e+00 0.000000000e+00 -4.380299063e-06 1.000000000e-01 1.000000000e-01 4.380299063e-06 
d 1.380000000e+00 1.380000000e+00 0.000000000e+00 0.000000000e+00 0.000000000e+00 -4.474952079e-06 1.000000000e-01 1.000000000e-01 4.474952079e-06 
d 1.410000000e+00 1.410000000e+00 0.000000000e+00 0.000000000e+00 0.000000000e+00 -4.562519330e-06 1.000000000e-01 1.000000000e-01 4.562519330e-06 
d 1.440000000e+00 1.440000000e+00 0.000000000e+00 0.000000000e+00 0.000000000e+00 -4.644463311e-06 1.000000000e-01 1.000000000e-01 4.644463311e-06 
d 1.470000000e+00 1.470000000e+00 0.000000000e+00 0.000000000e+00 0.000000000e+00 -4.717340691e-06 1.000000000e-01 1.000000000e-01 4.717340691e-06 
d 1.500000000e+00 1.500000000e+00 0.000000000e+00 0.000000000e+00 0.000000000e+00 -4.785607524e-06 1.000000000e-01 1.000000000e-01 4.785607524e-06 
