v ATLAS
# This file was created by ATLAS version 5.26.1.R on Wed Apr 18 00:11:45 2018.
#SSF 2.0 generic
##############################################################################
#                    Copyright (c) 1984 - 2018                               #
#                    Silvaco Inc. All rights reserved                        #
#                                                                            #
# This file format and the following Key are copyright Silvaco Inc.          #
# You may not use, this format or key without reproducing this message in    #
# full and obtaining express written permission from Silvaco Inc.            #
#                                                                            #
# To obtain such permission please contact: Silvaco Inc.                     #
#                                           support@silvaco.com              #
#                                                                            #
# KEY=SVC86hn7562asdx                       PROD=345                         #
##############################################################################
y 3 700 711 15
z 0 1e+41 300
f 3 "gate" "source" "drain" 
p 9 2 601 20 3 602 21 4 603 22 
d 1.000000000e+00 1.000000000e+00 0.000000000e+00 0.000000000e+00 0.000000000e+00 -1.241532443e-10 0.000000000e+00 0.000000000e+00 1.241924378e-10 
d 1.000000000e+00 1.000000000e+00 0.000000000e+00 0.000000000e+00 0.000000000e+00 -1.431019483e-06 5.000000000e-02 5.000000000e-02 1.431390215e-06 
d 1.000000000e+00 1.000000000e+00 0.000000000e+00 0.000000000e+00 0.000000000e+00 -2.631499288e-06 1.000000000e-01 1.000000000e-01 2.632363830e-06 
d 1.000000000e+00 1.000000000e+00 0.000000000e+00 0.000000000e+00 0.000000000e+00 -3.549575580e-06 1.500000000e-01 1.500000000e-01 3.551169439e-06 
d 1.000000000e+00 1.000000000e+00 0.000000000e+00 0.000000000e+00 0.000000000e+00 -4.167307255e-06 2.000000000e-01 2.000000000e-01 4.170029970e-06 
d 1.000000000e+00 1.000000000e+00 0.000000000e+00 0.000000000e+00 0.000000000e+00 -4.553738251e-06 2.500000000e-01 2.500000000e-01 4.558281469e-06 
d 1.000000000e+00 1.000000000e+00 0.000000000e+00 0.000000000e+00 0.000000000e+00 -4.812021898e-06 3.000000000e-01 3.000000000e-01 4.819417443e-06 
d 1.000000000e+00 1.000000000e+00 0.000000000e+00 0.000000000e+00 0.000000000e+00 -5.049250185e-06 3.500000000e-01 3.500000000e-01 5.060612839e-06 
d 1.000000000e+00 1.000000000e+00 0.000000000e+00 0.000000000e+00 0.000000000e+00 -5.286670320e-06 4.000000000e-01 4.000000000e-01 5.302892179e-06 
d 1.000000000e+00 1.000000000e+00 0.000000000e+00 0.000000000e+00 0.000000000e+00 -5.532706997e-06 4.500000000e-01 4.500000000e-01 5.554352663e-06 
d 1.000000000e+00 1.000000000e+00 0.000000000e+00 0.000000000e+00 0.000000000e+00 -5.784608426e-06 5.000000000e-01 5.000000000e-01 5.812080336e-06 
d 1.000000000e+00 1.000000000e+00 0.000000000e+00 0.000000000e+00 0.000000000e+00 -6.042273188e-06 5.500000000e-01 5.500000000e-01 6.075911036e-06 
d 1.000000000e+00 1.000000000e+00 0.000000000e+00 0.000000000e+00 0.000000000e+00 -6.303339568e-06 6.000000000e-01 6.000000000e-01 6.343460990e-06 
d 1.000000000e+00 1.000000000e+00 0.000000000e+00 0.000000000e+00 0.000000000e+00 -6.564682327e-06 6.500000000e-01 6.500000000e-01 6.611510922e-06 
d 1.000000000e+00 1.000000000e+00 0.000000000e+00 0.000000000e+00 0.000000000e+00 -6.829432295e-06 7.000000000e-01 7.000000000e-01 6.883229136e-06 
d 1.000000000e+00 1.000000000e+00 0.000000000e+00 0.000000000e+00 0.000000000e+00 -7.084718154e-06 7.500000000e-01 7.500000000e-01 7.145665946e-06 
d 1.000000000e+00 1.000000000e+00 0.000000000e+00 0.000000000e+00 0.000000000e+00 -7.365219048e-06 8.000000000e-01 8.000000000e-01 7.433686192e-06 
d 1.000000000e+00 1.000000000e+00 0.000000000e+00 0.000000000e+00 0.000000000e+00 -7.628605672e-06 8.500000000e-01 8.500000000e-01 7.704744623e-06 
d 1.000000000e+00 1.000000000e+00 0.000000000e+00 0.000000000e+00 0.000000000e+00 -7.888206390e-06 9.000000000e-01 9.000000000e-01 7.972110753e-06 
d 1.000000000e+00 1.000000000e+00 0.000000000e+00 0.000000000e+00 0.000000000e+00 -8.153163603e-06 9.500000000e-01 9.500000000e-01 8.245068918e-06 
d 1.000000000e+00 1.000000000e+00 0.000000000e+00 0.000000000e+00 0.000000000e+00 -8.474050198e-06 1.000000000e+00 1.000000000e+00 8.574805108e-06 
