v ATLAS
# This file was created by ATLAS version 5.26.1.R on Mon May  7 22:56:47 2018.
#SSF 2.0 generic
##############################################################################
#                    Copyright (c) 1984 - 2018                               #
#                    Silvaco Inc. All rights reserved                        #
#                                                                            #
# This file format and the following Key are copyright Silvaco Inc.          #
# You may not use, this format or key without reproducing this message in    #
# full and obtaining express written permission from Silvaco Inc.            #
#                                                                            #
# To obtain such permission please contact: Silvaco Inc.                     #
#                                           support@silvaco.com              #
#                                                                            #
# KEY=SVC86hn7562asdx                       PROD=345                         #
##############################################################################
y 3 700 711 15
z 10 0.1 300
f 4 "gate" "substrate" "source" "drain" 
p 12 2 601 20 3 602 21 4 603 22 5 604 23 
d -1.000000000e+00 -1.000000000e+00 0.000000000e+00 0.000000000e+00 0.000000000e+00 0.000000000e+00 0.000000000e+00 0.000000000e+00 6.917442651e-19 5.000000000e+00 5.000000000e+00 7.303551764e-18 
d -5.000000000e-01 -5.000000000e-01 0.000000000e+00 0.000000000e+00 0.000000000e+00 0.000000000e+00 0.000000000e+00 0.000000000e+00 -4.883515742e-14 5.000000000e+00 5.000000000e+00 4.886823586e-14 
d 0.000000000e+00 0.000000000e+00 0.000000000e+00 0.000000000e+00 0.000000000e+00 0.000000000e+00 0.000000000e+00 0.000000000e+00 -1.568561487e-10 5.000000000e+00 5.000000000e+00 1.568561361e-10 
d 5.000000000e-01 5.000000000e-01 0.000000000e+00 0.000000000e+00 0.000000000e+00 0.000000000e+00 0.000000000e+00 0.000000000e+00 -1.476033395e-09 5.000000000e+00 5.000000000e+00 1.476033367e-09 
d 1.000000000e+00 1.000000000e+00 0.000000000e+00 0.000000000e+00 0.000000000e+00 0.000000000e+00 0.000000000e+00 0.000000000e+00 -4.521231067e-09 5.000000000e+00 5.000000000e+00 4.521231067e-09 
d 1.500000000e+00 1.500000000e+00 0.000000000e+00 0.000000000e+00 0.000000000e+00 0.000000000e+00 0.000000000e+00 0.000000000e+00 -9.746279355e-09 5.000000000e+00 5.000000000e+00 9.746279373e-09 
d 2.000000000e+00 2.000000000e+00 0.000000000e+00 0.000000000e+00 0.000000000e+00 0.000000000e+00 0.000000000e+00 0.000000000e+00 -1.773942133e-08 5.000000000e+00 5.000000000e+00 1.773942134e-08 
d 2.500000000e+00 2.500000000e+00 0.000000000e+00 0.000000000e+00 0.000000000e+00 0.000000000e+00 0.000000000e+00 0.000000000e+00 -2.905808760e-08 5.000000000e+00 5.000000000e+00 2.905808761e-08 
d 3.000000000e+00 3.000000000e+00 0.000000000e+00 0.000000000e+00 0.000000000e+00 0.000000000e+00 0.000000000e+00 0.000000000e+00 -4.410387465e-08 5.000000000e+00 5.000000000e+00 4.410387464e-08 
d 3.500000000e+00 3.500000000e+00 0.000000000e+00 0.000000000e+00 0.000000000e+00 0.000000000e+00 0.000000000e+00 0.000000000e+00 -6.309517601e-08 5.000000000e+00 5.000000000e+00 6.309517601e-08 
d 4.000000000e+00 4.000000000e+00 0.000000000e+00 0.000000000e+00 0.000000000e+00 0.000000000e+00 0.000000000e+00 0.000000000e+00 -8.607474441e-08 5.000000000e+00 5.000000000e+00 8.607474441e-08 
d 4.500000000e+00 4.500000000e+00 0.000000000e+00 0.000000000e+00 0.000000000e+00 0.000000000e+00 0.000000000e+00 0.000000000e+00 -1.129337930e-07 5.000000000e+00 5.000000000e+00 1.129337930e-07 
d 5.000000000e+00 5.000000000e+00 0.000000000e+00 0.000000000e+00 0.000000000e+00 0.000000000e+00 0.000000000e+00 0.000000000e+00 -1.434581769e-07 5.000000000e+00 5.000000000e+00 1.434581769e-07 
d 5.500000000e+00 5.500000000e+00 0.000000000e+00 0.000000000e+00 0.000000000e+00 0.000000000e+00 0.000000000e+00 0.000000000e+00 -1.773590558e-07 5.000000000e+00 5.000000000e+00 1.773590558e-07 
d 6.000000000e+00 6.000000000e+00 0.000000000e+00 0.000000000e+00 0.000000000e+00 0.000000000e+00 0.000000000e+00 0.000000000e+00 -2.142574973e-07 5.000000000e+00 5.000000000e+00 2.142574973e-07 
d 6.500000000e+00 6.500000000e+00 0.000000000e+00 0.000000000e+00 0.000000000e+00 0.000000000e+00 0.000000000e+00 0.000000000e+00 -2.536719675e-07 5.000000000e+00 5.000000000e+00 2.536719675e-07 
d 7.000000000e+00 7.000000000e+00 0.000000000e+00 0.000000000e+00 0.000000000e+00 0.000000000e+00 0.000000000e+00 0.000000000e+00 -2.950694912e-07 5.000000000e+00 5.000000000e+00 2.950694912e-07 
d 7.500000000e+00 7.500000000e+00 0.000000000e+00 0.000000000e+00 0.000000000e+00 0.000000000e+00 0.000000000e+00 0.000000000e+00 -3.379597690e-07 5.000000000e+00 5.000000000e+00 3.379597690e-07 
d 8.000000000e+00 8.000000000e+00 0.000000000e+00 0.000000000e+00 0.000000000e+00 0.000000000e+00 0.000000000e+00 0.000000000e+00 -3.819583532e-07 5.000000000e+00 5.000000000e+00 3.819583532e-07 
d 8.500000000e+00 8.500000000e+00 0.000000000e+00 0.000000000e+00 0.000000000e+00 0.000000000e+00 0.000000000e+00 0.000000000e+00 -4.267924990e-07 5.000000000e+00 5.000000000e+00 4.267924990e-07 
d 9.000000000e+00 9.000000000e+00 0.000000000e+00 0.000000000e+00 0.000000000e+00 0.000000000e+00 0.000000000e+00 0.000000000e+00 -4.722767727e-07 5.000000000e+00 5.000000000e+00 4.722767727e-07 
d 9.500000000e+00 9.500000000e+00 0.000000000e+00 0.000000000e+00 0.000000000e+00 0.000000000e+00 0.000000000e+00 0.000000000e+00 -5.182856021e-07 5.000000000e+00 5.000000000e+00 5.182856021e-07 
d 1.000000000e+01 1.000000000e+01 0.000000000e+00 0.000000000e+00 0.000000000e+00 0.000000000e+00 0.000000000e+00 0.000000000e+00 -5.647326062e-07 5.000000000e+00 5.000000000e+00 5.647326062e-07 
d 1.050000000e+01 1.050000000e+01 0.000000000e+00 0.000000000e+00 0.000000000e+00 0.000000000e+00 0.000000000e+00 0.000000000e+00 -6.115569282e-07 5.000000000e+00 5.000000000e+00 6.115569282e-07 
d 1.100000000e+01 1.100000000e+01 0.000000000e+00 0.000000000e+00 0.000000000e+00 0.000000000e+00 0.000000000e+00 0.000000000e+00 -6.587145769e-07 5.000000000e+00 5.000000000e+00 6.587145770e-07 
d 1.150000000e+01 1.150000000e+01 0.000000000e+00 0.000000000e+00 0.000000000e+00 0.000000000e+00 0.000000000e+00 0.000000000e+00 -7.061729524e-07 5.000000000e+00 5.000000000e+00 7.061729524e-07 
d 1.200000000e+01 1.200000000e+01 0.000000000e+00 0.000000000e+00 0.000000000e+00 0.000000000e+00 0.000000000e+00 0.000000000e+00 -7.539073320e-07 5.000000000e+00 5.000000000e+00 7.539073320e-07 
d 1.250000000e+01 1.250000000e+01 0.000000000e+00 0.000000000e+00 0.000000000e+00 0.000000000e+00 0.000000000e+00 0.000000000e+00 -8.018985672e-07 5.000000000e+00 5.000000000e+00 8.018985672e-07 
d 1.300000000e+01 1.300000000e+01 0.000000000e+00 0.000000000e+00 0.000000000e+00 0.000000000e+00 0.000000000e+00 0.000000000e+00 -8.501315365e-07 5.000000000e+00 5.000000000e+00 8.501315365e-07 
d 1.350000000e+01 1.350000000e+01 0.000000000e+00 0.000000000e+00 0.000000000e+00 0.000000000e+00 0.000000000e+00 0.000000000e+00 -8.985940828e-07 5.000000000e+00 5.000000000e+00 8.985940828e-07 
d 1.400000000e+01 1.400000000e+01 0.000000000e+00 0.000000000e+00 0.000000000e+00 0.000000000e+00 0.000000000e+00 0.000000000e+00 -9.472762665e-07 5.000000000e+00 5.000000000e+00 9.472762665e-07 
d 1.450000000e+01 1.450000000e+01 0.000000000e+00 0.000000000e+00 0.000000000e+00 0.000000000e+00 0.000000000e+00 0.000000000e+00 -9.961698302e-07 5.000000000e+00 5.000000000e+00 9.961698301e-07 
d 1.500000000e+01 1.500000000e+01 0.000000000e+00 0.000000000e+00 0.000000000e+00 0.000000000e+00 0.000000000e+00 0.000000000e+00 -1.045267807e-06 5.000000000e+00 5.000000000e+00 1.045267807e-06 
d 1.550000000e+01 1.550000000e+01 0.000000000e+00 0.000000000e+00 0.000000000e+00 0.000000000e+00 0.000000000e+00 0.000000000e+00 -1.094564232e-06 5.000000000e+00 5.000000000e+00 1.094564232e-06 
d 1.600000000e+01 1.600000000e+01 0.000000000e+00 0.000000000e+00 0.000000000e+00 0.000000000e+00 0.000000000e+00 0.000000000e+00 -1.144053919e-06 5.000000000e+00 5.000000000e+00 1.144053919e-06 
d 1.650000000e+01 1.650000000e+01 0.000000000e+00 0.000000000e+00 0.000000000e+00 0.000000000e+00 0.000000000e+00 0.000000000e+00 -1.193732298e-06 5.000000000e+00 5.000000000e+00 1.193732298e-06 
d 1.700000000e+01 1.700000000e+01 0.000000000e+00 0.000000000e+00 0.000000000e+00 0.000000000e+00 0.000000000e+00 0.000000000e+00 -1.243595281e-06 5.000000000e+00 5.000000000e+00 1.243595281e-06 
d 1.750000000e+01 1.750000000e+01 0.000000000e+00 0.000000000e+00 0.000000000e+00 0.000000000e+00 0.000000000e+00 0.000000000e+00 -1.293639162e-06 5.000000000e+00 5.000000000e+00 1.293639162e-06 
d 1.800000000e+01 1.800000000e+01 0.000000000e+00 0.000000000e+00 0.000000000e+00 0.000000000e+00 0.000000000e+00 0.000000000e+00 -1.343860537e-06 5.000000000e+00 5.000000000e+00 1.343860537e-06 
d 1.850000000e+01 1.850000000e+01 0.000000000e+00 0.000000000e+00 0.000000000e+00 0.000000000e+00 0.000000000e+00 0.000000000e+00 -1.394256240e-06 5.000000000e+00 5.000000000e+00 1.394256240e-06 
d 1.900000000e+01 1.900000000e+01 0.000000000e+00 0.000000000e+00 0.000000000e+00 0.000000000e+00 0.000000000e+00 0.000000000e+00 -1.444823288e-06 5.000000000e+00 5.000000000e+00 1.444823288e-06 
d 1.950000000e+01 1.950000000e+01 0.000000000e+00 0.000000000e+00 0.000000000e+00 0.000000000e+00 0.000000000e+00 0.000000000e+00 -1.495558844e-06 5.000000000e+00 5.000000000e+00 1.495558844e-06 
d 2.000000000e+01 2.000000000e+01 0.000000000e+00 0.000000000e+00 0.000000000e+00 0.000000000e+00 0.000000000e+00 0.000000000e+00 -1.546460177e-06 5.000000000e+00 5.000000000e+00 1.546460177e-06 
