v atlas
# silvaco.file ASCII version=1.14.23 format=1 contents=SDB,Tables=1

Copyright "###################################################################"
Copyright "#                    Copyright Silvaco Inc. (c)                   #"
Copyright "#                            1992-2014                            #"
Copyright "#                                                                 #"
Copyright "# This file format and the following Key are copyright Silvaco    #"
Copyright "# International. You may not use, this format or key without      #"
Copyright "# reproducing this message in full and obtaining                  #"
Copyright "# express written permission from Silvaco Inc.                    #"
Copyright "#                                                                 #"
Copyright "# To obtain such permission please contact: Silvaco Inc.          #"
Copyright "#                                           support@silvaco.com   #"
Copyright "#                                                                 #"
Copyright "# KEY=SVC86hn7562asdx                       PROD=345              #"
Copyright "###################################################################"
#atlasMe 5.26.1.R (Wed Apr 11 16:49:17 PDT 2018)
#libSDB 1.12.41 (Mon Oct 16 16:19:38 PDT 2017)
f 5 source gate drain input output
o 1 real(vi[1])
o 2 imag(vi[1])
o 3 real(ii[1])
o 4 imag(ii[1])
o 5 Pi[1]
o 6 real(vo[1])
o 7 imag(vo[1])
o 8 real(io[1])
o 9 imag(io[1])
o 10 Po[1]
o 11 real(vi[2])
o 12 imag(vi[2])
o 13 real(ii[2])
o 14 imag(ii[2])
o 15 Pi[2]
o 16 real(vo[2])
o 17 imag(vo[2])
o 18 real(io[2])
o 19 imag(io[2])
o 20 Po[2]
o 21 real(vi[3])
o 22 imag(vi[3])
o 23 real(ii[3])
o 24 imag(ii[3])
o 25 Pi[3]
o 26 real(vo[3])
o 27 imag(vo[3])
o 28 real(io[3])
o 29 imag(io[3])
o 30 Po[3]
p 41 2 20 3 21 4 22 5 23 6 24 40 3000 3001 3002 3003 3004 3005 3006 3007 3008 3009 3010 3011 3012 3013 3014 3015 3016 3017 3018 3019 3020 3021 3022 3023 3024 3025 3026 3027 3028 3029
d 0 -0.008674750194520995 -1 3.4603447475648223e-06 0.5 -0.0086779715843122059 -1 -3.4603447475648223e-06 0.5 0.0086779715843122059 1e+9 0.00098202473796382456 -0.0001169458853969706 3.5950524072324878e-07 2.3389177079412159e-06 -74.005741729628028 -0.00034465929377994317 0.00012400794495198288 6.8931858755989328e-06 -2.4801588990390851e-06 -58.723510566564443 -3.5231588608256366e-09 -5.4767107207271101e-09 7.0463177632846367e-11 1.0953421358187493e-10 -153.7256236248505 -3.909129851536932e-08 1.7575753118409358e-08 7.8182597044616428e-10 -3.5151506222940929e-10 -137.3588216322334 1.0023106737846109e-09 6.559897451961108e-10 -2.0046214308359487e-11 -1.3119794903922216e-11 -168.43163451037753 8.1957583147407656e-09 -6.3091365709285266e-09 -1.6391516643359319e-10 1.2618273141857053e-10 -149.70715030754721
d 0 -0.008674750194520995 -1 3.4603447475648223e-06 0.5 -0.0086779715843122059 -1 -3.4603447475648223e-06 0.5 0.0086779715843122059 1e+9 0.0015564047615384074 -0.00018534544329796746 5.6976861845370474e-07 3.7069088659598695e-06 -70.005825107479339 -0.00054621314026929416 0.00019653176469142724 1.0924262805385952e-05 -3.9306352938279723e-06 -54.72404213674303 -7.2672157094544452e-09 -1.1598099697837769e-08 1.4534431377275527e-10 2.319619938179775e-10 -147.27396514094406 -8.0587838497780777e-08 3.4621877654996292e-08 1.6117567700943934e-09 -6.9243755296114796e-10 -131.13900082908611 1.6636730241885983e-09 9.5216903951037142e-10 -3.3273460483771966e-11 -1.9043380790207428e-11 -164.34809571303251 1.3316378830348363e-08 -1.0899163746546682e-08 -2.6632757674574514e-10 2.1798327493093364e-10 -145.28535609612499
d 0 -0.008674750194520995 -1 3.4603447475648223e-06 0.5 -0.0086779715843122059 -1 -3.4603447475648223e-06 0.5 0.0086779715843122059 1e+9 0.0024667363914583932 -0.00029374954078111671 9.030008010237901e-07 5.8749908156225767e-06 -66.005953448042746 -0.00086563484432868021 0.00031146824779361887 1.7312696886573743e-05 -6.2293649558718223e-06 -50.724571068902009 -2.0860566859038109e-08 -3.2234780576826889e-08 4.1721133690320642e-10 6.4469561195287142e-10 -138.31430534184713 -2.4930222306072253e-07 1.1020102137608307e-07 4.9860444614226174e-09 -2.2040204275910504e-09 -121.29035365142344 3.7437885426294054e-09 2.6159990622800278e-09 -7.4875770644421291e-11 -5.2319981523156313e-11 -156.80698109848973 1.7288576360883351e-08 -1.6433924087668958e-08 -3.4577152707888914e-10 3.2867848189215704e-10 -142.44911598704678
d 0 -0.008674750194520995 -1 3.4603447475648223e-06 0.5 -0.0086779715843122059 -1 -3.4603447475648223e-06 0.5 0.0086779715843122059 1e+9 0.0039095135596434322 -0.00046556152536966614 1.4311629178304002e-06 9.3112305073926291e-06 -62.005904668901735 -0.0013720097984808721 0.00049365825817473724 2.7440195969617373e-05 -9.8731651634946754e-06 -46.72414399962193 -6.4385611973293396e-08 -9.6504358429944107e-08 1.2877122394658679e-09 1.9300871681131596e-09 -128.71000171598118 -7.9116644090629091e-07 3.6294962018306029e-07 1.5823328817848262e-08 -7.2589924034530389e-09 -111.2051603124672 -1.4947520317420583e-10 1.0890639274817618e-09 2.9895033695947262e-12 -2.1781278272079481e-11 -169.17788185729748 -2.7782328466540059e-08 1.9122421523088025e-08 5.5564656960835693e-10 -3.8244843018420474e-10 -139.44039133816725
d 0 -0.008674750194520995 -1 3.4603447475648223e-06 0.5 -0.0086779715843122059 -1 -3.4603447475648223e-06 0.5 0.0086779715843122059 1e+9 0.0061961624342216854 -0.00073786214475553887 2.268220211604615e-06 1.4757242895109599e-05 -58.005945411783983 -0.0021744274199537684 0.00078238171514234624 4.3488548399074742e-05 -1.5647634302847966e-05 -42.72437943461032 -1.8167969229565655e-07 -2.6965564772499295e-07 3.6335938454967974e-09 5.3931129542223032e-09 -119.75835948581735 -2.2620886919454434e-06 1.0483332932985259e-06 4.5241773838908868e-08 -2.0966665866456241e-08 -102.06485644500917 3.6862246283333442e-09 2.1055178812313208e-09 -7.372449221972219e-11 -4.2110357069514905e-11 -157.44210089552234 2.0588732077076247e-08 -2.0470768423799281e-08 -4.1177464140274705e-10 4.0941536819842986e-10 -140.74199087663027
d 0 -0.008674750194520995 -1 3.4603447475648223e-06 0.5 -0.0086779715843122059 -1 -3.4603447475648223e-06 0.5 0.0086779715843122059 1e+9 0.0098202554226856816 -0.0011694344433624815 3.594891546286814e-06 2.3388688867246822e-05 -54.005965066943055 -0.0034462454879762806 0.0012399883802359111 6.8924909759525681e-05 -2.479976760471909e-05 -38.724358979488287 -4.4435404978675258e-07 -6.6112768344280432e-07 8.8870809957350516e-09 1.322255366864792e-08 -111.97540766206613 -5.5202661620529702e-06 2.5521100161626418e-06 1.104053232410594e-07 -5.1042200323114057e-08 -94.319555420770996 -1.5946644503909571e-10 -1.2825000029785236e-09 3.189328553837219e-12 2.5650000475904106e-11 -167.77222204387286 -9.32082674270137e-09 -4.170211962209458e-10 1.8641653471524952e-10 8.3404242713636112e-12 -150.60222654546217
d 0 -0.008674750194520995 -1 3.4603447475648223e-06 0.5 -0.0086779715843122059 -1 -3.4603447475648223e-06 0.5 0.0086779715843122059 1e+9 0.015564057935842854 -0.0018534239094647801 5.6974797753664308e-06 3.7068478189294732e-05 -50.006018811060045 -0.0054618328429967382 0.0019652189705164796 0.00010923665685993469 -3.9304379410329802e-05 -34.724512488098334 -1.1204940562855587e-06 -1.6683307852649785e-06 2.2409881124739728e-08 3.3366615705646515e-08 -103.93743938407276 -1.3916288134434925e-05 6.4292378062408067e-06 2.7832576268883727e-07 -1.2858475612460797e-07 -86.289355119141007 2.7983226033627968e-09 7.4175424798573203e-10 -5.5966451859089119e-11 -1.4835085237270397e-11 -160.76714070447133 1.6331733794440646e-08 -2.1527104393449965e-08 -3.2663467595820186e-10 4.3054208814655506e-10 -141.36592816017597
d 0 -0.008674750194520995 -1 3.4603447475648223e-06 0.5 -0.0086779715843122059 -1 -3.4603447475648223e-06 0.5 0.0086779715843122059 1e+9 0.024667379536457271 -0.0029374613055086702 9.0296955727699493e-06 5.8749226110173475e-05 -46.006261545275855 -0.0086560606072795757 0.0031144983673552203 0.00017312121214559166 -6.2289967347104233e-05 -30.724885638763453 -2.8096616214478581e-06 -4.1896468778654011e-06 5.6193232429373495e-08 8.3792937558071308e-08 -95.943576180153258 -3.4915761927925971e-05 1.6091617171614411e-05 6.983152385586582e-07 -3.2183234343201067e-07 -78.303107055064402 2.8572187065161864e-08 1.62068482401311e-08 -5.7144374109507045e-10 -3.2413696480262199e-10 -139.66965754779378 1.5643942264428456e-07 -1.6884814957687268e-07 -3.128788453093858e-09 3.3769629914680646e-09 -122.75863532013359
d 0 -0.008674750194520995 -1 3.4603447475648223e-06 0.5 -0.0086779715843122059 -1 -3.4603447475648223e-06 0.5 0.0086779715843122059 1e+9 0.03909518283036701 -0.0046554960759479782 1.4310684499655804e-05 9.3109921518959074e-05 -42.006389334486528 -0.013717552024257142 0.004935823198466343 0.00027435104048514311 -9.8716463969326793e-05 -26.725724337376192 -7.0571297158851334e-06 -1.0519820189736664e-05 1.4114259431742511e-07 2.1039640379480268e-07 -87.946069683665144 -8.7615341639271215e-05 4.0404333661597878e-05 1.7523068327853549e-06 -8.0808667323188817e-07 -70.310989165750257 9.9774297791913677e-08 4.6949715427754555e-08 -1.995485955352551e-09 -9.3899430897142474e-10 -129.15095488152042 5.2881498594468945e-07 -6.1878493561344158e-07 -1.05762997188244e-08 1.2375698712130054e-08 -111.78787840324537
d 0 -0.008674750194520995 -1 3.4603447475648223e-06 0.5 -0.0086779715843122059 -1 -3.4603447475648223e-06 0.5 0.0086779715843122059 1e+9 0.061961789026264084 -0.0073782397632720775 2.2678908435106536e-05 0.00014756479526544213 -38.007148776740422 -0.021735846599439692 0.0078210691596287771 0.000434716931988794 -0.00015642138319257539 -22.727710347248937 -1.7666782936798242e-05 -2.6365540684202237e-05 3.5333565873582603e-07 5.2731081368383655e-07 -79.968597252135339 -0.00021895019811245166 0.00010089727430784886 4.3790039622490333e-06 -2.0179454861571854e-06 -62.35678510056789 3.6577874337242305e-07 1.2718453696249883e-07 -7.3155748683505173e-09 -2.5436907392499766e-09 -118.23995621379724 1.7915908208364925e-06 -2.4458855667150187e-06 -3.5831816416591073e-08 4.8917711334439153e-08 -100.36582714258158
d 0 -0.008674750194520995 -1 3.4603447475648223e-06 0.5 -0.0086779715843122059 -1 -3.4603447475648223e-06 0.5 0.0086779715843122059 1e+9 0.098203117046003138 -0.011693139868979859 3.5937659079938464e-05 0.00023386279737959626 -34.008815764614575 -0.034433924680908293 0.01238995190485003 0.0006886784936181653 -0.00024779903809700151 -18.731525885770761 -4.4112942139534147e-05 -6.5906992045590196e-05 8.8225884278998908e-07 1.318139840912012e-06 -72.013712241660784 -0.00054364072547909853 0.00025062165300911393 1.0872814509582109e-05 -5.0124330601822092e-06 -54.45684772683785 1.0531402537406942e-06 1.7135753688578457e-07 -2.1062805074328162e-08 -3.427150738270803e-09 -109.43679248498781 4.9478669489164562e-06 -8.0988341060996222e-06 -9.8957338978190347e-08 1.6197668212199244e-07 -90.454077771702345
Q 2 13 "Source Voltage"
Q 3 13 "Gate Voltage"
Q 4 13 "Drain Voltage"
Q 5 13 "Input Voltage"
Q 6 13 "Output Voltage"
Q 20 13 "Source Current"
Q 21 13 "Gate Current"
Q 22 13 "Drain Current"
Q 23 13 "Input Current"
Q 24 13 "Output Current"
Q 40 13 Frequency
Q 3000 13 real(vi[1])
Q 3001 13 imag(vi[1])
Q 3002 13 real(ii[1])
Q 3003 13 imag(ii[1])
Q 3004 13 Pi[1]
Q 3005 13 real(vo[1])
Q 3006 13 imag(vo[1])
Q 3007 13 real(io[1])
Q 3008 13 imag(io[1])
Q 3009 13 Po[1]
Q 3010 13 real(vi[2])
Q 3011 13 imag(vi[2])
Q 3012 13 real(ii[2])
Q 3013 13 imag(ii[2])
Q 3014 13 Pi[2]
Q 3015 13 real(vo[2])
Q 3016 13 imag(vo[2])
Q 3017 13 real(io[2])
Q 3018 13 imag(io[2])
Q 3019 13 Po[2]
Q 3020 13 real(vi[3])
Q 3021 13 imag(vi[3])
Q 3022 13 real(ii[3])
Q 3023 13 imag(ii[3])
Q 3024 13 Pi[3]
Q 3025 13 real(vo[3])
Q 3026 13 imag(vo[3])
Q 3027 13 real(io[3])
Q 3028 13 imag(io[3])
Q 3029 13 Po[3]
EOF 557146346
