v ATLAS
# This file was created by ATLAS version 5.26.1.R on Thu Apr 19 08:47:40 2018.
#SSF 2.0 generic
##############################################################################
#                    Copyright (c) 1984 - 2018                               #
#                    Silvaco Inc. All rights reserved                        #
#                                                                            #
# This file format and the following Key are copyright Silvaco Inc.          #
# You may not use, this format or key without reproducing this message in    #
# full and obtaining express written permission from Silvaco Inc.            #
#                                                                            #
# To obtain such permission please contact: Silvaco Inc.                     #
#                                           support@silvaco.com              #
#                                                                            #
# KEY=SVC86hn7562asdx                       PROD=345                         #
##############################################################################
p 7 210 76 75 205 79 78 206
d   1.900000e+00  1.000000e+21  5.707045e+07  1.000000e+21  1.445473e+04  9.197956e-10  1.445473e+04
d   1.900000e+00  1.000000e+21  5.707045e+07  1.000000e+21  1.445473e+04  9.197956e-10  1.445473e+04
d   1.727273e+00  5.331302e+18  2.063835e+11  5.331302e+18  4.908153e+05  7.176832e-03  4.908153e+05
d   1.727273e+00  5.331302e+18  2.063835e+11  5.331302e+18  4.908153e+05  7.176832e-03  4.908153e+05
d   1.554545e+00  2.842278e+16  5.262605e+13  2.847541e+16  1.666580e+07  3.948539e+03  1.666975e+07
d   1.554545e+00  2.842278e+16  5.262605e+13  2.847541e+16  1.666580e+07  3.948539e+03  1.666975e+07
d   1.381818e+00  1.515304e+14  9.462127e+14  1.097743e+15  5.658932e+08  1.531801e+08  7.190733e+08
d   1.381818e+00  1.515304e+14  9.462127e+14  1.097743e+15  5.658932e+08  1.531801e+08  7.190733e+08
d   1.209091e+00  8.078545e+11  1.199607e+15  1.200415e+15  1.921510e+10  4.190158e+11  4.382309e+11
d   1.209091e+00  8.078545e+11  1.199607e+15  1.200415e+15  1.921510e+10  4.190158e+11  4.382309e+11
d   1.036364e+00  4.306916e+09  1.072387e+14  1.072430e+14  6.524554e+11  8.082034e+13  8.147279e+13
d   1.036364e+00  4.306916e+09  1.072387e+14  1.072430e+14  6.524554e+11  8.082034e+13  8.147279e+13
d   8.636364e-01  2.296147e+07  6.759679e+11  6.759908e+11  2.215435e+13  1.099191e+15  1.121345e+15
d   8.636364e-01  2.296147e+07  6.759679e+11  6.759908e+11  2.215435e+13  1.099191e+15  1.121345e+15
d   6.909091e-01  1.224145e+05  3.004435e+08  3.005660e+08  7.522587e+14  1.054115e+15  1.806373e+15
d   6.909091e-01  1.224145e+05  3.004435e+08  3.005660e+08  7.522587e+14  1.054115e+15  1.806373e+15
d   5.181818e-01  6.526289e+02  9.415901e+03  1.006853e+04  2.554321e+16  7.127950e+13  2.561449e+16
d   5.181818e-01  6.526289e+02  9.415901e+03  1.006853e+04  2.554321e+16  7.127950e+13  2.561449e+16
d   3.454545e-01  3.479362e+00  2.080765e-02  3.500170e+00  8.673285e+17  3.398629e+11  8.673288e+17
d   3.454545e-01  3.479362e+00  2.080765e-02  3.500170e+00  8.673285e+17  3.398629e+11  8.673288e+17
d   1.727273e-01  1.854953e-02  3.242250e-09  1.854953e-02  2.945044e+19  1.142628e+08  2.945044e+19
d   1.727273e-01  1.854953e-02  3.242250e-09  1.854953e-02  2.945044e+19  1.142628e+08  2.945044e+19
d   0.000000e+00  9.889315e-05  3.562314e-17  9.889315e-05  1.000000e+21  2.708747e+03  1.000000e+21
d   0.000000e+00  9.889315e-05  3.562314e-17  9.889315e-05  1.000000e+21  2.708747e+03  1.000000e+21
