v ATLAS
# This file was created by ATLAS version 5.26.1.R on Thu Apr 19 08:47:38 2018.
#SSF 2.0 generic
##############################################################################
#                    Copyright (c) 1984 - 2018                               #
#                    Silvaco Inc. All rights reserved                        #
#                                                                            #
# This file format and the following Key are copyright Silvaco Inc.          #
# You may not use, this format or key without reproducing this message in    #
# full and obtaining express written permission from Silvaco Inc.            #
#                                                                            #
# To obtain such permission please contact: Silvaco Inc.                     #
#                                           support@silvaco.com              #
#                                                                            #
# KEY=SVC86hn7562asdx                       PROD=345                         #
##############################################################################
y 1 15
z 300
f 2 "anode" "cathode" 
p 17 91 4000 4010 4020 85 86 87 308 354 355 356 2 601 20 3 602 21 
d 1.000370455e-01 6.230000000e-01 6.898236765e-10 6.060411576e-11 6.060411576e-11 6.898236765e-10 2.809290709e-01 9.000000000e+01 2.818902158e-01 2.403668218e-01 4.777429623e-01 0.000000000e+00 0.000000000e+00 -5.652744950e-11 0.000000000e+00 0.000000000e+00 5.652744966e-11 
d 1.000370455e-01 6.230000000e-01 6.898236765e-10 6.060411576e-11 6.060411576e-11 6.898236765e-10 2.809290709e-01 9.000000000e+01 2.818902158e-01 2.403668218e-01 4.777429623e-01 2.500000000e-02 2.500000000e-02 -5.648866546e-11 0.000000000e+00 0.000000000e+00 5.648866519e-11 
d 1.000370455e-01 6.230000000e-01 6.898236765e-10 6.060411576e-11 6.060411576e-11 6.898236765e-10 2.809290709e-01 9.000000000e+01 2.818902158e-01 2.403668218e-01 4.777429623e-01 5.000000000e-02 5.000000000e-02 -5.644952878e-11 0.000000000e+00 0.000000000e+00 5.644952874e-11 
d 1.000370455e-01 6.230000000e-01 6.898236765e-10 6.060411576e-11 6.060411576e-11 6.898236765e-10 2.809290709e-01 9.000000000e+01 2.818902158e-01 2.403668218e-01 4.777429623e-01 7.500000000e-02 7.500000000e-02 -5.641002917e-11 0.000000000e+00 0.000000000e+00 5.641002918e-11 
d 1.000370455e-01 6.230000000e-01 6.898236765e-10 6.060411576e-11 6.060411576e-11 6.898236765e-10 2.809290709e-01 9.000000000e+01 2.818902158e-01 2.403668218e-01 4.777429623e-01 1.000000000e-01 1.000000000e-01 -5.637015370e-11 0.000000000e+00 0.000000000e+00 5.637015388e-11 
d 1.000370455e-01 6.230000000e-01 6.898236765e-10 6.060411576e-11 6.060411576e-11 6.898236765e-10 2.809290709e-01 9.000000000e+01 2.818902158e-01 2.403668218e-01 4.777429623e-01 1.250000000e-01 1.250000000e-01 -5.632988936e-11 0.000000000e+00 0.000000000e+00 5.632988967e-11 
d 1.000370455e-01 6.230000000e-01 6.898236765e-10 6.060411576e-11 6.060411576e-11 6.898236765e-10 2.809290709e-01 9.000000000e+01 2.818902158e-01 2.403668218e-01 4.777429623e-01 1.500000000e-01 1.500000000e-01 -5.628922173e-11 0.000000000e+00 0.000000000e+00 5.628922179e-11 
d 1.000370455e-01 6.230000000e-01 6.898236765e-10 6.060411576e-11 6.060411576e-11 6.898236765e-10 2.809290709e-01 9.000000000e+01 2.818902158e-01 2.403668218e-01 4.777429623e-01 1.750000000e-01 1.750000000e-01 -5.624813575e-11 0.000000000e+00 0.000000000e+00 5.624813577e-11 
d 1.000370455e-01 6.230000000e-01 6.898236765e-10 6.060411576e-11 6.060411576e-11 6.898236765e-10 2.809290709e-01 9.000000000e+01 2.818902158e-01 2.403668218e-01 4.777429623e-01 2.000000000e-01 2.000000000e-01 -5.620661516e-11 0.000000000e+00 0.000000000e+00 5.620661537e-11 
d 1.000370455e-01 6.230000000e-01 6.898236765e-10 6.060411576e-11 6.060411576e-11 6.898236765e-10 2.809290709e-01 9.000000000e+01 2.818902158e-01 2.403668218e-01 4.777429623e-01 2.250000000e-01 2.250000000e-01 -5.616464236e-11 0.000000000e+00 0.000000000e+00 5.616464219e-11 
d 1.000370455e-01 6.230000000e-01 6.898236765e-10 6.060411576e-11 6.060411576e-11 6.898236765e-10 2.809290709e-01 9.000000000e+01 2.818902158e-01 2.403668218e-01 4.777429623e-01 2.500000000e-01 2.500000000e-01 -5.612219817e-11 0.000000000e+00 0.000000000e+00 5.612219843e-11 
d 1.000370455e-01 6.230000000e-01 6.898236765e-10 6.060411576e-11 6.060411576e-11 6.898236765e-10 2.809290709e-01 9.000000000e+01 2.818902158e-01 2.403668218e-01 4.777429623e-01 2.750000000e-01 2.750000000e-01 -5.607926251e-11 0.000000000e+00 0.000000000e+00 5.607926253e-11 
d 1.000370455e-01 6.230000000e-01 6.898236765e-10 6.060411576e-11 6.060411576e-11 6.898236765e-10 2.809290709e-01 9.000000000e+01 2.818902158e-01 2.403668218e-01 4.777429623e-01 3.000000000e-01 3.000000000e-01 -5.603581335e-11 0.000000000e+00 0.000000000e+00 5.603581332e-11 
d 1.000370455e-01 6.230000000e-01 6.898236765e-10 6.060411576e-11 6.060411576e-11 6.898236765e-10 2.809290709e-01 9.000000000e+01 2.818902158e-01 2.403668218e-01 4.777429623e-01 3.250000000e-01 3.250000000e-01 -5.599182702e-11 0.000000000e+00 0.000000000e+00 5.599182693e-11 
d 1.000370455e-01 6.230000000e-01 6.898236765e-10 6.060411576e-11 6.060411576e-11 6.898236765e-10 2.809290709e-01 9.000000000e+01 2.818902158e-01 2.403668218e-01 4.777429623e-01 3.500000000e-01 3.500000000e-01 -5.594727734e-11 0.000000000e+00 0.000000000e+00 5.594727723e-11 
d 1.000370455e-01 6.230000000e-01 6.898236765e-10 6.060411576e-11 6.060411576e-11 6.898236765e-10 2.809290709e-01 9.000000000e+01 2.818902158e-01 2.403668218e-01 4.777429623e-01 3.750000000e-01 3.750000000e-01 -5.590213673e-11 0.000000000e+00 0.000000000e+00 5.590213633e-11 
d 1.000370455e-01 6.230000000e-01 6.898236765e-10 6.060411576e-11 6.060411576e-11 6.898236765e-10 2.809290709e-01 9.000000000e+01 2.818902158e-01 2.403668218e-01 4.777429623e-01 4.000000000e-01 4.000000000e-01 -5.585637414e-11 0.000000000e+00 0.000000000e+00 5.585637446e-11 
d 1.000370455e-01 6.230000000e-01 6.898236765e-10 6.060411576e-11 6.060411576e-11 6.898236765e-10 2.809290709e-01 9.000000000e+01 2.818902158e-01 2.403668218e-01 4.777429623e-01 4.250000000e-01 4.250000000e-01 -5.580995714e-11 0.000000000e+00 0.000000000e+00 5.580995708e-11 
d 1.000370455e-01 6.230000000e-01 6.898236765e-10 6.060411576e-11 6.060411576e-11 6.898236765e-10 2.809290709e-01 9.000000000e+01 2.818902158e-01 2.403668218e-01 4.777429623e-01 4.500000000e-01 4.500000000e-01 -5.576284881e-11 0.000000000e+00 0.000000000e+00 5.576284898e-11 
d 1.000370455e-01 6.230000000e-01 6.898236765e-10 6.060411576e-11 6.060411576e-11 6.898236765e-10 2.809290709e-01 9.000000000e+01 2.818902158e-01 2.403668218e-01 4.777429623e-01 4.750000000e-01 4.750000000e-01 -5.571500967e-11 0.000000000e+00 0.000000000e+00 5.571500949e-11 
d 1.000370455e-01 6.230000000e-01 6.898236765e-10 6.060411576e-11 6.060411576e-11 6.898236765e-10 2.809290709e-01 9.000000000e+01 2.818902158e-01 2.403668218e-01 4.777429623e-01 5.000000000e-01 5.000000000e-01 -5.566639612e-11 0.000000000e+00 0.000000000e+00 5.566639587e-11 
d 1.000370455e-01 6.230000000e-01 6.898236765e-10 6.060411576e-11 6.060411576e-11 6.898236765e-10 2.809290709e-01 9.000000000e+01 2.818902158e-01 2.403668218e-01 4.777429623e-01 5.250000000e-01 5.250000000e-01 -5.561695969e-11 0.000000000e+00 0.000000000e+00 5.561695965e-11 
d 1.000370455e-01 6.230000000e-01 6.898236765e-10 6.060411576e-11 6.060411576e-11 6.898236765e-10 2.809290709e-01 9.000000000e+01 2.818902158e-01 2.403668218e-01 4.777429623e-01 5.500000000e-01 5.500000000e-01 -5.556664753e-11 0.000000000e+00 0.000000000e+00 5.556664758e-11 
d 1.000370455e-01 6.230000000e-01 6.898236765e-10 6.060411576e-11 6.060411576e-11 6.898236765e-10 2.809290709e-01 9.000000000e+01 2.818902158e-01 2.403668218e-01 4.777429623e-01 5.750000000e-01 5.750000000e-01 -5.551540044e-11 0.000000000e+00 0.000000000e+00 5.551540036e-11 
d 1.000370455e-01 6.230000000e-01 6.898236765e-10 6.060411576e-11 6.060411576e-11 6.898236765e-10 2.809290709e-01 9.000000000e+01 2.818902158e-01 2.403668218e-01 4.777429623e-01 6.000000000e-01 6.000000000e-01 -5.546315254e-11 0.000000000e+00 0.000000000e+00 5.546315259e-11 
d 1.000370455e-01 6.230000000e-01 6.898236765e-10 6.060411576e-11 6.060411576e-11 6.898236765e-10 2.809290709e-01 9.000000000e+01 2.818902158e-01 2.403668218e-01 4.777429623e-01 6.250000000e-01 6.250000000e-01 -5.540983044e-11 0.000000000e+00 0.000000000e+00 5.540983018e-11 
d 1.000370455e-01 6.230000000e-01 6.898236765e-10 6.060411576e-11 6.060411576e-11 6.898236765e-10 2.809290709e-01 9.000000000e+01 2.818902158e-01 2.403668218e-01 4.777429623e-01 6.500000000e-01 6.500000000e-01 -5.535535042e-11 0.000000000e+00 0.000000000e+00 5.535535029e-11 
d 1.000370455e-01 6.230000000e-01 6.898236765e-10 6.060411576e-11 6.060411576e-11 6.898236765e-10 2.809290709e-01 9.000000000e+01 2.818902158e-01 2.403668218e-01 4.777429623e-01 6.750000000e-01 6.750000000e-01 -5.529961724e-11 0.000000000e+00 0.000000000e+00 5.529961711e-11 
d 1.000370455e-01 6.230000000e-01 6.898236765e-10 6.060411576e-11 6.060411576e-11 6.898236765e-10 2.809290709e-01 9.000000000e+01 2.818902158e-01 2.403668218e-01 4.777429623e-01 7.000000000e-01 7.000000000e-01 -5.524251948e-11 0.000000000e+00 0.000000000e+00 5.524251919e-11 
d 1.000370455e-01 6.230000000e-01 6.898236765e-10 6.060411576e-11 6.060411576e-11 6.898236765e-10 2.809290709e-01 9.000000000e+01 2.818902158e-01 2.403668218e-01 4.777429623e-01 7.250000000e-01 7.250000000e-01 -5.518392299e-11 0.000000000e+00 0.000000000e+00 5.518392292e-11 
d 1.000370455e-01 6.230000000e-01 6.898236765e-10 6.060411576e-11 6.060411576e-11 6.898236765e-10 2.809290709e-01 9.000000000e+01 2.818902158e-01 2.403668218e-01 4.777429623e-01 7.500000000e-01 7.500000000e-01 -5.512365868e-11 0.000000000e+00 0.000000000e+00 5.512365841e-11 
d 1.000370455e-01 6.230000000e-01 6.898236765e-10 6.060411576e-11 6.060411576e-11 6.898236765e-10 2.809290709e-01 9.000000000e+01 2.818902158e-01 2.403668218e-01 4.777429623e-01 7.750000000e-01 7.750000000e-01 -5.506149902e-11 0.000000000e+00 0.000000000e+00 5.506149897e-11 
d 1.000370455e-01 6.230000000e-01 6.898236765e-10 6.060411576e-11 6.060411576e-11 6.898236765e-10 2.809290709e-01 9.000000000e+01 2.818902158e-01 2.403668218e-01 4.777429623e-01 8.000000000e-01 8.000000000e-01 -5.499711753e-11 0.000000000e+00 0.000000000e+00 5.499711713e-11 
d 1.000370455e-01 6.230000000e-01 6.898236765e-10 6.060411576e-11 6.060411576e-11 6.898236765e-10 2.809290709e-01 9.000000000e+01 2.818902158e-01 2.403668218e-01 4.777429623e-01 8.250000000e-01 8.250000000e-01 -5.493001702e-11 0.000000000e+00 0.000000000e+00 5.493001688e-11 
d 1.000370455e-01 6.230000000e-01 6.898236765e-10 6.060411576e-11 6.060411576e-11 6.898236765e-10 2.809290709e-01 9.000000000e+01 2.818902158e-01 2.403668218e-01 4.777429623e-01 8.500000000e-01 8.500000000e-01 -5.485941018e-11 0.000000000e+00 0.000000000e+00 5.485941036e-11 
d 1.000370455e-01 6.230000000e-01 6.898236765e-10 6.060411576e-11 6.060411576e-11 6.898236765e-10 2.809290709e-01 9.000000000e+01 2.818902158e-01 2.403668218e-01 4.777429623e-01 8.750000000e-01 8.750000000e-01 -5.478401081e-11 0.000000000e+00 0.000000000e+00 5.478401052e-11 
d 1.000370455e-01 6.230000000e-01 6.898236765e-10 6.060411576e-11 6.060411576e-11 6.898236765e-10 2.809290709e-01 9.000000000e+01 2.818902158e-01 2.403668218e-01 4.777429623e-01 9.000000000e-01 9.000000000e-01 -5.470165574e-11 0.000000000e+00 0.000000000e+00 5.470165576e-11 
d 1.000370455e-01 6.230000000e-01 6.898236765e-10 6.060411576e-11 6.060411576e-11 6.898236765e-10 2.809290709e-01 9.000000000e+01 2.818902158e-01 2.403668218e-01 4.777429623e-01 9.250000000e-01 9.250000000e-01 -5.460859440e-11 0.000000000e+00 0.000000000e+00 5.460859421e-11 
d 1.000370455e-01 6.230000000e-01 6.898236765e-10 6.060411576e-11 6.060411576e-11 6.898236765e-10 2.809290709e-01 9.000000000e+01 2.818902158e-01 2.403668218e-01 4.777429623e-01 9.500000000e-01 9.500000000e-01 -5.449807174e-11 0.000000000e+00 0.000000000e+00 5.449807138e-11 
d 1.000370455e-01 6.230000000e-01 6.898236765e-10 6.060411576e-11 6.060411576e-11 6.898236765e-10 2.809290709e-01 9.000000000e+01 2.818902158e-01 2.403668218e-01 4.777429623e-01 9.750000000e-01 9.750000000e-01 -5.435741006e-11 0.000000000e+00 0.000000000e+00 5.435740957e-11 
d 1.000370455e-01 6.230000000e-01 6.898236765e-10 6.060411576e-11 6.060411576e-11 6.898236765e-10 2.809290709e-01 9.000000000e+01 2.818902158e-01 2.403668218e-01 4.777429623e-01 1.000000000e+00 1.000000000e+00 -5.416171868e-11 0.000000000e+00 0.000000000e+00 5.416171809e-11 
d 1.000370455e-01 6.230000000e-01 6.898236765e-10 6.060411576e-11 6.060411576e-11 6.898236765e-10 2.809290709e-01 9.000000000e+01 2.818902158e-01 2.403668218e-01 4.777429623e-01 1.025000000e+00 1.025000000e+00 -5.385979444e-11 0.000000000e+00 0.000000000e+00 5.385979355e-11 
d 1.000370455e-01 6.230000000e-01 6.898236765e-10 6.060411576e-11 6.060411576e-11 6.898236765e-10 2.809290709e-01 9.000000000e+01 2.818902158e-01 2.403668218e-01 4.777429623e-01 1.050000000e+00 1.050000000e+00 -5.334136493e-11 0.000000000e+00 0.000000000e+00 5.334136411e-11 
d 1.000370455e-01 6.230000000e-01 6.898236765e-10 6.060411576e-11 6.060411576e-11 6.898236765e-10 2.809290709e-01 9.000000000e+01 2.818902158e-01 2.403668218e-01 4.777429623e-01 1.075000000e+00 1.075000000e+00 -5.235869774e-11 0.000000000e+00 0.000000000e+00 5.235869672e-11 
d 1.000370455e-01 6.230000000e-01 6.898236765e-10 6.060411576e-11 6.060411576e-11 6.898236765e-10 2.809290709e-01 9.000000000e+01 2.818902158e-01 2.403668218e-01 4.777429623e-01 1.100000000e+00 1.100000000e+00 -5.033461387e-11 0.000000000e+00 0.000000000e+00 5.033461262e-11 
d 1.000370455e-01 6.230000000e-01 6.898236765e-10 6.060411576e-11 6.060411576e-11 6.898236765e-10 2.809290709e-01 9.000000000e+01 2.818902158e-01 2.403668218e-01 4.777429623e-01 1.125000000e+00 1.125000000e+00 -4.588410423e-11 0.000000000e+00 0.000000000e+00 4.588410290e-11 
d 1.000370455e-01 6.230000000e-01 6.898236765e-10 6.060411576e-11 6.060411576e-11 6.898236765e-10 2.809290709e-01 9.000000000e+01 2.818902158e-01 2.403668218e-01 4.777429623e-01 1.150000000e+00 1.150000000e+00 -3.560750947e-11 0.000000000e+00 0.000000000e+00 3.560750794e-11 
d 1.000370455e-01 6.230000000e-01 6.898236765e-10 6.060411576e-11 6.060411576e-11 6.898236765e-10 2.809290709e-01 9.000000000e+01 2.818902158e-01 2.403668218e-01 4.777429623e-01 1.175000000e+00 1.175000000e+00 -1.102038984e-11 0.000000000e+00 0.000000000e+00 1.102038812e-11 
d 1.000370455e-01 6.230000000e-01 6.898236765e-10 6.060411576e-11 6.060411576e-11 6.898236765e-10 2.809290709e-01 9.000000000e+01 2.818902158e-01 2.403668218e-01 4.777429623e-01 1.200000000e+00 1.200000000e+00 4.929761421e-11 0.000000000e+00 0.000000000e+00 -4.929761663e-11 
