v ATLAS
# This file was created by ATLAS version 5.26.1.R on Tue Apr 17 18:29:33 2018.
#SSF 2.0 generic
##############################################################################
#                    Copyright (c) 1984 - 2018                               #
#                    Silvaco Inc. All rights reserved                        #
#                                                                            #
# This file format and the following Key are copyright Silvaco Inc.          #
# You may not use, this format or key without reproducing this message in    #
# full and obtaining express written permission from Silvaco Inc.            #
#                                                                            #
# To obtain such permission please contact: Silvaco Inc.                     #
#                                           support@silvaco.com              #
#                                                                            #
# KEY=SVC86hn7562asdx                       PROD=345                         #
##############################################################################
y 1 15
z 300
f 5 "emitter" "base" "base2" "collector" "collector2" 
p 15 2 601 20 3 602 21 4 603 22 5 604 23 6 605 24 
d 0.000000000e+00 0.000000000e+00 -2.088542623e-19 0.000000000e+00 0.000000000e+00 -1.253159731e-18 0.000000000e+00 0.000000000e+00 3.263359678e-20 0.000000000e+00 0.000000000e+00 -1.305280150e-20 0.000000000e+00 0.000000000e+00 -1.305164227e-20 
d 0.000000000e+00 0.000000000e+00 -1.515989743e-05 0.000000000e+00 0.000000000e+00 -4.619164261e-15 0.000000000e+00 0.000000000e+00 -5.007645888e-15 1.000000000e-01 1.000000000e-01 7.787428991e-06 1.000000000e-01 1.000000000e-01 7.372468448e-06 
d 0.000000000e+00 0.000000000e+00 -3.054725232e-05 0.000000000e+00 0.000000000e+00 -7.587354352e-15 0.000000000e+00 0.000000000e+00 -8.255665788e-15 2.000000000e-01 2.000000000e-01 1.569257728e-05 2.000000000e-01 2.000000000e-01 1.485467505e-05 
d 0.000000000e+00 0.000000000e+00 -4.610711598e-05 0.000000000e+00 0.000000000e+00 -1.012538097e-14 0.000000000e+00 0.000000000e+00 -1.101884534e-14 3.000000000e-01 3.000000000e-01 2.368743916e-05 3.000000000e-01 3.000000000e-01 2.241967684e-05 
d 0.000000000e+00 0.000000000e+00 -6.178605793e-05 0.000000000e+00 0.000000000e+00 -1.234455527e-14 0.000000000e+00 0.000000000e+00 -1.339522490e-14 4.000000000e-01 4.000000000e-01 3.174548407e-05 4.000000000e-01 4.000000000e-01 3.004057388e-05 
d 0.000000000e+00 0.000000000e+00 -7.753836142e-05 0.000000000e+00 0.000000000e+00 -1.432496760e-14 0.000000000e+00 0.000000000e+00 -1.570144445e-14 5.000000000e-01 5.000000000e-01 3.984317863e-05 5.000000000e-01 5.000000000e-01 3.769518282e-05 
