v ATLAS
# This file was created by ATLAS version 5.26.1.R on Wed Apr 18 02:23:01 2018.
#SSF 2.0 generic
##############################################################################
#                    Copyright (c) 1984 - 2018                               #
#                    Silvaco Inc. All rights reserved                        #
#                                                                            #
# This file format and the following Key are copyright Silvaco Inc.          #
# You may not use, this format or key without reproducing this message in    #
# full and obtaining express written permission from Silvaco Inc.            #
#                                                                            #
# To obtain such permission please contact: Silvaco Inc.                     #
#                                           support@silvaco.com              #
#                                                                            #
# KEY=SVC86hn7562asdx                       PROD=345                         #
##############################################################################
y 1 15
z 4.2
f 2 "anode" "cathode" 
p 6 2 601 20 3 602 21 
d 3.000000000e-03 3.000000000e-03 3.679555542e-01 0.000000000e+00 0.000000000e+00 -3.679098045e-01 
d 6.000000000e-03 6.000000000e-03 6.159252319e-01 0.000000000e+00 0.000000000e+00 -6.160210246e-01 
d 9.000000000e-03 9.000000000e-03 7.651250750e-01 0.000000000e+00 0.000000000e+00 -7.652378263e-01 
d 1.200000000e-02 1.200000000e-02 8.333231238e-01 0.000000000e+00 0.000000000e+00 -8.332713849e-01 
d 1.500000000e-02 1.500000000e-02 8.351524978e-01 0.000000000e+00 0.000000000e+00 -8.351833570e-01 
d 1.800000000e-02 1.800000000e-02 7.894255611e-01 0.000000000e+00 0.000000000e+00 -7.894526948e-01 
d 2.100000000e-02 2.100000000e-02 7.222727110e-01 0.000000000e+00 0.000000000e+00 -7.223406295e-01 
d 2.400000000e-02 2.400000000e-02 6.566873059e-01 0.000000000e+00 0.000000000e+00 -6.567412855e-01 
d 2.700000000e-02 2.700000000e-02 5.939761205e-01 0.000000000e+00 0.000000000e+00 -5.940598313e-01 
d 3.000000000e-02 3.000000000e-02 5.312653956e-01 0.000000000e+00 0.000000000e+00 -5.313131481e-01 
d 3.300000000e-02 3.300000000e-02 4.648963984e-01 0.000000000e+00 0.000000000e+00 -4.648153236e-01 
d 3.600000000e-02 3.600000000e-02 3.872912544e-01 0.000000000e+00 0.000000000e+00 -3.872794486e-01 
d 3.900000000e-02 3.900000000e-02 2.443626034e-01 0.000000000e+00 0.000000000e+00 -2.443552714e-01 
d 4.200000000e-02 4.200000000e-02 1.354021276e-01 0.000000000e+00 0.000000000e+00 -1.353442306e-01 
d 4.500000000e-02 4.500000000e-02 6.537491962e-02 0.000000000e+00 0.000000000e+00 -6.545630528e-02 
d 4.800000000e-02 4.800000000e-02 2.539665252e-02 0.000000000e+00 0.000000000e+00 -2.538488513e-02 
d 5.100000000e-02 5.100000000e-02 6.321991095e-03 0.000000000e+00 0.000000000e+00 -6.272535074e-03 
d 5.400000000e-02 5.400000000e-02 3.123748143e-04 0.000000000e+00 0.000000000e+00 -3.291952327e-04 
d 5.700000000e-02 5.700000000e-02 5.095236235e-05 0.000000000e+00 0.000000000e+00 1.012908408e-06 
d 6.000000000e-02 6.000000000e-02 5.095236235e-05 0.000000000e+00 0.000000000e+00 1.012908408e-06 
d 6.300000000e-02 6.300000000e-02 5.093701526e-05 0.000000000e+00 0.000000000e+00 1.012908408e-06 
d 6.600000000e-02 6.600000000e-02 5.095236235e-05 0.000000000e+00 0.000000000e+00 1.012908408e-06 
d 6.900000000e-02 6.900000000e-02 5.095236235e-05 0.000000000e+00 0.000000000e+00 1.012908408e-06 
d 7.200000000e-02 7.200000000e-02 5.095236235e-05 0.000000000e+00 0.000000000e+00 1.012908408e-06 
d 7.500000000e-02 7.500000000e-02 5.095236235e-05 0.000000000e+00 0.000000000e+00 1.012908408e-06 
d 7.800000000e-02 7.800000000e-02 5.093701526e-05 0.000000000e+00 0.000000000e+00 1.012908408e-06 
d 8.100000000e-02 8.100000000e-02 5.095236235e-05 0.000000000e+00 0.000000000e+00 1.012908408e-06 
d 8.400000000e-02 8.400000000e-02 5.095236235e-05 0.000000000e+00 0.000000000e+00 1.012908408e-06 
d 8.700000000e-02 8.700000000e-02 5.095236235e-05 0.000000000e+00 0.000000000e+00 1.012908408e-06 
d 9.000000000e-02 9.000000000e-02 5.095236235e-05 0.000000000e+00 0.000000000e+00 1.012908408e-06 
d 9.300000000e-02 9.300000000e-02 5.095236235e-05 0.000000000e+00 0.000000000e+00 1.012908408e-06 
d 9.600000000e-02 9.600000000e-02 5.095236235e-05 0.000000000e+00 0.000000000e+00 1.012908408e-06 
d 9.900000000e-02 9.900000000e-02 5.090632106e-05 0.000000000e+00 0.000000000e+00 1.012908408e-06 
d 1.020000000e-01 1.020000000e-01 5.095236235e-05 0.000000000e+00 0.000000000e+00 1.012908408e-06 
d 1.050000000e-01 1.050000000e-01 5.093701526e-05 0.000000000e+00 0.000000000e+00 1.012908408e-06 
d 1.080000000e-01 1.080000000e-01 5.093701526e-05 0.000000000e+00 0.000000000e+00 1.012908408e-06 
d 1.110000000e-01 1.110000000e-01 5.092166816e-05 0.000000000e+00 0.000000000e+00 1.012908408e-06 
d 1.140000000e-01 1.140000000e-01 5.093701526e-05 0.000000000e+00 0.000000000e+00 1.012908408e-06 
d 1.170000000e-01 1.170000000e-01 5.093701526e-05 0.000000000e+00 0.000000000e+00 1.012908408e-06 
d 1.200000000e-01 1.200000000e-01 5.093701526e-05 0.000000000e+00 0.000000000e+00 1.012908408e-06 
d 1.230000000e-01 1.230000000e-01 5.090632106e-05 0.000000000e+00 0.000000000e+00 1.012908408e-06 
d 1.260000000e-01 1.260000000e-01 5.092166816e-05 0.000000000e+00 0.000000000e+00 1.012908408e-06 
d 1.290000000e-01 1.290000000e-01 5.092166816e-05 0.000000000e+00 0.000000000e+00 1.012908408e-06 
d 1.320000000e-01 1.320000000e-01 5.092166816e-05 0.000000000e+00 0.000000000e+00 1.012908408e-06 
d 1.350000000e-01 1.350000000e-01 5.092166816e-05 0.000000000e+00 0.000000000e+00 1.012908408e-06 
d 1.380000000e-01 1.380000000e-01 5.092166816e-05 0.000000000e+00 0.000000000e+00 1.012908408e-06 
d 1.410000000e-01 1.410000000e-01 5.092166816e-05 0.000000000e+00 0.000000000e+00 1.012908408e-06 
d 1.440000000e-01 1.440000000e-01 5.092166816e-05 0.000000000e+00 0.000000000e+00 1.012908408e-06 
d 1.470000000e-01 1.470000000e-01 5.092166816e-05 0.000000000e+00 0.000000000e+00 1.012908408e-06 
d 1.500000000e-01 1.500000000e-01 5.093701526e-05 0.000000000e+00 0.000000000e+00 1.012908408e-06 
