v ATLAS
# This file was created by ATLAS version 5.26.1.R on Wed Apr 18 02:24:16 2018.
#SSF 2.0 generic
##############################################################################
#                    Copyright (c) 1984 - 2018                               #
#                    Silvaco Inc. All rights reserved                        #
#                                                                            #
# This file format and the following Key are copyright Silvaco Inc.          #
# You may not use, this format or key without reproducing this message in    #
# full and obtaining express written permission from Silvaco Inc.            #
#                                                                            #
# To obtain such permission please contact: Silvaco Inc.                     #
#                                           support@silvaco.com              #
#                                                                            #
# KEY=SVC86hn7562asdx                       PROD=345                         #
##############################################################################
y 1 15
z 4.2
f 2 "anode" "cathode" 
p 6 2 601 20 3 602 21 
d 3.000000000e-03 3.000000000e-03 1.145297585e+03 0.000000000e+00 0.000000000e+00 -1.145298320e+03 
d 6.000000000e-03 6.000000000e-03 2.153094529e+03 0.000000000e+00 0.000000000e+00 -2.153094660e+03 
d 9.000000000e-03 9.000000000e-03 3.029991274e+03 0.000000000e+00 0.000000000e+00 -3.029991669e+03 
d 1.200000000e-02 1.200000000e-02 3.784119552e+03 0.000000000e+00 0.000000000e+00 -3.784120005e+03 
d 1.500000000e-02 1.500000000e-02 4.423380740e+03 0.000000000e+00 0.000000000e+00 -4.423381121e+03 
d 1.800000000e-02 1.800000000e-02 4.955301617e+03 0.000000000e+00 0.000000000e+00 -4.955302423e+03 
d 2.100000000e-02 2.100000000e-02 5.386805480e+03 0.000000000e+00 0.000000000e+00 -5.386806329e+03 
d 2.400000000e-02 2.400000000e-02 5.724991209e+03 0.000000000e+00 0.000000000e+00 -5.724991998e+03 
d 2.700000000e-02 2.700000000e-02 5.976773738e+03 0.000000000e+00 0.000000000e+00 -5.976773671e+03 
d 3.000000000e-02 3.000000000e-02 6.149220596e+03 0.000000000e+00 0.000000000e+00 -6.149221327e+03 
d 3.300000000e-02 3.300000000e-02 6.249170416e+03 0.000000000e+00 0.000000000e+00 -6.249170442e+03 
d 3.600000000e-02 3.600000000e-02 6.281950494e+03 0.000000000e+00 0.000000000e+00 -6.281950956e+03 
d 3.900000000e-02 3.900000000e-02 6.252256841e+03 0.000000000e+00 0.000000000e+00 -6.252257631e+03 
d 4.200000000e-02 4.200000000e-02 6.165920533e+03 0.000000000e+00 0.000000000e+00 -6.165920725e+03 
d 4.500000000e-02 4.500000000e-02 6.031075184e+03 0.000000000e+00 0.000000000e+00 -6.031074399e+03 
d 4.800000000e-02 4.800000000e-02 5.858277146e+03 0.000000000e+00 0.000000000e+00 -5.858276303e+03 
d 5.100000000e-02 5.100000000e-02 5.667970197e+03 0.000000000e+00 0.000000000e+00 -5.667969506e+03 
d 5.400000000e-02 5.400000000e-02 5.472445696e+03 0.000000000e+00 0.000000000e+00 -5.472446032e+03 
d 5.700000000e-02 5.700000000e-02 5.273214975e+03 0.000000000e+00 0.000000000e+00 -5.273214779e+03 
d 6.000000000e-02 6.000000000e-02 5.070827069e+03 0.000000000e+00 0.000000000e+00 -5.070827177e+03 
d 6.300000000e-02 6.300000000e-02 4.866365938e+03 0.000000000e+00 0.000000000e+00 -4.866365904e+03 
d 6.600000000e-02 6.600000000e-02 4.661248747e+03 0.000000000e+00 0.000000000e+00 -4.661248375e+03 
d 6.900000000e-02 6.900000000e-02 4.456038218e+03 0.000000000e+00 0.000000000e+00 -4.456038097e+03 
d 7.200000000e-02 7.200000000e-02 4.251343593e+03 0.000000000e+00 0.000000000e+00 -4.251343625e+03 
d 7.500000000e-02 7.500000000e-02 4.046403559e+03 0.000000000e+00 0.000000000e+00 -4.046403541e+03 
d 7.800000000e-02 7.800000000e-02 3.840110013e+03 0.000000000e+00 0.000000000e+00 -3.840109730e+03 
d 8.100000000e-02 8.100000000e-02 3.631501909e+03 0.000000000e+00 0.000000000e+00 -3.631501751e+03 
d 8.400000000e-02 8.400000000e-02 3.419267020e+03 0.000000000e+00 0.000000000e+00 -3.419266930e+03 
d 8.700000000e-02 8.700000000e-02 3.202790777e+03 0.000000000e+00 0.000000000e+00 -3.202790916e+03 
d 9.000000000e-02 9.000000000e-02 2.980108236e+03 0.000000000e+00 0.000000000e+00 -2.980107978e+03 
d 9.300000000e-02 9.300000000e-02 2.664631201e+03 0.000000000e+00 0.000000000e+00 -2.664631519e+03 
d 9.600000000e-02 9.600000000e-02 2.189087502e+03 0.000000000e+00 0.000000000e+00 -2.189087499e+03 
d 9.900000000e-02 9.900000000e-02 1.772820319e+03 0.000000000e+00 0.000000000e+00 -1.772820287e+03 
d 1.020000000e-01 1.020000000e-01 1.414259790e+03 0.000000000e+00 0.000000000e+00 -1.414259887e+03 
d 1.050000000e-01 1.050000000e-01 1.108795086e+03 0.000000000e+00 0.000000000e+00 -1.108795097e+03 
d 1.080000000e-01 1.080000000e-01 8.519585734e+02 0.000000000e+00 0.000000000e+00 -8.519581787e+02 
d 1.110000000e-01 1.110000000e-01 6.393421923e+02 0.000000000e+00 0.000000000e+00 -6.393425258e+02 
d 1.140000000e-01 1.140000000e-01 4.664594928e+02 0.000000000e+00 0.000000000e+00 -4.664594945e+02 
d 1.170000000e-01 1.170000000e-01 3.289217523e+02 0.000000000e+00 0.000000000e+00 -3.289220135e+02 
d 1.200000000e-01 1.200000000e-01 2.223433817e+02 0.000000000e+00 0.000000000e+00 -2.223431235e+02 
d 1.230000000e-01 1.230000000e-01 1.422781715e+02 0.000000000e+00 0.000000000e+00 -1.422783773e+02 
d 1.260000000e-01 1.260000000e-01 8.436248259e+01 0.000000000e+00 0.000000000e+00 -8.436266453e+01 
d 1.290000000e-01 1.290000000e-01 4.455981943e+01 0.000000000e+00 0.000000000e+00 -4.455976249e+01 
d 1.320000000e-01 1.320000000e-01 1.940957683e+01 0.000000000e+00 0.000000000e+00 -1.941007913e+01 
d 1.350000000e-01 1.350000000e-01 5.903720205e+00 0.000000000e+00 0.000000000e+00 -5.903209730e+00 
d 1.380000000e-01 1.380000000e-01 6.903461909e-01 0.000000000e+00 0.000000000e+00 -6.903833309e-01 
d 1.410000000e-01 1.410000000e-01 -5.205735334e-04 0.000000000e+00 0.000000000e+00 -4.327881381e-06 
d 1.440000000e-01 1.440000000e-01 -5.205735334e-04 0.000000000e+00 0.000000000e+00 -4.327881381e-06 
d 1.470000000e-01 1.470000000e-01 -5.205735334e-04 0.000000000e+00 0.000000000e+00 -4.327881381e-06 
d 1.500000000e-01 1.500000000e-01 -5.205735334e-04 0.000000000e+00 0.000000000e+00 -4.327881381e-06 
