v ATLAS
# This file was created by ATLAS version 5.26.1.R on Tue Apr 17 21:13:33 2018.
#SSF 2.0 generic
##############################################################################
#                    Copyright (c) 1984 - 2018                               #
#                    Silvaco Inc. All rights reserved                        #
#                                                                            #
# This file format and the following Key are copyright Silvaco Inc.          #
# You may not use, this format or key without reproducing this message in    #
# full and obtaining express written permission from Silvaco Inc.            #
#                                                                            #
# To obtain such permission please contact: Silvaco Inc.                     #
#                                           support@silvaco.com              #
#                                                                            #
# KEY=SVC86hn7562asdx                       PROD=345                         #
##############################################################################
y 3 700 711 15
z 1 0.016 300
f 4 "source" "drain" "gate" "substrate" 
p 12 2 601 20 3 602 21 4 603 22 5 604 23 
d 0.000000000e+00 0.000000000e+00 1.326800642e-14 -5.000000000e-01 -5.000000000e-01 -1.437874175e-14 4.750000000e-01 4.750000000e-01 0.000000000e+00 0.000000000e+00 0.000000000e+00 1.146283476e-15 
d 0.000000000e+00 0.000000000e+00 2.505869876e-14 -5.000000000e-01 -5.000000000e-01 -2.624173231e-14 4.500000000e-01 4.500000000e-01 0.000000000e+00 0.000000000e+00 0.000000000e+00 1.156367765e-15 
d 0.000000000e+00 0.000000000e+00 4.767086488e-14 -5.000000000e-01 -5.000000000e-01 -4.887332378e-14 4.250000000e-01 4.250000000e-01 0.000000000e+00 0.000000000e+00 0.000000000e+00 1.165740605e-15 
d 0.000000000e+00 0.000000000e+00 9.130403808e-14 -5.000000000e-01 -5.000000000e-01 -9.246536565e-14 4.000000000e-01 4.000000000e-01 0.000000000e+00 0.000000000e+00 0.000000000e+00 1.173165122e-15 
d 0.000000000e+00 0.000000000e+00 1.758296877e-13 -5.000000000e-01 -5.000000000e-01 -1.769671752e-13 3.750000000e-01 3.750000000e-01 0.000000000e+00 0.000000000e+00 0.000000000e+00 1.177606780e-15 
d 0.000000000e+00 0.000000000e+00 3.403905543e-13 -5.000000000e-01 -5.000000000e-01 -3.415358769e-13 3.500000000e-01 3.500000000e-01 0.000000000e+00 0.000000000e+00 0.000000000e+00 1.178877925e-15 
d 0.000000000e+00 0.000000000e+00 6.623298767e-13 -5.000000000e-01 -5.000000000e-01 -6.635136962e-13 3.250000000e-01 3.250000000e-01 0.000000000e+00 0.000000000e+00 0.000000000e+00 1.177148260e-15 
d 0.000000000e+00 0.000000000e+00 1.295057957e-12 -5.000000000e-01 -5.000000000e-01 -1.296265415e-12 3.000000000e-01 3.000000000e-01 0.000000000e+00 0.000000000e+00 0.000000000e+00 1.173077018e-15 
d 0.000000000e+00 0.000000000e+00 2.543638975e-12 -5.000000000e-01 -5.000000000e-01 -2.544787766e-12 2.750000000e-01 2.750000000e-01 0.000000000e+00 0.000000000e+00 0.000000000e+00 1.167352802e-15 
d 0.000000000e+00 0.000000000e+00 5.016588246e-12 -5.000000000e-01 -5.000000000e-01 -5.017758614e-12 2.500000000e-01 2.500000000e-01 0.000000000e+00 0.000000000e+00 0.000000000e+00 1.160765384e-15 
d 0.000000000e+00 0.000000000e+00 9.931443902e-12 -5.000000000e-01 -5.000000000e-01 -9.932596682e-12 2.250000000e-01 2.250000000e-01 0.000000000e+00 0.000000000e+00 0.000000000e+00 1.154187757e-15 
d 0.000000000e+00 0.000000000e+00 1.972921742e-11 -5.000000000e-01 -5.000000000e-01 -1.973038537e-11 2.000000000e-01 2.000000000e-01 0.000000000e+00 0.000000000e+00 0.000000000e+00 1.147866317e-15 
d 0.000000000e+00 0.000000000e+00 3.931408973e-11 -5.000000000e-01 -5.000000000e-01 -3.931527267e-11 1.750000000e-01 1.750000000e-01 0.000000000e+00 0.000000000e+00 0.000000000e+00 1.142355047e-15 
d 0.000000000e+00 0.000000000e+00 7.855310497e-11 -5.000000000e-01 -5.000000000e-01 -7.855437682e-11 1.500000000e-01 1.500000000e-01 0.000000000e+00 0.000000000e+00 0.000000000e+00 1.137434476e-15 
d 0.000000000e+00 0.000000000e+00 1.573138726e-10 -5.000000000e-01 -5.000000000e-01 -1.573152236e-10 1.250000000e-01 1.250000000e-01 0.000000000e+00 0.000000000e+00 0.000000000e+00 1.133542731e-15 
d 0.000000000e+00 0.000000000e+00 3.155622956e-10 -5.000000000e-01 -5.000000000e-01 -3.155638588e-10 1.000000000e-01 1.000000000e-01 0.000000000e+00 0.000000000e+00 0.000000000e+00 1.130794037e-15 
d 0.000000000e+00 0.000000000e+00 6.334694088e-10 -5.000000000e-01 -5.000000000e-01 -6.334713891e-10 7.500000000e-02 7.500000000e-02 0.000000000e+00 0.000000000e+00 0.000000000e+00 1.128835118e-15 
d 0.000000000e+00 0.000000000e+00 1.270621838e-09 -5.000000000e-01 -5.000000000e-01 -1.270624640e-09 5.000000000e-02 5.000000000e-02 0.000000000e+00 0.000000000e+00 0.000000000e+00 1.127144626e-15 
d 0.000000000e+00 0.000000000e+00 2.539834007e-09 -5.000000000e-01 -5.000000000e-01 -2.539838494e-09 2.500000000e-02 2.500000000e-02 0.000000000e+00 0.000000000e+00 0.000000000e+00 1.125198769e-15 
d 0.000000000e+00 0.000000000e+00 5.036933974e-09 -5.000000000e-01 -5.000000000e-01 -5.036941715e-09 1.205464632e-16 1.205464632e-16 0.000000000e+00 0.000000000e+00 0.000000000e+00 1.122875981e-15 
d 0.000000000e+00 0.000000000e+00 9.841173394e-09 -5.000000000e-01 -5.000000000e-01 -9.841187450e-09 -2.500000000e-02 -2.500000000e-02 0.000000000e+00 0.000000000e+00 0.000000000e+00 1.120295387e-15 
d 0.000000000e+00 0.000000000e+00 1.875354856e-08 -5.000000000e-01 -5.000000000e-01 -1.875357433e-08 -5.000000000e-02 -5.000000000e-02 0.000000000e+00 0.000000000e+00 0.000000000e+00 1.118126828e-15 
d 0.000000000e+00 0.000000000e+00 3.443560582e-08 -5.000000000e-01 -5.000000000e-01 -3.443565220e-08 -7.500000000e-02 -7.500000000e-02 0.000000000e+00 0.000000000e+00 0.000000000e+00 1.117368130e-15 
d 0.000000000e+00 0.000000000e+00 6.021844554e-08 -5.000000000e-01 -5.000000000e-01 -6.021852583e-08 -1.000000000e-01 -1.000000000e-01 0.000000000e+00 0.000000000e+00 0.000000000e+00 1.118611623e-15 
d 0.000000000e+00 0.000000000e+00 9.955064035e-08 -5.000000000e-01 -5.000000000e-01 -9.955077232e-08 -1.250000000e-01 -1.250000000e-01 0.000000000e+00 0.000000000e+00 0.000000000e+00 1.121791216e-15 
d 0.000000000e+00 0.000000000e+00 1.554016808e-07 -5.000000000e-01 -5.000000000e-01 -1.554018863e-07 -1.500000000e-01 -1.500000000e-01 0.000000000e+00 0.000000000e+00 0.000000000e+00 1.126462249e-15 
d 0.000000000e+00 0.000000000e+00 2.298738050e-07 -5.000000000e-01 -5.000000000e-01 -2.298741083e-07 -1.750000000e-01 -1.750000000e-01 0.000000000e+00 0.000000000e+00 0.000000000e+00 1.132440326e-15 
d 0.000000000e+00 0.000000000e+00 3.242448493e-07 -5.000000000e-01 -5.000000000e-01 -3.242452767e-07 -2.000000000e-01 -2.000000000e-01 0.000000000e+00 0.000000000e+00 0.000000000e+00 1.138951171e-15 
d 0.000000000e+00 0.000000000e+00 4.391202004e-07 -5.000000000e-01 -5.000000000e-01 -4.391207789e-07 -2.250000000e-01 -2.250000000e-01 0.000000000e+00 0.000000000e+00 0.000000000e+00 1.145664349e-15 
d 0.000000000e+00 0.000000000e+00 5.746744067e-07 -5.000000000e-01 -5.000000000e-01 -5.746751633e-07 -2.500000000e-01 -2.500000000e-01 0.000000000e+00 0.000000000e+00 0.000000000e+00 1.152425655e-15 
d 0.000000000e+00 0.000000000e+00 7.306691901e-07 -5.000000000e-01 -5.000000000e-01 -7.306701518e-07 -2.750000000e-01 -2.750000000e-01 -1.371200658e-73 0.000000000e+00 0.000000000e+00 1.159136370e-15 
d 0.000000000e+00 0.000000000e+00 9.068420982e-07 -5.000000000e-01 -5.000000000e-01 -9.068432915e-07 -3.000000000e-01 -3.000000000e-01 -3.273913226e-72 0.000000000e+00 0.000000000e+00 1.165301251e-15 
d 0.000000000e+00 0.000000000e+00 1.102550974e-06 -5.000000000e-01 -5.000000000e-01 -1.102552424e-06 -3.250000000e-01 -3.250000000e-01 -1.352714124e-51 0.000000000e+00 0.000000000e+00 1.171378011e-15 
