v ATLAS
# This file was created by ATLAS version 5.26.1.R on Tue Apr 17 21:16:53 2018.
#SSF 2.0 generic
##############################################################################
#                    Copyright (c) 1984 - 2018                               #
#                    Silvaco Inc. All rights reserved                        #
#                                                                            #
# This file format and the following Key are copyright Silvaco Inc.          #
# You may not use, this format or key without reproducing this message in    #
# full and obtaining express written permission from Silvaco Inc.            #
#                                                                            #
# To obtain such permission please contact: Silvaco Inc.                     #
#                                           support@silvaco.com              #
#                                                                            #
# KEY=SVC86hn7562asdx                       PROD=345                         #
##############################################################################
y 3 700 711 15
z 1 0.016 300
f 4 "source" "drain" "gate" "substrate" 
p 12 2 601 20 3 602 21 4 603 22 5 604 23 
d 0.000000000e+00 0.000000000e+00 -7.579530558e-18 -5.000000000e-01 -5.000000000e-01 -1.000255628e-15 4.750000000e-01 4.750000000e-01 -7.352368023e-38 0.000000000e+00 0.000000000e+00 1.028360928e-15 
d 0.000000000e+00 0.000000000e+00 -6.316938329e-18 -5.000000000e-01 -5.000000000e-01 -9.988719441e-16 4.500000000e-01 4.500000000e-01 -1.050061561e-37 0.000000000e+00 0.000000000e+00 1.028653830e-15 
d 0.000000000e+00 0.000000000e+00 -7.579938498e-18 -5.000000000e-01 -5.000000000e-01 -9.998374896e-16 4.250000000e-01 4.250000000e-01 -4.700755948e-36 0.000000000e+00 0.000000000e+00 1.028973655e-15 
d 0.000000000e+00 0.000000000e+00 -6.319797098e-18 -5.000000000e-01 -5.000000000e-01 -9.993182826e-16 4.000000000e-01 4.000000000e-01 -8.792528880e-37 0.000000000e+00 0.000000000e+00 1.029286138e-15 
d 0.000000000e+00 0.000000000e+00 -7.576263847e-18 -5.000000000e-01 -5.000000000e-01 -9.989025922e-16 3.750000000e-01 3.750000000e-01 -1.003769473e-35 0.000000000e+00 0.000000000e+00 1.029637783e-15 
d 0.000000000e+00 0.000000000e+00 -6.316530388e-18 -5.000000000e-01 -5.000000000e-01 -1.003593755e-15 3.500000000e-01 3.500000000e-01 -6.777513341e-36 0.000000000e+00 0.000000000e+00 1.029970662e-15 
d 0.000000000e+00 0.000000000e+00 -6.325113868e-18 -5.000000000e-01 -5.000000000e-01 -1.034442379e-15 3.250000000e-01 3.250000000e-01 -8.163687002e-36 0.000000000e+00 0.000000000e+00 1.030275802e-15 
d 0.000000000e+00 0.000000000e+00 -7.579529759e-18 -5.000000000e-01 -5.000000000e-01 -1.002667475e-15 3.000000000e-01 3.000000000e-01 -7.727514769e-37 0.000000000e+00 0.000000000e+00 1.030604602e-15 
d 0.000000000e+00 0.000000000e+00 -6.316530387e-18 -5.000000000e-01 -5.000000000e-01 -1.003601119e-15 2.750000000e-01 2.750000000e-01 -3.513932900e-36 0.000000000e+00 0.000000000e+00 1.030977460e-15 
d 0.000000000e+00 0.000000000e+00 -6.325521808e-18 -5.000000000e-01 -5.000000000e-01 -1.034458752e-15 2.500000000e-01 2.500000000e-01 -1.066426967e-36 0.000000000e+00 0.000000000e+00 1.031333184e-15 
d 0.000000000e+00 0.000000000e+00 -7.574213786e-18 -5.000000000e-01 -5.000000000e-01 -1.002691160e-15 2.250000000e-01 2.250000000e-01 -2.999706889e-36 0.000000000e+00 0.000000000e+00 1.031649746e-15 
d 0.000000000e+00 0.000000000e+00 -6.322255097e-18 -5.000000000e-01 -5.000000000e-01 -1.003686586e-15 2.000000000e-01 2.000000000e-01 -7.074257393e-36 0.000000000e+00 0.000000000e+00 1.032038921e-15 
d 0.000000000e+00 0.000000000e+00 -6.316530387e-18 -5.000000000e-01 -5.000000000e-01 -1.034464057e-15 1.750000000e-01 1.750000000e-01 -1.733898426e-36 0.000000000e+00 0.000000000e+00 1.032464811e-15 
d 0.000000000e+00 0.000000000e+00 -6.325521807e-18 -5.000000000e-01 -5.000000000e-01 -1.003757991e-15 1.500000000e-01 1.500000000e-01 -1.421821436e-35 0.000000000e+00 0.000000000e+00 1.032850722e-15 
d 0.000000000e+00 0.000000000e+00 -7.574213785e-18 -5.000000000e-01 -5.000000000e-01 -1.002700201e-15 1.250000000e-01 1.250000000e-01 -1.811977034e-36 0.000000000e+00 0.000000000e+00 1.033314959e-15 
d 0.000000000e+00 0.000000000e+00 -6.321847156e-18 -5.000000000e-01 -5.000000000e-01 -1.036070131e-15 1.000000000e-01 1.000000000e-01 -3.055840652e-36 0.000000000e+00 0.000000000e+00 1.033734321e-15 
d 0.000000000e+00 0.000000000e+00 -6.324303563e-18 -5.000000000e-01 -5.000000000e-01 -1.035652808e-15 7.500000000e-02 7.500000000e-02 -5.108272570e-36 0.000000000e+00 0.000000000e+00 1.034208348e-15 
d 0.000000000e+00 0.000000000e+00 -6.325113866e-18 -5.000000000e-01 -5.000000000e-01 -1.067833134e-15 5.000000000e-02 5.000000000e-02 -2.839982454e-36 0.000000000e+00 0.000000000e+00 1.034653003e-15 
d 0.000000000e+00 0.000000000e+00 -7.570947074e-18 -5.000000000e-01 -5.000000000e-01 -1.036072937e-15 2.500000000e-02 2.500000000e-02 -1.211501068e-32 0.000000000e+00 0.000000000e+00 1.035020150e-15 
d 0.000000000e+00 0.000000000e+00 -6.323886857e-18 -5.000000000e-01 -5.000000000e-01 -1.035996545e-15 1.205464632e-16 1.205464632e-16 -3.086912194e-35 0.000000000e+00 0.000000000e+00 1.035638588e-15 
d 0.000000000e+00 0.000000000e+00 -7.577088489e-18 -5.000000000e-01 -5.000000000e-01 -1.069932086e-15 -2.500000000e-02 -2.500000000e-02 -2.360854653e-36 0.000000000e+00 0.000000000e+00 1.036032658e-15 
d 0.000000000e+00 0.000000000e+00 -6.325113865e-18 -5.000000000e-01 -5.000000000e-01 -1.035997370e-15 -5.000000000e-02 -5.000000000e-02 -3.367023794e-29 0.000000000e+00 0.000000000e+00 1.036692706e-15 
d 0.000000000e+00 0.000000000e+00 -7.572986776e-18 -5.000000000e-01 -5.000000000e-01 -1.037263212e-15 -7.500000000e-02 -7.500000000e-02 -2.252268201e-29 0.000000000e+00 0.000000000e+00 1.037288299e-15 
d 0.000000000e+00 0.000000000e+00 -6.325113865e-18 -5.000000000e-01 -5.000000000e-01 -1.037286070e-15 -1.000000000e-01 -1.000000000e-01 -6.161103898e-30 0.000000000e+00 0.000000000e+00 1.037886340e-15 
d 0.000000000e+00 0.000000000e+00 -6.322263860e-18 -5.000000000e-01 -5.000000000e-01 -1.067447754e-15 -1.250000000e-01 -1.250000000e-01 -9.943138368e-31 0.000000000e+00 0.000000000e+00 1.038518648e-15 
d 0.000000000e+00 0.000000000e+00 -6.322255095e-18 -5.000000000e-01 -5.000000000e-01 -1.037353176e-15 -1.500000000e-01 -1.500000000e-01 -6.652207836e-31 0.000000000e+00 0.000000000e+00 1.039076711e-15 
d 0.000000000e+00 0.000000000e+00 -7.570947073e-18 -5.000000000e-01 -5.000000000e-01 -1.035266563e-15 -1.750000000e-01 -1.750000000e-01 -6.235278218e-31 0.000000000e+00 0.000000000e+00 1.039720441e-15 
d 0.000000000e+00 0.000000000e+00 -6.325521805e-18 -5.000000000e-01 -5.000000000e-01 -1.070005595e-15 -2.000000000e-01 -2.000000000e-01 -5.823529961e-31 0.000000000e+00 0.000000000e+00 1.040338879e-15 
d 0.000000000e+00 0.000000000e+00 -7.577088488e-18 -5.000000000e-01 -5.000000000e-01 -1.070842281e-15 -2.250000000e-01 -2.250000000e-01 -5.329654227e-31 0.000000000e+00 0.000000000e+00 1.041000559e-15 
d 0.000000000e+00 0.000000000e+00 -6.323886856e-18 -5.000000000e-01 -5.000000000e-01 -1.036148991e-15 -2.500000000e-01 -2.500000000e-01 -4.739312114e-31 0.000000000e+00 0.000000000e+00 1.041533330e-15 
d 0.000000000e+00 0.000000000e+00 -6.316938325e-18 -5.000000000e-01 -5.000000000e-01 -1.070852485e-15 -2.750000000e-01 -2.750000000e-01 -4.087923354e-31 0.000000000e+00 0.000000000e+00 1.042068548e-15 
d 0.000000000e+00 0.000000000e+00 -6.327153566e-18 -5.000000000e-01 -5.000000000e-01 -1.070852484e-15 -3.000000000e-01 -3.000000000e-01 -3.409552851e-31 0.000000000e+00 0.000000000e+00 1.042609477e-15 
d 0.000000000e+00 0.000000000e+00 -7.578720249e-18 -5.000000000e-01 -5.000000000e-01 -1.070021111e-15 -3.250000000e-01 -3.250000000e-01 -2.751967879e-31 0.000000000e+00 0.000000000e+00 1.042926855e-15 
d 0.000000000e+00 0.000000000e+00 -6.323886856e-18 -5.000000000e-01 -5.000000000e-01 -1.037850983e-15 -3.500000000e-01 -3.500000000e-01 -2.151210164e-31 0.000000000e+00 0.000000000e+00 1.043397618e-15 
d 0.000000000e+00 0.000000000e+00 -7.574621723e-18 -5.000000000e-01 -5.000000000e-01 -1.070877021e-15 -3.750000000e-01 -3.750000000e-01 -1.633051336e-31 0.000000000e+00 0.000000000e+00 1.043708469e-15 
d 0.000000000e+00 0.000000000e+00 -6.327153566e-18 -5.000000000e-01 -5.000000000e-01 -1.070880690e-15 -4.000000000e-01 -4.000000000e-01 -1.209523805e-31 0.000000000e+00 0.000000000e+00 1.044188208e-15 
d 0.000000000e+00 0.000000000e+00 -7.575453539e-18 -5.000000000e-01 -5.000000000e-01 -1.073841334e-15 -4.250000000e-01 -4.250000000e-01 -8.801523502e-32 0.000000000e+00 0.000000000e+00 1.044727505e-15 
d 0.000000000e+00 0.000000000e+00 -6.322255094e-18 -5.000000000e-01 -5.000000000e-01 -1.072957530e-15 -4.500000000e-01 -4.500000000e-01 -8.110240157e-32 0.000000000e+00 0.000000000e+00 1.045319835e-15 
d 0.000000000e+00 0.000000000e+00 -7.576253484e-18 -5.000000000e-01 -5.000000000e-01 -1.073868314e-15 -4.750000000e-01 -4.750000000e-01 -5.194686805e-32 0.000000000e+00 0.000000000e+00 1.046090027e-15 
d 0.000000000e+00 0.000000000e+00 -6.327153565e-18 -5.000000000e-01 -5.000000000e-01 -1.073915341e-15 -5.000000000e-01 -5.000000000e-01 -3.597284640e-32 0.000000000e+00 0.000000000e+00 1.047152304e-15 
d 0.000000000e+00 0.000000000e+00 -7.576263045e-18 -5.000000000e-01 -5.000000000e-01 -1.073922236e-15 -5.250000000e-01 -5.250000000e-01 -2.657159741e-32 0.000000000e+00 0.000000000e+00 1.048616810e-15 
d 0.000000000e+00 0.000000000e+00 -6.320205034e-18 -5.000000000e-01 -5.000000000e-01 -1.073935695e-15 -5.500000000e-01 -5.500000000e-01 -1.887451556e-32 0.000000000e+00 0.000000000e+00 1.050698122e-15 
d 0.000000000e+00 0.000000000e+00 -7.579938492e-18 -5.000000000e-01 -5.000000000e-01 -1.074013837e-15 -5.750000000e-01 -5.750000000e-01 -1.444844176e-32 0.000000000e+00 0.000000000e+00 1.053408479e-15 
d 0.000000000e+00 0.000000000e+00 -6.321845559e-18 -5.000000000e-01 -5.000000000e-01 -1.074611552e-15 -6.000000000e-01 -6.000000000e-01 -7.203445015e-33 0.000000000e+00 0.000000000e+00 1.056860471e-15 
d 0.000000000e+00 0.000000000e+00 -6.321846356e-18 -5.000000000e-01 -5.000000000e-01 -1.075998720e-15 -6.250000000e-01 -6.250000000e-01 -4.671731400e-33 0.000000000e+00 0.000000000e+00 1.061150373e-15 
d 0.000000000e+00 0.000000000e+00 -7.579528958e-18 -5.000000000e-01 -5.000000000e-01 -1.076081428e-15 -6.500000000e-01 -6.500000000e-01 -4.004915952e-33 0.000000000e+00 0.000000000e+00 1.066157434e-15 
d 0.000000000e+00 0.000000000e+00 -7.574629690e-18 -5.000000000e-01 -5.000000000e-01 -1.076225027e-15 -6.750000000e-01 -6.750000000e-01 -1.952035877e-33 0.000000000e+00 0.000000000e+00 1.071249347e-15 
d 0.000000000e+00 0.000000000e+00 -7.365897270e-18 -5.000000000e-01 -5.000000000e-01 -1.076448656e-15 -7.000000000e-01 -7.000000000e-01 -1.268007467e-33 0.000000000e+00 0.000000000e+00 1.076293939e-15 
d 0.000000000e+00 0.000000000e+00 2.409525812e-17 -5.000000000e-01 -5.000000000e-01 -1.109340588e-15 -7.250000000e-01 -7.250000000e-01 -8.566355153e-34 0.000000000e+00 0.000000000e+00 1.081028496e-15 
d 0.000000000e+00 0.000000000e+00 2.506317078e-17 -5.000000000e-01 -5.000000000e-01 -1.115057090e-15 -7.500000000e-01 -7.500000000e-01 -5.668295368e-34 0.000000000e+00 0.000000000e+00 1.085293107e-15 
d 0.000000000e+00 0.000000000e+00 2.643079571e-17 -5.000000000e-01 -5.000000000e-01 -1.153519126e-15 -7.750000000e-01 -7.750000000e-01 -4.084886556e-34 0.000000000e+00 0.000000000e+00 1.089060030e-15 
d 0.000000000e+00 0.000000000e+00 9.637562495e-17 -5.000000000e-01 -5.000000000e-01 -1.183053631e-15 -8.000000000e-01 -8.000000000e-01 -3.390331192e-34 0.000000000e+00 0.000000000e+00 1.092822873e-15 
d 0.000000000e+00 0.000000000e+00 1.616145882e-16 -5.000000000e-01 -5.000000000e-01 -1.258272700e-15 -8.250000000e-01 -8.250000000e-01 -2.562214763e-34 0.000000000e+00 0.000000000e+00 1.096544107e-15 
d 0.000000000e+00 0.000000000e+00 2.703530599e-16 -5.000000000e-01 -5.000000000e-01 -1.361084370e-15 -8.500000000e-01 -8.500000000e-01 -2.222063693e-34 0.000000000e+00 0.000000000e+00 1.100842168e-15 
d 0.000000000e+00 0.000000000e+00 4.833889389e-16 -5.000000000e-01 -5.000000000e-01 -1.614753580e-15 -8.750000000e-01 -8.750000000e-01 -1.995398423e-34 0.000000000e+00 0.000000000e+00 1.105690133e-15 
d 0.000000000e+00 0.000000000e+00 8.997164022e-16 -5.000000000e-01 -5.000000000e-01 -2.007795949e-15 -9.000000000e-01 -9.000000000e-01 -1.812595284e-34 0.000000000e+00 0.000000000e+00 1.111327871e-15 
d 0.000000000e+00 0.000000000e+00 1.641307963e-15 -5.000000000e-01 -5.000000000e-01 -2.757424715e-15 -9.250000000e-01 -9.250000000e-01 -1.637203043e-34 0.000000000e+00 0.000000000e+00 1.117746407e-15 
d 0.000000000e+00 0.000000000e+00 3.072514361e-15 -5.000000000e-01 -5.000000000e-01 -4.184749276e-15 -9.500000000e-01 -9.500000000e-01 -1.453103105e-34 0.000000000e+00 0.000000000e+00 1.124985719e-15 
d 0.000000000e+00 0.000000000e+00 5.663974466e-15 -5.000000000e-01 -5.000000000e-01 -6.845278711e-15 -9.750000000e-01 -9.750000000e-01 -1.255073809e-34 0.000000000e+00 0.000000000e+00 1.133283229e-15 
d 0.000000000e+00 0.000000000e+00 1.063153882e-14 -5.000000000e-01 -5.000000000e-01 -1.182028415e-14 -1.000000000e+00 -1.000000000e+00 -1.052298543e-34 0.000000000e+00 0.000000000e+00 1.142718076e-15 
d 0.000000000e+00 0.000000000e+00 2.011896479e-14 -5.000000000e-01 -5.000000000e-01 -2.125128714e-14 -1.025000000e+00 -1.025000000e+00 -8.500563303e-35 0.000000000e+00 0.000000000e+00 1.152814603e-15 
d 0.000000000e+00 0.000000000e+00 3.815310553e-14 -5.000000000e-01 -5.000000000e-01 -3.932353558e-14 -1.050000000e+00 -1.050000000e+00 -6.577692770e-35 0.000000000e+00 0.000000000e+00 1.162526849e-15 
d 0.000000000e+00 0.000000000e+00 7.294988364e-14 -5.000000000e-01 -5.000000000e-01 -7.411523280e-14 -1.075000000e+00 -1.075000000e+00 -4.865252788e-35 0.000000000e+00 0.000000000e+00 1.170673421e-15 
d 0.000000000e+00 0.000000000e+00 1.401992444e-13 -5.000000000e-01 -5.000000000e-01 -1.413769040e-13 -1.100000000e+00 -1.100000000e+00 -3.427357290e-35 0.000000000e+00 0.000000000e+00 1.176202648e-15 
d 0.000000000e+00 0.000000000e+00 2.709053164e-13 -5.000000000e-01 -5.000000000e-01 -2.720734349e-13 -1.125000000e+00 -1.125000000e+00 -2.283241208e-35 0.000000000e+00 0.000000000e+00 1.178579311e-15 
d 0.000000000e+00 0.000000000e+00 5.262485166e-13 -5.000000000e-01 -5.000000000e-01 -5.274051711e-13 -1.150000000e+00 -1.150000000e+00 -1.431478016e-35 0.000000000e+00 0.000000000e+00 1.177985352e-15 
d 0.000000000e+00 0.000000000e+00 1.027305716e-12 -5.000000000e-01 -5.000000000e-01 -1.028501536e-12 -1.175000000e+00 -1.175000000e+00 -8.422630249e-36 0.000000000e+00 0.000000000e+00 1.174574158e-15 
d 0.000000000e+00 0.000000000e+00 2.014714200e-12 -5.000000000e-01 -5.000000000e-01 -2.015890978e-12 -1.200000000e+00 -1.200000000e+00 -4.608675589e-36 0.000000000e+00 0.000000000e+00 1.169328863e-15 
d 0.000000000e+00 0.000000000e+00 3.967994118e-12 -5.000000000e-01 -5.000000000e-01 -3.969150325e-12 -1.225000000e+00 -1.225000000e+00 -2.328401425e-36 0.000000000e+00 0.000000000e+00 1.162921755e-15 
d 0.000000000e+00 0.000000000e+00 7.845571873e-12 -5.000000000e-01 -5.000000000e-01 -7.846703298e-12 -1.250000000e+00 -1.250000000e+00 -1.079556255e-36 0.000000000e+00 0.000000000e+00 1.156206244e-15 
d 0.000000000e+00 0.000000000e+00 1.556768590e-11 -5.000000000e-01 -5.000000000e-01 -1.556886631e-11 -1.275000000e+00 -1.275000000e+00 -4.555027521e-37 0.000000000e+00 0.000000000e+00 1.149891331e-15 
d 0.000000000e+00 0.000000000e+00 3.098985226e-11 -5.000000000e-01 -5.000000000e-01 -3.099105350e-11 -1.300000000e+00 -1.300000000e+00 -1.736648768e-37 0.000000000e+00 0.000000000e+00 1.144025153e-15 
d 0.000000000e+00 0.000000000e+00 6.186572627e-11 -5.000000000e-01 -5.000000000e-01 -6.186697949e-11 -1.325000000e+00 -1.325000000e+00 -5.929716278e-38 0.000000000e+00 0.000000000e+00 1.138898163e-15 
d 0.000000000e+00 0.000000000e+00 1.238050325e-10 -5.000000000e-01 -5.000000000e-01 -1.238063828e-10 -1.350000000e+00 -1.350000000e+00 -1.805741997e-38 0.000000000e+00 0.000000000e+00 1.134599294e-15 
d 0.000000000e+00 0.000000000e+00 2.482292443e-10 -5.000000000e-01 -5.000000000e-01 -2.482308396e-10 -1.375000000e+00 -1.375000000e+00 -4.874275373e-39 0.000000000e+00 0.000000000e+00 1.131528326e-15 
d 0.000000000e+00 0.000000000e+00 4.982446138e-10 -5.000000000e-01 -5.000000000e-01 -4.982466735e-10 -1.400000000e+00 -1.400000000e+00 -1.163850808e-39 0.000000000e+00 0.000000000e+00 1.129271610e-15 
d 0.000000000e+00 0.000000000e+00 9.998983595e-10 -5.000000000e-01 -5.000000000e-01 -9.999013109e-10 -1.425000000e+00 -1.425000000e+00 -2.581610015e-40 0.000000000e+00 0.000000000e+00 1.127483211e-15 
d 0.000000000e+00 0.000000000e+00 2.001863386e-09 -5.000000000e-01 -5.000000000e-01 -2.001868166e-09 -1.450000000e+00 -1.450000000e+00 -6.253583034e-41 0.000000000e+00 0.000000000e+00 1.125714398e-15 
d 0.000000000e+00 0.000000000e+00 3.983435422e-09 -5.000000000e-01 -5.000000000e-01 -3.983443871e-09 -1.475000000e+00 -1.475000000e+00 -2.009033211e-41 0.000000000e+00 0.000000000e+00 1.123575181e-15 
d 0.000000000e+00 0.000000000e+00 7.830652386e-09 -5.000000000e-01 -5.000000000e-01 -7.830667889e-09 -1.500000000e+00 -1.500000000e+00 -8.076746593e-42 0.000000000e+00 0.000000000e+00 1.120905651e-15 
d 0.000000000e+00 0.000000000e+00 1.507078088e-08 -5.000000000e-01 -5.000000000e-01 -1.507080965e-08 -1.525000000e+00 -1.525000000e+00 -4.097220188e-42 0.000000000e+00 0.000000000e+00 1.118653051e-15 
d 0.000000000e+00 0.000000000e+00 2.806826139e-08 -5.000000000e-01 -5.000000000e-01 -2.806831401e-08 -1.550000000e+00 -1.550000000e+00 -2.125306109e-42 0.000000000e+00 0.000000000e+00 1.117315886e-15 
d 0.000000000e+00 0.000000000e+00 4.997800536e-08 -5.000000000e-01 -5.000000000e-01 -4.997809820e-08 -1.575000000e+00 -1.575000000e+00 -9.431447341e-43 0.000000000e+00 0.000000000e+00 1.117824264e-15 
d 0.000000000e+00 0.000000000e+00 8.426007403e-08 -5.000000000e-01 -5.000000000e-01 -8.426022976e-08 -1.600000000e+00 -1.600000000e+00 -3.085387747e-43 0.000000000e+00 0.000000000e+00 1.120375625e-15 
d 0.000000000e+00 0.000000000e+00 1.341482869e-07 -5.000000000e-01 -5.000000000e-01 -1.341485341e-07 -1.625000000e+00 -1.625000000e+00 -6.369381331e-44 0.000000000e+00 0.000000000e+00 1.124561206e-15 
d 0.000000000e+00 0.000000000e+00 2.019924959e-07 -5.000000000e-01 -5.000000000e-01 -2.019928676e-07 -1.650000000e+00 -1.650000000e+00 -7.117206685e-45 0.000000000e+00 0.000000000e+00 1.130222721e-15 
d 0.000000000e+00 0.000000000e+00 2.894271654e-07 -5.000000000e-01 -5.000000000e-01 -2.894276975e-07 -1.675000000e+00 -1.675000000e+00 -1.156240802e-45 0.000000000e+00 0.000000000e+00 1.136426796e-15 
d 0.000000000e+00 0.000000000e+00 3.971643686e-07 -5.000000000e-01 -5.000000000e-01 -3.971650984e-07 -1.700000000e+00 -1.700000000e+00 -8.761186275e-46 0.000000000e+00 0.000000000e+00 1.143173427e-15 
d 0.000000000e+00 0.000000000e+00 5.256232469e-07 -5.000000000e-01 -5.000000000e-01 -5.256242124e-07 -1.725000000e+00 -1.725000000e+00 -8.284203450e-46 0.000000000e+00 0.000000000e+00 1.149938000e-15 
d 0.000000000e+00 0.000000000e+00 6.745618354e-07 -5.000000000e-01 -5.000000000e-01 -6.745630741e-07 -1.750000000e+00 -1.750000000e+00 -8.069226256e-46 0.000000000e+00 0.000000000e+00 1.156639743e-15 
d 0.000000000e+00 0.000000000e+00 8.438211803e-07 -5.000000000e-01 -5.000000000e-01 -8.438227295e-07 -1.775000000e+00 -1.775000000e+00 -7.961466716e-46 0.000000000e+00 0.000000000e+00 1.162991464e-15 
d 0.000000000e+00 0.000000000e+00 1.032859038e-06 -5.000000000e-01 -5.000000000e-01 -1.032860934e-06 -1.800000000e+00 -1.800000000e+00 -7.912772667e-46 0.000000000e+00 0.000000000e+00 1.169124522e-15 
