v ATLAS
# This file was created by ATLAS version 5.26.1.R on Tue Apr 17 02:41:03 2018.
#SSF 2.0 generic
##############################################################################
#                    Copyright (c) 1984 - 2018                               #
#                    Silvaco Inc. All rights reserved                        #
#                                                                            #
# This file format and the following Key are copyright Silvaco Inc.          #
# You may not use, this format or key without reproducing this message in    #
# full and obtaining express written permission from Silvaco Inc.            #
#                                                                            #
# To obtain such permission please contact: Silvaco Inc.                     #
#                                           support@silvaco.com              #
#                                                                            #
# KEY=SVC86hn7562asdx                       PROD=345                         #
##############################################################################
o 1 Net gain, mode 1
o 2 Photon lifetime (s)
p 8 2211 87 2001 2201 3000 2214 3001 2212
d 1.007163e+00 1.231034e+00  3.244711e+01 0.000000e+00 -2.107210e+01 5.735994e+12 5.651186e-12 3.244711e+01 
d 1.010636e+00 1.226804e+00  3.244711e+01 0.000000e+00 -2.107210e+01 5.735994e+12 5.651186e-12 3.244711e+01 
d 1.014109e+00 1.222603e+00  1.018105e+02 1.608229e+01 -4.989812e+00 3.977117e+12 5.651186e-12 1.018105e+02 
d 1.017582e+00 1.218430e+00  7.616831e+03 2.038945e+01 -6.826487e-01 5.580777e+12 5.651186e-12 7.616831e+03 
d 1.021055e+00 1.214286e+00  2.684278e+07 2.149069e+01 4.185884e-01 6.764924e+12 5.651186e-12 2.684278e+07 
d 1.024528e+00 1.210169e+00  1.587605e+07 2.030603e+01 -7.660719e-01 7.725344e+12 5.651186e-12 1.587605e+07 
d 1.028001e+00 1.206081e+00  3.262792e+05 1.712248e+01 -3.949628e+00 8.535546e+12 5.651186e-12 3.262792e+05 
d 1.031474e+00 1.202020e+00  7.567085e+02 1.202222e+01 -9.049882e+00 9.232081e+12 5.651186e-12 7.567085e+02 
d 1.034947e+00 1.197987e+00  7.751479e+01 4.992867e+00 -1.607924e+01 9.835767e+12 5.651186e-12 7.751479e+01 
d 1.038420e+00 1.193980e+00  5.000404e+01 -4.030887e+00 -2.510299e+01 1.035939e+13 5.651186e-12 5.000404e+01 
d 1.041893e+00 1.190000e+00  3.568930e+01 -1.514721e+01 -3.621932e+01 1.081114e+13 5.651186e-12 3.568930e+01 
d 1.045366e+00 1.186046e+00  2.706931e+01 -2.847542e+01 -4.954752e+01 1.119634e+13 5.651186e-12 2.706931e+01 
d 1.048839e+00 1.182119e+00  2.095717e+01 -4.414758e+01 -6.521969e+01 1.151848e+13 5.651186e-12 2.095717e+01 
d 1.052311e+00 1.178218e+00  1.667859e+01 -6.230161e+01 -8.337372e+01 1.177982e+13 5.651186e-12 1.667859e+01 
d 1.055784e+00 1.174342e+00  1.414096e+01 -8.307461e+01 -1.041467e+02 1.198181e+13 5.651186e-12 1.414096e+01 
d 1.059257e+00 1.170492e+00  1.159444e+01 -1.065962e+02 -1.276683e+02 1.212540e+13 5.651186e-12 1.159444e+01 
d 1.062730e+00 1.166667e+00  9.628045e+00 -1.329818e+02 -1.540539e+02 1.221129e+13 5.651186e-12 9.628045e+00 
d 1.066203e+00 1.162866e+00  8.075908e+00 -1.623252e+02 -1.833973e+02 1.224010e+13 5.651186e-12 8.075908e+00 
d 1.069676e+00 1.159091e+00  6.830169e+00 -1.946918e+02 -2.157639e+02 1.221256e+13 5.651186e-12 6.830169e+00 
d 1.073149e+00 1.155340e+00  5.813586e+00 -2.301117e+02 -2.511838e+02 1.212968e+13 5.651186e-12 5.813586e+00 
d 1.076622e+00 1.151613e+00  4.975532e+00 -2.685731e+02 -2.896452e+02 1.199282e+13 5.651186e-12 4.975532e+00 
d 1.080095e+00 1.147910e+00  4.277807e+00 -3.100178e+02 -3.310899e+02 1.180386e+13 5.651186e-12 4.277807e+00 
d 1.083568e+00 1.144231e+00  3.692090e+00 -3.543371e+02 -3.754092e+02 1.156521e+13 5.651186e-12 3.692090e+00 
d 1.087041e+00 1.140575e+00  3.196952e+00 -4.013704e+02 -4.224425e+02 1.127990e+13 5.651186e-12 3.196952e+00 
d 1.090514e+00 1.136943e+00  2.775888e+00 -4.509059e+02 -4.719780e+02 1.095158e+13 5.651186e-12 2.775888e+00 
