v ATLAS
# This file was created by ATLAS version 5.26.1.R on Tue Apr 17 02:40:32 2018.
#SSF 2.0 generic
##############################################################################
#                    Copyright (c) 1984 - 2018                               #
#                    Silvaco Inc. All rights reserved                        #
#                                                                            #
# This file format and the following Key are copyright Silvaco Inc.          #
# You may not use, this format or key without reproducing this message in    #
# full and obtaining express written permission from Silvaco Inc.            #
#                                                                            #
# To obtain such permission please contact: Silvaco Inc.                     #
#                                           support@silvaco.com              #
#                                                                            #
# KEY=SVC86hn7562asdx                       PROD=345                         #
##############################################################################
o 1 Net gain, mode 1
o 2 Photon lifetime (s)
p 8 2211 87 2001 2201 3000 2214 3001 2212
d 1.007163e+00 1.231034e+00  3.117311e+01 0.000000e+00 -2.107210e+01 5.412135e+12 5.651186e-12 3.117311e+01 
d 1.010636e+00 1.226804e+00  3.117311e+01 0.000000e+00 -2.107210e+01 5.412135e+12 5.651186e-12 3.117311e+01 
d 1.014109e+00 1.222603e+00  1.351391e+02 1.673339e+01 -4.338709e+00 3.750021e+12 5.651186e-12 1.351391e+02 
d 1.017582e+00 1.218430e+00  3.190140e+03 2.141018e+01 3.380774e-01 5.323035e+12 5.651186e-12 3.190140e+03 
d 1.021055e+00 1.214286e+00  1.272995e+06 2.286504e+01 1.792933e+00 6.483946e+12 5.651186e-12 1.272995e+06 
d 1.024528e+00 1.210169e+00  1.246184e+06 2.204724e+01 9.751399e-01 7.424926e+12 5.651186e-12 1.246184e+06 
d 1.028001e+00 1.206081e+00  6.067124e+05 1.925622e+01 -1.815887e+00 8.218114e+12 5.651186e-12 6.067124e+05 
d 1.031474e+00 1.202020e+00  1.537371e+05 1.458159e+01 -6.490512e+00 8.899370e+12 5.651186e-12 1.537371e+05 
d 1.034947e+00 1.197987e+00  4.545726e+04 8.016148e+00 -1.305596e+01 9.489108e+12 5.651186e-12 4.545726e+04 
d 1.038420e+00 1.193980e+00  1.362108e+04 -5.016539e-01 -2.157376e+01 9.999857e+12 5.651186e-12 1.362108e+04 
d 1.041893e+00 1.190000e+00  1.064774e+02 -1.106742e+01 -3.213952e+01 1.043963e+13 5.651186e-12 1.064774e+02 
d 1.045366e+00 1.186046e+00  3.325918e+01 -2.379909e+01 -4.487120e+01 1.081364e+13 5.651186e-12 3.325918e+01 
d 1.048839e+00 1.182119e+00  2.303729e+01 -3.882874e+01 -5.990084e+01 1.112530e+13 5.651186e-12 2.303729e+01 
d 1.052311e+00 1.178218e+00  1.781407e+01 -5.629576e+01 -7.736786e+01 1.137681e+13 5.651186e-12 1.781407e+01 
d 1.055784e+00 1.174342e+00  1.427676e+01 -7.634048e+01 -9.741258e+01 1.156961e+13 5.651186e-12 1.427676e+01 
d 1.059257e+00 1.170492e+00  1.166879e+01 -9.909770e+01 -1.201698e+02 1.170463e+13 5.651186e-12 1.166879e+01 
d 1.062730e+00 1.166667e+00  9.667013e+00 -1.246899e+02 -1.457620e+02 1.178259e+13 5.651186e-12 9.667013e+00 
d 1.066203e+00 1.162866e+00  8.090801e+00 -1.532204e+02 -1.742925e+02 1.180413e+13 5.651186e-12 8.090801e+00 
d 1.069676e+00 1.159091e+00  6.826330e+00 -1.847658e+02 -2.058379e+02 1.177004e+13 5.651186e-12 6.826330e+00 
d 1.073149e+00 1.155340e+00  5.797071e+00 -2.193694e+02 -2.404415e+02 1.168138e+13 5.651186e-12 5.797071e+00 
d 1.076622e+00 1.151613e+00  4.949364e+00 -2.570345e+02 -2.781066e+02 1.153959e+13 5.651186e-12 4.949364e+00 
d 1.080095e+00 1.147910e+00  4.244391e+00 -2.977187e+02 -3.187908e+02 1.134663e+13 5.651186e-12 4.244391e+00 
d 1.083568e+00 1.144231e+00  3.653364e+00 -3.413297e+02 -3.624018e+02 1.110500e+13 5.651186e-12 3.653364e+00 
d 1.087041e+00 1.140575e+00  3.154485e+00 -3.877229e+02 -4.087950e+02 1.081783e+13 5.651186e-12 3.154485e+00 
d 1.090514e+00 1.136943e+00  2.730955e+00 -4.367016e+02 -4.577737e+02 1.048885e+13 5.651186e-12 2.730955e+00 
