v ATLAS
# This file was created by ATLAS version 5.26.1.R on Tue Apr 17 02:40:00 2018.
#SSF 2.0 generic
##############################################################################
#                    Copyright (c) 1984 - 2018                               #
#                    Silvaco Inc. All rights reserved                        #
#                                                                            #
# This file format and the following Key are copyright Silvaco Inc.          #
# You may not use, this format or key without reproducing this message in    #
# full and obtaining express written permission from Silvaco Inc.            #
#                                                                            #
# To obtain such permission please contact: Silvaco Inc.                     #
#                                           support@silvaco.com              #
#                                                                            #
# KEY=SVC86hn7562asdx                       PROD=345                         #
##############################################################################
o 1 Net gain, mode 1
o 2 Photon lifetime (s)
p 8 2211 87 2001 2201 3000 2214 3001 2212
d 1.007163e+00 1.231034e+00  1.368775e-02 0.000000e+00 -2.107210e+01 2.376181e+09 5.651186e-12 1.368775e-02 
d 1.010636e+00 1.226804e+00  1.368775e-02 0.000000e+00 -2.107210e+01 2.376181e+09 5.651186e-12 1.368775e-02 
d 1.014109e+00 1.222603e+00  3.605134e-03 -2.113368e+02 -2.324089e+02 7.036013e+09 5.651186e-12 3.605134e-03 
d 1.017582e+00 1.218430e+00  3.266577e-03 -3.075801e+02 -3.286522e+02 9.015337e+09 5.651186e-12 3.266577e-03 
d 1.021055e+00 1.214286e+00  2.913077e-03 -3.839371e+02 -4.050092e+02 9.907622e+09 5.651186e-12 2.913077e-03 
d 1.024528e+00 1.210169e+00  2.584631e-03 -4.505197e+02 -4.715918e+02 1.023570e+10 5.651186e-12 2.584631e-03 
d 1.028001e+00 1.206081e+00  2.287722e-03 -5.110598e+02 -5.321319e+02 1.022292e+10 5.651186e-12 2.287722e-03 
d 1.031474e+00 1.202020e+00  2.022164e-03 -5.673979e+02 -5.884700e+02 9.992939e+09 5.651186e-12 2.022164e-03 
d 1.034947e+00 1.197987e+00  1.785884e-03 -6.205849e+02 -6.416570e+02 9.622960e+09 5.651186e-12 1.785884e-03 
d 1.038420e+00 1.193980e+00  1.576271e-03 -6.712753e+02 -6.923474e+02 9.164469e+09 5.651186e-12 1.576271e-03 
d 1.041893e+00 1.190000e+00  1.390652e-03 -7.199004e+02 -7.409725e+02 8.653126e+09 5.651186e-12 1.390652e-03 
d 1.045366e+00 1.186046e+00  1.226480e-03 -7.667553e+02 -7.878274e+02 8.114167e+09 5.651186e-12 1.226480e-03 
d 1.048839e+00 1.182119e+00  1.081399e-03 -8.120473e+02 -8.331194e+02 7.565640e+09 5.651186e-12 1.081399e-03 
d 1.052311e+00 1.178218e+00  9.532693e-04 -8.559249e+02 -8.769970e+02 7.020470e+09 5.651186e-12 9.532693e-04 
d 1.055784e+00 1.174342e+00  8.401639e-04 -8.984965e+02 -9.195687e+02 6.487848e+09 5.651186e-12 8.401639e-04 
d 1.059257e+00 1.170492e+00  7.403586e-04 -9.398434e+02 -9.609155e+02 5.974200e+09 5.651186e-12 7.403586e-04 
d 1.062730e+00 1.166667e+00  6.523164e-04 -9.800277e+02 -1.001100e+03 5.483883e+09 5.651186e-12 6.523164e-04 
d 1.066203e+00 1.162866e+00  5.746711e-04 -1.019100e+03 -1.040172e+03 5.019689e+09 5.651186e-12 5.746711e-04 
d 1.069676e+00 1.159091e+00  5.062097e-04 -1.057101e+03 -1.078173e+03 4.583227e+09 5.651186e-12 5.062097e-04 
d 1.073149e+00 1.155340e+00  4.458578e-04 -1.094069e+03 -1.115141e+03 4.175211e+09 5.651186e-12 4.458578e-04 
d 1.076622e+00 1.151613e+00  3.926637e-04 -1.130037e+03 -1.151110e+03 3.795683e+09 5.651186e-12 3.926637e-04 
d 1.080095e+00 1.147910e+00  3.457857e-04 -1.165041e+03 -1.186113e+03 3.444179e+09 5.651186e-12 3.457857e-04 
d 1.083568e+00 1.144231e+00  3.044796e-04 -1.199113e+03 -1.220185e+03 3.119869e+09 5.651186e-12 3.044796e-04 
d 1.087041e+00 1.140575e+00  2.680877e-04 -1.232286e+03 -1.253358e+03 2.821659e+09 5.651186e-12 2.680877e-04 
d 1.090514e+00 1.136943e+00  2.360290e-04 -1.264595e+03 -1.285667e+03 2.548275e+09 5.651186e-12 2.360290e-04 
