v ATLAS
# This file was created by ATLAS version 5.26.1.R on Tue Apr 17 02:41:09 2018.
#SSF 2.0 generic
##############################################################################
#                    Copyright (c) 1984 - 2018                               #
#                    Silvaco Inc. All rights reserved                        #
#                                                                            #
# This file format and the following Key are copyright Silvaco Inc.          #
# You may not use, this format or key without reproducing this message in    #
# full and obtaining express written permission from Silvaco Inc.            #
#                                                                            #
# To obtain such permission please contact: Silvaco Inc.                     #
#                                           support@silvaco.com              #
#                                                                            #
# KEY=SVC86hn7562asdx                       PROD=345                         #
##############################################################################
o 1 Net gain, mode 1
o 2 Photon lifetime (s)
p 8 2211 87 2001 2201 3000 2214 3001 2212
d 1.007163e+00 1.231034e+00  3.488791e+01 0.000000e+00 -2.107210e+01 6.164484e+12 5.651186e-12 3.488791e+01 
d 1.010636e+00 1.226804e+00  3.488791e+01 0.000000e+00 -2.107210e+01 6.164484e+12 5.651186e-12 3.488791e+01 
d 1.014109e+00 1.222603e+00  1.089905e+02 1.605714e+01 -5.014966e+00 4.328888e+12 5.651186e-12 1.089905e+02 
d 1.017582e+00 1.218430e+00  8.344502e+03 2.034231e+01 -7.297929e-01 5.949818e+12 5.651186e-12 8.344502e+03 
d 1.021055e+00 1.214286e+00  4.399835e+07 2.141792e+01 3.458189e-01 7.147258e+12 5.651186e-12 4.399835e+07 
d 1.024528e+00 1.210169e+00  1.991242e+07 2.020340e+01 -8.687035e-01 8.118996e+12 5.651186e-12 1.991242e+07 
d 1.028001e+00 1.206081e+00  1.767358e+05 1.698549e+01 -4.086611e+00 8.939300e+12 5.651186e-12 1.767358e+05 
d 1.031474e+00 1.202020e+00  2.491160e+02 1.184627e+01 -9.225835e+00 9.645110e+12 5.651186e-12 2.491160e+02 
d 1.034947e+00 1.197987e+00  8.063071e+01 4.773304e+00 -1.629880e+01 1.025748e+13 5.651186e-12 8.063071e+01 
d 1.038420e+00 1.193980e+00  5.244480e+01 -4.298610e+00 -2.537071e+01 1.078934e+13 5.651186e-12 5.244480e+01 
d 1.041893e+00 1.190000e+00  3.729800e+01 -1.546741e+01 -3.653951e+01 1.124899e+13 5.651186e-12 3.729800e+01 
d 1.045366e+00 1.186046e+00  2.800245e+01 -2.885199e+01 -4.992409e+01 1.164182e+13 5.651186e-12 2.800245e+01 
d 1.048839e+00 1.182119e+00  2.179550e+01 -4.458383e+01 -6.565594e+01 1.197138e+13 5.651186e-12 2.179550e+01 
d 1.052311e+00 1.178218e+00  1.740282e+01 -6.280001e+01 -8.387211e+01 1.223996e+13 5.651186e-12 1.740282e+01 
d 1.055784e+00 1.174342e+00  1.416389e+01 -8.363655e+01 -1.047087e+02 1.244902e+13 5.651186e-12 1.416389e+01 
d 1.059257e+00 1.170492e+00  1.220780e+01 -1.072218e+02 -1.282939e+02 1.259951e+13 5.651186e-12 1.220780e+01 
d 1.062730e+00 1.166667e+00  1.015554e+01 -1.336696e+02 -1.547417e+02 1.269211e+13 5.651186e-12 1.015554e+01 
d 1.066203e+00 1.162866e+00  8.531799e+00 -1.630720e+02 -1.841441e+02 1.272742e+13 5.651186e-12 8.531799e+00 
d 1.069676e+00 1.159091e+00  7.225199e+00 -1.954926e+02 -2.165647e+02 1.270614e+13 5.651186e-12 7.225199e+00 
d 1.073149e+00 1.155340e+00  6.159145e+00 -2.309595e+02 -2.520316e+02 1.262919e+13 5.651186e-12 6.159145e+00 
d 1.076622e+00 1.151613e+00  5.279321e+00 -2.694591e+02 -2.905312e+02 1.249789e+13 5.651186e-12 5.279321e+00 
d 1.080095e+00 1.147910e+00  4.546184e+00 -3.109314e+02 -3.320035e+02 1.231401e+13 5.651186e-12 4.546184e+00 
d 1.083568e+00 1.144231e+00  3.930297e+00 -3.552664e+02 -3.763385e+02 1.207987e+13 5.651186e-12 3.930297e+00 
d 1.087041e+00 1.140575e+00  3.409316e+00 -4.023025e+02 -4.233746e+02 1.179840e+13 5.651186e-12 3.409316e+00 
d 1.090514e+00 1.136943e+00  2.965994e+00 -4.518272e+02 -4.728993e+02 1.147313e+13 5.651186e-12 2.965994e+00 
