v ATLAS
# This file was created by ATLAS version 5.26.1.R on Tue Apr 17 02:40:25 2018.
#SSF 2.0 generic
##############################################################################
#                    Copyright (c) 1984 - 2018                               #
#                    Silvaco Inc. All rights reserved                        #
#                                                                            #
# This file format and the following Key are copyright Silvaco Inc.          #
# You may not use, this format or key without reproducing this message in    #
# full and obtaining express written permission from Silvaco Inc.            #
#                                                                            #
# To obtain such permission please contact: Silvaco Inc.                     #
#                                           support@silvaco.com              #
#                                                                            #
# KEY=SVC86hn7562asdx                       PROD=345                         #
##############################################################################
o 1 Net gain, mode 1
o 2 Photon lifetime (s)
p 8 2211 87 2001 2201 3000 2214 3001 2212
d 1.007163e+00 1.231034e+00  1.961597e+01 0.000000e+00 -2.107210e+01 3.501258e+12 5.651186e-12 1.961597e+01 
d 1.010636e+00 1.226804e+00  1.961597e+01 0.000000e+00 -2.107210e+01 3.501258e+12 5.651186e-12 1.961597e+01 
d 1.014109e+00 1.222603e+00  2.037278e+01 4.213956e+00 -1.685815e+01 2.946319e+12 5.651186e-12 2.037278e+01 
d 1.017582e+00 1.218430e+00  2.612021e+01 2.379753e+00 -1.869235e+01 4.168794e+12 5.651186e-12 2.612021e+01 
d 1.021055e+00 1.214286e+00  2.585917e+01 -2.017194e+00 -2.308930e+01 5.057999e+12 5.651186e-12 2.585917e+01 
d 1.024528e+00 1.210169e+00  2.304655e+01 -8.611660e+00 -2.968376e+01 5.766140e+12 5.651186e-12 2.304655e+01 
d 1.028001e+00 1.206081e+00  1.966057e+01 -1.733755e+01 -3.840965e+01 6.350269e+12 5.651186e-12 1.966057e+01 
d 1.031474e+00 1.202020e+00  1.650884e+01 -2.823265e+01 -4.930475e+01 6.838669e+12 5.651186e-12 1.650884e+01 
d 1.034947e+00 1.197987e+00  1.381609e+01 -4.138351e+01 -6.245562e+01 7.247421e+12 5.651186e-12 1.381609e+01 
d 1.038420e+00 1.193980e+00  1.158536e+01 -5.690180e+01 -7.797390e+01 7.586429e+12 5.651186e-12 1.158536e+01 
d 1.041893e+00 1.190000e+00  9.754054e+00 -7.491066e+01 -9.598276e+01 7.862130e+12 5.651186e-12 9.754054e+00 
d 1.045366e+00 1.186046e+00  8.250335e+00 -9.553487e+01 -1.166070e+02 8.078896e+12 5.651186e-12 8.250335e+00 
d 1.048839e+00 1.182119e+00  7.010477e+00 -1.188924e+02 -1.399645e+02 8.239849e+12 5.651186e-12 7.010477e+00 
d 1.052311e+00 1.178218e+00  5.982380e+00 -1.450866e+02 -1.661587e+02 8.347375e+12 5.651186e-12 5.982380e+00 
d 1.055784e+00 1.174342e+00  5.124717e+00 -1.741983e+02 -1.952704e+02 8.403477e+12 5.651186e-12 5.124717e+00 
d 1.059257e+00 1.170492e+00  4.405017e+00 -2.062791e+02 -2.273512e+02 8.410027e+12 5.651186e-12 4.405017e+00 
d 1.062730e+00 1.166667e+00  3.797772e+00 -2.413438e+02 -2.624159e+02 8.368963e+12 5.651186e-12 3.797772e+00 
d 1.066203e+00 1.162866e+00  3.282848e+00 -2.793655e+02 -3.004376e+02 8.282427e+12 5.651186e-12 3.282848e+00 
d 1.069676e+00 1.159091e+00  2.844251e+00 -3.202702e+02 -3.413424e+02 8.152872e+12 5.651186e-12 2.844251e+00 
d 1.073149e+00 1.155340e+00  2.469177e+00 -3.639345e+02 -3.850066e+02 7.983124e+12 5.651186e-12 2.469177e+00 
d 1.076622e+00 1.151613e+00  2.147292e+00 -4.101845e+02 -4.312566e+02 7.776414e+12 5.651186e-12 2.147292e+00 
d 1.080095e+00 1.147910e+00  1.870194e+00 -4.587976e+02 -4.798697e+02 7.536376e+12 5.651186e-12 1.870194e+00 
d 1.083568e+00 1.144231e+00  1.630999e+00 -5.095064e+02 -5.305785e+02 7.267012e+12 5.651186e-12 1.630999e+00 
d 1.087041e+00 1.140575e+00  1.424025e+00 -5.620049e+02 -5.830770e+02 6.972623e+12 5.651186e-12 1.424025e+00 
d 1.090514e+00 1.136943e+00  1.244556e+00 -6.159567e+02 -6.370288e+02 6.657725e+12 5.651186e-12 1.244556e+00 
