v ATLAS
# This file was created by ATLAS version 5.26.1.R on Tue Apr 17 02:40:44 2018.
#SSF 2.0 generic
##############################################################################
#                    Copyright (c) 1984 - 2018                               #
#                    Silvaco Inc. All rights reserved                        #
#                                                                            #
# This file format and the following Key are copyright Silvaco Inc.          #
# You may not use, this format or key without reproducing this message in    #
# full and obtaining express written permission from Silvaco Inc.            #
#                                                                            #
# To obtain such permission please contact: Silvaco Inc.                     #
#                                           support@silvaco.com              #
#                                                                            #
# KEY=SVC86hn7562asdx                       PROD=345                         #
##############################################################################
o 1 Net gain, mode 1
o 2 Photon lifetime (s)
p 8 2211 87 2001 2201 3000 2214 3001 2212
d 1.007163e+00 1.231034e+00  3.038441e+01 0.000000e+00 -2.107210e+01 5.381374e+12 5.651186e-12 3.038441e+01 
d 1.010636e+00 1.226804e+00  3.038441e+01 0.000000e+00 -2.107210e+01 5.381374e+12 5.651186e-12 3.038441e+01 
d 1.014109e+00 1.222603e+00  1.173911e+02 1.633997e+01 -4.732136e+00 3.745738e+12 5.651186e-12 1.173911e+02 
d 1.017582e+00 1.218430e+00  4.574567e+03 2.080747e+01 -2.646295e-01 5.314207e+12 5.651186e-12 4.574567e+03 
d 1.021055e+00 1.214286e+00  3.192153e+06 2.207067e+01 9.985685e-01 6.471468e+12 5.651186e-12 3.192153e+06 
d 1.024528e+00 1.210169e+00  3.166671e+06 2.106037e+01 -1.173050e-02 7.409201e+12 5.651186e-12 3.166671e+06 
d 1.028001e+00 1.206081e+00  8.240002e+05 1.806828e+01 -3.003823e+00 8.199354e+12 5.651186e-12 8.240002e+05 
d 1.031474e+00 1.202020e+00  7.246357e+04 1.317949e+01 -7.892610e+00 8.877688e+12 5.651186e-12 7.246357e+04 
d 1.034947e+00 1.197987e+00  6.279773e+03 6.383652e+00 -1.468845e+01 9.464558e+12 5.651186e-12 6.279773e+03 
d 1.038420e+00 1.193980e+00  5.764807e+02 -2.383114e+00 -2.345522e+01 9.972455e+12 5.651186e-12 5.764807e+02 
d 1.041893e+00 1.190000e+00  3.675275e+01 -1.321812e+01 -3.429023e+01 1.040936e+13 5.651186e-12 3.675275e+01 
d 1.045366e+00 1.186046e+00  2.656983e+01 -2.624045e+01 -4.731256e+01 1.078049e+13 5.651186e-12 2.656983e+01 
d 1.048839e+00 1.182119e+00  2.097916e+01 -4.158269e+01 -6.265479e+01 1.108923e+13 5.651186e-12 2.097916e+01 
d 1.052311e+00 1.178218e+00  1.665920e+01 -5.938405e+01 -8.045615e+01 1.133780e+13 5.651186e-12 1.665920e+01 
d 1.055784e+00 1.174342e+00  1.350842e+01 -7.978391e+01 -1.008560e+02 1.152763e+13 5.651186e-12 1.350842e+01 
d 1.059257e+00 1.170492e+00  1.112010e+01 -1.029152e+02 -1.239873e+02 1.165967e+13 5.651186e-12 1.112010e+01 
d 1.062730e+00 1.166667e+00  9.368923e+00 -1.288977e+02 -1.499698e+02 1.173466e+13 5.651186e-12 9.368923e+00 
d 1.066203e+00 1.162866e+00  7.851320e+00 -1.578307e+02 -1.789028e+02 1.175328e+13 5.651186e-12 7.851320e+00 
d 1.069676e+00 1.159091e+00  6.632547e+00 -1.897861e+02 -2.108582e+02 1.171636e+13 5.651186e-12 6.632547e+00 
d 1.073149e+00 1.155340e+00  5.639228e+00 -2.248013e+02 -2.458734e+02 1.162500e+13 5.651186e-12 5.639228e+00 
d 1.076622e+00 1.151613e+00  4.819998e+00 -2.628728e+02 -2.839449e+02 1.148068e+13 5.651186e-12 4.819998e+00 
d 1.080095e+00 1.147910e+00  4.137760e+00 -3.039507e+02 -3.250228e+02 1.128542e+13 5.651186e-12 4.137760e+00 
d 1.083568e+00 1.144231e+00  3.565020e+00 -3.479349e+02 -3.690070e+02 1.104177e+13 5.651186e-12 3.565020e+00 
d 1.087041e+00 1.140575e+00  3.080955e+00 -3.946728e+02 -4.157449e+02 1.075292e+13 5.651186e-12 3.080955e+00 
d 1.090514e+00 1.136943e+00  2.669506e+00 -4.439597e+02 -4.650318e+02 1.042264e+13 5.651186e-12 2.669506e+00 
