v ATLAS
# This file was created by ATLAS version 5.26.1.R on Tue Apr 17 02:41:17 2018.
#SSF 2.0 generic
##############################################################################
#                    Copyright (c) 1984 - 2018                               #
#                    Silvaco Inc. All rights reserved                        #
#                                                                            #
# This file format and the following Key are copyright Silvaco Inc.          #
# You may not use, this format or key without reproducing this message in    #
# full and obtaining express written permission from Silvaco Inc.            #
#                                                                            #
# To obtain such permission please contact: Silvaco Inc.                     #
#                                           support@silvaco.com              #
#                                                                            #
# KEY=SVC86hn7562asdx                       PROD=345                         #
##############################################################################
o 1 Net gain, mode 1
o 2 Photon lifetime (s)
p 8 2211 87 2001 2201 3000 2214 3001 2212
d 1.007163e+00 1.231034e+00  3.990936e+01 0.000000e+00 -2.107210e+01 7.073258e+12 5.651186e-12 3.990936e+01 
d 1.010636e+00 1.226804e+00  3.990936e+01 0.000000e+00 -2.107210e+01 7.073258e+12 5.651186e-12 3.990936e+01 
d 1.014109e+00 1.222603e+00  1.232793e+02 1.603140e+01 -5.040701e+00 5.135790e+12 5.651186e-12 1.232793e+02 
d 1.017582e+00 1.218430e+00  8.328492e+03 2.029307e+01 -7.790344e-01 6.777392e+12 5.651186e-12 8.328492e+03 
d 1.021055e+00 1.214286e+00  7.401709e+07 2.134095e+01 2.688466e-01 7.990764e+12 5.651186e-12 7.401709e+07 
d 1.024528e+00 1.210169e+00  2.144990e+07 2.009397e+01 -9.781329e-01 8.976083e+12 5.651186e-12 2.144990e+07 
d 1.028001e+00 1.206081e+00  5.327711e+04 1.683870e+01 -4.233398e+00 9.808533e+12 5.651186e-12 5.327711e+04 
d 1.031474e+00 1.202020e+00  1.525848e+02 1.165718e+01 -9.414921e+00 1.052552e+13 5.651186e-12 1.525848e+02 
d 1.034947e+00 1.197987e+00  8.400711e+01 4.537058e+00 -1.653505e+01 1.114838e+13 5.651186e-12 8.400711e+01 
d 1.038420e+00 1.193980e+00  5.549755e+01 -4.586645e+00 -2.565875e+01 1.169023e+13 5.651186e-12 5.549755e+01 
d 1.041893e+00 1.190000e+00  3.972293e+01 -1.581145e+01 -3.688356e+01 1.215949e+13 5.651186e-12 3.972293e+01 
d 1.045366e+00 1.186046e+00  2.990601e+01 -2.925563e+01 -5.032774e+01 1.256166e+13 5.651186e-12 2.990601e+01 
d 1.048839e+00 1.182119e+00  2.330617e+01 -4.504979e+01 -6.612190e+01 1.290034e+13 5.651186e-12 2.330617e+01 
d 1.052311e+00 1.178218e+00  1.862075e+01 -6.332986e+01 -8.440196e+01 1.317786e+13 5.651186e-12 1.862075e+01 
d 1.055784e+00 1.174342e+00  1.515797e+01 -8.423043e+01 -1.053025e+02 1.339573e+13 5.651186e-12 1.515797e+01 
d 1.059257e+00 1.170492e+00  1.251908e+01 -1.078781e+02 -1.289502e+02 1.355491e+13 5.651186e-12 1.251908e+01 
d 1.062730e+00 1.166667e+00  1.074464e+01 -1.343848e+02 -1.554569e+02 1.365606e+13 5.651186e-12 1.074464e+01 
d 1.066203e+00 1.162866e+00  9.044713e+00 -1.638403e+02 -1.849125e+02 1.369976e+13 5.651186e-12 9.044713e+00 
d 1.069676e+00 1.159091e+00  7.674951e+00 -1.963060e+02 -2.173781e+02 1.368666e+13 5.651186e-12 7.674951e+00 
d 1.073149e+00 1.155340e+00  6.556275e+00 -2.318076e+02 -2.528797e+02 1.361763e+13 5.651186e-12 6.556275e+00 
d 1.076622e+00 1.151613e+00  5.632343e+00 -2.703293e+02 -2.914014e+02 1.349389e+13 5.651186e-12 5.632343e+00 
d 1.080095e+00 1.147910e+00  4.861992e+00 -3.118092e+02 -3.328813e+02 1.331711e+13 5.651186e-12 4.861992e+00 
d 1.083568e+00 1.144231e+00  4.214495e+00 -3.561358e+02 -3.772079e+02 1.308950e+13 5.651186e-12 4.214495e+00 
d 1.087041e+00 1.140575e+00  3.666487e+00 -4.031465e+02 -4.242186e+02 1.281385e+13 5.651186e-12 3.666487e+00 
d 1.090514e+00 1.136943e+00  3.199905e+00 -4.526287e+02 -4.737008e+02 1.249356e+13 5.651186e-12 3.199905e+00 
