v ATLAS
# This file was created by ATLAS version 5.26.1.R on Tue Apr 17 22:46:15 2018.
#SSF 2.0 generic
##############################################################################
#                    Copyright (c) 1984 - 2018                               #
#                    Silvaco Inc. All rights reserved                        #
#                                                                            #
# This file format and the following Key are copyright Silvaco Inc.          #
# You may not use, this format or key without reproducing this message in    #
# full and obtaining express written permission from Silvaco Inc.            #
#                                                                            #
# To obtain such permission please contact: Silvaco Inc.                     #
#                                           support@silvaco.com              #
#                                                                            #
# KEY=SVC86hn7562asdx                       PROD=345                         #
##############################################################################
y 3 700 711 15
z 7 0.06 300
f 3 "source" "gate" "drain" 
p 9 2 601 20 3 602 21 4 603 22 
d 0.000000000e+00 0.000000000e+00 -4.393934161e-16 0.000000000e+00 0.000000000e+00 0.000000000e+00 3.000000000e-02 3.000000000e-02 4.399675301e-16 
d 0.000000000e+00 0.000000000e+00 -1.770656268e-15 0.000000000e+00 0.000000000e+00 0.000000000e+00 1.000000000e-01 1.000000000e-01 1.770733241e-15 
d 0.000000000e+00 0.000000000e+00 -7.167915918e-15 0.000000000e+00 0.000000000e+00 0.000000000e+00 2.500000000e-01 2.500000000e-01 7.168053644e-15 
d 0.000000000e+00 0.000000000e+00 -5.480947736e-14 0.000000000e+00 0.000000000e+00 0.000000000e+00 5.000000000e-01 5.000000000e-01 5.480956780e-14 
d 0.000000000e+00 0.000000000e+00 -2.874814775e-13 0.000000000e+00 0.000000000e+00 0.000000000e+00 7.500000000e-01 7.500000000e-01 2.874816549e-13 
d 0.000000000e+00 0.000000000e+00 -5.254969582e-13 0.000000000e+00 0.000000000e+00 0.000000000e+00 1.000000000e+00 1.000000000e+00 5.254971864e-13 
d 0.000000000e+00 0.000000000e+00 -5.575076521e-13 0.000000000e+00 0.000000000e+00 0.000000000e+00 1.250000000e+00 1.250000000e+00 5.575074085e-13 
d 0.000000000e+00 0.000000000e+00 -5.733411997e-13 0.000000000e+00 0.000000000e+00 0.000000000e+00 1.500000000e+00 1.500000000e+00 5.733413787e-13 
d 0.000000000e+00 0.000000000e+00 -5.990061550e-13 0.000000000e+00 0.000000000e+00 0.000000000e+00 1.750000000e+00 1.750000000e+00 5.990064144e-13 
d 0.000000000e+00 0.000000000e+00 -6.633158365e-13 0.000000000e+00 0.000000000e+00 0.000000000e+00 2.000000000e+00 2.000000000e+00 6.633158354e-13 
d 0.000000000e+00 0.000000000e+00 -8.025608676e-13 0.000000000e+00 0.000000000e+00 0.000000000e+00 3.000000000e+00 3.000000000e+00 8.025615385e-13 
d 0.000000000e+00 0.000000000e+00 -9.726854586e-13 0.000000000e+00 0.000000000e+00 0.000000000e+00 4.000000000e+00 4.000000000e+00 9.726864947e-13 
d 0.000000000e+00 0.000000000e+00 -1.378564659e-12 0.000000000e+00 0.000000000e+00 0.000000000e+00 5.000000000e+00 5.000000000e+00 1.378565251e-12 
d 0.000000000e+00 0.000000000e+00 -1.485684041e-12 0.000000000e+00 0.000000000e+00 0.000000000e+00 6.000000000e+00 6.000000000e+00 1.485684533e-12 
d 0.000000000e+00 0.000000000e+00 -1.576062373e-12 0.000000000e+00 0.000000000e+00 0.000000000e+00 7.000000000e+00 7.000000000e+00 1.576063014e-12 
d 0.000000000e+00 0.000000000e+00 -1.657262621e-12 0.000000000e+00 0.000000000e+00 0.000000000e+00 8.000000000e+00 8.000000000e+00 1.657259854e-12 
d 0.000000000e+00 0.000000000e+00 -1.754619462e-12 0.000000000e+00 0.000000000e+00 0.000000000e+00 9.000000000e+00 9.000000000e+00 1.754620709e-12 
d 0.000000000e+00 0.000000000e+00 -1.823869787e-12 0.000000000e+00 0.000000000e+00 0.000000000e+00 1.000000000e+01 1.000000000e+01 1.823869289e-12 
d 0.000000000e+00 0.000000000e+00 -2.521181317e-12 0.000000000e+00 0.000000000e+00 0.000000000e+00 1.500000000e+01 1.500000000e+01 2.521178252e-12 
d 0.000000000e+00 0.000000000e+00 -2.773505422e-12 0.000000000e+00 0.000000000e+00 0.000000000e+00 2.000000000e+01 2.000000000e+01 2.773502982e-12 
d 0.000000000e+00 0.000000000e+00 -3.010936909e-12 0.000000000e+00 0.000000000e+00 0.000000000e+00 2.500000000e+01 2.500000000e+01 3.010935108e-12 
d 0.000000000e+00 0.000000000e+00 -3.220684008e-12 0.000000000e+00 0.000000000e+00 0.000000000e+00 3.000000000e+01 3.000000000e+01 3.220671141e-12 
d 0.000000000e+00 0.000000000e+00 -3.312557044e-12 0.000000000e+00 0.000000000e+00 0.000000000e+00 3.500000000e+01 3.500000000e+01 3.312552561e-12 
d 0.000000000e+00 0.000000000e+00 -3.382655533e-12 0.000000000e+00 0.000000000e+00 0.000000000e+00 4.000000000e+01 4.000000000e+01 3.382648322e-12 
d 0.000000000e+00 0.000000000e+00 -3.440098973e-12 0.000000000e+00 0.000000000e+00 0.000000000e+00 4.500000000e+01 4.500000000e+01 3.440101550e-12 
d 0.000000000e+00 0.000000000e+00 -3.491413065e-12 0.000000000e+00 0.000000000e+00 0.000000000e+00 5.000000000e+01 5.000000000e+01 3.491422590e-12 
d 0.000000000e+00 0.000000000e+00 -3.536163254e-12 0.000000000e+00 0.000000000e+00 0.000000000e+00 5.500000000e+01 5.500000000e+01 3.536145556e-12 
d 0.000000000e+00 0.000000000e+00 -3.573024192e-12 0.000000000e+00 0.000000000e+00 0.000000000e+00 6.000000000e+01 6.000000000e+01 3.573018925e-12 
d 0.000000000e+00 0.000000000e+00 -3.609009626e-12 0.000000000e+00 0.000000000e+00 0.000000000e+00 6.500000000e+01 6.500000000e+01 3.608982083e-12 
d 0.000000000e+00 0.000000000e+00 -3.642822409e-12 0.000000000e+00 0.000000000e+00 0.000000000e+00 7.000000000e+01 7.000000000e+01 3.642819994e-12 
d 0.000000000e+00 0.000000000e+00 -3.672700003e-12 0.000000000e+00 0.000000000e+00 0.000000000e+00 7.500000000e+01 7.500000000e+01 3.672705932e-12 
d 0.000000000e+00 0.000000000e+00 -3.706413147e-12 0.000000000e+00 0.000000000e+00 0.000000000e+00 8.000000000e+01 8.000000000e+01 3.706440612e-12 
d 0.000000000e+00 0.000000000e+00 -3.732413409e-12 0.000000000e+00 0.000000000e+00 0.000000000e+00 8.500000000e+01 8.500000000e+01 3.732427477e-12 
d 0.000000000e+00 0.000000000e+00 -3.757678483e-12 0.000000000e+00 0.000000000e+00 0.000000000e+00 9.000000000e+01 9.000000000e+01 3.757699004e-12 
d 0.000000000e+00 0.000000000e+00 -3.784644919e-12 0.000000000e+00 0.000000000e+00 0.000000000e+00 9.500000000e+01 9.500000000e+01 3.784658469e-12 
d 0.000000000e+00 0.000000000e+00 -3.810171679e-12 0.000000000e+00 0.000000000e+00 0.000000000e+00 1.000000000e+02 1.000000000e+02 3.810147908e-12 
d 0.000000000e+00 0.000000000e+00 -3.832247027e-12 0.000000000e+00 0.000000000e+00 0.000000000e+00 1.050000000e+02 1.050000000e+02 3.832261552e-12 
d 0.000000000e+00 0.000000000e+00 -3.855306196e-12 0.000000000e+00 0.000000000e+00 0.000000000e+00 1.100000000e+02 1.100000000e+02 3.855279921e-12 
d 0.000000000e+00 0.000000000e+00 -3.878879559e-12 0.000000000e+00 0.000000000e+00 0.000000000e+00 1.150000000e+02 1.150000000e+02 3.878892666e-12 
d 0.000000000e+00 0.000000000e+00 -3.897359221e-12 0.000000000e+00 0.000000000e+00 0.000000000e+00 1.200000000e+02 1.200000000e+02 3.897330656e-12 
d 0.000000000e+00 0.000000000e+00 -3.914317302e-12 0.000000000e+00 0.000000000e+00 0.000000000e+00 1.250000000e+02 1.250000000e+02 3.914299528e-12 
d 0.000000000e+00 0.000000000e+00 -3.938958099e-12 0.000000000e+00 0.000000000e+00 0.000000000e+00 1.300000000e+02 1.300000000e+02 3.939002112e-12 
d 0.000000000e+00 0.000000000e+00 -3.952619183e-12 0.000000000e+00 0.000000000e+00 0.000000000e+00 1.350000000e+02 1.350000000e+02 3.952631746e-12 
d 0.000000000e+00 0.000000000e+00 -3.968559048e-12 0.000000000e+00 0.000000000e+00 0.000000000e+00 1.400000000e+02 1.400000000e+02 3.968556468e-12 
d 0.000000000e+00 0.000000000e+00 -3.983380332e-12 0.000000000e+00 0.000000000e+00 0.000000000e+00 1.450000000e+02 1.450000000e+02 3.983361779e-12 
d 0.000000000e+00 0.000000000e+00 -4.006607741e-12 0.000000000e+00 0.000000000e+00 0.000000000e+00 1.500000000e+02 1.500000000e+02 4.006620641e-12 
d 0.000000000e+00 0.000000000e+00 -4.014142919e-12 0.000000000e+00 0.000000000e+00 0.000000000e+00 1.550000000e+02 1.550000000e+02 4.014147728e-12 
d 0.000000000e+00 0.000000000e+00 -4.041932093e-12 0.000000000e+00 0.000000000e+00 0.000000000e+00 1.600000000e+02 1.600000000e+02 4.041948284e-12 
d 0.000000000e+00 0.000000000e+00 -4.051250890e-12 0.000000000e+00 0.000000000e+00 0.000000000e+00 1.650000000e+02 1.650000000e+02 4.051233792e-12 
d 0.000000000e+00 0.000000000e+00 -4.075259890e-12 0.000000000e+00 0.000000000e+00 0.000000000e+00 1.700000000e+02 1.700000000e+02 4.075269165e-12 
d 0.000000000e+00 0.000000000e+00 -4.082583439e-12 0.000000000e+00 0.000000000e+00 0.000000000e+00 1.750000000e+02 1.750000000e+02 4.082564341e-12 
d 0.000000000e+00 0.000000000e+00 -4.092462751e-12 0.000000000e+00 0.000000000e+00 0.000000000e+00 1.800000000e+02 1.800000000e+02 4.092392050e-12 
d 0.000000000e+00 0.000000000e+00 -4.108929471e-12 0.000000000e+00 0.000000000e+00 0.000000000e+00 1.850000000e+02 1.850000000e+02 4.108918697e-12 
d 0.000000000e+00 0.000000000e+00 -4.118129994e-12 0.000000000e+00 0.000000000e+00 0.000000000e+00 1.900000000e+02 1.900000000e+02 4.118137906e-12 
d 0.000000000e+00 0.000000000e+00 -4.123876489e-12 0.000000000e+00 0.000000000e+00 0.000000000e+00 1.950000000e+02 1.950000000e+02 4.123836136e-12 
d 0.000000000e+00 0.000000000e+00 -4.147927025e-12 0.000000000e+00 0.000000000e+00 0.000000000e+00 2.000000000e+02 2.000000000e+02 4.147933349e-12 
d 0.000000000e+00 0.000000000e+00 -4.150509578e-12 0.000000000e+00 0.000000000e+00 0.000000000e+00 2.050000000e+02 2.050000000e+02 4.150528104e-12 
d 0.000000000e+00 0.000000000e+00 -4.161084366e-12 0.000000000e+00 0.000000000e+00 0.000000000e+00 2.100000000e+02 2.100000000e+02 4.161077339e-12 
d 0.000000000e+00 0.000000000e+00 -4.188221719e-12 0.000000000e+00 0.000000000e+00 0.000000000e+00 2.150000000e+02 2.150000000e+02 4.188122500e-12 
d 0.000000000e+00 0.000000000e+00 -4.191809588e-12 0.000000000e+00 0.000000000e+00 0.000000000e+00 2.200000000e+02 2.200000000e+02 4.191850747e-12 
d 0.000000000e+00 0.000000000e+00 -4.197611891e-12 0.000000000e+00 0.000000000e+00 0.000000000e+00 2.250000000e+02 2.250000000e+02 4.197730448e-12 
d 0.000000000e+00 0.000000000e+00 -4.204684068e-12 0.000000000e+00 0.000000000e+00 0.000000000e+00 2.300000000e+02 2.300000000e+02 4.204751823e-12 
d 0.000000000e+00 0.000000000e+00 -4.220588016e-12 0.000000000e+00 0.000000000e+00 0.000000000e+00 2.350000000e+02 2.350000000e+02 4.220621632e-12 
d 0.000000000e+00 0.000000000e+00 -4.224502842e-12 0.000000000e+00 0.000000000e+00 0.000000000e+00 2.400000000e+02 2.400000000e+02 4.224555983e-12 
d 0.000000000e+00 0.000000000e+00 -4.235219636e-12 0.000000000e+00 0.000000000e+00 0.000000000e+00 2.450000000e+02 2.450000000e+02 4.235286451e-12 
d 0.000000000e+00 0.000000000e+00 -4.236552938e-12 0.000000000e+00 0.000000000e+00 0.000000000e+00 2.500000000e+02 2.500000000e+02 4.236495659e-12 
d 0.000000000e+00 0.000000000e+00 -4.239470741e-12 0.000000000e+00 0.000000000e+00 0.000000000e+00 2.550000000e+02 2.550000000e+02 4.239553909e-12 
d 0.000000000e+00 0.000000000e+00 -4.257788472e-12 0.000000000e+00 0.000000000e+00 0.000000000e+00 2.600000000e+02 2.600000000e+02 4.257756944e-12 
d 0.000000000e+00 0.000000000e+00 -4.268289388e-12 0.000000000e+00 0.000000000e+00 0.000000000e+00 2.650000000e+02 2.650000000e+02 4.268431169e-12 
d 0.000000000e+00 0.000000000e+00 -4.271589333e-12 0.000000000e+00 0.000000000e+00 0.000000000e+00 2.700000000e+02 2.700000000e+02 4.271665280e-12 
d 0.000000000e+00 0.000000000e+00 -4.280251672e-12 0.000000000e+00 0.000000000e+00 0.000000000e+00 2.750000000e+02 2.750000000e+02 4.280251283e-12 
d 0.000000000e+00 0.000000000e+00 -4.284777413e-12 0.000000000e+00 0.000000000e+00 0.000000000e+00 2.800000000e+02 2.800000000e+02 4.284725190e-12 
d 0.000000000e+00 0.000000000e+00 -4.298192347e-12 0.000000000e+00 0.000000000e+00 0.000000000e+00 2.850000000e+02 2.850000000e+02 4.298167329e-12 
d 0.000000000e+00 0.000000000e+00 -4.315865925e-12 0.000000000e+00 0.000000000e+00 0.000000000e+00 2.900000000e+02 2.900000000e+02 4.315988875e-12 
d 0.000000000e+00 0.000000000e+00 -4.318009402e-12 0.000000000e+00 0.000000000e+00 0.000000000e+00 2.950000000e+02 2.950000000e+02 4.318108694e-12 
d 0.000000000e+00 0.000000000e+00 -4.319658379e-12 0.000000000e+00 0.000000000e+00 0.000000000e+00 3.000000000e+02 3.000000000e+02 4.319672038e-12 
d 0.000000000e+00 0.000000000e+00 -4.321519538e-12 0.000000000e+00 0.000000000e+00 0.000000000e+00 3.050000000e+02 3.050000000e+02 4.321494480e-12 
d 0.000000000e+00 0.000000000e+00 -4.325192328e-12 0.000000000e+00 0.000000000e+00 0.000000000e+00 3.100000000e+02 3.100000000e+02 4.325211846e-12 
d 0.000000000e+00 0.000000000e+00 -4.339450160e-12 0.000000000e+00 0.000000000e+00 0.000000000e+00 3.150000000e+02 3.150000000e+02 4.339448263e-12 
d 0.000000000e+00 0.000000000e+00 -4.344577453e-12 0.000000000e+00 0.000000000e+00 0.000000000e+00 3.200000000e+02 3.200000000e+02 4.344639716e-12 
d 0.000000000e+00 0.000000000e+00 -4.347648496e-12 0.000000000e+00 0.000000000e+00 0.000000000e+00 3.250000000e+02 3.250000000e+02 4.347651889e-12 
d 0.000000000e+00 0.000000000e+00 -4.353178140e-12 0.000000000e+00 0.000000000e+00 0.000000000e+00 3.300000000e+02 3.300000000e+02 4.353248801e-12 
d 0.000000000e+00 0.000000000e+00 -4.370257739e-12 0.000000000e+00 0.000000000e+00 0.000000000e+00 3.350000000e+02 3.350000000e+02 4.370290229e-12 
d 0.000000000e+00 0.000000000e+00 -4.375159144e-12 0.000000000e+00 0.000000000e+00 0.000000000e+00 3.400000000e+02 3.400000000e+02 4.375170894e-12 
d 0.000000000e+00 0.000000000e+00 -4.378784183e-12 0.000000000e+00 0.000000000e+00 0.000000000e+00 3.450000000e+02 3.450000000e+02 4.378800571e-12 
d 0.000000000e+00 0.000000000e+00 -4.382808977e-12 0.000000000e+00 0.000000000e+00 0.000000000e+00 3.500000000e+02 3.500000000e+02 4.382842413e-12 
d 0.000000000e+00 0.000000000e+00 -4.392451089e-12 0.000000000e+00 0.000000000e+00 0.000000000e+00 3.550000000e+02 3.550000000e+02 4.392448008e-12 
d 0.000000000e+00 0.000000000e+00 -4.402356850e-12 0.000000000e+00 0.000000000e+00 0.000000000e+00 3.600000000e+02 3.600000000e+02 4.402285929e-12 
d 0.000000000e+00 0.000000000e+00 -4.407684679e-12 0.000000000e+00 0.000000000e+00 0.000000000e+00 3.650000000e+02 3.650000000e+02 4.407762430e-12 
d 0.000000000e+00 0.000000000e+00 -4.413404293e-12 0.000000000e+00 0.000000000e+00 0.000000000e+00 3.700000000e+02 3.700000000e+02 4.413445319e-12 
d 0.000000000e+00 0.000000000e+00 -4.419598498e-12 0.000000000e+00 0.000000000e+00 0.000000000e+00 3.750000000e+02 3.750000000e+02 4.419540812e-12 
d 0.000000000e+00 0.000000000e+00 -4.426302069e-12 0.000000000e+00 0.000000000e+00 0.000000000e+00 3.800000000e+02 3.800000000e+02 4.426309065e-12 
d 0.000000000e+00 0.000000000e+00 -4.433580432e-12 0.000000000e+00 0.000000000e+00 0.000000000e+00 3.850000000e+02 3.850000000e+02 4.433557201e-12 
d 0.000000000e+00 0.000000000e+00 -4.441584739e-12 0.000000000e+00 0.000000000e+00 0.000000000e+00 3.900000000e+02 3.900000000e+02 4.441646968e-12 
d 0.000000000e+00 0.000000000e+00 -4.451600092e-12 0.000000000e+00 0.000000000e+00 0.000000000e+00 3.950000000e+02 3.950000000e+02 4.451625617e-12 
d 0.000000000e+00 0.000000000e+00 -4.466718923e-12 0.000000000e+00 0.000000000e+00 0.000000000e+00 4.000000000e+02 4.000000000e+02 4.466847817e-12 
d 0.000000000e+00 0.000000000e+00 -4.479112939e-12 0.000000000e+00 0.000000000e+00 0.000000000e+00 4.050000000e+02 4.050000000e+02 4.479101598e-12 
d 0.000000000e+00 0.000000000e+00 -4.490359387e-12 0.000000000e+00 0.000000000e+00 0.000000000e+00 4.100000000e+02 4.100000000e+02 4.490232731e-12 
d 0.000000000e+00 0.000000000e+00 -4.502399022e-12 0.000000000e+00 0.000000000e+00 0.000000000e+00 4.150000000e+02 4.150000000e+02 4.502363852e-12 
d 0.000000000e+00 0.000000000e+00 -4.515473676e-12 0.000000000e+00 0.000000000e+00 0.000000000e+00 4.200000000e+02 4.200000000e+02 4.515431889e-12 
d 0.000000000e+00 0.000000000e+00 -4.529680424e-12 0.000000000e+00 0.000000000e+00 0.000000000e+00 4.250000000e+02 4.250000000e+02 4.529515198e-12 
d 0.000000000e+00 0.000000000e+00 -4.545116646e-12 0.000000000e+00 0.000000000e+00 0.000000000e+00 4.300000000e+02 4.300000000e+02 4.544881471e-12 
d 0.000000000e+00 0.000000000e+00 -4.561886675e-12 0.000000000e+00 0.000000000e+00 0.000000000e+00 4.350000000e+02 4.350000000e+02 4.561907586e-12 
d 0.000000000e+00 0.000000000e+00 -4.580111623e-12 0.000000000e+00 0.000000000e+00 0.000000000e+00 4.400000000e+02 4.400000000e+02 4.580396798e-12 
d 0.000000000e+00 0.000000000e+00 -4.599927155e-12 0.000000000e+00 0.000000000e+00 0.000000000e+00 4.450000000e+02 4.450000000e+02 4.600038875e-12 
d 0.000000000e+00 0.000000000e+00 -4.621489977e-12 0.000000000e+00 0.000000000e+00 0.000000000e+00 4.500000000e+02 4.500000000e+02 4.621365613e-12 
d 0.000000000e+00 0.000000000e+00 -4.644946038e-12 0.000000000e+00 0.000000000e+00 0.000000000e+00 4.550000000e+02 4.550000000e+02 4.645269214e-12 
d 0.000000000e+00 0.000000000e+00 -4.670410155e-12 0.000000000e+00 0.000000000e+00 0.000000000e+00 4.600000000e+02 4.600000000e+02 4.670556140e-12 
d 0.000000000e+00 0.000000000e+00 -4.698419747e-12 0.000000000e+00 0.000000000e+00 0.000000000e+00 4.650000000e+02 4.650000000e+02 4.698161172e-12 
d 0.000000000e+00 0.000000000e+00 -4.734355678e-12 0.000000000e+00 0.000000000e+00 0.000000000e+00 4.700000000e+02 4.700000000e+02 4.734350786e-12 
d 0.000000000e+00 0.000000000e+00 -4.773066378e-12 0.000000000e+00 0.000000000e+00 0.000000000e+00 4.750000000e+02 4.750000000e+02 4.773247016e-12 
d 0.000000000e+00 0.000000000e+00 -4.808710970e-12 0.000000000e+00 0.000000000e+00 0.000000000e+00 4.800000000e+02 4.800000000e+02 4.808718818e-12 
d 0.000000000e+00 0.000000000e+00 -4.846899550e-12 0.000000000e+00 0.000000000e+00 0.000000000e+00 4.850000000e+02 4.850000000e+02 4.847264416e-12 
d 0.000000000e+00 0.000000000e+00 -4.888406467e-12 0.000000000e+00 0.000000000e+00 0.000000000e+00 4.900000000e+02 4.900000000e+02 4.888139655e-12 
d 0.000000000e+00 0.000000000e+00 -4.933580883e-12 0.000000000e+00 0.000000000e+00 0.000000000e+00 4.950000000e+02 4.950000000e+02 4.933562226e-12 
d 0.000000000e+00 0.000000000e+00 -4.982793858e-12 0.000000000e+00 0.000000000e+00 0.000000000e+00 5.000000000e+02 5.000000000e+02 4.982757062e-12 
d 0.000000000e+00 0.000000000e+00 -5.036473242e-12 0.000000000e+00 0.000000000e+00 0.000000000e+00 5.050000000e+02 5.050000000e+02 5.036566873e-12 
d 0.000000000e+00 0.000000000e+00 -5.095114091e-12 0.000000000e+00 0.000000000e+00 0.000000000e+00 5.100000000e+02 5.100000000e+02 5.095249718e-12 
d 0.000000000e+00 0.000000000e+00 -5.159261446e-12 0.000000000e+00 0.000000000e+00 0.000000000e+00 5.150000000e+02 5.150000000e+02 5.159236836e-12 
d 0.000000000e+00 0.000000000e+00 -5.229525201e-12 0.000000000e+00 0.000000000e+00 0.000000000e+00 5.200000000e+02 5.200000000e+02 5.229295816e-12 
d 0.000000000e+00 0.000000000e+00 -5.310331198e-12 0.000000000e+00 0.000000000e+00 0.000000000e+00 5.250000000e+02 5.250000000e+02 5.310190451e-12 
d 0.000000000e+00 0.000000000e+00 -5.407468549e-12 0.000000000e+00 0.000000000e+00 0.000000000e+00 5.300000000e+02 5.300000000e+02 5.407400893e-12 
d 0.000000000e+00 0.000000000e+00 -5.500603736e-12 0.000000000e+00 0.000000000e+00 0.000000000e+00 5.350000000e+02 5.350000000e+02 5.500395723e-12 
d 0.000000000e+00 0.000000000e+00 -5.601197870e-12 0.000000000e+00 0.000000000e+00 0.000000000e+00 5.400000000e+02 5.400000000e+02 5.601239643e-12 
d 0.000000000e+00 0.000000000e+00 -5.711829272e-12 0.000000000e+00 0.000000000e+00 0.000000000e+00 5.450000000e+02 5.450000000e+02 5.711920012e-12 
d 0.000000000e+00 0.000000000e+00 -5.840476763e-12 0.000000000e+00 0.000000000e+00 0.000000000e+00 5.500000000e+02 5.500000000e+02 5.840710385e-12 
d 0.000000000e+00 0.000000000e+00 -5.978935669e-12 0.000000000e+00 0.000000000e+00 0.000000000e+00 5.550000000e+02 5.550000000e+02 5.978936683e-12 
d 0.000000000e+00 0.000000000e+00 -6.128466701e-12 0.000000000e+00 0.000000000e+00 0.000000000e+00 5.600000000e+02 5.600000000e+02 6.128402851e-12 
d 0.000000000e+00 0.000000000e+00 -6.294956001e-12 0.000000000e+00 0.000000000e+00 0.000000000e+00 5.650000000e+02 5.650000000e+02 6.294914321e-12 
d 0.000000000e+00 0.000000000e+00 -6.481089765e-12 0.000000000e+00 0.000000000e+00 0.000000000e+00 5.700000000e+02 5.700000000e+02 6.480935205e-12 
d 0.000000000e+00 0.000000000e+00 -6.689799830e-12 0.000000000e+00 0.000000000e+00 0.000000000e+00 5.750000000e+02 5.750000000e+02 6.689779076e-12 
d 0.000000000e+00 0.000000000e+00 -6.924628788e-12 0.000000000e+00 0.000000000e+00 0.000000000e+00 5.800000000e+02 5.800000000e+02 6.924605120e-12 
d 0.000000000e+00 0.000000000e+00 -7.190219934e-12 0.000000000e+00 0.000000000e+00 0.000000000e+00 5.850000000e+02 5.850000000e+02 7.190210469e-12 
d 0.000000000e+00 0.000000000e+00 -7.492501678e-12 0.000000000e+00 0.000000000e+00 0.000000000e+00 5.900000000e+02 5.900000000e+02 7.492557058e-12 
d 0.000000000e+00 0.000000000e+00 -7.838990548e-12 0.000000000e+00 0.000000000e+00 0.000000000e+00 5.950000000e+02 5.950000000e+02 7.839119127e-12 
d 0.000000000e+00 0.000000000e+00 -8.239343629e-12 0.000000000e+00 0.000000000e+00 0.000000000e+00 6.000000000e+02 6.000000000e+02 8.239300329e-12 
d 0.000000000e+00 0.000000000e+00 -8.705929466e-12 0.000000000e+00 0.000000000e+00 0.000000000e+00 6.050000000e+02 6.050000000e+02 8.705943033e-12 
d 0.000000000e+00 0.000000000e+00 -9.254816615e-12 0.000000000e+00 0.000000000e+00 0.000000000e+00 6.100000000e+02 6.100000000e+02 9.254896634e-12 
d 0.000000000e+00 0.000000000e+00 -9.908284470e-12 0.000000000e+00 0.000000000e+00 0.000000000e+00 6.150000000e+02 6.150000000e+02 9.908164954e-12 
d 0.000000000e+00 0.000000000e+00 -1.069817061e-11 0.000000000e+00 0.000000000e+00 0.000000000e+00 6.200000000e+02 6.200000000e+02 1.069831399e-11 
d 0.000000000e+00 0.000000000e+00 -1.167045756e-11 0.000000000e+00 0.000000000e+00 0.000000000e+00 6.250000000e+02 6.250000000e+02 1.167050856e-11 
d 0.000000000e+00 0.000000000e+00 -1.289337639e-11 0.000000000e+00 0.000000000e+00 0.000000000e+00 6.300000000e+02 6.300000000e+02 1.289329756e-11 
d 0.000000000e+00 0.000000000e+00 -1.447408875e-11 0.000000000e+00 0.000000000e+00 0.000000000e+00 6.350000000e+02 6.350000000e+02 1.447405764e-11 
d 0.000000000e+00 0.000000000e+00 -1.659236638e-11 0.000000000e+00 0.000000000e+00 0.000000000e+00 6.400000000e+02 6.400000000e+02 1.659231085e-11 
d 0.000000000e+00 0.000000000e+00 -1.957160220e-11 0.000000000e+00 0.000000000e+00 0.000000000e+00 6.450000000e+02 6.450000000e+02 1.957153552e-11 
d 0.000000000e+00 0.000000000e+00 -2.406011167e-11 0.000000000e+00 0.000000000e+00 0.000000000e+00 6.500000000e+02 6.500000000e+02 2.406020435e-11 
d 0.000000000e+00 0.000000000e+00 -3.158317281e-11 0.000000000e+00 0.000000000e+00 0.000000000e+00 6.550000000e+02 6.550000000e+02 3.158330514e-11 
d 0.000000000e+00 0.000000000e+00 -4.677699130e-11 0.000000000e+00 0.000000000e+00 0.000000000e+00 6.600000000e+02 6.600000000e+02 4.677708295e-11 
d 0.000000000e+00 0.000000000e+00 -4.795382946e-11 0.000000000e+00 0.000000000e+00 0.000000000e+00 6.602500000e+02 6.602500000e+02 4.795381733e-11 
d 0.000000000e+00 0.000000000e+00 -4.919385835e-11 0.000000000e+00 0.000000000e+00 0.000000000e+00 6.605000000e+02 6.605000000e+02 4.919357055e-11 
d 0.000000000e+00 0.000000000e+00 -5.050230784e-11 0.000000000e+00 0.000000000e+00 0.000000000e+00 6.607500000e+02 6.607500000e+02 5.050217622e-11 
d 0.000000000e+00 0.000000000e+00 -5.188500238e-11 0.000000000e+00 0.000000000e+00 0.000000000e+00 6.610000000e+02 6.610000000e+02 5.188502792e-11 
d 0.000000000e+00 0.000000000e+00 -5.334844508e-11 0.000000000e+00 0.000000000e+00 0.000000000e+00 6.612500000e+02 6.612500000e+02 5.334860939e-11 
d 0.000000000e+00 0.000000000e+00 -5.489992260e-11 0.000000000e+00 0.000000000e+00 0.000000000e+00 6.615000000e+02 6.615000000e+02 5.490009958e-11 
d 0.000000000e+00 0.000000000e+00 -5.654762527e-11 0.000000000e+00 0.000000000e+00 0.000000000e+00 6.617500000e+02 6.617500000e+02 5.654746710e-11 
d 0.000000000e+00 0.000000000e+00 -5.830079356e-11 0.000000000e+00 0.000000000e+00 0.000000000e+00 6.620000000e+02 6.620000000e+02 5.830072154e-11 
d 0.000000000e+00 0.000000000e+00 -6.016988805e-11 0.000000000e+00 0.000000000e+00 0.000000000e+00 6.622500000e+02 6.622500000e+02 6.016998228e-11 
d 0.000000000e+00 0.000000000e+00 -6.216680210e-11 0.000000000e+00 0.000000000e+00 0.000000000e+00 6.625000000e+02 6.625000000e+02 6.216695084e-11 
d 0.000000000e+00 0.000000000e+00 -6.430511391e-11 0.000000000e+00 0.000000000e+00 0.000000000e+00 6.627500000e+02 6.627500000e+02 6.430497486e-11 
d 0.000000000e+00 0.000000000e+00 -6.660036955e-11 0.000000000e+00 0.000000000e+00 0.000000000e+00 6.630000000e+02 6.630000000e+02 6.660035970e-11 
d 0.000000000e+00 0.000000000e+00 -6.907056522e-11 0.000000000e+00 0.000000000e+00 0.000000000e+00 6.632500000e+02 6.632500000e+02 6.907057282e-11 
d 0.000000000e+00 0.000000000e+00 -7.173646812e-11 0.000000000e+00 0.000000000e+00 0.000000000e+00 6.635000000e+02 6.635000000e+02 7.173635447e-11 
d 0.000000000e+00 0.000000000e+00 -7.462230181e-11 0.000000000e+00 0.000000000e+00 0.000000000e+00 6.637500000e+02 6.637500000e+02 7.462228978e-11 
d 0.000000000e+00 0.000000000e+00 -7.775645962e-11 0.000000000e+00 0.000000000e+00 0.000000000e+00 6.640000000e+02 6.640000000e+02 7.775646028e-11 
d 0.000000000e+00 0.000000000e+00 -8.117244550e-11 0.000000000e+00 0.000000000e+00 0.000000000e+00 6.642500000e+02 6.642500000e+02 8.117235424e-11 
d 0.000000000e+00 0.000000000e+00 -8.491007560e-11 0.000000000e+00 0.000000000e+00 0.000000000e+00 6.645000000e+02 6.645000000e+02 8.491012384e-11 
d 0.000000000e+00 0.000000000e+00 -8.901704029e-11 0.000000000e+00 0.000000000e+00 0.000000000e+00 6.647500000e+02 6.647500000e+02 8.901699196e-11 
d 0.000000000e+00 0.000000000e+00 -9.355095130e-11 0.000000000e+00 0.000000000e+00 0.000000000e+00 6.650000000e+02 6.650000000e+02 9.355101045e-11 
d 0.000000000e+00 0.000000000e+00 -9.858206839e-11 0.000000000e+00 0.000000000e+00 0.000000000e+00 6.652500000e+02 6.652500000e+02 9.858194643e-11 
d 0.000000000e+00 0.000000000e+00 -1.041969646e-10 0.000000000e+00 0.000000000e+00 0.000000000e+00 6.655000000e+02 6.655000000e+02 1.041970171e-10 
d 0.000000000e+00 0.000000000e+00 -1.105035660e-10 0.000000000e+00 0.000000000e+00 0.000000000e+00 6.657500000e+02 6.657500000e+02 1.105033971e-10 
d 0.000000000e+00 0.000000000e+00 -1.176381640e-10 0.000000000e+00 0.000000000e+00 0.000000000e+00 6.660000000e+02 6.660000000e+02 1.176381691e-10 
d 0.000000000e+00 0.000000000e+00 -1.257753978e-10 0.000000000e+00 0.000000000e+00 0.000000000e+00 6.662500000e+02 6.662500000e+02 1.257751964e-10 
d 0.000000000e+00 0.000000000e+00 -1.351427703e-10 0.000000000e+00 0.000000000e+00 0.000000000e+00 6.665000000e+02 6.665000000e+02 1.351427471e-10 
d 0.000000000e+00 0.000000000e+00 -1.460423086e-10 0.000000000e+00 0.000000000e+00 0.000000000e+00 6.667500000e+02 6.667500000e+02 1.460424302e-10 
d 0.000000000e+00 0.000000000e+00 -1.588838265e-10 0.000000000e+00 0.000000000e+00 0.000000000e+00 6.670000000e+02 6.670000000e+02 1.588838267e-10 
d 0.000000000e+00 0.000000000e+00 -1.742377717e-10 0.000000000e+00 0.000000000e+00 0.000000000e+00 6.672500000e+02 6.672500000e+02 1.742377624e-10 
d 0.000000000e+00 0.000000000e+00 -1.929225851e-10 0.000000000e+00 0.000000000e+00 0.000000000e+00 6.675000000e+02 6.675000000e+02 1.929224109e-10 
d 0.000000000e+00 0.000000000e+00 -2.161561079e-10 0.000000000e+00 0.000000000e+00 0.000000000e+00 6.677500000e+02 6.677500000e+02 2.161560705e-10 
d 0.000000000e+00 0.000000000e+00 -2.458335425e-10 0.000000000e+00 0.000000000e+00 0.000000000e+00 6.680000000e+02 6.680000000e+02 2.458336675e-10 
d 0.000000000e+00 0.000000000e+00 -2.850756382e-10 0.000000000e+00 0.000000000e+00 0.000000000e+00 6.682500000e+02 6.682500000e+02 2.850755416e-10 
d 0.000000000e+00 0.000000000e+00 -3.394135209e-10 0.000000000e+00 0.000000000e+00 0.000000000e+00 6.685000000e+02 6.685000000e+02 3.394134137e-10 
d 0.000000000e+00 0.000000000e+00 -4.196840293e-10 0.000000000e+00 0.000000000e+00 0.000000000e+00 6.687500000e+02 6.687500000e+02 4.196839676e-10 
d 0.000000000e+00 0.000000000e+00 -5.504439427e-10 0.000000000e+00 0.000000000e+00 0.000000000e+00 6.690000000e+02 6.690000000e+02 5.504439099e-10 
d 0.000000000e+00 0.000000000e+00 -8.020551358e-10 0.000000000e+00 0.000000000e+00 0.000000000e+00 6.692500000e+02 6.692500000e+02 8.020552171e-10 
d 0.000000000e+00 0.000000000e+00 -1.495814884e-09 0.000000000e+00 0.000000000e+00 0.000000000e+00 6.695000000e+02 6.695000000e+02 1.495814682e-09 
d 0.000000000e+00 0.000000000e+00 -2.256850778e-08 0.000000000e+00 0.000000000e+00 0.000000000e+00 6.697500000e+02 6.697500000e+02 2.256850769e-08 
d 0.000000000e+00 0.000000000e+00 -1.036417019e-07 0.000000000e+00 0.000000000e+00 0.000000000e+00 6.697812500e+02 6.697812500e+02 1.036417019e-07 
