v VICTORYDEVICE
# silvaco.file ASCII version=1.14.23 format=1 contents=SDB,Tables=1

Copyright "###################################################################"
Copyright "#                    Copyright Silvaco Inc. (c)                   #"
Copyright "#                            1992-2014                            #"
Copyright "#                                                                 #"
Copyright "# This file format and the following Key are copyright Silvaco    #"
Copyright "# International. You may not use, this format or key without      #"
Copyright "# reproducing this message in full and obtaining                  #"
Copyright "# express written permission from Silvaco Inc.                    #"
Copyright "#                                                                 #"
Copyright "# To obtain such permission please contact: Silvaco Inc.          #"
Copyright "#                                           support@silvaco.com   #"
Copyright "#                                                                 #"
Copyright "# KEY=SVC86hn7562asdx                       PROD=345              #"
Copyright "###################################################################"
#This file was created by VICTORYDEVICE version 1.12.1.R
#victoryd 1.12.1.R (Thu Apr 12 10:41:11 PDT 2018)
#libSDB 1.12.42 (Thu Oct 26 19:20:24 PDT 2017)
a VICTORYDEVICE
j 1 9
k 3
r 1 92
x 3 43 42 46
w gate 1 1
r 2 92
x 3 43 42 46
w source 1 2
r 3 92
x 3 43 42 46
w drain 1 3
y 1 15
z 300
o 1 ft_O_front
o 2 O_front
o 3 ft_O_back
o 4 O_back
o 5 ft_O-_front
o 6 O-_front
o 7 ft_O-_back
o 8 O-_back
p 17 2 601 20 3 602 21 4 603 22 3000 3001 3002 3003 3004 3005 3006 3007
d -5 -5 0 0 0 -1.1779723841043018e-20 0.1 0.1 -1.2116913230599105e-20 0 5.0999999999999949e+18 0 1e+17 0 5.0999999999999955e+17 0 1e+16
d -4.7999999999999998 -4.7999999999999998 0 0 0 -2.3758760848610164e-16 0.1 0.1 -2.6175572891964022e-16 0 5.0999999999999949e+18 0 1e+17 0 5.0999999999999955e+17 0 1e+16
d -4.5999999999999996 -4.5999999999999996 0 0 0 -2.4463790682331266e-15 0.1 0.1 -2.2757147995504214e-15 0 5.0999999999999949e+18 0 1e+17 0 5.0999999999999955e+17 0 1e+16
d -4.4000000000000004 -4.4000000000000004 0 0 0 -4.4408838288585722e-24 0.1 0.1 -5.2636800029769009e-24 0 5.0999999999999949e+18 0 1e+17 0 5.0999999999999955e+17 0 1e+16
d -4.2000000000000002 -4.2000000000000002 0 0 0 -1.7650003766438211e-21 0.1 0.1 -1.9604384878137653e-21 0 5.0999999999999949e+18 0 1e+17 0 5.0999999999999955e+17 0 1e+16
d -4 -4 0 0 0 -1.3621328511576167e-20 0.1 0.1 -1.867735927244105e-20 0 5.0999999999999949e+18 0 1e+17 0 5.0999999999999955e+17 0 1e+16
d -3.7999999999999998 -3.7999999999999998 0 0 0 -1.0898175228853218e-19 0.1 0.1 -2.8544684895115272e-19 0 5.0999999999999949e+18 0 1e+17 0 5.0999999999999955e+17 0 1e+16
d -3.6000000000000001 -3.6000000000000001 0 0 0 -2.1437432333645518e-19 0.1 0.1 -3.2154883404587069e-19 0 5.0999999999999949e+18 0 1e+17 0 5.0999999999999955e+17 0 1e+16
d -3.3999999999999999 -3.3999999999999999 0 0 0 -3.7180172564193935e-21 0.1 0.1 -2.1383350708937677e-20 0 5.0999999999999949e+18 0 1e+17 0 5.0999999999999955e+17 0 1e+16
d -3.1999999999999997 -3.1999999999999997 0 0 0 -2.6847768968513461e-22 0.1 0.1 -5.5395933053169831e-21 0 5.0999999999999949e+18 0 1e+17 0 5.0999999999999955e+17 0 1e+16
d -3 -3 0 0 0 -5.9513363785593311e-21 0.1 0.1 -4.9101031296958274e-22 0 5.0999999999999949e+18 0 1e+17 0 5.0999999999999955e+17 0 1e+16
d -2.7999999999999998 -2.7999999999999998 0 0 0 -4.7839053321503491e-17 0.1 0.1 -2.9936183322539734e-17 0 5.0999999999999949e+18 0 1e+17 0 5.0999999999999955e+17 0 1e+16
d -2.5999999999999996 -2.5999999999999996 0 0 0 -2.5022223851263424e-21 0.1 0.1 -4.9981768125712746e-20 0 5.0999999999999949e+18 0 1e+17 0 5.0999999999999955e+17 0 1e+16
d -2.3999999999999999 -2.3999999999999999 0 0 0 -7.1973409953620792e-21 0.1 0.1 -5.4744263419250592e-22 0 5.0999999999999949e+18 0 1e+17 0 5.0999999999999955e+17 0 1e+16
d -2.1999999999999997 -2.1999999999999997 0 0 0 -6.5673062357105775e-22 0.1 0.1 -7.0159796266872335e-20 0 5.0999999999999949e+18 0 1e+17 0 5.0999999999999955e+17 0 1e+16
d -1.9999999999999998 -1.9999999999999998 0 0 0 -8.9165777953994721e-21 0.1 0.1 -1.4825375715093234e-22 0 5.0999999999999949e+18 0 1e+17 0 5.0999999999999955e+17 0 1e+16
d -1.7999999999999998 -1.7999999999999998 0 0 0 -5.315463368792659e-19 0.1 0.1 -2.9321149576021283e-19 0 5.0999999999999949e+18 0 1e+17 0 5.0999999999999955e+17 0 1e+16
d -1.5999999999999999 -1.5999999999999999 0 0 0 -1.4561001179650844e-22 0.1 0.1 -9.4533905835370809e-20 0 5.0999999999999949e+18 0 1e+17 0 5.0999999999999955e+17 0 1e+16
d -1.3999999999999999 -1.3999999999999999 0 0 0 -9.0294876995572075e-22 0.1 0.1 -4.4724272211837358e-19 0 5.0999999999999949e+18 0 1e+17 0 5.0999999999999955e+17 0 1e+16
d -1.1999999999999997 -1.1999999999999997 0 0 0 -1.8420902465601073e-26 0.1 0.1 -2.3107719997185156e-24 0 5.0999999999999949e+18 0 1e+17 0 5.0999999999999955e+17 0 1e+16
d -0.99999999999999978 -0.99999999999999978 0 0 0 -5.7691640193588238e-27 0.1 0.1 3.7320427433803525e-26 0 5.0999999999999949e+18 0 1e+17 0 5.0999999999999955e+17 0 1e+16
d -0.79999999999999982 -0.79999999999999982 0 0 0 -1.6596734201046558e-25 0.1 0.1 1.3895851309891839e-25 0 5.0999999999999949e+18 0 1e+17 0 5.0999999999999955e+17 0 1e+16
d -0.59999999999999976 -0.59999999999999976 0 0 0 -1.1977027251671973e-23 0.1 0.1 1.1964901539506953e-23 0 5.0999999999999949e+18 0 1e+17 0 5.0999999999999955e+17 0 1e+16
d -0.39999999999999974 -0.39999999999999974 0 0 0 -4.423007744832313e-21 0.1 0.1 4.4229963282225086e-21 0 5.0999999999999949e+18 0 1e+17 0 5.0999999999999955e+17 0 1e+16
d -0.19999999999999973 -0.19999999999999973 0 0 0 -2.8488363319104352e-18 0.1 0.1 2.8488363957039545e-18 0 5.0999999999999949e+18 0 1e+17 0 5.0999999999999955e+17 0 1e+16
d 2.7755575615628914e-16 2.7755575615628914e-16 0 0 0 -1.843985742612078e-15 0.1 0.1 1.8439855567968321e-15 0 5.0999999999999949e+18 0 1e+17 0 5.0999999999999955e+17 0 1e+16
d 0.20000000000000029 0.20000000000000029 0 0 0 -9.1337950684909041e-13 0.1 0.1 9.1337950648413292e-13 0 5.0999999999999949e+18 0 1e+17 0 5.0999999999999955e+17 0 1e+16
d 0.4000000000000003 0.4000000000000003 0 0 0 -1.9915974988487979e-10 0.1 0.1 1.9915974988487787e-10 0 5.0999999999999949e+18 0 1e+17 0 5.0999999999999955e+17 0 1e+16
d 0.60000000000000031 0.60000000000000031 0 0 0 -2.1458207619397092e-09 0.1 0.1 2.1458207619397092e-09 0 5.0999999999999949e+18 0 1e+17 0 5.0999999999999955e+17 0 1e+16
d 0.80000000000000027 0.80000000000000027 0 0 0 -5.3590215913661994e-09 0.1 0.1 5.3590215913661994e-09 0 5.0999999999999949e+18 0 1e+17 0 5.0999999999999955e+17 0 1e+16
d 1.0000000000000004 1.0000000000000004 0 0 0 -8.8790303104737801e-09 0.1 0.1 8.8790303104737801e-09 0 5.0999999999999949e+18 0 1e+17 0 5.0999999999999955e+17 0 1e+16
d 1.2000000000000004 1.2000000000000004 0 0 0 -1.2501997417425265e-08 0.1 0.1 1.2501997417423416e-08 0 5.0999999999999949e+18 0 1e+17 0 5.0999999999999955e+17 0 1e+16
d 1.4000000000000004 1.4000000000000004 0 0 0 -1.6173748025187771e-08 0.1 0.1 1.6173748025187268e-08 0 5.0999999999999949e+18 0 1e+17 0 5.0999999999999955e+17 0 1e+16
d 1.6000000000000003 1.6000000000000003 0 0 0 -1.9873337479646422e-08 0.1 0.1 1.9873337479646409e-08 0 5.0999999999999949e+18 0 1e+17 0 5.0999999999999955e+17 0 1e+16
d 1.8000000000000003 1.8000000000000003 0 0 0 -2.3590702423938832e-08 0.1 0.1 2.3590701655370653e-08 0 5.0999999999999949e+18 0 1e+17 0 5.0999999999999955e+17 0 1e+16
d 2 2 0 0 0 -2.7320300976225012e-08 0.1 0.1 2.7320300766695266e-08 0 5.0999999999999949e+18 0 1e+17 0 5.0999999999999955e+17 0 1e+16
d 2.5 2.5 0 0 0 -3.6678625763502717e-08 0.1 0.1 3.667862576350271e-08 0 5.0999999999999949e+18 0 1e+17 0 5.0999999999999955e+17 0 1e+16
d 3 3 0 0 0 -4.6067122521627027e-08 0.1 0.1 4.6067122521627027e-08 0 5.0999999999999949e+18 0 1e+17 0 5.0999999999999955e+17 0 1e+16
d 3.5 3.5 0 0 0 -5.547375615375563e-08 0.1 0.1 5.547375615375563e-08 0 5.0999999999999949e+18 0 1e+17 0 5.0999999999999955e+17 0 1e+16
d 4 4 0 0 0 -6.4892429828984969e-08 0.1 0.1 6.4892429828984969e-08 0 5.0999999999999949e+18 0 1e+17 0 5.0999999999999955e+17 0 1e+16
d 4.5 4.5 0 0 0 -7.4319711033458374e-08 0.1 0.1 7.4319702632280751e-08 0 5.0999999999999949e+18 0 1e+17 0 5.0999999999999955e+17 0 1e+16
d 5 5 0 0 0 -8.3753537940295309e-08 0.1 0.1 8.3753532504775024e-08 0 5.0999999999999949e+18 0 1e+17 0 5.0999999999999955e+17 0 1e+16
d 5.5 5.5 0 0 0 -9.3192659292292899e-08 0.1 0.1 9.3192655789351286e-08 0 5.0999999999999949e+18 0 1e+17 0 5.0999999999999955e+17 0 1e+16
d 6 6 0 0 0 -1.0263630451060892e-07 0.1 0.1 1.0263630225428063e-07 0 5.0999999999999949e+18 0 1e+17 0 5.0999999999999955e+17 0 1e+16
d 6.5 6.5 0 0 0 -1.1208401301852908e-07 0.1 0.1 1.120840115620532e-07 0 5.0999999999999949e+18 0 1e+17 0 5.0999999999999955e+17 0 1e+16
d 7 7 0 0 0 -1.2153552622084482e-07 0.1 0.1 1.2153552527676437e-07 0 5.0999999999999949e+18 0 1e+17 0 5.0999999999999955e+17 0 1e+16
d 7.5 7.5 0 0 0 -1.3099071860518013e-07 0.1 0.1 1.3099071798976582e-07 0 5.0999999999999949e+18 0 1e+17 0 5.0999999999999955e+17 0 1e+16
d 8 8 0 0 0 -1.4044955245982788e-07 0.1 0.1 1.4044955205594944e-07 0 5.0999999999999949e+18 0 1e+17 0 5.0999999999999955e+17 0 1e+16
d 8.5 8.5 0 0 0 -1.4991204747671889e-07 0.1 0.1 1.4991204720966888e-07 0 5.0999999999999949e+18 0 1e+17 0 5.0999999999999955e+17 0 1e+16
d 9 9 0 0 0 -1.5937826003714608e-07 0.1 0.1 1.5937825985914554e-07 0 5.0999999999999949e+18 0 1e+17 0 5.0999999999999955e+17 0 1e+16
d 9.5 9.5 0 0 0 -1.6884826894889914e-07 0.1 0.1 1.6884826882925748e-07 0 5.0999999999999949e+18 0 1e+17 0 5.0999999999999955e+17 0 1e+16
d 10 10 0 0 0 -1.783221655640099e-07 0.1 0.1 1.7832216548290282e-07 0 5.0999999999999949e+18 0 1e+17 0 5.0999999999999955e+17 0 1e+16
d 10.5 10.5 0 0 0 -1.8780004691721572e-07 0.1 0.1 1.8780004686175516e-07 0 5.0999999999999949e+18 0 1e+17 0 5.0999999999999955e+17 0 1e+16
d 11 11 0 0 0 -1.9728201097407838e-07 0.1 0.1 1.9728201093582616e-07 0 5.0999999999999949e+18 0 1e+17 0 5.0999999999999955e+17 0 1e+16
d 11.5 11.5 0 0 0 -2.067681533679353e-07 0.1 0.1 2.0676815334132533e-07 0 5.0999999999999949e+18 0 1e+17 0 5.0999999999999955e+17 0 1e+16
d 12 12 0 0 0 -2.1625856519632092e-07 0.1 0.1 2.16258565177653e-07 0 5.0999999999999949e+18 0 1e+17 0 5.0999999999999955e+17 0 1e+16
d 12.5 12.5 0 0 0 -2.2575333157598609e-07 0.1 0.1 2.2575333156278093e-07 0 5.0999999999999949e+18 0 1e+17 0 5.0999999999999955e+17 0 1e+16
d 13 13 0 0 0 -2.3525253074321533e-07 0.1 0.1 2.3525253073379842e-07 0 5.0999999999999949e+18 0 1e+17 0 5.0999999999999955e+17 0 1e+16
d 13.5 13.5 0 0 0 -2.4475623354666063e-07 0.1 0.1 2.4475623353989199e-07 0 5.0999999999999949e+18 0 1e+17 0 5.0999999999999955e+17 0 1e+16
d 14 14 0 0 0 -2.5426450322228085e-07 0.1 0.1 2.5426450321737812e-07 0 5.0999999999999949e+18 0 1e+17 0 5.0999999999999955e+17 0 1e+16
d 14.5 14.5 0 0 0 -2.6377739536998899e-07 0.1 0.1 2.6377739536641123e-07 0 5.0999999999999949e+18 0 1e+17 0 5.0999999999999955e+17 0 1e+16
d 15 15 0 0 0 -2.7329495807310442e-07 0.1 0.1 2.7329495807047454e-07 0 5.0999999999999949e+18 0 1e+17 0 5.0999999999999955e+17 0 1e+16
d 15.5 15.5 0 0 0 -2.8281723211725081e-07 0.1 0.1 2.8281723211530411e-07 0 5.0999999999999949e+18 0 1e+17 0 5.0999999999999955e+17 0 1e+16
d 16 16 0 0 0 -2.9234425127668596e-07 0.1 0.1 2.923442512752351e-07 0 5.0999999999999949e+18 0 1e+17 0 5.0999999999999955e+17 0 1e+16
d 16.5 16.5 0 0 0 -3.0187604264438978e-07 0.1 0.1 3.018760426433014e-07 0 5.0999999999999949e+18 0 1e+17 0 5.0999999999999955e+17 0 1e+16
d 17 17 0 0 0 -3.1141262698841726e-07 0.1 0.1 3.1141262698759553e-07 0 5.0999999999999949e+18 0 1e+17 0 5.0999999999999955e+17 0 1e+16
d 17.5 17.5 0 0 0 -3.2095401912162291e-07 0.1 0.1 3.2095401912099876e-07 0 5.0999999999999949e+18 0 1e+17 0 5.0999999999999955e+17 0 1e+16
d 18 18 0 0 0 -3.3050022827530962e-07 0.1 0.1 3.3050022827483269e-07 0 5.0999999999999949e+18 0 1e+17 0 5.0999999999999955e+17 0 1e+16
d 18.5 18.5 0 0 0 -3.4005125846994075e-07 0.1 0.1 3.4005125846957425e-07 0 5.0999999999999949e+18 0 1e+17 0 5.0999999999999955e+17 0 1e+16
d 19 19 0 0 0 -3.4960710887800429e-07 0.1 0.1 3.4960710887772107e-07 0 5.0999999999999949e+18 0 1e+17 0 5.0999999999999955e+17 0 1e+16
d 19.5 19.5 0 0 0 -3.5916777417558795e-07 0.1 0.1 3.5916777417536793e-07 0 5.0999999999999949e+18 0 1e+17 0 5.0999999999999955e+17 0 1e+16
d 20 20 0 0 0 -3.6873324488033199e-07 0.1 0.1 3.687332448801602e-07 0 5.0999999999999949e+18 0 1e+17 0 5.0999999999999955e+17 0 1e+16
Q 2 13 "Voltage #01"
Q 3 13 "Voltage #02"
Q 4 13 "Voltage #03"
Q 20 13 "Current #01"
Q 21 13 "Current #02"
Q 22 13 "Current #03"
Q 92 21 Contact
Q 601 13 "Int. Voltage #01"
Q 602 13 "Int. Voltage #02"
Q 603 13 "Int. Voltage #03"
Q 3000 13 ft_O_front
Q 3001 13 O_front
Q 3002 13 ft_O_back
Q 3003 13 O_back
Q 3004 13 ft_O-_front
Q 3005 13 O-_front
Q 3006 13 ft_O-_back
Q 3007 13 O-_back
EOF 356225972
