v VICTORYDEVICE
# silvaco.file ASCII version=1.14.23 format=1 contents=SDB,Tables=1

Copyright "###################################################################"
Copyright "#                    Copyright Silvaco Inc. (c)                   #"
Copyright "#                            1992-2014                            #"
Copyright "#                                                                 #"
Copyright "# This file format and the following Key are copyright Silvaco    #"
Copyright "# International. You may not use, this format or key without      #"
Copyright "# reproducing this message in full and obtaining                  #"
Copyright "# express written permission from Silvaco Inc.                    #"
Copyright "#                                                                 #"
Copyright "# To obtain such permission please contact: Silvaco Inc.          #"
Copyright "#                                           support@silvaco.com   #"
Copyright "#                                                                 #"
Copyright "# KEY=SVC86hn7562asdx                       PROD=345              #"
Copyright "###################################################################"
#This file was created by VICTORYDEVICE version 1.12.1.R
#victoryd 1.12.1.R (Thu Apr 12 10:41:11 PDT 2018)
#libSDB 1.12.42 (Thu Oct 26 19:20:24 PDT 2017)
a VICTORYDEVICE
j 1 9
k 3
r 1 92
x 3 43 42 46
w gate 1 1
r 2 92
x 3 43 42 46
w source 1 2
r 3 92
x 3 43 42 46
w drain 1 3
y 1 15
z 300
o 1 ft_O_front
o 2 O_front
o 3 ft_O_back
o 4 O_back
o 5 ft_O-_front
o 6 O-_front
o 7 ft_O-_back
o 8 O-_back
p 18 2 601 20 3 602 21 4 603 22 61 3000 3001 3002 3003 3004 3005 3006 3007
d 0 0 -2.3542271137532463e-19 0 0 -5.521092174006614e-18 0 0 -5.5210921740065986e-18 1.0000000000000002e-12 0 5.0999999999999949e+18 0 1e+17 0 5.0999999999999955e+17 0 1e+16
d 0 0 2.888906012788692e-19 0 0 -1.4444530062930642e-19 0 0 -1.444453006292681e-19 3.0000000000000005e-12 0 5.0999999999999949e+18 0 1e+17 0 5.0999999999999955e+17 0 1e+16
d 0 0 2.6903704863764235e-19 0 0 -1.345185243210547e-19 0 0 -1.3451852432108595e-19 7.0000000000000017e-12 0 5.0999999999999949e+18 0 1e+17 0 5.0999999999999955e+17 0 1e+16
d 0 0 2.7256168187852834e-19 0 0 -1.3628084093900455e-19 0 0 -1.3628084093900455e-19 1.5000000000000003e-11 0 5.0999999999999949e+18 0 1e+17 0 5.0999999999999955e+17 0 1e+16
d 0 0 2.7182324611058191e-19 0 0 -1.3591162305540675e-19 0 0 -1.3591162305541082e-19 3.1000000000000003e-11 0 5.0999999999999949e+18 0 1e+17 0 5.0999999999999955e+17 0 1e+16
d 0 0 2.7178782060844375e-19 0 0 -1.3589391030427515e-19 0 0 -1.358939103042642e-19 6.3000000000000015e-11 0 5.0999999999999949e+18 0 1e+17 0 5.0999999999999955e+17 0 1e+16
d 0 0 2.7170352451737096e-19 0 0 -1.3585176225874138e-19 0 0 -1.3585176225879533e-19 1.2700000000000003e-10 0 5.0999999999999949e+18 0 1e+17 0 5.0999999999999955e+17 0 1e+16
d 0 0 2.7163355725804673e-19 0 0 -1.3581677862913252e-19 0 0 -1.3581677862907312e-19 2.5500000000000005e-10 0 5.0999999999999949e+18 0 1e+17 0 5.0999999999999949e+17 0 1e+16
d 0 0 2.7155484936706891e-19 0 0 -1.3577742468365846e-19 0 0 -1.3577742468371167e-19 5.110000000000001e-10 0 5.0999999999999949e+18 0 1e+17 0 5.0999999999999949e+17 0 1e+16
d 0 0 2.7148911788356817e-19 0 0 -1.3574455894188686e-19 0 0 -1.357445589418825e-19 1.0230000000000001e-09 0 5.0999999999999949e+18 0 1e+17 0 5.0999999999999949e+17 0 9999999999999998
d 0 0 2.714449922279021e-19 0 0 -1.3572249611394857e-19 0 0 -1.3572249611396576e-19 2.0470000000000005e-09 0 5.0999999999999959e+18 0 1e+17 0 5.0999999999999942e+17 0 9999999999999998
d 0 0 2.7141347108315544e-19 0 0 -1.357067355416296e-19 0 0 -1.3570673554156301e-19 4.0950000000000004e-09 0 5.0999999999999959e+18 0 1e+17 0 5.099999999999993e+17 0 9999999999999996
d 0 0 2.7138633378574372e-19 0 0 -1.3569316689288149e-19 0 0 -1.3569316689290626e-19 8.191000000000002e-09 0 5.0999999999999959e+18 0 1.0000000000000002e+17 0 5.099999999999991e+17 0 9999999999999992
d 0 0 2.7135896594357678e-19 0 0 -1.3567948297173832e-19 0 0 -1.3567948297174775e-19 1.6383000000000002e-08 0 5.0999999999999959e+18 0 1.0000000000000002e+17 0 5.0999999999999872e+17 0 9999999999999984
d 0 0 2.7133819446123829e-19 0 0 -1.3566909723066181e-19 0 0 -1.3566909723061797e-19 3.2767000000000005e-08 0 5.0999999999999969e+18 0 1.0000000000000003e+17 0 5.0999999999999789e+17 0 9999999999999968
d 0 0 2.7132806345045319e-19 0 0 -1.3566403172525732e-19 0 0 -1.3566403172526805e-19 6.5535000000000011e-08 0 5.099999999999999e+18 0 1.0000000000000006e+17 0 5.0999999999999622e+17 0 9999999999999934
d 0 0 2.7131766397667041e-19 0 0 -1.3565883198838287e-19 0 0 -1.3565883198830663e-19 1.3107100000000002e-07 0 5.100000000000002e+18 0 1.0000000000000013e+17 0 5.0999999999999283e+17 0 9999999999999870
d 0 0 2.712980361905904e-19 0 0 -1.3564901809527007e-19 0 0 -1.3564901809530647e-19 2.6214300000000007e-07 0 5.1000000000000082e+18 0 1.0000000000000026e+17 0 5.0999999999998618e+17 0 9999999999999738
d 0 0 2.7126391463667943e-19 0 0 -1.3563195731839891e-19 0 0 -1.3563195731842816e-19 5.2428700000000007e-07 0 5.1000000000000215e+18 0 1.0000000000000053e+17 0 5.099999999999728e+17 0 9999999999999476
d 0 0 2.712154708861166e-19 0 0 -1.3560773544327319e-19 0 0 -1.3560773544331423e-19 1.0000000000000002e-06 0 5.1000000000000461e+18 0 1.0000000000000099e+17 0 5.0999999999994861e+17 0 9999999999999002
d 0 0 2.7115225055271889e-19 0 0 -1.3621160993404268e-19 0 0 -1.3621160993403688e-19 1.9514260000000004e-06 0 5.1000000000000942e+18 0 1.0000000000000195e+17 0 5.099999999999001e+17 0 9999999999998052
d 0 0 2.7109107783011629e-19 0 0 -1.3817963112563006e-19 0 0 -1.3817963112561884e-19 3.8542780000000003e-06 0 5.1000000000001905e+18 0 1.0000000000000384e+17 0 5.099999999998032e+17 0 9999999999996152
d 0 0 2.7104227956666896e-19 0 0 -1.4624214065285398e-19 0 0 -1.4624214065286744e-19 7.659982000000002e-06 0 5.100000000000384e+18 0 1.0000000000000765e+17 0 5.0999999999960928e+17 0 9999999999992354
d 0 0 2.7099383333630927e-19 0 0 -1.7875018136751453e-19 0 0 -1.7875018136749508e-19 1.5271390000000004e-05 0 5.10000000000077e+18 0 1.0000000000001525e+17 0 5.099999999992215e+17 0 9999999999984756
d 0 0 2.7093379730478107e-19 0 0 -3.0921846095134709e-19 0 0 -3.0921846095135301e-19 3.0494206000000003e-05 0 5.1000000000015432e+18 0 1.0000000000003045e+17 0 5.0999999999844602e+17 0 9999999999969560
d 0 0 2.7086878474244093e-19 0 0 -8.3191752828708711e-19 0 0 -8.3191752828709308e-19 6.0939838000000006e-05 0 5.1000000000030884e+18 0 1.0000000000006083e+17 0 5.0999999999689498e+17 0 9999999999939166
d 0 0 2.7079760170870776e-19 0 0 -2.9242842524011862e-18 0 0 -2.9242842524012632e-18 0.000121831102 0 5.1000000000061788e+18 0 1.0000000000012162e+17 0 5.0999999999379283e+17 0 9999999999878382
d 0 0 2.7069878895095722e-19 0 0 -1.1296790080011931e-17 0 0 -1.1296790080011995e-17 0.00024361363 0 5.1000000000123587e+18 0 1.0000000000024318e+17 0 5.0999999998758861e+17 0 9999999999756814
d 0 0 2.7056304800073705e-19 0 0 -4.4792786448183048e-17 0 0 -4.479278644818311e-17 0.000487178686 0 5.1000000000247204e+18 0 1.0000000000048632e+17 0 5.0999999997518016e+17 0 9999999999513674
d 0 0 2.704617059201567e-19 0 0 -4.9627977438009491e-17 0 0 -4.9627977438009522e-17 0.000743589343 0 5.1000000000377324e+18 0 1.0000000000074229e+17 0 5.0999999996211731e+17 0 9999999999257714
d 0 0 2.7037945814939619e-19 0 0 -4.9627839963627669e-17 0 0 -4.9627839963627663e-17 0.001 0 5.1000000000507453e+18 0 1.0000000000099826e+17 0 5.0999999994905446e+17 0 9999999999001752
d 0 0 2.7024454626536682e-19 0 0 -1.981299129479926e-16 0 0 -1.9812991294799262e-16 0.001512821314 0 5.1000000000767713e+18 0 1.0000000000151018e+17 0 5.0999999992292877e+17 0 9999999998489828
d 0 0 2.7003605172614309e-19 0 0 -7.9215842425086172e-16 0 0 -7.9215842425086191e-16 0.002538463942 0 5.1000000001288233e+18 0 1.0000000000253402e+17 0 5.0999999987067738e+17 0 9999999997465982
d 0 0 2.6972335522542146e-19 0 0 -3.168283884791041e-15 0 0 -3.1682838847910418e-15 0.004589749198 0 5.1000000002329272e+18 0 1.0000000000458171e+17 0 5.0999999976617453e+17 0 9999999995418290
d 0 0 2.6926933505468589e-19 0 0 -1.267257682802525e-14 0 0 -1.2672576828025253e-14 0.00869231971 0 5.1000000004411351e+18 0 1.000000000086771e+17 0 5.0999999955716883e+17 0 9999999991322906
d 0 0 2.6866893187755236e-19 0 0 -5.0687477874365668e-14 0 0 -5.068747787436568e-14 0.016897460734 0 5.1000000008575498e+18 0 1.0000000001686787e+17 0 5.0999999913915744e+17 0 9999999983132136
d 0 0 2.6806756960114935e-19 0 0 -2.0272772019982661e-13 0 0 -2.0272772019982666e-13 0.033307742781999994 0 5.1000000016903803e+18 0 1.0000000003324942e+17 0 5.0999999830313472e+17 0 9999999966750596
d 0 0 2.6774214927315912e-19 0 0 -8.1073143328437401e-13 0 0 -8.1073143328437432e-13 0.06612830687799999 0 5.1000000033560412e+18 0 1.0000000006601253e+17 0 5.0999999663108928e+17 0 9999999933987520
d 0 0 2.677080210322684e-19 0 0 -8.6327252127209788e-13 0 0 -8.6327252127209808e-13 0.1 0 5.1000000050750474e+18 0 1.0000000009982491e+17 0 5.0999999490549402e+17 0 9999999900175154
d 0 0 2.6769387169289054e-19 0 0 -1.3384850917581278e-19 0 0 -1.3384850917578247e-19 0.16774338624400004 0 5.1000000085130588e+18 0 1.000000001674497e+17 0 5.0999999145430349e+17 0 9999999832550422
d 0 0 2.6767543972349159e-19 0 0 -1.3386407600866865e-19 0 0 -1.3386407600864008e-19 0.3032301587320001 0 5.1000000153890826e+18 0 1.0000000030269925e+17 0 5.0999998455192256e+17 0 9999999697300962
d 0 0 2.6763551101549934e-19 0 0 -1.3425719210536928e-19 0 0 -1.342571921054056e-19 0.57420370370800022 0 5.1000000291411292e+18 0 1.0000000057319837e+17 0 5.0999997074716096e+17 0 9999999426802048
d 0 0 2.6757314216143109e-19 0 0 -1.3648507774049665e-19 0 0 -1.3648507774052138e-19 1 0 5.1000000507505101e+18 0 1.0000000099824914e+17 0 5.0999994905494682e+17 0 9999999001751582
d 0 0 2.674484515826588e-19 0 0 -1.7704690249443579e-19 0 0 -1.7704690249447512e-19 1.8515925925839996 0 5.1000000939692687e+18 0 1.0000000184835061e+17 0 5.0999990567052141e+17 0 9999998151650704
d 0 0 2.6719955339183075e-19 0 0 -8.2638918831779528e-19 0 0 -8.2638918831781155e-19 3.5547777777519989 0 5.1000001804067738e+18 0 1.0000000354855336e+17 0 5.0999981890168205e+17 0 9999996451449176
d 0 0 2.6673032433958565e-19 0 0 -8.9786935032555834e-18 0 0 -8.9786935032555757e-18 6.7773888888759997 0 5.1000003439558676e+18 0 1.0000000676552054e+17 0 5.099996547256681e+17 0 9999993234484290
d 0 0 2.6626324887907368e-19 0 0 -8.8353172223701968e-18 0 0 -8.8353172223702615e-18 10 0 5.1000005075049073e+18 0 1.0000000998248666e+17 0 5.0999949054970867e+17 0 9999990017520480
d 0 0 2.6533578940309422e-19 0 0 -1.382087885242409e-16 0 0 -1.382087885242409e-16 16.445222222248002 0 5.1000008346028227e+18 0 1.0000001641641565e+17 0 5.0999916219795341e+17 0 9999983583596084
d 0 0 2.6350664605758094e-19 0 0 -2.1623369953490494e-15 0 0 -2.1623369953490497e-15 29.335666666744004 0 5.1000014887979991e+18 0 1.0000002928426072e+17 0 5.0999850549509747e+17 0 9999970715760202
d 0 0 2.599468236814783e-19 0 0 -3.2676079852262582e-14 0 0 -3.2676079852262595e-14 55.116555555736007 0 5.1000027971857336e+18 0 1.0000005501989923e+17 0 5.0999719209200384e+17 0 9999944980140074
d 0 0 2.540366788310545e-19 0 0 -1.2701832784929245e-19 0 0 -1.2701832784934876e-19 100 0 5.1000050750254817e+18 0 1.0000009982440042e+17 0 5.0999490552072614e+17 0 9999900175670896
d 0 0 2.5017253173827048e-19 0 0 -1.2508626042080574e-19 0 0 -1.2508626042082447e-19 130.72841870363092 0 5.1000066344900127e+18 0 1.000001304986521e+17 0 5.0999334007835373e+17 0 9999869501441124
d 0 0 2.4701442454133978e-19 0 0 -2.0705477122439796e-14 0 0 -2.0705477122439803e-14 156.75469994935648 0 5.1000079553176054e+18 0 1.0000015647897859e+17 0 5.0999201418766432e+17 0 9999843521133184
d 0 0 2.4154583473534746e-19 0 0 -1.2077287486820307e-19 0 0 -1.2077287486819195e-19 203.84170310726526 0 5.1000103449627914e+18 0 1.0000020348266166e+17 0 5.0998961538227277e+17 0 9999796517483680
d 0 0 2.3836278861081208e-19 0 0 -2.2187570147102039e-14 0 0 -2.2187570147102045e-14 232.35483038174215 0 5.1000117919860931e+18 0 1.0000023194522355e+17 0 5.0998816281208794e+17 0 9999768054942124
d 0 0 2.3539056354292602e-19 0 0 -1.7289003325444807e-14 0 0 -1.728900332544481e-14 259.83598806815178 0 5.1000131866335457e+18 0 1.0000025937756626e+17 0 5.0998676281850982e+17 0 9999740622619012
d 0 0 2.2969855457256583e-19 0 0 -1.1484919417940459e-19 0 0 -1.14849194179355e-19 314.79830344097098 0 5.1000159759165512e+18 0 1.0000031424201701e+17 0 5.0998396284325338e+17 0 9999685758207458
d 0 0 2.1918375961755757e-19 0 0 -1.0959449415112803e-19 0 0 -1.0959449415116159e-19 424.72293418660945 0 5.1000215544349624e+18 0 1.0000042396997981e+17 0 5.0997836294033946e+17 0 9999576030323032
d 0 0 2.0092581927915798e-19 0 0 -1.0118058469621095e-19 0 0 -1.0118058469624054e-19 644.57219567788638 0 5.1000327112813926e+18 0 1.000006434221507e+17 0 5.099671633249065e+17 0 9999356578308896
d 0 0 1.7701688524508923e-19 0 0 -1.0233281210256592e-19 0 0 -1.0233281210261349e-19 1000 0 5.1000507478913597e+18 0 1.0000099819739402e+17 0 5.0994905757078016e+17 0 9999001803319008
d 0 0 1.3100132191532733e-19 0 0 -1.0488972685195782e-17 0 0 -1.0488972685195852e-17 2000 0 5.1000523734044703e+18 0 1.000010332102349e+17 0 5.0989320971733011e+17 0 9997907422443858
d 0 0 1.4378183053598286e-19 0 0 -1.8251885999230417e-18 0 0 -1.8251885999230718e-18 2005.9994028795684 0 5.1000527008770232e+18 0 1.0000103965010182e+17 0 5.0989290644929376e+17 0 9997901480063934
d 0 0 1.3061218562604842e-19 0 0 -1.3889249752546477e-17 0 0 -1.3889249752546523e-17 2016.0495913403172 0 5.1000532108180777e+18 0 1.0000104968050066e+17 0 5.0989239455311635e+17 0 9997891449672258
d 0 0 1.2991812008952403e-19 0 0 -2.176916776565836e-16 0 0 -2.1769167765658363e-16 2036.1499682618146 0 5.1000542306985953e+18 0 1.0000106974126696e+17 0 5.0989137076235283e+17 0 9997871388920290
d 0 0 1.2858057846788513e-19 0 0 -3.3696210496292728e-15 0 0 -3.3696210496292736e-15 2076.3507221048094 0 5.1000562704532654e+18 0 1.0000110986267402e+17 0 5.0988932318719155e+17 0 9997831267541894
d 0 0 1.2598044606033715e-19 0 0 -6.2990204778832902e-20 0 0 -6.2990204778808864e-20 2156.752229790799 0 5.1000603499371448e+18 0 1.0000119010498598e+17 0 5.0988522806233139e+17 0 9997751025287246
d 0 0 1.2106137110959612e-19 0 0 -6.053055950797893e-20 0 0 -6.0530559508020096e-20 2317.5552451627782 0 5.1000685088030525e+18 0 1.0000135058760134e+17 0 5.0987703791446042e+17 0 9997590542786536
d 0 0 1.1221489841207946e-19 0 0 -5.6134503534303189e-20 0 0 -5.6134503534213801e-20 2639.1612759067366 0 5.1000848261274788e+18 0 1.0000167154479774e+17 0 5.098606580261127e+17 0 9997269585819402
d 0 0 9.7665453456695338e-20 0 0 -5.2282643479214778e-20 0 0 -5.2282643479202446e-20 3282.3733373946529 0 5.1001174591467919e+18 0 1.0000231342705381e+17 0 5.0982789987896576e+17 0 9996627704021886
d 0 0 7.6943573651603936e-20 0 0 -1.9033313763436972e-19 0 0 -1.9033313763443121e-19 4568.7974603704861 0 5.1001827186674934e+18 0 1.0000359706302202e+17 0 5.0976239010264307e+17 0 9995344068970690
d 0 0 6.27713039378352e-20 0 0 -4.1549166361062282e-20 0 0 -4.1549166361085111e-20 5866.4246596301391 0 5.1002485377094799e+18 0 1.0000489170415366e+17 0 5.0969631862569683e+17 0 9994049428763956
d 0 0 5.434770291870387e-20 0 0 -2.7291286792241365e-20 0 0 -2.7291286792262153e-20 6918.3771535913711 0 5.1003018889992745e+18 0 1.0000594110793888e+17 0 5.0964276269351482e+17 0 9993000025728484
d 0 0 4.5179571412583616e-20 0 0 -2.252139334580397e-20 0 0 -2.2521393345776694e-20 8459.1885767956846 0 5.100380022987563e+18 0 1.0000747797937813e+17 0 5.0956432896236403e+17 0 9991463155387286
d 0 0 3.8396693310643204e-20 0 0 -1.9110229654692806e-20 0 0 -1.9110229654742297e-20 10000 0 5.1004581445110518e+18 0 1.0000901460497658e+17 0 5.0948590769609843e+17 0 9989926530886758
d 0 0 1.7728008230469393e-20 0 0 -1.4298571233521291e-16 0 0 -1.4298571233521296e-16 20000 0 5.1009021920915456e+18 0 1.000177527380311e+17 0 5.0897099694791981e+17 0 9979837074353274
d 0 0 2.1961654400278957e-20 0 0 -5.7829082833405064e-18 0 0 -5.7829082833405634e-18 20064.867422142805 0 5.1009050300811981e+18 0 1.0001780858783109e+17 0 5.0896765453681766e+17 0 9979771581405456
d 0 0 1.7290144380472215e-20 0 0 -7.234673254094366e-17 0 0 -7.2346732540943697e-17 20187.276399487262 0 5.1009112293254769e+18 0 1.0001793052460712e+17 0 5.089614314799705e+17 0 9979649644716578
d 0 0 1.7046702800386232e-20 0 0 -1.1252462115556842e-15 0 0 -1.1252462115556846e-15 20432.094354176177 0 5.1009236275781427e+18 0 1.0001817439350605e+17 0 5.0894898560216877e+17 0 9979405775991950
d 0 0 1.6576500401099062e-20 0 0 -8.2882748027205578e-21 0 0 -8.2882748027310285e-21 20921.730263554015 0 5.1009484231399219e+18 0 1.0001866211269157e+17 0 5.0892409479012326e+17 0 9978918057155030
d 0 0 1.5694553160848055e-20 0 0 -7.8476436572758114e-21 0 0 -7.8476436571899856e-21 21901.002082309682 0 5.1009980104893706e+18 0 1.000196374766145e+17 0 5.0887431694016941e+17 0 9977942693929242
d 0 0 1.4133504367075399e-20 0 0 -7.0744567506554589e-21 0 0 -7.0744567506268438e-21 23859.545719821017 0 5.1010971700925819e+18 0 1.0002158790667845e+17 0 5.0877477633605363e+17 0 9975992265259434
d 0 0 1.163571317334728e-20 0 0 -6.4476675778532872e-21 0 0 -6.4476675778971458e-21 27776.632994843691 0 5.1012954289222871e+18 0 1.0002548757576154e+17 0 5.0857575550495814e+17 0 9972092598964004
d 0 0 8.2247936756366683e-21 0 0 -7.9429516681102606e-20 0 0 -7.9429516681065628e-20 35610.807544889038 0 5.1016917051226757e+18 0 1.0003328215040186e+17 0 5.081779553034743e+17 0 9964298029896550
d 0 0 4.4683837697226469e-21 0 0 -3.7533990536643008e-18 0 0 -3.7533990536642292e-18 51279.156644979725 0 5.1024832920634337e+18 0 1.0004885225064906e+17 0 5.0738332036727712e+17 0 9948727940785156
d 0 0 1.7237219579285266e-21 0 0 -7.9141643197171217e-18 0 0 -7.9141643197171402e-18 75639.578322489862 0 5.1037114597738107e+18 0 1.0007300949909664e+17 0 5.0615041379307763e+17 0 9924570709624572
d 0 0 3.4624348869928494e-22 0 0 -3.4379436755526065e-19 0 0 -3.4379436755523509e-19 100000 0 5.1049365202552504e+18 0 1.0009710540983298e+17 0 5.0492061446981126e+17 0 9900474816142840
d 0 0 -1.7389006038164539e-21 0 0 -1.1250059925219444e-15 0 0 -1.1250059925219448e-15 200000 0 5.1099329203805676e+18 0 1.0019537757018158e+17 0 4.999047615414999e+17 0 9802202726278204
d 0 0 -2.5348787284234665e-21 0 0 -1.8319298062588466e-16 0 0 -1.8319298062588466e-16 376285.05771324877 0 5.1186138574801562e+18 0 1.0036610405596262e+17 0 4.9118953299458387e+17 0 9631476363351944
d 0 0 -2.787591972213714e-21 0 0 -1.9959123446815913e-17 0 0 -1.995912344681592e-17 688142.52885662438 0 5.133574110253527e+18 0 1.0066024259575512e+17 0 4.7616861987936147e+17 0 9337338036371004
d 0 0 -2.8338969758154058e-21 0 0 -2.4157481146700258e-19 0 0 -2.4157481146703046e-19 1e+6 0 5.1480215734498949e+18 0 1.0094411129861088e+17 0 4.6166050022514675e+17 0 9053469540535186
d 0 0 -2.8338969758154058e-21 0 0 -2.4157481146700258e-19 0 0 -2.4157481146703046e-19 1e+6 0 5.1480215734498949e+18 0 1.0094411129861088e+17 0 4.6166050022514675e+17 0 9053469540535186
Q 2 13 "Voltage #01"
Q 3 13 "Voltage #02"
Q 4 13 "Voltage #03"
Q 20 13 "Current #01"
Q 21 13 "Current #02"
Q 22 13 "Current #03"
Q 61 13 "Transient time"
Q 92 21 Contact
Q 601 13 "Int. Voltage #01"
Q 602 13 "Int. Voltage #02"
Q 603 13 "Int. Voltage #03"
Q 3000 13 ft_O_front
Q 3001 13 O_front
Q 3002 13 ft_O_back
Q 3003 13 O_back
Q 3004 13 ft_O-_front
Q 3005 13 O-_front
Q 3006 13 ft_O-_back
Q 3007 13 O-_back
EOF 1608637377
