v VICTORYDEVICE
# silvaco.file ASCII version=1.14.23 format=1 contents=SDB,Tables=1

Copyright "###################################################################"
Copyright "#                    Copyright Silvaco Inc. (c)                   #"
Copyright "#                            1992-2014                            #"
Copyright "#                                                                 #"
Copyright "# This file format and the following Key are copyright Silvaco    #"
Copyright "# International. You may not use, this format or key without      #"
Copyright "# reproducing this message in full and obtaining                  #"
Copyright "# express written permission from Silvaco Inc.                    #"
Copyright "#                                                                 #"
Copyright "# To obtain such permission please contact: Silvaco Inc.          #"
Copyright "#                                           support@silvaco.com   #"
Copyright "#                                                                 #"
Copyright "# KEY=SVC86hn7562asdx                       PROD=345              #"
Copyright "###################################################################"
#This file was created by VICTORYDEVICE version 1.12.1.R
#victoryd 1.12.1.R (Thu Apr 12 10:41:11 PDT 2018)
#libSDB 1.12.42 (Thu Oct 26 19:20:24 PDT 2017)
a VICTORYDEVICE
j 1 9
k 3
r 1 92
x 3 43 42 46
w gate 1 1
r 2 92
x 3 43 42 46
w source 1 2
r 3 92
x 3 43 42 46
w drain 1 3
y 1 15
z 300
o 1 ft_O_front
o 2 O_front
o 3 ft_O_back
o 4 O_back
o 5 ft_O-_front
o 6 O-_front
o 7 ft_O-_back
o 8 O-_back
p 17 2 601 20 3 602 21 4 603 22 3000 3001 3002 3003 3004 3005 3006 3007
d -5 -5 0 0 0 -4.4893778152043368e-22 0.1 0.1 -4.5416515598041652e-22 0 3.7683398684722632e+18 0 90364417549086176 0 1.8395496946029358e+18 0 19635558312898092
d -4.5 -4.5 0 0 0 -2.0412895005952478e-19 0.1 0.1 -2.0280100623704101e-19 0 3.7683398684722632e+18 0 90364417549086176 0 1.8395496946029358e+18 0 19635558312898092
d -4 -4 0 0 0 -2.4527712874928865e-17 0.1 0.1 -3.3098025439731372e-17 0 3.7683398684722632e+18 0 90364417549086176 0 1.8395496946029358e+18 0 19635558312898092
d -3.5 -3.5 0 0 0 -1.270548586880438e-25 0.1 0.1 -2.1964040558383086e-25 0 3.7683398684722632e+18 0 90364417549086176 0 1.8395496946029358e+18 0 19635558312898092
d -3 -3 0 0 0 -1.7566416470953387e-21 0.1 0.1 -2.6052548371096421e-21 0 3.7683398684722632e+18 0 90364417549086176 0 1.8395496946029358e+18 0 19635558312898092
d -2.5 -2.5 0 0 0 -4.374789067325229e-24 0.1 0.1 -9.6504900448517347e-25 0 3.7683398684722632e+18 0 90364417549086176 0 1.8395496946029358e+18 0 19635558312898092
d -2 -2 0 0 0 -3.8230221298757919e-18 0.1 0.1 -1.8754177185766576e-17 0 3.7683398684722632e+18 0 90364417549086176 0 1.8395496946029358e+18 0 19635558312898092
d -1.5 -1.5 0 0 0 6.650806543136021e-26 0.1 0.1 -2.6585286691611592e-23 0 3.7683398684722632e+18 0 90364417549086176 0 1.8395496946029358e+18 0 19635558312898092
d -1 -1 0 0 0 -4.7001636963446558e-19 0.1 0.1 -9.2728707237530548e-19 0 3.7683398684722632e+18 0 90364417549086176 0 1.8395496946029358e+18 0 19635558312898092
d -0.5 -0.5 0 0 0 -1.8250732813829057e-20 0.1 0.1 -3.20214204225965e-20 0 3.7683398684722632e+18 0 90364417549086176 0 1.8395496946029358e+18 0 19635558312898092
d 0 0 0 0 0 -3.5105482844695488e-22 0.1 0.1 -2.2313293207387253e-20 0 3.7683398684722632e+18 0 90364417549086176 0 1.8395496946029358e+18 0 19635558312898092
d 0.5 0.5 0 0 0 -7.1921980118568966e-28 0.1 0.1 -1.053129644998037e-25 0 3.7683398684722632e+18 0 90364417549086176 0 1.8395496946029358e+18 0 19635558312898092
d 1 1 0 0 0 -1.8701474003364119e-23 0.1 0.1 -5.4073152144539282e-22 0 3.7683398684722632e+18 0 90364417549086176 0 1.8395496946029358e+18 0 19635558312898092
d 1.5 1.5 0 0 0 -1.2625110617044915e-16 0.1 0.1 1.2619452268936065e-16 0 3.7683398684722632e+18 0 90364417549086176 0 1.8395496946029358e+18 0 19635558312898092
d 2 2 0 0 0 -2.7349714533726504e-10 0.1 0.1 2.7349714507803522e-10 0 3.7683398684722632e+18 0 90364417549086176 0 1.8395496946029358e+18 0 19635558312898092
d 2.5 2.5 0 0 0 -7.3663473901371569e-09 0.1 0.1 7.3663473868747566e-09 0 3.7683398684722632e+18 0 90364417549086176 0 1.8395496946029358e+18 0 19635558312898092
d 3 3 0 0 0 -1.6394409266568639e-08 0.1 0.1 1.6394409077769879e-08 0 3.7683398684722632e+18 0 90364417549086176 0 1.8395496946029358e+18 0 19635558312898092
d 3.5 3.5 0 0 0 -2.5604278363065577e-08 0.1 0.1 2.5604278362974491e-08 0 3.7683398684722632e+18 0 90364417549086176 0 1.8395496946029358e+18 0 19635558312898092
d 4 4 0 0 0 -3.4873589712155037e-08 0.1 0.1 3.4873589710170995e-08 0 3.7683398684722632e+18 0 90364417549086176 0 1.8395496946029358e+18 0 19635558312898092
d 4.5 4.5 0 0 0 -4.4173269802517697e-08 0.1 0.1 4.4173269802509565e-08 0 3.7683398684722632e+18 0 90364417549086176 0 1.8395496946029358e+18 0 19635558312898092
d 5 5 0 0 0 -5.3493264630313267e-08 0.1 0.1 5.3493264630313155e-08 0 3.7683398684722632e+18 0 90364417549086176 0 1.8395496946029358e+18 0 19635558312898092
d 5.5 5.5 0 0 0 -6.2829281278020195e-08 0.1 0.1 6.2829281278020195e-08 0 3.7683398684722632e+18 0 90364417549086176 0 1.8395496946029358e+18 0 19635558312898092
d 6 6 0 0 0 -7.2179071735829876e-08 0.1 0.1 7.2179071735829876e-08 0 3.7683398684722632e+18 0 90364417549086176 0 1.8395496946029358e+18 0 19635558312898092
d 6.5 6.5 0 0 0 -8.154117914662171e-08 0.1 0.1 8.154117914662171e-08 0 3.7683398684722632e+18 0 90364417549086176 0 1.8395496946029358e+18 0 19635558312898092
d 7 7 0 0 0 -9.0914569212651885e-08 0.1 0.1 9.091440620159042e-08 0 3.7683398684722632e+18 0 90364417549086176 0 1.8395496946029358e+18 0 19635558312898092
d 7.5 7.5 0 0 0 -1.0029813412595339e-07 0.1 0.1 1.0029800601026385e-07 0 3.7683398684722632e+18 0 90364417549086176 0 1.8395496946029358e+18 0 19635558312898092
d 8 8 0 0 0 -1.0969117294238003e-07 0.1 0.1 1.096910814173439e-07 0 3.7683398684722632e+18 0 90364417549086176 0 1.8395496946029358e+18 0 19635558312898092
d 8.5 8.5 0 0 0 -1.1909300331412282e-07 0.1 0.1 1.1909294208888931e-07 0 3.7683398684722632e+18 0 90364417549086176 0 1.8395496946029358e+18 0 19635558312898092
d 9 9 0 0 0 -1.2850304271874834e-07 0.1 0.1 1.285030035219636e-07 0 3.7683398684722632e+18 0 90364417549086176 0 1.8395496946029358e+18 0 19635558312898092
d 9.5 9.5 0 0 0 -1.3792080061489319e-07 0.1 0.1 1.3792077620797217e-07 0 3.7683398684722632e+18 0 90364417549086176 0 1.8395496946029358e+18 0 19635558312898092
d 10 10 0 0 0 -1.4734586907957412e-07 0.1 0.1 1.4734585412039546e-07 0 3.7683398684722632e+18 0 90364417549086176 0 1.8395496946029358e+18 0 19635558312898092
d 10.5 10.5 0 0 0 -1.567779122542546e-07 0.1 0.1 1.5677790314970685e-07 0 3.7683398684722632e+18 0 90364417549086176 0 1.8395496946029358e+18 0 19635558312898092
d 11 11 0 0 0 -1.6621665558662252e-07 0.1 0.1 1.6621665004850903e-07 0 3.7683398684722632e+18 0 90364417549086176 0 1.8395496946029358e+18 0 19635558312898092
d 11.5 11.5 0 0 0 -1.7566187565661359e-07 0.1 0.1 1.7566187227406594e-07 0 3.7683398684722632e+18 0 90364417549086176 0 1.8395496946029358e+18 0 19635558312898092
d 12 12 0 0 0 -1.8511339102757732e-07 0.1 0.1 1.8511338894619264e-07 0 3.7683398684722632e+18 0 90364417549086176 0 1.8395496946029358e+18 0 19635558312898092
d 12.5 12.5 0 0 0 -1.9457105429144462e-07 0.1 0.1 1.9457105299813423e-07 0 3.7683398684722632e+18 0 90364417549086176 0 1.8395496946029358e+18 0 19635558312898092
d 13 13 0 0 0 -2.0403474530921056e-07 0.1 0.1 2.0403474449640184e-07 0 3.7683398684722632e+18 0 90364417549086176 0 1.8395496946029358e+18 0 19635558312898092
d 13.5 13.5 0 0 0 -2.1350436555972178e-07 0.1 0.1 2.1350436504251743e-07 0 3.7683398684722632e+18 0 90364417549086176 0 1.8395496946029358e+18 0 19635558312898092
d 14 14 0 0 0 -2.229798334713813e-07 0.1 0.1 2.2297983313795594e-07 0 3.7683398684722632e+18 0 90364417549086176 0 1.8395496946029358e+18 0 19635558312898092
d 14.5 14.5 0 0 0 -2.3246108060154507e-07 0.1 0.1 2.3246108038370413e-07 0 3.7683398684722632e+18 0 90364417549086176 0 1.8395496946029358e+18 0 19635558312898092
d 15 15 0 0 0 -2.4194804853355847e-07 0.1 0.1 2.4194804838930437e-07 0 3.7683398684722632e+18 0 90364417549086176 0 1.8395496946029358e+18 0 19635558312898092
d 15.5 15.5 0 0 0 -2.5144068637359016e-07 0.1 0.1 2.5144068627677678e-07 0 3.7683398684722632e+18 0 90364417549086176 0 1.8395496946029358e+18 0 19635558312898092
d 16 16 0 0 0 -2.6093894874418541e-07 0.1 0.1 2.6093894867834713e-07 0 3.7683398684722632e+18 0 90364417549086176 0 1.8395496946029358e+18 0 19635558312898092
d 16.5 16.5 0 0 0 -2.7044279418637912e-07 0.1 0.1 2.7044279414102294e-07 0 3.7683398684722632e+18 0 90364417549086176 0 1.8395496946029358e+18 0 19635558312898092
d 17 17 0 0 0 -2.7995218389609261e-07 0.1 0.1 2.7995218386445085e-07 0 3.7683398684722632e+18 0 90364417549086176 0 1.8395496946029358e+18 0 19635558312898092
d 17.5 17.5 0 0 0 -2.8946708073288293e-07 0.1 0.1 2.8946708071053783e-07 0 3.7683398684722632e+18 0 90364417549086176 0 1.8395496946029358e+18 0 19635558312898092
d 18 18 0 0 0 -2.9898744844978134e-07 0.1 0.1 2.9898744843381434e-07 0 3.7683398684722632e+18 0 90364417549086176 0 1.8395496946029358e+18 0 19635558312898092
d 18.5 18.5 0 0 0 -3.0851325110201208e-07 0.1 0.1 3.0851325109047248e-07 0 3.7683398684722632e+18 0 90364417549086176 0 1.8395496946029358e+18 0 19635558312898092
d 19 19 0 0 0 -3.1804445259997335e-07 0.1 0.1 3.1804445259154199e-07 0 3.7683398684722632e+18 0 90364417549086176 0 1.8395496946029358e+18 0 19635558312898092
d 19.5 19.5 0 0 0 -3.2758101637816745e-07 0.1 0.1 3.2758101637194228e-07 0 3.7683398684722632e+18 0 90364417549086176 0 1.8395496946029358e+18 0 19635558312898092
d 20 20 0 0 0 -3.3712290515697844e-07 0.1 0.1 3.3712290515233596e-07 0 3.7683398684722632e+18 0 90364417549086176 0 1.8395496946029358e+18 0 19635558312898092
Q 2 13 "Voltage #01"
Q 3 13 "Voltage #02"
Q 4 13 "Voltage #03"
Q 20 13 "Current #01"
Q 21 13 "Current #02"
Q 22 13 "Current #03"
Q 92 21 Contact
Q 601 13 "Int. Voltage #01"
Q 602 13 "Int. Voltage #02"
Q 603 13 "Int. Voltage #03"
Q 3000 13 ft_O_front
Q 3001 13 O_front
Q 3002 13 ft_O_back
Q 3003 13 O_back
Q 3004 13 ft_O-_front
Q 3005 13 O-_front
Q 3006 13 ft_O-_back
Q 3007 13 O-_back
EOF 619984921
