v VICTORYDEVICE
# silvaco.file ASCII version=1.14.23 format=1 contents=SDB,Tables=1

Copyright "###################################################################"
Copyright "#                    Copyright Silvaco Inc. (c)                   #"
Copyright "#                            1992-2014                            #"
Copyright "#                                                                 #"
Copyright "# This file format and the following Key are copyright Silvaco    #"
Copyright "# International. You may not use, this format or key without      #"
Copyright "# reproducing this message in full and obtaining                  #"
Copyright "# express written permission from Silvaco Inc.                    #"
Copyright "#                                                                 #"
Copyright "# To obtain such permission please contact: Silvaco Inc.          #"
Copyright "#                                           support@silvaco.com   #"
Copyright "#                                                                 #"
Copyright "# KEY=SVC86hn7562asdx                       PROD=345              #"
Copyright "###################################################################"
#This file was created by VICTORYDEVICE version 1.12.1.R
#victoryd 1.12.1.R (Thu Apr 12 10:41:11 PDT 2018)
#libSDB 1.12.42 (Thu Oct 26 19:20:24 PDT 2017)
a VICTORYDEVICE
j 1 9
k 3
r 1 92
x 3 43 42 46
w gate 1 1
r 2 92
x 3 43 42 46
w source 1 2
r 3 92
x 3 43 42 46
w drain 1 3
y 1 15
z 300
o 1 ft_O_front
o 2 O_front
o 3 ft_O_back
o 4 O_back
o 5 ft_O-_front
o 6 O-_front
o 7 ft_O-_back
o 8 O-_back
p 17 2 601 20 3 602 21 4 603 22 3000 3001 3002 3003 3004 3005 3006 3007
d 20 20 0 0 0 -2.6440201205784833e-07 0.1 0.1 2.6440201205784833e-07 0 4284733245235906.5 0 85628112905094464 0 5.605715163995948e+18 0 24371887082257528
d 19.5 19.5 0 0 0 -2.548857830569496e-07 0.1 0.1 2.5488578305376444e-07 0 4284733245235906.5 0 85628112905094464 0 5.605715163995948e+18 0 24371887082257528
d 19 19 0 0 0 -2.4537427838577998e-07 0.1 0.1 2.4537427838143766e-07 0 4284733245235906.5 0 85628112905094464 0 5.605715163995948e+18 0 24371887082257528
d 18.5 18.5 0 0 0 -2.3586745166487319e-07 0.1 0.1 2.3586745165890915e-07 0 4284733245235906.5 0 85628112905094464 0 5.605715163995948e+18 0 24371887082257528
d 18 18 0 0 0 -2.2636524904013732e-07 0.1 0.1 2.2636524903188264e-07 0 4284733245235906.5 0 85628112905094464 0 5.605715163995948e+18 0 24371887082257528
d 17.5 17.5 0 0 0 -2.1686760909551963e-07 0.1 0.1 2.1686760908400353e-07 0 4284733245235906.5 0 85628112905094464 0 5.605715163995948e+18 0 24371887082257528
d 17 17 0 0 0 -2.0737446292832481e-07 0.1 0.1 2.0737446291212692e-07 0 4284733245235906.5 0 85628112905094464 0 5.605715163995948e+18 0 24371887082257528
d 16.5 16.5 0 0 0 -1.9788573445827208e-07 0.1 0.1 1.9788573443529708e-07 0 4284733245235906.5 0 85628112905094464 0 5.605715163995948e+18 0 24371887082257528
d 16 16 0 0 0 -1.8840134106734273e-07 0.1 0.1 1.8840134103447388e-07 0 4284733245235906.5 0 85628112905094464 0 5.605715163995948e+18 0 24371887082257528
d 15.5 15.5 0 0 0 -1.7892119470608741e-07 0.1 0.1 1.7892119465864981e-07 0 4284733245235906.5 0 85628112905094464 0 5.605715163995948e+18 0 24371887082257528
d 15 15 0 0 0 -1.6944520365775262e-07 0.1 0.1 1.6944520358867587e-07 0 4284733245235906.5 0 85628112905094464 0 5.605715163995948e+18 0 24371887082257528
d 14.5 14.5 0 0 0 -1.5997327523297722e-07 0.1 0.1 1.5997327513148094e-07 0 4284733245235906.5 0 85628112905094464 0 5.605715163995948e+18 0 24371887082257528
d 14 14 0 0 0 -1.5050531978851361e-07 0.1 0.1 1.5050531963803128e-07 0 4284733245235906.5 0 85628112905094464 0 5.605715163995948e+18 0 24371887082257528
d 13.5 13.5 0 0 0 -1.410412566453386e-07 0.1 0.1 1.4104125642022303e-07 0 4284733245235906.5 0 85628112905094464 0 5.605715163995948e+18 0 24371887082257528
d 13 13 0 0 0 -1.3158102276063701e-07 0.1 0.1 1.3158102242091555e-07 0 4284733245235906.5 0 85628112905094464 0 5.605715163995948e+18 0 24371887082257528
d 12.5 12.5 0 0 0 -1.2212458544524281e-07 0.1 0.1 1.2212458492825707e-07 0 4284733245235906.5 0 85628112905094464 0 5.605715163995948e+18 0 24371887082257528
d 12 12 0 0 0 -1.1267196111916766e-07 0.1 0.1 1.1267196032626894e-07 0 4284733245235906.5 0 85628112905094464 0 5.605715163995948e+18 0 24371887082257528
d 11.5 11.5 0 0 0 -1.0322324325518507e-07 0.1 0.1 1.0322324203067938e-07 0 4284733245235906.5 0 85628112905094464 0 5.605715163995948e+18 0 24371887082257528
d 11 11 0 0 0 -9.377864464150362e-08 0.1 0.1 9.3778642739706349e-08 0 4284733245235906.5 0 85628112905094464 0 5.605715163995948e+18 0 24371887082257528
d 10.5 10.5 0 0 0 -8.4338562647464293e-08 0.1 0.1 8.433855968214733e-08 0 4284733245235906.5 0 85628112905094464 0 5.605715163995948e+18 0 24371887082257528
d 10 10 0 0 0 -7.4903682946688655e-08 0.1 0.1 7.4903678315945979e-08 0 4284733245235906.5 0 85628112905094464 0 5.605715163995948e+18 0 24371887082257528
d 9.5 9.5 0 0 0 -6.5475151102241152e-08 0.1 0.1 6.5475143882357753e-08 0 4284733245235906.5 0 85628112905094464 0 5.605715163995948e+18 0 24371887082257528
d 9 9 0 0 0 -5.6054867746961221e-08 0.1 0.1 5.6054867746961221e-08 0 4284733245235906.5 0 85628112905094464 0 5.605715163995948e+18 0 24371887082257528
d 8.5 8.5 0 0 0 -4.6646078583359172e-08 0.1 0.1 4.6646078583359172e-08 0 4284733245235906.5 0 85628112905094464 0 5.605715163995948e+18 0 24371887082257528
d 8 8 0 0 0 -3.7254571042517762e-08 0.1 0.1 3.7254571042517762e-08 0 4284733245235906.5 0 85628112905094464 0 5.605715163995948e+18 0 24371887082257528
d 7.5 7.5 0 0 0 -2.7891767723899921e-08 0.1 0.1 2.7891767723899918e-08 0 4284733245235906.5 0 85628112905094464 0 5.605715163995948e+18 0 24371887082257528
d 7 7 0 0 0 -1.8584576263781963e-08 0.1 0.1 1.8584576263781509e-08 0 4284733245235906.5 0 85628112905094464 0 5.605715163995948e+18 0 24371887082257528
d 6.5 6.5 0 0 0 -9.4228580312900146e-09 0.1 0.1 9.4228580304314772e-09 0 4284733245235906.5 0 85628112905094464 0 5.605715163995948e+18 0 24371887082257528
d 6 6 0 0 0 -1.2297209285929e-09 0.1 0.1 1.229720928592899e-09 0 4284733245235906.5 0 85628112905094464 0 5.605715163995948e+18 0 24371887082257528
d 5.5 5.5 0 0 0 -4.8178602945502882e-15 0.1 0.1 4.8134694667667903e-15 0 4284733245235906.5 0 85628112905094464 0 5.605715163995948e+18 0 24371887082257528
d 5 5 0 0 0 -5.0498876515669349e-22 0.1 0.1 -4.2259384981988422e-22 0 4284733245235906.5 0 85628112905094464 0 5.605715163995948e+18 0 24371887082257528
d 4.5 4.5 0 0 0 -6.7932977715208467e-20 0.1 0.1 -9.7513903281021489e-19 0 4284733245235906.5 0 85628112905094464 0 5.605715163995948e+18 0 24371887082257528
d 4 4 0 0 0 -3.4338396549384786e-21 0.1 0.1 -3.7150920770170884e-20 0 4284733245235906.5 0 85628112905094464 0 5.605715163995948e+18 0 24371887082257528
d 3.5 3.5 0 0 0 -1.2530763241287379e-18 0.1 0.1 -3.7648835588875407e-21 0 4284733245235906.5 0 85628112905094464 0 5.605715163995948e+18 0 24371887082257528
d 3 3 0 0 0 -7.8014003272758717e-17 0.1 0.1 -3.2940415475462249e-17 0 4284733245235906.5 0 85628112905094464 0 5.605715163995948e+18 0 24371887082257528
d 2.5 2.5 0 0 0 -2.2987389468319257e-18 0.1 0.1 -2.4264769051642249e-18 0 4284733245235906.5 0 85628112905094464 0 5.605715163995948e+18 0 24371887082257528
d 2 2 0 0 0 -1.0081510525457654e-23 0.1 0.1 -7.9492817140434237e-25 0 4284733245235906.5 0 85628112905094464 0 5.605715163995948e+18 0 24371887082257528
d 1.5 1.5 0 0 0 -2.325487992732097e-23 0.1 0.1 -4.3172815259350785e-24 0 4284733245235906.5 0 85628112905094464 0 5.605715163995948e+18 0 24371887082257528
d 1 1 0 0 0 -1.184838921487457e-20 0.1 0.1 -1.211418133025599e-20 0 4284733245235906.5 0 85628112905094464 0 5.605715163995948e+18 0 24371887082257528
d 0.5 0.5 0 0 0 -2.9513670518800926e-22 0.1 0.1 -1.5168666140946789e-23 0 4284733245235906.5 0 85628112905094464 0 5.605715163995948e+18 0 24371887082257528
d 0 0 0 0 0 -3.3502891915087801e-21 0.1 0.1 -3.0582249714895677e-21 0 4284733245235906.5 0 85628112905094464 0 5.605715163995948e+18 0 24371887082257528
d -0.5 -0.5 0 0 0 -1.425777494344257e-22 0.1 0.1 -1.7551367357446664e-22 0 4284733245235906.5 0 85628112905094464 0 5.605715163995948e+18 0 24371887082257528
d -1 -1 0 0 0 -2.9103780185343281e-17 0.1 0.1 -3.5947000979564955e-17 0 4284733245235906.5 0 85628112905094464 0 5.605715163995948e+18 0 24371887082257528
d -1.5 -1.5 0 0 0 -6.4622020286695025e-18 0.1 0.1 -9.0726975326780637e-18 0 4284733245235906.5 0 85628112905094464 0 5.605715163995948e+18 0 24371887082257528
d -2 -2 0 0 0 -2.5851834768163882e-18 0.1 0.1 -3.2789223561685266e-18 0 4284733245235906.5 0 85628112905094464 0 5.605715163995948e+18 0 24371887082257528
d -2.5 -2.5 0 0 0 -1.3679439096149419e-18 0.1 0.1 -1.5297154963696708e-18 0 4284733245235906.5 0 85628112905094464 0 5.605715163995948e+18 0 24371887082257528
d -3 -3 0 0 0 -7.3022875050321314e-19 0.1 0.1 -7.7302550873225383e-19 0 4284733245235906.5 0 85628112905094464 0 5.605715163995948e+18 0 24371887082257528
d -3.5 -3.5 0 0 0 -5.0687930612310224e-19 0.1 0.1 -5.3965990110611468e-19 0 4284733245235906.5 0 85628112905094464 0 5.605715163995948e+18 0 24371887082257528
d -4 -4 0 0 0 -4.7640407467222273e-19 0.1 0.1 -5.0419021914227408e-19 0 4284733245235906.5 0 85628112905094464 0 5.605715163995948e+18 0 24371887082257528
d -4.5 -4.5 0 0 0 -4.50051627105228e-19 0.1 0.1 -4.620996501963951e-19 0 4284733245235906.5 0 85628112905094464 0 5.605715163995948e+18 0 24371887082257528
d -5 -5 0 0 0 -3.1248922977345258e-19 0.1 0.1 -3.0817828205822082e-19 0 4284733245235906.5 0 85628112905094464 0 5.605715163995948e+18 0 24371887082257528
Q 2 13 "Voltage #01"
Q 3 13 "Voltage #02"
Q 4 13 "Voltage #03"
Q 20 13 "Current #01"
Q 21 13 "Current #02"
Q 22 13 "Current #03"
Q 92 21 Contact
Q 601 13 "Int. Voltage #01"
Q 602 13 "Int. Voltage #02"
Q 603 13 "Int. Voltage #03"
Q 3000 13 ft_O_front
Q 3001 13 O_front
Q 3002 13 ft_O_back
Q 3003 13 O_back
Q 3004 13 ft_O-_front
Q 3005 13 O-_front
Q 3006 13 ft_O-_back
Q 3007 13 O-_back
EOF 619984921
