v ATLAS
# This file was created by ATLAS version 5.26.1.R on Mon May  7 23:54:09 2018.
#SSF 2.0 generic
##############################################################################
#                    Copyright (c) 1984 - 2018                               #
#                    Silvaco Inc. All rights reserved                        #
#                                                                            #
# This file format and the following Key are copyright Silvaco Inc.          #
# You may not use, this format or key without reproducing this message in    #
# full and obtaining express written permission from Silvaco Inc.            #
#                                                                            #
# To obtain such permission please contact: Silvaco Inc.                     #
#                                           support@silvaco.com              #
#                                                                            #
# KEY=SVC86hn7562asdx                       PROD=345                         #
##############################################################################
y 3 700 711 15
z 5.59279 0.0768705 300
f 3 "source" "drain" "gate" 
p 10 61 2 601 20 3 602 21 4 603 22 
d 1.00000000000000e-04 0.000000000e+00 0.000000000e+00 -5.474632628e-04 5.000000000e+00 5.000000000e+00 5.474632628e-04 1.480000000e+01 1.480000000e+01 0.000000000e+00 
d 1.01333333333333e-04 0.000000000e+00 0.000000000e+00 -5.474632628e-04 5.000000000e+00 5.000000000e+00 5.474632628e-04 1.480000000e+01 1.480000000e+01 0.000000000e+00 
d 1.01333333333333e-04 0.000000000e+00 0.000000000e+00 -5.419464834e-04 5.000000000e+00 5.000000000e+00 5.419464834e-04 1.460000000e+01 1.460000000e+01 0.000000000e+00 
d 1.02666666666667e-04 0.000000000e+00 0.000000000e+00 -5.419464834e-04 5.000000000e+00 5.000000000e+00 5.419464834e-04 1.460000000e+01 1.460000000e+01 0.000000000e+00 
d 1.02666666666667e-04 0.000000000e+00 0.000000000e+00 -5.362422893e-04 5.000000000e+00 5.000000000e+00 5.362422893e-04 1.440000000e+01 1.440000000e+01 0.000000000e+00 
d 1.04000000000000e-04 0.000000000e+00 0.000000000e+00 -5.362422893e-04 5.000000000e+00 5.000000000e+00 5.362422893e-04 1.440000000e+01 1.440000000e+01 0.000000000e+00 
d 1.04000000000000e-04 0.000000000e+00 0.000000000e+00 -5.303373337e-04 5.000000000e+00 5.000000000e+00 5.303373337e-04 1.420000000e+01 1.420000000e+01 0.000000000e+00 
d 1.05333333333333e-04 0.000000000e+00 0.000000000e+00 -5.303373337e-04 5.000000000e+00 5.000000000e+00 5.303373337e-04 1.420000000e+01 1.420000000e+01 0.000000000e+00 
d 1.05333333333333e-04 0.000000000e+00 0.000000000e+00 -5.242134125e-04 5.000000000e+00 5.000000000e+00 5.242134125e-04 1.400000000e+01 1.400000000e+01 0.000000000e+00 
d 1.06666666666667e-04 0.000000000e+00 0.000000000e+00 -5.242134125e-04 5.000000000e+00 5.000000000e+00 5.242134125e-04 1.400000000e+01 1.400000000e+01 0.000000000e+00 
d 1.06666666666667e-04 0.000000000e+00 0.000000000e+00 -5.178472285e-04 5.000000000e+00 5.000000000e+00 5.178472285e-04 1.380000000e+01 1.380000000e+01 0.000000000e+00 
d 1.08000000000000e-04 0.000000000e+00 0.000000000e+00 -5.178472285e-04 5.000000000e+00 5.000000000e+00 5.178472285e-04 1.380000000e+01 1.380000000e+01 0.000000000e+00 
d 1.08000000000000e-04 0.000000000e+00 0.000000000e+00 -5.112102901e-04 5.000000000e+00 5.000000000e+00 5.112102901e-04 1.360000000e+01 1.360000000e+01 0.000000000e+00 
d 1.09333333333333e-04 0.000000000e+00 0.000000000e+00 -5.112102901e-04 5.000000000e+00 5.000000000e+00 5.112102901e-04 1.360000000e+01 1.360000000e+01 0.000000000e+00 
d 1.09333333333333e-04 0.000000000e+00 0.000000000e+00 -5.042689288e-04 5.000000000e+00 5.000000000e+00 5.042689288e-04 1.340000000e+01 1.340000000e+01 0.000000000e+00 
d 1.10666666666667e-04 0.000000000e+00 0.000000000e+00 -5.042689288e-04 5.000000000e+00 5.000000000e+00 5.042689288e-04 1.340000000e+01 1.340000000e+01 0.000000000e+00 
d 1.10666666666667e-04 0.000000000e+00 0.000000000e+00 -4.969845348e-04 5.000000000e+00 5.000000000e+00 4.969845348e-04 1.320000000e+01 1.320000000e+01 0.000000000e+00 
d 1.12000000000000e-04 0.000000000e+00 0.000000000e+00 -4.969845348e-04 5.000000000e+00 5.000000000e+00 4.969845348e-04 1.320000000e+01 1.320000000e+01 0.000000000e+00 
d 1.12000000000000e-04 0.000000000e+00 0.000000000e+00 -4.893145155e-04 5.000000000e+00 5.000000000e+00 4.893145155e-04 1.300000000e+01 1.300000000e+01 0.000000000e+00 
d 1.13333333333333e-04 0.000000000e+00 0.000000000e+00 -4.893145155e-04 5.000000000e+00 5.000000000e+00 4.893145155e-04 1.300000000e+01 1.300000000e+01 0.000000000e+00 
d 1.13333333333333e-04 0.000000000e+00 0.000000000e+00 -4.812151545e-04 5.000000000e+00 5.000000000e+00 4.812151545e-04 1.280000000e+01 1.280000000e+01 0.000000000e+00 
d 1.14666666666667e-04 0.000000000e+00 0.000000000e+00 -4.812151545e-04 5.000000000e+00 5.000000000e+00 4.812151545e-04 1.280000000e+01 1.280000000e+01 0.000000000e+00 
d 1.14666666666667e-04 0.000000000e+00 0.000000000e+00 -4.726477994e-04 5.000000000e+00 5.000000000e+00 4.726477994e-04 1.260000000e+01 1.260000000e+01 0.000000000e+00 
d 1.16000000000000e-04 0.000000000e+00 0.000000000e+00 -4.726477994e-04 5.000000000e+00 5.000000000e+00 4.726477994e-04 1.260000000e+01 1.260000000e+01 0.000000000e+00 
d 1.16000000000000e-04 0.000000000e+00 0.000000000e+00 -4.635882627e-04 5.000000000e+00 5.000000000e+00 4.635882627e-04 1.240000000e+01 1.240000000e+01 0.000000000e+00 
d 1.17333333333333e-04 0.000000000e+00 0.000000000e+00 -4.635882627e-04 5.000000000e+00 5.000000000e+00 4.635882627e-04 1.240000000e+01 1.240000000e+01 0.000000000e+00 
d 1.17333333333333e-04 0.000000000e+00 0.000000000e+00 -4.540358041e-04 5.000000000e+00 5.000000000e+00 4.540358041e-04 1.220000000e+01 1.220000000e+01 0.000000000e+00 
d 1.18666666666667e-04 0.000000000e+00 0.000000000e+00 -4.540358041e-04 5.000000000e+00 5.000000000e+00 4.540358041e-04 1.220000000e+01 1.220000000e+01 0.000000000e+00 
d 1.18666666666667e-04 0.000000000e+00 0.000000000e+00 -4.440160664e-04 5.000000000e+00 5.000000000e+00 4.440160664e-04 1.200000000e+01 1.200000000e+01 0.000000000e+00 
d 1.20000000000000e-04 0.000000000e+00 0.000000000e+00 -4.440160664e-04 5.000000000e+00 5.000000000e+00 4.440160664e-04 1.200000000e+01 1.200000000e+01 0.000000000e+00 
d 1.20000000000000e-04 0.000000000e+00 0.000000000e+00 -4.335756391e-04 5.000000000e+00 5.000000000e+00 4.335756391e-04 1.180000000e+01 1.180000000e+01 0.000000000e+00 
d 1.21333333333333e-04 0.000000000e+00 0.000000000e+00 -4.335756391e-04 5.000000000e+00 5.000000000e+00 4.335756391e-04 1.180000000e+01 1.180000000e+01 0.000000000e+00 
d 1.21333333333333e-04 0.000000000e+00 0.000000000e+00 -4.227717315e-04 5.000000000e+00 5.000000000e+00 4.227717315e-04 1.160000000e+01 1.160000000e+01 0.000000000e+00 
d 1.22666666666667e-04 0.000000000e+00 0.000000000e+00 -4.227717315e-04 5.000000000e+00 5.000000000e+00 4.227717315e-04 1.160000000e+01 1.160000000e+01 0.000000000e+00 
d 1.22666666666667e-04 0.000000000e+00 0.000000000e+00 -4.116624363e-04 5.000000000e+00 5.000000000e+00 4.116624362e-04 1.140000000e+01 1.140000000e+01 0.000000000e+00 
d 1.24000000000000e-04 0.000000000e+00 0.000000000e+00 -4.116624363e-04 5.000000000e+00 5.000000000e+00 4.116624362e-04 1.140000000e+01 1.140000000e+01 0.000000000e+00 
d 1.24000000000000e-04 0.000000000e+00 0.000000000e+00 -4.003006021e-04 5.000000000e+00 5.000000000e+00 4.003006021e-04 1.120000000e+01 1.120000000e+01 0.000000000e+00 
d 1.25333333333333e-04 0.000000000e+00 0.000000000e+00 -4.003006021e-04 5.000000000e+00 5.000000000e+00 4.003006021e-04 1.120000000e+01 1.120000000e+01 0.000000000e+00 
d 1.25333333333333e-04 0.000000000e+00 0.000000000e+00 -3.887313266e-04 5.000000000e+00 5.000000000e+00 3.887313265e-04 1.100000000e+01 1.100000000e+01 0.000000000e+00 
d 1.26666666666667e-04 0.000000000e+00 0.000000000e+00 -3.887313266e-04 5.000000000e+00 5.000000000e+00 3.887313265e-04 1.100000000e+01 1.100000000e+01 0.000000000e+00 
d 1.26666666666667e-04 0.000000000e+00 0.000000000e+00 -3.769917925e-04 5.000000000e+00 5.000000000e+00 3.769917925e-04 1.080000000e+01 1.080000000e+01 0.000000000e+00 
d 1.28000000000000e-04 0.000000000e+00 0.000000000e+00 -3.769917925e-04 5.000000000e+00 5.000000000e+00 3.769917925e-04 1.080000000e+01 1.080000000e+01 0.000000000e+00 
d 1.28000000000000e-04 0.000000000e+00 0.000000000e+00 -3.651122311e-04 5.000000000e+00 5.000000000e+00 3.651122311e-04 1.060000000e+01 1.060000000e+01 0.000000000e+00 
d 1.29333333333333e-04 0.000000000e+00 0.000000000e+00 -3.651122311e-04 5.000000000e+00 5.000000000e+00 3.651122311e-04 1.060000000e+01 1.060000000e+01 0.000000000e+00 
d 1.29333333333333e-04 0.000000000e+00 0.000000000e+00 -3.531172485e-04 5.000000000e+00 5.000000000e+00 3.531172485e-04 1.040000000e+01 1.040000000e+01 0.000000000e+00 
d 1.30666666666667e-04 0.000000000e+00 0.000000000e+00 -3.531172485e-04 5.000000000e+00 5.000000000e+00 3.531172485e-04 1.040000000e+01 1.040000000e+01 0.000000000e+00 
d 1.30666666666667e-04 0.000000000e+00 0.000000000e+00 -3.410271463e-04 5.000000000e+00 5.000000000e+00 3.410271463e-04 1.020000000e+01 1.020000000e+01 0.000000000e+00 
d 1.32000000000000e-04 0.000000000e+00 0.000000000e+00 -3.410271463e-04 5.000000000e+00 5.000000000e+00 3.410271463e-04 1.020000000e+01 1.020000000e+01 0.000000000e+00 
d 1.32000000000000e-04 0.000000000e+00 0.000000000e+00 -3.288590899e-04 5.000000000e+00 5.000000000e+00 3.288590899e-04 1.000000000e+01 1.000000000e+01 0.000000000e+00 
d 1.33333333333333e-04 0.000000000e+00 0.000000000e+00 -3.288590899e-04 5.000000000e+00 5.000000000e+00 3.288590899e-04 1.000000000e+01 1.000000000e+01 0.000000000e+00 
d 1.33333333333333e-04 0.000000000e+00 0.000000000e+00 -3.166280902e-04 5.000000000e+00 5.000000000e+00 3.166280902e-04 9.800000000e+00 9.800000000e+00 0.000000000e+00 
d 1.34666666666667e-04 0.000000000e+00 0.000000000e+00 -3.166280902e-04 5.000000000e+00 5.000000000e+00 3.166280902e-04 9.800000000e+00 9.800000000e+00 0.000000000e+00 
d 1.34666666666667e-04 0.000000000e+00 0.000000000e+00 -3.043478050e-04 5.000000000e+00 5.000000000e+00 3.043478050e-04 9.600000000e+00 9.600000000e+00 0.000000000e+00 
d 1.36000000000000e-04 0.000000000e+00 0.000000000e+00 -3.043478050e-04 5.000000000e+00 5.000000000e+00 3.043478050e-04 9.600000000e+00 9.600000000e+00 0.000000000e+00 
d 1.36000000000000e-04 0.000000000e+00 0.000000000e+00 -2.920311849e-04 5.000000000e+00 5.000000000e+00 2.920311849e-04 9.400000000e+00 9.400000000e+00 0.000000000e+00 
d 1.37333333333333e-04 0.000000000e+00 0.000000000e+00 -2.920311849e-04 5.000000000e+00 5.000000000e+00 2.920311849e-04 9.400000000e+00 9.400000000e+00 0.000000000e+00 
d 1.37333333333333e-04 0.000000000e+00 0.000000000e+00 -2.796909907e-04 5.000000000e+00 5.000000000e+00 2.796909907e-04 9.200000000e+00 9.200000000e+00 0.000000000e+00 
d 1.38666666666667e-04 0.000000000e+00 0.000000000e+00 -2.796909907e-04 5.000000000e+00 5.000000000e+00 2.796909907e-04 9.200000000e+00 9.200000000e+00 0.000000000e+00 
d 1.38666666666667e-04 0.000000000e+00 0.000000000e+00 -2.673402110e-04 5.000000000e+00 5.000000000e+00 2.673402110e-04 9.000000000e+00 9.000000000e+00 0.000000000e+00 
d 1.40000000000000e-04 0.000000000e+00 0.000000000e+00 -2.673402110e-04 5.000000000e+00 5.000000000e+00 2.673402110e-04 9.000000000e+00 9.000000000e+00 0.000000000e+00 
d 1.40000000000000e-04 0.000000000e+00 0.000000000e+00 -2.549924109e-04 5.000000000e+00 5.000000000e+00 2.549924109e-04 8.800000000e+00 8.800000000e+00 0.000000000e+00 
d 1.41333333333333e-04 0.000000000e+00 0.000000000e+00 -2.549924109e-04 5.000000000e+00 5.000000000e+00 2.549924109e-04 8.800000000e+00 8.800000000e+00 0.000000000e+00 
d 1.41333333333333e-04 0.000000000e+00 0.000000000e+00 -2.426620395e-04 5.000000000e+00 5.000000000e+00 2.426620395e-04 8.600000000e+00 8.600000000e+00 0.000000000e+00 
d 1.42666666666667e-04 0.000000000e+00 0.000000000e+00 -2.426620395e-04 5.000000000e+00 5.000000000e+00 2.426620395e-04 8.600000000e+00 8.600000000e+00 0.000000000e+00 
d 1.42666666666667e-04 0.000000000e+00 0.000000000e+00 -2.303647242e-04 5.000000000e+00 5.000000000e+00 2.303647242e-04 8.400000000e+00 8.400000000e+00 0.000000000e+00 
d 1.44000000000000e-04 0.000000000e+00 0.000000000e+00 -2.303647242e-04 5.000000000e+00 5.000000000e+00 2.303647242e-04 8.400000000e+00 8.400000000e+00 0.000000000e+00 
d 1.44000000000000e-04 0.000000000e+00 0.000000000e+00 -2.181175719e-04 5.000000000e+00 5.000000000e+00 2.181175719e-04 8.200000000e+00 8.200000000e+00 0.000000000e+00 
d 1.45333333333333e-04 0.000000000e+00 0.000000000e+00 -2.181175719e-04 5.000000000e+00 5.000000000e+00 2.181175719e-04 8.200000000e+00 8.200000000e+00 0.000000000e+00 
d 1.45333333333333e-04 0.000000000e+00 0.000000000e+00 -2.059394941e-04 5.000000000e+00 5.000000000e+00 2.059394941e-04 8.000000000e+00 8.000000000e+00 0.000000000e+00 
d 1.46666666666667e-04 0.000000000e+00 0.000000000e+00 -2.059394941e-04 5.000000000e+00 5.000000000e+00 2.059394941e-04 8.000000000e+00 8.000000000e+00 0.000000000e+00 
d 1.46666666666667e-04 0.000000000e+00 0.000000000e+00 -1.938515600e-04 5.000000000e+00 5.000000000e+00 1.938515600e-04 7.800000000e+00 7.800000000e+00 0.000000000e+00 
d 1.48000000000000e-04 0.000000000e+00 0.000000000e+00 -1.938515600e-04 5.000000000e+00 5.000000000e+00 1.938515600e-04 7.800000000e+00 7.800000000e+00 0.000000000e+00 
d 1.48000000000000e-04 0.000000000e+00 0.000000000e+00 -1.818773653e-04 5.000000000e+00 5.000000000e+00 1.818773653e-04 7.600000000e+00 7.600000000e+00 0.000000000e+00 
d 1.49333333333333e-04 0.000000000e+00 0.000000000e+00 -1.818773653e-04 5.000000000e+00 5.000000000e+00 1.818773653e-04 7.600000000e+00 7.600000000e+00 0.000000000e+00 
d 1.49333333333333e-04 0.000000000e+00 0.000000000e+00 -1.700433811e-04 5.000000000e+00 5.000000000e+00 1.700433811e-04 7.400000000e+00 7.400000000e+00 0.000000000e+00 
d 1.50666666666666e-04 0.000000000e+00 0.000000000e+00 -1.700433811e-04 5.000000000e+00 5.000000000e+00 1.700433811e-04 7.400000000e+00 7.400000000e+00 0.000000000e+00 
d 1.50666666666666e-04 0.000000000e+00 0.000000000e+00 -1.583792077e-04 5.000000000e+00 5.000000000e+00 1.583792077e-04 7.200000000e+00 7.200000000e+00 0.000000000e+00 
d 1.52000000000000e-04 0.000000000e+00 0.000000000e+00 -1.583792077e-04 5.000000000e+00 5.000000000e+00 1.583792077e-04 7.200000000e+00 7.200000000e+00 0.000000000e+00 
d 1.52000000000000e-04 0.000000000e+00 0.000000000e+00 -1.469176083e-04 5.000000000e+00 5.000000000e+00 1.469176083e-04 7.000000000e+00 7.000000000e+00 0.000000000e+00 
d 1.53333333333333e-04 0.000000000e+00 0.000000000e+00 -1.469176083e-04 5.000000000e+00 5.000000000e+00 1.469176083e-04 7.000000000e+00 7.000000000e+00 0.000000000e+00 
d 1.53333333333333e-04 0.000000000e+00 0.000000000e+00 -1.356941586e-04 5.000000000e+00 5.000000000e+00 1.356941586e-04 6.800000000e+00 6.800000000e+00 0.000000000e+00 
d 1.54666666666666e-04 0.000000000e+00 0.000000000e+00 -1.356941586e-04 5.000000000e+00 5.000000000e+00 1.356941586e-04 6.800000000e+00 6.800000000e+00 0.000000000e+00 
d 1.54666666666666e-04 0.000000000e+00 0.000000000e+00 -1.247463639e-04 5.000000000e+00 5.000000000e+00 1.247463639e-04 6.600000000e+00 6.600000000e+00 0.000000000e+00 
d 1.56000000000000e-04 0.000000000e+00 0.000000000e+00 -1.247463639e-04 5.000000000e+00 5.000000000e+00 1.247463639e-04 6.600000000e+00 6.600000000e+00 0.000000000e+00 
d 1.56000000000000e-04 0.000000000e+00 0.000000000e+00 -1.141122344e-04 5.000000000e+00 5.000000000e+00 1.141122344e-04 6.400000000e+00 6.400000000e+00 0.000000000e+00 
d 1.57333333333333e-04 0.000000000e+00 0.000000000e+00 -1.141122344e-04 5.000000000e+00 5.000000000e+00 1.141122344e-04 6.400000000e+00 6.400000000e+00 0.000000000e+00 
d 1.57333333333333e-04 0.000000000e+00 0.000000000e+00 -1.038285609e-04 5.000000000e+00 5.000000000e+00 1.038285609e-04 6.200000000e+00 6.200000000e+00 0.000000000e+00 
d 1.58666666666666e-04 0.000000000e+00 0.000000000e+00 -1.038285609e-04 5.000000000e+00 5.000000000e+00 1.038285609e-04 6.200000000e+00 6.200000000e+00 0.000000000e+00 
d 1.58666666666666e-04 0.000000000e+00 0.000000000e+00 -9.392935784e-05 5.000000000e+00 5.000000000e+00 9.392935784e-05 6.000000000e+00 6.000000000e+00 0.000000000e+00 
d 1.60000000000000e-04 0.000000000e+00 0.000000000e+00 -9.392935784e-05 5.000000000e+00 5.000000000e+00 9.392935784e-05 6.000000000e+00 6.000000000e+00 0.000000000e+00 
d 1.60000000000000e-04 0.000000000e+00 0.000000000e+00 -8.444496845e-05 5.000000000e+00 5.000000000e+00 8.444496845e-05 5.800000000e+00 5.800000000e+00 0.000000000e+00 
d 1.61333333333333e-04 0.000000000e+00 0.000000000e+00 -8.444496845e-05 5.000000000e+00 5.000000000e+00 8.444496845e-05 5.800000000e+00 5.800000000e+00 0.000000000e+00 
d 1.61333333333333e-04 0.000000000e+00 0.000000000e+00 -7.540226958e-05 5.000000000e+00 5.000000000e+00 7.540226958e-05 5.600000000e+00 5.600000000e+00 0.000000000e+00 
d 1.62666666666666e-04 0.000000000e+00 0.000000000e+00 -7.540226958e-05 5.000000000e+00 5.000000000e+00 7.540226958e-05 5.600000000e+00 5.600000000e+00 0.000000000e+00 
d 1.62666666666666e-04 0.000000000e+00 0.000000000e+00 -6.682587297e-05 5.000000000e+00 5.000000000e+00 6.682587297e-05 5.400000000e+00 5.400000000e+00 0.000000000e+00 
d 1.64000000000000e-04 0.000000000e+00 0.000000000e+00 -6.682587297e-05 5.000000000e+00 5.000000000e+00 6.682587297e-05 5.400000000e+00 5.400000000e+00 0.000000000e+00 
d 1.64000000000000e-04 0.000000000e+00 0.000000000e+00 -5.873761231e-05 5.000000000e+00 5.000000000e+00 5.873761231e-05 5.200000000e+00 5.200000000e+00 0.000000000e+00 
d 1.65333333333333e-04 0.000000000e+00 0.000000000e+00 -5.873761231e-05 5.000000000e+00 5.000000000e+00 5.873761231e-05 5.200000000e+00 5.200000000e+00 0.000000000e+00 
d 1.65333333333333e-04 0.000000000e+00 0.000000000e+00 -5.115487280e-05 5.000000000e+00 5.000000000e+00 5.115487280e-05 5.000000000e+00 5.000000000e+00 0.000000000e+00 
d 1.66666666666666e-04 0.000000000e+00 0.000000000e+00 -5.115487280e-05 5.000000000e+00 5.000000000e+00 5.115487280e-05 5.000000000e+00 5.000000000e+00 0.000000000e+00 
d 1.66666666666666e-04 0.000000000e+00 0.000000000e+00 -4.409216876e-05 5.000000000e+00 5.000000000e+00 4.409216876e-05 4.800000000e+00 4.800000000e+00 0.000000000e+00 
d 1.68000000000000e-04 0.000000000e+00 0.000000000e+00 -4.409216876e-05 5.000000000e+00 5.000000000e+00 4.409216876e-05 4.800000000e+00 4.800000000e+00 0.000000000e+00 
d 1.68000000000000e-04 0.000000000e+00 0.000000000e+00 -3.756224467e-05 5.000000000e+00 5.000000000e+00 3.756224467e-05 4.600000000e+00 4.600000000e+00 0.000000000e+00 
d 1.69333333333333e-04 0.000000000e+00 0.000000000e+00 -3.756224467e-05 5.000000000e+00 5.000000000e+00 3.756224467e-05 4.600000000e+00 4.600000000e+00 0.000000000e+00 
d 1.69333333333333e-04 0.000000000e+00 0.000000000e+00 -3.157639226e-05 5.000000000e+00 5.000000000e+00 3.157639225e-05 4.400000000e+00 4.400000000e+00 0.000000000e+00 
d 1.70666666666666e-04 0.000000000e+00 0.000000000e+00 -3.157639226e-05 5.000000000e+00 5.000000000e+00 3.157639225e-05 4.400000000e+00 4.400000000e+00 0.000000000e+00 
d 1.70666666666666e-04 0.000000000e+00 0.000000000e+00 -2.614489626e-05 5.000000000e+00 5.000000000e+00 2.614489626e-05 4.200000000e+00 4.200000000e+00 0.000000000e+00 
d 1.72000000000000e-04 0.000000000e+00 0.000000000e+00 -2.614489626e-05 5.000000000e+00 5.000000000e+00 2.614489626e-05 4.200000000e+00 4.200000000e+00 0.000000000e+00 
d 1.72000000000000e-04 0.000000000e+00 0.000000000e+00 -2.127655145e-05 5.000000000e+00 5.000000000e+00 2.127655145e-05 4.000000000e+00 4.000000000e+00 0.000000000e+00 
d 1.73333333333333e-04 0.000000000e+00 0.000000000e+00 -2.127655145e-05 5.000000000e+00 5.000000000e+00 2.127655145e-05 4.000000000e+00 4.000000000e+00 0.000000000e+00 
d 1.73333333333333e-04 0.000000000e+00 0.000000000e+00 -1.697737768e-05 5.000000000e+00 5.000000000e+00 1.697737769e-05 3.800000000e+00 3.800000000e+00 0.000000000e+00 
d 1.74666666666666e-04 0.000000000e+00 0.000000000e+00 -1.697737768e-05 5.000000000e+00 5.000000000e+00 1.697737769e-05 3.800000000e+00 3.800000000e+00 0.000000000e+00 
d 1.74666666666666e-04 0.000000000e+00 0.000000000e+00 -1.324813957e-05 5.000000000e+00 5.000000000e+00 1.324813959e-05 3.600000000e+00 3.600000000e+00 0.000000000e+00 
d 1.76000000000000e-04 0.000000000e+00 0.000000000e+00 -1.324813957e-05 5.000000000e+00 5.000000000e+00 1.324813959e-05 3.600000000e+00 3.600000000e+00 0.000000000e+00 
d 1.76000000000000e-04 0.000000000e+00 0.000000000e+00 -1.008035449e-05 5.000000000e+00 5.000000000e+00 1.008035451e-05 3.400000000e+00 3.400000000e+00 0.000000000e+00 
d 1.77333333333333e-04 0.000000000e+00 0.000000000e+00 -1.008035449e-05 5.000000000e+00 5.000000000e+00 1.008035451e-05 3.400000000e+00 3.400000000e+00 0.000000000e+00 
d 1.77333333333333e-04 0.000000000e+00 0.000000000e+00 -7.451577692e-06 5.000000000e+00 5.000000000e+00 7.451577710e-06 3.200000000e+00 3.200000000e+00 0.000000000e+00 
d 1.78666666666666e-04 0.000000000e+00 0.000000000e+00 -7.451577692e-06 5.000000000e+00 5.000000000e+00 7.451577710e-06 3.200000000e+00 3.200000000e+00 0.000000000e+00 
d 1.78666666666666e-04 0.000000000e+00 0.000000000e+00 -5.322363197e-06 5.000000000e+00 5.000000000e+00 5.322363212e-06 3.000000000e+00 3.000000000e+00 0.000000000e+00 
d 1.80000000000000e-04 0.000000000e+00 0.000000000e+00 -5.322363197e-06 5.000000000e+00 5.000000000e+00 5.322363212e-06 3.000000000e+00 3.000000000e+00 0.000000000e+00 
d 1.80000000000000e-04 0.000000000e+00 0.000000000e+00 -3.637971382e-06 5.000000000e+00 5.000000000e+00 3.637971392e-06 2.800000000e+00 2.800000000e+00 0.000000000e+00 
d 1.81333333333333e-04 0.000000000e+00 0.000000000e+00 -3.637971382e-06 5.000000000e+00 5.000000000e+00 3.637971392e-06 2.800000000e+00 2.800000000e+00 0.000000000e+00 
d 1.81333333333333e-04 0.000000000e+00 0.000000000e+00 -2.335664646e-06 5.000000000e+00 5.000000000e+00 2.335664655e-06 2.600000000e+00 2.600000000e+00 0.000000000e+00 
d 1.82666666666666e-04 0.000000000e+00 0.000000000e+00 -2.335664646e-06 5.000000000e+00 5.000000000e+00 2.335664655e-06 2.600000000e+00 2.600000000e+00 0.000000000e+00 
d 1.82666666666666e-04 0.000000000e+00 0.000000000e+00 -1.354986688e-06 5.000000000e+00 5.000000000e+00 1.354986688e-06 2.400000000e+00 2.400000000e+00 0.000000000e+00 
d 1.84000000000000e-04 0.000000000e+00 0.000000000e+00 -1.354986688e-06 5.000000000e+00 5.000000000e+00 1.354986688e-06 2.400000000e+00 2.400000000e+00 0.000000000e+00 
d 1.84000000000000e-04 0.000000000e+00 0.000000000e+00 -6.492306282e-07 5.000000000e+00 5.000000000e+00 6.492306283e-07 2.200000000e+00 2.200000000e+00 0.000000000e+00 
d 1.85333333333333e-04 0.000000000e+00 0.000000000e+00 -6.492306282e-07 5.000000000e+00 5.000000000e+00 6.492306283e-07 2.200000000e+00 2.200000000e+00 0.000000000e+00 
d 1.85333333333333e-04 0.000000000e+00 0.000000000e+00 -2.052184376e-07 5.000000000e+00 5.000000000e+00 2.052184363e-07 2.000000000e+00 2.000000000e+00 0.000000000e+00 
d 1.86666666666666e-04 0.000000000e+00 0.000000000e+00 -2.052184376e-07 5.000000000e+00 5.000000000e+00 2.052184363e-07 2.000000000e+00 2.000000000e+00 0.000000000e+00 
d 1.86666666666666e-04 0.000000000e+00 0.000000000e+00 -3.650054180e-08 5.000000000e+00 5.000000000e+00 3.650054213e-08 1.800000000e+00 1.800000000e+00 0.000000000e+00 
d 1.88000000000000e-04 0.000000000e+00 0.000000000e+00 -3.650054180e-08 5.000000000e+00 5.000000000e+00 3.650054213e-08 1.800000000e+00 1.800000000e+00 0.000000000e+00 
d 1.88000000000000e-04 0.000000000e+00 0.000000000e+00 -8.808345343e-09 5.000000000e+00 5.000000000e+00 8.808345092e-09 1.600000000e+00 1.600000000e+00 0.000000000e+00 
d 1.89333333333333e-04 0.000000000e+00 0.000000000e+00 -8.808345343e-09 5.000000000e+00 5.000000000e+00 8.808345092e-09 1.600000000e+00 1.600000000e+00 0.000000000e+00 
d 1.89333333333333e-04 0.000000000e+00 0.000000000e+00 -3.249038077e-09 5.000000000e+00 5.000000000e+00 3.249038232e-09 1.400000000e+00 1.400000000e+00 0.000000000e+00 
d 1.90666666666666e-04 0.000000000e+00 0.000000000e+00 -3.249038077e-09 5.000000000e+00 5.000000000e+00 3.249038232e-09 1.400000000e+00 1.400000000e+00 0.000000000e+00 
d 1.90666666666666e-04 0.000000000e+00 0.000000000e+00 -1.433664447e-09 5.000000000e+00 5.000000000e+00 1.433664511e-09 1.200000000e+00 1.200000000e+00 0.000000000e+00 
d 1.92000000000000e-04 0.000000000e+00 0.000000000e+00 -1.433664447e-09 5.000000000e+00 5.000000000e+00 1.433664511e-09 1.200000000e+00 1.200000000e+00 0.000000000e+00 
d 1.92000000000000e-04 0.000000000e+00 0.000000000e+00 -6.432913305e-10 5.000000000e+00 5.000000000e+00 6.432912162e-10 1.000000000e+00 1.000000000e+00 0.000000000e+00 
d 1.93333333333333e-04 0.000000000e+00 0.000000000e+00 -6.432913305e-10 5.000000000e+00 5.000000000e+00 6.432912162e-10 1.000000000e+00 1.000000000e+00 0.000000000e+00 
d 1.93333333333333e-04 0.000000000e+00 0.000000000e+00 -2.563474195e-10 5.000000000e+00 5.000000000e+00 2.563475828e-10 8.000000000e-01 8.000000000e-01 0.000000000e+00 
d 1.94666666666666e-04 0.000000000e+00 0.000000000e+00 -2.563474195e-10 5.000000000e+00 5.000000000e+00 2.563475828e-10 8.000000000e-01 8.000000000e-01 0.000000000e+00 
d 1.94666666666666e-04 0.000000000e+00 0.000000000e+00 -7.296239039e-11 5.000000000e+00 5.000000000e+00 7.296242568e-11 6.000000000e-01 6.000000000e-01 0.000000000e+00 
d 1.96000000000000e-04 0.000000000e+00 0.000000000e+00 -7.296239039e-11 5.000000000e+00 5.000000000e+00 7.296242568e-11 6.000000000e-01 6.000000000e-01 0.000000000e+00 
d 1.96000000000000e-04 0.000000000e+00 0.000000000e+00 -6.884963650e-12 5.000000000e+00 5.000000000e+00 6.884844399e-12 4.000000000e-01 4.000000000e-01 0.000000000e+00 
d 1.97333333333333e-04 0.000000000e+00 0.000000000e+00 -6.884963650e-12 5.000000000e+00 5.000000000e+00 6.884844399e-12 4.000000000e-01 4.000000000e-01 0.000000000e+00 
d 1.97333333333333e-04 0.000000000e+00 0.000000000e+00 -8.404163084e-14 5.000000000e+00 5.000000000e+00 8.402394125e-14 2.000000000e-01 2.000000000e-01 0.000000000e+00 
d 1.98666666666666e-04 0.000000000e+00 0.000000000e+00 -8.404163084e-14 5.000000000e+00 5.000000000e+00 8.402394125e-14 2.000000000e-01 2.000000000e-01 0.000000000e+00 
d 1.98666666666666e-04 0.000000000e+00 0.000000000e+00 -1.893927327e-15 5.000000000e+00 5.000000000e+00 2.193329763e-15 -1.239906479e-15 -1.239906479e-15 0.000000000e+00 
d 2.00000000000000e-04 0.000000000e+00 0.000000000e+00 -1.893927327e-15 5.000000000e+00 5.000000000e+00 2.193329763e-15 -1.239906479e-15 -1.239906479e-15 0.000000000e+00 
