v ATLAS
# This file was created by ATLAS version 5.26.1.R on Tue Apr 17 21:53:49 2018.
#SSF 2.0 generic
##############################################################################
#                    Copyright (c) 1984 - 2018                               #
#                    Silvaco Inc. All rights reserved                        #
#                                                                            #
# This file format and the following Key are copyright Silvaco Inc.          #
# You may not use, this format or key without reproducing this message in    #
# full and obtaining express written permission from Silvaco Inc.            #
#                                                                            #
# To obtain such permission please contact: Silvaco Inc.                     #
#                                           support@silvaco.com              #
#                                                                            #
# KEY=SVC86hn7562asdx                       PROD=345                         #
##############################################################################
y 1 15
z 295
f 2 "anode" "cathode" 
p 6 2 601 20 3 602 21 
d 1.000000000e-01 1.000000000e-01 8.178106525e-07 0.000000000e+00 0.000000000e+00 -4.709829904e-22 
d 2.000000000e-01 2.000000000e-01 1.042718005e-06 0.000000000e+00 0.000000000e+00 -1.371414459e-21 
d 3.000000000e-01 3.000000000e-01 1.236766695e-06 0.000000000e+00 0.000000000e+00 -1.149003850e-20 
d 4.000000000e-01 4.000000000e-01 1.401700885e-06 0.000000000e+00 0.000000000e+00 -3.560769773e-19 
d 5.000000000e-01 5.000000000e-01 1.539491666e-06 0.000000000e+00 0.000000000e+00 -1.640044123e-17 
d 6.000000000e-01 6.000000000e-01 1.651401286e-06 0.000000000e+00 0.000000000e+00 -7.564983385e-16 
d 7.000000000e-01 7.000000000e-01 1.741296854e-06 0.000000000e+00 0.000000000e+00 -3.454220145e-14 
d 8.000000000e-01 8.000000000e-01 1.810728710e-06 0.000000000e+00 0.000000000e+00 -1.556753652e-12 
d 9.000000000e-01 9.000000000e-01 1.863276215e-06 0.000000000e+00 0.000000000e+00 -6.893021935e-11 
d 1.000000000e+00 1.000000000e+00 1.905305708e-06 0.000000000e+00 0.000000000e+00 -2.971885409e-09 
d 1.100000000e+00 1.100000000e+00 2.053123527e-06 0.000000000e+00 0.000000000e+00 -1.229249486e-07 
d 1.200000000e+00 1.200000000e+00 6.778699735e-06 0.000000000e+00 0.000000000e+00 -4.829637852e-06 
d 1.300000000e+00 1.300000000e+00 1.684265480e-04 0.000000000e+00 0.000000000e+00 -1.664658523e-04 
d 1.400000000e+00 1.400000000e+00 3.971858807e-03 0.000000000e+00 0.000000000e+00 -3.969893703e-03 
d 1.500000000e+00 1.500000000e+00 4.150564349e-02 0.000000000e+00 0.000000000e+00 -4.150367420e-02 
d 1.600000000e+00 1.600000000e+00 1.716797117e-01 0.000000000e+00 0.000000000e+00 -1.716777415e-01 
d 1.700000000e+00 1.700000000e+00 4.198592636e-01 0.000000000e+00 0.000000000e+00 -4.198572971e-01 
d 1.800000000e+00 1.800000000e+00 7.941962332e-01 0.000000000e+00 0.000000000e+00 -7.941942739e-01 
d 1.900000000e+00 1.900000000e+00 1.303660151e+00 0.000000000e+00 0.000000000e+00 -1.303658195e+00 
d 2.000000000e+00 2.000000000e+00 1.956980892e+00 0.000000000e+00 0.000000000e+00 -1.956978964e+00 
d 2.100000000e+00 2.100000000e+00 2.763490697e+00 0.000000000e+00 0.000000000e+00 -2.763488672e+00 
d 2.200000000e+00 2.200000000e+00 3.733090823e+00 0.000000000e+00 0.000000000e+00 -3.733089447e+00 
d 2.300000000e+00 2.300000000e+00 4.875699940e+00 0.000000000e+00 0.000000000e+00 -4.875698367e+00 
d 2.400000000e+00 2.400000000e+00 6.201533457e+00 0.000000000e+00 0.000000000e+00 -6.201532019e+00 
d 2.500000000e+00 2.500000000e+00 7.721180335e+00 0.000000000e+00 0.000000000e+00 -7.721178602e+00 
d 2.600000000e+00 2.600000000e+00 9.445658471e+00 0.000000000e+00 0.000000000e+00 -9.445656776e+00 
d 2.700000000e+00 2.700000000e+00 1.138647074e+01 0.000000000e+00 0.000000000e+00 -1.138646907e+01 
d 2.800000000e+00 2.800000000e+00 1.355565494e+01 0.000000000e+00 0.000000000e+00 -1.355565323e+01 
d 2.900000000e+00 2.900000000e+00 1.596583317e+01 0.000000000e+00 0.000000000e+00 -1.596583135e+01 
d 3.000000000e+00 3.000000000e+00 1.863025997e+01 0.000000000e+00 0.000000000e+00 -1.863025794e+01 
d 3.100000000e+00 3.100000000e+00 2.156286951e+01 0.000000000e+00 0.000000000e+00 -2.156286715e+01 
d 3.200000000e+00 3.200000000e+00 2.477832298e+01 0.000000000e+00 0.000000000e+00 -2.477832016e+01 
d 3.300000000e+00 3.300000000e+00 2.829205629e+01 0.000000000e+00 0.000000000e+00 -2.829205287e+01 
d 3.400000000e+00 3.400000000e+00 3.212032841e+01 0.000000000e+00 0.000000000e+00 -3.212032427e+01 
d 3.500000000e+00 3.500000000e+00 3.628027130e+01 0.000000000e+00 0.000000000e+00 -3.628026637e+01 
d 3.600000000e+00 3.600000000e+00 4.078994046e+01 0.000000000e+00 0.000000000e+00 -4.078993470e+01 
d 3.700000000e+00 3.700000000e+00 4.566836756e+01 0.000000000e+00 0.000000000e+00 -4.566836102e+01 
d 3.800000000e+00 3.800000000e+00 5.093561493e+01 0.000000000e+00 0.000000000e+00 -5.093560774e+01 
d 3.900000000e+00 3.900000000e+00 5.661283208e+01 0.000000000e+00 0.000000000e+00 -5.661282446e+01 
d 4.000000000e+00 4.000000000e+00 6.272231465e+01 0.000000000e+00 0.000000000e+00 -6.272230690e+01 
d 4.100000000e+00 4.100000000e+00 6.928756589e+01 0.000000000e+00 0.000000000e+00 -6.928755840e+01 
d 4.200000000e+00 4.200000000e+00 7.633336048e+01 0.000000000e+00 0.000000000e+00 -7.633335369e+01 
d 4.300000000e+00 4.300000000e+00 8.388581276e+01 0.000000000e+00 0.000000000e+00 -8.388580716e+01 
d 4.400000000e+00 4.400000000e+00 9.197244677e+01 0.000000000e+00 0.000000000e+00 -9.197244289e+01 
d 4.500000000e+00 4.500000000e+00 1.006222700e+02 0.000000000e+00 0.000000000e+00 -1.006222684e+02 
d 4.600000000e+00 4.600000000e+00 1.098658510e+02 0.000000000e+00 0.000000000e+00 -1.098658523e+02 
d 4.700000000e+00 4.700000000e+00 1.197354011e+02 0.000000000e+00 0.000000000e+00 -1.197354060e+02 
d 4.800000000e+00 4.800000000e+00 1.302648598e+02 0.000000000e+00 0.000000000e+00 -1.302648691e+02 
d 4.900000000e+00 4.900000000e+00 1.414899848e+02 0.000000000e+00 0.000000000e+00 -1.414899997e+02 
d 5.000000000e+00 5.000000000e+00 1.534484464e+02 0.000000000e+00 0.000000000e+00 -1.534484687e+02 
d 5.100000000e+00 5.100000000e+00 1.661799274e+02 0.000000000e+00 0.000000000e+00 -1.661799595e+02 
d 5.200000000e+00 5.200000000e+00 1.797262175e+02 0.000000000e+00 0.000000000e+00 -1.797262057e+02 
d 5.300000000e+00 5.300000000e+00 1.941313578e+02 0.000000000e+00 0.000000000e+00 -1.941313400e+02 
d 5.400000000e+00 5.400000000e+00 2.094417100e+02 0.000000000e+00 0.000000000e+00 -2.094416837e+02 
d 5.500000000e+00 5.500000000e+00 2.257061065e+02 0.000000000e+00 0.000000000e+00 -2.257060684e+02 
d 5.600000000e+00 5.600000000e+00 2.429759722e+02 0.000000000e+00 0.000000000e+00 -2.429759179e+02 
d 5.700000000e+00 5.700000000e+00 2.613054564e+02 0.000000000e+00 0.000000000e+00 -2.613053804e+02 
d 5.800000000e+00 5.800000000e+00 2.807515800e+02 0.000000000e+00 0.000000000e+00 -2.807514752e+02 
d 5.900000000e+00 5.900000000e+00 3.013743826e+02 0.000000000e+00 0.000000000e+00 -3.013742404e+02 
d 6.000000000e+00 6.000000000e+00 3.232370985e+02 0.000000000e+00 0.000000000e+00 -3.232371496e+02 
d 6.100000000e+00 6.100000000e+00 3.464062460e+02 0.000000000e+00 0.000000000e+00 -3.464063140e+02 
d 6.200000000e+00 6.200000000e+00 3.709519095e+02 0.000000000e+00 0.000000000e+00 -3.709519985e+02 
d 6.300000000e+00 6.300000000e+00 3.969478546e+02 0.000000000e+00 0.000000000e+00 -3.969479693e+02 
d 6.400000000e+00 6.400000000e+00 4.244717369e+02 0.000000000e+00 0.000000000e+00 -4.244718828e+02 
d 6.500000000e+00 6.500000000e+00 4.536053045e+02 0.000000000e+00 0.000000000e+00 -4.536054875e+02 
d 6.600000000e+00 6.600000000e+00 4.844346111e+02 0.000000000e+00 0.000000000e+00 -4.844348380e+02 
d 6.700000000e+00 6.700000000e+00 5.170502410e+02 0.000000000e+00 0.000000000e+00 -5.170505189e+02 
d 6.800000000e+00 6.800000000e+00 5.515475448e+02 0.000000000e+00 0.000000000e+00 -5.515478813e+02 
d 6.900000000e+00 6.900000000e+00 5.880268880e+02 0.000000000e+00 0.000000000e+00 -5.880272912e+02 
d 7.000000000e+00 7.000000000e+00 6.265939127e+02 0.000000000e+00 0.000000000e+00 -6.265943908e+02 
d 7.100000000e+00 7.100000000e+00 6.673598127e+02 0.000000000e+00 0.000000000e+00 -6.673603741e+02 
d 7.200000000e+00 7.200000000e+00 7.104416234e+02 0.000000000e+00 0.000000000e+00 -7.104422762e+02 
d 7.300000000e+00 7.300000000e+00 7.559625264e+02 0.000000000e+00 0.000000000e+00 -7.559632786e+02 
d 7.400000000e+00 7.400000000e+00 8.040521703e+02 0.000000000e+00 0.000000000e+00 -8.040530291e+02 
d 7.500000000e+00 7.500000000e+00 8.548470083e+02 0.000000000e+00 0.000000000e+00 -8.548479801e+02 
d 7.600000000e+00 7.600000000e+00 9.084906533e+02 0.000000000e+00 0.000000000e+00 -9.084917434e+02 
d 7.700000000e+00 7.700000000e+00 9.651342516e+02 0.000000000e+00 0.000000000e+00 -9.651354638e+02 
d 7.800000000e+00 7.800000000e+00 1.024936910e+03 0.000000000e+00 0.000000000e+00 -1.024936661e+03 
d 7.900000000e+00 7.900000000e+00 1.088065994e+03 0.000000000e+00 0.000000000e+00 -1.088065738e+03 
d 8.000000000e+00 8.000000000e+00 1.154697713e+03 0.000000000e+00 0.000000000e+00 -1.154697453e+03 
d 8.100000000e+00 8.100000000e+00 1.225017491e+03 0.000000000e+00 0.000000000e+00 -1.225017235e+03 
d 8.200000000e+00 8.200000000e+00 1.299220468e+03 0.000000000e+00 0.000000000e+00 -1.299220223e+03 
d 8.300000000e+00 8.300000000e+00 1.377511918e+03 0.000000000e+00 0.000000000e+00 -1.377511875e+03 
d 8.400000000e+00 8.400000000e+00 1.460108123e+03 0.000000000e+00 0.000000000e+00 -1.460108056e+03 
d 8.500000000e+00 8.500000000e+00 1.547236411e+03 0.000000000e+00 0.000000000e+00 -1.547236315e+03 
d 8.600000000e+00 8.600000000e+00 1.639136149e+03 0.000000000e+00 0.000000000e+00 -1.639136019e+03 
d 8.700000000e+00 8.700000000e+00 1.736059223e+03 0.000000000e+00 0.000000000e+00 -1.736059053e+03 
d 8.800000000e+00 8.800000000e+00 1.838270695e+03 0.000000000e+00 0.000000000e+00 -1.838270479e+03 
d 8.900000000e+00 8.900000000e+00 1.946049498e+03 0.000000000e+00 0.000000000e+00 -1.946049231e+03 
d 9.000000000e+00 9.000000000e+00 2.059689163e+03 0.000000000e+00 0.000000000e+00 -2.059688839e+03 
d 9.100000000e+00 9.100000000e+00 2.179498578e+03 0.000000000e+00 0.000000000e+00 -2.179498190e+03 
d 9.200000000e+00 9.200000000e+00 2.305802786e+03 0.000000000e+00 0.000000000e+00 -2.305802329e+03 
d 9.300000000e+00 9.300000000e+00 2.438943834e+03 0.000000000e+00 0.000000000e+00 -2.438943302e+03 
d 9.400000000e+00 9.400000000e+00 2.579281654e+03 0.000000000e+00 0.000000000e+00 -2.579281041e+03 
d 9.500000000e+00 9.500000000e+00 2.727194995e+03 0.000000000e+00 0.000000000e+00 -2.727194296e+03 
d 9.600000000e+00 9.600000000e+00 2.883082404e+03 0.000000000e+00 0.000000000e+00 -2.883081616e+03 
d 9.700000000e+00 9.700000000e+00 3.047363259e+03 0.000000000e+00 0.000000000e+00 -3.047362377e+03 
d 9.800000000e+00 9.800000000e+00 3.220478848e+03 0.000000000e+00 0.000000000e+00 -3.220477870e+03 
d 9.900000000e+00 9.900000000e+00 3.402893513e+03 0.000000000e+00 0.000000000e+00 -3.402892438e+03 
d 1.000000000e+01 1.000000000e+01 3.595095846e+03 0.000000000e+00 0.000000000e+00 -3.595094674e+03 
d 1.010000000e+01 1.010000000e+01 3.797599952e+03 0.000000000e+00 0.000000000e+00 -3.797598684e+03 
d 1.020000000e+01 1.020000000e+01 4.010946771e+03 0.000000000e+00 0.000000000e+00 -4.010945412e+03 
d 1.030000000e+01 1.030000000e+01 4.235705474e+03 0.000000000e+00 0.000000000e+00 -4.235704028e+03 
d 1.040000000e+01 1.040000000e+01 4.472474926e+03 0.000000000e+00 0.000000000e+00 -4.472473401e+03 
d 1.050000000e+01 1.050000000e+01 4.721885223e+03 0.000000000e+00 0.000000000e+00 -4.721883631e+03 
d 1.060000000e+01 1.060000000e+01 4.984599318e+03 0.000000000e+00 0.000000000e+00 -4.984597670e+03 
d 1.070000000e+01 1.070000000e+01 5.261314714e+03 0.000000000e+00 0.000000000e+00 -5.261313028e+03 
d 1.080000000e+01 1.080000000e+01 5.552765259e+03 0.000000000e+00 0.000000000e+00 -5.552763553e+03 
d 1.090000000e+01 1.090000000e+01 5.859722860e+03 0.000000000e+00 0.000000000e+00 -5.859722862e+03 
d 1.100000000e+01 1.100000000e+01 6.183000018e+03 0.000000000e+00 0.000000000e+00 -6.182999926e+03 
d 1.110000000e+01 1.110000000e+01 6.523451186e+03 0.000000000e+00 0.000000000e+00 -6.523450983e+03 
d 1.120000000e+01 1.120000000e+01 6.881975363e+03 0.000000000e+00 0.000000000e+00 -6.881975029e+03 
d 1.130000000e+01 1.130000000e+01 7.259518300e+03 0.000000000e+00 0.000000000e+00 -7.259517817e+03 
d 1.140000000e+01 1.140000000e+01 7.657074919e+03 0.000000000e+00 0.000000000e+00 -7.657074267e+03 
d 1.150000000e+01 1.150000000e+01 8.075691846e+03 0.000000000e+00 0.000000000e+00 -8.075691003e+03 
d 1.160000000e+01 1.160000000e+01 8.516470705e+03 0.000000000e+00 0.000000000e+00 -8.516471375e+03 
d 1.170000000e+01 1.170000000e+01 8.980568515e+03 0.000000000e+00 0.000000000e+00 -8.980569271e+03 
d 1.180000000e+01 1.180000000e+01 9.469204140e+03 0.000000000e+00 0.000000000e+00 -9.469204986e+03 
d 1.190000000e+01 1.190000000e+01 9.983659139e+03 0.000000000e+00 0.000000000e+00 -9.983660078e+03 
d 1.200000000e+01 1.200000000e+01 1.052528159e+04 0.000000000e+00 0.000000000e+00 -1.052528262e+04 
d 1.210000000e+01 1.210000000e+01 1.109548952e+04 0.000000000e+00 0.000000000e+00 -1.109549065e+04 
d 1.220000000e+01 1.220000000e+01 1.169577454e+04 0.000000000e+00 0.000000000e+00 -1.169577577e+04 
d 1.230000000e+01 1.230000000e+01 1.232770568e+04 0.000000000e+00 0.000000000e+00 -1.232770701e+04 
d 1.240000000e+01 1.240000000e+01 1.299293339e+04 0.000000000e+00 0.000000000e+00 -1.299293481e+04 
d 1.250000000e+01 1.250000000e+01 1.369319380e+04 0.000000000e+00 0.000000000e+00 -1.369319531e+04 
d 1.260000000e+01 1.260000000e+01 1.443031317e+04 0.000000000e+00 0.000000000e+00 -1.443031477e+04 
d 1.270000000e+01 1.270000000e+01 1.520618298e+04 0.000000000e+00 0.000000000e+00 -1.520617727e+04 
d 1.280000000e+01 1.280000000e+01 1.602220130e+04 0.000000000e+00 0.000000000e+00 -1.602221609e+04 
d 1.290000000e+01 1.290000000e+01 1.687948439e+04 0.000000000e+00 0.000000000e+00 -1.687948026e+04 
d 1.300000000e+01 1.300000000e+01 1.777912280e+04 0.000000000e+00 0.000000000e+00 -1.777912018e+04 
d 1.310000000e+01 1.310000000e+01 1.872210606e+04 0.000000000e+00 0.000000000e+00 -1.872210543e+04 
d 1.320000000e+01 1.320000000e+01 1.970934438e+04 0.000000000e+00 0.000000000e+00 -1.970934199e+04 
d 1.330000000e+01 1.330000000e+01 2.074166766e+04 0.000000000e+00 0.000000000e+00 -2.074166384e+04 
d 1.340000000e+01 1.340000000e+01 2.181985229e+04 0.000000000e+00 0.000000000e+00 -2.181984720e+04 
d 1.350000000e+01 1.350000000e+01 2.294465301e+04 0.000000000e+00 0.000000000e+00 -2.294464617e+04 
d 1.360000000e+01 1.360000000e+01 2.411684920e+04 0.000000000e+00 0.000000000e+00 -2.411684070e+04 
d 1.370000000e+01 1.370000000e+01 2.533730843e+04 0.000000000e+00 0.000000000e+00 -2.533729855e+04 
d 1.380000000e+01 1.380000000e+01 2.660706810e+04 0.000000000e+00 0.000000000e+00 -2.660705733e+04 
d 1.390000000e+01 1.390000000e+01 2.792563126e+04 0.000000000e+00 0.000000000e+00 -2.792562127e+04 
d 1.400000000e+01 1.400000000e+01 2.929193863e+04 0.000000000e+00 0.000000000e+00 -2.929192449e+04 
d 1.410000000e+01 1.410000000e+01 3.070965711e+04 0.000000000e+00 0.000000000e+00 -3.070964318e+04 
d 1.420000000e+01 1.420000000e+01 3.218086890e+04 0.000000000e+00 0.000000000e+00 -3.218089992e+04 
d 1.430000000e+01 1.430000000e+01 3.369815121e+04 0.000000000e+00 0.000000000e+00 -3.369814187e+04 
d 1.440000000e+01 1.440000000e+01 3.526858159e+04 0.000000000e+00 0.000000000e+00 -3.526856653e+04 
d 1.450000000e+01 1.450000000e+01 3.689516157e+04 0.000000000e+00 0.000000000e+00 -3.689515011e+04 
d 1.460000000e+01 1.460000000e+01 3.856537034e+04 0.000000000e+00 0.000000000e+00 -3.856535264e+04 
d 1.470000000e+01 1.470000000e+01 4.029746125e+04 0.000000000e+00 0.000000000e+00 -4.029745014e+04 
d 1.480000000e+01 1.480000000e+01 4.207262745e+04 0.000000000e+00 0.000000000e+00 -4.207262758e+04 
d 1.490000000e+01 1.490000000e+01 4.391012400e+04 0.000000000e+00 0.000000000e+00 -4.391012677e+04 
d 1.500000000e+01 1.500000000e+01 4.579164688e+04 0.000000000e+00 0.000000000e+00 -4.579164578e+04 
