v ATLAS
# This file was created by ATLAS version 5.26.1.R on Tue Apr 17 22:00:50 2018.
#SSF 2.0 generic
##############################################################################
#                    Copyright (c) 1984 - 2018                               #
#                    Silvaco Inc. All rights reserved                        #
#                                                                            #
# This file format and the following Key are copyright Silvaco Inc.          #
# You may not use, this format or key without reproducing this message in    #
# full and obtaining express written permission from Silvaco Inc.            #
#                                                                            #
# To obtain such permission please contact: Silvaco Inc.                     #
#                                           support@silvaco.com              #
#                                                                            #
# KEY=SVC86hn7562asdx                       PROD=345                         #
##############################################################################
y 1 15
z 233
f 2 "anode" "cathode" 
p 6 2 601 20 3 602 21 
d 1.000000000e-01 1.000000000e-01 -8.365119117e-07 0.000000000e+00 0.000000000e+00 -1.595399489e-23 
d 2.000000000e-01 2.000000000e-01 -8.862884943e-07 0.000000000e+00 0.000000000e+00 4.210155377e-22 
d 3.000000000e-01 3.000000000e-01 -9.241899933e-07 0.000000000e+00 0.000000000e+00 7.270944620e-22 
d 4.000000000e-01 4.000000000e-01 -9.519691109e-07 0.000000000e+00 0.000000000e+00 4.201764318e-22 
d 5.000000000e-01 5.000000000e-01 -9.711205761e-07 0.000000000e+00 0.000000000e+00 2.959380423e-23 
d 6.000000000e-01 6.000000000e-01 -9.837286151e-07 0.000000000e+00 0.000000000e+00 -1.630347214e-22 
d 7.000000000e-01 7.000000000e-01 -9.906953679e-07 0.000000000e+00 0.000000000e+00 -1.164123436e-19 
d 8.000000000e-01 8.000000000e-01 -9.937510494e-07 0.000000000e+00 0.000000000e+00 -1.502307234e-17 
d 9.000000000e-01 9.000000000e-01 -9.938970923e-07 0.000000000e+00 0.000000000e+00 -1.869051682e-15 
d 1.000000000e+00 1.000000000e+00 -9.921437439e-07 0.000000000e+00 0.000000000e+00 -2.175451430e-13 
d 1.100000000e+00 1.100000000e+00 -9.890343592e-07 0.000000000e+00 0.000000000e+00 -2.195199197e-11 
d 1.200000000e+00 1.200000000e+00 -9.836751377e-07 0.000000000e+00 0.000000000e+00 -1.929161154e-09 
d 1.300000000e+00 1.300000000e+00 -8.255631528e-07 0.000000000e+00 0.000000000e+00 -1.567883174e-07 
d 1.400000000e+00 1.400000000e+00 6.943022917e-06 0.000000000e+00 0.000000000e+00 -7.922894992e-06 
d 1.500000000e+00 1.500000000e+00 1.150446246e-04 0.000000000e+00 0.000000000e+00 -1.160246129e-04 
d 1.600000000e+00 1.600000000e+00 5.065718462e-04 0.000000000e+00 0.000000000e+00 -5.075475706e-04 
d 1.700000000e+00 1.700000000e+00 1.272767259e-03 0.000000000e+00 0.000000000e+00 -1.273740145e-03 
d 1.800000000e+00 1.800000000e+00 2.474770500e-03 0.000000000e+00 0.000000000e+00 -2.475740496e-03 
d 1.900000000e+00 1.900000000e+00 4.179893289e-03 0.000000000e+00 0.000000000e+00 -4.180855631e-03 
d 2.000000000e+00 2.000000000e+00 6.436450303e-03 0.000000000e+00 0.000000000e+00 -6.436450202e-03 
d 2.100000000e+00 2.100000000e+00 9.292616817e-03 0.000000000e+00 0.000000000e+00 -9.292614178e-03 
d 2.200000000e+00 2.200000000e+00 1.281088275e-02 0.000000000e+00 0.000000000e+00 -1.281087988e-02 
d 2.300000000e+00 2.300000000e+00 1.704628665e-02 0.000000000e+00 0.000000000e+00 -1.704628371e-02 
d 2.400000000e+00 2.400000000e+00 2.205387049e-02 0.000000000e+00 0.000000000e+00 -2.205386753e-02 
d 2.500000000e+00 2.500000000e+00 2.788910211e-02 0.000000000e+00 0.000000000e+00 -2.788909914e-02 
d 2.600000000e+00 2.600000000e+00 3.460812674e-02 0.000000000e+00 0.000000000e+00 -3.460812375e-02 
d 2.700000000e+00 2.700000000e+00 4.226798322e-02 0.000000000e+00 0.000000000e+00 -4.226798024e-02 
d 2.800000000e+00 2.800000000e+00 5.092679677e-02 0.000000000e+00 0.000000000e+00 -5.092679379e-02 
d 2.900000000e+00 2.900000000e+00 6.064395496e-02 0.000000000e+00 0.000000000e+00 -6.064395199e-02 
d 3.000000000e+00 3.000000000e+00 7.148027169e-02 0.000000000e+00 0.000000000e+00 -7.148026871e-02 
d 3.100000000e+00 3.100000000e+00 8.349814244e-02 0.000000000e+00 0.000000000e+00 -8.349813942e-02 
d 3.200000000e+00 3.200000000e+00 9.676169357e-02 0.000000000e+00 0.000000000e+00 -9.676169044e-02 
d 3.300000000e+00 3.300000000e+00 1.113369273e-01 0.000000000e+00 0.000000000e+00 -1.113369239e-01 
d 3.400000000e+00 3.400000000e+00 1.272918637e-01 0.000000000e+00 0.000000000e+00 -1.272918599e-01 
d 3.500000000e+00 3.500000000e+00 1.446966822e-01 0.000000000e+00 0.000000000e+00 -1.446966778e-01 
d 3.600000000e+00 3.600000000e+00 1.636238610e-01 0.000000000e+00 0.000000000e+00 -1.636238556e-01 
d 3.700000000e+00 3.700000000e+00 1.841483177e-01 0.000000000e+00 0.000000000e+00 -1.841483109e-01 
d 3.800000000e+00 3.800000000e+00 2.063475503e-01 0.000000000e+00 0.000000000e+00 -2.063475415e-01 
d 3.900000000e+00 3.900000000e+00 2.303017801e-01 0.000000000e+00 0.000000000e+00 -2.303017685e-01 
d 4.000000000e+00 4.000000000e+00 2.560940960e-01 0.000000000e+00 0.000000000e+00 -2.560940809e-01 
d 4.100000000e+00 4.100000000e+00 2.838106022e-01 0.000000000e+00 0.000000000e+00 -2.838105824e-01 
d 4.200000000e+00 4.200000000e+00 3.135405676e-01 0.000000000e+00 0.000000000e+00 -3.135405419e-01 
d 4.300000000e+00 4.300000000e+00 3.453765793e-01 0.000000000e+00 0.000000000e+00 -3.453765463e-01 
d 4.400000000e+00 4.400000000e+00 3.794145243e-01 0.000000000e+00 0.000000000e+00 -3.794150661e-01 
d 4.500000000e+00 4.500000000e+00 4.157546278e-01 0.000000000e+00 0.000000000e+00 -4.157545751e-01 
d 4.600000000e+00 4.600000000e+00 4.544998650e-01 0.000000000e+00 0.000000000e+00 -4.544997997e-01 
d 4.700000000e+00 4.700000000e+00 4.957578844e-01 0.000000000e+00 0.000000000e+00 -4.957578044e-01 
d 4.800000000e+00 4.800000000e+00 5.396403069e-01 0.000000000e+00 0.000000000e+00 -5.396402099e-01 
d 4.900000000e+00 4.900000000e+00 5.862630817e-01 0.000000000e+00 0.000000000e+00 -5.862629652e-01 
d 5.000000000e+00 5.000000000e+00 6.357466729e-01 0.000000000e+00 0.000000000e+00 -6.357465342e-01 
d 5.100000000e+00 5.100000000e+00 6.882162524e-01 0.000000000e+00 0.000000000e+00 -6.882160886e-01 
d 5.200000000e+00 5.200000000e+00 7.438018991e-01 0.000000000e+00 0.000000000e+00 -7.438017067e-01 
d 5.300000000e+00 5.300000000e+00 8.026388048e-01 0.000000000e+00 0.000000000e+00 -8.026385800e-01 
d 5.400000000e+00 5.400000000e+00 8.648674874e-01 0.000000000e+00 0.000000000e+00 -8.648672257e-01 
d 5.500000000e+00 5.500000000e+00 9.306340118e-01 0.000000000e+00 0.000000000e+00 -9.306337075e-01 
d 5.600000000e+00 5.600000000e+00 1.000090218e+00 0.000000000e+00 0.000000000e+00 -1.000089864e+00 
d 5.700000000e+00 5.700000000e+00 1.073393958e+00 0.000000000e+00 0.000000000e+00 -1.073393547e+00 
d 5.800000000e+00 5.800000000e+00 1.150709343e+00 0.000000000e+00 0.000000000e+00 -1.150708863e+00 
d 5.900000000e+00 5.900000000e+00 1.232206996e+00 0.000000000e+00 0.000000000e+00 -1.232206434e+00 
d 6.000000000e+00 6.000000000e+00 1.318064317e+00 0.000000000e+00 0.000000000e+00 -1.318063655e+00 
d 6.100000000e+00 6.100000000e+00 1.408465755e+00 0.000000000e+00 0.000000000e+00 -1.408464973e+00 
d 6.200000000e+00 6.200000000e+00 1.503603094e+00 0.000000000e+00 0.000000000e+00 -1.503602163e+00 
d 6.300000000e+00 6.300000000e+00 1.603675749e+00 0.000000000e+00 0.000000000e+00 -1.603674639e+00 
d 6.400000000e+00 6.400000000e+00 1.708891076e+00 0.000000000e+00 0.000000000e+00 -1.708889745e+00 
d 6.500000000e+00 6.500000000e+00 1.819464682e+00 0.000000000e+00 0.000000000e+00 -1.819463082e+00 
d 6.600000000e+00 6.600000000e+00 1.935620760e+00 0.000000000e+00 0.000000000e+00 -1.935618832e+00 
d 6.700000000e+00 6.700000000e+00 2.057592431e+00 0.000000000e+00 0.000000000e+00 -2.057590107e+00 
d 6.800000000e+00 6.800000000e+00 2.185622103e+00 0.000000000e+00 0.000000000e+00 -2.185619301e+00 
d 6.900000000e+00 6.900000000e+00 2.319961838e+00 0.000000000e+00 0.000000000e+00 -2.319958465e+00 
d 7.000000000e+00 7.000000000e+00 2.460873738e+00 0.000000000e+00 0.000000000e+00 -2.460869688e+00 
d 7.100000000e+00 7.100000000e+00 2.608630215e+00 0.000000000e+00 0.000000000e+00 -2.608631617e+00 
d 7.200000000e+00 7.200000000e+00 2.763514896e+00 0.000000000e+00 0.000000000e+00 -2.763516583e+00 
d 7.300000000e+00 7.300000000e+00 2.925822358e+00 0.000000000e+00 0.000000000e+00 -2.925824377e+00 
d 7.400000000e+00 7.400000000e+00 3.095859022e+00 0.000000000e+00 0.000000000e+00 -3.095861420e+00 
d 7.500000000e+00 7.500000000e+00 3.273943508e+00 0.000000000e+00 0.000000000e+00 -3.273946336e+00 
d 7.600000000e+00 7.600000000e+00 3.460407127e+00 0.000000000e+00 0.000000000e+00 -3.460410433e+00 
d 7.700000000e+00 7.700000000e+00 3.655594586e+00 0.000000000e+00 0.000000000e+00 -3.655593527e+00 
d 7.800000000e+00 7.800000000e+00 3.859863740e+00 0.000000000e+00 0.000000000e+00 -3.859862542e+00 
d 7.900000000e+00 7.900000000e+00 4.073587225e+00 0.000000000e+00 0.000000000e+00 -4.073585888e+00 
d 8.000000000e+00 8.000000000e+00 4.297152345e+00 0.000000000e+00 0.000000000e+00 -4.297150876e+00 
d 8.100000000e+00 8.100000000e+00 4.530961813e+00 0.000000000e+00 0.000000000e+00 -4.530960230e+00 
d 8.200000000e+00 8.200000000e+00 4.775434373e+00 0.000000000e+00 0.000000000e+00 -4.775432702e+00 
d 8.300000000e+00 8.300000000e+00 5.031005115e+00 0.000000000e+00 0.000000000e+00 -5.031005304e+00 
d 8.400000000e+00 8.400000000e+00 5.298127324e+00 0.000000000e+00 0.000000000e+00 -5.298127413e+00 
d 8.500000000e+00 8.500000000e+00 5.577271485e+00 0.000000000e+00 0.000000000e+00 -5.577271427e+00 
d 8.600000000e+00 8.600000000e+00 5.868927065e+00 0.000000000e+00 0.000000000e+00 -5.868926801e+00 
d 8.700000000e+00 8.700000000e+00 6.173603001e+00 0.000000000e+00 0.000000000e+00 -6.173602461e+00 
d 8.800000000e+00 8.800000000e+00 6.491828474e+00 0.000000000e+00 0.000000000e+00 -6.491827576e+00 
d 8.900000000e+00 8.900000000e+00 6.824153714e+00 0.000000000e+00 0.000000000e+00 -6.824152360e+00 
d 9.000000000e+00 9.000000000e+00 7.171150835e+00 0.000000000e+00 0.000000000e+00 -7.171148914e+00 
d 9.100000000e+00 9.100000000e+00 7.533415147e+00 0.000000000e+00 0.000000000e+00 -7.533416869e+00 
d 9.200000000e+00 9.200000000e+00 7.911564351e+00 0.000000000e+00 0.000000000e+00 -7.911566500e+00 
d 9.300000000e+00 9.300000000e+00 8.306241958e+00 0.000000000e+00 0.000000000e+00 -8.306244602e+00 
d 9.400000000e+00 9.400000000e+00 8.718116667e+00 0.000000000e+00 0.000000000e+00 -8.718119875e+00 
d 9.500000000e+00 9.500000000e+00 9.147883771e+00 0.000000000e+00 0.000000000e+00 -9.147887615e+00 
d 9.600000000e+00 9.600000000e+00 9.596266213e+00 0.000000000e+00 0.000000000e+00 -9.596270762e+00 
d 9.700000000e+00 9.700000000e+00 1.006401569e+01 0.000000000e+00 0.000000000e+00 -1.006402101e+01 
d 9.800000000e+00 9.800000000e+00 1.055191377e+01 0.000000000e+00 0.000000000e+00 -1.055191993e+01 
d 9.900000000e+00 9.900000000e+00 1.106077315e+01 0.000000000e+00 0.000000000e+00 -1.106078019e+01 
d 1.000000000e+01 1.000000000e+01 1.159143880e+01 0.000000000e+00 0.000000000e+00 -1.159144677e+01 
d 1.010000000e+01 1.010000000e+01 1.214478928e+01 0.000000000e+00 0.000000000e+00 -1.214479820e+01 
d 1.020000000e+01 1.020000000e+01 1.272173809e+01 0.000000000e+00 0.000000000e+00 -1.272174796e+01 
d 1.030000000e+01 1.030000000e+01 1.332323517e+01 0.000000000e+00 0.000000000e+00 -1.332324596e+01 
d 1.040000000e+01 1.040000000e+01 1.395026818e+01 0.000000000e+00 0.000000000e+00 -1.395027983e+01 
d 1.050000000e+01 1.050000000e+01 1.460386406e+01 0.000000000e+00 0.000000000e+00 -1.460387647e+01 
d 1.060000000e+01 1.060000000e+01 1.528509132e+01 0.000000000e+00 0.000000000e+00 -1.528508739e+01 
d 1.070000000e+01 1.070000000e+01 1.599505908e+01 0.000000000e+00 0.000000000e+00 -1.599505547e+01 
d 1.080000000e+01 1.080000000e+01 1.673492230e+01 0.000000000e+00 0.000000000e+00 -1.673491920e+01 
d 1.090000000e+01 1.090000000e+01 1.750588025e+01 0.000000000e+00 0.000000000e+00 -1.750587920e+01 
d 1.100000000e+01 1.100000000e+01 1.830918308e+01 0.000000000e+00 0.000000000e+00 -1.830918122e+01 
d 1.110000000e+01 1.110000000e+01 1.914612770e+01 0.000000000e+00 0.000000000e+00 -1.914612488e+01 
d 1.120000000e+01 1.120000000e+01 2.001806360e+01 0.000000000e+00 0.000000000e+00 -2.001805964e+01 
d 1.130000000e+01 1.130000000e+01 2.092639397e+01 0.000000000e+00 0.000000000e+00 -2.092638867e+01 
d 1.140000000e+01 1.140000000e+01 2.187257785e+01 0.000000000e+00 0.000000000e+00 -2.187257102e+01 
d 1.150000000e+01 1.150000000e+01 2.285813236e+01 0.000000000e+00 0.000000000e+00 -2.285812381e+01 
d 1.160000000e+01 1.160000000e+01 2.388463641e+01 0.000000000e+00 0.000000000e+00 -2.388464279e+01 
d 1.170000000e+01 1.170000000e+01 2.495372769e+01 0.000000000e+00 0.000000000e+00 -2.495373499e+01 
d 1.180000000e+01 1.180000000e+01 2.606711311e+01 0.000000000e+00 0.000000000e+00 -2.606712135e+01 
d 1.190000000e+01 1.190000000e+01 2.722656625e+01 0.000000000e+00 0.000000000e+00 -2.722657542e+01 
d 1.200000000e+01 1.200000000e+01 2.843393131e+01 0.000000000e+00 0.000000000e+00 -2.843394138e+01 
d 1.210000000e+01 1.210000000e+01 2.969112597e+01 0.000000000e+00 0.000000000e+00 -2.969113687e+01 
d 1.220000000e+01 1.220000000e+01 3.100014428e+01 0.000000000e+00 0.000000000e+00 -3.100015592e+01 
d 1.230000000e+01 1.230000000e+01 3.236305976e+01 0.000000000e+00 0.000000000e+00 -3.236307199e+01 
d 1.240000000e+01 1.240000000e+01 3.378202851e+01 0.000000000e+00 0.000000000e+00 -3.378204115e+01 
d 1.250000000e+01 1.250000000e+01 3.525929259e+01 0.000000000e+00 0.000000000e+00 -3.525930539e+01 
d 1.260000000e+01 1.260000000e+01 3.679718338e+01 0.000000000e+00 0.000000000e+00 -3.679719606e+01 
d 1.270000000e+01 1.270000000e+01 3.839812520e+01 0.000000000e+00 0.000000000e+00 -3.839813740e+01 
d 1.280000000e+01 1.280000000e+01 4.006464085e+01 0.000000000e+00 0.000000000e+00 -4.006464267e+01 
d 1.290000000e+01 1.290000000e+01 4.179934867e+01 0.000000000e+00 0.000000000e+00 -4.179935245e+01 
d 1.300000000e+01 1.300000000e+01 4.360497348e+01 0.000000000e+00 0.000000000e+00 -4.360496459e+01 
d 1.310000000e+01 1.310000000e+01 4.548435459e+01 0.000000000e+00 0.000000000e+00 -4.548434369e+01 
d 1.320000000e+01 1.320000000e+01 4.744043759e+01 0.000000000e+00 0.000000000e+00 -4.744042446e+01 
d 1.330000000e+01 1.330000000e+01 4.947628780e+01 0.000000000e+00 0.000000000e+00 -4.947627223e+01 
d 1.340000000e+01 1.340000000e+01 5.159509281e+01 0.000000000e+00 0.000000000e+00 -5.159507459e+01 
d 1.350000000e+01 1.350000000e+01 5.380016737e+01 0.000000000e+00 0.000000000e+00 -5.380014630e+01 
d 1.360000000e+01 1.360000000e+01 5.609495851e+01 0.000000000e+00 0.000000000e+00 -5.609493442e+01 
d 1.370000000e+01 1.370000000e+01 5.848305081e+01 0.000000000e+00 0.000000000e+00 -5.848302353e+01 
d 1.380000000e+01 1.380000000e+01 6.096817190e+01 0.000000000e+00 0.000000000e+00 -6.096814132e+01 
d 1.390000000e+01 1.390000000e+01 6.355419821e+01 0.000000000e+00 0.000000000e+00 -6.355416425e+01 
d 1.400000000e+01 1.400000000e+01 6.624516093e+01 0.000000000e+00 0.000000000e+00 -6.624512355e+01 
d 1.410000000e+01 1.410000000e+01 6.904525221e+01 0.000000000e+00 0.000000000e+00 -6.904521142e+01 
d 1.420000000e+01 1.420000000e+01 7.195883157e+01 0.000000000e+00 0.000000000e+00 -7.195878746e+01 
d 1.430000000e+01 1.430000000e+01 7.499043267e+01 0.000000000e+00 0.000000000e+00 -7.499038538e+01 
d 1.440000000e+01 1.440000000e+01 7.814477025e+01 0.000000000e+00 0.000000000e+00 -7.814472000e+01 
d 1.450000000e+01 1.450000000e+01 8.142674739e+01 0.000000000e+00 0.000000000e+00 -8.142669449e+01 
d 1.460000000e+01 1.460000000e+01 8.484146308e+01 0.000000000e+00 0.000000000e+00 -8.484140793e+01 
d 1.470000000e+01 1.470000000e+01 8.839422006e+01 0.000000000e+00 0.000000000e+00 -8.839416317e+01 
d 1.480000000e+01 1.480000000e+01 9.209053304e+01 0.000000000e+00 0.000000000e+00 -9.209047500e+01 
d 1.490000000e+01 1.490000000e+01 9.593613712e+01 0.000000000e+00 0.000000000e+00 -9.593607865e+01 
d 1.500000000e+01 1.500000000e+01 9.993699672e+01 0.000000000e+00 0.000000000e+00 -9.993693865e+01 
