v ATLAS
# This file was created by ATLAS version 5.26.1.R on Tue Apr 17 21:54:15 2018.
#SSF 2.0 generic
##############################################################################
#                    Copyright (c) 1984 - 2018                               #
#                    Silvaco Inc. All rights reserved                        #
#                                                                            #
# This file format and the following Key are copyright Silvaco Inc.          #
# You may not use, this format or key without reproducing this message in    #
# full and obtaining express written permission from Silvaco Inc.            #
#                                                                            #
# To obtain such permission please contact: Silvaco Inc.                     #
#                                           support@silvaco.com              #
#                                                                            #
# KEY=SVC86hn7562asdx                       PROD=345                         #
##############################################################################
y 1 15
z 295
f 2 "anode" "cathode" 
p 6 2 601 20 3 602 21 
d 1.000000000e-01 1.000000000e-01 -1.682117984e-11 0.000000000e+00 0.000000000e+00 -2.124673936e-24 
d 2.000000000e-01 2.000000000e-01 -2.316278913e-11 0.000000000e+00 0.000000000e+00 -1.055590911e-22 
d 3.000000000e-01 3.000000000e-01 -1.997974200e-11 0.000000000e+00 0.000000000e+00 -4.877707930e-21 
d 4.000000000e-01 4.000000000e-01 -1.675996740e-11 0.000000000e+00 0.000000000e+00 -2.285170021e-19 
d 5.000000000e-01 5.000000000e-01 -2.390958096e-11 0.000000000e+00 0.000000000e+00 -1.064849235e-17 
d 6.000000000e-01 6.000000000e-01 -1.880446306e-11 0.000000000e+00 0.000000000e+00 -4.917939644e-16 
d 7.000000000e-01 7.000000000e-01 -1.773936652e-11 0.000000000e+00 0.000000000e+00 -2.246088818e-14 
d 8.000000000e-01 8.000000000e-01 -1.154466710e-11 0.000000000e+00 0.000000000e+00 -1.011161895e-12 
d 9.000000000e-01 9.000000000e-01 3.265071808e-11 0.000000000e+00 0.000000000e+00 -4.464112352e-11 
d 1.000000000e+00 1.000000000e+00 1.898259127e-09 0.000000000e+00 0.000000000e+00 -1.913654409e-09 
d 1.100000000e+00 1.100000000e+00 7.828659123e-08 0.000000000e+00 0.000000000e+00 -7.831027690e-08 
d 1.200000000e+00 1.200000000e+00 3.010835602e-06 0.000000000e+00 0.000000000e+00 -3.010857258e-06 
d 1.300000000e+00 1.300000000e+00 9.849881655e-05 0.000000000e+00 0.000000000e+00 -9.849884566e-05 
d 1.400000000e+00 1.400000000e+00 2.020521805e-03 0.000000000e+00 0.000000000e+00 -2.020521835e-03 
d 1.500000000e+00 1.500000000e+00 1.623885411e-02 0.000000000e+00 0.000000000e+00 -1.623885414e-02 
d 1.600000000e+00 1.600000000e+00 5.584546862e-02 0.000000000e+00 0.000000000e+00 -5.584546863e-02 
d 1.700000000e+00 1.700000000e+00 1.242729620e-01 0.000000000e+00 0.000000000e+00 -1.242729620e-01 
d 1.800000000e+00 1.800000000e+00 2.227797635e-01 0.000000000e+00 0.000000000e+00 -2.227797635e-01 
d 1.900000000e+00 1.900000000e+00 3.533159425e-01 0.000000000e+00 0.000000000e+00 -3.533159424e-01 
d 2.000000000e+00 2.000000000e+00 5.168378689e-01 0.000000000e+00 0.000000000e+00 -5.168378672e-01 
d 2.100000000e+00 2.100000000e+00 7.148735189e-01 0.000000000e+00 0.000000000e+00 -7.148735069e-01 
d 2.200000000e+00 2.200000000e+00 9.493142628e-01 0.000000000e+00 0.000000000e+00 -9.493142501e-01 
d 2.300000000e+00 2.300000000e+00 1.221802228e+00 0.000000000e+00 0.000000000e+00 -1.221802216e+00 
d 2.400000000e+00 2.400000000e+00 1.533979340e+00 0.000000000e+00 0.000000000e+00 -1.533979328e+00 
d 2.500000000e+00 2.500000000e+00 1.887505610e+00 0.000000000e+00 0.000000000e+00 -1.887505599e+00 
d 2.600000000e+00 2.600000000e+00 2.284066582e+00 0.000000000e+00 0.000000000e+00 -2.284066573e+00 
d 2.700000000e+00 2.700000000e+00 2.725379750e+00 0.000000000e+00 0.000000000e+00 -2.725379743e+00 
d 2.800000000e+00 2.800000000e+00 3.213200356e+00 0.000000000e+00 0.000000000e+00 -3.213200350e+00 
d 2.900000000e+00 2.900000000e+00 3.749326703e+00 0.000000000e+00 0.000000000e+00 -3.749326701e+00 
d 3.000000000e+00 3.000000000e+00 4.335605056e+00 0.000000000e+00 0.000000000e+00 -4.335605058e+00 
d 3.100000000e+00 3.100000000e+00 4.973934244e+00 0.000000000e+00 0.000000000e+00 -4.973934251e+00 
d 3.200000000e+00 3.200000000e+00 5.666270030e+00 0.000000000e+00 0.000000000e+00 -5.666270041e+00 
d 3.300000000e+00 3.300000000e+00 6.414629279e+00 0.000000000e+00 0.000000000e+00 -6.414629295e+00 
d 3.400000000e+00 3.400000000e+00 7.221094048e+00 0.000000000e+00 0.000000000e+00 -7.221094067e+00 
d 3.500000000e+00 3.500000000e+00 8.087815490e+00 0.000000000e+00 0.000000000e+00 -8.087815511e+00 
d 3.600000000e+00 3.600000000e+00 9.017017746e+00 0.000000000e+00 0.000000000e+00 -9.017017767e+00 
d 3.700000000e+00 3.700000000e+00 1.001100178e+01 0.000000000e+00 0.000000000e+00 -1.001100180e+01 
d 3.800000000e+00 3.800000000e+00 1.107214920e+01 0.000000000e+00 0.000000000e+00 -1.107214920e+01 
d 3.900000000e+00 3.900000000e+00 1.220292603e+01 0.000000000e+00 0.000000000e+00 -1.220292601e+01 
d 4.000000000e+00 4.000000000e+00 1.340588660e+01 0.000000000e+00 0.000000000e+00 -1.340588656e+01 
d 4.100000000e+00 4.100000000e+00 1.468367734e+01 0.000000000e+00 0.000000000e+00 -1.468367725e+01 
d 4.200000000e+00 4.200000000e+00 1.603904072e+01 0.000000000e+00 0.000000000e+00 -1.603904057e+01 
d 4.300000000e+00 4.300000000e+00 1.747481925e+01 0.000000000e+00 0.000000000e+00 -1.747481902e+01 
d 4.400000000e+00 4.400000000e+00 1.899395944e+01 0.000000000e+00 0.000000000e+00 -1.899395912e+01 
d 4.500000000e+00 4.500000000e+00 2.059951595e+01 0.000000000e+00 0.000000000e+00 -2.059951552e+01 
d 4.600000000e+00 4.600000000e+00 2.229465578e+01 0.000000000e+00 0.000000000e+00 -2.229465521e+01 
d 4.700000000e+00 4.700000000e+00 2.408266256e+01 0.000000000e+00 0.000000000e+00 -2.408266185e+01 
d 4.800000000e+00 4.800000000e+00 2.596694100e+01 0.000000000e+00 0.000000000e+00 -2.596694014e+01 
d 4.900000000e+00 4.900000000e+00 2.795102138e+01 0.000000000e+00 0.000000000e+00 -2.795102037e+01 
d 5.000000000e+00 5.000000000e+00 3.003856422e+01 0.000000000e+00 0.000000000e+00 -3.003856307e+01 
d 5.100000000e+00 5.100000000e+00 3.223336508e+01 0.000000000e+00 0.000000000e+00 -3.223336381e+01 
d 5.200000000e+00 5.200000000e+00 3.453935948e+01 0.000000000e+00 0.000000000e+00 -3.453935814e+01 
d 5.300000000e+00 5.300000000e+00 3.696062800e+01 0.000000000e+00 0.000000000e+00 -3.696062666e+01 
d 5.400000000e+00 5.400000000e+00 3.950140150e+01 0.000000000e+00 0.000000000e+00 -3.950140026e+01 
d 5.500000000e+00 5.500000000e+00 4.216606660e+01 0.000000000e+00 0.000000000e+00 -4.216606559e+01 
d 5.600000000e+00 5.600000000e+00 4.495917117e+01 0.000000000e+00 0.000000000e+00 -4.495917057e+01 
d 5.700000000e+00 5.700000000e+00 4.788543021e+01 0.000000000e+00 0.000000000e+00 -4.788543024e+01 
d 5.800000000e+00 5.800000000e+00 5.094973156e+01 0.000000000e+00 0.000000000e+00 -5.094973248e+01 
d 5.900000000e+00 5.900000000e+00 5.415714260e+01 0.000000000e+00 0.000000000e+00 -5.415714475e+01 
d 6.000000000e+00 6.000000000e+00 5.751291623e+01 0.000000000e+00 0.000000000e+00 -5.751292000e+01 
d 6.100000000e+00 6.100000000e+00 6.102249749e+01 0.000000000e+00 0.000000000e+00 -6.102250336e+01 
d 6.200000000e+00 6.200000000e+00 6.469152874e+01 0.000000000e+00 0.000000000e+00 -6.469152719e+01 
d 6.300000000e+00 6.300000000e+00 6.852586358e+01 0.000000000e+00 0.000000000e+00 -6.852586155e+01 
d 6.400000000e+00 6.400000000e+00 7.253156402e+01 0.000000000e+00 0.000000000e+00 -7.253156139e+01 
d 6.500000000e+00 6.500000000e+00 7.671491467e+01 0.000000000e+00 0.000000000e+00 -7.671491133e+01 
d 6.600000000e+00 6.600000000e+00 8.108242896e+01 0.000000000e+00 0.000000000e+00 -8.108242479e+01 
d 6.700000000e+00 6.700000000e+00 8.564085915e+01 0.000000000e+00 0.000000000e+00 -8.564089203e+01 
d 6.800000000e+00 6.800000000e+00 9.039719694e+01 0.000000000e+00 0.000000000e+00 -9.039723757e+01 
d 6.900000000e+00 6.900000000e+00 9.535869400e+01 0.000000000e+00 0.000000000e+00 -9.535874355e+01 
d 7.000000000e+00 7.000000000e+00 1.005328630e+02 0.000000000e+00 0.000000000e+00 -1.005329228e+02 
d 7.100000000e+00 7.100000000e+00 1.059274891e+02 0.000000000e+00 0.000000000e+00 -1.059275603e+02 
d 7.200000000e+00 7.200000000e+00 1.115506391e+02 0.000000000e+00 0.000000000e+00 -1.115507234e+02 
d 7.300000000e+00 7.300000000e+00 1.174106744e+02 0.000000000e+00 0.000000000e+00 -1.174106601e+02 
d 7.400000000e+00 7.400000000e+00 1.235162535e+02 0.000000000e+00 0.000000000e+00 -1.235162372e+02 
d 7.500000000e+00 7.500000000e+00 1.298763518e+02 0.000000000e+00 0.000000000e+00 -1.298763333e+02 
d 7.600000000e+00 7.600000000e+00 1.365002680e+02 0.000000000e+00 0.000000000e+00 -1.365002472e+02 
d 7.700000000e+00 7.700000000e+00 1.433976362e+02 0.000000000e+00 0.000000000e+00 -1.433976131e+02 
d 7.800000000e+00 7.800000000e+00 1.505784384e+02 0.000000000e+00 0.000000000e+00 -1.505784130e+02 
d 7.900000000e+00 7.900000000e+00 1.580530163e+02 0.000000000e+00 0.000000000e+00 -1.580529885e+02 
d 8.000000000e+00 8.000000000e+00 1.658320783e+02 0.000000000e+00 0.000000000e+00 -1.658320804e+02 
d 8.100000000e+00 8.100000000e+00 1.739267354e+02 0.000000000e+00 0.000000000e+00 -1.739267372e+02 
d 8.200000000e+00 8.200000000e+00 1.823484826e+02 0.000000000e+00 0.000000000e+00 -1.823484840e+02 
d 8.300000000e+00 8.300000000e+00 1.911092335e+02 0.000000000e+00 0.000000000e+00 -1.911092342e+02 
d 8.400000000e+00 8.400000000e+00 2.002213304e+02 0.000000000e+00 0.000000000e+00 -2.002213302e+02 
d 8.500000000e+00 8.500000000e+00 2.096975590e+02 0.000000000e+00 0.000000000e+00 -2.096975577e+02 
d 8.600000000e+00 8.600000000e+00 2.195511647e+02 0.000000000e+00 0.000000000e+00 -2.195511618e+02 
d 8.700000000e+00 8.700000000e+00 2.297958686e+02 0.000000000e+00 0.000000000e+00 -2.297958638e+02 
d 8.800000000e+00 8.800000000e+00 2.404458843e+02 0.000000000e+00 0.000000000e+00 -2.404458772e+02 
d 8.900000000e+00 8.900000000e+00 2.515159358e+02 0.000000000e+00 0.000000000e+00 -2.515159259e+02 
d 9.000000000e+00 9.000000000e+00 2.630212755e+02 0.000000000e+00 0.000000000e+00 -2.630212622e+02 
d 9.100000000e+00 9.100000000e+00 2.749777027e+02 0.000000000e+00 0.000000000e+00 -2.749776853e+02 
d 9.200000000e+00 9.200000000e+00 2.874015817e+02 0.000000000e+00 0.000000000e+00 -2.874015595e+02 
d 9.300000000e+00 9.300000000e+00 3.003098656e+02 0.000000000e+00 0.000000000e+00 -3.003098380e+02 
d 9.400000000e+00 9.400000000e+00 3.137201153e+02 0.000000000e+00 0.000000000e+00 -3.137200813e+02 
d 9.500000000e+00 9.500000000e+00 3.276505199e+02 0.000000000e+00 0.000000000e+00 -3.276504786e+02 
d 9.600000000e+00 9.600000000e+00 3.421199201e+02 0.000000000e+00 0.000000000e+00 -3.421198706e+02 
d 9.700000000e+00 9.700000000e+00 3.571478314e+02 0.000000000e+00 0.000000000e+00 -3.571477726e+02 
d 9.800000000e+00 9.800000000e+00 3.727544677e+02 0.000000000e+00 0.000000000e+00 -3.727543984e+02 
d 9.900000000e+00 9.900000000e+00 3.889607829e+02 0.000000000e+00 0.000000000e+00 -3.889608088e+02 
d 1.000000000e+01 1.000000000e+01 4.057884326e+02 0.000000000e+00 0.000000000e+00 -4.057884620e+02 
d 1.010000000e+01 1.010000000e+01 4.232598944e+02 0.000000000e+00 0.000000000e+00 -4.232599274e+02 
d 1.020000000e+01 1.020000000e+01 4.413984343e+02 0.000000000e+00 0.000000000e+00 -4.413984713e+02 
d 1.030000000e+01 1.030000000e+01 4.602281503e+02 0.000000000e+00 0.000000000e+00 -4.602281915e+02 
d 1.040000000e+01 1.040000000e+01 4.797740021e+02 0.000000000e+00 0.000000000e+00 -4.797740478e+02 
d 1.050000000e+01 1.050000000e+01 5.000618418e+02 0.000000000e+00 0.000000000e+00 -5.000618922e+02 
d 1.060000000e+01 1.060000000e+01 5.211184453e+02 0.000000000e+00 0.000000000e+00 -5.211185006e+02 
d 1.070000000e+01 1.070000000e+01 5.429715453e+02 0.000000000e+00 0.000000000e+00 -5.429716057e+02 
d 1.080000000e+01 1.080000000e+01 5.656498654e+02 0.000000000e+00 0.000000000e+00 -5.656499310e+02 
d 1.090000000e+01 1.090000000e+01 5.891831555e+02 0.000000000e+00 0.000000000e+00 -5.891832263e+02 
d 1.100000000e+01 1.100000000e+01 6.136022277e+02 0.000000000e+00 0.000000000e+00 -6.136023038e+02 
d 1.110000000e+01 1.110000000e+01 6.389389947e+02 0.000000000e+00 0.000000000e+00 -6.389390761e+02 
d 1.120000000e+01 1.120000000e+01 6.652265086e+02 0.000000000e+00 0.000000000e+00 -6.652265952e+02 
d 1.130000000e+01 1.130000000e+01 6.924990016e+02 0.000000000e+00 0.000000000e+00 -6.924990931e+02 
d 1.140000000e+01 1.140000000e+01 7.207919276e+02 0.000000000e+00 0.000000000e+00 -7.207920238e+02 
d 1.150000000e+01 1.150000000e+01 7.501420060e+02 0.000000000e+00 0.000000000e+00 -7.501421065e+02 
d 1.160000000e+01 1.160000000e+01 7.805872666e+02 0.000000000e+00 0.000000000e+00 -7.805873709e+02 
d 1.170000000e+01 1.170000000e+01 8.121670959e+02 0.000000000e+00 0.000000000e+00 -8.121672035e+02 
d 1.180000000e+01 1.180000000e+01 8.449222858e+02 0.000000000e+00 0.000000000e+00 -8.449223959e+02 
d 1.190000000e+01 1.190000000e+01 8.788950832e+02 0.000000000e+00 0.000000000e+00 -8.788951948e+02 
d 1.200000000e+01 1.200000000e+01 9.141292416e+02 0.000000000e+00 0.000000000e+00 -9.141293538e+02 
d 1.210000000e+01 1.210000000e+01 9.506700753e+02 0.000000000e+00 0.000000000e+00 -9.506701868e+02 
d 1.220000000e+01 1.220000000e+01 9.885645139e+02 0.000000000e+00 0.000000000e+00 -9.885646233e+02 
d 1.230000000e+01 1.230000000e+01 1.027861161e+03 0.000000000e+00 0.000000000e+00 -1.027861266e+03 
d 1.240000000e+01 1.240000000e+01 1.068610392e+03 0.000000000e+00 0.000000000e+00 -1.068610408e+03 
d 1.250000000e+01 1.250000000e+01 1.110864263e+03 0.000000000e+00 0.000000000e+00 -1.110864286e+03 
d 1.260000000e+01 1.260000000e+01 1.154676797e+03 0.000000000e+00 0.000000000e+00 -1.154676827e+03 
d 1.270000000e+01 1.270000000e+01 1.200103906e+03 0.000000000e+00 0.000000000e+00 -1.200103944e+03 
d 1.280000000e+01 1.280000000e+01 1.247203494e+03 0.000000000e+00 0.000000000e+00 -1.247203542e+03 
d 1.290000000e+01 1.290000000e+01 1.296035530e+03 0.000000000e+00 0.000000000e+00 -1.296035587e+03 
d 1.300000000e+01 1.300000000e+01 1.346662116e+03 0.000000000e+00 0.000000000e+00 -1.346662186e+03 
d 1.310000000e+01 1.310000000e+01 1.399147571e+03 0.000000000e+00 0.000000000e+00 -1.399147654e+03 
d 1.320000000e+01 1.320000000e+01 1.453558502e+03 0.000000000e+00 0.000000000e+00 -1.453558598e+03 
d 1.330000000e+01 1.330000000e+01 1.509963890e+03 0.000000000e+00 0.000000000e+00 -1.509964001e+03 
d 1.340000000e+01 1.340000000e+01 1.568435170e+03 0.000000000e+00 0.000000000e+00 -1.568435297e+03 
d 1.350000000e+01 1.350000000e+01 1.629046325e+03 0.000000000e+00 0.000000000e+00 -1.629046470e+03 
d 1.360000000e+01 1.360000000e+01 1.691873969e+03 0.000000000e+00 0.000000000e+00 -1.691874133e+03 
d 1.370000000e+01 1.370000000e+01 1.756997447e+03 0.000000000e+00 0.000000000e+00 -1.756997632e+03 
d 1.380000000e+01 1.380000000e+01 1.824498928e+03 0.000000000e+00 0.000000000e+00 -1.824499134e+03 
d 1.390000000e+01 1.390000000e+01 1.894463506e+03 0.000000000e+00 0.000000000e+00 -1.894463735e+03 
d 1.400000000e+01 1.400000000e+01 1.966979305e+03 0.000000000e+00 0.000000000e+00 -1.966979558e+03 
d 1.410000000e+01 1.410000000e+01 2.042137586e+03 0.000000000e+00 0.000000000e+00 -2.042137865e+03 
d 1.420000000e+01 1.420000000e+01 2.120032860e+03 0.000000000e+00 0.000000000e+00 -2.120033165e+03 
d 1.430000000e+01 1.430000000e+01 2.200763002e+03 0.000000000e+00 0.000000000e+00 -2.200763335e+03 
d 1.440000000e+01 1.440000000e+01 2.284429370e+03 0.000000000e+00 0.000000000e+00 -2.284429733e+03 
d 1.450000000e+01 1.450000000e+01 2.371136934e+03 0.000000000e+00 0.000000000e+00 -2.371137327e+03 
d 1.460000000e+01 1.460000000e+01 2.460994397e+03 0.000000000e+00 0.000000000e+00 -2.460994820e+03 
d 1.470000000e+01 1.470000000e+01 2.554114333e+03 0.000000000e+00 0.000000000e+00 -2.554114789e+03 
d 1.480000000e+01 1.480000000e+01 2.650613325e+03 0.000000000e+00 0.000000000e+00 -2.650613813e+03 
d 1.490000000e+01 1.490000000e+01 2.750612107e+03 0.000000000e+00 0.000000000e+00 -2.750612628e+03 
d 1.500000000e+01 1.500000000e+01 2.854235710e+03 0.000000000e+00 0.000000000e+00 -2.854236264e+03 
