v ATLAS
# This file was created by ATLAS version 5.26.1.R on Tue Apr 17 21:56:50 2018.
#SSF 2.0 generic
##############################################################################
#                    Copyright (c) 1984 - 2018                               #
#                    Silvaco Inc. All rights reserved                        #
#                                                                            #
# This file format and the following Key are copyright Silvaco Inc.          #
# You may not use, this format or key without reproducing this message in    #
# full and obtaining express written permission from Silvaco Inc.            #
#                                                                            #
# To obtain such permission please contact: Silvaco Inc.                     #
#                                           support@silvaco.com              #
#                                                                            #
# KEY=SVC86hn7562asdx                       PROD=345                         #
##############################################################################
y 1 15
z 171
f 2 "anode" "cathode" 
p 6 2 601 20 3 602 21 
d 1.000000000e-01 1.000000000e-01 -9.395698151e-12 0.000000000e+00 0.000000000e+00 -6.947188123e-27 
d 2.000000000e-01 2.000000000e-01 -1.500512427e-12 0.000000000e+00 0.000000000e+00 -2.285102579e-25 
d 3.000000000e-01 3.000000000e-01 4.401698713e-12 0.000000000e+00 0.000000000e+00 -2.138558565e-24 
d 4.000000000e-01 4.000000000e-01 8.408702858e-12 0.000000000e+00 0.000000000e+00 -5.459725747e-25 
d 5.000000000e-01 5.000000000e-01 1.096429410e-11 0.000000000e+00 0.000000000e+00 -1.091225283e-26 
d 6.000000000e-01 6.000000000e-01 1.256964997e-11 0.000000000e+00 0.000000000e+00 -1.015149883e-24 
d 7.000000000e-01 7.000000000e-01 1.334247125e-11 0.000000000e+00 0.000000000e+00 -2.940264242e-24 
d 8.000000000e-01 8.000000000e-01 1.343911706e-11 0.000000000e+00 0.000000000e+00 -2.356227488e-24 
d 9.000000000e-01 9.000000000e-01 1.334402449e-11 0.000000000e+00 0.000000000e+00 -1.281686717e-21 
d 1.000000000e+00 1.000000000e+00 1.297003973e-11 0.000000000e+00 0.000000000e+00 -4.858244534e-19 
d 1.100000000e+00 1.100000000e+00 1.245557340e-11 0.000000000e+00 0.000000000e+00 -1.098618554e-16 
d 1.200000000e+00 1.200000000e+00 1.205138683e-11 0.000000000e+00 0.000000000e+00 -1.988064667e-14 
d 1.300000000e+00 1.300000000e+00 1.912689531e-11 0.000000000e+00 0.000000000e+00 -7.551901908e-12 
d 1.400000000e+00 1.400000000e+00 2.823321866e-09 0.000000000e+00 0.000000000e+00 -2.811987900e-09 
d 1.500000000e+00 1.500000000e+00 2.064736481e-07 0.000000000e+00 0.000000000e+00 -2.064625787e-07 
d 1.600000000e+00 1.600000000e+00 1.698844474e-06 0.000000000e+00 0.000000000e+00 -1.698833563e-06 
d 1.700000000e+00 1.700000000e+00 5.792660785e-06 0.000000000e+00 0.000000000e+00 -5.792650204e-06 
d 1.800000000e+00 1.800000000e+00 1.379882623e-05 0.000000000e+00 0.000000000e+00 -1.379881581e-05 
d 1.900000000e+00 1.900000000e+00 2.716018348e-05 0.000000000e+00 0.000000000e+00 -2.716017333e-05 
d 2.000000000e+00 2.000000000e+00 4.732603871e-05 0.000000000e+00 0.000000000e+00 -4.732602967e-05 
d 2.100000000e+00 2.100000000e+00 7.588340655e-05 0.000000000e+00 0.000000000e+00 -7.588340783e-05 
d 2.200000000e+00 2.200000000e+00 1.145623142e-04 0.000000000e+00 0.000000000e+00 -1.145623168e-04 
d 2.300000000e+00 2.300000000e+00 1.651838877e-04 0.000000000e+00 0.000000000e+00 -1.651838926e-04 
d 2.400000000e+00 2.400000000e+00 2.296873404e-04 0.000000000e+00 0.000000000e+00 -2.296873497e-04 
d 2.500000000e+00 2.500000000e+00 3.101364576e-04 0.000000000e+00 0.000000000e+00 -3.101364747e-04 
d 2.600000000e+00 2.600000000e+00 4.087264891e-04 0.000000000e+00 0.000000000e+00 -4.087265183e-04 
d 2.700000000e+00 2.700000000e+00 5.277916579e-04 0.000000000e+00 0.000000000e+00 -5.277917038e-04 
d 2.800000000e+00 2.800000000e+00 6.698132715e-04 0.000000000e+00 0.000000000e+00 -6.698133375e-04 
d 2.900000000e+00 2.900000000e+00 8.374284675e-04 0.000000000e+00 0.000000000e+00 -8.374285526e-04 
d 3.000000000e+00 3.000000000e+00 1.033439592e-03 0.000000000e+00 0.000000000e+00 -1.033439686e-03 
d 3.100000000e+00 3.100000000e+00 1.260824291e-03 0.000000000e+00 0.000000000e+00 -1.260824366e-03 
d 3.200000000e+00 3.200000000e+00 1.522746241e-03 0.000000000e+00 0.000000000e+00 -1.522746242e-03 
d 3.300000000e+00 3.300000000e+00 1.822566610e-03 0.000000000e+00 0.000000000e+00 -1.822566443e-03 
d 3.400000000e+00 3.400000000e+00 2.163856267e-03 0.000000000e+00 0.000000000e+00 -2.163855781e-03 
d 3.500000000e+00 3.500000000e+00 2.550408764e-03 0.000000000e+00 0.000000000e+00 -2.550407734e-03 
d 3.600000000e+00 3.600000000e+00 2.986254096e-03 0.000000000e+00 0.000000000e+00 -2.986252204e-03 
d 3.700000000e+00 3.700000000e+00 3.475673346e-03 0.000000000e+00 0.000000000e+00 -3.475670163e-03 
d 3.800000000e+00 3.800000000e+00 4.023214344e-03 0.000000000e+00 0.000000000e+00 -4.023209314e-03 
d 3.900000000e+00 3.900000000e+00 4.633708003e-03 0.000000000e+00 0.000000000e+00 -4.633700430e-03 
d 4.000000000e+00 4.000000000e+00 5.312285832e-03 0.000000000e+00 0.000000000e+00 -5.312274878e-03 
d 4.100000000e+00 4.100000000e+00 6.064398436e-03 0.000000000e+00 0.000000000e+00 -6.064383130e-03 
d 4.200000000e+00 4.200000000e+00 6.895834615e-03 0.000000000e+00 0.000000000e+00 -6.895840670e-03 
d 4.300000000e+00 4.300000000e+00 7.812743961e-03 0.000000000e+00 0.000000000e+00 -7.812752416e-03 
d 4.400000000e+00 4.400000000e+00 8.821656391e-03 0.000000000e+00 0.000000000e+00 -8.821667868e-03 
d 4.500000000e+00 4.500000000e+00 9.929506921e-03 0.000000000e+00 0.000000000e+00 -9.929522093e-03 
d 4.600000000e+00 4.600000000e+00 1.114365999e-02 0.000000000e+00 0.000000000e+00 -1.114367956e-02 
d 4.700000000e+00 4.700000000e+00 1.247193551e-02 0.000000000e+00 0.000000000e+00 -1.247196020e-02 
d 4.800000000e+00 4.800000000e+00 1.392263593e-02 0.000000000e+00 0.000000000e+00 -1.392266647e-02 
d 4.900000000e+00 4.900000000e+00 1.550457727e-02 0.000000000e+00 0.000000000e+00 -1.550461449e-02 
d 5.000000000e+00 5.000000000e+00 1.722711846e-02 0.000000000e+00 0.000000000e+00 -1.722716339e-02 
d 5.100000000e+00 5.100000000e+00 1.910019464e-02 0.000000000e+00 0.000000000e+00 -1.910024880e-02 
d 5.200000000e+00 5.200000000e+00 2.113435184e-02 0.000000000e+00 0.000000000e+00 -2.113441767e-02 
d 5.300000000e+00 5.300000000e+00 2.334078376e-02 0.000000000e+00 0.000000000e+00 -2.334086528e-02 
d 5.400000000e+00 5.400000000e+00 2.573137064e-02 0.000000000e+00 0.000000000e+00 -2.573147435e-02 
d 5.500000000e+00 5.500000000e+00 2.831872046e-02 0.000000000e+00 0.000000000e+00 -2.831885637e-02 
d 5.600000000e+00 5.600000000e+00 3.111621627e-02 0.000000000e+00 0.000000000e+00 -3.111611307e-02 
d 5.700000000e+00 5.700000000e+00 3.413804590e-02 0.000000000e+00 0.000000000e+00 -3.413812619e-02 
d 5.800000000e+00 5.800000000e+00 3.739928412e-02 0.000000000e+00 0.000000000e+00 -3.739922451e-02 
d 5.900000000e+00 5.900000000e+00 4.091590043e-02 0.000000000e+00 0.000000000e+00 -4.091593814e-02 
d 6.000000000e+00 6.000000000e+00 4.470486330e-02 0.000000000e+00 0.000000000e+00 -4.470484985e-02 
d 6.100000000e+00 6.100000000e+00 4.878414311e-02 0.000000000e+00 0.000000000e+00 -4.878412933e-02 
d 6.200000000e+00 6.200000000e+00 5.317282854e-02 0.000000000e+00 0.000000000e+00 -5.317278025e-02 
d 6.300000000e+00 6.300000000e+00 5.789115787e-02 0.000000000e+00 0.000000000e+00 -5.789125065e-02 
d 6.400000000e+00 6.400000000e+00 6.296058236e-02 0.000000000e+00 0.000000000e+00 -6.296076180e-02 
d 6.500000000e+00 6.500000000e+00 6.840386676e-02 0.000000000e+00 0.000000000e+00 -6.840418654e-02 
d 6.600000000e+00 6.600000000e+00 7.424514575e-02 0.000000000e+00 0.000000000e+00 -7.424510509e-02 
d 6.700000000e+00 6.700000000e+00 8.051003069e-02 0.000000000e+00 0.000000000e+00 -8.051014921e-02 
d 6.800000000e+00 6.800000000e+00 8.722563318e-02 0.000000000e+00 0.000000000e+00 -8.722541434e-02 
d 6.900000000e+00 6.900000000e+00 9.442074393e-02 0.000000000e+00 0.000000000e+00 -9.442105499e-02 
d 7.000000000e+00 7.000000000e+00 1.021258752e-01 0.000000000e+00 0.000000000e+00 -1.021260375e-01 
d 7.100000000e+00 7.100000000e+00 1.103733599e-01 0.000000000e+00 0.000000000e+00 -1.103730562e-01 
d 7.200000000e+00 7.200000000e+00 1.191975135e-01 0.000000000e+00 0.000000000e+00 -1.191977190e-01 
d 7.300000000e+00 7.300000000e+00 1.286346664e-01 0.000000000e+00 0.000000000e+00 -1.286342880e-01 
d 7.400000000e+00 7.400000000e+00 1.387233755e-01 0.000000000e+00 0.000000000e+00 -1.387234526e-01 
d 7.500000000e+00 7.500000000e+00 1.495044659e-01 0.000000000e+00 0.000000000e+00 -1.495044747e-01 
d 7.600000000e+00 7.600000000e+00 1.610212529e-01 0.000000000e+00 0.000000000e+00 -1.610212718e-01 
d 7.700000000e+00 7.700000000e+00 1.733196173e-01 0.000000000e+00 0.000000000e+00 -1.733196079e-01 
d 7.800000000e+00 7.800000000e+00 1.864482116e-01 0.000000000e+00 0.000000000e+00 -1.864481675e-01 
d 7.900000000e+00 7.900000000e+00 2.004586001e-01 0.000000000e+00 0.000000000e+00 -2.004583557e-01 
d 8.000000000e+00 8.000000000e+00 2.154053999e-01 0.000000000e+00 0.000000000e+00 -2.154060080e-01 
d 8.100000000e+00 8.100000000e+00 2.313465065e-01 0.000000000e+00 0.000000000e+00 -2.313465314e-01 
d 8.200000000e+00 8.200000000e+00 2.483433134e-01 0.000000000e+00 0.000000000e+00 -2.483430851e-01 
d 8.300000000e+00 8.300000000e+00 2.664608436e-01 0.000000000e+00 0.000000000e+00 -2.664609876e-01 
d 8.400000000e+00 8.400000000e+00 2.857680253e-01 0.000000000e+00 0.000000000e+00 -2.857679574e-01 
d 8.500000000e+00 8.500000000e+00 3.063378743e-01 0.000000000e+00 0.000000000e+00 -3.063384465e-01 
d 8.600000000e+00 8.600000000e+00 3.282478076e-01 0.000000000e+00 0.000000000e+00 -3.282476756e-01 
d 8.700000000e+00 8.700000000e+00 3.515798148e-01 0.000000000e+00 0.000000000e+00 -3.515799769e-01 
d 8.800000000e+00 8.800000000e+00 3.764208148e-01 0.000000000e+00 0.000000000e+00 -3.764208134e-01 
d 8.900000000e+00 8.900000000e+00 4.028628896e-01 0.000000000e+00 0.000000000e+00 -4.028629148e-01 
d 9.000000000e+00 9.000000000e+00 4.310036278e-01 0.000000000e+00 0.000000000e+00 -4.310039074e-01 
d 9.100000000e+00 9.100000000e+00 4.609464242e-01 0.000000000e+00 0.000000000e+00 -4.609464902e-01 
d 9.200000000e+00 9.200000000e+00 4.928008494e-01 0.000000000e+00 0.000000000e+00 -4.928001609e-01 
d 9.300000000e+00 9.300000000e+00 5.266829850e-01 0.000000000e+00 0.000000000e+00 -5.266831052e-01 
d 9.400000000e+00 9.400000000e+00 5.627158682e-01 0.000000000e+00 0.000000000e+00 -5.627150101e-01 
d 9.500000000e+00 9.500000000e+00 6.010298357e-01 0.000000000e+00 0.000000000e+00 -6.010299493e-01 
d 9.600000000e+00 9.600000000e+00 6.417630127e-01 0.000000000e+00 0.000000000e+00 -6.417630727e-01 
d 9.700000000e+00 9.700000000e+00 6.850617487e-01 0.000000000e+00 0.000000000e+00 -6.850618988e-01 
d 9.800000000e+00 9.800000000e+00 7.310811217e-01 0.000000000e+00 0.000000000e+00 -7.310812859e-01 
d 9.900000000e+00 9.900000000e+00 7.799854361e-01 0.000000000e+00 0.000000000e+00 -7.799853869e-01 
d 1.000000000e+01 1.000000000e+01 8.319488215e-01 0.000000000e+00 0.000000000e+00 -8.319495035e-01 
d 1.010000000e+01 1.010000000e+01 8.871557567e-01 0.000000000e+00 0.000000000e+00 -8.871522274e-01 
d 1.020000000e+01 1.020000000e+01 9.458017819e-01 0.000000000e+00 0.000000000e+00 -9.458020248e-01 
d 1.030000000e+01 1.030000000e+01 1.008093948e+00 0.000000000e+00 0.000000000e+00 -1.008094068e+00 
d 1.040000000e+01 1.040000000e+01 1.074251792e+00 0.000000000e+00 0.000000000e+00 -1.074252376e+00 
d 1.050000000e+01 1.050000000e+01 1.144507893e+00 0.000000000e+00 0.000000000e+00 -1.144508782e+00 
d 1.060000000e+01 1.060000000e+01 1.219108738e+00 0.000000000e+00 0.000000000e+00 -1.219109387e+00 
d 1.070000000e+01 1.070000000e+01 1.298315429e+00 0.000000000e+00 0.000000000e+00 -1.298315342e+00 
d 1.080000000e+01 1.080000000e+01 1.382404681e+00 0.000000000e+00 0.000000000e+00 -1.382404566e+00 
d 1.090000000e+01 1.090000000e+01 1.471668690e+00 0.000000000e+00 0.000000000e+00 -1.471667914e+00 
d 1.100000000e+01 1.100000000e+01 1.566418738e+00 0.000000000e+00 0.000000000e+00 -1.566419084e+00 
d 1.110000000e+01 1.110000000e+01 1.666984075e+00 0.000000000e+00 0.000000000e+00 -1.666984072e+00 
d 1.120000000e+01 1.120000000e+01 1.773713677e+00 0.000000000e+00 0.000000000e+00 -1.773713530e+00 
d 1.130000000e+01 1.130000000e+01 1.886977172e+00 0.000000000e+00 0.000000000e+00 -1.886977662e+00 
d 1.140000000e+01 1.140000000e+01 2.007166163e+00 0.000000000e+00 0.000000000e+00 -2.007165980e+00 
d 1.150000000e+01 1.150000000e+01 2.134695764e+00 0.000000000e+00 0.000000000e+00 -2.134695564e+00 
d 1.160000000e+01 1.160000000e+01 2.270005752e+00 0.000000000e+00 0.000000000e+00 -2.270005540e+00 
d 1.170000000e+01 1.170000000e+01 2.413562203e+00 0.000000000e+00 0.000000000e+00 -2.413562362e+00 
d 1.180000000e+01 1.180000000e+01 2.565858808e+00 0.000000000e+00 0.000000000e+00 -2.565858552e+00 
d 1.190000000e+01 1.190000000e+01 2.727418940e+00 0.000000000e+00 0.000000000e+00 -2.727422861e+00 
d 1.200000000e+01 1.200000000e+01 2.898797098e+00 0.000000000e+00 0.000000000e+00 -2.898801671e+00 
d 1.210000000e+01 1.210000000e+01 3.080580822e+00 0.000000000e+00 0.000000000e+00 -3.080580376e+00 
d 1.220000000e+01 1.220000000e+01 3.273392558e+00 0.000000000e+00 0.000000000e+00 -3.273392029e+00 
d 1.230000000e+01 1.230000000e+01 3.477892096e+00 0.000000000e+00 0.000000000e+00 -3.477890304e+00 
d 1.240000000e+01 1.240000000e+01 3.694778131e+00 0.000000000e+00 0.000000000e+00 -3.694772049e+00 
d 1.250000000e+01 1.250000000e+01 3.924791537e+00 0.000000000e+00 0.000000000e+00 -3.924785308e+00 
d 1.260000000e+01 1.260000000e+01 4.168717004e+00 0.000000000e+00 0.000000000e+00 -4.168717010e+00 
d 1.270000000e+01 1.270000000e+01 4.427385601e+00 0.000000000e+00 0.000000000e+00 -4.427385192e+00 
d 1.280000000e+01 1.280000000e+01 4.701678495e+00 0.000000000e+00 0.000000000e+00 -4.701681653e+00 
d 1.290000000e+01 1.290000000e+01 4.992528730e+00 0.000000000e+00 0.000000000e+00 -4.992529354e+00 
d 1.300000000e+01 1.300000000e+01 5.300925002e+00 0.000000000e+00 0.000000000e+00 -5.300924638e+00 
d 1.310000000e+01 1.310000000e+01 5.627914868e+00 0.000000000e+00 0.000000000e+00 -5.627915571e+00 
d 1.320000000e+01 1.320000000e+01 5.974607718e+00 0.000000000e+00 0.000000000e+00 -5.974620889e+00 
d 1.330000000e+01 1.330000000e+01 6.342179007e+00 0.000000000e+00 0.000000000e+00 -6.342176972e+00 
d 1.340000000e+01 1.340000000e+01 6.731873055e+00 0.000000000e+00 0.000000000e+00 -6.731862332e+00 
d 1.350000000e+01 1.350000000e+01 7.145009644e+00 0.000000000e+00 0.000000000e+00 -7.144997639e+00 
d 1.360000000e+01 1.360000000e+01 7.582984973e+00 0.000000000e+00 0.000000000e+00 -7.582971736e+00 
d 1.370000000e+01 1.370000000e+01 8.047278285e+00 0.000000000e+00 0.000000000e+00 -8.047279499e+00 
d 1.380000000e+01 1.380000000e+01 8.539455717e+00 0.000000000e+00 0.000000000e+00 -8.539454332e+00 
d 1.390000000e+01 1.390000000e+01 9.061176204e+00 0.000000000e+00 0.000000000e+00 -9.061176229e+00 
d 1.400000000e+01 1.400000000e+01 9.614195785e+00 0.000000000e+00 0.000000000e+00 -9.614195810e+00 
d 1.410000000e+01 1.410000000e+01 1.020037385e+01 0.000000000e+00 0.000000000e+00 -1.020037572e+01 
d 1.420000000e+01 1.420000000e+01 1.082167922e+01 0.000000000e+00 0.000000000e+00 -1.082167830e+01 
d 1.430000000e+01 1.430000000e+01 1.148019506e+01 0.000000000e+00 0.000000000e+00 -1.148019377e+01 
d 1.440000000e+01 1.440000000e+01 1.217812675e+01 0.000000000e+00 0.000000000e+00 -1.217812416e+01 
d 1.450000000e+01 1.450000000e+01 1.291780853e+01 0.000000000e+00 0.000000000e+00 -1.291780650e+01 
d 1.460000000e+01 1.460000000e+01 1.370170988e+01 0.000000000e+00 0.000000000e+00 -1.370170605e+01 
d 1.470000000e+01 1.470000000e+01 1.453244262e+01 0.000000000e+00 0.000000000e+00 -1.453244066e+01 
d 1.480000000e+01 1.480000000e+01 1.541277154e+01 0.000000000e+00 0.000000000e+00 -1.541277807e+01 
d 1.490000000e+01 1.490000000e+01 1.634561950e+01 0.000000000e+00 0.000000000e+00 -1.634562308e+01 
d 1.500000000e+01 1.500000000e+01 1.733407772e+01 0.000000000e+00 0.000000000e+00 -1.733407715e+01 
d 1.510000000e+01 1.510000000e+01 1.838141461e+01 0.000000000e+00 0.000000000e+00 -1.838143974e+01 
d 1.520000000e+01 1.520000000e+01 1.949108296e+01 0.000000000e+00 0.000000000e+00 -1.949107094e+01 
d 1.530000000e+01 1.530000000e+01 2.066673603e+01 0.000000000e+00 0.000000000e+00 -2.066669522e+01 
d 1.540000000e+01 1.540000000e+01 2.191223303e+01 0.000000000e+00 0.000000000e+00 -2.191225125e+01 
d 1.550000000e+01 1.550000000e+01 2.323164601e+01 0.000000000e+00 0.000000000e+00 -2.323166363e+01 
d 1.560000000e+01 1.560000000e+01 2.462927953e+01 0.000000000e+00 0.000000000e+00 -2.462930962e+01 
d 1.570000000e+01 1.570000000e+01 2.610967573e+01 0.000000000e+00 0.000000000e+00 -2.610971201e+01 
d 1.580000000e+01 1.580000000e+01 2.767763086e+01 0.000000000e+00 0.000000000e+00 -2.767763398e+01 
d 1.590000000e+01 1.590000000e+01 2.933820625e+01 0.000000000e+00 0.000000000e+00 -2.933823085e+01 
d 1.600000000e+01 1.600000000e+01 3.109673517e+01 0.000000000e+00 0.000000000e+00 -3.109673184e+01 
d 1.610000000e+01 1.610000000e+01 3.295884559e+01 0.000000000e+00 0.000000000e+00 -3.295886389e+01 
d 1.620000000e+01 1.620000000e+01 3.493046750e+01 0.000000000e+00 0.000000000e+00 -3.493049620e+01 
d 1.630000000e+01 1.630000000e+01 3.701784464e+01 0.000000000e+00 0.000000000e+00 -3.701784794e+01 
d 1.640000000e+01 1.640000000e+01 3.922755656e+01 0.000000000e+00 0.000000000e+00 -3.922758802e+01 
d 1.650000000e+01 1.650000000e+01 4.156652402e+01 0.000000000e+00 0.000000000e+00 -4.156653313e+01 
d 1.660000000e+01 1.660000000e+01 4.404203007e+01 0.000000000e+00 0.000000000e+00 -4.404206425e+01 
d 1.670000000e+01 1.670000000e+01 4.666172802e+01 0.000000000e+00 0.000000000e+00 -4.666176254e+01 
d 1.680000000e+01 1.680000000e+01 4.943365743e+01 0.000000000e+00 0.000000000e+00 -4.943361706e+01 
d 1.690000000e+01 1.690000000e+01 5.236627357e+01 0.000000000e+00 0.000000000e+00 -5.236628481e+01 
d 1.700000000e+01 1.700000000e+01 5.546842646e+01 0.000000000e+00 0.000000000e+00 -5.546843852e+01 
d 1.710000000e+01 1.710000000e+01 5.874940453e+01 0.000000000e+00 0.000000000e+00 -5.874936445e+01 
d 1.720000000e+01 1.720000000e+01 6.221895413e+01 0.000000000e+00 0.000000000e+00 -6.221896812e+01 
d 1.730000000e+01 1.730000000e+01 6.588724782e+01 0.000000000e+00 0.000000000e+00 -6.588726219e+01 
d 1.740000000e+01 1.740000000e+01 6.976494304e+01 0.000000000e+00 0.000000000e+00 -6.976495774e+01 
d 1.750000000e+01 1.750000000e+01 7.386316671e+01 0.000000000e+00 0.000000000e+00 -7.386316357e+01 
d 1.760000000e+01 1.760000000e+01 7.819353634e+01 0.000000000e+00 0.000000000e+00 -7.819353216e+01 
d 1.770000000e+01 1.770000000e+01 8.276815610e+01 0.000000000e+00 0.000000000e+00 -8.276815102e+01 
d 1.780000000e+01 1.780000000e+01 8.759962760e+01 0.000000000e+00 0.000000000e+00 -8.759961228e+01 
d 1.790000000e+01 1.790000000e+01 9.270105692e+01 0.000000000e+00 0.000000000e+00 -9.270104059e+01 
d 1.800000000e+01 1.800000000e+01 9.808604749e+01 0.000000000e+00 0.000000000e+00 -9.808604071e+01 
d 1.810000000e+01 1.810000000e+01 1.037686950e+02 0.000000000e+00 0.000000000e+00 -1.037686908e+02 
d 1.820000000e+01 1.820000000e+01 1.097635933e+02 0.000000000e+00 0.000000000e+00 -1.097635885e+02 
d 1.830000000e+01 1.830000000e+01 1.160858108e+02 0.000000000e+00 0.000000000e+00 -1.160858073e+02 
d 1.840000000e+01 1.840000000e+01 1.227508803e+02 0.000000000e+00 0.000000000e+00 -1.227508730e+02 
d 1.850000000e+01 1.850000000e+01 1.297747811e+02 0.000000000e+00 0.000000000e+00 -1.297748201e+02 
d 1.860000000e+01 1.860000000e+01 1.371738995e+02 0.000000000e+00 0.000000000e+00 -1.371739374e+02 
d 1.870000000e+01 1.870000000e+01 1.449650133e+02 0.000000000e+00 0.000000000e+00 -1.449650508e+02 
d 1.880000000e+01 1.880000000e+01 1.531652375e+02 0.000000000e+00 0.000000000e+00 -1.531652097e+02 
d 1.890000000e+01 1.890000000e+01 1.617919878e+02 0.000000000e+00 0.000000000e+00 -1.617920084e+02 
d 1.900000000e+01 1.900000000e+01 1.708601582e+02 0.000000000e+00 0.000000000e+00 -1.708601436e+02 
d 1.910000000e+01 1.910000000e+01 1.803884246e+02 0.000000000e+00 0.000000000e+00 -1.803884106e+02 
d 1.920000000e+01 1.920000000e+01 1.903957491e+02 0.000000000e+00 0.000000000e+00 -1.903957416e+02 
d 1.930000000e+01 1.930000000e+01 2.008999549e+02 0.000000000e+00 0.000000000e+00 -2.008999471e+02 
d 1.940000000e+01 1.940000000e+01 2.119187658e+02 0.000000000e+00 0.000000000e+00 -2.119187629e+02 
d 1.950000000e+01 1.950000000e+01 2.234696936e+02 0.000000000e+00 0.000000000e+00 -2.234696932e+02 
d 1.960000000e+01 1.960000000e+01 2.355699203e+02 0.000000000e+00 0.000000000e+00 -2.355699230e+02 
d 1.970000000e+01 1.970000000e+01 2.482361620e+02 0.000000000e+00 0.000000000e+00 -2.482361717e+02 
d 1.980000000e+01 1.980000000e+01 2.614845142e+02 0.000000000e+00 0.000000000e+00 -2.614845068e+02 
d 1.990000000e+01 1.990000000e+01 2.753303180e+02 0.000000000e+00 0.000000000e+00 -2.753303120e+02 
d 2.000000000e+01 2.000000000e+01 2.897879544e+02 0.000000000e+00 0.000000000e+00 -2.897879457e+02 
