v ATLAS
# This file was created by ATLAS version 5.26.1.R on Tue Apr 17 22:01:19 2018.
#SSF 2.0 generic
##############################################################################
#                    Copyright (c) 1984 - 2018                               #
#                    Silvaco Inc. All rights reserved                        #
#                                                                            #
# This file format and the following Key are copyright Silvaco Inc.          #
# You may not use, this format or key without reproducing this message in    #
# full and obtaining express written permission from Silvaco Inc.            #
#                                                                            #
# To obtain such permission please contact: Silvaco Inc.                     #
#                                           support@silvaco.com              #
#                                                                            #
# KEY=SVC86hn7562asdx                       PROD=345                         #
##############################################################################
y 1 15
z 253
f 2 "anode" "cathode" 
p 6 2 601 20 3 602 21 
d 1.000000000e-01 1.000000000e-01 -7.456204024e-08 0.000000000e+00 0.000000000e+00 -1.575009966e-23 
d 2.000000000e-01 2.000000000e-01 -1.173952843e-07 0.000000000e+00 0.000000000e+00 5.005819868e-22 
d 3.000000000e-01 3.000000000e-01 -1.563269429e-07 0.000000000e+00 0.000000000e+00 7.981869025e-22 
d 4.000000000e-01 4.000000000e-01 -1.913892937e-07 0.000000000e+00 0.000000000e+00 4.251895990e-22 
d 5.000000000e-01 5.000000000e-01 -2.225996153e-07 0.000000000e+00 0.000000000e+00 -1.116697312e-21 
d 6.000000000e-01 6.000000000e-01 -2.499903713e-07 0.000000000e+00 0.000000000e+00 -1.043771723e-19 
d 7.000000000e-01 7.000000000e-01 -2.738239360e-07 0.000000000e+00 0.000000000e+00 -9.229524899e-18 
d 8.000000000e-01 8.000000000e-01 -2.942542601e-07 0.000000000e+00 0.000000000e+00 -7.977573021e-16 
d 9.000000000e-01 9.000000000e-01 -3.116109383e-07 0.000000000e+00 0.000000000e+00 -6.740895053e-14 
d 1.000000000e+00 1.000000000e+00 -3.261148666e-07 0.000000000e+00 0.000000000e+00 -5.448649586e-12 
d 1.100000000e+00 1.100000000e+00 -3.376257640e-07 0.000000000e+00 0.000000000e+00 -4.012156061e-10 
d 1.200000000e+00 1.200000000e+00 -3.207418055e-07 0.000000000e+00 0.000000000e+00 -2.665663920e-08 
d 1.300000000e+00 1.300000000e+00 1.185984591e-06 0.000000000e+00 0.000000000e+00 -1.540383493e-06 
d 1.400000000e+00 1.400000000e+00 5.289207325e-05 0.000000000e+00 0.000000000e+00 -5.325115120e-05 
d 1.500000000e+00 1.500000000e+00 5.808815103e-04 0.000000000e+00 0.000000000e+00 -5.812451037e-04 
d 1.600000000e+00 1.600000000e+00 2.237086803e-03 0.000000000e+00 0.000000000e+00 -2.237453562e-03 
d 1.700000000e+00 1.700000000e+00 5.267976476e-03 0.000000000e+00 0.000000000e+00 -5.268347004e-03 
d 1.800000000e+00 1.800000000e+00 9.821915893e-03 0.000000000e+00 0.000000000e+00 -9.822290360e-03 
d 1.900000000e+00 1.900000000e+00 1.608062640e-02 0.000000000e+00 0.000000000e+00 -1.608100101e-02 
d 2.000000000e+00 2.000000000e+00 2.414166643e-02 0.000000000e+00 0.000000000e+00 -2.414194235e-02 
d 2.100000000e+00 2.100000000e+00 3.412730187e-02 0.000000000e+00 0.000000000e+00 -3.412730133e-02 
d 2.200000000e+00 2.200000000e+00 4.619761074e-02 0.000000000e+00 0.000000000e+00 -4.619761013e-02 
d 2.300000000e+00 2.300000000e+00 6.048836008e-02 0.000000000e+00 0.000000000e+00 -6.048835944e-02 
d 2.400000000e+00 2.400000000e+00 7.713381219e-02 0.000000000e+00 0.000000000e+00 -7.713381153e-02 
d 2.500000000e+00 2.500000000e+00 9.626836886e-02 0.000000000e+00 0.000000000e+00 -9.626836819e-02 
d 2.600000000e+00 2.600000000e+00 1.180272305e-01 0.000000000e+00 0.000000000e+00 -1.180272298e-01 
d 2.700000000e+00 2.700000000e+00 1.425469486e-01 0.000000000e+00 0.000000000e+00 -1.425469479e-01 
d 2.800000000e+00 2.800000000e+00 1.699659073e-01 0.000000000e+00 0.000000000e+00 -1.699659066e-01 
d 2.900000000e+00 2.900000000e+00 2.004247537e-01 0.000000000e+00 0.000000000e+00 -2.004247530e-01 
d 3.000000000e+00 3.000000000e+00 2.340667884e-01 0.000000000e+00 0.000000000e+00 -2.340667877e-01 
d 3.100000000e+00 3.100000000e+00 2.710383276e-01 0.000000000e+00 0.000000000e+00 -2.710383269e-01 
d 3.200000000e+00 3.200000000e+00 3.114890428e-01 0.000000000e+00 0.000000000e+00 -3.114890420e-01 
d 3.300000000e+00 3.300000000e+00 3.555722830e-01 0.000000000e+00 0.000000000e+00 -3.555722820e-01 
d 3.400000000e+00 3.400000000e+00 4.034453866e-01 0.000000000e+00 0.000000000e+00 -4.034453853e-01 
d 3.500000000e+00 3.500000000e+00 4.552699813e-01 0.000000000e+00 0.000000000e+00 -4.552699795e-01 
d 3.600000000e+00 3.600000000e+00 5.112122784e-01 0.000000000e+00 0.000000000e+00 -5.112122758e-01 
d 3.700000000e+00 3.700000000e+00 5.714433624e-01 0.000000000e+00 0.000000000e+00 -5.714433587e-01 
d 3.800000000e+00 3.800000000e+00 6.361394781e-01 0.000000000e+00 0.000000000e+00 -6.361394729e-01 
d 3.900000000e+00 3.900000000e+00 7.054823164e-01 0.000000000e+00 0.000000000e+00 -7.054823090e-01 
d 4.000000000e+00 4.000000000e+00 7.796592997e-01 0.000000000e+00 0.000000000e+00 -7.796592895e-01 
d 4.100000000e+00 4.100000000e+00 8.588638694e-01 0.000000000e+00 0.000000000e+00 -8.588638554e-01 
d 4.200000000e+00 4.200000000e+00 9.432957191e-01 0.000000000e+00 0.000000000e+00 -9.432960287e-01 
d 4.300000000e+00 4.300000000e+00 1.033161300e+00 0.000000000e+00 0.000000000e+00 -1.033161679e+00 
d 4.400000000e+00 4.400000000e+00 1.128673810e+00 0.000000000e+00 0.000000000e+00 -1.128674268e+00 
d 4.500000000e+00 4.500000000e+00 1.230053693e+00 0.000000000e+00 0.000000000e+00 -1.230054239e+00 
d 4.600000000e+00 4.600000000e+00 1.337528899e+00 0.000000000e+00 0.000000000e+00 -1.337529542e+00 
d 4.700000000e+00 4.700000000e+00 1.451335191e+00 0.000000000e+00 0.000000000e+00 -1.451335940e+00 
d 4.800000000e+00 4.800000000e+00 1.571716572e+00 0.000000000e+00 0.000000000e+00 -1.571716497e+00 
d 4.900000000e+00 4.900000000e+00 1.698925225e+00 0.000000000e+00 0.000000000e+00 -1.698925135e+00 
d 5.000000000e+00 5.000000000e+00 1.833222407e+00 0.000000000e+00 0.000000000e+00 -1.833222300e+00 
d 5.100000000e+00 5.100000000e+00 1.974878431e+00 0.000000000e+00 0.000000000e+00 -1.974878304e+00 
d 5.200000000e+00 5.200000000e+00 2.124173108e+00 0.000000000e+00 0.000000000e+00 -2.124172960e+00 
d 5.300000000e+00 5.300000000e+00 2.281396109e+00 0.000000000e+00 0.000000000e+00 -2.281395938e+00 
d 5.400000000e+00 5.400000000e+00 2.446847340e+00 0.000000000e+00 0.000000000e+00 -2.446847144e+00 
d 5.500000000e+00 5.500000000e+00 2.620837327e+00 0.000000000e+00 0.000000000e+00 -2.620837103e+00 
d 5.600000000e+00 5.600000000e+00 2.803687611e+00 0.000000000e+00 0.000000000e+00 -2.803687356e+00 
d 5.700000000e+00 5.700000000e+00 2.995731157e+00 0.000000000e+00 0.000000000e+00 -2.995730869e+00 
d 5.800000000e+00 5.800000000e+00 3.197312775e+00 0.000000000e+00 0.000000000e+00 -3.197312450e+00 
d 5.900000000e+00 5.900000000e+00 3.408789557e+00 0.000000000e+00 0.000000000e+00 -3.408789189e+00 
d 6.000000000e+00 6.000000000e+00 3.630531316e+00 0.000000000e+00 0.000000000e+00 -3.630530898e+00 
d 6.100000000e+00 6.100000000e+00 3.862921059e+00 0.000000000e+00 0.000000000e+00 -3.862920585e+00 
d 6.200000000e+00 6.200000000e+00 4.106355470e+00 0.000000000e+00 0.000000000e+00 -4.106354930e+00 
d 6.300000000e+00 6.300000000e+00 4.361245394e+00 0.000000000e+00 0.000000000e+00 -4.361244775e+00 
d 6.400000000e+00 6.400000000e+00 4.628016348e+00 0.000000000e+00 0.000000000e+00 -4.628015634e+00 
d 6.500000000e+00 6.500000000e+00 4.907109052e+00 0.000000000e+00 0.000000000e+00 -4.907108225e+00 
d 6.600000000e+00 6.600000000e+00 5.198979976e+00 0.000000000e+00 0.000000000e+00 -5.198979012e+00 
d 6.700000000e+00 6.700000000e+00 5.504101902e+00 0.000000000e+00 0.000000000e+00 -5.504100773e+00 
d 6.800000000e+00 6.800000000e+00 5.822964507e+00 0.000000000e+00 0.000000000e+00 -5.822963181e+00 
d 6.900000000e+00 6.900000000e+00 6.156074968e+00 0.000000000e+00 0.000000000e+00 -6.156073406e+00 
d 7.000000000e+00 7.000000000e+00 6.503958589e+00 0.000000000e+00 0.000000000e+00 -6.503956746e+00 
d 7.100000000e+00 7.100000000e+00 6.867159441e+00 0.000000000e+00 0.000000000e+00 -6.867157266e+00 
d 7.200000000e+00 7.200000000e+00 7.246241036e+00 0.000000000e+00 0.000000000e+00 -7.246238472e+00 
d 7.300000000e+00 7.300000000e+00 7.641787018e+00 0.000000000e+00 0.000000000e+00 -7.641784000e+00 
d 7.400000000e+00 7.400000000e+00 8.054401877e+00 0.000000000e+00 0.000000000e+00 -8.054398335e+00 
d 7.500000000e+00 7.500000000e+00 8.484711691e+00 0.000000000e+00 0.000000000e+00 -8.484707549e+00 
d 7.600000000e+00 7.600000000e+00 8.933364894e+00 0.000000000e+00 0.000000000e+00 -8.933360072e+00 
d 7.700000000e+00 7.700000000e+00 9.401033068e+00 0.000000000e+00 0.000000000e+00 -9.401027481e+00 
d 7.800000000e+00 7.800000000e+00 9.888411767e+00 0.000000000e+00 0.000000000e+00 -9.888405328e+00 
d 7.900000000e+00 7.900000000e+00 1.039622088e+01 0.000000000e+00 0.000000000e+00 -1.039622245e+01 
d 8.000000000e+00 8.000000000e+00 1.092520733e+01 0.000000000e+00 0.000000000e+00 -1.092520909e+01 
d 8.100000000e+00 8.100000000e+00 1.147614344e+01 0.000000000e+00 0.000000000e+00 -1.147614539e+01 
d 8.200000000e+00 8.200000000e+00 1.204982943e+01 0.000000000e+00 0.000000000e+00 -1.204983157e+01 
d 8.300000000e+00 8.300000000e+00 1.264709409e+01 0.000000000e+00 0.000000000e+00 -1.264709641e+01 
d 8.400000000e+00 8.400000000e+00 1.326879576e+01 0.000000000e+00 0.000000000e+00 -1.326879823e+01 
d 8.500000000e+00 8.500000000e+00 1.391582337e+01 0.000000000e+00 0.000000000e+00 -1.391582595e+01 
d 8.600000000e+00 8.600000000e+00 1.458909752e+01 0.000000000e+00 0.000000000e+00 -1.458910015e+01 
d 8.700000000e+00 8.700000000e+00 1.528957234e+01 0.000000000e+00 0.000000000e+00 -1.528957227e+01 
d 8.800000000e+00 8.800000000e+00 1.601823394e+01 0.000000000e+00 0.000000000e+00 -1.601823405e+01 
d 8.900000000e+00 8.900000000e+00 1.677610547e+01 0.000000000e+00 0.000000000e+00 -1.677610582e+01 
d 9.000000000e+00 9.000000000e+00 1.756424592e+01 0.000000000e+00 0.000000000e+00 -1.756424657e+01 
d 9.100000000e+00 9.100000000e+00 1.838375198e+01 0.000000000e+00 0.000000000e+00 -1.838375302e+01 
d 9.200000000e+00 9.200000000e+00 1.923575940e+01 0.000000000e+00 0.000000000e+00 -1.923576094e+01 
d 9.300000000e+00 9.300000000e+00 2.012144439e+01 0.000000000e+00 0.000000000e+00 -2.012144653e+01 
d 9.400000000e+00 9.400000000e+00 2.104202500e+01 0.000000000e+00 0.000000000e+00 -2.104202787e+01 
d 9.500000000e+00 9.500000000e+00 2.199876265e+01 0.000000000e+00 0.000000000e+00 -2.199876641e+01 
d 9.600000000e+00 9.600000000e+00 2.299296368e+01 0.000000000e+00 0.000000000e+00 -2.299296849e+01 
d 9.700000000e+00 9.700000000e+00 2.402598090e+01 0.000000000e+00 0.000000000e+00 -2.402598694e+01 
d 9.800000000e+00 9.800000000e+00 2.509921527e+01 0.000000000e+00 0.000000000e+00 -2.509922275e+01 
d 9.900000000e+00 9.900000000e+00 2.621411748e+01 0.000000000e+00 0.000000000e+00 -2.621412662e+01 
d 1.000000000e+01 1.000000000e+01 2.737218879e+01 0.000000000e+00 0.000000000e+00 -2.737218400e+01 
d 1.010000000e+01 1.010000000e+01 2.857498748e+01 0.000000000e+00 0.000000000e+00 -2.857498189e+01 
d 1.020000000e+01 1.020000000e+01 2.982412368e+01 0.000000000e+00 0.000000000e+00 -2.982411720e+01 
d 1.030000000e+01 1.030000000e+01 3.112126596e+01 0.000000000e+00 0.000000000e+00 -3.112125851e+01 
d 1.040000000e+01 1.040000000e+01 3.246814224e+01 0.000000000e+00 0.000000000e+00 -3.246813373e+01 
d 1.050000000e+01 1.050000000e+01 3.386654190e+01 0.000000000e+00 0.000000000e+00 -3.386653227e+01 
d 1.060000000e+01 1.060000000e+01 3.531831800e+01 0.000000000e+00 0.000000000e+00 -3.531830717e+01 
d 1.070000000e+01 1.070000000e+01 3.682538949e+01 0.000000000e+00 0.000000000e+00 -3.682537740e+01 
d 1.080000000e+01 1.080000000e+01 3.838974358e+01 0.000000000e+00 0.000000000e+00 -3.838973018e+01 
d 1.090000000e+01 1.090000000e+01 4.001343817e+01 0.000000000e+00 0.000000000e+00 -4.001342342e+01 
d 1.100000000e+01 1.100000000e+01 4.169860434e+01 0.000000000e+00 0.000000000e+00 -4.169858822e+01 
d 1.110000000e+01 1.110000000e+01 4.344744898e+01 0.000000000e+00 0.000000000e+00 -4.344743151e+01 
d 1.120000000e+01 1.120000000e+01 4.526225748e+01 0.000000000e+00 0.000000000e+00 -4.526223867e+01 
d 1.130000000e+01 1.130000000e+01 4.714539649e+01 0.000000000e+00 0.000000000e+00 -4.714537641e+01 
d 1.140000000e+01 1.140000000e+01 4.909931685e+01 0.000000000e+00 0.000000000e+00 -4.909929559e+01 
d 1.150000000e+01 1.150000000e+01 5.112655656e+01 0.000000000e+00 0.000000000e+00 -5.112653426e+01 
d 1.160000000e+01 1.160000000e+01 5.322974392e+01 0.000000000e+00 0.000000000e+00 -5.322972074e+01 
d 1.170000000e+01 1.170000000e+01 5.541159828e+01 0.000000000e+00 0.000000000e+00 -5.541160206e+01 
d 1.180000000e+01 1.180000000e+01 5.767494238e+01 0.000000000e+00 0.000000000e+00 -5.767494544e+01 
d 1.190000000e+01 1.190000000e+01 6.002269317e+01 0.000000000e+00 0.000000000e+00 -6.002269527e+01 
d 1.200000000e+01 1.200000000e+01 6.245787325e+01 0.000000000e+00 0.000000000e+00 -6.245787415e+01 
d 1.210000000e+01 1.210000000e+01 6.498361277e+01 0.000000000e+00 0.000000000e+00 -6.498361218e+01 
d 1.220000000e+01 1.220000000e+01 6.760315320e+01 0.000000000e+00 0.000000000e+00 -6.760315082e+01 
d 1.230000000e+01 1.230000000e+01 7.031985489e+01 0.000000000e+00 0.000000000e+00 -7.031986144e+01 
d 1.240000000e+01 1.240000000e+01 7.313718739e+01 0.000000000e+00 0.000000000e+00 -7.313719538e+01 
d 1.250000000e+01 1.250000000e+01 7.605875367e+01 0.000000000e+00 0.000000000e+00 -7.605876325e+01 
d 1.260000000e+01 1.260000000e+01 7.908828162e+01 0.000000000e+00 0.000000000e+00 -7.908829297e+01 
d 1.270000000e+01 1.270000000e+01 8.222963179e+01 0.000000000e+00 0.000000000e+00 -8.222964507e+01 
d 1.280000000e+01 1.280000000e+01 8.548680205e+01 0.000000000e+00 0.000000000e+00 -8.548681743e+01 
d 1.290000000e+01 1.290000000e+01 8.886393251e+01 0.000000000e+00 0.000000000e+00 -8.886395017e+01 
d 1.300000000e+01 1.300000000e+01 9.236531062e+01 0.000000000e+00 0.000000000e+00 -9.236533072e+01 
d 1.310000000e+01 1.310000000e+01 9.599537634e+01 0.000000000e+00 0.000000000e+00 -9.599539903e+01 
d 1.320000000e+01 1.320000000e+01 9.975872764e+01 0.000000000e+00 0.000000000e+00 -9.975875307e+01 
d 1.330000000e+01 1.330000000e+01 1.036601261e+02 0.000000000e+00 0.000000000e+00 -1.036601544e+02 
d 1.340000000e+01 1.340000000e+01 1.077045028e+02 0.000000000e+00 0.000000000e+00 -1.077045341e+02 
d 1.350000000e+01 1.350000000e+01 1.118969643e+02 0.000000000e+00 0.000000000e+00 -1.118969987e+02 
d 1.360000000e+01 1.360000000e+01 1.162427988e+02 0.000000000e+00 0.000000000e+00 -1.162428363e+02 
d 1.370000000e+01 1.370000000e+01 1.207474829e+02 0.000000000e+00 0.000000000e+00 -1.207475236e+02 
d 1.380000000e+01 1.380000000e+01 1.254166880e+02 0.000000000e+00 0.000000000e+00 -1.254167319e+02 
d 1.390000000e+01 1.390000000e+01 1.302562875e+02 0.000000000e+00 0.000000000e+00 -1.302563345e+02 
d 1.400000000e+01 1.400000000e+01 1.352723639e+02 0.000000000e+00 0.000000000e+00 -1.352724140e+02 
d 1.410000000e+01 1.410000000e+01 1.404712163e+02 0.000000000e+00 0.000000000e+00 -1.404712692e+02 
d 1.420000000e+01 1.420000000e+01 1.458593678e+02 0.000000000e+00 0.000000000e+00 -1.458594234e+02 
d 1.430000000e+01 1.430000000e+01 1.514435742e+02 0.000000000e+00 0.000000000e+00 -1.514436322e+02 
d 1.440000000e+01 1.440000000e+01 1.572308316e+02 0.000000000e+00 0.000000000e+00 -1.572308917e+02 
d 1.450000000e+01 1.450000000e+01 1.632283854e+02 0.000000000e+00 0.000000000e+00 -1.632284472e+02 
d 1.460000000e+01 1.460000000e+01 1.694437391e+02 0.000000000e+00 0.000000000e+00 -1.694438021e+02 
d 1.470000000e+01 1.470000000e+01 1.758846635e+02 0.000000000e+00 0.000000000e+00 -1.758847271e+02 
d 1.480000000e+01 1.480000000e+01 1.825592102e+02 0.000000000e+00 0.000000000e+00 -1.825592055e+02 
d 1.490000000e+01 1.490000000e+01 1.894757071e+02 0.000000000e+00 0.000000000e+00 -1.894757057e+02 
d 1.500000000e+01 1.500000000e+01 1.966427881e+02 0.000000000e+00 0.000000000e+00 -1.966427906e+02 
