v ATLAS
# This file was created by ATLAS version 5.26.1.R on Wed Apr 18 13:53:52 2018.
#SSF 2.0 generic
##############################################################################
#                    Copyright (c) 1984 - 2018                               #
#                    Silvaco Inc. All rights reserved                        #
#                                                                            #
# This file format and the following Key are copyright Silvaco Inc.          #
# You may not use, this format or key without reproducing this message in    #
# full and obtaining express written permission from Silvaco Inc.            #
#                                                                            #
# To obtain such permission please contact: Silvaco Inc.                     #
#                                           support@silvaco.com              #
#                                                                            #
# KEY=SVC86hn7562asdx                       PROD=345                         #
##############################################################################
y 3 700 711 15
z 3.5 0.033 350
f 4 "drain" "gate" "source" "pwell" 
p 12 2 601 20 3 602 21 4 603 22 5 604 23 
d 1.000000000e-01 1.000000000e-01 1.173833338e+01 1.500000000e+01 1.500000000e+01 0.000000000e+00 0.000000000e+00 0.000000000e+00 -1.173833338e+01 0.000000000e+00 0.000000000e+00 -1.831040916e-21 
d 5.000000000e-01 5.000000000e-01 5.726380651e+01 1.500000000e+01 1.500000000e+01 0.000000000e+00 0.000000000e+00 0.000000000e+00 -5.726380651e+01 0.000000000e+00 0.000000000e+00 -6.978539280e-21 
d 1.000000000e+00 1.000000000e+00 1.107615152e+02 1.500000000e+01 1.500000000e+01 0.000000000e+00 0.000000000e+00 0.000000000e+00 -1.107615152e+02 0.000000000e+00 0.000000000e+00 -1.085111461e-20 
d 1.500000000e+00 1.500000000e+00 1.604357720e+02 1.500000000e+01 1.500000000e+01 0.000000000e+00 0.000000000e+00 0.000000000e+00 -1.604357720e+02 0.000000000e+00 0.000000000e+00 -1.604766697e-20 
d 2.000000000e+00 2.000000000e+00 2.063922292e+02 1.500000000e+01 1.500000000e+01 0.000000000e+00 0.000000000e+00 0.000000000e+00 -2.063922292e+02 0.000000000e+00 0.000000000e+00 -1.776766860e-20 
d 2.500000000e+00 2.500000000e+00 2.487536954e+02 1.500000000e+01 1.500000000e+01 0.000000000e+00 0.000000000e+00 0.000000000e+00 -2.487536954e+02 0.000000000e+00 0.000000000e+00 -2.589806462e-20 
d 3.000000000e+00 3.000000000e+00 2.876835856e+02 1.500000000e+01 1.500000000e+01 0.000000000e+00 0.000000000e+00 0.000000000e+00 -2.876835856e+02 0.000000000e+00 0.000000000e+00 -2.763100909e-20 
d 3.500000000e+00 3.500000000e+00 3.233939372e+02 1.500000000e+01 1.500000000e+01 0.000000000e+00 0.000000000e+00 0.000000000e+00 -3.233939372e+02 0.000000000e+00 0.000000000e+00 -3.294326365e-20 
d 4.000000000e+00 4.000000000e+00 3.561606608e+02 1.500000000e+01 1.500000000e+01 0.000000000e+00 0.000000000e+00 0.000000000e+00 -3.561606608e+02 0.000000000e+00 0.000000000e+00 -3.374248707e-20 
d 4.500000000e+00 4.500000000e+00 3.862685010e+02 1.500000000e+01 1.500000000e+01 0.000000000e+00 0.000000000e+00 0.000000000e+00 -3.862685010e+02 0.000000000e+00 0.000000000e+00 -3.719891061e-20 
d 5.000000000e+00 5.000000000e+00 4.140066109e+02 1.500000000e+01 1.500000000e+01 0.000000000e+00 0.000000000e+00 0.000000000e+00 -4.140066109e+02 0.000000000e+00 0.000000000e+00 -3.977803677e-20 
d 5.500000000e+00 5.500000000e+00 4.396575204e+02 1.500000000e+01 1.500000000e+01 0.000000000e+00 0.000000000e+00 0.000000000e+00 -4.396575204e+02 0.000000000e+00 0.000000000e+00 -4.012992197e-20 
d 6.000000000e+00 6.000000000e+00 4.634735818e+02 1.500000000e+01 1.500000000e+01 0.000000000e+00 0.000000000e+00 0.000000000e+00 -4.634735818e+02 0.000000000e+00 0.000000000e+00 -4.490027029e-20 
d 6.500000000e+00 6.500000000e+00 4.856767970e+02 1.500000000e+01 1.500000000e+01 0.000000000e+00 0.000000000e+00 0.000000000e+00 -4.856767970e+02 0.000000000e+00 0.000000000e+00 -4.636068291e-20 
d 7.000000000e+00 7.000000000e+00 5.064641845e+02 1.500000000e+01 1.500000000e+01 0.000000000e+00 0.000000000e+00 0.000000000e+00 -5.064641845e+02 0.000000000e+00 0.000000000e+00 -4.702421164e-20 
d 7.500000000e+00 7.500000000e+00 5.260064278e+02 1.500000000e+01 1.500000000e+01 0.000000000e+00 0.000000000e+00 0.000000000e+00 -5.260064278e+02 0.000000000e+00 0.000000000e+00 -5.195732579e-20 
d 8.000000000e+00 8.000000000e+00 5.444462016e+02 1.500000000e+01 1.500000000e+01 0.000000000e+00 0.000000000e+00 0.000000000e+00 -5.444462016e+02 0.000000000e+00 0.000000000e+00 -5.552710466e-20 
d 8.500000000e+00 8.500000000e+00 5.619024537e+02 1.500000000e+01 1.500000000e+01 0.000000000e+00 0.000000000e+00 0.000000000e+00 -5.619024537e+02 0.000000000e+00 0.000000000e+00 -5.679166043e-20 
d 9.000000000e+00 9.000000000e+00 5.784809189e+02 1.500000000e+01 1.500000000e+01 0.000000000e+00 0.000000000e+00 0.000000000e+00 -5.784809189e+02 0.000000000e+00 0.000000000e+00 -5.791047881e-20 
d 9.500000000e+00 9.500000000e+00 5.942764919e+02 1.500000000e+01 1.500000000e+01 0.000000000e+00 0.000000000e+00 0.000000000e+00 -5.942764919e+02 0.000000000e+00 0.000000000e+00 -6.293320326e-20 
d 1.000000000e+01 1.000000000e+01 6.093672119e+02 1.500000000e+01 1.500000000e+01 0.000000000e+00 0.000000000e+00 0.000000000e+00 -6.093672119e+02 0.000000000e+00 0.000000000e+00 -6.360768019e-20 
d 1.050000000e+01 1.050000000e+01 6.238123338e+02 1.500000000e+01 1.500000000e+01 0.000000000e+00 0.000000000e+00 0.000000000e+00 -6.238123338e+02 0.000000000e+00 0.000000000e+00 -6.373863071e-20 
d 1.100000000e+01 1.100000000e+01 6.376665454e+02 1.500000000e+01 1.500000000e+01 0.000000000e+00 0.000000000e+00 0.000000000e+00 -6.376665454e+02 0.000000000e+00 0.000000000e+00 -6.417716778e-20 
d 1.150000000e+01 1.150000000e+01 6.509876663e+02 1.500000000e+01 1.500000000e+01 0.000000000e+00 0.000000000e+00 0.000000000e+00 -6.509876663e+02 0.000000000e+00 0.000000000e+00 -6.884243124e-20 
d 1.200000000e+01 1.200000000e+01 6.638259876e+02 1.500000000e+01 1.500000000e+01 0.000000000e+00 0.000000000e+00 0.000000000e+00 -6.638259876e+02 0.000000000e+00 0.000000000e+00 -6.998504654e-20 
d 1.250000000e+01 1.250000000e+01 6.762162260e+02 1.500000000e+01 1.500000000e+01 0.000000000e+00 0.000000000e+00 0.000000000e+00 -6.762162260e+02 0.000000000e+00 0.000000000e+00 -7.010302115e-20 
d 1.300000000e+01 1.300000000e+01 6.881822288e+02 1.500000000e+01 1.500000000e+01 0.000000000e+00 0.000000000e+00 0.000000000e+00 -6.881822288e+02 0.000000000e+00 0.000000000e+00 -7.022762801e-20 
d 1.350000000e+01 1.350000000e+01 6.997522782e+02 1.500000000e+01 1.500000000e+01 0.000000000e+00 0.000000000e+00 0.000000000e+00 -6.997522782e+02 0.000000000e+00 0.000000000e+00 -7.133362123e-20 
d 1.400000000e+01 1.400000000e+01 7.109631262e+02 1.500000000e+01 1.500000000e+01 0.000000000e+00 0.000000000e+00 0.000000000e+00 -7.109631262e+02 0.000000000e+00 0.000000000e+00 -7.602248683e-20 
d 1.450000000e+01 1.450000000e+01 7.218460762e+02 1.500000000e+01 1.500000000e+01 0.000000000e+00 0.000000000e+00 0.000000000e+00 -7.218460762e+02 0.000000000e+00 0.000000000e+00 -7.657426076e-20 
d 1.500000000e+01 1.500000000e+01 7.324210507e+02 1.500000000e+01 1.500000000e+01 0.000000000e+00 0.000000000e+00 0.000000000e+00 -7.324210507e+02 0.000000000e+00 0.000000000e+00 -7.668061784e-20 
