v ATLAS
# This file was created by ATLAS version 5.26.1.R on Wed Apr 18 11:34:15 2018.
#SSF 2.0 generic
##############################################################################
#                    Copyright (c) 1984 - 2018                               #
#                    Silvaco Inc. All rights reserved                        #
#                                                                            #
# This file format and the following Key are copyright Silvaco Inc.          #
# You may not use, this format or key without reproducing this message in    #
# full and obtaining express written permission from Silvaco Inc.            #
#                                                                            #
# To obtain such permission please contact: Silvaco Inc.                     #
#                                           support@silvaco.com              #
#                                                                            #
# KEY=SVC86hn7562asdx                       PROD=345                         #
##############################################################################
y 3 700 711 15
z 3.5 0.033 350
f 4 "drain" "gate" "source" "pwell" 
p 12 2 601 20 3 602 21 4 603 22 5 604 23 
d 1.000000000e+00 1.000000000e+00 1.305139103e-17 1.000000000e-01 1.000000000e-01 0.000000000e+00 0.000000000e+00 0.000000000e+00 -1.303664679e-17 0.000000000e+00 0.000000000e+00 -1.474424449e-20 
d 1.000000000e+00 1.000000000e+00 5.737490827e-14 5.000000000e-01 5.000000000e-01 0.000000000e+00 0.000000000e+00 0.000000000e+00 -5.737489633e-14 0.000000000e+00 0.000000000e+00 -1.194089816e-20 
d 1.000000000e+00 1.000000000e+00 1.781125483e-09 1.000000000e+00 1.000000000e+00 0.000000000e+00 0.000000000e+00 0.000000000e+00 -1.781125482e-09 0.000000000e+00 0.000000000e+00 -1.177695492e-20 
d 1.000000000e+00 1.000000000e+00 3.019007191e-05 1.500000000e+00 1.500000000e+00 0.000000000e+00 0.000000000e+00 0.000000000e+00 -3.019007191e-05 0.000000000e+00 0.000000000e+00 -1.169711154e-20 
d 1.000000000e+00 1.000000000e+00 1.410036030e-02 2.000000000e+00 2.000000000e+00 0.000000000e+00 0.000000000e+00 0.000000000e+00 -1.410036030e-02 0.000000000e+00 0.000000000e+00 -1.174326338e-20 
d 1.000000000e+00 1.000000000e+00 3.288500762e-01 2.500000000e+00 2.500000000e+00 0.000000000e+00 0.000000000e+00 0.000000000e+00 -3.288500762e-01 0.000000000e+00 0.000000000e+00 -1.182105007e-20 
d 1.000000000e+00 1.000000000e+00 1.705285634e+00 3.000000000e+00 3.000000000e+00 0.000000000e+00 0.000000000e+00 0.000000000e+00 -1.705285634e+00 0.000000000e+00 0.000000000e+00 -1.190720494e-20 
d 1.000000000e+00 1.000000000e+00 4.753179618e+00 3.500000000e+00 3.500000000e+00 0.000000000e+00 0.000000000e+00 0.000000000e+00 -4.753179618e+00 0.000000000e+00 0.000000000e+00 -1.190742036e-20 
d 1.000000000e+00 1.000000000e+00 1.063005881e+01 4.000000000e+00 4.000000000e+00 0.000000000e+00 0.000000000e+00 0.000000000e+00 -1.063005881e+01 0.000000000e+00 0.000000000e+00 -1.184883936e-20 
d 1.000000000e+00 1.000000000e+00 1.911875202e+01 4.500000000e+00 4.500000000e+00 0.000000000e+00 0.000000000e+00 0.000000000e+00 -1.911875202e+01 0.000000000e+00 0.000000000e+00 -1.176075776e-20 
d 1.000000000e+00 1.000000000e+00 2.778062162e+01 5.000000000e+00 5.000000000e+00 0.000000000e+00 0.000000000e+00 0.000000000e+00 -2.778062162e+01 0.000000000e+00 0.000000000e+00 -1.168082751e-20 
d 1.000000000e+00 1.000000000e+00 3.530649890e+01 5.500000000e+00 5.500000000e+00 0.000000000e+00 0.000000000e+00 0.000000000e+00 -3.530649890e+01 0.000000000e+00 0.000000000e+00 -1.162013544e-20 
d 1.000000000e+00 1.000000000e+00 4.180838583e+01 6.000000000e+00 6.000000000e+00 0.000000000e+00 0.000000000e+00 0.000000000e+00 -4.180838583e+01 0.000000000e+00 0.000000000e+00 -1.157070458e-20 
d 1.000000000e+00 1.000000000e+00 4.761921493e+01 6.500000000e+00 6.500000000e+00 0.000000000e+00 0.000000000e+00 0.000000000e+00 -4.761921493e+01 0.000000000e+00 0.000000000e+00 -1.152703348e-20 
d 1.000000000e+00 1.000000000e+00 5.299548535e+01 7.000000000e+00 7.000000000e+00 0.000000000e+00 0.000000000e+00 0.000000000e+00 -5.299548535e+01 0.000000000e+00 0.000000000e+00 -1.148596007e-20 
d 1.000000000e+00 1.000000000e+00 5.811574039e+01 7.500000000e+00 7.500000000e+00 0.000000000e+00 0.000000000e+00 0.000000000e+00 -5.811574039e+01 0.000000000e+00 0.000000000e+00 -1.144468841e-20 
d 1.000000000e+00 1.000000000e+00 6.310317763e+01 8.000000000e+00 8.000000000e+00 0.000000000e+00 0.000000000e+00 0.000000000e+00 -6.310317763e+01 0.000000000e+00 0.000000000e+00 -1.140068482e-20 
d 1.000000000e+00 1.000000000e+00 6.803542563e+01 8.500000000e+00 8.500000000e+00 0.000000000e+00 0.000000000e+00 0.000000000e+00 -6.803542563e+01 0.000000000e+00 0.000000000e+00 -1.135246440e-20 
d 1.000000000e+00 1.000000000e+00 7.294182640e+01 9.000000000e+00 9.000000000e+00 0.000000000e+00 0.000000000e+00 0.000000000e+00 -7.294182640e+01 0.000000000e+00 0.000000000e+00 -1.130041947e-20 
d 1.000000000e+00 1.000000000e+00 7.779256806e+01 9.500000000e+00 9.500000000e+00 0.000000000e+00 0.000000000e+00 0.000000000e+00 -7.779256806e+01 0.000000000e+00 0.000000000e+00 -1.124670665e-20 
d 1.000000000e+00 1.000000000e+00 8.249646776e+01 1.000000000e+01 1.000000000e+01 0.000000000e+00 0.000000000e+00 0.000000000e+00 -8.249646776e+01 0.000000000e+00 0.000000000e+00 -1.119389875e-20 
d 1.000000000e+00 1.000000000e+00 8.692750509e+01 1.050000000e+01 1.050000000e+01 0.000000000e+00 0.000000000e+00 0.000000000e+00 -8.692750509e+01 0.000000000e+00 0.000000000e+00 -1.114377979e-20 
d 1.000000000e+00 1.000000000e+00 9.097697884e+01 1.100000000e+01 1.100000000e+01 0.000000000e+00 0.000000000e+00 0.000000000e+00 -9.097697884e+01 0.000000000e+00 0.000000000e+00 -1.109724082e-20 
d 1.000000000e+00 1.000000000e+00 9.459449138e+01 1.150000000e+01 1.150000000e+01 0.000000000e+00 0.000000000e+00 0.000000000e+00 -9.459449138e+01 0.000000000e+00 0.000000000e+00 -1.105464508e-20 
d 1.000000000e+00 1.000000000e+00 9.778864298e+01 1.200000000e+01 1.200000000e+01 0.000000000e+00 0.000000000e+00 0.000000000e+00 -9.778864298e+01 0.000000000e+00 0.000000000e+00 -1.101603002e-20 
