v ATLAS
# This file was created by ATLAS version 5.26.1.R on Tue Apr 17 21:23:48 2018.
#SSF 2.0 generic
##############################################################################
#                    Copyright (c) 1984 - 2018                               #
#                    Silvaco Inc. All rights reserved                        #
#                                                                            #
# This file format and the following Key are copyright Silvaco Inc.          #
# You may not use, this format or key without reproducing this message in    #
# full and obtaining express written permission from Silvaco Inc.            #
#                                                                            #
# To obtain such permission please contact: Silvaco Inc.                     #
#                                           support@silvaco.com              #
#                                                                            #
# KEY=SVC86hn7562asdx                       PROD=345                         #
##############################################################################
y 1 15
z 300
f 2 "ground" "anode" 
o 1 <v1.v1*> [GR] (V^2/Hz)
o 2 <v1.v1*> [II] (V^2/Hz)
o 3 <v1.v1*> [e Diff] (V^2/Hz)
o 4 <v1.v1*> [h Diff] (V^2/Hz)
o 5 <v1.v1*> [e 1/f] (V^2/Hz)
o 6 <v1.v1*> [h 1/f] (V^2/Hz)
p 20 40 2221 3000 3001 3002 3003 3004 3005 2 20 3 21 3000000 2000000 3001000 2001000 3000001 2000001 3001001 2001001 
Q 3000000 3 "Mhos" 
Q 2000000 3 "F" 
Q 3001000 3 "Mhos" 
Q 2001000 3 "F" 
Q 3000001 3 "Mhos" 
Q 2000001 3 "F" 
Q 3001001 3 "Mhos" 
Q 2001001 3 "F" 
d 1.000000000e+03 3.18708e-13 2.31908e-14 0 1.96253e-13 9.92636e-14 0 0 0.000000000e+00 -7.054689925e-10 5.000000000e-01 7.054689906e-10 -2.701119863e-08 -6.522770263e-16 2.701119866e-08 6.522770263e-16 2.701119866e-08 6.522770263e-16 -2.701119865e-08 -6.522770263e-16 
d 2.154435000e+03 3.18708e-13 2.31908e-14 0 1.96253e-13 9.92636e-14 0 0 0.000000000e+00 -7.054689925e-10 5.000000000e-01 7.054689906e-10 -2.701119865e-08 -6.522770263e-16 2.701119868e-08 6.522770263e-16 2.701119868e-08 6.522770263e-16 -2.701119868e-08 -6.522770263e-16 
d 4.641590169e+03 3.18708e-13 2.31907e-14 0 1.96253e-13 9.92635e-14 0 0 0.000000000e+00 -7.054689925e-10 5.000000000e-01 7.054689906e-10 -2.701119871e-08 -6.522770262e-16 2.701119876e-08 6.522770262e-16 2.701119876e-08 6.522770262e-16 -2.701119877e-08 -6.522770262e-16 
d 1.000000432e+04 3.18707e-13 2.31907e-14 0 1.96253e-13 9.92634e-14 0 0 0.000000000e+00 -7.054689925e-10 5.000000000e-01 7.054689906e-10 -2.701119908e-08 -6.522770257e-16 2.701119918e-08 6.522770257e-16 2.701119918e-08 6.522770257e-16 -2.701119918e-08 -6.522770257e-16 
d 2.154435930e+04 3.18704e-13 2.31905e-14 0 1.96251e-13 9.92625e-14 0 0 0.000000000e+00 -7.054689925e-10 5.000000000e-01 7.054689906e-10 -2.701120102e-08 -6.522770236e-16 2.701120109e-08 6.522770236e-16 2.701120110e-08 6.522770236e-16 -2.701120110e-08 -6.522770236e-16 
d 4.641592173e+04 3.18692e-13 2.31896e-14 0 1.96244e-13 9.92587e-14 0 0 0.000000000e+00 -7.054689925e-10 5.000000000e-01 7.054689906e-10 -2.701120990e-08 -6.522770136e-16 2.701121000e-08 6.522770136e-16 2.701120999e-08 6.522770136e-16 -2.701121001e-08 -6.522770136e-16 
d 1.000000863e+05 3.18634e-13 2.31853e-14 0 1.96208e-13 9.92411e-14 0 0 0.000000000e+00 -7.054689925e-10 5.000000000e-01 7.054689906e-10 -2.701125119e-08 -6.522769673e-16 2.701125131e-08 6.522769673e-16 2.701125131e-08 6.522769673e-16 -2.701125136e-08 -6.522769673e-16 
d 2.154436860e+05 3.18367e-13 2.31656e-14 0 1.96042e-13 9.91595e-14 0 0 0.000000000e+00 -7.054689925e-10 5.000000000e-01 7.054689906e-10 -2.701144300e-08 -6.522767525e-16 2.701144310e-08 6.522767525e-16 2.701144310e-08 6.522767525e-16 -2.701144309e-08 -6.522767525e-16 
d 4.641594176e+05 3.17134e-13 2.30743e-14 0 1.95277e-13 9.87825e-14 0 0 0.000000000e+00 -7.054689925e-10 5.000000000e-01 7.054689906e-10 -2.701233324e-08 -6.522757555e-16 2.701233327e-08 6.522757554e-16 2.701233327e-08 6.522757554e-16 -2.701233330e-08 -6.522757554e-16 
d 1.000001295e+06 3.11535e-13 2.26601e-14 0 1.91804e-13 9.70708e-14 0 0 0.000000000e+00 -7.054689925e-10 5.000000000e-01 7.054689906e-10 -2.701646471e-08 -6.522711281e-16 2.701646482e-08 6.522711281e-16 2.701646481e-08 6.522711281e-16 -2.701646480e-08 -6.522711281e-16 
d 2.154437790e+06 2.87976e-13 2.09172e-14 0 1.7719e-13 8.98685e-14 0 0 0.000000000e+00 -7.054689925e-10 5.000000000e-01 7.054689906e-10 -2.703563563e-08 -6.522496602e-16 2.703563571e-08 6.522496602e-16 2.703563570e-08 6.522496602e-16 -2.703563572e-08 -6.522496602e-16 
d 4.641596179e+06 2.13602e-13 1.54152e-14 0 1.31057e-13 6.71306e-14 0 0 0.000000000e+00 -7.054689925e-10 5.000000000e-01 7.054689906e-10 -2.712448936e-08 -6.521502395e-16 2.712448944e-08 6.521502395e-16 2.712448943e-08 6.521502395e-16 -2.712448945e-08 -6.521502395e-16 
d 1.000001726e+07 9.90897e-14 6.94482e-15 0 6.00327e-14 3.21122e-14 0 0 0.000000000e+00 -7.054689925e-10 5.000000000e-01 7.054689906e-10 -2.753415142e-08 -6.516935473e-16 2.753415151e-08 6.516935473e-16 2.753415151e-08 6.516935473e-16 -2.753415150e-08 -6.516935473e-16 
d 2.154438720e+07 3.16467e-14 1.9627e-15 0 1.8248e-14 1.1436e-14 0 0 0.000000000e+00 -7.054689925e-10 5.000000000e-01 7.054689906e-10 -2.937930886e-08 -6.496709834e-16 2.937930895e-08 6.496709834e-16 2.937930895e-08 6.496709834e-16 -2.937930895e-08 -6.496709834e-16 
d 4.641598183e+07 1.09552e-14 4.60655e-16 0 5.60399e-15 4.89056e-15 0 0 0.000000000e+00 -7.054689925e-10 5.000000000e-01 7.054689906e-10 -3.697595870e-08 -6.419325570e-16 3.697595874e-08 6.419325570e-16 3.697595874e-08 6.419325570e-16 -3.697595874e-08 -6.419325570e-16 
d 1.000002158e+08 5.23228e-15 1.07343e-16 0 2.44893e-15 2.676e-15 0 0 0.000000000e+00 -7.054689925e-10 5.000000000e-01 7.054689906e-10 -6.220107861e-08 -6.222663360e-16 6.220107867e-08 6.222663360e-16 6.220107867e-08 6.222663360e-16 -6.220107867e-08 -6.222663360e-16 
d 2.154439650e+08 3.0229e-15 2.63318e-17 0 1.34888e-15 1.64768e-15 0 0 0.000000000e+00 -7.054689925e-10 5.000000000e-01 7.054689906e-10 -1.336194042e-07 -5.941854738e-16 1.336194043e-07 5.941854738e-16 1.336194043e-07 5.941854738e-16 -1.336194043e-07 -5.941854738e-16 
d 4.641600186e+08 2.06748e-15 6.36262e-18 0 8.1987e-16 1.24125e-15 0 0 0.000000000e+00 -7.054689925e-10 5.000000000e-01 7.054689906e-10 -3.639854552e-07 -5.623579491e-16 3.639854553e-07 5.623579491e-16 3.639854553e-07 5.623579491e-16 -3.639854552e-07 -5.623579491e-16 
d 1.000002590e+09 1.71187e-15 1.51235e-18 0 6.16863e-16 1.0935e-15 0 0 0.000000000e+00 -7.054689925e-10 5.000000000e-01 7.054689906e-10 -1.194870069e-06 -5.041143367e-16 1.194870069e-06 5.041143367e-16 1.194870069e-06 5.041143367e-16 -1.194870069e-06 -5.041143367e-16 
d 2.154440579e+09 1.58684e-15 3.86671e-19 0 5.45126e-16 1.04133e-15 0 0 0.000000000e+00 -7.054689925e-10 5.000000000e-01 7.054689906e-10 -3.626170430e-06 -3.665872332e-16 3.626170430e-06 3.665872332e-16 3.626170430e-06 3.665872332e-16 -3.626170430e-06 -3.665872332e-16 
d 4.641602190e+09 1.54259e-15 1.31048e-19 0 5.20258e-16 1.02221e-15 0 0 0.000000000e+00 -7.054689925e-10 5.000000000e-01 7.054689906e-10 -7.296716897e-06 -1.717017668e-16 7.296716897e-06 1.717017668e-16 7.296716897e-06 1.717017668e-16 -7.296716897e-06 -1.717017668e-16 
d 1.000003021e+10 1.52183e-15 7.34867e-20 0 5.11124e-16 1.01063e-15 0 0 0.000000000e+00 -7.054689925e-10 5.000000000e-01 7.054689906e-10 -9.517748781e-06 -5.738348736e-17 9.517748781e-06 5.738348736e-17 9.517748781e-06 5.738348736e-17 -9.517748781e-06 -5.738348736e-17 
d 2.154441509e+10 1.4896e-15 5.98981e-20 0 5.05095e-16 9.84449e-16 0 0 0.000000000e+00 -7.054689925e-10 5.000000000e-01 7.054689906e-10 -1.023031846e-05 -2.228565354e-17 1.023031846e-05 2.228565354e-17 1.023031846e-05 2.228565354e-17 -1.023031846e-05 -2.228565354e-17 
d 4.641604193e+10 1.37631e-15 5.3913e-20 0 4.90174e-16 8.86078e-16 0 0 0.000000000e+00 -7.054689925e-10 5.000000000e-01 7.054689906e-10 -1.046425832e-05 -1.390390876e-17 1.046425832e-05 1.390390875e-17 1.046425832e-05 1.390390875e-17 -1.046425832e-05 -1.390390876e-17 
d 1.000003453e+11 1.04117e-15 4.3311e-20 0 4.34397e-16 6.06729e-16 0 0 0.000000000e+00 -7.054689925e-10 5.000000000e-01 7.054689906e-10 -1.073231606e-05 -1.186384997e-17 1.073231606e-05 1.186384997e-17 1.073231606e-05 1.186384997e-17 -1.073231606e-05 -1.186384997e-17 
d 2.154442439e+11 5.31403e-16 2.49857e-20 0 2.84952e-16 2.46426e-16 0 0 0.000000000e+00 -7.054689925e-10 5.000000000e-01 7.054689906e-10 -1.121599677e-05 -1.105207340e-17 1.121599677e-05 1.105207340e-17 1.121599677e-05 1.105207340e-17 -1.121599677e-05 -1.105207340e-17 
d 4.641606197e+11 1.75417e-16 8.97133e-21 0 1.09799e-16 6.5609e-17 0 0 0.000000000e+00 -7.054689925e-10 5.000000000e-01 7.054689906e-10 -1.160452250e-05 -1.063055762e-17 1.160452250e-05 1.063055762e-17 1.160452250e-05 1.063055762e-17 -1.160452250e-05 -1.063055762e-17 
d 1.000003885e+12 4.33931e-17 2.28073e-21 0 2.8499e-17 1.48918e-17 0 0 0.000000000e+00 -7.054689925e-10 5.000000000e-01 7.054689906e-10 -1.174408629e-05 -1.049135600e-17 1.174408629e-05 1.049135600e-17 1.174408629e-05 1.049135600e-17 -1.174408629e-05 -1.049135600e-17 
