v ATLAS
# This file was created by ATLAS version 5.26.1.R on Thu Oct 14 20:51:51 2021.
#SSF 2.0 generic
##############################################################################
#                    Copyright (c) 1984 - 2018                               #
#                    Silvaco Inc. All rights reserved                        #
#                                                                            #
# This file format and the following Key are copyright Silvaco Inc.          #
# You may not use, this format or key without reproducing this message in    #
# full and obtaining express written permission from Silvaco Inc.            #
#                                                                            #
# To obtain such permission please contact: Silvaco Inc.                     #
#                                           support@silvaco.com              #
#                                                                            #
# KEY=SVC86hn7562asdx                       PROD=345                         #
##############################################################################
y 3 700 711 15
z 7 0.06 300
f 3 "source" "gate" "drain" 
p 10 2 601 20 3 602 21 4 603 22 82 
d 0.000000000e+00 0.000000000e+00 -5.122476450e-13 2.500000000e-01 2.500000000e-01 0.000000000e+00 2.000000000e+01 2.000000000e+01 5.137387623e-13 3.000000001e+02 
d 0.000000000e+00 0.000000000e+00 -5.120559945e-13 5.000000000e-01 5.000000000e-01 0.000000000e+00 2.000000000e+01 2.000000000e+01 5.125844484e-13 3.000000001e+02 
d 0.000000000e+00 0.000000000e+00 -5.127915044e-13 7.500000000e-01 7.500000000e-01 0.000000000e+00 2.000000000e+01 2.000000000e+01 5.128037529e-13 3.000000001e+02 
d 0.000000000e+00 0.000000000e+00 -5.156012019e-13 1.000000000e+00 1.000000000e+00 0.000000000e+00 2.000000000e+01 2.000000000e+01 5.156228893e-13 3.000000001e+02 
d 0.000000000e+00 0.000000000e+00 -5.824352266e-13 1.250000000e+00 1.250000000e+00 0.000000000e+00 2.000000000e+01 2.000000000e+01 5.866612365e-13 3.000000001e+02 
d 0.000000000e+00 0.000000000e+00 -2.740048941e-12 1.500000000e+00 1.500000000e+00 0.000000000e+00 2.000000000e+01 2.000000000e+01 2.739882884e-12 3.000000004e+02 
d 0.000000000e+00 0.000000000e+00 -6.601483173e-11 1.750000000e+00 1.750000000e+00 0.000000000e+00 2.000000000e+01 2.000000000e+01 6.601473038e-11 3.000000096e+02 
d 0.000000000e+00 0.000000000e+00 -1.848170525e-09 2.000000000e+00 2.000000000e+00 0.000000000e+00 2.000000000e+01 2.000000000e+01 1.848170504e-09 3.000002685e+02 
d 0.000000000e+00 0.000000000e+00 -8.903869242e-07 2.500000000e+00 2.500000000e+00 0.000000000e+00 2.000000000e+01 2.000000000e+01 8.903869241e-07 3.001286066e+02 
d 0.000000000e+00 0.000000000e+00 -1.444942830e-05 3.000000000e+00 3.000000000e+00 0.000000000e+00 2.000000000e+01 2.000000000e+01 1.444942830e-05 3.021197516e+02 
d 0.000000000e+00 0.000000000e+00 -3.617922552e-05 3.500000000e+00 3.500000000e+00 0.000000000e+00 2.000000000e+01 2.000000000e+01 3.617922552e-05 3.055080899e+02 
d 0.000000000e+00 0.000000000e+00 -5.971801983e-05 4.000000000e+00 4.000000000e+00 0.000000000e+00 2.000000000e+01 2.000000000e+01 5.971801983e-05 3.093926877e+02 
d 0.000000000e+00 0.000000000e+00 -8.375041647e-05 4.500000000e+00 4.500000000e+00 0.000000000e+00 2.000000000e+01 2.000000000e+01 8.375041647e-05 3.136341007e+02 
d 0.000000000e+00 0.000000000e+00 -1.075535740e-04 5.000000000e+00 5.000000000e+00 0.000000000e+00 2.000000000e+01 2.000000000e+01 1.075535740e-04 3.181059349e+02 
d 0.000000000e+00 0.000000000e+00 -1.315838724e-04 6.000000000e+00 6.000000000e+00 0.000000000e+00 2.000000000e+01 2.000000000e+01 1.315838724e-04 3.231363617e+02 
d 0.000000000e+00 0.000000000e+00 -1.366550470e-04 7.000000000e+00 7.000000000e+00 0.000000000e+00 2.000000000e+01 2.000000000e+01 1.366550470e-04 3.242128922e+02 
d 0.000000000e+00 0.000000000e+00 -1.390918235e-04 8.000000000e+00 8.000000000e+00 0.000000000e+00 2.000000000e+01 2.000000000e+01 1.390918235e-04 3.247175435e+02 
d 0.000000000e+00 0.000000000e+00 -1.406376899e-04 9.000000000e+00 9.000000000e+00 0.000000000e+00 2.000000000e+01 2.000000000e+01 1.406376899e-04 3.250342641e+02 
d 0.000000000e+00 0.000000000e+00 -1.417440020e-04 1.000000000e+01 1.000000000e+01 0.000000000e+00 2.000000000e+01 2.000000000e+01 1.417440020e-04 3.252594563e+02 
d 0.000000000e+00 0.000000000e+00 -1.425900135e-04 1.100000000e+01 1.100000000e+01 0.000000000e+00 2.000000000e+01 2.000000000e+01 1.425900135e-04 3.254308927e+02 
d 0.000000000e+00 0.000000000e+00 -1.432651027e-04 1.200000000e+01 1.200000000e+01 0.000000000e+00 2.000000000e+01 2.000000000e+01 1.432651027e-04 3.255672269e+02 
d 0.000000000e+00 0.000000000e+00 -1.438202020e-04 1.300000000e+01 1.300000000e+01 0.000000000e+00 2.000000000e+01 2.000000000e+01 1.438202020e-04 3.256790175e+02 
d 0.000000000e+00 0.000000000e+00 -1.442870043e-04 1.400000000e+01 1.400000000e+01 0.000000000e+00 2.000000000e+01 2.000000000e+01 1.442870043e-04 3.257728024e+02 
d 0.000000000e+00 0.000000000e+00 -1.446865015e-04 1.500000000e+01 1.500000000e+01 0.000000000e+00 2.000000000e+01 2.000000000e+01 1.446865015e-04 3.258528961e+02 
d 0.000000000e+00 0.000000000e+00 -1.450332649e-04 1.600000000e+01 1.600000000e+01 0.000000000e+00 2.000000000e+01 2.000000000e+01 1.450332649e-04 3.259222843e+02 
d 0.000000000e+00 0.000000000e+00 -1.453377857e-04 1.700000000e+01 1.700000000e+01 0.000000000e+00 2.000000000e+01 2.000000000e+01 1.453377857e-04 3.259831116e+02 
d 0.000000000e+00 0.000000000e+00 -1.456078437e-04 1.800000000e+01 1.800000000e+01 0.000000000e+00 2.000000000e+01 2.000000000e+01 1.456078437e-04 3.260369652e+02 
d 0.000000000e+00 0.000000000e+00 -1.458493507e-04 1.900000000e+01 1.900000000e+01 0.000000000e+00 2.000000000e+01 2.000000000e+01 1.458493507e-04 3.260850491e+02 
d 0.000000000e+00 0.000000000e+00 -1.460668915e-04 2.000000000e+01 2.000000000e+01 0.000000000e+00 2.000000000e+01 2.000000000e+01 1.460668915e-04 3.261282957e+02 
