v ATLAS
# This file was created by ATLAS version 5.26.1.R on Thu Apr 19 19:08:03 2018.
#SSF 2.0 generic
##############################################################################
#                    Copyright (c) 1984 - 2018                               #
#                    Silvaco Inc. All rights reserved                        #
#                                                                            #
# This file format and the following Key are copyright Silvaco Inc.          #
# You may not use, this format or key without reproducing this message in    #
# full and obtaining express written permission from Silvaco Inc.            #
#                                                                            #
# To obtain such permission please contact: Silvaco Inc.                     #
#                                           support@silvaco.com              #
#                                                                            #
# KEY=SVC86hn7562asdx                       PROD=345                         #
##############################################################################
y 3 700 711 15
z 0.1 0.03 300
f 4 "gate" "source" "drain" "substrate" 
p 12 2 601 20 3 602 21 4 603 22 5 604 23 
d 1.000000000e-01 1.000000000e-01 0.000000000e+00 0.000000000e+00 0.000000000e+00 -2.472967259e-16 5.000000000e-01 5.000000000e-01 3.588318864e-16 0.000000000e+00 0.000000000e+00 -2.994695958e-19 
d 2.000000000e-01 2.000000000e-01 0.000000000e+00 0.000000000e+00 0.000000000e+00 -1.395221393e-16 5.000000000e-01 5.000000000e-01 3.304261814e-16 0.000000000e+00 0.000000000e+00 -2.950376813e-19 
d 3.000000000e-01 3.000000000e-01 0.000000000e+00 0.000000000e+00 0.000000000e+00 -1.132050890e-16 5.000000000e-01 5.000000000e-01 3.011850145e-16 0.000000000e+00 0.000000000e+00 -3.107478940e-19 
d 4.000000000e-01 4.000000000e-01 0.000000000e+00 0.000000000e+00 0.000000000e+00 -2.222328685e-16 5.000000000e-01 5.000000000e-01 5.417980450e-16 0.000000000e+00 0.000000000e+00 -2.937719571e-19 
d 5.000000000e-01 5.000000000e-01 0.000000000e+00 0.000000000e+00 0.000000000e+00 -2.213974066e-16 5.000000000e-01 5.000000000e-01 -2.907397500e-16 0.000000000e+00 0.000000000e+00 -3.219245067e-19 
d 6.000000000e-01 6.000000000e-01 0.000000000e+00 0.000000000e+00 0.000000000e+00 -2.213974066e-16 5.000000000e-01 5.000000000e-01 -3.717795554e-16 0.000000000e+00 0.000000000e+00 -3.108128872e-19 
d 7.000000000e-01 7.000000000e-01 0.000000000e+00 0.000000000e+00 0.000000000e+00 -3.287542622e-16 5.000000000e-01 5.000000000e-01 -5.284286639e-16 0.000000000e+00 0.000000000e+00 -3.186706053e-19 
d 8.000000000e-01 8.000000000e-01 0.000000000e+00 0.000000000e+00 0.000000000e+00 -3.020194811e-16 5.000000000e-01 5.000000000e-01 8.058040090e-16 0.000000000e+00 0.000000000e+00 -2.987885065e-19 
d 9.000000000e-01 9.000000000e-01 0.000000000e+00 0.000000000e+00 0.000000000e+00 -3.020194811e-16 5.000000000e-01 5.000000000e-01 6.783960675e-16 0.000000000e+00 0.000000000e+00 -3.205674717e-19 
d 1.000000000e+00 1.000000000e+00 0.000000000e+00 0.000000000e+00 0.000000000e+00 -2.489676497e-16 5.000000000e-01 5.000000000e-01 8.634508809e-16 0.000000000e+00 0.000000000e+00 -3.478538070e-19 
d 1.100000000e+00 1.100000000e+00 0.000000000e+00 0.000000000e+00 0.000000000e+00 -4.097940677e-16 5.000000000e-01 5.000000000e-01 7.865883850e-16 0.000000000e+00 0.000000000e+00 -3.013541219e-19 
d 1.200000000e+00 1.200000000e+00 0.000000000e+00 0.000000000e+00 0.000000000e+00 -3.300074551e-16 5.000000000e-01 5.000000000e-01 2.178050199e-15 0.000000000e+00 0.000000000e+00 -3.292017890e-19 
d 1.300000000e+00 1.300000000e+00 0.000000000e+00 0.000000000e+00 0.000000000e+00 -3.571599672e-16 5.000000000e-01 5.000000000e-01 9.979602487e-16 0.000000000e+00 0.000000000e+00 -3.293097433e-19 
d 1.400000000e+00 1.400000000e+00 0.000000000e+00 0.000000000e+00 0.000000000e+00 -3.575776982e-16 5.000000000e-01 5.000000000e-01 1.933677590e-15 0.000000000e+00 0.000000000e+00 -3.307947450e-19 
d 1.500000000e+00 1.500000000e+00 0.000000000e+00 0.000000000e+00 0.000000000e+00 -3.320961099e-16 5.000000000e-01 5.000000000e-01 8.951984335e-16 0.000000000e+00 0.000000000e+00 -3.318720706e-19 
d 1.600000000e+00 1.600000000e+00 0.000000000e+00 0.000000000e+00 0.000000000e+00 -3.320961099e-16 5.000000000e-01 5.000000000e-01 -2.268269139e-16 0.000000000e+00 0.000000000e+00 -2.976118439e-19 
d 1.700000000e+00 1.700000000e+00 0.000000000e+00 0.000000000e+00 0.000000000e+00 -4.666054777e-16 5.000000000e-01 5.000000000e-01 -2.000921327e-16 0.000000000e+00 0.000000000e+00 -3.350474495e-19 
d 1.800000000e+00 1.800000000e+00 0.000000000e+00 0.000000000e+00 0.000000000e+00 -2.539804212e-16 5.000000000e-01 5.000000000e-01 -2.038517113e-16 0.000000000e+00 0.000000000e+00 -3.284258365e-19 
d 1.900000000e+00 1.900000000e+00 0.000000000e+00 0.000000000e+00 0.000000000e+00 -4.143891082e-16 5.000000000e-01 5.000000000e-01 -6.850777725e-16 0.000000000e+00 0.000000000e+00 -3.119630469e-19 
d 2.000000000e+00 2.000000000e+00 0.000000000e+00 0.000000000e+00 0.000000000e+00 -5.221636948e-16 5.000000000e-01 5.000000000e-01 -1.737750825e-16 0.000000000e+00 0.000000000e+00 -3.247194222e-19 
d 2.100000000e+00 2.100000000e+00 0.000000000e+00 0.000000000e+00 0.000000000e+00 -4.160600320e-16 5.000000000e-01 5.000000000e-01 3.087041715e-16 0.000000000e+00 0.000000000e+00 -3.523661118e-19 
d 2.200000000e+00 2.200000000e+00 0.000000000e+00 0.000000000e+00 0.000000000e+00 -4.436302751e-16 5.000000000e-01 5.000000000e-01 1.089443328e-15 0.000000000e+00 0.000000000e+00 -3.049013278e-19 
d 2.300000000e+00 2.300000000e+00 0.000000000e+00 0.000000000e+00 0.000000000e+00 -4.453011989e-16 5.000000000e-01 5.000000000e-01 7.924366183e-16 0.000000000e+00 0.000000000e+00 -3.312233780e-19 
d 2.400000000e+00 2.400000000e+00 0.000000000e+00 0.000000000e+00 0.000000000e+00 -5.004416851e-16 5.000000000e-01 5.000000000e-01 2.348066698e-15 0.000000000e+00 0.000000000e+00 -3.270015884e-19 
d 2.500000000e+00 2.500000000e+00 0.000000000e+00 0.000000000e+00 0.000000000e+00 -6.349510529e-16 5.000000000e-01 5.000000000e-01 1.680114899e-15 0.000000000e+00 0.000000000e+00 -3.251772510e-19 
d 2.600000000e+00 2.600000000e+00 0.000000000e+00 0.000000000e+00 0.000000000e+00 -7.991193185e-16 5.000000000e-01 5.000000000e-01 1.356373409e-15 0.000000000e+00 0.000000000e+00 -3.379887232e-19 
d 2.700000000e+00 2.700000000e+00 0.000000000e+00 0.000000000e+00 0.000000000e+00 -7.218390917e-16 5.000000000e-01 5.000000000e-01 -2.087659762e-18 0.000000000e+00 0.000000000e+00 -3.083755414e-19 
d 2.800000000e+00 2.800000000e+00 0.000000000e+00 0.000000000e+00 0.000000000e+00 -8.613612309e-16 5.000000000e-01 5.000000000e-01 1.445350102e-15 0.000000000e+00 0.000000000e+00 -3.126228144e-19 
d 2.900000000e+00 2.900000000e+00 0.000000000e+00 0.000000000e+00 0.000000000e+00 -9.733131271e-16 5.000000000e-01 5.000000000e-01 9.691368125e-16 0.000000000e+00 0.000000000e+00 -3.246736661e-19 
d 3.000000000e+00 3.000000000e+00 0.000000000e+00 0.000000000e+00 0.000000000e+00 -1.248180096e-15 5.000000000e-01 5.000000000e-01 1.036809227e-15 0.000000000e+00 0.000000000e+00 -3.116382748e-19 
d 3.100000000e+00 3.100000000e+00 0.000000000e+00 0.000000000e+00 0.000000000e+00 -1.527642106e-15 5.000000000e-01 5.000000000e-01 2.325091495e-15 0.000000000e+00 0.000000000e+00 -3.115065202e-19 
d 3.200000000e+00 3.200000000e+00 0.000000000e+00 0.000000000e+00 0.000000000e+00 -1.730241619e-15 5.000000000e-01 5.000000000e-01 1.564403425e-15 0.000000000e+00 0.000000000e+00 -3.223921992e-19 
d 3.300000000e+00 3.300000000e+00 0.000000000e+00 0.000000000e+00 0.000000000e+00 -2.474638182e-15 5.000000000e-01 5.000000000e-01 2.551501673e-15 0.000000000e+00 0.000000000e+00 -3.020231914e-19 
d 3.400000000e+00 3.400000000e+00 0.000000000e+00 0.000000000e+00 0.000000000e+00 -3.471761974e-15 5.000000000e-01 5.000000000e-01 2.879838204e-15 0.000000000e+00 0.000000000e+00 -3.314277292e-19 
d 3.500000000e+00 3.500000000e+00 0.000000000e+00 0.000000000e+00 0.000000000e+00 -4.943010400e-15 5.000000000e-01 5.000000000e-01 3.972622385e-15 0.000000000e+00 0.000000000e+00 -2.935797304e-19 
d 3.600000000e+00 3.600000000e+00 0.000000000e+00 0.000000000e+00 0.000000000e+00 -7.956521516e-15 5.000000000e-01 5.000000000e-01 6.527464911e-15 0.000000000e+00 0.000000000e+00 -3.246834896e-19 
d 3.700000000e+00 3.700000000e+00 0.000000000e+00 0.000000000e+00 0.000000000e+00 -1.297054618e-14 5.000000000e-01 5.000000000e-01 1.332812487e-14 0.000000000e+00 0.000000000e+00 -3.161292665e-19 
d 3.800000000e+00 3.800000000e+00 0.000000000e+00 0.000000000e+00 0.000000000e+00 -2.488841035e-14 5.000000000e-01 5.000000000e-01 2.503461718e-14 0.000000000e+00 0.000000000e+00 -3.106490941e-19 
d 3.900000000e+00 3.900000000e+00 0.000000000e+00 0.000000000e+00 0.000000000e+00 -5.160314044e-14 5.000000000e-01 5.000000000e-01 5.189555310e-14 0.000000000e+00 0.000000000e+00 -2.823831435e-19 
d 4.000000000e+00 4.000000000e+00 0.000000000e+00 0.000000000e+00 0.000000000e+00 -1.128504355e-13 5.000000000e-01 5.000000000e-01 1.124398069e-13 0.000000000e+00 0.000000000e+00 -2.874693418e-19 
d 4.100000000e+00 4.100000000e+00 0.000000000e+00 0.000000000e+00 0.000000000e+00 -2.595738386e-13 5.000000000e-01 5.000000000e-01 2.578707505e-13 0.000000000e+00 0.000000000e+00 -3.107613962e-19 
d 4.200000000e+00 4.200000000e+00 0.000000000e+00 0.000000000e+00 0.000000000e+00 -6.278337528e-13 5.000000000e-01 5.000000000e-01 6.277723474e-13 0.000000000e+00 0.000000000e+00 -3.287513222e-19 
d 4.300000000e+00 4.300000000e+00 0.000000000e+00 0.000000000e+00 0.000000000e+00 -1.594919765e-12 5.000000000e-01 5.000000000e-01 1.595663327e-12 0.000000000e+00 0.000000000e+00 -3.224186892e-19 
d 4.400000000e+00 4.400000000e+00 0.000000000e+00 0.000000000e+00 0.000000000e+00 -4.250472629e-12 5.000000000e-01 5.000000000e-01 4.249733664e-12 0.000000000e+00 0.000000000e+00 -3.115993990e-19 
d 4.500000000e+00 4.500000000e+00 0.000000000e+00 0.000000000e+00 0.000000000e+00 -1.185584240e-11 5.000000000e-01 5.000000000e-01 1.185560638e-11 0.000000000e+00 0.000000000e+00 -2.953753508e-19 
d 4.600000000e+00 4.600000000e+00 0.000000000e+00 0.000000000e+00 0.000000000e+00 -3.448997642e-11 5.000000000e-01 5.000000000e-01 3.449076176e-11 0.000000000e+00 0.000000000e+00 -3.237189646e-19 
d 4.700000000e+00 4.700000000e+00 0.000000000e+00 0.000000000e+00 0.000000000e+00 -1.041310186e-10 5.000000000e-01 5.000000000e-01 1.041316690e-10 0.000000000e+00 0.000000000e+00 -3.034665469e-19 
d 4.800000000e+00 4.800000000e+00 0.000000000e+00 0.000000000e+00 0.000000000e+00 -3.243999104e-10 5.000000000e-01 5.000000000e-01 3.243994663e-10 0.000000000e+00 0.000000000e+00 -2.833156655e-19 
d 4.900000000e+00 4.900000000e+00 0.000000000e+00 0.000000000e+00 0.000000000e+00 -1.035601642e-09 5.000000000e-01 5.000000000e-01 1.035602503e-09 0.000000000e+00 0.000000000e+00 -3.380210897e-19 
d 5.000000000e+00 5.000000000e+00 0.000000000e+00 0.000000000e+00 0.000000000e+00 -3.356815594e-09 5.000000000e-01 5.000000000e-01 3.356817118e-09 0.000000000e+00 0.000000000e+00 -3.440785698e-19 
d 5.100000000e+00 5.100000000e+00 0.000000000e+00 0.000000000e+00 0.000000000e+00 -1.088740908e-08 5.000000000e-01 5.000000000e-01 1.088741133e-08 0.000000000e+00 0.000000000e+00 -3.108704323e-19 
d 5.200000000e+00 5.200000000e+00 0.000000000e+00 0.000000000e+00 0.000000000e+00 -3.449670799e-08 5.000000000e-01 5.000000000e-01 3.449670855e-08 0.000000000e+00 0.000000000e+00 -3.015252129e-19 
d 5.300000000e+00 5.300000000e+00 0.000000000e+00 0.000000000e+00 0.000000000e+00 -1.037450072e-07 5.000000000e-01 5.000000000e-01 1.037450069e-07 0.000000000e+00 0.000000000e+00 -3.076293136e-19 
d 5.400000000e+00 5.400000000e+00 0.000000000e+00 0.000000000e+00 0.000000000e+00 -2.908203573e-07 5.000000000e-01 5.000000000e-01 2.908203583e-07 0.000000000e+00 0.000000000e+00 -3.269912722e-19 
d 5.500000000e+00 5.500000000e+00 0.000000000e+00 0.000000000e+00 0.000000000e+00 -7.573260398e-07 5.000000000e-01 5.000000000e-01 7.573260401e-07 0.000000000e+00 0.000000000e+00 -3.029611999e-19 
d 5.600000000e+00 5.600000000e+00 0.000000000e+00 0.000000000e+00 0.000000000e+00 -1.832017827e-06 5.000000000e-01 5.000000000e-01 1.832017827e-06 0.000000000e+00 0.000000000e+00 -3.162142597e-19 
d 5.700000000e+00 5.700000000e+00 0.000000000e+00 0.000000000e+00 0.000000000e+00 -4.098127025e-06 5.000000000e-01 5.000000000e-01 4.098127026e-06 0.000000000e+00 0.000000000e+00 -3.223942157e-19 
d 5.800000000e+00 5.800000000e+00 0.000000000e+00 0.000000000e+00 0.000000000e+00 -8.407149747e-06 5.000000000e-01 5.000000000e-01 8.407149749e-06 0.000000000e+00 0.000000000e+00 -3.333396741e-19 
d 5.900000000e+00 5.900000000e+00 0.000000000e+00 0.000000000e+00 0.000000000e+00 -1.571936106e-05 5.000000000e-01 5.000000000e-01 1.571936106e-05 0.000000000e+00 0.000000000e+00 -2.896503280e-19 
d 6.000000000e+00 6.000000000e+00 0.000000000e+00 0.000000000e+00 0.000000000e+00 -2.682036233e-05 5.000000000e-01 5.000000000e-01 2.682036233e-05 0.000000000e+00 0.000000000e+00 -3.124339766e-19 
d 6.100000000e+00 6.100000000e+00 0.000000000e+00 0.000000000e+00 0.000000000e+00 -4.212790057e-05 5.000000000e-01 5.000000000e-01 4.212790057e-05 0.000000000e+00 0.000000000e+00 -2.865446129e-19 
d 6.200000000e+00 6.200000000e+00 0.000000000e+00 0.000000000e+00 0.000000000e+00 -6.169961311e-05 5.000000000e-01 5.000000000e-01 6.169961311e-05 0.000000000e+00 0.000000000e+00 -3.261984025e-19 
d 6.300000000e+00 6.300000000e+00 0.000000000e+00 0.000000000e+00 0.000000000e+00 -8.535139265e-05 5.000000000e-01 5.000000000e-01 8.535139265e-05 0.000000000e+00 0.000000000e+00 -2.975842835e-19 
d 6.400000000e+00 6.400000000e+00 0.000000000e+00 0.000000000e+00 0.000000000e+00 -1.127720006e-04 5.000000000e-01 5.000000000e-01 1.127720006e-04 0.000000000e+00 0.000000000e+00 -3.222126071e-19 
d 6.500000000e+00 6.500000000e+00 0.000000000e+00 0.000000000e+00 0.000000000e+00 -1.435953279e-04 5.000000000e-01 5.000000000e-01 1.435953279e-04 0.000000000e+00 0.000000000e+00 -3.259880072e-19 
d 6.600000000e+00 6.600000000e+00 0.000000000e+00 0.000000000e+00 0.000000000e+00 -1.774374942e-04 5.000000000e-01 5.000000000e-01 1.774374942e-04 0.000000000e+00 0.000000000e+00 -3.059509413e-19 
d 6.700000000e+00 6.700000000e+00 0.000000000e+00 0.000000000e+00 0.000000000e+00 -2.139129597e-04 5.000000000e-01 5.000000000e-01 2.139129597e-04 0.000000000e+00 0.000000000e+00 -3.301752090e-19 
d 6.800000000e+00 6.800000000e+00 0.000000000e+00 0.000000000e+00 0.000000000e+00 -2.526392593e-04 5.000000000e-01 5.000000000e-01 2.526392593e-04 0.000000000e+00 0.000000000e+00 -2.960119049e-19 
d 6.900000000e+00 6.900000000e+00 0.000000000e+00 0.000000000e+00 0.000000000e+00 -2.932365401e-04 5.000000000e-01 5.000000000e-01 2.932365401e-04 0.000000000e+00 0.000000000e+00 -3.241595923e-19 
d 7.000000000e+00 7.000000000e+00 0.000000000e+00 0.000000000e+00 0.000000000e+00 -3.353266780e-04 5.000000000e-01 5.000000000e-01 3.353266780e-04 0.000000000e+00 0.000000000e+00 -3.176296288e-19 
d 7.100000000e+00 7.100000000e+00 0.000000000e+00 0.000000000e+00 0.000000000e+00 -3.785354825e-04 5.000000000e-01 5.000000000e-01 3.785354825e-04 0.000000000e+00 0.000000000e+00 -3.516351573e-19 
d 7.200000000e+00 7.200000000e+00 0.000000000e+00 0.000000000e+00 0.000000000e+00 -4.224996102e-04 5.000000000e-01 5.000000000e-01 4.224996102e-04 0.000000000e+00 0.000000000e+00 -3.115950367e-19 
d 7.300000000e+00 7.300000000e+00 0.000000000e+00 0.000000000e+00 0.000000000e+00 -4.668775879e-04 5.000000000e-01 5.000000000e-01 4.668775879e-04 0.000000000e+00 0.000000000e+00 -3.514549342e-19 
d 7.400000000e+00 7.400000000e+00 0.000000000e+00 0.000000000e+00 0.000000000e+00 -5.113624543e-04 5.000000000e-01 5.000000000e-01 5.113624543e-04 0.000000000e+00 0.000000000e+00 -3.358289217e-19 
d 7.500000000e+00 7.500000000e+00 0.000000000e+00 0.000000000e+00 0.000000000e+00 -5.556926875e-04 5.000000000e-01 5.000000000e-01 5.556926875e-04 0.000000000e+00 0.000000000e+00 -2.904677077e-19 
d 7.600000000e+00 7.600000000e+00 0.000000000e+00 0.000000000e+00 0.000000000e+00 -5.996586591e-04 5.000000000e-01 5.000000000e-01 5.996586591e-04 0.000000000e+00 0.000000000e+00 -3.359173599e-19 
d 7.700000000e+00 7.700000000e+00 0.000000000e+00 0.000000000e+00 0.000000000e+00 -6.431034984e-04 5.000000000e-01 5.000000000e-01 6.431034984e-04 0.000000000e+00 0.000000000e+00 -3.341409423e-19 
d 7.800000000e+00 7.800000000e+00 0.000000000e+00 0.000000000e+00 0.000000000e+00 -6.859190341e-04 5.000000000e-01 5.000000000e-01 6.859190341e-04 0.000000000e+00 0.000000000e+00 -2.940112301e-19 
d 7.900000000e+00 7.900000000e+00 0.000000000e+00 0.000000000e+00 0.000000000e+00 -7.280385650e-04 5.000000000e-01 5.000000000e-01 7.280385650e-04 0.000000000e+00 0.000000000e+00 -3.258253160e-19 
d 8.000000000e+00 8.000000000e+00 0.000000000e+00 0.000000000e+00 0.000000000e+00 -7.694283833e-04 5.000000000e-01 5.000000000e-01 7.694283833e-04 0.000000000e+00 0.000000000e+00 -3.316778135e-19 
d 8.100000000e+00 8.100000000e+00 0.000000000e+00 0.000000000e+00 0.000000000e+00 -8.100795259e-04 5.000000000e-01 5.000000000e-01 8.100795259e-04 0.000000000e+00 0.000000000e+00 -3.022884421e-19 
d 8.200000000e+00 8.200000000e+00 0.000000000e+00 0.000000000e+00 0.000000000e+00 -8.500006021e-04 5.000000000e-01 5.000000000e-01 8.500006021e-04 0.000000000e+00 0.000000000e+00 -3.312799108e-19 
d 8.300000000e+00 8.300000000e+00 0.000000000e+00 0.000000000e+00 0.000000000e+00 -8.892120144e-04 5.000000000e-01 5.000000000e-01 8.892120144e-04 0.000000000e+00 0.000000000e+00 -3.547589519e-19 
d 8.400000000e+00 8.400000000e+00 0.000000000e+00 0.000000000e+00 0.000000000e+00 -9.277415557e-04 5.000000000e-01 5.000000000e-01 9.277415557e-04 0.000000000e+00 0.000000000e+00 -3.480965502e-19 
d 8.500000000e+00 8.500000000e+00 0.000000000e+00 0.000000000e+00 0.000000000e+00 -9.656211953e-04 5.000000000e-01 5.000000000e-01 9.656211953e-04 0.000000000e+00 0.000000000e+00 -3.476507597e-19 
d 8.600000000e+00 8.600000000e+00 0.000000000e+00 0.000000000e+00 0.000000000e+00 -1.002884819e-03 5.000000000e-01 5.000000000e-01 1.002884819e-03 0.000000000e+00 0.000000000e+00 -3.103332201e-19 
d 8.700000000e+00 8.700000000e+00 0.000000000e+00 0.000000000e+00 0.000000000e+00 -1.039566690e-03 5.000000000e-01 5.000000000e-01 1.039566690e-03 0.000000000e+00 0.000000000e+00 -3.328261203e-19 
d 8.800000000e+00 8.800000000e+00 0.000000000e+00 0.000000000e+00 0.000000000e+00 -1.075700448e-03 5.000000000e-01 5.000000000e-01 1.075700448e-03 0.000000000e+00 0.000000000e+00 -3.289523447e-19 
d 8.900000000e+00 8.900000000e+00 0.000000000e+00 0.000000000e+00 0.000000000e+00 -1.111318478e-03 5.000000000e-01 5.000000000e-01 1.111318478e-03 0.000000000e+00 0.000000000e+00 -3.352738159e-19 
d 9.000000000e+00 9.000000000e+00 0.000000000e+00 0.000000000e+00 0.000000000e+00 -1.146451545e-03 5.000000000e-01 5.000000000e-01 1.146451545e-03 0.000000000e+00 0.000000000e+00 -3.213482242e-19 
d 9.100000000e+00 9.100000000e+00 0.000000000e+00 0.000000000e+00 0.000000000e+00 -1.181128616e-03 5.000000000e-01 5.000000000e-01 1.181128616e-03 0.000000000e+00 0.000000000e+00 -3.033914193e-19 
d 9.200000000e+00 9.200000000e+00 0.000000000e+00 0.000000000e+00 0.000000000e+00 -1.215376785e-03 5.000000000e-01 5.000000000e-01 1.215376785e-03 0.000000000e+00 0.000000000e+00 -3.766066877e-19 
d 9.300000000e+00 9.300000000e+00 0.000000000e+00 0.000000000e+00 0.000000000e+00 -1.249221294e-03 5.000000000e-01 5.000000000e-01 1.249221294e-03 0.000000000e+00 0.000000000e+00 -3.660897695e-19 
d 9.400000000e+00 9.400000000e+00 0.000000000e+00 0.000000000e+00 0.000000000e+00 -1.282685590e-03 5.000000000e-01 5.000000000e-01 1.282685590e-03 0.000000000e+00 0.000000000e+00 -3.167652633e-19 
d 9.500000000e+00 9.500000000e+00 0.000000000e+00 0.000000000e+00 0.000000000e+00 -1.315791413e-03 5.000000000e-01 5.000000000e-01 1.315791413e-03 0.000000000e+00 0.000000000e+00 -2.893144507e-19 
d 9.600000000e+00 9.600000000e+00 0.000000000e+00 0.000000000e+00 0.000000000e+00 -1.348558900e-03 5.000000000e-01 5.000000000e-01 1.348558900e-03 0.000000000e+00 0.000000000e+00 -3.147409364e-19 
d 9.700000000e+00 9.700000000e+00 0.000000000e+00 0.000000000e+00 0.000000000e+00 -1.381006698e-03 5.000000000e-01 5.000000000e-01 1.381006698e-03 0.000000000e+00 0.000000000e+00 -3.309359198e-19 
d 9.800000000e+00 9.800000000e+00 0.000000000e+00 0.000000000e+00 0.000000000e+00 -1.413152072e-03 5.000000000e-01 5.000000000e-01 1.413152072e-03 0.000000000e+00 0.000000000e+00 -3.444775523e-19 
d 9.900000000e+00 9.900000000e+00 0.000000000e+00 0.000000000e+00 0.000000000e+00 -1.445011015e-03 5.000000000e-01 5.000000000e-01 1.445011015e-03 0.000000000e+00 0.000000000e+00 -3.296656923e-19 
d 1.000000000e+01 1.000000000e+01 0.000000000e+00 0.000000000e+00 0.000000000e+00 -1.476598347e-03 5.000000000e-01 5.000000000e-01 1.476598347e-03 0.000000000e+00 0.000000000e+00 -3.426942222e-19 
