v ATLAS
# This file was created by ATLAS version 5.26.1.R on Thu Apr 19 19:08:48 2018.
#SSF 2.0 generic
##############################################################################
#                    Copyright (c) 1984 - 2018                               #
#                    Silvaco Inc. All rights reserved                        #
#                                                                            #
# This file format and the following Key are copyright Silvaco Inc.          #
# You may not use, this format or key without reproducing this message in    #
# full and obtaining express written permission from Silvaco Inc.            #
#                                                                            #
# To obtain such permission please contact: Silvaco Inc.                     #
#                                           support@silvaco.com              #
#                                                                            #
# KEY=SVC86hn7562asdx                       PROD=345                         #
##############################################################################
y 3 700 711 15
z 0.1 0.03 300
f 4 "gate" "source" "drain" "substrate" 
p 12 2 601 20 3 602 21 4 603 22 5 604 23 
d 1.000000000e-01 1.000000000e-01 0.000000000e+00 0.000000000e+00 0.000000000e+00 -1.929917016e-16 5.000000000e-01 5.000000000e-01 1.106996986e-16 0.000000000e+00 0.000000000e+00 -3.038539988e-19 
d 2.000000000e-01 2.000000000e-01 0.000000000e+00 0.000000000e+00 0.000000000e+00 -1.144582819e-16 5.000000000e-01 5.000000000e-01 1.266143522e-15 0.000000000e+00 0.000000000e+00 -3.070709291e-19 
d 3.000000000e-01 3.000000000e-01 0.000000000e+00 0.000000000e+00 0.000000000e+00 -1.934094326e-16 5.000000000e-01 5.000000000e-01 -7.151544011e-16 0.000000000e+00 0.000000000e+00 -3.001404104e-19 
d 4.000000000e-01 4.000000000e-01 0.000000000e+00 0.000000000e+00 0.000000000e+00 -1.136228200e-16 5.000000000e-01 5.000000000e-01 5.935966835e-16 0.000000000e+00 0.000000000e+00 -3.026945764e-19 
d 5.000000000e-01 5.000000000e-01 0.000000000e+00 0.000000000e+00 0.000000000e+00 -2.209796756e-16 5.000000000e-01 5.000000000e-01 1.186356910e-15 0.000000000e+00 0.000000000e+00 -3.327847956e-19 
d 6.000000000e-01 6.000000000e-01 0.000000000e+00 0.000000000e+00 0.000000000e+00 -1.946626254e-16 5.000000000e-01 5.000000000e-01 -1.085264028e-15 0.000000000e+00 0.000000000e+00 -3.311067454e-19 
d 7.000000000e-01 7.000000000e-01 0.000000000e+00 0.000000000e+00 0.000000000e+00 -2.757024309e-16 5.000000000e-01 5.000000000e-01 -5.505684046e-16 0.000000000e+00 0.000000000e+00 -2.675238450e-19 
d 8.000000000e-01 8.000000000e-01 0.000000000e+00 0.000000000e+00 0.000000000e+00 -1.950803564e-16 5.000000000e-01 5.000000000e-01 -7.690416945e-16 0.000000000e+00 0.000000000e+00 -3.045493651e-19 
d 9.000000000e-01 9.000000000e-01 0.000000000e+00 0.000000000e+00 0.000000000e+00 -3.024372120e-16 5.000000000e-01 5.000000000e-01 2.363940474e-15 0.000000000e+00 0.000000000e+00 -3.360678341e-19 
d 1.000000000e+00 1.000000000e+00 0.000000000e+00 0.000000000e+00 0.000000000e+00 -3.024372120e-16 5.000000000e-01 5.000000000e-01 1.921572349e-16 0.000000000e+00 0.000000000e+00 -3.420392030e-19 
d 1.100000000e+00 1.100000000e+00 0.000000000e+00 0.000000000e+00 0.000000000e+00 -2.752846999e-16 5.000000000e-01 5.000000000e-01 8.388047545e-16 0.000000000e+00 0.000000000e+00 -3.206277616e-19 
d 1.200000000e+00 1.200000000e+00 0.000000000e+00 0.000000000e+00 0.000000000e+00 -3.304251861e-16 5.000000000e-01 5.000000000e-01 6.291038147e-16 0.000000000e+00 0.000000000e+00 -3.373589538e-19 
d 1.300000000e+00 1.300000000e+00 0.000000000e+00 0.000000000e+00 0.000000000e+00 -1.441171798e-16 5.000000000e-01 5.000000000e-01 1.530984948e-15 0.000000000e+00 0.000000000e+00 -3.323165519e-19 
d 1.400000000e+00 1.400000000e+00 0.000000000e+00 0.000000000e+00 0.000000000e+00 -3.041081359e-16 5.000000000e-01 5.000000000e-01 8.621976880e-16 0.000000000e+00 0.000000000e+00 -3.254386564e-19 
d 1.500000000e+00 1.500000000e+00 0.000000000e+00 0.000000000e+00 0.000000000e+00 -3.308429170e-16 5.000000000e-01 5.000000000e-01 5.413803139e-16 0.000000000e+00 0.000000000e+00 -3.016314872e-19 
d 1.600000000e+00 1.600000000e+00 0.000000000e+00 0.000000000e+00 0.000000000e+00 -3.041081359e-16 5.000000000e-01 5.000000000e-01 1.028036877e-15 0.000000000e+00 0.000000000e+00 -2.974567184e-19 
d 1.700000000e+00 1.700000000e+00 0.000000000e+00 0.000000000e+00 0.000000000e+00 -3.325138408e-16 5.000000000e-01 5.000000000e-01 1.474600225e-16 0.000000000e+00 0.000000000e+00 -3.367278922e-19 
d 1.800000000e+00 1.800000000e+00 0.000000000e+00 0.000000000e+00 0.000000000e+00 -3.320961099e-16 5.000000000e-01 5.000000000e-01 -8.951964432e-16 0.000000000e+00 0.000000000e+00 -3.233750771e-19 
d 1.900000000e+00 1.900000000e+00 0.000000000e+00 0.000000000e+00 0.000000000e+00 -3.596663530e-16 5.000000000e-01 5.000000000e-01 -2.255737210e-16 0.000000000e+00 0.000000000e+00 -3.231786976e-19 
d 2.000000000e+00 2.000000000e+00 0.000000000e+00 0.000000000e+00 0.000000000e+00 -2.548158831e-16 5.000000000e-01 5.000000000e-01 -3.316773838e-16 0.000000000e+00 0.000000000e+00 -3.149768907e-19 
d 2.100000000e+00 2.100000000e+00 0.000000000e+00 0.000000000e+00 0.000000000e+00 -4.156423011e-16 5.000000000e-01 5.000000000e-01 1.182188556e-16 0.000000000e+00 0.000000000e+00 -3.238070477e-19 
d 2.200000000e+00 2.200000000e+00 0.000000000e+00 0.000000000e+00 0.000000000e+00 -4.699473253e-16 5.000000000e-01 5.000000000e-01 8.951984334e-16 0.000000000e+00 0.000000000e+00 -3.261106656e-19 
d 2.300000000e+00 2.300000000e+00 0.000000000e+00 0.000000000e+00 0.000000000e+00 -4.983530303e-16 5.000000000e-01 5.000000000e-01 1.059366699e-15 0.000000000e+00 0.000000000e+00 -3.341770075e-19 
d 2.400000000e+00 2.400000000e+00 0.000000000e+00 0.000000000e+00 0.000000000e+00 -4.732891730e-16 5.000000000e-01 5.000000000e-01 1.678861707e-15 0.000000000e+00 0.000000000e+00 -2.956367949e-19 
d 2.500000000e+00 2.500000000e+00 0.000000000e+00 0.000000000e+00 0.000000000e+00 -5.547467094e-16 5.000000000e-01 5.000000000e-01 1.227294543e-15 0.000000000e+00 0.000000000e+00 -3.239995288e-19 
d 2.600000000e+00 2.600000000e+00 0.000000000e+00 0.000000000e+00 0.000000000e+00 -8.793236620e-16 5.000000000e-01 5.000000000e-01 2.160505499e-15 0.000000000e+00 0.000000000e+00 -2.957103853e-19 
d 2.700000000e+00 2.700000000e+00 0.000000000e+00 0.000000000e+00 0.000000000e+00 -8.007902423e-16 5.000000000e-01 5.000000000e-01 1.653797849e-15 0.000000000e+00 0.000000000e+00 -2.966919700e-19 
d 2.800000000e+00 2.800000000e+00 0.000000000e+00 0.000000000e+00 0.000000000e+00 -9.131598695e-16 5.000000000e-01 5.000000000e-01 4.590873155e-16 0.000000000e+00 0.000000000e+00 -3.506050307e-19 
d 2.900000000e+00 2.900000000e+00 0.000000000e+00 0.000000000e+00 0.000000000e+00 -9.440719602e-16 5.000000000e-01 5.000000000e-01 1.074405013e-15 0.000000000e+00 0.000000000e+00 -3.131918947e-19 
d 3.000000000e+00 3.000000000e+00 0.000000000e+00 0.000000000e+00 0.000000000e+00 -1.245673710e-15 5.000000000e-01 5.000000000e-01 1.190951950e-15 0.000000000e+00 0.000000000e+00 -3.223876841e-19 
d 3.100000000e+00 3.100000000e+00 0.000000000e+00 0.000000000e+00 0.000000000e+00 -1.496730015e-15 5.000000000e-01 5.000000000e-01 7.765628419e-16 0.000000000e+00 0.000000000e+00 -3.654955567e-19 
d 3.200000000e+00 3.200000000e+00 0.000000000e+00 0.000000000e+00 0.000000000e+00 -1.721469269e-15 5.000000000e-01 5.000000000e-01 1.558137460e-15 0.000000000e+00 0.000000000e+00 -3.066206957e-19 
d 3.300000000e+00 3.300000000e+00 0.000000000e+00 0.000000000e+00 0.000000000e+00 -2.330103272e-15 5.000000000e-01 5.000000000e-01 2.649250717e-15 0.000000000e+00 0.000000000e+00 -3.033304427e-19 
d 3.400000000e+00 3.400000000e+00 0.000000000e+00 0.000000000e+00 0.000000000e+00 -2.996384146e-15 5.000000000e-01 5.000000000e-01 3.983483390e-15 0.000000000e+00 0.000000000e+00 -3.268144706e-19 
d 3.500000000e+00 3.500000000e+00 0.000000000e+00 0.000000000e+00 0.000000000e+00 -3.970950466e-15 5.000000000e-01 5.000000000e-01 4.069953698e-15 0.000000000e+00 0.000000000e+00 -3.190949027e-19 
d 3.600000000e+00 3.600000000e+00 0.000000000e+00 0.000000000e+00 0.000000000e+00 -5.714559476e-15 5.000000000e-01 5.000000000e-01 5.092559078e-15 0.000000000e+00 0.000000000e+00 -3.518172664e-19 
d 3.700000000e+00 3.700000000e+00 0.000000000e+00 0.000000000e+00 0.000000000e+00 -8.377594319e-15 5.000000000e-01 5.000000000e-01 6.171140406e-15 0.000000000e+00 0.000000000e+00 -3.100970144e-19 
d 3.800000000e+00 3.800000000e+00 0.000000000e+00 0.000000000e+00 0.000000000e+00 -1.288407587e-14 5.000000000e-01 5.000000000e-01 1.236065998e-14 0.000000000e+00 0.000000000e+00 -2.791965998e-19 
d 3.900000000e+00 3.900000000e+00 0.000000000e+00 0.000000000e+00 0.000000000e+00 -2.230641531e-14 5.000000000e-01 5.000000000e-01 2.282941546e-14 0.000000000e+00 0.000000000e+00 -3.174044759e-19 
d 4.000000000e+00 4.000000000e+00 0.000000000e+00 0.000000000e+00 0.000000000e+00 -4.356599685e-14 5.000000000e-01 5.000000000e-01 4.274599197e-14 0.000000000e+00 0.000000000e+00 -3.160556626e-19 
d 4.100000000e+00 4.100000000e+00 0.000000000e+00 0.000000000e+00 0.000000000e+00 -9.113510944e-14 5.000000000e-01 5.000000000e-01 9.136778658e-14 0.000000000e+00 0.000000000e+00 -3.132863634e-19 
d 4.200000000e+00 4.200000000e+00 0.000000000e+00 0.000000000e+00 0.000000000e+00 -2.024416113e-13 5.000000000e-01 5.000000000e-01 2.008575765e-13 0.000000000e+00 0.000000000e+00 -3.009332024e-19 
d 4.300000000e+00 4.300000000e+00 0.000000000e+00 0.000000000e+00 0.000000000e+00 -4.695605065e-13 5.000000000e-01 5.000000000e-01 4.698061333e-13 0.000000000e+00 0.000000000e+00 -3.427354416e-19 
d 4.400000000e+00 4.400000000e+00 0.000000000e+00 0.000000000e+00 0.000000000e+00 -1.139261762e-12 5.000000000e-01 5.000000000e-01 1.140508690e-12 0.000000000e+00 0.000000000e+00 -3.132509978e-19 
d 4.500000000e+00 4.500000000e+00 0.000000000e+00 0.000000000e+00 0.000000000e+00 -2.883277224e-12 5.000000000e-01 5.000000000e-01 2.884500759e-12 0.000000000e+00 0.000000000e+00 -3.080396799e-19 
d 4.600000000e+00 4.600000000e+00 0.000000000e+00 0.000000000e+00 0.000000000e+00 -7.600775568e-12 5.000000000e-01 5.000000000e-01 7.600837811e-12 0.000000000e+00 0.000000000e+00 -2.957408473e-19 
d 4.700000000e+00 4.700000000e+00 0.000000000e+00 0.000000000e+00 0.000000000e+00 -2.080677037e-11 5.000000000e-01 5.000000000e-01 2.080791871e-11 0.000000000e+00 0.000000000e+00 -3.288765722e-19 
d 4.800000000e+00 4.800000000e+00 0.000000000e+00 0.000000000e+00 0.000000000e+00 -5.890614735e-11 5.000000000e-01 5.000000000e-01 5.890538165e-11 0.000000000e+00 0.000000000e+00 -3.155070169e-19 
d 4.900000000e+00 4.900000000e+00 0.000000000e+00 0.000000000e+00 0.000000000e+00 -1.716192149e-10 5.000000000e-01 5.000000000e-01 1.716207517e-10 0.000000000e+00 0.000000000e+00 -3.240639042e-19 
d 5.000000000e+00 5.000000000e+00 0.000000000e+00 0.000000000e+00 0.000000000e+00 -5.114227203e-10 5.000000000e-01 5.000000000e-01 5.114235341e-10 0.000000000e+00 0.000000000e+00 -3.463371608e-19 
d 5.100000000e+00 5.100000000e+00 0.000000000e+00 0.000000000e+00 0.000000000e+00 -1.545862194e-09 5.000000000e-01 5.000000000e-01 1.545862154e-09 0.000000000e+00 0.000000000e+00 -3.049198111e-19 
d 5.200000000e+00 5.200000000e+00 0.000000000e+00 0.000000000e+00 0.000000000e+00 -4.676662444e-09 5.000000000e-01 5.000000000e-01 4.676662946e-09 0.000000000e+00 0.000000000e+00 -2.936378042e-19 
d 5.300000000e+00 5.300000000e+00 0.000000000e+00 0.000000000e+00 0.000000000e+00 -1.386939746e-08 5.000000000e-01 5.000000000e-01 1.386939734e-08 0.000000000e+00 0.000000000e+00 -3.210575082e-19 
d 5.400000000e+00 5.400000000e+00 0.000000000e+00 0.000000000e+00 0.000000000e+00 -3.941051121e-08 5.000000000e-01 5.000000000e-01 3.941051163e-08 0.000000000e+00 0.000000000e+00 -3.113527930e-19 
d 5.500000000e+00 5.500000000e+00 0.000000000e+00 0.000000000e+00 0.000000000e+00 -1.059673158e-07 5.000000000e-01 5.000000000e-01 1.059673149e-07 0.000000000e+00 0.000000000e+00 -3.468259530e-19 
d 5.600000000e+00 5.600000000e+00 0.000000000e+00 0.000000000e+00 0.000000000e+00 -2.695684782e-07 5.000000000e-01 5.000000000e-01 2.695684780e-07 0.000000000e+00 0.000000000e+00 -3.243201363e-19 
d 5.700000000e+00 5.700000000e+00 0.000000000e+00 0.000000000e+00 0.000000000e+00 -6.510246458e-07 5.000000000e-01 5.000000000e-01 6.510246470e-07 0.000000000e+00 0.000000000e+00 -3.060482633e-19 
d 5.800000000e+00 5.800000000e+00 0.000000000e+00 0.000000000e+00 0.000000000e+00 -1.493327173e-06 5.000000000e-01 5.000000000e-01 1.493327173e-06 0.000000000e+00 0.000000000e+00 -3.106769909e-19 
d 5.900000000e+00 5.900000000e+00 0.000000000e+00 0.000000000e+00 0.000000000e+00 -3.238867831e-06 5.000000000e-01 5.000000000e-01 3.238867831e-06 0.000000000e+00 0.000000000e+00 -2.966526836e-19 
d 6.000000000e+00 6.000000000e+00 0.000000000e+00 0.000000000e+00 0.000000000e+00 -6.586651807e-06 5.000000000e-01 5.000000000e-01 6.586651806e-06 0.000000000e+00 0.000000000e+00 -3.134452397e-19 
d 6.100000000e+00 6.100000000e+00 0.000000000e+00 0.000000000e+00 0.000000000e+00 -1.244717209e-05 5.000000000e-01 5.000000000e-01 1.244717209e-05 0.000000000e+00 0.000000000e+00 -3.242963698e-19 
d 6.200000000e+00 6.200000000e+00 0.000000000e+00 0.000000000e+00 0.000000000e+00 -2.174721008e-05 5.000000000e-01 5.000000000e-01 2.174721008e-05 0.000000000e+00 0.000000000e+00 -3.111082821e-19 
d 6.300000000e+00 6.300000000e+00 0.000000000e+00 0.000000000e+00 0.000000000e+00 -3.518209040e-05 5.000000000e-01 5.000000000e-01 3.518209040e-05 0.000000000e+00 0.000000000e+00 -3.121250341e-19 
d 6.400000000e+00 6.400000000e+00 0.000000000e+00 0.000000000e+00 0.000000000e+00 -5.308426865e-05 5.000000000e-01 5.000000000e-01 5.308426865e-05 0.000000000e+00 0.000000000e+00 -3.381013866e-19 
d 6.500000000e+00 6.500000000e+00 0.000000000e+00 0.000000000e+00 0.000000000e+00 -7.545343901e-05 5.000000000e-01 5.000000000e-01 7.545343901e-05 0.000000000e+00 0.000000000e+00 -3.192220296e-19 
d 6.600000000e+00 6.600000000e+00 0.000000000e+00 0.000000000e+00 0.000000000e+00 -1.020643409e-04 5.000000000e-01 5.000000000e-01 1.020643409e-04 0.000000000e+00 0.000000000e+00 -3.348762312e-19 
d 6.700000000e+00 6.700000000e+00 0.000000000e+00 0.000000000e+00 0.000000000e+00 -1.325688931e-04 5.000000000e-01 5.000000000e-01 1.325688931e-04 0.000000000e+00 0.000000000e+00 -3.276416538e-19 
d 6.800000000e+00 6.800000000e+00 0.000000000e+00 0.000000000e+00 0.000000000e+00 -1.665626268e-04 5.000000000e-01 5.000000000e-01 1.665626268e-04 0.000000000e+00 0.000000000e+00 -2.932826420e-19 
d 6.900000000e+00 6.900000000e+00 0.000000000e+00 0.000000000e+00 0.000000000e+00 -2.036181456e-04 5.000000000e-01 5.000000000e-01 2.036181456e-04 0.000000000e+00 0.000000000e+00 -3.196571557e-19 
d 7.000000000e+00 7.000000000e+00 0.000000000e+00 0.000000000e+00 0.000000000e+00 -2.432977359e-04 5.000000000e-01 5.000000000e-01 2.432977359e-04 0.000000000e+00 0.000000000e+00 -3.062063184e-19 
d 7.100000000e+00 7.100000000e+00 0.000000000e+00 0.000000000e+00 0.000000000e+00 -2.851568816e-04 5.000000000e-01 5.000000000e-01 2.851568816e-04 0.000000000e+00 0.000000000e+00 -3.195761116e-19 
d 7.200000000e+00 7.200000000e+00 0.000000000e+00 0.000000000e+00 0.000000000e+00 -3.287472206e-04 5.000000000e-01 5.000000000e-01 3.287472206e-04 0.000000000e+00 0.000000000e+00 -3.266711915e-19 
d 7.300000000e+00 7.300000000e+00 0.000000000e+00 0.000000000e+00 0.000000000e+00 -3.736236415e-04 5.000000000e-01 5.000000000e-01 3.736236415e-04 0.000000000e+00 0.000000000e+00 -3.311618765e-19 
d 7.400000000e+00 7.400000000e+00 0.000000000e+00 0.000000000e+00 0.000000000e+00 -4.193566094e-04 5.000000000e-01 5.000000000e-01 4.193566094e-04 0.000000000e+00 0.000000000e+00 -3.011257435e-19 
d 7.500000000e+00 7.500000000e+00 0.000000000e+00 0.000000000e+00 0.000000000e+00 -4.655478105e-04 5.000000000e-01 5.000000000e-01 4.655478105e-04 0.000000000e+00 0.000000000e+00 -3.256458096e-19 
d 7.600000000e+00 7.600000000e+00 0.000000000e+00 0.000000000e+00 0.000000000e+00 -5.118453716e-04 5.000000000e-01 5.000000000e-01 5.118453716e-04 0.000000000e+00 0.000000000e+00 -3.183909171e-19 
d 7.700000000e+00 7.700000000e+00 0.000000000e+00 0.000000000e+00 0.000000000e+00 -5.579548595e-04 5.000000000e-01 5.000000000e-01 5.579548595e-04 0.000000000e+00 0.000000000e+00 -3.212254102e-19 
d 7.800000000e+00 7.800000000e+00 0.000000000e+00 0.000000000e+00 0.000000000e+00 -6.036439124e-04 5.000000000e-01 5.000000000e-01 6.036439124e-04 0.000000000e+00 0.000000000e+00 -3.154857220e-19 
d 7.900000000e+00 7.900000000e+00 0.000000000e+00 0.000000000e+00 0.000000000e+00 -6.487405912e-04 5.000000000e-01 5.000000000e-01 6.487405912e-04 0.000000000e+00 0.000000000e+00 -3.223336881e-19 
d 8.000000000e+00 8.000000000e+00 0.000000000e+00 0.000000000e+00 0.000000000e+00 -6.931271110e-04 5.000000000e-01 5.000000000e-01 6.931271110e-04 0.000000000e+00 0.000000000e+00 -2.847597494e-19 
d 8.100000000e+00 8.100000000e+00 0.000000000e+00 0.000000000e+00 0.000000000e+00 -7.367310847e-04 5.000000000e-01 5.000000000e-01 7.367310847e-04 0.000000000e+00 0.000000000e+00 -3.049022259e-19 
d 8.200000000e+00 8.200000000e+00 0.000000000e+00 0.000000000e+00 0.000000000e+00 -7.795160984e-04 5.000000000e-01 5.000000000e-01 7.795160984e-04 0.000000000e+00 0.000000000e+00 -3.321768468e-19 
d 8.300000000e+00 8.300000000e+00 0.000000000e+00 0.000000000e+00 0.000000000e+00 -8.214728431e-04 5.000000000e-01 5.000000000e-01 8.214728431e-04 0.000000000e+00 0.000000000e+00 -3.260959207e-19 
d 8.400000000e+00 8.400000000e+00 0.000000000e+00 0.000000000e+00 0.000000000e+00 -8.626114541e-04 5.000000000e-01 5.000000000e-01 8.626114541e-04 0.000000000e+00 0.000000000e+00 -3.297995606e-19 
d 8.500000000e+00 8.500000000e+00 0.000000000e+00 0.000000000e+00 0.000000000e+00 -9.029552922e-04 5.000000000e-01 5.000000000e-01 9.029552922e-04 0.000000000e+00 0.000000000e+00 -3.425232998e-19 
d 8.600000000e+00 8.600000000e+00 0.000000000e+00 0.000000000e+00 0.000000000e+00 -9.425361315e-04 5.000000000e-01 5.000000000e-01 9.425361315e-04 0.000000000e+00 0.000000000e+00 -3.366805807e-19 
d 8.700000000e+00 8.700000000e+00 0.000000000e+00 0.000000000e+00 0.000000000e+00 -9.813905838e-04 5.000000000e-01 5.000000000e-01 9.813905838e-04 0.000000000e+00 0.000000000e+00 -3.509751394e-19 
d 8.800000000e+00 8.800000000e+00 0.000000000e+00 0.000000000e+00 0.000000000e+00 -1.019557535e-03 5.000000000e-01 5.000000000e-01 1.019557535e-03 0.000000000e+00 0.000000000e+00 -2.915300616e-19 
d 8.900000000e+00 8.900000000e+00 0.000000000e+00 0.000000000e+00 0.000000000e+00 -1.057076370e-03 5.000000000e-01 5.000000000e-01 1.057076370e-03 0.000000000e+00 0.000000000e+00 -3.341170017e-19 
d 9.000000000e+00 9.000000000e+00 0.000000000e+00 0.000000000e+00 0.000000000e+00 -1.093985793e-03 5.000000000e-01 5.000000000e-01 1.093985793e-03 0.000000000e+00 0.000000000e+00 -3.372829432e-19 
d 9.100000000e+00 9.100000000e+00 0.000000000e+00 0.000000000e+00 0.000000000e+00 -1.130323079e-03 5.000000000e-01 5.000000000e-01 1.130323079e-03 0.000000000e+00 0.000000000e+00 -3.232609228e-19 
d 9.200000000e+00 9.200000000e+00 0.000000000e+00 0.000000000e+00 0.000000000e+00 -1.166123630e-03 5.000000000e-01 5.000000000e-01 1.166123630e-03 0.000000000e+00 0.000000000e+00 -3.164766315e-19 
d 9.300000000e+00 9.300000000e+00 0.000000000e+00 0.000000000e+00 0.000000000e+00 -1.201420745e-03 5.000000000e-01 5.000000000e-01 1.201420745e-03 0.000000000e+00 0.000000000e+00 -2.889863890e-19 
d 9.400000000e+00 9.400000000e+00 0.000000000e+00 0.000000000e+00 0.000000000e+00 -1.236245538e-03 5.000000000e-01 5.000000000e-01 1.236245538e-03 0.000000000e+00 0.000000000e+00 -3.563905171e-19 
d 9.500000000e+00 9.500000000e+00 0.000000000e+00 0.000000000e+00 0.000000000e+00 -1.270626943e-03 5.000000000e-01 5.000000000e-01 1.270626943e-03 0.000000000e+00 0.000000000e+00 -3.337392375e-19 
d 9.600000000e+00 9.600000000e+00 0.000000000e+00 0.000000000e+00 0.000000000e+00 -1.304591784e-03 5.000000000e-01 5.000000000e-01 1.304591784e-03 0.000000000e+00 0.000000000e+00 -3.033346999e-19 
d 9.700000000e+00 9.700000000e+00 0.000000000e+00 0.000000000e+00 0.000000000e+00 -1.338164880e-03 5.000000000e-01 5.000000000e-01 1.338164880e-03 0.000000000e+00 0.000000000e+00 -2.827185013e-19 
d 9.800000000e+00 9.800000000e+00 0.000000000e+00 0.000000000e+00 0.000000000e+00 -1.371369167e-03 5.000000000e-01 5.000000000e-01 1.371369167e-03 0.000000000e+00 0.000000000e+00 -3.196198129e-19 
d 9.900000000e+00 9.900000000e+00 0.000000000e+00 0.000000000e+00 0.000000000e+00 -1.404225830e-03 5.000000000e-01 5.000000000e-01 1.404225830e-03 0.000000000e+00 0.000000000e+00 -3.566721504e-19 
d 1.000000000e+01 1.000000000e+01 0.000000000e+00 0.000000000e+00 0.000000000e+00 -1.436754434e-03 5.000000000e-01 5.000000000e-01 1.436754434e-03 0.000000000e+00 0.000000000e+00 -3.383447499e-19 
