v ATLAS
# This file was created by ATLAS version 5.26.1.R on Thu Apr 19 19:06:45 2018.
#SSF 2.0 generic
##############################################################################
#                    Copyright (c) 1984 - 2018                               #
#                    Silvaco Inc. All rights reserved                        #
#                                                                            #
# This file format and the following Key are copyright Silvaco Inc.          #
# You may not use, this format or key without reproducing this message in    #
# full and obtaining express written permission from Silvaco Inc.            #
#                                                                            #
# To obtain such permission please contact: Silvaco Inc.                     #
#                                           support@silvaco.com              #
#                                                                            #
# KEY=SVC86hn7562asdx                       PROD=345                         #
##############################################################################
y 3 700 711 15
z 0.1 0.03 300
f 4 "gate" "source" "drain" "substrate" 
p 12 2 601 20 3 602 21 4 603 22 5 604 23 
d 1.000000000e-01 1.000000000e-01 0.000000000e+00 0.000000000e+00 0.000000000e+00 -3.211962030e-10 5.000000000e-01 5.000000000e-01 3.211968889e-10 0.000000000e+00 0.000000000e+00 -3.024152037e-19 
d 2.000000000e-01 2.000000000e-01 0.000000000e+00 0.000000000e+00 0.000000000e+00 -1.194936228e-09 5.000000000e-01 5.000000000e-01 1.194936620e-09 0.000000000e+00 0.000000000e+00 -3.244477655e-19 
d 3.000000000e-01 3.000000000e-01 0.000000000e+00 0.000000000e+00 0.000000000e+00 -4.445085818e-09 5.000000000e-01 5.000000000e-01 4.445084072e-09 0.000000000e+00 0.000000000e+00 -3.422079845e-19 
d 4.000000000e-01 4.000000000e-01 0.000000000e+00 0.000000000e+00 0.000000000e+00 -1.639293932e-08 5.000000000e-01 5.000000000e-01 1.639293861e-08 0.000000000e+00 0.000000000e+00 -3.196453185e-19 
d 5.000000000e-01 5.000000000e-01 0.000000000e+00 0.000000000e+00 0.000000000e+00 -5.934307618e-08 5.000000000e-01 5.000000000e-01 5.934307698e-08 0.000000000e+00 0.000000000e+00 -3.470178120e-19 
d 6.000000000e-01 6.000000000e-01 0.000000000e+00 0.000000000e+00 0.000000000e+00 -2.079540504e-07 5.000000000e-01 5.000000000e-01 2.079540505e-07 0.000000000e+00 0.000000000e+00 -3.054121657e-19 
d 7.000000000e-01 7.000000000e-01 0.000000000e+00 0.000000000e+00 0.000000000e+00 -6.900169499e-07 5.000000000e-01 5.000000000e-01 6.900169498e-07 0.000000000e+00 0.000000000e+00 -3.097669849e-19 
d 8.000000000e-01 8.000000000e-01 0.000000000e+00 0.000000000e+00 0.000000000e+00 -2.095246171e-06 5.000000000e-01 5.000000000e-01 2.095246170e-06 0.000000000e+00 0.000000000e+00 -3.242355552e-19 
d 9.000000000e-01 9.000000000e-01 0.000000000e+00 0.000000000e+00 0.000000000e+00 -5.582861813e-06 5.000000000e-01 5.000000000e-01 5.582861815e-06 0.000000000e+00 0.000000000e+00 -3.092977501e-19 
d 1.000000000e+00 1.000000000e+00 0.000000000e+00 0.000000000e+00 0.000000000e+00 -1.266257213e-05 5.000000000e-01 5.000000000e-01 1.266257213e-05 0.000000000e+00 0.000000000e+00 -3.001841231e-19 
d 1.100000000e+00 1.100000000e+00 0.000000000e+00 0.000000000e+00 0.000000000e+00 -2.443301196e-05 5.000000000e-01 5.000000000e-01 2.443301196e-05 0.000000000e+00 0.000000000e+00 -2.937231243e-19 
d 1.200000000e+00 1.200000000e+00 0.000000000e+00 0.000000000e+00 0.000000000e+00 -4.105911856e-05 5.000000000e-01 5.000000000e-01 4.105911856e-05 0.000000000e+00 0.000000000e+00 -3.345217748e-19 
d 1.300000000e+00 1.300000000e+00 0.000000000e+00 0.000000000e+00 0.000000000e+00 -6.192675838e-05 5.000000000e-01 5.000000000e-01 6.192675838e-05 0.000000000e+00 0.000000000e+00 -3.351701319e-19 
d 1.400000000e+00 1.400000000e+00 0.000000000e+00 0.000000000e+00 0.000000000e+00 -8.608743988e-05 5.000000000e-01 5.000000000e-01 8.608743988e-05 0.000000000e+00 0.000000000e+00 -3.140731082e-19 
d 1.500000000e+00 1.500000000e+00 0.000000000e+00 0.000000000e+00 0.000000000e+00 -1.126187026e-04 5.000000000e-01 5.000000000e-01 1.126187026e-04 0.000000000e+00 0.000000000e+00 -2.932609835e-19 
d 1.600000000e+00 1.600000000e+00 0.000000000e+00 0.000000000e+00 0.000000000e+00 -1.407822106e-04 5.000000000e-01 5.000000000e-01 1.407822106e-04 0.000000000e+00 0.000000000e+00 -3.266877450e-19 
d 1.700000000e+00 1.700000000e+00 0.000000000e+00 0.000000000e+00 0.000000000e+00 -1.700326127e-04 5.000000000e-01 5.000000000e-01 1.700326127e-04 0.000000000e+00 0.000000000e+00 -3.012559705e-19 
d 1.800000000e+00 1.800000000e+00 0.000000000e+00 0.000000000e+00 0.000000000e+00 -1.999746857e-04 5.000000000e-01 5.000000000e-01 1.999746858e-04 0.000000000e+00 0.000000000e+00 -3.289995855e-19 
d 1.900000000e+00 1.900000000e+00 0.000000000e+00 0.000000000e+00 0.000000000e+00 -2.303212925e-04 5.000000000e-01 5.000000000e-01 2.303212925e-04 0.000000000e+00 0.000000000e+00 -3.558689103e-19 
d 2.000000000e+00 2.000000000e+00 0.000000000e+00 0.000000000e+00 0.000000000e+00 -2.608640509e-04 5.000000000e-01 5.000000000e-01 2.608640509e-04 0.000000000e+00 0.000000000e+00 -3.270996556e-19 
d 2.100000000e+00 2.100000000e+00 0.000000000e+00 0.000000000e+00 0.000000000e+00 -2.914539830e-04 5.000000000e-01 5.000000000e-01 2.914539830e-04 0.000000000e+00 0.000000000e+00 -3.442191789e-19 
d 2.200000000e+00 2.200000000e+00 0.000000000e+00 0.000000000e+00 0.000000000e+00 -3.219878138e-04 5.000000000e-01 5.000000000e-01 3.219878138e-04 0.000000000e+00 0.000000000e+00 -2.996850382e-19 
d 2.300000000e+00 2.300000000e+00 0.000000000e+00 0.000000000e+00 0.000000000e+00 -3.523972406e-04 5.000000000e-01 5.000000000e-01 3.523972406e-04 0.000000000e+00 0.000000000e+00 -3.141462101e-19 
d 2.400000000e+00 2.400000000e+00 0.000000000e+00 0.000000000e+00 0.000000000e+00 -3.826400684e-04 5.000000000e-01 5.000000000e-01 3.826400684e-04 0.000000000e+00 0.000000000e+00 -2.936238779e-19 
d 2.500000000e+00 2.500000000e+00 0.000000000e+00 0.000000000e+00 0.000000000e+00 -4.126929130e-04 5.000000000e-01 5.000000000e-01 4.126929130e-04 0.000000000e+00 0.000000000e+00 -3.025729661e-19 
d 2.600000000e+00 2.600000000e+00 0.000000000e+00 0.000000000e+00 0.000000000e+00 -4.425454071e-04 5.000000000e-01 5.000000000e-01 4.425454071e-04 0.000000000e+00 0.000000000e+00 -3.261549127e-19 
d 2.700000000e+00 2.700000000e+00 0.000000000e+00 0.000000000e+00 0.000000000e+00 -4.721958027e-04 5.000000000e-01 5.000000000e-01 4.721958027e-04 0.000000000e+00 0.000000000e+00 -3.278082780e-19 
d 2.800000000e+00 2.800000000e+00 0.000000000e+00 0.000000000e+00 0.000000000e+00 -5.016477787e-04 5.000000000e-01 5.000000000e-01 5.016477787e-04 0.000000000e+00 0.000000000e+00 -3.291540814e-19 
d 2.900000000e+00 2.900000000e+00 0.000000000e+00 0.000000000e+00 0.000000000e+00 -5.309082125e-04 5.000000000e-01 5.000000000e-01 5.309082125e-04 0.000000000e+00 0.000000000e+00 -3.234614565e-19 
d 3.000000000e+00 3.000000000e+00 0.000000000e+00 0.000000000e+00 0.000000000e+00 -5.599856817e-04 5.000000000e-01 5.000000000e-01 5.599856817e-04 0.000000000e+00 0.000000000e+00 -3.144529866e-19 
d 3.100000000e+00 3.100000000e+00 0.000000000e+00 0.000000000e+00 0.000000000e+00 -5.888894885e-04 5.000000000e-01 5.000000000e-01 5.888894885e-04 0.000000000e+00 0.000000000e+00 -3.280839881e-19 
d 3.200000000e+00 3.200000000e+00 0.000000000e+00 0.000000000e+00 0.000000000e+00 -6.176290490e-04 5.000000000e-01 5.000000000e-01 6.176290490e-04 0.000000000e+00 0.000000000e+00 -3.261611372e-19 
d 3.300000000e+00 3.300000000e+00 0.000000000e+00 0.000000000e+00 0.000000000e+00 -6.462135269e-04 5.000000000e-01 5.000000000e-01 6.462135269e-04 0.000000000e+00 0.000000000e+00 -3.112341441e-19 
d 3.400000000e+00 3.400000000e+00 0.000000000e+00 0.000000000e+00 0.000000000e+00 -6.746516291e-04 5.000000000e-01 5.000000000e-01 6.746516291e-04 0.000000000e+00 0.000000000e+00 -3.030881903e-19 
d 3.500000000e+00 3.500000000e+00 0.000000000e+00 0.000000000e+00 0.000000000e+00 -7.029515035e-04 5.000000000e-01 5.000000000e-01 7.029515035e-04 0.000000000e+00 0.000000000e+00 -3.184998886e-19 
d 3.600000000e+00 3.600000000e+00 0.000000000e+00 0.000000000e+00 0.000000000e+00 -7.311207022e-04 5.000000000e-01 5.000000000e-01 7.311207022e-04 0.000000000e+00 0.000000000e+00 -3.505853021e-19 
d 3.700000000e+00 3.700000000e+00 0.000000000e+00 0.000000000e+00 0.000000000e+00 -7.591661833e-04 5.000000000e-01 5.000000000e-01 7.591661833e-04 0.000000000e+00 0.000000000e+00 -3.421818354e-19 
d 3.800000000e+00 3.800000000e+00 0.000000000e+00 0.000000000e+00 0.000000000e+00 -7.870943349e-04 5.000000000e-01 5.000000000e-01 7.870943349e-04 0.000000000e+00 0.000000000e+00 -3.331147144e-19 
d 3.900000000e+00 3.900000000e+00 0.000000000e+00 0.000000000e+00 0.000000000e+00 -8.149110114e-04 5.000000000e-01 5.000000000e-01 8.149110114e-04 0.000000000e+00 0.000000000e+00 -3.161940311e-19 
d 4.000000000e+00 4.000000000e+00 0.000000000e+00 0.000000000e+00 0.000000000e+00 -8.426215750e-04 5.000000000e-01 5.000000000e-01 8.426215750e-04 0.000000000e+00 0.000000000e+00 -3.247689493e-19 
d 4.100000000e+00 4.100000000e+00 0.000000000e+00 0.000000000e+00 0.000000000e+00 -8.702309381e-04 5.000000000e-01 5.000000000e-01 8.702309381e-04 0.000000000e+00 0.000000000e+00 -3.450205222e-19 
d 4.200000000e+00 4.200000000e+00 0.000000000e+00 0.000000000e+00 0.000000000e+00 -8.977436056e-04 5.000000000e-01 5.000000000e-01 8.977436056e-04 0.000000000e+00 0.000000000e+00 -3.160636778e-19 
d 4.300000000e+00 4.300000000e+00 0.000000000e+00 0.000000000e+00 0.000000000e+00 -9.251637135e-04 5.000000000e-01 5.000000000e-01 9.251637135e-04 0.000000000e+00 0.000000000e+00 -3.230559998e-19 
d 4.400000000e+00 4.400000000e+00 0.000000000e+00 0.000000000e+00 0.000000000e+00 -9.524950656e-04 5.000000000e-01 5.000000000e-01 9.524950656e-04 0.000000000e+00 0.000000000e+00 -3.155658836e-19 
d 4.500000000e+00 4.500000000e+00 0.000000000e+00 0.000000000e+00 0.000000000e+00 -9.797411667e-04 5.000000000e-01 5.000000000e-01 9.797411667e-04 0.000000000e+00 0.000000000e+00 -3.240359041e-19 
d 4.600000000e+00 4.600000000e+00 0.000000000e+00 0.000000000e+00 0.000000000e+00 -1.006905252e-03 5.000000000e-01 5.000000000e-01 1.006905252e-03 0.000000000e+00 0.000000000e+00 -3.400013199e-19 
d 4.700000000e+00 4.700000000e+00 0.000000000e+00 0.000000000e+00 0.000000000e+00 -1.033990315e-03 5.000000000e-01 5.000000000e-01 1.033990315e-03 0.000000000e+00 0.000000000e+00 -3.205774178e-19 
d 4.800000000e+00 4.800000000e+00 0.000000000e+00 0.000000000e+00 0.000000000e+00 -1.060999129e-03 5.000000000e-01 5.000000000e-01 1.060999129e-03 0.000000000e+00 0.000000000e+00 -3.065072624e-19 
d 4.900000000e+00 4.900000000e+00 0.000000000e+00 0.000000000e+00 0.000000000e+00 -1.087934272e-03 5.000000000e-01 5.000000000e-01 1.087934272e-03 0.000000000e+00 0.000000000e+00 -3.114058812e-19 
d 5.000000000e+00 5.000000000e+00 0.000000000e+00 0.000000000e+00 0.000000000e+00 -1.114798143e-03 5.000000000e-01 5.000000000e-01 1.114798143e-03 0.000000000e+00 0.000000000e+00 -3.370580293e-19 
d 5.100000000e+00 5.100000000e+00 0.000000000e+00 0.000000000e+00 0.000000000e+00 -1.141592979e-03 5.000000000e-01 5.000000000e-01 1.141592979e-03 0.000000000e+00 0.000000000e+00 -3.267090151e-19 
d 5.200000000e+00 5.200000000e+00 0.000000000e+00 0.000000000e+00 0.000000000e+00 -1.168320872e-03 5.000000000e-01 5.000000000e-01 1.168320872e-03 0.000000000e+00 0.000000000e+00 -3.084557467e-19 
d 5.300000000e+00 5.300000000e+00 0.000000000e+00 0.000000000e+00 0.000000000e+00 -1.194983779e-03 5.000000000e-01 5.000000000e-01 1.194983779e-03 0.000000000e+00 0.000000000e+00 -2.962701951e-19 
d 5.400000000e+00 5.400000000e+00 0.000000000e+00 0.000000000e+00 0.000000000e+00 -1.221583539e-03 5.000000000e-01 5.000000000e-01 1.221583539e-03 0.000000000e+00 0.000000000e+00 -3.141698626e-19 
d 5.500000000e+00 5.500000000e+00 0.000000000e+00 0.000000000e+00 0.000000000e+00 -1.248121879e-03 5.000000000e-01 5.000000000e-01 1.248121879e-03 0.000000000e+00 0.000000000e+00 -2.930598576e-19 
d 5.600000000e+00 5.600000000e+00 0.000000000e+00 0.000000000e+00 0.000000000e+00 -1.274600425e-03 5.000000000e-01 5.000000000e-01 1.274600425e-03 0.000000000e+00 0.000000000e+00 -3.066244230e-19 
d 5.700000000e+00 5.700000000e+00 0.000000000e+00 0.000000000e+00 0.000000000e+00 -1.301020710e-03 5.000000000e-01 5.000000000e-01 1.301020710e-03 0.000000000e+00 0.000000000e+00 -2.993326838e-19 
d 5.800000000e+00 5.800000000e+00 0.000000000e+00 0.000000000e+00 0.000000000e+00 -1.327384185e-03 5.000000000e-01 5.000000000e-01 1.327384185e-03 0.000000000e+00 0.000000000e+00 -3.441039933e-19 
d 5.900000000e+00 5.900000000e+00 0.000000000e+00 0.000000000e+00 0.000000000e+00 -1.353692220e-03 5.000000000e-01 5.000000000e-01 1.353692220e-03 0.000000000e+00 0.000000000e+00 -3.136609599e-19 
d 6.000000000e+00 6.000000000e+00 0.000000000e+00 0.000000000e+00 0.000000000e+00 -1.379946116e-03 5.000000000e-01 5.000000000e-01 1.379946116e-03 0.000000000e+00 0.000000000e+00 -3.218189598e-19 
d 6.100000000e+00 6.100000000e+00 0.000000000e+00 0.000000000e+00 0.000000000e+00 -1.406147104e-03 5.000000000e-01 5.000000000e-01 1.406147104e-03 0.000000000e+00 0.000000000e+00 -3.272230443e-19 
d 6.200000000e+00 6.200000000e+00 0.000000000e+00 0.000000000e+00 0.000000000e+00 -1.432296358e-03 5.000000000e-01 5.000000000e-01 1.432296358e-03 0.000000000e+00 0.000000000e+00 -3.170740913e-19 
d 6.300000000e+00 6.300000000e+00 0.000000000e+00 0.000000000e+00 0.000000000e+00 -1.458394993e-03 5.000000000e-01 5.000000000e-01 1.458394993e-03 0.000000000e+00 0.000000000e+00 -2.918310409e-19 
d 6.400000000e+00 6.400000000e+00 0.000000000e+00 0.000000000e+00 0.000000000e+00 -1.484444072e-03 5.000000000e-01 5.000000000e-01 1.484444072e-03 0.000000000e+00 0.000000000e+00 -3.330309846e-19 
d 6.500000000e+00 6.500000000e+00 0.000000000e+00 0.000000000e+00 0.000000000e+00 -1.510444608e-03 5.000000000e-01 5.000000000e-01 1.510444608e-03 0.000000000e+00 0.000000000e+00 -3.314478903e-19 
d 6.600000000e+00 6.600000000e+00 0.000000000e+00 0.000000000e+00 0.000000000e+00 -1.536397569e-03 5.000000000e-01 5.000000000e-01 1.536397569e-03 0.000000000e+00 0.000000000e+00 -2.967703485e-19 
d 6.700000000e+00 6.700000000e+00 0.000000000e+00 0.000000000e+00 0.000000000e+00 -1.562303882e-03 5.000000000e-01 5.000000000e-01 1.562303882e-03 0.000000000e+00 0.000000000e+00 -3.017647313e-19 
d 6.800000000e+00 6.800000000e+00 0.000000000e+00 0.000000000e+00 0.000000000e+00 -1.588164432e-03 5.000000000e-01 5.000000000e-01 1.588164432e-03 0.000000000e+00 0.000000000e+00 -3.232804274e-19 
d 6.900000000e+00 6.900000000e+00 0.000000000e+00 0.000000000e+00 0.000000000e+00 -1.613980069e-03 5.000000000e-01 5.000000000e-01 1.613980069e-03 0.000000000e+00 0.000000000e+00 -3.479064021e-19 
d 7.000000000e+00 7.000000000e+00 0.000000000e+00 0.000000000e+00 0.000000000e+00 -1.639751607e-03 5.000000000e-01 5.000000000e-01 1.639751607e-03 0.000000000e+00 0.000000000e+00 -3.387240553e-19 
d 7.100000000e+00 7.100000000e+00 0.000000000e+00 0.000000000e+00 0.000000000e+00 -1.665479826e-03 5.000000000e-01 5.000000000e-01 1.665479826e-03 0.000000000e+00 0.000000000e+00 -3.180681281e-19 
d 7.200000000e+00 7.200000000e+00 0.000000000e+00 0.000000000e+00 0.000000000e+00 -1.691165479e-03 5.000000000e-01 5.000000000e-01 1.691165479e-03 0.000000000e+00 0.000000000e+00 -3.114858919e-19 
d 7.300000000e+00 7.300000000e+00 0.000000000e+00 0.000000000e+00 0.000000000e+00 -1.716809286e-03 5.000000000e-01 5.000000000e-01 1.716809286e-03 0.000000000e+00 0.000000000e+00 -3.425869011e-19 
d 7.400000000e+00 7.400000000e+00 0.000000000e+00 0.000000000e+00 0.000000000e+00 -1.742411943e-03 5.000000000e-01 5.000000000e-01 1.742411943e-03 0.000000000e+00 0.000000000e+00 -3.356982182e-19 
d 7.500000000e+00 7.500000000e+00 0.000000000e+00 0.000000000e+00 0.000000000e+00 -1.767974119e-03 5.000000000e-01 5.000000000e-01 1.767974119e-03 0.000000000e+00 0.000000000e+00 -2.964800203e-19 
d 7.600000000e+00 7.600000000e+00 0.000000000e+00 0.000000000e+00 0.000000000e+00 -1.793496459e-03 5.000000000e-01 5.000000000e-01 1.793496459e-03 0.000000000e+00 0.000000000e+00 -3.280902364e-19 
d 7.700000000e+00 7.700000000e+00 0.000000000e+00 0.000000000e+00 0.000000000e+00 -1.818979585e-03 5.000000000e-01 5.000000000e-01 1.818979585e-03 0.000000000e+00 0.000000000e+00 -3.437395534e-19 
d 7.800000000e+00 7.800000000e+00 0.000000000e+00 0.000000000e+00 0.000000000e+00 -1.844424098e-03 5.000000000e-01 5.000000000e-01 1.844424098e-03 0.000000000e+00 0.000000000e+00 -3.224190447e-19 
d 7.900000000e+00 7.900000000e+00 0.000000000e+00 0.000000000e+00 0.000000000e+00 -1.869830577e-03 5.000000000e-01 5.000000000e-01 1.869830577e-03 0.000000000e+00 0.000000000e+00 -3.327646842e-19 
d 8.000000000e+00 8.000000000e+00 0.000000000e+00 0.000000000e+00 0.000000000e+00 -1.895199583e-03 5.000000000e-01 5.000000000e-01 1.895199583e-03 0.000000000e+00 0.000000000e+00 -3.217952173e-19 
d 8.100000000e+00 8.100000000e+00 0.000000000e+00 0.000000000e+00 0.000000000e+00 -1.920531657e-03 5.000000000e-01 5.000000000e-01 1.920531657e-03 0.000000000e+00 0.000000000e+00 -3.170976162e-19 
d 8.200000000e+00 8.200000000e+00 0.000000000e+00 0.000000000e+00 0.000000000e+00 -1.945827326e-03 5.000000000e-01 5.000000000e-01 1.945827326e-03 0.000000000e+00 0.000000000e+00 -3.184169211e-19 
d 8.300000000e+00 8.300000000e+00 0.000000000e+00 0.000000000e+00 0.000000000e+00 -1.971087095e-03 5.000000000e-01 5.000000000e-01 1.971087095e-03 0.000000000e+00 0.000000000e+00 -3.066819221e-19 
d 8.400000000e+00 8.400000000e+00 0.000000000e+00 0.000000000e+00 0.000000000e+00 -1.996311457e-03 5.000000000e-01 5.000000000e-01 1.996311457e-03 0.000000000e+00 0.000000000e+00 -3.319163120e-19 
d 8.500000000e+00 8.500000000e+00 0.000000000e+00 0.000000000e+00 0.000000000e+00 -2.021500889e-03 5.000000000e-01 5.000000000e-01 2.021500889e-03 0.000000000e+00 0.000000000e+00 -3.196199806e-19 
d 8.600000000e+00 8.600000000e+00 0.000000000e+00 0.000000000e+00 0.000000000e+00 -2.046655853e-03 5.000000000e-01 5.000000000e-01 2.046655853e-03 0.000000000e+00 0.000000000e+00 -3.250688530e-19 
d 8.700000000e+00 8.700000000e+00 0.000000000e+00 0.000000000e+00 0.000000000e+00 -2.071776798e-03 5.000000000e-01 5.000000000e-01 2.071776798e-03 0.000000000e+00 0.000000000e+00 -3.335260855e-19 
d 8.800000000e+00 8.800000000e+00 0.000000000e+00 0.000000000e+00 0.000000000e+00 -2.096864158e-03 5.000000000e-01 5.000000000e-01 2.096864158e-03 0.000000000e+00 0.000000000e+00 -3.076141426e-19 
d 8.900000000e+00 8.900000000e+00 0.000000000e+00 0.000000000e+00 0.000000000e+00 -2.121918356e-03 5.000000000e-01 5.000000000e-01 2.121918356e-03 0.000000000e+00 0.000000000e+00 -3.300939329e-19 
d 9.000000000e+00 9.000000000e+00 0.000000000e+00 0.000000000e+00 0.000000000e+00 -2.146939804e-03 5.000000000e-01 5.000000000e-01 2.146939804e-03 0.000000000e+00 0.000000000e+00 -3.457405288e-19 
d 9.100000000e+00 9.100000000e+00 0.000000000e+00 0.000000000e+00 0.000000000e+00 -2.171928900e-03 5.000000000e-01 5.000000000e-01 2.171928900e-03 0.000000000e+00 0.000000000e+00 -3.304854501e-19 
d 9.200000000e+00 9.200000000e+00 0.000000000e+00 0.000000000e+00 0.000000000e+00 -2.196886032e-03 5.000000000e-01 5.000000000e-01 2.196886032e-03 0.000000000e+00 0.000000000e+00 -3.234909760e-19 
d 9.300000000e+00 9.300000000e+00 0.000000000e+00 0.000000000e+00 0.000000000e+00 -2.221811579e-03 5.000000000e-01 5.000000000e-01 2.221811579e-03 0.000000000e+00 0.000000000e+00 -3.391879999e-19 
d 9.400000000e+00 9.400000000e+00 0.000000000e+00 0.000000000e+00 0.000000000e+00 -2.246705906e-03 5.000000000e-01 5.000000000e-01 2.246705906e-03 0.000000000e+00 0.000000000e+00 -3.174053170e-19 
d 9.500000000e+00 9.500000000e+00 0.000000000e+00 0.000000000e+00 0.000000000e+00 -2.271569373e-03 5.000000000e-01 5.000000000e-01 2.271569373e-03 0.000000000e+00 0.000000000e+00 -3.306033406e-19 
d 9.600000000e+00 9.600000000e+00 0.000000000e+00 0.000000000e+00 0.000000000e+00 -2.296402327e-03 5.000000000e-01 5.000000000e-01 2.296402327e-03 0.000000000e+00 0.000000000e+00 -2.902080162e-19 
d 9.700000000e+00 9.700000000e+00 0.000000000e+00 0.000000000e+00 0.000000000e+00 -2.321205107e-03 5.000000000e-01 5.000000000e-01 2.321205107e-03 0.000000000e+00 0.000000000e+00 -3.059043172e-19 
d 9.800000000e+00 9.800000000e+00 0.000000000e+00 0.000000000e+00 0.000000000e+00 -2.345978044e-03 5.000000000e-01 5.000000000e-01 2.345978044e-03 0.000000000e+00 0.000000000e+00 -3.164501951e-19 
d 9.900000000e+00 9.900000000e+00 0.000000000e+00 0.000000000e+00 0.000000000e+00 -2.370721461e-03 5.000000000e-01 5.000000000e-01 2.370721461e-03 0.000000000e+00 0.000000000e+00 -3.289336158e-19 
d 1.000000000e+01 1.000000000e+01 0.000000000e+00 0.000000000e+00 0.000000000e+00 -2.395435672e-03 5.000000000e-01 5.000000000e-01 2.395435672e-03 0.000000000e+00 0.000000000e+00 -3.549808823e-19 
