v ATLAS
# This file was created by ATLAS version 5.26.1.R on Thu Apr 19 19:06:08 2018.
#SSF 2.0 generic
##############################################################################
#                    Copyright (c) 1984 - 2018                               #
#                    Silvaco Inc. All rights reserved                        #
#                                                                            #
# This file format and the following Key are copyright Silvaco Inc.          #
# You may not use, this format or key without reproducing this message in    #
# full and obtaining express written permission from Silvaco Inc.            #
#                                                                            #
# To obtain such permission please contact: Silvaco Inc.                     #
#                                           support@silvaco.com              #
#                                                                            #
# KEY=SVC86hn7562asdx                       PROD=345                         #
##############################################################################
y 3 700 711 15
z 0.1 0.03 300
f 4 "gate" "source" "drain" "substrate" 
p 12 2 601 20 3 602 21 4 603 22 5 604 23 
d 1.000000000e-01 1.000000000e-01 0.000000000e+00 0.000000000e+00 0.000000000e+00 -2.280408517e-08 5.000000000e-01 5.000000000e-01 2.280408439e-08 0.000000000e+00 0.000000000e+00 -3.062655218e-19 
d 2.000000000e-01 2.000000000e-01 0.000000000e+00 0.000000000e+00 0.000000000e+00 -9.873581252e-08 5.000000000e-01 5.000000000e-01 9.873581156e-08 0.000000000e+00 0.000000000e+00 -3.258166542e-19 
d 3.000000000e-01 3.000000000e-01 0.000000000e+00 0.000000000e+00 0.000000000e+00 -4.018119882e-07 5.000000000e-01 5.000000000e-01 4.018119867e-07 0.000000000e+00 0.000000000e+00 -2.975582845e-19 
d 4.000000000e-01 4.000000000e-01 0.000000000e+00 0.000000000e+00 0.000000000e+00 -1.452620350e-06 5.000000000e-01 5.000000000e-01 1.452620350e-06 0.000000000e+00 0.000000000e+00 -3.442861358e-19 
d 5.000000000e-01 5.000000000e-01 0.000000000e+00 0.000000000e+00 0.000000000e+00 -4.353065294e-06 5.000000000e-01 5.000000000e-01 4.353065293e-06 0.000000000e+00 0.000000000e+00 -3.267401097e-19 
d 6.000000000e-01 6.000000000e-01 0.000000000e+00 0.000000000e+00 0.000000000e+00 -1.044102514e-05 5.000000000e-01 5.000000000e-01 1.044102514e-05 0.000000000e+00 0.000000000e+00 -3.422550882e-19 
d 7.000000000e-01 7.000000000e-01 0.000000000e+00 0.000000000e+00 0.000000000e+00 -2.051055203e-05 5.000000000e-01 5.000000000e-01 2.051055203e-05 0.000000000e+00 0.000000000e+00 -3.178465644e-19 
d 8.000000000e-01 8.000000000e-01 0.000000000e+00 0.000000000e+00 0.000000000e+00 -3.462079397e-05 5.000000000e-01 5.000000000e-01 3.462079397e-05 0.000000000e+00 0.000000000e+00 -3.471272230e-19 
d 9.000000000e-01 9.000000000e-01 0.000000000e+00 0.000000000e+00 0.000000000e+00 -5.239141590e-05 5.000000000e-01 5.000000000e-01 5.239141590e-05 0.000000000e+00 0.000000000e+00 -3.167360014e-19 
d 1.000000000e+00 1.000000000e+00 0.000000000e+00 0.000000000e+00 0.000000000e+00 -7.325049101e-05 5.000000000e-01 5.000000000e-01 7.325049101e-05 0.000000000e+00 0.000000000e+00 -2.947457204e-19 
d 1.100000000e+00 1.100000000e+00 0.000000000e+00 0.000000000e+00 0.000000000e+00 -9.656169081e-05 5.000000000e-01 5.000000000e-01 9.656169080e-05 0.000000000e+00 0.000000000e+00 -3.336775076e-19 
d 1.200000000e+00 1.200000000e+00 0.000000000e+00 0.000000000e+00 0.000000000e+00 -1.217040713e-04 5.000000000e-01 5.000000000e-01 1.217040713e-04 0.000000000e+00 0.000000000e+00 -2.945253053e-19 
d 1.300000000e+00 1.300000000e+00 0.000000000e+00 0.000000000e+00 0.000000000e+00 -1.481335581e-04 5.000000000e-01 5.000000000e-01 1.481335581e-04 0.000000000e+00 0.000000000e+00 -3.100742093e-19 
d 1.400000000e+00 1.400000000e+00 0.000000000e+00 0.000000000e+00 0.000000000e+00 -1.754185164e-04 5.000000000e-01 5.000000000e-01 1.754185164e-04 0.000000000e+00 0.000000000e+00 -2.959327653e-19 
d 1.500000000e+00 1.500000000e+00 0.000000000e+00 0.000000000e+00 0.000000000e+00 -2.032435530e-04 5.000000000e-01 5.000000000e-01 2.032435530e-04 0.000000000e+00 0.000000000e+00 -3.338946110e-19 
d 1.600000000e+00 1.600000000e+00 0.000000000e+00 0.000000000e+00 0.000000000e+00 -2.313913387e-04 5.000000000e-01 5.000000000e-01 2.313913387e-04 0.000000000e+00 0.000000000e+00 -3.247808886e-19 
d 1.700000000e+00 1.700000000e+00 0.000000000e+00 0.000000000e+00 0.000000000e+00 -2.597174140e-04 5.000000000e-01 5.000000000e-01 2.597174140e-04 0.000000000e+00 0.000000000e+00 -3.220332995e-19 
d 1.800000000e+00 1.800000000e+00 0.000000000e+00 0.000000000e+00 0.000000000e+00 -2.881275640e-04 5.000000000e-01 5.000000000e-01 2.881275640e-04 0.000000000e+00 0.000000000e+00 -3.363105802e-19 
d 1.900000000e+00 1.900000000e+00 0.000000000e+00 0.000000000e+00 0.000000000e+00 -3.165608696e-04 5.000000000e-01 5.000000000e-01 3.165608696e-04 0.000000000e+00 0.000000000e+00 -3.402817943e-19 
d 2.000000000e+00 2.000000000e+00 0.000000000e+00 0.000000000e+00 0.000000000e+00 -3.449780936e-04 5.000000000e-01 5.000000000e-01 3.449780936e-04 0.000000000e+00 0.000000000e+00 -3.224234952e-19 
d 2.100000000e+00 2.100000000e+00 0.000000000e+00 0.000000000e+00 0.000000000e+00 -3.733540566e-04 5.000000000e-01 5.000000000e-01 3.733540566e-04 0.000000000e+00 0.000000000e+00 -3.157795567e-19 
d 2.200000000e+00 2.200000000e+00 0.000000000e+00 0.000000000e+00 0.000000000e+00 -4.016727180e-04 5.000000000e-01 5.000000000e-01 4.016727180e-04 0.000000000e+00 0.000000000e+00 -3.232571225e-19 
d 2.300000000e+00 2.300000000e+00 0.000000000e+00 0.000000000e+00 0.000000000e+00 -4.299240150e-04 5.000000000e-01 5.000000000e-01 4.299240150e-04 0.000000000e+00 0.000000000e+00 -3.045215485e-19 
d 2.400000000e+00 2.400000000e+00 0.000000000e+00 0.000000000e+00 0.000000000e+00 -4.581018223e-04 5.000000000e-01 5.000000000e-01 4.581018223e-04 0.000000000e+00 0.000000000e+00 -3.137272987e-19 
d 2.500000000e+00 2.500000000e+00 0.000000000e+00 0.000000000e+00 0.000000000e+00 -4.862026250e-04 5.000000000e-01 5.000000000e-01 4.862026250e-04 0.000000000e+00 0.000000000e+00 -2.985563295e-19 
d 2.600000000e+00 2.600000000e+00 0.000000000e+00 0.000000000e+00 0.000000000e+00 -5.142246483e-04 5.000000000e-01 5.000000000e-01 5.142246483e-04 0.000000000e+00 0.000000000e+00 -2.905732866e-19 
d 2.700000000e+00 2.700000000e+00 0.000000000e+00 0.000000000e+00 0.000000000e+00 -5.421672796e-04 5.000000000e-01 5.000000000e-01 5.421672796e-04 0.000000000e+00 0.000000000e+00 -3.269009611e-19 
d 2.800000000e+00 2.800000000e+00 0.000000000e+00 0.000000000e+00 0.000000000e+00 -5.700306824e-04 5.000000000e-01 5.000000000e-01 5.700306824e-04 0.000000000e+00 0.000000000e+00 -3.220760242e-19 
d 2.900000000e+00 2.900000000e+00 0.000000000e+00 0.000000000e+00 0.000000000e+00 -5.978155355e-04 5.000000000e-01 5.000000000e-01 5.978155355e-04 0.000000000e+00 0.000000000e+00 -3.194422965e-19 
d 3.000000000e+00 3.000000000e+00 0.000000000e+00 0.000000000e+00 0.000000000e+00 -6.255228557e-04 5.000000000e-01 5.000000000e-01 6.255228557e-04 0.000000000e+00 0.000000000e+00 -3.056398626e-19 
d 3.100000000e+00 3.100000000e+00 0.000000000e+00 0.000000000e+00 0.000000000e+00 -6.531538762e-04 5.000000000e-01 5.000000000e-01 6.531538762e-04 0.000000000e+00 0.000000000e+00 -3.214118823e-19 
d 3.200000000e+00 3.200000000e+00 0.000000000e+00 0.000000000e+00 0.000000000e+00 -6.807099632e-04 5.000000000e-01 5.000000000e-01 6.807099632e-04 0.000000000e+00 0.000000000e+00 -3.259644155e-19 
d 3.300000000e+00 3.300000000e+00 0.000000000e+00 0.000000000e+00 0.000000000e+00 -7.081925589e-04 5.000000000e-01 5.000000000e-01 7.081925589e-04 0.000000000e+00 0.000000000e+00 -3.195525107e-19 
d 3.400000000e+00 3.400000000e+00 0.000000000e+00 0.000000000e+00 0.000000000e+00 -7.356031409e-04 5.000000000e-01 5.000000000e-01 7.356031409e-04 0.000000000e+00 0.000000000e+00 -3.499052684e-19 
d 3.500000000e+00 3.500000000e+00 0.000000000e+00 0.000000000e+00 0.000000000e+00 -7.629431959e-04 5.000000000e-01 5.000000000e-01 7.629431959e-04 0.000000000e+00 0.000000000e+00 -3.136098668e-19 
d 3.600000000e+00 3.600000000e+00 0.000000000e+00 0.000000000e+00 0.000000000e+00 -7.902142004e-04 5.000000000e-01 5.000000000e-01 7.902142004e-04 0.000000000e+00 0.000000000e+00 -2.839426563e-19 
d 3.700000000e+00 3.700000000e+00 0.000000000e+00 0.000000000e+00 0.000000000e+00 -8.174176087e-04 5.000000000e-01 5.000000000e-01 8.174176087e-04 0.000000000e+00 0.000000000e+00 -2.939978529e-19 
d 3.800000000e+00 3.800000000e+00 0.000000000e+00 0.000000000e+00 0.000000000e+00 -8.445548440e-04 5.000000000e-01 5.000000000e-01 8.445548440e-04 0.000000000e+00 0.000000000e+00 -3.020635986e-19 
d 3.900000000e+00 3.900000000e+00 0.000000000e+00 0.000000000e+00 0.000000000e+00 -8.716272936e-04 5.000000000e-01 5.000000000e-01 8.716272936e-04 0.000000000e+00 0.000000000e+00 -3.055393150e-19 
d 4.000000000e+00 4.000000000e+00 0.000000000e+00 0.000000000e+00 0.000000000e+00 -8.986363055e-04 5.000000000e-01 5.000000000e-01 8.986363055e-04 0.000000000e+00 0.000000000e+00 -3.477177133e-19 
d 4.100000000e+00 4.100000000e+00 0.000000000e+00 0.000000000e+00 0.000000000e+00 -9.255831868e-04 5.000000000e-01 5.000000000e-01 9.255831868e-04 0.000000000e+00 0.000000000e+00 -3.127437575e-19 
d 4.200000000e+00 4.200000000e+00 0.000000000e+00 0.000000000e+00 0.000000000e+00 -9.524692030e-04 5.000000000e-01 5.000000000e-01 9.524692030e-04 0.000000000e+00 0.000000000e+00 -3.299345810e-19 
d 4.300000000e+00 4.300000000e+00 0.000000000e+00 0.000000000e+00 0.000000000e+00 -9.792955781e-04 5.000000000e-01 5.000000000e-01 9.792955781e-04 0.000000000e+00 0.000000000e+00 -3.122459318e-19 
d 4.400000000e+00 4.400000000e+00 0.000000000e+00 0.000000000e+00 0.000000000e+00 -1.006063495e-03 5.000000000e-01 5.000000000e-01 1.006063495e-03 0.000000000e+00 0.000000000e+00 -2.846131914e-19 
d 4.500000000e+00 4.500000000e+00 0.000000000e+00 0.000000000e+00 0.000000000e+00 -1.032774098e-03 5.000000000e-01 5.000000000e-01 1.032774098e-03 0.000000000e+00 0.000000000e+00 -3.105730984e-19 
d 4.600000000e+00 4.600000000e+00 0.000000000e+00 0.000000000e+00 0.000000000e+00 -1.059428489e-03 5.000000000e-01 5.000000000e-01 1.059428489e-03 0.000000000e+00 0.000000000e+00 -3.256710933e-19 
d 4.700000000e+00 4.700000000e+00 0.000000000e+00 0.000000000e+00 0.000000000e+00 -1.086027738e-03 5.000000000e-01 5.000000000e-01 1.086027738e-03 0.000000000e+00 0.000000000e+00 -3.287853597e-19 
d 4.800000000e+00 4.800000000e+00 0.000000000e+00 0.000000000e+00 0.000000000e+00 -1.112572873e-03 5.000000000e-01 5.000000000e-01 1.112572873e-03 0.000000000e+00 0.000000000e+00 -3.402619426e-19 
d 4.900000000e+00 4.900000000e+00 0.000000000e+00 0.000000000e+00 0.000000000e+00 -1.139064890e-03 5.000000000e-01 5.000000000e-01 1.139064890e-03 0.000000000e+00 0.000000000e+00 -3.135446623e-19 
d 5.000000000e+00 5.000000000e+00 0.000000000e+00 0.000000000e+00 0.000000000e+00 -1.165504753e-03 5.000000000e-01 5.000000000e-01 1.165504753e-03 0.000000000e+00 0.000000000e+00 -3.017167772e-19 
d 5.100000000e+00 5.100000000e+00 0.000000000e+00 0.000000000e+00 0.000000000e+00 -1.191893391e-03 5.000000000e-01 5.000000000e-01 1.191893391e-03 0.000000000e+00 0.000000000e+00 -3.173224687e-19 
d 5.200000000e+00 5.200000000e+00 0.000000000e+00 0.000000000e+00 0.000000000e+00 -1.218231703e-03 5.000000000e-01 5.000000000e-01 1.218231703e-03 0.000000000e+00 0.000000000e+00 -3.051368205e-19 
d 5.300000000e+00 5.300000000e+00 0.000000000e+00 0.000000000e+00 0.000000000e+00 -1.244520561e-03 5.000000000e-01 5.000000000e-01 1.244520561e-03 0.000000000e+00 0.000000000e+00 -3.349176513e-19 
d 5.400000000e+00 5.400000000e+00 0.000000000e+00 0.000000000e+00 0.000000000e+00 -1.270760805e-03 5.000000000e-01 5.000000000e-01 1.270760805e-03 0.000000000e+00 0.000000000e+00 -3.380799956e-19 
d 5.500000000e+00 5.500000000e+00 0.000000000e+00 0.000000000e+00 0.000000000e+00 -1.296953250e-03 5.000000000e-01 5.000000000e-01 1.296953250e-03 0.000000000e+00 0.000000000e+00 -3.450154230e-19 
d 5.600000000e+00 5.600000000e+00 0.000000000e+00 0.000000000e+00 0.000000000e+00 -1.323098686e-03 5.000000000e-01 5.000000000e-01 1.323098686e-03 0.000000000e+00 0.000000000e+00 -3.159497564e-19 
d 5.700000000e+00 5.700000000e+00 0.000000000e+00 0.000000000e+00 0.000000000e+00 -1.349197878e-03 5.000000000e-01 5.000000000e-01 1.349197878e-03 0.000000000e+00 0.000000000e+00 -3.089125255e-19 
d 5.800000000e+00 5.800000000e+00 0.000000000e+00 0.000000000e+00 0.000000000e+00 -1.375251564e-03 5.000000000e-01 5.000000000e-01 1.375251564e-03 0.000000000e+00 0.000000000e+00 -2.964187559e-19 
d 5.900000000e+00 5.900000000e+00 0.000000000e+00 0.000000000e+00 0.000000000e+00 -1.401260464e-03 5.000000000e-01 5.000000000e-01 1.401260464e-03 0.000000000e+00 0.000000000e+00 -3.105937618e-19 
d 6.000000000e+00 6.000000000e+00 0.000000000e+00 0.000000000e+00 0.000000000e+00 -1.427225273e-03 5.000000000e-01 5.000000000e-01 1.427225273e-03 0.000000000e+00 0.000000000e+00 -3.318564127e-19 
d 6.100000000e+00 6.100000000e+00 0.000000000e+00 0.000000000e+00 0.000000000e+00 -1.453146667e-03 5.000000000e-01 5.000000000e-01 1.453146667e-03 0.000000000e+00 0.000000000e+00 -3.707111814e-19 
d 6.200000000e+00 6.200000000e+00 0.000000000e+00 0.000000000e+00 0.000000000e+00 -1.479025300e-03 5.000000000e-01 5.000000000e-01 1.479025300e-03 0.000000000e+00 0.000000000e+00 -3.463348861e-19 
d 6.300000000e+00 6.300000000e+00 0.000000000e+00 0.000000000e+00 0.000000000e+00 -1.504861809e-03 5.000000000e-01 5.000000000e-01 1.504861809e-03 0.000000000e+00 0.000000000e+00 -3.218563087e-19 
d 6.400000000e+00 6.400000000e+00 0.000000000e+00 0.000000000e+00 0.000000000e+00 -1.530656810e-03 5.000000000e-01 5.000000000e-01 1.530656810e-03 0.000000000e+00 0.000000000e+00 -3.247094466e-19 
d 6.500000000e+00 6.500000000e+00 0.000000000e+00 0.000000000e+00 0.000000000e+00 -1.556410904e-03 5.000000000e-01 5.000000000e-01 1.556410904e-03 0.000000000e+00 0.000000000e+00 -3.331714807e-19 
d 6.600000000e+00 6.600000000e+00 0.000000000e+00 0.000000000e+00 0.000000000e+00 -1.582124674e-03 5.000000000e-01 5.000000000e-01 1.582124674e-03 0.000000000e+00 0.000000000e+00 -3.266924198e-19 
d 6.700000000e+00 6.700000000e+00 0.000000000e+00 0.000000000e+00 0.000000000e+00 -1.607798684e-03 5.000000000e-01 5.000000000e-01 1.607798684e-03 0.000000000e+00 0.000000000e+00 -3.380604784e-19 
d 6.800000000e+00 6.800000000e+00 0.000000000e+00 0.000000000e+00 0.000000000e+00 -1.633433487e-03 5.000000000e-01 5.000000000e-01 1.633433487e-03 0.000000000e+00 0.000000000e+00 -3.133765381e-19 
d 6.900000000e+00 6.900000000e+00 0.000000000e+00 0.000000000e+00 0.000000000e+00 -1.659029617e-03 5.000000000e-01 5.000000000e-01 1.659029617e-03 0.000000000e+00 0.000000000e+00 -3.019503985e-19 
d 7.000000000e+00 7.000000000e+00 0.000000000e+00 0.000000000e+00 0.000000000e+00 -1.684587595e-03 5.000000000e-01 5.000000000e-01 1.684587595e-03 0.000000000e+00 0.000000000e+00 -3.263207709e-19 
d 7.100000000e+00 7.100000000e+00 0.000000000e+00 0.000000000e+00 0.000000000e+00 -1.710107928e-03 5.000000000e-01 5.000000000e-01 1.710107928e-03 0.000000000e+00 0.000000000e+00 -3.468154573e-19 
d 7.200000000e+00 7.200000000e+00 0.000000000e+00 0.000000000e+00 0.000000000e+00 -1.735591109e-03 5.000000000e-01 5.000000000e-01 1.735591109e-03 0.000000000e+00 0.000000000e+00 -3.478817352e-19 
d 7.300000000e+00 7.300000000e+00 0.000000000e+00 0.000000000e+00 0.000000000e+00 -1.761037618e-03 5.000000000e-01 5.000000000e-01 1.761037618e-03 0.000000000e+00 0.000000000e+00 -3.226356148e-19 
d 7.400000000e+00 7.400000000e+00 0.000000000e+00 0.000000000e+00 0.000000000e+00 -1.786447923e-03 5.000000000e-01 5.000000000e-01 1.786447923e-03 0.000000000e+00 0.000000000e+00 -3.296675384e-19 
d 7.500000000e+00 7.500000000e+00 0.000000000e+00 0.000000000e+00 0.000000000e+00 -1.811822479e-03 5.000000000e-01 5.000000000e-01 1.811822479e-03 0.000000000e+00 0.000000000e+00 -3.371581597e-19 
d 7.600000000e+00 7.600000000e+00 0.000000000e+00 0.000000000e+00 0.000000000e+00 -1.837161731e-03 5.000000000e-01 5.000000000e-01 1.837161731e-03 0.000000000e+00 0.000000000e+00 -3.315434649e-19 
d 7.700000000e+00 7.700000000e+00 0.000000000e+00 0.000000000e+00 0.000000000e+00 -1.862466110e-03 5.000000000e-01 5.000000000e-01 1.862466110e-03 0.000000000e+00 0.000000000e+00 -2.939562147e-19 
d 7.800000000e+00 7.800000000e+00 0.000000000e+00 0.000000000e+00 0.000000000e+00 -1.887736039e-03 5.000000000e-01 5.000000000e-01 1.887736039e-03 0.000000000e+00 0.000000000e+00 -3.397415569e-19 
d 7.900000000e+00 7.900000000e+00 0.000000000e+00 0.000000000e+00 0.000000000e+00 -1.912971929e-03 5.000000000e-01 5.000000000e-01 1.912971929e-03 0.000000000e+00 0.000000000e+00 -3.480981481e-19 
d 8.000000000e+00 8.000000000e+00 0.000000000e+00 0.000000000e+00 0.000000000e+00 -1.938174181e-03 5.000000000e-01 5.000000000e-01 1.938174181e-03 0.000000000e+00 0.000000000e+00 -3.242782240e-19 
d 8.100000000e+00 8.100000000e+00 0.000000000e+00 0.000000000e+00 0.000000000e+00 -1.963343186e-03 5.000000000e-01 5.000000000e-01 1.963343186e-03 0.000000000e+00 0.000000000e+00 -3.210080828e-19 
d 8.200000000e+00 8.200000000e+00 0.000000000e+00 0.000000000e+00 0.000000000e+00 -1.988479326e-03 5.000000000e-01 5.000000000e-01 1.988479326e-03 0.000000000e+00 0.000000000e+00 -3.265084489e-19 
d 8.300000000e+00 8.300000000e+00 0.000000000e+00 0.000000000e+00 0.000000000e+00 -2.013582974e-03 5.000000000e-01 5.000000000e-01 2.013582974e-03 0.000000000e+00 0.000000000e+00 -3.370058767e-19 
d 8.400000000e+00 8.400000000e+00 0.000000000e+00 0.000000000e+00 0.000000000e+00 -2.038654493e-03 5.000000000e-01 5.000000000e-01 2.038654493e-03 0.000000000e+00 0.000000000e+00 -3.052302767e-19 
d 8.500000000e+00 8.500000000e+00 0.000000000e+00 0.000000000e+00 0.000000000e+00 -2.063694240e-03 5.000000000e-01 5.000000000e-01 2.063694240e-03 0.000000000e+00 0.000000000e+00 -3.328607931e-19 
d 8.600000000e+00 8.600000000e+00 0.000000000e+00 0.000000000e+00 0.000000000e+00 -2.088702560e-03 5.000000000e-01 5.000000000e-01 2.088702560e-03 0.000000000e+00 0.000000000e+00 -3.371875153e-19 
d 8.700000000e+00 8.700000000e+00 0.000000000e+00 0.000000000e+00 0.000000000e+00 -2.113679792e-03 5.000000000e-01 5.000000000e-01 2.113679792e-03 0.000000000e+00 0.000000000e+00 -3.145899747e-19 
d 8.800000000e+00 8.800000000e+00 0.000000000e+00 0.000000000e+00 0.000000000e+00 -2.138626269e-03 5.000000000e-01 5.000000000e-01 2.138626269e-03 0.000000000e+00 0.000000000e+00 -3.228937239e-19 
d 8.900000000e+00 8.900000000e+00 0.000000000e+00 0.000000000e+00 0.000000000e+00 -2.163542314e-03 5.000000000e-01 5.000000000e-01 2.163542314e-03 0.000000000e+00 0.000000000e+00 -3.293615491e-19 
d 9.000000000e+00 9.000000000e+00 0.000000000e+00 0.000000000e+00 0.000000000e+00 -2.188428243e-03 5.000000000e-01 5.000000000e-01 2.188428243e-03 0.000000000e+00 0.000000000e+00 -3.404695064e-19 
d 9.100000000e+00 9.100000000e+00 0.000000000e+00 0.000000000e+00 0.000000000e+00 -2.213284366e-03 5.000000000e-01 5.000000000e-01 2.213284366e-03 0.000000000e+00 0.000000000e+00 -3.768695801e-19 
d 9.200000000e+00 9.200000000e+00 0.000000000e+00 0.000000000e+00 0.000000000e+00 -2.238110985e-03 5.000000000e-01 5.000000000e-01 2.238110985e-03 0.000000000e+00 0.000000000e+00 -3.665602943e-19 
d 9.300000000e+00 9.300000000e+00 0.000000000e+00 0.000000000e+00 0.000000000e+00 -2.262908396e-03 5.000000000e-01 5.000000000e-01 2.262908396e-03 0.000000000e+00 0.000000000e+00 -3.451344497e-19 
d 9.400000000e+00 9.400000000e+00 0.000000000e+00 0.000000000e+00 0.000000000e+00 -2.287676889e-03 5.000000000e-01 5.000000000e-01 2.287676889e-03 0.000000000e+00 0.000000000e+00 -3.262070590e-19 
d 9.500000000e+00 9.500000000e+00 0.000000000e+00 0.000000000e+00 0.000000000e+00 -2.312416747e-03 5.000000000e-01 5.000000000e-01 2.312416747e-03 0.000000000e+00 0.000000000e+00 -3.112569080e-19 
d 9.600000000e+00 9.600000000e+00 0.000000000e+00 0.000000000e+00 0.000000000e+00 -2.337128247e-03 5.000000000e-01 5.000000000e-01 2.337128247e-03 0.000000000e+00 0.000000000e+00 -3.178764278e-19 
d 9.700000000e+00 9.700000000e+00 0.000000000e+00 0.000000000e+00 0.000000000e+00 -2.361811661e-03 5.000000000e-01 5.000000000e-01 2.361811661e-03 0.000000000e+00 0.000000000e+00 -3.155210841e-19 
d 9.800000000e+00 9.800000000e+00 0.000000000e+00 0.000000000e+00 0.000000000e+00 -2.386467255e-03 5.000000000e-01 5.000000000e-01 2.386467255e-03 0.000000000e+00 0.000000000e+00 -3.169390156e-19 
d 9.900000000e+00 9.900000000e+00 0.000000000e+00 0.000000000e+00 0.000000000e+00 -2.411095289e-03 5.000000000e-01 5.000000000e-01 2.411095289e-03 0.000000000e+00 0.000000000e+00 -3.009683167e-19 
d 1.000000000e+01 1.000000000e+01 0.000000000e+00 0.000000000e+00 0.000000000e+00 -2.435696017e-03 5.000000000e-01 5.000000000e-01 2.435696017e-03 0.000000000e+00 0.000000000e+00 -3.631690247e-19 
