v ATLAS
# This file was created by ATLAS version 5.26.1.R on Mon Apr 16 16:17:38 2018.
#SSF 2.0 generic
##############################################################################
#                    Copyright (c) 1984 - 2018                               #
#                    Silvaco Inc. All rights reserved                        #
#                                                                            #
# This file format and the following Key are copyright Silvaco Inc.          #
# You may not use, this format or key without reproducing this message in    #
# full and obtaining express written permission from Silvaco Inc.            #
#                                                                            #
# To obtain such permission please contact: Silvaco Inc.                     #
#                                           support@silvaco.com              #
#                                                                            #
# KEY=SVC86hn7562asdx                       PROD=345                         #
##############################################################################
y 1 15
z 300
f 3 "emitter" "base" "collector" 
p 9 2 601 20 3 602 21 4 603 22 
d 0.000000000e+00 0.000000000e+00 -1.072067849e-12 3.000000000e-01 3.000000000e-01 3.951443053e-13 2.000000000e+00 2.000000000e+00 6.769578177e-13 
d 0.000000000e+00 0.000000000e+00 -5.543226937e-12 3.500000000e-01 3.500000000e-01 1.212109880e-12 2.000000000e+00 2.000000000e+00 4.331210131e-12 
d 0.000000000e+00 0.000000000e+00 -3.219209076e-11 4.000000000e-01 4.000000000e-01 4.174970749e-12 2.000000000e+00 2.000000000e+00 2.801722177e-11 
d 0.000000000e+00 0.000000000e+00 -1.985543892e-10 4.500000000e-01 4.500000000e-01 1.682378532e-11 2.000000000e+00 2.000000000e+00 1.817306432e-10 
d 0.000000000e+00 0.000000000e+00 -1.260105324e-09 5.000000000e-01 5.000000000e-01 8.042931062e-11 2.000000000e+00 2.000000000e+00 1.179676047e-09 
d 0.000000000e+00 0.000000000e+00 -8.098022112e-09 5.500000000e-01 5.500000000e-01 4.447806599e-10 2.000000000e+00 2.000000000e+00 7.653241383e-09 
d 0.000000000e+00 0.000000000e+00 -5.223933419e-08 6.000000000e-01 6.000000000e-01 2.713829594e-09 2.000000000e+00 2.000000000e+00 4.952550442e-08 
d 0.000000000e+00 0.000000000e+00 -3.355243854e-07 6.500000000e-01 6.500000000e-01 1.746006721e-08 2.000000000e+00 2.000000000e+00 3.180643181e-07 
d 0.000000000e+00 0.000000000e+00 -2.096835046e-06 7.000000000e-01 7.000000000e-01 1.131334582e-07 2.000000000e+00 2.000000000e+00 1.983701587e-06 
d 0.000000000e+00 0.000000000e+00 -1.157249976e-05 7.500000000e-01 7.500000000e-01 6.637159670e-07 2.000000000e+00 2.000000000e+00 1.090878380e-05 
d 0.000000000e+00 0.000000000e+00 -4.514785028e-05 8.000000000e-01 8.000000000e-01 2.806517016e-06 2.000000000e+00 2.000000000e+00 4.234133327e-05 
d 0.000000000e+00 0.000000000e+00 -1.149737100e-04 8.500000000e-01 8.500000000e-01 7.841779025e-06 2.000000000e+00 2.000000000e+00 1.071319309e-04 
d 0.000000000e+00 0.000000000e+00 -2.179668544e-04 9.000000000e-01 9.000000000e-01 1.650451245e-05 2.000000000e+00 2.000000000e+00 2.014623420e-04 
d 0.000000000e+00 0.000000000e+00 -3.447018448e-04 9.500000000e-01 9.500000000e-01 2.950803463e-05 2.000000000e+00 2.000000000e+00 3.151938102e-04 
d 0.000000000e+00 0.000000000e+00 -4.863951473e-04 1.000000000e+00 1.000000000e+00 4.812651385e-05 2.000000000e+00 2.000000000e+00 4.382686334e-04 
