v ATLAS
# This file was created by ATLAS version 5.26.1.R on Tue Apr 17 06:25:14 2018.
#SSF 2.0 generic
##############################################################################
#                    Copyright (c) 1984 - 2018                               #
#                    Silvaco Inc. All rights reserved                        #
#                                                                            #
# This file format and the following Key are copyright Silvaco Inc.          #
# You may not use, this format or key without reproducing this message in    #
# full and obtaining express written permission from Silvaco Inc.            #
#                                                                            #
# To obtain such permission please contact: Silvaco Inc.                     #
#                                           support@silvaco.com              #
#                                                                            #
# KEY=SVC86hn7562asdx                       PROD=345                         #
##############################################################################
y 3 700 711 15
z 0.62 0.005 300
f 4 "gate" "source" "drain" "substrate" 
p 12 2 601 20 3 602 21 4 603 22 5 604 23 
d 2.000000000e+00 2.000000000e+00 0.000000000e+00 0.000000000e+00 0.000000000e+00 -1.084379781e-29 0.000000000e+00 0.000000000e+00 -1.084379817e-29 0.000000000e+00 0.000000000e+00 1.143378779e-38 
d 2.000000000e+00 2.000000000e+00 0.000000000e+00 0.000000000e+00 0.000000000e+00 -2.634192383e-02 1.000000000e-01 1.000000000e-01 2.634192383e-02 0.000000000e+00 0.000000000e+00 1.268491059e-31 
d 2.000000000e+00 2.000000000e+00 0.000000000e+00 0.000000000e+00 0.000000000e+00 -4.677560415e-02 2.000000000e-01 2.000000000e-01 4.677560415e-02 0.000000000e+00 0.000000000e+00 3.653361844e-32 
d 2.000000000e+00 2.000000000e+00 0.000000000e+00 0.000000000e+00 0.000000000e+00 -6.246426223e-02 3.000000000e-01 3.000000000e-01 6.246426223e-02 0.000000000e+00 0.000000000e+00 1.242075555e-32 
d 2.000000000e+00 2.000000000e+00 0.000000000e+00 0.000000000e+00 0.000000000e+00 -7.415973280e-02 4.000000000e-01 4.000000000e-01 7.415973266e-02 0.000000000e+00 0.000000000e+00 5.246126658e-28 
d 2.000000000e+00 2.000000000e+00 0.000000000e+00 0.000000000e+00 0.000000000e+00 -8.247339255e-02 5.000000000e-01 5.000000000e-01 8.247339247e-02 0.000000000e+00 0.000000000e+00 3.019996915e-28 
d 2.000000000e+00 2.000000000e+00 0.000000000e+00 0.000000000e+00 0.000000000e+00 -8.798381357e-02 6.000000000e-01 6.000000000e-01 8.798381357e-02 0.000000000e+00 0.000000000e+00 1.007411644e-33 
d 2.000000000e+00 2.000000000e+00 0.000000000e+00 0.000000000e+00 0.000000000e+00 -9.132480685e-02 7.000000000e-01 7.000000000e-01 9.132480685e-02 0.000000000e+00 0.000000000e+00 5.250790079e-34 
d 2.000000000e+00 2.000000000e+00 0.000000000e+00 0.000000000e+00 0.000000000e+00 -9.320453387e-02 8.000000000e-01 8.000000000e-01 9.320453387e-02 0.000000000e+00 0.000000000e+00 2.924491894e-34 
d 2.000000000e+00 2.000000000e+00 0.000000000e+00 0.000000000e+00 0.000000000e+00 -9.426506306e-02 9.000000000e-01 9.000000000e-01 9.426506306e-02 0.000000000e+00 0.000000000e+00 1.705274326e-34 
d 2.000000000e+00 2.000000000e+00 0.000000000e+00 0.000000000e+00 0.000000000e+00 -9.492145681e-02 1.000000000e+00 1.000000000e+00 9.492145681e-02 0.000000000e+00 0.000000000e+00 1.008829613e-34 
d 2.000000000e+00 2.000000000e+00 0.000000000e+00 0.000000000e+00 0.000000000e+00 -9.537461467e-02 1.100000000e+00 1.100000000e+00 9.537461467e-02 0.000000000e+00 0.000000000e+00 6.021066633e-35 
d 2.000000000e+00 2.000000000e+00 0.000000000e+00 0.000000000e+00 0.000000000e+00 -9.571382902e-02 1.200000000e+00 1.200000000e+00 9.571382902e-02 0.000000000e+00 0.000000000e+00 3.615692358e-35 
d 2.000000000e+00 2.000000000e+00 0.000000000e+00 0.000000000e+00 0.000000000e+00 -9.598070551e-02 1.300000000e+00 1.300000000e+00 9.598070551e-02 0.000000000e+00 0.000000000e+00 2.137520915e-35 
d 2.000000000e+00 2.000000000e+00 0.000000000e+00 0.000000000e+00 0.000000000e+00 -9.619532978e-02 1.400000000e+00 1.400000000e+00 9.619532978e-02 0.000000000e+00 0.000000000e+00 1.129754819e-35 
d 2.000000000e+00 2.000000000e+00 0.000000000e+00 0.000000000e+00 0.000000000e+00 -9.636920583e-02 1.500000000e+00 1.500000000e+00 9.636920583e-02 0.000000000e+00 0.000000000e+00 -2.315668004e-35 
d 2.000000000e+00 2.000000000e+00 0.000000000e+00 0.000000000e+00 0.000000000e+00 -9.650973673e-02 1.600000000e+00 1.600000000e+00 9.650973673e-02 0.000000000e+00 0.000000000e+00 -6.828486653e-34 
d 2.000000000e+00 2.000000000e+00 0.000000000e+00 0.000000000e+00 0.000000000e+00 -9.662098042e-02 1.700000000e+00 1.700000000e+00 9.662098042e-02 0.000000000e+00 0.000000000e+00 -1.470295387e-32 
d 2.000000000e+00 2.000000000e+00 0.000000000e+00 0.000000000e+00 0.000000000e+00 -9.670522975e-02 1.800000000e+00 1.800000000e+00 9.670522975e-02 0.000000000e+00 0.000000000e+00 -2.885169442e-31 
d 2.000000000e+00 2.000000000e+00 0.000000000e+00 0.000000000e+00 0.000000000e+00 -9.676549839e-02 1.900000000e+00 1.900000000e+00 9.676549839e-02 0.000000000e+00 0.000000000e+00 -5.024916609e-30 
d 2.000000000e+00 2.000000000e+00 0.000000000e+00 0.000000000e+00 0.000000000e+00 -9.680683571e-02 2.000000000e+00 2.000000000e+00 9.680683571e-02 0.000000000e+00 0.000000000e+00 -7.352916825e-29 
d 2.000000000e+00 2.000000000e+00 0.000000000e+00 0.000000000e+00 0.000000000e+00 -9.683527491e-02 2.100000000e+00 2.100000000e+00 9.683527491e-02 0.000000000e+00 0.000000000e+00 -8.142127222e-28 
d 2.000000000e+00 2.000000000e+00 0.000000000e+00 0.000000000e+00 0.000000000e+00 -9.685641432e-02 2.200000000e+00 2.200000000e+00 9.685641432e-02 0.000000000e+00 0.000000000e+00 -5.672795761e-27 
d 2.000000000e+00 2.000000000e+00 0.000000000e+00 0.000000000e+00 0.000000000e+00 -9.687380019e-02 2.300000000e+00 2.300000000e+00 9.687380019e-02 0.000000000e+00 0.000000000e+00 -2.068529837e-26 
d 2.000000000e+00 2.000000000e+00 0.000000000e+00 0.000000000e+00 0.000000000e+00 -9.688905381e-02 2.400000000e+00 2.400000000e+00 9.688905381e-02 0.000000000e+00 0.000000000e+00 -4.268755930e-26 
d 2.000000000e+00 2.000000000e+00 0.000000000e+00 0.000000000e+00 0.000000000e+00 -9.690317386e-02 2.500000000e+00 2.500000000e+00 9.690317386e-02 0.000000000e+00 0.000000000e+00 -6.630176923e-26 
d 2.000000000e+00 2.000000000e+00 0.000000000e+00 0.000000000e+00 0.000000000e+00 -9.691659545e-02 2.600000000e+00 2.600000000e+00 9.691659545e-02 0.000000000e+00 0.000000000e+00 -9.181612451e-26 
d 2.000000000e+00 2.000000000e+00 0.000000000e+00 0.000000000e+00 0.000000000e+00 -9.692952247e-02 2.700000000e+00 2.700000000e+00 9.692952247e-02 0.000000000e+00 0.000000000e+00 -1.198926447e-25 
d 2.000000000e+00 2.000000000e+00 0.000000000e+00 0.000000000e+00 0.000000000e+00 -9.694214984e-02 2.800000000e+00 2.800000000e+00 9.694214984e-02 0.000000000e+00 0.000000000e+00 -1.507356125e-25 
d 2.000000000e+00 2.000000000e+00 0.000000000e+00 0.000000000e+00 0.000000000e+00 -9.695456624e-02 2.900000000e+00 2.900000000e+00 9.695456624e-02 0.000000000e+00 0.000000000e+00 -1.844079565e-25 
d 2.000000000e+00 2.000000000e+00 0.000000000e+00 0.000000000e+00 0.000000000e+00 -9.696622875e-02 3.000000000e+00 3.000000000e+00 9.696622875e-02 0.000000000e+00 0.000000000e+00 -2.205949717e-25 
d 2.000000000e+00 2.000000000e+00 0.000000000e+00 0.000000000e+00 0.000000000e+00 -9.697737427e-02 3.100000000e+00 3.100000000e+00 9.697737427e-02 0.000000000e+00 0.000000000e+00 -2.593362626e-25 
d 2.000000000e+00 2.000000000e+00 0.000000000e+00 0.000000000e+00 0.000000000e+00 -9.698824475e-02 3.200000000e+00 3.200000000e+00 9.698824475e-02 0.000000000e+00 0.000000000e+00 -3.006556169e-25 
d 2.000000000e+00 2.000000000e+00 0.000000000e+00 0.000000000e+00 0.000000000e+00 -9.699886217e-02 3.300000000e+00 3.300000000e+00 9.699886217e-02 0.000000000e+00 0.000000000e+00 -3.445093138e-25 
d 2.000000000e+00 2.000000000e+00 0.000000000e+00 0.000000000e+00 0.000000000e+00 -9.700923989e-02 3.400000000e+00 3.400000000e+00 9.700923989e-02 0.000000000e+00 0.000000000e+00 -3.908585600e-25 
d 2.000000000e+00 2.000000000e+00 0.000000000e+00 0.000000000e+00 0.000000000e+00 -9.701938684e-02 3.500000000e+00 3.500000000e+00 9.701938684e-02 0.000000000e+00 0.000000000e+00 -4.396681979e-25 
d 2.000000000e+00 2.000000000e+00 0.000000000e+00 0.000000000e+00 0.000000000e+00 -9.702930675e-02 3.600000000e+00 3.600000000e+00 9.702930675e-02 0.000000000e+00 0.000000000e+00 -4.909059760e-25 
d 2.000000000e+00 2.000000000e+00 0.000000000e+00 0.000000000e+00 0.000000000e+00 -9.703899874e-02 3.700000000e+00 3.700000000e+00 9.703899874e-02 0.000000000e+00 0.000000000e+00 -5.445444960e-25 
d 2.000000000e+00 2.000000000e+00 0.000000000e+00 0.000000000e+00 0.000000000e+00 -9.704845797e-02 3.800000000e+00 3.800000000e+00 9.704845797e-02 0.000000000e+00 0.000000000e+00 -6.005162229e-25 
d 2.000000000e+00 2.000000000e+00 0.000000000e+00 0.000000000e+00 0.000000000e+00 -9.705772479e-02 3.900000000e+00 3.900000000e+00 9.705772479e-02 0.000000000e+00 0.000000000e+00 -6.587871774e-25 
d 2.000000000e+00 2.000000000e+00 0.000000000e+00 0.000000000e+00 0.000000000e+00 -9.706682989e-02 4.000000000e+00 4.000000000e+00 9.706682989e-02 0.000000000e+00 0.000000000e+00 -7.193370242e-25 
