v ATLAS
# This file was created by ATLAS version 5.26.1.R on Tue Apr 17 06:43:14 2018.
#SSF 2.0 generic
##############################################################################
#                    Copyright (c) 1984 - 2018                               #
#                    Silvaco Inc. All rights reserved                        #
#                                                                            #
# This file format and the following Key are copyright Silvaco Inc.          #
# You may not use, this format or key without reproducing this message in    #
# full and obtaining express written permission from Silvaco Inc.            #
#                                                                            #
# To obtain such permission please contact: Silvaco Inc.                     #
#                                           support@silvaco.com              #
#                                                                            #
# KEY=SVC86hn7562asdx                       PROD=345                         #
##############################################################################
y 3 700 711 15
z 0.62 0.005 300
f 4 "gate" "source" "drain" "substrate" 
p 12 2 601 20 3 602 21 4 603 22 5 604 23 
d 3.000000000e+00 3.000000000e+00 0.000000000e+00 0.000000000e+00 0.000000000e+00 -3.411702397e-37 0.000000000e+00 0.000000000e+00 -6.639813496e-37 0.000000000e+00 0.000000000e+00 2.219684105e-38 
d 3.000000000e+00 3.000000000e+00 0.000000000e+00 0.000000000e+00 0.000000000e+00 -2.680144166e-38 0.000000000e+00 0.000000000e+00 5.146880528e-38 0.000000000e+00 0.000000000e+00 -1.329127525e-37 
d 3.000000000e+00 3.000000000e+00 0.000000000e+00 0.000000000e+00 0.000000000e+00 -4.493783989e-02 1.000000000e-01 1.000000000e-01 4.493783989e-02 0.000000000e+00 0.000000000e+00 2.013981389e-31 
d 3.000000000e+00 3.000000000e+00 0.000000000e+00 0.000000000e+00 0.000000000e+00 -8.268044998e-02 2.000000000e-01 2.000000000e-01 8.268044998e-02 0.000000000e+00 0.000000000e+00 2.499041556e-32 
d 3.000000000e+00 3.000000000e+00 0.000000000e+00 0.000000000e+00 0.000000000e+00 -1.141690303e-01 3.000000000e-01 3.000000000e-01 1.141690303e-01 0.000000000e+00 0.000000000e+00 4.067013305e-33 
d 3.000000000e+00 3.000000000e+00 0.000000000e+00 0.000000000e+00 0.000000000e+00 -1.403157309e-01 4.000000000e-01 4.000000000e-01 1.403157309e-01 0.000000000e+00 0.000000000e+00 7.769844576e-34 
d 3.000000000e+00 3.000000000e+00 0.000000000e+00 0.000000000e+00 0.000000000e+00 -1.619716449e-01 5.000000000e-01 5.000000000e-01 1.619716449e-01 0.000000000e+00 0.000000000e+00 1.838226607e-34 
d 3.000000000e+00 3.000000000e+00 0.000000000e+00 0.000000000e+00 0.000000000e+00 -1.797346122e-01 6.000000000e-01 6.000000000e-01 1.797346122e-01 0.000000000e+00 0.000000000e+00 5.120017752e-35 
d 3.000000000e+00 3.000000000e+00 0.000000000e+00 0.000000000e+00 0.000000000e+00 -1.941107017e-01 7.000000000e-01 7.000000000e-01 1.941107017e-01 0.000000000e+00 0.000000000e+00 1.685300970e-35 
d 3.000000000e+00 3.000000000e+00 0.000000000e+00 0.000000000e+00 0.000000000e+00 -2.055003599e-01 8.000000000e-01 8.000000000e-01 2.055003599e-01 0.000000000e+00 0.000000000e+00 6.197604853e-36 
d 3.000000000e+00 3.000000000e+00 0.000000000e+00 0.000000000e+00 0.000000000e+00 -2.143026508e-01 9.000000000e-01 9.000000000e-01 2.143026508e-01 0.000000000e+00 0.000000000e+00 8.296709635e-30 
d 3.000000000e+00 3.000000000e+00 0.000000000e+00 0.000000000e+00 0.000000000e+00 -2.208843194e-01 1.000000000e+00 1.000000000e+00 2.208843194e-01 0.000000000e+00 0.000000000e+00 4.626243138e-30 
d 3.000000000e+00 3.000000000e+00 0.000000000e+00 0.000000000e+00 0.000000000e+00 -2.256138637e-01 1.100000000e+00 1.100000000e+00 2.256138637e-01 0.000000000e+00 0.000000000e+00 2.670216881e-30 
d 3.000000000e+00 3.000000000e+00 0.000000000e+00 0.000000000e+00 0.000000000e+00 -2.289007238e-01 1.200000000e+00 1.200000000e+00 2.289007238e-01 0.000000000e+00 0.000000000e+00 1.605172280e-30 
d 3.000000000e+00 3.000000000e+00 0.000000000e+00 0.000000000e+00 0.000000000e+00 -2.311519406e-01 1.300000000e+00 1.300000000e+00 2.311519406e-01 0.000000000e+00 0.000000000e+00 9.736707603e-31 
d 3.000000000e+00 3.000000000e+00 0.000000000e+00 0.000000000e+00 0.000000000e+00 -2.327084212e-01 1.400000000e+00 1.400000000e+00 2.327084212e-01 0.000000000e+00 0.000000000e+00 6.585250870e-31 
d 3.000000000e+00 3.000000000e+00 0.000000000e+00 0.000000000e+00 0.000000000e+00 -2.338118736e-01 1.500000000e+00 1.500000000e+00 2.338118736e-01 0.000000000e+00 0.000000000e+00 3.836013040e-31 
d 3.000000000e+00 3.000000000e+00 0.000000000e+00 0.000000000e+00 0.000000000e+00 -2.346264680e-01 1.600000000e+00 1.600000000e+00 2.346264680e-01 0.000000000e+00 0.000000000e+00 2.630012112e-31 
d 3.000000000e+00 3.000000000e+00 0.000000000e+00 0.000000000e+00 0.000000000e+00 -2.352406827e-01 1.700000000e+00 1.700000000e+00 2.352406827e-01 0.000000000e+00 0.000000000e+00 1.343410577e-31 
d 3.000000000e+00 3.000000000e+00 0.000000000e+00 0.000000000e+00 0.000000000e+00 -2.357116225e-01 1.800000000e+00 1.800000000e+00 2.357116225e-01 0.000000000e+00 0.000000000e+00 -1.738851424e-31 
d 3.000000000e+00 3.000000000e+00 0.000000000e+00 0.000000000e+00 0.000000000e+00 -2.360727195e-01 1.900000000e+00 1.900000000e+00 2.360727195e-01 0.000000000e+00 0.000000000e+00 -4.678249834e-30 
d 3.000000000e+00 3.000000000e+00 0.000000000e+00 0.000000000e+00 0.000000000e+00 -2.363496350e-01 2.000000000e+00 2.000000000e+00 2.363496350e-01 0.000000000e+00 0.000000000e+00 -6.959124864e-29 
d 3.000000000e+00 3.000000000e+00 0.000000000e+00 0.000000000e+00 0.000000000e+00 -2.365619042e-01 2.100000000e+00 2.100000000e+00 2.365619042e-01 0.000000000e+00 0.000000000e+00 -7.769514806e-28 
d 3.000000000e+00 3.000000000e+00 0.000000000e+00 0.000000000e+00 0.000000000e+00 -2.367267188e-01 2.200000000e+00 2.200000000e+00 2.367267188e-01 0.000000000e+00 0.000000000e+00 -5.466854995e-27 
d 3.000000000e+00 3.000000000e+00 0.000000000e+00 0.000000000e+00 0.000000000e+00 -2.368569215e-01 2.300000000e+00 2.300000000e+00 2.368569215e-01 0.000000000e+00 0.000000000e+00 -2.015592596e-26 
d 3.000000000e+00 3.000000000e+00 0.000000000e+00 0.000000000e+00 0.000000000e+00 -2.369607492e-01 2.400000000e+00 2.400000000e+00 2.369607492e-01 0.000000000e+00 0.000000000e+00 -4.194446719e-26 
d 3.000000000e+00 3.000000000e+00 0.000000000e+00 0.000000000e+00 0.000000000e+00 -2.370489052e-01 2.500000000e+00 2.500000000e+00 2.370489052e-01 0.000000000e+00 0.000000000e+00 -6.542848377e-26 
d 3.000000000e+00 3.000000000e+00 0.000000000e+00 0.000000000e+00 0.000000000e+00 -2.371285309e-01 2.600000000e+00 2.600000000e+00 2.371285309e-01 0.000000000e+00 0.000000000e+00 -9.085761975e-26 
d 3.000000000e+00 3.000000000e+00 0.000000000e+00 0.000000000e+00 0.000000000e+00 -2.372027358e-01 2.700000000e+00 2.700000000e+00 2.372027358e-01 0.000000000e+00 0.000000000e+00 -1.189033858e-25 
d 3.000000000e+00 3.000000000e+00 0.000000000e+00 0.000000000e+00 0.000000000e+00 -2.372742503e-01 2.800000000e+00 2.800000000e+00 2.372742503e-01 0.000000000e+00 0.000000000e+00 -1.498497037e-25 
d 3.000000000e+00 3.000000000e+00 0.000000000e+00 0.000000000e+00 0.000000000e+00 -2.373400895e-01 2.900000000e+00 2.900000000e+00 2.373400895e-01 0.000000000e+00 0.000000000e+00 -1.836909955e-25 
d 3.000000000e+00 3.000000000e+00 0.000000000e+00 0.000000000e+00 0.000000000e+00 -2.373952297e-01 3.000000000e+00 3.000000000e+00 2.373952297e-01 0.000000000e+00 0.000000000e+00 -2.200135451e-25 
d 3.000000000e+00 3.000000000e+00 0.000000000e+00 0.000000000e+00 0.000000000e+00 -2.374458781e-01 3.100000000e+00 3.100000000e+00 2.374458781e-01 0.000000000e+00 0.000000000e+00 -2.588727105e-25 
d 3.000000000e+00 3.000000000e+00 0.000000000e+00 0.000000000e+00 0.000000000e+00 -2.374923921e-01 3.200000000e+00 3.200000000e+00 2.374923921e-01 0.000000000e+00 0.000000000e+00 -3.003319679e-25 
d 3.000000000e+00 3.000000000e+00 0.000000000e+00 0.000000000e+00 0.000000000e+00 -2.375370319e-01 3.300000000e+00 3.300000000e+00 2.375370319e-01 0.000000000e+00 0.000000000e+00 -3.443579310e-25 
d 3.000000000e+00 3.000000000e+00 0.000000000e+00 0.000000000e+00 0.000000000e+00 -2.375787887e-01 3.400000000e+00 3.400000000e+00 2.375787887e-01 0.000000000e+00 0.000000000e+00 -3.908781045e-25 
d 3.000000000e+00 3.000000000e+00 0.000000000e+00 0.000000000e+00 0.000000000e+00 -2.376183010e-01 3.500000000e+00 3.500000000e+00 2.376183010e-01 0.000000000e+00 0.000000000e+00 -4.398485689e-25 
d 3.000000000e+00 3.000000000e+00 0.000000000e+00 0.000000000e+00 0.000000000e+00 -2.376559442e-01 3.600000000e+00 3.600000000e+00 2.376559442e-01 0.000000000e+00 0.000000000e+00 -4.912456444e-25 
d 3.000000000e+00 3.000000000e+00 0.000000000e+00 0.000000000e+00 0.000000000e+00 -2.376907477e-01 3.700000000e+00 3.700000000e+00 2.376907477e-01 0.000000000e+00 0.000000000e+00 -5.449970048e-25 
d 3.000000000e+00 3.000000000e+00 0.000000000e+00 0.000000000e+00 0.000000000e+00 -2.377218251e-01 3.800000000e+00 3.800000000e+00 2.377218251e-01 0.000000000e+00 0.000000000e+00 -6.010502728e-25 
d 3.000000000e+00 3.000000000e+00 0.000000000e+00 0.000000000e+00 0.000000000e+00 -2.377512771e-01 3.900000000e+00 3.900000000e+00 2.377512771e-01 0.000000000e+00 0.000000000e+00 -6.594388875e-25 
d 3.000000000e+00 3.000000000e+00 0.000000000e+00 0.000000000e+00 0.000000000e+00 -2.377803254e-01 4.000000000e+00 4.000000000e+00 2.377803254e-01 0.000000000e+00 0.000000000e+00 -7.201188443e-25 
