v ATLAS
# This file was created by ATLAS version 5.26.1.R on Tue Apr 17 06:07:32 2018.
#SSF 2.0 generic
##############################################################################
#                    Copyright (c) 1984 - 2018                               #
#                    Silvaco Inc. All rights reserved                        #
#                                                                            #
# This file format and the following Key are copyright Silvaco Inc.          #
# You may not use, this format or key without reproducing this message in    #
# full and obtaining express written permission from Silvaco Inc.            #
#                                                                            #
# To obtain such permission please contact: Silvaco Inc.                     #
#                                           support@silvaco.com              #
#                                                                            #
# KEY=SVC86hn7562asdx                       PROD=345                         #
##############################################################################
y 3 700 711 15
z 0.62 0.005 300
f 4 "gate" "source" "drain" "substrate" 
p 12 2 601 20 3 602 21 4 603 22 5 604 23 
d 1.000000000e+00 1.000000000e+00 0.000000000e+00 0.000000000e+00 0.000000000e+00 4.786026838e-32 0.000000000e+00 0.000000000e+00 4.786057717e-32 0.000000000e+00 0.000000000e+00 2.160659468e-38 
d 1.000000000e+00 1.000000000e+00 0.000000000e+00 0.000000000e+00 0.000000000e+00 -6.458101700e-03 1.000000000e-01 1.000000000e-01 6.458101700e-03 0.000000000e+00 0.000000000e+00 6.080967008e-32 
d 1.000000000e+00 1.000000000e+00 0.000000000e+00 0.000000000e+00 0.000000000e+00 -9.436067723e-03 2.000000000e-01 2.000000000e-01 9.436067723e-03 0.000000000e+00 0.000000000e+00 3.058979967e-32 
d 1.000000000e+00 1.000000000e+00 0.000000000e+00 0.000000000e+00 0.000000000e+00 -1.035323884e-02 3.000000000e-01 3.000000000e-01 1.035323884e-02 0.000000000e+00 0.000000000e+00 1.526219914e-32 
d 1.000000000e+00 1.000000000e+00 0.000000000e+00 0.000000000e+00 0.000000000e+00 -1.057050997e-02 4.000000000e-01 4.000000000e-01 1.057050997e-02 0.000000000e+00 0.000000000e+00 8.800394066e-33 
d 1.000000000e+00 1.000000000e+00 0.000000000e+00 0.000000000e+00 0.000000000e+00 -1.065846303e-02 5.000000000e-01 5.000000000e-01 1.065846303e-02 0.000000000e+00 0.000000000e+00 5.493200850e-33 
d 1.000000000e+00 1.000000000e+00 0.000000000e+00 0.000000000e+00 0.000000000e+00 -1.071603193e-02 6.000000000e-01 6.000000000e-01 1.071603193e-02 0.000000000e+00 0.000000000e+00 3.546230635e-33 
d 1.000000000e+00 1.000000000e+00 0.000000000e+00 0.000000000e+00 0.000000000e+00 -1.075967489e-02 7.000000000e-01 7.000000000e-01 1.075967489e-02 0.000000000e+00 0.000000000e+00 2.312059524e-33 
d 1.000000000e+00 1.000000000e+00 0.000000000e+00 0.000000000e+00 0.000000000e+00 -1.079456579e-02 8.000000000e-01 8.000000000e-01 1.079456579e-02 0.000000000e+00 0.000000000e+00 1.497849721e-33 
d 1.000000000e+00 1.000000000e+00 0.000000000e+00 0.000000000e+00 0.000000000e+00 -1.082342622e-02 9.000000000e-01 9.000000000e-01 1.082342622e-02 0.000000000e+00 0.000000000e+00 9.393605117e-34 
d 1.000000000e+00 1.000000000e+00 0.000000000e+00 0.000000000e+00 0.000000000e+00 -1.084708574e-02 1.000000000e+00 1.000000000e+00 1.084708574e-02 0.000000000e+00 0.000000000e+00 5.643516923e-34 
d 1.000000000e+00 1.000000000e+00 0.000000000e+00 0.000000000e+00 0.000000000e+00 -1.086648723e-02 1.100000000e+00 1.100000000e+00 1.086648723e-02 0.000000000e+00 0.000000000e+00 3.312517314e-34 
d 1.000000000e+00 1.000000000e+00 0.000000000e+00 0.000000000e+00 0.000000000e+00 -1.088266182e-02 1.200000000e+00 1.200000000e+00 1.088266182e-02 0.000000000e+00 0.000000000e+00 1.913980437e-34 
d 1.000000000e+00 1.000000000e+00 0.000000000e+00 0.000000000e+00 0.000000000e+00 -1.089628044e-02 1.300000000e+00 1.300000000e+00 1.089628044e-02 0.000000000e+00 0.000000000e+00 1.118071071e-34 
d 1.000000000e+00 1.000000000e+00 0.000000000e+00 0.000000000e+00 0.000000000e+00 -1.090769108e-02 1.400000000e+00 1.400000000e+00 1.090769108e-02 0.000000000e+00 0.000000000e+00 6.154627762e-35 
d 1.000000000e+00 1.000000000e+00 0.000000000e+00 0.000000000e+00 0.000000000e+00 -1.091703142e-02 1.500000000e+00 1.500000000e+00 1.091703142e-02 0.000000000e+00 0.000000000e+00 2.683939711e-36 
d 1.000000000e+00 1.000000000e+00 0.000000000e+00 0.000000000e+00 0.000000000e+00 -1.092478543e-02 1.600000000e+00 1.600000000e+00 1.092478543e-02 0.000000000e+00 0.000000000e+00 -7.069188947e-34 
d 1.000000000e+00 1.000000000e+00 0.000000000e+00 0.000000000e+00 0.000000000e+00 -1.093101972e-02 1.700000000e+00 1.700000000e+00 1.093101972e-02 0.000000000e+00 0.000000000e+00 -1.548956080e-32 
d 1.000000000e+00 1.000000000e+00 0.000000000e+00 0.000000000e+00 0.000000000e+00 -1.093580544e-02 1.800000000e+00 1.800000000e+00 1.093580544e-02 0.000000000e+00 0.000000000e+00 -3.033035003e-31 
d 1.000000000e+00 1.000000000e+00 0.000000000e+00 0.000000000e+00 0.000000000e+00 -1.093957349e-02 1.900000000e+00 1.900000000e+00 1.093957349e-02 0.000000000e+00 0.000000000e+00 -5.263859481e-30 
d 1.000000000e+00 1.000000000e+00 0.000000000e+00 0.000000000e+00 0.000000000e+00 -1.094240505e-02 2.000000000e+00 2.000000000e+00 1.094240505e-02 0.000000000e+00 0.000000000e+00 -7.664779670e-29 
d 1.000000000e+00 1.000000000e+00 0.000000000e+00 0.000000000e+00 0.000000000e+00 -1.094464868e-02 2.100000000e+00 2.100000000e+00 1.094464868e-02 0.000000000e+00 0.000000000e+00 -8.431611105e-28 
d 1.000000000e+00 1.000000000e+00 0.000000000e+00 0.000000000e+00 0.000000000e+00 -1.094659838e-02 2.200000000e+00 2.200000000e+00 1.094659838e-02 0.000000000e+00 0.000000000e+00 -5.823305946e-27 
d 1.000000000e+00 1.000000000e+00 0.000000000e+00 0.000000000e+00 0.000000000e+00 -1.094840448e-02 2.300000000e+00 2.300000000e+00 1.094840448e-02 0.000000000e+00 0.000000000e+00 -2.103312092e-26 
d 1.000000000e+00 1.000000000e+00 0.000000000e+00 0.000000000e+00 0.000000000e+00 -1.095012044e-02 2.400000000e+00 2.400000000e+00 1.095012044e-02 0.000000000e+00 0.000000000e+00 -4.315974267e-26 
d 1.000000000e+00 1.000000000e+00 0.000000000e+00 0.000000000e+00 0.000000000e+00 -1.095177467e-02 2.500000000e+00 2.500000000e+00 1.095177467e-02 0.000000000e+00 0.000000000e+00 -6.684273134e-26 
d 1.000000000e+00 1.000000000e+00 0.000000000e+00 0.000000000e+00 0.000000000e+00 -1.095338421e-02 2.600000000e+00 2.600000000e+00 1.095338421e-02 0.000000000e+00 0.000000000e+00 -9.239984876e-26 
d 1.000000000e+00 1.000000000e+00 0.000000000e+00 0.000000000e+00 0.000000000e+00 -1.095495658e-02 2.700000000e+00 2.700000000e+00 1.095495658e-02 0.000000000e+00 0.000000000e+00 -1.204742033e-25 
d 1.000000000e+00 1.000000000e+00 0.000000000e+00 0.000000000e+00 0.000000000e+00 -1.095649691e-02 2.800000000e+00 2.800000000e+00 1.095649691e-02 0.000000000e+00 0.000000000e+00 -1.512348808e-25 
d 1.000000000e+00 1.000000000e+00 0.000000000e+00 0.000000000e+00 0.000000000e+00 -1.095801182e-02 2.900000000e+00 2.900000000e+00 1.095801182e-02 0.000000000e+00 0.000000000e+00 -1.847057424e-25 
d 1.000000000e+00 1.000000000e+00 0.000000000e+00 0.000000000e+00 0.000000000e+00 -1.095949334e-02 3.000000000e+00 3.000000000e+00 1.095949334e-02 0.000000000e+00 0.000000000e+00 -2.207991720e-25 
d 1.000000000e+00 1.000000000e+00 0.000000000e+00 0.000000000e+00 0.000000000e+00 -1.096094579e-02 3.100000000e+00 3.100000000e+00 1.096094579e-02 0.000000000e+00 0.000000000e+00 -2.594928083e-25 
d 1.000000000e+00 1.000000000e+00 0.000000000e+00 0.000000000e+00 0.000000000e+00 -1.096237336e-02 3.200000000e+00 3.200000000e+00 1.096237336e-02 0.000000000e+00 0.000000000e+00 -3.007485560e-25 
d 1.000000000e+00 1.000000000e+00 0.000000000e+00 0.000000000e+00 0.000000000e+00 -1.096377698e-02 3.300000000e+00 3.300000000e+00 1.096377698e-02 0.000000000e+00 0.000000000e+00 -3.445225860e-25 
d 1.000000000e+00 1.000000000e+00 0.000000000e+00 0.000000000e+00 0.000000000e+00 -1.096515753e-02 3.400000000e+00 3.400000000e+00 1.096515753e-02 0.000000000e+00 0.000000000e+00 -3.907744249e-25 
d 1.000000000e+00 1.000000000e+00 0.000000000e+00 0.000000000e+00 0.000000000e+00 -1.096651587e-02 3.500000000e+00 3.500000000e+00 1.096651587e-02 0.000000000e+00 0.000000000e+00 -4.394667403e-25 
d 1.000000000e+00 1.000000000e+00 0.000000000e+00 0.000000000e+00 0.000000000e+00 -1.096785276e-02 3.600000000e+00 3.600000000e+00 1.096785276e-02 0.000000000e+00 0.000000000e+00 -4.905649500e-25 
d 1.000000000e+00 1.000000000e+00 0.000000000e+00 0.000000000e+00 0.000000000e+00 -1.096916893e-02 3.700000000e+00 3.700000000e+00 1.096916893e-02 0.000000000e+00 0.000000000e+00 -5.440370405e-25 
d 1.000000000e+00 1.000000000e+00 0.000000000e+00 0.000000000e+00 0.000000000e+00 -1.097046512e-02 3.800000000e+00 3.800000000e+00 1.097046512e-02 0.000000000e+00 0.000000000e+00 -5.998536884e-25 
d 1.000000000e+00 1.000000000e+00 0.000000000e+00 0.000000000e+00 0.000000000e+00 -1.097174213e-02 3.900000000e+00 3.900000000e+00 1.097174213e-02 0.000000000e+00 0.000000000e+00 -6.579883930e-25 
d 1.000000000e+00 1.000000000e+00 0.000000000e+00 0.000000000e+00 0.000000000e+00 -1.097300072e-02 4.000000000e+00 4.000000000e+00 1.097300072e-02 0.000000000e+00 0.000000000e+00 -7.184166851e-25 
