v ATLAS
# This file was created by ATLAS version 5.26.1.R on Tue Apr 17 07:16:14 2018.
#SSF 2.0 generic
##############################################################################
#                    Copyright (c) 1984 - 2018                               #
#                    Silvaco Inc. All rights reserved                        #
#                                                                            #
# This file format and the following Key are copyright Silvaco Inc.          #
# You may not use, this format or key without reproducing this message in    #
# full and obtaining express written permission from Silvaco Inc.            #
#                                                                            #
# To obtain such permission please contact: Silvaco Inc.                     #
#                                           support@silvaco.com              #
#                                                                            #
# KEY=SVC86hn7562asdx                       PROD=345                         #
##############################################################################
y 3 700 711 15
z 0.62 0.005 300
f 4 "gate" "source" "drain" "substrate" 
p 12 2 601 20 3 602 21 4 603 22 5 604 23 
d 5.000000000e+00 5.000000000e+00 0.000000000e+00 0.000000000e+00 0.000000000e+00 -2.263161288e-33 0.000000000e+00 0.000000000e+00 -2.263167155e-33 0.000000000e+00 0.000000000e+00 1.164037402e-37 
d 5.000000000e+00 5.000000000e+00 0.000000000e+00 0.000000000e+00 0.000000000e+00 -6.464999000e-02 1.000000000e-01 1.000000000e-01 6.464999000e-02 0.000000000e+00 0.000000000e+00 5.917738833e-31 
d 5.000000000e+00 5.000000000e+00 0.000000000e+00 0.000000000e+00 0.000000000e+00 -1.237631610e-01 2.000000000e-01 2.000000000e-01 1.237631610e-01 0.000000000e+00 0.000000000e+00 2.856803084e-32 
d 5.000000000e+00 5.000000000e+00 0.000000000e+00 0.000000000e+00 0.000000000e+00 -1.783373952e-01 3.000000000e-01 3.000000000e-01 1.783373952e-01 0.000000000e+00 0.000000000e+00 1.183486843e-33 
d 5.000000000e+00 5.000000000e+00 0.000000000e+00 0.000000000e+00 0.000000000e+00 -2.290502461e-01 4.000000000e-01 4.000000000e-01 2.290502461e-01 0.000000000e+00 0.000000000e+00 5.296845953e-35 
d 5.000000000e+00 5.000000000e+00 0.000000000e+00 0.000000000e+00 0.000000000e+00 -2.763223514e-01 5.000000000e-01 5.000000000e-01 2.763223514e-01 0.000000000e+00 0.000000000e+00 1.575440588e-29 
d 5.000000000e+00 5.000000000e+00 0.000000000e+00 0.000000000e+00 0.000000000e+00 -3.204512354e-01 6.000000000e-01 6.000000000e-01 3.204512354e-01 0.000000000e+00 0.000000000e+00 4.449483053e-30 
d 5.000000000e+00 5.000000000e+00 0.000000000e+00 0.000000000e+00 0.000000000e+00 -3.615818183e-01 7.000000000e-01 7.000000000e-01 3.615818183e-01 0.000000000e+00 0.000000000e+00 1.043118880e-30 
d 5.000000000e+00 5.000000000e+00 0.000000000e+00 0.000000000e+00 0.000000000e+00 -3.999072665e-01 8.000000000e-01 8.000000000e-01 3.999072665e-01 0.000000000e+00 0.000000000e+00 3.002845792e-31 
d 5.000000000e+00 5.000000000e+00 0.000000000e+00 0.000000000e+00 0.000000000e+00 -4.352784357e-01 9.000000000e-01 9.000000000e-01 4.352784357e-01 0.000000000e+00 0.000000000e+00 3.817935134e-32 
d 5.000000000e+00 5.000000000e+00 0.000000000e+00 0.000000000e+00 0.000000000e+00 -4.678662340e-01 1.000000000e+00 1.000000000e+00 4.678662340e-01 0.000000000e+00 0.000000000e+00 1.072817608e-32 
d 5.000000000e+00 5.000000000e+00 0.000000000e+00 0.000000000e+00 0.000000000e+00 -4.977375199e-01 1.100000000e+00 1.100000000e+00 4.977375199e-01 0.000000000e+00 0.000000000e+00 2.942760346e-33 
d 5.000000000e+00 5.000000000e+00 0.000000000e+00 0.000000000e+00 0.000000000e+00 -5.249581652e-01 1.200000000e+00 1.200000000e+00 5.249581652e-01 0.000000000e+00 0.000000000e+00 5.574106722e-34 
d 5.000000000e+00 5.000000000e+00 0.000000000e+00 0.000000000e+00 0.000000000e+00 -5.498139057e-01 1.300000000e+00 1.300000000e+00 5.498139057e-01 0.000000000e+00 0.000000000e+00 1.474972822e-34 
d 5.000000000e+00 5.000000000e+00 0.000000000e+00 0.000000000e+00 0.000000000e+00 -5.720288801e-01 1.400000000e+00 1.400000000e+00 5.720288801e-01 0.000000000e+00 0.000000000e+00 3.964149226e-35 
d 5.000000000e+00 5.000000000e+00 0.000000000e+00 0.000000000e+00 0.000000000e+00 -5.922782104e-01 1.500000000e+00 1.500000000e+00 5.922782104e-01 0.000000000e+00 0.000000000e+00 -1.553686760e-35 
d 5.000000000e+00 5.000000000e+00 0.000000000e+00 0.000000000e+00 0.000000000e+00 -6.105930106e-01 1.600000000e+00 1.600000000e+00 6.105930106e-01 0.000000000e+00 0.000000000e+00 2.235265782e-29 
d 5.000000000e+00 5.000000000e+00 0.000000000e+00 0.000000000e+00 0.000000000e+00 -6.269440832e-01 1.700000000e+00 1.700000000e+00 6.269440832e-01 0.000000000e+00 0.000000000e+00 1.695481614e-29 
d 5.000000000e+00 5.000000000e+00 0.000000000e+00 0.000000000e+00 0.000000000e+00 -6.416571303e-01 1.800000000e+00 1.800000000e+00 6.416571303e-01 0.000000000e+00 0.000000000e+00 1.484563922e-29 
d 5.000000000e+00 5.000000000e+00 0.000000000e+00 0.000000000e+00 0.000000000e+00 -6.548133181e-01 1.900000000e+00 1.900000000e+00 6.548133181e-01 0.000000000e+00 0.000000000e+00 7.444050760e-30 
d 5.000000000e+00 5.000000000e+00 0.000000000e+00 0.000000000e+00 0.000000000e+00 -6.663513775e-01 2.000000000e+00 2.000000000e+00 6.663513775e-01 0.000000000e+00 0.000000000e+00 -5.496369411e-29 
d 5.000000000e+00 5.000000000e+00 0.000000000e+00 0.000000000e+00 0.000000000e+00 -6.764066814e-01 2.100000000e+00 2.100000000e+00 6.764066814e-01 0.000000000e+00 0.000000000e+00 -6.927190523e-28 
d 5.000000000e+00 5.000000000e+00 0.000000000e+00 0.000000000e+00 0.000000000e+00 -6.848817939e-01 2.200000000e+00 2.200000000e+00 6.848817939e-01 0.000000000e+00 0.000000000e+00 -5.142664568e-27 
d 5.000000000e+00 5.000000000e+00 0.000000000e+00 0.000000000e+00 0.000000000e+00 -6.914630500e-01 2.300000000e+00 2.300000000e+00 6.914630500e-01 0.000000000e+00 0.000000000e+00 -6.259808552e-23 
d 5.000000000e+00 5.000000000e+00 0.000000000e+00 0.000000000e+00 0.000000000e+00 -6.967007061e-01 2.400000000e+00 2.400000000e+00 6.967007061e-01 0.000000000e+00 0.000000000e+00 -4.024770914e-26 
d 5.000000000e+00 5.000000000e+00 0.000000000e+00 0.000000000e+00 0.000000000e+00 -7.009425081e-01 2.500000000e+00 2.500000000e+00 7.009425081e-01 0.000000000e+00 0.000000000e+00 -6.347383681e-26 
d 5.000000000e+00 5.000000000e+00 0.000000000e+00 0.000000000e+00 0.000000000e+00 -7.044167084e-01 2.600000000e+00 2.600000000e+00 7.044167084e-01 0.000000000e+00 0.000000000e+00 -8.877299835e-26 
d 5.000000000e+00 5.000000000e+00 0.000000000e+00 0.000000000e+00 0.000000000e+00 -7.072595953e-01 2.700000000e+00 2.700000000e+00 7.072595953e-01 0.000000000e+00 0.000000000e+00 -1.168146995e-25 
d 5.000000000e+00 5.000000000e+00 0.000000000e+00 0.000000000e+00 0.000000000e+00 -7.094666685e-01 2.800000000e+00 2.800000000e+00 7.094666685e-01 0.000000000e+00 0.000000000e+00 -1.477242393e-25 
d 5.000000000e+00 5.000000000e+00 0.000000000e+00 0.000000000e+00 0.000000000e+00 -7.110578969e-01 2.900000000e+00 2.900000000e+00 7.110578969e-01 0.000000000e+00 0.000000000e+00 -1.813201850e-25 
d 5.000000000e+00 5.000000000e+00 0.000000000e+00 0.000000000e+00 0.000000000e+00 -7.122107817e-01 3.000000000e+00 3.000000000e+00 7.122107817e-01 0.000000000e+00 0.000000000e+00 -2.174838466e-25 
d 5.000000000e+00 5.000000000e+00 0.000000000e+00 0.000000000e+00 0.000000000e+00 -7.131124318e-01 3.100000000e+00 3.100000000e+00 7.131124318e-01 0.000000000e+00 0.000000000e+00 -2.562692708e-25 
d 5.000000000e+00 5.000000000e+00 0.000000000e+00 0.000000000e+00 0.000000000e+00 -7.138383640e-01 3.200000000e+00 3.200000000e+00 7.138383640e-01 0.000000000e+00 0.000000000e+00 -2.976754222e-25 
d 5.000000000e+00 5.000000000e+00 0.000000000e+00 0.000000000e+00 0.000000000e+00 -7.143868335e-01 3.300000000e+00 3.300000000e+00 7.143868335e-01 0.000000000e+00 0.000000000e+00 -3.416313400e-25 
d 5.000000000e+00 5.000000000e+00 0.000000000e+00 0.000000000e+00 0.000000000e+00 -7.148512714e-01 3.400000000e+00 3.400000000e+00 7.148512714e-01 0.000000000e+00 0.000000000e+00 -3.881111709e-25 
d 5.000000000e+00 5.000000000e+00 0.000000000e+00 0.000000000e+00 0.000000000e+00 -7.152730551e-01 3.500000000e+00 3.500000000e+00 7.152730551e-01 0.000000000e+00 0.000000000e+00 -4.370849199e-25 
d 5.000000000e+00 5.000000000e+00 0.000000000e+00 0.000000000e+00 0.000000000e+00 -7.156532202e-01 3.600000000e+00 3.600000000e+00 7.156532202e-01 0.000000000e+00 0.000000000e+00 -4.884962872e-25 
d 5.000000000e+00 5.000000000e+00 0.000000000e+00 0.000000000e+00 0.000000000e+00 -7.159952449e-01 3.700000000e+00 3.700000000e+00 7.159952449e-01 0.000000000e+00 0.000000000e+00 -5.422923486e-25 
d 5.000000000e+00 5.000000000e+00 0.000000000e+00 0.000000000e+00 0.000000000e+00 -7.163043481e-01 3.800000000e+00 3.800000000e+00 7.163043481e-01 0.000000000e+00 0.000000000e+00 -5.984101570e-25 
d 5.000000000e+00 5.000000000e+00 0.000000000e+00 0.000000000e+00 0.000000000e+00 -7.165767995e-01 3.900000000e+00 3.900000000e+00 7.165767995e-01 0.000000000e+00 0.000000000e+00 -6.568253599e-25 
d 5.000000000e+00 5.000000000e+00 0.000000000e+00 0.000000000e+00 0.000000000e+00 -7.168258913e-01 4.000000000e+00 4.000000000e+00 7.168258913e-01 0.000000000e+00 0.000000000e+00 -7.175240239e-25 
