v ATLAS
# This file was created by ATLAS version 5.26.1.R on Tue Apr 17 07:00:04 2018.
#SSF 2.0 generic
##############################################################################
#                    Copyright (c) 1984 - 2018                               #
#                    Silvaco Inc. All rights reserved                        #
#                                                                            #
# This file format and the following Key are copyright Silvaco Inc.          #
# You may not use, this format or key without reproducing this message in    #
# full and obtaining express written permission from Silvaco Inc.            #
#                                                                            #
# To obtain such permission please contact: Silvaco Inc.                     #
#                                           support@silvaco.com              #
#                                                                            #
# KEY=SVC86hn7562asdx                       PROD=345                         #
##############################################################################
y 3 700 711 15
z 0.62 0.005 300
f 4 "gate" "source" "drain" "substrate" 
p 12 2 601 20 3 602 21 4 603 22 5 604 23 
d 4.000000000e+00 4.000000000e+00 0.000000000e+00 0.000000000e+00 0.000000000e+00 5.833754391e-27 0.000000000e+00 0.000000000e+00 5.833754391e-27 0.000000000e+00 0.000000000e+00 -2.996591429e-36 
d 4.000000000e+00 4.000000000e+00 0.000000000e+00 0.000000000e+00 0.000000000e+00 -5.490184618e-02 1.000000000e-01 1.000000000e-01 5.490184618e-02 0.000000000e+00 0.000000000e+00 3.950929074e-31 
d 4.000000000e+00 4.000000000e+00 0.000000000e+00 0.000000000e+00 0.000000000e+00 -1.037142481e-01 2.000000000e-01 2.000000000e-01 1.037142481e-01 0.000000000e+00 0.000000000e+00 2.879858823e-32 
d 4.000000000e+00 4.000000000e+00 0.000000000e+00 0.000000000e+00 0.000000000e+00 -1.476343753e-01 3.000000000e-01 3.000000000e-01 1.476343753e-01 0.000000000e+00 0.000000000e+00 2.301776063e-33 
d 4.000000000e+00 4.000000000e+00 0.000000000e+00 0.000000000e+00 0.000000000e+00 -1.875036369e-01 4.000000000e-01 4.000000000e-01 1.875036369e-01 0.000000000e+00 0.000000000e+00 2.104198198e-34 
d 4.000000000e+00 4.000000000e+00 0.000000000e+00 0.000000000e+00 0.000000000e+00 -2.238579471e-01 5.000000000e-01 5.000000000e-01 2.238579471e-01 0.000000000e+00 0.000000000e+00 2.175873515e-35 
d 4.000000000e+00 4.000000000e+00 0.000000000e+00 0.000000000e+00 0.000000000e+00 -2.569193549e-01 6.000000000e-01 6.000000000e-01 2.569193549e-01 0.000000000e+00 0.000000000e+00 1.146331697e-29 
d 4.000000000e+00 4.000000000e+00 0.000000000e+00 0.000000000e+00 0.000000000e+00 -2.866649025e-01 7.000000000e-01 7.000000000e-01 2.866649025e-01 0.000000000e+00 0.000000000e+00 4.005915917e-30 
d 4.000000000e+00 4.000000000e+00 0.000000000e+00 0.000000000e+00 0.000000000e+00 -3.129890607e-01 8.000000000e-01 8.000000000e-01 3.129890607e-01 0.000000000e+00 0.000000000e+00 1.392658974e-30 
d 4.000000000e+00 4.000000000e+00 0.000000000e+00 0.000000000e+00 0.000000000e+00 -3.355893001e-01 9.000000000e-01 9.000000000e-01 3.355893001e-01 0.000000000e+00 0.000000000e+00 5.319525961e-31 
d 4.000000000e+00 4.000000000e+00 0.000000000e+00 0.000000000e+00 0.000000000e+00 -3.543636051e-01 1.000000000e+00 1.000000000e+00 3.543636051e-01 0.000000000e+00 0.000000000e+00 2.840168767e-31 
d 4.000000000e+00 4.000000000e+00 0.000000000e+00 0.000000000e+00 0.000000000e+00 -3.694645626e-01 1.100000000e+00 1.100000000e+00 3.694645626e-01 0.000000000e+00 0.000000000e+00 1.725308041e-31 
d 4.000000000e+00 4.000000000e+00 0.000000000e+00 0.000000000e+00 0.000000000e+00 -3.811766725e-01 1.200000000e+00 1.200000000e+00 3.811766725e-01 0.000000000e+00 0.000000000e+00 3.574040914e-32 
d 4.000000000e+00 4.000000000e+00 0.000000000e+00 0.000000000e+00 0.000000000e+00 -3.902305953e-01 1.300000000e+00 1.300000000e+00 3.902305953e-01 0.000000000e+00 0.000000000e+00 -2.410442846e-32 
d 4.000000000e+00 4.000000000e+00 0.000000000e+00 0.000000000e+00 0.000000000e+00 -3.972185570e-01 1.400000000e+00 1.400000000e+00 3.972185570e-01 0.000000000e+00 0.000000000e+00 1.677891602e-32 
d 4.000000000e+00 4.000000000e+00 0.000000000e+00 0.000000000e+00 0.000000000e+00 -4.025513723e-01 1.500000000e+00 1.500000000e+00 4.025513723e-01 0.000000000e+00 0.000000000e+00 8.726618322e-33 
d 4.000000000e+00 4.000000000e+00 0.000000000e+00 0.000000000e+00 0.000000000e+00 -4.066705389e-01 1.600000000e+00 1.600000000e+00 4.066705389e-01 0.000000000e+00 0.000000000e+00 3.446325667e-33 
d 4.000000000e+00 4.000000000e+00 0.000000000e+00 0.000000000e+00 0.000000000e+00 -4.098063304e-01 1.700000000e+00 1.700000000e+00 4.098063304e-01 0.000000000e+00 0.000000000e+00 -1.067689279e-32 
d 4.000000000e+00 4.000000000e+00 0.000000000e+00 0.000000000e+00 0.000000000e+00 -4.121701158e-01 1.800000000e+00 1.800000000e+00 4.121701158e-01 0.000000000e+00 0.000000000e+00 -2.525611918e-31 
d 4.000000000e+00 4.000000000e+00 0.000000000e+00 0.000000000e+00 0.000000000e+00 -4.139880866e-01 1.900000000e+00 1.900000000e+00 4.139880866e-01 0.000000000e+00 0.000000000e+00 -4.460542265e-30 
d 4.000000000e+00 4.000000000e+00 0.000000000e+00 0.000000000e+00 0.000000000e+00 -4.153854860e-01 2.000000000e+00 2.000000000e+00 4.153854860e-01 0.000000000e+00 0.000000000e+00 -6.597527982e-29 
d 4.000000000e+00 4.000000000e+00 0.000000000e+00 0.000000000e+00 0.000000000e+00 -4.164782013e-01 2.100000000e+00 2.100000000e+00 4.164782013e-01 0.000000000e+00 0.000000000e+00 -7.407816327e-28 
d 4.000000000e+00 4.000000000e+00 0.000000000e+00 0.000000000e+00 0.000000000e+00 -4.173451603e-01 2.200000000e+00 2.200000000e+00 4.173451603e-01 0.000000000e+00 0.000000000e+00 -5.257589311e-27 
d 4.000000000e+00 4.000000000e+00 0.000000000e+00 0.000000000e+00 0.000000000e+00 -4.180628293e-01 2.300000000e+00 2.300000000e+00 4.180628293e-01 0.000000000e+00 0.000000000e+00 -1.959500904e-26 
d 4.000000000e+00 4.000000000e+00 0.000000000e+00 0.000000000e+00 0.000000000e+00 -4.186567015e-01 2.400000000e+00 2.400000000e+00 4.186567015e-01 0.000000000e+00 0.000000000e+00 -4.114534654e-26 
d 4.000000000e+00 4.000000000e+00 0.000000000e+00 0.000000000e+00 0.000000000e+00 -4.191374934e-01 2.500000000e+00 2.500000000e+00 4.191374934e-01 0.000000000e+00 0.000000000e+00 -6.450684413e-26 
d 4.000000000e+00 4.000000000e+00 0.000000000e+00 0.000000000e+00 0.000000000e+00 -4.195763177e-01 2.600000000e+00 2.600000000e+00 4.195763177e-01 0.000000000e+00 0.000000000e+00 -8.987709254e-26 
d 4.000000000e+00 4.000000000e+00 0.000000000e+00 0.000000000e+00 0.000000000e+00 -4.199818283e-01 2.700000000e+00 2.700000000e+00 4.199818283e-01 0.000000000e+00 0.000000000e+00 -1.179276089e-25 
d 4.000000000e+00 4.000000000e+00 0.000000000e+00 0.000000000e+00 0.000000000e+00 -4.203516210e-01 2.800000000e+00 2.800000000e+00 4.203516210e-01 0.000000000e+00 0.000000000e+00 -1.489497780e-25 
d 4.000000000e+00 4.000000000e+00 0.000000000e+00 0.000000000e+00 0.000000000e+00 -4.206593741e-01 2.900000000e+00 2.900000000e+00 4.206593741e-01 0.000000000e+00 0.000000000e+00 -1.828172318e-25 
d 4.000000000e+00 4.000000000e+00 0.000000000e+00 0.000000000e+00 0.000000000e+00 -4.208821317e-01 3.000000000e+00 3.000000000e+00 4.208821317e-01 0.000000000e+00 0.000000000e+00 -2.191701442e-25 
d 4.000000000e+00 4.000000000e+00 0.000000000e+00 0.000000000e+00 0.000000000e+00 -4.210777871e-01 3.100000000e+00 3.100000000e+00 4.210777871e-01 0.000000000e+00 0.000000000e+00 -2.580614337e-25 
d 4.000000000e+00 4.000000000e+00 0.000000000e+00 0.000000000e+00 0.000000000e+00 -4.212581643e-01 3.200000000e+00 3.200000000e+00 4.212581643e-01 0.000000000e+00 0.000000000e+00 -2.995630889e-25 
d 4.000000000e+00 4.000000000e+00 0.000000000e+00 0.000000000e+00 0.000000000e+00 -4.214259578e-01 3.300000000e+00 3.300000000e+00 4.214259578e-01 0.000000000e+00 0.000000000e+00 -3.436406771e-25 
d 4.000000000e+00 4.000000000e+00 0.000000000e+00 0.000000000e+00 0.000000000e+00 -4.215805637e-01 3.400000000e+00 3.400000000e+00 4.215805637e-01 0.000000000e+00 0.000000000e+00 -3.902407792e-25 
d 4.000000000e+00 4.000000000e+00 0.000000000e+00 0.000000000e+00 0.000000000e+00 -4.217229835e-01 3.500000000e+00 3.500000000e+00 4.217229835e-01 0.000000000e+00 0.000000000e+00 -4.393115195e-25 
d 4.000000000e+00 4.000000000e+00 0.000000000e+00 0.000000000e+00 0.000000000e+00 -4.218559677e-01 3.600000000e+00 3.600000000e+00 4.218559677e-01 0.000000000e+00 0.000000000e+00 -4.907954954e-25 
d 4.000000000e+00 4.000000000e+00 0.000000000e+00 0.000000000e+00 0.000000000e+00 -4.219808622e-01 3.700000000e+00 3.700000000e+00 4.219808622e-01 0.000000000e+00 0.000000000e+00 -5.446449508e-25 
d 4.000000000e+00 4.000000000e+00 0.000000000e+00 0.000000000e+00 0.000000000e+00 -4.220973675e-01 3.800000000e+00 3.800000000e+00 4.220973675e-01 0.000000000e+00 0.000000000e+00 -6.008316845e-25 
d 4.000000000e+00 4.000000000e+00 0.000000000e+00 0.000000000e+00 0.000000000e+00 -4.222052441e-01 3.900000000e+00 3.900000000e+00 4.222052441e-01 0.000000000e+00 0.000000000e+00 -6.593249783e-25 
d 4.000000000e+00 4.000000000e+00 0.000000000e+00 0.000000000e+00 0.000000000e+00 -4.223055136e-01 4.000000000e+00 4.000000000e+00 4.223055136e-01 0.000000000e+00 0.000000000e+00 -7.201015095e-25 
