v ATLAS
# This file was created by ATLAS version 5.26.1.R on Mon May  7 22:57:56 2018.
#SSF 2.0 generic
##############################################################################
#                    Copyright (c) 1984 - 2018                               #
#                    Silvaco Inc. All rights reserved                        #
#                                                                            #
# This file format and the following Key are copyright Silvaco Inc.          #
# You may not use, this format or key without reproducing this message in    #
# full and obtaining express written permission from Silvaco Inc.            #
#                                                                            #
# To obtain such permission please contact: Silvaco Inc.                     #
#                                           support@silvaco.com              #
#                                                                            #
# KEY=SVC86hn7562asdx                       PROD=345                         #
##############################################################################
y 3 700 711 15
z 15 0.00712314 300
f 4 "gate" "source" "drain" "substrate" 
p 12 2 601 20 3 602 21 4 603 22 5 604 23 
d 2.500000000e-01 2.500000000e-01 0.000000000e+00 0.000000000e+00 0.000000000e+00 -2.395596576e-07 1.000000000e-01 1.000000000e-01 2.395596576e-07 0.000000000e+00 0.000000000e+00 0.000000000e+00 
d 5.000000000e-01 5.000000000e-01 0.000000000e+00 0.000000000e+00 0.000000000e+00 -3.742381429e-07 1.000000000e-01 1.000000000e-01 3.742381440e-07 0.000000000e+00 0.000000000e+00 0.000000000e+00 
d 7.500000000e-01 7.500000000e-01 0.000000000e+00 0.000000000e+00 0.000000000e+00 -5.248220924e-07 1.000000000e-01 1.000000000e-01 5.248220924e-07 0.000000000e+00 0.000000000e+00 0.000000000e+00 
d 1.000000000e+00 1.000000000e+00 0.000000000e+00 0.000000000e+00 0.000000000e+00 -6.947549603e-07 1.000000000e-01 1.000000000e-01 6.947549604e-07 0.000000000e+00 0.000000000e+00 0.000000000e+00 
d 1.250000000e+00 1.250000000e+00 0.000000000e+00 0.000000000e+00 0.000000000e+00 -8.875890965e-07 1.000000000e-01 1.000000000e-01 8.875890966e-07 0.000000000e+00 0.000000000e+00 0.000000000e+00 
d 1.500000000e+00 1.500000000e+00 0.000000000e+00 0.000000000e+00 0.000000000e+00 -1.105872049e-06 1.000000000e-01 1.000000000e-01 1.105872148e-06 0.000000000e+00 0.000000000e+00 0.000000000e+00 
d 2.000000000e+00 2.000000000e+00 0.000000000e+00 0.000000000e+00 0.000000000e+00 -1.620470859e-06 1.000000000e-01 1.000000000e-01 1.620470859e-06 0.000000000e+00 0.000000000e+00 0.000000000e+00 
d 2.500000000e+00 2.500000000e+00 0.000000000e+00 0.000000000e+00 0.000000000e+00 -2.226237373e-06 1.000000000e-01 1.000000000e-01 2.226237371e-06 0.000000000e+00 0.000000000e+00 0.000000000e+00 
d 3.000000000e+00 3.000000000e+00 0.000000000e+00 0.000000000e+00 0.000000000e+00 -2.897782819e-06 1.000000000e-01 1.000000000e-01 2.897782819e-06 0.000000000e+00 0.000000000e+00 0.000000000e+00 
d 3.500000000e+00 3.500000000e+00 0.000000000e+00 0.000000000e+00 0.000000000e+00 -3.611390211e-06 1.000000000e-01 1.000000000e-01 3.611389653e-06 0.000000000e+00 0.000000000e+00 0.000000000e+00 
d 4.000000000e+00 4.000000000e+00 0.000000000e+00 0.000000000e+00 0.000000000e+00 -4.349999556e-06 1.000000000e-01 1.000000000e-01 4.349999428e-06 0.000000000e+00 0.000000000e+00 0.000000000e+00 
d 4.500000000e+00 4.500000000e+00 0.000000000e+00 0.000000000e+00 0.000000000e+00 -5.102442145e-06 1.000000000e-01 1.000000000e-01 5.102442029e-06 0.000000000e+00 0.000000000e+00 0.000000000e+00 
d 5.000000000e+00 5.000000000e+00 0.000000000e+00 0.000000000e+00 0.000000000e+00 -5.861572933e-06 1.000000000e-01 1.000000000e-01 5.861572852e-06 0.000000000e+00 0.000000000e+00 0.000000000e+00 
d 5.500000000e+00 5.500000000e+00 0.000000000e+00 0.000000000e+00 0.000000000e+00 -6.622796150e-06 1.000000000e-01 1.000000000e-01 6.622796368e-06 0.000000000e+00 0.000000000e+00 0.000000000e+00 
d 6.000000000e+00 6.000000000e+00 0.000000000e+00 0.000000000e+00 0.000000000e+00 -7.383109094e-06 1.000000000e-01 1.000000000e-01 7.383109210e-06 0.000000000e+00 0.000000000e+00 0.000000000e+00 
d 6.500000000e+00 6.500000000e+00 0.000000000e+00 0.000000000e+00 0.000000000e+00 -8.140518385e-06 1.000000000e-01 1.000000000e-01 8.140518569e-06 0.000000000e+00 0.000000000e+00 0.000000000e+00 
d 7.000000000e+00 7.000000000e+00 0.000000000e+00 0.000000000e+00 0.000000000e+00 -8.893679118e-06 1.000000000e-01 1.000000000e-01 8.893679182e-06 0.000000000e+00 0.000000000e+00 0.000000000e+00 
d 7.500000000e+00 7.500000000e+00 0.000000000e+00 0.000000000e+00 0.000000000e+00 -9.641675913e-06 1.000000000e-01 1.000000000e-01 9.641676018e-06 0.000000000e+00 0.000000000e+00 0.000000000e+00 
d 8.000000000e+00 8.000000000e+00 0.000000000e+00 0.000000000e+00 0.000000000e+00 -1.038388073e-05 1.000000000e-01 1.000000000e-01 1.038388081e-05 0.000000000e+00 0.000000000e+00 0.000000000e+00 
d 8.500000000e+00 8.500000000e+00 0.000000000e+00 0.000000000e+00 0.000000000e+00 -1.111986394e-05 1.000000000e-01 1.000000000e-01 1.111986399e-05 0.000000000e+00 0.000000000e+00 0.000000000e+00 
d 9.000000000e+00 9.000000000e+00 0.000000000e+00 0.000000000e+00 0.000000000e+00 -1.184933430e-05 1.000000000e-01 1.000000000e-01 1.184933433e-05 0.000000000e+00 0.000000000e+00 0.000000000e+00 
d 9.500000000e+00 9.500000000e+00 0.000000000e+00 0.000000000e+00 0.000000000e+00 -1.257209892e-05 1.000000000e-01 1.000000000e-01 1.257209898e-05 0.000000000e+00 0.000000000e+00 0.000000000e+00 
d 1.000000000e+01 1.000000000e+01 0.000000000e+00 0.000000000e+00 0.000000000e+00 -1.328803573e-05 1.000000000e-01 1.000000000e-01 1.328803564e-05 0.000000000e+00 0.000000000e+00 0.000000000e+00 
d 1.050000000e+01 1.050000000e+01 0.000000000e+00 0.000000000e+00 0.000000000e+00 -1.399707453e-05 1.000000000e-01 1.000000000e-01 1.399707471e-05 0.000000000e+00 0.000000000e+00 0.000000000e+00 
d 1.100000000e+01 1.100000000e+01 0.000000000e+00 0.000000000e+00 0.000000000e+00 -1.469918184e-05 1.000000000e-01 1.000000000e-01 1.469918212e-05 0.000000000e+00 0.000000000e+00 0.000000000e+00 
d 1.150000000e+01 1.150000000e+01 0.000000000e+00 0.000000000e+00 0.000000000e+00 -1.539435323e-05 1.000000000e-01 1.000000000e-01 1.539435318e-05 0.000000000e+00 0.000000000e+00 0.000000000e+00 
d 1.200000000e+01 1.200000000e+01 0.000000000e+00 0.000000000e+00 0.000000000e+00 -1.608260561e-05 1.000000000e-01 1.000000000e-01 1.608260566e-05 0.000000000e+00 0.000000000e+00 0.000000000e+00 
d 1.250000000e+01 1.250000000e+01 0.000000000e+00 0.000000000e+00 0.000000000e+00 -1.676397014e-05 1.000000000e-01 1.000000000e-01 1.676397025e-05 0.000000000e+00 0.000000000e+00 0.000000000e+00 
d 1.300000000e+01 1.300000000e+01 0.000000000e+00 0.000000000e+00 0.000000000e+00 -1.743848994e-05 1.000000000e-01 1.000000000e-01 1.743849017e-05 0.000000000e+00 0.000000000e+00 0.000000000e+00 
d 1.350000000e+01 1.350000000e+01 0.000000000e+00 0.000000000e+00 0.000000000e+00 -1.810621726e-05 1.000000000e-01 1.000000000e-01 1.810621724e-05 0.000000000e+00 0.000000000e+00 0.000000000e+00 
d 1.400000000e+01 1.400000000e+01 0.000000000e+00 0.000000000e+00 0.000000000e+00 -1.876721024e-05 1.000000000e-01 1.000000000e-01 1.876721027e-05 0.000000000e+00 0.000000000e+00 0.000000000e+00 
d 1.450000000e+01 1.450000000e+01 0.000000000e+00 0.000000000e+00 0.000000000e+00 -1.942153148e-05 1.000000000e-01 1.000000000e-01 1.942153141e-05 0.000000000e+00 0.000000000e+00 0.000000000e+00 
d 1.500000000e+01 1.500000000e+01 0.000000000e+00 0.000000000e+00 0.000000000e+00 -2.006924755e-05 1.000000000e-01 1.000000000e-01 2.006924764e-05 0.000000000e+00 0.000000000e+00 0.000000000e+00 
d 1.550000000e+01 1.550000000e+01 0.000000000e+00 0.000000000e+00 0.000000000e+00 -2.071042587e-05 1.000000000e-01 1.000000000e-01 2.071042516e-05 0.000000000e+00 0.000000000e+00 0.000000000e+00 
d 1.600000000e+01 1.600000000e+01 0.000000000e+00 0.000000000e+00 0.000000000e+00 -2.134513721e-05 1.000000000e-01 1.000000000e-01 2.134513710e-05 0.000000000e+00 0.000000000e+00 0.000000000e+00 
d 1.650000000e+01 1.650000000e+01 0.000000000e+00 0.000000000e+00 0.000000000e+00 -2.197345148e-05 1.000000000e-01 1.000000000e-01 2.197345132e-05 0.000000000e+00 0.000000000e+00 0.000000000e+00 
d 1.700000000e+01 1.700000000e+01 0.000000000e+00 0.000000000e+00 0.000000000e+00 -2.259543964e-05 1.000000000e-01 1.000000000e-01 2.259543939e-05 0.000000000e+00 0.000000000e+00 0.000000000e+00 
d 1.750000000e+01 1.750000000e+01 0.000000000e+00 0.000000000e+00 0.000000000e+00 -2.321117278e-05 1.000000000e-01 1.000000000e-01 2.321117265e-05 0.000000000e+00 0.000000000e+00 0.000000000e+00 
d 1.800000000e+01 1.800000000e+01 0.000000000e+00 0.000000000e+00 0.000000000e+00 -2.382072079e-05 1.000000000e-01 1.000000000e-01 2.382072069e-05 0.000000000e+00 0.000000000e+00 0.000000000e+00 
d 1.850000000e+01 1.850000000e+01 0.000000000e+00 0.000000000e+00 0.000000000e+00 -2.442415420e-05 1.000000000e-01 1.000000000e-01 2.442415394e-05 0.000000000e+00 0.000000000e+00 0.000000000e+00 
d 1.900000000e+01 1.900000000e+01 0.000000000e+00 0.000000000e+00 0.000000000e+00 -2.502154232e-05 1.000000000e-01 1.000000000e-01 2.502154170e-05 0.000000000e+00 0.000000000e+00 0.000000000e+00 
d 1.950000000e+01 1.950000000e+01 0.000000000e+00 0.000000000e+00 0.000000000e+00 -2.561295268e-05 1.000000000e-01 1.000000000e-01 2.561295219e-05 0.000000000e+00 0.000000000e+00 0.000000000e+00 
d 2.000000000e+01 2.000000000e+01 0.000000000e+00 0.000000000e+00 0.000000000e+00 -2.619845352e-05 1.000000000e-01 1.000000000e-01 2.619845347e-05 0.000000000e+00 0.000000000e+00 0.000000000e+00 
