v VICTORYDEVICE
# silvaco.file ASCII version=1.14.23 format=1 contents=SDB,Tables=1

Copyright "###################################################################"
Copyright "#                    Copyright Silvaco Inc. (c)                   #"
Copyright "#                            1992-2014                            #"
Copyright "#                                                                 #"
Copyright "# This file format and the following Key are copyright Silvaco    #"
Copyright "# International. You may not use, this format or key without      #"
Copyright "# reproducing this message in full and obtaining                  #"
Copyright "# express written permission from Silvaco Inc.                    #"
Copyright "#                                                                 #"
Copyright "# To obtain such permission please contact: Silvaco Inc.          #"
Copyright "#                                           support@silvaco.com   #"
Copyright "#                                                                 #"
Copyright "# KEY=SVC86hn7562asdx                       PROD=345              #"
Copyright "###################################################################"
#This file was created by VICTORYDEVICE version 1.12.1.R
#victoryd 1.12.1.R (Thu Apr 12 10:41:11 PDT 2018)
#libSDB 1.12.42 (Thu Oct 26 19:20:24 PDT 2017)
a VICTORYDEVICE
j 1 9
k 4
r 1 92
x 3 43 42 46
w source 1 1
r 2 92
x 3 43 42 46
w pwell 1 2
r 3 92
x 3 43 42 46
w gate 1 3
r 4 92
x 3 43 42 46
w drain 1 4
y 1 15
z 300
p 12 2 601 20 3 602 21 4 603 22 5 604 23
d 0 0 1.1125731523918184e-20 0 0 -4.0936819974858413e-18 0 0 0 15 15 4.0825562651312145e-18
d 0 0 1.3343785297514343e-20 0 0 -4.0636525339526014e-18 1 1 0 15 15 4.0503087860974691e-18
d 0 0 1.5787732398824268e-20 0 0 -3.9517291109752489e-18 2 2 0 15 15 3.9359413785976722e-18
d 0 0 1.7438326464680188e-20 0 0 -3.8594211279791998e-18 3 3 0 15 15 3.8419828011794794e-18
d 0 0 1.943505866053198e-20 0 0 -3.8363724400406896e-18 4 4 0 15 15 3.8169373813802501e-18
d 0 0 2.0773320888063275e-20 0 0 -3.8321558433568571e-18 5 5 0 15 15 3.8113866232938743e-18
d 0 0 2.2718526224949269e-20 0 0 -3.8366096156267965e-18 6 6 0 15 15 3.8138911780348275e-18
d 0 0 1.5955668509962903e-20 0 0 -3.8360404706359999e-18 6.2000000000000002 6.2000000000000002 0 15 15 3.8200786287608389e-18
d 0 0 -2.4556915426962094e-19 0 0 -3.804437099759253e-18 6.4000000000000004 6.4000000000000004 0 15 15 4.0500091424345921e-18
d 0 0 -1.0837651380443719e-17 0 0 -3.6694607670171826e-18 6.5999999999999996 6.5999999999999996 0 15 15 1.4507112145481123e-17
d 0 0 -5.0255185337494024e-16 0 0 -3.5448817733754674e-18 6.7999999999999998 6.7999999999999998 0 15 15 5.0609673515033192e-16
d 0 0 -2.840248545668742e-14 0 0 -3.4124403527476997e-18 7 7 0 15 15 2.8405897897040155e-14
d 0 0 -2.0236358753097312e-12 0 0 -3.2997766134911553e-18 7.2000000000000002 7.2000000000000002 0 15 15 2.023639175086345e-12
d 0 0 -1.5383295542930325e-10 0 0 -3.2245457822854064e-18 7.4000000000000004 7.4000000000000004 0 15 15 1.5383295865384901e-10
d 0 0 -7.6691229235685662e-09 0 0 -3.155630885073351e-18 7.5999999999999996 7.5999999999999996 0 15 15 7.6691229267241957e-09
d 0 0 -8.1121817947659166e-08 0 0 -7.8712435248650603e-18 7.7999999999999998 7.7999999999999998 0 15 15 8.1121817955530405e-08
d 0 0 -2.502372429399901e-07 0 0 -3.9246952203835956e-15 8 8 0 15 15 2.5023724686468534e-07
d 0 0 -2.1781653364081206e-06 0 0 -1.1146941335992852e-08 9 9 0 15 15 2.1893122777441133e-06
d 0 0 -5.7977384464996761e-06 0 0 -2.3878500676423143e-07 10 10 0 15 15 6.036523453263866e-06
d 0 0 -9.6812671312540212e-06 0 0 -7.0062894066015669e-07 11 11 0 15 15 1.0381896071914177e-05
d 0 0 -1.0960364756948014e-05 0 0 -8.8013841362371796e-07 12 12 0 15 15 1.1840503170571732e-05
d 0 0 -1.155820695555651e-05 0 0 -9.6735480453677452e-07 13 13 0 15 15 1.2525561760093283e-05
d 0 0 -1.1934064089182064e-05 0 0 -1.0231447191707041e-06 14 14 0 15 15 1.2957208808352768e-05
d 0 0 -1.219931719305025e-05 0 0 -1.0629333186828739e-06 15 15 0 15 15 1.3262250511733124e-05
d 0 0 -1.2400019205480791e-05 0 0 -1.0932567617464871e-06 16 16 0 15 15 1.3493275967227278e-05
d 0 0 -1.2565061655014735e-05 0 0 -1.1183284533081503e-06 17 17 0 15 15 1.3683390108322886e-05
d 0 0 -1.2719652147968536e-05 0 0 -1.1419227788261697e-06 18 18 0 15 15 1.3861574926794706e-05
d 0 0 -1.3045830668704851e-05 0 0 -1.1920852066735296e-06 19 19 0 15 15 1.423791587537838e-05
d 0 0 -1.3660640998232388e-05 0 0 -1.2878587178896745e-06 20 20 0 15 15 1.4948499716122062e-05
d 0 0 -1.3806778258712102e-05 0 0 -1.3108156874331949e-06 21 21 0 15 15 1.5117593946145296e-05
d 0 0 -1.3862857117737967e-05 0 0 -1.3196290199140756e-06 22 22 0 15 15 1.5182486137652043e-05
d 0 0 -1.3894244315587519e-05 0 0 -1.3245558620156066e-06 23 23 0 15 15 1.5218800177603126e-05
d 0 0 -1.3914977132372771e-05 0 0 -1.3278046329885716e-06 24 24 0 15 15 1.5242781765361342e-05
d 0 0 -1.3930005213506481e-05 0 0 -1.3301548789762182e-06 25 25 0 15 15 1.52601600924827e-05
Q 2 13 "Voltage #01"
Q 3 13 "Voltage #02"
Q 4 13 "Voltage #03"
Q 5 13 "Voltage #04"
Q 20 13 "Current #01"
Q 21 13 "Current #02"
Q 22 13 "Current #03"
Q 23 13 "Current #04"
Q 92 21 Contact
Q 601 13 "Int. Voltage #01"
Q 602 13 "Int. Voltage #02"
Q 603 13 "Int. Voltage #03"
Q 604 13 "Int. Voltage #04"
EOF 504628159
