v VICTORYDEVICE
# silvaco.file ASCII version=1.14.23 format=1 contents=SDB,Tables=1

Copyright "###################################################################"
Copyright "#                    Copyright Silvaco Inc. (c)                   #"
Copyright "#                            1992-2014                            #"
Copyright "#                                                                 #"
Copyright "# This file format and the following Key are copyright Silvaco    #"
Copyright "# International. You may not use, this format or key without      #"
Copyright "# reproducing this message in full and obtaining                  #"
Copyright "# express written permission from Silvaco Inc.                    #"
Copyright "#                                                                 #"
Copyright "# To obtain such permission please contact: Silvaco Inc.          #"
Copyright "#                                           support@silvaco.com   #"
Copyright "#                                                                 #"
Copyright "# KEY=SVC86hn7562asdx                       PROD=345              #"
Copyright "###################################################################"
#This file was created by VICTORYDEVICE version 1.12.1.R
#victoryd 1.12.1.R (Thu Apr 12 10:41:11 PDT 2018)
#libSDB 1.12.42 (Thu Oct 26 19:20:24 PDT 2017)
a VICTORYDEVICE
j 1 9
k 4
r 1 92
x 3 43 42 46
w source 1 1
r 2 92
x 3 43 42 46
w pwell 1 2
r 3 92
x 3 43 42 46
w gate 1 3
r 4 92
x 3 43 42 46
w drain 1 4
y 1 15
z 300
p 12 2 601 20 3 602 21 4 603 22 5 604 23
d 0 0 1.8846458477849368e-20 0 0 -4.0756457417377957e-18 0 0 0 15 15 4.0567992829974106e-18
d 0 0 1.982213136071615e-20 0 0 -4.0029961851005359e-18 1 1 0 15 15 3.9831737559362336e-18
d 0 0 2.0582599390285853e-20 0 0 -3.9362208195843752e-18 2 2 0 15 15 3.9156382201941083e-18
d 0 0 2.2503988240745094e-20 0 0 -3.8742909799066512e-18 3 3 0 15 15 3.8517869883277236e-18
d 0 0 2.2048244818374057e-20 0 0 -3.847128602926837e-18 4 4 0 15 15 3.8250797798035163e-18
d 0 0 2.3750301483651965e-20 0 0 -3.8391883407767214e-18 5 5 0 15 15 3.81543353903891e-18
d 0 0 2.8027107965267624e-20 0 0 -3.8376795861005717e-18 6 6 0 15 15 3.809652467656031e-18
d 0 0 3.046395659389114e-20 0 0 -3.8227120863935696e-18 7 7 0 15 15 3.7922463411959698e-18
d 0 0 3.5862779431328055e-20 0 0 -3.8254690631316954e-18 8 8 0 15 15 3.7896064566492399e-18
d 0 0 4.1734166235546923e-20 0 0 -3.8248164994342661e-18 9 9 0 15 15 3.7830823332361555e-18
d 0 0 4.4776678397799681e-20 0 0 -3.8204569166395074e-18 10 10 0 15 15 3.7756809950843696e-18
d 0 0 -6.9627966243761543e-18 0 0 -3.7643172824780827e-18 10.5 10.5 0 15 15 1.0727113476940139e-17
d 0 0 -1.0157961852294641e-13 0 0 -3.6970913622488403e-18 11 11 0 15 15 1.0158331561430867e-13
d 0 0 -1.4154554189405444e-07 0 0 -9.3457641454018856e-17 12 12 0 15 15 1.4154554198751208e-07
d 0 0 -7.0089609772342105e-07 0 0 -1.3092987503245053e-11 12.5 12.5 0 15 15 7.009091907109243e-07
d 0 0 -1.7131378457929826e-06 0 0 -3.7545520073792888e-09 13 13 0 15 15 1.7168923978003619e-06
d 0 0 -5.1750799368003588e-06 0 0 -1.8125642859073749e-07 14 14 0 15 15 5.3563363653910958e-06
d 0 0 -9.6940409872136204e-06 0 0 -7.0243518823940232e-07 15 15 0 15 15 1.0396476175453023e-05
d 0 0 -1.1460086949131968e-05 0 0 -9.5314187249038812e-07 16 16 0 15 15 1.2413228821622357e-05
d 0 0 -1.2061259951462366e-05 0 0 -1.0424595226033194e-06 17 17 0 15 15 1.3103719474065682e-05
d 0 0 -1.2251097910175183e-05 0 0 -1.0710288493738629e-06 17.5 17.5 0 15 15 1.3322126759549047e-05
d 0 0 -1.2408165935205684e-05 0 0 -1.0947925399144687e-06 18 18 0 15 15 1.3502958475120153e-05
d 0 0 -1.2812807430600798e-05 0 0 -1.1565427640643539e-06 19 19 0 15 15 1.3969350194665151e-05
d 0 0 -1.3557159930755653e-05 0 0 -1.2720137540486459e-06 20 20 0 15 15 1.4829173684804299e-05
d 0 0 -1.3762966295127132e-05 0 0 -1.3043220419247759e-06 21 21 0 15 15 1.5067288337051909e-05
d 0 0 -1.3831237489961243e-05 0 0 -1.315061472919343e-06 22 22 0 15 15 1.5146298962880587e-05
d 0 0 -1.3867031030712125e-05 0 0 -1.3206901724251701e-06 23 23 0 15 15 1.5187721203137296e-05
d 0 0 -1.3889791139584607e-05 0 0 -1.324265746069267e-06 24 24 0 15 15 1.5214056885653874e-05
d 0 0 -1.3905853181439319e-05 0 0 -1.3267858242155337e-06 25 25 0 15 15 1.5232639005654852e-05
Q 2 13 "Voltage #01"
Q 3 13 "Voltage #02"
Q 4 13 "Voltage #03"
Q 5 13 "Voltage #04"
Q 20 13 "Current #01"
Q 21 13 "Current #02"
Q 22 13 "Current #03"
Q 23 13 "Current #04"
Q 92 21 Contact
Q 601 13 "Int. Voltage #01"
Q 602 13 "Int. Voltage #02"
Q 603 13 "Int. Voltage #03"
Q 604 13 "Int. Voltage #04"
EOF 698703663
