v ATLAS
# silvaco.file ASCII version=1.14.23 format=1 contents=SDB,Tables=1

Copyright "###################################################################"
Copyright "#                    Copyright Silvaco Inc. (c)                   #"
Copyright "#                            1992-2014                            #"
Copyright "#                                                                 #"
Copyright "# This file format and the following Key are copyright Silvaco    #"
Copyright "# International. You may not use, this format or key without      #"
Copyright "# reproducing this message in full and obtaining                  #"
Copyright "# express written permission from Silvaco Inc.                    #"
Copyright "#                                                                 #"
Copyright "# To obtain such permission please contact: Silvaco Inc.          #"
Copyright "#                                           support@silvaco.com   #"
Copyright "#                                                                 #"
Copyright "# KEY=SVC86hn7562asdx                       PROD=345              #"
Copyright "###################################################################"
#atlasMc 5.26.1.R (Wed Apr 11 16:47:31 PDT 2018)
#libSDB 1.12.41 (Mon Oct 16 16:19:38 PDT 2017)
a ATLAS
p 25 390 10000 10001 10002 10003 10004 10005 10006 10007 10008 10009 10010 10011 10012 10013 10014 10015 10016 10017 10018 10019 10020 10021 10022 10023
d 4.9999999122583502e-15 6.8195837877956302 591269.48938417411 66914.008410819675 8.8362587061600788 -5.5356938656493373 -2382408.968877384 -189580.61756180369 0 4.5471084503611117 1995689.0964411853 328095.105822796 6.0826542701281747 -50.275086037057818 -8621005.3554348052 -547805.81950819935 0 -4.8965929635567829 -10890280.666655848 -717438.44661764707 0 -3.6344433950504271 -8243208.7749070302 -664667.32560597255 0
d 9.9999998245167004e-15 16.559822427834192 1452380.5672368163 88384.611571547415 16.432504950945145 0.021803403841406176 9619.8314947700237 -35377.024248125759 0 4.6453601212374416 2172733.1754005435 265748.09156633244 8.1759126193318874 -54.134463257932019 -9390226.8026070651 -297503.580177953 0 -5.5155795937414522 -12575786.045996049 -516745.71101254941 0 -4.0114268572804272 -9695868.2167698164 -426737.21621287451 0
d 1.4999999736775051e-14 27.884844046893601 2472918.6294761198 88780.208564269982 27.854390854307564 14.994168945646143 6350347.8605857985 94447.003777726903 67.237155299609185 0.86576036205059059 426305.34025743348 244511.35305866919 1.7434991664994133 -37.452865611085677 -6569073.9590483569 -158619.1729819621 0 -4.2474086393966379 -9296082.7267587315 -393813.95506783173 0 -2.4824323423659003 -6316860.898486766 -260524.26710252918 0
d 1.9999999649033401e-14 34.127169516111088 3054040.9497184255 74707.254856398125 40.880112053225439 28.305426150494625 11162473.20620228 72608.161932179719 153.73579097937619 -0.8648666317945477 -444435.33089073922 318847.98457380367 -1.3938784386070531 -22.914176777363874 -4055611.4300637804 -144366.6190407871 0 -2.7564748875012759 -5617532.4502364853 -404658.83394986024 0 -1.2433658717469749 -3301864.1073814705 -198829.04925386296 0
d 2.5000001255357646e-14 35.407330682215083 3192348.6939963037 61749.787525603257 51.69813244576207 33.730182742319251 12456141.890641697 11420.924026419269 1090.6422161488622 0.89272238432510043 478249.23833803949 400601.05707457702 1.1938291971331649 -16.096066312911191 -2870214.6766018462 -150979.39309185292 0 -1.6309996377192024 -3112572.9231009651 -432646.86381205166 0 -0.62516635282064537 -1730749.7445649616 -186257.19466917423 0
d 2.9999999473550101e-14 34.697173536478118 3141397.8158940477 52431.235999807905 59.914624478918576 33.955136830537043 12022596.598630754 -25846.119971292945 0 4.0018279599355422 2252495.4179375828 444496.41828070901 5.0675220885921375 -12.827008496191375 -2296845.1386011443 -147454.7462448783 0 -1.1347722438604804 -2076358.3694537983 -451118.52559567988 0 -0.45948264366531794 -1336519.9046481382 -187526.10491889677 0
d 3.5000001079874346e-14 31.600715110557339 2862055.6854552976 43947.899209204195 65.123833834038763 32.275355013339556 11074735.206239078 -36346.151326241576 0 6.5137035586423888 3815127.4674193445 459004.88552810199 8.3117360788652608 -10.563197863432906 -1892143.5270838847 -145689.15375439089 0 -1.02036230161093 -1809329.0070814623 -456296.42953845271 0 -0.31621146146023799 -957104.7868902795 -194404.99249059675 0
d 3.9999999298066802e-14 28.585895017203615 2586262.7704341933 42459.1064294432 60.91185114156697 31.40596470147284 10523303.935029348 -44002.912505281034 0 7.0410550047438614 4153780.6535903523 459935.93534185831 9.0312157289970312 -9.0328322184344803 -1616301.1801612922 -146977.24663830377 0 -0.84232512648240221 -1458547.4067820082 -462490.21720835764 0 -0.22576234740233903 -688268.9097787505 -196335.25610137961 0
d 4.5000000904391046e-14 26.481071151582714 2392797.4765659091 42208.078967860944 56.690508904418245 30.479234750199765 10054681.643784164 -52965.649442521753 0 7.3070644582781634 4279913.9645871874 465006.24960762978 9.2039923510674537 -8.1310843543022848 -1453102.8456666733 -145514.82546696547 0 -0.70512194209543222 -1202068.7657158088 -468989.92012377753 0 -0.18241610494279747 -552148.75406847475 -197883.58024439894 0
d 5.0000002510715291e-14 25.081666755198636 2263664.5912529649 40028.533680677043 56.551274381197302 29.359152489726615 9593621.7848284356 -54173.623472890089 0 8.0406591705737895 4694043.5244748229 461980.10107541562 10.160705003414307 -7.2212829666591984 -1288984.0408122204 -144796.69294896233 0 -0.60634127668181925 -1023898.7908123117 -474623.06753703702 0 -0.12421767242369776 -374748.29343694187 -203028.02549480577 0
d 5.5000000728907747e-14 24.05049051018991 2167758.6883431808 39550.73322498372 54.809570179443192 28.655598255284044 9272798.4550871681 -54708.756920906868 0 8.5372654379402828 4956541.5043982826 456122.37121123122 10.866692399314257 -6.2663891931526479 -1117073.7711976338 -144319.26958927838 0 -0.52427322674410237 -876717.8291009441 -478471.20910216443 0 -0.053323069860280944 -159983.76927703078 -207283.96119941497 0
d 5.9999998947100203e-14 23.448575141622996 2111228.4573240434 39939.816481260386 52.860244320717499 27.88946501097076 8957188.0522887856 -60510.896018288637 0 8.9325062161658497 5146423.5498069786 458406.20430414286 11.226775513693603 -5.3832564449750331 -958608.63154981064 -143007.53399817925 0 -0.40025748067415184 -664311.52046956576 -478887.66829269705 0 0.029725787612109797 88504.710736564826 -211060.38007667955 0
d 6.5000000553424447e-14 23.220604857315774 2090523.5561686663 40341.377017435807 51.82082791237216 26.846173274649519 8581271.8582085278 -63785.776584745596 0 9.51548180490148 5453520.6977630975 464213.60764375655 11.747869101562829 -4.7439180229474918 -844687.76937407313 -142338.46698812753 0 -0.34585439749365199 -571298.90522706136 -480066.65603139944 0 0.086456701257378324 256062.31149581345 -212285.33381552569 0
d 7.0000002159748692e-14 22.881230328297079 2060269.144475729 38954.000677406053 52.889795878417132 25.946559805095841 8275477.5559686273 -62062.410158550367 0 10.129647262570101 5812203.5565139046 466889.05795794958 12.448789401779857 -4.3466556566237458 -774064.79345122876 -141032.48980580864 0 -0.33327108879769307 -549302.70732358494 -480897.44187959417 0 0.14561217166115009 431762.57013629866 -214658.24146621028 0
d 7.5000003766072937e-14 22.463860893329198 2023785.0684011248 38261.406285464152 52.893640482053549 25.316753899821055 8051773.3230934097 -63474.029265216435 0 10.474654071680746 6028792.8972142069 467409.48086866352 12.898311104023637 -3.9951233513060318 -711848.66025346599 -139270.51525796604 0 -0.34245862268579919 -562849.70606906875 -480167.19275753852 0 0.19225203821114553 571824.08884373319 -216525.13787358353 0
d 7.9999998596133604e-14 22.034943165310956 1986246.7357577265 37915.573381635666 52.38603978806664 24.713874509762025 7839146.5238252608 -64265.320709523621 0 10.653836434603912 6118586.0895868205 470481.32222041459 13.004950038633712 -3.6851975503810208 -656991.16370008804 -138035.18896628247 0 -0.30912222231246933 -506709.43359134946 -479447.82221346273 0 0.22536638143851864 668859.65361264173 -217549.33377304557 0
d 8.5000000202457848e-14 21.622803637881617 1949987.4031437142 38354.016354136867 50.841804548935805 24.29356939695931 7685455.626851229 -64461.522482124201 0 10.912115335229208 6261406.4829673357 473073.90423336689 13.235577838761087 -3.4327699275289048 -612268.60550865903 -137260.16760054391 0 -0.28836151570654778 -471429.1226063951 -480010.12674629421 0 0.25281432539985432 749661.91491823341 -219804.42727834103 0
d 9.0000001808782093e-14 21.497521056432308 1938598.1677093338 37017.133476926341 52.370294121172513 23.890730130392456 7538940.0712531144 -63461.685339834883 0 11.249576928903135 6463508.2251750147 471433.60230858164 13.710325682182196 -3.2252804229531717 -575233.78880823404 -136812.22807977482 0 -0.27838681144282146 -453973.3336139989 -480682.25633730809 0 0.25680884984486108 762505.39285915892 -223216.15547228913 0
d 9.5000003415106338e-14 20.891535920187028 1883568.7147655669 36147.767655685275 52.107469891555574 23.618116565879777 7440167.4671698892 -64598.429166906746 0 11.370479137117126 6532403.2817176739 470261.86590391072 13.890990861360741 -2.9024999906562279 -517560.13600970077 -136202.7425920919 0 -0.25931998522394795 -422157.25316732348 -482191.01536720601 0 0.29495536970872976 875691.93015173404 -226612.26834635416 0
d 1.0000000502143058e-13 20.697231202669368 1865741.8773388334 37026.32306728229 50.389607251805835 23.30173208581185 7325754.0481252531 -65883.925901907045 0 11.500853183383528 6585326.9487976627 470788.97186545527 13.987853034670605 -2.635848491289301 -469934.40805714688 -135781.70231810593 0 -0.25525047803939105 -414697.5897046678 -483676.13645011233 0 0.31305673770971926 926341.57389250339 -229451.55017846849 0
d 1.0499999985149125e-13 20.736948464538457 1868918.8807543539 36052.502782725154 51.838811081095358 23.080912597964396 7242796.6748674782 -65051.245117879043 0 11.53706951749442 6584041.9689101437 472984.40034214529 13.920209554791679 -2.4548207816323777 -437565.3132486614 -135369.86231121531 0 -0.25041406020238044 -406081.16366941057 -485307.56940616318 0 0.32137124650258742 947774.27405535511 -233087.35753509658 0
d 1.1000000145781549e-13 20.371339643815595 1836176.8109763791 34758.297519906329 52.827006556485898 22.979595785608847 7192007.9372262945 -64692.037416942745 0 11.703737874556847 6664984.3200056776 475984.97141533397 14.002509995614881 -2.3450816808941557 -418052.06760048558 -135130.26961801594 0 -0.26652663008901351 -431071.38912381971 -485686.01961825154 0 0.33934065732857843 998645.29510248487 -235083.76010294218 0
d 1.1499999628787616e-13 20.236846569199528 1824477.129282855 35668.463080704794 51.150988063453283 22.865293467655086 7146621.8521939311 -65871.558774960911 0 12.01120203320262 6824200.0752948942 479902.4306332125 14.219973977399174 -2.2301891253220898 -397662.62164946913 -134953.79640353704 0 -0.28600378258455111 -461951.75152936985 -486616.70723982726 0 0.36410703447023302 1069042.9813812003 -237343.95394556053 0
d 1.1999999789420041e-13 20.316589469462656 1831231.5854234879 35565.076968035261 51.489599954172448 22.70011607661629 7090681.8942500195 -64765.210027527632 0 12.371167112565249 7020024.6116845114 480744.89921642741 14.602390213867155 -2.1071569455527195 -375635.68436381704 -134380.05886841845 0 -0.26249842213653712 -423728.26955606812 -488174.04023030319 0 0.36883869242732742 1081596.449327796 -240090.63702927658 0
d 1.2499999950052465e-13 20.408516281153986 1839462.5331446161 34712.881266819102 52.990776507592805 22.70126337400999 7077412.7167758355 -65957.31533829101 0 12.516058103263168 7090877.1372478195 480753.60006503301 14.749503979353696 -2.0025607970232482 -356979.0397620952 -134617.90420427162 0 -0.23709705212490489 -381989.53668345558 -488522.18200663023 0 0.39104640573379418 1144884.0532387686 -242547.96819307559 0
d 1.3000000110684889e-13 20.317600169345084 1831023.4293833068 33870.033712847493 54.060277734201598 22.571260079514445 7032878.259594162 -66644.29227532426 0 12.726242573473918 7188311.2261486752 481739.86434116517 14.921561942936817 -2.0002100657105926 -356512.36175049108 -134606.36982769214 0 -0.22747747133345128 -366282.78244650346 -489789.41157389875 0 0.40842461162647942 1192173.3182568504 -244044.03037083038 0
d 1.3500000271317314e-13 20.183283265874774 1818379.5421990571 33565.13587557101 54.174651606951755 22.519169330464084 7010631.5454309471 -65142.892001842636 0 12.765271069455503 7194369.84256081 481428.82440905803 14.943787072557862 -1.8897246188567072 -336719.8622771643 -133619.64467026008 0 -0.24349466302328138 -391737.40377716115 -490394.12812498678 0 0.43537728589310021 1268029.3446567652 -246751.66732496966 0
d 1.4000000431949738e-13 19.978103671849677 1799516.9689000992 33655.452032443762 53.468809961766965 22.476345014208267 6987966.1812688336 -64514.220333654855 0 12.769157012482193 7171044.3998956764 484016.53246430424 14.81570136330939 -1.7274061729842376 -307732.69760829746 -134566.11250885008 0 -0.23948105562302693 -384766.35249306913 -491304.23179769638 0 0.43978078517860891 1276313.1754959398 -250677.67073802717 0
d 1.4500000592582163e-13 19.835798887135699 1786216.8722386614 34073.073181620552 52.423121997758905 22.277954012761437 6915569.5606068186 -65414.881016858206 0 12.856129334940713 7188641.8276589438 487901.89095541451 14.733785543610153 -1.7477612669314839 -311274.89427321061 -135076.99962142328 0 -0.22343768870446531 -358434.57794780942 -492329.70577467763 0 0.44747708562902705 1293028.899266598 -253879.58448317734 0
d 1.5000000753214587e-13 19.804336864721172 1782800.3958463003 33873.536139777141 52.631068350516465 22.069107956930122 6844920.6936866194 -65795.483090623937 0 13.159031844682557 7334832.9012300838 491818.3614728566 14.91370285416823 -1.7180306323697443 -305879.81073980464 -133929.26276430403 0 -0.20061136933290921 -321543.69772426947 -492808.50487726415 0 0.45014808569696152 1296649.2464823837 -255395.54993381517 0
d 1.5500000913847012e-13 19.621582835902345 1765691.8070719878 34205.102683200188 51.620713535796696 21.855514143338912 6776763.7093319315 -65744.992899031771 0 13.490709447209179 7501749.6702008583 492551.87259961985 15.230374885405823 -1.5387907904570746 -273865.88416613027 -133030.21336251049 0 -0.17957619254738286 -287747.0583968031 -492572.42354545853 0 0.4680891618521047 1345108.0830542154 -256848.56704615022 0
d 1.5999999719226721e-13 19.609627603542179 1764480.9359402277 34693.107087759847 50.85969761880331 21.521259663454618 6669328.6271024095 -65894.468227301317 0 13.609727318987021 7554067.3168713097 493550.45517146832 15.30556245611584 -1.4230031412124617 -253239.22503125927 -133449.04841396736 0 -0.16719034264085197 -267748.12350897625 -492814.39173949126 0 0.48054740835453746 1378378.4801177734 -258886.20857292507 0
d 1.6499999879859145e-13 19.586029709213694 1762102.7226915853 34351.846264090949 51.295721026021418 21.345475561640445 6609374.3128799377 -65061.550480522557 0 13.700961629653797 7598093.782579653 495455.57863666571 15.335570150379903 -1.3544816105771966 -241010.19787506753 -133221.66598292399 0 -0.15793789697433849 -252721.20403332755 -492789.47405486146 0 0.50795717493147396 1455732.2946575903 -259904.71145909358 0
d 1.700000004049157e-13 19.433829195974933 1748036.2277668314 34358.170102302531 50.876872154774212 21.237235976611835 6576502.929940504 -63968.15193012495 0 13.831967133647023 7676613.0637301486 496111.82400926045 15.473553929218298 -1.2519410580482639 -222717.02825936364 -132866.42058217071 0 -0.14660585360018663 -234611.42321263332 -493300.11335844803 0 0.53003072639870608 1520153.9318158498 -261537.16917022594 0
d 1.7500000201123994e-13 19.326966982789735 1738292.6227673958 34593.534002685839 50.249061649279163 21.162037734393426 6552038.3784116544 -63718.984796419856 0 13.750653613651092 7628968.1730323369 495961.69450965419 15.382172166693076 -1.2074579631615732 -214787.34772400837 -132732.88927932165 0 -0.15473098151975981 -247569.44698037952 -493360.77682090044 0 0.52690662928181642 1510695.5209980791 -263024.31259164354 0
d 1.8000000361756419e-13 19.282079879551699 1734148.4789298074 34869.907596098987 49.73194936495365 21.06479236116849 6520439.7094414607 -63729.688473505885 0 13.765230844951791 7626808.3480502181 498456.06405583018 15.300863803305978 -1.1840573986227172 -210611.77599513254 -132541.6579563104 0 -0.16966313696967 -271398.85527338972 -493502.99537996604 0 0.51825912976237809 1483908.4696982712 -264681.66598580318 0
d 1.8500000522388843e-13 19.25138564944216 1731300.1917463026 34608.718200613366 50.024972947874708 20.918349939968991 6474191.4341961155 -62759.768945125172 0 13.974693164217925 7730283.0757437069 500498.31896425033 15.445172906356689 -1.1729744806540194 -208629.84704024403 -132393.35306195728 0 -0.16500493912413419 -263910.01720472059 -494098.94072023383 0 0.51156410654304929 1462358.9905749187 -265539.13929963898 0
d 1.9000000683021268e-13 19.112640292119291 1718598.6275907629 34607.320556304519 49.659973669290054 20.870340724880478 6456452.8294099756 -61830.982934212618 0 14.099383504292179 7791991.5454699332 500880.44626851508 15.5565896083968 -1.1316375737909161 -201251.26837001796 -132061.32384835731 0 -0.16525992699286041 -264200.0026200334 -493924.91053235228 0 0.51593982755039147 1473493.4891526443 -266655.13024224254 0
d 1.9500000843653692e-13 19.071744208371463 1714544.8678331766 34962.8889485248 49.038993040805885 20.821522918892541 6439394.7910621352 -61605.452911325519 0 14.140395932534821 7804509.3757123919 502076.95309196442 15.544448570382508 -1.0442246121140102 -185664.92196853249 -132071.10398405755 0 -0.16514288732172899 -263932.73124683875 -493965.39746407286 0 0.52222478793976013 1489506.274078896 -268362.36207040667 0
d 2.0000001004286116e-13 19.189688674632354 1724800.5665173563 35195.189475607782 49.006713480339087 20.823995126548596 6437860.1880300073 -61466.421889253594 0 14.33772674276422 7896086.7722884361 503661.77633166697 15.677359576099287 -0.96601499936782187 -171724.52343986221 -132280.21729166689 0 -0.16785271228935422 -268167.82434171357 -493794.89401708852 0 0.51962753897572156 1478851.5833513634 -269942.89502580126 0
d 2.0499999809665825e-13 19.259793159210144 1730990.3620240916 34769.012041073249 49.785434224568768 20.802963766690127 6430897.5849008542 -61931.086361811816 0 14.501681539128965 7977372.9210772654 503930.77612209122 15.830295149793601 -0.96831570790226595 -172122.4427476601 -132293.5409837983 0 -0.17515574381897278 -279815.38024579501 -493967.53111180611 0 0.51739256809423206 1470830.1883060618 -271715.43950877461 0
d 2.099999997029825e-13 19.231411866116215 1728551.3923874232 34766.218113960247 49.719281709658539 20.713022018626379 6405878.7968852893 -62417.320775594395 0 14.653547764344738 8052553.4623680003 504612.63319352735 15.957891128103627 -0.94771435470438525 -168471.35892335861 -132132.74319863191 0 -0.17869451620299234 -285592.82566439867 -493933.61674382119 0 0.52142812336652988 1480764.8672241762 -272402.54360161477 0
d 2.1500000130930674e-13 19.290081812962924 1733714.6380202626 34819.548041993883 49.791417049104936 20.729656354620257 6411602.5340984743 -61832.028589307738 0 14.78176166624603 8118881.2063965276 505369.36521822307 16.065242108394759 -0.89860998322781316 -159732.12834796787 -132049.11392696676 0 -0.17935591461317532 -286675.78480417427 -493602.55466271326 0 0.52816843723061313 1499143.6650664404 -273119.59864295321 0
d 2.2000000291563099e-13 19.268928912175493 1731727.029163165 34691.794730580375 49.917481716120889 20.779969075078075 6427594.9177517593 -62151.846961319512 0 14.808577303497703 8128347.7629371695 505451.59565117792 16.081357409635526 -0.85495589002809502 -151964.82089254525 -131788.04492012583 0 -0.17397391239475068 -278092.03481482947 -493727.40850191744 0 0.52530882606870333 1490062.3969503653 -274216.81663021893 0
d 2.2500000452195523e-13 19.260887199989039 1730806.908895825 35082.258755422132 49.335674791131304 20.742335723143078 6416244.7310003461 -62543.547677773524 0 14.807536688766339 8115926.4198670024 504967.77416667872 16.072167047214609 -0.78630078179660368 -139745.72547647229 -131707.32929363425 0 -0.16067439110131473 -256844.77902387673 -494228.89496839204 0 0.52745103536650417 1493957.5269771863 -275273.96448165743 0
d 2.2999999257575232e-13 19.251588954012121 1729914.3567788168 34895.054183407789 49.574772048967667 20.749077211453091 6416661.6925428323 -62987.314051918911 0 14.766159729999416 8084343.4387914948 505710.87042684195 15.986097811122702 -0.7262558036611666 -129069.94690836154 -132028.09066217532 0 -0.15844469594952382 -253214.67938703424 -495193.99636627268 0 0.53859126130409063 1523832.7863313956 -276637.65405436937 0
d 2.3500000773460372e-13 19.14183676531281 1720063.3224085066 34678.869727697034 49.599751546537306 20.695547635483386 6395783.7006040942 -63520.418785353817 0 14.781762539543589 8084176.736408148 506330.62216957181 15.966201494526102 -0.74855826402949388 -133034.3919890532 -132323.52873438131 0 -0.15625408143384786 -249545.09217478137 -495515.49945769884 0 0.5373180689253686 1518594.5655238898 -278225.75727093243 0
d 2.3999999578840081e-13 19.095800489311991 1715738.0725966555 34776.765394134476 49.335757743761746 20.598859769462617 6364498.7748358194 -63594.945137167371 0 14.839779281017924 8114108.917436799 506393.02519438899 16.023342569384791 -0.75781813778964446 -134665.27066869746 -132007.98124266157 0 -0.15028932622824276 -239966.14874611876 -495612.63746342115 0 0.52917148962072003 1495239.1059981219 -279290.2003343192 0
d 2.4500001094725221e-13 18.996687460113073 1706801.2004037609 34623.78675072889 49.295624788002996 20.537030005167605 6340064.598165351 -63882.823930732622 0 14.806963574364859 8091115.3094182182 506820.61458975519 15.964455818292935 -0.70476156569130766 -125234.72503917906 -131846.46832213691 0 -0.14447582109280227 -230489.97166614889 -495471.68268987775 0 0.52769024977970502 1490123.521680055 -280441.42556823295 0
d 2.499999990010493e-13 18.928449157414303 1700776.5675417176 34526.15938453882 49.260520076940367 20.490680914914638 6320738.6797404867 -65021.463627685072 0 14.780929381261373 8067418.2888942165 507282.59261464648 15.903203473458376 -0.69213813703524107 -122999.26135426197 -132078.27246939577 0 -0.14558514261367878 -232075.51304745089 -495977.41565005289 0 0.51630411818596145 1456261.0718328983 -281233.86893323733 0
Q 390 13 "simulation time"
Q 10000 1 "Current dir=x,creg=1" 3 A/cm 4 0
Q 10001 1 "Velocity dir=x,creg=1" 3 cm/s 4 0
Q 10002 1 "Force dir=x,creg=1" 3 V/cm 4 0
Q 10003 1 "Mobility dir=x,creg=1" 3 cm~@/V/s 4 0
Q 10004 1 "Current dir=x,creg=2" 3 A/cm 4 0
Q 10005 1 "Velocity dir=x,creg=2" 3 cm/s 4 0
Q 10006 1 "Force dir=x,creg=2" 3 V/cm 4 0
Q 10007 1 "Mobility dir=x,creg=2" 3 cm~@/V/s 4 0
Q 10008 1 "Current dir=x,creg=3" 3 A/cm 4 0
Q 10009 1 "Velocity dir=x,creg=3" 3 cm/s 4 0
Q 10010 1 "Force dir=x,creg=3" 3 V/cm 4 0
Q 10011 1 "Mobility dir=x,creg=3" 3 cm~@/V/s 4 0
Q 10012 1 "Current dir=y,creg=1" 3 A/cm 4 0
Q 10013 1 "Velocity dir=y,creg=1" 3 cm/s 4 0
Q 10014 1 "Force dir=y,creg=1" 3 V/cm 4 0
Q 10015 1 "Mobility dir=y,creg=1" 3 cm~@/V/s 4 0
Q 10016 1 "Current dir=y,creg=2" 3 A/cm 4 0
Q 10017 1 "Velocity dir=y,creg=2" 3 cm/s 4 0
Q 10018 1 "Force dir=y,creg=2" 3 V/cm 4 0
Q 10019 1 "Mobility dir=y,creg=2" 3 cm~@/V/s 4 0
Q 10020 1 "Current dir=y,creg=3" 3 A/cm 4 0
Q 10021 1 "Velocity dir=y,creg=3" 3 cm/s 4 0
Q 10022 1 "Force dir=y,creg=3" 3 V/cm 4 0
Q 10023 1 "Mobility dir=y,creg=3" 3 cm~@/V/s 4 0
EOF 8654545
