v ATLAS
# This file was created by ATLAS version 5.26.1.R on Tue Apr 17 21:25:10 2018.
#SSF 2.0 generic
##############################################################################
#                    Copyright (c) 1984 - 2018                               #
#                    Silvaco Inc. All rights reserved                        #
#                                                                            #
# This file format and the following Key are copyright Silvaco Inc.          #
# You may not use, this format or key without reproducing this message in    #
# full and obtaining express written permission from Silvaco Inc.            #
#                                                                            #
# To obtain such permission please contact: Silvaco Inc.                     #
#                                           support@silvaco.com              #
#                                                                            #
# KEY=SVC86hn7562asdx                       PROD=345                         #
##############################################################################
y 1 15
z 300
f 2 "anode" "cathode" 
p 17 91 4000 4010 4020 85 86 87 308 354 355 356 2 601 20 3 602 21 
d 1.316044996e-02 5.000000000e-01 2.325830418e-10 2.116956474e-10 2.116956474e-10 2.325830418e-10 5.300000000e-01 9.000000000e+01 0.000000000e+00 9.223865597e-01 7.761344026e-02 0.000000000e+00 0.000000000e+00 -2.114710834e-10 2.000000000e+00 2.000000000e+00 2.114710851e-10 
d 2.632089992e-02 5.000000000e-01 4.651660837e-10 4.233912948e-10 4.233912948e-10 4.651660837e-10 5.300000000e-01 9.000000000e+01 0.000000000e+00 9.223865597e-01 7.761344026e-02 0.000000000e+00 0.000000000e+00 -4.229195000e-10 2.000000000e+00 2.000000000e+00 4.229195005e-10 
d 3.948134988e-02 5.000000000e-01 6.977491255e-10 6.350869422e-10 6.350869422e-10 6.977491255e-10 5.300000000e-01 9.000000000e+01 0.000000000e+00 9.223865597e-01 7.761344026e-02 0.000000000e+00 0.000000000e+00 -6.343680596e-10 2.000000000e+00 2.000000000e+00 6.343680579e-10 
d 5.264179984e-02 5.000000000e-01 9.303321673e-10 8.467825896e-10 8.467825896e-10 9.303321673e-10 5.300000000e-01 9.000000000e+01 0.000000000e+00 9.223865597e-01 7.761344026e-02 0.000000000e+00 0.000000000e+00 -8.458167479e-10 2.000000000e+00 2.000000000e+00 8.458167477e-10 
d 6.580224979e-02 5.000000000e-01 1.162915209e-09 1.058478237e-09 1.058478237e-09 1.162915209e-09 5.300000000e-01 9.000000000e+01 0.000000000e+00 9.223865597e-01 7.761344026e-02 0.000000000e+00 0.000000000e+00 -1.057265556e-09 2.000000000e+00 2.000000000e+00 1.057265557e-09 
d 7.896269975e-02 5.000000000e-01 1.395498251e-09 1.270173884e-09 1.270173884e-09 1.395498251e-09 5.300000000e-01 9.000000000e+01 0.000000000e+00 9.223865597e-01 7.761344026e-02 0.000000000e+00 0.000000000e+00 -1.268714477e-09 2.000000000e+00 2.000000000e+00 1.268714478e-09 
d 9.212314971e-02 5.000000000e-01 1.628081293e-09 1.481869532e-09 1.481869532e-09 1.628081293e-09 5.300000000e-01 9.000000000e+01 0.000000000e+00 9.223865597e-01 7.761344026e-02 0.000000000e+00 0.000000000e+00 -1.480163506e-09 2.000000000e+00 2.000000000e+00 1.480163505e-09 
d 1.052835997e-01 5.000000000e-01 1.860664335e-09 1.693565179e-09 1.693565179e-09 1.860664335e-09 5.300000000e-01 9.000000000e+01 0.000000000e+00 9.223865597e-01 7.761344026e-02 0.000000000e+00 0.000000000e+00 -1.691612639e-09 2.000000000e+00 2.000000000e+00 1.691612639e-09 
d 1.184440496e-01 5.000000000e-01 2.093247377e-09 1.905260827e-09 1.905260827e-09 2.093247377e-09 5.300000000e-01 9.000000000e+01 0.000000000e+00 9.223865597e-01 7.761344026e-02 0.000000000e+00 0.000000000e+00 -1.903061875e-09 2.000000000e+00 2.000000000e+00 1.903061876e-09 
d 1.316044996e-01 5.000000000e-01 2.325830418e-09 2.116956474e-09 2.116956474e-09 2.325830418e-09 5.300000000e-01 9.000000000e+01 0.000000000e+00 9.223865597e-01 7.761344026e-02 0.000000000e+00 0.000000000e+00 -2.114511209e-09 2.000000000e+00 2.000000000e+00 2.114511209e-09 
