v ATLAS
# This file was created by ATLAS version 5.26.1.R on Tue Apr 17 19:45:22 2018.
#SSF 2.0 generic
##############################################################################
#                    Copyright (c) 1984 - 2018                               #
#                    Silvaco Inc. All rights reserved                        #
#                                                                            #
# This file format and the following Key are copyright Silvaco Inc.          #
# You may not use, this format or key without reproducing this message in    #
# full and obtaining express written permission from Silvaco Inc.            #
#                                                                            #
# To obtain such permission please contact: Silvaco Inc.                     #
#                                           support@silvaco.com              #
#                                                                            #
# KEY=SVC86hn7562asdx                       PROD=345                         #
##############################################################################
y 3 700 711 15
z 0.291441 0.0113125 300
f 4 "gate" "source" "drain" "substrate" 
p 12 2 601 20 3 602 21 4 603 22 5 604 23 
d 3.300000000e+00 3.300000000e+00 0.000000000e+00 0.000000000e+00 0.000000000e+00 1.305409239e-20 0.000000000e+00 0.000000000e+00 8.028266808e-17 0.000000000e+00 0.000000000e+00 -2.468039339e-20 
d 3.300000000e+00 3.300000000e+00 0.000000000e+00 0.000000000e+00 0.000000000e+00 -1.219539962e-05 1.875000000e-02 1.875000000e-02 1.219539962e-05 0.000000000e+00 0.000000000e+00 -1.555797507e-17 
d 3.300000000e+00 3.300000000e+00 0.000000000e+00 0.000000000e+00 0.000000000e+00 -2.430924511e-05 3.750000000e-02 3.750000000e-02 2.430924511e-05 0.000000000e+00 0.000000000e+00 -2.847818060e-17 
d 3.300000000e+00 3.300000000e+00 0.000000000e+00 0.000000000e+00 0.000000000e+00 -4.826442223e-05 7.500000000e-02 7.500000000e-02 4.826442223e-05 0.000000000e+00 0.000000000e+00 -4.955447345e-17 
d 3.300000000e+00 3.300000000e+00 0.000000000e+00 0.000000000e+00 0.000000000e+00 -9.489150519e-05 1.500000000e-01 1.500000000e-01 9.489150519e-05 0.000000000e+00 0.000000000e+00 -8.336650815e-17 
d 3.300000000e+00 3.300000000e+00 0.000000000e+00 0.000000000e+00 0.000000000e+00 -1.815236194e-04 3.000000000e-01 3.000000000e-01 1.815236194e-04 0.000000000e+00 0.000000000e+00 -1.426245687e-16 
d 3.300000000e+00 3.300000000e+00 0.000000000e+00 0.000000000e+00 0.000000000e+00 -3.183189229e-04 6.000000000e-01 6.000000000e-01 3.183189229e-04 0.000000000e+00 0.000000000e+00 -3.206814531e-16 
d 3.300000000e+00 3.300000000e+00 0.000000000e+00 0.000000000e+00 0.000000000e+00 -3.981760205e-04 9.000000000e-01 9.000000000e-01 3.981760205e-04 0.000000000e+00 0.000000000e+00 -4.872127524e-16 
d 3.300000000e+00 3.300000000e+00 0.000000000e+00 0.000000000e+00 0.000000000e+00 -4.354688977e-04 1.200000000e+00 1.200000000e+00 4.354688977e-04 0.000000000e+00 0.000000000e+00 -5.682789453e-16 
d 3.300000000e+00 3.300000000e+00 0.000000000e+00 0.000000000e+00 0.000000000e+00 -4.561492913e-04 1.500000000e+00 1.500000000e+00 4.561492913e-04 0.000000000e+00 0.000000000e+00 -6.128292489e-16 
d 3.300000000e+00 3.300000000e+00 0.000000000e+00 0.000000000e+00 0.000000000e+00 -4.705482618e-04 1.800000000e+00 1.800000000e+00 4.705482618e-04 0.000000000e+00 0.000000000e+00 -6.473194182e-16 
d 3.300000000e+00 3.300000000e+00 0.000000000e+00 0.000000000e+00 0.000000000e+00 -4.816250335e-04 2.100000000e+00 2.100000000e+00 4.816250335e-04 0.000000000e+00 0.000000000e+00 -6.734207194e-16 
d 3.300000000e+00 3.300000000e+00 0.000000000e+00 0.000000000e+00 0.000000000e+00 -4.906718291e-04 2.400000000e+00 2.400000000e+00 4.906718291e-04 0.000000000e+00 0.000000000e+00 -7.115982928e-16 
d 3.300000000e+00 3.300000000e+00 0.000000000e+00 0.000000000e+00 0.000000000e+00 -4.982909450e-04 2.700000000e+00 2.700000000e+00 4.982909450e-04 0.000000000e+00 0.000000000e+00 -7.951218316e-16 
d 3.300000000e+00 3.300000000e+00 0.000000000e+00 0.000000000e+00 0.000000000e+00 -5.048042023e-04 3.000000000e+00 3.000000000e+00 5.048042023e-04 0.000000000e+00 0.000000000e+00 -8.639009447e-16 
d 3.300000000e+00 3.300000000e+00 0.000000000e+00 0.000000000e+00 0.000000000e+00 -5.104350154e-04 3.300000000e+00 3.300000000e+00 5.104350154e-04 0.000000000e+00 0.000000000e+00 -9.054252994e-16 
