v ATLAS
# This file was created by ATLAS version 5.26.1.R on Mon Apr 16 16:20:07 2018.
#SSF 2.0 generic
##############################################################################
#                    Copyright (c) 1984 - 2018                               #
#                    Silvaco Inc. All rights reserved                        #
#                                                                            #
# This file format and the following Key are copyright Silvaco Inc.          #
# You may not use, this format or key without reproducing this message in    #
# full and obtaining express written permission from Silvaco Inc.            #
#                                                                            #
# To obtain such permission please contact: Silvaco Inc.                     #
#                                           support@silvaco.com              #
#                                                                            #
# KEY=SVC86hn7562asdx                       PROD=345                         #
##############################################################################
y 1 15
z 300
f 2 "anode" "cathode" 
p 7 61 2 601 20 3 602 21 
d 1.00000000000000e-12 2.000000000e-02 7.130537795e-03 2.573892441e-05 0.000000000e+00 0.000000000e+00 -2.573892443e-05 
d 2.00000000000000e-12 4.000000000e-02 1.484873278e-02 5.030253444e-05 0.000000000e+00 0.000000000e+00 -5.030253446e-05 
d 3.00000000000000e-12 6.000000000e-02 2.244037091e-02 7.511925818e-05 0.000000000e+00 0.000000000e+00 -7.511925819e-05 
d 4.00000000000000e-12 8.000000000e-02 3.003392897e-02 9.993214206e-05 0.000000000e+00 0.000000000e+00 -9.993214207e-05 
d 5.00000000000000e-12 1.000000000e-01 3.761075870e-02 1.247784826e-04 0.000000000e+00 0.000000000e+00 -1.247784826e-04 
d 6.00000000000000e-12 1.200000000e-01 4.517774007e-02 1.496445199e-04 0.000000000e+00 0.000000000e+00 -1.496445199e-04 
d 7.00000000000000e-12 1.400000000e-01 5.273699897e-02 1.745260021e-04 0.000000000e+00 0.000000000e+00 -1.745260021e-04 
d 8.00000000000000e-12 1.600000000e-01 6.029145262e-02 1.994170948e-04 0.000000000e+00 0.000000000e+00 -1.994170948e-04 
d 9.00000000000000e-12 1.800000000e-01 6.784000116e-02 2.243199977e-04 0.000000000e+00 0.000000000e+00 -2.243199977e-04 
d 1.00000000000000e-11 2.000000000e-01 7.538388104e-02 2.492322379e-04 0.000000000e+00 0.000000000e+00 -2.492322379e-04 
d 1.10000000000000e-11 2.200000000e-01 8.292941314e-02 2.741411737e-04 0.000000000e+00 0.000000000e+00 -2.741411737e-04 
d 1.20000000000000e-11 2.400000000e-01 9.047913984e-02 2.990417203e-04 0.000000000e+00 0.000000000e+00 -2.990417203e-04 
d 1.30000000000000e-11 2.600000000e-01 9.803571768e-02 3.239285646e-04 0.000000000e+00 0.000000000e+00 -3.239285647e-04 
d 1.40000000000000e-11 2.800000000e-01 1.056017700e-01 3.487964600e-04 0.000000000e+00 0.000000000e+00 -3.487964601e-04 
d 1.50000000000000e-11 3.000000000e-01 1.131799183e-01 3.736401634e-04 0.000000000e+00 0.000000000e+00 -3.736401634e-04 
d 1.60000000000000e-11 3.200000000e-01 1.207727844e-01 3.984544312e-04 0.000000000e+00 0.000000000e+00 -3.984544312e-04 
d 1.70000000000000e-11 3.400000000e-01 1.283829828e-01 4.232340343e-04 0.000000000e+00 0.000000000e+00 -4.232340343e-04 
d 1.80000000000000e-11 3.600000000e-01 1.360131473e-01 4.479737055e-04 0.000000000e+00 0.000000000e+00 -4.479737055e-04 
d 1.90000000000000e-11 3.800000000e-01 1.436659298e-01 4.726681404e-04 0.000000000e+00 0.000000000e+00 -4.726681404e-04 
d 2.00000000000000e-11 4.000000000e-01 1.513440027e-01 4.973119946e-04 0.000000000e+00 0.000000000e+00 -4.973119946e-04 
d 2.10000000000000e-11 4.200000000e-01 1.590500659e-01 5.218998682e-04 0.000000000e+00 0.000000000e+00 -5.218998682e-04 
d 2.20000000000000e-11 4.400000000e-01 1.667868519e-01 5.464262963e-04 0.000000000e+00 0.000000000e+00 -5.464262963e-04 
d 2.30000000000000e-11 4.600000000e-01 1.745571308e-01 5.708857385e-04 0.000000000e+00 0.000000000e+00 -5.708857385e-04 
d 2.40000000000000e-11 4.800000000e-01 1.823637158e-01 5.952725685e-04 0.000000000e+00 0.000000000e+00 -5.952725685e-04 
d 2.50000000000000e-11 5.000000000e-01 1.902094687e-01 6.195810628e-04 0.000000000e+00 0.000000000e+00 -6.195810628e-04 
d 2.60000000000000e-11 5.200000000e-01 1.980973081e-01 6.438053840e-04 0.000000000e+00 0.000000000e+00 -6.438053840e-04 
d 2.70000000000000e-11 5.400000000e-01 2.060302071e-01 6.679395860e-04 0.000000000e+00 0.000000000e+00 -6.679395860e-04 
d 2.80000000000000e-11 5.600000000e-01 2.140112052e-01 6.919775898e-04 0.000000000e+00 0.000000000e+00 -6.919775898e-04 
d 2.90000000000000e-11 5.800000000e-01 2.220434146e-01 7.159131712e-04 0.000000000e+00 0.000000000e+00 -7.159131712e-04 
d 3.00000000000000e-11 6.000000000e-01 2.301300243e-01 7.397399518e-04 0.000000000e+00 0.000000000e+00 -7.397399518e-04 
d 3.10000000000000e-11 6.200000000e-01 2.382780452e-01 7.634439101e-04 0.000000000e+00 0.000000000e+00 -7.634439101e-04 
d 3.20000000000000e-11 6.400000000e-01 2.464832896e-01 7.870334213e-04 0.000000000e+00 0.000000000e+00 -7.870334214e-04 
d 3.30000000000000e-11 6.600000000e-01 2.547467085e-01 8.105065836e-04 0.000000000e+00 0.000000000e+00 -8.105065836e-04 
d 3.40000000000000e-11 6.800000000e-01 2.630650826e-01 8.338698355e-04 0.000000000e+00 0.000000000e+00 -8.338698355e-04 
d 3.50000000000000e-11 7.000000000e-01 2.714544005e-01 8.570912000e-04 0.000000000e+00 0.000000000e+00 -8.570912000e-04 
d 3.60000000000000e-11 7.200000000e-01 2.799182300e-01 8.801635410e-04 0.000000000e+00 0.000000000e+00 -8.801635410e-04 
d 3.70000000000000e-11 7.400000000e-01 2.884859845e-01 9.030280311e-04 0.000000000e+00 0.000000000e+00 -9.030280311e-04 
d 3.80000000000000e-11 7.600000000e-01 2.971092354e-01 9.257815293e-04 0.000000000e+00 0.000000000e+00 -9.257815293e-04 
d 3.90000000000000e-11 7.800000000e-01 3.058246878e-01 9.483506245e-04 0.000000000e+00 0.000000000e+00 -9.483506245e-04 
d 4.00000000000000e-11 8.000000000e-01 3.146305101e-01 9.707389799e-04 0.000000000e+00 0.000000000e+00 -9.707389799e-04 
d 4.10000000000000e-11 8.200000000e-01 3.235324312e-01 9.929351376e-04 0.000000000e+00 0.000000000e+00 -9.929351376e-04 
d 4.20000000000000e-11 8.400000000e-01 3.325349217e-01 1.014930157e-03 0.000000000e+00 0.000000000e+00 -1.014930157e-03 
d 4.30000000000000e-11 8.600000000e-01 3.416429093e-01 1.036714181e-03 0.000000000e+00 0.000000000e+00 -1.036714182e-03 
d 4.40000000000000e-11 8.800000000e-01 3.508614565e-01 1.058277087e-03 0.000000000e+00 0.000000000e+00 -1.058277087e-03 
d 4.50000000000000e-11 9.000000000e-01 3.601958354e-01 1.079608329e-03 0.000000000e+00 0.000000000e+00 -1.079608329e-03 
d 4.60000000000000e-11 9.200000000e-01 3.696515248e-01 1.100696951e-03 0.000000000e+00 0.000000000e+00 -1.100696951e-03 
d 4.70000000000000e-11 9.400000000e-01 3.792342231e-01 1.121531554e-03 0.000000000e+00 0.000000000e+00 -1.121531554e-03 
d 4.80000000000000e-11 9.600000000e-01 3.889498578e-01 1.142100285e-03 0.000000000e+00 0.000000000e+00 -1.142100285e-03 
d 4.90000000000001e-11 9.800000000e-01 3.988045955e-01 1.162390809e-03 0.000000000e+00 0.000000000e+00 -1.162390809e-03 
d 5.00000000000001e-11 1.000000000e+00 4.088048524e-01 1.182390295e-03 0.000000000e+00 0.000000000e+00 -1.182390295e-03 
d 5.10000000000001e-11 1.020000000e+00 4.189573034e-01 1.202085393e-03 0.000000000e+00 0.000000000e+00 -1.202085393e-03 
d 5.20000000000001e-11 1.040000000e+00 4.292688917e-01 1.221462217e-03 0.000000000e+00 0.000000000e+00 -1.221462217e-03 
d 5.30000000000001e-11 1.060000000e+00 4.397468373e-01 1.240506326e-03 0.000000000e+00 0.000000000e+00 -1.240506326e-03 
d 5.40000000000001e-11 1.080000000e+00 4.503986449e-01 1.259202711e-03 0.000000000e+00 0.000000000e+00 -1.259202711e-03 
d 5.50000000000001e-11 1.100000000e+00 4.612321105e-01 1.277535779e-03 0.000000000e+00 0.000000000e+00 -1.277535779e-03 
d 5.60000000000001e-11 1.120000000e+00 4.722553301e-01 1.295489340e-03 0.000000000e+00 0.000000000e+00 -1.295489340e-03 
d 5.70000000000001e-11 1.140000000e+00 4.834766952e-01 1.313046610e-03 0.000000000e+00 0.000000000e+00 -1.313046610e-03 
d 5.80000000000001e-11 1.160000000e+00 4.949048992e-01 1.330190202e-03 0.000000000e+00 0.000000000e+00 -1.330190202e-03 
d 5.90000000000001e-11 1.180000000e+00 5.065489372e-01 1.346902127e-03 0.000000000e+00 0.000000000e+00 -1.346902127e-03 
d 6.00000000000001e-11 1.200000000e+00 5.184181002e-01 1.363163801e-03 0.000000000e+00 0.000000000e+00 -1.363163801e-03 
d 6.10000000000001e-11 1.220000000e+00 5.305219675e-01 1.378956066e-03 0.000000000e+00 0.000000000e+00 -1.378956066e-03 
d 6.20000000000001e-11 1.240000000e+00 5.428703943e-01 1.394259213e-03 0.000000000e+00 0.000000000e+00 -1.394259213e-03 
d 6.30000000000001e-11 1.260000000e+00 5.555138207e-01 1.408972360e-03 0.000000000e+00 0.000000000e+00 -1.408972360e-03 
d 6.40000000000001e-11 1.280000000e+00 5.683785510e-01 1.423242900e-03 0.000000000e+00 0.000000000e+00 -1.423242900e-03 
d 6.50000000000001e-11 1.300000000e+00 5.815283360e-01 1.436943330e-03 0.000000000e+00 0.000000000e+00 -1.436943330e-03 
d 6.60000000000001e-11 1.320000000e+00 5.949630254e-01 1.450073951e-03 0.000000000e+00 0.000000000e+00 -1.450073951e-03 
d 6.70000000000001e-11 1.340000000e+00 6.086957215e-01 1.462608559e-03 0.000000000e+00 0.000000000e+00 -1.462608559e-03 
d 6.80000000000000e-11 1.360000000e+00 6.227369241e-01 1.474526155e-03 0.000000000e+00 0.000000000e+00 -1.474526155e-03 
d 6.90000000000000e-11 1.380000000e+00 6.372183757e-01 1.485563249e-03 0.000000000e+00 0.000000000e+00 -1.485563249e-03 
d 7.00000000000000e-11 1.400000000e+00 6.518964597e-01 1.496207081e-03 0.000000000e+00 0.000000000e+00 -1.496207081e-03 
d 7.10000000000000e-11 1.420000000e+00 6.669413298e-01 1.506117341e-03 0.000000000e+00 0.000000000e+00 -1.506117341e-03 
d 7.20000000000000e-11 1.440000000e+00 6.823333782e-01 1.515333244e-03 0.000000000e+00 0.000000000e+00 -1.515333244e-03 
d 7.30000000000000e-11 1.460000000e+00 6.980882941e-01 1.523823412e-03 0.000000000e+00 0.000000000e+00 -1.523823412e-03 
d 7.40000000000000e-11 1.480000000e+00 7.142144122e-01 1.531571176e-03 0.000000000e+00 0.000000000e+00 -1.531571176e-03 
d 7.50000000000000e-11 1.500000000e+00 7.307205444e-01 1.538558912e-03 0.000000000e+00 0.000000000e+00 -1.538558912e-03 
d 7.60000000000000e-11 1.520000000e+00 7.476141347e-01 1.544771731e-03 0.000000000e+00 0.000000000e+00 -1.544771731e-03 
d 7.70000000000000e-11 1.540000000e+00 7.649011025e-01 1.550197796e-03 0.000000000e+00 0.000000000e+00 -1.550197796e-03 
d 7.80000000000000e-11 1.560000000e+00 7.825851215e-01 1.554829758e-03 0.000000000e+00 0.000000000e+00 -1.554829758e-03 
d 7.90000000000000e-11 1.580000000e+00 8.006666141e-01 1.558666773e-03 0.000000000e+00 0.000000000e+00 -1.558666773e-03 
d 8.00000000000000e-11 1.600000000e+00 8.191411939e-01 1.561717613e-03 0.000000000e+00 0.000000000e+00 -1.561717613e-03 
d 8.10000000000000e-11 1.620000000e+00 8.379973161e-01 1.564005369e-03 0.000000000e+00 0.000000000e+00 -1.564005369e-03 
d 8.20000000000000e-11 1.640000000e+00 8.572128562e-01 1.565574289e-03 0.000000000e+00 0.000000000e+00 -1.565574289e-03 
d 8.30000000000000e-11 1.660000000e+00 8.767504898e-01 1.566499022e-03 0.000000000e+00 0.000000000e+00 -1.566499022e-03 
d 8.40000000000000e-11 1.680000000e+00 8.965523375e-01 1.566895326e-03 0.000000000e+00 0.000000000e+00 -1.566895326e-03 
d 8.50000000000000e-11 1.700000000e+00 9.165358033e-01 1.566928394e-03 0.000000000e+00 0.000000000e+00 -1.566928394e-03 
d 8.60000000000000e-11 1.720000000e+00 9.365949878e-01 1.566810025e-03 0.000000000e+00 0.000000000e+00 -1.566810025e-03 
d 8.70000000000000e-11 1.740000000e+00 9.566140391e-01 1.566771923e-03 0.000000000e+00 0.000000000e+00 -1.566771923e-03 
d 8.80000000000000e-11 1.760000000e+00 9.764960752e-01 1.567007850e-03 0.000000000e+00 0.000000000e+00 -1.567007850e-03 
d 8.90000000000000e-11 1.780000000e+00 9.962001656e-01 1.567599669e-03 0.000000000e+00 0.000000000e+00 -1.567599669e-03 
d 9.00000000000000e-11 1.800000000e+00 1.015765016e+00 1.568469968e-03 0.000000000e+00 0.000000000e+00 -1.568469968e-03 
d 9.10000000000000e-11 1.820000000e+00 1.035297443e+00 1.569405115e-03 0.000000000e+00 0.000000000e+00 -1.569405115e-03 
d 9.20000000000000e-11 1.840000000e+00 1.054923816e+00 1.570152368e-03 0.000000000e+00 0.000000000e+00 -1.570152368e-03 
d 9.30000000000000e-11 1.860000000e+00 1.074728354e+00 1.570543292e-03 0.000000000e+00 0.000000000e+00 -1.570543292e-03 
d 9.40000000000000e-11 1.880000000e+00 1.094711730e+00 1.570576540e-03 0.000000000e+00 0.000000000e+00 -1.570576540e-03 
d 9.50000000000000e-11 1.900000000e+00 1.114791104e+00 1.570417791e-03 0.000000000e+00 0.000000000e+00 -1.570417791e-03 
d 9.60000000000000e-11 1.920000000e+00 1.134839823e+00 1.570320354e-03 0.000000000e+00 0.000000000e+00 -1.570320354e-03 
d 9.69999999999999e-11 1.940000000e+00 1.154664687e+00 1.570670629e-03 0.000000000e+00 0.000000000e+00 -1.570670629e-03 
d 9.79999999999999e-11 1.960000000e+00 1.174411359e+00 1.571177286e-03 0.000000000e+00 0.000000000e+00 -1.571177286e-03 
d 9.89999999999999e-11 1.980000000e+00 1.194029209e+00 1.571941584e-03 0.000000000e+00 0.000000000e+00 -1.571941584e-03 
d 9.99999999999999e-11 2.000000000e+00 1.213629447e+00 1.572741108e-03 0.000000000e+00 0.000000000e+00 -1.572741108e-03 
