v ATLAS
# This file was created by ATLAS version 5.26.1.R on Tue Apr 17 22:37:42 2018.
#SSF 2.0 generic
##############################################################################
#                    Copyright (c) 1984 - 2018                               #
#                    Silvaco Inc. All rights reserved                        #
#                                                                            #
# This file format and the following Key are copyright Silvaco Inc.          #
# You may not use, this format or key without reproducing this message in    #
# full and obtaining express written permission from Silvaco Inc.            #
#                                                                            #
# To obtain such permission please contact: Silvaco Inc.                     #
#                                           support@silvaco.com              #
#                                                                            #
# KEY=SVC86hn7562asdx                       PROD=345                         #
##############################################################################
y 3 700 711 15
z 5 0.08 300
f 3 "source" "gate" "drain" 
p 9 2 601 20 3 602 21 4 603 22 
d 0.000000000e+00 0.000000000e+00 -4.249637567e-05 2.000000000e+01 2.000000000e+01 0.000000000e+00 2.500000000e+00 2.500000000e+00 4.249637567e-05 
d 0.000000000e+00 0.000000000e+00 -8.196263653e-05 2.000000000e+01 2.000000000e+01 0.000000000e+00 5.000000000e+00 5.000000000e+00 8.196263653e-05 
d 0.000000000e+00 0.000000000e+00 -1.185067724e-04 2.000000000e+01 2.000000000e+01 0.000000000e+00 7.500000000e+00 7.500000000e+00 1.185067724e-04 
d 0.000000000e+00 0.000000000e+00 -1.522956781e-04 2.000000000e+01 2.000000000e+01 0.000000000e+00 1.000000000e+01 1.000000000e+01 1.522956781e-04 
d 0.000000000e+00 0.000000000e+00 -1.833956111e-04 2.000000000e+01 2.000000000e+01 0.000000000e+00 1.250000000e+01 1.250000000e+01 1.833956111e-04 
d 0.000000000e+00 0.000000000e+00 -2.116963225e-04 2.000000000e+01 2.000000000e+01 0.000000000e+00 1.500000000e+01 1.500000000e+01 2.116963225e-04 
d 0.000000000e+00 0.000000000e+00 -2.593355151e-04 2.000000000e+01 2.000000000e+01 0.000000000e+00 2.000000000e+01 2.000000000e+01 2.593355151e-04 
d 0.000000000e+00 0.000000000e+00 -2.938288719e-04 2.000000000e+01 2.000000000e+01 0.000000000e+00 2.500000000e+01 2.500000000e+01 2.938288719e-04 
d 0.000000000e+00 0.000000000e+00 -3.146573410e-04 2.000000000e+01 2.000000000e+01 0.000000000e+00 3.000000000e+01 3.000000000e+01 3.146573410e-04 
d 0.000000000e+00 0.000000000e+00 -3.250888117e-04 2.000000000e+01 2.000000000e+01 0.000000000e+00 3.500000000e+01 3.500000000e+01 3.250888117e-04 
d 0.000000000e+00 0.000000000e+00 -3.305506626e-04 2.000000000e+01 2.000000000e+01 0.000000000e+00 4.000000000e+01 4.000000000e+01 3.305506626e-04 
d 0.000000000e+00 0.000000000e+00 -3.334577968e-04 2.000000000e+01 2.000000000e+01 0.000000000e+00 4.500000000e+01 4.500000000e+01 3.334577968e-04 
d 0.000000000e+00 0.000000000e+00 -3.349422082e-04 2.000000000e+01 2.000000000e+01 0.000000000e+00 5.000000000e+01 5.000000000e+01 3.349422082e-04 
d 0.000000000e+00 0.000000000e+00 -3.357759669e-04 2.000000000e+01 2.000000000e+01 0.000000000e+00 5.500000000e+01 5.500000000e+01 3.357759669e-04 
d 0.000000000e+00 0.000000000e+00 -3.363954470e-04 2.000000000e+01 2.000000000e+01 0.000000000e+00 6.000000000e+01 6.000000000e+01 3.363954470e-04 
