v ATLAS
# This file was created by ATLAS version 5.26.1.R on Tue Apr 17 22:37:58 2018.
#SSF 2.0 generic
##############################################################################
#                    Copyright (c) 1984 - 2018                               #
#                    Silvaco Inc. All rights reserved                        #
#                                                                            #
# This file format and the following Key are copyright Silvaco Inc.          #
# You may not use, this format or key without reproducing this message in    #
# full and obtaining express written permission from Silvaco Inc.            #
#                                                                            #
# To obtain such permission please contact: Silvaco Inc.                     #
#                                           support@silvaco.com              #
#                                                                            #
# KEY=SVC86hn7562asdx                       PROD=345                         #
##############################################################################
y 3 700 711 15
z 5 0.08 300
f 3 "source" "gate" "drain" 
p 9 2 601 20 3 602 21 4 603 22 
d 0.000000000e+00 0.000000000e+00 -8.336071888e-06 2.000000000e+01 2.000000000e+01 0.000000000e+00 2.500000000e+00 2.500000000e+00 8.336071888e-06 
d 0.000000000e+00 0.000000000e+00 -1.612847953e-05 2.000000000e+01 2.000000000e+01 0.000000000e+00 5.000000000e+00 5.000000000e+00 1.612847953e-05 
d 0.000000000e+00 0.000000000e+00 -2.343990924e-05 2.000000000e+01 2.000000000e+01 0.000000000e+00 7.500000000e+00 7.500000000e+00 2.343990924e-05 
d 0.000000000e+00 0.000000000e+00 -3.033735940e-05 2.000000000e+01 2.000000000e+01 0.000000000e+00 1.000000000e+01 1.000000000e+01 3.033735940e-05 
d 0.000000000e+00 0.000000000e+00 -3.686343038e-05 2.000000000e+01 2.000000000e+01 0.000000000e+00 1.250000000e+01 1.250000000e+01 3.686343038e-05 
d 0.000000000e+00 0.000000000e+00 -4.301638088e-05 2.000000000e+01 2.000000000e+01 0.000000000e+00 1.500000000e+01 1.500000000e+01 4.301638088e-05 
d 0.000000000e+00 0.000000000e+00 -5.413215487e-05 2.000000000e+01 2.000000000e+01 0.000000000e+00 2.000000000e+01 2.000000000e+01 5.413215487e-05 
d 0.000000000e+00 0.000000000e+00 -6.340586974e-05 2.000000000e+01 2.000000000e+01 0.000000000e+00 2.500000000e+01 2.500000000e+01 6.340586974e-05 
d 0.000000000e+00 0.000000000e+00 -7.060178346e-05 2.000000000e+01 2.000000000e+01 0.000000000e+00 3.000000000e+01 3.000000000e+01 7.060178346e-05 
d 0.000000000e+00 0.000000000e+00 -7.558655252e-05 2.000000000e+01 2.000000000e+01 0.000000000e+00 3.500000000e+01 3.500000000e+01 7.558655252e-05 
d 0.000000000e+00 0.000000000e+00 -7.869242412e-05 2.000000000e+01 2.000000000e+01 0.000000000e+00 4.000000000e+01 4.000000000e+01 7.869242412e-05 
d 0.000000000e+00 0.000000000e+00 -8.044224282e-05 2.000000000e+01 2.000000000e+01 0.000000000e+00 4.500000000e+01 4.500000000e+01 8.044224282e-05 
d 0.000000000e+00 0.000000000e+00 -8.133887229e-05 2.000000000e+01 2.000000000e+01 0.000000000e+00 5.000000000e+01 5.000000000e+01 8.133887229e-05 
d 0.000000000e+00 0.000000000e+00 -8.187285234e-05 2.000000000e+01 2.000000000e+01 0.000000000e+00 5.500000000e+01 5.500000000e+01 8.187285234e-05 
d 0.000000000e+00 0.000000000e+00 -8.225894695e-05 2.000000000e+01 2.000000000e+01 0.000000000e+00 6.000000000e+01 6.000000000e+01 8.225894695e-05 
