v ATLAS
# This file was created by ATLAS version 5.26.1.R on Tue Apr 17 21:34:41 2018.
#SSF 2.0 generic
##############################################################################
#                    Copyright (c) 1984 - 2018                               #
#                    Silvaco Inc. All rights reserved                        #
#                                                                            #
# This file format and the following Key are copyright Silvaco Inc.          #
# You may not use, this format or key without reproducing this message in    #
# full and obtaining express written permission from Silvaco Inc.            #
#                                                                            #
# To obtain such permission please contact: Silvaco Inc.                     #
#                                           support@silvaco.com              #
#                                                                            #
# KEY=SVC86hn7562asdx                       PROD=345                         #
##############################################################################
y 1 15
z 77
f 26 "anode1" "anode2" "anode3" "anode4" "anode5" "anode6" "anode7" "anode8" "anode9" "anode10" "anode11" "anode12" "anode13" "anode14" "anode15" "anode16" "anode17" "anode18" "anode19" "anode20" "anode21" "anode22" "anode23" "anode24" "anode25" "cathode" 
p 89 91 4000 4010 4020 85 86 87 308 354 355 356 1000000 1001000 1004000 1000001 1001001 1004001 1000002 1001002 1004002 1000003 1001003 1004003 1000004 1001004 1004004 1000005 1001005 1004005 1000006 1001006 1004006 1000007 1001007 1004007 1000008 1001008 1004008 1000009 1001009 1004009 1000010 1001010 1004010 1000011 1001011 1004011 1000012 1001012 1004012 1000013 1001013 1004013 1000014 1001014 1004014 1000015 1001015 1004015 1000016 1001016 1004016 1000017 1001017 1004017 1000018 1001018 1004018 1000019 1001019 1004019 1000020 1001020 1004020 1000021 1001021 1004021 1000022 1001022 1004022 1000023 1001023 1004023 1000024 1001024 1004024 1000025 1001025 1004025 
d 8.942627549e+01 5.500000000e+00 1.955607450e-04 1.839904891e-04 1.839904891e-04 1.955607450e-04 5.500000000e+00 9.000000000e+01 5.914188991e-02 9.408581101e-01 0.000000000e+00 0.000000000e+00 0.000000000e+00 -3.093502144e-11 0.000000000e+00 0.000000000e+00 -1.453148453e-09 0.000000000e+00 0.000000000e+00 -3.824371490e-09 0.000000000e+00 0.000000000e+00 -1.453147500e-09 0.000000000e+00 0.000000000e+00 -3.093677573e-11 0.000000000e+00 0.000000000e+00 -1.453146277e-09 0.000000000e+00 0.000000000e+00 -3.114577814e-07 0.000000000e+00 0.000000000e+00 -2.729187773e-06 0.000000000e+00 0.000000000e+00 -3.114577815e-07 0.000000000e+00 0.000000000e+00 -1.453148191e-09 0.000000000e+00 0.000000000e+00 -3.824369286e-09 0.000000000e+00 0.000000000e+00 -2.729187799e-06 0.000000000e+00 0.000000000e+00 -1.222369377e-04 0.000000000e+00 0.000000000e+00 -2.729187793e-06 0.000000000e+00 0.000000000e+00 -3.824370966e-09 0.000000000e+00 0.000000000e+00 -1.453146915e-09 0.000000000e+00 0.000000000e+00 -3.114577814e-07 0.000000000e+00 0.000000000e+00 -2.729187773e-06 0.000000000e+00 0.000000000e+00 -3.114577823e-07 0.000000000e+00 0.000000000e+00 -1.453148166e-09 0.000000000e+00 0.000000000e+00 -3.093399721e-11 0.000000000e+00 0.000000000e+00 -1.453147762e-09 0.000000000e+00 0.000000000e+00 -3.824371441e-09 0.000000000e+00 0.000000000e+00 -1.453147570e-09 0.000000000e+00 0.000000000e+00 -3.093678636e-11 0.000000000e+00 0.000000000e+00 1.007566369e-04 
