v ATLAS
# This file was created by ATLAS version 5.26.1.R on Tue Apr 17 21:30:05 2018.
#SSF 2.0 generic
##############################################################################
#                    Copyright (c) 1984 - 2018                               #
#                    Silvaco Inc. All rights reserved                        #
#                                                                            #
# This file format and the following Key are copyright Silvaco Inc.          #
# You may not use, this format or key without reproducing this message in    #
# full and obtaining express written permission from Silvaco Inc.            #
#                                                                            #
# To obtain such permission please contact: Silvaco Inc.                     #
#                                           support@silvaco.com              #
#                                                                            #
# KEY=SVC86hn7562asdx                       PROD=345                         #
##############################################################################
y 1 15
z 300
f 2 "anode" "cathode" 
p 12 40 85 86 87 91 4000 4010 4020 1010000 1011000 1010001 1011001 
d 1.000000000e+05 4.971250701e-10 5.024792884e-10 6.230000000e-01 1.000000000e-03 6.230000000e-01 5.024792884e-10 4.971250701e-10 4.966940183e-10 -7.889104804e-14 -4.966940183e-10 7.889104804e-14 
d 1.000000000e+06 4.971250701e-10 5.024792884e-10 6.230000000e-01 1.000000000e-03 6.230000000e-01 5.024792884e-10 4.971250701e-10 4.966846475e-10 -7.887314396e-13 -4.966846475e-10 7.887314396e-13 
d 1.000000000e+07 4.971250701e-10 5.024792884e-10 6.230000000e-01 1.000000000e-03 6.230000000e-01 5.024792884e-10 4.971250701e-10 4.957813467e-10 -7.714903293e-12 -4.957813467e-10 7.714903291e-12 
d 1.000000000e+08 4.971250701e-10 5.024792884e-10 6.230000000e-01 1.000000000e-03 6.230000000e-01 5.024792884e-10 4.971250701e-10 4.750999448e-10 -4.134044897e-11 -4.750999448e-10 4.134044897e-11 
d 1.000000000e+09 4.971250701e-10 5.024792884e-10 6.230000000e-01 1.000000000e-03 6.230000000e-01 5.024792884e-10 4.971250701e-10 3.352684293e-10 -2.123274895e-10 -3.352684293e-10 2.123274897e-10 
d 1.000000000e+10 4.971250701e-10 5.024792884e-10 6.230000000e-01 1.000000000e-03 6.230000000e-01 5.024792884e-10 4.971250701e-10 5.587727630e-12 -7.135335847e-11 -5.587727630e-12 7.135335847e-11 
d 1.000000000e+11 4.971250701e-10 5.024792884e-10 6.230000000e-01 1.000000000e-03 6.230000000e-01 5.024792884e-10 4.971250701e-10 -6.956212452e-14 -6.549026054e-12 6.956210619e-14 6.549026055e-12 
