v ATLAS
# This file was created by ATLAS version 5.26.1.R on Tue Apr 17 19:48:04 2018.
#SSF 2.0 generic
##############################################################################
#                    Copyright (c) 1984 - 2018                               #
#                    Silvaco Inc. All rights reserved                        #
#                                                                            #
# This file format and the following Key are copyright Silvaco Inc.          #
# You may not use, this format or key without reproducing this message in    #
# full and obtaining express written permission from Silvaco Inc.            #
#                                                                            #
# To obtain such permission please contact: Silvaco Inc.                     #
#                                           support@silvaco.com              #
#                                                                            #
# KEY=SVC86hn7562asdx                       PROD=345                         #
##############################################################################
y 3 700 711 15
z 0.289309 0.00984646 300
f 4 "gate" "source" "drain" "substrate" 
p 12 2 601 20 3 602 21 4 603 22 5 604 23 
d 0.000000000e+00 0.000000000e+00 0.000000000e+00 0.000000000e+00 0.000000000e+00 1.994018539e-16 -1.000000000e-01 -1.000000000e-01 -2.766007984e-16 0.000000000e+00 0.000000000e+00 8.000294988e-17 
d -1.000000000e-01 -1.000000000e-01 0.000000000e+00 0.000000000e+00 0.000000000e+00 1.745095271e-15 -1.000000000e-01 -1.000000000e-01 -1.818596670e-15 0.000000000e+00 0.000000000e+00 8.630210760e-17 
d -2.000000000e-01 -2.000000000e-01 0.000000000e+00 0.000000000e+00 0.000000000e+00 1.593387446e-14 -1.000000000e-01 -1.000000000e-01 -1.606891946e-14 0.000000000e+00 0.000000000e+00 1.003229246e-16 
d -3.000000000e-01 -3.000000000e-01 0.000000000e+00 0.000000000e+00 0.000000000e+00 1.598331589e-13 -1.000000000e-01 -1.000000000e-01 -1.599381604e-13 0.000000000e+00 0.000000000e+00 1.110912633e-16 
d -4.000000000e-01 -4.000000000e-01 0.000000000e+00 0.000000000e+00 0.000000000e+00 1.669833162e-12 -1.000000000e-01 -1.000000000e-01 -1.669901532e-12 0.000000000e+00 0.000000000e+00 1.144027574e-16 
d -5.000000000e-01 -5.000000000e-01 0.000000000e+00 0.000000000e+00 0.000000000e+00 1.771338523e-11 -1.000000000e-01 -1.000000000e-01 -1.771349472e-11 0.000000000e+00 0.000000000e+00 1.049582901e-16 
d -6.000000000e-01 -6.000000000e-01 0.000000000e+00 0.000000000e+00 0.000000000e+00 1.894003776e-10 -1.000000000e-01 -1.000000000e-01 -1.894004936e-10 0.000000000e+00 0.000000000e+00 9.832656924e-17 
d -7.000000000e-01 -7.000000000e-01 0.000000000e+00 0.000000000e+00 0.000000000e+00 2.042741077e-09 -1.000000000e-01 -1.000000000e-01 -2.042741172e-09 0.000000000e+00 0.000000000e+00 9.759694846e-17 
d -8.000000000e-01 -8.000000000e-01 0.000000000e+00 0.000000000e+00 0.000000000e+00 2.179801702e-08 -1.000000000e-01 -1.000000000e-01 -2.179801706e-08 0.000000000e+00 0.000000000e+00 9.509888300e-17 
d -9.000000000e-01 -9.000000000e-01 0.000000000e+00 0.000000000e+00 0.000000000e+00 1.996699824e-07 -1.000000000e-01 -1.000000000e-01 -1.996699825e-07 0.000000000e+00 0.000000000e+00 9.517641209e-17 
