v ATLAS
# This file was created by ATLAS version 5.26.1.R on Thu Apr 19 08:10:34 2018.
#SSF 2.0 generic
##############################################################################
#                    Copyright (c) 1984 - 2018                               #
#                    Silvaco Inc. All rights reserved                        #
#                                                                            #
# This file format and the following Key are copyright Silvaco Inc.          #
# You may not use, this format or key without reproducing this message in    #
# full and obtaining express written permission from Silvaco Inc.            #
#                                                                            #
# To obtain such permission please contact: Silvaco Inc.                     #
#                                           support@silvaco.com              #
#                                                                            #
# KEY=SVC86hn7562asdx                       PROD=345                         #
##############################################################################
y 3 700 711 15
z 0.938075 0.017 300
f 4 "gate" "source" "drain" "substrate" 
p 13 2 601 20 3 602 21 4 603 22 5 604 23 82 
d 1.000000000e+01 1.000000000e+01 0.000000000e+00 0.000000000e+00 0.000000000e+00 -1.601110899e-06 1.250000000e-03 1.250000000e-03 1.601110898e-06 0.000000000e+00 0.000000000e+00 0.000000000e+00 3.000009926e+02 
d 1.000000000e+01 1.000000000e+01 0.000000000e+00 0.000000000e+00 0.000000000e+00 -3.203706470e-06 2.500000000e-03 2.500000000e-03 3.203706480e-06 0.000000000e+00 0.000000000e+00 0.000000000e+00 3.000023576e+02 
d 1.000000000e+01 1.000000000e+01 0.000000000e+00 0.000000000e+00 0.000000000e+00 -6.411353419e-06 5.000000000e-03 5.000000000e-03 6.411353423e-06 0.000000000e+00 0.000000000e+00 0.000000000e+00 3.000062036e+02 
d 1.000000000e+01 1.000000000e+01 0.000000000e+00 0.000000000e+00 0.000000000e+00 -1.283151606e-05 1.000000000e-02 1.000000000e-02 1.283151603e-05 0.000000000e+00 0.000000000e+00 0.000000000e+00 3.000183907e+02 
d 1.000000000e+01 1.000000000e+01 0.000000000e+00 0.000000000e+00 0.000000000e+00 -2.567756895e-05 2.000000000e-02 2.000000000e-02 2.567756895e-05 0.000000000e+00 0.000000000e+00 0.000000000e+00 3.000614675e+02 
d 1.000000000e+01 1.000000000e+01 0.000000000e+00 0.000000000e+00 0.000000000e+00 -5.134980875e-05 4.000000000e-02 4.000000000e-02 5.134980876e-05 0.000000000e+00 0.000000000e+00 0.000000000e+00 3.002233962e+02 
d 1.000000000e+01 1.000000000e+01 0.000000000e+00 0.000000000e+00 0.000000000e+00 -7.694888579e-05 6.000000000e-02 6.000000000e-02 7.694888579e-05 0.000000000e+00 0.000000000e+00 0.000000000e+00 3.004853405e+02 
d 1.000000000e+01 1.000000000e+01 0.000000000e+00 0.000000000e+00 0.000000000e+00 -1.024315328e-04 8.000000000e-02 8.000000000e-02 1.024315327e-04 0.000000000e+00 0.000000000e+00 0.000000000e+00 3.008465528e+02 
d 1.000000000e+01 1.000000000e+01 0.000000000e+00 0.000000000e+00 0.000000000e+00 -1.277593204e-04 1.000000000e-01 1.000000000e-01 1.277593204e-04 0.000000000e+00 0.000000000e+00 0.000000000e+00 3.013060094e+02 
d 1.000000000e+01 1.000000000e+01 0.000000000e+00 0.000000000e+00 0.000000000e+00 -1.434944173e-04 1.125000000e-01 1.125000000e-01 1.434944142e-04 0.000000000e+00 0.000000000e+00 0.000000000e+00 3.016425209e+02 
d 1.000000000e+01 1.000000000e+01 0.000000000e+00 0.000000000e+00 0.000000000e+00 -1.591464525e-04 1.250000000e-01 1.250000000e-01 1.591464526e-04 0.000000000e+00 0.000000000e+00 0.000000000e+00 3.020175722e+02 
d 1.000000000e+01 1.000000000e+01 0.000000000e+00 0.000000000e+00 0.000000000e+00 -1.747072863e-04 1.375000000e-01 1.375000000e-01 1.747072864e-04 0.000000000e+00 0.000000000e+00 0.000000000e+00 3.024299433e+02 
d 1.000000000e+01 1.000000000e+01 0.000000000e+00 0.000000000e+00 0.000000000e+00 -1.901690611e-04 1.500000000e-01 1.500000000e-01 1.901690609e-04 0.000000000e+00 0.000000000e+00 0.000000000e+00 3.028791980e+02 
d 1.000000000e+01 1.000000000e+01 0.000000000e+00 0.000000000e+00 0.000000000e+00 -2.055242287e-04 1.625000000e-01 1.625000000e-01 2.055242166e-04 0.000000000e+00 0.000000000e+00 0.000000000e+00 3.033648676e+02 
d 1.000000000e+01 1.000000000e+01 0.000000000e+00 0.000000000e+00 0.000000000e+00 -2.207655463e-04 1.750000000e-01 1.750000000e-01 2.207655097e-04 0.000000000e+00 0.000000000e+00 0.000000000e+00 3.038876121e+02 
d 1.000000000e+01 1.000000000e+01 0.000000000e+00 0.000000000e+00 0.000000000e+00 -2.358860590e-04 1.875000000e-01 1.875000000e-01 2.358860590e-04 0.000000000e+00 0.000000000e+00 0.000000000e+00 3.044483188e+02 
d 1.000000000e+01 1.000000000e+01 0.000000000e+00 0.000000000e+00 0.000000000e+00 -2.508792174e-04 2.000000000e-01 2.000000000e-01 2.508792174e-04 0.000000000e+00 0.000000000e+00 0.000000000e+00 3.050444593e+02 
d 1.000000000e+01 1.000000000e+01 0.000000000e+00 0.000000000e+00 0.000000000e+00 -2.657387391e-04 2.125000000e-01 2.125000000e-01 2.657387391e-04 0.000000000e+00 0.000000000e+00 0.000000000e+00 3.056753768e+02 
d 1.000000000e+01 1.000000000e+01 0.000000000e+00 0.000000000e+00 0.000000000e+00 -2.804586888e-04 2.250000000e-01 2.250000000e-01 2.804586888e-04 0.000000000e+00 0.000000000e+00 0.000000000e+00 3.063404742e+02 
d 1.000000000e+01 1.000000000e+01 0.000000000e+00 0.000000000e+00 0.000000000e+00 -2.950334606e-04 2.375000000e-01 2.375000000e-01 2.950334606e-04 0.000000000e+00 0.000000000e+00 0.000000000e+00 3.070393643e+02 
d 1.000000000e+01 1.000000000e+01 0.000000000e+00 0.000000000e+00 0.000000000e+00 -3.094577747e-04 2.500000000e-01 2.500000000e-01 3.094577747e-04 0.000000000e+00 0.000000000e+00 0.000000000e+00 3.077716976e+02 
d 1.000000000e+01 1.000000000e+01 0.000000000e+00 0.000000000e+00 0.000000000e+00 -3.237266745e-04 2.625000000e-01 2.625000000e-01 3.237266745e-04 0.000000000e+00 0.000000000e+00 0.000000000e+00 3.085363811e+02 
d 1.000000000e+01 1.000000000e+01 0.000000000e+00 0.000000000e+00 0.000000000e+00 -3.378355227e-04 2.750000000e-01 2.750000000e-01 3.378355227e-04 0.000000000e+00 0.000000000e+00 0.000000000e+00 3.093327469e+02 
d 1.000000000e+01 1.000000000e+01 0.000000000e+00 0.000000000e+00 0.000000000e+00 -3.517799961e-04 2.875000000e-01 2.875000000e-01 3.517799961e-04 0.000000000e+00 0.000000000e+00 0.000000000e+00 3.101601139e+02 
d 1.000000000e+01 1.000000000e+01 0.000000000e+00 0.000000000e+00 0.000000000e+00 -3.655560820e-04 3.000000000e-01 3.000000000e-01 3.655560820e-04 0.000000000e+00 0.000000000e+00 0.000000000e+00 3.110177891e+02 
d 1.000000000e+01 1.000000000e+01 0.000000000e+00 0.000000000e+00 0.000000000e+00 -3.791600725e-04 3.125000000e-01 3.125000000e-01 3.791600725e-04 0.000000000e+00 0.000000000e+00 0.000000000e+00 3.119050694e+02 
d 1.000000000e+01 1.000000000e+01 0.000000000e+00 0.000000000e+00 0.000000000e+00 -3.925885676e-04 3.250000000e-01 3.250000000e-01 3.925885486e-04 0.000000000e+00 0.000000000e+00 0.000000000e+00 3.128212422e+02 
d 1.000000000e+01 1.000000000e+01 0.000000000e+00 0.000000000e+00 0.000000000e+00 -4.058384321e-04 3.375000000e-01 3.375000000e-01 4.058384321e-04 0.000000000e+00 0.000000000e+00 0.000000000e+00 3.137655926e+02 
d 1.000000000e+01 1.000000000e+01 0.000000000e+00 0.000000000e+00 0.000000000e+00 -4.189068653e-04 3.500000000e-01 3.500000000e-01 4.189068653e-04 0.000000000e+00 0.000000000e+00 0.000000000e+00 3.147373933e+02 
d 1.000000000e+01 1.000000000e+01 0.000000000e+00 0.000000000e+00 0.000000000e+00 -4.444895383e-04 3.750000000e-01 3.750000000e-01 4.444895383e-04 0.000000000e+00 0.000000000e+00 0.000000000e+00 3.167613405e+02 
d 1.000000000e+01 1.000000000e+01 0.000000000e+00 0.000000000e+00 0.000000000e+00 -4.693195601e-04 4.000000000e-01 4.000000000e-01 4.693195600e-04 0.000000000e+00 0.000000000e+00 0.000000000e+00 3.188875436e+02 
d 1.000000000e+01 1.000000000e+01 0.000000000e+00 0.000000000e+00 0.000000000e+00 -4.933841311e-04 4.250000000e-01 4.250000000e-01 4.933841295e-04 0.000000000e+00 0.000000000e+00 0.000000000e+00 3.211092206e+02 
d 1.000000000e+01 1.000000000e+01 0.000000000e+00 0.000000000e+00 0.000000000e+00 -5.166744360e-04 4.500000000e-01 4.500000000e-01 5.166744360e-04 0.000000000e+00 0.000000000e+00 0.000000000e+00 3.234205756e+02 
d 1.000000000e+01 1.000000000e+01 0.000000000e+00 0.000000000e+00 0.000000000e+00 -5.391854452e-04 4.750000000e-01 4.750000000e-01 5.391854452e-04 0.000000000e+00 0.000000000e+00 0.000000000e+00 3.258158911e+02 
d 1.000000000e+01 1.000000000e+01 0.000000000e+00 0.000000000e+00 0.000000000e+00 -5.609155978e-04 5.000000000e-01 5.000000000e-01 5.609155978e-04 0.000000000e+00 0.000000000e+00 0.000000000e+00 3.282895593e+02 
d 1.000000000e+01 1.000000000e+01 0.000000000e+00 0.000000000e+00 0.000000000e+00 -5.818665269e-04 5.250000000e-01 5.250000000e-01 5.818665269e-04 0.000000000e+00 0.000000000e+00 0.000000000e+00 3.308361085e+02 
d 1.000000000e+01 1.000000000e+01 0.000000000e+00 0.000000000e+00 0.000000000e+00 -6.020427989e-04 5.500000000e-01 5.500000000e-01 6.020427985e-04 0.000000000e+00 0.000000000e+00 0.000000000e+00 3.334502252e+02 
d 1.000000000e+01 1.000000000e+01 0.000000000e+00 0.000000000e+00 0.000000000e+00 -6.214515322e-04 5.750000000e-01 5.750000000e-01 6.214515322e-04 0.000000000e+00 0.000000000e+00 0.000000000e+00 3.361267768e+02 
d 1.000000000e+01 1.000000000e+01 0.000000000e+00 0.000000000e+00 0.000000000e+00 -6.308709812e-04 5.875000000e-01 5.875000000e-01 6.308709812e-04 0.000000000e+00 0.000000000e+00 0.000000000e+00 3.374869128e+02 
d 1.000000000e+01 1.000000000e+01 0.000000000e+00 0.000000000e+00 0.000000000e+00 -6.401022933e-04 6.000000000e-01 6.000000000e-01 6.401022933e-04 0.000000000e+00 0.000000000e+00 0.000000000e+00 3.388608197e+02 
d 1.000000000e+01 1.000000000e+01 0.000000000e+00 0.000000000e+00 0.000000000e+00 -6.580066493e-04 6.250000000e-01 6.250000000e-01 6.580066493e-04 0.000000000e+00 0.000000000e+00 0.000000000e+00 3.416476164e+02 
d 1.000000000e+01 1.000000000e+01 0.000000000e+00 0.000000000e+00 0.000000000e+00 -6.751779794e-04 6.500000000e-01 6.500000000e-01 6.751779789e-04 0.000000000e+00 0.000000000e+00 0.000000000e+00 3.444826416e+02 
d 1.000000000e+01 1.000000000e+01 0.000000000e+00 0.000000000e+00 0.000000000e+00 -6.916311543e-04 6.750000000e-01 6.750000000e-01 6.916311539e-04 0.000000000e+00 0.000000000e+00 0.000000000e+00 3.473615889e+02 
d 1.000000000e+01 1.000000000e+01 0.000000000e+00 0.000000000e+00 0.000000000e+00 -7.073824048e-04 7.000000000e-01 7.000000000e-01 7.073824048e-04 0.000000000e+00 0.000000000e+00 0.000000000e+00 3.502803685e+02 
d 1.000000000e+01 1.000000000e+01 0.000000000e+00 0.000000000e+00 0.000000000e+00 -7.224489735e-04 7.250000000e-01 7.250000000e-01 7.224489735e-04 0.000000000e+00 0.000000000e+00 0.000000000e+00 3.532351121e+02 
d 1.000000000e+01 1.000000000e+01 0.000000000e+00 0.000000000e+00 0.000000000e+00 -7.368489558e-04 7.500000000e-01 7.500000000e-01 7.368489557e-04 0.000000000e+00 0.000000000e+00 0.000000000e+00 3.562221682e+02 
d 1.000000000e+01 1.000000000e+01 0.000000000e+00 0.000000000e+00 0.000000000e+00 -7.506010988e-04 7.750000000e-01 7.750000000e-01 7.506010975e-04 0.000000000e+00 0.000000000e+00 0.000000000e+00 3.592380983e+02 
d 1.000000000e+01 1.000000000e+01 0.000000000e+00 0.000000000e+00 0.000000000e+00 -7.637246205e-04 8.000000000e-01 8.000000000e-01 7.637246205e-04 0.000000000e+00 0.000000000e+00 0.000000000e+00 3.622796726e+02 
d 1.000000000e+01 1.000000000e+01 0.000000000e+00 0.000000000e+00 0.000000000e+00 -7.762390702e-04 8.250000000e-01 8.250000000e-01 7.762390702e-04 0.000000000e+00 0.000000000e+00 0.000000000e+00 3.653438635e+02 
d 1.000000000e+01 1.000000000e+01 0.000000000e+00 0.000000000e+00 0.000000000e+00 -7.881641818e-04 8.500000000e-01 8.500000000e-01 7.881641798e-04 0.000000000e+00 0.000000000e+00 0.000000000e+00 3.684278399e+02 
d 1.000000000e+01 1.000000000e+01 0.000000000e+00 0.000000000e+00 0.000000000e+00 -7.995197459e-04 8.750000000e-01 8.750000000e-01 7.995197459e-04 0.000000000e+00 0.000000000e+00 0.000000000e+00 3.715289587e+02 
d 1.000000000e+01 1.000000000e+01 0.000000000e+00 0.000000000e+00 0.000000000e+00 -8.103255190e-04 9.000000000e-01 9.000000000e-01 8.103255035e-04 0.000000000e+00 0.000000000e+00 0.000000000e+00 3.746447564e+02 
d 1.000000000e+01 1.000000000e+01 0.000000000e+00 0.000000000e+00 0.000000000e+00 -8.206010629e-04 9.250000000e-01 9.250000000e-01 8.206010629e-04 0.000000000e+00 0.000000000e+00 0.000000000e+00 3.777729406e+02 
d 1.000000000e+01 1.000000000e+01 0.000000000e+00 0.000000000e+00 0.000000000e+00 -8.303657682e-04 9.500000000e-01 9.500000000e-01 8.303657681e-04 0.000000000e+00 0.000000000e+00 0.000000000e+00 3.809113810e+02 
d 1.000000000e+01 1.000000000e+01 0.000000000e+00 0.000000000e+00 0.000000000e+00 -8.396386862e-04 9.750000000e-01 9.750000000e-01 8.396386860e-04 0.000000000e+00 0.000000000e+00 0.000000000e+00 3.840581009e+02 
d 1.000000000e+01 1.000000000e+01 0.000000000e+00 0.000000000e+00 0.000000000e+00 -8.484385258e-04 1.000000000e+00 1.000000000e+00 8.484385257e-04 0.000000000e+00 0.000000000e+00 0.000000000e+00 3.872112690e+02 
d 1.000000000e+01 1.000000000e+01 0.000000000e+00 0.000000000e+00 0.000000000e+00 -8.646917888e-04 1.050000000e+00 1.050000000e+00 8.646917888e-04 0.000000000e+00 0.000000000e+00 0.000000000e+00 3.935303038e+02 
d 1.000000000e+01 1.000000000e+01 0.000000000e+00 0.000000000e+00 0.000000000e+00 -8.792666582e-04 1.100000000e+00 1.100000000e+00 8.792666572e-04 0.000000000e+00 0.000000000e+00 0.000000000e+00 3.998564354e+02 
d 1.000000000e+01 1.000000000e+01 0.000000000e+00 0.000000000e+00 0.000000000e+00 -8.859666548e-04 1.125000000e+00 1.125000000e+00 8.859666548e-04 0.000000000e+00 0.000000000e+00 0.000000000e+00 4.030188983e+02 
d 1.000000000e+01 1.000000000e+01 0.000000000e+00 0.000000000e+00 0.000000000e+00 -8.922964016e-04 1.150000000e+00 1.150000000e+00 8.922964016e-04 0.000000000e+00 0.000000000e+00 0.000000000e+00 4.061794260e+02 
d 1.000000000e+01 1.000000000e+01 0.000000000e+00 0.000000000e+00 0.000000000e+00 -8.982712913e-04 1.175000000e+00 1.175000000e+00 8.982712879e-04 0.000000000e+00 0.000000000e+00 0.000000000e+00 4.093369876e+02 
d 1.000000000e+01 1.000000000e+01 0.000000000e+00 0.000000000e+00 0.000000000e+00 -9.039062130e-04 1.200000000e+00 1.200000000e+00 9.039062116e-04 0.000000000e+00 0.000000000e+00 0.000000000e+00 4.124906443e+02 
d 1.000000000e+01 1.000000000e+01 0.000000000e+00 0.000000000e+00 0.000000000e+00 -9.142133005e-04 1.250000000e+00 1.250000000e+00 9.142133005e-04 0.000000000e+00 0.000000000e+00 0.000000000e+00 4.187828995e+02 
d 1.000000000e+01 1.000000000e+01 0.000000000e+00 0.000000000e+00 0.000000000e+00 -9.233269876e-04 1.300000000e+00 1.300000000e+00 9.233269876e-04 0.000000000e+00 0.000000000e+00 0.000000000e+00 4.250502693e+02 
d 1.000000000e+01 1.000000000e+01 0.000000000e+00 0.000000000e+00 0.000000000e+00 -9.274682928e-04 1.325000000e+00 1.325000000e+00 9.274682928e-04 0.000000000e+00 0.000000000e+00 0.000000000e+00 4.281730701e+02 
d 1.000000000e+01 1.000000000e+01 0.000000000e+00 0.000000000e+00 0.000000000e+00 -9.313486261e-04 1.350000000e+00 1.350000000e+00 9.313486261e-04 0.000000000e+00 0.000000000e+00 0.000000000e+00 4.312879053e+02 
d 1.000000000e+01 1.000000000e+01 0.000000000e+00 0.000000000e+00 0.000000000e+00 -9.383715104e-04 1.400000000e+00 1.400000000e+00 9.383715104e-04 0.000000000e+00 0.000000000e+00 0.000000000e+00 4.374918305e+02 
d 1.000000000e+01 1.000000000e+01 0.000000000e+00 0.000000000e+00 0.000000000e+00 -9.444808279e-04 1.450000000e+00 1.450000000e+00 9.444808279e-04 0.000000000e+00 0.000000000e+00 0.000000000e+00 4.436587273e+02 
d 1.000000000e+01 1.000000000e+01 0.000000000e+00 0.000000000e+00 0.000000000e+00 -9.497540401e-04 1.500000000e+00 1.500000000e+00 9.497540401e-04 0.000000000e+00 0.000000000e+00 0.000000000e+00 4.497858010e+02 
d 1.000000000e+01 1.000000000e+01 0.000000000e+00 0.000000000e+00 0.000000000e+00 -9.542618417e-04 1.550000000e+00 1.550000000e+00 9.542618416e-04 0.000000000e+00 0.000000000e+00 0.000000000e+00 4.558707410e+02 
d 1.000000000e+01 1.000000000e+01 0.000000000e+00 0.000000000e+00 0.000000000e+00 -9.580689347e-04 1.600000000e+00 1.600000000e+00 9.580689338e-04 0.000000000e+00 0.000000000e+00 0.000000000e+00 4.619116834e+02 
d 1.000000000e+01 1.000000000e+01 0.000000000e+00 0.000000000e+00 0.000000000e+00 -9.612342700e-04 1.650000000e+00 1.650000000e+00 9.612342700e-04 0.000000000e+00 0.000000000e+00 0.000000000e+00 4.679071005e+02 
d 1.000000000e+01 1.000000000e+01 0.000000000e+00 0.000000000e+00 0.000000000e+00 -9.638113295e-04 1.700000000e+00 1.700000000e+00 9.638113267e-04 0.000000000e+00 0.000000000e+00 0.000000000e+00 4.738557005e+02 
d 1.000000000e+01 1.000000000e+01 0.000000000e+00 0.000000000e+00 0.000000000e+00 -9.658485946e-04 1.750000000e+00 1.750000000e+00 9.658485946e-04 0.000000000e+00 0.000000000e+00 0.000000000e+00 4.797563757e+02 
d 1.000000000e+01 1.000000000e+01 0.000000000e+00 0.000000000e+00 0.000000000e+00 -9.673900886e-04 1.800000000e+00 1.800000000e+00 9.673900884e-04 0.000000000e+00 0.000000000e+00 0.000000000e+00 4.856081706e+02 
d 1.000000000e+01 1.000000000e+01 0.000000000e+00 0.000000000e+00 0.000000000e+00 -9.691419401e-04 1.900000000e+00 1.900000000e+00 9.691419401e-04 0.000000000e+00 0.000000000e+00 0.000000000e+00 4.971618564e+02 
d 1.000000000e+01 1.000000000e+01 0.000000000e+00 0.000000000e+00 0.000000000e+00 -9.693449756e-04 2.000000000e+00 2.000000000e+00 9.693449725e-04 0.000000000e+00 0.000000000e+00 0.000000000e+00 5.085110494e+02 
d 1.000000000e+01 1.000000000e+01 0.000000000e+00 0.000000000e+00 0.000000000e+00 -9.682323591e-04 2.100000000e+00 2.100000000e+00 9.682323591e-04 0.000000000e+00 0.000000000e+00 0.000000000e+00 5.196515813e+02 
d 1.000000000e+01 1.000000000e+01 0.000000000e+00 0.000000000e+00 0.000000000e+00 -9.660040512e-04 2.200000000e+00 2.200000000e+00 9.660040512e-04 0.000000000e+00 0.000000000e+00 0.000000000e+00 5.305812752e+02 
d 1.000000000e+01 1.000000000e+01 0.000000000e+00 0.000000000e+00 0.000000000e+00 -9.628315189e-04 2.300000000e+00 2.300000000e+00 9.628315189e-04 0.000000000e+00 0.000000000e+00 0.000000000e+00 5.412993616e+02 
d 1.000000000e+01 1.000000000e+01 0.000000000e+00 0.000000000e+00 0.000000000e+00 -9.588602607e-04 2.400000000e+00 2.400000000e+00 9.588602607e-04 0.000000000e+00 0.000000000e+00 0.000000000e+00 5.518107149e+02 
d 1.000000000e+01 1.000000000e+01 0.000000000e+00 0.000000000e+00 0.000000000e+00 -9.542130549e-04 2.500000000e+00 2.500000000e+00 9.542130538e-04 0.000000000e+00 0.000000000e+00 0.000000000e+00 5.622179397e+02 
d 1.000000000e+01 1.000000000e+01 0.000000000e+00 0.000000000e+00 0.000000000e+00 -9.489937937e-04 2.600000000e+00 2.600000000e+00 9.489937937e-04 0.000000000e+00 0.000000000e+00 0.000000000e+00 5.724357587e+02 
d 1.000000000e+01 1.000000000e+01 0.000000000e+00 0.000000000e+00 0.000000000e+00 -9.432916547e-04 2.700000000e+00 2.700000000e+00 9.432916525e-04 0.000000000e+00 0.000000000e+00 0.000000000e+00 5.824649909e+02 
d 1.000000000e+01 1.000000000e+01 0.000000000e+00 0.000000000e+00 0.000000000e+00 -9.371849036e-04 2.800000000e+00 2.800000000e+00 9.371849035e-04 0.000000000e+00 0.000000000e+00 0.000000000e+00 5.923065915e+02 
d 1.000000000e+01 1.000000000e+01 0.000000000e+00 0.000000000e+00 0.000000000e+00 -9.307433511e-04 2.900000000e+00 2.900000000e+00 9.307433511e-04 0.000000000e+00 0.000000000e+00 0.000000000e+00 6.019618668e+02 
d 1.000000000e+01 1.000000000e+01 0.000000000e+00 0.000000000e+00 0.000000000e+00 -9.240295577e-04 3.000000000e+00 3.000000000e+00 9.240295577e-04 0.000000000e+00 0.000000000e+00 0.000000000e+00 6.114324823e+02 
d 1.000000000e+01 1.000000000e+01 0.000000000e+00 0.000000000e+00 0.000000000e+00 -9.170999034e-04 3.100000000e+00 3.100000000e+00 9.170999034e-04 0.000000000e+00 0.000000000e+00 0.000000000e+00 6.207205765e+02 
d 1.000000000e+01 1.000000000e+01 0.000000000e+00 0.000000000e+00 0.000000000e+00 -9.100057732e-04 3.200000000e+00 3.200000000e+00 9.100057732e-04 0.000000000e+00 0.000000000e+00 0.000000000e+00 6.298952473e+02 
d 1.000000000e+01 1.000000000e+01 0.000000000e+00 0.000000000e+00 0.000000000e+00 -9.027947723e-04 3.300000000e+00 3.300000000e+00 9.027947723e-04 0.000000000e+00 0.000000000e+00 0.000000000e+00 6.390499624e+02 
d 1.000000000e+01 1.000000000e+01 0.000000000e+00 0.000000000e+00 0.000000000e+00 -8.955122779e-04 3.400000000e+00 3.400000000e+00 8.955122779e-04 0.000000000e+00 0.000000000e+00 0.000000000e+00 6.480614554e+02 
d 1.000000000e+01 1.000000000e+01 0.000000000e+00 0.000000000e+00 0.000000000e+00 -8.882053220e-04 3.500000000e+00 3.500000000e+00 8.882053220e-04 0.000000000e+00 0.000000000e+00 0.000000000e+00 6.569392908e+02 
