v ATLAS
# This file was created by ATLAS version 5.26.1.R on Tue Apr 17 10:17:51 2018.
#SSF 2.0 generic
##############################################################################
#                    Copyright (c) 1984 - 2018                               #
#                    Silvaco Inc. All rights reserved                        #
#                                                                            #
# This file format and the following Key are copyright Silvaco Inc.          #
# You may not use, this format or key without reproducing this message in    #
# full and obtaining express written permission from Silvaco Inc.            #
#                                                                            #
# To obtain such permission please contact: Silvaco Inc.                     #
#                                           support@silvaco.com              #
#                                                                            #
# KEY=SVC86hn7562asdx                       PROD=345                         #
##############################################################################
o 1 Mode number 
o 2 Modal Loss (1/cm) 
o 3 Modal Rsp (1/cm s) 
o 4 Lifetime (s) 
p 9  3000  210  309  349  3001  3002  3003  1037001  2212 
d 1  1.38602626 0.894537266 0 0 0 0  0   0  
d 1  1.38602626 0.894537266 9.45441841 62.812268 2.71852566e+13 2.19827984e-12  62.8804065   62.8804065  
d 1  1.38602626 0.894537266 0 0 0 0  0   0  
d 2  1.38758721 0.893530965 0 0 0 0  0   0  
d 2  1.38758721 0.893530965 19.9634183 62.8184924 5.85837103e+13 2.19842545e-12  168.716133   168.716133  
d 2  1.38758721 0.893530965 0 0 0 0  0   0  
d 3  1.38917855 0.892507401 0 0 0 0  0   0  
d 3  1.38917855 0.892507401 35.3762411 62.8284482 1.06863848e+14 2.19855644e-12  480.434785   480.434785  
d 3  1.38917855 0.892507401 0 0 0 0  0   0  
d 4  1.39077335 0.891483964 0 0 0 0  0   0  
d 4  1.39077335 0.891483964 52.7744579 62.8390417 1.6677924e+14 2.19872668e-12  2045.15843   2045.15843  
d 4  1.39077335 0.891483964 0 0 0 0  0   0  
d 5  1.39231915 0.890494208 0 0 0 0  0   0  
d 5  1.39231915 0.890494208 60.1842872 62.8339011 2.05551749e+14 2.19927682e-12  9559.44804   9559.44804  
d 5  1.39231915 0.890494208 0 0 0 0  0   0  
d 6  1.39384953 0.88951649 0 0 0 0  0   0  
d 6  1.39384953 0.88951649 62.8202464 62.8204611 2.35017667e+14 2.20004266e-12  135096769   135096769  
d 6  1.39384953 0.88951649 0 0 0 0  0   0  
d 7  1.39535104 0.8885593 0 0 0 0  0   0  
d 7  1.39535104 0.8885593 62.3980449 62.8025942 2.61017756e+14 2.20092941e-12  78905.8641   78905.8641  
d 7  1.39535104 0.8885593 0 0 0 0  0   0  
d 8  1.39683462 0.88761556 0 0 0 0  0   0  
d 8  1.39683462 0.88761556 59.3483573 62.7808335 2.84042204e+14 2.20192656e-12  10205.94   10205.94  
d 8  1.39683462 0.88761556 0 0 0 0  0   0  
d 9  1.39831135 0.886678163 0 0 0 0  0   0  
d 9  1.39831135 0.886678163 54.117292 62.755275 3.04274647e+14 2.20302757e-12  4347.63312   4347.63312  
d 9  1.39831135 0.886678163 0 0 0 0  0   0  
d 10  1.39977371 0.88575184 0 0 0 0  0   0  
d 10  1.39977371 0.88575184 46.7978623 62.7267351 3.22758949e+14 2.20421127e-12  2500.61607   2500.61607  
d 10  1.39977371 0.88575184 0 0 0 0  0   0  
d 11  1.40130979 0.8847809 0 0 0 0  0   0  
d 11  1.40130979 0.8847809 37.1906199 62.7036391 3.40063069e+14 2.20509896e-12  1644.91145   1644.91145  
d 11  1.40130979 0.8847809 0 0 0 0  0   0  
d 12  1.4028479 0.883810808 0 0 0 0  0   0  
d 12  1.4028479 0.883810808 25.5330956 62.6788178 3.55984571e+14 2.20600579e-12  1182.78881   1182.78881  
d 12  1.4028479 0.883810808 0 0 0 0  0   0  
