v ATLAS
# This file was created by ATLAS version 5.26.1.R on Tue Apr 17 04:18:34 2018.
#SSF 2.0 generic
##############################################################################
#                    Copyright (c) 1984 - 2018                               #
#                    Silvaco Inc. All rights reserved                        #
#                                                                            #
# This file format and the following Key are copyright Silvaco Inc.          #
# You may not use, this format or key without reproducing this message in    #
# full and obtaining express written permission from Silvaco Inc.            #
#                                                                            #
# To obtain such permission please contact: Silvaco Inc.                     #
#                                           support@silvaco.com              #
#                                                                            #
# KEY=SVC86hn7562asdx                       PROD=345                         #
##############################################################################
o 3002 Net gain, mode 1
o 3003 Photon lifetime (s)
p 8 61 2211 2001 2201 3000 2214 3001 2212
d 3.270000e-11 1.009478e+00  5.721945e+00 0.000000e+00 -8.068604e+01 3.881927e+12 1.573373e-12 5.721945e+00 
d 3.270000e-11 1.010636e+00  5.721945e+00 0.000000e+00 -8.068604e+01 3.881927e+12 1.573373e-12 5.721945e+00 
d 3.270000e-11 1.011793e+00  2.066268e+00 2.073535e+01 -5.995069e+01 1.041451e+12 1.573373e-12 2.066268e+00 
d 3.270000e-11 1.012951e+00  3.600853e+00 3.038020e+01 -5.030584e+01 1.523782e+12 1.573373e-12 3.600853e+00 
d 3.270000e-11 1.014109e+00  5.170203e+00 3.741711e+01 -4.326893e+01 1.883186e+12 1.573373e-12 5.170203e+00 
d 3.270000e-11 1.015266e+00  6.896500e+00 4.313772e+01 -3.754832e+01 2.181970e+12 1.573373e-12 6.896500e+00 
d 3.270000e-11 1.016424e+00  8.860295e+00 4.801115e+01 -3.267489e+01 2.442670e+12 1.573373e-12 8.860295e+00 
d 3.270000e-11 1.017582e+00  1.114453e+01 5.227137e+01 -2.841467e+01 2.676505e+12 1.573373e-12 1.114453e+01 
d 3.270000e-11 1.018739e+00  1.384730e+01 5.605503e+01 -2.463101e+01 2.890021e+12 1.573373e-12 1.384730e+01 
d 3.270000e-11 1.019897e+00  1.709696e+01 5.944995e+01 -2.123609e+01 3.087432e+12 1.573373e-12 1.709696e+01 
d 3.270000e-11 1.021055e+00  2.106575e+01 6.251633e+01 -1.816971e+01 3.271641e+12 1.573373e-12 2.106575e+01 
d 3.270000e-11 1.022212e+00  2.599206e+01 6.529742e+01 -1.538862e+01 3.444745e+12 1.573373e-12 2.599206e+01 
d 3.270000e-11 1.023370e+00  3.221482e+01 6.782530e+01 -1.286074e+01 3.608317e+12 1.573373e-12 3.221482e+01 
d 3.270000e-11 1.024528e+00  4.022847e+01 7.012444e+01 -1.056160e+01 3.763573e+12 1.573373e-12 4.022847e+01 
d 3.270000e-11 1.025685e+00  5.078467e+01 7.221379e+01 -8.472250e+00 3.911472e+12 1.573373e-12 5.078467e+01 
d 3.270000e-11 1.026843e+00  6.502883e+01 7.410829e+01 -6.577749e+00 4.052789e+12 1.573373e-12 6.502883e+01 
d 3.270000e-11 1.028001e+00  8.510063e+01 7.581980e+01 -4.866244e+00 4.188157e+12 1.573373e-12 8.510063e+01 
d 3.270000e-11 1.029158e+00  1.150212e+02 7.735777e+01 -3.328271e+00 4.318103e+12 1.573373e-12 1.150212e+02 
d 3.270000e-11 1.030316e+00  1.604180e+02 7.872978e+01 -1.956260e+00 4.443067e+12 1.573373e-12 1.604180e+02 
d 3.270000e-11 1.031474e+00  2.462474e+02 7.994186e+01 -7.441791e-01 4.563424e+12 1.573373e-12 2.462474e+02 
d 3.270000e-11 1.032631e+00  4.737984e+02 8.099878e+01 3.127422e-01 4.679494e+12 1.573373e-12 4.737984e+02 
d 3.270000e-11 1.033789e+00  1.226730e+03 8.190426e+01 1.218217e+00 4.791550e+12 1.573373e-12 1.226730e+03 
d 3.270000e-11 1.034947e+00  4.864424e+03 8.266110e+01 1.975065e+00 4.899832e+12 1.573373e-12 4.864424e+03 
d 3.270000e-11 1.036104e+00  3.904720e+04 8.327137e+01 2.585334e+00 5.004545e+12 1.573373e-12 3.904720e+04 
d 3.270000e-11 1.037262e+00  6.051007e+05 8.373644e+01 3.050405e+00 5.105871e+12 1.573373e-12 6.051007e+05 
d 3.270000e-11 1.038420e+00  8.806529e+05 8.405711e+01 3.371070e+00 5.203968e+12 1.573373e-12 8.806529e+05 
d 3.270000e-11 1.039577e+00  1.068745e+06 8.423364e+01 3.547599e+00 5.298975e+12 1.573373e-12 1.068745e+06 
d 3.270000e-11 1.040735e+00  1.087571e+06 8.426583e+01 3.579789e+00 5.391014e+12 1.573373e-12 1.087571e+06 
d 3.270000e-11 1.041893e+00  9.156277e+05 8.415305e+01 3.467014e+00 5.480194e+12 1.573373e-12 9.156277e+05 
d 3.270000e-11 1.043050e+00  6.212292e+05 8.389429e+01 3.208255e+00 5.566608e+12 1.573373e-12 6.212292e+05 
d 3.270000e-11 1.044208e+00  3.247800e+05 8.348817e+01 2.802134e+00 5.650342e+12 1.573373e-12 3.247800e+05 
d 3.270000e-11 1.045366e+00  1.485459e+05 8.293298e+01 2.246942e+00 5.731469e+12 1.573373e-12 1.485459e+05 
d 3.270000e-11 1.046523e+00  3.933239e+04 8.222669e+01 1.540655e+00 5.810054e+12 1.573373e-12 3.933239e+04 
d 3.270000e-11 1.047681e+00  1.120672e+04 8.136700e+01 6.809568e-01 5.886152e+12 1.573373e-12 1.120672e+04 
d 3.270000e-11 1.048839e+00  2.923493e+03 8.035129e+01 -3.347466e-01 5.959815e+12 1.573373e-12 2.923493e+03 
d 3.270000e-11 1.049996e+00  5.290828e+02 7.917673e+01 -1.509311e+00 6.031084e+12 1.573373e-12 5.290828e+02 
d 3.270000e-11 1.051154e+00  2.054262e+02 7.784020e+01 -2.845845e+00 6.099996e+12 1.573373e-12 2.054262e+02 
d 3.270000e-11 1.052311e+00  1.260517e+02 7.633835e+01 -4.347692e+00 6.166584e+12 1.573373e-12 1.260517e+02 
d 3.270000e-11 1.053469e+00  9.660700e+01 7.466761e+01 -6.018430e+00 6.230872e+12 1.573373e-12 9.660700e+01 
d 3.270000e-11 1.054627e+00  7.932254e+01 7.282419e+01 -7.861851e+00 6.292884e+12 1.573373e-12 7.932254e+01 
d 3.270000e-11 1.055784e+00  6.675525e+01 7.080408e+01 -9.881961e+00 6.352635e+12 1.573373e-12 6.675525e+01 
d 3.270000e-11 1.056942e+00  5.702702e+01 6.860307e+01 -1.208297e+01 6.410141e+12 1.573373e-12 5.702702e+01 
d 3.270000e-11 1.058100e+00  4.918000e+01 6.621677e+01 -1.446927e+01 6.465410e+12 1.573373e-12 4.918000e+01 
d 3.270000e-11 1.059257e+00  4.283342e+01 6.364059e+01 -1.704545e+01 6.518449e+12 1.573373e-12 4.283342e+01 
d 3.270000e-11 1.060415e+00  3.761205e+01 6.086976e+01 -1.981628e+01 6.569263e+12 1.573373e-12 3.761205e+01 
d 3.270000e-11 1.061573e+00  3.327182e+01 5.789936e+01 -2.278668e+01 6.617850e+12 1.573373e-12 3.327182e+01 
d 3.270000e-11 1.062730e+00  2.962460e+01 5.472430e+01 -2.596174e+01 6.664210e+12 1.573373e-12 2.962460e+01 
d 3.270000e-11 1.063888e+00  2.652873e+01 5.133933e+01 -2.934671e+01 6.708337e+12 1.573373e-12 2.652873e+01 
d 3.270000e-11 1.065046e+00  2.388628e+01 4.773908e+01 -3.294696e+01 6.750225e+12 1.573373e-12 2.388628e+01 
d 3.270000e-11 1.066203e+00  2.160656e+01 4.391802e+01 -3.676802e+01 6.789865e+12 1.573373e-12 2.160656e+01 
d 3.270000e-11 1.067361e+00  1.962507e+01 3.987055e+01 -4.081549e+01 6.827245e+12 1.573373e-12 1.962507e+01 
d 3.270000e-11 1.068519e+00  1.789476e+01 3.559090e+01 -4.509514e+01 6.862353e+12 1.573373e-12 1.789476e+01 
d 3.270000e-11 1.069676e+00  1.637338e+01 3.107326e+01 -4.961278e+01 6.895174e+12 1.573373e-12 1.637338e+01 
d 3.270000e-11 1.070834e+00  1.502435e+01 2.631170e+01 -5.437434e+01 6.925693e+12 1.573373e-12 1.502435e+01 
d 3.270000e-11 1.071992e+00  1.383051e+01 2.130024e+01 -5.938580e+01 6.953893e+12 1.573373e-12 1.383051e+01 
d 3.270000e-11 1.073149e+00  1.276490e+01 1.603284e+01 -6.465320e+01 6.979756e+12 1.573373e-12 1.276490e+01 
d 3.270000e-11 1.074307e+00  1.180806e+01 1.050343e+01 -7.018261e+01 7.003261e+12 1.573373e-12 1.180806e+01 
d 3.270000e-11 1.075465e+00  1.094779e+01 4.705906e+00 -7.598013e+01 7.024391e+12 1.573373e-12 1.094779e+01 
d 3.270000e-11 1.076622e+00  1.017129e+01 -1.365818e+00 -8.205186e+01 7.043123e+12 1.573373e-12 1.017129e+01 
d 3.270000e-11 1.077780e+00  9.467548e+00 -7.717826e+00 -8.840387e+01 7.059438e+12 1.573373e-12 9.467548e+00 
d 3.270000e-11 1.078938e+00  8.827353e+00 -1.435616e+01 -9.504220e+01 7.073313e+12 1.573373e-12 8.827353e+00 
d 3.270000e-11 1.080095e+00  8.243821e+00 -2.128681e+01 -1.019728e+02 7.084727e+12 1.573373e-12 8.243821e+00 
d 3.270000e-11 1.081253e+00  7.710490e+00 -2.851566e+01 -1.092017e+02 7.093660e+12 1.573373e-12 7.710490e+00 
d 3.270000e-11 1.082411e+00  7.221660e+00 -3.604853e+01 -1.167346e+02 7.100090e+12 1.573373e-12 7.221660e+00 
d 3.270000e-11 1.083568e+00  6.772553e+00 -4.389108e+01 -1.245771e+02 7.103997e+12 1.573373e-12 6.772553e+00 
d 3.270000e-11 1.084726e+00  6.359023e+00 -5.204883e+01 -1.327349e+02 7.105360e+12 1.573373e-12 6.359023e+00 
d 3.270000e-11 1.085884e+00  5.977451e+00 -6.052710e+01 -1.412131e+02 7.104161e+12 1.573373e-12 5.977451e+00 
d 3.270000e-11 1.087041e+00  5.624692e+00 -6.933103e+01 -1.500171e+02 7.100382e+12 1.573373e-12 5.624692e+00 
d 3.270000e-11 1.088199e+00  5.297963e+00 -7.846550e+01 -1.591515e+02 7.094006e+12 1.573373e-12 5.297963e+00 
d 3.270000e-11 1.089357e+00  4.994821e+00 -8.793515e+01 -1.686212e+02 7.085017e+12 1.573373e-12 4.994821e+00 
d 3.270000e-11 1.090514e+00  4.713106e+00 -9.774430e+01 -1.784303e+02 7.073402e+12 1.573373e-12 4.713106e+00 
d 3.270000e-11 1.091672e+00  4.450902e+00 -1.078970e+02 -1.885830e+02 7.059148e+12 1.573373e-12 4.450902e+00 
d 3.270000e-11 1.092830e+00  4.206403e+00 -1.183968e+02 -1.990828e+02 7.042247e+12 1.573373e-12 4.206403e+00 
d 3.270000e-11 1.093987e+00  3.978298e+00 -1.292471e+02 -2.099331e+02 7.022690e+12 1.573373e-12 3.978298e+00 
d 3.270000e-11 1.095145e+00  3.765120e+00 -1.404506e+02 -2.211367e+02 7.000473e+12 1.573373e-12 3.765120e+00 
d 3.270000e-11 1.096302e+00  3.565647e+00 -1.520099e+02 -2.326960e+02 6.975592e+12 1.573373e-12 3.565647e+00 
d 3.270000e-11 1.097460e+00  3.378786e+00 -1.639269e+02 -2.446129e+02 6.948049e+12 1.573373e-12 3.378786e+00 
