v ATLAS
# This file was created by ATLAS version 5.26.1.R on Tue Apr 17 04:20:24 2018.
#SSF 2.0 generic
##############################################################################
#                    Copyright (c) 1984 - 2018                               #
#                    Silvaco Inc. All rights reserved                        #
#                                                                            #
# This file format and the following Key are copyright Silvaco Inc.          #
# You may not use, this format or key without reproducing this message in    #
# full and obtaining express written permission from Silvaco Inc.            #
#                                                                            #
# To obtain such permission please contact: Silvaco Inc.                     #
#                                           support@silvaco.com              #
#                                                                            #
# KEY=SVC86hn7562asdx                       PROD=345                         #
##############################################################################
o 3002 Net gain, mode 1
o 3003 Photon lifetime (s)
p 8 61 2211 2001 2201 3000 2214 3001 2212
d 1.127000e-10 1.009478e+00  5.549733e+00 0.000000e+00 -8.028260e+01 3.742814e+12 1.581805e-12 5.549733e+00 
d 1.127000e-10 1.010636e+00  5.549733e+00 0.000000e+00 -8.028260e+01 3.742814e+12 1.581805e-12 5.549733e+00 
d 1.127000e-10 1.011793e+00  2.024420e+00 1.994605e+01 -6.033656e+01 1.026088e+12 1.581805e-12 2.024420e+00 
d 1.127000e-10 1.012951e+00  3.494412e+00 2.920499e+01 -5.107761e+01 1.499538e+12 1.581805e-12 3.494412e+00 
d 1.127000e-10 1.014109e+00  4.971929e+00 3.594537e+01 -4.433723e+01 1.852272e+12 1.581805e-12 4.971929e+00 
d 1.127000e-10 1.015266e+00  6.567827e+00 4.141146e+01 -3.887115e+01 2.145462e+12 1.581805e-12 6.567827e+00 
d 1.127000e-10 1.016424e+00  8.346926e+00 4.605527e+01 -3.422733e+01 2.401239e+12 1.581805e-12 8.346926e+00 
d 1.127000e-10 1.017582e+00  1.036917e+01 5.010228e+01 -3.018033e+01 2.630617e+12 1.581805e-12 1.036917e+01 
d 1.127000e-10 1.018739e+00  1.270073e+01 5.368409e+01 -2.659851e+01 2.840023e+12 1.581805e-12 1.270073e+01 
d 1.127000e-10 1.019897e+00  1.542313e+01 5.688527e+01 -2.339733e+01 3.033595e+12 1.581805e-12 1.542313e+01 
d 1.127000e-10 1.021055e+00  1.863957e+01 5.976373e+01 -2.051887e+01 3.214184e+12 1.581805e-12 1.863957e+01 
d 1.127000e-10 1.022212e+00  2.248514e+01 6.236102e+01 -1.792159e+01 3.383847e+12 1.581805e-12 2.248514e+01 
d 1.127000e-10 1.023370e+00  2.714928e+01 6.470790e+01 -1.557470e+01 3.544130e+12 1.581805e-12 2.714928e+01 
d 1.127000e-10 1.024528e+00  3.290085e+01 6.682779e+01 -1.345482e+01 3.696225e+12 1.581805e-12 3.290085e+01 
d 1.127000e-10 1.025685e+00  4.015150e+01 6.873876e+01 -1.154384e+01 3.841074e+12 1.581805e-12 4.015150e+01 
d 1.127000e-10 1.026843e+00  4.957698e+01 7.045502e+01 -9.827581e+00 3.979437e+12 1.581805e-12 4.957698e+01 
d 1.127000e-10 1.028001e+00  6.238859e+01 7.198777e+01 -8.294830e+00 4.111936e+12 1.581805e-12 6.238859e+01 
d 1.127000e-10 1.029158e+00  8.098832e+01 7.334591e+01 -6.936693e+00 4.239087e+12 1.581805e-12 8.098832e+01 
d 1.127000e-10 1.030316e+00  1.104604e+02 7.453649e+01 -5.746116e+00 4.361322e+12 1.581805e-12 1.104604e+02 
d 1.127000e-10 1.031474e+00  1.649121e+02 7.556507e+01 -4.717537e+00 4.479007e+12 1.581805e-12 1.649121e+02 
d 1.127000e-10 1.032631e+00  3.031056e+02 7.643598e+01 -3.846625e+00 4.592456e+12 1.581805e-12 3.031056e+02 
d 1.127000e-10 1.033789e+00  8.260206e+02 7.715253e+01 -3.130077e+00 4.701939e+12 1.581805e-12 8.260206e+02 
d 1.127000e-10 1.034947e+00  3.999188e+03 7.771714e+01 -2.565465e+00 4.807687e+12 1.581805e-12 3.999188e+03 
d 1.127000e-10 1.036104e+00  4.168489e+04 7.813149e+01 -2.151111e+00 4.909903e+12 1.581805e-12 4.168489e+04 
d 1.127000e-10 1.037262e+00  8.052059e+05 7.839661e+01 -1.885993e+00 5.008763e+12 1.581805e-12 8.052059e+05 
d 1.127000e-10 1.038420e+00  1.343439e+06 7.851294e+01 -1.769667e+00 5.104423e+12 1.581805e-12 1.343439e+06 
d 1.127000e-10 1.039577e+00  1.705355e+06 7.848040e+01 -1.802203e+00 5.197018e+12 1.581805e-12 1.705355e+06 
d 1.127000e-10 1.040735e+00  1.654453e+06 7.829847e+01 -1.984132e+00 5.286668e+12 1.581805e-12 1.654453e+06 
d 1.127000e-10 1.041893e+00  1.210478e+06 7.796620e+01 -2.316406e+00 5.373477e+12 1.581805e-12 1.210478e+06 
d 1.127000e-10 1.043050e+00  6.514910e+05 7.748224e+01 -2.800363e+00 5.457537e+12 1.581805e-12 6.514910e+05 
d 1.127000e-10 1.044208e+00  2.472966e+05 7.684491e+01 -3.437692e+00 5.538931e+12 1.581805e-12 2.472966e+05 
d 1.127000e-10 1.045366e+00  7.548660e+04 7.605219e+01 -4.230415e+00 5.617729e+12 1.581805e-12 7.548660e+04 
d 1.127000e-10 1.046523e+00  1.240959e+04 7.510174e+01 -5.180860e+00 5.693995e+12 1.581805e-12 1.240959e+04 
d 1.127000e-10 1.047681e+00  2.114635e+03 7.399096e+01 -6.291645e+00 5.767783e+12 1.581805e-12 2.114635e+03 
d 1.127000e-10 1.048839e+00  3.778504e+02 7.271694e+01 -7.565661e+00 5.839140e+12 1.581805e-12 3.778504e+02 
d 1.127000e-10 1.049996e+00  1.087774e+02 7.127655e+01 -9.006057e+00 5.908108e+12 1.581805e-12 1.087774e+02 
d 1.127000e-10 1.051154e+00  7.465820e+01 6.966638e+01 -1.061623e+01 5.974722e+12 1.581805e-12 7.465820e+01 
d 1.127000e-10 1.052311e+00  6.077661e+01 6.788280e+01 -1.239980e+01 6.039012e+12 1.581805e-12 6.077661e+01 
d 1.127000e-10 1.053469e+00  5.167609e+01 6.592197e+01 -1.436063e+01 6.101003e+12 1.581805e-12 5.167609e+01 
d 1.127000e-10 1.054627e+00  4.482424e+01 6.377982e+01 -1.650278e+01 6.160715e+12 1.581805e-12 4.482424e+01 
d 1.127000e-10 1.055784e+00  3.938271e+01 6.145208e+01 -1.883052e+01 6.218164e+12 1.581805e-12 3.938271e+01 
d 1.127000e-10 1.056942e+00  3.492963e+01 5.893430e+01 -2.134831e+01 6.273364e+12 1.581805e-12 3.492963e+01 
d 1.127000e-10 1.058100e+00  3.119941e+01 5.622182e+01 -2.406079e+01 6.326323e+12 1.581805e-12 3.119941e+01 
d 1.127000e-10 1.059257e+00  2.803436e+01 5.330982e+01 -2.697278e+01 6.377046e+12 1.581805e-12 2.803436e+01 
d 1.127000e-10 1.060415e+00  2.531942e+01 5.019333e+01 -3.008927e+01 6.425536e+12 1.581805e-12 2.531942e+01 
d 1.127000e-10 1.061573e+00  2.296389e+01 4.686720e+01 -3.341540e+01 6.471794e+12 1.581805e-12 2.296389e+01 
d 1.127000e-10 1.062730e+00  2.090864e+01 4.332615e+01 -3.695645e+01 6.515817e+12 1.581805e-12 2.090864e+01 
d 1.127000e-10 1.063888e+00  1.910429e+01 3.956476e+01 -4.071784e+01 6.557598e+12 1.581805e-12 1.910429e+01 
d 1.127000e-10 1.065046e+00  1.751011e+01 3.557749e+01 -4.470511e+01 6.597133e+12 1.581805e-12 1.751011e+01 
d 1.127000e-10 1.066203e+00  1.609533e+01 3.135869e+01 -4.892391e+01 6.634410e+12 1.581805e-12 1.609533e+01 
d 1.127000e-10 1.067361e+00  1.483375e+01 2.690261e+01 -5.337999e+01 6.669419e+12 1.581805e-12 1.483375e+01 
d 1.127000e-10 1.068519e+00  1.370438e+01 2.220342e+01 -5.807918e+01 6.702147e+12 1.581805e-12 1.370438e+01 
d 1.127000e-10 1.069676e+00  1.268882e+01 1.725522e+01 -6.302738e+01 6.732581e+12 1.581805e-12 1.268882e+01 
d 1.127000e-10 1.070834e+00  1.177272e+01 1.205204e+01 -6.823056e+01 6.760705e+12 1.581805e-12 1.177272e+01 
d 1.127000e-10 1.071992e+00  1.094356e+01 6.587899e+00 -7.369470e+01 6.786502e+12 1.581805e-12 1.094356e+01 
d 1.127000e-10 1.073149e+00  1.019079e+01 8.567713e-01 -7.942583e+01 6.809955e+12 1.581805e-12 1.019079e+01 
d 1.127000e-10 1.074307e+00  9.505432e+00 -5.147360e+00 -8.542996e+01 6.831045e+12 1.581805e-12 9.505432e+00 
d 1.127000e-10 1.075465e+00  8.879755e+00 -1.143050e+01 -9.171310e+01 6.849754e+12 1.581805e-12 8.879755e+00 
d 1.127000e-10 1.076622e+00  8.307127e+00 -1.799861e+01 -9.828121e+01 6.866062e+12 1.581805e-12 8.307127e+00 
d 1.127000e-10 1.077780e+00  7.781814e+00 -2.485760e+01 -1.051402e+02 6.879950e+12 1.581805e-12 7.781814e+00 
d 1.127000e-10 1.078938e+00  7.298838e+00 -3.201331e+01 -1.122959e+02 6.891398e+12 1.581805e-12 7.298838e+00 
d 1.127000e-10 1.080095e+00  6.853853e+00 -3.947145e+01 -1.197540e+02 6.900387e+12 1.581805e-12 6.853853e+00 
d 1.127000e-10 1.081253e+00  6.443069e+00 -4.723762e+01 -1.275202e+02 6.906897e+12 1.581805e-12 6.443069e+00 
d 1.127000e-10 1.082411e+00  6.063154e+00 -5.531727e+01 -1.355999e+02 6.910909e+12 1.581805e-12 6.063154e+00 
d 1.127000e-10 1.083568e+00  5.711173e+00 -6.371566e+01 -1.439983e+02 6.912406e+12 1.581805e-12 5.711173e+00 
d 1.127000e-10 1.084726e+00  5.384534e+00 -7.243784e+01 -1.527204e+02 6.911369e+12 1.581805e-12 5.384534e+00 
d 1.127000e-10 1.085884e+00  5.080938e+00 -8.148865e+01 -1.617712e+02 6.907783e+12 1.581805e-12 5.080938e+00 
d 1.127000e-10 1.087041e+00  4.798342e+00 -9.087263e+01 -1.711552e+02 6.901632e+12 1.581805e-12 4.798342e+00 
d 1.127000e-10 1.088199e+00  4.534927e+00 -1.005941e+02 -1.808767e+02 6.892904e+12 1.581805e-12 4.534927e+00 
d 1.127000e-10 1.089357e+00  4.289065e+00 -1.106569e+02 -1.909395e+02 6.881585e+12 1.581805e-12 4.289065e+00 
d 1.127000e-10 1.090514e+00  4.059298e+00 -1.210647e+02 -2.013473e+02 6.867667e+12 1.581805e-12 4.059298e+00 
d 1.127000e-10 1.091672e+00  3.844316e+00 -1.318207e+02 -2.121033e+02 6.851140e+12 1.581805e-12 3.844316e+00 
d 1.127000e-10 1.092830e+00  3.642940e+00 -1.429278e+02 -2.232104e+02 6.832000e+12 1.581805e-12 3.642940e+00 
d 1.127000e-10 1.093987e+00  3.454107e+00 -1.543882e+02 -2.346708e+02 6.810242e+12 1.581805e-12 3.454107e+00 
d 1.127000e-10 1.095145e+00  3.276854e+00 -1.662039e+02 -2.464865e+02 6.785866e+12 1.581805e-12 3.276854e+00 
d 1.127000e-10 1.096302e+00  3.110309e+00 -1.783762e+02 -2.586589e+02 6.758875e+12 1.581805e-12 3.110309e+00 
d 1.127000e-10 1.097460e+00  2.953681e+00 -1.909062e+02 -2.711888e+02 6.729272e+12 1.581805e-12 2.953681e+00 
