v ATLAS
# This file was created by ATLAS version 5.26.1.R on Tue Apr 17 04:31:21 2018.
#SSF 2.0 generic
##############################################################################
#                    Copyright (c) 1984 - 2018                               #
#                    Silvaco Inc. All rights reserved                        #
#                                                                            #
# This file format and the following Key are copyright Silvaco Inc.          #
# You may not use, this format or key without reproducing this message in    #
# full and obtaining express written permission from Silvaco Inc.            #
#                                                                            #
# To obtain such permission please contact: Silvaco Inc.                     #
#                                           support@silvaco.com              #
#                                                                            #
# KEY=SVC86hn7562asdx                       PROD=345                         #
##############################################################################
o 3002 Net gain, mode 1
o 3003 Photon lifetime (s)
p 8 61 2211 2001 2201 3000 2214 3001 2212
d 9.027000e-10 1.009478e+00  5.676784e+00 0.000000e+00 -8.043215e+01 3.834298e+12 1.578669e-12 5.676784e+00 
d 9.027000e-10 1.010636e+00  5.676784e+00 0.000000e+00 -8.043215e+01 3.834298e+12 1.578669e-12 5.676784e+00 
d 9.027000e-10 1.011793e+00  2.071420e+00 2.023193e+01 -6.020022e+01 1.047188e+12 1.578669e-12 2.071420e+00 
d 9.027000e-10 1.012951e+00  3.575879e+00 2.963045e+01 -5.080170e+01 1.525522e+12 1.578669e-12 3.575879e+00 
d 9.027000e-10 1.014109e+00  5.098521e+00 3.647793e+01 -4.395422e+01 1.881924e+12 1.578669e-12 5.098521e+00 
d 9.027000e-10 1.015266e+00  6.755356e+00 4.203580e+01 -3.839634e+01 2.178189e+12 1.578669e-12 6.755356e+00 
d 9.027000e-10 1.016424e+00  8.617829e+00 4.676231e+01 -3.366984e+01 2.436673e+12 1.578669e-12 8.617829e+00 
d 9.027000e-10 1.017582e+00  1.075490e+01 5.088600e+01 -2.954615e+01 2.668500e+12 1.578669e-12 1.075490e+01 
d 9.027000e-10 1.018739e+00  1.324620e+01 5.454030e+01 -2.589184e+01 2.880164e+12 1.578669e-12 1.324620e+01 
d 9.027000e-10 1.019897e+00  1.619128e+01 5.781096e+01 -2.262118e+01 3.075846e+12 1.578669e-12 1.619128e+01 
d 9.027000e-10 1.021055e+00  1.971998e+01 6.075673e+01 -1.967542e+01 3.258424e+12 1.578669e-12 1.971998e+01 
d 9.027000e-10 1.022212e+00  2.400672e+01 6.341976e+01 -1.701239e+01 3.429978e+12 1.578669e-12 2.400672e+01 
d 9.027000e-10 1.023370e+00  2.929180e+01 6.583129e+01 -1.460085e+01 3.592067e+12 1.578669e-12 2.929180e+01 
d 9.027000e-10 1.024528e+00  3.591463e+01 6.801512e+01 -1.241703e+01 3.745898e+12 1.578669e-12 3.591463e+01 
d 9.027000e-10 1.025685e+00  4.436786e+01 6.998965e+01 -1.044250e+01 3.892422e+12 1.578669e-12 4.436786e+01 
d 9.027000e-10 1.026843e+00  5.538874e+01 7.176933e+01 -8.662814e+00 4.032406e+12 1.578669e-12 5.538874e+01 
d 9.027000e-10 1.028001e+00  7.012115e+01 7.336562e+01 -7.066532e+00 4.166480e+12 1.578669e-12 7.012115e+01 
d 9.027000e-10 1.029158e+00  9.041860e+01 7.478760e+01 -5.644553e+00 4.295165e+12 1.578669e-12 9.041860e+01 
d 9.027000e-10 1.030316e+00  1.194501e+02 7.604251e+01 -4.389639e+00 4.418897e+12 1.578669e-12 1.194501e+02 
d 9.027000e-10 1.031474e+00  1.630156e+02 7.713609e+01 -3.296060e+00 4.538048e+12 1.578669e-12 1.630156e+02 
d 9.027000e-10 1.032631e+00  2.327268e+02 7.807282e+01 -2.359330e+00 4.652935e+12 1.578669e-12 2.327268e+02 
d 9.027000e-10 1.033789e+00  3.551361e+02 7.885615e+01 -1.575998e+00 4.763829e+12 1.578669e-12 3.551361e+02 
d 9.027000e-10 1.034947e+00  6.332252e+02 7.948865e+01 -9.434982e-01 4.870965e+12 1.578669e-12 6.332252e+02 
d 9.027000e-10 1.036104e+00  5.639918e+03 7.997213e+01 -4.600213e-01 4.974550e+12 1.578669e-12 5.639918e+03 
d 9.027000e-10 1.037262e+00  5.110365e+05 8.030773e+01 -1.244185e-01 5.074762e+12 1.578669e-12 5.110365e+05 
d 9.027000e-10 1.038420e+00  2.320448e+06 8.049603e+01 6.387753e-02 5.171757e+12 1.578669e-12 2.320448e+06 
d 9.027000e-10 1.039577e+00  3.696365e+06 8.053706e+01 1.049167e-01 5.265674e+12 1.578669e-12 3.696365e+06 
d 9.027000e-10 1.040735e+00  2.061647e+06 8.043043e+01 -1.716648e-03 5.356632e+12 1.578669e-12 2.061647e+06 
d 9.027000e-10 1.041893e+00  3.988671e+05 8.017529e+01 -2.568604e-01 5.444739e+12 1.578669e-12 3.988671e+05 
d 9.027000e-10 1.043050e+00  2.703335e+04 7.977041e+01 -6.617390e-01 5.530089e+12 1.578669e-12 2.703335e+04 
d 9.027000e-10 1.044208e+00  1.104749e+03 7.921421e+01 -1.217933e+00 5.612764e+12 1.578669e-12 1.104749e+03 
d 9.027000e-10 1.045366e+00  3.505152e+02 7.850479e+01 -1.927355e+00 5.692837e+12 1.578669e-12 3.505152e+02 
d 9.027000e-10 1.046523e+00  2.431851e+02 7.763992e+01 -2.792227e+00 5.770371e+12 1.578669e-12 2.431851e+02 
d 9.027000e-10 1.047681e+00  1.809935e+02 7.661709e+01 -3.815060e+00 5.845424e+12 1.578669e-12 1.809935e+02 
d 9.027000e-10 1.048839e+00  1.402366e+02 7.543351e+01 -4.998641e+00 5.918042e+12 1.578669e-12 1.402366e+02 
d 9.027000e-10 1.049996e+00  1.119829e+02 7.408613e+01 -6.346017e+00 5.988269e+12 1.578669e-12 1.119829e+02 
d 9.027000e-10 1.051154e+00  9.154673e+01 7.257167e+01 -7.860482e+00 6.056141e+12 1.578669e-12 9.154673e+01 
d 9.027000e-10 1.052311e+00  7.626389e+01 7.088658e+01 -9.545567e+00 6.121688e+12 1.578669e-12 7.626389e+01 
d 9.027000e-10 1.053469e+00  6.452284e+01 6.902712e+01 -1.140503e+01 6.184936e+12 1.578669e-12 6.452284e+01 
d 9.027000e-10 1.054627e+00  5.529949e+01 6.698932e+01 -1.344283e+01 6.245906e+12 1.578669e-12 5.529949e+01 
d 9.027000e-10 1.055784e+00  4.791647e+01 6.476899e+01 -1.566315e+01 6.304615e+12 1.578669e-12 4.791647e+01 
d 9.027000e-10 1.056942e+00  4.191070e+01 6.236178e+01 -1.807037e+01 6.361076e+12 1.578669e-12 4.191070e+01 
d 9.027000e-10 1.058100e+00  3.695671e+01 5.976311e+01 -2.066904e+01 6.415300e+12 1.578669e-12 3.695671e+01 
d 9.027000e-10 1.059257e+00  3.282019e+01 5.696825e+01 -2.346390e+01 6.467291e+12 1.578669e-12 3.282019e+01 
d 9.027000e-10 1.060415e+00  2.932897e+01 5.397230e+01 -2.645985e+01 6.517053e+12 1.578669e-12 2.932897e+01 
d 9.027000e-10 1.061573e+00  2.635416e+01 5.077018e+01 -2.966197e+01 6.564587e+12 1.578669e-12 2.635416e+01 
d 9.027000e-10 1.062730e+00  2.379773e+01 4.735668e+01 -3.307547e+01 6.609890e+12 1.578669e-12 2.379773e+01 
d 9.027000e-10 1.063888e+00  2.158400e+01 4.372644e+01 -3.670571e+01 6.652957e+12 1.578669e-12 2.158400e+01 
d 9.027000e-10 1.065046e+00  1.965378e+01 3.987399e+01 -4.055816e+01 6.693781e+12 1.578669e-12 1.965378e+01 
d 9.027000e-10 1.066203e+00  1.796023e+01 3.579371e+01 -4.463844e+01 6.732354e+12 1.578669e-12 1.796023e+01 
d 9.027000e-10 1.067361e+00  1.646588e+01 3.147990e+01 -4.895225e+01 6.768665e+12 1.578669e-12 1.646588e+01 
d 9.027000e-10 1.068519e+00  1.514044e+01 2.692676e+01 -5.350539e+01 6.802700e+12 1.578669e-12 1.514044e+01 
d 9.027000e-10 1.069676e+00  1.395923e+01 2.212842e+01 -5.830373e+01 6.834445e+12 1.578669e-12 1.395923e+01 
d 9.027000e-10 1.070834e+00  1.290196e+01 1.707892e+01 -6.335323e+01 6.863886e+12 1.578669e-12 1.290196e+01 
d 9.027000e-10 1.071992e+00  1.195181e+01 1.177228e+01 -6.865987e+01 6.891006e+12 1.578669e-12 1.195181e+01 
d 9.027000e-10 1.073149e+00  1.109476e+01 6.202473e+00 -7.422968e+01 6.915786e+12 1.578669e-12 1.109476e+01 
d 9.027000e-10 1.074307e+00  1.031901e+01 3.634621e-01 -8.006869e+01 6.938208e+12 1.578669e-12 1.031901e+01 
d 9.027000e-10 1.075465e+00  9.614618e+00 -5.750788e+00 -8.618294e+01 6.958253e+12 1.578669e-12 9.614618e+00 
d 9.027000e-10 1.076622e+00  8.973114e+00 -1.214629e+01 -9.257844e+01 6.975901e+12 1.578669e-12 8.973114e+00 
d 9.027000e-10 1.077780e+00  8.387268e+00 -1.882901e+01 -9.926116e+01 6.991131e+12 1.578669e-12 8.387268e+00 
d 9.027000e-10 1.078938e+00  7.850868e+00 -2.580485e+01 -1.062370e+02 7.003924e+12 1.578669e-12 7.850868e+00 
d 9.027000e-10 1.080095e+00  7.358556e+00 -3.307963e+01 -1.135118e+02 7.014258e+12 1.578669e-12 7.358556e+00 
d 9.027000e-10 1.081253e+00  6.905686e+00 -4.065905e+01 -1.210912e+02 7.022114e+12 1.578669e-12 6.905686e+00 
d 9.027000e-10 1.082411e+00  6.488215e+00 -4.854867e+01 -1.289808e+02 7.027472e+12 1.578669e-12 6.488215e+00 
d 9.027000e-10 1.083568e+00  6.102610e+00 -5.675391e+01 -1.371861e+02 7.030313e+12 1.578669e-12 6.102610e+00 
d 9.027000e-10 1.084726e+00  5.745773e+00 -6.527997e+01 -1.457121e+02 7.030617e+12 1.578669e-12 5.745773e+00 
d 9.027000e-10 1.085884e+00  5.414977e+00 -7.413186e+01 -1.545640e+02 7.028367e+12 1.578669e-12 5.414977e+00 
d 9.027000e-10 1.087041e+00  5.107811e+00 -8.331433e+01 -1.637465e+02 7.023547e+12 1.578669e-12 5.107811e+00 
d 9.027000e-10 1.088199e+00  4.822143e+00 -9.283187e+01 -1.732640e+02 7.016142e+12 1.578669e-12 4.822143e+00 
d 9.027000e-10 1.089357e+00  4.556075e+00 -1.026887e+02 -1.831208e+02 7.006137e+12 1.578669e-12 4.556075e+00 
d 9.027000e-10 1.090514e+00  4.307917e+00 -1.128886e+02 -1.933207e+02 6.993521e+12 1.578669e-12 4.307917e+00 
d 9.027000e-10 1.091672e+00  4.076158e+00 -1.234351e+02 -2.038672e+02 6.978284e+12 1.578669e-12 4.076158e+00 
d 9.027000e-10 1.092830e+00  3.859443e+00 -1.343312e+02 -2.147634e+02 6.960418e+12 1.578669e-12 3.859443e+00 
d 9.027000e-10 1.093987e+00  3.656557e+00 -1.455798e+02 -2.260120e+02 6.939918e+12 1.578669e-12 3.656557e+00 
d 9.027000e-10 1.095145e+00  3.466403e+00 -1.571830e+02 -2.376151e+02 6.916780e+12 1.578669e-12 3.466403e+00 
d 9.027000e-10 1.096302e+00  3.287995e+00 -1.691425e+02 -2.495747e+02 6.891003e+12 1.578669e-12 3.287995e+00 
d 9.027000e-10 1.097460e+00  3.120436e+00 -1.814597e+02 -2.618918e+02 6.862592e+12 1.578669e-12 3.120436e+00 
