v ATLAS
# This file was created by ATLAS version 5.26.1.R on Tue Apr 17 04:18:15 2018.
#SSF 2.0 generic
##############################################################################
#                    Copyright (c) 1984 - 2018                               #
#                    Silvaco Inc. All rights reserved                        #
#                                                                            #
# This file format and the following Key are copyright Silvaco Inc.          #
# You may not use, this format or key without reproducing this message in    #
# full and obtaining express written permission from Silvaco Inc.            #
#                                                                            #
# To obtain such permission please contact: Silvaco Inc.                     #
#                                           support@silvaco.com              #
#                                                                            #
# KEY=SVC86hn7562asdx                       PROD=345                         #
##############################################################################
o 3002 Net gain, mode 1
o 3003 Photon lifetime (s)
p 8 61 2211 2001 2201 3000 2214 3001 2212
d 2.270000e-11 1.009478e+00  5.666857e+00 0.000000e+00 -8.061194e+01 3.842884e+12 1.574915e-12 5.666857e+00 
d 2.270000e-11 1.010636e+00  5.666857e+00 0.000000e+00 -8.061194e+01 3.842884e+12 1.574915e-12 5.666857e+00 
d 2.270000e-11 1.011793e+00  2.052437e+00 2.059367e+01 -6.001826e+01 1.036091e+12 1.574915e-12 2.052437e+00 
d 2.270000e-11 1.012951e+00  3.570914e+00 3.016965e+01 -5.044229e+01 1.516125e+12 1.574915e-12 3.570914e+00 
d 2.270000e-11 1.014109e+00  5.117983e+00 3.715393e+01 -4.345800e+01 1.873804e+12 1.574915e-12 5.117983e+00 
d 2.270000e-11 1.015266e+00  6.812908e+00 4.282962e+01 -3.778232e+01 2.171140e+12 1.574915e-12 6.812908e+00 
d 2.270000e-11 1.016424e+00  8.732149e+00 4.766274e+01 -3.294919e+01 2.430568e+12 1.574915e-12 8.732149e+00 
d 2.270000e-11 1.017582e+00  1.095188e+01 5.188576e+01 -2.872618e+01 2.663250e+12 1.574915e-12 1.095188e+01 
d 2.270000e-11 1.018739e+00  1.356205e+01 5.563438e+01 -2.497755e+01 2.875703e+12 1.574915e-12 1.356205e+01 
d 2.270000e-11 1.019897e+00  1.667701e+01 5.899586e+01 -2.161608e+01 3.072122e+12 1.574915e-12 1.667701e+01 
d 2.270000e-11 1.021055e+00  2.044813e+01 6.202999e+01 -1.858195e+01 3.255395e+12 1.574915e-12 2.044813e+01 
d 2.270000e-11 1.022212e+00  2.508178e+01 6.477969e+01 -1.583224e+01 3.427610e+12 1.574915e-12 2.508178e+01 
d 2.270000e-11 1.023370e+00  3.086763e+01 6.727684e+01 -1.333510e+01 3.590332e+12 1.574915e-12 3.086763e+01 
d 2.270000e-11 1.024528e+00  3.822271e+01 6.954569e+01 -1.106624e+01 3.744771e+12 1.574915e-12 3.822271e+01 
d 2.270000e-11 1.025685e+00  4.778206e+01 7.160506e+01 -9.006872e+00 3.891882e+12 1.574915e-12 4.778206e+01 
d 2.270000e-11 1.026843e+00  6.047702e+01 7.346976e+01 -7.142179e+00 4.032436e+12 1.574915e-12 6.047702e+01 
d 2.270000e-11 1.028001e+00  7.822676e+01 7.515151e+01 -5.460425e+00 4.167063e+12 1.574915e-12 7.822676e+01 
d 2.270000e-11 1.029158e+00  1.045818e+02 7.665970e+01 -3.952240e+00 4.296287e+12 1.574915e-12 1.045818e+02 
d 2.270000e-11 1.030316e+00  1.436207e+02 7.800179e+01 -2.610146e+00 4.420547e+12 1.574915e-12 1.436207e+02 
d 2.270000e-11 1.031474e+00  2.187782e+02 7.918375e+01 -1.428190e+00 4.540215e+12 1.574915e-12 2.187782e+02 
d 2.270000e-11 1.032631e+00  4.213877e+02 8.021026e+01 -4.016754e-01 4.655608e+12 1.574915e-12 4.213877e+02 
d 2.270000e-11 1.033789e+00  1.075377e+03 8.108498e+01 4.730412e-01 4.767000e+12 1.574915e-12 1.075377e+03 
d 2.270000e-11 1.034947e+00  4.120123e+03 8.181065e+01 1.198714e+00 4.874628e+12 1.574915e-12 4.120123e+03 
d 2.270000e-11 1.036104e+00  3.165031e+04 8.238926e+01 1.777329e+00 4.978697e+12 1.574915e-12 3.165031e+04 
d 2.270000e-11 1.037262e+00  4.711488e+05 8.282214e+01 2.210209e+00 5.079387e+12 1.574915e-12 4.711488e+05 
d 2.270000e-11 1.038420e+00  6.661714e+05 8.311002e+01 2.498089e+00 5.176856e+12 1.574915e-12 6.661714e+05 
d 2.270000e-11 1.039577e+00  7.957840e+05 8.325312e+01 2.641182e+00 5.271241e+12 1.574915e-12 7.957840e+05 
d 2.270000e-11 1.040735e+00  8.078719e+05 8.325117e+01 2.639233e+00 5.362664e+12 1.574915e-12 8.078719e+05 
d 2.270000e-11 1.041893e+00  6.877577e+05 8.310350e+01 2.491561e+00 5.451232e+12 1.574915e-12 6.877577e+05 
d 2.270000e-11 1.043050e+00  4.782066e+05 8.280903e+01 2.197097e+00 5.537040e+12 1.574915e-12 4.782066e+05 
d 2.270000e-11 1.044208e+00  2.595736e+05 8.236635e+01 1.754413e+00 5.620171e+12 1.574915e-12 2.595736e+05 
d 2.270000e-11 1.045366e+00  1.248082e+05 8.177368e+01 1.161748e+00 5.700698e+12 1.574915e-12 1.248082e+05 
d 2.270000e-11 1.046523e+00  3.512460e+04 8.102896e+01 4.170295e-01 5.778685e+12 1.574915e-12 3.512460e+04 
d 2.270000e-11 1.047681e+00  1.072743e+04 8.012983e+01 -4.821073e-01 5.854188e+12 1.574915e-12 1.072743e+04 
d 2.270000e-11 1.048839e+00  2.998756e+03 7.907363e+01 -1.538304e+00 5.927256e+12 1.574915e-12 2.998756e+03 
d 2.270000e-11 1.049996e+00  5.459352e+02 7.785747e+01 -2.754464e+00 5.997932e+12 1.574915e-12 5.459352e+02 
d 2.270000e-11 1.051154e+00  1.971450e+02 7.647819e+01 -4.133741e+00 6.066252e+12 1.574915e-12 1.971450e+02 
d 2.270000e-11 1.052311e+00  1.119316e+02 7.493241e+01 -5.679528e+00 6.132247e+12 1.574915e-12 1.119316e+02 
d 2.270000e-11 1.053469e+00  8.380286e+01 7.321649e+01 -7.395442e+00 6.195943e+12 1.574915e-12 8.380286e+01 
d 2.270000e-11 1.054627e+00  6.904268e+01 7.132661e+01 -9.285324e+00 6.257361e+12 1.574915e-12 6.904268e+01 
d 2.270000e-11 1.055784e+00  5.869407e+01 6.925872e+01 -1.135322e+01 6.316519e+12 1.574915e-12 5.869407e+01 
d 2.270000e-11 1.056942e+00  5.075440e+01 6.700856e+01 -1.360338e+01 6.373429e+12 1.574915e-12 5.075440e+01 
d 2.270000e-11 1.058100e+00  4.417622e+01 6.457169e+01 -1.604024e+01 6.428102e+12 1.574915e-12 4.417622e+01 
d 2.270000e-11 1.059257e+00  3.882157e+01 6.194350e+01 -1.866843e+01 6.480543e+12 1.574915e-12 3.882157e+01 
d 2.270000e-11 1.060415e+00  3.435451e+01 5.911919e+01 -2.149275e+01 6.530756e+12 1.574915e-12 3.435451e+01 
d 2.270000e-11 1.061573e+00  3.060289e+01 5.609378e+01 -2.451816e+01 6.578741e+12 1.574915e-12 3.060289e+01 
d 2.270000e-11 1.062730e+00  2.741923e+01 5.286215e+01 -2.774978e+01 6.624496e+12 1.574915e-12 2.741923e+01 
d 2.270000e-11 1.063888e+00  2.469291e+01 4.941904e+01 -3.119290e+01 6.668016e+12 1.574915e-12 2.469291e+01 
d 2.270000e-11 1.065046e+00  2.234305e+01 4.575903e+01 -3.485290e+01 6.709293e+12 1.574915e-12 2.234305e+01 
d 2.270000e-11 1.066203e+00  2.029608e+01 4.187659e+01 -3.873534e+01 6.748320e+12 1.574915e-12 2.029608e+01 
d 2.270000e-11 1.067361e+00  1.850540e+01 3.776607e+01 -4.284587e+01 6.785084e+12 1.574915e-12 1.850540e+01 
d 2.270000e-11 1.068519e+00  1.692993e+01 3.342170e+01 -4.719023e+01 6.819574e+12 1.574915e-12 1.692993e+01 
d 2.270000e-11 1.069676e+00  1.553648e+01 2.883765e+01 -5.177429e+01 6.851774e+12 1.574915e-12 1.553648e+01 
d 2.270000e-11 1.070834e+00  1.429803e+01 2.400798e+01 -5.660396e+01 6.881668e+12 1.574915e-12 1.429803e+01 
d 2.270000e-11 1.071992e+00  1.319168e+01 1.892670e+01 -6.168523e+01 6.909241e+12 1.574915e-12 1.319168e+01 
d 2.270000e-11 1.073149e+00  1.220080e+01 1.358778e+01 -6.702416e+01 6.934474e+12 1.574915e-12 1.220080e+01 
d 2.270000e-11 1.074307e+00  1.130905e+01 7.985135e+00 -7.262680e+01 6.957347e+12 1.574915e-12 1.130905e+01 
d 2.270000e-11 1.075465e+00  1.050366e+01 2.112691e+00 -7.849924e+01 6.977841e+12 1.574915e-12 1.050366e+01 
d 2.270000e-11 1.076622e+00  9.773850e+00 -4.035637e+00 -8.464757e+01 6.995937e+12 1.574915e-12 9.773850e+00 
d 2.270000e-11 1.077780e+00  9.110490e+00 -1.046591e+01 -9.107784e+01 7.011612e+12 1.574915e-12 9.110490e+00 
d 2.270000e-11 1.078938e+00  8.505795e+00 -1.718413e+01 -9.779607e+01 7.024847e+12 1.574915e-12 8.505795e+00 
d 2.270000e-11 1.080095e+00  7.949740e+00 -2.419627e+01 -1.048082e+02 7.035620e+12 1.574915e-12 7.949740e+00 
d 2.270000e-11 1.081253e+00  7.443905e+00 -3.150817e+01 -1.121201e+02 7.043910e+12 1.574915e-12 7.443905e+00 
d 2.270000e-11 1.082411e+00  6.979253e+00 -3.912558e+01 -1.197375e+02 7.049697e+12 1.574915e-12 6.979253e+00 
d 2.270000e-11 1.083568e+00  6.551494e+00 -4.705412e+01 -1.276661e+02 7.052961e+12 1.574915e-12 6.551494e+00 
d 2.270000e-11 1.084726e+00  6.156885e+00 -5.529924e+01 -1.359112e+02 7.053683e+12 1.574915e-12 6.156885e+00 
d 2.270000e-11 1.085884e+00  5.791869e+00 -6.386619e+01 -1.444781e+02 7.051843e+12 1.574915e-12 5.791869e+00 
d 2.270000e-11 1.087041e+00  5.454189e+00 -7.276002e+01 -1.533720e+02 7.047426e+12 1.574915e-12 5.454189e+00 
d 2.270000e-11 1.088199e+00  5.140961e+00 -8.198553e+01 -1.625975e+02 7.040413e+12 1.574915e-12 5.140961e+00 
d 2.270000e-11 1.089357e+00  4.849943e+00 -9.154724e+01 -1.721592e+02 7.030792e+12 1.574915e-12 4.849943e+00 
d 2.270000e-11 1.090514e+00  4.579148e+00 -1.014494e+02 -1.820613e+02 7.018550e+12 1.574915e-12 4.579148e+00 
d 2.270000e-11 1.091672e+00  4.326807e+00 -1.116958e+02 -1.923078e+02 7.003674e+12 1.574915e-12 4.326807e+00 
d 2.270000e-11 1.092830e+00  4.091343e+00 -1.222901e+02 -2.029020e+02 6.986157e+12 1.574915e-12 4.091343e+00 
d 2.270000e-11 1.093987e+00  3.871343e+00 -1.332354e+02 -2.138473e+02 6.965991e+12 1.574915e-12 3.871343e+00 
d 2.270000e-11 1.095145e+00  3.665542e+00 -1.445343e+02 -2.251463e+02 6.943174e+12 1.574915e-12 3.665542e+00 
d 2.270000e-11 1.096302e+00  3.472800e+00 -1.561892e+02 -2.368011e+02 6.917702e+12 1.574915e-12 3.472800e+00 
d 2.270000e-11 1.097460e+00  3.292091e+00 -1.682018e+02 -2.488137e+02 6.889579e+12 1.574915e-12 3.292091e+00 
