v ATLAS
# This file was created by ATLAS version 5.26.1.R on Tue Apr 17 04:17:33 2018.
#SSF 2.0 generic
##############################################################################
#                    Copyright (c) 1984 - 2018                               #
#                    Silvaco Inc. All rights reserved                        #
#                                                                            #
# This file format and the following Key are copyright Silvaco Inc.          #
# You may not use, this format or key without reproducing this message in    #
# full and obtaining express written permission from Silvaco Inc.            #
#                                                                            #
# To obtain such permission please contact: Silvaco Inc.                     #
#                                           support@silvaco.com              #
#                                                                            #
# KEY=SVC86hn7562asdx                       PROD=345                         #
##############################################################################
o 3002 Net gain, mode 1
o 3003 Photon lifetime (s)
p 8 61 2211 2001 2201 3000 2214 3001 2212
d 1.500000e-12 1.009478e+00  5.556842e+00 0.000000e+00 -8.041400e+01 3.755033e+12 1.579049e-12 5.556842e+00 
d 1.500000e-12 1.010636e+00  5.556842e+00 0.000000e+00 -8.041400e+01 3.755033e+12 1.579049e-12 5.556842e+00 
d 1.500000e-12 1.011793e+00  2.023502e+00 2.027395e+01 -6.014005e+01 1.022790e+12 1.579049e-12 2.023502e+00 
d 1.500000e-12 1.012951e+00  3.510042e+00 2.969435e+01 -5.071965e+01 1.497017e+12 1.579049e-12 3.510042e+00 
d 1.500000e-12 1.014109e+00  5.014531e+00 3.655966e+01 -4.385434e+01 1.850340e+12 1.579049e-12 5.014531e+00 
d 1.500000e-12 1.015266e+00  6.651289e+00 4.213370e+01 -3.828030e+01 2.144030e+12 1.579049e-12 6.651289e+00 
d 1.500000e-12 1.016424e+00  8.490518e+00 4.687557e+01 -3.353843e+01 2.400252e+12 1.579049e-12 8.490518e+00 
d 1.500000e-12 1.017582e+00  1.059986e+01 5.101425e+01 -2.939975e+01 2.630037e+12 1.579049e-12 1.059986e+01 
d 1.500000e-12 1.018739e+00  1.305751e+01 5.468342e+01 -2.573058e+01 2.839823e+12 1.579049e-12 1.305751e+01 
d 1.500000e-12 1.019897e+00  1.596167e+01 5.796898e+01 -2.244502e+01 3.033756e+12 1.579049e-12 1.596167e+01 
d 1.500000e-12 1.021055e+00  1.944183e+01 6.092982e+01 -1.948418e+01 3.214688e+12 1.579049e-12 1.944183e+01 
d 1.500000e-12 1.022212e+00  2.367472e+01 6.360818e+01 -1.680582e+01 3.384683e+12 1.579049e-12 2.367472e+01 
d 1.500000e-12 1.023370e+00  2.891329e+01 6.603539e+01 -1.437861e+01 3.545286e+12 1.579049e-12 2.891329e+01 
d 1.500000e-12 1.024528e+00  3.551606e+01 6.823528e+01 -1.217872e+01 3.697694e+12 1.579049e-12 3.551606e+01 
d 1.500000e-12 1.025685e+00  4.407759e+01 7.022633e+01 -1.018767e+01 3.842850e+12 1.579049e-12 4.407759e+01 
d 1.500000e-12 1.026843e+00  5.529617e+01 7.202305e+01 -8.390953e+00 3.981514e+12 1.579049e-12 5.529617e+01 
d 1.500000e-12 1.028001e+00  7.148248e+01 7.363691e+01 -6.777088e+00 4.114310e+12 1.579049e-12 7.148248e+01 
d 1.500000e-12 1.029158e+00  9.623463e+01 7.507707e+01 -5.336929e+00 4.241754e+12 1.579049e-12 9.623463e+01 
d 1.500000e-12 1.030316e+00  1.311299e+02 7.635080e+01 -4.063197e+00 4.364281e+12 1.579049e-12 1.311299e+02 
d 1.500000e-12 1.031474e+00  2.038335e+02 7.746388e+01 -2.950122e+00 4.482256e+12 1.579049e-12 2.038335e+02 
d 1.500000e-12 1.032631e+00  4.082428e+02 7.842082e+01 -1.993177e+00 4.595995e+12 1.579049e-12 4.082428e+02 
d 1.500000e-12 1.033789e+00  1.036705e+03 7.922513e+01 -1.188874e+00 4.705766e+12 1.579049e-12 1.036705e+03 
d 1.500000e-12 1.034947e+00  3.782181e+03 7.987939e+01 -5.346094e-01 4.811803e+12 1.579049e-12 3.782181e+03 
d 1.500000e-12 1.036104e+00  2.709537e+04 8.038547e+01 -2.853550e-02 4.914308e+12 1.579049e-12 2.709537e+04 
d 1.500000e-12 1.037262e+00  3.782249e+05 8.074453e+01 3.305332e-01 5.013460e+12 1.579049e-12 3.782249e+05 
d 1.500000e-12 1.038420e+00  5.122508e+05 8.095720e+01 5.432012e-01 5.109413e+12 1.579049e-12 5.122508e+05 
d 1.500000e-12 1.039577e+00  6.008802e+05 8.102356e+01 6.095552e-01 5.202302e+12 1.579049e-12 6.008802e+05 
d 1.500000e-12 1.040735e+00  6.142595e+05 8.094322e+01 5.292165e-01 5.292248e+12 1.579049e-12 6.142595e+05 
d 1.500000e-12 1.041893e+00  5.400207e+05 8.071538e+01 3.013837e-01 5.379357e+12 1.579049e-12 5.400207e+05 
d 1.500000e-12 1.043050e+00  3.975822e+05 8.033887e+01 -7.513096e-02 5.463720e+12 1.579049e-12 3.975822e+05 
d 1.500000e-12 1.044208e+00  2.341952e+05 7.981213e+01 -6.018721e-01 5.545419e+12 1.579049e-12 2.341952e+05 
d 1.500000e-12 1.045366e+00  1.251471e+05 7.913329e+01 -1.280716e+00 5.624527e+12 1.579049e-12 1.251471e+05 
d 1.500000e-12 1.046523e+00  3.999604e+04 7.830015e+01 -2.113847e+00 5.701107e+12 1.579049e-12 3.999604e+04 
d 1.500000e-12 1.047681e+00  1.412486e+04 7.731026e+01 -3.103744e+00 5.775212e+12 1.579049e-12 1.412486e+04 
d 1.500000e-12 1.048839e+00  4.590187e+03 7.616084e+01 -4.253157e+00 5.846891e+12 1.579049e-12 4.590187e+03 
d 1.500000e-12 1.049996e+00  8.816331e+02 7.484890e+01 -5.565100e+00 5.916186e+12 1.579049e-12 8.816331e+02 
d 1.500000e-12 1.051154e+00  2.821913e+02 7.337117e+01 -7.042832e+00 5.983132e+12 1.579049e-12 2.821913e+02 
d 1.500000e-12 1.052311e+00  1.236220e+02 7.172415e+01 -8.689852e+00 6.047759e+12 1.579049e-12 1.236220e+02 
d 1.500000e-12 1.053469e+00  7.788145e+01 6.990412e+01 -1.050988e+01 6.110092e+12 1.579049e-12 7.788145e+01 
d 1.500000e-12 1.054627e+00  6.031897e+01 6.790714e+01 -1.250686e+01 6.170151e+12 1.579049e-12 6.031897e+01 
d 1.500000e-12 1.055784e+00  5.053127e+01 6.572906e+01 -1.468494e+01 6.227954e+12 1.579049e-12 5.053127e+01 
d 1.500000e-12 1.056942e+00  4.456467e+01 6.336554e+01 -1.704846e+01 6.283512e+12 1.579049e-12 4.456467e+01 
d 1.500000e-12 1.058100e+00  3.854510e+01 6.081205e+01 -1.960196e+01 6.336836e+12 1.579049e-12 3.854510e+01 
d 1.500000e-12 1.059257e+00  3.404801e+01 5.806386e+01 -2.235014e+01 6.387930e+12 1.579049e-12 3.404801e+01 
d 1.500000e-12 1.060415e+00  3.008068e+01 5.511610e+01 -2.529790e+01 6.436797e+12 1.579049e-12 3.008068e+01 
d 1.500000e-12 1.061573e+00  2.678605e+01 5.196371e+01 -2.845029e+01 6.483438e+12 1.579049e-12 2.678605e+01 
d 1.500000e-12 1.062730e+00  2.402443e+01 4.860150e+01 -3.181250e+01 6.527850e+12 1.579049e-12 2.402443e+01 
d 1.500000e-12 1.063888e+00  2.168490e+01 4.502413e+01 -3.538987e+01 6.570027e+12 1.579049e-12 2.168490e+01 
d 1.500000e-12 1.065046e+00  1.995928e+01 4.122611e+01 -3.918789e+01 6.609962e+12 1.579049e-12 1.995928e+01 
d 1.500000e-12 1.066203e+00  1.821485e+01 3.720186e+01 -4.321215e+01 6.647646e+12 1.579049e-12 1.821485e+01 
d 1.500000e-12 1.067361e+00  1.668044e+01 3.294566e+01 -4.746834e+01 6.683069e+12 1.579049e-12 1.668044e+01 
d 1.500000e-12 1.068519e+00  1.532266e+01 2.845172e+01 -5.196229e+01 6.716217e+12 1.579049e-12 1.532266e+01 
d 1.500000e-12 1.069676e+00  1.411483e+01 2.371414e+01 -5.669986e+01 6.747075e+12 1.579049e-12 1.411483e+01 
d 1.500000e-12 1.070834e+00  1.303528e+01 1.872699e+01 -6.168701e+01 6.775629e+12 1.579049e-12 1.303528e+01 
d 1.500000e-12 1.071992e+00  1.206626e+01 1.348424e+01 -6.692976e+01 6.801862e+12 1.579049e-12 1.206626e+01 
d 1.500000e-12 1.073149e+00  1.119305e+01 7.979854e+00 -7.243415e+01 6.825755e+12 1.579049e-12 1.119305e+01 
d 1.500000e-12 1.074307e+00  1.040337e+01 2.207764e+00 -7.820624e+01 6.847290e+12 1.579049e-12 1.040337e+01 
d 1.500000e-12 1.075465e+00  9.686879e+00 -3.838099e+00 -8.425210e+01 6.866449e+12 1.579049e-12 9.686879e+00 
d 1.500000e-12 1.076622e+00  9.034822e+00 -1.016379e+01 -9.057779e+01 6.883211e+12 1.579049e-12 9.034822e+00 
d 1.500000e-12 1.077780e+00  8.439737e+00 -1.677531e+01 -9.718932e+01 6.897556e+12 1.579049e-12 8.439737e+00 
d 1.500000e-12 1.078938e+00  7.895223e+00 -2.367864e+01 -1.040926e+02 6.909464e+12 1.579049e-12 7.895223e+00 
d 1.500000e-12 1.080095e+00  7.395768e+00 -3.087964e+01 -1.112936e+02 6.918915e+12 1.579049e-12 7.395768e+00 
d 1.500000e-12 1.081253e+00  6.936599e+00 -3.838408e+01 -1.187981e+02 6.925889e+12 1.579049e-12 6.936599e+00 
d 1.500000e-12 1.082411e+00  6.513564e+00 -4.619761e+01 -1.266116e+02 6.930367e+12 1.579049e-12 6.513564e+00 
d 1.500000e-12 1.083568e+00  6.123039e+00 -5.432571e+01 -1.347397e+02 6.932330e+12 1.579049e-12 6.123039e+00 
d 1.500000e-12 1.084726e+00  5.761846e+00 -6.277369e+01 -1.431877e+02 6.931760e+12 1.579049e-12 5.761846e+00 
d 1.500000e-12 1.085884e+00  5.427192e+00 -7.154666e+01 -1.519607e+02 6.928639e+12 1.579049e-12 5.427192e+00 
d 1.500000e-12 1.087041e+00  5.116607e+00 -8.064948e+01 -1.610635e+02 6.922952e+12 1.579049e-12 5.116607e+00 
d 1.500000e-12 1.088199e+00  4.827907e+00 -9.008674e+01 -1.705007e+02 6.914685e+12 1.579049e-12 4.827907e+00 
d 1.500000e-12 1.089357e+00  4.559151e+00 -9.986276e+01 -1.802768e+02 6.903824e+12 1.579049e-12 4.559151e+00 
d 1.500000e-12 1.090514e+00  4.308610e+00 -1.099815e+02 -1.903955e+02 6.890358e+12 1.579049e-12 4.308610e+00 
d 1.500000e-12 1.091672e+00  4.074739e+00 -1.204466e+02 -2.008606e+02 6.874280e+12 1.579049e-12 4.074739e+00 
d 1.500000e-12 1.092830e+00  3.856153e+00 -1.312614e+02 -2.116754e+02 6.855581e+12 1.579049e-12 3.856153e+00 
d 1.500000e-12 1.093987e+00  3.651611e+00 -1.424286e+02 -2.228426e+02 6.834257e+12 1.579049e-12 3.651611e+00 
d 1.500000e-12 1.095145e+00  3.459993e+00 -1.539506e+02 -2.343646e+02 6.810307e+12 1.579049e-12 3.459993e+00 
d 1.500000e-12 1.096302e+00  3.280292e+00 -1.658294e+02 -2.462434e+02 6.783731e+12 1.579049e-12 3.280292e+00 
d 1.500000e-12 1.097460e+00  3.111594e+00 -1.780663e+02 -2.584803e+02 6.754534e+12 1.579049e-12 3.111594e+00 
