v ATLAS
# This file was created by ATLAS version 5.26.1.R on Tue Apr 17 04:20:54 2018.
#SSF 2.0 generic
##############################################################################
#                    Copyright (c) 1984 - 2018                               #
#                    Silvaco Inc. All rights reserved                        #
#                                                                            #
# This file format and the following Key are copyright Silvaco Inc.          #
# You may not use, this format or key without reproducing this message in    #
# full and obtaining express written permission from Silvaco Inc.            #
#                                                                            #
# To obtain such permission please contact: Silvaco Inc.                     #
#                                           support@silvaco.com              #
#                                                                            #
# KEY=SVC86hn7562asdx                       PROD=345                         #
##############################################################################
o 3002 Net gain, mode 1
o 3003 Photon lifetime (s)
p 8 61 2211 2001 2201 3000 2214 3001 2212
d 1.427000e-10 1.009478e+00  5.638726e+00 0.000000e+00 -8.044382e+01 3.813001e+12 1.578425e-12 5.638726e+00 
d 1.427000e-10 1.010636e+00  5.638726e+00 0.000000e+00 -8.044382e+01 3.813001e+12 1.578425e-12 5.638726e+00 
d 1.427000e-10 1.011793e+00  2.047890e+00 2.026148e+01 -6.018234e+01 1.035980e+12 1.578425e-12 2.047890e+00 
d 1.427000e-10 1.012951e+00  3.545292e+00 2.967460e+01 -5.076922e+01 1.513713e+12 1.578425e-12 3.545292e+00 
d 1.427000e-10 1.014109e+00  5.059821e+00 3.653341e+01 -4.391041e+01 1.869663e+12 1.578425e-12 5.059821e+00 
d 1.427000e-10 1.015266e+00  6.706169e+00 4.210112e+01 -3.834271e+01 2.165551e+12 1.578425e-12 6.706169e+00 
d 1.427000e-10 1.016424e+00  8.554064e+00 4.683657e+01 -3.360725e+01 2.423702e+12 1.578425e-12 8.554064e+00 
d 1.427000e-10 1.017582e+00  1.066975e+01 5.096865e+01 -2.947518e+01 2.655229e+12 1.578425e-12 1.066975e+01 
d 1.427000e-10 1.018739e+00  1.312837e+01 5.463097e+01 -2.581285e+01 2.866616e+12 1.578425e-12 1.312837e+01 
d 1.427000e-10 1.019897e+00  1.602192e+01 5.790939e+01 -2.253443e+01 3.062040e+12 1.578425e-12 1.602192e+01 
d 1.427000e-10 1.021055e+00  1.946739e+01 6.086276e+01 -1.958106e+01 3.244374e+12 1.578425e-12 1.946739e+01 
d 1.427000e-10 1.022212e+00  2.361720e+01 6.353328e+01 -1.691054e+01 3.415696e+12 1.578425e-12 2.361720e+01 
d 1.427000e-10 1.023370e+00  2.867419e+01 6.595227e+01 -1.449155e+01 3.577565e+12 1.578425e-12 2.867419e+01 
d 1.427000e-10 1.024528e+00  3.491423e+01 6.814353e+01 -1.230029e+01 3.731184e+12 1.578425e-12 3.491423e+01 
d 1.427000e-10 1.025685e+00  4.272492e+01 7.012552e+01 -1.031831e+01 3.877503e+12 1.578425e-12 4.272492e+01 
d 1.427000e-10 1.026843e+00  5.268064e+01 7.191271e+01 -8.531116e+00 4.017291e+12 1.578425e-12 5.268064e+01 
d 1.427000e-10 1.028001e+00  6.569872e+01 7.351657e+01 -6.927252e+00 4.151173e+12 1.578425e-12 6.569872e+01 
d 1.427000e-10 1.029158e+00  8.345687e+01 7.494623e+01 -5.497592e+00 4.279671e+12 1.578425e-12 8.345687e+01 
d 1.427000e-10 1.030316e+00  1.094353e+02 7.620894e+01 -4.234879e+00 4.403222e+12 1.578425e-12 1.094353e+02 
d 1.427000e-10 1.031474e+00  1.529972e+02 7.731046e+01 -3.133363e+00 4.522195e+12 1.578425e-12 1.529972e+02 
d 1.427000e-10 1.032631e+00  2.528103e+02 7.825528e+01 -2.188540e+00 4.636907e+12 1.578425e-12 2.528103e+02 
d 1.427000e-10 1.033789e+00  6.215434e+02 7.904688e+01 -1.396943e+00 4.747630e+12 1.578425e-12 6.215434e+02 
d 1.427000e-10 1.034947e+00  2.978238e+03 7.968783e+01 -7.559899e-01 4.854599e+12 1.578425e-12 2.978238e+03 
d 1.427000e-10 1.036104e+00  3.299482e+04 8.017997e+01 -2.638558e-01 4.958019e+12 1.578425e-12 3.299482e+04 
d 1.427000e-10 1.037262e+00  6.771779e+05 8.052445e+01 8.062283e-02 5.058068e+12 1.578425e-12 6.771779e+05 
d 1.427000e-10 1.038420e+00  1.168197e+06 8.072185e+01 2.780279e-01 5.154902e+12 1.578425e-12 1.168197e+06 
d 1.427000e-10 1.039577e+00  1.486738e+06 8.077225e+01 3.284233e-01 5.248660e+12 1.578425e-12 1.486738e+06 
d 1.427000e-10 1.040735e+00  1.402010e+06 8.067523e+01 2.314072e-01 5.339461e+12 1.578425e-12 1.402010e+06 
d 1.427000e-10 1.041893e+00  9.668773e+05 8.042998e+01 -1.384472e-02 5.427412e+12 1.578425e-12 9.668773e+05 
d 1.427000e-10 1.043050e+00  4.759087e+05 8.003528e+01 -4.085437e-01 5.512607e+12 1.578425e-12 4.759087e+05 
d 1.427000e-10 1.044208e+00  1.604648e+05 7.948957e+01 -9.542576e-01 5.595129e+12 1.578425e-12 1.604648e+05 
d 1.427000e-10 1.045366e+00  4.235020e+04 7.879094e+01 -1.652886e+00 5.675049e+12 1.578425e-12 4.235020e+04 
d 1.427000e-10 1.046523e+00  5.934562e+03 7.793719e+01 -2.506637e+00 5.752432e+12 1.578425e-12 5.934562e+03 
d 1.427000e-10 1.047681e+00  9.070676e+02 7.692581e+01 -3.518011e+00 5.827334e+12 1.578425e-12 9.070676e+02 
d 1.427000e-10 1.048839e+00  2.009637e+02 7.575404e+01 -4.689783e+00 5.899802e+12 1.578425e-12 2.009637e+02 
d 1.427000e-10 1.049996e+00  1.026152e+02 7.441884e+01 -6.024988e+00 5.969879e+12 1.578425e-12 1.026152e+02 
d 1.427000e-10 1.051154e+00  8.241745e+01 7.291692e+01 -7.526908e+00 6.037600e+12 1.578425e-12 8.241745e+01 
d 1.427000e-10 1.052311e+00  6.987905e+01 7.124476e+01 -9.199063e+00 6.102997e+12 1.578425e-12 6.987905e+01 
d 1.427000e-10 1.053469e+00  6.021284e+01 6.939863e+01 -1.104520e+01 6.166095e+12 1.578425e-12 6.021284e+01 
d 1.427000e-10 1.054627e+00  5.239617e+01 6.737455e+01 -1.306927e+01 6.226915e+12 1.578425e-12 5.239617e+01 
d 1.427000e-10 1.055784e+00  4.595233e+01 6.516837e+01 -1.527545e+01 6.285474e+12 1.578425e-12 4.595233e+01 
d 1.427000e-10 1.056942e+00  4.057363e+01 6.277573e+01 -1.766810e+01 6.341785e+12 1.578425e-12 4.057363e+01 
d 1.427000e-10 1.058100e+00  3.604027e+01 6.019206e+01 -2.025177e+01 6.395857e+12 1.578425e-12 3.604027e+01 
d 1.427000e-10 1.059257e+00  3.218835e+01 5.741264e+01 -2.303118e+01 6.447697e+12 1.578425e-12 3.218835e+01 
d 1.427000e-10 1.060415e+00  2.889135e+01 5.443257e+01 -2.601125e+01 6.497307e+12 1.578425e-12 2.889135e+01 
d 1.427000e-10 1.061573e+00  2.605015e+01 5.124680e+01 -2.919703e+01 6.544688e+12 1.578425e-12 2.605015e+01 
d 1.427000e-10 1.062730e+00  2.358640e+01 4.785010e+01 -3.259373e+01 6.589837e+12 1.578425e-12 2.358640e+01 
d 1.427000e-10 1.063888e+00  2.143741e+01 4.423713e+01 -3.620670e+01 6.632750e+12 1.578425e-12 2.143741e+01 
d 1.427000e-10 1.065046e+00  1.955267e+01 4.040240e+01 -4.004142e+01 6.673419e+12 1.578425e-12 1.955267e+01 
d 1.427000e-10 1.066203e+00  1.789122e+01 3.634032e+01 -4.410350e+01 6.711836e+12 1.578425e-12 1.789122e+01 
d 1.427000e-10 1.067361e+00  1.641957e+01 3.204518e+01 -4.839865e+01 6.747988e+12 1.578425e-12 1.641957e+01 
d 1.427000e-10 1.068519e+00  1.511022e+01 2.751117e+01 -5.293265e+01 6.781865e+12 1.578425e-12 1.511022e+01 
d 1.427000e-10 1.069676e+00  1.394038e+01 2.273243e+01 -5.771140e+01 6.813451e+12 1.578425e-12 1.394038e+01 
d 1.427000e-10 1.070834e+00  1.289112e+01 1.770299e+01 -6.274083e+01 6.842730e+12 1.578425e-12 1.289112e+01 
d 1.427000e-10 1.071992e+00  1.194656e+01 1.241687e+01 -6.802695e+01 6.869687e+12 1.578425e-12 1.194656e+01 
d 1.427000e-10 1.073149e+00  1.109335e+01 6.868038e+00 -7.357579e+01 6.894303e+12 1.578425e-12 1.109335e+01 
d 1.427000e-10 1.074307e+00  1.032020e+01 1.050438e+00 -7.939339e+01 6.916560e+12 1.578425e-12 1.032020e+01 
d 1.427000e-10 1.075465e+00  9.617497e+00 -5.041971e+00 -8.548579e+01 6.936438e+12 1.578425e-12 9.617497e+00 
d 1.427000e-10 1.076622e+00  8.977028e+00 -1.141521e+01 -9.185904e+01 6.953918e+12 1.578425e-12 8.977028e+00 
d 1.427000e-10 1.077780e+00  8.391748e+00 -1.807527e+01 -9.851910e+01 6.968979e+12 1.578425e-12 8.391748e+00 
d 1.427000e-10 1.078938e+00  7.855578e+00 -2.502807e+01 -1.054719e+02 6.981601e+12 1.578425e-12 7.855578e+00 
d 1.427000e-10 1.080095e+00  7.363259e+00 -3.227943e+01 -1.127233e+02 6.991763e+12 1.578425e-12 7.363259e+00 
d 1.427000e-10 1.081253e+00  6.910218e+00 -3.983509e+01 -1.202789e+02 6.999445e+12 1.578425e-12 6.910218e+00 
d 1.427000e-10 1.082411e+00  6.492464e+00 -4.770064e+01 -1.281445e+02 7.004628e+12 1.578425e-12 6.492464e+00 
d 1.427000e-10 1.083568e+00  6.106504e+00 -5.588150e+01 -1.363253e+02 7.007292e+12 1.578425e-12 6.106504e+00 
d 1.427000e-10 1.084726e+00  5.749266e+00 -6.438293e+01 -1.448268e+02 7.007418e+12 1.578425e-12 5.749266e+00 
d 1.427000e-10 1.085884e+00  5.418045e+00 -7.320994e+01 -1.536538e+02 7.004990e+12 1.578425e-12 5.418045e+00 
d 1.427000e-10 1.087041e+00  5.110447e+00 -8.236734e+01 -1.628112e+02 6.999990e+12 1.578425e-12 5.110447e+00 
d 1.427000e-10 1.088199e+00  4.824347e+00 -9.185965e+01 -1.723035e+02 6.992403e+12 1.578425e-12 4.824347e+00 
d 1.427000e-10 1.089357e+00  4.557856e+00 -1.016911e+02 -1.821349e+02 6.982216e+12 1.578425e-12 4.557856e+00 
d 1.427000e-10 1.090514e+00  4.309290e+00 -1.118655e+02 -1.923094e+02 6.969418e+12 1.578425e-12 4.309290e+00 
d 1.427000e-10 1.091672e+00  4.077140e+00 -1.223865e+02 -2.028304e+02 6.953997e+12 1.578425e-12 4.077140e+00 
d 1.427000e-10 1.092830e+00  3.860055e+00 -1.332572e+02 -2.137011e+02 6.935947e+12 1.578425e-12 3.860055e+00 
d 1.427000e-10 1.093987e+00  3.656819e+00 -1.444804e+02 -2.249242e+02 6.915263e+12 1.578425e-12 3.656819e+00 
d 1.427000e-10 1.095145e+00  3.466338e+00 -1.560582e+02 -2.365021e+02 6.891940e+12 1.578425e-12 3.466338e+00 
d 1.427000e-10 1.096302e+00  3.287624e+00 -1.679926e+02 -2.484364e+02 6.865980e+12 1.578425e-12 3.287624e+00 
d 1.427000e-10 1.097460e+00  3.119781e+00 -1.802848e+02 -2.607286e+02 6.837385e+12 1.578425e-12 3.119781e+00 
