v ATLAS
# This file was created by ATLAS version 5.26.1.R on Tue Apr 17 04:26:41 2018.
#SSF 2.0 generic
##############################################################################
#                    Copyright (c) 1984 - 2018                               #
#                    Silvaco Inc. All rights reserved                        #
#                                                                            #
# This file format and the following Key are copyright Silvaco Inc.          #
# You may not use, this format or key without reproducing this message in    #
# full and obtaining express written permission from Silvaco Inc.            #
#                                                                            #
# To obtain such permission please contact: Silvaco Inc.                     #
#                                           support@silvaco.com              #
#                                                                            #
# KEY=SVC86hn7562asdx                       PROD=345                         #
##############################################################################
o 3002 Net gain, mode 1
o 3003 Photon lifetime (s)
p 8 61 2211 2001 2201 3000 2214 3001 2212
d 5.427000e-10 1.009478e+00  5.659495e+00 0.000000e+00 -8.041453e+01 3.821882e+12 1.579038e-12 5.659495e+00 
d 5.427000e-10 1.010636e+00  5.659495e+00 0.000000e+00 -8.041453e+01 3.821882e+12 1.579038e-12 5.659495e+00 
d 5.427000e-10 1.011793e+00  2.062641e+00 2.019888e+01 -6.021565e+01 1.043048e+12 1.579038e-12 2.062641e+00 
d 5.427000e-10 1.012951e+00  3.562478e+00 2.958121e+01 -5.083331e+01 1.520808e+12 1.579038e-12 3.562478e+00 
d 5.427000e-10 1.014109e+00  5.079254e+00 3.641624e+01 -4.399829e+01 1.876779e+12 1.579038e-12 5.079254e+00 
d 5.427000e-10 1.015266e+00  6.728314e+00 4.196341e+01 -3.845112e+01 2.172683e+12 1.579038e-12 6.728314e+00 
d 5.427000e-10 1.016424e+00  8.580295e+00 4.668025e+01 -3.373428e+01 2.430848e+12 1.579038e-12 8.580295e+00 
d 5.427000e-10 1.017582e+00  1.070304e+01 5.079494e+01 -2.961959e+01 2.662388e+12 1.579038e-12 1.070304e+01 
d 5.427000e-10 1.018739e+00  1.317458e+01 5.444072e+01 -2.597381e+01 2.873787e+12 1.579038e-12 1.317458e+01 
d 5.427000e-10 1.019897e+00  1.609219e+01 5.770318e+01 -2.271135e+01 3.069221e+12 1.579038e-12 1.609219e+01 
d 5.427000e-10 1.021055e+00  1.958243e+01 6.064099e+01 -1.977354e+01 3.251565e+12 1.579038e-12 1.958243e+01 
d 5.427000e-10 1.022212e+00  2.381505e+01 6.329621e+01 -1.711832e+01 3.422897e+12 1.579038e-12 2.381505e+01 
d 5.427000e-10 1.023370e+00  2.902378e+01 6.570006e+01 -1.471447e+01 3.584774e+12 1.579038e-12 2.902378e+01 
d 5.427000e-10 1.024528e+00  3.553926e+01 6.787626e+01 -1.253826e+01 3.738401e+12 1.579038e-12 3.553926e+01 
d 5.427000e-10 1.025685e+00  4.384328e+01 6.984319e+01 -1.057133e+01 3.884728e+12 1.579038e-12 4.384328e+01 
d 5.427000e-10 1.026843e+00  5.466213e+01 7.161528e+01 -8.799251e+00 4.024522e+12 1.579038e-12 5.466213e+01 
d 5.427000e-10 1.028001e+00  6.913432e+01 7.320393e+01 -7.210602e+00 4.158411e+12 1.579038e-12 6.913432e+01 
d 5.427000e-10 1.029158e+00  8.912715e+01 7.461822e+01 -5.796311e+00 4.286915e+12 1.579038e-12 8.912715e+01 
d 5.427000e-10 1.030316e+00  1.178726e+02 7.586536e+01 -4.549163e+00 4.410472e+12 1.579038e-12 1.178726e+02 
d 5.427000e-10 1.031474e+00  1.613642e+02 7.695108e+01 -3.463448e+00 4.529451e+12 1.579038e-12 1.613642e+02 
d 5.427000e-10 1.032631e+00  2.319707e+02 7.787983e+01 -2.534697e+00 4.644169e+12 1.579038e-12 2.319707e+02 
d 5.427000e-10 1.033789e+00  3.649892e+02 7.865505e+01 -1.759478e+00 4.754897e+12 1.579038e-12 3.649892e+02 
d 5.427000e-10 1.034947e+00  9.081023e+02 7.927928e+01 -1.135242e+00 4.861871e+12 1.579038e-12 9.081023e+02 
d 5.427000e-10 1.036104e+00  1.481153e+04 7.975433e+01 -6.601955e-01 4.965295e+12 1.579038e-12 1.481153e+04 
d 5.427000e-10 1.037262e+00  7.134050e+05 8.008132e+01 -3.332049e-01 5.065348e+12 1.579038e-12 7.134050e+05 
d 5.427000e-10 1.038420e+00  2.078776e+06 8.026081e+01 -1.537181e-01 5.162187e+12 1.579038e-12 2.078776e+06 
d 5.427000e-10 1.039577e+00  3.008950e+06 8.029283e+01 -1.216999e-01 5.255948e+12 1.579038e-12 3.008950e+06 
d 5.427000e-10 1.040735e+00  2.166054e+06 8.017695e+01 -2.375802e-01 5.346753e+12 1.579038e-12 2.166054e+06 
d 5.427000e-10 1.041893e+00  7.664351e+05 7.991232e+01 -5.022110e-01 5.434707e+12 1.579038e-12 7.664351e+05 
d 5.427000e-10 1.043050e+00  1.311351e+05 7.949770e+01 -9.168308e-01 5.519906e+12 1.579038e-12 1.311351e+05 
d 5.427000e-10 1.044208e+00  1.087267e+04 7.893149e+01 -1.483034e+00 5.602430e+12 1.579038e-12 1.087267e+04 
d 5.427000e-10 1.045366e+00  7.876699e+02 7.821178e+01 -2.202747e+00 5.682353e+12 1.579038e-12 7.876699e+02 
d 5.427000e-10 1.046523e+00  2.473659e+02 7.733632e+01 -3.078203e+00 5.759739e+12 1.579038e-12 2.473659e+02 
d 5.427000e-10 1.047681e+00  1.774388e+02 7.630260e+01 -4.111929e+00 5.834643e+12 1.579038e-12 1.774388e+02 
d 5.427000e-10 1.048839e+00  1.366382e+02 7.510780e+01 -5.306725e+00 5.907114e+12 1.579038e-12 1.366382e+02 
d 5.427000e-10 1.049996e+00  1.087824e+02 7.374888e+01 -6.665649e+00 5.977193e+12 1.579038e-12 1.087824e+02 
d 5.427000e-10 1.051154e+00  8.884799e+01 7.222252e+01 -8.192010e+00 6.044918e+12 1.579038e-12 8.884799e+01 
d 5.427000e-10 1.052311e+00  7.405001e+01 7.052518e+01 -9.889349e+00 6.110317e+12 1.579038e-12 7.405001e+01 
d 5.427000e-10 1.053469e+00  6.272927e+01 6.865309e+01 -1.176143e+01 6.173417e+12 1.579038e-12 6.272927e+01 
d 5.427000e-10 1.054627e+00  5.385093e+01 6.660228e+01 -1.381225e+01 6.234240e+12 1.579038e-12 5.385093e+01 
d 5.427000e-10 1.055784e+00  4.674347e+01 6.436855e+01 -1.604598e+01 6.292801e+12 1.579038e-12 4.674347e+01 
d 5.427000e-10 1.056942e+00  4.095517e+01 6.194752e+01 -1.846700e+01 6.349115e+12 1.579038e-12 4.095517e+01 
d 5.427000e-10 1.058100e+00  3.617230e+01 5.933462e+01 -2.107990e+01 6.403190e+12 1.579038e-12 3.617230e+01 
d 5.427000e-10 1.059257e+00  3.217076e+01 5.652511e+01 -2.388942e+01 6.455032e+12 1.579038e-12 3.217076e+01 
d 5.427000e-10 1.060415e+00  2.878661e+01 5.351405e+01 -2.690048e+01 6.504646e+12 1.579038e-12 2.878661e+01 
d 5.427000e-10 1.061573e+00  2.589734e+01 5.029639e+01 -3.011814e+01 6.552030e+12 1.579038e-12 2.589734e+01 
d 5.427000e-10 1.062730e+00  2.340981e+01 4.686688e+01 -3.354764e+01 6.597182e+12 1.579038e-12 2.340981e+01 
d 5.427000e-10 1.063888e+00  2.125204e+01 4.322018e+01 -3.719435e+01 6.640099e+12 1.579038e-12 2.125204e+01 
d 5.427000e-10 1.065046e+00  1.936764e+01 3.935078e+01 -4.106374e+01 6.680772e+12 1.579038e-12 1.936764e+01 
d 5.427000e-10 1.066203e+00  1.771193e+01 3.525308e+01 -4.516144e+01 6.719193e+12 1.579038e-12 1.771193e+01 
d 5.427000e-10 1.067361e+00  1.624905e+01 3.092137e+01 -4.949316e+01 6.755351e+12 1.579038e-12 1.624905e+01 
d 5.427000e-10 1.068519e+00  1.495000e+01 2.634983e+01 -5.406470e+01 6.789233e+12 1.579038e-12 1.495000e+01 
d 5.427000e-10 1.069676e+00  1.379107e+01 2.153259e+01 -5.888194e+01 6.820825e+12 1.579038e-12 1.379107e+01 
d 5.427000e-10 1.070834e+00  1.275272e+01 1.646371e+01 -6.395082e+01 6.850112e+12 1.579038e-12 1.275272e+01 
d 5.427000e-10 1.071992e+00  1.181876e+01 1.113718e+01 -6.927735e+01 6.877076e+12 1.579038e-12 1.181876e+01 
d 5.427000e-10 1.073149e+00  1.097562e+01 5.546988e+00 -7.486754e+01 6.901700e+12 1.579038e-12 1.097562e+01 
d 5.427000e-10 1.074307e+00  1.021191e+01 -3.129043e-01 -8.072743e+01 6.923966e+12 1.579038e-12 1.021191e+01 
d 5.427000e-10 1.075465e+00  9.517975e+00 -6.448530e+00 -8.686306e+01 6.943855e+12 1.579038e-12 9.517975e+00 
d 5.427000e-10 1.076622e+00  8.885609e+00 -1.286589e+01 -9.328042e+01 6.961346e+12 1.579038e-12 8.885609e+00 
d 5.427000e-10 1.077780e+00  8.307781e+00 -1.957096e+01 -9.998549e+01 6.976419e+12 1.579038e-12 8.307781e+00 
d 5.427000e-10 1.078938e+00  7.778447e+00 -2.656963e+01 -1.069842e+02 6.989054e+12 1.579038e-12 7.778447e+00 
d 5.427000e-10 1.080095e+00  7.292387e+00 -3.386769e+01 -1.142822e+02 6.999231e+12 1.579038e-12 7.292387e+00 
d 5.427000e-10 1.081253e+00  6.845070e+00 -4.147084e+01 -1.218854e+02 7.006929e+12 1.579038e-12 6.845070e+00 
d 5.427000e-10 1.082411e+00  6.432550e+00 -4.938464e+01 -1.297992e+02 7.012129e+12 1.579038e-12 6.432550e+00 
d 5.427000e-10 1.083568e+00  6.051373e+00 -5.761447e+01 -1.380290e+02 7.014812e+12 1.579038e-12 6.051373e+00 
d 5.427000e-10 1.084726e+00  5.698509e+00 -6.616553e+01 -1.465801e+02 7.014959e+12 1.579038e-12 5.698509e+00 
d 5.427000e-10 1.085884e+00  5.371289e+00 -7.504280e+01 -1.554573e+02 7.012553e+12 1.579038e-12 5.371289e+00 
d 5.427000e-10 1.087041e+00  5.067352e+00 -8.425101e+01 -1.646655e+02 7.007577e+12 1.579038e-12 5.067352e+00 
d 5.427000e-10 1.088199e+00  4.784605e+00 -9.379462e+01 -1.742092e+02 7.000016e+12 1.579038e-12 4.784605e+00 
d 5.427000e-10 1.089357e+00  4.521188e+00 -1.036778e+02 -1.840923e+02 6.989857e+12 1.579038e-12 4.521188e+00 
d 5.427000e-10 1.090514e+00  4.275442e+00 -1.139043e+02 -1.943189e+02 6.977088e+12 1.579038e-12 4.275442e+00 
d 5.427000e-10 1.091672e+00  4.045882e+00 -1.244777e+02 -2.048922e+02 6.961700e+12 1.579038e-12 4.045882e+00 
d 5.427000e-10 1.092830e+00  3.831177e+00 -1.354010e+02 -2.158155e+02 6.943685e+12 1.579038e-12 3.831177e+00 
d 5.427000e-10 1.093987e+00  3.630131e+00 -1.466768e+02 -2.270913e+02 6.923036e+12 1.579038e-12 3.630131e+00 
d 5.427000e-10 1.095145e+00  3.441667e+00 -1.583074e+02 -2.387219e+02 6.899753e+12 1.579038e-12 3.441667e+00 
d 5.427000e-10 1.096302e+00  3.264810e+00 -1.702944e+02 -2.507089e+02 6.873834e+12 1.579038e-12 3.264810e+00 
d 5.427000e-10 1.097460e+00  3.098682e+00 -1.826391e+02 -2.630536e+02 6.845283e+12 1.579038e-12 3.098682e+00 
