v ATLAS
# This file was created by ATLAS version 5.26.1.R on Tue Apr 17 04:30:00 2018.
#SSF 2.0 generic
##############################################################################
#                    Copyright (c) 1984 - 2018                               #
#                    Silvaco Inc. All rights reserved                        #
#                                                                            #
# This file format and the following Key are copyright Silvaco Inc.          #
# You may not use, this format or key without reproducing this message in    #
# full and obtaining express written permission from Silvaco Inc.            #
#                                                                            #
# To obtain such permission please contact: Silvaco Inc.                     #
#                                           support@silvaco.com              #
#                                                                            #
# KEY=SVC86hn7562asdx                       PROD=345                         #
##############################################################################
o 3002 Net gain, mode 1
o 3003 Photon lifetime (s)
p 8 61 2211 2001 2201 3000 2214 3001 2212
d 7.927000e-10 1.009478e+00  5.673888e+00 0.000000e+00 -8.042936e+01 3.832073e+12 1.578727e-12 5.673888e+00 
d 7.927000e-10 1.010636e+00  5.673888e+00 0.000000e+00 -8.042936e+01 3.832073e+12 1.578727e-12 5.673888e+00 
d 7.927000e-10 1.011793e+00  2.069523e+00 2.022676e+01 -6.020260e+01 1.046237e+12 1.578727e-12 2.069523e+00 
d 7.927000e-10 1.012951e+00  3.573282e+00 2.962275e+01 -5.080661e+01 1.524483e+12 1.578727e-12 3.573282e+00 
d 7.927000e-10 1.014109e+00  5.095117e+00 3.646828e+01 -4.396108e+01 1.880818e+12 1.578727e-12 5.095117e+00 
d 7.927000e-10 1.015266e+00  6.750982e+00 4.202449e+01 -3.840487e+01 2.177028e+12 1.578727e-12 6.750982e+00 
d 7.927000e-10 1.016424e+00  8.612280e+00 4.674948e+01 -3.367988e+01 2.435462e+12 1.578727e-12 8.612280e+00 
d 7.927000e-10 1.017582e+00  1.074793e+01 5.087176e+01 -2.955759e+01 2.667245e+12 1.578727e-12 1.074793e+01 
d 7.927000e-10 1.018739e+00  1.323756e+01 5.452474e+01 -2.590462e+01 2.878869e+12 1.578727e-12 1.323756e+01 
d 7.927000e-10 1.019897e+00  1.618075e+01 5.779412e+01 -2.263524e+01 3.074513e+12 1.578727e-12 1.618075e+01 
d 7.927000e-10 1.021055e+00  1.970751e+01 6.073864e+01 -1.969072e+01 3.257054e+12 1.578727e-12 1.970751e+01 
d 7.927000e-10 1.022212e+00  2.399267e+01 6.340044e+01 -1.702892e+01 3.428574e+12 1.578727e-12 2.399267e+01 
d 7.927000e-10 1.023370e+00  2.927750e+01 6.581078e+01 -1.461858e+01 3.590630e+12 1.578727e-12 2.927750e+01 
d 7.927000e-10 1.024528e+00  3.590347e+01 6.799342e+01 -1.243594e+01 3.744429e+12 1.578727e-12 3.590347e+01 
d 7.927000e-10 1.025685e+00  4.436740e+01 6.996676e+01 -1.046260e+01 3.890923e+12 1.578727e-12 4.436740e+01 
d 7.927000e-10 1.026843e+00  5.541475e+01 7.174526e+01 -8.684104e+00 4.030878e+12 1.578727e-12 5.541475e+01 
d 7.927000e-10 1.028001e+00  7.020489e+01 7.334035e+01 -7.089014e+00 4.164924e+12 1.578727e-12 7.020489e+01 
d 7.927000e-10 1.029158e+00  9.061965e+01 7.476112e+01 -5.668235e+00 4.293581e+12 1.578727e-12 9.061965e+01 
d 7.927000e-10 1.030316e+00  1.198798e+02 7.601482e+01 -4.414534e+00 4.417286e+12 1.578727e-12 1.198798e+02 
d 7.927000e-10 1.031474e+00  1.638871e+02 7.710718e+01 -3.322184e+00 4.536411e+12 1.578727e-12 1.638871e+02 
d 7.927000e-10 1.032631e+00  2.344951e+02 7.804266e+01 -2.386700e+00 4.651271e+12 1.578727e-12 2.344951e+02 
d 7.927000e-10 1.033789e+00  3.593773e+02 7.882472e+01 -1.604635e+00 4.762139e+12 1.578727e-12 3.593773e+02 
d 7.927000e-10 1.034947e+00  6.744279e+02 7.945593e+01 -9.734256e-01 4.869251e+12 1.578727e-12 6.744279e+02 
d 7.927000e-10 1.036104e+00  7.579514e+03 7.993809e+01 -4.912651e-01 4.972811e+12 1.578727e-12 7.579514e+03 
d 7.927000e-10 1.037262e+00  5.764925e+05 8.027235e+01 -1.570070e-01 5.072999e+12 1.578727e-12 5.764925e+05 
d 7.927000e-10 1.038420e+00  2.288137e+06 8.045927e+01 2.991364e-02 5.169970e+12 1.578727e-12 2.288137e+06 
d 7.927000e-10 1.039577e+00  3.542791e+06 8.049890e+01 6.954438e-02 5.263862e+12 1.578727e-12 3.542791e+06 
d 7.927000e-10 1.040735e+00  2.137874e+06 8.039083e+01 -3.853261e-02 5.354797e+12 1.578727e-12 2.137874e+06 
d 7.927000e-10 1.041893e+00  4.976641e+05 8.013420e+01 -2.951574e-01 5.442880e+12 1.578727e-12 4.976641e+05 
d 7.927000e-10 1.043050e+00  4.456959e+04 7.972780e+01 -7.015567e-01 5.528207e+12 1.578727e-12 4.456959e+04 
d 7.927000e-10 1.044208e+00  1.957861e+03 7.917005e+01 -1.259314e+00 5.610858e+12 1.578727e-12 1.957861e+03 
d 7.927000e-10 1.045366e+00  3.702088e+02 7.845902e+01 -1.970342e+00 5.690908e+12 1.578727e-12 3.702088e+02 
d 7.927000e-10 1.046523e+00  2.459118e+02 7.759249e+01 -2.836866e+00 5.768420e+12 1.578727e-12 2.459118e+02 
d 7.927000e-10 1.047681e+00  1.824898e+02 7.656796e+01 -3.861399e+00 5.843449e+12 1.578727e-12 1.824898e+02 
d 7.927000e-10 1.048839e+00  1.410642e+02 7.538263e+01 -5.046731e+00 5.916045e+12 1.578727e-12 1.410642e+02 
d 7.927000e-10 1.049996e+00  1.124151e+02 7.403345e+01 -6.395909e+00 5.986250e+12 1.578727e-12 1.124151e+02 
d 7.927000e-10 1.051154e+00  9.174828e+01 7.251713e+01 -7.912231e+00 6.054099e+12 1.578727e-12 9.174828e+01 
d 7.927000e-10 1.052311e+00  7.633522e+01 7.083013e+01 -9.599229e+00 6.119623e+12 1.578727e-12 7.633522e+01 
d 7.927000e-10 1.053469e+00  6.452381e+01 6.896870e+01 -1.146066e+01 6.182848e+12 1.578727e-12 6.452381e+01 
d 7.927000e-10 1.054627e+00  5.526474e+01 6.692887e+01 -1.350049e+01 6.243795e+12 1.578727e-12 5.526474e+01 
d 7.927000e-10 1.055784e+00  4.786546e+01 6.470645e+01 -1.572291e+01 6.302482e+12 1.578727e-12 4.786546e+01 
d 7.927000e-10 1.056942e+00  4.185407e+01 6.229708e+01 -1.813228e+01 6.358920e+12 1.578727e-12 4.185407e+01 
d 7.927000e-10 1.058100e+00  3.690004e+01 5.969619e+01 -2.073317e+01 6.413121e+12 1.578727e-12 3.690004e+01 
d 7.927000e-10 1.059257e+00  3.276626e+01 5.689904e+01 -2.353032e+01 6.465089e+12 1.578727e-12 3.276626e+01 
d 7.927000e-10 1.060415e+00  2.927900e+01 5.390073e+01 -2.652863e+01 6.514828e+12 1.578727e-12 2.927900e+01 
d 7.927000e-10 1.061573e+00  2.630856e+01 5.069619e+01 -2.973317e+01 6.562339e+12 1.578727e-12 2.630856e+01 
d 7.927000e-10 1.062730e+00  2.375645e+01 4.728019e+01 -3.314917e+01 6.607619e+12 1.578727e-12 2.375645e+01 
d 7.927000e-10 1.063888e+00  2.154680e+01 4.364738e+01 -3.678198e+01 6.650663e+12 1.578727e-12 2.154680e+01 
d 7.927000e-10 1.065046e+00  1.962031e+01 3.979228e+01 -4.063708e+01 6.691464e+12 1.578727e-12 1.962031e+01 
d 7.927000e-10 1.066203e+00  1.793012e+01 3.570929e+01 -4.472007e+01 6.730013e+12 1.578727e-12 1.793012e+01 
d 7.927000e-10 1.067361e+00  1.643877e+01 3.139268e+01 -4.903668e+01 6.766300e+12 1.578727e-12 1.643877e+01 
d 7.927000e-10 1.068519e+00  1.511600e+01 2.683667e+01 -5.359268e+01 6.800312e+12 1.578727e-12 1.511600e+01 
d 7.927000e-10 1.069676e+00  1.393716e+01 2.203538e+01 -5.839398e+01 6.832034e+12 1.578727e-12 1.393716e+01 
d 7.927000e-10 1.070834e+00  1.288199e+01 1.698286e+01 -6.344650e+01 6.861451e+12 1.578727e-12 1.288199e+01 
d 7.927000e-10 1.071992e+00  1.193370e+01 1.167311e+01 -6.875625e+01 6.888546e+12 1.578727e-12 1.193370e+01 
d 7.927000e-10 1.073149e+00  1.107829e+01 6.100127e+00 -7.432923e+01 6.913303e+12 1.578727e-12 1.107829e+01 
d 7.927000e-10 1.074307e+00  1.030401e+01 2.578575e-01 -8.017150e+01 6.935701e+12 1.578727e-12 1.030401e+01 
d 7.927000e-10 1.075465e+00  9.600917e+00 -5.859728e+00 -8.628909e+01 6.955721e+12 1.578727e-12 9.600917e+00 
d 7.927000e-10 1.076622e+00  8.960576e+00 -1.225864e+01 -9.268800e+01 6.973345e+12 1.578727e-12 8.960576e+00 
d 7.927000e-10 1.077780e+00  8.375769e+00 -1.894485e+01 -9.937421e+01 6.988551e+12 1.578727e-12 8.375769e+00 
d 7.927000e-10 1.078938e+00  7.840301e+00 -2.592425e+01 -1.063536e+02 7.001320e+12 1.578727e-12 7.840301e+00 
d 7.927000e-10 1.080095e+00  7.348825e+00 -3.320267e+01 -1.136320e+02 7.011630e+12 1.578727e-12 7.348825e+00 
d 7.927000e-10 1.081253e+00  6.896709e+00 -4.078579e+01 -1.212151e+02 7.019462e+12 1.578727e-12 6.896709e+00 
d 7.927000e-10 1.082411e+00  6.479918e+00 -4.867919e+01 -1.291085e+02 7.024796e+12 1.578727e-12 6.479918e+00 
d 7.927000e-10 1.083568e+00  6.094928e+00 -5.688826e+01 -1.373176e+02 7.027612e+12 1.578727e-12 6.094928e+00 
d 7.927000e-10 1.084726e+00  5.738648e+00 -6.541822e+01 -1.458476e+02 7.027892e+12 1.578727e-12 5.738648e+00 
d 7.927000e-10 1.085884e+00  5.408358e+00 -7.427407e+01 -1.547034e+02 7.025618e+12 1.578727e-12 5.408358e+00 
d 7.927000e-10 1.087041e+00  5.101654e+00 -8.346056e+01 -1.638899e+02 7.020774e+12 1.578727e-12 5.101654e+00 
d 7.927000e-10 1.088199e+00  4.816406e+00 -9.298217e+01 -1.734115e+02 7.013345e+12 1.578727e-12 4.816406e+00 
d 7.927000e-10 1.089357e+00  4.550722e+00 -1.028431e+02 -1.832724e+02 7.003316e+12 1.578727e-12 4.550722e+00 
d 7.927000e-10 1.090514e+00  4.302916e+00 -1.130471e+02 -1.934765e+02 6.990677e+12 1.578727e-12 4.302916e+00 
d 7.927000e-10 1.091672e+00  4.071480e+00 -1.235978e+02 -2.040272e+02 6.975417e+12 1.578727e-12 4.071480e+00 
d 7.927000e-10 1.092830e+00  3.855062e+00 -1.344982e+02 -2.149276e+02 6.957528e+12 1.578727e-12 3.855062e+00 
d 7.927000e-10 1.093987e+00  3.652449e+00 -1.457511e+02 -2.261804e+02 6.937004e+12 1.578727e-12 3.652449e+00 
d 7.927000e-10 1.095145e+00  3.462547e+00 -1.573585e+02 -2.377879e+02 6.913844e+12 1.578727e-12 3.462547e+00 
d 7.927000e-10 1.096302e+00  3.284371e+00 -1.693223e+02 -2.497517e+02 6.888046e+12 1.578727e-12 3.284371e+00 
d 7.927000e-10 1.097460e+00  3.117028e+00 -1.816438e+02 -2.620732e+02 6.859613e+12 1.578727e-12 3.117028e+00 
