v ATLAS
# This file was created by ATLAS version 5.26.1.R on Tue Apr 17 04:30:22 2018.
#SSF 2.0 generic
##############################################################################
#                    Copyright (c) 1984 - 2018                               #
#                    Silvaco Inc. All rights reserved                        #
#                                                                            #
# This file format and the following Key are copyright Silvaco Inc.          #
# You may not use, this format or key without reproducing this message in    #
# full and obtaining express written permission from Silvaco Inc.            #
#                                                                            #
# To obtain such permission please contact: Silvaco Inc.                     #
#                                           support@silvaco.com              #
#                                                                            #
# KEY=SVC86hn7562asdx                       PROD=345                         #
##############################################################################
o 3002 Net gain, mode 1
o 3003 Photon lifetime (s)
p 8 61 2211 2001 2201 3000 2214 3001 2212
d 8.227000e-10 1.009478e+00  5.671764e+00 0.000000e+00 -8.042550e+01 3.830559e+12 1.578808e-12 5.671764e+00 
d 8.227000e-10 1.010636e+00  5.671764e+00 0.000000e+00 -8.042550e+01 3.830559e+12 1.578808e-12 5.671764e+00 
d 8.227000e-10 1.011793e+00  2.069331e+00 2.021920e+01 -6.020630e+01 1.046231e+12 1.578808e-12 2.069331e+00 
d 8.227000e-10 1.012951e+00  3.572357e+00 2.961149e+01 -5.081401e+01 1.524370e+12 1.578808e-12 3.572357e+00 
d 8.227000e-10 1.014109e+00  5.093121e+00 3.645416e+01 -4.397134e+01 1.880625e+12 1.578808e-12 5.093121e+00 
d 8.227000e-10 1.015266e+00  6.747424e+00 4.200791e+01 -3.841758e+01 2.176767e+12 1.578808e-12 6.747424e+00 
d 8.227000e-10 1.016424e+00  8.606446e+00 4.673069e+01 -3.369481e+01 2.435143e+12 1.578808e-12 8.606446e+00 
d 8.227000e-10 1.017582e+00  1.073878e+01 5.085091e+01 -2.957459e+01 2.666872e+12 1.578808e-12 1.073878e+01 
d 8.227000e-10 1.018739e+00  1.322356e+01 5.450192e+01 -2.592358e+01 2.878447e+12 1.578808e-12 1.322356e+01 
d 8.227000e-10 1.019897e+00  1.615960e+01 5.776941e+01 -2.265609e+01 3.074044e+12 1.578808e-12 1.615960e+01 
d 8.227000e-10 1.021055e+00  1.967576e+01 6.071210e+01 -1.971340e+01 3.256543e+12 1.578808e-12 1.967576e+01 
d 8.227000e-10 1.022212e+00  2.394510e+01 6.337211e+01 -1.705339e+01 3.428021e+12 1.578808e-12 2.394510e+01 
d 8.227000e-10 1.023370e+00  2.920607e+01 6.578067e+01 -1.464483e+01 3.590038e+12 1.578808e-12 2.920607e+01 
d 8.227000e-10 1.024528e+00  3.579585e+01 6.796154e+01 -1.246396e+01 3.743799e+12 1.578808e-12 3.579585e+01 
d 8.227000e-10 1.025685e+00  4.420463e+01 6.993313e+01 -1.049237e+01 3.890256e+12 1.578808e-12 4.420463e+01 
d 8.227000e-10 1.026843e+00  5.516796e+01 7.170987e+01 -8.715630e+00 4.030176e+12 1.578808e-12 5.516796e+01 
d 8.227000e-10 1.028001e+00  6.983072e+01 7.330319e+01 -7.122307e+00 4.164187e+12 1.578808e-12 6.983072e+01 
d 8.227000e-10 1.029158e+00  9.005390e+01 7.472219e+01 -5.703309e+00 4.292811e+12 1.578808e-12 9.005390e+01 
d 8.227000e-10 1.030316e+00  1.190270e+02 7.597409e+01 -4.451408e+00 4.416483e+12 1.578808e-12 1.190270e+02 
d 8.227000e-10 1.031474e+00  1.625970e+02 7.706462e+01 -3.360881e+00 4.535576e+12 1.578808e-12 1.625970e+02 
d 8.227000e-10 1.032631e+00  2.324932e+02 7.799825e+01 -2.427247e+00 4.650405e+12 1.578808e-12 2.324932e+02 
d 8.227000e-10 1.033789e+00  3.558866e+02 7.877843e+01 -1.647066e+00 4.761242e+12 1.578808e-12 3.558866e+02 
d 8.227000e-10 1.034947e+00  6.569109e+02 7.940772e+01 -1.017776e+00 4.868324e+12 1.578808e-12 6.569109e+02 
d 8.227000e-10 1.036104e+00  6.946821e+03 7.988793e+01 -5.375742e-01 4.971854e+12 1.578808e-12 6.946821e+03 
d 8.227000e-10 1.037262e+00  5.551591e+05 8.022018e+01 -2.053181e-01 5.072012e+12 1.578808e-12 5.551591e+05 
d 8.227000e-10 1.038420e+00  2.285318e+06 8.040505e+01 -2.044617e-02 5.168954e+12 1.578808e-12 2.285318e+06 
d 8.227000e-10 1.039577e+00  3.565183e+06 8.044259e+01 1.708585e-02 5.262817e+12 1.578808e-12 3.565183e+06 
d 8.227000e-10 1.040735e+00  2.105253e+06 8.033236e+01 -9.314321e-02 5.353723e+12 1.578808e-12 2.105253e+06 
d 8.227000e-10 1.041893e+00  4.658629e+05 8.007352e+01 -3.519767e-01 5.441778e+12 1.578808e-12 4.658629e+05 
d 8.227000e-10 1.043050e+00  3.863649e+04 7.966485e+01 -7.606446e-01 5.527076e+12 1.578808e-12 3.863649e+04 
d 8.227000e-10 1.044208e+00  1.633752e+03 7.910477e+01 -1.320733e+00 5.609700e+12 1.578808e-12 1.633752e+03 
d 8.227000e-10 1.045366e+00  3.590997e+02 7.839134e+01 -2.034159e+00 5.689722e+12 1.578808e-12 3.590997e+02 
d 8.227000e-10 1.046523e+00  2.425088e+02 7.752235e+01 -2.903150e+00 5.767206e+12 1.578808e-12 2.425088e+02 
d 8.227000e-10 1.047681e+00  1.800076e+02 7.649528e+01 -3.930222e+00 5.842208e+12 1.578808e-12 1.800076e+02 
d 8.227000e-10 1.048839e+00  1.392101e+02 7.530733e+01 -5.118168e+00 5.914776e+12 1.578808e-12 1.392101e+02 
d 8.227000e-10 1.049996e+00  1.110277e+02 7.395546e+01 -6.470039e+00 5.984953e+12 1.578808e-12 1.110277e+02 
d 8.227000e-10 1.051154e+00  9.071010e+01 7.243636e+01 -7.989135e+00 6.052774e+12 1.578808e-12 9.071010e+01 
d 8.227000e-10 1.052311e+00  7.555587e+01 7.074651e+01 -9.678990e+00 6.118271e+12 1.578808e-12 7.555587e+01 
d 8.227000e-10 1.053469e+00  6.393451e+01 6.888213e+01 -1.154336e+01 6.181469e+12 1.578808e-12 6.393451e+01 
d 8.227000e-10 1.054627e+00  5.481444e+01 6.683927e+01 -1.358623e+01 6.242388e+12 1.578808e-12 5.481444e+01 
d 8.227000e-10 1.055784e+00  4.751705e+01 6.461372e+01 -1.581178e+01 6.301047e+12 1.578808e-12 4.751705e+01 
d 8.227000e-10 1.056942e+00  4.158085e+01 6.220113e+01 -1.822437e+01 6.357458e+12 1.578808e-12 4.158085e+01 
d 8.227000e-10 1.058100e+00  3.668289e+01 5.959692e+01 -2.082858e+01 6.411631e+12 1.578808e-12 3.668289e+01 
d 8.227000e-10 1.059257e+00  3.259141e+01 5.679636e+01 -2.362914e+01 6.463571e+12 1.578808e-12 3.259141e+01 
d 8.227000e-10 1.060415e+00  2.913647e+01 5.379452e+01 -2.663098e+01 6.513283e+12 1.578808e-12 2.913647e+01 
d 8.227000e-10 1.061573e+00  2.619103e+01 5.058635e+01 -2.983915e+01 6.560766e+12 1.578808e-12 2.619103e+01 
d 8.227000e-10 1.062730e+00  2.365850e+01 4.716662e+01 -3.325887e+01 6.606017e+12 1.578808e-12 2.365850e+01 
d 8.227000e-10 1.063888e+00  2.146436e+01 4.352998e+01 -3.689552e+01 6.649033e+12 1.578808e-12 2.146436e+01 
d 8.227000e-10 1.065046e+00  1.955031e+01 3.967093e+01 -4.075457e+01 6.689806e+12 1.578808e-12 1.955031e+01 
d 8.227000e-10 1.066203e+00  1.787020e+01 3.558387e+01 -4.484163e+01 6.728327e+12 1.578808e-12 1.787020e+01 
d 8.227000e-10 1.067361e+00  1.638708e+01 3.126310e+01 -4.916240e+01 6.764586e+12 1.578808e-12 1.638708e+01 
d 8.227000e-10 1.068519e+00  1.507112e+01 2.670280e+01 -5.372270e+01 6.798569e+12 1.578808e-12 1.507112e+01 
d 8.227000e-10 1.069676e+00  1.389793e+01 2.189711e+01 -5.852839e+01 6.830262e+12 1.578808e-12 1.389793e+01 
d 8.227000e-10 1.070834e+00  1.284751e+01 1.684007e+01 -6.358543e+01 6.859650e+12 1.578808e-12 1.284751e+01 
d 8.227000e-10 1.071992e+00  1.190323e+01 1.152570e+01 -6.889980e+01 6.886717e+12 1.578808e-12 1.190323e+01 
d 8.227000e-10 1.073149e+00  1.105123e+01 5.947968e+00 -7.447753e+01 6.911444e+12 1.578808e-12 1.105123e+01 
d 8.227000e-10 1.074307e+00  1.027987e+01 1.008405e-01 -8.032466e+01 6.933813e+12 1.578808e-12 1.027987e+01 
d 8.227000e-10 1.075465e+00  9.579296e+00 -6.021716e+00 -8.644722e+01 6.953805e+12 1.578808e-12 9.579296e+00 
d 8.227000e-10 1.076622e+00  8.941134e+00 -1.242571e+01 -9.285121e+01 6.971399e+12 1.578808e-12 8.941134e+00 
d 8.227000e-10 1.077780e+00  8.358224e+00 -1.911711e+01 -9.954261e+01 6.986576e+12 1.578808e-12 8.358224e+00 
d 8.227000e-10 1.078938e+00  7.824415e+00 -2.610182e+01 -1.065273e+02 6.999315e+12 1.578808e-12 7.824415e+00 
d 8.227000e-10 1.080095e+00  7.334397e+00 -3.338564e+01 -1.138111e+02 7.009597e+12 1.578808e-12 7.334397e+00 
d 8.227000e-10 1.081253e+00  6.883566e+00 -4.097427e+01 -1.213998e+02 7.017399e+12 1.578808e-12 6.883566e+00 
d 8.227000e-10 1.082411e+00  6.467915e+00 -4.887328e+01 -1.292988e+02 7.022704e+12 1.578808e-12 6.467915e+00 
d 8.227000e-10 1.083568e+00  6.083938e+00 -5.708805e+01 -1.375136e+02 7.025491e+12 1.578808e-12 6.083938e+00 
d 8.227000e-10 1.084726e+00  5.728563e+00 -6.562381e+01 -1.460493e+02 7.025742e+12 1.578808e-12 5.728563e+00 
d 8.227000e-10 1.085884e+00  5.399082e+00 -7.448554e+01 -1.549110e+02 7.023439e+12 1.578808e-12 5.399082e+00 
d 8.227000e-10 1.087041e+00  5.093105e+00 -8.367798e+01 -1.641035e+02 7.018566e+12 1.578808e-12 5.093105e+00 
d 8.227000e-10 1.088199e+00  4.808512e+00 -9.320562e+01 -1.736311e+02 7.011109e+12 1.578808e-12 4.808512e+00 
d 8.227000e-10 1.089357e+00  4.543420e+00 -1.030726e+02 -1.834981e+02 7.001052e+12 1.578808e-12 4.543420e+00 
d 8.227000e-10 1.090514e+00  4.296149e+00 -1.132828e+02 -1.937083e+02 6.988385e+12 1.578808e-12 4.296149e+00 
d 8.227000e-10 1.091672e+00  4.065199e+00 -1.238397e+02 -2.042652e+02 6.973097e+12 1.578808e-12 4.065199e+00 
d 8.227000e-10 1.092830e+00  3.849224e+00 -1.347464e+02 -2.151719e+02 6.955180e+12 1.578808e-12 3.849224e+00 
d 8.227000e-10 1.093987e+00  3.647015e+00 -1.460055e+02 -2.264310e+02 6.934630e+12 1.578808e-12 3.647015e+00 
d 8.227000e-10 1.095145e+00  3.457483e+00 -1.576193e+02 -2.380448e+02 6.911443e+12 1.578808e-12 3.457483e+00 
d 8.227000e-10 1.096302e+00  3.279645e+00 -1.695894e+02 -2.500149e+02 6.885619e+12 1.578808e-12 3.279645e+00 
d 8.227000e-10 1.097460e+00  3.112612e+00 -1.819172e+02 -2.623427e+02 6.857161e+12 1.578808e-12 3.112612e+00 
