v ATLAS
# This file was created by ATLAS version 5.26.1.R on Tue Apr 17 04:27:47 2018.
#SSF 2.0 generic
##############################################################################
#                    Copyright (c) 1984 - 2018                               #
#                    Silvaco Inc. All rights reserved                        #
#                                                                            #
# This file format and the following Key are copyright Silvaco Inc.          #
# You may not use, this format or key without reproducing this message in    #
# full and obtaining express written permission from Silvaco Inc.            #
#                                                                            #
# To obtain such permission please contact: Silvaco Inc.                     #
#                                           support@silvaco.com              #
#                                                                            #
# KEY=SVC86hn7562asdx                       PROD=345                         #
##############################################################################
o 3002 Net gain, mode 1
o 3003 Photon lifetime (s)
p 8 61 2211 2001 2201 3000 2214 3001 2212
d 6.227000e-10 1.009478e+00  5.677225e+00 0.000000e+00 -8.044024e+01 3.834837e+12 1.578500e-12 5.677225e+00 
d 6.227000e-10 1.010636e+00  5.677225e+00 0.000000e+00 -8.044024e+01 3.834837e+12 1.578500e-12 5.677225e+00 
d 6.227000e-10 1.011793e+00  2.068221e+00 2.024844e+01 -6.019179e+01 1.045393e+12 1.578500e-12 2.068221e+00 
d 6.227000e-10 1.012951e+00  3.573419e+00 2.965506e+01 -5.078517e+01 1.523898e+12 1.578500e-12 3.573419e+00 
d 6.227000e-10 1.014109e+00  5.097495e+00 3.650879e+01 -4.393145e+01 1.880428e+12 1.578500e-12 5.097495e+00 
d 6.227000e-10 1.015266e+00  6.756713e+00 4.207205e+01 -3.836819e+01 2.176802e+12 1.578500e-12 6.756713e+00 
d 6.227000e-10 1.016424e+00  8.622932e+00 4.680342e+01 -3.363682e+01 2.435380e+12 1.578500e-12 8.622932e+00 
d 6.227000e-10 1.017582e+00  1.076574e+01 5.093164e+01 -2.950859e+01 2.667294e+12 1.578500e-12 1.076574e+01 
d 6.227000e-10 1.018739e+00  1.326571e+01 5.459026e+01 -2.584998e+01 2.879037e+12 1.578500e-12 1.326571e+01 
d 6.227000e-10 1.019897e+00  1.622385e+01 5.786506e+01 -2.257517e+01 3.074794e+12 1.578500e-12 1.622385e+01 
d 6.227000e-10 1.021055e+00  1.977224e+01 6.081487e+01 -1.962537e+01 3.257441e+12 1.578500e-12 1.977224e+01 
d 6.227000e-10 1.022212e+00  2.408876e+01 6.348185e+01 -1.695839e+01 3.429061e+12 1.578500e-12 2.408876e+01 
d 6.227000e-10 1.023370e+00  2.941913e+01 6.589730e+01 -1.454294e+01 3.591215e+12 1.578500e-12 2.941913e+01 
d 6.227000e-10 1.024528e+00  3.611123e+01 6.808501e+01 -1.235523e+01 3.745106e+12 1.578500e-12 3.611123e+01 
d 6.227000e-10 1.025685e+00  4.467091e+01 7.006342e+01 -1.037682e+01 3.891689e+12 1.578500e-12 4.467091e+01 
d 6.227000e-10 1.026843e+00  5.585600e+01 7.184699e+01 -8.593251e+00 4.031731e+12 1.578500e-12 5.585600e+01 
d 6.227000e-10 1.028001e+00  7.084247e+01 7.344717e+01 -6.993064e+00 4.165861e+12 1.578500e-12 7.084247e+01 
d 6.227000e-10 1.029158e+00  9.153596e+01 7.487309e+01 -5.567145e+00 4.294599e+12 1.578500e-12 9.153596e+01 
d 6.227000e-10 1.030316e+00  1.211999e+02 7.613199e+01 -4.308248e+00 4.418384e+12 1.578500e-12 1.211999e+02 
d 6.227000e-10 1.031474e+00  1.658421e+02 7.722961e+01 -3.210630e+00 4.537587e+12 1.578500e-12 1.658421e+02 
d 6.227000e-10 1.032631e+00  2.376968e+02 7.817044e+01 -2.269797e+00 4.652524e+12 1.578500e-12 2.376968e+02 
d 6.227000e-10 1.033789e+00  3.682299e+02 7.895795e+01 -1.482289e+00 4.763468e+12 1.578500e-12 3.682299e+02 
d 6.227000e-10 1.034947e+00  8.072607e+02 7.959471e+01 -8.455304e-01 4.870654e+12 1.578500e-12 8.072607e+02 
d 6.227000e-10 1.036104e+00  1.209837e+04 8.008253e+01 -3.577052e-01 4.974288e+12 1.578500e-12 1.209837e+04 
d 6.227000e-10 1.037262e+00  6.794441e+05 8.042258e+01 -1.765629e-02 5.074547e+12 1.578500e-12 6.794441e+05 
d 6.227000e-10 1.038420e+00  2.187751e+06 8.061543e+01 1.751914e-01 5.171590e+12 1.578500e-12 2.187751e+06 
d 6.227000e-10 1.039577e+00  3.238553e+06 8.066113e+01 2.208952e-01 5.265553e+12 1.578500e-12 3.238553e+06 
d 6.227000e-10 1.040735e+00  2.205167e+06 8.055928e+01 1.190468e-01 5.356558e+12 1.578500e-12 2.205167e+06 
d 6.227000e-10 1.041893e+00  6.828855e+05 8.030905e+01 -1.311846e-01 5.444711e+12 1.578500e-12 6.828855e+05 
d 6.227000e-10 1.043050e+00  9.490048e+04 7.990922e+01 -5.310162e-01 5.530106e+12 1.578500e-12 9.490048e+04 
d 6.227000e-10 1.044208e+00  6.157171e+03 7.935821e+01 -1.082022e+00 5.612827e+12 1.578500e-12 6.157171e+03 
d 6.227000e-10 1.045366e+00  5.257524e+02 7.865413e+01 -1.786107e+00 5.692945e+12 1.578500e-12 5.257524e+02 
d 6.227000e-10 1.046523e+00  2.528482e+02 7.779475e+01 -2.645487e+00 5.770525e+12 1.578500e-12 2.528482e+02 
d 6.227000e-10 1.047681e+00  1.864179e+02 7.677757e+01 -3.662666e+00 5.845622e+12 1.578500e-12 1.864179e+02 
d 6.227000e-10 1.048839e+00  1.441073e+02 7.559981e+01 -4.840424e+00 5.918286e+12 1.578500e-12 1.441073e+02 
d 6.227000e-10 1.049996e+00  1.148162e+02 7.425843e+01 -6.181803e+00 5.988558e+12 1.578500e-12 1.148162e+02 
d 6.227000e-10 1.051154e+00  9.364586e+01 7.275015e+01 -7.690089e+00 6.056474e+12 1.578500e-12 9.364586e+01 
d 6.227000e-10 1.052311e+00  7.783421e+01 7.107143e+01 -9.368807e+00 6.122066e+12 1.578500e-12 7.783421e+01 
d 6.227000e-10 1.053469e+00  6.571007e+01 6.921853e+01 -1.122170e+01 6.185358e+12 1.578500e-12 6.571007e+01 
d 6.227000e-10 1.054627e+00  5.620799e+01 6.718749e+01 -1.325275e+01 6.246373e+12 1.578500e-12 5.620799e+01 
d 6.227000e-10 1.055784e+00  4.862082e+01 6.497413e+01 -1.546610e+01 6.305127e+12 1.578500e-12 4.862082e+01 
d 6.227000e-10 1.056942e+00  4.246415e+01 6.257409e+01 -1.786614e+01 6.361633e+12 1.578500e-12 4.246415e+01 
d 6.227000e-10 1.058100e+00  3.739736e+01 5.998282e+01 -2.045742e+01 6.415902e+12 1.578500e-12 3.739736e+01 
d 6.227000e-10 1.059257e+00  3.317551e+01 5.719558e+01 -2.324466e+01 6.467938e+12 1.578500e-12 3.317551e+01 
d 6.227000e-10 1.060415e+00  2.961890e+01 5.420747e+01 -2.623277e+01 6.517746e+12 1.578500e-12 2.961890e+01 
d 6.227000e-10 1.061573e+00  2.659337e+01 5.101342e+01 -2.942682e+01 6.565325e+12 1.578500e-12 2.659337e+01 
d 6.227000e-10 1.062730e+00  2.399711e+01 4.760823e+01 -3.283200e+01 6.610673e+12 1.578500e-12 2.399711e+01 
d 6.227000e-10 1.063888e+00  2.175175e+01 4.398655e+01 -3.645369e+01 6.653786e+12 1.578500e-12 2.175175e+01 
d 6.227000e-10 1.065046e+00  1.979613e+01 4.014288e+01 -4.029735e+01 6.694656e+12 1.578500e-12 1.979613e+01 
d 6.227000e-10 1.066203e+00  1.808198e+01 3.607165e+01 -4.436859e+01 6.733275e+12 1.578500e-12 1.808198e+01 
d 6.227000e-10 1.067361e+00  1.657077e+01 3.176712e+01 -4.867311e+01 6.769632e+12 1.578500e-12 1.657077e+01 
d 6.227000e-10 1.068519e+00  1.523140e+01 2.722352e+01 -5.321671e+01 6.803713e+12 1.578500e-12 1.523140e+01 
d 6.227000e-10 1.069676e+00  1.403859e+01 2.243497e+01 -5.800527e+01 6.835505e+12 1.578500e-12 1.403859e+01 
d 6.227000e-10 1.070834e+00  1.297158e+01 1.739551e+01 -6.304472e+01 6.864993e+12 1.578500e-12 1.297158e+01 
d 6.227000e-10 1.071992e+00  1.201321e+01 1.209917e+01 -6.834107e+01 6.892159e+12 1.578500e-12 1.201321e+01 
d 6.227000e-10 1.073149e+00  1.114915e+01 6.539906e+00 -7.390033e+01 6.916986e+12 1.578500e-12 1.114915e+01 
d 6.227000e-10 1.074307e+00  1.036742e+01 7.116910e-01 -7.972855e+01 6.939455e+12 1.578500e-12 1.036742e+01 
d 6.227000e-10 1.075465e+00  9.657867e+00 -5.391516e+00 -8.583175e+01 6.959547e+12 1.578500e-12 9.657867e+00 
d 6.227000e-10 1.076622e+00  9.011900e+00 -1.177573e+01 -9.221597e+01 6.977242e+12 1.578500e-12 9.011900e+00 
d 6.227000e-10 1.077780e+00  8.422172e+00 -1.844692e+01 -9.888716e+01 6.992519e+12 1.578500e-12 8.422172e+00 
d 6.227000e-10 1.078938e+00  7.882380e+00 -2.541100e+01 -1.058512e+02 7.005359e+12 1.578500e-12 7.882380e+00 
d 6.227000e-10 1.080095e+00  7.387091e+00 -3.267379e+01 -1.131140e+02 7.015740e+12 1.578500e-12 7.387091e+00 
d 6.227000e-10 1.081253e+00  6.931596e+00 -4.024099e+01 -1.206812e+02 7.023643e+12 1.578500e-12 6.931596e+00 
d 6.227000e-10 1.082411e+00  6.511803e+00 -4.811819e+01 -1.285584e+02 7.029048e+12 1.578500e-12 6.511803e+00 
d 6.227000e-10 1.083568e+00  6.124137e+00 -5.631079e+01 -1.367510e+02 7.031934e+12 1.578500e-12 6.124137e+00 
d 6.227000e-10 1.084726e+00  5.765463e+00 -6.482403e+01 -1.452643e+02 7.032285e+12 1.578500e-12 5.765463e+00 
d 6.227000e-10 1.085884e+00  5.433023e+00 -7.366292e+01 -1.541032e+02 7.030081e+12 1.578500e-12 5.433023e+00 
d 6.227000e-10 1.087041e+00  5.124385e+00 -8.283221e+01 -1.632725e+02 7.025306e+12 1.578500e-12 5.124385e+00 
d 6.227000e-10 1.088199e+00  4.837392e+00 -9.233643e+01 -1.727767e+02 7.017946e+12 1.578500e-12 4.837392e+00 
d 6.227000e-10 1.089357e+00  4.570129e+00 -1.021798e+02 -1.826200e+02 7.007986e+12 1.578500e-12 4.570129e+00 
d 6.227000e-10 1.090514e+00  4.320890e+00 -1.123661e+02 -1.928063e+02 6.995414e+12 1.578500e-12 4.320890e+00 
d 6.227000e-10 1.091672e+00  4.088151e+00 -1.228989e+02 -2.033391e+02 6.980220e+12 1.578500e-12 4.088151e+00 
d 6.227000e-10 1.092830e+00  3.870547e+00 -1.337813e+02 -2.142215e+02 6.962396e+12 1.578500e-12 3.870547e+00 
d 6.227000e-10 1.093987e+00  3.666850e+00 -1.450160e+02 -2.254562e+02 6.941937e+12 1.578500e-12 3.666850e+00 
d 6.227000e-10 1.095145e+00  3.475958e+00 -1.566053e+02 -2.370455e+02 6.918839e+12 1.578500e-12 3.475958e+00 
d 6.227000e-10 1.096302e+00  3.296873e+00 -1.685510e+02 -2.489912e+02 6.893103e+12 1.578500e-12 3.296873e+00 
d 6.227000e-10 1.097460e+00  3.128695e+00 -1.808542e+02 -2.612945e+02 6.864730e+12 1.578500e-12 3.128695e+00 
