v ATLAS
# This file was created by ATLAS version 5.26.1.R on Tue Apr 17 04:15:20 2018.
#SSF 2.0 generic
##############################################################################
#                    Copyright (c) 1984 - 2018                               #
#                    Silvaco Inc. All rights reserved                        #
#                                                                            #
# This file format and the following Key are copyright Silvaco Inc.          #
# You may not use, this format or key without reproducing this message in    #
# full and obtaining express written permission from Silvaco Inc.            #
#                                                                            #
# To obtain such permission please contact: Silvaco Inc.                     #
#                                           support@silvaco.com              #
#                                                                            #
# KEY=SVC86hn7562asdx                       PROD=345                         #
##############################################################################
y 1 15
z 300
f 2 "cathode" "anode" 
o 1 Front facet reflectivity (%)
o 2 Rear facet reflectivity (%)
o 3 Mirror loss (/cm)
o 4 Total power emitted
p 15 2 601 20 3 602 21 87 2001 2201 2101 3000 3001 3002 2212 3003 
d 0.000000000e+00 0.000000000e+00 -7.926730976e-06 1.050000000e+00 1.050000000e+00 7.926730976e-06 1.2226 1.122681514e+02 4.216499257e+00 3.928601693e-09 9.500000000e+01 9.500000000e+01 3.419552959e+00 1.122681514e+02 3.928601693e-09 
d 0.000000000e+00 0.000000000e+00 -1.741555089e-05 1.100000000e+00 1.100000000e+00 1.741555089e-05 1.20472 5.316427071e+02 4.787337800e+01 1.887986756e-08 9.500000000e+01 9.500000000e+01 3.419552959e+00 5.316427071e+02 1.887986756e-08 
d 0.000000000e+00 0.000000000e+00 -4.007677551e-05 1.150000000e+00 1.150000000e+00 4.007677551e-05 1.19265 9.306040508e+05 8.184091426e+01 3.338247997e-05 9.500000000e+01 9.500000000e+01 3.419552959e+00 9.306040508e+05 3.338247997e-05 
d 0.000000000e+00 0.000000000e+00 -4.940394150e-05 1.162500000e+00 1.162500000e+00 4.940394150e-05 1.19265 1.532174698e+06 8.128521673e+01 5.496192619e-05 9.500000000e+01 9.500000000e+01 3.419552959e+00 1.532174698e+06 5.496192619e-05 
d 0.000000000e+00 0.000000000e+00 -5.972266492e-05 1.175000000e+00 1.175000000e+00 5.972266492e-05 1.19265 2.165058582e+06 8.071644414e+01 7.766463587e-05 9.500000000e+01 9.500000000e+01 3.419552959e+00 2.165058582e+06 7.766463587e-05 
d 0.000000000e+00 0.000000000e+00 -7.108718647e-05 1.187500000e+00 1.187500000e+00 7.108718647e-05 1.19265 2.819115907e+06 8.088956550e+01 1.011268758e-04 9.500000000e+01 9.500000000e+01 3.419552959e+00 2.819115907e+06 1.011268758e-04 
d 0.000000000e+00 0.000000000e+00 -8.380855870e-05 1.200000000e+00 1.200000000e+00 8.380855870e-05 1.19265 3.486693508e+06 8.102011075e+01 1.250741130e-04 9.500000000e+01 9.500000000e+01 3.419552959e+00 3.486693508e+06 1.250741130e-04 
