v ATLAS
# This file was created by ATLAS version 5.26.1.R on Tue Apr 17 04:27:30 2018.
#SSF 2.0 generic
##############################################################################
#                    Copyright (c) 1984 - 2018                               #
#                    Silvaco Inc. All rights reserved                        #
#                                                                            #
# This file format and the following Key are copyright Silvaco Inc.          #
# You may not use, this format or key without reproducing this message in    #
# full and obtaining express written permission from Silvaco Inc.            #
#                                                                            #
# To obtain such permission please contact: Silvaco Inc.                     #
#                                           support@silvaco.com              #
#                                                                            #
# KEY=SVC86hn7562asdx                       PROD=345                         #
##############################################################################
o 3002 Net gain, mode 1
o 3003 Photon lifetime (s)
p 8 61 2211 2001 2201 3000 2214 3001 2212
d 6.027000e-10 1.009478e+00  5.677490e+00 0.000000e+00 -8.044292e+01 3.835431e+12 1.578444e-12 5.677490e+00 
d 6.027000e-10 1.010636e+00  5.677490e+00 0.000000e+00 -8.044292e+01 3.835431e+12 1.578444e-12 5.677490e+00 
d 6.027000e-10 1.011793e+00  2.068005e+00 2.025379e+01 -6.018913e+01 1.045310e+12 1.578444e-12 2.068005e+00 
d 6.027000e-10 1.012951e+00  3.573325e+00 2.966303e+01 -5.077989e+01 1.523866e+12 1.578444e-12 3.573325e+00 
d 6.027000e-10 1.014109e+00  5.097550e+00 3.651878e+01 -4.392414e+01 1.880435e+12 1.578444e-12 5.097550e+00 
d 6.027000e-10 1.015266e+00  6.756917e+00 4.208377e+01 -3.835914e+01 2.176840e+12 1.578444e-12 6.756917e+00 
d 6.027000e-10 1.016424e+00  8.623228e+00 4.681673e+01 -3.362619e+01 2.435447e+12 1.578444e-12 8.623228e+00 
d 6.027000e-10 1.017582e+00  1.076595e+01 5.094642e+01 -2.949650e+01 2.667385e+12 1.578444e-12 1.076595e+01 
d 6.027000e-10 1.018739e+00  1.326546e+01 5.460642e+01 -2.583649e+01 2.879153e+12 1.578444e-12 1.326546e+01 
d 6.027000e-10 1.019897e+00  1.622231e+01 5.788257e+01 -2.256034e+01 3.074931e+12 1.578444e-12 1.622231e+01 
d 6.027000e-10 1.021055e+00  1.976780e+01 6.083368e+01 -1.960923e+01 3.257599e+12 1.578444e-12 1.976780e+01 
d 6.027000e-10 1.022212e+00  2.407835e+01 6.350195e+01 -1.694097e+01 3.429239e+12 1.578444e-12 2.407835e+01 
d 6.027000e-10 1.023370e+00  2.939691e+01 6.591866e+01 -1.452425e+01 3.591411e+12 1.578444e-12 2.939691e+01 
d 6.027000e-10 1.024528e+00  3.606636e+01 6.810763e+01 -1.233529e+01 3.745321e+12 1.578444e-12 3.606636e+01 
d 6.027000e-10 1.025685e+00  4.458354e+01 7.008729e+01 -1.035563e+01 3.891921e+12 1.578444e-12 4.458354e+01 
d 6.027000e-10 1.026843e+00  5.569047e+01 7.187211e+01 -8.570801e+00 4.031980e+12 1.578444e-12 5.569047e+01 
d 6.027000e-10 1.028001e+00  7.053650e+01 7.347357e+01 -6.969350e+00 4.166126e+12 1.578444e-12 7.053650e+01 
d 6.027000e-10 1.029158e+00  9.098447e+01 7.490076e+01 -5.542157e+00 4.294880e+12 1.578444e-12 9.098447e+01 
d 6.027000e-10 1.030316e+00  1.202318e+02 7.616095e+01 -4.281970e+00 4.418681e+12 1.578444e-12 1.202318e+02 
d 6.027000e-10 1.031474e+00  1.641841e+02 7.725987e+01 -3.183047e+00 4.537899e+12 1.578444e-12 1.641841e+02 
d 6.027000e-10 1.032631e+00  2.349198e+02 7.820203e+01 -2.240886e+00 4.652852e+12 1.578444e-12 2.349198e+02 
d 6.027000e-10 1.033789e+00  3.641948e+02 7.899089e+01 -1.452027e+00 4.763810e+12 1.578444e-12 3.641948e+02 
d 6.027000e-10 1.034947e+00  8.191958e+02 7.962902e+01 -8.138912e-01 4.871011e+12 1.578444e-12 8.191958e+02 
d 6.027000e-10 1.036104e+00  1.256629e+04 8.011826e+01 -3.246596e-01 4.974658e+12 1.578444e-12 1.256629e+04 
d 6.027000e-10 1.037262e+00  6.789817e+05 8.045974e+01 1.682743e-02 5.074932e+12 1.578444e-12 6.789817e+05 
d 6.027000e-10 1.038420e+00  2.131051e+06 8.065406e+01 2.111473e-01 5.171989e+12 1.578444e-12 2.131051e+06 
d 6.027000e-10 1.039577e+00  3.135163e+06 8.070128e+01 2.583597e-01 5.265966e+12 1.578444e-12 3.135163e+06 
d 6.027000e-10 1.040735e+00  2.163515e+06 8.060097e+01 1.580587e-01 5.356984e+12 1.578444e-12 2.163515e+06 
d 6.027000e-10 1.041893e+00  6.923554e+05 8.035233e+01 -9.058396e-02 5.445151e+12 1.578444e-12 6.923554e+05 
d 6.027000e-10 1.043050e+00  1.012992e+05 7.995413e+01 -4.887835e-01 5.530560e+12 1.578444e-12 1.012992e+05 
d 6.027000e-10 1.044208e+00  6.969845e+03 7.940480e+01 -1.038112e+00 5.613294e+12 1.578444e-12 6.969845e+03 
d 6.027000e-10 1.045366e+00  5.614206e+02 7.870244e+01 -1.740471e+00 5.693425e+12 1.578444e-12 5.614206e+02 
d 6.027000e-10 1.046523e+00  2.489924e+02 7.784484e+01 -2.598075e+00 5.771018e+12 1.578444e-12 2.489924e+02 
d 6.027000e-10 1.047681e+00  1.834286e+02 7.682949e+01 -3.613425e+00 5.846129e+12 1.578444e-12 1.834286e+02 
d 6.027000e-10 1.048839e+00  1.421639e+02 7.565361e+01 -4.789301e+00 5.918806e+12 1.578444e-12 1.421639e+02 
d 6.027000e-10 1.049996e+00  1.135867e+02 7.431417e+01 -6.128741e+00 5.989091e+12 1.578444e-12 1.135867e+02 
d 6.027000e-10 1.051154e+00  9.288736e+01 7.280789e+01 -7.635029e+00 6.057021e+12 1.578444e-12 9.288736e+01 
d 6.027000e-10 1.052311e+00  7.737747e+01 7.113123e+01 -9.311688e+00 6.122626e+12 1.578444e-12 7.737747e+01 
d 6.027000e-10 1.053469e+00  6.544233e+01 6.928045e+01 -1.116247e+01 6.185931e+12 1.578444e-12 6.544233e+01 
d 6.027000e-10 1.054627e+00  5.605675e+01 6.725159e+01 -1.319132e+01 6.246959e+12 1.578444e-12 5.605675e+01 
d 6.027000e-10 1.055784e+00  4.854063e+01 6.504049e+01 -1.540243e+01 6.305727e+12 1.578444e-12 4.854063e+01 
d 6.027000e-10 1.056942e+00  4.242689e+01 6.264277e+01 -1.780015e+01 6.362246e+12 1.578444e-12 4.242689e+01 
d 6.027000e-10 1.058100e+00  3.738576e+01 6.005389e+01 -2.038903e+01 6.416528e+12 1.578444e-12 3.738576e+01 
d 6.027000e-10 1.059257e+00  3.317897e+01 5.726911e+01 -2.317381e+01 6.468578e+12 1.578444e-12 3.317897e+01 
d 6.027000e-10 1.060415e+00  2.963092e+01 5.428353e+01 -2.615939e+01 6.518399e+12 1.578444e-12 2.963092e+01 
d 6.027000e-10 1.061573e+00  2.660998e+01 5.109209e+01 -2.935082e+01 6.565991e+12 1.578444e-12 2.660998e+01 
d 6.027000e-10 1.062730e+00  2.401587e+01 4.768959e+01 -3.275332e+01 6.611353e+12 1.578444e-12 2.401587e+01 
d 6.027000e-10 1.063888e+00  2.177120e+01 4.407067e+01 -3.637225e+01 6.654479e+12 1.578444e-12 2.177120e+01 
d 6.027000e-10 1.065046e+00  1.981539e+01 4.022985e+01 -4.021307e+01 6.695363e+12 1.578444e-12 1.981539e+01 
d 6.027000e-10 1.066203e+00  1.810056e+01 3.616153e+01 -4.428139e+01 6.733996e+12 1.578444e-12 1.810056e+01 
d 6.027000e-10 1.067361e+00  1.658838e+01 3.186001e+01 -4.858290e+01 6.770366e+12 1.578444e-12 1.658838e+01 
d 6.027000e-10 1.068519e+00  1.524793e+01 2.731949e+01 -5.312342e+01 6.804461e+12 1.578444e-12 1.524793e+01 
d 6.027000e-10 1.069676e+00  1.405399e+01 2.253410e+01 -5.790882e+01 6.836267e+12 1.578444e-12 1.405399e+01 
d 6.027000e-10 1.070834e+00  1.298587e+01 1.749789e+01 -6.294503e+01 6.865768e+12 1.578444e-12 1.298587e+01 
d 6.027000e-10 1.071992e+00  1.202642e+01 1.220487e+01 -6.823805e+01 6.892948e+12 1.578444e-12 1.202642e+01 
d 6.027000e-10 1.073149e+00  1.116136e+01 6.649013e+00 -7.379390e+01 6.917788e+12 1.578444e-12 1.116136e+01 
d 6.027000e-10 1.074307e+00  1.037868e+01 8.242847e-01 -7.961863e+01 6.940271e+12 1.578444e-12 1.037868e+01 
d 6.027000e-10 1.075465e+00  9.668254e+00 -5.275355e+00 -8.571827e+01 6.960377e+12 1.578444e-12 9.668254e+00 
d 6.027000e-10 1.076622e+00  9.021482e+00 -1.165592e+01 -9.209884e+01 6.978085e+12 1.578444e-12 9.021482e+00 
d 6.027000e-10 1.077780e+00  8.431014e+00 -1.832339e+01 -9.876631e+01 6.993377e+12 1.578444e-12 8.431014e+00 
d 6.027000e-10 1.078938e+00  7.890545e+00 -2.528367e+01 -1.057266e+02 7.006230e+12 1.578444e-12 7.890545e+00 
d 6.027000e-10 1.080095e+00  7.394635e+00 -3.254259e+01 -1.129855e+02 7.016625e+12 1.578444e-12 7.394635e+00 
d 6.027000e-10 1.081253e+00  6.938573e+00 -4.010585e+01 -1.205488e+02 7.024542e+12 1.578444e-12 6.938573e+00 
d 6.027000e-10 1.082411e+00  6.518261e+00 -4.797904e+01 -1.284220e+02 7.029960e+12 1.578444e-12 6.518261e+00 
d 6.027000e-10 1.083568e+00  6.130120e+00 -5.616756e+01 -1.366105e+02 7.032860e+12 1.578444e-12 6.130120e+00 
d 6.027000e-10 1.084726e+00  5.771011e+00 -6.467666e+01 -1.451196e+02 7.033224e+12 1.578444e-12 5.771011e+00 
d 6.027000e-10 1.085884e+00  5.438174e+00 -7.351135e+01 -1.539543e+02 7.031034e+12 1.578444e-12 5.438174e+00 
d 6.027000e-10 1.087041e+00  5.129171e+00 -8.267639e+01 -1.631193e+02 7.026272e+12 1.578444e-12 5.129171e+00 
d 6.027000e-10 1.088199e+00  4.841842e+00 -9.217631e+01 -1.726192e+02 7.018925e+12 1.578444e-12 4.841842e+00 
d 6.027000e-10 1.089357e+00  4.574272e+00 -1.020153e+02 -1.824582e+02 7.008978e+12 1.578444e-12 4.574272e+00 
d 6.027000e-10 1.090514e+00  4.324750e+00 -1.121972e+02 -1.926401e+02 6.996418e+12 1.578444e-12 4.324750e+00 
d 6.027000e-10 1.091672e+00  4.091751e+00 -1.227256e+02 -2.031685e+02 6.981237e+12 1.578444e-12 4.091751e+00 
d 6.027000e-10 1.092830e+00  3.873906e+00 -1.336036e+02 -2.140465e+02 6.963425e+12 1.578444e-12 3.873906e+00 
d 6.027000e-10 1.093987e+00  3.669988e+00 -1.448338e+02 -2.252768e+02 6.942978e+12 1.578444e-12 3.669988e+00 
d 6.027000e-10 1.095145e+00  3.478891e+00 -1.564187e+02 -2.368616e+02 6.919892e+12 1.578444e-12 3.478891e+00 
d 6.027000e-10 1.096302e+00  3.299617e+00 -1.683598e+02 -2.488027e+02 6.894167e+12 1.578444e-12 3.299617e+00 
d 6.027000e-10 1.097460e+00  3.131263e+00 -1.806586e+02 -2.611015e+02 6.865805e+12 1.578444e-12 3.131263e+00 
