v ATLAS
# This file was created by ATLAS version 5.26.1.R on Tue Apr 17 04:26:33 2018.
#SSF 2.0 generic
##############################################################################
#                    Copyright (c) 1984 - 2018                               #
#                    Silvaco Inc. All rights reserved                        #
#                                                                            #
# This file format and the following Key are copyright Silvaco Inc.          #
# You may not use, this format or key without reproducing this message in    #
# full and obtaining express written permission from Silvaco Inc.            #
#                                                                            #
# To obtain such permission please contact: Silvaco Inc.                     #
#                                           support@silvaco.com              #
#                                                                            #
# KEY=SVC86hn7562asdx                       PROD=345                         #
##############################################################################
o 3002 Net gain, mode 1
o 3003 Photon lifetime (s)
p 8 61 2211 2001 2201 3000 2214 3001 2212
d 5.327000e-10 1.009478e+00  5.659169e+00 0.000000e+00 -8.041327e+01 3.821387e+12 1.579064e-12 5.659169e+00 
d 5.327000e-10 1.010636e+00  5.659169e+00 0.000000e+00 -8.041327e+01 3.821387e+12 1.579064e-12 5.659169e+00 
d 5.327000e-10 1.011793e+00  2.062397e+00 2.019642e+01 -6.021684e+01 1.042891e+12 1.579064e-12 2.062397e+00 
d 5.327000e-10 1.012951e+00  3.562176e+00 2.957755e+01 -5.083571e+01 1.520626e+12 1.579064e-12 3.562176e+00 
d 5.327000e-10 1.014109e+00  5.078931e+00 3.641165e+01 -4.400162e+01 1.876578e+12 1.579064e-12 5.078931e+00 
d 5.327000e-10 1.015266e+00  6.728047e+00 4.195802e+01 -3.845524e+01 2.172466e+12 1.579064e-12 6.728047e+00 
d 5.327000e-10 1.016424e+00  8.580232e+00 4.667413e+01 -3.373913e+01 2.430618e+12 1.579064e-12 8.580232e+00 
d 5.327000e-10 1.017582e+00  1.070346e+01 5.078815e+01 -2.962511e+01 2.662145e+12 1.579064e-12 1.070346e+01 
d 5.327000e-10 1.018739e+00  1.317600e+01 5.443329e+01 -2.597997e+01 2.873532e+12 1.579064e-12 1.317600e+01 
d 5.327000e-10 1.019897e+00  1.609553e+01 5.769514e+01 -2.271813e+01 3.068956e+12 1.579064e-12 1.609553e+01 
d 5.327000e-10 1.021055e+00  1.958938e+01 6.063235e+01 -1.978092e+01 3.251289e+12 1.579064e-12 1.958938e+01 
d 5.327000e-10 1.022212e+00  2.382861e+01 6.328699e+01 -1.712628e+01 3.422611e+12 1.579064e-12 2.382861e+01 
d 5.327000e-10 1.023370e+00  2.904934e+01 6.569025e+01 -1.472301e+01 3.584479e+12 1.579064e-12 2.904934e+01 
d 5.327000e-10 1.024528e+00  3.558646e+01 6.786588e+01 -1.254739e+01 3.738097e+12 1.579064e-12 3.558646e+01 
d 5.327000e-10 1.025685e+00  4.392929e+01 6.983224e+01 -1.058103e+01 3.884415e+12 1.579064e-12 4.392929e+01 
d 5.327000e-10 1.026843e+00  5.481715e+01 7.160374e+01 -8.809524e+00 4.024201e+12 1.579064e-12 5.481715e+01 
d 5.327000e-10 1.028001e+00  6.941053e+01 7.319181e+01 -7.221454e+00 4.158082e+12 1.579064e-12 6.941053e+01 
d 5.327000e-10 1.029158e+00  8.961267e+01 7.460552e+01 -5.807747e+00 4.286579e+12 1.579064e-12 8.961267e+01 
d 5.327000e-10 1.030316e+00  1.187138e+02 7.585208e+01 -4.561189e+00 4.410127e+12 1.579064e-12 1.187138e+02 
d 5.327000e-10 1.031474e+00  1.628088e+02 7.693719e+01 -3.476073e+00 4.529099e+12 1.579064e-12 1.628088e+02 
d 5.327000e-10 1.032631e+00  2.344957e+02 7.786534e+01 -2.547930e+00 4.643809e+12 1.579064e-12 2.344957e+02 
d 5.327000e-10 1.033789e+00  3.703470e+02 7.863994e+01 -1.773330e+00 4.754530e+12 1.579064e-12 3.703470e+02 
d 5.327000e-10 1.034947e+00  9.390468e+02 7.926354e+01 -1.149725e+00 4.861496e+12 1.579064e-12 9.390468e+02 
d 5.327000e-10 1.036104e+00  1.543343e+04 7.973794e+01 -6.753220e-01 4.964914e+12 1.579064e-12 1.543343e+04 
d 5.327000e-10 1.037262e+00  7.295329e+05 8.006428e+01 -3.489898e-01 5.064960e+12 1.579064e-12 7.295329e+05 
d 5.327000e-10 1.038420e+00  2.101017e+06 8.024309e+01 -1.701769e-01 5.161791e+12 1.579064e-12 2.101017e+06 
d 5.327000e-10 1.039577e+00  3.034830e+06 8.027442e+01 -1.388492e-01 5.255546e+12 1.579064e-12 3.034830e+06 
d 5.327000e-10 1.040735e+00  2.201416e+06 8.015783e+01 -2.554377e-01 5.346344e+12 1.579064e-12 2.201416e+06 
d 5.327000e-10 1.041893e+00  7.925276e+05 7.989247e+01 -5.207956e-01 5.434292e+12 1.579064e-12 7.925276e+05 
d 5.327000e-10 1.043050e+00  1.392571e+05 7.947710e+01 -9.361622e-01 5.519483e+12 1.579064e-12 1.392571e+05 
d 5.327000e-10 1.044208e+00  1.193052e+04 7.891013e+01 -1.503133e+00 5.602001e+12 1.579064e-12 1.193052e+04 
d 5.327000e-10 1.045366e+00  8.611515e+02 7.818963e+01 -2.223635e+00 5.681918e+12 1.579064e-12 8.611515e+02 
d 5.327000e-10 1.046523e+00  2.528386e+02 7.731336e+01 -3.099904e+00 5.759297e+12 1.579064e-12 2.528386e+02 
d 5.327000e-10 1.047681e+00  1.800596e+02 7.627880e+01 -4.134467e+00 5.834195e+12 1.579064e-12 1.800596e+02 
d 5.327000e-10 1.048839e+00  1.383284e+02 7.508314e+01 -5.330123e+00 5.906659e+12 1.579064e-12 1.383284e+02 
d 5.327000e-10 1.049996e+00  1.098698e+02 7.372333e+01 -6.689935e+00 5.976732e+12 1.579064e-12 1.098698e+02 
d 5.327000e-10 1.051154e+00  8.954008e+01 7.219606e+01 -8.217209e+00 6.044449e+12 1.579064e-12 8.954008e+01 
d 5.327000e-10 1.052311e+00  7.448737e+01 7.049778e+01 -9.915489e+00 6.109842e+12 1.579064e-12 7.448737e+01 
d 5.327000e-10 1.053469e+00  6.300466e+01 6.862472e+01 -1.178854e+01 6.172936e+12 1.579064e-12 6.300466e+01 
d 5.327000e-10 1.054627e+00  5.402402e+01 6.657291e+01 -1.384036e+01 6.233752e+12 1.579064e-12 5.402402e+01 
d 5.327000e-10 1.055784e+00  4.685194e+01 6.433815e+01 -1.607512e+01 6.292307e+12 1.579064e-12 4.685194e+01 
d 5.327000e-10 1.056942e+00  4.102267e+01 6.191606e+01 -1.849721e+01 6.348614e+12 1.579064e-12 4.102267e+01 
d 5.327000e-10 1.058100e+00  3.621366e+01 5.930207e+01 -2.111120e+01 6.402682e+12 1.579064e-12 3.621366e+01 
d 5.327000e-10 1.059257e+00  3.219535e+01 5.649143e+01 -2.392184e+01 6.454518e+12 1.579064e-12 3.219535e+01 
d 5.327000e-10 1.060415e+00  2.880039e+01 5.347921e+01 -2.693405e+01 6.504125e+12 1.579064e-12 2.880039e+01 
d 5.327000e-10 1.061573e+00  2.590414e+01 5.026036e+01 -3.015291e+01 6.551502e+12 1.579064e-12 2.590414e+01 
d 5.327000e-10 1.062730e+00  2.341210e+01 4.682962e+01 -3.358364e+01 6.596648e+12 1.579064e-12 2.341210e+01 
d 5.327000e-10 1.063888e+00  2.125144e+01 4.318166e+01 -3.723161e+01 6.639558e+12 1.579064e-12 2.125144e+01 
d 5.327000e-10 1.065046e+00  1.936523e+01 3.931096e+01 -4.110230e+01 6.680225e+12 1.579064e-12 1.936523e+01 
d 5.327000e-10 1.066203e+00  1.770841e+01 3.521193e+01 -4.520134e+01 6.718639e+12 1.579064e-12 1.770841e+01 
d 5.327000e-10 1.067361e+00  1.624490e+01 3.087884e+01 -4.953443e+01 6.754790e+12 1.579064e-12 1.624490e+01 
d 5.327000e-10 1.068519e+00  1.494552e+01 2.630590e+01 -5.410737e+01 6.788665e+12 1.579064e-12 1.494552e+01 
d 5.327000e-10 1.069676e+00  1.378647e+01 2.148721e+01 -5.892605e+01 6.820251e+12 1.579064e-12 1.378647e+01 
d 5.327000e-10 1.070834e+00  1.274814e+01 1.641684e+01 -6.399642e+01 6.849530e+12 1.579064e-12 1.274814e+01 
d 5.327000e-10 1.071992e+00  1.181428e+01 1.108880e+01 -6.932447e+01 6.876488e+12 1.579064e-12 1.181428e+01 
d 5.327000e-10 1.073149e+00  1.097129e+01 5.497049e+00 -7.491622e+01 6.901106e+12 1.579064e-12 1.097129e+01 
d 5.327000e-10 1.074307e+00  1.020777e+01 -3.644359e-01 -8.077770e+01 6.923365e+12 1.579064e-12 1.020777e+01 
d 5.327000e-10 1.075465e+00  9.514046e+00 -6.501691e+00 -8.691496e+01 6.943246e+12 1.579064e-12 9.514046e+00 
d 5.327000e-10 1.076622e+00  8.881892e+00 -1.292072e+01 -9.333399e+01 6.960730e+12 1.579064e-12 8.881892e+00 
d 5.327000e-10 1.077780e+00  8.304276e+00 -1.962749e+01 -1.000408e+02 6.975797e+12 1.579064e-12 8.304276e+00 
d 5.327000e-10 1.078938e+00  7.775150e+00 -2.662789e+01 -1.070412e+02 6.988425e+12 1.579064e-12 7.775150e+00 
d 5.327000e-10 1.080095e+00  7.289290e+00 -3.392772e+01 -1.143410e+02 6.998595e+12 1.579064e-12 7.289290e+00 
d 5.327000e-10 1.081253e+00  6.842164e+00 -4.153268e+01 -1.219459e+02 7.006287e+12 1.579064e-12 6.842164e+00 
d 5.327000e-10 1.082411e+00  6.429824e+00 -4.944831e+01 -1.298616e+02 7.011480e+12 1.579064e-12 6.429824e+00 
d 5.327000e-10 1.083568e+00  6.048818e+00 -5.768000e+01 -1.380933e+02 7.014156e+12 1.579064e-12 6.048818e+00 
d 5.327000e-10 1.084726e+00  5.696115e+00 -6.623295e+01 -1.466462e+02 7.014297e+12 1.579064e-12 5.696115e+00 
d 5.327000e-10 1.085884e+00  5.369045e+00 -7.511214e+01 -1.555254e+02 7.011884e+12 1.579064e-12 5.369045e+00 
d 5.327000e-10 1.087041e+00  5.065248e+00 -8.432229e+01 -1.647356e+02 7.006901e+12 1.579064e-12 5.065248e+00 
d 5.327000e-10 1.088199e+00  4.782633e+00 -9.386786e+01 -1.742811e+02 6.999334e+12 1.579064e-12 4.782633e+00 
d 5.327000e-10 1.089357e+00  4.519338e+00 -1.037530e+02 -1.841663e+02 6.989169e+12 1.579064e-12 4.519338e+00 
d 5.327000e-10 1.090514e+00  4.273706e+00 -1.139816e+02 -1.943948e+02 6.976394e+12 1.579064e-12 4.273706e+00 
d 5.327000e-10 1.091672e+00  4.044252e+00 -1.245570e+02 -2.049702e+02 6.960999e+12 1.579064e-12 4.044252e+00 
d 5.327000e-10 1.092830e+00  3.829647e+00 -1.354823e+02 -2.158955e+02 6.942978e+12 1.579064e-12 3.829647e+00 
d 5.327000e-10 1.093987e+00  3.628694e+00 -1.467601e+02 -2.271734e+02 6.922323e+12 1.579064e-12 3.628694e+00 
d 5.327000e-10 1.095145e+00  3.440315e+00 -1.583927e+02 -2.388060e+02 6.899034e+12 1.579064e-12 3.440315e+00 
d 5.327000e-10 1.096302e+00  3.263540e+00 -1.703818e+02 -2.507950e+02 6.873110e+12 1.579064e-12 3.263540e+00 
d 5.327000e-10 1.097460e+00  3.097486e+00 -1.827285e+02 -2.631418e+02 6.844553e+12 1.579064e-12 3.097486e+00 
