v ATLAS
# This file was created by ATLAS version 5.26.1.R on Tue Apr 17 04:15:31 2018.
#SSF 2.0 generic
##############################################################################
#                    Copyright (c) 1984 - 2018                               #
#                    Silvaco Inc. All rights reserved                        #
#                                                                            #
# This file format and the following Key are copyright Silvaco Inc.          #
# You may not use, this format or key without reproducing this message in    #
# full and obtaining express written permission from Silvaco Inc.            #
#                                                                            #
# To obtain such permission please contact: Silvaco Inc.                     #
#                                           support@silvaco.com              #
#                                                                            #
# KEY=SVC86hn7562asdx                       PROD=345                         #
##############################################################################
o 1 Net gain, mode 1
o 2 Photon lifetime (s)
p 8 2211 87 2001 2201 3000 2214 3001 2212
d 1.009478e+00 1.228211e+00  3.871355e+00 0.000000e+00 -7.789987e+01 2.532986e+12 1.633506e-12 3.871355e+00 
d 1.010636e+00 1.226804e+00  3.871355e+00 0.000000e+00 -7.789987e+01 2.532986e+12 1.633506e-12 3.871355e+00 
d 1.011793e+00 1.225400e+00  1.570399e+00 1.507250e+01 -6.282737e+01 8.288210e+11 1.633506e-12 1.570399e+00 
d 1.012951e+00 1.224000e+00  2.592814e+00 2.193575e+01 -5.596412e+01 1.219263e+12 1.633506e-12 2.592814e+00 
d 1.014109e+00 1.222603e+00  3.516522e+00 2.682553e+01 -5.107434e+01 1.509637e+12 1.633506e-12 3.516522e+00 
d 1.015266e+00 1.221209e+00  4.410203e+00 3.069496e+01 -4.720491e+01 1.750546e+12 1.633506e-12 4.410203e+00 
d 1.016424e+00 1.219818e+00  5.294812e+00 3.389107e+01 -4.400880e+01 1.960299e+12 1.633506e-12 5.294812e+00 
d 1.017582e+00 1.218430e+00  6.177044e+00 3.658698e+01 -4.131289e+01 2.148010e+12 1.633506e-12 6.177044e+00 
d 1.018739e+00 1.217045e+00  7.056916e+00 3.888355e+01 -3.901632e+01 2.318997e+12 1.633506e-12 7.056916e+00 
d 1.019897e+00 1.215664e+00  7.930380e+00 4.084525e+01 -3.705463e+01 2.476685e+12 1.633506e-12 7.930380e+00 
d 1.021055e+00 1.214286e+00  8.790514e+00 4.251592e+01 -3.538395e+01 2.623428e+12 1.633506e-12 8.790514e+00 
d 1.022212e+00 1.212910e+00  9.628236e+00 4.392665e+01 -3.397322e+01 2.760929e+12 1.633506e-12 9.628236e+00 
d 1.023370e+00 1.211538e+00  1.043290e+01 4.510011e+01 -3.279976e+01 2.890461e+12 1.633506e-12 1.043290e+01 
d 1.024528e+00 1.210169e+00  1.119291e+01 4.605320e+01 -3.184667e+01 3.013009e+12 1.633506e-12 1.119291e+01 
d 1.025685e+00 1.208804e+00  1.189631e+01 4.679862e+01 -3.110125e+01 3.129348e+12 1.633506e-12 1.189631e+01 
d 1.026843e+00 1.207441e+00  1.253150e+01 4.734595e+01 -3.055392e+01 3.240102e+12 1.633506e-12 1.253150e+01 
d 1.028001e+00 1.206081e+00  1.308793e+01 4.770242e+01 -3.019745e+01 3.345781e+12 1.633506e-12 1.308793e+01 
d 1.029158e+00 1.204724e+00  1.355671e+01 4.787338e+01 -3.002649e+01 3.446806e+12 1.633506e-12 1.355671e+01 
d 1.030316e+00 1.203371e+00  1.393118e+01 4.786269e+01 -3.003718e+01 3.543529e+12 1.633506e-12 1.393118e+01 
d 1.031474e+00 1.202020e+00  1.420727e+01 4.767299e+01 -3.022688e+01 3.636249e+12 1.633506e-12 1.420727e+01 
d 1.032631e+00 1.200673e+00  1.438375e+01 4.730590e+01 -3.059397e+01 3.725218e+12 1.633506e-12 1.438375e+01 
d 1.033789e+00 1.199328e+00  1.446218e+01 4.676220e+01 -3.113767e+01 3.810652e+12 1.633506e-12 1.446218e+01 
d 1.034947e+00 1.197987e+00  1.444675e+01 4.604191e+01 -3.185796e+01 3.892738e+12 1.633506e-12 1.444675e+01 
d 1.036104e+00 1.196648e+00  1.434388e+01 4.514445e+01 -3.275542e+01 3.971637e+12 1.633506e-12 1.434388e+01 
d 1.037262e+00 1.195312e+00  1.416179e+01 4.406864e+01 -3.383123e+01 4.047489e+12 1.633506e-12 1.416179e+01 
d 1.038420e+00 1.193980e+00  1.390991e+01 4.281283e+01 -3.508704e+01 4.120413e+12 1.633506e-12 1.390991e+01 
d 1.039577e+00 1.192650e+00  1.359839e+01 4.137493e+01 -3.652494e+01 4.190516e+12 1.633506e-12 1.359839e+01 
d 1.040735e+00 1.191324e+00  1.323755e+01 3.975245e+01 -3.814742e+01 4.257890e+12 1.633506e-12 1.323755e+01 
d 1.041893e+00 1.190000e+00  1.283750e+01 3.794252e+01 -3.995735e+01 4.322614e+12 1.633506e-12 1.283750e+01 
d 1.043050e+00 1.188679e+00  1.240777e+01 3.594196e+01 -4.195791e+01 4.384758e+12 1.633506e-12 1.240777e+01 
d 1.044208e+00 1.187361e+00  1.195706e+01 3.374728e+01 -4.415259e+01 4.444381e+12 1.633506e-12 1.195706e+01 
d 1.045366e+00 1.186046e+00  1.149312e+01 3.135472e+01 -4.654515e+01 4.501537e+12 1.633506e-12 1.149312e+01 
d 1.046523e+00 1.184734e+00  1.102267e+01 2.876024e+01 -4.913963e+01 4.556271e+12 1.633506e-12 1.102267e+01 
d 1.047681e+00 1.183425e+00  1.055141e+01 2.595960e+01 -5.194027e+01 4.608620e+12 1.633506e-12 1.055141e+01 
d 1.048839e+00 1.182119e+00  1.008404e+01 2.294831e+01 -5.495156e+01 4.658618e+12 1.633506e-12 1.008404e+01 
d 1.049996e+00 1.180816e+00  9.624335e+00 1.972171e+01 -5.817816e+01 4.706293e+12 1.633506e-12 9.624335e+00 
d 1.051154e+00 1.179515e+00  9.175278e+00 1.627493e+01 -6.162494e+01 4.751667e+12 1.633506e-12 9.175278e+00 
d 1.052311e+00 1.178218e+00  8.739122e+00 1.260297e+01 -6.529690e+01 4.794760e+12 1.633506e-12 8.739122e+00 
d 1.053469e+00 1.176923e+00  8.317508e+00 8.700650e+00 -6.919922e+01 4.835586e+12 1.633506e-12 8.317508e+00 
d 1.054627e+00 1.175631e+00  7.911566e+00 4.562682e+00 -7.333719e+01 4.874158e+12 1.633506e-12 7.911566e+00 
d 1.055784e+00 1.174342e+00  7.522000e+00 1.836562e-01 -7.771621e+01 4.910485e+12 1.633506e-12 7.522000e+00 
d 1.056942e+00 1.173056e+00  7.149171e+00 -4.441932e+00 -8.234180e+01 4.944572e+12 1.633506e-12 7.149171e+00 
d 1.058100e+00 1.171772e+00  6.793167e+00 -9.319664e+00 -8.721953e+01 4.976425e+12 1.633506e-12 6.793167e+00 
d 1.059257e+00 1.170492e+00  6.453858e+00 -1.445518e+01 -9.235505e+01 5.006044e+12 1.633506e-12 6.453858e+00 
d 1.060415e+00 1.169214e+00  6.130954e+00 -1.985416e+01 -9.775403e+01 5.033430e+12 1.633506e-12 6.130954e+00 
d 1.061573e+00 1.167939e+00  5.824039e+00 -2.552230e+01 -1.034222e+02 5.058581e+12 1.633506e-12 5.824039e+00 
d 1.062730e+00 1.166667e+00  5.532608e+00 -3.146530e+01 -1.093652e+02 5.081494e+12 1.633506e-12 5.532608e+00 
d 1.063888e+00 1.165397e+00  5.256095e+00 -3.768883e+01 -1.155887e+02 5.102166e+12 1.633506e-12 5.256095e+00 
d 1.065046e+00 1.164130e+00  4.993894e+00 -4.419852e+01 -1.220984e+02 5.120592e+12 1.633506e-12 4.993894e+00 
d 1.066203e+00 1.162866e+00  4.745376e+00 -5.099994e+01 -1.288998e+02 5.136767e+12 1.633506e-12 4.745376e+00 
d 1.067361e+00 1.161605e+00  4.509904e+00 -5.809854e+01 -1.359984e+02 5.150684e+12 1.633506e-12 4.509904e+00 
d 1.068519e+00 1.160347e+00  4.286841e+00 -6.549967e+01 -1.433995e+02 5.162339e+12 1.633506e-12 4.286841e+00 
d 1.069676e+00 1.159091e+00  4.075559e+00 -7.320855e+01 -1.511084e+02 5.171724e+12 1.633506e-12 4.075559e+00 
d 1.070834e+00 1.157838e+00  3.875448e+00 -8.123019e+01 -1.591301e+02 5.178835e+12 1.633506e-12 3.875448e+00 
d 1.071992e+00 1.156587e+00  3.685913e+00 -8.956943e+01 -1.674693e+02 5.183667e+12 1.633506e-12 3.685913e+00 
d 1.073149e+00 1.155340e+00  3.506383e+00 -9.823087e+01 -1.761307e+02 5.186214e+12 1.633506e-12 3.506383e+00 
d 1.074307e+00 1.154095e+00  3.336312e+00 -1.072189e+02 -1.851187e+02 5.186473e+12 1.633506e-12 3.336312e+00 
d 1.075465e+00 1.152852e+00  3.175175e+00 -1.165375e+02 -1.944374e+02 5.184441e+12 1.633506e-12 3.175175e+00 
d 1.076622e+00 1.151613e+00  3.022477e+00 -1.261905e+02 -2.040904e+02 5.180118e+12 1.633506e-12 3.022477e+00 
d 1.077780e+00 1.150376e+00  2.877746e+00 -1.361813e+02 -2.140811e+02 5.173503e+12 1.633506e-12 2.877746e+00 
d 1.078938e+00 1.149142e+00  2.740535e+00 -1.465129e+02 -2.244127e+02 5.164597e+12 1.633506e-12 2.740535e+00 
d 1.080095e+00 1.147910e+00  2.610423e+00 -1.571879e+02 -2.350878e+02 5.153404e+12 1.633506e-12 2.610423e+00 
d 1.081253e+00 1.146681e+00  2.487010e+00 -1.682086e+02 -2.461085e+02 5.139929e+12 1.633506e-12 2.487010e+00 
d 1.082411e+00 1.145455e+00  2.369920e+00 -1.795767e+02 -2.574766e+02 5.124181e+12 1.633506e-12 2.369920e+00 
d 1.083568e+00 1.144231e+00  2.258801e+00 -1.912935e+02 -2.691934e+02 5.106168e+12 1.633506e-12 2.258801e+00 
d 1.084726e+00 1.143010e+00  2.153318e+00 -2.033596e+02 -2.812595e+02 5.085903e+12 1.633506e-12 2.153318e+00 
d 1.085884e+00 1.141791e+00  2.053158e+00 -2.157754e+02 -2.936753e+02 5.063402e+12 1.633506e-12 2.053158e+00 
d 1.087041e+00 1.140575e+00  1.958026e+00 -2.285404e+02 -3.064403e+02 5.038681e+12 1.633506e-12 1.958026e+00 
d 1.088199e+00 1.139362e+00  1.867644e+00 -2.416537e+02 -3.195535e+02 5.011761e+12 1.633506e-12 1.867644e+00 
d 1.089357e+00 1.138151e+00  1.781752e+00 -2.551137e+02 -3.330135e+02 4.982666e+12 1.633506e-12 1.781752e+00 
d 1.090514e+00 1.136943e+00  1.700105e+00 -2.689182e+02 -3.468181e+02 4.951423e+12 1.633506e-12 1.700105e+00 
d 1.091672e+00 1.135737e+00  1.622471e+00 -2.830645e+02 -3.609644e+02 4.918060e+12 1.633506e-12 1.622471e+00 
d 1.092830e+00 1.134534e+00  1.548634e+00 -2.975491e+02 -3.754490e+02 4.882612e+12 1.633506e-12 1.548634e+00 
d 1.093987e+00 1.133333e+00  1.478368e+00 -3.123678e+02 -3.902677e+02 4.845114e+12 1.633506e-12 1.478368e+00 
d 1.095145e+00 1.132135e+00  1.411529e+00 -3.275158e+02 -4.054156e+02 4.805606e+12 1.633506e-12 1.411529e+00 
d 1.096302e+00 1.130940e+00  1.347909e+00 -3.429876e+02 -4.208874e+02 4.764131e+12 1.633506e-12 1.347909e+00 
d 1.097460e+00 1.129747e+00  1.287340e+00 -3.587770e+02 -4.366769e+02 4.720735e+12 1.633506e-12 1.287340e+00 
