v ATLAS
# This file was created by ATLAS version 5.26.1.R on Tue Apr 17 04:28:26 2018.
#SSF 2.0 generic
##############################################################################
#                    Copyright (c) 1984 - 2018                               #
#                    Silvaco Inc. All rights reserved                        #
#                                                                            #
# This file format and the following Key are copyright Silvaco Inc.          #
# You may not use, this format or key without reproducing this message in    #
# full and obtaining express written permission from Silvaco Inc.            #
#                                                                            #
# To obtain such permission please contact: Silvaco Inc.                     #
#                                           support@silvaco.com              #
#                                                                            #
# KEY=SVC86hn7562asdx                       PROD=345                         #
##############################################################################
o 3002 Net gain, mode 1
o 3003 Photon lifetime (s)
p 8 61 2211 2001 2201 3000 2214 3001 2212
d 6.727000e-10 1.009478e+00  5.667376e+00 0.000000e+00 -8.042201e+01 3.827349e+12 1.578881e-12 5.667376e+00 
d 6.727000e-10 1.010636e+00  5.667376e+00 0.000000e+00 -8.042201e+01 3.827349e+12 1.578881e-12 5.667376e+00 
d 6.727000e-10 1.011793e+00  2.066458e+00 2.021286e+01 -6.020915e+01 1.044809e+12 1.578881e-12 2.066458e+00 
d 6.727000e-10 1.012951e+00  3.568427e+00 2.960204e+01 -5.081997e+01 1.522825e+12 1.578881e-12 3.568427e+00 
d 6.727000e-10 1.014109e+00  5.087959e+00 3.644233e+01 -4.397968e+01 1.878988e+12 1.578881e-12 5.087959e+00 
d 6.727000e-10 1.015266e+00  6.740743e+00 4.199403e+01 -3.842798e+01 2.175053e+12 1.578881e-12 6.740743e+00 
d 6.727000e-10 1.016424e+00  8.597856e+00 4.671495e+01 -3.370706e+01 2.433360e+12 1.578881e-12 8.597856e+00 
d 6.727000e-10 1.017582e+00  1.072777e+01 5.083344e+01 -2.958857e+01 2.665028e+12 1.578881e-12 1.072777e+01 
d 6.727000e-10 1.018739e+00  1.320946e+01 5.448283e+01 -2.593919e+01 2.876545e+12 1.578881e-12 1.320946e+01 
d 6.727000e-10 1.019897e+00  1.614159e+01 5.774875e+01 -2.267326e+01 3.072090e+12 1.578881e-12 1.614159e+01 
d 6.727000e-10 1.021055e+00  1.965285e+01 6.068992e+01 -1.973209e+01 3.254538e+12 1.578881e-12 1.965285e+01 
d 6.727000e-10 1.022212e+00  2.391621e+01 6.334844e+01 -1.707357e+01 3.425969e+12 1.578881e-12 2.391621e+01 
d 6.727000e-10 1.023370e+00  2.917032e+01 6.575553e+01 -1.466648e+01 3.587941e+12 1.578881e-12 2.917032e+01 
d 6.727000e-10 1.024528e+00  3.575315e+01 6.793495e+01 -1.248706e+01 3.741658e+12 1.578881e-12 3.575315e+01 
d 6.727000e-10 1.025685e+00  4.415725e+01 6.990509e+01 -1.051692e+01 3.888073e+12 1.578881e-12 4.415725e+01 
d 6.727000e-10 1.026843e+00  5.512374e+01 7.168038e+01 -8.741627e+00 4.027952e+12 1.578881e-12 5.512374e+01 
d 6.727000e-10 1.028001e+00  6.980968e+01 7.327225e+01 -7.149757e+00 4.161924e+12 1.578881e-12 6.980968e+01 
d 6.727000e-10 1.029158e+00  9.010140e+01 7.468979e+01 -5.732223e+00 4.290508e+12 1.578881e-12 9.010140e+01 
d 6.727000e-10 1.030316e+00  1.192408e+02 7.594021e+01 -4.481799e+00 4.414143e+12 1.578881e-12 1.192408e+02 
d 6.727000e-10 1.031474e+00  1.631910e+02 7.702924e+01 -3.392767e+00 4.533199e+12 1.578881e-12 1.631910e+02 
d 6.727000e-10 1.032631e+00  2.340125e+02 7.796136e+01 -2.460650e+00 4.647992e+12 1.578881e-12 2.340125e+02 
d 6.727000e-10 1.033789e+00  3.614045e+02 7.874000e+01 -1.682011e+00 4.758794e+12 1.578881e-12 3.614045e+02 
d 6.727000e-10 1.034947e+00  7.487713e+02 7.936772e+01 -1.054290e+00 4.865840e+12 1.578881e-12 7.487713e+02 
d 6.727000e-10 1.036104e+00  1.047665e+04 7.984632e+01 -5.756892e-01 4.969336e+12 1.578881e-12 1.047665e+04 
d 6.727000e-10 1.037262e+00  6.454168e+05 8.017694e+01 -2.450679e-01 5.069460e+12 1.578881e-12 6.454168e+05 
d 6.727000e-10 1.038420e+00  2.209791e+06 8.036014e+01 -6.186764e-02 5.166368e+12 1.578881e-12 2.209791e+06 
d 6.727000e-10 1.039577e+00  3.314244e+06 8.039596e+01 -2.604701e-02 5.260199e+12 1.578881e-12 3.314244e+06 
d 6.727000e-10 1.040735e+00  2.177667e+06 8.028398e+01 -1.380299e-01 5.351072e+12 1.578881e-12 2.177667e+06 
d 6.727000e-10 1.041893e+00  6.199729e+05 8.002335e+01 -3.986624e-01 5.439094e+12 1.578881e-12 6.199729e+05 
d 6.727000e-10 1.043050e+00  7.564066e+04 7.961283e+01 -8.091770e-01 5.524360e+12 1.578881e-12 7.564066e+04 
d 6.727000e-10 1.044208e+00  4.267856e+03 7.905085e+01 -1.371163e+00 5.606952e+12 1.578881e-12 4.267856e+03 
d 6.727000e-10 1.045366e+00  4.390706e+02 7.833547e+01 -2.086539e+00 5.686942e+12 1.578881e-12 4.390706e+02 
d 6.727000e-10 1.046523e+00  2.452585e+02 7.746448e+01 -2.957535e+00 5.764394e+12 1.578881e-12 2.452585e+02 
d 6.727000e-10 1.047681e+00  1.809617e+02 7.643534e+01 -3.986671e+00 5.839364e+12 1.578881e-12 1.809617e+02 
d 6.727000e-10 1.048839e+00  1.395829e+02 7.524527e+01 -5.176742e+00 5.911901e+12 1.578881e-12 1.395829e+02 
d 6.727000e-10 1.049996e+00  1.111056e+02 7.389121e+01 -6.530800e+00 5.982046e+12 1.578881e-12 1.111056e+02 
d 6.727000e-10 1.051154e+00  9.064445e+01 7.236986e+01 -8.052149e+00 6.049836e+12 1.578881e-12 9.064445e+01 
d 6.727000e-10 1.052311e+00  7.542835e+01 7.067769e+01 -9.744325e+00 6.115301e+12 1.578881e-12 7.542835e+01 
d 6.727000e-10 1.053469e+00  6.378767e+01 6.881092e+01 -1.161109e+01 6.178467e+12 1.578881e-12 6.378767e+01 
d 6.727000e-10 1.054627e+00  5.466907e+01 6.676559e+01 -1.365642e+01 6.239355e+12 1.578881e-12 5.466907e+01 
d 6.727000e-10 1.055784e+00  4.738231e+01 6.453751e+01 -1.588450e+01 6.297982e+12 1.578881e-12 4.738231e+01 
d 6.727000e-10 1.056942e+00  4.145995e+01 6.212230e+01 -1.829971e+01 6.354362e+12 1.578881e-12 4.145995e+01 
d 6.727000e-10 1.058100e+00  3.657615e+01 5.951539e+01 -2.090662e+01 6.408503e+12 1.578881e-12 3.657615e+01 
d 6.727000e-10 1.059257e+00  3.249788e+01 5.671205e+01 -2.370996e+01 6.460411e+12 1.578881e-12 3.249788e+01 
d 6.727000e-10 1.060415e+00  2.905472e+01 5.370736e+01 -2.671465e+01 6.510091e+12 1.578881e-12 2.905472e+01 
d 6.727000e-10 1.061573e+00  2.611956e+01 5.049625e+01 -2.992577e+01 6.557542e+12 1.578881e-12 2.611956e+01 
d 6.727000e-10 1.062730e+00  2.359591e+01 4.707349e+01 -3.334852e+01 6.602761e+12 1.578881e-12 2.359591e+01 
d 6.727000e-10 1.063888e+00  2.140938e+01 4.343372e+01 -3.698829e+01 6.645745e+12 1.578881e-12 2.140938e+01 
d 6.727000e-10 1.065046e+00  1.950184e+01 3.957146e+01 -4.085055e+01 6.686486e+12 1.578881e-12 1.950184e+01 
d 6.727000e-10 1.066203e+00  1.782732e+01 3.548111e+01 -4.494091e+01 6.724974e+12 1.578881e-12 1.782732e+01 
d 6.727000e-10 1.067361e+00  1.634901e+01 3.115694e+01 -4.926507e+01 6.761200e+12 1.578881e-12 1.634901e+01 
d 6.727000e-10 1.068519e+00  1.503717e+01 2.659316e+01 -5.382886e+01 6.795150e+12 1.578881e-12 1.503717e+01 
d 6.727000e-10 1.069676e+00  1.386757e+01 2.178388e+01 -5.863813e+01 6.826811e+12 1.578881e-12 1.386757e+01 
d 6.727000e-10 1.070834e+00  1.282024e+01 1.672317e+01 -6.369884e+01 6.856166e+12 1.578881e-12 1.282024e+01 
d 6.727000e-10 1.071992e+00  1.187866e+01 1.140502e+01 -6.901699e+01 6.883200e+12 1.578881e-12 1.187866e+01 
d 6.727000e-10 1.073149e+00  1.102902e+01 5.823426e+00 -7.459859e+01 6.907894e+12 1.578881e-12 1.102902e+01 
d 6.727000e-10 1.074307e+00  1.025973e+01 -2.766228e-02 -8.044967e+01 6.930229e+12 1.578881e-12 1.025973e+01 
d 6.727000e-10 1.075465e+00  9.560979e+00 -6.154275e+00 -8.657629e+01 6.950187e+12 1.578881e-12 9.560979e+00 
d 6.727000e-10 1.076622e+00  8.924428e+00 -1.256242e+01 -9.298443e+01 6.967748e+12 1.578881e-12 8.924428e+00 
d 6.727000e-10 1.077780e+00  8.342947e+00 -1.925806e+01 -9.968007e+01 6.982891e+12 1.578881e-12 8.342947e+00 
d 6.727000e-10 1.078938e+00  7.810409e+00 -2.624710e+01 -1.066691e+02 6.995597e+12 1.578881e-12 7.810409e+00 
d 6.727000e-10 1.080095e+00  7.321527e+00 -3.353534e+01 -1.139574e+02 7.005844e+12 1.578881e-12 7.321527e+00 
d 6.727000e-10 1.081253e+00  6.871712e+00 -4.112848e+01 -1.215505e+02 7.013613e+12 1.578881e-12 6.871712e+00 
d 6.727000e-10 1.082411e+00  6.456974e+00 -4.903208e+01 -1.294541e+02 7.018884e+12 1.578881e-12 6.456974e+00 
d 6.727000e-10 1.083568e+00  6.073820e+00 -5.725154e+01 -1.376735e+02 7.021637e+12 1.578881e-12 6.073820e+00 
d 6.727000e-10 1.084726e+00  5.719187e+00 -6.579205e+01 -1.462141e+02 7.021854e+12 1.578881e-12 5.719187e+00 
d 6.727000e-10 1.085884e+00  5.390379e+00 -7.465860e+01 -1.550806e+02 7.019518e+12 1.578881e-12 5.390379e+00 
d 6.727000e-10 1.087041e+00  5.085012e+00 -8.385595e+01 -1.642780e+02 7.014611e+12 1.578881e-12 5.085012e+00 
d 6.727000e-10 1.088199e+00  4.800974e+00 -9.338855e+01 -1.738106e+02 7.007120e+12 1.578881e-12 4.800974e+00 
d 6.727000e-10 1.089357e+00  4.536388e+00 -1.032606e+02 -1.836826e+02 6.997030e+12 1.578881e-12 4.536388e+00 
d 6.727000e-10 1.090514e+00  4.289581e+00 -1.134759e+02 -1.938979e+02 6.984330e+12 1.578881e-12 4.289581e+00 
d 6.727000e-10 1.091672e+00  4.059054e+00 -1.240379e+02 -2.044599e+02 6.969009e+12 1.578881e-12 4.059054e+00 
d 6.727000e-10 1.092830e+00  3.843468e+00 -1.349497e+02 -2.153717e+02 6.951061e+12 1.578881e-12 3.843468e+00 
d 6.727000e-10 1.093987e+00  3.641616e+00 -1.462140e+02 -2.266360e+02 6.930479e+12 1.578881e-12 3.641616e+00 
d 6.727000e-10 1.095145e+00  3.452414e+00 -1.578330e+02 -2.382550e+02 6.907260e+12 1.578881e-12 3.452414e+00 
d 6.727000e-10 1.096302e+00  3.274879e+00 -1.698084e+02 -2.502304e+02 6.881406e+12 1.578881e-12 3.274879e+00 
d 6.727000e-10 1.097460e+00  3.108127e+00 -1.821415e+02 -2.625635e+02 6.852917e+12 1.578881e-12 3.108127e+00 
