v ATLAS
# This file was created by ATLAS version 5.26.1.R on Tue Apr 17 04:30:59 2018.
#SSF 2.0 generic
##############################################################################
#                    Copyright (c) 1984 - 2018                               #
#                    Silvaco Inc. All rights reserved                        #
#                                                                            #
# This file format and the following Key are copyright Silvaco Inc.          #
# You may not use, this format or key without reproducing this message in    #
# full and obtaining express written permission from Silvaco Inc.            #
#                                                                            #
# To obtain such permission please contact: Silvaco Inc.                     #
#                                           support@silvaco.com              #
#                                                                            #
# KEY=SVC86hn7562asdx                       PROD=345                         #
##############################################################################
o 3002 Net gain, mode 1
o 3003 Photon lifetime (s)
p 8 61 2211 2001 2201 3000 2214 3001 2212
d 8.727000e-10 1.009478e+00  5.675219e+00 0.000000e+00 -8.043071e+01 3.833263e+12 1.578699e-12 5.675219e+00 
d 8.727000e-10 1.010636e+00  5.675219e+00 0.000000e+00 -8.043071e+01 3.833263e+12 1.578699e-12 5.675219e+00 
d 8.727000e-10 1.011793e+00  2.070724e+00 2.022923e+01 -6.020148e+01 1.046881e+12 1.578699e-12 2.070724e+00 
d 8.727000e-10 1.012951e+00  3.574738e+00 2.962643e+01 -5.080428e+01 1.525165e+12 1.578699e-12 3.574738e+00 
d 8.727000e-10 1.014109e+00  5.096785e+00 3.647289e+01 -4.395782e+01 1.881529e+12 1.578699e-12 5.096785e+00 
d 8.727000e-10 1.015266e+00  6.752789e+00 4.202990e+01 -3.840081e+01 2.177763e+12 1.578699e-12 6.752789e+00 
d 8.727000e-10 1.016424e+00  8.614081e+00 4.675562e+01 -3.367510e+01 2.436219e+12 1.578699e-12 8.614081e+00 
d 8.727000e-10 1.017582e+00  1.074945e+01 5.087857e+01 -2.955214e+01 2.668021e+12 1.578699e-12 1.074945e+01 
d 8.727000e-10 1.018739e+00  1.323826e+01 5.453218e+01 -2.589853e+01 2.879662e+12 1.578699e-12 1.323826e+01 
d 8.727000e-10 1.019897e+00  1.617966e+01 5.780217e+01 -2.262854e+01 3.075323e+12 1.578699e-12 1.617966e+01 
d 8.727000e-10 1.021055e+00  1.970284e+01 6.074729e+01 -1.968342e+01 3.257880e+12 1.578699e-12 1.970284e+01 
d 8.727000e-10 1.022212e+00  2.398120e+01 6.340968e+01 -1.702103e+01 3.429414e+12 1.578699e-12 2.398120e+01 
d 8.727000e-10 1.023370e+00  2.925339e+01 6.582059e+01 -1.461012e+01 3.591485e+12 1.578699e-12 2.925339e+01 
d 8.727000e-10 1.024528e+00  3.585621e+01 6.800380e+01 -1.242691e+01 3.745298e+12 1.578699e-12 3.585621e+01 
d 8.727000e-10 1.025685e+00  4.427815e+01 6.997771e+01 -1.045300e+01 3.891805e+12 1.578699e-12 4.427815e+01 
d 8.727000e-10 1.026843e+00  5.525013e+01 7.175677e+01 -8.673936e+00 4.031773e+12 1.578699e-12 5.525013e+01 
d 8.727000e-10 1.028001e+00  6.990661e+01 7.335244e+01 -7.078275e+00 4.165831e+12 1.578699e-12 6.990661e+01 
d 8.727000e-10 1.029158e+00  9.008788e+01 7.477379e+01 -5.656922e+00 4.294499e+12 1.578699e-12 9.008788e+01 
d 8.727000e-10 1.030316e+00  1.189450e+02 7.602807e+01 -4.402640e+00 4.418216e+12 1.578699e-12 1.189450e+02 
d 8.727000e-10 1.031474e+00  1.622534e+02 7.712101e+01 -3.309701e+00 4.537353e+12 1.578699e-12 1.622534e+02 
d 8.727000e-10 1.032631e+00  2.315899e+02 7.805709e+01 -2.373619e+00 4.652224e+12 1.578699e-12 2.315899e+02 
d 8.727000e-10 1.033789e+00  3.535368e+02 7.883976e+01 -1.590947e+00 4.763104e+12 1.578699e-12 3.535368e+02 
d 8.727000e-10 1.034947e+00  6.371939e+02 7.947159e+01 -9.591189e-01 4.870226e+12 1.578699e-12 6.371939e+02 
d 8.727000e-10 1.036104e+00  6.054687e+03 7.995438e+01 -4.763273e-01 4.973797e+12 1.578699e-12 6.054687e+03 
d 8.727000e-10 1.037262e+00  5.238477e+05 8.028929e+01 -1.414245e-01 5.073995e+12 1.578699e-12 5.238477e+05 
d 8.727000e-10 1.038420e+00  2.292061e+06 8.047687e+01 4.615569e-02 5.170977e+12 1.578699e-12 2.292061e+06 
d 8.727000e-10 1.039577e+00  3.621651e+06 8.051717e+01 8.646179e-02 5.264880e+12 1.578699e-12 3.621651e+06 
d 8.727000e-10 1.040735e+00  2.063128e+06 8.040979e+01 -2.092291e-02 5.355825e+12 1.578699e-12 2.063128e+06 
d 8.727000e-10 1.041893e+00  4.196707e+05 8.015387e+01 -2.768375e-01 5.443918e+12 1.578699e-12 4.196707e+05 
d 8.727000e-10 1.043050e+00  3.066011e+04 7.974820e+01 -6.825075e-01 5.529255e+12 1.578699e-12 3.066011e+04 
d 8.727000e-10 1.044208e+00  1.254310e+03 7.919120e+01 -1.239515e+00 5.611916e+12 1.578699e-12 1.254310e+03 
d 8.727000e-10 1.045366e+00  3.501455e+02 7.848094e+01 -1.949773e+00 5.691976e+12 1.578699e-12 3.501455e+02 
d 8.727000e-10 1.046523e+00  2.412644e+02 7.761521e+01 -2.815504e+00 5.769498e+12 1.578699e-12 2.412644e+02 
d 8.727000e-10 1.047681e+00  1.795503e+02 7.659149e+01 -3.839222e+00 5.844538e+12 1.578699e-12 1.795503e+02 
d 8.727000e-10 1.048839e+00  1.391684e+02 7.540700e+01 -5.023714e+00 5.917143e+12 1.578699e-12 1.391684e+02 
d 8.727000e-10 1.049996e+00  1.112000e+02 7.405868e+01 -6.372028e+00 5.987358e+12 1.578699e-12 1.112000e+02 
d 8.727000e-10 1.051154e+00  9.097580e+01 7.254325e+01 -7.887460e+00 6.055216e+12 1.578699e-12 9.097580e+01 
d 8.727000e-10 1.052311e+00  7.584693e+01 7.085717e+01 -9.573540e+00 6.120750e+12 1.578699e-12 7.584693e+01 
d 8.727000e-10 1.053469e+00  6.421608e+01 6.899669e+01 -1.143402e+01 6.183985e+12 1.578699e-12 6.421608e+01 
d 8.727000e-10 1.054627e+00  5.507116e+01 6.695783e+01 -1.347288e+01 6.244942e+12 1.578699e-12 5.507116e+01 
d 8.727000e-10 1.055784e+00  4.774409e+01 6.473641e+01 -1.569430e+01 6.303639e+12 1.578699e-12 4.774409e+01 
d 8.727000e-10 1.056942e+00  4.177856e+01 6.232808e+01 -1.810264e+01 6.360087e+12 1.578699e-12 4.177856e+01 
d 8.727000e-10 1.058100e+00  3.685383e+01 5.972825e+01 -2.070246e+01 6.414298e+12 1.578699e-12 3.685383e+01 
d 8.727000e-10 1.059257e+00  3.273888e+01 5.693220e+01 -2.349851e+01 6.466276e+12 1.578699e-12 3.273888e+01 
d 8.727000e-10 1.060415e+00  2.926377e+01 5.393502e+01 -2.649569e+01 6.516025e+12 1.578699e-12 2.926377e+01 
d 8.727000e-10 1.061573e+00  2.630119e+01 5.073164e+01 -2.969908e+01 6.563546e+12 1.578699e-12 2.630119e+01 
d 8.727000e-10 1.062730e+00  2.375416e+01 4.731684e+01 -3.311388e+01 6.608836e+12 1.578699e-12 2.375416e+01 
d 8.727000e-10 1.063888e+00  2.154775e+01 4.368526e+01 -3.674545e+01 6.651890e+12 1.578699e-12 2.154775e+01 
d 8.727000e-10 1.065046e+00  1.962331e+01 3.983143e+01 -4.059928e+01 6.692701e+12 1.578699e-12 1.962331e+01 
d 8.727000e-10 1.066203e+00  1.793437e+01 3.574974e+01 -4.468098e+01 6.731261e+12 1.578699e-12 1.793437e+01 
d 8.727000e-10 1.067361e+00  1.644374e+01 3.143447e+01 -4.899624e+01 6.767558e+12 1.578699e-12 1.644374e+01 
d 8.727000e-10 1.068519e+00  1.512134e+01 2.687984e+01 -5.355087e+01 6.801579e+12 1.578699e-12 1.512134e+01 
d 8.727000e-10 1.069676e+00  1.394264e+01 2.207996e+01 -5.835076e+01 6.833312e+12 1.578699e-12 1.394264e+01 
d 8.727000e-10 1.070834e+00  1.288744e+01 1.702888e+01 -6.340183e+01 6.862739e+12 1.578699e-12 1.288744e+01 
d 8.727000e-10 1.071992e+00  1.193903e+01 1.172062e+01 -6.871009e+01 6.889845e+12 1.578699e-12 1.193903e+01 
d 8.727000e-10 1.073149e+00  1.108345e+01 6.149160e+00 -7.428155e+01 6.914611e+12 1.578699e-12 1.108345e+01 
d 8.727000e-10 1.074307e+00  1.030895e+01 3.084505e-01 -8.012226e+01 6.937020e+12 1.578699e-12 1.030895e+01 
d 8.727000e-10 1.075465e+00  9.605623e+00 -5.807539e+00 -8.623825e+01 6.957051e+12 1.578699e-12 9.605623e+00 
d 8.727000e-10 1.076622e+00  8.965039e+00 -1.220482e+01 -9.263553e+01 6.974685e+12 1.578699e-12 8.965039e+00 
d 8.727000e-10 1.077780e+00  8.379990e+00 -1.888936e+01 -9.932007e+01 6.989902e+12 1.578699e-12 8.379990e+00 
d 8.727000e-10 1.078938e+00  7.844284e+00 -2.586706e+01 -1.062978e+02 7.002681e+12 1.578699e-12 7.844284e+00 
d 8.727000e-10 1.080095e+00  7.352578e+00 -3.314373e+01 -1.135744e+02 7.013001e+12 1.578699e-12 7.352578e+00 
d 8.727000e-10 1.081253e+00  6.900242e+00 -4.072509e+01 -1.211558e+02 7.020844e+12 1.578699e-12 6.900242e+00 
d 8.727000e-10 1.082411e+00  6.483242e+00 -4.861668e+01 -1.290474e+02 7.026188e+12 1.578699e-12 6.483242e+00 
d 8.727000e-10 1.083568e+00  6.098055e+00 -5.682392e+01 -1.372546e+02 7.029014e+12 1.578699e-12 6.098055e+00 
d 8.727000e-10 1.084726e+00  5.741590e+00 -6.535202e+01 -1.457827e+02 7.029305e+12 1.578699e-12 5.741590e+00 
d 8.727000e-10 1.085884e+00  5.411125e+00 -7.420598e+01 -1.546367e+02 7.027041e+12 1.578699e-12 5.411125e+00 
d 8.727000e-10 1.087041e+00  5.104258e+00 -8.339055e+01 -1.638213e+02 7.022208e+12 1.578699e-12 5.104258e+00 
d 8.727000e-10 1.088199e+00  4.818857e+00 -9.291021e+01 -1.733409e+02 7.014789e+12 1.578699e-12 4.818857e+00 
d 8.727000e-10 1.089357e+00  4.553031e+00 -1.027692e+02 -1.831999e+02 7.004771e+12 1.578699e-12 4.553031e+00 
d 8.727000e-10 1.090514e+00  4.305091e+00 -1.129712e+02 -1.934019e+02 6.992141e+12 1.578699e-12 4.305091e+00 
d 8.727000e-10 1.091672e+00  4.073529e+00 -1.235199e+02 -2.039506e+02 6.976891e+12 1.578699e-12 4.073529e+00 
d 8.727000e-10 1.092830e+00  3.856995e+00 -1.344183e+02 -2.148490e+02 6.959012e+12 1.578699e-12 3.856995e+00 
d 8.727000e-10 1.093987e+00  3.654273e+00 -1.456691e+02 -2.260998e+02 6.938498e+12 1.578699e-12 3.654273e+00 
d 8.727000e-10 1.095145e+00  3.464270e+00 -1.572745e+02 -2.377052e+02 6.915347e+12 1.578699e-12 3.464270e+00 
d 8.727000e-10 1.096302e+00  3.285999e+00 -1.692363e+02 -2.496670e+02 6.889558e+12 1.578699e-12 3.285999e+00 
d 8.727000e-10 1.097460e+00  3.118566e+00 -1.815557e+02 -2.619864e+02 6.861135e+12 1.578699e-12 3.118566e+00 
