v ATLAS
# This file was created by ATLAS version 5.26.1.R on Tue Apr 17 04:29:21 2018.
#SSF 2.0 generic
##############################################################################
#                    Copyright (c) 1984 - 2018                               #
#                    Silvaco Inc. All rights reserved                        #
#                                                                            #
# This file format and the following Key are copyright Silvaco Inc.          #
# You may not use, this format or key without reproducing this message in    #
# full and obtaining express written permission from Silvaco Inc.            #
#                                                                            #
# To obtain such permission please contact: Silvaco Inc.                     #
#                                           support@silvaco.com              #
#                                                                            #
# KEY=SVC86hn7562asdx                       PROD=345                         #
##############################################################################
o 3002 Net gain, mode 1
o 3003 Photon lifetime (s)
p 8 61 2211 2001 2201 3000 2214 3001 2212
d 7.427000e-10 1.009478e+00  5.675889e+00 0.000000e+00 -8.043544e+01 3.833957e+12 1.578600e-12 5.675889e+00 
d 7.427000e-10 1.010636e+00  5.675889e+00 0.000000e+00 -8.043544e+01 3.833957e+12 1.578600e-12 5.675889e+00 
d 7.427000e-10 1.011793e+00  2.069441e+00 2.023877e+01 -6.019667e+01 1.046155e+12 1.578600e-12 2.069441e+00 
d 7.427000e-10 1.012951e+00  3.573919e+00 2.964064e+01 -5.079479e+01 1.524542e+12 1.578600e-12 3.573919e+00 
d 7.427000e-10 1.014109e+00  5.096772e+00 3.649071e+01 -4.394472e+01 1.880984e+12 1.578600e-12 5.096772e+00 
d 7.427000e-10 1.015266e+00  6.754042e+00 4.205082e+01 -3.838461e+01 2.177283e+12 1.578600e-12 6.754042e+00 
d 7.427000e-10 1.016424e+00  8.617245e+00 4.677935e+01 -3.365608e+01 2.435797e+12 1.578600e-12 8.617245e+00 
d 7.427000e-10 1.017582e+00  1.075543e+01 5.090493e+01 -2.953051e+01 2.667651e+12 1.578600e-12 1.075543e+01 
d 7.427000e-10 1.018739e+00  1.324837e+01 5.456102e+01 -2.587442e+01 2.879340e+12 1.578600e-12 1.324837e+01 
d 7.427000e-10 1.019897e+00  1.619575e+01 5.783341e+01 -2.260203e+01 3.075046e+12 1.578600e-12 1.619575e+01 
d 7.427000e-10 1.021055e+00  1.972761e+01 6.078085e+01 -1.965458e+01 3.257645e+12 1.578600e-12 1.972761e+01 
d 7.427000e-10 1.022212e+00  2.401853e+01 6.344552e+01 -1.698991e+01 3.429219e+12 1.578600e-12 2.401853e+01 
d 7.427000e-10 1.023370e+00  2.930890e+01 6.585869e+01 -1.457674e+01 3.591329e+12 1.578600e-12 2.930890e+01 
d 7.427000e-10 1.024528e+00  3.593795e+01 6.804414e+01 -1.239130e+01 3.745179e+12 1.578600e-12 3.593795e+01 
d 7.427000e-10 1.025685e+00  4.439757e+01 7.002028e+01 -1.041515e+01 3.891721e+12 1.578600e-12 4.439757e+01 
d 7.427000e-10 1.026843e+00  5.542328e+01 7.180159e+01 -8.633848e+00 4.031724e+12 1.578600e-12 5.542328e+01 
d 7.427000e-10 1.028001e+00  7.015581e+01 7.339950e+01 -7.035936e+00 4.165815e+12 1.578600e-12 7.015581e+01 
d 7.427000e-10 1.029158e+00  9.044503e+01 7.482312e+01 -5.612312e+00 4.294517e+12 1.578600e-12 9.044503e+01 
d 7.427000e-10 1.030316e+00  1.194612e+02 7.607970e+01 -4.355734e+00 4.418266e+12 1.578600e-12 1.194612e+02 
d 7.427000e-10 1.031474e+00  1.630316e+02 7.717497e+01 -3.260468e+00 4.537433e+12 1.578600e-12 1.630316e+02 
d 7.427000e-10 1.032631e+00  2.329093e+02 7.811341e+01 -2.322022e+00 4.652335e+12 1.578600e-12 2.329093e+02 
d 7.427000e-10 1.033789e+00  3.570178e+02 7.889849e+01 -1.536944e+00 4.763245e+12 1.578600e-12 3.570178e+02 
d 7.427000e-10 1.034947e+00  6.918599e+02 7.953277e+01 -9.026635e-01 4.870397e+12 1.578600e-12 6.918599e+02 
d 7.427000e-10 1.036104e+00  8.552548e+03 8.001807e+01 -4.173673e-01 4.973998e+12 1.578600e-12 8.552548e+03 
d 7.427000e-10 1.037262e+00  5.966056e+05 8.035553e+01 -7.990376e-02 5.074225e+12 1.578600e-12 5.966056e+05 
d 7.427000e-10 1.038420e+00  2.225238e+06 8.054573e+01 1.102977e-01 5.171235e+12 1.578600e-12 2.225238e+06 
d 7.427000e-10 1.039577e+00  3.398053e+06 8.058873e+01 1.532899e-01 5.265166e+12 1.578600e-12 3.398053e+06 
d 7.427000e-10 1.040735e+00  2.123449e+06 8.048410e+01 4.866049e-02 5.356139e+12 1.578600e-12 2.123449e+06 
d 7.427000e-10 1.041893e+00  5.372875e+05 8.023101e+01 -2.044256e-01 5.444260e+12 1.578600e-12 5.372875e+05 
d 7.427000e-10 1.043050e+00  5.468143e+04 7.982825e+01 -6.071898e-01 5.529624e+12 1.578600e-12 5.468143e+04 
d 7.427000e-10 1.044208e+00  2.620797e+03 7.927423e+01 -1.161210e+00 5.612314e+12 1.578600e-12 2.620797e+03 
d 7.427000e-10 1.045366e+00  3.828821e+02 7.856704e+01 -1.868396e+00 5.692401e+12 1.578600e-12 3.828821e+02 
d 7.427000e-10 1.046523e+00  2.435964e+02 7.770447e+01 -2.730966e+00 5.769950e+12 1.578600e-12 2.435964e+02 
d 7.427000e-10 1.047681e+00  1.810965e+02 7.668401e+01 -3.751429e+00 5.845016e+12 1.578600e-12 1.810965e+02 
d 7.427000e-10 1.048839e+00  1.403615e+02 7.550287e+01 -4.932569e+00 5.917649e+12 1.578600e-12 1.403615e+02 
d 7.427000e-10 1.049996e+00  1.121451e+02 7.415801e+01 -6.277431e+00 5.987891e+12 1.578600e-12 1.121451e+02 
d 7.427000e-10 1.051154e+00  9.172888e+01 7.264613e+01 -7.789306e+00 6.055776e+12 1.578600e-12 9.172888e+01 
d 7.427000e-10 1.052311e+00  7.644741e+01 7.096371e+01 -9.471721e+00 6.121337e+12 1.578600e-12 7.644741e+01 
d 7.427000e-10 1.053469e+00  6.469561e+01 6.910701e+01 -1.132843e+01 6.184599e+12 1.578600e-12 6.469561e+01 
d 7.427000e-10 1.054627e+00  5.545560e+01 6.707204e+01 -1.336340e+01 6.245584e+12 1.578600e-12 5.545560e+01 
d 7.427000e-10 1.055784e+00  4.805417e+01 6.485463e+01 -1.558080e+01 6.304307e+12 1.578600e-12 4.805417e+01 
d 7.427000e-10 1.056942e+00  4.203054e+01 6.245043e+01 -1.798501e+01 6.360783e+12 1.578600e-12 4.203054e+01 
d 7.427000e-10 1.058100e+00  3.706030e+01 5.985486e+01 -2.058058e+01 6.415020e+12 1.578600e-12 3.706030e+01 
d 7.427000e-10 1.059257e+00  3.290952e+01 5.706319e+01 -2.337224e+01 6.467026e+12 1.578600e-12 3.290952e+01 
d 7.427000e-10 1.060415e+00  2.940600e+01 5.407052e+01 -2.636491e+01 6.516802e+12 1.578600e-12 2.940600e+01 
d 7.427000e-10 1.061573e+00  2.642072e+01 5.087179e+01 -2.956365e+01 6.564350e+12 1.578600e-12 2.642072e+01 
d 7.427000e-10 1.062730e+00  2.385540e+01 4.746177e+01 -3.297366e+01 6.609667e+12 1.578600e-12 2.385540e+01 
d 7.427000e-10 1.063888e+00  2.163413e+01 4.383512e+01 -3.660032e+01 6.652749e+12 1.578600e-12 2.163413e+01 
d 7.427000e-10 1.065046e+00  1.969753e+01 3.998635e+01 -4.044909e+01 6.693588e+12 1.578600e-12 1.969753e+01 
d 7.427000e-10 1.066203e+00  1.799855e+01 3.590986e+01 -4.452558e+01 6.732175e+12 1.578600e-12 1.799855e+01 
d 7.427000e-10 1.067361e+00  1.649957e+01 3.159994e+01 -4.883550e+01 6.768500e+12 1.578600e-12 1.649957e+01 
d 7.427000e-10 1.068519e+00  1.517018e+01 2.705079e+01 -5.338464e+01 6.802550e+12 1.578600e-12 1.517018e+01 
d 7.427000e-10 1.069676e+00  1.398558e+01 2.225655e+01 -5.817889e+01 6.834310e+12 1.578600e-12 1.398558e+01 
d 7.427000e-10 1.070834e+00  1.292539e+01 1.721125e+01 -6.322418e+01 6.863766e+12 1.578600e-12 1.292539e+01 
d 7.427000e-10 1.071992e+00  1.197271e+01 1.190892e+01 -6.852651e+01 6.890900e+12 1.578600e-12 1.197271e+01 
d 7.427000e-10 1.073149e+00  1.111346e+01 6.343528e+00 -7.409191e+01 6.915695e+12 1.578600e-12 1.111346e+01 
d 7.427000e-10 1.074307e+00  1.033580e+01 5.090329e-01 -7.992640e+01 6.938132e+12 1.578600e-12 1.033580e+01 
d 7.427000e-10 1.075465e+00  9.629733e+00 -5.600599e+00 -8.603604e+01 6.958191e+12 1.578600e-12 9.629733e+00 
d 7.427000e-10 1.076622e+00  8.986759e+00 -1.199138e+01 -9.242682e+01 6.975853e+12 1.578600e-12 8.986759e+00 
d 7.427000e-10 1.077780e+00  8.399618e+00 -1.866928e+01 -9.910472e+01 6.991099e+12 1.578600e-12 8.399618e+00 
d 7.427000e-10 1.078938e+00  7.862073e+00 -2.564021e+01 -1.060756e+02 7.003906e+12 1.578600e-12 7.862073e+00 
d 7.427000e-10 1.080095e+00  7.368746e+00 -3.290998e+01 -1.133454e+02 7.014255e+12 1.578600e-12 7.368746e+00 
d 7.427000e-10 1.081253e+00  6.914972e+00 -4.048430e+01 -1.209197e+02 7.022126e+12 1.578600e-12 6.914972e+00 
d 7.427000e-10 1.082411e+00  6.496695e+00 -4.836874e+01 -1.288042e+02 7.027498e+12 1.578600e-12 6.496695e+00 
d 7.427000e-10 1.083568e+00  6.110369e+00 -5.656870e+01 -1.370041e+02 7.030353e+12 1.578600e-12 6.110369e+00 
d 7.427000e-10 1.084726e+00  5.752885e+00 -6.508942e+01 -1.455249e+02 7.030671e+12 1.578600e-12 5.752885e+00 
d 7.427000e-10 1.085884e+00  5.421506e+00 -7.393589e+01 -1.543713e+02 7.028435e+12 1.578600e-12 5.421506e+00 
d 7.427000e-10 1.087041e+00  5.113815e+00 -8.311287e+01 -1.635483e+02 7.023629e+12 1.578600e-12 5.113815e+00 
d 7.427000e-10 1.088199e+00  4.827672e+00 -9.262486e+01 -1.730603e+02 7.016237e+12 1.578600e-12 4.827672e+00 
d 7.427000e-10 1.089357e+00  4.561174e+00 -1.024760e+02 -1.829115e+02 7.006246e+12 1.578600e-12 4.561174e+00 
d 7.427000e-10 1.090514e+00  4.312625e+00 -1.126703e+02 -1.931057e+02 6.993643e+12 1.578600e-12 4.312625e+00 
d 7.427000e-10 1.091672e+00  4.080510e+00 -1.232111e+02 -2.036465e+02 6.978419e+12 1.578600e-12 4.080510e+00 
d 7.427000e-10 1.092830e+00  3.863471e+00 -1.341016e+02 -2.145370e+02 6.960566e+12 1.578600e-12 3.863471e+00 
d 7.427000e-10 1.093987e+00  3.660289e+00 -1.453444e+02 -2.257798e+02 6.940077e+12 1.578600e-12 3.660289e+00 
d 7.427000e-10 1.095145e+00  3.469865e+00 -1.569418e+02 -2.373772e+02 6.916951e+12 1.578600e-12 3.469865e+00 
d 7.427000e-10 1.096302e+00  3.291208e+00 -1.688956e+02 -2.493310e+02 6.891186e+12 1.578600e-12 3.291208e+00 
d 7.427000e-10 1.097460e+00  3.123421e+00 -1.812070e+02 -2.616424e+02 6.862786e+12 1.578600e-12 3.123421e+00 
