v ATLAS
# This file was created by ATLAS version 5.26.1.R on Tue Apr 17 04:25:36 2018.
#SSF 2.0 generic
##############################################################################
#                    Copyright (c) 1984 - 2018                               #
#                    Silvaco Inc. All rights reserved                        #
#                                                                            #
# This file format and the following Key are copyright Silvaco Inc.          #
# You may not use, this format or key without reproducing this message in    #
# full and obtaining express written permission from Silvaco Inc.            #
#                                                                            #
# To obtain such permission please contact: Silvaco Inc.                     #
#                                           support@silvaco.com              #
#                                                                            #
# KEY=SVC86hn7562asdx                       PROD=345                         #
##############################################################################
o 3002 Net gain, mode 1
o 3003 Photon lifetime (s)
p 8 61 2211 2001 2201 3000 2214 3001 2212
d 4.627000e-10 1.009478e+00  5.682602e+00 0.000000e+00 -8.045754e+01 3.839573e+12 1.578138e-12 5.682602e+00 
d 4.627000e-10 1.010636e+00  5.682602e+00 0.000000e+00 -8.045754e+01 3.839573e+12 1.578138e-12 5.682602e+00 
d 4.627000e-10 1.011793e+00  2.066986e+00 2.028283e+01 -6.017471e+01 1.044548e+12 1.578138e-12 2.066986e+00 
d 4.627000e-10 1.012951e+00  3.574376e+00 2.970631e+01 -5.075123e+01 1.523456e+12 1.578138e-12 3.574376e+00 
d 4.627000e-10 1.014109e+00  5.101750e+00 3.657303e+01 -4.388452e+01 1.880289e+12 1.578138e-12 5.101750e+00 
d 4.627000e-10 1.015266e+00  6.765773e+00 4.214747e+01 -3.831007e+01 2.176916e+12 1.578138e-12 6.765773e+00 
d 4.627000e-10 1.016424e+00  8.638870e+00 4.688896e+01 -3.356858e+01 2.435718e+12 1.578138e-12 8.638870e+00 
d 4.627000e-10 1.017582e+00  1.079141e+01 5.102661e+01 -2.943094e+01 2.667833e+12 1.578138e-12 1.079141e+01 
d 4.627000e-10 1.018739e+00  1.330508e+01 5.469416e+01 -2.576338e+01 2.879763e+12 1.578138e-12 1.330508e+01 
d 4.627000e-10 1.019897e+00  1.628238e+01 5.797758e+01 -2.247997e+01 3.075694e+12 1.578138e-12 1.628238e+01 
d 4.627000e-10 1.021055e+00  1.985744e+01 6.093575e+01 -1.952179e+01 3.258506e+12 1.578138e-12 1.985744e+01 
d 4.627000e-10 1.022212e+00  2.421085e+01 6.361094e+01 -1.684660e+01 3.430282e+12 1.578138e-12 2.421085e+01 
d 4.627000e-10 1.023370e+00  2.959170e+01 6.603449e+01 -1.442305e+01 3.592584e+12 1.578138e-12 2.959170e+01 
d 4.627000e-10 1.024528e+00  3.635172e+01 6.823025e+01 -1.222729e+01 3.746619e+12 1.578138e-12 3.635172e+01 
d 4.627000e-10 1.025685e+00  4.500027e+01 7.021668e+01 -1.024086e+01 3.893341e+12 1.578138e-12 4.500027e+01 
d 4.627000e-10 1.026843e+00  5.629663e+01 7.200829e+01 -8.449251e+00 4.033517e+12 1.578138e-12 5.629663e+01 
d 4.627000e-10 1.028001e+00  7.141371e+01 7.361656e+01 -6.840983e+00 4.167776e+12 1.578138e-12 7.141371e+01 
d 4.627000e-10 1.029158e+00  9.224889e+01 7.505062e+01 -5.406918e+00 4.296642e+12 1.578138e-12 9.224889e+01 
d 4.627000e-10 1.030316e+00  1.220643e+02 7.631776e+01 -4.139784e+00 4.420551e+12 1.578138e-12 1.220643e+02 
d 4.627000e-10 1.031474e+00  1.669444e+02 7.742372e+01 -3.033820e+00 4.539875e+12 1.578138e-12 1.669444e+02 
d 4.627000e-10 1.032631e+00  2.399038e+02 7.837303e+01 -2.084508e+00 4.654932e+12 1.578138e-12 2.399038e+02 
d 4.627000e-10 1.033789e+00  3.851597e+02 7.916917e+01 -1.288374e+00 4.765992e+12 1.578138e-12 3.851597e+02 
d 4.627000e-10 1.034947e+00  1.110913e+03 7.981472e+01 -6.428222e-01 4.873294e+12 1.578138e-12 1.110913e+03 
d 4.627000e-10 1.036104e+00  1.860680e+04 8.031152e+01 -1.460203e-01 4.977040e+12 1.578138e-12 1.860680e+04 
d 4.627000e-10 1.037262e+00  7.653582e+05 8.066075e+01 2.032053e-01 5.077412e+12 1.578138e-12 7.653582e+05 
d 4.627000e-10 1.038420e+00  2.020149e+06 8.086299e+01 4.054454e-01 5.174565e+12 1.578138e-12 2.020149e+06 
d 4.627000e-10 1.039577e+00  2.861926e+06 8.091831e+01 4.607727e-01 5.268638e+12 1.578138e-12 2.861926e+06 
d 4.627000e-10 1.040735e+00  2.180045e+06 8.082634e+01 3.687941e-01 5.359752e+12 1.578138e-12 2.180045e+06 
d 4.627000e-10 1.041893e+00  8.821775e+05 8.058624e+01 1.286938e-01 5.448012e+12 1.578138e-12 8.821775e+05 
d 4.627000e-10 1.043050e+00  1.861442e+05 8.019681e+01 -2.607309e-01 5.533515e+12 1.578138e-12 1.861442e+05 
d 4.627000e-10 1.044208e+00  2.013232e+04 7.965650e+01 -8.010395e-01 5.616342e+12 1.578138e-12 2.013232e+04 
d 4.627000e-10 1.045366e+00  1.560557e+03 7.896342e+01 -1.494123e+00 5.696566e+12 1.578138e-12 1.560557e+03 
d 4.627000e-10 1.046523e+00  2.828275e+02 7.811536e+01 -2.342182e+00 5.774251e+12 1.578138e-12 2.828275e+02 
d 4.627000e-10 1.047681e+00  1.894521e+02 7.710983e+01 -3.347707e+00 5.849454e+12 1.578138e-12 1.894521e+02 
d 4.627000e-10 1.048839e+00  1.464256e+02 7.594408e+01 -4.513466e+00 5.922222e+12 1.578138e-12 1.464256e+02 
d 4.627000e-10 1.049996e+00  1.169281e+02 7.461506e+01 -5.842484e+00 5.992599e+12 1.578138e-12 1.169281e+02 
d 4.627000e-10 1.051154e+00  9.552127e+01 7.311950e+01 -7.338038e+00 6.060620e+12 1.578138e-12 9.552127e+01 
d 4.627000e-10 1.052311e+00  7.945494e+01 7.145391e+01 -9.003636e+00 6.126316e+12 1.578138e-12 7.945494e+01 
d 4.627000e-10 1.053469e+00  6.708452e+01 6.961453e+01 -1.084302e+01 6.189713e+12 1.578138e-12 6.708452e+01 
d 4.627000e-10 1.054627e+00  5.736125e+01 6.759741e+01 -1.286013e+01 6.250833e+12 1.578138e-12 5.736125e+01 
d 4.627000e-10 1.055784e+00  4.958429e+01 6.539841e+01 -1.505913e+01 6.309692e+12 1.578138e-12 4.958429e+01 
d 4.627000e-10 1.056942e+00  4.326903e+01 6.301316e+01 -1.744438e+01 6.366303e+12 1.578138e-12 4.326903e+01 
d 4.627000e-10 1.058100e+00  3.807161e+01 6.043713e+01 -2.002041e+01 6.420676e+12 1.578138e-12 3.807161e+01 
d 4.627000e-10 1.059257e+00  3.374282e+01 5.766558e+01 -2.279196e+01 6.472818e+12 1.578138e-12 3.374282e+01 
d 4.627000e-10 1.060415e+00  3.009879e+01 5.469363e+01 -2.576391e+01 6.522732e+12 1.578138e-12 3.009879e+01 
d 4.627000e-10 1.061573e+00  2.700168e+01 5.151623e+01 -2.894131e+01 6.570417e+12 1.578138e-12 2.700168e+01 
d 4.627000e-10 1.062730e+00  2.434658e+01 4.812817e+01 -3.232937e+01 6.615872e+12 1.578138e-12 2.434658e+01 
d 4.627000e-10 1.063888e+00  2.205263e+01 4.452411e+01 -3.593343e+01 6.659091e+12 1.578138e-12 2.205263e+01 
d 4.627000e-10 1.065046e+00  2.005666e+01 4.069857e+01 -3.975897e+01 6.700069e+12 1.578138e-12 2.005666e+01 
d 4.627000e-10 1.066203e+00  1.830881e+01 3.664597e+01 -4.381157e+01 6.738795e+12 1.578138e-12 1.830881e+01 
d 4.627000e-10 1.067361e+00  1.676928e+01 3.236060e+01 -4.809695e+01 6.775260e+12 1.578138e-12 1.676928e+01 
d 4.627000e-10 1.068519e+00  1.540599e+01 2.783666e+01 -5.262088e+01 6.809450e+12 1.578138e-12 1.540599e+01 
d 4.627000e-10 1.069676e+00  1.419286e+01 2.306830e+01 -5.738925e+01 6.841350e+12 1.578138e-12 1.419286e+01 
d 4.627000e-10 1.070834e+00  1.310849e+01 1.804955e+01 -6.240799e+01 6.870947e+12 1.578138e-12 1.310849e+01 
d 4.627000e-10 1.071992e+00  1.213520e+01 1.277444e+01 -6.768310e+01 6.898222e+12 1.578138e-12 1.213520e+01 
d 4.627000e-10 1.073149e+00  1.125828e+01 7.236944e+00 -7.322060e+01 6.923159e+12 1.578138e-12 1.125828e+01 
d 4.627000e-10 1.074307e+00  1.046538e+01 1.431009e+00 -7.902653e+01 6.945738e+12 1.578138e-12 1.046538e+01 
d 4.627000e-10 1.075465e+00  9.746103e+00 -4.649403e+00 -8.510694e+01 6.965940e+12 1.578138e-12 9.746103e+00 
d 4.627000e-10 1.076622e+00  9.091628e+00 -1.101031e+01 -9.146785e+01 6.983745e+12 1.578138e-12 9.091628e+00 
d 4.627000e-10 1.077780e+00  8.494424e+00 -1.765770e+01 -9.811524e+01 6.999133e+12 1.578138e-12 8.494424e+00 
d 4.627000e-10 1.078938e+00  7.948039e+00 -2.459748e+01 -1.050550e+02 7.012082e+12 1.578138e-12 7.948039e+00 
d 4.627000e-10 1.080095e+00  7.446912e+00 -3.183549e+01 -1.122930e+02 7.022574e+12 1.578138e-12 7.446912e+00 
d 4.627000e-10 1.081253e+00  6.986232e+00 -3.937746e+01 -1.198350e+02 7.030587e+12 1.578138e-12 6.986232e+00 
d 4.627000e-10 1.082411e+00  6.561817e+00 -4.722897e+01 -1.276865e+02 7.036102e+12 1.578138e-12 6.561817e+00 
d 4.627000e-10 1.083568e+00  6.170018e+00 -5.539545e+01 -1.358530e+02 7.039098e+12 1.578138e-12 6.170018e+00 
d 4.627000e-10 1.084726e+00  5.807638e+00 -6.388217e+01 -1.443397e+02 7.039557e+12 1.578138e-12 5.807638e+00 
d 4.627000e-10 1.085884e+00  5.471865e+00 -7.269414e+01 -1.531517e+02 7.037461e+12 1.578138e-12 5.471865e+00 
d 4.627000e-10 1.087041e+00  5.160221e+00 -8.183618e+01 -1.622937e+02 7.032794e+12 1.578138e-12 5.160221e+00 
d 4.627000e-10 1.088199e+00  4.870509e+00 -9.131280e+01 -1.717703e+02 7.025540e+12 1.578138e-12 4.870509e+00 
d 4.627000e-10 1.089357e+00  4.600783e+00 -1.011282e+02 -1.815858e+02 7.015685e+12 1.578138e-12 4.600783e+00 
d 4.627000e-10 1.090514e+00  4.349307e+00 -1.112864e+02 -1.917439e+02 7.003218e+12 1.578138e-12 4.349307e+00 
d 4.627000e-10 1.091672e+00  4.114530e+00 -1.217908e+02 -2.022484e+02 6.988127e+12 1.578138e-12 4.114530e+00 
d 4.627000e-10 1.092830e+00  3.895067e+00 -1.326447e+02 -2.131022e+02 6.970404e+12 1.578138e-12 3.895067e+00 
d 4.627000e-10 1.093987e+00  3.689670e+00 -1.438507e+02 -2.243082e+02 6.950044e+12 1.578138e-12 3.689670e+00 
d 4.627000e-10 1.095145e+00  3.497221e+00 -1.554112e+02 -2.358687e+02 6.927044e+12 1.578138e-12 3.497221e+00 
d 4.627000e-10 1.096302e+00  3.316707e+00 -1.673280e+02 -2.477855e+02 6.901402e+12 1.578138e-12 3.316707e+00 
d 4.627000e-10 1.097460e+00  3.147216e+00 -1.796024e+02 -2.600599e+02 6.873122e+12 1.578138e-12 3.147216e+00 
