v ATLAS
# This file was created by ATLAS version 5.26.1.R on Tue Apr 17 04:29:30 2018.
#SSF 2.0 generic
##############################################################################
#                    Copyright (c) 1984 - 2018                               #
#                    Silvaco Inc. All rights reserved                        #
#                                                                            #
# This file format and the following Key are copyright Silvaco Inc.          #
# You may not use, this format or key without reproducing this message in    #
# full and obtaining express written permission from Silvaco Inc.            #
#                                                                            #
# To obtain such permission please contact: Silvaco Inc.                     #
#                                           support@silvaco.com              #
#                                                                            #
# KEY=SVC86hn7562asdx                       PROD=345                         #
##############################################################################
o 3002 Net gain, mode 1
o 3003 Photon lifetime (s)
p 8 61 2211 2001 2201 3000 2214 3001 2212
d 7.527000e-10 1.009478e+00  5.676547e+00 0.000000e+00 -8.043588e+01 3.834350e+12 1.578591e-12 5.676547e+00 
d 7.527000e-10 1.010636e+00  5.676547e+00 0.000000e+00 -8.043588e+01 3.834350e+12 1.578591e-12 5.676547e+00 
d 7.527000e-10 1.011793e+00  2.069721e+00 2.023959e+01 -6.019630e+01 1.046272e+12 1.578591e-12 2.069721e+00 
d 7.527000e-10 1.012951e+00  3.574390e+00 2.964186e+01 -5.079402e+01 1.524678e+12 1.578591e-12 3.574390e+00 
d 7.527000e-10 1.014109e+00  5.097504e+00 3.649224e+01 -4.394364e+01 1.881134e+12 1.578591e-12 5.097504e+00 
d 7.527000e-10 1.015266e+00  6.755151e+00 4.205261e+01 -3.838327e+01 2.177445e+12 1.578591e-12 6.755151e+00 
d 7.527000e-10 1.016424e+00  8.618906e+00 4.678138e+01 -3.365450e+01 2.435969e+12 1.578591e-12 8.618906e+00 
d 7.527000e-10 1.017582e+00  1.075792e+01 5.090717e+01 -2.952871e+01 2.667832e+12 1.578591e-12 1.075792e+01 
d 7.527000e-10 1.018739e+00  1.325210e+01 5.456348e+01 -2.587240e+01 2.879530e+12 1.578591e-12 1.325210e+01 
d 7.527000e-10 1.019897e+00  1.620139e+01 5.783606e+01 -2.259982e+01 3.075244e+12 1.578591e-12 1.620139e+01 
d 7.527000e-10 1.021055e+00  1.973622e+01 6.078371e+01 -1.965217e+01 3.257851e+12 1.578591e-12 1.973622e+01 
d 7.527000e-10 1.022212e+00  2.403183e+01 6.344857e+01 -1.698731e+01 3.429432e+12 1.578591e-12 2.403183e+01 
d 7.527000e-10 1.023370e+00  2.932966e+01 6.586192e+01 -1.457396e+01 3.591549e+12 1.578591e-12 2.932966e+01 
d 7.527000e-10 1.024528e+00  3.597075e+01 6.804756e+01 -1.238832e+01 3.745405e+12 1.578591e-12 3.597075e+01 
d 7.527000e-10 1.025685e+00  4.444993e+01 7.002389e+01 -1.041199e+01 3.891954e+12 1.578591e-12 4.444993e+01 
d 7.527000e-10 1.026843e+00  5.550740e+01 7.180538e+01 -8.630503e+00 4.031963e+12 1.578591e-12 5.550740e+01 
d 7.527000e-10 1.028001e+00  7.029125e+01 7.340348e+01 -7.032405e+00 4.166060e+12 1.578591e-12 7.029125e+01 
d 7.527000e-10 1.029158e+00  9.066223e+01 7.482729e+01 -5.608594e+00 4.294768e+12 1.578591e-12 9.066223e+01 
d 7.527000e-10 1.030316e+00  1.198066e+02 7.608405e+01 -4.351828e+00 4.418523e+12 1.578591e-12 1.198066e+02 
d 7.527000e-10 1.031474e+00  1.635751e+02 7.717951e+01 -3.256371e+00 4.537696e+12 1.578591e-12 1.635751e+02 
d 7.527000e-10 1.032631e+00  2.337591e+02 7.811815e+01 -2.317731e+00 4.652603e+12 1.578591e-12 2.337591e+02 
d 7.527000e-10 1.033789e+00  3.582638e+02 7.890342e+01 -1.532456e+00 4.763518e+12 1.578591e-12 3.582638e+02 
d 7.527000e-10 1.034947e+00  6.892574e+02 7.953791e+01 -8.979752e-01 4.870676e+12 1.578591e-12 6.892574e+02 
d 7.527000e-10 1.036104e+00  8.362561e+03 8.002341e+01 -4.124748e-01 4.974281e+12 1.578591e-12 8.362561e+03 
d 7.527000e-10 1.037262e+00  5.937214e+05 8.036108e+01 -7.480283e-02 5.074513e+12 1.578591e-12 5.937214e+05 
d 7.527000e-10 1.038420e+00  2.242404e+06 8.055149e+01 1.156117e-01 5.171529e+12 1.578591e-12 2.242404e+06 
d 7.527000e-10 1.039577e+00  3.434069e+06 8.059470e+01 1.588222e-01 5.265465e+12 1.578591e-12 3.434069e+06 
d 7.527000e-10 1.040735e+00  2.131190e+06 8.049030e+01 5.441625e-02 5.356443e+12 1.578591e-12 2.131190e+06 
d 7.527000e-10 1.041893e+00  5.303679e+05 8.023744e+01 -1.984406e-01 5.444569e+12 1.578591e-12 5.303679e+05 
d 7.527000e-10 1.043050e+00  5.261452e+04 7.983491e+01 -6.009695e-01 5.529938e+12 1.578591e-12 5.261452e+04 
d 7.527000e-10 1.044208e+00  2.473156e+03 7.928113e+01 -1.154748e+00 5.612632e+12 1.578591e-12 2.473156e+03 
d 7.527000e-10 1.045366e+00  3.807723e+02 7.857420e+01 -1.861685e+00 5.692724e+12 1.578591e-12 3.807723e+02 
d 7.527000e-10 1.046523e+00  2.449815e+02 7.771188e+01 -2.724000e+00 5.770278e+12 1.578591e-12 2.449815e+02 
d 7.527000e-10 1.047681e+00  1.821104e+02 7.669168e+01 -3.744200e+00 5.845350e+12 1.578591e-12 1.821104e+02 
d 7.527000e-10 1.048839e+00  1.410825e+02 7.551081e+01 -4.925070e+00 5.917987e+12 1.578591e-12 1.410825e+02 
d 7.527000e-10 1.049996e+00  1.126534e+02 7.416623e+01 -6.269653e+00 5.988233e+12 1.578591e-12 1.126534e+02 
d 7.527000e-10 1.051154e+00  9.208569e+01 7.265464e+01 -7.781241e+00 6.056124e+12 1.578591e-12 9.208569e+01 
d 7.527000e-10 1.052311e+00  7.669838e+01 7.097252e+01 -9.463361e+00 6.121690e+12 1.578591e-12 7.669838e+01 
d 7.527000e-10 1.053469e+00  6.487355e+01 6.911612e+01 -1.131976e+01 6.184957e+12 1.578591e-12 6.487355e+01 
d 7.527000e-10 1.054627e+00  5.558333e+01 6.708146e+01 -1.335442e+01 6.245946e+12 1.578591e-12 5.558333e+01 
d 7.527000e-10 1.055784e+00  4.814727e+01 6.486438e+01 -1.557150e+01 6.304674e+12 1.578591e-12 4.814727e+01 
d 7.527000e-10 1.056942e+00  4.209953e+01 6.246051e+01 -1.797537e+01 6.361154e+12 1.578591e-12 4.209953e+01 
d 7.527000e-10 1.058100e+00  3.711230e+01 5.986528e+01 -2.057060e+01 6.415397e+12 1.578591e-12 3.711230e+01 
d 7.527000e-10 1.059257e+00  3.294937e+01 5.707397e+01 -2.336191e+01 6.467407e+12 1.578591e-12 3.294937e+01 
d 7.527000e-10 1.060415e+00  2.943704e+01 5.408167e+01 -2.635421e+01 6.517188e+12 1.578591e-12 2.943704e+01 
d 7.527000e-10 1.061573e+00  2.644525e+01 5.088331e+01 -2.955257e+01 6.564741e+12 1.578591e-12 2.644525e+01 
d 7.527000e-10 1.062730e+00  2.387507e+01 4.747368e+01 -3.296220e+01 6.610063e+12 1.578591e-12 2.387507e+01 
d 7.527000e-10 1.063888e+00  2.165011e+01 4.384742e+01 -3.658846e+01 6.653150e+12 1.578591e-12 2.165011e+01 
d 7.527000e-10 1.065046e+00  1.971066e+01 3.999906e+01 -4.043682e+01 6.693994e+12 1.578591e-12 1.971066e+01 
d 7.527000e-10 1.066203e+00  1.800947e+01 3.592299e+01 -4.451289e+01 6.732586e+12 1.578591e-12 1.800947e+01 
d 7.527000e-10 1.067361e+00  1.650874e+01 3.161350e+01 -4.882238e+01 6.768916e+12 1.578591e-12 1.650874e+01 
d 7.527000e-10 1.068519e+00  1.517796e+01 2.706480e+01 -5.337108e+01 6.802971e+12 1.578591e-12 1.517796e+01 
d 7.527000e-10 1.069676e+00  1.399223e+01 2.227101e+01 -5.816487e+01 6.834736e+12 1.578591e-12 1.399223e+01 
d 7.527000e-10 1.070834e+00  1.293112e+01 1.722619e+01 -6.320969e+01 6.864197e+12 1.578591e-12 1.293112e+01 
d 7.527000e-10 1.071992e+00  1.197769e+01 1.192434e+01 -6.851154e+01 6.891336e+12 1.578591e-12 1.197769e+01 
d 7.527000e-10 1.073149e+00  1.111781e+01 6.359441e+00 -7.407644e+01 6.916136e+12 1.578591e-12 1.111781e+01 
d 7.527000e-10 1.074307e+00  1.033963e+01 5.254527e-01 -7.991043e+01 6.938577e+12 1.578591e-12 1.033963e+01 
d 7.527000e-10 1.075465e+00  9.633118e+00 -5.583660e+00 -8.601954e+01 6.958642e+12 1.578591e-12 9.633118e+00 
d 7.527000e-10 1.076622e+00  8.989770e+00 -1.197391e+01 -9.240979e+01 6.976310e+12 1.578591e-12 8.989770e+00 
d 7.527000e-10 1.077780e+00  8.402308e+00 -1.865127e+01 -9.908715e+01 6.991560e+12 1.578591e-12 8.402308e+00 
d 7.527000e-10 1.078938e+00  7.864489e+00 -2.562164e+01 -1.060575e+02 7.004372e+12 1.578591e-12 7.864489e+00 
d 7.527000e-10 1.080095e+00  7.370923e+00 -3.289085e+01 -1.133267e+02 7.014727e+12 1.578591e-12 7.370923e+00 
d 7.527000e-10 1.081253e+00  6.916942e+00 -4.046459e+01 -1.209005e+02 7.022602e+12 1.578591e-12 6.916942e+00 
d 7.527000e-10 1.082411e+00  6.498484e+00 -4.834844e+01 -1.287843e+02 7.027980e+12 1.578591e-12 6.498484e+00 
d 7.527000e-10 1.083568e+00  6.112000e+00 -5.654780e+01 -1.369837e+02 7.030840e+12 1.578591e-12 6.112000e+00 
d 7.527000e-10 1.084726e+00  5.754375e+00 -6.506790e+01 -1.455038e+02 7.031163e+12 1.578591e-12 5.754375e+00 
d 7.527000e-10 1.085884e+00  5.422872e+00 -7.391375e+01 -1.543496e+02 7.028933e+12 1.578591e-12 5.422872e+00 
d 7.527000e-10 1.087041e+00  5.115071e+00 -8.309010e+01 -1.635260e+02 7.024132e+12 1.578591e-12 5.115071e+00 
d 7.527000e-10 1.088199e+00  4.828830e+00 -9.260145e+01 -1.730373e+02 7.016745e+12 1.578591e-12 4.828830e+00 
d 7.527000e-10 1.089357e+00  4.562243e+00 -1.024520e+02 -1.828879e+02 7.006759e+12 1.578591e-12 4.562243e+00 
d 7.527000e-10 1.090514e+00  4.313615e+00 -1.126456e+02 -1.930815e+02 6.994161e+12 1.578591e-12 4.313615e+00 
d 7.527000e-10 1.091672e+00  4.081429e+00 -1.231857e+02 -2.036216e+02 6.978942e+12 1.578591e-12 4.081429e+00 
d 7.527000e-10 1.092830e+00  3.864325e+00 -1.340755e+02 -2.145114e+02 6.961094e+12 1.578591e-12 3.864325e+00 
d 7.527000e-10 1.093987e+00  3.661084e+00 -1.453177e+02 -2.257535e+02 6.940610e+12 1.578591e-12 3.661084e+00 
d 7.527000e-10 1.095145e+00  3.470607e+00 -1.569144e+02 -2.373503e+02 6.917489e+12 1.578591e-12 3.470607e+00 
d 7.527000e-10 1.096302e+00  3.291901e+00 -1.688675e+02 -2.493034e+02 6.891729e+12 1.578591e-12 3.291901e+00 
d 7.527000e-10 1.097460e+00  3.124070e+00 -1.811782e+02 -2.616141e+02 6.863334e+12 1.578591e-12 3.124070e+00 
