v ATLAS
# This file was created by ATLAS version 5.26.1.R on Tue Apr 17 04:30:52 2018.
#SSF 2.0 generic
##############################################################################
#                    Copyright (c) 1984 - 2018                               #
#                    Silvaco Inc. All rights reserved                        #
#                                                                            #
# This file format and the following Key are copyright Silvaco Inc.          #
# You may not use, this format or key without reproducing this message in    #
# full and obtaining express written permission from Silvaco Inc.            #
#                                                                            #
# To obtain such permission please contact: Silvaco Inc.                     #
#                                           support@silvaco.com              #
#                                                                            #
# KEY=SVC86hn7562asdx                       PROD=345                         #
##############################################################################
o 3002 Net gain, mode 1
o 3003 Photon lifetime (s)
p 8 61 2211 2001 2201 3000 2214 3001 2212
d 8.627000e-10 1.009478e+00  5.674249e+00 0.000000e+00 -8.042936e+01 3.832552e+12 1.578727e-12 5.674249e+00 
d 8.627000e-10 1.010636e+00  5.674249e+00 0.000000e+00 -8.042936e+01 3.832552e+12 1.578727e-12 5.674249e+00 
d 8.627000e-10 1.011793e+00  2.070378e+00 2.022663e+01 -6.020273e+01 1.046730e+12 1.578727e-12 2.070378e+00 
d 8.627000e-10 1.012951e+00  3.574105e+00 2.962256e+01 -5.080680e+01 1.524975e+12 1.578727e-12 3.574105e+00 
d 8.627000e-10 1.014109e+00  5.095764e+00 3.646804e+01 -4.396132e+01 1.881309e+12 1.578727e-12 5.095764e+00 
d 8.627000e-10 1.015266e+00  6.751235e+00 4.202421e+01 -3.840515e+01 2.177518e+12 1.578727e-12 6.751235e+00 
d 8.627000e-10 1.016424e+00  8.611786e+00 4.674916e+01 -3.368020e+01 2.435952e+12 1.578727e-12 8.611786e+00 
d 8.627000e-10 1.017582e+00  1.074612e+01 5.087141e+01 -2.955795e+01 2.667735e+12 1.578727e-12 1.074612e+01 
d 8.627000e-10 1.018739e+00  1.323347e+01 5.452435e+01 -2.590501e+01 2.879358e+12 1.578727e-12 1.323347e+01 
d 8.627000e-10 1.019897e+00  1.617280e+01 5.779369e+01 -2.263567e+01 3.075001e+12 1.578727e-12 1.617280e+01 
d 8.627000e-10 1.021055e+00  1.969304e+01 6.073818e+01 -1.969118e+01 3.257543e+12 1.578727e-12 1.969304e+01 
d 8.627000e-10 1.022212e+00  2.396719e+01 6.339995e+01 -1.702941e+01 3.429062e+12 1.578727e-12 2.396719e+01 
d 8.627000e-10 1.023370e+00  2.923333e+01 6.581026e+01 -1.461910e+01 3.591118e+12 1.578727e-12 2.923333e+01 
d 8.627000e-10 1.024528e+00  3.582746e+01 6.799286e+01 -1.243650e+01 3.744917e+12 1.578727e-12 3.582746e+01 
d 8.627000e-10 1.025685e+00  4.423699e+01 6.996617e+01 -1.046319e+01 3.891410e+12 1.578727e-12 4.423699e+01 
d 8.627000e-10 1.026843e+00  5.519149e+01 7.174464e+01 -8.684724e+00 4.031365e+12 1.578727e-12 5.519149e+01 
d 8.627000e-10 1.028001e+00  6.982395e+01 7.333969e+01 -7.089667e+00 4.165410e+12 1.578727e-12 6.982395e+01 
d 8.627000e-10 1.029158e+00  8.997345e+01 7.476044e+01 -5.668922e+00 4.294067e+12 1.578727e-12 8.997345e+01 
d 8.627000e-10 1.030316e+00  1.187906e+02 7.601411e+01 -4.415255e+00 4.417772e+12 1.578727e-12 1.187906e+02 
d 8.627000e-10 1.031474e+00  1.620520e+02 7.710642e+01 -3.322940e+00 4.536896e+12 1.578727e-12 1.620520e+02 
d 8.627000e-10 1.032631e+00  2.313396e+02 7.804187e+01 -2.387491e+00 4.651756e+12 1.578727e-12 2.313396e+02 
d 8.627000e-10 1.033789e+00  3.532873e+02 7.882390e+01 -1.605462e+00 4.762624e+12 1.578727e-12 3.532873e+02 
d 8.627000e-10 1.034947e+00  6.394295e+02 7.945507e+01 -9.742897e-01 4.869736e+12 1.578727e-12 6.394295e+02 
d 8.627000e-10 1.036104e+00  6.208779e+03 7.993719e+01 -4.921671e-01 4.973296e+12 1.578727e-12 6.208779e+03 
d 8.627000e-10 1.037262e+00  5.288351e+05 8.027141e+01 -1.579479e-01 5.073483e+12 1.578727e-12 5.288351e+05 
d 8.627000e-10 1.038420e+00  2.285596e+06 8.045829e+01 2.893271e-02 5.170453e+12 1.578727e-12 2.285596e+06 
d 8.627000e-10 1.039577e+00  3.601882e+06 8.049788e+01 6.852233e-02 5.264345e+12 1.578727e-12 3.601882e+06 
d 8.627000e-10 1.040735e+00  2.066480e+06 8.038976e+01 -3.959697e-02 5.355280e+12 1.578727e-12 2.066480e+06 
d 8.627000e-10 1.041893e+00  4.274559e+05 8.013310e+01 -2.962654e-01 5.443363e+12 1.578727e-12 4.274559e+05 
d 8.627000e-10 1.043050e+00  3.202510e+04 7.972665e+01 -7.027095e-01 5.528689e+12 1.578727e-12 3.202510e+04 
d 8.627000e-10 1.044208e+00  1.314647e+03 7.916885e+01 -1.260513e+00 5.611341e+12 1.578727e-12 1.314647e+03 
d 8.627000e-10 1.045366e+00  3.505902e+02 7.845777e+01 -1.971589e+00 5.691390e+12 1.578727e-12 3.505902e+02 
d 8.627000e-10 1.046523e+00  2.408020e+02 7.759120e+01 -2.838162e+00 5.768902e+12 1.578727e-12 2.408020e+02 
d 8.627000e-10 1.047681e+00  1.791393e+02 7.656662e+01 -3.862746e+00 5.843931e+12 1.578727e-12 1.791393e+02 
d 8.627000e-10 1.048839e+00  1.388198e+02 7.538123e+01 -5.048130e+00 5.916527e+12 1.578727e-12 1.388198e+02 
d 8.627000e-10 1.049996e+00  1.109126e+02 7.403200e+01 -6.397362e+00 5.986731e+12 1.578727e-12 1.109126e+02 
d 8.627000e-10 1.051154e+00  9.074368e+01 7.251562e+01 -7.913740e+00 6.054579e+12 1.578727e-12 9.074368e+01 
d 8.627000e-10 1.052311e+00  7.566151e+01 7.082857e+01 -9.600795e+00 6.120103e+12 1.578727e-12 7.566151e+01 
d 8.627000e-10 1.053469e+00  6.406848e+01 6.896708e+01 -1.146228e+01 6.183328e+12 1.578727e-12 6.406848e+01 
d 8.627000e-10 1.054627e+00  5.495343e+01 6.692718e+01 -1.350218e+01 6.244275e+12 1.578727e-12 5.495343e+01 
d 8.627000e-10 1.055784e+00  4.764964e+01 6.470470e+01 -1.572466e+01 6.302961e+12 1.578727e-12 4.764964e+01 
d 8.627000e-10 1.056942e+00  4.170218e+01 6.229527e+01 -1.813410e+01 6.359399e+12 1.578727e-12 4.170218e+01 
d 8.627000e-10 1.058100e+00  3.679150e+01 5.969431e+01 -2.073505e+01 6.413600e+12 1.578727e-12 3.679150e+01 
d 8.627000e-10 1.059257e+00  3.268754e+01 5.689709e+01 -2.353227e+01 6.465568e+12 1.578727e-12 3.268754e+01 
d 8.627000e-10 1.060415e+00  2.922109e+01 5.389871e+01 -2.653065e+01 6.515307e+12 1.578727e-12 2.922109e+01 
d 8.627000e-10 1.061573e+00  2.626538e+01 5.069409e+01 -2.973527e+01 6.562817e+12 1.578727e-12 2.626538e+01 
d 8.627000e-10 1.062730e+00  2.372386e+01 4.727802e+01 -3.315134e+01 6.608096e+12 1.578727e-12 2.372386e+01 
d 8.627000e-10 1.063888e+00  2.152191e+01 4.364513e+01 -3.678423e+01 6.651140e+12 1.578727e-12 2.152191e+01 
d 8.627000e-10 1.065046e+00  1.960111e+01 3.978995e+01 -4.063941e+01 6.691941e+12 1.578727e-12 1.960111e+01 
d 8.627000e-10 1.066203e+00  1.791516e+01 3.570688e+01 -4.472249e+01 6.730490e+12 1.578727e-12 1.791516e+01 
d 8.627000e-10 1.067361e+00  1.642701e+01 3.139019e+01 -4.903917e+01 6.766777e+12 1.578727e-12 1.642701e+01 
d 8.627000e-10 1.068519e+00  1.510669e+01 2.683409e+01 -5.359527e+01 6.800788e+12 1.578727e-12 1.510669e+01 
d 8.627000e-10 1.069676e+00  1.392973e+01 2.203271e+01 -5.839665e+01 6.832510e+12 1.578727e-12 1.392973e+01 
d 8.627000e-10 1.070834e+00  1.287602e+01 1.698009e+01 -6.344927e+01 6.861926e+12 1.578727e-12 1.287602e+01 
d 8.627000e-10 1.071992e+00  1.192887e+01 1.167026e+01 -6.875911e+01 6.889022e+12 1.578727e-12 1.192887e+01 
d 8.627000e-10 1.073149e+00  1.107437e+01 6.097172e+00 -7.433219e+01 6.913777e+12 1.578727e-12 1.107437e+01 
d 8.627000e-10 1.074307e+00  1.030081e+01 2.548044e-01 -8.017456e+01 6.936175e+12 1.578727e-12 1.030081e+01 
d 8.627000e-10 1.075465e+00  9.598295e+00 -5.862882e+00 -8.629224e+01 6.956196e+12 1.578727e-12 9.598295e+00 
d 8.627000e-10 1.076622e+00  8.958418e+00 -1.226190e+01 -9.269126e+01 6.973819e+12 1.578727e-12 8.958418e+00 
d 8.627000e-10 1.077780e+00  8.373988e+00 -1.894821e+01 -9.937757e+01 6.989025e+12 1.578727e-12 8.373988e+00 
d 8.627000e-10 1.078938e+00  7.838828e+00 -2.592772e+01 -1.063571e+02 7.001793e+12 1.578727e-12 7.838828e+00 
d 8.627000e-10 1.080095e+00  7.347604e+00 -3.320624e+01 -1.136356e+02 7.012103e+12 1.578727e-12 7.347604e+00 
d 8.627000e-10 1.081253e+00  6.895694e+00 -4.078948e+01 -1.212188e+02 7.019934e+12 1.578727e-12 6.895694e+00 
d 8.627000e-10 1.082411e+00  6.479074e+00 -4.868299e+01 -1.291124e+02 7.025268e+12 1.578727e-12 6.479074e+00 
d 8.627000e-10 1.083568e+00  6.094227e+00 -5.689218e+01 -1.373215e+02 7.028084e+12 1.578727e-12 6.094227e+00 
d 8.627000e-10 1.084726e+00  5.738066e+00 -6.542226e+01 -1.458516e+02 7.028363e+12 1.578727e-12 5.738066e+00 
d 8.627000e-10 1.085884e+00  5.407874e+00 -7.427822e+01 -1.547076e+02 7.026089e+12 1.578727e-12 5.407874e+00 
d 8.627000e-10 1.087041e+00  5.101253e+00 -8.346483e+01 -1.638942e+02 7.021245e+12 1.578727e-12 5.101253e+00 
d 8.627000e-10 1.088199e+00  4.816075e+00 -9.298656e+01 -1.734159e+02 7.013815e+12 1.578727e-12 4.816075e+00 
d 8.627000e-10 1.089357e+00  4.550450e+00 -1.028476e+02 -1.832770e+02 7.003787e+12 1.578727e-12 4.550450e+00 
d 8.627000e-10 1.090514e+00  4.302694e+00 -1.130518e+02 -1.934811e+02 6.991147e+12 1.578727e-12 4.302694e+00 
d 8.627000e-10 1.091672e+00  4.071299e+00 -1.236026e+02 -2.040319e+02 6.975886e+12 1.578727e-12 4.071299e+00 
d 8.627000e-10 1.092830e+00  3.854917e+00 -1.345031e+02 -2.149325e+02 6.957997e+12 1.578727e-12 3.854917e+00 
d 8.627000e-10 1.093987e+00  3.652334e+00 -1.457561e+02 -2.261854e+02 6.937473e+12 1.578727e-12 3.652334e+00 
d 8.627000e-10 1.095145e+00  3.462459e+00 -1.573636e+02 -2.377930e+02 6.914312e+12 1.578727e-12 3.462459e+00 
d 8.627000e-10 1.096302e+00  3.284305e+00 -1.693276e+02 -2.497570e+02 6.888514e+12 1.578727e-12 3.284305e+00 
d 8.627000e-10 1.097460e+00  3.116980e+00 -1.816492e+02 -2.620785e+02 6.860081e+12 1.578727e-12 3.116980e+00 
