v ATLAS
# This file was created by ATLAS version 5.26.1.R on Tue Apr 17 04:24:22 2018.
#SSF 2.0 generic
##############################################################################
#                    Copyright (c) 1984 - 2018                               #
#                    Silvaco Inc. All rights reserved                        #
#                                                                            #
# This file format and the following Key are copyright Silvaco Inc.          #
# You may not use, this format or key without reproducing this message in    #
# full and obtaining express written permission from Silvaco Inc.            #
#                                                                            #
# To obtain such permission please contact: Silvaco Inc.                     #
#                                           support@silvaco.com              #
#                                                                            #
# KEY=SVC86hn7562asdx                       PROD=345                         #
##############################################################################
o 3002 Net gain, mode 1
o 3003 Photon lifetime (s)
p 8 61 2211 2001 2201 3000 2214 3001 2212
d 3.727000e-10 1.009478e+00  5.650967e+00 0.000000e+00 -8.040397e+01 3.814647e+12 1.579259e-12 5.650967e+00 
d 3.727000e-10 1.010636e+00  5.650967e+00 0.000000e+00 -8.040397e+01 3.814647e+12 1.579259e-12 5.650967e+00 
d 3.727000e-10 1.011793e+00  2.057326e+00 2.017916e+01 -6.022482e+01 1.040280e+12 1.579259e-12 2.057326e+00 
d 3.727000e-10 1.012951e+00  3.555262e+00 2.955183e+01 -5.085214e+01 1.517726e+12 1.579259e-12 3.555262e+00 
d 3.727000e-10 1.014109e+00  5.070013e+00 3.637942e+01 -4.402455e+01 1.873462e+12 1.579259e-12 5.070013e+00 
d 3.727000e-10 1.015266e+00  6.716908e+00 4.192020e+01 -3.848377e+01 2.169168e+12 1.579259e-12 6.716908e+00 
d 3.727000e-10 1.016424e+00  8.566713e+00 4.663126e+01 -3.377271e+01 2.427160e+12 1.579259e-12 8.566713e+00 
d 3.727000e-10 1.017582e+00  1.068761e+01 5.074058e+01 -2.966339e+01 2.658543e+12 1.579259e-12 1.068761e+01 
d 3.727000e-10 1.018739e+00  1.315835e+01 5.438126e+01 -2.602271e+01 2.869797e+12 1.579259e-12 1.315835e+01 
d 3.727000e-10 1.019897e+00  1.607765e+01 5.763883e+01 -2.276515e+01 3.065096e+12 1.579259e-12 1.607765e+01 
d 3.727000e-10 1.021055e+00  1.957487e+01 6.057187e+01 -1.983210e+01 3.247312e+12 1.579259e-12 1.957487e+01 
d 3.727000e-10 1.022212e+00  2.382508e+01 6.322243e+01 -1.718154e+01 3.418522e+12 1.579259e-12 2.382508e+01 
d 3.727000e-10 1.023370e+00  2.907215e+01 6.562168e+01 -1.478229e+01 3.580284e+12 1.579259e-12 2.907215e+01 
d 3.727000e-10 1.024528e+00  3.566572e+01 6.779332e+01 -1.261065e+01 3.733799e+12 1.579259e-12 3.566572e+01 
d 3.727000e-10 1.025685e+00  4.412290e+01 6.975570e+01 -1.064827e+01 3.880019e+12 1.579259e-12 4.412290e+01 
d 3.727000e-10 1.026843e+00  5.523446e+01 7.152324e+01 -8.880738e+00 4.019709e+12 1.579259e-12 5.523446e+01 
d 3.727000e-10 1.028001e+00  7.025414e+01 7.310731e+01 -7.296660e+00 4.153497e+12 1.579259e-12 7.025414e+01 
d 3.727000e-10 1.029158e+00  9.125209e+01 7.451700e+01 -5.886974e+00 4.281903e+12 1.579259e-12 9.125209e+01 
d 3.727000e-10 1.030316e+00  1.218282e+02 7.575950e+01 -4.644478e+00 4.405364e+12 1.579259e-12 1.218282e+02 
d 3.727000e-10 1.031474e+00  1.687736e+02 7.684050e+01 -3.563474e+00 4.524249e+12 1.579259e-12 1.687736e+02 
d 3.727000e-10 1.032631e+00  2.477093e+02 7.776447e+01 -2.639505e+00 4.638874e+12 1.579259e-12 2.477093e+02 
d 3.727000e-10 1.033789e+00  4.266752e+02 7.853483e+01 -1.869149e+00 4.749512e+12 1.579259e-12 4.266752e+02 
d 3.727000e-10 1.034947e+00  1.529324e+03 7.915411e+01 -1.249867e+00 4.856397e+12 1.579259e-12 1.529324e+03 
d 3.727000e-10 1.036104e+00  2.508074e+04 7.962410e+01 -7.798741e-01 4.959733e+12 1.579259e-12 2.508074e+04 
d 3.727000e-10 1.037262e+00  8.624947e+05 7.994593e+01 -4.580473e-01 5.059699e+12 1.579259e-12 8.624947e+05 
d 3.727000e-10 1.038420e+00  2.040630e+06 8.012013e+01 -2.838430e-01 5.156452e+12 1.579259e-12 2.040630e+06 
d 3.727000e-10 1.039577e+00  2.826893e+06 8.014674e+01 -2.572347e-01 5.250129e+12 1.579259e-12 2.826893e+06 
d 3.727000e-10 1.040735e+00  2.298515e+06 8.002531e+01 -3.786611e-01 5.340850e+12 1.579259e-12 2.298515e+06 
d 3.727000e-10 1.041893e+00  1.083340e+06 7.975499e+01 -6.489824e-01 5.428721e+12 1.579259e-12 1.083340e+06 
d 3.727000e-10 1.043050e+00  2.899397e+05 7.933453e+01 -1.069446e+00 5.513837e+12 1.579259e-12 2.899397e+05 
d 3.727000e-10 1.044208e+00  4.279412e+04 7.876232e+01 -1.641653e+00 5.596279e+12 1.579259e-12 4.279412e+04 
d 3.727000e-10 1.045366e+00  4.254329e+03 7.803644e+01 -2.367539e+00 5.676121e+12 1.579259e-12 4.254329e+03 
d 3.727000e-10 1.046523e+00  4.122812e+02 7.715463e+01 -3.249346e+00 5.753425e+12 1.579259e-12 4.122812e+02 
d 3.727000e-10 1.047681e+00  1.953666e+02 7.611437e+01 -4.289607e+00 5.828248e+12 1.579259e-12 1.953666e+02 
d 3.727000e-10 1.048839e+00  1.448758e+02 7.491284e+01 -5.491131e+00 5.900638e+12 1.579259e-12 1.448758e+02 
d 3.727000e-10 1.049996e+00  1.136893e+02 7.354699e+01 -6.856984e+00 5.970637e+12 1.579259e-12 1.136893e+02 
d 3.727000e-10 1.051154e+00  9.175527e+01 7.201349e+01 -8.390481e+00 6.038280e+12 1.579259e-12 9.175527e+01 
d 3.727000e-10 1.052311e+00  7.573609e+01 7.030880e+01 -1.009517e+01 6.103599e+12 1.579259e-12 7.573609e+01 
d 3.727000e-10 1.053469e+00  6.367904e+01 6.842914e+01 -1.197483e+01 6.166619e+12 1.579259e-12 6.367904e+01 
d 3.727000e-10 1.054627e+00  5.436143e+01 6.637052e+01 -1.403345e+01 6.227361e+12 1.579259e-12 5.436143e+01 
d 3.727000e-10 1.055784e+00  4.699397e+01 6.412875e+01 -1.627522e+01 6.285842e+12 1.579259e-12 4.699397e+01 
d 3.727000e-10 1.056942e+00  4.105307e+01 6.169944e+01 -1.870454e+01 6.342074e+12 1.579259e-12 4.105307e+01 
d 3.727000e-10 1.058100e+00  3.618176e+01 5.907800e+01 -2.132597e+01 6.396068e+12 1.579259e-12 3.618176e+01 
d 3.727000e-10 1.059257e+00  3.213018e+01 5.625969e+01 -2.414428e+01 6.447830e+12 1.579259e-12 3.213018e+01 
d 3.727000e-10 1.060415e+00  2.871896e+01 5.323958e+01 -2.716439e+01 6.497362e+12 1.579259e-12 2.871896e+01 
d 3.727000e-10 1.061573e+00  2.581639e+01 5.001260e+01 -3.039138e+01 6.544664e+12 1.579259e-12 2.581639e+01 
d 3.727000e-10 1.062730e+00  2.332375e+01 4.657350e+01 -3.383048e+01 6.589735e+12 1.579259e-12 2.332375e+01 
d 3.727000e-10 1.063888e+00  2.116569e+01 4.291692e+01 -3.748706e+01 6.632569e+12 1.579259e-12 2.116569e+01 
d 3.727000e-10 1.065046e+00  1.928376e+01 3.903736e+01 -4.136661e+01 6.673160e+12 1.579259e-12 1.928376e+01 
d 3.727000e-10 1.066203e+00  1.763201e+01 3.492922e+01 -4.547475e+01 6.711498e+12 1.579259e-12 1.763201e+01 
d 3.727000e-10 1.067361e+00  1.617384e+01 3.058677e+01 -4.981720e+01 6.747572e+12 1.579259e-12 1.617384e+01 
d 3.727000e-10 1.068519e+00  1.487976e+01 2.600421e+01 -5.439976e+01 6.781371e+12 1.579259e-12 1.487976e+01 
d 3.727000e-10 1.069676e+00  1.372578e+01 2.117565e+01 -5.922832e+01 6.812879e+12 1.579259e-12 1.372578e+01 
d 3.727000e-10 1.070834e+00  1.269223e+01 1.609515e+01 -6.430882e+01 6.842081e+12 1.579259e-12 1.269223e+01 
d 3.727000e-10 1.071992e+00  1.176280e+01 1.075671e+01 -6.964726e+01 6.868961e+12 1.579259e-12 1.176280e+01 
d 3.727000e-10 1.073149e+00  1.092390e+01 5.154312e+00 -7.524966e+01 6.893501e+12 1.579259e-12 1.092390e+01 
d 3.727000e-10 1.074307e+00  1.016412e+01 -7.180836e-01 -8.112206e+01 6.915682e+12 1.579259e-12 1.016412e+01 
d 3.727000e-10 1.075465e+00  9.473804e+00 -6.866505e+00 -8.727048e+01 6.935485e+12 1.579259e-12 9.473804e+00 
d 3.727000e-10 1.076622e+00  8.844761e+00 -1.329696e+01 -9.370093e+01 6.952890e+12 1.579259e-12 8.844761e+00 
d 3.727000e-10 1.077780e+00  8.269978e+00 -2.001540e+01 -1.004194e+02 6.967878e+12 1.579259e-12 8.269978e+00 
d 3.727000e-10 1.078938e+00  7.743431e+00 -2.702771e+01 -1.074317e+02 6.980427e+12 1.579259e-12 7.743431e+00 
d 3.727000e-10 1.080095e+00  7.259919e+00 -3.433970e+01 -1.147437e+02 6.990519e+12 1.579259e-12 7.259919e+00 
d 3.727000e-10 1.081253e+00  6.814933e+00 -4.195705e+01 -1.223610e+02 6.998131e+12 1.579259e-12 6.814933e+00 
d 3.727000e-10 1.082411e+00  6.404545e+00 -4.988530e+01 -1.302893e+02 7.003246e+12 1.579259e-12 6.404545e+00 
d 3.727000e-10 1.083568e+00  6.025321e+00 -5.812983e+01 -1.385338e+02 7.005843e+12 1.579259e-12 6.025321e+00 
d 3.727000e-10 1.084726e+00  5.674246e+00 -6.669583e+01 -1.470998e+02 7.005905e+12 1.579259e-12 5.674246e+00 
d 3.727000e-10 1.085884e+00  5.348667e+00 -7.558826e+01 -1.559922e+02 7.003414e+12 1.579259e-12 5.348667e+00 
d 3.727000e-10 1.087041e+00  5.046236e+00 -8.481184e+01 -1.652158e+02 6.998353e+12 1.579259e-12 5.046236e+00 
d 3.727000e-10 1.088199e+00  4.764875e+00 -9.437101e+01 -1.747750e+02 6.990709e+12 1.579259e-12 4.764875e+00 
d 3.727000e-10 1.089357e+00  4.502733e+00 -1.042699e+02 -1.846739e+02 6.980467e+12 1.579259e-12 4.502733e+00 
d 3.727000e-10 1.090514e+00  4.258161e+00 -1.145123e+02 -1.949163e+02 6.967615e+12 1.579259e-12 4.258161e+00 
d 3.727000e-10 1.091672e+00  4.029684e+00 -1.251018e+02 -2.055057e+02 6.952146e+12 1.579259e-12 4.029684e+00 
d 3.727000e-10 1.092830e+00  3.815980e+00 -1.360412e+02 -2.164452e+02 6.934049e+12 1.579259e-12 3.815980e+00 
d 3.727000e-10 1.093987e+00  3.615860e+00 -1.473333e+02 -2.277372e+02 6.913322e+12 1.579259e-12 3.615860e+00 
d 3.727000e-10 1.095145e+00  3.428253e+00 -1.589801e+02 -2.393841e+02 6.889960e+12 1.579259e-12 3.428253e+00 
d 3.727000e-10 1.096302e+00  3.252192e+00 -1.709835e+02 -2.513875e+02 6.863965e+12 1.579259e-12 3.252192e+00 
d 3.727000e-10 1.097460e+00  3.086801e+00 -1.833445e+02 -2.637485e+02 6.835339e+12 1.579259e-12 3.086801e+00 
