v ATLAS
# This file was created by ATLAS version 5.26.1.R on Tue Apr 17 04:21:28 2018.
#SSF 2.0 generic
##############################################################################
#                    Copyright (c) 1984 - 2018                               #
#                    Silvaco Inc. All rights reserved                        #
#                                                                            #
# This file format and the following Key are copyright Silvaco Inc.          #
# You may not use, this format or key without reproducing this message in    #
# full and obtaining express written permission from Silvaco Inc.            #
#                                                                            #
# To obtain such permission please contact: Silvaco Inc.                     #
#                                           support@silvaco.com              #
#                                                                            #
# KEY=SVC86hn7562asdx                       PROD=345                         #
##############################################################################
o 3002 Net gain, mode 1
o 3003 Photon lifetime (s)
p 8 61 2211 2001 2201 3000 2214 3001 2212
d 1.727000e-10 1.009478e+00  5.715237e+00 0.000000e+00 -8.054948e+01 3.866920e+12 1.576217e-12 5.715237e+00 
d 1.727000e-10 1.010636e+00  5.715237e+00 0.000000e+00 -8.054948e+01 3.866920e+12 1.576217e-12 5.715237e+00 
d 1.727000e-10 1.011793e+00  2.067638e+00 2.046399e+01 -6.008549e+01 1.043590e+12 1.576217e-12 2.067638e+00 
d 1.727000e-10 1.012951e+00  3.588143e+00 2.997627e+01 -5.057321e+01 1.524540e+12 1.576217e-12 3.588143e+00 
d 1.727000e-10 1.014109e+00  5.134992e+00 3.691140e+01 -4.363808e+01 1.882907e+12 1.576217e-12 5.134992e+00 
d 1.727000e-10 1.015266e+00  6.827151e+00 4.254470e+01 -3.800477e+01 2.180820e+12 1.576217e-12 6.827151e+00 
d 1.727000e-10 1.016424e+00  8.740615e+00 4.733943e+01 -3.321005e+01 2.440755e+12 1.576217e-12 8.740615e+00 
d 1.727000e-10 1.017582e+00  1.095150e+01 5.152663e+01 -2.902284e+01 2.673896e+12 1.576217e-12 1.095150e+01 
d 1.727000e-10 1.018739e+00  1.354787e+01 5.524122e+01 -2.530826e+01 2.886771e+12 1.576217e-12 1.354787e+01 
d 1.727000e-10 1.019897e+00  1.664307e+01 5.856988e+01 -2.197960e+01 3.083585e+12 1.576217e-12 1.664307e+01 
d 1.727000e-10 1.021055e+00  2.038631e+01 6.157205e+01 -1.897743e+01 3.267230e+12 1.576217e-12 2.038631e+01 
d 1.727000e-10 1.022212e+00  2.497975e+01 6.429037e+01 -1.625911e+01 3.439798e+12 1.576217e-12 2.497975e+01 
d 1.727000e-10 1.023370e+00  3.070272e+01 6.675650e+01 -1.379298e+01 3.602857e+12 1.576217e-12 3.070272e+01 
d 1.727000e-10 1.024528e+00  3.794828e+01 6.899450e+01 -1.155497e+01 3.757619e+12 1.576217e-12 3.794828e+01 
d 1.727000e-10 1.025685e+00  4.727966e+01 7.102307e+01 -9.526405e+00 3.905042e+12 1.576217e-12 4.727966e+01 
d 1.727000e-10 1.026843e+00  5.952324e+01 7.285688e+01 -7.692603e+00 4.045898e+12 1.576217e-12 5.952324e+01 
d 1.727000e-10 1.028001e+00  7.593733e+01 7.450755e+01 -6.041933e+00 4.180818e+12 1.576217e-12 7.593733e+01 
d 1.727000e-10 1.029158e+00  9.859038e+01 7.598435e+01 -4.565125e+00 4.310327e+12 1.576217e-12 9.859038e+01 
d 1.727000e-10 1.030316e+00  1.313479e+02 7.729469e+01 -3.254785e+00 4.434865e+12 1.576217e-12 1.313479e+02 
d 1.727000e-10 1.031474e+00  1.835436e+02 7.844444e+01 -2.105043e+00 4.554804e+12 1.576217e-12 1.835436e+02 
d 1.727000e-10 1.032631e+00  2.914102e+02 7.943820e+01 -1.111277e+00 4.670464e+12 1.576217e-12 2.914102e+02 
d 1.727000e-10 1.033789e+00  6.665762e+02 8.027957e+01 -2.699131e-01 4.782117e+12 1.576217e-12 6.665762e+02 
d 1.727000e-10 1.034947e+00  3.177990e+03 8.097121e+01 4.217337e-01 4.890002e+12 1.576217e-12 3.177990e+03 
d 1.727000e-10 1.036104e+00  3.807950e+04 8.151507e+01 9.655866e-01 4.994324e+12 1.576217e-12 3.807950e+04 
d 1.727000e-10 1.037262e+00  8.481998e+05 8.191238e+01 1.362905e+00 5.095263e+12 1.576217e-12 8.481998e+05 
d 1.727000e-10 1.038420e+00  1.543303e+06 8.216384e+01 1.614362e+00 5.192978e+12 1.576217e-12 1.543303e+06 
d 1.727000e-10 1.039577e+00  2.004964e+06 8.226959e+01 1.720112e+00 5.287606e+12 1.576217e-12 2.004964e+06 
d 1.727000e-10 1.040735e+00  1.867198e+06 8.222932e+01 1.679843e+00 5.379270e+12 1.576217e-12 1.867198e+06 
d 1.727000e-10 1.041893e+00  1.230300e+06 8.204230e+01 1.492817e+00 5.468077e+12 1.576217e-12 1.230300e+06 
d 1.727000e-10 1.043050e+00  5.599959e+05 8.170739e+01 1.157908e+00 5.554122e+12 1.576217e-12 5.599959e+05 
d 1.727000e-10 1.044208e+00  1.691827e+05 8.122311e+01 6.736324e-01 5.637488e+12 1.576217e-12 1.691827e+05 
d 1.727000e-10 1.045366e+00  3.887599e+04 8.058766e+01 3.817553e-02 5.718249e+12 1.576217e-12 3.887599e+04 
d 1.727000e-10 1.046523e+00  4.707090e+03 7.979889e+01 -7.505891e-01 5.796469e+12 1.576217e-12 4.707090e+03 
d 1.727000e-10 1.047681e+00  6.939085e+02 7.885440e+01 -1.695080e+00 5.872204e+12 1.576217e-12 6.939085e+02 
d 1.727000e-10 1.048839e+00  2.101760e+02 7.775149e+01 -2.797989e+00 5.945504e+12 1.576217e-12 2.101760e+02 
d 1.727000e-10 1.049996e+00  1.374591e+02 7.648721e+01 -4.062274e+00 6.016411e+12 1.576217e-12 1.374591e+02 
d 1.727000e-10 1.051154e+00  1.108498e+02 7.505834e+01 -5.491137e+00 6.084962e+12 1.576217e-12 1.108498e+02 
d 1.727000e-10 1.052311e+00  9.175839e+01 7.346146e+01 -7.088020e+00 6.151188e+12 1.576217e-12 9.175839e+01 
d 1.727000e-10 1.053469e+00  7.699560e+01 7.169289e+01 -8.856591e+00 6.215115e+12 1.576217e-12 7.699560e+01 
d 1.727000e-10 1.054627e+00  6.535346e+01 6.974874e+01 -1.080074e+01 6.276765e+12 1.576217e-12 6.535346e+01 
d 1.727000e-10 1.055784e+00  5.605226e+01 6.762493e+01 -1.292455e+01 6.336155e+12 1.576217e-12 5.605226e+01 
d 1.727000e-10 1.056942e+00  4.853338e+01 6.531716e+01 -1.523231e+01 6.393298e+12 1.576217e-12 4.853338e+01 
d 1.727000e-10 1.058100e+00  4.238658e+01 6.282096e+01 -1.772852e+01 6.448204e+12 1.576217e-12 4.238658e+01 
d 1.727000e-10 1.059257e+00  3.730717e+01 6.013164e+01 -2.041784e+01 6.500880e+12 1.576217e-12 3.730717e+01 
d 1.727000e-10 1.060415e+00  3.306679e+01 5.724439e+01 -2.330509e+01 6.551329e+12 1.576217e-12 3.306679e+01 
d 1.727000e-10 1.061573e+00  2.949286e+01 5.415419e+01 -2.639529e+01 6.599552e+12 1.576217e-12 2.949286e+01 
d 1.727000e-10 1.062730e+00  2.644777e+01 5.085589e+01 -2.969359e+01 6.645546e+12 1.576217e-12 2.644777e+01 
d 1.727000e-10 1.063888e+00  2.384514e+01 4.734420e+01 -3.320528e+01 6.689307e+12 1.576217e-12 2.384514e+01 
d 1.727000e-10 1.065046e+00  2.159637e+01 4.361368e+01 -3.693580e+01 6.730827e+12 1.576217e-12 2.159637e+01 
d 1.727000e-10 1.066203e+00  1.963993e+01 3.965877e+01 -4.089070e+01 6.770098e+12 1.576217e-12 1.963993e+01 
d 1.727000e-10 1.067361e+00  1.792432e+01 3.547381e+01 -4.507567e+01 6.807110e+12 1.576217e-12 1.792432e+01 
d 1.727000e-10 1.068519e+00  1.641698e+01 3.105302e+01 -4.949646e+01 6.841848e+12 1.576217e-12 1.641698e+01 
d 1.727000e-10 1.069676e+00  1.508232e+01 2.639054e+01 -5.415894e+01 6.874300e+12 1.576217e-12 1.508232e+01 
d 1.727000e-10 1.070834e+00  1.389437e+01 2.148046e+01 -5.906902e+01 6.904449e+12 1.576217e-12 1.389437e+01 
d 1.727000e-10 1.071992e+00  1.283314e+01 1.631677e+01 -6.423271e+01 6.932278e+12 1.576217e-12 1.283314e+01 
d 1.727000e-10 1.073149e+00  1.187812e+01 1.089346e+01 -6.965602e+01 6.957770e+12 1.576217e-12 1.187812e+01 
d 1.727000e-10 1.074307e+00  1.101998e+01 5.204465e+00 -7.534501e+01 6.980906e+12 1.576217e-12 1.101998e+01 
d 1.727000e-10 1.075465e+00  1.024407e+01 -7.562746e-01 -8.130575e+01 7.001665e+12 1.576217e-12 1.024407e+01 
d 1.727000e-10 1.076622e+00  9.540346e+00 -6.994811e+00 -8.754429e+01 7.020029e+12 1.576217e-12 9.540346e+00 
d 1.727000e-10 1.077780e+00  8.900044e+00 -1.351716e+01 -9.406664e+01 7.035975e+12 1.576217e-12 8.900044e+00 
d 1.727000e-10 1.078938e+00  8.315786e+00 -2.032930e+01 -1.008788e+02 7.049484e+12 1.576217e-12 8.315786e+00 
d 1.727000e-10 1.080095e+00  7.781247e+00 -2.743712e+01 -1.079866e+02 7.060535e+12 1.576217e-12 7.781247e+00 
d 1.727000e-10 1.081253e+00  7.290979e+00 -3.484642e+01 -1.153959e+02 7.069105e+12 1.576217e-12 7.290979e+00 
d 1.727000e-10 1.082411e+00  6.840270e+00 -4.256287e+01 -1.231123e+02 7.075176e+12 1.576217e-12 6.840270e+00 
d 1.727000e-10 1.083568e+00  6.425025e+00 -5.059200e+01 -1.311415e+02 7.078727e+12 1.576217e-12 6.425025e+00 
d 1.727000e-10 1.084726e+00  6.041672e+00 -5.893918e+01 -1.394887e+02 7.079738e+12 1.576217e-12 6.041672e+00 
d 1.727000e-10 1.085884e+00  5.686823e+00 -6.760956e+01 -1.481590e+02 7.078191e+12 1.576217e-12 5.686823e+00 
d 1.727000e-10 1.087041e+00  5.358267e+00 -7.660807e+01 -1.571575e+02 7.074069e+12 1.576217e-12 5.358267e+00 
d 1.727000e-10 1.088199e+00  5.053300e+00 -8.593939e+01 -1.664889e+02 7.067355e+12 1.576217e-12 5.053300e+00 
d 1.727000e-10 1.089357e+00  4.769774e+00 -9.560792e+01 -1.761574e+02 7.058035e+12 1.576217e-12 4.769774e+00 
d 1.727000e-10 1.090514e+00  4.505785e+00 -1.056177e+02 -1.861672e+02 7.046095e+12 1.576217e-12 4.505785e+00 
d 1.727000e-10 1.091672e+00  4.259636e+00 -1.159726e+02 -1.965221e+02 7.031525e+12 1.576217e-12 4.259636e+00 
d 1.727000e-10 1.092830e+00  4.029808e+00 -1.266758e+02 -2.072253e+02 7.014316e+12 1.576217e-12 4.029808e+00 
d 1.727000e-10 1.093987e+00  3.814957e+00 -1.377304e+02 -2.182799e+02 6.994460e+12 1.576217e-12 3.814957e+00 
d 1.727000e-10 1.095145e+00  3.613860e+00 -1.491389e+02 -2.296883e+02 6.971954e+12 1.576217e-12 3.613860e+00 
d 1.727000e-10 1.096302e+00  3.425422e+00 -1.609033e+02 -2.414528e+02 6.946795e+12 1.576217e-12 3.425422e+00 
d 1.727000e-10 1.097460e+00  3.248655e+00 -1.730252e+02 -2.535747e+02 6.918985e+12 1.576217e-12 3.248655e+00 
