v ATLAS
# This file was created by ATLAS version 5.26.1.R on Tue Apr 17 04:25:20 2018.
#SSF 2.0 generic
##############################################################################
#                    Copyright (c) 1984 - 2018                               #
#                    Silvaco Inc. All rights reserved                        #
#                                                                            #
# This file format and the following Key are copyright Silvaco Inc.          #
# You may not use, this format or key without reproducing this message in    #
# full and obtaining express written permission from Silvaco Inc.            #
#                                                                            #
# To obtain such permission please contact: Silvaco Inc.                     #
#                                           support@silvaco.com              #
#                                                                            #
# KEY=SVC86hn7562asdx                       PROD=345                         #
##############################################################################
o 3002 Net gain, mode 1
o 3003 Photon lifetime (s)
p 8 61 2211 2001 2201 3000 2214 3001 2212
d 4.427000e-10 1.009478e+00  5.675233e+00 0.000000e+00 -8.044909e+01 3.834754e+12 1.578314e-12 5.675233e+00 
d 4.427000e-10 1.010636e+00  5.675233e+00 0.000000e+00 -8.044909e+01 3.834754e+12 1.578314e-12 5.675233e+00 
d 4.427000e-10 1.011793e+00  2.064796e+00 2.026670e+01 -6.018239e+01 1.043716e+12 1.578314e-12 2.064796e+00 
d 4.427000e-10 1.012951e+00  3.569925e+00 2.968229e+01 -5.076681e+01 1.522348e+12 1.578314e-12 3.569925e+00 
d 4.427000e-10 1.014109e+00  5.094118e+00 3.654293e+01 -4.390617e+01 1.878974e+12 1.578314e-12 5.094118e+00 
d 4.427000e-10 1.015266e+00  6.753557e+00 4.211214e+01 -3.833695e+01 2.175427e+12 1.578314e-12 6.753557e+00 
d 4.427000e-10 1.016424e+00  8.619974e+00 4.684892e+01 -3.360018e+01 2.434076e+12 1.578314e-12 8.619974e+00 
d 4.427000e-10 1.017582e+00  1.076270e+01 5.098217e+01 -2.946692e+01 2.666054e+12 1.578314e-12 1.076270e+01 
d 4.427000e-10 1.018739e+00  1.326179e+01 5.464557e+01 -2.580353e+01 2.877856e+12 1.578314e-12 1.326179e+01 
d 4.427000e-10 1.019897e+00  1.621723e+01 5.792498e+01 -2.252412e+01 3.073668e+12 1.578314e-12 1.621723e+01 
d 4.427000e-10 1.021055e+00  1.975910e+01 6.087927e+01 -1.956983e+01 3.256367e+12 1.578314e-12 1.975910e+01 
d 4.427000e-10 1.022212e+00  2.406157e+01 6.355065e+01 -1.689844e+01 3.428037e+12 1.578314e-12 2.406157e+01 
d 4.427000e-10 1.023370e+00  2.936332e+01 6.597045e+01 -1.447864e+01 3.590237e+12 1.578314e-12 2.936332e+01 
d 4.427000e-10 1.024528e+00  3.599936e+01 6.816249e+01 -1.228661e+01 3.744174e+12 1.578314e-12 3.599936e+01 
d 4.427000e-10 1.025685e+00  4.445237e+01 7.014521e+01 -1.030388e+01 3.890801e+12 1.578314e-12 4.445237e+01 
d 4.427000e-10 1.026843e+00  5.544010e+01 7.193311e+01 -8.515989e+00 4.030885e+12 1.578314e-12 5.544010e+01 
d 4.427000e-10 1.028001e+00  7.007286e+01 7.353765e+01 -6.911448e+00 4.165056e+12 1.578314e-12 7.007286e+01 
d 4.427000e-10 1.029158e+00  9.015712e+01 7.496796e+01 -5.481137e+00 4.293835e+12 1.578314e-12 9.015712e+01 
d 4.427000e-10 1.030316e+00  1.188245e+02 7.623130e+01 -4.217794e+00 4.417660e+12 1.578314e-12 1.188245e+02 
d 4.427000e-10 1.031474e+00  1.619648e+02 7.733343e+01 -3.115669e+00 4.536901e+12 1.578314e-12 1.619648e+02 
d 4.427000e-10 1.032631e+00  2.323635e+02 7.827884e+01 -2.170254e+00 4.651876e+12 1.578314e-12 2.323635e+02 
d 4.427000e-10 1.033789e+00  3.758294e+02 7.907101e+01 -1.378082e+00 4.762857e+12 1.578314e-12 3.758294e+02 
d 4.427000e-10 1.034947e+00  1.131466e+03 7.971253e+01 -7.365659e-01 4.870080e+12 1.578314e-12 1.131466e+03 
d 4.427000e-10 1.036104e+00  1.892885e+04 8.020521e+01 -2.438811e-01 4.973750e+12 1.578314e-12 1.892885e+04 
d 4.427000e-10 1.037262e+00  7.465939e+05 8.055023e+01 1.011383e-01 5.074045e+12 1.578314e-12 7.465939e+05 
d 4.427000e-10 1.038420e+00  1.918595e+06 8.074817e+01 2.990757e-01 5.171123e+12 1.578314e-12 1.918595e+06 
d 4.427000e-10 1.039577e+00  2.698334e+06 8.079909e+01 3.499968e-01 5.265121e+12 1.578314e-12 2.698334e+06 
d 4.427000e-10 1.040735e+00  2.080998e+06 8.070260e+01 2.535014e-01 5.356161e+12 1.578314e-12 2.080998e+06 
d 4.427000e-10 1.041893e+00  8.694287e+05 8.045786e+01 8.766708e-03 5.444348e+12 1.578314e-12 8.694287e+05 
d 4.427000e-10 1.043050e+00  1.930617e+05 8.006368e+01 -3.854167e-01 5.529778e+12 1.578314e-12 1.930617e+05 
d 4.427000e-10 1.044208e+00  2.232161e+04 7.951848e+01 -9.306151e-01 5.612533e+12 1.578314e-12 2.232161e+04 
d 4.427000e-10 1.045366e+00  1.801751e+03 7.882037e+01 -1.628726e+00 5.692685e+12 1.578314e-12 1.801751e+03 
d 4.427000e-10 1.046523e+00  2.799386e+02 7.796714e+01 -2.481956e+00 5.770299e+12 1.578314e-12 2.799386e+02 
d 4.427000e-10 1.047681e+00  1.802416e+02 7.695629e+01 -3.492804e+00 5.845430e+12 1.578314e-12 1.802416e+02 
d 4.427000e-10 1.048839e+00  1.395003e+02 7.578505e+01 -4.664043e+00 5.918127e+12 1.578314e-12 1.395003e+02 
d 4.427000e-10 1.049996e+00  1.118867e+02 7.445039e+01 -5.998705e+00 5.988433e+12 1.578314e-12 1.118867e+02 
d 4.427000e-10 1.051154e+00  9.186334e+01 7.294902e+01 -7.500071e+00 6.056383e+12 1.578314e-12 9.186334e+01 
d 4.427000e-10 1.052311e+00  7.679419e+01 7.127744e+01 -9.171658e+00 6.122008e+12 1.578314e-12 7.679419e+01 
d 4.427000e-10 1.053469e+00  6.513415e+01 6.943189e+01 -1.101721e+01 6.185334e+12 1.578314e-12 6.513415e+01 
d 4.427000e-10 1.054627e+00  5.591488e+01 6.740842e+01 -1.304068e+01 6.246383e+12 1.578314e-12 5.591488e+01 
d 4.427000e-10 1.055784e+00  4.849653e+01 6.520286e+01 -1.524623e+01 6.305170e+12 1.578314e-12 4.849653e+01 
d 4.427000e-10 1.056942e+00  4.243850e+01 6.281086e+01 -1.763823e+01 6.361710e+12 1.578314e-12 4.243850e+01 
d 4.427000e-10 1.058100e+00  3.742768e+01 6.022787e+01 -2.022123e+01 6.416013e+12 1.578314e-12 3.742768e+01 
d 4.427000e-10 1.059257e+00  3.323603e+01 5.744915e+01 -2.299994e+01 6.468083e+12 1.578314e-12 3.323603e+01 
d 4.427000e-10 1.060415e+00  2.969422e+01 5.446982e+01 -2.597927e+01 6.517924e+12 1.578314e-12 2.969422e+01 
d 4.427000e-10 1.061573e+00  2.667435e+01 5.128482e+01 -2.916427e+01 6.565538e+12 1.578314e-12 2.667435e+01 
d 4.427000e-10 1.062730e+00  2.407845e+01 4.788894e+01 -3.256016e+01 6.610920e+12 1.578314e-12 2.407845e+01 
d 4.427000e-10 1.063888e+00  2.183046e+01 4.427682e+01 -3.617227e+01 6.654067e+12 1.578314e-12 2.183046e+01 
d 4.427000e-10 1.065046e+00  1.987064e+01 4.044300e+01 -4.000610e+01 6.694972e+12 1.578314e-12 1.987064e+01 
d 4.427000e-10 1.066203e+00  1.815155e+01 3.638187e+01 -4.406722e+01 6.733625e+12 1.578314e-12 1.815155e+01 
d 4.427000e-10 1.067361e+00  1.663515e+01 3.208774e+01 -4.836135e+01 6.770016e+12 1.578314e-12 1.663515e+01 
d 4.427000e-10 1.068519e+00  1.529067e+01 2.755481e+01 -5.289428e+01 6.804132e+12 1.578314e-12 1.529067e+01 
d 4.427000e-10 1.069676e+00  1.409298e+01 2.277720e+01 -5.767189e+01 6.835959e+12 1.578314e-12 1.409298e+01 
d 4.427000e-10 1.070834e+00  1.302139e+01 1.774897e+01 -6.270012e+01 6.865481e+12 1.578314e-12 1.302139e+01 
d 4.427000e-10 1.071992e+00  1.205878e+01 1.246413e+01 -6.798496e+01 6.892682e+12 1.578314e-12 1.205878e+01 
d 4.427000e-10 1.073149e+00  1.119084e+01 6.916657e+00 -7.353244e+01 6.917544e+12 1.578314e-12 1.119084e+01 
d 4.427000e-10 1.074307e+00  1.040555e+01 1.100502e+00 -7.934859e+01 6.940047e+12 1.578314e-12 1.040555e+01 
d 4.427000e-10 1.075465e+00  9.692778e+00 -4.990371e+00 -8.543947e+01 6.960174e+12 1.578314e-12 9.692778e+00 
d 4.427000e-10 1.076622e+00  9.043883e+00 -1.136198e+01 -9.181108e+01 6.977903e+12 1.578314e-12 9.043883e+00 
d 4.427000e-10 1.077780e+00  8.451500e+00 -1.802031e+01 -9.846940e+01 6.993215e+12 1.578314e-12 8.451500e+00 
d 4.427000e-10 1.078938e+00  7.909301e+00 -2.497126e+01 -1.054204e+02 7.006089e+12 1.578314e-12 7.909301e+00 
d 4.427000e-10 1.080095e+00  7.411829e+00 -3.222067e+01 -1.126698e+02 7.016505e+12 1.578314e-12 7.411829e+00 
d 4.427000e-10 1.081253e+00  6.954355e+00 -3.977426e+01 -1.202234e+02 7.024441e+12 1.578314e-12 6.954355e+00 
d 4.427000e-10 1.082411e+00  6.532764e+00 -4.763761e+01 -1.280867e+02 7.029880e+12 1.578314e-12 6.532764e+00 
d 4.427000e-10 1.083568e+00  6.143464e+00 -5.581614e+01 -1.362652e+02 7.032800e+12 1.578314e-12 6.143464e+00 
d 4.427000e-10 1.084726e+00  5.783303e+00 -6.431510e+01 -1.447642e+02 7.033183e+12 1.578314e-12 5.783303e+00 
d 4.427000e-10 1.085884e+00  5.449509e+00 -7.313951e+01 -1.535886e+02 7.031012e+12 1.578314e-12 5.449509e+00 
d 4.427000e-10 1.087041e+00  5.139634e+00 -8.229416e+01 -1.627433e+02 7.026270e+12 1.578314e-12 5.139634e+00 
d 4.427000e-10 1.088199e+00  4.851512e+00 -9.178355e+01 -1.722326e+02 7.018941e+12 1.578314e-12 4.851512e+00 
d 4.427000e-10 1.089357e+00  4.583217e+00 -1.016119e+02 -1.820610e+02 7.009012e+12 1.578314e-12 4.583217e+00 
d 4.427000e-10 1.090514e+00  4.333033e+00 -1.117831e+02 -1.922322e+02 6.996470e+12 1.578314e-12 4.333033e+00 
d 4.427000e-10 1.091672e+00  4.099426e+00 -1.223007e+02 -2.027498e+02 6.981306e+12 1.578314e-12 4.099426e+00 
d 4.427000e-10 1.092830e+00  3.881025e+00 -1.331679e+02 -2.136170e+02 6.963511e+12 1.578314e-12 3.881025e+00 
d 4.427000e-10 1.093987e+00  3.676596e+00 -1.443873e+02 -2.248364e+02 6.943080e+12 1.578314e-12 3.676596e+00 
d 4.427000e-10 1.095145e+00  3.485029e+00 -1.559612e+02 -2.364103e+02 6.920010e+12 1.578314e-12 3.485029e+00 
d 4.427000e-10 1.096302e+00  3.305322e+00 -1.678915e+02 -2.483406e+02 6.894299e+12 1.578314e-12 3.305322e+00 
d 4.427000e-10 1.097460e+00  3.136570e+00 -1.801794e+02 -2.606285e+02 6.865951e+12 1.578314e-12 3.136570e+00 
