v ATLAS
# This file was created by ATLAS version 5.26.1.R on Tue Apr 17 04:15:20 2018.
#SSF 2.0 generic
##############################################################################
#                    Copyright (c) 1984 - 2018                               #
#                    Silvaco Inc. All rights reserved                        #
#                                                                            #
# This file format and the following Key are copyright Silvaco Inc.          #
# You may not use, this format or key without reproducing this message in    #
# full and obtaining express written permission from Silvaco Inc.            #
#                                                                            #
# To obtain such permission please contact: Silvaco Inc.                     #
#                                           support@silvaco.com              #
#                                                                            #
# KEY=SVC86hn7562asdx                       PROD=345                         #
##############################################################################
o 1 Net gain, mode 1
o 2 Photon lifetime (s)
p 8 2211 87 2001 2201 3000 2214 3001 2212
d 1.009478e+00 1.228211e+00  1.835571e+00 0.000000e+00 -7.396798e+01 1.136773e+12 1.726633e-12 1.835571e+00 
d 1.010636e+00 1.226804e+00  1.835571e+00 0.000000e+00 -7.396798e+01 1.136773e+12 1.726633e-12 1.835571e+00 
d 1.011793e+00 1.225400e+00  9.158951e-01 3.158529e+00 -7.080945e+01 5.403428e+11 1.726633e-12 9.158951e-01 
d 1.012951e+00 1.224000e+00  1.360456e+00 4.040043e+00 -6.992794e+01 7.943310e+11 1.726633e-12 1.360456e+00 
d 1.014109e+00 1.222603e+00  1.684529e+00 4.216499e+00 -6.975148e+01 9.820790e+11 1.726633e-12 1.684529e+00 
d 1.015266e+00 1.221209e+00  1.940963e+00 3.942426e+00 -7.002555e+01 1.136844e+12 1.726633e-12 1.940963e+00 
d 1.016424e+00 1.219818e+00  2.148923e+00 3.314389e+00 -7.065359e+01 1.270675e+12 1.726633e-12 2.148923e+00 
d 1.017582e+00 1.218430e+00  2.318211e+00 2.381207e+00 -7.158677e+01 1.389571e+12 1.726633e-12 2.318211e+00 
d 1.018739e+00 1.217045e+00  2.454901e+00 1.170953e+00 -7.279703e+01 1.497034e+12 1.726633e-12 2.454901e+00 
d 1.019897e+00 1.215664e+00  2.563304e+00 -2.991669e-01 -7.426715e+01 1.595318e+12 1.726633e-12 2.563304e+00 
d 1.021055e+00 1.214286e+00  2.646782e+00 -2.018363e+00 -7.598634e+01 1.685972e+12 1.726633e-12 2.646782e+00 
d 1.022212e+00 1.212910e+00  2.708149e+00 -3.979953e+00 -7.794793e+01 1.770116e+12 1.726633e-12 2.708149e+00 
d 1.023370e+00 1.211538e+00  2.749865e+00 -6.180049e+00 -8.014803e+01 1.848584e+12 1.726633e-12 2.749865e+00 
d 1.024528e+00 1.210169e+00  2.774142e+00 -8.616762e+00 -8.258474e+01 1.922020e+12 1.726633e-12 2.774142e+00 
d 1.025685e+00 1.208804e+00  2.783003e+00 -1.128968e+01 -8.525766e+01 1.990931e+12 1.726633e-12 2.783003e+00 
d 1.026843e+00 1.207441e+00  2.778307e+00 -1.419951e+01 -8.816749e+01 2.055724e+12 1.726633e-12 2.778307e+00 
d 1.028001e+00 1.206081e+00  2.761771e+00 -1.734785e+01 -9.131583e+01 2.116730e+12 1.726633e-12 2.761771e+00 
d 1.029158e+00 1.204724e+00  2.734977e+00 -2.073697e+01 -9.470495e+01 2.174220e+12 1.726633e-12 2.734977e+00 
d 1.030316e+00 1.203371e+00  2.699377e+00 -2.436974e+01 -9.833772e+01 2.228423e+12 1.726633e-12 2.699377e+00 
d 1.031474e+00 1.202020e+00  2.656297e+00 -2.824943e+01 -1.022174e+02 2.279530e+12 1.726633e-12 2.656297e+00 
d 1.032631e+00 1.200673e+00  2.606945e+00 -3.237971e+01 -1.063477e+02 2.327703e+12 1.726633e-12 2.606945e+00 
d 1.033789e+00 1.199328e+00  2.552411e+00 -3.676454e+01 -1.107325e+02 2.373080e+12 1.726633e-12 2.552411e+00 
d 1.034947e+00 1.197987e+00  2.493677e+00 -4.140810e+01 -1.153761e+02 2.415781e+12 1.726633e-12 2.493677e+00 
d 1.036104e+00 1.196648e+00  2.431619e+00 -4.631478e+01 -1.202828e+02 2.455907e+12 1.726633e-12 2.431619e+00 
d 1.037262e+00 1.195312e+00  2.367013e+00 -5.148907e+01 -1.254571e+02 2.493549e+12 1.726633e-12 2.367013e+00 
d 1.038420e+00 1.193980e+00  2.300546e+00 -5.693558e+01 -1.309036e+02 2.528783e+12 1.726633e-12 2.300546e+00 
d 1.039577e+00 1.192650e+00  2.232819e+00 -6.265898e+01 -1.366270e+02 2.561678e+12 1.726633e-12 2.232819e+00 
d 1.040735e+00 1.191324e+00  2.164356e+00 -6.866393e+01 -1.426319e+02 2.592294e+12 1.726633e-12 2.164356e+00 
d 1.041893e+00 1.190000e+00  2.095610e+00 -7.495509e+01 -1.489231e+02 2.620684e+12 1.726633e-12 2.095610e+00 
d 1.043050e+00 1.188679e+00  2.026970e+00 -8.153707e+01 -1.555051e+02 2.646894e+12 1.726633e-12 2.026970e+00 
d 1.044208e+00 1.187361e+00  1.958768e+00 -8.841440e+01 -1.623824e+02 2.670966e+12 1.726633e-12 1.958768e+00 
d 1.045366e+00 1.186046e+00  1.891283e+00 -9.559147e+01 -1.695594e+02 2.692939e+12 1.726633e-12 1.891283e+00 
d 1.046523e+00 1.184734e+00  1.824751e+00 -1.030725e+02 -1.770405e+02 2.712847e+12 1.726633e-12 1.824751e+00 
d 1.047681e+00 1.183425e+00  1.759365e+00 -1.108617e+02 -1.848297e+02 2.730721e+12 1.726633e-12 1.759365e+00 
d 1.048839e+00 1.182119e+00  1.695282e+00 -1.189627e+02 -1.929307e+02 2.746590e+12 1.726633e-12 1.695282e+00 
d 1.049996e+00 1.180816e+00  1.632631e+00 -1.273794e+02 -2.013473e+02 2.760482e+12 1.726633e-12 1.632631e+00 
d 1.051154e+00 1.179515e+00  1.571511e+00 -1.361149e+02 -2.100828e+02 2.772421e+12 1.726633e-12 1.571511e+00 
d 1.052311e+00 1.178218e+00  1.511997e+00 -1.451723e+02 -2.191402e+02 2.782432e+12 1.726633e-12 1.511997e+00 
d 1.053469e+00 1.176923e+00  1.454146e+00 -1.545543e+02 -2.285222e+02 2.790539e+12 1.726633e-12 1.454146e+00 
d 1.054627e+00 1.175631e+00  1.397994e+00 -1.642632e+02 -2.382312e+02 2.796765e+12 1.726633e-12 1.397994e+00 
d 1.055784e+00 1.174342e+00  1.343566e+00 -1.743010e+02 -2.482690e+02 2.801133e+12 1.726633e-12 1.343566e+00 
d 1.056942e+00 1.173056e+00  1.290871e+00 -1.846692e+02 -2.586372e+02 2.803665e+12 1.726633e-12 1.290871e+00 
d 1.058100e+00 1.171772e+00  1.239909e+00 -1.953688e+02 -2.693368e+02 2.804385e+12 1.726633e-12 1.239909e+00 
d 1.059257e+00 1.170492e+00  1.190668e+00 -2.064005e+02 -2.803684e+02 2.803316e+12 1.726633e-12 1.190668e+00 
d 1.060415e+00 1.169214e+00  1.143132e+00 -2.177642e+02 -2.917322e+02 2.800484e+12 1.726633e-12 1.143132e+00 
d 1.061573e+00 1.167939e+00  1.097277e+00 -2.294596e+02 -3.034275e+02 2.795912e+12 1.726633e-12 1.097277e+00 
d 1.062730e+00 1.166667e+00  1.053073e+00 -2.414856e+02 -3.154536e+02 2.789628e+12 1.726633e-12 1.053073e+00 
d 1.063888e+00 1.165397e+00  1.010488e+00 -2.538407e+02 -3.278087e+02 2.781659e+12 1.726633e-12 1.010488e+00 
d 1.065046e+00 1.164130e+00  9.694842e-01 -2.665229e+02 -3.404909e+02 2.772034e+12 1.726633e-12 9.694842e-01 
d 1.066203e+00 1.162866e+00  9.300233e-01 -2.795293e+02 -3.534972e+02 2.760783e+12 1.726633e-12 9.300233e-01 
d 1.067361e+00 1.161605e+00  8.920641e-01 -2.928566e+02 -3.668245e+02 2.747938e+12 1.726633e-12 8.920641e-01 
d 1.068519e+00 1.160347e+00  8.555640e-01 -3.065008e+02 -3.804688e+02 2.733531e+12 1.726633e-12 8.555640e-01 
d 1.069676e+00 1.159091e+00  8.204797e-01 -3.204575e+02 -3.944255e+02 2.717598e+12 1.726633e-12 8.204797e-01 
d 1.070834e+00 1.157838e+00  7.867672e-01 -3.347214e+02 -4.086893e+02 2.700176e+12 1.726633e-12 7.867672e-01 
d 1.071992e+00 1.156587e+00  7.543823e-01 -3.492866e+02 -4.232546e+02 2.681301e+12 1.726633e-12 7.543823e-01 
d 1.073149e+00 1.155340e+00  7.232810e-01 -3.641468e+02 -4.381147e+02 2.661015e+12 1.726633e-12 7.232810e-01 
d 1.074307e+00 1.154095e+00  6.934195e-01 -3.792948e+02 -4.532628e+02 2.639359e+12 1.726633e-12 6.934195e-01 
d 1.075465e+00 1.152852e+00  6.647544e-01 -3.947230e+02 -4.686910e+02 2.616377e+12 1.726633e-12 6.647544e-01 
d 1.076622e+00 1.151613e+00  6.372431e-01 -4.104231e+02 -4.843911e+02 2.592112e+12 1.726633e-12 6.372431e-01 
d 1.077780e+00 1.150376e+00  6.108437e-01 -4.263863e+02 -5.003543e+02 2.566612e+12 1.726633e-12 6.108437e-01 
d 1.078938e+00 1.149142e+00  5.855152e-01 -4.426032e+02 -5.165712e+02 2.539925e+12 1.726633e-12 5.855152e-01 
d 1.080095e+00 1.147910e+00  5.612176e-01 -4.590638e+02 -5.330318e+02 2.512100e+12 1.726633e-12 5.612176e-01 
d 1.081253e+00 1.146681e+00  5.379117e-01 -4.757577e+02 -5.497257e+02 2.483188e+12 1.726633e-12 5.379117e-01 
d 1.082411e+00 1.145455e+00  5.155596e-01 -4.926740e+02 -5.666420e+02 2.453240e+12 1.726633e-12 5.155596e-01 
d 1.083568e+00 1.144231e+00  4.941244e-01 -5.098013e+02 -5.837693e+02 2.422312e+12 1.726633e-12 4.941244e-01 
d 1.084726e+00 1.143010e+00  4.735704e-01 -5.271278e+02 -6.010957e+02 2.390455e+12 1.726633e-12 4.735704e-01 
d 1.085884e+00 1.141791e+00  4.538628e-01 -5.446413e+02 -6.186092e+02 2.357727e+12 1.726633e-12 4.538628e-01 
d 1.087041e+00 1.140575e+00  4.349683e-01 -5.623293e+02 -6.362973e+02 2.324182e+12 1.726633e-12 4.349683e-01 
d 1.088199e+00 1.139362e+00  4.168544e-01 -5.801790e+02 -6.541470e+02 2.289877e+12 1.726633e-12 4.168544e-01 
d 1.089357e+00 1.138151e+00  3.994898e-01 -5.981774e+02 -6.721454e+02 2.254869e+12 1.726633e-12 3.994898e-01 
d 1.090514e+00 1.136943e+00  3.828444e-01 -6.163112e+02 -6.902792e+02 2.219216e+12 1.726633e-12 3.828444e-01 
d 1.091672e+00 1.135737e+00  3.668893e-01 -6.345670e+02 -7.085349e+02 2.182974e+12 1.726633e-12 3.668893e-01 
d 1.092830e+00 1.134534e+00  3.515961e-01 -6.529311e+02 -7.268990e+02 2.146202e+12 1.726633e-12 3.515961e-01 
d 1.093987e+00 1.133333e+00  3.369381e-01 -6.713899e+02 -7.453579e+02 2.108955e+12 1.726633e-12 3.369381e-01 
d 1.095145e+00 1.132135e+00  3.228894e-01 -6.899298e+02 -7.638977e+02 2.071292e+12 1.726633e-12 3.228894e-01 
d 1.096302e+00 1.130940e+00  3.094249e-01 -7.085370e+02 -7.825050e+02 2.033268e+12 1.726633e-12 3.094249e-01 
d 1.097460e+00 1.129747e+00  2.965206e-01 -7.271980e+02 -8.011660e+02 1.994940e+12 1.726633e-12 2.965206e-01 
