v ATLAS
# This file was created by ATLAS version 5.26.1.R on Tue Apr 17 04:28:35 2018.
#SSF 2.0 generic
##############################################################################
#                    Copyright (c) 1984 - 2018                               #
#                    Silvaco Inc. All rights reserved                        #
#                                                                            #
# This file format and the following Key are copyright Silvaco Inc.          #
# You may not use, this format or key without reproducing this message in    #
# full and obtaining express written permission from Silvaco Inc.            #
#                                                                            #
# To obtain such permission please contact: Silvaco Inc.                     #
#                                           support@silvaco.com              #
#                                                                            #
# KEY=SVC86hn7562asdx                       PROD=345                         #
##############################################################################
o 3002 Net gain, mode 1
o 3003 Photon lifetime (s)
p 8 61 2211 2001 2201 3000 2214 3001 2212
d 6.827000e-10 1.009478e+00  5.667075e+00 0.000000e+00 -8.042173e+01 3.827237e+12 1.578887e-12 5.667075e+00 
d 6.827000e-10 1.010636e+00  5.667075e+00 0.000000e+00 -8.042173e+01 3.827237e+12 1.578887e-12 5.667075e+00 
d 6.827000e-10 1.011793e+00  2.066514e+00 2.021230e+01 -6.020943e+01 1.044868e+12 1.578887e-12 2.066514e+00 
d 6.827000e-10 1.012951e+00  3.568358e+00 2.960121e+01 -5.082052e+01 1.522873e+12 1.578887e-12 3.568358e+00 
d 6.827000e-10 1.014109e+00  5.087683e+00 3.644129e+01 -4.398044e+01 1.879027e+12 1.578887e-12 5.087683e+00 
d 6.827000e-10 1.015266e+00  6.740131e+00 4.199281e+01 -3.842892e+01 2.175085e+12 1.578887e-12 6.740131e+00 
d 6.827000e-10 1.016424e+00  8.596707e+00 4.671358e+01 -3.370816e+01 2.433386e+12 1.578887e-12 8.596707e+00 
d 6.827000e-10 1.017582e+00  1.072576e+01 5.083192e+01 -2.958981e+01 2.665048e+12 1.578887e-12 1.072576e+01 
d 6.827000e-10 1.018739e+00  1.320609e+01 5.448116e+01 -2.594057e+01 2.876560e+12 1.578887e-12 1.320609e+01 
d 6.827000e-10 1.019897e+00  1.613603e+01 5.774695e+01 -2.267479e+01 3.072099e+12 1.578887e-12 1.613603e+01 
d 6.827000e-10 1.021055e+00  1.964375e+01 6.068798e+01 -1.973375e+01 3.254543e+12 1.578887e-12 1.964375e+01 
d 6.827000e-10 1.022212e+00  2.390134e+01 6.334637e+01 -1.707536e+01 3.425969e+12 1.578887e-12 2.390134e+01 
d 6.827000e-10 1.023370e+00  2.914595e+01 6.575334e+01 -1.466839e+01 3.587936e+12 1.578887e-12 2.914595e+01 
d 6.827000e-10 1.024528e+00  3.571303e+01 6.793263e+01 -1.248910e+01 3.741650e+12 1.578887e-12 3.571303e+01 
d 6.827000e-10 1.025685e+00  4.409084e+01 6.990264e+01 -1.051909e+01 3.888061e+12 1.578887e-12 4.409084e+01 
d 6.827000e-10 1.026843e+00  5.501339e+01 7.167781e+01 -8.743926e+00 4.027936e+12 1.578887e-12 5.501339e+01 
d 6.827000e-10 1.028001e+00  6.962624e+01 7.326955e+01 -7.152183e+00 4.161904e+12 1.578887e-12 6.962624e+01 
d 6.827000e-10 1.029158e+00  8.979755e+01 7.468695e+01 -5.734777e+00 4.290485e+12 1.578887e-12 8.979755e+01 
d 6.827000e-10 1.030316e+00  1.187403e+02 7.593725e+01 -4.484483e+00 4.414116e+12 1.578887e-12 1.187403e+02 
d 6.827000e-10 1.031474e+00  1.623680e+02 7.702615e+01 -3.395582e+00 4.533168e+12 1.578887e-12 1.623680e+02 
d 6.827000e-10 1.032631e+00  2.326359e+02 7.795813e+01 -2.463599e+00 4.647958e+12 1.578887e-12 2.326359e+02 
d 6.827000e-10 1.033789e+00  3.587905e+02 7.873664e+01 -1.685095e+00 4.758756e+12 1.578887e-12 3.587905e+02 
d 6.827000e-10 1.034947e+00  7.353531e+02 7.936422e+01 -1.057512e+00 4.865800e+12 1.578887e-12 7.353531e+02 
d 6.827000e-10 1.036104e+00  1.012387e+04 7.984268e+01 -5.790518e-01 4.969292e+12 1.578887e-12 1.012387e+04 
d 6.827000e-10 1.037262e+00  6.349306e+05 8.017316e+01 -2.485743e-01 5.069413e+12 1.578887e-12 6.349306e+05 
d 6.827000e-10 1.038420e+00  2.200103e+06 8.035621e+01 -6.552104e-02 5.166318e+12 1.578887e-12 2.200103e+06 
d 6.827000e-10 1.039577e+00  3.307453e+06 8.039188e+01 -2.985098e-02 5.260145e+12 1.578887e-12 3.307453e+06 
d 6.827000e-10 1.040735e+00  2.157218e+06 8.027974e+01 -1.419882e-01 5.351015e+12 1.578887e-12 2.157218e+06 
d 6.827000e-10 1.041893e+00  6.037709e+05 8.001895e+01 -4.027791e-01 5.439035e+12 1.578887e-12 6.037709e+05 
d 6.827000e-10 1.043050e+00  7.176128e+04 7.960828e+01 -8.134562e-01 5.524298e+12 1.578887e-12 7.176128e+04 
d 6.827000e-10 1.044208e+00  3.944707e+03 7.904612e+01 -1.375609e+00 5.606886e+12 1.578887e-12 3.944707e+03 
d 6.827000e-10 1.045366e+00  4.245435e+02 7.833057e+01 -2.091157e+00 5.686873e+12 1.578887e-12 4.245435e+02 
d 6.827000e-10 1.046523e+00  2.429115e+02 7.745940e+01 -2.962330e+00 5.764322e+12 1.578887e-12 2.429115e+02 
d 6.827000e-10 1.047681e+00  1.794472e+02 7.643008e+01 -3.991648e+00 5.839289e+12 1.578887e-12 1.794472e+02 
d 6.827000e-10 1.048839e+00  1.385483e+02 7.523983e+01 -5.181905e+00 5.911823e+12 1.578887e-12 1.385483e+02 
d 6.827000e-10 1.049996e+00  1.104000e+02 7.388557e+01 -6.536157e+00 5.981965e+12 1.578887e-12 1.104000e+02 
d 6.827000e-10 1.051154e+00  9.016382e+01 7.236403e+01 -8.057704e+00 6.049752e+12 1.578887e-12 9.016382e+01 
d 6.827000e-10 1.052311e+00  7.509972e+01 7.067165e+01 -9.750085e+00 6.115214e+12 1.578887e-12 7.509972e+01 
d 6.827000e-10 1.053469e+00  6.356093e+01 6.880467e+01 -1.161706e+01 6.178377e+12 1.578887e-12 6.356093e+01 
d 6.827000e-10 1.054627e+00  5.451056e+01 6.675912e+01 -1.366261e+01 6.239262e+12 1.578887e-12 5.451056e+01 
d 6.827000e-10 1.055784e+00  4.726973e+01 6.453082e+01 -1.589092e+01 6.297887e+12 1.578887e-12 4.726973e+01 
d 6.827000e-10 1.056942e+00  4.137863e+01 6.211538e+01 -1.830636e+01 6.354263e+12 1.578887e-12 4.137863e+01 
d 6.827000e-10 1.058100e+00  3.651638e+01 5.950823e+01 -2.091350e+01 6.408401e+12 1.578887e-12 3.651638e+01 
d 6.827000e-10 1.059257e+00  3.245321e+01 5.670465e+01 -2.371708e+01 6.460307e+12 1.578887e-12 3.245321e+01 
d 6.827000e-10 1.060415e+00  2.902079e+01 5.369970e+01 -2.672203e+01 6.509984e+12 1.578887e-12 2.902079e+01 
d 6.827000e-10 1.061573e+00  2.609339e+01 5.048833e+01 -2.993340e+01 6.557431e+12 1.578887e-12 2.609339e+01 
d 6.827000e-10 1.062730e+00  2.357543e+01 4.706530e+01 -3.335643e+01 6.602648e+12 1.578887e-12 2.357543e+01 
d 6.827000e-10 1.063888e+00  2.139314e+01 4.342526e+01 -3.699647e+01 6.645628e+12 1.578887e-12 2.139314e+01 
d 6.827000e-10 1.065046e+00  1.948881e+01 3.956272e+01 -4.085901e+01 6.686366e+12 1.578887e-12 1.948881e+01 
d 6.827000e-10 1.066203e+00  1.781674e+01 3.547207e+01 -4.494966e+01 6.724852e+12 1.578887e-12 1.781674e+01 
d 6.827000e-10 1.067361e+00  1.634032e+01 3.114760e+01 -4.927413e+01 6.761074e+12 1.578887e-12 1.634032e+01 
d 6.827000e-10 1.068519e+00  1.502997e+01 2.658351e+01 -5.383822e+01 6.795021e+12 1.578887e-12 1.502997e+01 
d 6.827000e-10 1.069676e+00  1.386154e+01 2.177392e+01 -5.864781e+01 6.826679e+12 1.578887e-12 1.386154e+01 
d 6.827000e-10 1.070834e+00  1.281515e+01 1.671288e+01 -6.370885e+01 6.856031e+12 1.578887e-12 1.281515e+01 
d 6.827000e-10 1.071992e+00  1.187433e+01 1.139440e+01 -6.902733e+01 6.883061e+12 1.578887e-12 1.187433e+01 
d 6.827000e-10 1.073149e+00  1.102531e+01 5.812466e+00 -7.460927e+01 6.907752e+12 1.578887e-12 1.102531e+01 
d 6.827000e-10 1.074307e+00  1.025653e+01 -3.897268e-02 -8.046070e+01 6.930084e+12 1.578887e-12 1.025653e+01 
d 6.827000e-10 1.075465e+00  9.558204e+00 -6.165944e+00 -8.658768e+01 6.950039e+12 1.578887e-12 9.558204e+00 
d 6.827000e-10 1.076622e+00  8.922005e+00 -1.257446e+01 -9.299619e+01 6.967597e+12 1.578887e-12 8.922005e+00 
d 6.827000e-10 1.077780e+00  8.340819e+00 -1.927047e+01 -9.969221e+01 6.982737e+12 1.578887e-12 8.340819e+00 
d 6.827000e-10 1.078938e+00  7.808531e+00 -2.625990e+01 -1.066816e+02 6.995439e+12 1.578887e-12 7.808531e+00 
d 6.827000e-10 1.080095e+00  7.319861e+00 -3.354853e+01 -1.139703e+02 7.005683e+12 1.578887e-12 7.319861e+00 
d 6.827000e-10 1.081253e+00  6.870228e+00 -4.114207e+01 -1.215638e+02 7.013449e+12 1.578887e-12 6.870228e+00 
d 6.827000e-10 1.082411e+00  6.455646e+00 -4.904608e+01 -1.294678e+02 7.018716e+12 1.578887e-12 6.455646e+00 
d 6.827000e-10 1.083568e+00  6.072627e+00 -5.726594e+01 -1.376877e+02 7.021466e+12 1.578887e-12 6.072627e+00 
d 6.827000e-10 1.084726e+00  5.718112e+00 -6.580687e+01 -1.462286e+02 7.021680e+12 1.578887e-12 5.718112e+00 
d 6.827000e-10 1.085884e+00  5.389406e+00 -7.467386e+01 -1.550956e+02 7.019341e+12 1.578887e-12 5.389406e+00 
d 6.827000e-10 1.087041e+00  5.084129e+00 -8.387164e+01 -1.642934e+02 7.014431e+12 1.578887e-12 5.084129e+00 
d 6.827000e-10 1.088199e+00  4.800170e+00 -9.340468e+01 -1.738264e+02 7.006937e+12 1.578887e-12 4.800170e+00 
d 6.827000e-10 1.089357e+00  4.535655e+00 -1.032772e+02 -1.836989e+02 6.996844e+12 1.578887e-12 4.535655e+00 
d 6.827000e-10 1.090514e+00  4.288909e+00 -1.134929e+02 -1.939146e+02 6.984140e+12 1.578887e-12 4.288909e+00 
d 6.827000e-10 1.091672e+00  4.058438e+00 -1.240554e+02 -2.044771e+02 6.968817e+12 1.578887e-12 4.058438e+00 
d 6.827000e-10 1.092830e+00  3.842901e+00 -1.349677e+02 -2.153894e+02 6.950865e+12 1.578887e-12 3.842901e+00 
d 6.827000e-10 1.093987e+00  3.641094e+00 -1.462324e+02 -2.266542e+02 6.930280e+12 1.578887e-12 3.641094e+00 
d 6.827000e-10 1.095145e+00  3.451931e+00 -1.578519e+02 -2.382736e+02 6.907058e+12 1.578887e-12 3.451931e+00 
d 6.827000e-10 1.096302e+00  3.274433e+00 -1.698278e+02 -2.502495e+02 6.881201e+12 1.578887e-12 3.274433e+00 
d 6.827000e-10 1.097460e+00  3.107713e+00 -1.821613e+02 -2.625830e+02 6.852709e+12 1.578887e-12 3.107713e+00 
