v ATLAS
# This file was created by ATLAS version 5.26.1.R on Tue Apr 17 04:19:24 2018.
#SSF 2.0 generic
##############################################################################
#                    Copyright (c) 1984 - 2018                               #
#                    Silvaco Inc. All rights reserved                        #
#                                                                            #
# This file format and the following Key are copyright Silvaco Inc.          #
# You may not use, this format or key without reproducing this message in    #
# full and obtaining express written permission from Silvaco Inc.            #
#                                                                            #
# To obtain such permission please contact: Silvaco Inc.                     #
#                                           support@silvaco.com              #
#                                                                            #
# KEY=SVC86hn7562asdx                       PROD=345                         #
##############################################################################
o 3002 Net gain, mode 1
o 3003 Photon lifetime (s)
p 8 61 2211 2001 2201 3000 2214 3001 2212
d 6.270000e-11 1.009478e+00  5.711234e+00 0.000000e+00 -8.057487e+01 3.859738e+12 1.575688e-12 5.711234e+00 
d 6.270000e-11 1.010636e+00  5.711234e+00 0.000000e+00 -8.057487e+01 3.859738e+12 1.575688e-12 5.711234e+00 
d 6.270000e-11 1.011793e+00  2.063740e+00 2.051689e+01 -6.005798e+01 1.039692e+12 1.575688e-12 2.063740e+00 
d 6.270000e-11 1.012951e+00  3.590503e+00 3.005515e+01 -5.051972e+01 1.520505e+12 1.575688e-12 3.590503e+00 
d 6.270000e-11 1.014109e+00  5.149169e+00 3.701032e+01 -4.356454e+01 1.878768e+12 1.575688e-12 5.149169e+00 
d 6.270000e-11 1.015266e+00  6.861896e+00 4.266092e+01 -3.791395e+01 2.176595e+12 1.575688e-12 6.861896e+00 
d 6.270000e-11 1.016424e+00  8.809614e+00 4.747131e+01 -3.310356e+01 2.436453e+12 1.575688e-12 8.809614e+00 
d 6.270000e-11 1.017582e+00  1.107594e+01 5.167312e+01 -2.890175e+01 2.669525e+12 1.575688e-12 1.107594e+01 
d 6.270000e-11 1.018739e+00  1.376349e+01 5.540159e+01 -2.517328e+01 2.882338e+12 1.575688e-12 1.376349e+01 
d 6.270000e-11 1.019897e+00  1.700858e+01 5.874363e+01 -2.183123e+01 3.079092e+12 1.575688e-12 1.700858e+01 
d 6.270000e-11 1.021055e+00  2.100009e+01 6.175884e+01 -1.881603e+01 3.262681e+12 1.575688e-12 2.100009e+01 
d 6.270000e-11 1.022212e+00  2.601079e+01 6.448996e+01 -1.608490e+01 3.435196e+12 1.575688e-12 2.601079e+01 
d 6.270000e-11 1.023370e+00  3.244813e+01 6.696874e+01 -1.360612e+01 3.598205e+12 1.575688e-12 3.244813e+01 
d 6.270000e-11 1.024528e+00  4.094016e+01 6.921934e+01 -1.135553e+01 3.752919e+12 1.575688e-12 4.094016e+01 
d 6.270000e-11 1.025685e+00  5.249365e+01 7.126047e+01 -9.314396e+00 3.900296e+12 1.575688e-12 5.249365e+01 
d 6.270000e-11 1.026843e+00  6.876746e+01 7.310687e+01 -7.467993e+00 4.041107e+12 1.575688e-12 6.876746e+01 
d 6.270000e-11 1.028001e+00  9.273767e+01 7.477023e+01 -5.804642e+00 4.175984e+12 1.575688e-12 9.273767e+01 
d 6.270000e-11 1.029158e+00  1.301079e+02 7.625983e+01 -4.315034e+00 4.305451e+12 1.575688e-12 1.301079e+02 
d 6.270000e-11 1.030316e+00  1.913728e+02 7.758313e+01 -2.991740e+00 4.429947e+12 1.575688e-12 1.913728e+02 
d 6.270000e-11 1.031474e+00  3.087308e+02 7.874601e+01 -1.828856e+00 4.549846e+12 1.575688e-12 3.087308e+02 
d 6.270000e-11 1.032631e+00  6.175433e+02 7.975314e+01 -8.217310e-01 4.665467e+12 1.575688e-12 6.175433e+02 
d 6.270000e-11 1.033789e+00  1.721154e+03 8.060811e+01 3.323831e-02 4.777082e+12 1.575688e-12 1.721154e+03 
d 6.270000e-11 1.034947e+00  7.693890e+03 8.131363e+01 7.387651e-01 4.884928e+12 1.575688e-12 7.693890e+03 
d 6.270000e-11 1.036104e+00  7.081481e+04 8.187167e+01 1.296798e+00 4.989213e+12 1.575688e-12 7.081481e+04 
d 6.270000e-11 1.037262e+00  1.236239e+06 8.228349e+01 1.708623e+00 5.090116e+12 1.575688e-12 1.236239e+06 
d 6.270000e-11 1.038420e+00  1.957593e+06 8.254980e+01 1.974937e+00 5.187795e+12 1.575688e-12 1.957593e+06 
d 6.270000e-11 1.039577e+00  2.486711e+06 8.267079e+01 2.095920e+00 5.282388e+12 1.575688e-12 2.486711e+06 
d 6.270000e-11 1.040735e+00  2.545934e+06 8.264615e+01 2.071281e+00 5.374017e+12 1.575688e-12 2.545934e+06 
d 6.270000e-11 1.041893e+00  2.072159e+06 8.247517e+01 1.900306e+00 5.462789e+12 1.575688e-12 2.072159e+06 
d 6.270000e-11 1.043050e+00  1.306440e+06 8.215676e+01 1.581893e+00 5.548799e+12 1.575688e-12 1.306440e+06 
d 6.270000e-11 1.044208e+00  6.106732e+05 8.168945e+01 1.114581e+00 5.632131e+12 1.575688e-12 6.106732e+05 
d 6.270000e-11 1.045366e+00  2.406764e+05 8.107144e+01 4.965760e-01 5.712858e+12 1.575688e-12 2.406764e+05 
d 6.270000e-11 1.046523e+00  5.313623e+04 8.030064e+01 -2.742257e-01 5.791044e+12 1.575688e-12 5.313623e+04 
d 6.270000e-11 1.047681e+00  1.230393e+04 7.937465e+01 -1.200221e+00 5.866745e+12 1.575688e-12 1.230393e+04 
d 6.270000e-11 1.048839e+00  2.620823e+03 7.829079e+01 -2.284082e+00 5.940012e+12 1.575688e-12 2.620823e+03 
d 6.270000e-11 1.049996e+00  4.687462e+02 7.704612e+01 -3.528743e+00 6.010885e+12 1.575688e-12 4.687462e+02 
d 6.270000e-11 1.051154e+00  2.089371e+02 7.563748e+01 -4.937388e+00 6.079403e+12 1.575688e-12 2.089371e+02 
d 6.270000e-11 1.052311e+00  1.390535e+02 7.406143e+01 -6.513438e+00 6.145595e+12 1.575688e-12 1.390535e+02 
d 6.270000e-11 1.053469e+00  1.058061e+02 7.231433e+01 -8.260541e+00 6.209488e+12 1.575688e-12 1.058061e+02 
d 6.270000e-11 1.054627e+00  8.421769e+01 7.039230e+01 -1.018256e+01 6.271104e+12 1.575688e-12 8.421769e+01 
d 6.270000e-11 1.055784e+00  6.882243e+01 6.829129e+01 -1.228358e+01 6.330460e+12 1.575688e-12 6.882243e+01 
d 6.270000e-11 1.056942e+00  5.739059e+01 6.600700e+01 -1.456787e+01 6.387569e+12 1.575688e-12 5.739059e+01 
d 6.270000e-11 1.058100e+00  4.866843e+01 6.353498e+01 -1.703989e+01 6.442441e+12 1.575688e-12 4.866843e+01 
d 6.270000e-11 1.059257e+00  4.186233e+01 6.087058e+01 -1.970429e+01 6.495083e+12 1.575688e-12 4.186233e+01 
d 6.270000e-11 1.060415e+00  3.643537e+01 5.800897e+01 -2.256590e+01 6.545497e+12 1.575688e-12 3.643537e+01 
d 6.270000e-11 1.061573e+00  3.203153e+01 5.494518e+01 -2.562969e+01 6.593684e+12 1.575688e-12 3.203153e+01 
d 6.270000e-11 1.062730e+00  2.840132e+01 5.167405e+01 -2.890082e+01 6.639642e+12 1.575688e-12 2.840132e+01 
d 6.270000e-11 1.063888e+00  2.536632e+01 4.819030e+01 -3.238457e+01 6.683367e+12 1.575688e-12 2.536632e+01 
d 6.270000e-11 1.065046e+00  2.279823e+01 4.448850e+01 -3.608637e+01 6.724850e+12 1.575688e-12 2.279823e+01 
d 6.270000e-11 1.066203e+00  2.060218e+01 4.056311e+01 -4.001175e+01 6.764085e+12 1.575688e-12 2.060218e+01 
d 6.270000e-11 1.067361e+00  1.870673e+01 3.640847e+01 -4.416640e+01 6.801058e+12 1.575688e-12 1.870673e+01 
d 6.270000e-11 1.068519e+00  1.705744e+01 3.201880e+01 -4.855607e+01 6.835758e+12 1.575688e-12 1.705744e+01 
d 6.270000e-11 1.069676e+00  1.561185e+01 2.738826e+01 -5.318661e+01 6.868170e+12 1.575688e-12 1.561185e+01 
d 6.270000e-11 1.070834e+00  1.433665e+01 2.251092e+01 -5.806395e+01 6.898279e+12 1.575688e-12 1.433665e+01 
d 6.270000e-11 1.071992e+00  1.320521e+01 1.738078e+01 -6.319408e+01 6.926068e+12 1.575688e-12 1.320521e+01 
d 6.270000e-11 1.073149e+00  1.219610e+01 1.199182e+01 -6.858305e+01 6.951519e+12 1.575688e-12 1.219610e+01 
d 6.270000e-11 1.074307e+00  1.129184e+01 6.337974e+00 -7.423689e+01 6.974612e+12 1.575688e-12 1.129184e+01 
d 6.270000e-11 1.075465e+00  1.047807e+01 4.131663e-01 -8.016170e+01 6.995328e+12 1.575688e-12 1.047807e+01 
d 6.270000e-11 1.076622e+00  9.742866e+00 -5.788665e+00 -8.636353e+01 7.013647e+12 1.575688e-12 9.742866e+00 
d 6.270000e-11 1.077780e+00  9.076271e+00 -1.227356e+01 -9.284842e+01 7.029549e+12 1.575688e-12 9.076271e+00 
d 6.270000e-11 1.078938e+00  8.469896e+00 -1.904749e+01 -9.962236e+01 7.043011e+12 1.575688e-12 8.469896e+00 
d 6.270000e-11 1.080095e+00  7.916630e+00 -2.611640e+01 -1.066913e+02 7.054014e+12 1.575688e-12 7.916630e+00 
d 6.270000e-11 1.081253e+00  7.410411e+00 -3.348609e+01 -1.140610e+02 7.062536e+12 1.575688e-12 7.410411e+00 
d 6.270000e-11 1.082411e+00  6.946035e+00 -4.116227e+01 -1.217371e+02 7.068557e+12 1.575688e-12 6.946035e+00 
d 6.270000e-11 1.083568e+00  6.519019e+00 -4.915052e+01 -1.297254e+02 7.072056e+12 1.575688e-12 6.519019e+00 
d 6.270000e-11 1.084726e+00  6.125477e+00 -5.745622e+01 -1.380311e+02 7.073015e+12 1.575688e-12 6.125477e+00 
d 6.270000e-11 1.085884e+00  5.762028e+00 -6.608457e+01 -1.466594e+02 7.071414e+12 1.575688e-12 5.762028e+00 
d 6.270000e-11 1.087041e+00  5.425714e+00 -7.504055e+01 -1.556154e+02 7.067236e+12 1.575688e-12 5.425714e+00 
d 6.270000e-11 1.088199e+00  5.113940e+00 -8.432890e+01 -1.649038e+02 7.060466e+12 1.575688e-12 5.113940e+00 
d 6.270000e-11 1.089357e+00  4.824421e+00 -9.395405e+01 -1.745289e+02 7.051088e+12 1.575688e-12 4.824421e+00 
d 6.270000e-11 1.090514e+00  4.555135e+00 -1.039202e+02 -1.844950e+02 7.039089e+12 1.575688e-12 4.555135e+00 
d 6.270000e-11 1.091672e+00  4.304290e+00 -1.142310e+02 -1.948059e+02 7.024458e+12 1.575688e-12 4.304290e+00 
d 6.270000e-11 1.092830e+00  4.070290e+00 -1.248900e+02 -2.054649e+02 7.007186e+12 1.575688e-12 4.070290e+00 
d 6.270000e-11 1.093987e+00  3.851711e+00 -1.359003e+02 -2.164751e+02 6.987266e+12 1.575688e-12 3.851711e+00 
d 6.270000e-11 1.095145e+00  3.647278e+00 -1.472643e+02 -2.278392e+02 6.964694e+12 1.575688e-12 3.647278e+00 
d 6.270000e-11 1.096302e+00  3.455847e+00 -1.589843e+02 -2.395592e+02 6.939468e+12 1.575688e-12 3.455847e+00 
d 6.270000e-11 1.097460e+00  3.276389e+00 -1.710620e+02 -2.516368e+02 6.911590e+12 1.575688e-12 3.276389e+00 
