v ATLAS
# This file was created by ATLAS version 5.26.1.R on Tue Apr 17 04:22:15 2018.
#SSF 2.0 generic
##############################################################################
#                    Copyright (c) 1984 - 2018                               #
#                    Silvaco Inc. All rights reserved                        #
#                                                                            #
# This file format and the following Key are copyright Silvaco Inc.          #
# You may not use, this format or key without reproducing this message in    #
# full and obtaining express written permission from Silvaco Inc.            #
#                                                                            #
# To obtain such permission please contact: Silvaco Inc.                     #
#                                           support@silvaco.com              #
#                                                                            #
# KEY=SVC86hn7562asdx                       PROD=345                         #
##############################################################################
o 3002 Net gain, mode 1
o 3003 Photon lifetime (s)
p 8 61 2211 2001 2201 3000 2214 3001 2212
d 2.227000e-10 1.009478e+00  5.637910e+00 0.000000e+00 -8.039085e+01 3.803784e+12 1.579534e-12 5.637910e+00 
d 2.227000e-10 1.010636e+00  5.637910e+00 0.000000e+00 -8.039085e+01 3.803784e+12 1.579534e-12 5.637910e+00 
d 2.227000e-10 1.011793e+00  2.050181e+00 2.015514e+01 -6.023571e+01 1.036501e+12 1.579534e-12 2.050181e+00 
d 2.227000e-10 1.012951e+00  3.545656e+00 2.951607e+01 -5.087478e+01 1.513462e+12 1.579534e-12 3.545656e+00 
d 2.227000e-10 1.014109e+00  5.057967e+00 3.633462e+01 -4.405623e+01 1.868833e+12 1.579534e-12 5.057967e+00 
d 2.227000e-10 1.015266e+00  6.702503e+00 4.186764e+01 -3.852321e+01 2.164234e+12 1.579534e-12 6.702503e+00 
d 2.227000e-10 1.016424e+00  8.550351e+00 4.657169e+01 -3.381916e+01 2.421957e+12 1.579534e-12 8.550351e+00 
d 2.227000e-10 1.017582e+00  1.067039e+01 5.067449e+01 -2.971636e+01 2.653095e+12 1.579534e-12 1.067039e+01 
d 2.227000e-10 1.018739e+00  1.314274e+01 5.430900e+01 -2.608185e+01 2.864125e+12 1.579534e-12 1.314274e+01 
d 2.227000e-10 1.019897e+00  1.606872e+01 5.756064e+01 -2.283021e+01 3.059214e+12 1.579534e-12 1.606872e+01 
d 2.227000e-10 1.021055e+00  1.958261e+01 6.048793e+01 -1.990292e+01 3.241233e+12 1.579534e-12 1.958261e+01 
d 2.227000e-10 1.022212e+00  2.386877e+01 6.313285e+01 -1.725800e+01 3.412255e+12 1.579534e-12 2.386877e+01 
d 2.227000e-10 1.023370e+00  2.918835e+01 6.552655e+01 -1.486430e+01 3.573837e+12 1.579534e-12 2.918835e+01 
d 2.227000e-10 1.024528e+00  3.592393e+01 6.769268e+01 -1.269816e+01 3.727180e+12 1.579534e-12 3.592393e+01 
d 2.227000e-10 1.025685e+00  4.465407e+01 6.964959e+01 -1.074126e+01 3.873233e+12 1.579534e-12 4.465407e+01 
d 2.227000e-10 1.026843e+00  5.628333e+01 7.141164e+01 -8.979209e+00 4.012762e+12 1.579534e-12 5.628333e+01 
d 2.227000e-10 1.028001e+00  7.227930e+01 7.299022e+01 -7.400631e+00 4.146393e+12 1.579534e-12 7.227930e+01 
d 2.227000e-10 1.029158e+00  9.510724e+01 7.439437e+01 -5.996483e+00 4.274647e+12 1.579534e-12 9.510724e+01 
d 2.227000e-10 1.030316e+00  1.292051e+02 7.563127e+01 -4.759578e+00 4.397959e+12 1.579534e-12 1.292051e+02 
d 2.227000e-10 1.031474e+00  1.839250e+02 7.670662e+01 -3.684232e+00 4.516698e+12 1.579534e-12 1.839250e+02 
d 2.227000e-10 1.032631e+00  2.896225e+02 7.762485e+01 -2.766003e+00 4.631181e+12 1.579534e-12 2.896225e+02 
d 2.227000e-10 1.033789e+00  6.257902e+02 7.838937e+01 -2.001481e+00 4.741678e+12 1.579534e-12 6.257902e+02 
d 2.227000e-10 1.034947e+00  2.987190e+03 7.900271e+01 -1.388138e+00 4.848425e+12 1.579534e-12 2.987190e+03 
d 2.227000e-10 1.036104e+00  4.035196e+04 7.946665e+01 -9.242027e-01 4.951626e+12 1.579534e-12 4.035196e+04 
d 2.227000e-10 1.037262e+00  1.015499e+06 7.978229e+01 -6.085623e-01 5.051458e+12 1.579534e-12 1.015499e+06 
d 2.227000e-10 1.038420e+00  1.993670e+06 7.995016e+01 -4.406841e-01 5.148078e+12 1.579534e-12 1.993670e+06 
d 2.227000e-10 1.039577e+00  2.654365e+06 7.997030e+01 -4.205522e-01 5.241624e+12 1.579534e-12 2.654365e+06 
d 2.227000e-10 1.040735e+00  2.404987e+06 7.984223e+01 -5.486156e-01 5.332215e+12 1.579534e-12 2.404987e+06 
d 2.227000e-10 1.041893e+00  1.463693e+06 7.956510e+01 -8.257450e-01 5.419957e+12 1.579534e-12 1.463693e+06 
d 2.227000e-10 1.043050e+00  5.846450e+05 7.913765e+01 -1.253197e+00 5.504945e+12 1.579534e-12 5.846450e+05 
d 2.227000e-10 1.044208e+00  1.475135e+05 7.855826e+01 -1.832584e+00 5.587260e+12 1.579534e-12 1.475135e+05 
d 2.227000e-10 1.045366e+00  2.708695e+04 7.782500e+01 -2.565851e+00 5.666976e+12 1.579534e-12 2.708695e+04 
d 2.227000e-10 1.046523e+00  2.627198e+03 7.693560e+01 -3.455249e+00 5.744154e+12 1.579534e-12 2.627198e+03 
d 2.227000e-10 1.047681e+00  4.000579e+02 7.588753e+01 -4.503321e+00 5.818852e+12 1.579534e-12 4.000579e+02 
d 2.227000e-10 1.048839e+00  1.723763e+02 7.467796e+01 -5.712885e+00 5.891116e+12 1.579534e-12 1.723763e+02 
d 2.227000e-10 1.049996e+00  1.240872e+02 7.330383e+01 -7.087018e+00 5.960990e+12 1.579534e-12 1.240872e+02 
d 2.227000e-10 1.051154e+00  9.777549e+01 7.176181e+01 -8.629043e+00 6.028509e+12 1.579534e-12 9.777549e+01 
d 2.227000e-10 1.052311e+00  7.928776e+01 7.004833e+01 -1.034252e+01 6.093703e+12 1.579534e-12 7.928776e+01 
d 2.227000e-10 1.053469e+00  6.575853e+01 6.815962e+01 -1.223123e+01 6.156599e+12 1.579534e-12 6.575853e+01 
d 2.227000e-10 1.054627e+00  5.556370e+01 6.609167e+01 -1.429918e+01 6.217216e+12 1.579534e-12 5.556370e+01 
d 2.227000e-10 1.055784e+00  4.767288e+01 6.384029e+01 -1.655056e+01 6.275572e+12 1.579534e-12 4.767288e+01 
d 2.227000e-10 1.056942e+00  4.141913e+01 6.140107e+01 -1.898977e+01 6.331679e+12 1.579534e-12 4.141913e+01 
d 2.227000e-10 1.058100e+00  3.635987e+01 5.876944e+01 -2.162141e+01 6.385548e+12 1.579534e-12 3.635987e+01 
d 2.227000e-10 1.059257e+00  3.219577e+01 5.594062e+01 -2.445023e+01 6.437183e+12 1.579534e-12 3.219577e+01 
d 2.227000e-10 1.060415e+00  2.871764e+01 5.290968e+01 -2.748117e+01 6.486589e+12 1.579534e-12 2.871764e+01 
d 2.227000e-10 1.061573e+00  2.577595e+01 4.967154e+01 -3.071930e+01 6.533765e+12 1.579534e-12 2.577595e+01 
d 2.227000e-10 1.062730e+00  2.326128e+01 4.622097e+01 -3.416988e+01 6.578709e+12 1.579534e-12 2.326128e+01 
d 2.227000e-10 1.063888e+00  2.109175e+01 4.255257e+01 -3.783827e+01 6.621415e+12 1.579534e-12 2.109175e+01 
d 2.227000e-10 1.065046e+00  1.920487e+01 3.866086e+01 -4.172998e+01 6.661878e+12 1.579534e-12 1.920487e+01 
d 2.227000e-10 1.066203e+00  1.755217e+01 3.454022e+01 -4.585063e+01 6.700088e+12 1.579534e-12 1.755217e+01 
d 2.227000e-10 1.067361e+00  1.609545e+01 3.018492e+01 -5.020593e+01 6.736033e+12 1.579534e-12 1.609545e+01 
d 2.227000e-10 1.068519e+00  1.480423e+01 2.558915e+01 -5.480170e+01 6.769702e+12 1.579534e-12 1.480423e+01 
d 2.227000e-10 1.069676e+00  1.365388e+01 2.074702e+01 -5.964383e+01 6.801080e+12 1.579534e-12 1.365388e+01 
d 2.227000e-10 1.070834e+00  1.262432e+01 1.565259e+01 -6.473825e+01 6.830151e+12 1.579534e-12 1.262432e+01 
d 2.227000e-10 1.071992e+00  1.169899e+01 1.029987e+01 -7.009098e+01 6.856900e+12 1.579534e-12 1.169899e+01 
d 2.227000e-10 1.073149e+00  1.086415e+01 4.682819e+00 -7.570803e+01 6.881308e+12 1.579534e-12 1.086415e+01 
d 2.227000e-10 1.074307e+00  1.010828e+01 -1.204587e+00 -8.159544e+01 6.903356e+12 1.579534e-12 1.010828e+01 
d 2.227000e-10 1.075465e+00  9.421697e+00 -7.368379e+00 -8.775923e+01 6.923027e+12 1.579534e-12 9.421697e+00 
d 2.227000e-10 1.076622e+00  8.796164e+00 -1.381456e+01 -9.420541e+01 6.940299e+12 1.579534e-12 8.796164e+00 
d 2.227000e-10 1.077780e+00  8.224662e+00 -2.054908e+01 -1.009399e+02 6.955153e+12 1.579534e-12 8.224662e+00 
d 2.227000e-10 1.078938e+00  7.701168e+00 -2.757782e+01 -1.079687e+02 6.967568e+12 1.579534e-12 7.701168e+00 
d 2.227000e-10 1.080095e+00  7.220488e+00 -3.490658e+01 -1.152974e+02 6.977525e+12 1.579534e-12 7.220488e+00 
d 2.227000e-10 1.081253e+00  6.778124e+00 -4.254103e+01 -1.229319e+02 6.985003e+12 1.579534e-12 6.778124e+00 
d 2.227000e-10 1.082411e+00  6.370160e+00 -5.048670e+01 -1.308775e+02 6.989984e+12 1.579534e-12 6.370160e+00 
d 2.227000e-10 1.083568e+00  5.993175e+00 -5.874896e+01 -1.391398e+02 6.992447e+12 1.579534e-12 5.993175e+00 
d 2.227000e-10 1.084726e+00  5.644170e+00 -6.733299e+01 -1.477238e+02 6.992375e+12 1.579534e-12 5.644170e+00 
d 2.227000e-10 1.085884e+00  5.320501e+00 -7.624374e+01 -1.566346e+02 6.989750e+12 1.579534e-12 5.320501e+00 
d 2.227000e-10 1.087041e+00  5.019837e+00 -8.548590e+01 -1.658767e+02 6.984556e+12 1.579534e-12 5.019837e+00 
d 2.227000e-10 1.088199e+00  4.740109e+00 -9.506391e+01 -1.754548e+02 6.976779e+12 1.579534e-12 4.740109e+00 
d 2.227000e-10 1.089357e+00  4.479478e+00 -1.049819e+02 -1.853727e+02 6.966405e+12 1.579534e-12 4.479478e+00 
d 2.227000e-10 1.090514e+00  4.236306e+00 -1.152436e+02 -1.956344e+02 6.953423e+12 1.579534e-12 4.236306e+00 
d 2.227000e-10 1.091672e+00  4.009127e+00 -1.258525e+02 -2.062433e+02 6.937824e+12 1.579534e-12 4.009127e+00 
d 2.227000e-10 1.092830e+00  3.796626e+00 -1.368115e+02 -2.172024e+02 6.919599e+12 1.579534e-12 3.796626e+00 
d 2.227000e-10 1.093987e+00  3.597624e+00 -1.481233e+02 -2.285142e+02 6.898745e+12 1.579534e-12 3.597624e+00 
d 2.227000e-10 1.095145e+00  3.411056e+00 -1.597900e+02 -2.401809e+02 6.875259e+12 1.579534e-12 3.411056e+00 
d 2.227000e-10 1.096302e+00  3.235961e+00 -1.718133e+02 -2.522042e+02 6.849140e+12 1.579534e-12 3.235961e+00 
d 2.227000e-10 1.097460e+00  3.071470e+00 -1.841943e+02 -2.645852e+02 6.820394e+12 1.579534e-12 3.071470e+00 
