v ATLAS
# This file was created by ATLAS version 5.26.1.R on Tue Apr 17 04:31:13 2018.
#SSF 2.0 generic
##############################################################################
#                    Copyright (c) 1984 - 2018                               #
#                    Silvaco Inc. All rights reserved                        #
#                                                                            #
# This file format and the following Key are copyright Silvaco Inc.          #
# You may not use, this format or key without reproducing this message in    #
# full and obtaining express written permission from Silvaco Inc.            #
#                                                                            #
# To obtain such permission please contact: Silvaco Inc.                     #
#                                           support@silvaco.com              #
#                                                                            #
# KEY=SVC86hn7562asdx                       PROD=345                         #
##############################################################################
o 3002 Net gain, mode 1
o 3003 Photon lifetime (s)
p 8 61 2211 2001 2201 3000 2214 3001 2212
d 8.927000e-10 1.009478e+00  5.676563e+00 0.000000e+00 -8.043220e+01 3.834186e+12 1.578668e-12 5.676563e+00 
d 8.927000e-10 1.010636e+00  5.676563e+00 0.000000e+00 -8.043220e+01 3.834186e+12 1.578668e-12 5.676563e+00 
d 8.927000e-10 1.011793e+00  2.071263e+00 2.023207e+01 -6.020014e+01 1.047116e+12 1.578668e-12 2.071263e+00 
d 8.927000e-10 1.012951e+00  3.575669e+00 2.963065e+01 -5.080155e+01 1.525448e+12 1.578668e-12 3.575669e+00 
d 8.927000e-10 1.014109e+00  5.098241e+00 3.647818e+01 -4.395402e+01 1.881848e+12 1.578668e-12 5.098241e+00 
d 8.927000e-10 1.015266e+00  6.754977e+00 4.203611e+01 -3.839609e+01 2.178112e+12 1.578668e-12 6.754977e+00 
d 8.927000e-10 1.016424e+00  8.617305e+00 4.676266e+01 -3.366954e+01 2.436594e+12 1.578668e-12 8.617305e+00 
d 8.927000e-10 1.017582e+00  1.075415e+01 5.088639e+01 -2.954582e+01 2.668420e+12 1.578668e-12 1.075415e+01 
d 8.927000e-10 1.018739e+00  1.324510e+01 5.454073e+01 -2.589148e+01 2.880084e+12 1.578668e-12 1.324510e+01 
d 8.927000e-10 1.019897e+00  1.618961e+01 5.781142e+01 -2.262078e+01 3.075765e+12 1.578668e-12 1.618961e+01 
d 8.927000e-10 1.021055e+00  1.971739e+01 6.075723e+01 -1.967498e+01 3.258341e+12 1.578668e-12 1.971739e+01 
d 8.927000e-10 1.022212e+00  2.400261e+01 6.342028e+01 -1.701192e+01 3.429894e+12 1.578668e-12 2.400261e+01 
d 8.927000e-10 1.023370e+00  2.928514e+01 6.583186e+01 -1.460035e+01 3.591983e+12 1.578668e-12 2.928514e+01 
d 8.927000e-10 1.024528e+00  3.590367e+01 6.801572e+01 -1.241648e+01 3.745812e+12 1.578668e-12 3.590367e+01 
d 8.927000e-10 1.025685e+00  4.434959e+01 6.999028e+01 -1.044192e+01 3.892336e+12 1.578668e-12 4.434959e+01 
d 8.927000e-10 1.026843e+00  5.535813e+01 7.177000e+01 -8.662202e+00 4.032320e+12 1.578668e-12 5.535813e+01 
d 8.927000e-10 1.028001e+00  7.006987e+01 7.336632e+01 -7.065884e+00 4.166393e+12 1.578668e-12 7.006987e+01 
d 8.927000e-10 1.029158e+00  9.033332e+01 7.478833e+01 -5.643870e+00 4.295077e+12 1.578668e-12 9.033332e+01 
d 8.927000e-10 1.030316e+00  1.193102e+02 7.604328e+01 -4.388919e+00 4.418808e+12 1.578668e-12 1.193102e+02 
d 8.927000e-10 1.031474e+00  1.627900e+02 7.713690e+01 -3.295304e+00 4.537959e+12 1.578668e-12 1.627900e+02 
d 8.927000e-10 1.032631e+00  2.323691e+02 7.807367e+01 -2.358536e+00 4.652844e+12 1.578668e-12 2.323691e+02 
d 8.927000e-10 1.033789e+00  3.546000e+02 7.885704e+01 -1.575166e+00 4.763738e+12 1.578668e-12 3.546000e+02 
d 8.927000e-10 1.034947e+00  6.343597e+02 7.948958e+01 -9.426273e-01 4.870874e+12 1.578668e-12 6.343597e+02 
d 8.927000e-10 1.036104e+00  5.772960e+03 7.997309e+01 -4.591102e-01 4.974458e+12 1.578668e-12 5.772960e+03 
d 8.927000e-10 1.037262e+00  5.151731e+05 8.030874e+01 -1.234663e-01 5.074669e+12 1.578668e-12 5.151731e+05 
d 8.927000e-10 1.038420e+00  2.310485e+06 8.049707e+01 6.487192e-02 5.171664e+12 1.578668e-12 2.310485e+06 
d 8.927000e-10 1.039577e+00  3.670527e+06 8.053816e+01 1.059544e-01 5.265580e+12 1.578668e-12 3.670527e+06 
d 8.927000e-10 1.040735e+00  2.061695e+06 8.043157e+01 -6.343634e-04 5.356537e+12 1.578668e-12 2.061695e+06 
d 8.927000e-10 1.041893e+00  4.055933e+05 8.017647e+01 -2.557323e-01 5.444644e+12 1.578668e-12 4.055933e+05 
d 8.927000e-10 1.043050e+00  2.818367e+04 7.977164e+01 -6.605637e-01 5.529993e+12 1.578668e-12 2.818367e+04 
d 8.927000e-10 1.044208e+00  1.150439e+03 7.921549e+01 -1.216710e+00 5.612667e+12 1.578668e-12 1.150439e+03 
d 8.927000e-10 1.045366e+00  3.503255e+02 7.850612e+01 -1.926082e+00 5.692740e+12 1.578668e-12 3.503255e+02 
d 8.927000e-10 1.046523e+00  2.425986e+02 7.764130e+01 -2.790902e+00 5.770274e+12 1.578668e-12 2.425986e+02 
d 8.927000e-10 1.047681e+00  1.805808e+02 7.661852e+01 -3.813681e+00 5.845326e+12 1.578668e-12 1.805808e+02 
d 8.927000e-10 1.048839e+00  1.399520e+02 7.543499e+01 -4.997208e+00 5.917944e+12 1.578668e-12 1.399520e+02 
d 8.927000e-10 1.049996e+00  1.117897e+02 7.408767e+01 -6.344528e+00 5.988170e+12 1.578668e-12 1.117897e+02 
d 8.927000e-10 1.051154e+00  9.141689e+01 7.257327e+01 -7.858935e+00 6.056041e+12 1.578668e-12 9.141689e+01 
d 8.927000e-10 1.052311e+00  7.617693e+01 7.088824e+01 -9.543960e+00 6.121587e+12 1.578668e-12 7.617693e+01 
d 8.927000e-10 1.053469e+00  6.446441e+01 6.902885e+01 -1.140336e+01 6.184835e+12 1.578668e-12 6.446441e+01 
d 8.927000e-10 1.054627e+00  5.525991e+01 6.699111e+01 -1.344110e+01 6.245804e+12 1.578668e-12 5.525991e+01 
d 8.927000e-10 1.055784e+00  4.788936e+01 6.477085e+01 -1.566135e+01 6.304513e+12 1.578668e-12 4.788936e+01 
d 8.927000e-10 1.056942e+00  4.189190e+01 6.236370e+01 -1.806850e+01 6.360974e+12 1.578668e-12 4.189190e+01 
d 8.927000e-10 1.058100e+00  3.694349e+01 5.976510e+01 -2.066710e+01 6.415196e+12 1.578668e-12 3.694349e+01 
d 8.927000e-10 1.059257e+00  3.281078e+01 5.697031e+01 -2.346189e+01 6.467187e+12 1.578668e-12 3.281078e+01 
d 8.927000e-10 1.060415e+00  2.932218e+01 5.397443e+01 -2.645777e+01 6.516949e+12 1.578668e-12 2.932218e+01 
d 8.927000e-10 1.061573e+00  2.634920e+01 5.077239e+01 -2.965982e+01 6.564482e+12 1.578668e-12 2.634920e+01 
d 8.927000e-10 1.062730e+00  2.379407e+01 4.735897e+01 -3.307324e+01 6.609784e+12 1.578668e-12 2.379407e+01 
d 8.927000e-10 1.063888e+00  2.158126e+01 4.372881e+01 -3.670339e+01 6.652851e+12 1.578668e-12 2.158126e+01 
d 8.927000e-10 1.065046e+00  1.965172e+01 3.987644e+01 -4.055577e+01 6.693675e+12 1.578668e-12 1.965172e+01 
d 8.927000e-10 1.066203e+00  1.795866e+01 3.579624e+01 -4.463596e+01 6.732247e+12 1.578668e-12 1.795866e+01 
d 8.927000e-10 1.067361e+00  1.646467e+01 3.148252e+01 -4.894968e+01 6.768557e+12 1.578668e-12 1.646467e+01 
d 8.927000e-10 1.068519e+00  1.513951e+01 2.692947e+01 -5.350273e+01 6.802591e+12 1.578668e-12 1.513951e+01 
d 8.927000e-10 1.069676e+00  1.395851e+01 2.213122e+01 -5.830099e+01 6.834336e+12 1.578668e-12 1.395851e+01 
d 8.927000e-10 1.070834e+00  1.290139e+01 1.708181e+01 -6.335039e+01 6.863776e+12 1.578668e-12 1.290139e+01 
d 8.927000e-10 1.071992e+00  1.195136e+01 1.177527e+01 -6.865693e+01 6.890895e+12 1.578668e-12 1.195136e+01 
d 8.927000e-10 1.073149e+00  1.109440e+01 6.205560e+00 -7.422664e+01 6.915675e+12 1.578668e-12 1.109440e+01 
d 8.927000e-10 1.074307e+00  1.031872e+01 3.666486e-01 -8.006555e+01 6.938096e+12 1.578668e-12 1.031872e+01 
d 8.927000e-10 1.075465e+00  9.614385e+00 -5.747500e+00 -8.617970e+01 6.958140e+12 1.578668e-12 9.614385e+00 
d 8.927000e-10 1.076622e+00  8.972925e+00 -1.214290e+01 -9.257510e+01 6.975787e+12 1.578668e-12 8.972925e+00 
d 8.927000e-10 1.077780e+00  8.387113e+00 -1.882551e+01 -9.925772e+01 6.991017e+12 1.578668e-12 8.387113e+00 
d 8.927000e-10 1.078938e+00  7.850741e+00 -2.580125e+01 -1.062335e+02 7.003809e+12 1.578668e-12 7.850741e+00 
d 8.927000e-10 1.080095e+00  7.358450e+00 -3.307592e+01 -1.135081e+02 7.014143e+12 1.578668e-12 7.358450e+00 
d 8.927000e-10 1.081253e+00  6.905597e+00 -4.065523e+01 -1.210874e+02 7.021999e+12 1.578668e-12 6.905597e+00 
d 8.927000e-10 1.082411e+00  6.488140e+00 -4.854474e+01 -1.289769e+02 7.027356e+12 1.578668e-12 6.488140e+00 
d 8.927000e-10 1.083568e+00  6.102546e+00 -5.674986e+01 -1.371821e+02 7.030196e+12 1.578668e-12 6.102546e+00 
d 8.927000e-10 1.084726e+00  5.745718e+00 -6.527581e+01 -1.457080e+02 7.030499e+12 1.578668e-12 5.745718e+00 
d 8.927000e-10 1.085884e+00  5.414929e+00 -7.412758e+01 -1.545598e+02 7.028249e+12 1.578668e-12 5.414929e+00 
d 8.927000e-10 1.087041e+00  5.107769e+00 -8.330994e+01 -1.637421e+02 7.023428e+12 1.578668e-12 5.107769e+00 
d 8.927000e-10 1.088199e+00  4.822105e+00 -9.282736e+01 -1.732596e+02 7.016022e+12 1.578668e-12 4.822105e+00 
d 8.927000e-10 1.089357e+00  4.556041e+00 -1.026840e+02 -1.831162e+02 7.006017e+12 1.578668e-12 4.556041e+00 
d 8.927000e-10 1.090514e+00  4.307886e+00 -1.128838e+02 -1.933160e+02 6.993400e+12 1.578668e-12 4.307886e+00 
d 8.927000e-10 1.091672e+00  4.076129e+00 -1.234302e+02 -2.038624e+02 6.978162e+12 1.578668e-12 4.076129e+00 
d 8.927000e-10 1.092830e+00  3.859416e+00 -1.343263e+02 -2.147585e+02 6.960296e+12 1.578668e-12 3.859416e+00 
d 8.927000e-10 1.093987e+00  3.656531e+00 -1.455747e+02 -2.260069e+02 6.939794e+12 1.578668e-12 3.656531e+00 
d 8.927000e-10 1.095145e+00  3.466380e+00 -1.571778e+02 -2.376100e+02 6.916655e+12 1.578668e-12 3.466380e+00 
d 8.927000e-10 1.096302e+00  3.287972e+00 -1.691372e+02 -2.495694e+02 6.890879e+12 1.578668e-12 3.287972e+00 
d 8.927000e-10 1.097460e+00  3.120414e+00 -1.814542e+02 -2.618864e+02 6.862466e+12 1.578668e-12 3.120414e+00 
