v ATLAS
# This file was created by ATLAS version 5.26.1.R on Tue Apr 17 04:17:17 2018.
#SSF 2.0 generic
##############################################################################
#                    Copyright (c) 1984 - 2018                               #
#                    Silvaco Inc. All rights reserved                        #
#                                                                            #
# This file format and the following Key are copyright Silvaco Inc.          #
# You may not use, this format or key without reproducing this message in    #
# full and obtaining express written permission from Silvaco Inc.            #
#                                                                            #
# To obtain such permission please contact: Silvaco Inc.                     #
#                                           support@silvaco.com              #
#                                                                            #
# KEY=SVC86hn7562asdx                       PROD=345                         #
##############################################################################
o 3002 Net gain, mode 1
o 3003 Photon lifetime (s)
p 8 61 2211 2001 2201 3000 2214 3001 2212
d 3.000000e-13 1.009478e+00  5.552796e+00 0.000000e+00 -8.041161e+01 3.754818e+12 1.579099e-12 5.552796e+00 
d 3.000000e-13 1.010636e+00  5.552796e+00 0.000000e+00 -8.041161e+01 3.754818e+12 1.579099e-12 5.552796e+00 
d 3.000000e-13 1.011793e+00  2.022271e+00 2.027254e+01 -6.013907e+01 1.022700e+12 1.579099e-12 2.022271e+00 
d 3.000000e-13 1.012951e+00  3.507228e+00 2.969230e+01 -5.071931e+01 1.496887e+12 1.579099e-12 3.507228e+00 
d 3.000000e-13 1.014109e+00  5.009541e+00 3.655715e+01 -4.385447e+01 1.850180e+12 1.579099e-12 5.009541e+00 
d 3.000000e-13 1.015266e+00  6.643331e+00 4.213083e+01 -3.828078e+01 2.143845e+12 1.579099e-12 6.643331e+00 
d 3.000000e-13 1.016424e+00  8.478580e+00 4.687240e+01 -3.353921e+01 2.400046e+12 1.579099e-12 8.478580e+00 
d 3.000000e-13 1.017582e+00  1.058269e+01 5.101082e+01 -2.940079e+01 2.629811e+12 1.579099e-12 1.058269e+01 
d 3.000000e-13 1.018739e+00  1.303358e+01 5.467977e+01 -2.573184e+01 2.839579e+12 1.579099e-12 1.303358e+01 
d 3.000000e-13 1.019897e+00  1.592923e+01 5.796515e+01 -2.244646e+01 3.033495e+12 1.579099e-12 1.592923e+01 
d 3.000000e-13 1.021055e+00  1.939905e+01 6.092584e+01 -1.948578e+01 3.214412e+12 1.579099e-12 1.939905e+01 
d 3.000000e-13 1.022212e+00  2.361984e+01 6.360406e+01 -1.680755e+01 3.384393e+12 1.579099e-12 2.361984e+01 
d 3.000000e-13 1.023370e+00  2.884558e+01 6.603116e+01 -1.438046e+01 3.544983e+12 1.579099e-12 2.884558e+01 
d 3.000000e-13 1.024528e+00  3.543490e+01 6.823096e+01 -1.218065e+01 3.697378e+12 1.579099e-12 3.543490e+01 
d 3.000000e-13 1.025685e+00  4.398903e+01 7.022194e+01 -1.018967e+01 3.842521e+12 1.579099e-12 4.398903e+01 
d 3.000000e-13 1.026843e+00  5.519206e+01 7.201861e+01 -8.393008e+00 3.981174e+12 1.579099e-12 5.519206e+01 
d 3.000000e-13 1.028001e+00  7.142697e+01 7.363244e+01 -6.779176e+00 4.113959e+12 1.579099e-12 7.142697e+01 
d 3.000000e-13 1.029158e+00  9.632288e+01 7.507258e+01 -5.339034e+00 4.241393e+12 1.579099e-12 9.632288e+01 
d 3.000000e-13 1.030316e+00  1.312652e+02 7.634631e+01 -4.065301e+00 4.363909e+12 1.579099e-12 1.312652e+02 
d 3.000000e-13 1.031474e+00  2.045223e+02 7.745941e+01 -2.952208e+00 4.481875e+12 1.579099e-12 2.045223e+02 
d 3.000000e-13 1.032631e+00  4.109434e+02 7.841639e+01 -1.995227e+00 4.595604e+12 1.579099e-12 4.109434e+02 
d 3.000000e-13 1.033789e+00  1.043499e+03 7.922074e+01 -1.190873e+00 4.705366e+12 1.579099e-12 1.043499e+03 
d 3.000000e-13 1.034947e+00  3.796812e+03 7.987507e+01 -5.365397e-01 4.811395e+12 1.579099e-12 3.796812e+03 
d 3.000000e-13 1.036104e+00  2.709760e+04 8.038123e+01 -3.038058e-02 4.913892e+12 1.579099e-12 2.709760e+04 
d 3.000000e-13 1.037262e+00  3.769694e+05 8.074040e+01 3.287904e-01 5.013036e+12 1.579099e-12 3.769694e+05 
d 3.000000e-13 1.038420e+00  5.094614e+05 8.095319e+01 5.415777e-01 5.108981e+12 1.579099e-12 5.094614e+05 
d 3.000000e-13 1.039577e+00  5.972101e+05 8.101968e+01 6.080685e-01 5.201863e+12 1.579099e-12 5.972101e+05 
d 3.000000e-13 1.040735e+00  6.110010e+05 8.093950e+01 5.278841e-01 5.291803e+12 1.579099e-12 6.110010e+05 
d 3.000000e-13 1.041893e+00  5.383871e+05 8.071184e+01 3.002235e-01 5.378904e+12 1.579099e-12 5.383871e+05 
d 3.000000e-13 1.043050e+00  3.978798e+05 8.033551e+01 -7.610077e-02 5.463261e+12 1.579099e-12 3.978798e+05 
d 3.000000e-13 1.044208e+00  2.356097e+05 7.980898e+01 -6.026331e-01 5.544955e+12 1.579099e-12 2.356097e+05 
d 3.000000e-13 1.045366e+00  1.267588e+05 7.913036e+01 -1.281249e+00 5.624057e+12 1.579099e-12 1.267588e+05 
d 3.000000e-13 1.046523e+00  4.084520e+04 7.829748e+01 -2.114134e+00 5.700630e+12 1.579099e-12 4.084520e+04 
d 3.000000e-13 1.047681e+00  1.456327e+04 7.730785e+01 -3.103764e+00 5.774731e+12 1.579099e-12 1.456327e+04 
d 3.000000e-13 1.048839e+00  4.782233e+03 7.615872e+01 -4.252890e+00 5.846405e+12 1.579099e-12 4.782233e+03 
d 3.000000e-13 1.049996e+00  9.246960e+02 7.484709e+01 -5.564526e+00 5.915695e+12 1.579099e-12 9.246960e+02 
d 3.000000e-13 1.051154e+00  2.953269e+02 7.336968e+01 -7.041930e+00 5.982637e+12 1.579099e-12 2.953269e+02 
d 3.000000e-13 1.052311e+00  1.272919e+02 7.172301e+01 -8.688600e+00 6.047259e+12 1.579099e-12 1.272919e+02 
d 3.000000e-13 1.053469e+00  7.883021e+01 6.990335e+01 -1.050826e+01 6.109588e+12 1.579099e-12 7.883021e+01 
d 3.000000e-13 1.054627e+00  6.052565e+01 6.790677e+01 -1.250485e+01 6.169644e+12 1.579099e-12 6.052565e+01 
d 3.000000e-13 1.055784e+00  5.053583e+01 6.572911e+01 -1.468251e+01 6.227443e+12 1.579099e-12 5.053583e+01 
d 3.000000e-13 1.056942e+00  4.468766e+01 6.336602e+01 -1.704559e+01 6.282999e+12 1.579099e-12 4.468766e+01 
d 3.000000e-13 1.058100e+00  3.855550e+01 6.081299e+01 -1.959862e+01 6.336319e+12 1.579099e-12 3.855550e+01 
d 3.000000e-13 1.059257e+00  3.405123e+01 5.806529e+01 -2.234632e+01 6.387411e+12 1.579099e-12 3.405123e+01 
d 3.000000e-13 1.060415e+00  3.001993e+01 5.511804e+01 -2.529357e+01 6.436276e+12 1.579099e-12 3.001993e+01 
d 3.000000e-13 1.061573e+00  2.667500e+01 5.196620e+01 -2.844542e+01 6.482915e+12 1.579099e-12 2.667500e+01 
d 3.000000e-13 1.062730e+00  2.387735e+01 4.860455e+01 -3.180706e+01 6.527325e+12 1.579099e-12 2.387735e+01 
d 3.000000e-13 1.063888e+00  2.151458e+01 4.502776e+01 -3.538385e+01 6.569500e+12 1.579099e-12 2.151458e+01 
d 3.000000e-13 1.065046e+00  1.990190e+01 4.123036e+01 -3.918125e+01 6.609434e+12 1.579099e-12 1.990190e+01 
d 3.000000e-13 1.066203e+00  1.816194e+01 3.720675e+01 -4.320487e+01 6.647118e+12 1.579099e-12 1.816194e+01 
d 3.000000e-13 1.067361e+00  1.663234e+01 3.295122e+01 -4.746040e+01 6.682540e+12 1.579099e-12 1.663234e+01 
d 3.000000e-13 1.068519e+00  1.527934e+01 2.845797e+01 -5.195364e+01 6.715687e+12 1.579099e-12 1.527934e+01 
d 3.000000e-13 1.069676e+00  1.407610e+01 2.372112e+01 -5.669049e+01 6.746546e+12 1.579099e-12 1.407610e+01 
d 3.000000e-13 1.070834e+00  1.300086e+01 1.873472e+01 -6.167690e+01 6.775100e+12 1.579099e-12 1.300086e+01 
d 3.000000e-13 1.071992e+00  1.203579e+01 1.349275e+01 -6.691886e+01 6.801333e+12 1.579099e-12 1.203579e+01 
d 3.000000e-13 1.073149e+00  1.116616e+01 7.989172e+00 -7.242244e+01 6.825228e+12 1.579099e-12 1.116616e+01 
d 3.000000e-13 1.074307e+00  1.037970e+01 2.217918e+00 -7.819369e+01 6.846764e+12 1.579099e-12 1.037970e+01 
d 3.000000e-13 1.075465e+00  9.666085e+00 -3.827079e+00 -8.423869e+01 6.865924e+12 1.579099e-12 9.666085e+00 
d 3.000000e-13 1.076622e+00  9.016585e+00 -1.015187e+01 -9.056349e+01 6.882688e+12 1.579099e-12 9.016585e+00 
d 3.000000e-13 1.077780e+00  8.423761e+00 -1.676248e+01 -9.717409e+01 6.897036e+12 1.579099e-12 8.423761e+00 
d 3.000000e-13 1.078938e+00  7.881242e+00 -2.366485e+01 -1.040765e+02 6.908946e+12 1.579099e-12 7.881242e+00 
d 3.000000e-13 1.080095e+00  7.383543e+00 -3.086487e+01 -1.112765e+02 6.918400e+12 1.579099e-12 7.383543e+00 
d 3.000000e-13 1.081253e+00  6.925916e+00 -3.836831e+01 -1.187799e+02 6.925378e+12 1.579099e-12 6.925916e+00 
d 3.000000e-13 1.082411e+00  6.504234e+00 -4.618081e+01 -1.265924e+02 6.929859e+12 1.579099e-12 6.504234e+00 
d 3.000000e-13 1.083568e+00  6.114894e+00 -5.430785e+01 -1.347195e+02 6.931826e+12 1.579099e-12 6.114894e+00 
d 3.000000e-13 1.084726e+00  5.754739e+00 -6.275475e+01 -1.431664e+02 6.931260e+12 1.579099e-12 5.754739e+00 
d 3.000000e-13 1.085884e+00  5.420991e+00 -7.152661e+01 -1.519382e+02 6.928143e+12 1.579099e-12 5.420991e+00 
d 3.000000e-13 1.087041e+00  5.111199e+00 -8.062829e+01 -1.610399e+02 6.922461e+12 1.579099e-12 5.111199e+00 
d 3.000000e-13 1.088199e+00  4.823193e+00 -9.006439e+01 -1.704760e+02 6.914199e+12 1.579099e-12 4.823193e+00 
d 3.000000e-13 1.089357e+00  4.555042e+00 -9.983923e+01 -1.802508e+02 6.903344e+12 1.579099e-12 4.555042e+00 
d 3.000000e-13 1.090514e+00  4.305030e+00 -1.099568e+02 -1.903684e+02 6.889884e+12 1.579099e-12 4.305030e+00 
d 3.000000e-13 1.091672e+00  4.071620e+00 -1.204207e+02 -2.008323e+02 6.873812e+12 1.579099e-12 4.071620e+00 
d 3.000000e-13 1.092830e+00  3.853437e+00 -1.312342e+02 -2.116458e+02 6.855119e+12 1.579099e-12 3.853437e+00 
d 3.000000e-13 1.093987e+00  3.649247e+00 -1.424001e+02 -2.228117e+02 6.833802e+12 1.579099e-12 3.649247e+00 
d 3.000000e-13 1.095145e+00  3.457936e+00 -1.539208e+02 -2.343325e+02 6.809859e+12 1.579099e-12 3.457936e+00 
d 3.000000e-13 1.096302e+00  3.278502e+00 -1.657983e+02 -2.462100e+02 6.783291e+12 1.579099e-12 3.278502e+00 
d 3.000000e-13 1.097460e+00  3.110038e+00 -1.780340e+02 -2.584456e+02 6.754101e+12 1.579099e-12 3.110038e+00 
