v ATLAS
# This file was created by ATLAS version 5.26.1.R on Tue Apr 17 04:52:30 2018.
#SSF 2.0 generic
##############################################################################
#                    Copyright (c) 1984 - 2018                               #
#                    Silvaco Inc. All rights reserved                        #
#                                                                            #
# This file format and the following Key are copyright Silvaco Inc.          #
# You may not use, this format or key without reproducing this message in    #
# full and obtaining express written permission from Silvaco Inc.            #
#                                                                            #
# To obtain such permission please contact: Silvaco Inc.                     #
#                                           support@silvaco.com              #
#                                                                            #
# KEY=SVC86hn7562asdx                       PROD=345                         #
##############################################################################
o 1 Mode number 
o 2 Modal Loss (1/cm) 
o 3 Modal Rsp (1/cm s) 
o 4 Lifetime (s) 
p 9  3000  210  309  349  3001  3002  3003  1037001  2212 
d 1  1.45330122 0.853128122 0 0 0 0  0   0  
d 1  1.45330122 0.853128122 -155.609866 7.36032068 798.469419 6.81221867e-11  5.8609139e-10   5.8609139e-10  
d 1  1.45330122 0.853128122 0 0 0 0  0   0  
d 2  1.45395498 0.852744522 0 0 0 0  0   0  
d 2  1.45395498 0.852744522 -156.306371 7.36032068 782.721275 6.81221867e-11  5.72086965e-10   5.72086965e-10  
d 2  1.45395498 0.852744522 0 0 0 0  0   0  
d 3  1.45460873 0.852361266 0 0 0 0  0   0  
d 3  1.45460873 0.852361266 -157.53601 7.36032068 769.872913 6.81221867e-11  5.58500112e-10   5.58500112e-10  
d 3  1.45460873 0.852361266 0 0 0 0  0   0  
d 4  1.45526249 0.851978354 0 0 0 0  0   0  
d 4  1.45526249 0.851978354 -159.582708 7.36032068 761.083654 6.81221867e-11  5.4535503e-10   5.4535503e-10  
d 4  1.45526249 0.851978354 0 0 0 0  0   0  
d 5  1.45591625 0.851595786 0 0 0 0  0   0  
d 5  1.45591625 0.851595786 -162.729406 7.36032068 757.386146 6.81221867e-11  5.32665404e-10   5.32665404e-10  
d 5  1.45591625 0.851595786 0 0 0 0  0   0  
d 6  1.45657 0.851213562 0 0 0 0  0   0  
d 6  1.45657 0.851213562 -167.157201 7.36032068 759.236727 6.81221867e-11  5.20419293e-10   5.20419293e-10  
d 6  1.45657 0.851213562 0 0 0 0  0   0  
d 7  1.45722376 0.850831681 0 0 0 0  0   0  
d 7  1.45722376 0.850831681 -172.83659 7.36032068 766.097125 6.81221867e-11  5.08571137e-10   5.08571137e-10  
d 7  1.45722376 0.850831681 0 0 0 0  0   0  
d 8  1.45787752 0.850450142 0 0 0 0  0   0  
d 8  1.45787752 0.850450142 -179.472515 7.36032068 776.314423 6.81221867e-11  4.97049531e-10   4.97049531e-10  
d 8  1.45787752 0.850450142 0 0 0 0  0   0  
d 9  1.45853127 0.850068945 0 0 0 0  0   0  
d 9  1.45853127 0.850068945 -186.535332 7.36032068 787.389202 6.81221867e-11  4.8577661e-10   4.8577661e-10  
d 9  1.45853127 0.850068945 0 0 0 0  0   0  
d 10  1.45918503 0.84968809 0 0 0 0  0   0  
d 10  1.45918503 0.84968809 -193.421529 7.36032068 796.748335 6.81221867e-11  4.7469202e-10   4.7469202e-10  
d 10  1.45918503 0.84968809 0 0 0 0  0   0  
d 11  1.45983879 0.849307575 0 0 0 0  0   0  
d 11  1.45983879 0.849307575 -199.630041 7.36032068 802.476238 6.81221867e-11  4.63764258e-10   4.63764258e-10  
d 11  1.45983879 0.849307575 0 0 0 0  0   0  
d 12  1.46049254 0.848927402 0 0 0 0  0   0  
d 12  1.46049254 0.848927402 -204.949972 7.36032068 803.985326 6.81221867e-11  4.52993834e-10   4.52993834e-10  
d 12  1.46049254 0.848927402 0 0 0 0  0   0  
d 13  1.4611463 0.848547569 0 0 0 0  0   0  
d 13  1.4611463 0.848547569 -209.519372 7.36032068 802.091351 6.81221867e-11  4.42405138e-10   4.42405138e-10  
d 13  1.4611463 0.848547569 0 0 0 0  0   0  
d 14  1.46180006 0.848168075 0 0 0 0  0   0  
d 14  1.46180006 0.848168075 -213.74714 7.36032068 798.555943 6.81221867e-11  4.32033245e-10   4.32033245e-10  
d 14  1.46180006 0.848168075 0 0 0 0  0   0  
d 15  1.46245381 0.847788921 0 0 0 0  0   0  
d 15  1.46245381 0.847788921 -218.131335 7.36032068 795.306022 6.81221867e-11  4.21909217e-10   4.21909217e-10  
d 15  1.46245381 0.847788921 0 0 0 0  0   0  
d 16  1.46310757 0.847410105 0 0 0 0  0   0  
d 16  1.46310757 0.847410105 -223.045478 7.36032068 793.643872 6.81221867e-11  4.12047687e-10   4.12047687e-10  
d 16  1.46310757 0.847410105 0 0 0 0  0   0  
d 17  1.46376133 0.847031628 0 0 0 0  0   0  
d 17  1.46376133 0.847031628 -228.57879 7.36032068 793.756819 6.81221867e-11  4.0244149e-10   4.0244149e-10  
d 17  1.46376133 0.847031628 0 0 0 0  0   0  
d 18  1.46441508 0.846653489 0 0 0 0  0   0  
d 18  1.46441508 0.846653489 -234.496153 7.36032068 794.708504 6.81221867e-11  3.93065893e-10   3.93065893e-10  
d 18  1.46441508 0.846653489 0 0 0 0  0   0  
d 19  1.46506884 0.846275688 0 0 0 0  0   0  
d 19  1.46506884 0.846275688 -240.351474 7.36032068 794.948444 6.81221867e-11  3.83890615e-10   3.83890615e-10  
d 19  1.46506884 0.846275688 0 0 0 0  0   0  
d 20  1.4657226 0.845898223 0 0 0 0  0   0  
d 20  1.4657226 0.845898223 -245.623764 7.36032068 792.830857 6.81221867e-11  3.74888882e-10   3.74888882e-10  
d 20  1.4657226 0.845898223 0 0 0 0  0   0  
