v ATLAS
# This file was created by ATLAS version 5.26.1.R on Thu Apr 19 09:53:04 2018.
#SSF 2.0 generic
##############################################################################
#                    Copyright (c) 1984 - 2018                               #
#                    Silvaco Inc. All rights reserved                        #
#                                                                            #
# This file format and the following Key are copyright Silvaco Inc.          #
# You may not use, this format or key without reproducing this message in    #
# full and obtaining express written permission from Silvaco Inc.            #
#                                                                            #
# To obtain such permission please contact: Silvaco Inc.                     #
#                                           support@silvaco.com              #
#                                                                            #
# KEY=SVC86hn7562asdx                       PROD=345                         #
##############################################################################
y 1 15
z 300
f 2 "cathode" "anode" 
Q 495 13 "External Quantum Eff."
Q 496 13 "Internal Quantum Eff."
Q 398 13 "Specular Reflectance"
Q 497 13 "Tot. Cross Section [um]"
p 21 91 4000 4010 4020 85 86 87 308 354 355 356 495 496 398 497 2 601 20 3 602 21 
d 1.000000000e+00 6.230000000e-01 4.522313596e-08 3.255495539e-08 3.255495539e-08 4.522313596e-08 6.230000000e-01 9.000000000e+01 8.361791822e-02 9.163820818e-01 4.410975670e-15 7.198739031e-05 7.850864703e-05 8.361791822e-02 0.000000000e+00 0.000000000e+00 0.000000000e+00 3.029983784e-08 0.000000000e+00 0.000000000e+00 -3.029983780e-08 
d 1.000000000e+00 6.230000000e-01 4.522313596e-08 3.255495539e-08 3.255495539e-08 4.522313596e-08 6.230000000e-01 9.000000000e+01 8.361791822e-02 9.163820818e-01 4.410975670e-15 7.198739031e-05 7.850864703e-05 8.361791822e-02 0.000000000e+00 0.000000000e+00 0.000000000e+00 3.023782410e-08 1.000000000e-01 1.000000000e-01 -3.023782403e-08 
d 1.000000000e+00 6.230000000e-01 4.522313596e-08 3.255495539e-08 3.255495539e-08 4.522313596e-08 6.230000000e-01 9.000000000e+01 8.361791822e-02 9.163820818e-01 4.410975670e-15 7.198739031e-05 7.850864703e-05 8.361791822e-02 0.000000000e+00 0.000000000e+00 0.000000000e+00 3.016222884e-08 2.000000000e-01 2.000000000e-01 -3.016222877e-08 
d 1.000000000e+00 6.230000000e-01 4.522313596e-08 3.255495539e-08 3.255495539e-08 4.522313596e-08 6.230000000e-01 9.000000000e+01 8.361791822e-02 9.163820818e-01 4.410975670e-15 7.198739031e-05 7.850864703e-05 8.361791822e-02 0.000000000e+00 0.000000000e+00 0.000000000e+00 3.004950503e-08 3.000000000e-01 3.000000000e-01 -3.004950490e-08 
d 1.000000000e+00 6.230000000e-01 4.522313596e-08 3.255495539e-08 3.255495539e-08 4.522313596e-08 6.230000000e-01 9.000000000e+01 8.361791822e-02 9.163820818e-01 4.410975670e-15 7.198739031e-05 7.850864703e-05 8.361791822e-02 0.000000000e+00 0.000000000e+00 0.000000000e+00 3.003104598e-08 3.100000000e-01 3.100000000e-01 -3.003104567e-08 
d 1.000000000e+00 6.230000000e-01 4.522313596e-08 3.255495539e-08 3.255495539e-08 4.522313596e-08 6.230000000e-01 9.000000000e+01 8.361791822e-02 9.163820818e-01 4.410975670e-15 7.198739031e-05 7.850864703e-05 8.361791822e-02 0.000000000e+00 0.000000000e+00 0.000000000e+00 3.000912974e-08 3.200000000e-01 3.200000000e-01 -3.000912971e-08 
d 1.000000000e+00 6.230000000e-01 4.522313596e-08 3.255495539e-08 3.255495539e-08 4.522313596e-08 6.230000000e-01 9.000000000e+01 8.361791822e-02 9.163820818e-01 4.410975670e-15 7.198739031e-05 7.850864703e-05 8.361791822e-02 0.000000000e+00 0.000000000e+00 0.000000000e+00 2.998237513e-08 3.300000000e-01 3.300000000e-01 -2.998237503e-08 
d 1.000000000e+00 6.230000000e-01 4.522313596e-08 3.255495539e-08 3.255495539e-08 4.522313596e-08 6.230000000e-01 9.000000000e+01 8.361791822e-02 9.163820818e-01 4.410975670e-15 7.198739031e-05 7.850864703e-05 8.361791822e-02 0.000000000e+00 0.000000000e+00 0.000000000e+00 2.994878332e-08 3.400000000e-01 3.400000000e-01 -2.994878335e-08 
d 1.000000000e+00 6.230000000e-01 4.522313596e-08 3.255495539e-08 3.255495539e-08 4.522313596e-08 6.230000000e-01 9.000000000e+01 8.361791822e-02 9.163820818e-01 4.410975670e-15 7.198739031e-05 7.850864703e-05 8.361791822e-02 0.000000000e+00 0.000000000e+00 0.000000000e+00 2.990545785e-08 3.500000000e-01 3.500000000e-01 -2.990545778e-08 
d 1.000000000e+00 6.230000000e-01 4.522313596e-08 3.255495539e-08 3.255495539e-08 4.522313596e-08 6.230000000e-01 9.000000000e+01 8.361791822e-02 9.163820818e-01 4.410975670e-15 7.198739031e-05 7.850864703e-05 8.361791822e-02 0.000000000e+00 0.000000000e+00 0.000000000e+00 2.984818987e-08 3.600000000e-01 3.600000000e-01 -2.984819005e-08 
d 1.000000000e+00 6.230000000e-01 4.522313596e-08 3.255495539e-08 3.255495539e-08 4.522313596e-08 6.230000000e-01 9.000000000e+01 8.361791822e-02 9.163820818e-01 4.410975670e-15 7.198739031e-05 7.850864703e-05 8.361791822e-02 0.000000000e+00 0.000000000e+00 0.000000000e+00 2.977085693e-08 3.700000000e-01 3.700000000e-01 -2.977085700e-08 
d 1.000000000e+00 6.230000000e-01 4.522313596e-08 3.255495539e-08 3.255495539e-08 4.522313596e-08 6.230000000e-01 9.000000000e+01 8.361791822e-02 9.163820818e-01 4.410975670e-15 7.198739031e-05 7.850864703e-05 8.361791822e-02 0.000000000e+00 0.000000000e+00 0.000000000e+00 2.966453846e-08 3.800000000e-01 3.800000000e-01 -2.966453869e-08 
d 1.000000000e+00 6.230000000e-01 4.522313596e-08 3.255495539e-08 3.255495539e-08 4.522313596e-08 6.230000000e-01 9.000000000e+01 8.361791822e-02 9.163820818e-01 4.410975670e-15 7.198739031e-05 7.850864703e-05 8.361791822e-02 0.000000000e+00 0.000000000e+00 0.000000000e+00 2.951623089e-08 3.900000000e-01 3.900000000e-01 -2.951623058e-08 
d 1.000000000e+00 6.230000000e-01 4.522313596e-08 3.255495539e-08 3.255495539e-08 4.522313596e-08 6.230000000e-01 9.000000000e+01 8.361791822e-02 9.163820818e-01 4.410975670e-15 7.198739031e-05 7.850864703e-05 8.361791822e-02 0.000000000e+00 0.000000000e+00 0.000000000e+00 2.930696515e-08 4.000000000e-01 4.000000000e-01 -2.930696517e-08 
d 1.000000000e+00 6.230000000e-01 4.522313596e-08 3.255495539e-08 3.255495539e-08 4.522313596e-08 6.230000000e-01 9.000000000e+01 8.361791822e-02 9.163820818e-01 4.410975670e-15 7.198739031e-05 7.850864703e-05 8.361791822e-02 0.000000000e+00 0.000000000e+00 0.000000000e+00 2.900907766e-08 4.100000000e-01 4.100000000e-01 -2.900907770e-08 
d 1.000000000e+00 6.230000000e-01 4.522313596e-08 3.255495539e-08 3.255495539e-08 4.522313596e-08 6.230000000e-01 9.000000000e+01 8.361791822e-02 9.163820818e-01 4.410975670e-15 7.198739031e-05 7.850864703e-05 8.361791822e-02 0.000000000e+00 0.000000000e+00 0.000000000e+00 2.858223713e-08 4.200000000e-01 4.200000000e-01 -2.858223724e-08 
d 1.000000000e+00 6.230000000e-01 4.522313596e-08 3.255495539e-08 3.255495539e-08 4.522313596e-08 6.230000000e-01 9.000000000e+01 8.361791822e-02 9.163820818e-01 4.410975670e-15 7.198739031e-05 7.850864703e-05 8.361791822e-02 0.000000000e+00 0.000000000e+00 0.000000000e+00 2.796771034e-08 4.300000000e-01 4.300000000e-01 -2.796771028e-08 
d 1.000000000e+00 6.230000000e-01 4.522313596e-08 3.255495539e-08 3.255495539e-08 4.522313596e-08 6.230000000e-01 9.000000000e+01 8.361791822e-02 9.163820818e-01 4.410975670e-15 7.198739031e-05 7.850864703e-05 8.361791822e-02 0.000000000e+00 0.000000000e+00 0.000000000e+00 2.708012035e-08 4.400000000e-01 4.400000000e-01 -2.708012053e-08 
d 1.000000000e+00 6.230000000e-01 4.522313596e-08 3.255495539e-08 3.255495539e-08 4.522313596e-08 6.230000000e-01 9.000000000e+01 8.361791822e-02 9.163820818e-01 4.410975670e-15 7.198739031e-05 7.850864703e-05 8.361791822e-02 0.000000000e+00 0.000000000e+00 0.000000000e+00 2.579571706e-08 4.500000000e-01 4.500000000e-01 -2.579571708e-08 
d 1.000000000e+00 6.230000000e-01 4.522313596e-08 3.255495539e-08 3.255495539e-08 4.522313596e-08 6.230000000e-01 9.000000000e+01 8.361791822e-02 9.163820818e-01 4.410975670e-15 7.198739031e-05 7.850864703e-05 8.361791822e-02 0.000000000e+00 0.000000000e+00 0.000000000e+00 2.393588176e-08 4.600000000e-01 4.600000000e-01 -2.393588187e-08 
d 1.000000000e+00 6.230000000e-01 4.522313596e-08 3.255495539e-08 3.255495539e-08 4.522313596e-08 6.230000000e-01 9.000000000e+01 8.361791822e-02 9.163820818e-01 4.410975670e-15 7.198739031e-05 7.850864703e-05 8.361791822e-02 0.000000000e+00 0.000000000e+00 0.000000000e+00 2.124435655e-08 4.700000000e-01 4.700000000e-01 -2.124435651e-08 
d 1.000000000e+00 6.230000000e-01 4.522313596e-08 3.255495539e-08 3.255495539e-08 4.522313596e-08 6.230000000e-01 9.000000000e+01 8.361791822e-02 9.163820818e-01 4.410975670e-15 7.198739031e-05 7.850864703e-05 8.361791822e-02 0.000000000e+00 0.000000000e+00 0.000000000e+00 1.735657227e-08 4.800000000e-01 4.800000000e-01 -1.735657229e-08 
d 1.000000000e+00 6.230000000e-01 4.522313596e-08 3.255495539e-08 3.255495539e-08 4.522313596e-08 6.230000000e-01 9.000000000e+01 8.361791822e-02 9.163820818e-01 4.410975670e-15 7.198739031e-05 7.850864703e-05 8.361791822e-02 0.000000000e+00 0.000000000e+00 0.000000000e+00 1.175973008e-08 4.900000000e-01 4.900000000e-01 -1.175973015e-08 
d 1.000000000e+00 6.230000000e-01 4.522313596e-08 3.255495539e-08 3.255495539e-08 4.522313596e-08 6.230000000e-01 9.000000000e+01 8.361791822e-02 9.163820818e-01 4.410975670e-15 7.198739031e-05 7.850864703e-05 8.361791822e-02 0.000000000e+00 0.000000000e+00 0.000000000e+00 3.743137411e-09 5.000000000e-01 5.000000000e-01 -3.743137401e-09 
d 1.000000000e+00 6.230000000e-01 4.522313596e-08 3.255495539e-08 3.255495539e-08 4.522313596e-08 6.230000000e-01 9.000000000e+01 8.361791822e-02 9.163820818e-01 4.410975670e-15 7.198739031e-05 7.850864703e-05 8.361791822e-02 0.000000000e+00 0.000000000e+00 0.000000000e+00 -7.660144941e-09 5.100000000e-01 5.100000000e-01 7.660144814e-09 
d 1.000000000e+00 6.230000000e-01 4.522313596e-08 3.255495539e-08 3.255495539e-08 4.522313596e-08 6.230000000e-01 9.000000000e+01 8.361791822e-02 9.163820818e-01 4.410975670e-15 7.198739031e-05 7.850864703e-05 8.361791822e-02 0.000000000e+00 0.000000000e+00 0.000000000e+00 -2.373743571e-08 5.200000000e-01 5.200000000e-01 2.373743577e-08 
d 1.000000000e+00 6.230000000e-01 4.522313596e-08 3.255495539e-08 3.255495539e-08 4.522313596e-08 6.230000000e-01 9.000000000e+01 8.361791822e-02 9.163820818e-01 4.410975670e-15 7.198739031e-05 7.850864703e-05 8.361791822e-02 0.000000000e+00 0.000000000e+00 0.000000000e+00 -4.616234953e-08 5.300000000e-01 5.300000000e-01 4.616234943e-08 
d 1.000000000e+00 6.230000000e-01 4.522313596e-08 3.255495539e-08 3.255495539e-08 4.522313596e-08 6.230000000e-01 9.000000000e+01 8.361791822e-02 9.163820818e-01 4.410975670e-15 7.198739031e-05 7.850864703e-05 8.361791822e-02 0.000000000e+00 0.000000000e+00 0.000000000e+00 -7.705944096e-08 5.400000000e-01 5.400000000e-01 7.705944099e-08 
d 1.000000000e+00 6.230000000e-01 4.522313596e-08 3.255495539e-08 3.255495539e-08 4.522313596e-08 6.230000000e-01 9.000000000e+01 8.361791822e-02 9.163820818e-01 4.410975670e-15 7.198739031e-05 7.850864703e-05 8.361791822e-02 0.000000000e+00 0.000000000e+00 0.000000000e+00 -1.190677877e-07 5.500000000e-01 5.500000000e-01 1.190677878e-07 
