v ATLAS
# This file was created by ATLAS version 5.26.1.R on Mon Apr 16 17:07:31 2018.
#SSF 2.0 generic
##############################################################################
#                    Copyright (c) 1984 - 2018                               #
#                    Silvaco Inc. All rights reserved                        #
#                                                                            #
# This file format and the following Key are copyright Silvaco Inc.          #
# You may not use, this format or key without reproducing this message in    #
# full and obtaining express written permission from Silvaco Inc.            #
#                                                                            #
# To obtain such permission please contact: Silvaco Inc.                     #
#                                           support@silvaco.com              #
#                                                                            #
# KEY=SVC86hn7562asdx                       PROD=345                         #
##############################################################################
y 1 15
z 10
f 2 "cathode" "anode" 
p 6 2 601 20 3 602 21 
d 1.000000000e-01 1.000000000e-01 2.293239089e-21 0.000000000e+00 0.000000000e+00 -2.293239089e-21 
d 2.000000000e-01 2.000000000e-01 3.820557955e-21 0.000000000e+00 0.000000000e+00 -3.820557955e-21 
d 4.000000000e-01 4.000000000e-01 9.476830375e-21 0.000000000e+00 0.000000000e+00 -9.476830375e-21 
d 6.000000000e-01 6.000000000e-01 1.983075832e-20 0.000000000e+00 0.000000000e+00 -1.983075832e-20 
d 8.000000000e-01 8.000000000e-01 3.585190866e-20 0.000000000e+00 0.000000000e+00 -3.585190866e-20 
d 1.000000000e+00 1.000000000e+00 6.124633702e-20 0.000000000e+00 0.000000000e+00 -6.124633702e-20 
d 2.000000000e+00 2.000000000e+00 4.070922633e-19 0.000000000e+00 0.000000000e+00 -4.070922633e-19 
d 3.000000000e+00 3.000000000e+00 1.326741953e-18 0.000000000e+00 0.000000000e+00 -1.326741953e-18 
d 4.000000000e+00 4.000000000e+00 3.059270047e-18 0.000000000e+00 0.000000000e+00 -3.059270047e-18 
d 5.000000000e+00 5.000000000e+00 5.829422854e-18 0.000000000e+00 0.000000000e+00 -5.829422854e-18 
d 6.000000000e+00 6.000000000e+00 9.722675411e-18 0.000000000e+00 0.000000000e+00 -9.722675411e-18 
d 7.000000000e+00 7.000000000e+00 1.492088306e-17 0.000000000e+00 0.000000000e+00 -1.492088306e-17 
d 8.000000000e+00 8.000000000e+00 2.172640380e-17 0.000000000e+00 0.000000000e+00 -2.172640380e-17 
d 9.000000000e+00 9.000000000e+00 3.015298774e-17 0.000000000e+00 0.000000000e+00 -3.015298774e-17 
d 1.000000000e+01 1.000000000e+01 4.075413045e-17 0.000000000e+00 0.000000000e+00 -4.075413045e-17 
d 1.100000000e+01 1.100000000e+01 5.393075713e-17 0.000000000e+00 0.000000000e+00 -5.393075713e-17 
d 1.200000000e+01 1.200000000e+01 6.983313044e-17 0.000000000e+00 0.000000000e+00 -6.983313044e-17 
d 1.300000000e+01 1.300000000e+01 9.030390934e-17 0.000000000e+00 0.000000000e+00 -9.030390934e-17 
d 1.400000000e+01 1.400000000e+01 1.150236694e-16 0.000000000e+00 0.000000000e+00 -1.150236694e-16 
d 1.500000000e+01 1.500000000e+01 1.464358904e-16 0.000000000e+00 0.000000000e+00 -1.464358904e-16 
d 1.600000000e+01 1.600000000e+01 1.883217349e-16 0.000000000e+00 0.000000000e+00 -1.883217349e-16 
d 1.700000000e+01 1.700000000e+01 2.423125356e-16 0.000000000e+00 0.000000000e+00 -2.423125356e-16 
d 1.800000000e+01 1.800000000e+01 3.157962857e-16 0.000000000e+00 0.000000000e+00 -3.157962857e-16 
d 1.900000000e+01 1.900000000e+01 4.249570509e-16 0.000000000e+00 0.000000000e+00 -4.249570509e-16 
d 2.000000000e+01 2.000000000e+01 6.007926288e-16 0.000000000e+00 0.000000000e+00 -6.007926288e-16 
d 2.100000000e+01 2.100000000e+01 8.946238415e-16 0.000000000e+00 0.000000000e+00 -8.946238415e-16 
d 2.200000000e+01 2.200000000e+01 1.559005357e-15 0.000000000e+00 0.000000000e+00 -1.559005357e-15 
d 2.220000000e+01 2.220000000e+01 1.806248374e-15 0.000000000e+00 0.000000000e+00 -1.806248374e-15 
d 2.240000000e+01 2.240000000e+01 2.136110032e-15 0.000000000e+00 0.000000000e+00 -2.136110032e-15 
d 2.260000000e+01 2.260000000e+01 2.598188086e-15 0.000000000e+00 0.000000000e+00 -2.598188086e-15 
d 2.280000000e+01 2.280000000e+01 3.291708090e-15 0.000000000e+00 0.000000000e+00 -3.291708090e-15 
d 2.300000000e+01 2.300000000e+01 4.448296975e-15 0.000000000e+00 0.000000000e+00 -4.448296975e-15 
d 2.320000000e+01 2.320000000e+01 6.763335537e-15 0.000000000e+00 0.000000000e+00 -6.763335537e-15 
d 2.340000000e+01 2.340000000e+01 1.371946913e-14 0.000000000e+00 0.000000000e+00 -1.371946913e-14 
d 2.350000000e+01 2.350000000e+01 2.767542670e-14 0.000000000e+00 0.000000000e+00 -2.767542670e-14 
d 2.355000000e+01 2.355000000e+01 5.575772343e-14 0.000000000e+00 0.000000000e+00 -5.575772343e-14 
d 2.357500000e+01 2.357500000e+01 1.126098586e-13 0.000000000e+00 0.000000000e+00 -1.126098586e-13 
d 2.358750000e+01 2.358750000e+01 2.291418322e-13 0.000000000e+00 0.000000000e+00 -2.291418322e-13 
d 2.359375000e+01 2.359375000e+01 4.741940679e-13 0.000000000e+00 0.000000000e+00 -4.741940679e-13 
d 2.359687500e+01 2.359687500e+01 1.018430055e-12 0.000000000e+00 0.000000000e+00 -1.018430055e-12 
d 2.359843750e+01 2.359843750e+01 2.388866170e-12 0.000000000e+00 0.000000000e+00 -2.388866170e-12 
d 2.359921875e+01 2.359921875e+01 7.299017743e-12 0.000000000e+00 0.000000000e+00 -7.299017743e-12 
d 2.359941406e+01 2.359941406e+01 1.501314138e-11 0.000000000e+00 0.000000000e+00 -1.501314138e-11 
d 2.359951172e+01 2.359951172e+01 3.183618777e-11 0.000000000e+00 0.000000000e+00 -3.183618777e-11 
d 2.359956055e+01 2.359956055e+01 7.239929669e-11 0.000000000e+00 0.000000000e+00 -7.239929669e-11 
d 2.359958496e+01 2.359958496e+01 1.994704031e-10 0.000000000e+00 0.000000000e+00 -1.994704031e-10 
d 2.359959717e+01 2.359959717e+01 1.619144357e-09 0.000000000e+00 0.000000000e+00 -1.619144357e-09 
d 2.359959869e+01 2.359959869e+01 1.081940254e-08 0.000000000e+00 0.000000000e+00 -1.081940254e-08 
d 2.359959869e+01 2.359959869e+01 1.081940254e-08 0.000000000e+00 0.000000000e+00 -1.081940254e-08 
d 2.359959890e+01 2.359959890e+01 2.163880507e-08 0.000000000e+00 0.000000000e+00 -2.163880507e-08 
d 2.359959913e+01 2.359959913e+01 4.327761015e-08 0.000000000e+00 0.000000000e+00 -4.327761015e-08 
d 2.359959948e+01 2.359959948e+01 8.655522029e-08 0.000000000e+00 0.000000000e+00 -8.655522029e-08 
d 2.359960015e+01 2.359960015e+01 1.731104406e-07 0.000000000e+00 0.000000000e+00 -1.731104406e-07 
d 2.359960145e+01 2.359960145e+01 3.462208812e-07 0.000000000e+00 0.000000000e+00 -3.462208812e-07 
d 2.359960404e+01 2.359960404e+01 6.924417623e-07 0.000000000e+00 0.000000000e+00 -6.924417623e-07 
d 2.359960921e+01 2.359960921e+01 1.384883525e-06 0.000000000e+00 0.000000000e+00 -1.384883525e-06 
d 2.359961956e+01 2.359961956e+01 2.769767049e-06 0.000000000e+00 0.000000000e+00 -2.769767049e-06 
d 2.359964026e+01 2.359964026e+01 5.539534099e-06 0.000000000e+00 0.000000000e+00 -5.539534099e-06 
d 2.359968165e+01 2.359968165e+01 1.107906820e-05 0.000000000e+00 0.000000000e+00 -1.107906820e-05 
d 2.359976444e+01 2.359976444e+01 2.215813639e-05 0.000000000e+00 0.000000000e+00 -2.215813639e-05 
d 2.359993006e+01 2.359993006e+01 4.431627279e-05 0.000000000e+00 0.000000000e+00 -4.431627279e-05 
d 2.360026143e+01 2.360026143e+01 8.863254558e-05 0.000000000e+00 0.000000000e+00 -8.863254558e-05 
d 2.360092471e+01 2.360092471e+01 1.772650912e-04 0.000000000e+00 0.000000000e+00 -1.772650912e-04 
d 2.360225354e+01 2.360225354e+01 3.545301823e-04 0.000000000e+00 0.000000000e+00 -3.545301823e-04 
d 2.360492082e+01 2.360492082e+01 7.090603646e-04 0.000000000e+00 0.000000000e+00 -7.090603646e-04 
d 2.361029881e+01 2.361029881e+01 1.418120729e-03 0.000000000e+00 0.000000000e+00 -1.418120729e-03 
d 2.362125968e+01 2.362125968e+01 2.836241459e-03 0.000000000e+00 0.000000000e+00 -2.836241459e-03 
d 2.364381155e+01 2.364381155e+01 5.672482917e-03 0.000000000e+00 0.000000000e+00 -5.672482917e-03 
d 2.367828916e+01 2.367828916e+01 1.000000000e-02 0.000000000e+00 0.000000000e+00 -1.000000000e-02 
