v VICTORYDEVICE
# silvaco.file ASCII version=1.14.23 format=1 contents=SDB,Tables=1

Copyright "###################################################################"
Copyright "#                    Copyright Silvaco Inc. (c)                   #"
Copyright "#                            1992-2014                            #"
Copyright "#                                                                 #"
Copyright "# This file format and the following Key are copyright Silvaco    #"
Copyright "# International. You may not use, this format or key without      #"
Copyright "# reproducing this message in full and obtaining                  #"
Copyright "# express written permission from Silvaco Inc.                    #"
Copyright "#                                                                 #"
Copyright "# To obtain such permission please contact: Silvaco Inc.          #"
Copyright "#                                           support@silvaco.com   #"
Copyright "#                                                                 #"
Copyright "# KEY=SVC86hn7562asdx                       PROD=345              #"
Copyright "###################################################################"
#This file was created by VICTORYDEVICE version 1.12.1.R
#victoryd 1.12.1.R (Thu Apr 12 10:17:20 PDT 2018)
#libSDB 1.12.42 (Thu Oct 26 19:20:24 PDT 2017)
a VICTORYDEVICE
j 1 9
k 2
r 1 92
x 3 43 42 46
w emitter 1 2
r 2 92
x 3 43 42 46
w collector 1 3
y 1 15
z 300
p 7 3 602 21 4 603 22 61
d 0 0 -9.9999999945429684e-05 0.0031044465837138618 0.0031044465837138618 0.0001 0.0001
d 0 0 -0.00030000000006801886 0.0093135443648882238 0.0093135443648882238 0.0003 0.0003
d 0 0 -0.00069999999997505033 0.021731744299791887 0.021731744299791887 0.0007 0.0007000000000000001
d 0 0 -0.0014999999999898029 0.046568129615173433 0.046568129615173433 0.0015 0.0015
d 0 0 -0.0030999999999133214 0.096240580439679216 0.096240580439679216 0.0031 0.0031
d 0 0 -0.0063000000001310784 0.19558207342510461 0.19558207342510461 0.0063 0.0063
d 0 0 -0.012700000000219983 0.39422607731890008 0.39422607731890008 0.0127 0.0127
d 0 0 -0.025500000000186335 0.76242277535013137 0.76242277535013137 0.0255 0.0255
d 0 0 -0.028059999999968138 0.82513875694113015 0.82513875694113015 0.02806 0.02806
d 0 0 -0.033180000000338494 0.94093977669254814 0.94093977669254814 0.03318 0.03318
d 0 0 -0.043419999999780322 1.1221697409074169 1.1221697409074169 0.04342 0.04342
d 0 0 -0.045468000000353052 1.148781610500887 1.148781610500887 0.045468 0.045468
d 0 0 -0.049564000000345866 1.1930655195351756 1.1930655195351756 0.049564000000000011 0.049564000000000011
d 0 0 -0.057755999999968236 1.2539408393677542 1.2539408393677542 0.057756000000000023 0.057756000000000016
d 0 0 -0.074140000000043213 1.3172850243386125 1.3172850243386125 0.074140000000000025 0.074140000000000025
d 0 0 -0.10690800000007371 1.3728760771003166 1.3728760771003166 0.10690800000000004 0.10690800000000004
d 0 0 -0.15345399999999285 1.4140892046241778 1.4140892046241778 0.15345400000000003 0.15345400000000003
d 0 0 -0.2000000000004698 1.4423752318611875 1.4423752318611875 0.2 0.2
d 0 0 -0.2009999999999246 1.4429088431623576 1.4429088431623576 0.201 0.201
d 0 0 -0.20300000000024024 1.4439687118126174 1.4439687118126174 0.203 0.203
d 0 0 -0.20699999999977098 1.4460597454959927 1.4460597454959927 0.207 0.207
d 0 0 -0.215000000000134 1.4501323269453603 1.4501323269453603 0.215 0.215
d 0 0 -0.23099999999982507 1.4578783271760698 1.4578783271760698 0.231 0.231
d 0 0 -0.26300000000017476 1.472076906356151 1.472076906356151 0.26300000000000007 0.26300000000000007
d 0 0 -0.32699999999994478 1.4968951786566964 1.4968951786566964 0.32700000000000012 0.32700000000000012
d 0 0 -0.45500000000021795 1.5373239981679088 1.5373239981679088 0.45500000000000024 0.45500000000000024
d 0 0 -0.60249999999974413 1.5749471195266229 1.5749471195266229 0.60250000000000015 0.60250000000000015
d 0 0 -0.74999999999999867 1.6071690408580783 1.6071690408580783 0.75 0.75
d 0 0 -0.75099999999989364 1.6073722865353435 1.6073722865353435 0.751 0.751
d 0 0 -0.75299999999979916 1.6077781564882831 1.6077781564882831 0.753 0.753
d 0 0 -0.75699999999985934 1.6085874166604472 1.6085874166604472 0.757 0.757
d 0 0 -0.76500000000012713 1.6101960295241036 1.6101960295241036 0.765 0.765
d 0 0 -0.7809999999997187 1.613373834474936 1.613373834474936 0.781 0.781
d 0 0 -0.81299999999993844 1.6195756506073498 1.6195756506073498 0.813 0.813
d 0 0 -0.87699999999994205 1.631429825218464 1.631429825218464 0.877 0.877
d 0 0 -0.9999999999997613 1.6526744306642343 1.6526744306642343 1 1
d 0 0 -1.0100000000000029 1.6543289457435342 1.6543289457435342 1.01 1.01
d 0 0 -1.0300000000004004 1.6576080845958179 1.6576080845958179 1.03 1.03
d 0 0 -1.0699999999999434 1.6640505010553639 1.6640505010553639 1.0700000000000001 1.0700000000000001
d 0 0 -1.1500000000003279 1.6764982661393493 1.6764982661393493 1.1500000000000001 1.1500000000000001
d 0 0 -1.2500000000002793 1.6913052661044152 1.6913052661044152 1.25 1.25
d 0 0 -1.2599999999999116 1.6927429993788448 1.6927429993788448 1.26 1.26
d 0 0 -1.2800000000001461 1.6955960090710063 1.6955960090710063 1.28 1.28
d 0 0 -1.3200000000000909 1.7012140991812452 1.7012140991812452 1.3200000000000001 1.3200000000000001
d 0 0 -1.3999999999999768 1.7121127360473156 1.7121127360473156 1.4000000000000001 1.4000000000000001
d 0 0 -1.5000000000000266 1.7251420363258803 1.7251420363258803 1.5 1.5
d 0 0 -1.5099999999998444 1.7264106590252262 1.7264106590252262 1.51 1.51
d 0 0 -1.5300000000000098 1.7289299342214079 1.7289299342214079 1.53 1.53
d 0 0 -1.5700000000000549 1.733898211594862 1.733898211594862 1.5700000000000001 1.5700000000000001
d 0 0 -1.6499999999999331 1.7435665327596621 1.7435665327596621 1.6500000000000001 1.6500000000000001
d 0 0 -1.7500000000001508 1.7551858453282214 1.7551858453282214 1.75 1.75
d 0 0 -1.7600000000000835 1.756321137378964 1.756321137378964 1.76 1.76
d 0 0 -1.7800000000000926 1.758577833782123 1.758577833782123 1.78 1.78
d 0 0 -1.8199999999997483 1.7630369663700312 1.7630369663700312 1.8200000000000001 1.8200000000000001
d 0 0 -1.8999999999997301 1.771747916878692 1.771747916878692 1.9000000000000001 1.9000000000000001
d 0 0 -2.0000000000001337 1.7822739737823856 1.7822739737823856 2 2
d 0 0 -2.009999999999931 1.7833056837822308 1.7833056837822308 2.0099999999999998 2.0099999999999998
d 0 0 -2.0299999999999776 1.7853581470285849 1.7853581470285849 2.0299999999999994 2.0299999999999994
d 0 0 -2.0700000000002281 1.7894202437864271 1.7894202437864271 2.0699999999999985 2.0699999999999985
d 0 0 -2.1499999999999542 1.7973796611487325 1.7973796611487325 2.1499999999999968 2.1499999999999968
d 0 0 -2.2500000000000724 1.8070390299825436 1.8070390299825436 2.25 2.25
d 0 0 -2.2600000000002183 1.807988185025871 1.807988185025871 2.2599999999999998 2.2599999999999998
d 0 0 -2.2799999999999994 1.8098776631166758 1.8098776631166758 2.2799999999999994 2.2799999999999994
d 0 0 -2.3199999999998493 1.8136219419116382 1.8136219419116382 2.3199999999999985 2.3199999999999985
d 0 0 -2.4000000000001522 1.8209767092508635 1.8209767092508635 2.3999999999999968 2.3999999999999968
d 0 0 -2.5599999999999437 1.8351864141377121 1.8351864141377121 2.5599999999999934 2.5599999999999934
d 0 0 -2.8800000000000727 1.8618378267451405 1.8618378267451405 2.8799999999999866 2.8799999999999866
d 0 0 -3.5199999999997691 1.9094155852182491 1.9094155852182491 3.5199999999999729 3.5199999999999729
d 0 0 -4.759999999999887 1.9862569852524494 1.9862569852524494 4.7599999999999865 4.7599999999999865
d 0 0 -5.9999999999998685 2.0497336287014396 2.0497336287014396 6 6
d 0 0 -6.0999999999999623 2.0544230338302421 2.0544230338302421 6.0999999999999996 6.0999999999999996
d 0 0 -6.3000000000001863 2.063637432554088 2.063637432554088 6.2999999999999989 6.2999999999999989
d 0 0 -6.7000000000001378 2.0814495364544414 2.0814495364544414 6.6999999999999975 6.6999999999999975
d 0 0 -7.4999999999999512 2.1148856712114275 2.1148856712114275 7.4999999999999947 7.4999999999999947
d 0 0 -9.0000000000001581 2.1711948745948266 2.1711948745948266 9 9
d 0 0 -9.1000000000001631 2.1747000115208688 2.1747000115208688 9.0999999999999996 9.0999999999999996
d 0 0 -9.2999999999998835 2.1816271503018734 2.1816271503018734 9.2999999999999989 9.2999999999999989
d 0 0 -9.3400000000002397 2.1829994199046596 2.1829994199046596 9.3399999999999981 9.3399999999999981
d 0 0 -9.4200000000001189 2.1857303063944342 2.1857303063944342 9.4199999999999964 9.4199999999999964
d 0 0 -9.4360000000000497 2.186273512959195 2.186273512959195 9.4359999999999964 9.4359999999999964
d 0 0 -9.4363199999999097 2.1862843242000953 2.1862843242000953 9.4363199999999967 9.4363199999999967
d 0 0 -9.4369600000003118 2.1863058893518899 2.1863058893518899 9.4369599999999974 9.4369599999999974
d 0 0 -9.4370879999999566 2.1863101818474289 2.1863101818474289 9.4370879999999975 9.4370879999999975
d 0 0 -9.4371135999999005 2.1863110369839114 2.1863110369839114 9.4371135999999982 9.4371135999999982
d 0 0 -9.4371648000002839 2.1863127481957028 2.1863127481957028 9.4371647999999997 9.4371647999999997
d 0 0 -9.4372672000002229 2.1863161467695016 2.1863161467695016 9.4372672000000026 9.4372672000000026
d 0 0 -9.4372876800000984 2.1863168206960535 2.1863168206960535 9.4372876800000025 9.4372876800000025
d 0 0 -9.4373286400000627 2.1863181530516949 2.1863181530516949 9.4373286400000023 9.4373286400000023
d 0 0 -9.4373368319999731 2.1863184157723188 2.1863184157723188 9.4373368320000015 9.4373368320000015
d 0 0 -9.4373532160000639 2.1863189337466999 2.1863189337466999 9.437353216 9.437353216
d 0 0 -9.4373859839999987 2.1863198773734398 2.1863198773734398 9.437385983999997 9.437385983999997
d 0 0 -9.4373925376001875 2.1863200285736606 2.1863200285736606 9.4373925375999956 9.4373925375999956
d 0 0 -9.4374056448000889 2.1863200660200186 2.1863200660200186 9.437405644799993 9.437405644799993
d 0 0 -9.4374082662400625 2.1863199540886464 2.1863199540886464 9.4374082662399932 9.4374082662399932
d 0 0 -9.4374135091199385 2.1863185660796818 2.1863185660796818 9.4374135091199935 9.4374135091199935
d 0 0 -9.4374145576959894 2.1863176319172246 2.1863176319172246 9.4374145576959929 9.4374145576959929
d 0 0 -9.437414767411056 2.1863171202746363 2.1863171202746363 9.4374147674111928 9.4374147674111928
d 0 0 -9.4374151868415339 2.1863163483258274 2.1863163483258274 9.4374151868415925 9.4374151868415925
d 0 0 -9.4374160257023618 2.1863131922600316 2.1863131922600316 9.437416025702392 9.437416025702392
d 0 0 -9.4374161934747018 2.1863121172671098 2.1863121172671098 9.4374161934745526 9.4374161934745526
d 0 0 -9.4374165290187939 2.1863089176262682 2.1863089176262682 9.4374165290188738 9.4374165290188738
d 0 0 -9.4374172001075642 2.1862873857314846 2.1862873857314846 9.4374172001075163 9.4374172001075163
d 0 0 -9.4374173343251773 2.1862773940359181 2.1862773940359181 9.4374173343252448 9.4374173343252448
d 0 0 -9.437417602760716 2.1862387574962745 2.1862387574962745 9.4374176027607017 9.4374176027607017
d 0 0 -9.4374181396318324 2.1858965727637938 2.1858965727637938 9.4374181396316157 9.4374181396316157
d 0 0 -9.4374182470055654 2.1857515967894354 2.1857515967894354 9.4374182470057981 9.4374182470057981
d 0 0 -9.4374184617542802 2.1853002912603459 2.1853002912603459 9.437418461754163 9.437418461754163
d 0 0 -9.4374188912508625 2.1830617690524163 2.1830617690524163 9.4374188912508927 9.4374188912508927
d 0 0 -9.4374197502442581 2.1642125663620728 2.1642125663620728 9.4374197502443522 9.4374197502443522
d 0 0 -9.4374199220432562 2.1576274050367301 2.1576274050367301 9.4374199220430448 9.4374199220430448
d 0 0 -9.43742026564043 2.1432264636543437 2.1432264636543437 9.43742026564043 9.43742026564043
d 0 0 -9.437420334359846 2.1403203049343995 2.1403203049343995 9.4374203343599063 9.4374203343599063
d 0 0 -9.4374204717989585 2.1346259135731134 2.1346259135731134 9.437420471798859 9.437420471798859
d 0 0 -9.4374207466765352 2.1242045135319576 2.1242045135319576 9.4374207466767643 9.4374207466767643
d 0 0 -9.4374212964325839 2.1092254274595628 2.1092254274595628 9.437421296432575 9.437421296432575
d 0 0 -9.4374214063836597 2.1072069773774444 2.1072069773774444 9.4374214063837378 9.4374214063837378
d 0 0 -9.4374216262862021 2.1039843682196238 2.1039843682196238 9.4374216262860635 9.4374216262860635
d 0 0 -9.4374220660907504 2.0999796453550807 2.0999796453550807 9.4374220660907149 9.4374220660907149
d 0 0 -9.4374229456999412 2.0970596804451369 2.0970596804451369 9.4374229457000176 9.4374229457000176
d 0 0 -9.4374247049187829 2.0962867087511485 2.0962867087511485 9.4374247049186231 9.4374247049186231
d 0 0 -9.4374282233556546 2.0962436686853909 2.0962436686853909 9.437428223355834 9.437428223355834
d 0 0 -9.4374352602301048 2.0962467962523159 2.0962467962523159 9.4374352602302558 9.4374352602302558
d 0 0 -9.4374493339789733 2.096246413717572 2.096246413717572 9.4374493339790995 9.4374493339790995
d 0 0 -9.4374774814769165 2.0962474529428587 2.0962474529428587 9.4374774814767868 9.4374774814767868
d 0 0 -9.4375337764721969 2.0962491703653887 2.0962491703653887 9.4375337764721614 9.4375337764721614
d 0 0 -9.4376463664628822 2.0962526504912944 2.0962526504912944 9.4376463664629107 9.4376463664629107
d 0 0 -9.43787154644445 2.0962596072995394 2.0962596072995394 9.4378715464444092 9.4378715464444092
d 0 0 -9.4383219064075536 2.0962735206484093 2.0962735206484093 9.4383219064074062 9.4383219064074062
d 0 0 -9.439222626333251 2.0963013456482282 2.0963013456482282 9.4392226263334003 9.4392226263334003
d 0 0 -9.4410240661852569 2.0963569918284048 2.0963569918284048 9.4410240661853884 9.4410240661853884
d 0 0 -9.4446269458893468 2.0964682600337317 2.0964682600337317 9.4446269458893646 9.4446269458893646
d 0 0 -9.4518327052973206 2.0966907058184412 2.0966907058184412 9.451832705297317 9.451832705297317
d 0 0 -9.4662442241132663 2.097135235428977 2.097135235428977 9.4662442241132219 9.4662442241132219
d 0 0 -9.495067261745012 2.0980228511614212 2.0980228511614212 9.4950672617450316 9.4950672617450316
d 0 0 -9.5527133370088002 2.0997923440839097 2.0997923440839097 9.552713337008651 9.552713337008651
d 0 0 -9.6680054875360177 2.1033086448728597 2.1033086448728597 9.6680054875358898 9.6680054875358898
d 0 0 -9.8985897885906144 2.1102526169384839 2.1102526169384839 9.8985897885903675 9.8985897885903675
d 0 0 -10.359758390699476 2.1238020259802348 2.1238020259802348 10.359758390699323 10.359758390699323
d 0 0 -11.179879195349651 2.1468712810545232 2.1468712810545232 11.179879195349661 11.179879195349661
d 0 0 -12.000000000000151 2.1687631786657358 2.1687631786657358 12 12
d 0 0 -12.09999999999995 2.1713587357401809 2.1713587357401809 12.1 12.1
d 0 0 -12.300000000000081 2.1765041930468159 2.1765041930468159 12.299999999999999 12.299999999999999
d 0 0 -12.70000000000026 2.1866159123551534 2.1866159123551534 12.699999999999998 12.699999999999998
d 0 0 -12.700799999999882 2.1866357852196776 2.1866357852196776 12.700799999999997 12.700799999999997
d 0 0 -12.700960000000061 2.186639749299581 2.186639749299581 12.700959999999997 12.700959999999997
d 0 0 -12.701280000000095 2.1866476441367744 2.1866476441367744 12.701279999999995 12.701279999999995
d 0 0 -12.701344000000041 2.1866492097176837 2.1866492097176837 12.701343999999995 12.701343999999995
d 0 0 -12.701356800000157 2.186649518559308 2.186649518559308 12.701356799999996 12.701356799999996
d 0 0 -12.701382399999829 2.1866501395832785 2.1866501395832785 12.701382399999996 12.701382399999996
d 0 0 -12.701433600000014 2.186651357569021 2.186651357569021 12.701433599999998 12.701433599999998
d 0 0 -12.701443839999882 2.1866515940281088 2.1866515940281088 12.701443839999998 12.701443839999998
d 0 0 -12.701464320000069 2.1866520444859585 2.1866520444859585 12.701464319999998 12.701464319999998
d 0 0 -12.701468416000264 2.1866521285750569 2.1866521285750569 12.701468415999997 12.701468415999997
d 0 0 -12.701476607999917 2.1866522834229447 2.1866522834229447 12.701476607999997 12.701476607999997
d 0 0 -12.701492991999778 2.1866523049496442 2.1866523049496442 12.701492991999995 12.701492991999995
d 0 0 -12.701496268799943 2.1866521309962104 2.1866521309962104 12.701496268799994 12.701496268799994
d 0 0 -12.701496924160018 2.1866520697314877 2.1866520697314877 12.701496924159994 12.701496924159994
d 0 0 -12.701498234879953 2.1866518941489179 2.1866518941489179 12.701498234879992 12.701498234879992
d 0 0 -12.701500856319834 2.1866509578291016 2.1866509578291016 12.701500856319988 12.701500856319988
d 0 0 -12.701501380607834 2.186650563916078 2.186650563916078 12.701501380607988 12.701501380607988
d 0 0 -12.701502429184098 2.1866490204081659 2.1866490204081659 12.701502429183988 12.701502429183988
d 0 0 -12.701502638899093 2.1866485014326709 2.1866485014326709 12.701502638899187 12.701502638899187
d 0 0 -12.701503058329582 2.1866469708934018 2.1866469708934018 12.701503058329587 12.701503058329587
d 0 0 -12.701503897190706 2.1866365360242357 2.1866365360242357 12.701503897190387 12.701503897190387
d 0 0 -12.701504064962585 2.186631487584441 2.186631487584441 12.701504064962547 12.701504064962547
d 0 0 -12.701504400506966 2.1866095409287265 2.1866095409287265 12.701504400506868 12.701504400506868
d 0 0 -12.701505071595538 2.1862750776536659 2.1862750776536659 12.701505071595511 12.701505071595511
d 0 0 -12.70150520581311 2.1861095933758516 2.1861095933758516 12.701505205813239 12.701505205813239
d 0 0 -12.701505474248663 2.1855319734881409 2.1855319734881409 12.701505474248696 12.701505474248696
d 0 0 -12.701506011119617 2.1820068902570546 2.1820068902570546 12.70150601111961 12.70150601111961
d 0 0 -12.701506118493798 2.180715003644623 2.180715003644623 12.701506118493793 12.701506118493793
d 0 0 -12.701506333242229 2.1772774282067138 2.1772774282067138 12.701506333242158 12.701506333242158
d 0 0 -12.701506762738941 2.1668461577884321 2.1668461577884321 12.701506762738887 12.701506762738887
d 0 0 -12.701506848638035 2.1642698606236355 2.1642698606236355 12.701506848638234 12.701506848638234
d 0 0 -12.701507020436809 2.158835255160894 2.158835255160894 12.701507020436926 12.701507020436926
d 0 0 -12.701507364034022 2.1477440330904831 2.1477440330904831 12.701507364034311 12.701507364034311
d 0 0 -12.701508051229192 2.1300916718460128 2.1300916718460128 12.701508051229082 12.701508051229082
d 0 0 -12.701508188668068 2.1276641760946124 2.1276641760946124 12.701508188668036 12.701508188668036
d 0 0 -12.701508463545935 2.1239267249317493 2.1239267249317493 12.701508463545945 12.701508463545945
d 0 0 -12.701509013301644 2.1197436828458249 2.1197436828458249 12.701509013301763 12.701509013301763
d 0 0 -12.701510112813526 2.1173905474583488 2.1173905474583488 12.701510112813398 12.701510112813398
d 0 0 -12.701510332715696 2.1173060071562317 2.1173060071562317 12.701510332715726 12.701510332715726
d 0 0 -12.701510772520468 2.117184400083572 2.117184400083572 12.701510772520381 12.701510772520381
d 0 0 -12.701511652129708 2.1170854587799219 2.1170854587799219 12.701511652129691 12.701511652129691
d 0 0 -12.70151341134846 2.1170517397137596 2.1170517397137596 12.70151341134831 12.70151341134831
d 0 0 -12.70151692978544 2.1170478100572248 2.1170478100572248 12.70151692978555 12.70151692978555
d 0 0 -12.701523966660005 2.1170483986125586 2.1170483986125586 12.701523966660028 12.701523966660028
d 0 0 -12.70153804040903 2.1170486353976004 2.1170486353976004 12.701538040408986 12.701538040408986
d 0 0 -12.701566187906879 2.1170493058071678 2.1170493058071678 12.7015661879069 12.7015661879069
d 0 0 -12.701622482902836 2.1170506120379851 2.1170506120379851 12.70162248290273 12.70162248290273
d 0 0 -12.701735072894238 2.1170532285709562 2.1170532285709562 12.701735072894389 12.701735072894389
d 0 0 -12.701960252877697 2.1170584612917063 2.1170584612917063 12.701960252877706 12.701960252877706
d 0 0 -12.702410612844378 2.1170689265079399 2.1170689265079399 12.702410612844341 12.702410612844341
d 0 0 -12.703311332777618 2.1170898559933344 2.1170898559933344 12.703311332777611 12.703311332777611
d 0 0 -12.705112772644089 2.1171317128838965 2.1171317128838965 12.705112772644151 12.705112772644151
d 0 0 -12.708715652377276 2.1172154132246721 2.1172154132246721 12.708715652377231 12.708715652377231
d 0 0 -12.715921411843359 2.1173827635892666 2.1173827635892666 12.715921411843391 12.715921411843391
d 0 0 -12.730332930775765 2.117717263274046 2.117717263274046 12.730332930775711 12.730332930775711
d 0 0 -12.759155968640355 2.1183854602507446 2.1183854602507446 12.759155968640352 12.759155968640352
d 0 0 -12.816802044369583 2.1197186588355144 2.1197186588355144 12.816802044369632 12.816802044369632
d 0 0 -12.932094195828139 2.122372386924932 2.122372386924932 12.932094195828194 12.932094195828194
d 0 0 -13.162678498745539 2.1276300470147365 2.1276300470147365 13.162678498745317 13.162678498745317
d 0 0 -13.623847104579498 2.1379529358575273 2.1379529358575273 13.623847104579562 13.623847104579562
d 0 0 -14.311923552289821 2.1529045900086921 2.1529045900086921 14.31192355228978 14.31192355228978
d 0 0 -15.000000000000007 2.1673554095823153 2.1673554095823153 15 15
d 0 0 -15.100000000000028 2.1694162460870694 2.1694162460870694 15.1 15.1
d 0 0 -15.299999999999953 2.1735090550828713 2.1735090550828713 15.299999999999999 15.299999999999999
d 0 0 -15.699999999999999 2.1815819660842362 2.1815819660842362 15.699999999999998 15.699999999999998
d 0 0 -15.779999999999978 2.1831788635019791 2.1831788635019791 15.779999999999998 15.779999999999998
d 0 0 -15.940000000000145 2.1863546878254003 2.1863546878254003 15.939999999999998 15.939999999999998
d 0 0 -15.943199999999889 2.1864179167909166 2.1864179167909166 15.943199999999997 15.943199999999997
d 0 0 -15.949600000000091 2.186544293594713 2.186544293594713 15.949599999999997 15.949599999999997
d 0 0 -15.950880000000058 2.1865695480685958 2.1865695480685958 15.950879999999996 15.950879999999996
d 0 0 -15.953440000000116 2.1866200075070954 2.1866200075070954 15.953439999999995 15.953439999999995
d 0 0 -15.953951999999861 2.1866300822792208 2.1866300822792208 15.953951999999996 15.953951999999996
d 0 0 -15.954054400000018 2.186632095558017 2.186632095558017 15.954054399999995 15.954054399999995
d 0 0 -15.954259200000058 2.1866361202472691 2.1866361202472691 15.954259199999994 15.954259199999994
d 0 0 -15.954668800000034 2.1866441535680772 2.1866441535680772 15.954668799999991 15.954668799999991
d 0 0 -15.954750720000039 2.1866457555045153 2.1866457555045153 15.954750719999991 15.954750719999991
d 0 0 -15.954914559999937 2.1866489448649213 2.1866489448649213 15.95491455999999 15.95491455999999
d 0 0 -15.954947327999809 2.1866495783960702 2.1866495783960702 15.95494732799999 15.95494732799999
d 0 0 -15.955012864000091 2.1866508293866702 2.1866508293866702 15.955012863999992 15.955012863999992
d 0 0 -15.955025971199991 2.186651074753855 2.186651074753855 15.955025971199992 15.955025971199992
d 0 0 -15.955052185599964 2.1866515498599135 2.1866515498599135 15.955052185599994 15.955052185599994
d 0 0 -15.955057428479853 2.1866516406471086 2.1866516406471086 15.955057428479995 15.955057428479995
d 0 0 -15.955067914240034 2.1866518124873031 2.1866518124873031 15.955067914239995 15.955067914239995
d 0 0 -15.955070011392154 2.1866518404664426 2.1866518404664426 15.955070011391996 15.955070011391996
d 0 0 -15.955074205696 2.1866519001977061 2.1866519001977061 15.955074205695997 15.955074205695997
d 0 0 -15.955082594303967 2.18665199215731 2.18665199215731 15.955082594303999 15.955082594303999
d 0 0 -15.955084272025587 2.1866520036078612 2.1866520036078612 15.9550842720256 15.9550842720256
d 0 0 -15.95508762746887 2.1866520128829872 2.1866520128829872 15.955087627468801 15.955087627468801
d 0 0 -15.955094338355213 2.1866518854913481 2.1866518854913481 15.955094338355204 15.955094338355204
d 0 0 -15.955095680532565 2.1866518093222811 2.1866518093222811 15.955095680532486 15.955095680532486
d 0 0 -15.955098364886956 2.1866514741468488 2.1866514741468488 15.955098364887048 15.955098364887048
d 0 0 -15.955098901758106 2.1866513549998778 2.1866513549998778 15.95509890175796 15.95509890175796
d 0 0 -15.955099975499927 2.1866509906688312 2.1866509906688312 15.955099975499785 15.955099975499785
d 0 0 -15.955102122983385 2.1866469048407877 2.1866469048407877 15.955102122983433 15.955102122983433
d 0 0 -15.955102552480126 2.1866438828871271 2.1866438828871271 15.955102552480163 15.955102552480163
d 0 0 -15.95510341147352 2.1865716139850724 2.1865716139850724 15.955103411473623 15.955103411473623
d 0 0 -15.95510358327226 2.1865229529714942 2.1865229529714942 15.955103583272315 15.955103583272315
d 0 0 -15.955103926869942 2.1863050603506187 2.1863050603506187 15.9551039268697 15.9551039268697
d 0 0 -15.955104614064517 2.1840757945597939 2.1840757945597939 15.955104614064471 15.955104614064471
d 0 0 -15.955104751503272 2.1830695764459929 2.1830695764459929 15.955104751503425 15.955104751503425
d 0 0 -15.955105026381329 2.1800288584619922 2.1800288584619922 15.955105026381334 15.955105026381334
d 0 0 -15.95510557613725 2.1693210252355124 2.1693210252355124 15.955105576137152 15.955105576137152
d 0 0 -15.955105686088347 2.1665541085169755 2.1665541085169755 15.955105686088315 15.955105686088315
d 0 0 -15.955105905990543 2.1607608285000524 2.1607608285000524 15.95510590599064 15.95510590599064
d 0 0 -15.955106345795098 2.1496008582418784 2.1496008582418784 15.955106345795292 15.955106345795292
d 0 0 -15.955106433756145 2.1475913927460848 2.1475913927460848 15.955106433756223 15.955106433756223
d 0 0 -15.955106609678102 2.1439497741358062 2.1439497741358062 15.955106609678085 15.955106609678085
d 0 0 -15.955106961521723 2.1383104503758203 2.1383104503758203 15.955106961521809 15.955106961521809
d 0 0 -15.955107665209161 2.132483571533879 2.132483571533879 15.955107665209256 15.955107665209256
d 0 0 -15.955107805946948 2.1319408535821256 2.1319408535821256 15.955107805946746 15.955107805946746
d 0 0 -15.955108087421705 2.1311608400345414 2.1311608400345414 15.955108087421724 15.955108087421724
d 0 0 -15.955108650371619 2.1303707862031818 2.1303707862031818 15.955108650371681 15.955108650371681
d 0 0 -15.955109776271589 2.1299774064992012 2.1299774064992012 15.955109776271595 15.955109776271595
d 0 0 -15.955112028071611 2.1299218544263079 2.1299218544263079 15.955112028071422 15.955112028071422
d 0 0 -15.955116531671196 2.1299200462474897 2.1299200462474897 15.955116531671077 15.955116531671077
d 0 0 -15.955125538870401 2.1299205671683654 2.1299205671683654 15.955125538870387 15.955125538870387
d 0 0 -15.955143553268869 2.1299208295770375 2.1299208295770375 15.955143553269007 15.955143553269007
d 0 0 -15.955179582066341 2.1299215117908306 2.1299215117908306 15.955179582066247 15.955179582066247
d 0 0 -15.955251639660814 2.1299228540149491 2.1299228540149491 15.955251639660727 15.955251639660727
d 0 0 -15.955395754849548 2.1299255403988586 2.1299255403988586 15.955395754849686 15.955395754849686
d 0 0 -15.955683985227608 2.1299309130074451 2.1299309130074451 15.955683985227605 15.955683985227605
d 0 0 -15.956260445983469 2.1299416579799684 2.1299416579799684 15.956260445983443 15.956260445983443
d 0 0 -15.957413367495112 2.1299631469344571 2.1299631469344571 15.957413367495118 15.957413367495118
d 0 0 -15.959719210518569 2.1300061227017699 2.1300061227017699 15.959719210518468 15.959719210518468
d 0 0 -15.964330896565137 2.1300920602108828 2.1300920602108828 15.964330896565169 15.964330896565169
d 0 0 -15.973554268658841 2.1302638827995697 2.1302638827995697 15.973554268658571 15.973554268658571
d 0 0 -15.992001012845435 2.1306073184959358 2.1306073184959358 15.992001012845375 15.992001012845375
d 0 0 -16.028894501218961 2.1312933538585641 2.1312933538585641 16.028894501218982 16.028894501218982
d 0 0 -16.10268147796646 2.1326620955322784 2.1326620955322784 16.102681477966197 16.102681477966197
d 0 0 -16.25025543146068 2.1353863819188112 2.1353863819188112 16.250255431460626 16.250255431460626
d 0 0 -16.545403338449432 2.1407831003462308 2.1407831003462308 16.545403338449486 16.545403338449486
d 0 0 -17.13569915242724 2.1513762734633923 2.1513762734633923 17.135699152427204 17.135699152427204
d 0 0 -18.000000000000174 2.1664319973168586 2.1664319973168586 18 18
d 0 0 -18.100000000000122 2.168140799640462 2.168140799640462 18.100000000000001 18.100000000000001
d 0 0 -18.300000000000093 2.1715385172332677 2.1715385172332677 18.300000000000004 18.300000000000004
d 0 0 -18.700000000000053 2.178256044900146 2.178256044900146 18.70000000000001 18.70000000000001
d 0 0 -18.780000000000229 2.1795873231226777 2.1795873231226777 18.780000000000012 18.780000000000012
d 0 0 -18.940000000000175 2.1822378408669048 2.1822378408669048 18.940000000000015 18.940000000000015
d 0 0 -18.972000000000062 2.1827660261222679 2.1827660261222679 18.972000000000016 18.972000000000016
d 0 0 -19.036000000000065 2.183820478544602 2.183820478544602 19.036000000000016 19.036000000000016
d 0 0 -19.163999999999966 2.1859215821643949 2.1859215821643949 19.164000000000016 19.164000000000016
d 0 0 -19.189600000000127 2.1863404404761009 2.1863404404761009 19.189600000000016 19.189600000000016
d 0 0 -19.194720000000331 2.1864241357756504 2.1864241357756504 19.194720000000018 19.194720000000018
d 0 0 -19.20496000000006 2.1865913835904336 2.1865913835904336 19.204960000000021 19.204960000000021
d 0 0 -19.20700799999997 2.1866247757672523 2.1866247757672523 19.207008000000023 19.207008000000023
d 0 0 -19.20741760000022 2.1866314457383313 2.1866314457383313 19.207417600000024 19.207417600000024
d 0 0 -19.208236800000098 2.1866447592472409 2.1866447592472409 19.208236800000027 19.208236800000027
d 0 0 -19.20840063999999 2.1866474103348743 2.1866474103348743 19.208400640000026 19.208400640000026
d 0 0 -19.208433408000136 2.1866479390517477 2.1866479390517477 19.208433408000026 19.208433408000026
d 0 0 -19.208498944000077 2.1866489936625735 2.1866489936625735 19.208498944000027 19.208498944000027
d 0 0 -19.208512051200145 2.1866492031795421 2.1866492031795421 19.208512051200028 19.208512051200028
d 0 0 -19.208538265599916 2.186649623102908 2.186649623102908 19.20853826560003 19.20853826560003
d 0 0 -19.208590694400023 2.1866504558966078 2.1866504558966078 19.208590694400034 19.208590694400034
d 0 0 -19.208601180159885 2.1866506207158913 2.1866506207158913 19.208601180160034 19.208601180160034
d 0 0 -19.208622151680071 2.1866509466766781 2.1866509466766781 19.208622151680036 19.208622151680036
d 0 0 -19.208664094719996 2.1866515318288178 2.1866515318288178 19.208664094720039 19.208664094720039
d 0 0 -19.208672483328112 2.1866516111856766 2.1866516111856766 19.208672483328041 19.208672483328041
d 0 0 -19.208674161049572 2.1866516217433691 2.1866516217433691 19.20867416104964 19.20867416104964
d 0 0 -19.208677516492873 2.1866516326324841 2.1866516326324841 19.208677516492838 19.208677516492838
d 0 0 -19.208684227378974 2.1866515504060122 2.1866515504060122 19.208684227379234 19.208684227379234
d 0 0 -19.208685569556483 2.1866514993154804 2.1866514993154804 19.208685569556511 19.208685569556511
d 0 0 -19.208688253911074 2.1866512833163227 2.1866512833163227 19.208688253911067 19.208688253911067
d 0 0 -19.208688790781917 2.1866512093793982 2.1866512093793982 19.208688790781977 19.208688790781977
d 0 0 -19.208689864523741 2.1866509938494456 2.1866509938494456 19.208689864523798 19.208689864523798
d 0 0 -19.208692012007308 2.1866495814891094 2.1866495814891094 19.20869201200744 19.20869201200744
d 0 0 -19.208692441504162 2.1866488747675654 2.1866488747675654 19.208692441504169 19.208692441504169
d 0 0 -19.208693300497792 2.1866449554540179 2.1866449554540179 19.208693300497629 19.208693300497629
d 0 0 -19.208693472296364 2.1866432870778949 2.1866432870778949 19.208693472296321 19.208693472296321
d 0 0 -19.208693815893731 2.1866369206773664 2.1866369206773664 19.208693815893707 19.208693815893707
d 0 0 -19.208694503088466 2.186534170327163 2.186534170327163 19.208694503088477 19.208694503088477
d 0 0 -19.20869464052744 2.1864793013271178 2.1864793013271178 19.20869464052743 19.20869464052743
d 0 0 -19.208694915405381 2.1862798015882698 2.1862798015882698 19.208694915405335 19.208694915405335
d 0 0 -19.208695465161156 2.1849163461362928 2.1849163461362928 19.208695465161146 19.208695465161146
d 0 0 -19.208695575112294 2.1843765880723667 2.1843765880723667 19.208695575112309 19.208695575112309
d 0 0 -19.208695795014748 2.1828191813561331 2.1828191813561331 19.208695795014634 19.208695795014634
d 0 0 -19.208696234819204 2.1773072859036824 2.1773072859036824 19.208696234819286 19.208696234819286
d 0 0 -19.208696322780153 2.1757991895632585 2.1757991895632585 19.208696322780217 19.208696322780217
d 0 0 -19.208696498701979 2.1724204582855386 2.1724204582855386 19.208696498702079 19.208696498702079
d 0 0 -19.208696850545785 2.1648265681802394 2.1648265681802394 19.208696850545802 19.208696850545802
d 0 0 -19.208696920914534 2.1632526811089714 2.1632526811089714 19.208696920914548 19.208696920914548
d 0 0 -19.208697061652025 2.1601363823360535 2.1601363823360535 19.208697061652039 19.208697061652039
d 0 0 -19.208697343127042 2.1543364949432724 2.1543364949432724 19.208697343127021 19.208697343127021
d 0 0 -19.208697906077091 2.1458551489154418 2.1458551489154418 19.208697906076985 19.208697906076985
d 0 0 -19.208699031976746 2.1396698223218902 2.1396698223218902 19.208699031976913 19.208699031976913
d 0 0 -19.208699257156965 2.1394073517094845 2.1394073517094845 19.208699257156898 19.208699257156898
d 0 0 -19.208699707516896 2.1390632496061999 2.1390632496061999 19.208699707516868 19.208699707516868
d 0 0 -19.208700608236782 2.1388230423274339 2.1388230423274339 19.208700608236807 19.208700608236807
d 0 0 -19.208702409676611 2.1387696227929212 2.1387696227929212 19.208702409676686 19.208702409676686
d 0 0 -19.208706012556377 2.1387666349690146 2.1387666349690146 19.208706012556444 19.208706012556444
d 0 0 -19.208713218315907 2.138767052634075 2.138767052634075 19.20871321831596 19.20871321831596
d 0 0 -19.20872762983505 2.1387671992452297 2.1387671992452297 19.208727629834993 19.208727629834993
d 0 0 -19.20875645287293 2.1387676623459231 2.1387676623459231 19.208756452873057 19.208756452873057
d 0 0 -19.208814098949148 2.1387685578828952 2.1387685578828952 19.208814098949187 19.208814098949187
d 0 0 -19.208929391101375 2.1387703524467034 2.1387703524467034 19.208929391101446 19.208929391101446
d 0 0 -19.209159975405992 2.1387739413146516 2.1387739413146516 19.209159975405964 19.209159975405964
d 0 0 -19.209621144015344 2.138781118949284 2.138781118949284 19.209621144014999 19.209621144014999
d 0 0 -19.21054348123327 2.1387954737786576 2.1387954737786576 19.210543481233071 19.210543481233071
d 0 0 -19.212388155669263 2.1388241816789231 2.1388241816789231 19.212388155669213 19.212388155669213
d 0 0 -19.216077504541676 2.1388815937198147 2.1388815937198147 19.216077504541499 19.216077504541499
d 0 0 -19.223456202286012 2.1389963929480658 2.1389963929480658 19.223456202286069 19.223456202286069
d 0 0 -19.238213597775204 2.1392258986108992 2.1392258986108992 19.238213597775211 19.238213597775211
d 0 0 -19.26772838875338 2.1396845393202137 2.1396845393202137 19.267728388753493 19.267728388753493
d 0 0 -19.326757970710133 2.1406003427258495 2.1406003427258495 19.326757970710059 19.326757970710059
d 0 0 -19.444817134623143 2.1424260728470563 2.1424260728470563 19.44481713462319 19.44481713462319
d 0 0 -19.680935462449479 2.1460543051230596 2.1460543051230596 19.680935462449451 19.680935462449451
d 0 0 -20.153172118101935 2.1532200241006185 2.1532200241006185 20.153172118101974 20.153172118101974
d 0 0 -21.000000000000064 2.1657796591875624 2.1657796591875624 21 21
d 0 0 -21.1000000000002 2.1672391511157318 2.1672391511157318 21.100000000000001 21.100000000000001
d 0 0 -21.300000000000058 2.170143604641233 2.170143604641233 21.300000000000004 21.300000000000004
d 0 0 -21.700000000000024 2.1758954318647779 2.1758954318647779 21.70000000000001 21.70000000000001
d 0 0 -21.780000000000037 2.1770368203189054 2.1770368203189054 21.780000000000012 21.780000000000012
d 0 0 -21.939999999999934 2.1793107567091012 2.1793107567091012 21.940000000000015 21.940000000000015
d 0 0 -22.260000000000176 2.1838236507938045 2.1838236507938045 22.260000000000023 22.260000000000023
d 0 0 -22.32400000000003 2.1847206569556286 2.1847206569556286 22.324000000000023 22.324000000000023
d 0 0 -22.452000000000087 2.1865087780646739 2.1865087780646739 22.452000000000023 22.452000000000023
d 0 0 -22.454559999999979 2.18654443231702 2.18654443231702 22.454560000000022 22.454560000000022
d 0 0 -22.459680000000088 2.1866156883087164 2.1866156883087164 22.45968000000002 22.45968000000002
d 0 0 -22.460704000000046 2.1866299199226655 2.1866299199226655 22.460704000000021 22.460704000000021
d 0 0 -22.460908800000155 2.1866327640807364 2.1866327640807364 22.46090880000002 22.46090880000002
d 0 0 -22.461318400000028 2.1866384490485489 2.1866384490485489 22.461318400000017 22.461318400000017
d 0 0 -22.462137600000148 2.1866497632285009 2.1866497632285009 22.462137600000013 22.462137600000013
d 0 0 -22.462153984000185 2.1866499869140523 2.1866499869140523 22.462153984000011 22.462153984000011
d 0 0 -22.462186751999965 2.1866504298889065 2.1866504298889065 22.462186752000008 22.462186752000008
d 0 0 -22.462193305600039 2.1866505159001552 2.1866505159001552 22.462193305600007 22.462193305600007
d 0 0 -22.462206412800036 2.1866506896944249 2.1866506896944249 22.462206412800004 22.462206412800004
d 0 0 -22.462232627199938 2.1866510256224867 2.1866510256224867 22.462232627199999 22.462232627199999
d 0 0 -22.462237870079971 2.1866510896121842 2.1866510896121842 22.462237870079999 22.462237870079999
d 0 0 -22.46224835584021 2.1866512100732969 2.1866512100732969 22.46224835584 22.46224835584
d 0 0 -22.462250452992173 2.1866512289004216 2.1866512289004216 22.462250452991999 22.462250452991999
d 0 0 -22.46225464729616 2.1866512698230367 2.1866512698230367 22.462254647295996 22.462254647295996
d 0 0 -22.462263035903991 2.1866513284851981 2.1866513284851981 22.462263035903991 22.462263035903991
d 0 0 -22.462264713625686 2.186651334180886 2.186651334180886 22.46226471362559 22.46226471362559
d 0 0 -22.46226806906876 2.1866513330922093 2.1866513330922093 22.462268069068788 22.462268069068788
d 0 0 -22.462274779955074 2.1866511718612305 2.1866511718612305 22.462274779955184 22.462274779955184
d 0 0 -22.46227612213232 2.1866510760818838 2.1866510760818838 22.462276122132462 22.462276122132462
d 0 0 -22.462278806487046 2.1866505549380939 2.1866505549380939 22.462278806487017 22.462278806487017
d 0 0 -22.462279343357928 2.1866503333250886 2.1866503333250886 22.462279343357928 22.462279343357928
d 0 0 -22.462280417099755 2.1866494509311099 2.1866494509311099 22.462280417099748 22.462280417099748
d 0 0 -22.462280631848085 2.1866491506469652 2.1866491506469652 22.462280631848113 22.462280631848113
d 0 0 -22.462281061344658 2.1866482535187615 2.1866482535187615 22.462281061344843 22.462281061344843
d 0 0 -22.462281920338253 2.1866416426834108 2.1866416426834108 22.462281920338302 22.462281920338302
d 0 0 -22.462282092136849 2.1866382958013539 2.1866382958013539 22.462282092136995 22.462282092136995
d 0 0 -22.462282435734028 2.1866230049033852 2.1866230049033852 22.46228243573438 22.46228243573438
d 0 0 -22.462283122929126 2.1863812813551107 2.1863812813551107 22.462283122929151 22.462283122929151
d 0 0 -22.462283260368221 2.1862611182061338 2.1862611182061338 22.462283260368103 22.462283260368103
d 0 0 -22.462283535246044 2.185836971724108 2.185836971724108 22.462283535246009 22.462283535246009
d 0 0 -22.462284085001691 2.183285283167701 2.183285283167701 22.462284085001819 22.462284085001819
d 0 0 -22.462284194952833 2.1823701675606504 2.1823701675606504 22.462284194952982 22.462284194952982
d 0 0 -22.462284414855397 2.1799856568135563 2.1799856568135563 22.462284414855308 22.462284414855308
d 0 0 -22.462284854659934 2.1731272898213074 2.1731272898213074 22.462284854659959 22.462284854659959
d 0 0 -22.462285734269351 2.1573969767274384 2.1573969767274384 22.462285734269262 22.462285734269262
d 0 0 -22.462285910191156 2.1548237862775448 2.1548237862775448 22.462285910191124 22.462285910191124
d 0 0 -22.462286262034905 2.1508954437502315 2.1508954437502315 22.462286262034848 22.462286262034848
d 0 0 -22.462286965722388 2.1469098109312168 2.1469098109312168 22.462286965722296 22.462286965722296
d 0 0 -22.462287106459776 2.1465455134448792 2.1465455134448792 22.462287106459787 22.462287106459787
d 0 0 -22.462287387934808 2.1460246548275026 2.1460246548275026 22.462287387934769 22.462287387934769
d 0 0 -22.46228795088469 2.1455034779929743 2.1455034779929743 22.462287950884733 22.462287950884733
d 0 0 -22.462289076784433 2.1452537422649995 2.1452537422649995 22.462289076784661 22.462289076784661
d 0 0 -22.462291328584474 2.145223988117857 2.145223988117857 22.462291328584516 22.462291328584516
d 0 0 -22.462295832184463 2.1452230602484681 2.1452230602484681 22.462295832184228 22.462295832184228
d 0 0 -22.462304839383609 2.1452233754212973 2.1452233754212973 22.462304839383652 22.462304839383652
d 0 0 -22.46232285378246 2.1452235760113934 2.1452235760113934 22.462322853782499 22.462322853782499
d 0 0 -22.462358882580055 2.1452240629426833 2.1452240629426833 22.462358882580194 22.462358882580194
d 0 0 -22.462430940175732 2.1452250252586773 2.1452250252586773 22.462430940175583 22.462430940175583
d 0 0 -22.462575055366376 2.1452269508317614 2.1452269508317614 22.462575055366361 22.462575055366361
d 0 0 -22.462863285747726 2.1452308019027004 2.1452308019027004 22.462863285747918 22.462863285747918
d 0 0 -22.463439746510989 2.1452385039197668 2.1452385039197668 22.463439746511032 22.463439746511032
d 0 0 -22.464592668036914 2.1452539074495331 2.1452539074495331 22.464592668037259 22.464592668037259
d 0 0 -22.466898511089273 2.1452847124919034 2.1452847124919034 22.466898511089713 22.466898511089713
d 0 0 -22.471510197194803 2.1453463183017432 2.1453463183017432 22.471510197194622 22.471510197194622
d 0 0 -22.480733569404414 2.1454695014524088 2.1454695014524088 22.480733569404439 22.480733569404439
d 0 0 -22.499180313824109 2.1457157615511901 2.1457157615511901 22.499180313824073 22.499180313824073
d 0 0 -22.536073802663402 2.1462078576220835 2.1462078576220835 22.536073802663342 22.536073802663342
d 0 0 -22.609860780341862 2.1471903587032011 2.1471903587032011 22.609860780341879 22.609860780341879
d 0 0 -22.7574347356991 2.149148639855412 2.149148639855412 22.757434735698954 22.757434735698954
d 0 0 -23.052582646413224 2.1530386587709578 2.1530386587709578 23.052582646413104 23.052582646413104
d 0 0 -23.526291323206621 2.1592097426228953 2.1592097426228953 23.52629132320655 23.52629132320655
d 0 0 -24.000000000000028 2.1652943078465117 2.1652943078465117 24 24
d 0 0 -24.100000000000104 2.1665679754864371 2.1665679754864371 24.100000000000001 24.100000000000001
d 0 0 -24.3000000000002 2.1691042310986441 2.1691042310986441 24.300000000000004 24.300000000000004
d 0 0 -24.700000000000028 2.1741331243290012 2.1741331243290012 24.70000000000001 24.70000000000001
d 0 0 -25.500000000000234 2.1840216076570882 2.1840216076570882 25.500000000000021 25.500000000000021
d 0 0 -25.660000000000132 2.1859727206975443 2.1859727206975443 25.660000000000025 25.660000000000025
d 0 0 -25.691999999999982 2.1863617889457649 2.1863617889457649 25.692000000000025 25.692000000000025
d 0 0 -25.698400000000024 2.1864395391198554 2.1864395391198554 25.698400000000024 25.698400000000024
d 0 0 -25.711199999999952 2.1865949134934786 2.1865949134934786 25.711200000000023 25.711200000000023
d 0 0 -25.713760000000256 2.1866259111666713 2.1866259111666713 25.713760000000022 25.713760000000022
d 0 0 -25.713811200000023 2.1866265287338127 2.1866265287338127 25.713811200000023 25.713811200000023
d 0 0 -25.713913600000303 2.1866277638263814 2.1866277638263814 25.713913600000026 25.713913600000026
d 0 0 -25.714118399999972 2.1866302242506053 2.1866302242506053 25.714118400000032 25.714118400000032
d 0 0 -25.714159360000099 2.1866307136300396 2.1866307136300396 25.714159360000032 25.714159360000032
d 0 0 -25.714241279999964 2.1866316799455232 2.1866316799455232 25.714241280000032 25.714241280000032
d 0 0 -25.714257664000076 2.1866318688583095 2.1866318688583095 25.71425766400003 25.71425766400003
d 0 0 -25.714290432000048 2.1866322247373251 2.1866322247373251 25.714290432000027 25.714290432000027
d 0 0 -25.714296985600065 2.186632288030165 2.186632288030165 25.714296985600026 25.714296985600026
d 0 0 -25.714310092800073 2.1866323806371879 2.1866323806371879 25.714310092800023 25.714310092800023
d 0 0 -25.714312714240112 2.1866323882621437 2.1866323882621437 25.714312714240023 25.714312714240023
d 0 0 -25.714317957120024 2.1866323699084846 2.1866323699084846 25.714317957120024 25.714317957120024
d 0 0 -25.714319005696066 2.1866323574368085 2.1866323574368085 25.714319005696023 25.714319005696023
d 0 0 -25.714321102848054 2.1866323141833202 2.1866323141833202 25.714321102848022 25.714321102848022
d 0 0 -25.714325297152019 2.1866319959564291 2.1866319959564291 25.714325297152019 25.714325297152019
d 0 0 -25.714326136012858 2.1866318404318985 2.1866318404318985 25.714326136012819 25.714326136012819
d 0 0 -25.714327813734464 2.1866310774968785 2.1866310774968785 25.714327813734418 25.714327813734418
d 0 0 -25.714328149278845 2.1866307725371912 2.1866307725371912 25.714328149278739 25.714328149278739
d 0 0 -25.714328820367562 2.1866296564825483 2.1866296564825483 25.714328820367381 25.714328820367381
d 0 0 -25.714328954585113 2.1866293019332526 2.1866293019332526 25.71432895458511 25.71432895458511
d 0 0 -25.71432922302079 2.1866283205434214 2.1866283205434214 25.714329223020567 25.714329223020567
d 0 0 -25.714329759891665 2.1866235984169631 2.1866235984169631 25.714329759891481 25.714329759891481
d 0 0 -25.714330833633195 2.1855385711958144 2.1855385711958144 25.714330833633309 25.714330833633309
d 0 0 -25.714331048381787 2.1847706607275841 2.1847706607275841 25.714331048381673 25.714331048381673
d 0 0 -25.714331477878371 2.1817330199222806 2.1817330199222806 25.714331477878403 25.714331477878403
d 0 0 -25.714331563777829 2.1808467765711126 2.1808467765711126 25.714331563777748 25.714331563777748
d 0 0 -25.714331735576458 2.1787593261225298 2.1787593261225298 25.714331735576437 25.714331735576437
d 0 0 -25.714332079173893 2.1736066723415419 2.1736066723415419 25.714332079173815 25.714332079173815
d 0 0 -25.71433214789333 2.1724664757082466 2.1724664757082466 25.714332147893291 25.714332147893291
d 0 0 -25.714332285332432 2.170134049684028 2.170134049684028 25.714332285332244 25.714332285332244
d 0 0 -25.714332560210295 2.1655072057866183 2.1655072057866183 25.714332560210149 25.714332560210149
d 0 0 -25.714333109965843 2.15786813448661 2.15786813448661 25.71433310996596 25.71433310996596
d 0 0 -25.714333219917076 2.1567126644164842 2.1567126644164842 25.714333219917123 25.714333219917123
d 0 0 -25.714333439819381 2.1548061605747666 2.1548061605747666 25.714333439819448 25.714333439819448
d 0 0 -25.71433387962422 2.1523318806285081 2.1523318806285081 25.7143338796241 25.7143338796241
d 0 0 -25.714334759233385 2.1504705105760884 2.1504705105760884 25.714334759233402 25.714334759233402
d 0 0 -25.714336518452104 2.1500303961274896 2.1500303961274896 25.714336518452008 25.714336518452008
d 0 0 -25.714340036889315 2.1500257060661045 2.1500257060661045 25.714340036889219 25.714340036889219
d 0 0 -25.714347073763626 2.1500250450621672 2.1500250450621672 25.714347073763641 25.714347073763641
d 0 0 -25.714361147512594 2.150025171814272 2.150025171814272 25.714361147512484 25.714361147512484
d 0 0 -25.714389295010381 2.1500255265657575 2.1500255265657575 25.714389295010172 25.714389295010172
d 0 0 -25.714445590005514 2.1500261814993928 2.1500261814993928 25.714445590005546 25.714445590005546
d 0 0 -25.714558179996363 2.1500274994011446 2.1500274994011446 25.714558179996295 25.714558179996295
d 0 0 -25.714783359977837 2.1500301345885178 2.1500301345885178 25.714783359977794 25.714783359977794
d 0 0 -25.71523371994147 2.1500354049313226 2.1500354049313226 25.715233719940791 25.715233719940791
d 0 0 -25.716134439868178 2.1500459453810601 2.1500459453810601 25.716134439866785 25.716134439866785
d 0 0 -25.717935879721598 2.1500670253387475 2.1500670253387475 25.717935879718773 25.717935879718773
d 0 0 -25.721538759422941 2.1501091832712786 2.1501091832712786 25.721538759422749 25.721538759422749
d 0 0 -25.728744518830517 2.1501934858548575 2.1501934858548575 25.728744518830702 25.728744518830702
d 0 0 -25.743156037646379 2.1503620414931532 2.1503620414931532 25.743156037646607 25.743156037646607
d 0 0 -25.771979075278448 2.1506989548730364 2.1506989548730364 25.771979075278416 25.771979075278416
d 0 0 -25.829625150541808 2.1513719917923551 2.1513719917923551 25.829625150542036 25.829625150542036
d 0 0 -25.944917301069193 2.1527149201660194 2.1527149201660194 25.944917301069275 25.944917301069275
d 0 0 -26.175501602123884 2.1553883050476048 2.1553883050476048 26.175501602123752 26.175501602123752
d 0 0 -26.636670204232669 2.1606860487938988 2.1606860487938988 26.636670204232708 26.636670204232708
d 0 0 -27.559007408450661 2.1710920606122488 2.1710920606122488 27.559007408450618 27.559007408450618
d 0 0 -28.779503704225355 2.1844939906061609 2.1844939906061609 28.779503704225309 28.779503704225309
d 0 0 -29.999999999999886 2.197504072915931 2.197504072915931 30 30
Q 3 13 "Voltage #02"
Q 4 13 "Voltage #03"
Q 21 13 "Current #02"
Q 22 13 "Current #03"
Q 61 13 "Transient time"
Q 92 21 Contact
Q 602 13 "Int. Voltage #02"
Q 603 13 "Int. Voltage #03"
EOF 1726933903
