v VICTORYDEVICE
# silvaco.file ASCII version=1.14.23 format=1 contents=SDB,Tables=1

Copyright "###################################################################"
Copyright "#                    Copyright Silvaco Inc. (c)                   #"
Copyright "#                            1992-2014                            #"
Copyright "#                                                                 #"
Copyright "# This file format and the following Key are copyright Silvaco    #"
Copyright "# International. You may not use, this format or key without      #"
Copyright "# reproducing this message in full and obtaining                  #"
Copyright "# express written permission from Silvaco Inc.                    #"
Copyright "#                                                                 #"
Copyright "# To obtain such permission please contact: Silvaco Inc.          #"
Copyright "#                                           support@silvaco.com   #"
Copyright "#                                                                 #"
Copyright "# KEY=SVC86hn7562asdx                       PROD=345              #"
Copyright "###################################################################"
#This file was created by VICTORYDEVICE version 1.12.1.R
#victoryd 1.12.1.R (Thu Apr 12 10:17:20 PDT 2018)
#libSDB 1.12.42 (Thu Oct 26 19:20:24 PDT 2017)
a VICTORYDEVICE
j 1 9
k 2
r 1 92
x 3 43 42 46
w emitter 1 2
r 2 92
x 3 43 42 46
w collector 1 3
y 1 15
z 300
p 7 3 602 21 4 603 22 61
d 0 0 -9.9999999989121567e-05 0.0032159462010066531 0.0032159462010066531 0.0001 0.0001
d 0 0 -0.00030000000003975544 0.009648081743863909 0.009648081743863909 0.0003 0.0003
d 0 0 -0.00069999999997161363 0.022512316904521535 0.022512316904521535 0.0007 0.0007000000000000001
d 0 0 -0.0015000000000601134 0.048240562817382232 0.048240562817382232 0.0015 0.0015
d 0 0 -0.0030999999999447433 0.099695509828664264 0.099695509828664264 0.0031 0.0031
d 0 0 -0.0062999999999310986 0.20259409449889901 0.20259409449889901 0.0063 0.0063
d 0 0 -0.012700000000074315 0.40828952963819687 0.40828952963819687 0.0127 0.0127
d 0 0 -0.025500000000089423 0.77765742039633357 0.77765742039633357 0.0255 0.0255
d 0 0 -0.028059999999969245 0.83895512107183434 0.83895512107183434 0.02806 0.02806
d 0 0 -0.033179999999986297 0.95099103371786775 0.95099103371786775 0.03318 0.03318
d 0 0 -0.043420000000071055 1.1221894711098399 1.1221894711098399 0.04342 0.04342
d 0 0 -0.04546800000008535 1.1470411085140799 1.1470411085140799 0.045468 0.045468
d 0 0 -0.049564000000047681 1.18853469045004 1.18853469045004 0.049564000000000011 0.049564000000000011
d 0 0 -0.05775600000009775 1.24646152829256 1.24646152829256 0.057756000000000023 0.057756000000000016
d 0 0 -0.074140000000183254 1.3086704197692811 1.3086704197692811 0.074140000000000025 0.074140000000000025
d 0 0 -0.1069079999998572 1.364249557858954 1.364249557858954 0.10690800000000004 0.10690800000000004
d 0 0 -0.15345400000008938 1.4050171237248403 1.4050171237248403 0.15345400000000003 0.15345400000000003
d 0 0 -0.20000000000014262 1.4326638298996917 1.4326638298996917 0.2 0.2
d 0 0 -0.20100000000013324 1.4331822476508076 1.4331822476508076 0.201 0.201
d 0 0 -0.20300000000010729 1.4342117001355599 1.4342117001355599 0.203 0.203
d 0 0 -0.20700000000008206 1.4362419470663386 1.4362419470663386 0.207 0.207
d 0 0 -0.21500000000027825 1.4401943301678382 1.4401943301678382 0.215 0.215
d 0 0 -0.23099999999996018 1.4477114360882071 1.4477114360882071 0.231 0.231
d 0 0 -0.26300000000006291 1.4614626651713358 1.4614626651713358 0.26300000000000007 0.26300000000000007
d 0 0 -0.32700000000008911 1.4852113081879705 1.4852113081879705 0.32700000000000012 0.32700000000000012
d 0 0 -0.33980000000004007 1.4895071847756867 1.4895071847756867 0.33980000000000016 0.33980000000000016
d 0 0 -0.36540000000010253 1.4977353663132413 1.4977353663132413 0.36540000000000022 0.36540000000000022
d 0 0 -0.41660000000002928 1.5129301741873848 1.5129301741873848 0.41660000000000036 0.41660000000000036
d 0 0 -0.51899999999998037 1.5393348404364429 1.5393348404364429 0.51900000000000057 0.51900000000000057
d 0 0 -0.63449999999997897 1.5642603736115395 1.5642603736115395 0.63450000000000029 0.63450000000000029
d 0 0 -0.74999999999996569 1.5846118273066823 1.5846118273066823 0.75 0.75
d 0 0 -0.75099999999998202 1.5847631068642127 1.5847631068642127 0.751 0.751
d 0 0 -0.75299999999997846 1.585063506201531 1.585063506201531 0.753 0.753
d 0 0 -0.75699999999995471 1.5856566233130074 1.5856566233130074 0.757 0.757
d 0 0 -0.76499999999992407 1.5868183606049191 1.5868183606049191 0.765 0.765
d 0 0 -0.78100000000001346 1.5890889934162993 1.5890889934162993 0.781 0.781
d 0 0 -0.81300000000002037 1.5931573237852752 1.5931573237852752 0.813 0.813
d 0 0 -0.81939999999999835 1.59383069983426 1.59383069983426 0.8194 0.8194
d 0 0 -0.83219999999993832 1.5952678475738162 1.5952678475738162 0.8322 0.8322
d 0 0 -0.83475999999986195 1.5955631426276835 1.5955631426276835 0.83476 0.83476
d 0 0 -0.83987999999986929 1.5961392887371215 1.5961392887371215 0.83988 0.83988
d 0 0 -0.85011999999997412 1.5970348440397499 1.5970348440397499 0.85012 0.85012
d 0 0 -0.87059999999995452 1.5985447886500841 1.5985447886500841 0.8706 0.8706
d 0 0 -0.87469599999995573 1.5989782264894008 1.5989782264894008 0.874696 0.874696
d 0 0 -0.88288799999996992 1.5997325866551899 1.5997325866551899 0.882888 0.882888
d 0 0 -0.89927200000001772 1.5999681504471759 1.5999681504471759 0.899272 0.899272
d 0 0 -0.90254880000002435 1.6003170792364052 1.6003170792364052 0.9025488 0.9025488
d 0 0 -0.90910239999983589 1.6010256428565042 1.6010256428565042 0.9091024 0.9091024
d 0 0 -0.91041311999992269 1.6011660145235913 1.6011660145235913 0.91041312 0.91041312
d 0 0 -0.91303455999997651 1.601441583547808 1.601441583547808 0.91303456 0.91303456
d 0 0 -0.91827743999994538 1.6019403177170863 1.6019403177170863 0.91827743999999978 0.91827743999999978
d 0 0 -0.91932601600011565 1.6020183265071759 1.6020183265071759 0.91932601599999975 0.91932601599999975
d 0 0 -0.92142316799993773 1.6020297222856923 1.6020297222856923 0.92142316799999968 0.92142316799999968
d 0 0 -0.92146511104001327 1.6020236017257989 1.6020236017257989 0.92146511103999973 0.92146511103999973
d 0 0 -0.92154899712001037 1.6019978711633318 1.6019978711633318 0.92154899711999982 0.92154899711999982
d 0 0 -0.9215657743360044 1.6019815007247764 1.6019815007247764 0.92156577433599984 0.92156577433599984
d 0 0 -0.92159932876808992 1.6019597648068791 1.6019597648068791 0.92159932876799988 0.92159932876799988
d 0 0 -0.92166643763208966 1.6018637802666675 1.6018637802666675 0.92166643763199996 0.92166643763199996
d 0 0 -0.92167985940487973 1.6018273424863012 1.6018273424863012 0.92167985940480002 0.92167985940480002
d 0 0 -0.92170670295032986 1.601695962752621 1.601695962752621 0.92170670295040014 0.92170670295040014
d 0 0 -0.92176039004163268 1.6003128558727224 1.6003128558727224 0.92176039004160037 0.92176039004160037
d 0 0 -0.92177112745979584 1.6001423631639387 1.6001423631639387 0.92177112745984047 0.92177112745984047
d 0 0 -0.92179260229634374 1.5997956162215599 1.5997956162215599 0.92179260229632065 0.92179260229632065
d 0 0 -0.92183555196933675 1.599716034818335 1.599716034818335 0.92183555196928102 0.92183555196928102
d 0 0 -0.92192145131524905 1.599734621653824 1.599734621653824 0.92192145131520176 0.92192145131520176
d 0 0 -0.92209325000701425 1.5997509239068803 1.5997509239068803 0.92209325000704323 0.92209325000704323
d 0 0 -0.92243684739073795 1.5997877937394751 1.5997877937394751 0.92243684739072618 0.92243684739072618
d 0 0 -0.92312404215816013 1.5998612666038221 1.5998612666038221 0.92312404215809207 0.92312404215809207
d 0 0 -0.92449843169286838 1.6000098138999588 1.6000098138999588 0.92449843169282386 0.92449843169282386
d 0 0 -0.92724721076228922 1.6003118316269509 1.6003118316269509 0.92724721076228744 0.92724721076228744
d 0 0 -0.93274476890131752 1.6009291426954688 1.6009291426954688 0.9327447689012146 0.9327447689012146
d 0 0 -0.94373988517913776 1.6021878496580517 1.6021878496580517 0.94373988517906893 0.94373988517906893
d 0 0 -0.96573011773477591 1.6046910010240689 1.6046910010240689 0.96573011773477757 0.96573011773477757
d 0 0 -0.96915710596122451 1.6050672558349475 1.6050672558349475 0.96915710596129978 0.96915710596129978
d 0 0 -0.97601108241433121 1.6057758648653795 1.6057758648653795 0.9760110824143442 0.9760110824143442
d 0 0 -0.97721052829356769 1.605883700859184 1.605883700859184 0.97721052829362698 0.97721052829362698
d 0 0 -0.97960942005214657 1.6060008339749305 1.6060008339749305 0.97960942005219254 0.97960942005219254
d 0 0 -0.97965739788717732 1.6059970034768598 1.6059970034768598 0.97965739788736383 0.97965739788736383
d 0 0 -0.97975335355766657 1.6059588851077342 1.6059588851077342 0.97975335355770643 0.97975335355770643
d 0 0 -0.97977254469168895 1.6059402307642796 1.6059402307642796 0.97977254469177499 0.97977254469177499
d 0 0 -0.9798109269599603 1.6058087967318213 1.6058087967318213 0.97981092695991212 0.97981092695991212
d 0 0 -0.97981860341369309 1.6057349021317469 1.6057349021317469 0.97981860341353955 0.97981860341353955
d 0 0 -0.97983395632089387 1.6049964231199396 1.6049964231199396 0.9798339563207944 0.9798339563207944
d 0 0 -0.97986466213538237 1.6019021526715487 1.6019021526715487 0.9798646621353041 0.9798646621353041
d 0 0 -0.97987080329812615 1.6016941570818115 1.6016941570818115 0.97987080329820608 0.97987080329820608
d 0 0 -0.97988308562396087 1.6015764041163845 1.6015764041163845 0.97988308562401005 0.97988308562401005
d 0 0 -0.97990765027552018 1.6015667762908254 1.6015667762908254 0.97990765027561799 0.97990765027561799
d 0 0 -0.97995677957884419 1.601574233157057 1.601574233157057 0.97995677957883387 0.97995677957883387
d 0 0 -0.98005503818523065 1.6015851968093926 1.6015851968093926 0.98005503818526563 0.98005503818526563
d 0 0 -0.980251555398159 1.6016079106976837 1.6016079106976837 0.98025155539812914 0.98025155539812914
d 0 0 -0.98064458982380365 1.6016532224958242 1.6016532224958242 0.98064458982385616 0.98064458982385616
d 0 0 -0.98143065867529722 1.6017439013467618 1.6017439013467618 0.98143065867531021 0.98143065867531021
d 0 0 -0.98300279637815235 1.6019254173466368 1.6019254173466368 0.9830027963782183 0.9830027963782183
d 0 0 -0.98614707178415284 1.6022890303280855 1.6022890303280855 0.98614707178403449 0.98614707178403449
d 0 0 -0.9924356225956974 1.6030181767980167 1.6030181767980167 0.99243562259566687 0.99243562259566687
d 0 0 -1.0000000000000808 1.6038977115395434 1.6038977115395434 1 1
d 0 0 -1.009999999999968 1.6050627648489912 1.6050627648489912 1.01 1.01
d 0 0 -1.0300000000000442 1.6073933533818858 1.6073933533818858 1.03 1.03
d 0 0 -1.0700000000000418 1.6120186738426034 1.6120186738426034 1.0700000000000001 1.0700000000000001
d 0 0 -1.1500000000000083 1.6209411692647924 1.6209411692647924 1.1500000000000001 1.1500000000000001
d 0 0 -1.1599999999999919 1.6219825473791147 1.6219825473791147 1.1600000000000001 1.1600000000000001
d 0 0 -1.162000000000043 1.6221756798942479 1.6221756798942479 1.1620000000000001 1.1620000000000001
d 0 0 -1.1623999999999399 1.6222118214713284 1.6222118214713284 1.1624000000000001 1.1624000000000001
d 0 0 -1.1632000000000609 1.6222757529832315 1.6222757529832315 1.1632 1.1632
d 0 0 -1.1633600000000284 1.6222845439831515 1.6222845439831515 1.1633599999999999 1.1633599999999999
d 0 0 -1.1633920000000477 1.6222857218655038 1.6222857218655038 1.163392 1.163392
d 0 0 -1.1634560000001086 1.6222868247269313 1.6222868247269313 1.163456 1.163456
d 0 0 -1.163468800000067 1.6222861275289127 1.6222861275289127 1.1634688 1.1634688
d 0 0 -1.1634944000001282 1.6222855684767599 1.6222855684767599 1.1634943999999998 1.1634943999999998
d 0 0 -1.1635456000002036 1.6222794700157512 1.6222794700157512 1.1635455999999995 1.1635455999999995
d 0 0 -1.1635558400000285 1.6222767077641198 1.6222767077641198 1.1635558399999995 1.1635558399999995
d 0 0 -1.1635763200000437 1.6222660892864427 1.6222660892864427 1.1635763199999993 1.1635763199999993
d 0 0 -1.1635804160000351 1.6222625825871422 1.6222625825871422 1.1635804159999994 1.1635804159999994
d 0 0 -1.1635886080000548 1.6222524375826937 1.6222524375826937 1.1635886079999995 1.1635886079999995
d 0 0 -1.1636049920002343 1.6221644468152547 1.6221644468152547 1.1636049919999998 1.1636049919999998
d 0 0 -1.1636082687998868 1.6221097656825443 1.6221097656825443 1.1636082687999998 1.1636082687999998
d 0 0 -1.1636148223999685 1.6215660232693592 1.6215660232693592 1.1636148223999998 1.1636148223999998
d 0 0 -1.1636279296001393 1.615882755123154 1.615882755123154 1.1636279295999998 1.1636279295999998
d 0 0 -1.1636305510400327 1.6152262038047442 1.6152262038047442 1.1636305510399998 1.1636305510399998
d 0 0 -1.1636357939200721 1.6148295968329109 1.6148295968329109 1.1636357939199997 1.1636357939199997
d 0 0 -1.1636462796801219 1.6147635348726608 1.6147635348726608 1.1636462796799996 1.1636462796799996
d 0 0 -1.1636672512000543 1.6147729325596452 1.6147729325596452 1.1636672511999993 1.1636672511999993
d 0 0 -1.1637091942400739 1.6147758508067394 1.6147758508067394 1.1637091942399986 1.1637091942399986
d 0 0 -1.1637930803198888 1.6147848380745224 1.6147848380745224 1.1637930803199974 1.1637930803199974
d 0 0 -1.1639608524799454 1.6148022731149589 1.6148022731149589 1.1639608524799949 1.1639608524799949
d 0 0 -1.1642963968000781 1.6148372011003798 1.6148372011003798 1.16429639679999 1.16429639679999
d 0 0 -1.1649674854320717 1.6149070285760856 1.6149070285760856 1.1649674854399801 1.1649674854399801
d 0 0 -1.166309662720028 1.6150466067003622 1.6150466067003622 1.1663096627199603 1.1663096627199603
d 0 0 -1.1689940172799704 1.6153254179093217 1.6153254179093217 1.1689940172799207 1.1689940172799207
d 0 0 -1.1743627263997014 1.6158816897128567 1.6158816897128567 1.1743627263998415 1.1743627263998415
d 0 0 -1.1851001446398168 1.6169889063614813 1.6169889063614813 1.1851001446396832 1.1851001446396832
d 0 0 -1.2065749811193451 1.6191827941097556 1.6191827941097556 1.2065749811193665 1.2065749811193665
d 0 0 -1.2282874905596957 1.6213749116333307 1.6213749116333307 1.2282874905596832 1.2282874905596832
d 0 0 -1.2499999999999856 1.6235431898524046 1.6235431898524046 1.25 1.25
d 0 0 -1.2600000000001226 1.6245344286197254 1.6245344286197254 1.26 1.26
d 0 0 -1.2800000000000915 1.6265039166696751 1.6265039166696751 1.28 1.28
d 0 0 -1.3200000000000591 1.6303950535770226 1.6303950535770226 1.3200000000000001 1.3200000000000001
d 0 0 -1.4000000000000898 1.6380071002999168 1.6380071002999168 1.4000000000000001 1.4000000000000001
d 0 0 -1.4999999999999827 1.6472442734433415 1.6472442734433415 1.5 1.5
d 0 0 -1.5100000000000813 1.6481509387555726 1.6481509387555726 1.51 1.51
d 0 0 -1.5299999999999814 1.6499509455567396 1.6499509455567396 1.53 1.53
d 0 0 -1.5340000000000777 1.6503080157939711 1.6503080157939711 1.534 1.534
d 0 0 -1.5419999999999376 1.651017177253189 1.651017177253189 1.542 1.542
d 0 0 -1.543600000000132 1.6511578274111409 1.6511578274111409 1.5436000000000001 1.5436000000000001
d 0 0 -1.5468000000000341 1.6514371016788634 1.6514371016788634 1.5468000000000002 1.5468000000000002
d 0 0 -1.5474400000000397 1.6514925004293506 1.6514925004293506 1.5474400000000001 1.5474400000000001
d 0 0 -1.5487199999999406 1.651602610123891 1.651602610123891 1.5487200000000001 1.5487200000000001
d 0 0 -1.5512799999999527 1.6518176562224995 1.6518176562224995 1.55128 1.55128
d 0 0 -1.5517919999999135 1.6518586931757948 1.6518586931757948 1.5517920000000001 1.5517920000000001
d 0 0 -1.5518944000000396 1.6518666870541152 1.6518666870541152 1.5518944000000001 1.5518944000000001
d 0 0 -1.5520992000000786 1.6518824220127277 1.6518824220127277 1.5520992000000002 1.5520992000000002
d 0 0 -1.5525087999999749 1.6519113182638021 1.6519113182638021 1.5525088000000005 1.5525088000000005
d 0 0 -1.5525907200000817 1.6519161058423142 1.6519161058423142 1.5525907200000004 1.5525907200000004
d 0 0 -1.5526071040000442 1.6519167946624735 1.6519167946624735 1.5526071040000005 1.5526071040000005
d 0 0 -1.5526398720000505 1.6519183722887421 1.6519183722887421 1.5526398720000005 1.5526398720000005
d 0 0 -1.5527054080000098 1.6519199010561849 1.6519199010561849 1.5527054080000007 1.5527054080000007
d 0 0 -1.5527185152000205 1.6519197474323195 1.6519197474323195 1.5527185152000007 1.5527185152000007
d 0 0 -1.5527447296000196 1.6519179991840234 1.6519179991840234 1.5527447296000008 1.5527447296000008
d 0 0 -1.5527499724800251 1.6519172667246818 1.6519172667246818 1.5527499724800007 1.5527499724800007
d 0 0 -1.5527604582400045 1.6519149456311262 1.6519149456311262 1.5527604582400005 1.5527604582400005
d 0 0 -1.5527814297599745 1.6518897937713162 1.6518897937713162 1.5527814297600002 1.5527814297600002
d 0 0 -1.5527856240639719 1.6518719670160074 1.6518719670160074 1.5527856240640001 1.5527856240640001
d 0 0 -1.5527864629248569 1.6518665459405224 1.6518665459405224 1.5527864629248 1.5527864629248
d 0 0 -1.5527881406462494 1.6518521233110508 1.6518521233110508 1.5527881406463999 1.5527881406463999
d 0 0 -1.5527914960895686 1.6517901498432559 1.6517901498432559 1.5527914960895997 1.5527914960895997
d 0 0 -1.5527921671782525 1.6517681406549967 1.6517681406549967 1.5527921671782396 1.5527921671782396
d 0 0 -1.5527935093555618 1.6517015864935711 1.6517015864935711 1.5527935093555196 1.5527935093555196
d 0 0 -1.5527961937101327 1.6513095313596924 1.6513095313596924 1.5527961937100796 1.5527961937100796
d 0 0 -1.5528015624195695 1.6463934875745283 1.6463934875745283 1.5528015624191995 1.5528015624191995
d 0 0 -1.5528026361610929 1.6449416247731683 1.6449416247731683 1.5528026361610234 1.5528026361610234
d 0 0 -1.5528047836446652 1.6430400879750218 1.6430400879750218 1.5528047836446712 1.5528047836446712
d 0 0 -1.5528090786121311 1.6417623216834254 1.6417623216834254 1.5528090786119668 1.5528090786119668
d 0 0 -1.552817668546598 1.6414838223888244 1.6414838223888244 1.552817668546558 1.552817668546558
d 0 0 -1.5528348484157755 1.6415058060344043 1.6415058060344043 1.5528348484157404 1.5528348484157404
d 0 0 -1.5528692081541535 1.6415045273654476 1.6415045273654476 1.5528692081541051 1.5528692081541051
d 0 0 -1.5529379276310442 1.641510973205093 1.641510973205093 1.5529379276308346 1.5529379276308346
d 0 0 -1.5530753665842711 1.6415222865082315 1.6415222865082315 1.5530753665842936 1.5530753665842936
d 0 0 -1.5533502444913463 1.6415451058510084 1.6415451058510084 1.5533502444912115 1.5533502444912115
d 0 0 -1.5539000002846286 1.6415907248442987 1.6415907248442987 1.5539000003050474 1.5539000003050474
d 0 0 -1.5549995119327535 1.641681951473662 1.641681951473662 1.5549995119327191 1.5549995119327191
d 0 0 -1.5571985351880384 1.6418643398878991 1.6418643398878991 1.5571985351880626 1.5571985351880626
d 0 0 -1.5615965816988813 1.6422288680728099 1.6422288680728099 1.5615965816987496 1.5615965816987496
d 0 0 -1.5703926747200765 1.6429569360147736 1.6429569360147736 1.5703926747201236 1.5703926747201236
d 0 0 -1.5879848607629088 1.6444091448937848 1.6444091448937848 1.5879848607628715 1.5879848607628715
d 0 0 -1.6231692328484764 1.6472977434266973 1.6472977434266973 1.6231692328483673 1.6231692328483673
d 0 0 -1.6865846164241416 1.6524444639208562 1.6524444639208562 1.6865846164241836 1.6865846164241836
d 0 0 -1.6929261547817291 1.6529537633461562 1.6529537633461562 1.6929261547817651 1.6929261547817651
d 0 0 -1.7056092314969042 1.6539678765883936 1.6539678765883936 1.7056092314969282 1.7056092314969282
d 0 0 -1.7278046157483871 1.6557067529066971 1.6557067529066971 1.7278046157484641 1.7278046157484641
d 0 0 -1.728026569591032 1.6557229066785595 1.6557229066785595 1.7280265695909796 1.7280265695909796
d 0 0 -1.7284704772760695 1.6557545134635046 1.6557545134635046 1.7284704772760104 1.7284704772760104
d 0 0 -1.7285592588130099 1.6557606243901948 1.6557606243901948 1.7285592588130165 1.7285592588130165
d 0 0 -1.7287368218870716 1.6557726476996837 1.6557726476996837 1.7287368218870287 1.7287368218870287
d 0 0 -1.7290919480349989 1.6557932170013527 1.6557932170013527 1.7290919480350531 1.7290919480350531
d 0 0 -1.7291629732647882 1.6557948904059969 1.6557948904059969 1.7291629732646578 1.7291629732646578
d 0 0 -1.7291771783106251 1.6557946231845888 1.6557946231845888 1.7291771783105787 1.7291771783105787
d 0 0 -1.7292055884024944 1.6557913968850637 1.6557913968850637 1.7292055884024204 1.7292055884024204
d 0 0 -1.7292112704206919 1.6557898482386808 1.6557898482386808 1.7292112704207887 1.7292112704207887
d 0 0 -1.729222634457535 1.6557834753043392 1.6557834753043392 1.7292226344575252 1.7292226344575252
d 0 0 -1.7292249072648103 1.655781268861827 1.655781268861827 1.7292249072648724 1.7292249072648724
d 0 0 -1.7292294528795988 1.6557746015267716 1.6557746015267716 1.7292294528795669 1.7292294528795669
d 0 0 -1.7292303620025766 1.6557716551941277 1.6557716551941277 1.7292303620025058 1.7292303620025058
d 0 0 -1.7292321802484008 1.6557667716036979 1.6557667716036979 1.7292321802483837 1.7292321802483837
d 0 0 -1.7292358167400561 1.6557501742231933 1.6557501742231933 1.7292358167401394 1.7292358167401394
d 0 0 -1.7292365440386388 1.6557370767551391 1.6557370767551391 1.7292365440384905 1.7292365440384905
d 0 0 -1.7292379986352366 1.6557200825775438 1.6557200825775438 1.7292379986351927 1.7292379986351927
d 0 0 -1.7292409078284363 1.6556421639423045 1.6556421639423045 1.7292409078285971 1.7292409078285971
d 0 0 -1.7292467262153162 1.651851662401101 1.651851662401101 1.7292467262154059 1.7292467262154059
d 0 0 -1.7292478898927535 1.6502285269675543 1.6502285269675543 1.7292478898927677 1.7292478898927677
d 0 0 -1.7292502172474919 1.647758361888112 1.647758361888112 1.7292502172474913 1.7292502172474913
d 0 0 -1.7292548719569247 1.6461179350067621 1.6461179350067621 1.7292548719569385 1.7292548719569385
d 0 0 -1.7292641813757708 1.6458309871134322 1.6458309871134322 1.7292641813758329 1.7292641813758329
d 0 0 -1.7292828002136373 1.6458594875184207 1.6458594875184207 1.7292828002136218 1.7292828002136218
d 0 0 -1.7293200378891582 1.6458566849046965 1.6458566849046965 1.7293200378891995 1.7293200378891995
d 0 0 -1.7293945132404556 1.6458631708071991 1.6458631708071991 1.729394513240355 1.729394513240355
d 0 0 -1.7295434639426484 1.645874106065675 1.645874106065675 1.7295434639426659 1.7295434639426659
d 0 0 -1.7298413653472759 1.6458962106821977 1.6458962106821977 1.7298413653472877 1.7298413653472877
d 0 0 -1.7304371681389727 1.6459403990678847 1.6459403990678847 1.7304371681565314 1.7304371681565314
d 0 0 -1.7316287737749456 1.646028766468203 1.646028766468203 1.7316287737750187 1.7316287737750187
d 0 0 -1.734011985012007 1.6462054451457206 1.6462054451457206 1.7340119850119933 1.7340119850119933
d 0 0 -1.7387784074859003 1.6465585857247171 1.6465585857247171 1.7387784074859425 1.7387784074859425
d 0 0 -1.744389203743077 1.6469739107496146 1.6469739107496146 1.7443892037429714 1.7443892037429714
d 0 0 -1.7499999999999447 1.6473888245713524 1.6473888245713524 1.75 1.75
d 0 0 -1.7599999999999025 1.6481272721213351 1.6481272721213351 1.76 1.76
d 0 0 -1.7800000000000664 1.6495999482875274 1.6495999482875274 1.78 1.78
d 0 0 -1.820000000000028 1.6525255236156 1.6525255236156 1.8200000000000001 1.8200000000000001
d 0 0 -1.8280000000001262 1.6531065741304609 1.6531065741304609 1.8280000000000001 1.8280000000000001
d 0 0 -1.8439999999999632 1.6542622483923752 1.6542622483923752 1.8440000000000001 1.8440000000000001
d 0 0 -1.8471999999999142 1.6544918752065247 1.6544918752065247 1.8472000000000002 1.8472000000000002
d 0 0 -1.8535999999999553 1.6549484322162342 1.6549484322162342 1.8536000000000004 1.8536000000000004
d 0 0 -1.854880000000023 1.6550390943685553 1.6550390943685553 1.8548800000000003 1.8548800000000003
d 0 0 -1.8574400000001265 1.6552193058944884 1.6552193058944884 1.8574400000000002 1.8574400000000002
d 0 0 -1.8579519999999667 1.655255099880095 1.655255099880095 1.8579520000000003 1.8579520000000003
d 0 0 -1.8589760000000903 1.6553263206650801 1.6553263206650801 1.8589760000000004 1.8589760000000004
d 0 0 -1.8610239999999756 1.6554661569490303 1.6554661569490303 1.8610240000000007 1.8610240000000007
d 0 0 -1.8614336000000506 1.6554932461727567 1.6554932461727567 1.8614336000000007 1.8614336000000007
d 0 0 -1.8622528000001726 1.655543951756502 1.655543951756502 1.8622528000000007 1.8622528000000007
d 0 0 -1.8624166399999484 1.6555515032986035 1.6555515032986035 1.8624166400000006 1.8624166400000006
d 0 0 -1.8624494080000484 1.6555523104749357 1.6555523104749357 1.8624494080000007 1.8624494080000007
d 0 0 -1.8624559616000063 1.6555522335067951 1.6555522335067951 1.8624559616000007 1.8624559616000007
d 0 0 -1.8624690688000232 1.6555522483108023 1.6555522483108023 1.8624690688000007 1.8624690688000007
d 0 0 -1.8624952832000863 1.6555511926120241 1.6555511926120241 1.8624952832000008 1.8624952832000008
d 0 0 -1.8625005260799921 1.6555506896461549 1.6555506896461549 1.8625005260800007 1.8625005260800007
d 0 0 -1.862511011839975 1.6555490178771783 1.6555490178771783 1.8625110118400006 1.8625110118400006
d 0 0 -1.8625131089920277 1.6555482495842935 1.6555482495842935 1.8625131089920006 1.8625131089920006
d 0 0 -1.8625173032960234 1.6555469713910822 1.6555469713910822 1.8625173032960007 1.8625173032960007
d 0 0 -1.8625256919040127 1.6555426107764437 1.6555426107764437 1.862525691904001 1.862525691904001
d 0 0 -1.8625273696256075 1.6555412939708187 1.6555412939708187 1.8625273696256011 1.8625273696256011
d 0 0 -1.862530725068765 1.6555378230811266 1.6555378230811266 1.8625307250688012 1.8625307250688012
d 0 0 -1.8625374359552291 1.6555230639800229 1.6555230639800229 1.8625374359552016 1.8625374359552016
d 0 0 -1.8625387781325029 1.6555177474430378 1.6555177474430378 1.8625387781324816 1.8625387781324816
d 0 0 -1.8625414624870744 1.655500873477094 1.655500873477094 1.8625414624870416 1.8625414624870416
d 0 0 -1.8625468311961617 1.6552474337726455 1.6552474337726455 1.8625468311961615 1.8625468311961615
d 0 0 -1.8625575686144047 1.6476379883273859 1.6476379883273859 1.8625575686144014 1.8625575686144014
d 0 0 -1.8625597160979632 1.6469707629163295 1.6469707629163295 1.8625597160980494 1.8625597160980494
d 0 0 -1.8625640110653783 1.6465744699321485 1.6465744699321485 1.8625640110653454 1.8625640110653454
d 0 0 -1.862572600999814 1.6464977025182956 1.6464977025182956 1.8625726009999375 1.8625726009999375
d 0 0 -1.862589780869262 1.64650540756596 1.64650540756596 1.8625897808691216 1.8625897808691216
d 0 0 -1.8626241406074224 1.6465064397162903 1.6465064397162903 1.8626241406074899 1.8626241406074899
d 0 0 -1.8626928600842108 1.6465113137214618 1.6465113137214618 1.8626928600842265 1.8626928600842265
d 0 0 -1.8628302990376864 1.646520571416157 1.646520571416157 1.8628302990376997 1.8628302990376997
d 0 0 -1.8631051769446336 1.6465391462633501 1.6465391462633501 1.8631051769446461 1.8631051769446461
d 0 0 -1.8636549327480072 1.6465762884614896 1.6465762884614896 1.8636549327585388 1.8636549327585388
d 0 0 -1.8647544443685418 1.6466505634609365 1.6466505634609365 1.8647544443863242 1.8647544443863242
d 0 0 -1.8669534676418542 1.6467990863467519 1.6467990863467519 1.8669534676418951 1.8669534676418951
d 0 0 -1.8713515141530144 1.6470959835363206 1.6470959835363206 1.8713515141530368 1.8713515141530368
d 0 0 -1.8801476071753112 1.647689199873378 1.647689199873378 1.8801476071753203 1.8801476071753203
d 0 0 -1.8977397932200009 1.6488732281592466 1.6488732281592466 1.8977397932198872 1.8977397932198872
d 0 0 -1.9329241653091025 1.6512305885366461 1.6512305885366461 1.932924165309021 1.932924165309021
d 0 0 -1.9396317487782109 1.6516781353947665 1.6516781353947665 1.9396317487781189 1.9396317487781189
d 0 0 -1.9530469157164596 1.6525710598560823 1.6525710598560823 1.9530469157163148 1.9530469157163148
d 0 0 -1.9765234578580995 1.6541244014436367 1.6541244014436367 1.9765234578581574 1.9765234578581574
d 0 0 -1.9788711120723104 1.6542787828075638 1.6542787828075638 1.9788711120723417 1.9788711120723417
d 0 0 -1.9835664205006709 1.6545867178044298 1.6545867178044298 1.9835664205007102 1.9835664205007102
d 0 0 -1.9917832102503152 1.6551213574556978 1.6551213574556978 1.9917832102503552 1.9917832102503552
d 0 0 -1.9926048892253692 1.6551743015472666 1.6551743015472666 1.9926048892253196 1.9926048892253196
d 0 0 -1.994248247175358 1.6552796586157836 1.6552796586157836 1.9942482471752485 1.9942482471752485
d 0 0 -1.9971241235877546 1.6554607615935055 1.6554607615935055 1.9971241235876243 1.9971241235876243
d 0 0 -1.9974117112289689 1.6554783698372892 1.6554783698372892 1.9974117112288619 1.9974117112288619
d 0 0 -1.9979868865113697 1.6555128447377834 1.6555128447377834 1.997986886511337 1.997986886511337
d 0 0 -1.9980875421859001 1.6555186899211338 1.6555186899211338 1.9980875421857702 1.9980875421857702
d 0 0 -1.9982888535345675 1.6555301991658227 1.6555301991658227 1.9982888535346366 1.9982888535346366
d 0 0 -1.9986914762325685 1.6555491772033846 1.6555491772033846 1.9986914762323693 1.9986914762323693
d 0 0 -1.9987569024207472 1.6555482715690142 1.6555482715690142 1.9987569024207508 1.9987569024207508
d 0 0 -1.9987699876583893 1.6555464340908612 1.6555464340908612 1.9987699876584271 1.9987699876584271
d 0 0 -1.9987726047059893 1.6555449631711787 1.6555449631711787 1.9987726047059624 1.9987726047059624
d 0 0 -1.9987778388010173 1.6555430486578537 1.6555430486578537 1.9987778388010331 1.9987778388010331
d 0 0 -1.9987883069911074 1.6555341650669786 1.6555341650669786 1.9987883069911745 1.9987883069911745
d 0 0 -1.9987904006292518 1.6555307708030607 1.6555307708030607 1.9987904006292028 1.9987904006292028
d 0 0 -1.9987945879052476 1.6555191440734567 1.6555191440734567 1.9987945879052593 1.9987945879052593
d 0 0 -1.9987954253605749 1.6555156006523479 1.6555156006523479 1.9987954253604707 1.9987954253604707
d 0 0 -1.9987971002710043 1.6555061565517875 1.6555061565517875 1.9987971002708935 1.9987971002708935
d 0 0 -1.9988004500917209 1.6554654093813159 1.6554654093813159 1.9988004500917391 1.9988004500917391
d 0 0 -1.9988011200559168 1.6554508824594854 1.6554508824594854 1.9988011200559082 1.9988011200559082
d 0 0 -1.9988024599842982 1.6554066802879239 1.6554066802879239 1.9988024599842462 1.9988024599842462
d 0 0 -1.9988051398409186 1.6551355101631717 1.6551355101631717 1.9988051398409223 1.9988051398409223
d 0 0 -1.9988104995550002 1.6510923060050076 1.6510923060050076 1.9988104995542746 1.9988104995542746
d 0 0 -1.9988115714969175 1.6498946512851274 1.6498946512851274 1.998811571496945 1.998811571496945
d 0 0 -1.9988137153823435 1.6483978173482867 1.6483978173482867 1.9988137153822858 1.9988137153822858
d 0 0 -1.9988180031530716 1.6474152934801445 1.6474152934801445 1.9988180031529674 1.9988180031529674
d 0 0 -1.9988265786944286 1.6472177166248134 1.6472177166248134 1.9988265786943307 1.9988265786943307
d 0 0 -1.9988437297770911 1.6472334888975464 1.6472334888975464 1.9988437297770572 1.9988437297770572
d 0 0 -1.998878031942374 1.6472326612595791 1.6472326612595791 1.9988780319425101 1.9988780319425101
d 0 0 -1.998946636273405 1.6472374387683537 1.6472374387683537 1.9989466362734161 1.9989466362734161
d 0 0 -1.9990838449350792 1.6472458855728958 1.6472458855728958 1.9990838449352279 1.9990838449352279
d 0 0 -1.9993582622589121 1.6472629120232631 1.6472629120232631 1.9993582622588517 1.9993582622588517
d 0 0 -1.9999999999968561 1.6473027145265422 1.6473027145265422 2 2
d 0 0 -2.009999999999811 1.6479225454637714 1.6479225454637714 2.0099999999999998 2.0099999999999998
d 0 0 -2.0299999999999674 1.6491597490159076 1.6491597490159076 2.0299999999999994 2.0299999999999994
d 0 0 -2.0700000000000394 1.6516229770906894 1.6516229770906894 2.0699999999999985 2.0699999999999985
d 0 0 -2.0780000000000265 1.652113497596998 1.652113497596998 2.0779999999999985 2.0779999999999985
d 0 0 -2.0940000000000238 1.653091808813689 1.653091808813689 2.0939999999999985 2.0939999999999985
d 0 0 -2.1260000000000541 1.6550294133809325 1.6550294133809325 2.1259999999999986 2.1259999999999986
d 0 0 -2.1322000000000774 1.65539467480771 1.65539467480771 2.1321999999999988 2.1321999999999988
d 0 0 -2.1334400000001388 1.6554647056995671 1.6554647056995671 2.1334399999999989 2.1334399999999989
d 0 0 -2.1336880000000322 1.6554781819350795 1.6554781819350795 2.1336879999999989 2.1336879999999989
d 0 0 -2.1341839999999572 1.6555030346682573 1.6555030346682573 2.134183999999999 2.134183999999999
d 0 0 -2.13428320000008 1.6555067738214488 1.6555067738214488 2.1342831999999992 2.1342831999999992
d 0 0 -2.1343030399999345 1.655507281617425 1.655507281617425 2.1343030399999994 2.1343030399999994
d 0 0 -2.1343427200000016 1.6555075595010551 1.6555075595010551 2.1343427199999998 2.1343427199999998
d 0 0 -2.1343506559999614 1.6555074143609718 1.6555074143609718 2.1343506560000001 2.1343506560000001
d 0 0 -2.1343665280001467 1.655506640922437 1.655506640922437 2.1343665280000006 2.1343665280000006
d 0 0 -2.1343697024001638 1.655506121440252 1.655506121440252 2.1343697024000008 2.1343697024000008
d 0 0 -2.1343760511998626 1.6555053343586721 1.6555053343586721 2.1343760512000012 2.1343760512000012
d 0 0 -2.1343887487999349 1.6555021460572357 1.6555021460572357 2.134388748800002 2.134388748800002
d 0 0 -2.1343912883199554 1.6555010753875405 1.6555010753875405 2.134391288320002 2.134391288320002
d 0 0 -2.1343963673601518 1.6554979885084853 1.6554979885084853 2.1343963673600022 2.1343963673600022
d 0 0 -2.1344065254398901 1.6554769782346515 1.6554769782346515 2.1344065254400024 2.1344065254400024
d 0 0 -2.134408557056052 1.6554662235572288 1.6554662235572288 2.1344085570560023 2.1344085570560023
d 0 0 -2.1344126202878817 1.6554047079002767 1.6554047079002767 2.134412620288002 2.134412620288002
d 0 0 -2.1344207467520273 1.6498117985258134 1.6498117985258134 2.1344207467520016 2.1344207467520016
d 0 0 -2.1344223720447872 1.6488324351296313 1.6488324351296313 2.1344223720448015 2.1344223720448015
d 0 0 -2.1344256226303049 1.6480713895991022 1.6480713895991022 2.1344256226304013 2.1344256226304013
d 0 0 -2.1344321238016093 1.6477970850501893 1.6477970850501893 2.1344321238016009 2.1344321238016009
d 0 0 -2.1344451261438753 1.6477940558637096 1.6477940558637096 2.1344451261440001 2.1344451261440001
d 0 0 -2.1344711308289273 1.6477961210182341 1.6477961210182341 2.1344711308287985 2.1344711308287985
d 0 0 -2.1345231401985285 1.6477989583375829 1.6477989583375829 2.1345231401983953 2.1345231401983953
d 0 0 -2.1346271589376919 1.647804941075184 1.647804941075184 2.1346271589375889 2.1346271589375889
d 0 0 -2.134835196415974 1.6478168510578524 1.6478168510578524 2.1348351964159762 2.1348351964159762
d 0 0 -2.1352512713695817 1.647840675752299 1.647840675752299 2.1352512713727507 2.1352512713727507
d 0 0 -2.1360834212790882 1.647888320541709 1.647888320541709 2.1360834212862998 2.1360834212862998
d 0 0 -2.137747721113572 1.6479835977879389 1.6479835977879389 2.1377477211133979 2.1377477211133979
d 0 0 -2.141076320767564 1.6481740858958129 1.6481740858958129 2.1410763207675942 2.1410763207675942
d 0 0 -2.1477335200759811 1.648554799719848 1.648554799719848 2.1477335200759868 2.1477335200759868
d 0 0 -2.1610479186928866 1.6493151043614958 1.6493151043614958 2.161047918692772 2.161047918692772
d 0 0 -2.187676715926322 1.650830316264567 1.650830316264567 2.1876767159263424 2.1876767159263424
d 0 0 -2.218838357963214 1.6525875505626588 1.6525875505626588 2.218838357963171 2.218838357963171
d 0 0 -2.2219545221669668 1.6527609546714084 1.6527609546714084 2.221954522166854 2.221954522166854
d 0 0 -2.2281868505743807 1.6531022882680679 1.6531022882680679 2.2281868505742199 2.2281868505742199
d 0 0 -2.2292775080454259 1.6531593692818078 1.6531593692818078 2.2292775080455089 2.2292775080455089
d 0 0 -2.2294956395396128 1.6531703370235811 1.6531703370235811 2.2294956395397669 2.2294956395397669
d 0 0 -2.2299319025282989 1.6531904924731931 1.6531904924731931 2.2299319025282829 2.2299319025282829
d 0 0 -2.230019155126028 1.6531935405749334 1.6531935405749334 2.2300191551259863 2.2300191551259863
d 0 0 -2.2300366056455188 1.6531939712223325 1.6531939712223325 2.2300366056455267 2.2300366056455267
d 0 0 -2.2300715066845949 1.6531943585850113 1.6531943585850113 2.2300715066846077 2.2300715066846077
d 0 0 -2.2300784868923067 1.6531943181095985 1.6531943181095985 2.2300784868924239 2.2300784868924239
d 0 0 -2.2300924473079857 1.6531939985684059 1.6531939985684059 2.2300924473080563 2.2300924473080563
d 0 0 -2.230120368139354 1.6531903531473366 1.6531903531473366 2.2301203681393211 2.2301203681393211
d 0 0 -2.2301259523054422 1.6531884360667315 1.6531884360667315 2.2301259523055741 2.2301259523055741
d 0 0 -2.2301371206380289 1.6531779392731605 1.6531779392731605 2.23013712063808 2.23013712063808
d 0 0 -2.2301393543046606 1.6531733864814493 1.6531733864814493 2.2301393543045811 2.2301393543045811
d 0 0 -2.2301438216376335 1.6531543740416201 1.6531543740416201 2.2301438216375833 2.2301438216375833
d 0 0 -2.2301447151040734 1.6531476641288758 1.6531476641288758 2.2301447151041836 2.2301447151041836
d 0 0 -2.2301465020374671 1.653127091144728 1.653127091144728 2.2301465020373841 2.2301465020373841
d 0 0 -2.2301500759038024 1.6529700322862331 1.6529700322862331 2.2301500759037851 2.2301500759037851
d 0 0 -2.2301507906771079 1.6525417283564827 1.6525417283564827 2.2301507906770652 2.2301507906770652
d 0 0 -2.2301522202236823 1.651897040737984 1.651897040737984 2.2301522202236255 2.2301522202236255
d 0 0 -2.2301550793168388 1.6494102018154242 1.6494102018154242 2.2301550793167459 2.2301550793167459
d 0 0 -2.2301556511352678 1.6487936630551532 1.6487936630551532 2.23015565113537 2.23015565113537
d 0 0 -2.230156794772626 1.6476893977718423 1.6476893977718423 2.230156794772618 2.230156794772618
d 0 0 -2.2301590820468968 1.645900609572345 1.645900609572345 2.230159082047114 2.230159082047114
d 0 0 -2.2301595395019951 1.6455506881900999 1.6455506881900999 2.2301595395020133 2.2301595395020133
d 0 0 -2.2301604544118181 1.644804951166549 1.644804951166549 2.2301604544118119 2.2301604544118119
d 0 0 -2.2301622842315236 1.6434094645946977 1.6434094645946977 2.2301622842314091 2.2301622842314091
d 0 0 -2.2301659438700594 1.6422101348237761 1.6422101348237761 2.2301659438706034 2.2301659438706034
d 0 0 -2.2301666757985252 1.6421413311150843 1.6421413311150843 2.2301666757984422 2.2301666757984422
d 0 0 -2.2301681396540975 1.6420522447296477 1.6420522447296477 2.2301681396541198 2.2301681396541198
d 0 0 -2.2301710673654558 1.6419962320943102 1.6419962320943102 2.2301710673654749 2.2301710673654749
d 0 0 -2.2301769227881763 1.6419846123889223 1.6419846123889223 2.2301769227881851 2.2301769227881851
d 0 0 -2.2301886336337189 1.6419859079600956 1.6419859079600956 2.2301886336336056 2.2301886336336056
d 0 0 -2.2302120553244751 1.6419869998129717 1.6419869998129717 2.2302120553244467 2.2302120553244467
d 0 0 -2.2302588987059826 1.6419894768420968 1.6419894768420968 2.2302588987061287 2.2302588987061287
d 0 0 -2.2303525854693862 1.6419943798545176 1.6419943798545176 2.2303525854694928 2.2303525854694928
d 0 0 -2.2305399589948207 1.6420041919463886 1.6420041919463886 2.2305399589962209 2.2305399589962209
d 0 0 -2.2309147060482268 1.6420238153519648 1.6420238153519648 2.2309147060496772 2.2309147060496772
d 0 0 -2.2316642001555405 1.6420630607779452 1.6420630607779452 2.2316642001565898 2.2316642001565898
d 0 0 -2.2331631883710887 1.6421415459984621 1.6421415459984621 2.2331631883704151 2.2331631883704151
d 0 0 -2.2361611647980157 1.6422985082039276 1.6422985082039276 2.2361611647980655 2.2361611647980655
d 0 0 -2.2421571176533877 1.642612355426986 1.642612355426986 2.2421571176533663 2.2421571176533663
d 0 0 -2.2499999999999232 1.6430227327882814 1.6430227327882814 2.25 2.25
d 0 0 -2.2600000000000273 1.6435457366270418 1.6435457366270418 2.2599999999999998 2.2599999999999998
d 0 0 -2.2799999999999154 1.6445908817143089 1.6445908817143089 2.2799999999999994 2.2799999999999994
d 0 0 -2.3199999999999443 1.6466774110959834 1.6466774110959834 2.3199999999999985 2.3199999999999985
d 0 0 -2.3999999999998898 1.6508329593501763 1.6508329593501763 2.3999999999999968 2.3999999999999968
d 0 0 -2.56000000000004 1.6590562824093085 1.6590562824093085 2.5599999999999934 2.5599999999999934
d 0 0 -2.8799999999999519 1.6750526908673207 1.6750526908673207 2.8799999999999866 2.8799999999999866
d 0 0 -3.519999999999964 1.704861671298985 1.704861671298985 3.5199999999999729 3.5199999999999729
d 0 0 -4.7600000000000575 1.753869938258791 1.753869938258791 4.7599999999999865 4.7599999999999865
d 0 0 -6.0000000000001528 1.7945209419193384 1.7945209419193384 6 6
d 0 0 -6.1000000000000538 1.7975466809850071 1.7975466809850071 6.0999999999999996 6.0999999999999996
d 0 0 -6.300000000000149 1.8035063211049762 1.8035063211049762 6.2999999999999989 6.2999999999999989
d 0 0 -6.7000000000001387 1.8150872724939657 1.8150872724939657 6.6999999999999975 6.6999999999999975
d 0 0 -7.4999999999999707 1.8370671960551526 1.8370671960551526 7.4999999999999947 7.4999999999999947
d 0 0 -8.9999999999999449 1.8747412055300781 1.8747412055300781 9 9
d 0 0 -9.0999999999999233 1.8771087093976067 1.8771087093976067 9.0999999999999996 9.0999999999999996
d 0 0 -9.299999999999903 1.8817943742377086 1.8817943742377086 9.2999999999999989 9.2999999999999989
d 0 0 -9.7000000000000579 1.8909749347809721 1.8909749347809721 9.6999999999999975 9.6999999999999975
d 0 0 -10.500000000000162 1.9086229874651184 1.9086229874651184 10.499999999999995 10.499999999999995
d 0 0 -12.000000000000131 1.9394575566693577 1.9394575566693577 12 12
d 0 0 -12.100000000000096 1.9414195831669312 1.9414195831669312 12.1 12.1
d 0 0 -12.3000000000002 1.9453112358099403 1.9453112358099403 12.299999999999999 12.299999999999999
d 0 0 -12.699999999999868 1.9529687453122737 1.9529687453122737 12.699999999999998 12.699999999999998
d 0 0 -13.500000000000044 1.9678092198262733 1.9678092198262733 13.499999999999995 13.499999999999995
d 0 0 -14.999999999999979 1.9941035926453443 1.9941035926453443 15 15
d 0 0 -15.099999999999813 1.9957917289738518 1.9957917289738518 15.1 15.1
d 0 0 -15.299999999999788 1.9991452235789391 1.9991452235789391 15.299999999999999 15.299999999999999
d 0 0 -15.699999999999845 2.0057632733433919 2.0057632733433919 15.699999999999998 15.699999999999998
d 0 0 -16.500000000000018 2.0186601911311919 2.0186601911311919 16.499999999999993 16.499999999999993
d 0 0 -17.999999999999851 2.0417271116164462 2.0417271116164462 18 18
d 0 0 -18.099999999999923 2.0432170891029724 2.0432170891029724 18.100000000000001 18.100000000000001
d 0 0 -18.29999999999999 2.046180100836092 2.046180100836092 18.300000000000004 18.300000000000004
d 0 0 -18.70000000000018 2.0520397615219692 2.0520397615219692 18.70000000000001 18.70000000000001
d 0 0 -19.499999999999936 2.0635043031090841 2.0635043031090841 19.500000000000021 19.500000000000021
d 0 0 -21.000000000000039 2.0841515918781832 2.0841515918781832 21 21
d 0 0 -21.100000000000158 2.0854912133303922 2.0854912133303922 21.100000000000001 21.100000000000001
d 0 0 -21.300000000000004 2.0881572799780748 2.0881572799780748 21.300000000000004 21.300000000000004
d 0 0 -21.700000000000081 2.0934376346928567 2.0934376346928567 21.70000000000001 21.70000000000001
d 0 0 -22.499999999999819 2.1037983132848646 2.1037983132848646 22.500000000000021 22.500000000000021
d 0 0 -23.999999999999986 2.1225513935615421 2.1225513935615421 24 24
d 0 0 -24.100000000000072 2.1237721216107817 2.1237721216107817 24.100000000000001 24.100000000000001
d 0 0 -24.299999999999986 2.1262029802175402 2.1262029802175402 24.300000000000004 24.300000000000004
d 0 0 -24.700000000000234 2.131022980178146 2.131022980178146 24.70000000000001 24.70000000000001
d 0 0 -25.500000000015564 2.1405012947132973 2.1405012947132973 25.500000000000021 25.500000000000021
d 0 0 -27.100000000000115 2.1588497952697541 2.1588497952697541 27.100000000000044 27.100000000000044
d 0 0 -30.000000000000274 2.1902565833172045 2.1902565833172045 30 30
Q 3 13 "Voltage #02"
Q 4 13 "Voltage #03"
Q 21 13 "Current #02"
Q 22 13 "Current #03"
Q 61 13 "Transient time"
Q 92 21 Contact
Q 602 13 "Int. Voltage #02"
Q 603 13 "Int. Voltage #03"
EOF 1358767715
