v ATLAS
# This file was created by ATLAS version 5.26.1.R on Tue Apr 17 23:57:00 2018.
#SSF 2.0 generic
##############################################################################
#                    Copyright (c) 1984 - 2018                               #
#                    Silvaco Inc. All rights reserved                        #
#                                                                            #
# This file format and the following Key are copyright Silvaco Inc.          #
# You may not use, this format or key without reproducing this message in    #
# full and obtaining express written permission from Silvaco Inc.            #
#                                                                            #
# To obtain such permission please contact: Silvaco Inc.                     #
#                                           support@silvaco.com              #
#                                                                            #
# KEY=SVC86hn7562asdx                       PROD=345                         #
##############################################################################
y 1 15
z 300
f 3 "collector" "emitter" "base" 
p 9 2 601 20 3 602 21 4 603 22 
d 0.000000000e+00 0.000000000e+00 4.866565636e-16 0.000000000e+00 0.000000000e+00 1.865586449e-15 0.000000000e+00 0.000000000e+00 -5.323400675e-37 
d 0.000000000e+00 0.000000000e+00 4.866565636e-16 1.000000000e-02 1.000000000e-02 6.130234907e-05 0.000000000e+00 0.000000000e+00 -6.130234907e-05 
d 0.000000000e+00 0.000000000e+00 4.866565636e-16 2.000000000e-02 2.000000000e-02 9.812775020e-05 0.000000000e+00 0.000000000e+00 -9.812775020e-05 
d 0.000000000e+00 0.000000000e+00 4.866565636e-16 3.000000000e-02 3.000000000e-02 1.182148533e-04 0.000000000e+00 0.000000000e+00 -1.182148533e-04 
d 0.000000000e+00 0.000000000e+00 4.866565636e-16 4.000000000e-02 4.000000000e-02 1.269770827e-04 0.000000000e+00 0.000000000e+00 -1.269770827e-04 
d 0.000000000e+00 0.000000000e+00 4.866565636e-16 5.000000000e-02 5.000000000e-02 1.280197950e-04 0.000000000e+00 0.000000000e+00 -1.280197950e-04 
d 0.000000000e+00 0.000000000e+00 4.866565636e-16 6.000000000e-02 6.000000000e-02 1.234091097e-04 0.000000000e+00 0.000000000e+00 -1.234091097e-04 
d 0.000000000e+00 0.000000000e+00 4.866565636e-16 7.000000000e-02 7.000000000e-02 1.161096375e-04 0.000000000e+00 0.000000000e+00 -1.161096375e-04 
d 0.000000000e+00 0.000000000e+00 4.866565636e-16 8.000000000e-02 8.000000000e-02 1.068361571e-04 0.000000000e+00 0.000000000e+00 -1.068361571e-04 
d 0.000000000e+00 0.000000000e+00 4.866565636e-16 9.000000000e-02 9.000000000e-02 9.701627487e-05 0.000000000e+00 0.000000000e+00 -9.701627487e-05 
d 0.000000000e+00 0.000000000e+00 4.866565636e-16 1.000000000e-01 1.000000000e-01 8.690323393e-05 0.000000000e+00 0.000000000e+00 -8.690323393e-05 
