v ATLAS
# This file was created by ATLAS version 5.26.1.R on Wed Apr 18 02:52:18 2018.
#SSF 2.0 generic
##############################################################################
#                    Copyright (c) 1984 - 2018                               #
#                    Silvaco Inc. All rights reserved                        #
#                                                                            #
# This file format and the following Key are copyright Silvaco Inc.          #
# You may not use, this format or key without reproducing this message in    #
# full and obtaining express written permission from Silvaco Inc.            #
#                                                                            #
# To obtain such permission please contact: Silvaco Inc.                     #
#                                           support@silvaco.com              #
#                                                                            #
# KEY=SVC86hn7562asdx                       PROD=345                         #
##############################################################################
y 1 15
z 300
f 2 "emitter" "collector" 
p 17 91 4000 4010 4020 85 86 87 308 354 355 356 2 601 20 3 602 21 
d 0.000000000e+00 0.000000000e+00 0.000000000e+00 0.000000000e+00 0.000000000e+00 0.000000000e+00 0.000000000e+00 -9.999000000e+11 0.000000000e+00 0.000000000e+00 0.000000000e+00 0.000000000e+00 0.000000000e+00 -1.492697924e-05 5.000000000e-02 5.000000000e-02 1.492697924e-05 
d 0.000000000e+00 0.000000000e+00 0.000000000e+00 0.000000000e+00 0.000000000e+00 0.000000000e+00 0.000000000e+00 1.200000000e+02 5.599475405e-01 3.459080721e-04 4.397065514e-01 0.000000000e+00 0.000000000e+00 -2.997698341e-05 1.000000000e-01 1.000000000e-01 2.997698341e-05 
d 0.000000000e+00 0.000000000e+00 0.000000000e+00 0.000000000e+00 0.000000000e+00 0.000000000e+00 0.000000000e+00 1.200000000e+02 5.599146290e-01 4.051507344e-04 4.396802203e-01 0.000000000e+00 0.000000000e+00 -4.529975843e-05 1.500000000e-01 1.500000000e-01 4.529975843e-05 
d 0.000000000e+00 0.000000000e+00 0.000000000e+00 0.000000000e+00 0.000000000e+00 0.000000000e+00 0.000000000e+00 1.200000000e+02 5.598896796e-01 4.501499298e-04 4.396601705e-01 0.000000000e+00 0.000000000e+00 -6.101755505e-05 2.000000000e-01 2.000000000e-01 6.101755505e-05 
d 0.000000000e+00 0.000000000e+00 0.000000000e+00 0.000000000e+00 0.000000000e+00 0.000000000e+00 0.000000000e+00 1.200000000e+02 5.598419307e-01 5.349287743e-04 4.396231405e-01 0.000000000e+00 0.000000000e+00 -7.723358424e-05 2.500000000e-01 2.500000000e-01 7.723358424e-05 
d 0.000000000e+00 0.000000000e+00 0.000000000e+00 0.000000000e+00 0.000000000e+00 0.000000000e+00 0.000000000e+00 1.200000000e+02 5.599541831e-01 3.362245084e-04 4.397095924e-01 0.000000000e+00 0.000000000e+00 -9.402011581e-05 3.000000000e-01 3.000000000e-01 9.402011581e-05 
d 0.000000000e+00 0.000000000e+00 0.000000000e+00 0.000000000e+00 0.000000000e+00 0.000000000e+00 0.000000000e+00 1.200000000e+02 5.600585253e-01 1.497615424e-04 4.397917131e-01 0.000000000e+00 0.000000000e+00 -1.114194214e-04 3.500000000e-01 3.500000000e-01 1.114194214e-04 
d 0.000000000e+00 0.000000000e+00 0.000000000e+00 0.000000000e+00 0.000000000e+00 0.000000000e+00 0.000000000e+00 1.200000000e+02 5.598764637e-01 4.734788553e-04 4.396500575e-01 0.000000000e+00 0.000000000e+00 -1.294536553e-04 4.000000000e-01 4.000000000e-01 1.294536553e-04 
d 0.000000000e+00 0.000000000e+00 0.000000000e+00 0.000000000e+00 0.000000000e+00 0.000000000e+00 0.000000000e+00 1.200000000e+02 5.601001913e-01 7.444309730e-05 4.398253656e-01 0.000000000e+00 0.000000000e+00 -1.481361040e-04 4.500000000e-01 4.500000000e-01 1.481361040e-04 
d 0.000000000e+00 0.000000000e+00 0.000000000e+00 0.000000000e+00 0.000000000e+00 0.000000000e+00 0.000000000e+00 1.200000000e+02 5.600739308e-01 1.205049450e-04 4.398055643e-01 0.000000000e+00 0.000000000e+00 -1.674754881e-04 5.000000000e-01 5.000000000e-01 1.674754881e-04 
d 0.000000000e+00 0.000000000e+00 0.000000000e+00 0.000000000e+00 0.000000000e+00 0.000000000e+00 0.000000000e+00 1.200000000e+02 5.600808423e-01 1.063102079e-04 4.398128475e-01 0.000000000e+00 0.000000000e+00 -1.874773250e-04 5.500000000e-01 5.500000000e-01 1.874773250e-04 
d 0.000000000e+00 0.000000000e+00 0.000000000e+00 0.000000000e+00 0.000000000e+00 0.000000000e+00 0.000000000e+00 1.200000000e+02 5.600353264e-01 1.872774425e-04 4.397773961e-01 0.000000000e+00 0.000000000e+00 -2.081456306e-04 6.000000000e-01 6.000000000e-01 2.081456306e-04 
d 0.000000000e+00 0.000000000e+00 0.000000000e+00 0.000000000e+00 0.000000000e+00 0.000000000e+00 0.000000000e+00 1.200000000e+02 5.599787793e-01 2.876914280e-04 4.397335293e-01 0.000000000e+00 0.000000000e+00 -2.294844962e-04 6.500000000e-01 6.500000000e-01 2.294844962e-04 
d 0.000000000e+00 0.000000000e+00 0.000000000e+00 0.000000000e+00 0.000000000e+00 0.000000000e+00 0.000000000e+00 1.200000000e+02 5.598639344e-01 4.926437501e-04 4.396434219e-01 0.000000000e+00 0.000000000e+00 -2.514988103e-04 7.000000000e-01 7.000000000e-01 2.514988103e-04 
d 0.000000000e+00 0.000000000e+00 0.000000000e+00 0.000000000e+00 0.000000000e+00 0.000000000e+00 0.000000000e+00 1.200000000e+02 5.597411788e-01 7.141327361e-04 4.395446885e-01 0.000000000e+00 0.000000000e+00 -2.741944610e-04 7.500000000e-01 7.500000000e-01 2.741944610e-04 
d 0.000000000e+00 0.000000000e+00 0.000000000e+00 0.000000000e+00 0.000000000e+00 0.000000000e+00 0.000000000e+00 1.200000000e+02 5.600243441e-01 2.113167690e-04 4.397643391e-01 0.000000000e+00 0.000000000e+00 -2.975784695e-04 8.000000000e-01 8.000000000e-01 2.975784695e-04 
d 0.000000000e+00 0.000000000e+00 0.000000000e+00 0.000000000e+00 0.000000000e+00 0.000000000e+00 0.000000000e+00 1.200000000e+02 5.600051610e-01 2.436643025e-04 4.397511747e-01 0.000000000e+00 0.000000000e+00 -3.216591083e-04 8.500000000e-01 8.500000000e-01 3.216591083e-04 
d 0.000000000e+00 0.000000000e+00 0.000000000e+00 0.000000000e+00 0.000000000e+00 0.000000000e+00 0.000000000e+00 1.200000000e+02 5.599111423e-01 4.095108154e-04 4.396793469e-01 0.000000000e+00 0.000000000e+00 -3.464459116e-04 9.000000000e-01 9.000000000e-01 3.464459116e-04 
d 0.000000000e+00 0.000000000e+00 0.000000000e+00 0.000000000e+00 0.000000000e+00 0.000000000e+00 0.000000000e+00 1.200000000e+02 5.596730715e-01 8.331112369e-04 4.394938172e-01 0.000000000e+00 0.000000000e+00 -3.719495749e-04 9.500000000e-01 9.500000000e-01 3.719495749e-04 
d 0.000000000e+00 0.000000000e+00 0.000000000e+00 0.000000000e+00 0.000000000e+00 0.000000000e+00 0.000000000e+00 1.200000000e+02 5.600864802e-01 9.697600047e-05 4.398165438e-01 0.000000000e+00 0.000000000e+00 -3.981818135e-04 1.000000000e+00 1.000000000e+00 3.981818135e-04 
