v ATLAS
# This file was created by ATLAS version 5.26.1.R on Wed Apr 18 02:59:25 2018.
#SSF 2.0 generic
##############################################################################
#                    Copyright (c) 1984 - 2018                               #
#                    Silvaco Inc. All rights reserved                        #
#                                                                            #
# This file format and the following Key are copyright Silvaco Inc.          #
# You may not use, this format or key without reproducing this message in    #
# full and obtaining express written permission from Silvaco Inc.            #
#                                                                            #
# To obtain such permission please contact: Silvaco Inc.                     #
#                                           support@silvaco.com              #
#                                                                            #
# KEY=SVC86hn7562asdx                       PROD=345                         #
##############################################################################
y 1 15
z 300
f 2 "emitter" "collector" 
p 17 91 4000 4010 4020 85 86 87 308 354 355 356 2 601 20 3 602 21 
d 1.000000000e+03 2.000000000e+00 2.793963587e-06 6.688111411e-13 6.688111411e-13 2.793963587e-06 2.000000000e+00 1.200000000e+02 6.648644763e-01 2.393771860e-07 3.351352844e-01 0.000000000e+00 0.000000000e+00 -4.533234068e-05 1.500000000e-01 1.500000000e-01 4.533234068e-05 
d 1.000000000e+03 2.100000000e+00 2.933661766e-06 7.228646158e-13 7.228646158e-13 2.933661766e-06 2.100000000e+00 1.200000000e+02 6.438224347e-01 2.464035302e-07 3.561773189e-01 0.000000000e+00 0.000000000e+00 -4.533317931e-05 1.500000000e-01 1.500000000e-01 4.533317927e-05 
d 1.000000000e+03 2.200000000e+00 3.073359946e-06 8.224527327e-13 8.224527327e-13 3.073359946e-06 2.200000000e+00 1.200000000e+02 6.020562731e-01 2.676070318e-07 3.979434593e-01 0.000000000e+00 0.000000000e+00 -4.533311808e-05 1.500000000e-01 1.500000000e-01 4.533311807e-05 
d 1.000000000e+03 2.300000000e+00 3.213058125e-06 9.583930628e-13 9.583930628e-13 3.213058125e-06 2.300000000e+00 1.200000000e+02 5.396117962e-01 2.982806490e-07 4.603879055e-01 0.000000000e+00 0.000000000e+00 -4.533306431e-05 1.500000000e-01 1.500000000e-01 4.533306429e-05 
d 1.000000000e+03 2.400000000e+00 3.352756304e-06 1.133613396e-12 1.133613396e-12 3.352756304e-06 2.400000000e+00 1.200000000e+02 4.561538582e-01 3.381138659e-07 5.438458037e-01 0.000000000e+00 0.000000000e+00 -4.533303890e-05 1.500000000e-01 1.500000000e-01 4.533303888e-05 
d 1.000000000e+03 2.500000000e+00 3.492454484e-06 1.347534371e-12 1.347534371e-12 3.492454484e-06 2.500000000e+00 1.200000000e+02 3.536583464e-01 3.858416416e-07 6.463412677e-01 0.000000000e+00 0.000000000e+00 -4.533302963e-05 1.500000000e-01 1.500000000e-01 4.533302961e-05 
d 1.000000000e+03 2.600000000e+00 3.632152663e-06 1.590730258e-12 1.590730258e-12 3.632152663e-06 2.600000000e+00 1.200000000e+02 2.397236221e-01 4.379579840e-07 7.602759399e-01 0.000000000e+00 0.000000000e+00 -4.533302690e-05 1.500000000e-01 1.500000000e-01 4.533302687e-05 
d 1.000000000e+03 2.700000000e+00 3.771850842e-06 1.840592988e-12 1.840592988e-12 3.771850842e-06 2.700000000e+00 1.200000000e+02 1.298984674e-01 4.879813824e-07 8.701010446e-01 0.000000000e+00 0.000000000e+00 -4.533302632e-05 1.500000000e-01 1.500000000e-01 4.533302627e-05 
d 1.000000000e+03 2.800000000e+00 3.911549022e-06 2.064161332e-12 2.064161332e-12 3.911549022e-06 2.800000000e+00 1.200000000e+02 4.525336820e-02 5.277094369e-07 9.547461041e-01 0.000000000e+00 0.000000000e+00 -4.533302617e-05 1.500000000e-01 1.500000000e-01 4.533302615e-05 
d 1.000000000e+03 2.900000000e+00 4.051247201e-06 2.232034933e-12 2.232034933e-12 4.051247201e-06 2.900000000e+00 1.200000000e+02 3.319126370e-03 5.509500709e-07 9.966803227e-01 0.000000000e+00 0.000000000e+00 -4.533302624e-05 1.500000000e-01 1.500000000e-01 4.533302622e-05 
d 1.000000000e+03 3.000000000e+00 4.190945380e-06 2.334658410e-12 2.334658410e-12 4.190945380e-06 3.000000000e+00 1.200000000e+02 8.455064363e-03 5.570720204e-07 9.915443786e-01 0.000000000e+00 0.000000000e+00 -4.533302628e-05 1.500000000e-01 1.500000000e-01 4.533302626e-05 
d 1.000000000e+03 3.100000000e+00 4.330643560e-06 2.385500277e-12 2.385500277e-12 4.330643560e-06 3.100000000e+00 1.200000000e+02 5.099358158e-02 5.508419809e-07 9.490058676e-01 0.000000000e+00 0.000000000e+00 -4.533302632e-05 1.500000000e-01 1.500000000e-01 4.533302629e-05 
d 1.000000000e+03 3.200000000e+00 4.470341739e-06 2.409748427e-12 2.409748427e-12 4.470341739e-06 3.200000000e+00 1.200000000e+02 1.150162560e-01 5.390523963e-07 8.849832050e-01 0.000000000e+00 0.000000000e+00 -4.533302634e-05 1.500000000e-01 1.500000000e-01 4.533302631e-05 
d 1.000000000e+03 3.300000000e+00 4.610039918e-06 2.431377464e-12 2.431377464e-12 4.610039918e-06 3.300000000e+00 1.200000000e+02 1.863597031e-01 5.274091998e-07 8.136397695e-01 0.000000000e+00 0.000000000e+00 -4.533302637e-05 1.500000000e-01 1.500000000e-01 4.533302633e-05 
d 1.000000000e+03 3.400000000e+00 4.749738098e-06 2.467233758e-12 2.467233758e-12 4.749738098e-06 3.400000000e+00 1.200000000e+02 2.558768556e-01 5.194462742e-07 7.441226250e-01 0.000000000e+00 0.000000000e+00 -4.533302639e-05 1.500000000e-01 1.500000000e-01 4.533302635e-05 
d 1.000000000e+03 3.500000000e+00 4.889436277e-06 2.527146623e-12 2.527146623e-12 4.889436277e-06 3.500000000e+00 1.200000000e+02 3.190083663e-01 5.168584842e-07 6.809911168e-01 0.000000000e+00 0.000000000e+00 -4.533302641e-05 1.500000000e-01 1.500000000e-01 4.533302637e-05 
d 1.000000000e+03 3.600000000e+00 5.029134457e-06 2.616213135e-12 2.616213135e-12 5.029134457e-06 3.600000000e+00 1.200000000e+02 3.741847781e-01 5.202114117e-07 6.258147017e-01 0.000000000e+00 0.000000000e+00 -4.533302643e-05 1.500000000e-01 1.500000000e-01 4.533302638e-05 
d 1.000000000e+03 3.700000000e+00 5.168832636e-06 2.736975425e-12 2.736975425e-12 5.168832636e-06 3.700000000e+00 1.200000000e+02 4.214274872e-01 5.295151958e-07 5.785719833e-01 0.000000000e+00 0.000000000e+00 -4.533302645e-05 1.500000000e-01 1.500000000e-01 4.533302640e-05 
d 1.000000000e+03 3.800000000e+00 5.308530815e-06 2.890876812e-12 2.890876812e-12 5.308530815e-06 3.800000000e+00 1.200000000e+02 4.614600503e-01 5.445719188e-07 5.385394051e-01 0.000000000e+00 0.000000000e+00 -4.533302647e-05 1.500000000e-01 1.500000000e-01 4.533302642e-05 
d 1.000000000e+03 3.900000000e+00 5.448228995e-06 3.079090107e-12 3.079090107e-12 5.448228995e-06 3.900000000e+00 1.200000000e+02 4.952301146e-01 5.651543117e-07 5.047693203e-01 0.000000000e+00 0.000000000e+00 -4.533302649e-05 1.500000000e-01 1.500000000e-01 4.533302644e-05 
d 1.000000000e+03 4.000000000e+00 5.587927174e-06 3.302946052e-12 3.302946052e-12 5.587927174e-06 4.000000000e+00 1.200000000e+02 5.236825684e-01 5.910860950e-07 4.763168405e-01 0.000000000e+00 0.000000000e+00 -4.533302651e-05 1.500000000e-01 1.500000000e-01 4.533302645e-05 
d 1.000000000e+03 4.100000000e+00 5.727625353e-06 3.564141624e-12 3.564141624e-12 5.727625353e-06 4.100000000e+00 1.200000000e+02 5.476670888e-01 6.222721292e-07 4.523322890e-01 0.000000000e+00 0.000000000e+00 -4.533302653e-05 1.500000000e-01 1.500000000e-01 4.533302648e-05 
d 1.000000000e+03 4.200000000e+00 5.867323533e-06 3.864838392e-12 3.864838392e-12 5.867323533e-06 4.200000000e+00 1.200000000e+02 5.679113068e-01 6.587055188e-07 4.320880345e-01 0.000000000e+00 0.000000000e+00 -4.533302656e-05 1.500000000e-01 1.500000000e-01 4.533302650e-05 
d 1.000000000e+03 4.300000000e+00 6.007021712e-06 4.207711778e-12 4.207711778e-12 6.007021712e-06 4.300000000e+00 1.200000000e+02 5.850231872e-01 7.004655517e-07 4.149761124e-01 0.000000000e+00 0.000000000e+00 -4.533302659e-05 1.500000000e-01 1.500000000e-01 4.533302652e-05 
d 1.000000000e+03 4.400000000e+00 6.146719891e-06 4.595982594e-12 4.595982594e-12 6.146719891e-06 4.400000000e+00 1.200000000e+02 5.995046278e-01 7.477130364e-07 4.004946245e-01 0.000000000e+00 0.000000000e+00 -4.533302662e-05 1.500000000e-01 1.500000000e-01 4.533302655e-05 
d 1.000000000e+03 4.500000000e+00 6.286418071e-06 5.033446746e-12 5.033446746e-12 6.286418071e-06 4.500000000e+00 1.200000000e+02 6.117679183e-01 8.006859692e-07 3.882312811e-01 0.000000000e+00 0.000000000e+00 -4.533302666e-05 1.500000000e-01 1.500000000e-01 4.533302658e-05 
d 1.000000000e+03 4.600000000e+00 6.426116250e-06 5.524510848e-12 5.524510848e-12 6.426116250e-06 4.600000000e+00 1.200000000e+02 6.221514832e-01 8.596966867e-07 3.778476572e-01 0.000000000e+00 0.000000000e+00 -4.533302670e-05 1.500000000e-01 1.500000000e-01 4.533302661e-05 
d 1.000000000e+03 4.700000000e+00 6.565814429e-06 6.074237896e-12 6.074237896e-12 6.565814429e-06 4.700000000e+00 1.200000000e+02 6.309336148e-01 9.251309128e-07 3.690654601e-01 0.000000000e+00 0.000000000e+00 -4.533302674e-05 1.500000000e-01 1.500000000e-01 4.533302665e-05 
d 1.000000000e+03 4.800000000e+00 6.705512609e-06 6.688405191e-12 6.688405191e-12 6.705512609e-06 4.800000000e+00 1.200000000e+02 6.383439261e-01 9.974487531e-07 3.616550764e-01 0.000000000e+00 0.000000000e+00 -4.533302679e-05 1.500000000e-01 1.500000000e-01 4.533302669e-05 
d 1.000000000e+03 4.900000000e+00 6.845210788e-06 7.373576465e-12 7.373576465e-12 6.845210788e-06 4.900000000e+00 1.200000000e+02 6.445726810e-01 1.077187642e-06 3.554262418e-01 0.000000000e+00 0.000000000e+00 -4.533302685e-05 1.500000000e-01 1.500000000e-01 4.533302674e-05 
d 1.000000000e+03 5.000000000e+00 6.984908967e-06 8.137189728e-12 8.137189728e-12 6.984908967e-06 5.000000000e+00 1.200000000e+02 6.497783035e-01 1.164967184e-06 3.502205316e-01 0.000000000e+00 0.000000000e+00 -4.533302690e-05 1.500000000e-01 1.500000000e-01 4.533302679e-05 
d 1.000000000e+03 5.100000000e+00 7.124607147e-06 8.987663098e-12 8.987663098e-12 7.124607147e-06 5.100000000e+00 1.200000000e+02 6.540933855e-01 1.261495955e-06 3.459053530e-01 0.000000000e+00 0.000000000e+00 -4.533302697e-05 1.500000000e-01 1.500000000e-01 4.533302684e-05 
d 1.000000000e+03 5.200000000e+00 7.264305326e-06 9.934520981e-12 9.934520981e-12 7.264305326e-06 5.200000000e+00 1.200000000e+02 6.576294857e-01 1.367580317e-06 3.423691467e-01 0.000000000e+00 0.000000000e+00 -4.533302704e-05 1.500000000e-01 1.500000000e-01 4.533302690e-05 
d 1.000000000e+03 5.300000000e+00 7.404003505e-06 1.098854394e-11 1.098854394e-11 7.404003505e-06 5.300000000e+00 1.200000000e+02 6.604809632e-01 1.484135432e-06 3.395175527e-01 0.000000000e+00 0.000000000e+00 -4.533302712e-05 1.500000000e-01 1.500000000e-01 4.533302697e-05 
d 1.000000000e+03 5.400000000e+00 7.543701685e-06 1.216194617e-11 1.216194617e-11 7.543701685e-06 5.400000000e+00 1.200000000e+02 6.627280486e-01 1.612198716e-06 3.372703392e-01 0.000000000e+00 0.000000000e+00 -4.533302721e-05 1.500000000e-01 1.500000000e-01 4.533302704e-05 
d 1.000000000e+03 5.500000000e+00 7.683399864e-06 1.346858562e-11 1.346858562e-11 7.683399864e-06 5.500000000e+00 1.200000000e+02 6.644393109e-01 1.752946073e-06 3.355589362e-01 0.000000000e+00 0.000000000e+00 -4.533302731e-05 1.500000000e-01 1.500000000e-01 4.533302712e-05 
d 1.000000000e+03 5.600000000e+00 7.823098044e-06 1.492421303e-11 1.492421303e-11 7.823098044e-06 5.600000000e+00 1.200000000e+02 6.656736469e-01 1.907711362e-06 3.343244454e-01 0.000000000e+00 0.000000000e+00 -4.533302741e-05 1.500000000e-01 1.500000000e-01 4.533302721e-05 
d 1.000000000e+03 5.700000000e+00 7.962796223e-06 1.654676767e-11 1.654676767e-11 7.962796223e-06 5.700000000e+00 1.200000000e+02 6.664818924e-01 2.078009684e-06 3.335160296e-01 0.000000000e+00 0.000000000e+00 -4.533302753e-05 1.500000000e-01 1.500000000e-01 4.533302731e-05 
d 1.000000000e+03 5.800000000e+00 8.102494402e-06 1.835672946e-11 1.835672946e-11 8.102494402e-06 5.800000000e+00 1.200000000e+02 6.669081326e-01 2.265565214e-06 3.330896018e-01 0.000000000e+00 0.000000000e+00 -4.533302766e-05 1.500000000e-01 1.500000000e-01 4.533302742e-05 
d 1.000000000e+03 5.900000000e+00 8.242192582e-06 2.037753974e-11 2.037753974e-11 8.242192582e-06 5.900000000e+00 1.200000000e+02 6.669907732e-01 2.472344529e-06 3.330067545e-01 0.000000000e+00 0.000000000e+00 -4.533302781e-05 1.500000000e-01 1.500000000e-01 4.533302754e-05 
d 1.000000000e+03 6.000000000e+00 8.381890761e-06 2.263610575e-11 2.263610575e-11 8.381890761e-06 6.000000000e+00 1.200000000e+02 6.667634193e-01 2.700596608e-06 3.332338801e-01 0.000000000e+00 0.000000000e+00 -4.533302797e-05 1.500000000e-01 1.500000000e-01 4.533302767e-05 
d 1.000000000e+03 6.100000000e+00 8.521588940e-06 2.516340840e-11 2.516340840e-11 8.521588940e-06 6.100000000e+00 1.200000000e+02 6.662556003e-01 2.952900988e-06 3.337414468e-01 0.000000000e+00 0.000000000e+00 -4.533302815e-05 1.500000000e-01 1.500000000e-01 4.533302782e-05 
d 1.000000000e+03 6.200000000e+00 8.661287120e-06 2.799523759e-11 2.799523759e-11 8.661287120e-06 6.200000000e+00 1.200000000e+02 6.654933705e-01 3.232226019e-06 3.345033973e-01 0.000000000e+00 0.000000000e+00 -4.533302835e-05 1.500000000e-01 1.500000000e-01 4.533302799e-05 
d 1.000000000e+03 6.300000000e+00 8.800985299e-06 3.117308645e-11 3.117308645e-11 8.800985299e-06 6.300000000e+00 1.200000000e+02 6.644998083e-01 3.541999605e-06 3.354966497e-01 0.000000000e+00 0.000000000e+00 -4.533302857e-05 1.500000000e-01 1.500000000e-01 4.533302818e-05 
d 1.000000000e+03 6.400000000e+00 8.940683478e-06 3.474524469e-11 3.474524469e-11 8.940683478e-06 6.400000000e+00 1.200000000e+02 6.632954336e-01 3.886195589e-06 3.367006802e-01 0.000000000e+00 0.000000000e+00 -4.533302882e-05 1.500000000e-01 1.500000000e-01 4.533302838e-05 
d 1.000000000e+03 6.500000000e+00 9.080381658e-06 3.876814311e-11 3.876814311e-11 9.080381658e-06 6.500000000e+00 1.200000000e+02 6.618985580e-01 4.269439829e-06 3.380971726e-01 0.000000000e+00 0.000000000e+00 -4.533302911e-05 1.500000000e-01 1.500000000e-01 4.533302862e-05 
d 1.000000000e+03 6.600000000e+00 9.220079837e-06 4.330801721e-11 4.330801721e-11 9.220079837e-06 6.600000000e+00 1.200000000e+02 6.603255796e-01 4.697141237e-06 3.396697233e-01 0.000000000e+00 0.000000000e+00 -4.533302942e-05 1.500000000e-01 1.500000000e-01 4.533302888e-05 
d 1.000000000e+03 6.700000000e+00 9.359778016e-06 4.844297937e-11 4.844297937e-11 9.359778016e-06 6.700000000e+00 1.200000000e+02 6.585912323e-01 5.175654731e-06 3.414035920e-01 0.000000000e+00 0.000000000e+00 -4.533302978e-05 1.500000000e-01 1.500000000e-01 4.533302917e-05 
d 1.000000000e+03 6.800000000e+00 9.499476196e-06 5.426561796e-11 5.426561796e-11 9.499476196e-06 6.800000000e+00 1.200000000e+02 6.567087976e-01 5.712485282e-06 3.432854900e-01 0.000000000e+00 0.000000000e+00 -4.533303018e-05 1.500000000e-01 1.500000000e-01 4.533302951e-05 
d 1.000000000e+03 6.900000000e+00 9.639174375e-06 6.088628249e-11 6.088628249e-11 9.639174375e-06 6.900000000e+00 1.200000000e+02 6.546902844e-01 6.316545393e-06 3.453033990e-01 0.000000000e+00 0.000000000e+00 -4.533303063e-05 1.500000000e-01 1.500000000e-01 4.533302988e-05 
d 1.000000000e+03 7.000000000e+00 9.778872554e-06 6.843726946e-11 6.843726946e-11 9.778872554e-06 7.000000000e+00 1.200000000e+02 6.525465838e-01 6.998482604e-06 3.474464178e-01 0.000000000e+00 0.000000000e+00 -4.533303115e-05 1.500000000e-01 1.500000000e-01 4.533303031e-05 
d 1.000000000e+03 7.100000000e+00 9.918570734e-06 7.707820277e-11 7.707820277e-11 9.918570734e-06 7.100000000e+00 1.200000000e+02 6.502876003e-01 7.771099772e-06 3.497046286e-01 0.000000000e+00 0.000000000e+00 -4.533303173e-05 1.500000000e-01 1.500000000e-01 4.533303080e-05 
d 1.000000000e+03 7.200000000e+00 1.005826891e-05 8.700301486e-11 8.700301486e-11 1.005826891e-05 7.200000000e+00 1.200000000e+02 6.479223662e-01 8.649899462e-06 3.520689839e-01 0.000000000e+00 0.000000000e+00 -4.533303240e-05 1.500000000e-01 1.500000000e-01 4.533303136e-05 
d 1.000000000e+03 7.300000000e+00 1.019796709e-05 9.844909678e-11 9.844909678e-11 1.019796709e-05 7.300000000e+00 1.200000000e+02 6.454591389e-01 9.653796280e-06 3.545312073e-01 0.000000000e+00 0.000000000e+00 -4.533303318e-05 1.500000000e-01 1.500000000e-01 4.533303199e-05 
d 1.000000000e+03 7.400000000e+00 1.033766527e-05 1.117094234e-10 1.117094234e-10 1.033766527e-05 7.400000000e+00 1.200000000e+02 6.429054859e-01 1.080605925e-05 3.570837081e-01 0.000000000e+00 0.000000000e+00 -4.533303407e-05 1.500000000e-01 1.500000000e-01 4.533303273e-05 
d 1.000000000e+03 7.500000000e+00 1.047736345e-05 1.271488119e-10 1.271488119e-10 1.047736345e-05 7.500000000e+00 1.200000000e+02 6.402683579e-01 1.213557328e-05 3.597195065e-01 0.000000000e+00 0.000000000e+00 -4.533303510e-05 1.500000000e-01 1.500000000e-01 4.533303359e-05 
d 1.000000000e+03 7.600000000e+00 1.061706163e-05 1.452260030e-10 1.452260030e-10 1.061706163e-05 7.600000000e+00 1.200000000e+02 6.375541525e-01 1.367854950e-05 3.624321690e-01 0.000000000e+00 0.000000000e+00 -4.533303631e-05 1.500000000e-01 1.500000000e-01 4.533303459e-05 
d 1.000000000e+03 7.700000000e+00 1.075675981e-05 1.665240701e-10 1.665240701e-10 1.075675981e-05 7.700000000e+00 1.200000000e+02 6.347687688e-01 1.548087649e-05 3.652157503e-01 0.000000000e+00 0.000000000e+00 -4.533303772e-05 1.500000000e-01 1.500000000e-01 4.533303576e-05 
d 1.000000000e+03 7.800000000e+00 1.089645799e-05 1.917929265e-10 1.917929265e-10 1.089645799e-05 7.800000000e+00 1.200000000e+02 6.319176554e-01 1.760140100e-05 3.680647432e-01 0.000000000e+00 0.000000000e+00 -4.533303939e-05 1.500000000e-01 1.500000000e-01 4.533303714e-05 
d 1.000000000e+03 7.900000000e+00 1.103615617e-05 2.220097148e-10 2.220097148e-10 1.103615617e-05 7.900000000e+00 1.200000000e+02 6.290058506e-01 2.011657967e-05 3.709740329e-01 0.000000000e+00 0.000000000e+00 -4.533304138e-05 1.500000000e-01 1.500000000e-01 4.533303879e-05 
d 1.000000000e+03 8.000000000e+00 1.117585435e-05 2.584660907e-10 2.584660907e-10 1.117585435e-05 8.000000000e+00 1.200000000e+02 6.260380168e-01 2.312718855e-05 3.739388561e-01 0.000000000e+00 0.000000000e+00 -4.533304378e-05 1.500000000e-01 1.500000000e-01 4.533304077e-05 
d 1.000000000e+03 8.100000000e+00 1.131555253e-05 3.028967056e-10 3.028967056e-10 1.131555253e-05 8.100000000e+00 1.200000000e+02 6.230184688e-01 2.676817636e-05 3.769547631e-01 0.000000000e+00 0.000000000e+00 -4.533304668e-05 1.500000000e-01 1.500000000e-01 4.533304318e-05 
d 1.000000000e+03 8.200000000e+00 1.145525071e-05 3.576719029e-10 3.576719029e-10 1.145525071e-05 8.200000000e+00 1.200000000e+02 6.199511949e-01 3.122340245e-05 3.800175817e-01 0.000000000e+00 0.000000000e+00 -4.533305024e-05 1.500000000e-01 1.500000000e-01 4.533304612e-05 
d 1.000000000e+03 8.300000000e+00 1.159494889e-05 4.260920165e-10 4.260920165e-10 1.159494889e-05 8.300000000e+00 1.200000000e+02 6.168398706e-01 3.674807200e-05 3.831233813e-01 0.000000000e+00 0.000000000e+00 -4.533305467e-05 1.500000000e-01 1.500000000e-01 4.533304979e-05 
d 1.000000000e+03 8.400000000e+00 1.173464707e-05 5.128437451e-10 5.128437451e-10 1.173464707e-05 8.400000000e+00 1.200000000e+02 6.136878623e-01 4.370338045e-05 3.862684343e-01 0.000000000e+00 0.000000000e+00 -4.533306025e-05 1.500000000e-01 1.500000000e-01 4.533305440e-05 
d 1.000000000e+03 8.500000000e+00 1.187434524e-05 6.247129493e-10 6.247129493e-10 1.187434524e-05 8.500000000e+00 1.200000000e+02 6.104982174e-01 5.261030705e-05 3.894491723e-01 0.000000000e+00 0.000000000e+00 -4.533306741e-05 1.500000000e-01 1.500000000e-01 4.533306032e-05 
d 1.000000000e+03 8.600000000e+00 1.201404342e-05 7.716833542e-10 7.716833542e-10 1.201404342e-05 8.600000000e+00 1.200000000e+02 6.072736363e-01 6.423177668e-05 3.926621319e-01 0.000000000e+00 0.000000000e+00 -4.533307674e-05 1.500000000e-01 1.500000000e-01 4.533306803e-05 
d 1.000000000e+03 8.700000000e+00 1.215374160e-05 9.685204108e-10 9.685204108e-10 1.215374160e-05 8.700000000e+00 1.200000000e+02 6.040164233e-01 7.968907374e-05 3.959038877e-01 0.000000000e+00 0.000000000e+00 -4.533308914e-05 1.500000000e-01 1.500000000e-01 4.533307829e-05 
d 1.000000000e+03 8.800000000e+00 1.229343978e-05 1.236556020e-09 1.236556020e-09 1.229343978e-05 8.800000000e+00 1.200000000e+02 6.007284317e-01 1.005866578e-04 3.991709817e-01 0.000000000e+00 0.000000000e+00 -4.533307605e-05 1.500000000e-01 1.500000000e-01 4.533306918e-05 
d 1.000000000e+03 8.900000000e+00 1.243313796e-05 1.603739404e-09 1.603739404e-09 1.243313796e-05 8.900000000e+00 1.200000000e+02 5.974110942e-01 1.289891103e-04 4.024599167e-01 0.000000000e+00 0.000000000e+00 -4.533304833e-05 1.500000000e-01 1.500000000e-01 4.533304611e-05 
d 1.000000000e+03 9.000000000e+00 1.257283614e-05 2.096748607e-09 2.096748607e-09 1.257283614e-05 9.000000000e+00 1.200000000e+02 5.940658133e-01 1.667681486e-04 4.057674185e-01 0.000000000e+00 0.000000000e+00 -4.533305505e-05 1.500000000e-01 1.500000000e-01 4.533305216e-05 
d 1.000000000e+03 9.100000000e+00 1.271253432e-05 2.718175380e-09 2.718175380e-09 1.271253432e-05 9.100000000e+00 1.200000000e+02 5.906949977e-01 2.138185283e-04 4.090911838e-01 0.000000000e+00 0.000000000e+00 -4.533309054e-05 1.500000000e-01 1.500000000e-01 4.533308297e-05 
d 1.000000000e+03 9.200000000e+00 1.285223250e-05 3.429553118e-09 3.429553118e-09 1.285223250e-05 9.200000000e+00 1.200000000e+02 5.873027783e-01 2.668449328e-04 4.124303767e-01 0.000000000e+00 0.000000000e+00 -4.533305426e-05 1.500000000e-01 1.500000000e-01 4.533305182e-05 
d 1.000000000e+03 9.300000000e+00 1.299193068e-05 4.173734914e-09 4.173734914e-09 1.299193068e-05 9.300000000e+00 1.200000000e+02 5.838939690e-01 3.212559409e-04 4.157847751e-01 0.000000000e+00 0.000000000e+00 -4.533308894e-05 1.500000000e-01 1.500000000e-01 4.533308288e-05 
d 1.000000000e+03 9.400000000e+00 1.313162886e-05 4.857374860e-09 4.857374860e-09 1.313162886e-05 9.400000000e+00 1.200000000e+02 5.804748090e-01 3.698988840e-04 4.191552921e-01 0.000000000e+00 0.000000000e+00 -4.533310087e-05 1.500000000e-01 1.500000000e-01 4.533309371e-05 
d 1.000000000e+03 9.500000000e+00 1.327132704e-05 5.306426454e-09 5.306426454e-09 1.327132704e-05 9.500000000e+00 1.200000000e+02 5.770546991e-01 3.998414355e-04 4.225454595e-01 0.000000000e+00 0.000000000e+00 -4.533310779e-05 1.500000000e-01 1.500000000e-01 4.533309996e-05 
d 1.000000000e+03 9.600000000e+00 1.341102522e-05 5.455618642e-09 5.455618642e-09 1.341102522e-05 9.600000000e+00 1.200000000e+02 5.736377281e-01 4.068010128e-04 4.259554708e-01 0.000000000e+00 0.000000000e+00 -4.533310825e-05 1.500000000e-01 1.500000000e-01 4.533310029e-05 
d 1.000000000e+03 9.700000000e+00 1.355072340e-05 5.506518556e-09 5.506518556e-09 1.355072340e-05 9.700000000e+00 1.200000000e+02 5.702163736e-01 4.063634386e-04 4.293772630e-01 0.000000000e+00 0.000000000e+00 -4.533310581e-05 1.500000000e-01 1.500000000e-01 4.533309796e-05 
d 1.000000000e+03 9.800000000e+00 1.369042158e-05 5.679324350e-09 5.679324350e-09 1.369042158e-05 9.800000000e+00 1.200000000e+02 5.667827959e-01 4.148392596e-04 4.328023648e-01 0.000000000e+00 0.000000000e+00 -4.533307015e-05 1.500000000e-01 1.500000000e-01 4.533306620e-05 
d 1.000000000e+03 9.900000000e+00 1.383011976e-05 5.988323674e-09 5.988323674e-09 1.383011976e-05 9.900000000e+00 1.200000000e+02 5.633380878e-01 4.329914549e-04 4.362289208e-01 0.000000000e+00 0.000000000e+00 -4.533307024e-05 1.500000000e-01 1.500000000e-01 4.533306617e-05 
d 1.000000000e+03 1.000000000e+01 1.396981793e-05 6.283342241e-09 6.283342241e-09 1.396981793e-05 1.000000000e+01 1.200000000e+02 5.598898862e-01 4.497798232e-04 4.396603340e-01 0.000000000e+00 0.000000000e+00 -4.533307036e-05 1.500000000e-01 1.500000000e-01 4.533306617e-05 
d 1.000000000e+03 1.010000000e+01 1.410951611e-05 6.435234528e-09 6.435234528e-09 1.410951611e-05 1.010000000e+01 1.200000000e+02 5.564445197e-01 4.560917948e-04 4.430993885e-01 0.000000000e+00 0.000000000e+00 -4.533307051e-05 1.500000000e-01 1.500000000e-01 4.533306624e-05 
d 1.000000000e+03 1.020000000e+01 1.424921429e-05 6.444348641e-09 6.444348641e-09 1.424921429e-05 1.020000000e+01 1.200000000e+02 5.530029601e-01 4.522599288e-04 4.465447800e-01 0.000000000e+00 0.000000000e+00 -4.533307102e-05 1.500000000e-01 1.500000000e-01 4.533306673e-05 
d 1.000000000e+03 1.030000000e+01 1.438891247e-05 6.335968661e-09 6.335968661e-09 1.438891247e-05 1.030000000e+01 1.200000000e+02 5.495652823e-01 4.403368686e-04 4.499943808e-01 0.000000000e+00 0.000000000e+00 -4.533307134e-05 1.500000000e-01 1.500000000e-01 4.533306708e-05 
d 1.000000000e+03 1.040000000e+01 1.452861065e-05 6.062891304e-09 6.062891304e-09 1.452861065e-05 1.040000000e+01 1.200000000e+02 5.461343184e-01 4.173070260e-04 4.534483746e-01 0.000000000e+00 0.000000000e+00 -4.533307000e-05 1.500000000e-01 1.500000000e-01 4.533306589e-05 
d 1.000000000e+03 1.050000000e+01 1.466830883e-05 5.598110069e-09 5.598110069e-09 1.466830883e-05 1.050000000e+01 1.200000000e+02 5.427119089e-01 3.816465915e-04 4.569064445e-01 0.000000000e+00 0.000000000e+00 -4.533309892e-05 1.500000000e-01 1.500000000e-01 4.533309135e-05 
d 1.000000000e+03 1.060000000e+01 1.480800701e-05 5.024498207e-09 5.024498207e-09 1.480800701e-05 1.060000000e+01 1.200000000e+02 5.392957063e-01 3.393095508e-04 4.603649841e-01 0.000000000e+00 0.000000000e+00 -4.533308999e-05 1.500000000e-01 1.500000000e-01 4.533308325e-05 
d 1.000000000e+03 1.070000000e+01 1.494770519e-05 4.468321233e-09 4.468321233e-09 1.494770519e-05 1.070000000e+01 1.200000000e+02 5.358819575e-01 2.989302489e-04 4.638191123e-01 0.000000000e+00 0.000000000e+00 -4.533308158e-05 1.500000000e-01 1.500000000e-01 4.533307565e-05 
d 1.000000000e+03 1.080000000e+01 1.508740337e-05 4.009326454e-09 4.009326454e-09 1.508740337e-05 1.080000000e+01 1.200000000e+02 5.324688260e-01 2.657399922e-04 4.672654340e-01 0.000000000e+00 0.000000000e+00 -4.533307482e-05 1.500000000e-01 1.500000000e-01 4.533306955e-05 
d 1.000000000e+03 1.090000000e+01 1.522710155e-05 3.658592835e-09 3.658592835e-09 1.522710155e-05 1.090000000e+01 1.200000000e+02 5.290569999e-01 2.402684991e-04 4.707027316e-01 0.000000000e+00 0.000000000e+00 -4.533310272e-05 1.500000000e-01 1.500000000e-01 4.533309319e-05 
d 1.000000000e+03 1.100000000e+01 1.536679973e-05 3.377218203e-09 3.377218203e-09 1.536679973e-05 1.100000000e+01 1.200000000e+02 5.256488443e-01 2.197736850e-04 4.741313821e-01 0.000000000e+00 0.000000000e+00 -4.533309633e-05 1.500000000e-01 1.500000000e-01 4.533308758e-05 
d 1.000000000e+03 1.110000000e+01 1.550649791e-05 3.109932986e-09 3.109932986e-09 1.550649791e-05 1.110000000e+01 1.200000000e+02 5.222471440e-01 2.005567604e-04 4.775522993e-01 0.000000000e+00 0.000000000e+00 -4.533309043e-05 1.500000000e-01 1.500000000e-01 4.533308237e-05 
d 1.000000000e+03 1.120000000e+01 1.564619609e-05 2.821573056e-09 2.821573056e-09 1.564619609e-05 1.120000000e+01 1.200000000e+02 5.188538679e-01 1.803360408e-04 4.809657960e-01 0.000000000e+00 0.000000000e+00 -4.533308451e-05 1.500000000e-01 1.500000000e-01 4.533307718e-05 
d 1.000000000e+03 1.130000000e+01 1.578589427e-05 2.513843525e-09 2.513843525e-09 1.578589427e-05 1.130000000e+01 1.200000000e+02 5.154696761e-01 1.592461905e-04 4.843710777e-01 0.000000000e+00 0.000000000e+00 -4.533307823e-05 1.500000000e-01 1.500000000e-01 4.533307169e-05 
d 1.000000000e+03 1.140000000e+01 1.592559245e-05 2.210864371e-09 2.210864371e-09 1.592559245e-05 1.140000000e+01 1.200000000e+02 5.120944733e-01 1.388246232e-04 4.877667021e-01 0.000000000e+00 0.000000000e+00 -4.533305204e-05 1.500000000e-01 1.500000000e-01 4.533305204e-05 
d 1.000000000e+03 1.150000000e+01 1.606529063e-05 1.935189018e-09 1.935189018e-09 1.606529063e-05 1.150000000e+01 1.200000000e+02 5.087282220e-01 1.204577659e-04 4.911513202e-01 0.000000000e+00 0.000000000e+00 -4.533304899e-05 1.500000000e-01 1.500000000e-01 4.533304899e-05 
d 1.000000000e+03 1.160000000e+01 1.620498880e-05 1.697291885e-09 1.697291885e-09 1.620498880e-05 1.160000000e+01 1.200000000e+02 5.053712673e-01 1.047388496e-04 4.945239939e-01 0.000000000e+00 0.000000000e+00 -4.533304624e-05 1.500000000e-01 1.500000000e-01 4.533304624e-05 
d 1.000000000e+03 1.170000000e+01 1.634468698e-05 1.497659416e-09 1.497659416e-09 1.634468698e-05 1.170000000e+01 1.200000000e+02 5.020242452e-01 9.162973982e-05 4.978841250e-01 0.000000000e+00 0.000000000e+00 -4.533304388e-05 1.500000000e-01 1.500000000e-01 4.533304388e-05 
d 1.000000000e+03 1.180000000e+01 1.648438516e-05 1.331922208e-09 1.331922208e-09 1.648438516e-05 1.180000000e+01 1.200000000e+02 4.986879063e-01 8.079902254e-05 5.012312946e-01 0.000000000e+00 0.000000000e+00 -4.533307247e-05 1.500000000e-01 1.500000000e-01 4.533306552e-05 
d 1.000000000e+03 1.190000000e+01 1.662408334e-05 1.194390549e-09 1.194390549e-09 1.662408334e-05 1.190000000e+01 1.200000000e+02 4.953630011e-01 7.184700196e-05 5.045651519e-01 0.000000000e+00 0.000000000e+00 -4.533306857e-05 1.500000000e-01 1.500000000e-01 4.533306233e-05 
d 1.000000000e+03 1.200000000e+01 1.676378152e-05 1.079691233e-09 1.079691233e-09 1.676378152e-05 1.200000000e+01 1.200000000e+02 4.920502310e-01 6.440618615e-05 5.078853629e-01 0.000000000e+00 0.000000000e+00 -4.533306424e-05 1.500000000e-01 1.500000000e-01 4.533305861e-05 
d 1.000000000e+03 1.210000000e+01 1.690347970e-05 9.833043125e-10 9.833043125e-10 1.690347970e-05 1.210000000e+01 1.200000000e+02 4.887502352e-01 5.817170961e-05 5.111915930e-01 0.000000000e+00 0.000000000e+00 -4.533308272e-05 1.500000000e-01 1.500000000e-01 4.533307246e-05 
d 1.000000000e+03 1.220000000e+01 1.704317788e-05 9.016071854e-10 9.016071854e-10 1.704317788e-05 1.220000000e+01 1.200000000e+02 4.854635934e-01 5.290135395e-05 5.144835053e-01 0.000000000e+00 0.000000000e+00 -4.533307981e-05 1.500000000e-01 1.500000000e-01 4.533307042e-05 
d 1.000000000e+03 1.230000000e+01 1.718287606e-05 8.317535868e-10 8.317535868e-10 1.718287606e-05 1.230000000e+01 1.200000000e+02 4.821908315e-01 4.840595858e-05 5.177607626e-01 0.000000000e+00 0.000000000e+00 -4.533307551e-05 1.500000000e-01 1.500000000e-01 4.533306685e-05 
d 1.000000000e+03 1.240000000e+01 1.732257424e-05 7.715216150e-10 7.715216150e-10 1.732257424e-05 1.240000000e+01 1.200000000e+02 4.789324296e-01 4.453850821e-05 5.210230319e-01 0.000000000e+00 0.000000000e+00 -4.533307182e-05 1.500000000e-01 1.500000000e-01 4.533306379e-05 
d 1.000000000e+03 1.250000000e+01 1.746227242e-05 7.191729483e-10 7.191729483e-10 1.746227242e-05 1.250000000e+01 1.200000000e+02 4.756888280e-01 4.118438489e-05 5.242699876e-01 0.000000000e+00 0.000000000e+00 -4.533306867e-05 1.500000000e-01 1.500000000e-01 4.533306118e-05 
d 1.000000000e+03 1.260000000e+01 1.760197060e-05 6.733403249e-10 6.733403249e-10 1.760197060e-05 1.260000000e+01 1.200000000e+02 4.724604321e-01 3.825368990e-05 5.275013142e-01 0.000000000e+00 0.000000000e+00 -4.533306591e-05 1.500000000e-01 1.500000000e-01 4.533305891e-05 
d 1.000000000e+03 1.270000000e+01 1.774166878e-05 6.329402996e-10 6.329402996e-10 1.774166878e-05 1.270000000e+01 1.200000000e+02 4.692476165e-01 3.567535318e-05 5.307167082e-01 0.000000000e+00 0.000000000e+00 -4.533306349e-05 1.500000000e-01 1.500000000e-01 4.533305690e-05 
d 1.000000000e+03 1.280000000e+01 1.788136696e-05 5.971071494e-10 5.971071494e-10 1.788136696e-05 1.280000000e+01 1.200000000e+02 4.660507282e-01 3.339270151e-05 5.339158791e-01 0.000000000e+00 0.000000000e+00 -4.533306134e-05 1.500000000e-01 1.500000000e-01 4.533305513e-05 
d 1.000000000e+03 1.290000000e+01 1.802106514e-05 5.651431559e-10 5.651431559e-10 1.802106514e-05 1.290000000e+01 1.200000000e+02 4.628700895e-01 3.136014168e-05 5.370985504e-01 0.000000000e+00 0.000000000e+00 -4.533305942e-05 1.500000000e-01 1.500000000e-01 4.533305355e-05 
d 1.000000000e+03 1.300000000e+01 1.816076332e-05 5.364812015e-10 5.364812015e-10 1.816076332e-05 1.300000000e+01 1.200000000e+02 4.597059993e-01 2.954067471e-05 5.402644600e-01 0.000000000e+00 0.000000000e+00 -4.533305770e-05 1.500000000e-01 1.500000000e-01 4.533305213e-05 
d 1.000000000e+03 1.310000000e+01 1.830046149e-05 5.106565161e-10 5.106565161e-10 1.830046149e-05 1.310000000e+01 1.200000000e+02 4.565587358e-01 2.790402397e-05 5.434133601e-01 0.000000000e+00 0.000000000e+00 -4.533305615e-05 1.500000000e-01 1.500000000e-01 4.533305085e-05 
d 1.000000000e+03 1.320000000e+01 1.844015967e-05 4.872852036e-10 4.872852036e-10 1.844015967e-05 1.320000000e+01 1.200000000e+02 4.534285571e-01 2.642521606e-05 5.465450176e-01 0.000000000e+00 0.000000000e+00 -4.533305475e-05 1.500000000e-01 1.500000000e-01 4.533304969e-05 
d 1.000000000e+03 1.330000000e+01 1.857985785e-05 4.660478031e-10 4.660478031e-10 1.857985785e-05 1.330000000e+01 1.200000000e+02 4.503157030e-01 2.508349670e-05 5.496592135e-01 0.000000000e+00 0.000000000e+00 -4.533305347e-05 1.500000000e-01 1.500000000e-01 4.533304864e-05 
d 1.000000000e+03 1.340000000e+01 1.871955603e-05 4.466766055e-10 4.466766055e-10 1.871955603e-05 1.340000000e+01 1.200000000e+02 4.472203957e-01 2.386149569e-05 5.527557428e-01 0.000000000e+00 0.000000000e+00 -4.533305231e-05 1.500000000e-01 1.500000000e-01 4.533304768e-05 
d 1.000000000e+03 1.350000000e+01 1.885925421e-05 4.289457885e-10 4.289457885e-10 1.885925421e-05 1.350000000e+01 1.200000000e+02 4.441428411e-01 2.274457853e-05 5.558344143e-01 0.000000000e+00 0.000000000e+00 -4.533305125e-05 1.500000000e-01 1.500000000e-01 4.533304681e-05 
d 1.000000000e+03 1.360000000e+01 1.899895239e-05 4.126636833e-10 4.126636833e-10 1.899895239e-05 1.360000000e+01 1.200000000e+02 4.410832294e-01 2.172033882e-05 5.588950503e-01 0.000000000e+00 0.000000000e+00 -4.533305027e-05 1.500000000e-01 1.500000000e-01 4.533304600e-05 
d 1.000000000e+03 1.370000000e+01 1.913865057e-05 3.976666644e-10 3.976666644e-10 1.913865057e-05 1.370000000e+01 1.200000000e+02 4.380417360e-01 2.077819766e-05 5.619374858e-01 0.000000000e+00 0.000000000e+00 -4.533304938e-05 1.500000000e-01 1.500000000e-01 4.533304526e-05 
d 1.000000000e+03 1.380000000e+01 1.927834875e-05 3.838142868e-10 3.838142868e-10 1.927834875e-05 1.380000000e+01 1.200000000e+02 4.350185223e-01 1.990908515e-05 5.649615686e-01 0.000000000e+00 0.000000000e+00 -4.533304855e-05 1.500000000e-01 1.500000000e-01 4.533304458e-05 
d 1.000000000e+03 1.390000000e+01 1.941804693e-05 3.709853855e-10 3.709853855e-10 1.941804693e-05 1.390000000e+01 1.200000000e+02 4.320137360e-01 1.910518534e-05 5.679671588e-01 0.000000000e+00 0.000000000e+00 -4.533304778e-05 1.500000000e-01 1.500000000e-01 4.533304394e-05 
d 1.000000000e+03 1.400000000e+01 1.955774511e-05 3.590749278e-10 3.590749278e-10 1.955774511e-05 1.400000000e+01 1.200000000e+02 4.290275123e-01 1.835973042e-05 5.709541280e-01 0.000000000e+00 0.000000000e+00 -4.533304707e-05 1.500000000e-01 1.500000000e-01 4.533304335e-05 
d 1.000000000e+03 1.410000000e+01 1.969744329e-05 3.479914547e-10 3.479914547e-10 1.969744329e-05 1.410000000e+01 1.200000000e+02 4.260599738e-01 1.766683369e-05 5.739223594e-01 0.000000000e+00 0.000000000e+00 -4.533304640e-05 1.500000000e-01 1.500000000e-01 4.533304281e-05 
d 1.000000000e+03 1.420000000e+01 1.983714147e-05 3.376549890e-10 3.376549890e-10 1.983714147e-05 1.420000000e+01 1.200000000e+02 4.231112317e-01 1.702135308e-05 5.768717469e-01 0.000000000e+00 0.000000000e+00 -4.533304578e-05 1.500000000e-01 1.500000000e-01 4.533304230e-05 
d 1.000000000e+03 1.430000000e+01 1.997683965e-05 3.279953136e-10 3.279953136e-10 1.997683965e-05 1.430000000e+01 1.200000000e+02 4.201813858e-01 1.641877891e-05 5.798021954e-01 0.000000000e+00 0.000000000e+00 -4.533304521e-05 1.500000000e-01 1.500000000e-01 4.533304182e-05 
d 1.000000000e+03 1.440000000e+01 2.011653783e-05 3.189505484e-10 3.189505484e-10 2.011653783e-05 1.440000000e+01 1.200000000e+02 4.172705252e-01 1.585514123e-05 5.827136197e-01 0.000000000e+00 0.000000000e+00 -4.533304466e-05 1.500000000e-01 1.500000000e-01 4.533304137e-05 
d 1.000000000e+03 1.450000000e+01 2.025623601e-05 3.104659657e-10 3.104659657e-10 2.025623601e-05 1.450000000e+01 1.200000000e+02 4.143787287e-01 1.532693268e-05 5.856059443e-01 0.000000000e+00 0.000000000e+00 -4.533304416e-05 1.500000000e-01 1.500000000e-01 4.533304096e-05 
d 1.000000000e+03 1.460000000e+01 2.039593418e-05 3.024930003e-10 3.024930003e-10 2.039593418e-05 1.460000000e+01 1.200000000e+02 4.115060655e-01 1.483104415e-05 5.884791035e-01 0.000000000e+00 0.000000000e+00 -4.533304368e-05 1.500000000e-01 1.500000000e-01 4.533304056e-05 
d 1.000000000e+03 1.470000000e+01 2.053563236e-05 2.949884179e-10 2.949884179e-10 2.053563236e-05 1.470000000e+01 1.200000000e+02 4.086525950e-01 1.436471070e-05 5.913330403e-01 0.000000000e+00 0.000000000e+00 -4.533304323e-05 1.500000000e-01 1.500000000e-01 4.533304019e-05 
d 1.000000000e+03 1.480000000e+01 2.067533054e-05 2.879136133e-10 2.879136133e-10 2.067533054e-05 1.480000000e+01 1.200000000e+02 4.058183680e-01 1.392546604e-05 5.941677065e-01 0.000000000e+00 0.000000000e+00 -4.533304281e-05 1.500000000e-01 1.500000000e-01 4.533303984e-05 
d 1.000000000e+03 1.490000000e+01 2.081502872e-05 2.812340156e-10 2.812340156e-10 2.081502872e-05 1.490000000e+01 1.200000000e+02 4.030034263e-01 1.351110389e-05 5.969830626e-01 0.000000000e+00 0.000000000e+00 -4.533304241e-05 1.500000000e-01 1.500000000e-01 4.533303952e-05 
d 1.000000000e+03 1.500000000e+01 2.095472690e-05 2.749185818e-10 2.749185818e-10 2.095472690e-05 1.500000000e+01 1.200000000e+02 4.002078037e-01 1.311964518e-05 5.997790766e-01 0.000000000e+00 0.000000000e+00 -4.533304203e-05 1.500000000e-01 1.500000000e-01 4.533303920e-05 
d 1.000000000e+03 1.510000000e+01 2.109442508e-05 2.689393643e-10 2.689393643e-10 2.109442508e-05 1.510000000e+01 1.200000000e+02 3.974315260e-01 1.274930999e-05 6.025557247e-01 0.000000000e+00 0.000000000e+00 -4.533304168e-05 1.500000000e-01 1.500000000e-01 4.533303891e-05 
d 1.000000000e+03 1.520000000e+01 2.123412326e-05 2.632711401e-10 2.632711401e-10 2.123412326e-05 1.520000000e+01 1.200000000e+02 3.946746113e-01 1.239849354e-05 6.053129903e-01 0.000000000e+00 0.000000000e+00 -4.533304134e-05 1.500000000e-01 1.500000000e-01 4.533303863e-05 
d 1.000000000e+03 1.530000000e+01 2.137382144e-05 2.578910906e-10 2.578910906e-10 2.137382144e-05 1.530000000e+01 1.200000000e+02 3.919370705e-01 1.206574554e-05 6.080508637e-01 0.000000000e+00 0.000000000e+00 -4.533304102e-05 1.500000000e-01 1.500000000e-01 4.533303837e-05 
d 1.000000000e+03 1.540000000e+01 2.151351962e-05 2.527785263e-10 2.527785263e-10 2.151351962e-05 1.540000000e+01 1.200000000e+02 3.892189078e-01 1.174975229e-05 6.107693424e-01 0.000000000e+00 0.000000000e+00 -4.533304071e-05 1.500000000e-01 1.500000000e-01 4.533303812e-05 
d 1.000000000e+03 1.550000000e+01 2.165321780e-05 2.479146475e-10 2.479146475e-10 2.165321780e-05 1.550000000e+01 1.200000000e+02 3.865201204e-01 1.144932129e-05 6.134684303e-01 0.000000000e+00 0.000000000e+00 -4.533304042e-05 1.500000000e-01 1.500000000e-01 4.533303788e-05 
d 1.000000000e+03 1.560000000e+01 2.179291598e-05 2.432823363e-10 2.432823363e-10 2.179291598e-05 1.560000000e+01 1.200000000e+02 3.838406993e-01 1.116336779e-05 6.161481373e-01 0.000000000e+00 0.000000000e+00 -4.533304015e-05 1.500000000e-01 1.500000000e-01 4.533303765e-05 
d 1.000000000e+03 1.570000000e+01 2.193261416e-05 2.388659751e-10 2.388659751e-10 2.193261416e-05 1.570000000e+01 1.200000000e+02 3.811806294e-01 1.089090308e-05 6.188084797e-01 0.000000000e+00 0.000000000e+00 -4.533303988e-05 1.500000000e-01 1.500000000e-01 4.533303743e-05 
d 1.000000000e+03 1.580000000e+01 2.207231234e-05 2.346512885e-10 2.346512885e-10 2.207231234e-05 1.580000000e+01 1.200000000e+02 3.785398898e-01 1.063102429e-05 6.214494791e-01 0.000000000e+00 0.000000000e+00 -4.533303963e-05 1.500000000e-01 1.500000000e-01 4.533303722e-05 
d 1.000000000e+03 1.590000000e+01 2.221201052e-05 2.306252039e-10 2.306252039e-10 2.221201052e-05 1.590000000e+01 1.200000000e+02 3.759184540e-01 1.038290540e-05 6.240711631e-01 0.000000000e+00 0.000000000e+00 -4.533303939e-05 1.500000000e-01 1.500000000e-01 4.533303703e-05 
d 1.000000000e+03 1.600000000e+01 2.235170870e-05 2.267757290e-10 2.267757290e-10 2.235170870e-05 1.600000000e+01 1.200000000e+02 3.733162903e-01 1.014578939e-05 6.266735640e-01 0.000000000e+00 0.000000000e+00 -4.533303916e-05 1.500000000e-01 1.500000000e-01 4.533303684e-05 
d 1.000000000e+03 1.610000000e+01 2.249140688e-05 2.230918447e-10 2.230918447e-10 2.249140688e-05 1.610000000e+01 1.200000000e+02 3.707333616e-01 9.918981324e-06 6.292567194e-01 0.000000000e+00 0.000000000e+00 -4.533303894e-05 1.500000000e-01 1.500000000e-01 4.533303666e-05 
d 1.000000000e+03 1.620000000e+01 2.263110505e-05 2.195634091e-10 2.195634091e-10 2.263110505e-05 1.620000000e+01 1.200000000e+02 3.681696263e-01 9.701842159e-06 6.318206718e-01 0.000000000e+00 0.000000000e+00 -4.533303873e-05 1.500000000e-01 1.500000000e-01 4.533303648e-05 
d 1.000000000e+03 1.630000000e+01 2.277080323e-05 2.161810734e-10 2.161810734e-10 2.277080323e-05 1.630000000e+01 1.200000000e+02 3.656250381e-01 9.493783387e-06 6.343654681e-01 0.000000000e+00 0.000000000e+00 -4.533303853e-05 1.500000000e-01 1.500000000e-01 4.533303632e-05 
d 1.000000000e+03 1.640000000e+01 2.291050141e-05 2.129362071e-10 2.129362071e-10 2.291050141e-05 1.640000000e+01 1.200000000e+02 3.630995462e-01 9.294262194e-06 6.368911595e-01 0.000000000e+00 0.000000000e+00 -4.533303834e-05 1.500000000e-01 1.500000000e-01 4.533303616e-05 
d 1.000000000e+03 1.650000000e+01 2.305019959e-05 2.098208311e-10 2.098208311e-10 2.305019959e-05 1.650000000e+01 1.200000000e+02 3.605930957e-01 9.102777192e-06 6.393978016e-01 0.000000000e+00 0.000000000e+00 -4.533303815e-05 1.500000000e-01 1.500000000e-01 4.533303601e-05 
d 1.000000000e+03 1.660000000e+01 2.318989777e-05 2.068275584e-10 2.068275584e-10 2.318989777e-05 1.660000000e+01 1.200000000e+02 3.581056274e-01 8.918864602e-06 6.418854537e-01 0.000000000e+00 0.000000000e+00 -4.533303797e-05 1.500000000e-01 1.500000000e-01 4.533303586e-05 
d 1.000000000e+03 1.670000000e+01 2.332959595e-05 2.039495408e-10 2.039495408e-10 2.332959595e-05 1.670000000e+01 1.200000000e+02 3.556370788e-01 8.742094857e-06 6.443541791e-01 0.000000000e+00 0.000000000e+00 -4.533303780e-05 1.500000000e-01 1.500000000e-01 4.533303572e-05 
d 1.000000000e+03 1.680000000e+01 2.346929413e-05 2.011804215e-10 2.011804215e-10 2.346929413e-05 1.680000000e+01 1.200000000e+02 3.531873832e-01 8.572069548e-06 6.468040447e-01 0.000000000e+00 0.000000000e+00 -4.533303764e-05 1.500000000e-01 1.500000000e-01 4.533303558e-05 
d 1.000000000e+03 1.690000000e+01 2.360899231e-05 1.985142926e-10 1.985142926e-10 2.360899231e-05 1.690000000e+01 1.200000000e+02 3.507564709e-01 8.408418708e-06 6.492351206e-01 0.000000000e+00 0.000000000e+00 -4.533303748e-05 1.500000000e-01 1.500000000e-01 4.533303545e-05 
d 1.000000000e+03 1.700000000e+01 2.374869049e-05 1.959456564e-10 1.959456564e-10 2.374869049e-05 1.700000000e+01 1.200000000e+02 3.483442687e-01 8.250798352e-06 6.516474805e-01 0.000000000e+00 0.000000000e+00 -4.533303733e-05 1.500000000e-01 1.500000000e-01 4.533303533e-05 
d 1.000000000e+03 1.710000000e+01 2.388838867e-05 1.934693909e-10 1.934693909e-10 2.388838867e-05 1.710000000e+01 1.200000000e+02 3.459507003e-01 8.098888276e-06 6.540412008e-01 0.000000000e+00 0.000000000e+00 -4.533303718e-05 1.500000000e-01 1.500000000e-01 4.533303520e-05 
d 1.000000000e+03 1.720000000e+01 2.402808685e-05 1.910807193e-10 1.910807193e-10 2.402808685e-05 1.720000000e+01 1.200000000e+02 3.435756865e-01 7.952390070e-06 6.564163611e-01 0.000000000e+00 0.000000000e+00 -4.533303704e-05 1.500000000e-01 1.500000000e-01 4.533303509e-05 
d 1.000000000e+03 1.730000000e+01 2.416778503e-05 1.887751809e-10 1.887751809e-10 2.416778503e-05 1.730000000e+01 1.200000000e+02 3.412191451e-01 7.811025327e-06 6.587730438e-01 0.000000000e+00 0.000000000e+00 -4.533303690e-05 1.500000000e-01 1.500000000e-01 4.533303497e-05 
d 1.000000000e+03 1.740000000e+01 2.430748321e-05 1.865486068e-10 1.865486068e-10 2.430748321e-05 1.740000000e+01 1.200000000e+02 3.388809916e-01 7.674534020e-06 6.611113339e-01 0.000000000e+00 0.000000000e+00 -4.533303677e-05 1.500000000e-01 1.500000000e-01 4.533303487e-05 
d 1.000000000e+03 1.750000000e+01 2.444718139e-05 1.843970958e-10 1.843970958e-10 2.444718139e-05 1.750000000e+01 1.200000000e+02 3.365611386e-01 7.542673035e-06 6.634313187e-01 0.000000000e+00 0.000000000e+00 -4.533303664e-05 1.500000000e-01 1.500000000e-01 4.533303476e-05 
d 1.000000000e+03 1.760000000e+01 2.458687957e-05 1.823169943e-10 1.823169943e-10 2.458687957e-05 1.760000000e+01 1.200000000e+02 3.342594967e-01 7.415214841e-06 6.657330881e-01 0.000000000e+00 0.000000000e+00 -4.533303652e-05 1.500000000e-01 1.500000000e-01 4.533303466e-05 
d 1.000000000e+03 1.770000000e+01 2.472657774e-05 1.803048767e-10 1.803048767e-10 2.472657774e-05 1.770000000e+01 1.200000000e+02 3.319759738e-01 7.291946284e-06 6.680167342e-01 0.000000000e+00 0.000000000e+00 -4.533303640e-05 1.500000000e-01 1.500000000e-01 4.533303456e-05 
d 1.000000000e+03 1.780000000e+01 2.486627592e-05 1.783575286e-10 1.783575286e-10 2.486627592e-05 1.780000000e+01 1.200000000e+02 3.297104762e-01 7.172667479e-06 6.702823512e-01 0.000000000e+00 0.000000000e+00 -4.533303628e-05 1.500000000e-01 1.500000000e-01 4.533303447e-05 
d 1.000000000e+03 1.790000000e+01 2.500597410e-05 1.764719309e-10 1.764719309e-10 2.500597410e-05 1.790000000e+01 1.200000000e+02 3.274629077e-01 7.057190819e-06 6.725300351e-01 0.000000000e+00 0.000000000e+00 -4.533303617e-05 1.500000000e-01 1.500000000e-01 4.533303437e-05 
d 1.000000000e+03 1.800000000e+01 2.514567228e-05 1.746452450e-10 1.746452450e-10 2.514567228e-05 1.800000000e+01 1.200000000e+02 3.252331707e-01 6.945340057e-06 6.747598840e-01 0.000000000e+00 0.000000000e+00 -4.533303606e-05 1.500000000e-01 1.500000000e-01 4.533303428e-05 
d 1.000000000e+03 1.810000000e+01 2.528537046e-05 1.728748002e-10 1.728748002e-10 2.528537046e-05 1.810000000e+01 1.200000000e+02 3.230211654e-01 6.836949473e-06 6.769719976e-01 0.000000000e+00 0.000000000e+00 -4.533303596e-05 1.500000000e-01 1.500000000e-01 4.533303420e-05 
d 1.000000000e+03 1.820000000e+01 2.542506864e-05 1.711580817e-10 1.711580817e-10 2.542506864e-05 1.820000000e+01 1.200000000e+02 3.208267908e-01 6.731863111e-06 6.791664774e-01 0.000000000e+00 0.000000000e+00 -4.533303586e-05 1.500000000e-01 1.500000000e-01 4.533303411e-05 
d 1.000000000e+03 1.830000000e+01 2.556476682e-05 1.694927189e-10 1.694927189e-10 2.556476682e-05 1.830000000e+01 1.200000000e+02 3.186499439e-01 6.629934084e-06 6.813434262e-01 0.000000000e+00 0.000000000e+00 -4.533303576e-05 1.500000000e-01 1.500000000e-01 4.533303403e-05 
d 1.000000000e+03 1.840000000e+01 2.570446500e-05 1.678764762e-10 1.678764762e-10 2.570446500e-05 1.840000000e+01 1.200000000e+02 3.164905205e-01 6.531023935e-06 6.835029484e-01 0.000000000e+00 0.000000000e+00 -4.533303566e-05 1.500000000e-01 1.500000000e-01 4.533303395e-05 
d 1.000000000e+03 1.850000000e+01 2.584416318e-05 1.663072429e-10 1.663072429e-10 2.584416318e-05 1.850000000e+01 1.200000000e+02 3.143484152e-01 6.435002046e-06 6.856451498e-01 0.000000000e+00 0.000000000e+00 -4.533303557e-05 1.500000000e-01 1.500000000e-01 4.533303388e-05 
d 1.000000000e+03 1.860000000e+01 2.598386136e-05 1.647830255e-10 1.647830255e-10 2.598386136e-05 1.860000000e+01 1.200000000e+02 3.122235210e-01 6.341745103e-06 6.877701373e-01 0.000000000e+00 0.000000000e+00 -4.533303548e-05 1.500000000e-01 1.500000000e-01 4.533303380e-05 
d 1.000000000e+03 1.870000000e+01 2.612355954e-05 1.633019390e-10 1.633019390e-10 2.612355954e-05 1.870000000e+01 1.200000000e+02 3.101157300e-01 6.251136596e-06 6.898780189e-01 0.000000000e+00 0.000000000e+00 -4.533303539e-05 1.500000000e-01 1.500000000e-01 4.533303373e-05 
d 1.000000000e+03 1.880000000e+01 2.626325772e-05 1.618622004e-10 1.618622004e-10 2.626325772e-05 1.880000000e+01 1.200000000e+02 3.080249331e-01 6.163066371e-06 6.919689038e-01 0.000000000e+00 0.000000000e+00 -4.533303531e-05 1.500000000e-01 1.500000000e-01 4.533303366e-05 
d 1.000000000e+03 1.890000000e+01 2.640295590e-05 1.604621216e-10 1.604621216e-10 2.640295590e-05 1.890000000e+01 1.200000000e+02 3.059510203e-01 6.077430202e-06 6.940429022e-01 0.000000000e+00 0.000000000e+00 -4.533303522e-05 1.500000000e-01 1.500000000e-01 4.533303359e-05 
d 1.000000000e+03 1.900000000e+01 2.654265408e-05 1.591001032e-10 1.591001032e-10 2.654265408e-05 1.900000000e+01 1.200000000e+02 3.038938807e-01 5.994129403e-06 6.961001251e-01 0.000000000e+00 0.000000000e+00 -4.533303514e-05 1.500000000e-01 1.500000000e-01 4.533303353e-05 
d 1.000000000e+03 1.910000000e+01 2.668235226e-05 1.577746294e-10 1.577746294e-10 2.668235226e-05 1.910000000e+01 1.200000000e+02 3.018534025e-01 5.913070478e-06 6.981406844e-01 0.000000000e+00 0.000000000e+00 -4.533303506e-05 1.500000000e-01 1.500000000e-01 4.533303346e-05 
d 1.000000000e+03 1.920000000e+01 2.682205043e-05 1.564842620e-10 1.564842620e-10 2.682205043e-05 1.920000000e+01 1.200000000e+02 2.998294731e-01 5.834164779e-06 7.001646927e-01 0.000000000e+00 0.000000000e+00 -4.533303499e-05 1.500000000e-01 1.500000000e-01 4.533303340e-05 
d 1.000000000e+03 1.930000000e+01 2.696174861e-05 1.552276358e-10 1.552276358e-10 2.696174861e-05 1.930000000e+01 1.200000000e+02 2.978219794e-01 5.757328206e-06 7.021722633e-01 0.000000000e+00 0.000000000e+00 -4.533303491e-05 1.500000000e-01 1.500000000e-01 4.533303334e-05 
d 1.000000000e+03 1.940000000e+01 2.710144679e-05 1.540034544e-10 1.540034544e-10 2.710144679e-05 1.940000000e+01 1.200000000e+02 2.958308075e-01 5.682480924e-06 7.041635100e-01 0.000000000e+00 0.000000000e+00 -4.533303484e-05 1.500000000e-01 1.500000000e-01 4.533303328e-05 
d 1.000000000e+03 1.950000000e+01 2.724114497e-05 1.528104857e-10 1.528104857e-10 2.724114497e-05 1.950000000e+01 1.200000000e+02 2.938558431e-01 5.609547096e-06 7.061385473e-01 0.000000000e+00 0.000000000e+00 -4.533303477e-05 1.500000000e-01 1.500000000e-01 4.533303322e-05 
d 1.000000000e+03 1.960000000e+01 2.738084315e-05 1.516475579e-10 1.516475579e-10 2.738084315e-05 1.960000000e+01 1.200000000e+02 2.918969714e-01 5.538454644e-06 7.080974902e-01 0.000000000e+00 0.000000000e+00 -4.533303470e-05 1.500000000e-01 1.500000000e-01 4.533303316e-05 
d 1.000000000e+03 1.970000000e+01 2.752054133e-05 1.505135563e-10 1.505135563e-10 2.752054133e-05 1.970000000e+01 1.200000000e+02 2.899540770e-01 5.469135017e-06 7.100404539e-01 0.000000000e+00 0.000000000e+00 -4.533303463e-05 1.500000000e-01 1.500000000e-01 4.533303311e-05 
d 1.000000000e+03 1.980000000e+01 2.766023951e-05 1.494074194e-10 1.494074194e-10 2.766023951e-05 1.980000000e+01 1.200000000e+02 2.880270444e-01 5.401522983e-06 7.119675541e-01 0.000000000e+00 0.000000000e+00 -4.533303457e-05 1.500000000e-01 1.500000000e-01 4.533303305e-05 
d 1.000000000e+03 1.990000000e+01 2.779993769e-05 1.483281365e-10 1.483281365e-10 2.779993769e-05 1.990000000e+01 1.200000000e+02 2.861157576e-01 5.335556436e-06 7.138789068e-01 0.000000000e+00 0.000000000e+00 -4.533303451e-05 1.500000000e-01 1.500000000e-01 4.533303300e-05 
d 1.000000000e+03 2.000000000e+01 2.793963587e-05 1.472747439e-10 1.472747439e-10 2.793963587e-05 2.000000000e+01 1.200000000e+02 2.842201005e-01 5.271176209e-06 7.157746283e-01 0.000000000e+00 0.000000000e+00 -4.533303444e-05 1.500000000e-01 1.500000000e-01 4.533303295e-05 
