v ATLAS
# silvaco.file ASCII version=1.14.23 format=1 contents=SDB,Tables=1

Copyright "###################################################################"
Copyright "#                    Copyright Silvaco Inc. (c)                   #"
Copyright "#                            1992-2014                            #"
Copyright "#                                                                 #"
Copyright "# This file format and the following Key are copyright Silvaco    #"
Copyright "# International. You may not use, this format or key without      #"
Copyright "# reproducing this message in full and obtaining                  #"
Copyright "# express written permission from Silvaco Inc.                    #"
Copyright "#                                                                 #"
Copyright "# To obtain such permission please contact: Silvaco Inc.          #"
Copyright "#                                           support@silvaco.com   #"
Copyright "#                                                                 #"
Copyright "# KEY=SVC86hn7562asdx                       PROD=345              #"
Copyright "###################################################################"
#atlasMc 5.26.1.R (Wed Apr 11 16:47:31 PDT 2018)
#libSDB 1.12.41 (Mon Oct 16 16:19:38 PDT 2017)
a ATLAS
p 6 390 10000 10001 10002 10003 10004
d 9.999999960041972e-13 5.6654699837657699e-07 4.6854211788634681e-11 23.427105987927437 906.36958129375626 1133.0940012807741
d 1.9999999920083944e-12 1.3386231872737798e-06 1.1316419489158138e-10 28.291048835940799 1094.5503085616679 1338.6231926226542
d 2.9999999880125916e-12 2.0302117914221097e-06 1.8103586266177815e-10 30.17264389752696 1167.347201571547 1353.4745330229571
d 3.9999999840167888e-12 2.8353098808105326e-06 2.5064766153540213e-10 31.330957817117596 1212.161123651684 1417.6549460699359
d 4.999999980020986e-12 3.561727605047249e-06 3.1828142159086294e-10 31.828142286265273 1231.3966570273967 1424.6910477116842
d 5.9999999760251832e-12 4.3112071562734218e-06 3.8301797632990404e-10 31.918164821697363 1234.879532282609 1437.0690578333852
d 6.9999999720293804e-12 5.029412573723291e-06 4.5393614919026054e-10 32.424010786007138 1254.4501696078873 1436.9750268056662
d 7.9999999680335776e-12 5.7182054294429464e-06 5.215511963537102e-10 32.596949902357871 1261.1409983665442 1429.551363072942
d 9.0000003977186438e-12 6.5167546930281705e-06 5.9767627583500512e-10 33.204236079062092 1284.6362486116466 1448.1676455658965
d 9.999999960041972e-12 7.1260736917686305e-06 6.6422453431612972e-10 33.211226848511998 1284.9067139769588 1425.2147440486031
Q 390 13 "simulation time"
Q 10000 1 "Average Position" 3 cm 4 0
Q 10001 1 "Variance of Position" 3 cm~@ 4 0
Q 10002 1 "Diffusion Coefficient" 3 cm~@/s 4 0
Q 10003 1 "Diffusion Mobility" 3 cm~@/V/s 4 0
Q 10004 1 "Field Mobility" 3 cm~@/V/s 4 0
EOF 1815053924
