v ATLAS
# This file was created by ATLAS version 5.26.1.R on Mon Apr 16 18:25:47 2018.
#SSF 2.0 generic
##############################################################################
#                    Copyright (c) 1984 - 2018                               #
#                    Silvaco Inc. All rights reserved                        #
#                                                                            #
# This file format and the following Key are copyright Silvaco Inc.          #
# You may not use, this format or key without reproducing this message in    #
# full and obtaining express written permission from Silvaco Inc.            #
#                                                                            #
# To obtain such permission please contact: Silvaco Inc.                     #
#                                           support@silvaco.com              #
#                                                                            #
# KEY=SVC86hn7562asdx                       PROD=345                         #
##############################################################################
y 3 700 711 15
z 1 1e+41 300
f 2 "gate" "sub" 
o 1 polarization
p 14 40 3000 2 20 3 21 3000000 2000000 3001000 2001000 3000001 2000001 3001001 2001001 
Q 3000000 3 "Mhos/um" 
Q 2000000 3 "F/um" 
Q 3001000 3 "Mhos/um" 
Q 2001000 3 "F/um" 
Q 3000001 3 "Mhos/um" 
Q 2000001 3 "F/um" 
Q 3001001 3 "Mhos/um" 
Q 2001001 3 "F/um" 
d 1.000000000e-06 -9.999963325e-07 -4.900000000e+00 0.000000000e+00 0.000000000e+00 -6.883994026e-22 -1.780740219e-33 -8.802594181e-15 -5.527557201e-19 8.802593730e-15 1.780740219e-33 8.802594181e-15 1.504013074e-19 -8.802593730e-15 
d 1.000000000e-06 -9.999951811e-07 -4.800000000e+00 0.000000000e+00 0.000000000e+00 -1.784739192e-22 -1.780368029e-33 -8.801438919e-15 -7.890181599e-20 8.801438327e-15 1.780368029e-33 8.801438919e-15 -4.758598742e-19 -8.801438327e-15 
d 1.000000000e-06 -9.999936685e-07 -4.700000000e+00 0.000000000e+00 0.000000000e+00 3.569478384e-22 -1.779979952e-33 -8.800237962e-15 1.159393813e-22 8.800237184e-15 1.779979952e-33 8.800237962e-15 -2.231363659e-19 -8.800237184e-15 
d 1.000000000e-06 -9.999916815e-07 -4.600000000e+00 0.000000000e+00 0.000000000e+00 -4.079403867e-22 -1.779575759e-33 -8.798990417e-15 4.339389274e-19 8.798989395e-15 1.779575759e-33 8.798990417e-15 -7.581705250e-20 -8.798989395e-15 
d 1.000000000e-06 -9.999890713e-07 -4.500000000e+00 0.000000000e+00 0.000000000e+00 7.648882251e-22 -1.779155469e-33 -8.797695973e-15 1.180785471e-19 8.797694630e-15 1.779155469e-33 8.797695973e-15 -5.097618083e-19 -8.797694630e-15 
d 1.000000000e-06 -9.999856426e-07 -4.400000000e+00 0.000000000e+00 0.000000000e+00 -3.314515642e-22 -1.778719443e-33 -8.796355151e-15 3.945342770e-19 8.796353388e-15 1.778719443e-33 8.796355151e-15 -3.069666028e-19 -8.796353388e-15 
d 1.000000000e-06 -9.999811392e-07 -4.300000000e+00 0.000000000e+00 0.000000000e+00 -4.844292092e-22 -1.778268531e-33 -8.794969647e-15 2.763699200e-19 8.794967330e-15 1.778268531e-33 8.794969647e-15 -5.171585939e-19 -8.794967330e-15 
d 1.000000000e-06 -9.999752244e-07 -4.200000000e+00 0.000000000e+00 0.000000000e+00 6.629031285e-22 -1.777804250e-33 -8.793542783e-15 2.364637712e-19 8.793539741e-15 1.777804250e-33 8.793542783e-15 -3.174453824e-19 -8.793539741e-15 
d 1.000000000e-06 -9.999674563e-07 -4.100000000e+00 0.000000000e+00 0.000000000e+00 3.569478384e-22 -1.777329034e-33 -8.792080123e-15 4.340999943e-19 8.792076127e-15 1.777329034e-33 8.792080123e-15 -1.898508306e-19 -8.792076127e-15 
d 1.000000000e-06 -9.999572550e-07 -4.000000000e+00 0.000000000e+00 0.000000000e+00 6.119105801e-22 -1.776846558e-33 -8.790590271e-15 -1.577550761e-19 8.790585024e-15 1.776846558e-33 8.790590271e-15 -1.528669026e-19 -8.790585024e-15 
d 1.000000000e-06 -9.999438592e-07 -3.900000000e+00 0.000000000e+00 0.000000000e+00 7.648882252e-23 -1.776362171e-33 -8.789085947e-15 4.343024225e-19 8.789079057e-15 1.776362171e-33 8.789085947e-15 -4.869550526e-19 -8.789079057e-15 
d 1.000000000e-06 -9.999262697e-07 -3.800000000e+00 0.000000000e+00 0.000000000e+00 -7.138956768e-22 -1.775883468e-33 -8.787585401e-15 3.948441519e-19 8.787576355e-15 1.775883468e-33 8.787585401e-15 -3.907968397e-19 -8.787576355e-15 
d 1.000000000e-06 -9.999031756e-07 -3.700000000e+00 0.000000000e+00 0.000000000e+00 1.019850967e-22 -1.775421047e-33 -8.786114287e-15 -1.187278229e-19 8.786102409e-15 1.775421047e-33 8.786114287e-15 -5.485949327e-19 -8.786102409e-15 
d 1.000000000e-06 -9.998728566e-07 -3.600000000e+00 0.000000000e+00 0.000000000e+00 5.099254834e-23 -1.774989501e-33 -8.784708126e-15 2.362241167e-19 8.784692534e-15 1.774989501e-33 8.784708126e-15 -7.766624889e-20 -8.784692534e-15 
d 1.000000000e-06 -9.998330561e-07 -3.500000000e+00 0.000000000e+00 0.000000000e+00 -4.334366609e-22 -1.774608731e-33 -8.783415563e-15 3.152882530e-19 8.783395096e-15 1.774608731e-33 8.783415563e-15 -4.320955594e-19 -8.783395096e-15 
d 1.000000000e-06 -9.997808140e-07 -3.400000000e+00 0.000000000e+00 0.000000000e+00 6.883994026e-22 -1.774305674e-33 -8.782302637e-15 1.578455880e-19 8.782275773e-15 1.774305674e-33 8.782302637e-15 -2.145067827e-19 -8.782275773e-15 
d 1.000000000e-06 -9.997122486e-07 -3.300000000e+00 0.000000000e+00 0.000000000e+00 -3.569478384e-22 -1.774116570e-33 -8.781458401e-15 -1.184705788e-19 8.781423145e-15 1.774116570e-33 8.781458401e-15 -3.575113044e-20 -8.781423145e-15 
d 1.000000000e-06 -9.996222699e-07 -3.200000000e+00 0.000000000e+00 0.000000000e+00 -1.019850967e-22 -1.774089944e-33 -8.781002286e-15 1.184287465e-19 8.780956023e-15 1.774089944e-33 8.781002286e-15 -5.399653495e-19 -8.780956023e-15 
d 1.000000000e-06 -9.995042055e-07 -3.100000000e+00 0.000000000e+00 0.000000000e+00 7.138956768e-22 -1.774290514e-33 -8.781093751e-15 4.341000763e-19 8.781033054e-15 1.774290514e-33 8.781093751e-15 -4.900370466e-19 -8.781033054e-15 
d 1.000000000e-06 -9.993493110e-07 -3.000000000e+00 0.000000000e+00 0.000000000e+00 -2.294664675e-22 -1.774804328e-33 -8.781944905e-15 -3.937307901e-20 8.781865282e-15 1.774804328e-33 8.781944905e-15 -3.408685368e-19 -8.781865282e-15 
d 1.000000000e-06 -9.991461293e-07 -2.900000000e+00 0.000000000e+00 0.000000000e+00 -6.374068543e-22 -1.775745488e-33 -8.783836979e-15 2.761223958e-19 8.783732547e-15 1.775745488e-33 8.783836979e-15 -2.329987467e-19 -8.783732547e-15 
d 1.000000000e-06 -9.988796547e-07 -2.800000000e+00 0.000000000e+00 0.000000000e+00 2.294664675e-22 -1.777264968e-33 -8.787141795e-15 -3.917901402e-20 8.787004853e-15 1.777264968e-33 8.787141795e-15 -4.647646958e-19 -8.787004853e-15 
d 1.000000000e-06 -9.985302416e-07 -2.700000000e+00 0.000000000e+00 0.000000000e+00 2.294664675e-22 -1.779562161e-33 -8.792349671e-15 -7.874331892e-20 8.792170138e-15 1.779562161e-33 8.792349671e-15 -1.146501770e-19 -8.792170138e-15 
d 1.000000000e-06 -9.980721817e-07 -2.600000000e+00 0.000000000e+00 0.000000000e+00 2.804590159e-22 -1.782900014e-33 -8.800105578e-15 -1.580951453e-19 8.799870273e-15 1.782900014e-33 8.800105578e-15 -1.886180330e-19 -8.799870273e-15 
d 1.000000000e-06 -9.974718524e-07 -2.500000000e+00 0.000000000e+00 0.000000000e+00 -2.294664675e-22 -1.787624836e-33 -8.811255841e-15 -3.151510234e-19 8.810947535e-15 1.787624836e-33 8.811255841e-15 1.984804139e-19 -8.810947535e-15 
d 1.000000000e-06 -9.966853102e-07 -2.400000000e+00 0.000000000e+00 0.000000000e+00 -4.079403867e-22 -1.794192254e-33 -8.826908142e-15 3.960500308e-20 8.826504337e-15 1.794192254e-33 8.826908142e-15 -1.146501770e-19 -8.826504337e-15 
d 1.000000000e-06 -9.956551722e-07 -2.300000000e+00 0.000000000e+00 0.000000000e+00 5.609180317e-22 -1.803201207e-33 -8.848508177e-15 -2.366104389e-19 8.847979529e-15 1.803201207e-33 8.848508177e-15 2.385463359e-19 -8.847979529e-15 
d 1.000000000e-06 -9.943065832e-07 -2.200000000e+00 0.000000000e+00 0.000000000e+00 5.864143059e-22 -1.815438488e-33 -8.877936774e-15 -1.971559857e-19 8.877245059e-15 1.815438488e-33 8.877936774e-15 2.841598472e-19 -8.877245059e-15 
d 1.000000000e-06 -9.925420251e-07 -2.100000000e+00 0.000000000e+00 0.000000000e+00 4.589329351e-22 -1.831937091e-33 -8.917631600e-15 -1.186478530e-19 8.916727111e-15 1.831937091e-33 8.917631600e-15 1.547160990e-19 -8.916727111e-15 
d 1.000000000e-06 -9.902346679e-07 -2.000000000e+00 0.000000000e+00 0.000000000e+00 -6.374068543e-22 -1.854052573e-33 -8.970737340e-15 -3.969556323e-20 8.969555579e-15 1.854052573e-33 8.970737340e-15 8.444663571e-20 -8.969555579e-15 
d 1.000000000e-06 -9.872199145e-07 -1.900000000e+00 0.000000000e+00 0.000000000e+00 -6.119105801e-22 -1.883562788e-33 -9.041286951e-15 -7.881855324e-20 9.039744460e-15 1.883562788e-33 9.041286951e-15 6.965306449e-20 -9.039744460e-15 
d 1.000000000e-06 -9.832847552e-07 -1.800000000e+00 0.000000000e+00 0.000000000e+00 -2.039701934e-22 -1.922797436e-33 -9.134413183e-15 1.592259504e-19 9.132402362e-15 1.922797436e-33 9.134413183e-15 -1.799884498e-19 -9.132402362e-15 
d 1.000000000e-06 -9.781545534e-07 -1.700000000e+00 0.000000000e+00 0.000000000e+00 -1.529776450e-22 -1.974804543e-33 -9.256582282e-15 3.179208364e-22 9.253965061e-15 1.974804543e-33 9.256582282e-15 -1.540997003e-20 -9.253965061e-15 
d 1.000000000e-06 -9.714769828e-07 -1.600000000e+00 0.000000000e+00 0.000000000e+00 -6.374068543e-22 -2.043559869e-33 -9.415827638e-15 -7.876673553e-20 9.412427953e-15 2.043559869e-33 9.415827638e-15 7.828264771e-20 -9.412427953e-15 
d 1.000000000e-06 -9.628031201e-07 -1.500000000e+00 0.000000000e+00 0.000000000e+00 -6.883994026e-22 -2.134219371e-33 -9.621934960e-15 4.043906150e-20 9.617530177e-15 2.134219371e-33 9.621934960e-15 4.684630886e-20 -9.617530177e-15 
d 1.000000000e-06 -9.515663244e-07 -1.400000000e+00 0.000000000e+00 0.000000000e+00 0.000000000e+00 -2.253397702e-33 -9.886484414e-15 1.675139463e-22 9.880796202e-15 2.253397702e-33 9.886484414e-15 -7.026946330e-20 -9.880796202e-15 
d 1.000000000e-06 -9.370607720e-07 -1.300000000e+00 0.000000000e+00 0.000000000e+00 -1.784739192e-22 -2.409413205e-33 -1.022257596e-14 -1.576028443e-19 1.021526180e-14 2.409413205e-33 1.022257596e-14 -4.746270766e-20 -1.021526180e-14 
d 1.000000000e-06 -9.184237528e-07 -1.200000000e+00 0.000000000e+00 0.000000000e+00 2.549627417e-22 -2.612343906e-33 -1.064393204e-14 -1.368190164e-19 1.063457973e-14 2.612343906e-33 1.064393204e-14 3.205273764e-19 -1.063457973e-14 
d 1.000000000e-06 -8.946296389e-07 -1.100000000e+00 0.000000000e+00 0.000000000e+00 1.529776450e-22 -2.873534118e-33 -1.116285259e-14 9.848728389e-20 1.115098203e-14 2.873534118e-33 1.116285259e-14 -1.183485698e-19 -1.115098203e-14 
d 1.000000000e-06 -8.645095570e-07 -1.000000000e+00 0.000000000e+00 0.000000000e+00 2.039701934e-22 -3.203768633e-33 -1.178611688e-14 -7.831928051e-20 1.177119655e-14 3.203768633e-33 1.178611688e-14 6.842026688e-20 -1.177119655e-14 
d 1.000000000e-06 -8.268204070e-07 -9.000000000e-01 0.000000000e+00 0.000000000e+00 7.138956768e-22 -3.608455417e-33 -1.250716127e-14 1.830520733e-20 1.248865200e-14 3.608455417e-33 1.250716127e-14 1.226633614e-19 -1.248865200e-14 
d 1.000000000e-06 -7.804031705e-07 -8.000000000e-01 0.000000000e+00 0.000000000e+00 5.864143059e-22 -4.076176432e-33 -1.329085515e-14 -6.011363726e-20 1.326830367e-14 4.076176432e-33 1.329085515e-14 -4.253151725e-20 -1.326830367e-14 
d 1.000000000e-06 -7.245069265e-07 -7.000000000e-01 0.000000000e+00 0.000000000e+00 -5.609180318e-22 -4.551424885e-33 -1.404018601e-14 2.374028717e-19 1.401341765e-14 4.551424885e-33 1.404018601e-14 -2.169723779e-19 -1.401341765e-14 
d 1.000000000e-06 -6.594782737e-07 -6.000000000e-01 0.000000000e+00 0.000000000e+00 -5.864143059e-22 -4.861665518e-33 -1.450285860e-14 1.274889071e-19 1.447242254e-14 4.861665518e-33 1.450285860e-14 -1.091025877e-19 -1.447242254e-14 
d 1.000000000e-06 -5.886063477e-07 -5.000000000e-01 0.000000000e+00 0.000000000e+00 5.354217576e-22 -4.475085286e-33 -1.389822383e-14 -3.776951265e-20 1.386679447e-14 4.475085286e-33 1.389822383e-14 1.306765458e-19 -1.386679447e-14 
d 1.000000000e-06 -5.252435797e-07 -4.000000000e-01 0.000000000e+00 0.000000000e+00 1.529776450e-22 -1.949704988e-33 -9.143498235e-15 -2.074061376e-20 9.121771945e-15 1.949704988e-33 9.143498235e-15 6.163988007e-21 -9.121771945e-15 
d 1.000000000e-06 -5.007021418e-07 -3.000000000e-01 0.000000000e+00 0.000000000e+00 -3.824441126e-22 -3.739200230e-35 -1.255287708e-15 6.506764444e-21 1.252257109e-15 3.739200230e-35 1.255287708e-15 -1.294437482e-20 -1.252257109e-15 
d 1.000000000e-06 -4.974928740e-07 -2.000000000e-01 0.000000000e+00 0.000000000e+00 1.529776450e-22 -2.713477780e-36 -3.416393580e-16 -3.977229774e-22 3.408129263e-16 2.713477780e-36 3.416393580e-16 1.849196394e-21 -3.408129263e-16 
d 1.000000000e-06 -4.960259097e-07 -1.000000000e-01 0.000000000e+00 0.000000000e+00 4.079403867e-22 -1.143357926e-36 -2.247732967e-16 -1.172757379e-21 2.242290818e-16 1.143357926e-36 2.247732967e-16 -1.109517847e-20 -2.242290818e-16 
d 1.000000000e-06 -4.949548447e-07 3.558990819e-15 0.000000000e+00 0.000000000e+00 -5.609180318e-22 -3.341502212e-36 -1.800141052e-16 -2.133231328e-23 1.795779781e-16 3.341502212e-36 1.800141052e-16 -9.862382758e-21 -1.795779781e-16 
d 1.000000000e-06 -4.940719183e-07 1.000000000e-01 0.000000000e+00 0.000000000e+00 -2.039701934e-22 -5.464114455e-33 -1.511734878e-16 2.881392376e-22 1.508070395e-16 5.464114455e-33 1.511734878e-16 4.314949386e-21 -1.508070395e-16 
d 1.000000000e-06 -4.932926899e-07 2.000000000e-01 0.000000000e+00 0.000000000e+00 -5.736661717e-22 -1.152869720e-29 -1.493049958e-16 -1.631634426e-21 1.489429077e-16 1.152869711e-29 1.493049957e-16 1.479800278e-20 -1.489429076e-16 
d 1.000000000e-06 -4.916655818e-07 3.000000000e-01 0.000000000e+00 0.000000000e+00 1.784740453e-22 -2.141958913e-26 -7.867308761e-16 2.901495221e-23 7.848210119e-16 2.141958611e-26 7.867307827e-16 1.039093440e-20 -7.848209195e-16 
d 1.000000000e-06 -4.707311158e-07 4.000000000e-01 0.000000000e+00 0.000000000e+00 2.422146043e-22 -3.512986428e-24 -8.672122706e-15 -1.445873393e-20 8.650884326e-15 3.512953044e-24 8.672041396e-15 8.368766378e-21 -8.650803187e-15 
d 1.000000000e-06 -4.011793541e-07 5.000000000e-01 0.000000000e+00 0.000000000e+00 3.569478342e-22 -1.139836482e-23 -1.558634623e-14 -1.852823370e-20 1.554645447e-14 1.139789056e-23 1.558570239e-14 -1.109769599e-20 -1.554581256e-14 
d 1.000000000e-06 -3.036949905e-07 6.000000000e-01 0.000000000e+00 0.000000000e+00 -5.226722844e-22 -1.598688134e-23 -1.847388076e-14 3.786252771e-20 1.842624418e-14 1.598838534e-23 1.847560835e-14 5.304251723e-20 -1.842796736e-14 
d 1.000000000e-06 -1.904038360e-07 7.000000000e-01 0.000000000e+00 0.000000000e+00 1.148986366e-22 -1.887836179e-23 -2.009159960e-14 7.895649697e-20 2.003725911e-14 1.887986409e-23 2.009318974e-14 -1.359987763e-20 -2.003884491e-14 
d 1.000000000e-06 -6.700580456e-08 8.000000000e-01 0.000000000e+00 0.000000000e+00 -2.932076741e-22 -2.061068656e-23 -2.100882802e-14 2.581241485e-20 2.094782717e-14 2.060760869e-23 2.100570694e-14 -1.423323143e-19 -2.094471660e-14 
d 1.000000000e-06 6.157710891e-08 9.000000000e-01 0.000000000e+00 0.000000000e+00 -3.824463432e-22 -2.125059822e-23 -2.133848470e-14 -4.951581696e-20 2.128639249e-14 2.125542667e-23 2.134330850e-14 2.315476228e-19 -2.129120443e-14 
d 1.000000000e-06 1.903528312e-07 1.000000000e+00 0.000000000e+00 0.000000000e+00 3.441993651e-22 -2.079864150e-23 -2.112250027e-14 9.598629204e-20 2.105786742e-14 2.079324685e-23 2.111704966e-14 -2.990259245e-19 -2.105243331e-14 
d 1.000000000e-06 3.145073504e-07 1.100000000e+00 0.000000000e+00 0.000000000e+00 -5.609194802e-22 -1.947720796e-23 -2.044328026e-14 6.889890496e-20 2.038609514e-14 1.947526265e-23 2.044124924e-14 -1.460115143e-19 -2.038406981e-14 
d 1.000000000e-06 4.299164638e-07 1.200000000e+00 0.000000000e+00 0.000000000e+00 2.932064985e-22 -1.755680223e-23 -1.941119635e-14 -9.632026784e-20 1.936360173e-14 1.755575915e-23 1.941004949e-14 4.333737937e-20 -1.936245708e-14 
d 1.000000000e-06 5.335881018e-07 1.300000000e+00 0.000000000e+00 0.000000000e+00 7.647663628e-23 -1.535692197e-23 -1.815600836e-14 -1.678103238e-19 1.811385543e-14 1.535445882e-23 1.815311351e-14 3.058178690e-20 -1.811096740e-14 
d 1.000000000e-06 6.238664542e-07 1.400000000e+00 0.000000000e+00 0.000000000e+00 3.824451910e-22 -1.316500236e-23 -1.680837207e-14 4.200286163e-20 1.677153599e-14 1.316558025e-23 1.680910517e-14 -7.596038549e-21 -1.677226776e-14 
d 1.000000000e-06 7.003651337e-07 1.500000000e+00 0.000000000e+00 0.000000000e+00 -2.294665116e-22 -1.118089138e-23 -1.548837643e-14 1.211636572e-19 1.545746055e-14 1.118240548e-23 1.549045929e-14 -1.614060120e-20 -1.545953914e-14 
d 1.000000000e-06 7.637016640e-07 1.600000000e+00 0.000000000e+00 0.000000000e+00 -2.804587315e-22 -9.503743095e-24 -1.428263550e-14 -5.079161241e-19 1.425902177e-14 9.499060595e-24 1.427565129e-14 9.798570046e-20 -1.425204856e-14 
d 1.000000000e-06 8.151490686e-07 1.700000000e+00 0.000000000e+00 0.000000000e+00 -7.138963816e-22 -8.129979534e-24 -1.320572846e-14 -1.775283463e-19 1.318774675e-14 8.129719254e-24 1.320530911e-14 1.482127724e-19 -1.318732827e-14 
d 1.000000000e-06 8.563054492e-07 1.800000000e+00 0.000000000e+00 0.000000000e+00 -4.844295442e-22 -7.047769797e-24 -1.229155343e-14 8.881892256e-20 1.227898129e-14 7.050599613e-24 1.229644572e-14 2.531912130e-19 -1.228386905e-14 
d 1.000000000e-06 8.888388527e-07 1.900000000e+00 0.000000000e+00 0.000000000e+00 -2.549568204e-23 -6.210587998e-24 -1.154001772e-14 1.244104780e-20 1.152646522e-14 6.210252313e-24 1.153939976e-14 -6.201587514e-20 -1.152584803e-14 
d 1.000000000e-06 9.143222015e-07 2.000000000e+00 0.000000000e+00 0.000000000e+00 2.039573133e-22 -5.575900458e-24 -1.093345995e-14 -2.342770086e-19 1.092631153e-14 5.575803878e-24 1.093327242e-14 2.172946273e-19 -1.092612413e-14 
d 1.000000000e-06 9.341463346e-07 2.100000000e+00 0.000000000e+00 0.000000000e+00 -2.294669036e-22 -5.089162138e-24 -1.044728913e-14 -2.564917939e-19 1.043757584e-14 5.086632435e-24 1.044214913e-14 -1.589997948e-19 -1.043244057e-14 
d 1.000000000e-06 9.494889804e-07 2.200000000e+00 0.000000000e+00 0.000000000e+00 -6.374027623e-23 -4.724802227e-24 -1.006022876e-14 5.403978798e-20 1.006032671e-14 4.727982581e-24 1.006692864e-14 5.010602696e-19 -1.006702676e-14 
d 1.000000000e-06 9.613179736e-07 2.300000000e+00 0.000000000e+00 0.000000000e+00 6.119103261e-22 -4.447354313e-24 -9.763886513e-15 -1.973239230e-19 9.760844767e-15 4.447030578e-24 9.763183538e-15 1.438304689e-19 -9.760142010e-15 
d 1.000000000e-06 9.704121301e-07 2.400000000e+00 0.000000000e+00 0.000000000e+00 1.274836992e-22 -4.238595367e-24 -9.530659315e-15 -9.379205152e-20 9.530246833e-15 4.239532441e-24 9.532742797e-15 2.842440245e-19 -9.532330223e-15 
d 1.000000000e-06 9.773889375e-07 2.500000000e+00 0.000000000e+00 0.000000000e+00 6.629013148e-22 -4.080260535e-24 -9.355408051e-15 -4.192747187e-19 9.350827579e-15 4.077379892e-24 9.348878392e-15 -1.677184242e-19 -9.344301054e-15 
d 1.000000000e-06 9.827328460e-07 2.600000000e+00 0.000000000e+00 0.000000000e+00 -2.039702338e-22 -3.958157296e-24 -9.212088018e-15 1.380983435e-19 9.207344650e-15 3.957660952e-24 9.210946195e-15 -2.349242104e-19 -9.206203001e-15 
d 1.000000000e-06 9.868210824e-07 2.700000000e+00 0.000000000e+00 0.000000000e+00 -2.039703375e-22 -3.870260555e-24 -9.111504673e-15 -2.514132391e-19 9.107639390e-15 3.868126992e-24 9.106540430e-15 -2.072526622e-19 -9.102677066e-15 
d 1.000000000e-06 9.899457941e-07 2.800000000e+00 0.000000000e+00 0.000000000e+00 3.569474007e-22 -3.801967396e-24 -9.030867444e-15 -1.699908160e-19 9.027215435e-15 3.800170894e-24 9.026650452e-15 -2.172333332e-19 -9.023000341e-15 
d 1.000000000e-06 9.923323466e-07 2.900000000e+00 0.000000000e+00 0.000000000e+00 -4.206989420e-22 -3.750049741e-24 -8.965778784e-15 2.663542587e-19 8.965268699e-15 3.751432255e-24 8.969044958e-15 4.803098396e-20 -8.968534656e-15 
d 1.000000000e-06 9.941540859e-07 3.000000000e+00 0.000000000e+00 0.000000000e+00 -6.374186072e-22 -3.715296017e-24 -8.927274782e-15 -4.096722197e-19 8.928780682e-15 3.714383513e-24 8.925108284e-15 1.936670083e-19 -8.926613449e-15 
d 1.000000000e-06 9.955440573e-07 3.100000000e+00 0.000000000e+00 0.000000000e+00 -3.697041748e-22 -3.680425404e-24 -8.886342732e-15 2.192858382e-19 8.880440304e-15 3.679138283e-24 8.883272156e-15 -5.061930220e-19 -8.877371729e-15 
d 1.000000000e-06 9.966042090e-07 3.200000000e+00 0.000000000e+00 0.000000000e+00 5.481700317e-22 -3.667015511e-24 -8.869444532e-15 -6.168987026e-19 8.874799718e-15 3.666715191e-24 8.868726845e-15 5.483337297e-19 -8.874082075e-15 
d 1.000000000e-06 9.974125631e-07 3.300000000e+00 0.000000000e+00 0.000000000e+00 -3.187096147e-22 -3.643160216e-24 -8.843612948e-15 2.966029747e-20 8.837338495e-15 3.640818112e-24 8.837995865e-15 -5.675208260e-19 -8.831725389e-15 
d 1.000000000e-06 9.980287738e-07 3.400000000e+00 0.000000000e+00 0.000000000e+00 -1.019852303e-22 -3.628651652e-24 -8.826661076e-15 3.078828630e-19 8.817348936e-15 3.626209285e-24 8.820791504e-15 -8.702709587e-19 -8.811485664e-15 
d 1.000000000e-06 9.984984169e-07 3.500000000e+00 0.000000000e+00 0.000000000e+00 3.951702518e-22 -3.623381977e-24 -8.820133886e-15 -4.915921336e-20 8.815861527e-15 3.621487150e-24 8.815576956e-15 -4.051528479e-19 -8.811306890e-15 
d 1.000000000e-06 9.988562922e-07 3.600000000e+00 0.000000000e+00 0.000000000e+00 -4.079660073e-22 -3.620262891e-24 -8.814919829e-15 -2.564414858e-19 8.816711459e-15 3.619964024e-24 8.814200883e-15 1.879439109e-19 -8.815993285e-15 
d 1.000000000e-06 9.991289581e-07 3.700000000e+00 0.000000000e+00 0.000000000e+00 4.079367219e-22 -3.610314596e-24 -8.802086104e-15 4.781866205e-19 8.798846793e-15 3.611078868e-24 8.803926967e-15 -2.961535283e-19 -8.800686977e-15 
d 1.000000000e-06 9.993366761e-07 3.800000000e+00 0.000000000e+00 0.000000000e+00 -1.020070492e-22 -3.610287645e-24 -8.803395025e-15 9.878480749e-21 8.803327175e-15 3.610336618e-24 8.803513003e-15 1.133797418e-20 -8.803444837e-15 
d 1.000000000e-06 9.994948987e-07 3.900000000e+00 0.000000000e+00 0.000000000e+00 2.549484375e-22 -3.604481675e-24 -8.801986628e-15 -7.892398991e-20 8.792497773e-15 3.600221398e-24 8.791708588e-15 -9.243411149e-19 -8.782230791e-15 
d 1.000000000e-06 9.996154077e-07 4.000000000e+00 0.000000000e+00 0.000000000e+00 -4.334381103e-22 -3.606920843e-24 -8.797754978e-15 1.925567674e-19 8.800885813e-15 3.609092468e-24 8.802988004e-15 3.108745926e-19 -8.806121069e-15 
d 1.000000000e-06 9.997071842e-07 4.100000000e+00 0.000000000e+00 0.000000000e+00 -3.951910453e-22 -3.609149405e-24 -8.801123892e-15 -2.023729107e-19 8.807972931e-15 3.611129341e-24 8.805893909e-15 6.723878109e-19 -8.812746752e-15 
d 1.000000000e-06 9.997770731e-07 4.200000000e+00 0.000000000e+00 0.000000000e+00 -1.656500546e-22 -3.600851564e-24 -8.798282272e-15 4.950178585e-20 8.788933480e-15 3.597231212e-24 8.789542947e-15 -8.933934753e-19 -8.780203553e-15 
d 1.000000000e-06 9.998302904e-07 4.300000000e+00 0.000000000e+00 0.000000000e+00 2.167190340e-22 -3.602993350e-24 -8.794993183e-15 3.800548800e-19 8.794962929e-15 3.604677729e-24 8.799055226e-15 2.184087564e-20 -8.799024786e-15 
d 1.000000000e-06 9.998708104e-07 4.400000000e+00 0.000000000e+00 0.000000000e+00 2.294106032e-22 -3.606979190e-24 -8.806660696e-15 -7.049573379e-19 8.805038916e-15 3.603291070e-24 8.797764320e-15 -1.406349536e-19 -8.796143372e-15 
d 1.000000000e-06 9.999016606e-07 4.500000000e+00 0.000000000e+00 0.000000000e+00 -1.529675150e-22 -3.599948569e-24 -8.795751548e-15 4.039235979e-19 8.788283468e-15 3.598578179e-24 8.792443628e-15 -7.282533993e-19 -8.784978441e-15 
d 1.000000000e-06 9.999251472e-07 4.600000000e+00 0.000000000e+00 0.000000000e+00 3.059334990e-22 -3.601060567e-24 -8.795661355e-15 4.829661508e-19 8.791125292e-15 3.601253707e-24 8.796127418e-15 -4.442180701e-19 -8.791590594e-15 
d 1.000000000e-06 9.999430269e-07 4.700000000e+00 0.000000000e+00 0.000000000e+00 -6.119103744e-22 -3.602169154e-24 -8.798881971e-15 2.515228841e-19 8.793814127e-15 3.601178251e-24 8.796490686e-15 -4.795042561e-19 -8.791424265e-15 
d 1.000000000e-06 9.999566376e-07 4.800000000e+00 0.000000000e+00 0.000000000e+00 8.092323777e-28 -3.610598869e-24 -8.804262316e-15 -1.825835920e-19 8.814259388e-15 3.613974713e-24 8.812395051e-15 9.490731680e-19 -8.822401410e-15 
d 1.000000000e-06 9.999669980e-07 4.900000000e+00 0.000000000e+00 0.000000000e+00 -3.059543722e-22 -3.606923516e-24 -8.802457576e-15 7.891809406e-20 8.805198340e-15 3.608401079e-24 8.806020059e-15 2.569955621e-19 -8.808761757e-15 
d 1.000000000e-06 9.999748840e-07 5.000000000e+00 0.000000000e+00 0.000000000e+00 -5.224747814e-22 -3.601875725e-24 -8.796937121e-15 6.999747735e-19 8.792790268e-15 3.603182571e-24 8.800090410e-15 -3.874708614e-19 -8.795941250e-15 
d 1.000000000e-06 9.999963331e-07 4.900000000e+00 0.000000000e+00 0.000000000e+00 -6.374075631e-22 -3.605031130e-24 -8.802933572e-15 -4.448872818e-20 8.801366562e-15 3.604171885e-24 8.800860686e-15 -1.503571546e-19 -8.799294272e-15 
d 1.000000000e-06 9.999951819e-07 4.800000000e+00 0.000000000e+00 0.000000000e+00 1.020896073e-22 -3.610804511e-24 -8.807610598e-15 -6.071891516e-19 8.815770029e-15 3.611554099e-24 8.809417020e-15 7.849943433e-19 -8.817578187e-15 
d 1.000000000e-06 9.999936696e-07 4.700000000e+00 0.000000000e+00 0.000000000e+00 -2.037736011e-22 -3.605195556e-24 -8.798925902e-15 1.134930045e-19 8.802571378e-15 3.607197900e-24 8.803754003e-15 3.617318638e-19 -8.807401596e-15 
d 1.000000000e-06 9.999916829e-07 4.600000000e+00 0.000000000e+00 0.000000000e+00 4.587500782e-22 -3.597980692e-24 -8.793123238e-15 5.518934197e-19 8.785420087e-15 3.597175900e-24 8.791180112e-15 -7.398134416e-19 -8.783478705e-15 
d 1.000000000e-06 9.999890731e-07 4.500000000e+00 0.000000000e+00 0.000000000e+00 -6.628207169e-22 -3.599151172e-24 -8.797955251e-15 -3.934326819e-20 8.788664158e-15 3.595146443e-24 8.788283827e-15 -8.935442935e-19 -8.779002862e-15 
d 1.000000000e-06 9.999856451e-07 4.400000000e+00 0.000000000e+00 0.000000000e+00 4.079503151e-22 -3.608738013e-24 -8.806793687e-15 -1.021396756e-18 8.812429007e-15 3.606679285e-24 8.801830028e-15 5.410551477e-19 -8.807462199e-15 
d 1.000000000e-06 9.999811426e-07 4.300000000e+00 0.000000000e+00 0.000000000e+00 3.826514620e-23 -3.601247685e-24 -8.800682187e-15 -5.666736877e-19 8.794701162e-15 3.596339993e-24 8.788833316e-15 -5.725289554e-19 -8.782860473e-15 
d 1.000000000e-06 9.999752290e-07 4.200000000e+00 0.000000000e+00 0.000000000e+00 -1.796621477e-22 -3.606071596e-24 -8.797927656e-15 -4.396193753e-19 8.807010404e-15 3.607904180e-24 8.802344825e-15 8.568497441e-19 -8.811432428e-15 
d 1.000000000e-06 9.999674625e-07 4.100000000e+00 0.000000000e+00 0.000000000e+00 -3.316589805e-22 -3.594709838e-24 -8.784889242e-15 6.754655552e-19 8.779928754e-15 3.595593997e-24 8.787023902e-15 -4.714971314e-19 -8.782062282e-15 
d 1.000000000e-06 9.999572634e-07 4.000000000e+00 0.000000000e+00 0.000000000e+00 1.271808081e-22 -3.599290814e-24 -8.792594394e-15 -2.121653662e-19 8.791536630e-15 3.597918165e-24 8.789281637e-15 -1.023236932e-19 -8.788224383e-15 
d 1.000000000e-06 9.999438706e-07 3.900000000e+00 0.000000000e+00 0.000000000e+00 3.824443552e-22 -3.602973774e-24 -8.794099643e-15 -5.035513610e-19 8.801007394e-15 3.603648144e-24 8.795725785e-15 6.585079603e-19 -8.802635287e-15 
d 1.000000000e-06 9.999262851e-07 3.800000000e+00 0.000000000e+00 0.000000000e+00 -4.333820573e-22 -3.595406352e-24 -8.781481553e-15 5.672329848e-19 8.783138873e-15 3.598539382e-24 8.789041275e-15 1.568401386e-19 -8.790699845e-15 
d 1.000000000e-06 9.999031965e-07 3.700000000e+00 0.000000000e+00 0.000000000e+00 5.344724498e-22 -3.595048929e-24 -8.783219491e-15 2.563768072e-19 8.782652052e-15 3.595914585e-24 8.785308866e-15 -4.502393184e-20 -8.784740347e-15 
d 1.000000000e-06 9.998728850e-07 3.600000000e+00 0.000000000e+00 0.000000000e+00 -6.385933512e-23 -3.593581748e-24 -8.786499621e-15 -1.970991947e-19 8.779330477e-15 3.589773164e-24 8.777299901e-15 -6.820985216e-19 -8.770138443e-15 
d 1.000000000e-06 9.998330948e-07 3.500000000e+00 0.000000000e+00 0.000000000e+00 -3.186687965e-22 -3.594695156e-24 -8.783451680e-15 -2.952946842e-20 8.782247553e-15 3.594084126e-24 8.781976702e-15 -1.077851557e-19 -8.780772960e-15 
d 1.000000000e-06 9.997808668e-07 3.400000000e+00 0.000000000e+00 0.000000000e+00 2.803434314e-22 -3.599064889e-24 -8.784521798e-15 -2.419656673e-19 8.792858546e-15 3.601478805e-24 8.790342427e-15 8.094766313e-19 -8.798685053e-15 
d 1.000000000e-06 9.997123205e-07 3.300000000e+00 0.000000000e+00 0.000000000e+00 -4.340036182e-22 -3.594671651e-24 -8.780736473e-15 3.955249131e-20 8.781806866e-15 3.595311263e-24 8.782279965e-15 1.086795700e-19 -8.783349962e-15 
d 1.000000000e-06 9.996223680e-07 3.200000000e+00 0.000000000e+00 0.000000000e+00 4.335235297e-22 -3.591675976e-24 -8.776650541e-15 3.871888905e-19 8.773762044e-15 3.592182482e-24 8.777873263e-15 -2.594265546e-19 -8.774984164e-15 
d 1.000000000e-06 9.995043395e-07 3.100000000e+00 0.000000000e+00 0.000000000e+00 4.842460285e-22 -3.597394322e-24 -8.783338880e-15 -2.515503739e-19 8.786278466e-15 3.597562115e-24 8.783743603e-15 3.004366151e-19 -8.786683294e-15 
d 1.000000000e-06 9.993494943e-07 3.000000000e+00 0.000000000e+00 0.000000000e+00 4.334356926e-22 -3.600643704e-24 -8.787846620e-15 -6.069536764e-19 8.792008524e-15 3.599773468e-24 8.785748380e-15 4.170388545e-19 -8.789909017e-15 
d 1.000000000e-06 9.991463803e-07 2.900000000e+00 0.000000000e+00 0.000000000e+00 4.844897252e-22 -3.601462581e-24 -8.787810965e-15 -4.244183297e-19 8.790758898e-15 3.600884629e-24 8.786417784e-15 2.969606519e-19 -8.789364866e-15 
d 1.000000000e-06 9.988799991e-07 2.800000000e+00 0.000000000e+00 0.000000000e+00 -3.060929338e-22 -3.598878265e-24 -8.784545184e-15 2.046432452e-19 8.779814349e-15 3.597864845e-24 8.782101463e-15 -4.387336463e-19 -8.777372006e-15 
d 1.000000000e-06 9.985307148e-07 2.700000000e+00 0.000000000e+00 0.000000000e+00 -4.588393305e-22 -3.606804558e-24 -8.791369777e-15 4.440287878e-20 8.792455095e-15 3.607523043e-24 8.793099848e-15 1.257841987e-19 -8.794185238e-15 
d 1.000000000e-06 9.980728328e-07 2.600000000e+00 0.000000000e+00 0.000000000e+00 1.146910827e-22 -3.614224799e-24 -8.800737723e-15 -1.158582587e-19 8.801243660e-15 3.614035834e-24 8.800283155e-15 6.599696916e-20 -8.800788639e-15 
d 1.000000000e-06 9.974727497e-07 2.500000000e+00 0.000000000e+00 0.000000000e+00 8.921005994e-23 -3.621634889e-24 -8.808023532e-15 2.491132307e-19 8.806611021e-15 3.622261578e-24 8.809529250e-15 -1.008791869e-19 -8.808117099e-15 
d 1.000000000e-06 9.966865489e-07 2.400000000e+00 0.000000000e+00 0.000000000e+00 -3.060051810e-22 -3.637562695e-24 -8.827714938e-15 -1.455576111e-19 8.827977477e-15 3.637197575e-24 8.826839550e-15 8.327253088e-20 -8.827100931e-15 
d 1.000000000e-06 9.956568850e-07 2.300000000e+00 0.000000000e+00 0.000000000e+00 5.991568487e-22 -3.655669410e-24 -8.848688989e-15 -9.397956236e-20 8.848582431e-15 3.655409819e-24 8.848068208e-15 3.036082990e-20 -8.847962226e-15 
d 1.000000000e-06 9.943089554e-07 2.200000000e+00 0.000000000e+00 0.000000000e+00 2.929577886e-22 -3.677764961e-24 -8.873241532e-15 3.602028850e-19 8.870861960e-15 3.678665646e-24 8.875388466e-15 -1.582753429e-19 -8.873008519e-15 
d 1.000000000e-06 9.925453160e-07 2.100000000e+00 0.000000000e+00 0.000000000e+00 -3.313921033e-22 -3.712370904e-24 -8.914895700e-15 1.602747324e-19 8.912650321e-15 3.712522138e-24 8.915254524e-15 -1.250411583e-19 -8.913008766e-15 
d 1.000000000e-06 9.902392402e-07 2.000000000e+00 0.000000000e+00 0.000000000e+00 1.912220988e-22 -3.759666842e-24 -8.971754701e-15 -2.096190470e-19 8.970859148e-15 3.758841732e-24 8.969809175e-15 2.577463525e-20 -8.968913719e-15 
d 1.000000000e-06 9.872262760e-07 1.900000000e+00 0.000000000e+00 0.000000000e+00 1.288067363e-23 -3.817923261e-24 -9.037183751e-15 2.513382760e-19 9.036940551e-15 3.819614537e-24 9.041139706e-15 1.194821619e-19 -9.040896654e-15 
d 1.000000000e-06 9.832936171e-07 1.800000000e+00 0.000000000e+00 0.000000000e+00 -4.843196564e-22 -3.896101975e-24 -9.130368535e-15 2.193858707e-19 9.126009329e-15 3.896111610e-24 9.130390849e-15 -1.963764979e-19 -9.126031490e-15 
d 1.000000000e-06 9.781669106e-07 1.700000000e+00 0.000000000e+00 0.000000000e+00 5.991837957e-22 -4.004052845e-24 -9.254445853e-15 1.222108648e-20 9.253058859e-15 4.004641318e-24 9.255790227e-15 1.116513359e-19 -9.254403149e-15 
d 1.000000000e-06 9.714942260e-07 1.600000000e+00 0.000000000e+00 0.000000000e+00 6.373703563e-22 -4.144532111e-24 -9.415319800e-15 -1.725015067e-19 9.413662083e-15 4.144456379e-24 9.415149717e-15 1.695804903e-19 -9.413492081e-15 
d 1.000000000e-06 9.628271911e-07 1.500000000e+00 0.000000000e+00 0.000000000e+00 -4.334430173e-22 -4.329606510e-24 -9.622499658e-15 -3.123664128e-19 9.621310932e-15 4.329430300e-24 9.622112407e-15 2.672888013e-19 -9.620923789e-15 
d 1.000000000e-06 9.515999338e-07 1.400000000e+00 0.000000000e+00 0.000000000e+00 3.950733256e-22 -4.567439039e-24 -9.882544634e-15 1.620081691e-20 9.876204492e-15 4.567229466e-24 9.882096119e-15 -4.709503863e-20 -9.875756283e-15 
d 1.000000000e-06 9.371077103e-07 1.300000000e+00 0.000000000e+00 0.000000000e+00 -3.951989201e-22 -4.883867042e-24 -1.021928633e-14 -1.223107569e-19 1.021114313e-14 4.882730246e-24 1.021693272e-14 -7.806848195e-20 -1.020879151e-14 
d 1.000000000e-06 9.184893544e-07 1.200000000e+00 0.000000000e+00 0.000000000e+00 2.549478135e-22 -5.294419022e-24 -1.063920655e-14 -1.158734162e-19 1.062923885e-14 5.293364279e-24 1.063710853e-14 -4.787095525e-20 -1.062714261e-14 
d 1.000000000e-06 8.947215245e-07 1.100000000e+00 0.000000000e+00 0.000000000e+00 -3.824456037e-23 -5.822860928e-24 -1.115547983e-14 -6.300261956e-20 1.114462931e-14 5.822949146e-24 1.115564719e-14 7.812200377e-20 -1.114479634e-14 
d 1.000000000e-06 8.646389374e-07 1.000000000e+00 0.000000000e+00 0.000000000e+00 -1.402294344e-22 -6.488881705e-24 -1.177594761e-14 -7.387893448e-20 1.176057309e-14 6.488041517e-24 1.177443689e-14 -3.353732305e-20 -1.175906438e-14 
d 1.000000000e-06 8.270046387e-07 9.000000000e-01 0.000000000e+00 0.000000000e+00 -5.481699232e-22 -7.303748277e-24 -1.249225056e-14 -6.788596021e-20 1.247251998e-14 7.302407253e-24 1.248997687e-14 -8.532409980e-20 -1.247025020e-14 
d 1.000000000e-06 7.806714152e-07 8.000000000e-01 0.000000000e+00 0.000000000e+00 -6.501549528e-22 -8.240015861e-24 -1.326458187e-14 1.420401449e-19 1.324099581e-14 8.240740807e-24 1.326573926e-14 -6.679145669e-20 -1.324215151e-14 
d 1.000000000e-06 7.249146155e-07 7.000000000e-01 0.000000000e+00 0.000000000e+00 -1.529776757e-22 -9.184082286e-24 -1.400076332e-14 -3.587947249e-20 1.397411033e-14 9.183696204e-24 1.400017937e-14 -7.263814857e-21 -1.397352692e-14 
d 1.000000000e-06 6.601519999e-07 6.000000000e-01 0.000000000e+00 0.000000000e+00 4.461852654e-22 -9.754539069e-24 -1.442271944e-14 7.573026915e-20 1.439093800e-14 9.754379290e-24 1.442248501e-14 -9.677427422e-20 -1.439070428e-14 
d 1.000000000e-06 5.899286453e-07 5.000000000e-01 0.000000000e+00 0.000000000e+00 7.649718676e-23 -8.795362316e-24 -1.368827845e-14 3.837782855e-20 1.365698839e-14 8.795526359e-24 1.368853166e-14 -1.597336541e-20 -1.365724160e-14 
d 1.000000000e-06 5.288153729e-07 4.000000000e-01 0.000000000e+00 0.000000000e+00 2.039702136e-22 -3.291136365e-24 -8.394646737e-15 -1.065940755e-20 8.374668920e-15 3.291060757e-24 8.394456549e-15 -1.497465239e-20 -8.374479246e-15 
d 1.000000000e-06 5.083373306e-07 3.000000000e-01 0.000000000e+00 0.000000000e+00 5.099265903e-23 -2.125072528e-26 -7.840447779e-16 -5.952770191e-22 7.821610030e-16 2.125072035e-26 7.840446248e-16 -4.189693662e-21 -7.821608504e-16 
d 1.000000000e-06 5.067113362e-07 2.000000000e-01 0.000000000e+00 0.000000000e+00 -3.951919325e-22 -1.147160903e-29 -1.492616056e-16 1.034746573e-21 1.489025976e-16 1.147160916e-29 1.492616058e-16 4.936085237e-21 -1.489025978e-16 
d 1.000000000e-06 5.059312216e-07 1.000000000e-01 0.000000000e+00 0.000000000e+00 -1.657257821e-22 -5.442863752e-33 -1.511715213e-16 -7.432564655e-22 1.508077404e-16 5.442863751e-33 1.511715213e-16 -4.931345538e-21 -1.508077404e-16 
d 1.000000000e-06 5.050473746e-07 3.788603129e-15 0.000000000e+00 0.000000000e+00 -5.609180318e-22 -3.334014018e-36 -1.800110965e-16 9.373823389e-22 1.795776749e-16 3.334014018e-36 1.800110965e-16 -3.081999814e-21 -1.795776749e-16 
d 1.000000000e-06 5.039754144e-07 -1.000000000e-01 0.000000000e+00 0.000000000e+00 -1.019850967e-22 -1.143346227e-36 -2.247703618e-16 1.428748227e-21 2.242288077e-16 1.143346227e-36 2.247703618e-16 3.698392892e-21 -2.242288077e-16 
d 1.000000000e-06 5.025075981e-07 -2.000000000e-01 0.000000000e+00 0.000000000e+00 -7.138956768e-22 -2.713382062e-36 -3.416317311e-16 -2.498619077e-21 3.408078622e-16 2.713382062e-36 3.416317311e-16 2.157395803e-20 -3.408078622e-16 
d 1.000000000e-06 4.992978615e-07 -3.000000000e-01 0.000000000e+00 0.000000000e+00 5.864143059e-22 -3.739821899e-35 -1.255393387e-15 8.533202596e-21 1.252359915e-15 3.739821899e-35 1.255393387e-15 -4.931190404e-21 -1.252359915e-15 
d 1.000000000e-06 4.743732333e-07 -4.000000000e-01 0.000000000e+00 0.000000000e+00 6.883994026e-22 -2.056583127e-33 -9.391634898e-15 3.935756383e-20 9.368609050e-15 2.056583127e-33 9.391634898e-15 -8.136464171e-20 -9.368609050e-15 
d 1.000000000e-06 4.026369946e-07 -5.000000000e-01 0.000000000e+00 0.000000000e+00 -4.334366609e-22 -5.759507054e-33 -1.577292415e-14 -5.871837875e-20 1.573289128e-14 5.759507054e-33 1.577292415e-14 4.191511846e-20 -1.573289128e-14 
d 1.000000000e-06 3.045167014e-07 -6.000000000e-01 0.000000000e+00 0.000000000e+00 4.334366609e-22 -7.933457740e-33 -1.853908747e-14 -4.233017882e-22 1.849041937e-14 7.933457740e-33 1.853908747e-14 -9.677461173e-20 -1.849041937e-14 
d 1.000000000e-06 1.909608713e-07 -7.000000000e-01 0.000000000e+00 0.000000000e+00 1.784739192e-22 -9.332376232e-33 -2.012417057e-14 -5.817105310e-20 2.007003150e-14 9.332376232e-33 2.012417057e-14 1.861524378e-19 -2.007003150e-14 
d 1.000000000e-06 6.742086569e-08 -8.000000000e-01 0.000000000e+00 0.000000000e+00 -5.864143059e-22 -1.017799614e-32 -2.102762845e-14 4.035246959e-20 2.097032418e-14 1.017799614e-32 2.102762845e-14 -1.701260690e-19 -2.097032418e-14 
d 1.000000000e-06 -6.125102941e-08 -9.000000000e-01 0.000000000e+00 0.000000000e+00 -7.648882252e-23 -1.048446967e-32 -2.134971559e-14 -1.568898144e-19 2.129151538e-14 1.048446967e-32 2.134971559e-14 3.371701440e-19 -2.129151538e-14 
d 1.000000000e-06 -1.900886544e-07 -1.000000000e+00 0.000000000e+00 0.000000000e+00 -1.529776450e-22 -1.026912288e-32 -2.113441548e-14 -3.777801848e-20 2.107755076e-14 1.026912288e-32 2.113441548e-14 -2.712154724e-20 -2.107755076e-14 
d 1.000000000e-06 -3.142896081e-07 -1.100000000e+00 0.000000000e+00 0.000000000e+00 -1.784739192e-22 -9.614558608e-33 -2.045269614e-14 -7.735104630e-20 2.039915338e-14 9.614558608e-33 2.045269614e-14 -2.712154724e-20 -2.039915338e-14 
d 1.000000000e-06 -4.297355694e-07 -1.200000000e+00 0.000000000e+00 0.000000000e+00 5.354217576e-22 -8.663038511e-33 -1.941554245e-14 7.815438471e-22 1.936684867e-14 8.663038511e-33 1.941554245e-14 1.442373194e-19 -1.936684867e-14 
d 1.000000000e-06 -5.334376753e-07 -1.300000000e+00 0.000000000e+00 0.000000000e+00 2.549627417e-22 -7.577167097e-33 -1.815806025e-14 -3.151194745e-19 1.811515848e-14 7.577167097e-33 1.815806025e-14 4.992830287e-19 -1.811515848e-14 
d 1.000000000e-06 -6.237419147e-07 -1.400000000e+00 0.000000000e+00 0.000000000e+00 -3.824441126e-22 -6.497613054e-33 -1.681411160e-14 -3.947316899e-20 1.677735799e-14 6.497613054e-33 1.681411160e-14 1.559488966e-19 -1.677735799e-14 
d 1.000000000e-06 -7.002628998e-07 -1.500000000e+00 0.000000000e+00 0.000000000e+00 3.059552901e-22 -5.518834605e-33 -1.549483830e-14 -1.181947664e-19 1.546409930e-14 5.518834605e-33 1.549483830e-14 1.312929446e-19 -1.546409930e-14 
d 1.000000000e-06 -7.636186918e-07 -1.600000000e+00 0.000000000e+00 0.000000000e+00 2.549627417e-22 -4.686784960e-33 -1.427770274e-14 -2.356061839e-19 1.425250329e-14 4.686784960e-33 1.427770274e-14 2.558055023e-19 -1.425250329e-14 
d 1.000000000e-06 -8.150826065e-07 -1.700000000e+00 0.000000000e+00 0.000000000e+00 5.354217576e-22 -4.010488800e-33 -1.320606075e-14 1.182788027e-19 1.318573543e-14 4.010488800e-33 1.320606075e-14 2.151231815e-19 -1.318573543e-14 
d 1.000000000e-06 -8.562529384e-07 -1.800000000e+00 0.000000000e+00 0.000000000e+00 2.549627417e-22 -3.477217359e-33 -1.229547108e-14 2.363970924e-19 1.227928761e-14 3.477217359e-33 1.229547108e-14 -6.533827289e-20 -1.227928761e-14 
d 1.000000000e-06 -8.887979183e-07 -1.900000000e+00 0.000000000e+00 0.000000000e+00 -6.629031284e-22 -3.064896757e-33 -1.154239673e-14 1.181227146e-19 1.152964077e-14 3.064896757e-33 1.154239673e-14 -5.670868968e-20 -1.152964077e-14 
d 1.000000000e-06 -9.142906850e-07 -2.000000000e+00 0.000000000e+00 0.000000000e+00 2.549627417e-23 -2.749889080e-33 -1.093228444e-14 1.577893234e-19 1.092230848e-14 2.749889080e-33 1.093228444e-14 -2.724482700e-19 -1.092230848e-14 
d 1.000000000e-06 -9.341223334e-07 -2.100000000e+00 0.000000000e+00 0.000000000e+00 -7.648882252e-23 -2.510849572e-33 -1.044567524e-14 -3.871610033e-20 1.043792022e-14 2.510849572e-33 1.044567524e-14 -8.629583211e-20 -1.043792022e-14 
d 1.000000000e-06 -9.494708711e-07 -2.200000000e+00 0.000000000e+00 0.000000000e+00 5.609180318e-22 -2.330078179e-33 -1.006217934e-14 -1.583410281e-19 1.005617852e-14 2.330078179e-33 1.006217934e-14 3.143633884e-20 -1.005617852e-14 
d 1.000000000e-06 -9.613044128e-07 -2.300000000e+00 0.000000000e+00 0.000000000e+00 5.609180318e-22 -2.193570373e-33 -9.762714565e-15 -1.977219382e-19 9.758087480e-15 2.193570373e-33 9.762714565e-15 1.177321710e-19 -9.758087480e-15 
d 1.000000000e-06 -9.704020358e-07 -2.400000000e+00 0.000000000e+00 0.000000000e+00 -7.648882250e-23 -2.090531691e-33 -9.530544616e-15 -3.913947802e-20 9.526986414e-15 2.090531691e-33 9.530544616e-15 -2.243691635e-19 -9.526986414e-15 
d 1.000000000e-06 -9.773814577e-07 -2.500000000e+00 0.000000000e+00 0.000000000e+00 3.824441126e-22 -2.012757279e-33 -9.351582447e-15 3.555971422e-19 9.348851889e-15 2.012757279e-33 9.351582447e-15 -4.622991006e-20 -9.348851889e-15 
d 1.000000000e-06 -9.827273220e-07 -2.600000000e+00 0.000000000e+00 0.000000000e+00 3.824441126e-22 -1.954052168e-33 -9.214293432e-15 4.336285244e-19 9.212201367e-15 1.954052168e-33 9.214293432e-15 1.103353853e-19 -9.212201367e-15 
d 1.000000000e-06 -9.868170125e-07 -2.700000000e+00 0.000000000e+00 0.000000000e+00 5.099254834e-22 -1.909750318e-33 -9.109411967e-15 2.364067894e-19 9.107811091e-15 1.909750318e-33 9.109411967e-15 1.294437483e-20 -9.107811091e-15 
d 1.000000000e-06 -9.899428002e-07 -2.800000000e+00 0.000000000e+00 0.000000000e+00 4.334366609e-22 -1.876337640e-33 -9.029595845e-15 -3.976682595e-20 9.028372027e-15 1.876337640e-33 9.029595845e-15 -1.208141650e-19 -9.028372027e-15 
d 1.000000000e-06 -9.923301464e-07 -2.900000000e+00 0.000000000e+00 0.000000000e+00 5.099254834e-22 -1.851164840e-33 -8.969084251e-15 -7.905415054e-20 8.968149397e-15 1.851164840e-33 8.969084251e-15 -1.966312175e-19 -8.968149397e-15 
d 1.000000000e-06 -9.941524696e-07 -3.000000000e+00 0.000000000e+00 0.000000000e+00 3.569478384e-22 -1.832231620e-33 -8.923390047e-15 7.925034189e-20 8.922676361e-15 1.832231620e-33 8.923390047e-15 2.773794604e-19 -8.922676361e-15 
d 1.000000000e-06 -9.955428702e-07 -3.100000000e+00 0.000000000e+00 0.000000000e+00 3.569478384e-22 -1.818025387e-33 -8.889037265e-15 -1.970493046e-19 8.888492687e-15 1.818025387e-33 8.889037265e-15 -1.479357122e-19 -8.888492687e-15 
d 1.000000000e-06 -9.966033369e-07 -3.200000000e+00 0.000000000e+00 0.000000000e+00 4.079403867e-22 -1.807400773e-33 -8.863344463e-15 3.548589202e-19 8.862929085e-15 1.807400773e-33 8.863344463e-15 -5.060634155e-19 -8.862929085e-15 
d 1.000000000e-06 -9.974119223e-07 -3.300000000e+00 0.000000000e+00 0.000000000e+00 -2.549627415e-23 -1.799489517e-33 -8.844249799e-15 -7.847200296e-20 8.843933070e-15 1.799489517e-33 8.844249799e-15 -2.151231815e-19 -8.843933070e-15 
d 1.000000000e-06 -9.980283026e-07 -3.400000000e+00 0.000000000e+00 0.000000000e+00 -3.696959755e-22 -1.793632873e-33 -8.830171918e-15 -3.154714992e-19 8.829930473e-15 1.793632873e-33 8.830171918e-15 -2.632022879e-19 -8.829930473e-15 
d 1.000000000e-06 -9.984980703e-07 -3.500000000e+00 0.000000000e+00 0.000000000e+00 -2.294664675e-22 -1.789330772e-33 -8.819900500e-15 -3.890815973e-20 8.819716484e-15 1.789330772e-33 8.819900500e-15 -3.347045488e-19 -8.819716484e-15 
d 1.000000000e-06 -9.988560370e-07 -3.600000000e+00 0.000000000e+00 0.000000000e+00 5.864143059e-22 -1.786203481e-33 -8.812510805e-15 -1.184377633e-19 8.812370584e-15 1.786203481e-33 8.812510805e-15 -7.372129658e-19 -8.812370584e-15 
d 1.000000000e-06 -9.991287701e-07 -3.700000000e+00 0.000000000e+00 0.000000000e+00 6.374068543e-22 -1.783962627e-33 -8.807297361e-15 2.364196768e-19 8.807190528e-15 1.783962627e-33 8.807297361e-15 -7.994692447e-19 -8.807190528e-15 
d 1.000000000e-06 -9.993365375e-07 -3.800000000e+00 0.000000000e+00 0.000000000e+00 -7.648882253e-23 -1.782389243e-33 -8.803722700e-15 2.767313959e-19 8.803641316e-15 1.782389243e-33 8.803722700e-15 -2.977206208e-19 -8.803641316e-15 
d 1.000000000e-06 -9.994947965e-07 -3.900000000e+00 0.000000000e+00 0.000000000e+00 -3.569478384e-22 -1.781317123e-33 -8.801377884e-15 1.971369219e-19 8.801315895e-15 1.781317123e-33 8.801377884e-15 -2.138903839e-19 -8.801315895e-15 
d 1.000000000e-06 -9.996153322e-07 -4.000000000e+00 0.000000000e+00 0.000000000e+00 -2.039701934e-22 -1.780620174e-33 -8.799952173e-15 -1.975558129e-19 8.799904960e-15 1.780620174e-33 8.799952173e-15 1.097189865e-19 -8.799904960e-15 
d 1.000000000e-06 -9.997071284e-07 -4.100000000e+00 0.000000000e+00 0.000000000e+00 1.529776450e-22 -1.780202809e-33 -8.799209758e-15 -5.128831718e-19 8.799173803e-15 1.780202809e-33 8.799209758e-15 -6.348907648e-20 -8.799173803e-15 
d 1.000000000e-06 -9.997770319e-07 -4.200000000e+00 0.000000000e+00 0.000000000e+00 3.569478384e-22 -1.779992638e-33 -8.798971965e-15 -1.178927514e-19 8.798944586e-15 1.779992638e-33 8.798971965e-15 -1.843032414e-19 -8.798944586e-15 
d 1.000000000e-06 -9.998302600e-07 -4.300000000e+00 0.000000000e+00 0.000000000e+00 3.824441126e-22 -1.779934903e-33 -8.799103630e-15 3.155167962e-19 8.799082783e-15 1.779934903e-33 8.799103630e-15 -3.698392807e-21 -8.799082783e-15 
d 1.000000000e-06 -9.998707878e-07 -4.400000000e+00 0.000000000e+00 0.000000000e+00 -1.019850967e-22 -1.779988253e-33 -8.799502708e-15 1.579184719e-19 8.799486835e-15 1.779988253e-33 8.799502708e-15 2.767630616e-19 -8.799486835e-15 
d 1.000000000e-06 -9.999016439e-07 -4.500000000e+00 0.000000000e+00 0.000000000e+00 2.039701934e-22 -1.780121515e-33 -8.800092328e-15 -3.945531587e-20 8.800080243e-15 1.780121515e-33 8.800092328e-15 -8.999422492e-20 -8.800080243e-15 
d 1.000000000e-06 -9.999251348e-07 -4.600000000e+00 0.000000000e+00 0.000000000e+00 -5.099254834e-22 -1.780311250e-33 -8.800814747e-15 5.129590373e-19 8.800805547e-15 1.780311250e-33 8.800814747e-15 -9.202834096e-19 -8.800805547e-15 
d 1.000000000e-06 -9.999430178e-07 -4.700000000e+00 0.000000000e+00 0.000000000e+00 6.374068542e-22 -1.780539882e-33 -8.801626739e-15 6.701001860e-19 8.801619736e-15 1.780539882e-33 8.801626739e-15 -6.490679373e-19 -8.801619736e-15 
d 1.000000000e-06 -9.999566308e-07 -4.800000000e+00 0.000000000e+00 0.000000000e+00 3.824441126e-22 -1.780794286e-33 -8.802496078e-15 -3.910482072e-20 8.802490747e-15 1.780794286e-33 8.802496078e-15 -7.711148998e-19 -8.802490747e-15 
d 1.000000000e-06 -9.999669929e-07 -4.900000000e+00 0.000000000e+00 0.000000000e+00 7.648882250e-23 -1.781064699e-33 -8.803398868e-15 7.885819791e-20 8.803394810e-15 1.781064699e-33 8.803398868e-15 2.915566328e-19 -8.803394810e-15 
d 1.000000000e-06 -9.999748802e-07 -5.000000000e+00 0.000000000e+00 0.000000000e+00 -4.844292092e-22 -1.781343908e-33 -8.804317513e-15 -2.760327893e-19 8.804314424e-15 1.781343908e-33 8.804317513e-15 -7.433769538e-19 -8.804314424e-15 
