v VICTORYDEVICE
# silvaco.file ASCII version=1.14.23 format=1 contents=SDB,Tables=1

Copyright "###################################################################"
Copyright "#                    Copyright Silvaco Inc. (c)                   #"
Copyright "#                            1992-2014                            #"
Copyright "#                                                                 #"
Copyright "# This file format and the following Key are copyright Silvaco    #"
Copyright "# International. You may not use, this format or key without      #"
Copyright "# reproducing this message in full and obtaining                  #"
Copyright "# express written permission from Silvaco Inc.                    #"
Copyright "#                                                                 #"
Copyright "# To obtain such permission please contact: Silvaco Inc.          #"
Copyright "#                                           support@silvaco.com   #"
Copyright "#                                                                 #"
Copyright "# KEY=SVC86hn7562asdx                       PROD=345              #"
Copyright "###################################################################"
#This file was created by VICTORYDEVICE version 1.12.1.R
#victoryd 1.12.1.R (Thu Apr 12 10:17:20 PDT 2018)
#libSDB 1.12.42 (Thu Oct 26 19:20:24 PDT 2017)
a VICTORYDEVICE
j 1 9
k 4
r 1 92
x 3 43 42 46
w source 1 1
r 2 92
x 3 43 42 46
w gate 1 2
r 3 92
x 3 43 42 46
w drain 1 3
r 4 92
x 3 43 42 46
w substrate 1 4
y 1 15
z 300
p 12 2 601 20 3 602 21 4 603 22 5 604 23
d 0 0 2.2053250132563092e-09 -0.01 -0.01 0 -0.050000000000000003 -0.050000000000000003 -2.2053250118980095e-09 0 0 2.2306996843918155e-19
d 0 0 8.1574570906646083e-09 -0.050000000000000003 -0.050000000000000003 0 -0.050000000000000003 -0.050000000000000003 -8.1574570894392974e-09 0 0 2.2119848614037804e-19
d 0 0 3.990257905912626e-08 -0.10000000000000001 -0.10000000000000001 0 -0.050000000000000003 -0.050000000000000003 -3.9902579060729739e-08 0 0 2.206602489530124e-19
d 0 0 1.7412251381465115e-07 -0.15000000000000002 -0.15000000000000002 0 -0.050000000000000003 -0.050000000000000003 -1.7412251381365496e-07 0 0 2.2581248774502061e-19
d 0 0 5.8995153532305955e-07 -0.20000000000000001 -0.20000000000000001 0 -0.050000000000000003 -0.050000000000000003 -5.8995153532321054e-07 0 0 2.2743012834755655e-19
d 0 0 1.2091984046521461e-06 -0.25 -0.25 0 -0.050000000000000003 -0.050000000000000003 -1.2091984046532804e-06 0 0 2.2149785278703225e-19
d 0 0 1.9410461149934866e-06 -0.29999999999999999 -0.29999999999999999 0 -0.050000000000000003 -0.050000000000000003 -1.9410461149940566e-06 0 0 2.1110352513942304e-19
d 0 0 2.7168420276937671e-06 -0.34999999999999998 -0.34999999999999998 0 -0.050000000000000003 -0.050000000000000003 -2.7168420276933635e-06 0 0 2.0561112613408659e-19
d 0 0 3.4813556939523402e-06 -0.39999999999999997 -0.39999999999999997 0 -0.050000000000000003 -0.050000000000000003 -3.4813556939519104e-06 0 0 2.1062809327710997e-19
d 0 0 4.2063414085966493e-06 -0.44999999999999996 -0.44999999999999996 0 -0.050000000000000003 -0.050000000000000003 -4.2063414085965654e-06 0 0 2.2303891327148049e-19
d 0 0 4.8690447153722718e-06 -0.49999999999999994 -0.49999999999999994 0 -0.050000000000000003 -0.050000000000000003 -4.8690447153741632e-06 0 0 2.418840441985379e-19
d 0 0 5.4704934088027545e-06 -0.54999999999999993 -0.54999999999999993 0 -0.050000000000000003 -0.050000000000000003 -5.4704934088024258e-06 0 0 2.5961210826656023e-19
d 0 0 6.023633506361736e-06 -0.59999999999999998 -0.59999999999999998 0 -0.050000000000000003 -0.050000000000000003 -6.0236335063620952e-06 0 0 2.7815071839518999e-19
d 0 0 6.5318928978789653e-06 -0.65000000000000002 -0.65000000000000002 0 -0.050000000000000003 -0.050000000000000003 -6.5318928978803561e-06 0 0 2.9428613850443485e-19
d 0 0 7.0033893648661781e-06 -0.70000000000000007 -0.70000000000000007 0 -0.050000000000000003 -0.050000000000000003 -7.003389364864346e-06 0 0 3.0095332875066691e-19
d 0 0 7.4426707824840209e-06 -0.75000000000000011 -0.75000000000000011 0 -0.050000000000000003 -0.050000000000000003 -7.4426707824841378e-06 0 0 3.0134476508582938e-19
d 0 0 7.8484619113601998e-06 -0.80000000000000004 -0.80000000000000004 0 -0.050000000000000003 -0.050000000000000003 -7.8484619113601253e-06 0 0 2.9271295295984188e-19
Q 2 13 "Voltage #01"
Q 3 13 "Voltage #02"
Q 4 13 "Voltage #03"
Q 5 13 "Voltage #04"
Q 20 13 "Current #01"
Q 21 13 "Current #02"
Q 22 13 "Current #03"
Q 23 13 "Current #04"
Q 92 21 Contact
Q 601 13 "Int. Voltage #01"
Q 602 13 "Int. Voltage #02"
Q 603 13 "Int. Voltage #03"
Q 604 13 "Int. Voltage #04"
EOF 1108701295
