v VICTORYDEVICE
# silvaco.file ASCII version=1.14.23 format=1 contents=SDB,Tables=1

Copyright "###################################################################"
Copyright "#                    Copyright Silvaco Inc. (c)                   #"
Copyright "#                            1992-2014                            #"
Copyright "#                                                                 #"
Copyright "# This file format and the following Key are copyright Silvaco    #"
Copyright "# International. You may not use, this format or key without      #"
Copyright "# reproducing this message in full and obtaining                  #"
Copyright "# express written permission from Silvaco Inc.                    #"
Copyright "#                                                                 #"
Copyright "# To obtain such permission please contact: Silvaco Inc.          #"
Copyright "#                                           support@silvaco.com   #"
Copyright "#                                                                 #"
Copyright "# KEY=SVC86hn7562asdx                       PROD=345              #"
Copyright "###################################################################"
#This file was created by VICTORYDEVICE version 1.12.1.R
#victoryd 1.12.1.R (Thu Apr 12 10:17:20 PDT 2018)
#libSDB 1.12.42 (Thu Oct 26 19:20:24 PDT 2017)
a VICTORYDEVICE
j 1 9
k 4
r 1 92
x 3 43 42 46
w source 1 1
r 2 92
x 3 43 42 46
w gate 1 2
r 3 92
x 3 43 42 46
w drain 1 3
r 4 92
x 3 43 42 46
w substrate 1 4
y 1 15
z 300
p 12 2 601 20 3 602 21 4 603 22 5 604 23
d 0 0 2.0063131994922824e-09 -0.01 -0.01 0 -0.050000000000000003 -0.050000000000000003 -2.0063131982238518e-09 0 0 2.2424248500776483e-19
d 0 0 7.3676488341304232e-09 -0.050000000000000003 -0.050000000000000003 0 -0.050000000000000003 -0.050000000000000003 -7.3676488349525134e-09 0 0 2.2228373980122628e-19
d 0 0 3.5530475117767653e-08 -0.10000000000000001 -0.10000000000000001 0 -0.050000000000000003 -0.050000000000000003 -3.5530475116963832e-08 0 0 2.21093982167183e-19
d 0 0 1.5111490393497972e-07 -0.15000000000000002 -0.15000000000000002 0 -0.050000000000000003 -0.050000000000000003 -1.5111490393613174e-07 0 0 2.2609309115390951e-19
d 0 0 4.9327362725453557e-07 -0.20000000000000001 -0.20000000000000001 0 -0.050000000000000003 -0.050000000000000003 -4.9327362725443022e-07 0 0 2.2870792344651631e-19
d 0 0 1.0022918281690671e-06 -0.25 -0.25 0 -0.050000000000000003 -0.050000000000000003 -1.002291828170315e-06 0 0 2.2223084037122465e-19
d 0 0 1.6007607735705937e-06 -0.29999999999999999 -0.29999999999999999 0 -0.050000000000000003 -0.050000000000000003 -1.6007607735712357e-06 0 0 2.1244738248765242e-19
d 0 0 2.2275756780333402e-06 -0.34999999999999998 -0.34999999999999998 0 -0.050000000000000003 -0.050000000000000003 -2.2275756780333927e-06 0 0 2.0785536430816052e-19
d 0 0 2.8402107027875789e-06 -0.39999999999999997 -0.39999999999999997 0 -0.050000000000000003 -0.050000000000000003 -2.8402107027887783e-06 0 0 2.1120017221762067e-19
d 0 0 3.4193616749125826e-06 -0.44999999999999996 -0.44999999999999996 0 -0.050000000000000003 -0.050000000000000003 -3.4193616749122671e-06 0 0 2.2340549209936295e-19
d 0 0 3.9508460517385143e-06 -0.49999999999999994 -0.49999999999999994 0 -0.050000000000000003 -0.050000000000000003 -3.9508460517380289e-06 0 0 2.4083169049367113e-19
d 0 0 4.4347514494083485e-06 -0.54999999999999993 -0.54999999999999993 0 -0.050000000000000003 -0.050000000000000003 -4.4347514494080673e-06 0 0 2.6172787461593099e-19
d 0 0 4.8803627325298579e-06 -0.59999999999999998 -0.59999999999999998 0 -0.050000000000000003 -0.050000000000000003 -4.8803627325296224e-06 0 0 2.7982717530486076e-19
d 0 0 5.2909324555325611e-06 -0.65000000000000002 -0.65000000000000002 0 -0.050000000000000003 -0.050000000000000003 -5.2909324555308492e-06 0 0 2.9465870771941621e-19
d 0 0 5.6729870859046619e-06 -0.70000000000000007 -0.70000000000000007 0 -0.050000000000000003 -0.050000000000000003 -5.6729870859072343e-06 0 0 3.0341567918195297e-19
d 0 0 6.0294197943446804e-06 -0.75000000000000011 -0.75000000000000011 0 -0.050000000000000003 -0.050000000000000003 -6.0294197943431253e-06 0 0 3.0260364081720743e-19
d 0 0 6.3594610630204725e-06 -0.80000000000000004 -0.80000000000000004 0 -0.050000000000000003 -0.050000000000000003 -6.359461063020874e-06 0 0 2.9460725842811343e-19
Q 2 13 "Voltage #01"
Q 3 13 "Voltage #02"
Q 4 13 "Voltage #03"
Q 5 13 "Voltage #04"
Q 20 13 "Current #01"
Q 21 13 "Current #02"
Q 22 13 "Current #03"
Q 23 13 "Current #04"
Q 92 21 Contact
Q 601 13 "Int. Voltage #01"
Q 602 13 "Int. Voltage #02"
Q 603 13 "Int. Voltage #03"
Q 604 13 "Int. Voltage #04"
EOF 1108701295
