v ATLAS
# This file was created by ATLAS version 5.26.1.R on Wed Apr 18 18:33:38 2018.
#SSF 2.0 generic
##############################################################################
#                    Copyright (c) 1984 - 2018                               #
#                    Silvaco Inc. All rights reserved                        #
#                                                                            #
# This file format and the following Key are copyright Silvaco Inc.          #
# You may not use, this format or key without reproducing this message in    #
# full and obtaining express written permission from Silvaco Inc.            #
#                                                                            #
# To obtain such permission please contact: Silvaco Inc.                     #
#                                           support@silvaco.com              #
#                                                                            #
# KEY=SVC86hn7562asdx                       PROD=345                         #
##############################################################################
y 1 15
z 300
f 3 "emitter" "base" "collector" 
p 9 2 601 20 3 602 21 4 603 22 
d 0.000000000e+00 0.000000000e+00 -3.842352048e-19 2.500000000e-02 2.500000000e-02 -1.146396438e-16 2.000000000e+00 2.000000000e+00 8.466792975e-17 
d 0.000000000e+00 0.000000000e+00 -2.334593650e-19 1.000000000e-01 1.000000000e-01 -6.408552283e-16 2.000000000e+00 2.000000000e+00 -7.609218901e-16 
d 0.000000000e+00 0.000000000e+00 -7.587429362e-18 2.000000000e-01 2.000000000e-01 -2.060427848e-16 2.000000000e+00 2.000000000e+00 1.592192870e-16 
d 0.000000000e+00 0.000000000e+00 -7.717291135e-17 3.000000000e-01 3.000000000e-01 -1.276116855e-16 2.000000000e+00 2.000000000e+00 1.114379369e-16 
d 0.000000000e+00 0.000000000e+00 -9.305836210e-16 4.000000000e-01 4.000000000e-01 9.147185694e-16 2.000000000e+00 2.000000000e+00 7.688595092e-17 
d 0.000000000e+00 0.000000000e+00 -1.040724403e-14 5.000000000e-01 5.000000000e-01 1.036223677e-14 2.000000000e+00 2.000000000e+00 1.525267852e-16 
d 0.000000000e+00 0.000000000e+00 -8.280328251e-14 6.000000000e-01 6.000000000e-01 8.252469738e-14 2.000000000e+00 2.000000000e+00 3.582823055e-16 
d 0.000000000e+00 0.000000000e+00 -4.943755575e-13 7.000000000e-01 7.000000000e-01 4.851325040e-13 2.000000000e+00 2.000000000e+00 9.237208873e-15 
d 0.000000000e+00 0.000000000e+00 -3.338011946e-12 8.000000000e-01 8.000000000e-01 2.904961737e-12 2.000000000e+00 2.000000000e+00 4.330173173e-13 
d 0.000000000e+00 0.000000000e+00 -4.258310144e-11 9.000000000e-01 9.000000000e-01 2.208190157e-11 2.000000000e+00 2.000000000e+00 2.050116425e-11 
d 0.000000000e+00 0.000000000e+00 -1.188479030e-09 1.000000000e+00 1.000000000e+00 2.202798123e-10 2.000000000e+00 2.000000000e+00 9.681992171e-10 
d 0.000000000e+00 0.000000000e+00 -4.781556356e-08 1.100000000e+00 1.100000000e+00 2.340352818e-09 2.000000000e+00 2.000000000e+00 4.547521077e-08 
d 0.000000000e+00 0.000000000e+00 -2.098328647e-06 1.200000000e+00 1.200000000e+00 2.750713883e-08 2.000000000e+00 2.000000000e+00 2.070821508e-06 
d 0.000000000e+00 0.000000000e+00 -6.035571770e-05 1.300000000e+00 1.300000000e+00 3.622933749e-07 2.000000000e+00 2.000000000e+00 5.999342432e-05 
d 0.000000000e+00 0.000000000e+00 -4.181702191e-04 1.400000000e+00 1.400000000e+00 1.911815165e-06 2.000000000e+00 2.000000000e+00 4.162584039e-04 
d 0.000000000e+00 0.000000000e+00 -7.969635464e-04 1.450000000e+00 1.450000000e+00 3.587943740e-06 2.000000000e+00 2.000000000e+00 7.933756027e-04 
d 0.000000000e+00 0.000000000e+00 -1.054060650e-03 1.475000000e+00 1.475000000e+00 4.988511051e-06 2.000000000e+00 2.000000000e+00 1.049072139e-03 
d 0.000000000e+00 0.000000000e+00 -1.126921812e-03 1.481250000e+00 1.481250000e+00 5.402165253e-06 2.000000000e+00 2.000000000e+00 1.121519646e-03 
d 0.000000000e+00 0.000000000e+00 -1.202187598e-03 1.487500000e+00 1.487500000e+00 5.864800999e-06 2.000000000e+00 2.000000000e+00 1.196322797e-03 
d 0.000000000e+00 0.000000000e+00 -1.360400708e-03 1.500000000e+00 1.500000000e+00 6.938150037e-06 2.000000000e+00 2.000000000e+00 1.353462558e-03 
