v ATLAS
# This file was created by ATLAS version 5.26.1.R on Mon Apr 16 18:07:23 2018.
#SSF 2.0 generic
##############################################################################
#                    Copyright (c) 1984 - 2018                               #
#                    Silvaco Inc. All rights reserved                        #
#                                                                            #
# This file format and the following Key are copyright Silvaco Inc.          #
# You may not use, this format or key without reproducing this message in    #
# full and obtaining express written permission from Silvaco Inc.            #
#                                                                            #
# To obtain such permission please contact: Silvaco Inc.                     #
#                                           support@silvaco.com              #
#                                                                            #
# KEY=SVC86hn7562asdx                       PROD=345                         #
##############################################################################
y 1 15
z 300
f 5 "cgate" "substrate" "fgate" "source" "drain" 
o 1 tcharge
p 16 2 601 20 3 602 21 442 603 22 5 604 23 6 605 24 3000 
d 0.000000000e+00 0.000000000e+00 0.000000000e+00 0.000000000e+00 0.000000000e+00 -7.606419341e-16 -1.000000000e-15 -5.744611092e-01 0.000000000e+00 0.000000000e+00 0.000000000e+00 -1.568160520e-12 5.000000000e-01 5.000000000e-01 1.568953739e-12 0.000000000e+00 
d 1.000000000e-01 1.000000000e-01 0.000000000e+00 0.000000000e+00 0.000000000e+00 -7.784491017e-16 -1.000000000e-15 -5.109148560e-01 0.000000000e+00 0.000000000e+00 0.000000000e+00 -6.405491333e-12 5.000000000e-01 5.000000000e-01 6.406165707e-12 0.000000000e+00 
d 2.000000000e-01 2.000000000e-01 0.000000000e+00 0.000000000e+00 0.000000000e+00 -7.575553655e-16 -1.000000000e-15 -4.474696155e-01 0.000000000e+00 0.000000000e+00 0.000000000e+00 -2.752060788e-11 5.000000000e-01 5.000000000e-01 2.752138577e-11 0.000000000e+00 
d 3.000000000e-01 3.000000000e-01 0.000000000e+00 0.000000000e+00 0.000000000e+00 -7.177176896e-16 -1.000000000e-15 -3.841514018e-01 0.000000000e+00 0.000000000e+00 0.000000000e+00 -1.224239756e-10 5.000000000e-01 5.000000000e-01 1.224246876e-10 0.000000000e+00 
d 4.000000000e-01 4.000000000e-01 0.000000000e+00 0.000000000e+00 0.000000000e+00 -6.903694626e-16 -1.000000000e-15 -3.209923281e-01 0.000000000e+00 0.000000000e+00 0.000000000e+00 -5.582671693e-10 5.000000000e-01 5.000000000e-01 5.582678010e-10 0.000000000e+00 
d 5.000000000e-01 5.000000000e-01 0.000000000e+00 0.000000000e+00 0.000000000e+00 -6.750129459e-16 -1.000000000e-15 -2.580320564e-01 0.000000000e+00 0.000000000e+00 0.000000000e+00 -2.574953737e-09 5.000000000e-01 5.000000000e-01 2.574954437e-09 0.000000000e+00 
d 6.000000000e-01 6.000000000e-01 0.000000000e+00 0.000000000e+00 0.000000000e+00 -6.655533186e-16 -1.000000000e-15 -1.953285640e-01 0.000000000e+00 0.000000000e+00 0.000000000e+00 -1.181377129e-08 5.000000000e-01 5.000000000e-01 1.181377201e-08 0.000000000e+00 
d 7.000000000e-01 7.000000000e-01 0.000000000e+00 0.000000000e+00 0.000000000e+00 -6.596370789e-16 -1.000000000e-15 -1.329919054e-01 0.000000000e+00 0.000000000e+00 0.000000000e+00 -5.239708403e-08 5.000000000e-01 5.000000000e-01 5.239708468e-08 0.000000000e+00 
d 8.000000000e-01 8.000000000e-01 0.000000000e+00 0.000000000e+00 0.000000000e+00 -6.569809622e-16 -1.000000000e-15 -7.125462717e-02 0.000000000e+00 0.000000000e+00 0.000000000e+00 -2.117485756e-07 5.000000000e-01 5.000000000e-01 2.117485762e-07 0.000000000e+00 
d 9.000000000e-01 9.000000000e-01 0.000000000e+00 0.000000000e+00 0.000000000e+00 -6.579612360e-16 -1.000000000e-15 -1.050319233e-02 0.000000000e+00 0.000000000e+00 0.000000000e+00 -7.066563071e-07 5.000000000e-01 5.000000000e-01 7.066563078e-07 0.000000000e+00 
d 1.000000000e+00 1.000000000e+00 0.000000000e+00 0.000000000e+00 0.000000000e+00 -6.622247277e-16 -1.000000000e-15 4.894580885e-02 0.000000000e+00 0.000000000e+00 0.000000000e+00 -1.811345053e-06 5.000000000e-01 5.000000000e-01 1.811345054e-06 0.000000000e+00 
d 1.100000000e+00 1.100000000e+00 0.000000000e+00 0.000000000e+00 0.000000000e+00 -6.683709771e-16 -1.000000000e-15 1.071025818e-01 0.000000000e+00 0.000000000e+00 0.000000000e+00 -3.639639722e-06 5.000000000e-01 5.000000000e-01 3.639639723e-06 0.000000000e+00 
d 1.200000000e+00 1.200000000e+00 0.000000000e+00 0.000000000e+00 0.000000000e+00 -6.750407638e-16 -1.000000000e-15 1.641822114e-01 0.000000000e+00 0.000000000e+00 0.000000000e+00 -6.126853510e-06 5.000000000e-01 5.000000000e-01 6.126853511e-06 0.000000000e+00 
d 1.300000000e+00 1.300000000e+00 0.000000000e+00 0.000000000e+00 0.000000000e+00 -6.815595234e-16 -1.000000000e-15 2.204100620e-01 0.000000000e+00 0.000000000e+00 0.000000000e+00 -9.151553787e-06 5.000000000e-01 5.000000000e-01 9.151553787e-06 0.000000000e+00 
d 1.400000000e+00 1.400000000e+00 0.000000000e+00 0.000000000e+00 0.000000000e+00 -6.876660297e-16 -1.000000000e-15 2.759614769e-01 0.000000000e+00 0.000000000e+00 0.000000000e+00 -1.260157242e-05 5.000000000e-01 5.000000000e-01 1.260157242e-05 0.000000000e+00 
d 1.500000000e+00 1.500000000e+00 0.000000000e+00 0.000000000e+00 0.000000000e+00 -6.932800608e-16 -1.000000000e-15 3.309647406e-01 0.000000000e+00 0.000000000e+00 0.000000000e+00 -1.638795369e-05 5.000000000e-01 5.000000000e-01 1.638795369e-05 0.000000000e+00 
d 1.600000000e+00 1.600000000e+00 0.000000000e+00 0.000000000e+00 0.000000000e+00 -6.983991394e-16 -1.000000000e-15 3.855136380e-01 0.000000000e+00 0.000000000e+00 0.000000000e+00 -2.044246038e-05 5.000000000e-01 5.000000000e-01 2.044246038e-05 0.000000000e+00 
d 1.700000000e+00 1.700000000e+00 0.000000000e+00 0.000000000e+00 0.000000000e+00 -7.030532898e-16 -1.000000000e-15 4.396774881e-01 0.000000000e+00 0.000000000e+00 0.000000000e+00 -2.471237418e-05 5.000000000e-01 5.000000000e-01 2.471237418e-05 0.000000000e+00 
d 1.800000000e+00 1.800000000e+00 0.000000000e+00 0.000000000e+00 0.000000000e+00 -7.072687000e-16 -1.000000000e-15 4.935064207e-01 0.000000000e+00 0.000000000e+00 0.000000000e+00 -2.915553358e-05 5.000000000e-01 5.000000000e-01 2.915553358e-05 0.000000000e+00 
d 1.900000000e+00 1.900000000e+00 0.000000000e+00 0.000000000e+00 0.000000000e+00 -7.111247293e-16 -1.000000000e-15 5.470405174e-01 0.000000000e+00 0.000000000e+00 0.000000000e+00 -3.373799501e-05 5.000000000e-01 5.000000000e-01 3.373799501e-05 0.000000000e+00 
d 2.000000000e+00 2.000000000e+00 0.000000000e+00 0.000000000e+00 0.000000000e+00 -7.145952357e-16 -1.000000000e-15 6.003108784e-01 0.000000000e+00 0.000000000e+00 0.000000000e+00 -3.843128687e-05 5.000000000e-01 5.000000000e-01 3.843128687e-05 0.000000000e+00 
d 2.100000000e+00 2.100000000e+00 0.000000000e+00 0.000000000e+00 0.000000000e+00 -7.177537907e-16 -1.000000000e-15 6.533416225e-01 0.000000000e+00 0.000000000e+00 0.000000000e+00 -4.321064148e-05 5.000000000e-01 5.000000000e-01 4.321064148e-05 0.000000000e+00 
d 2.200000000e+00 2.200000000e+00 0.000000000e+00 0.000000000e+00 0.000000000e+00 -7.206339894e-16 -1.000000000e-15 7.061521945e-01 0.000000000e+00 0.000000000e+00 0.000000000e+00 -4.805408416e-05 5.000000000e-01 5.000000000e-01 4.805408416e-05 0.000000000e+00 
d 2.300000000e+00 2.300000000e+00 0.000000000e+00 0.000000000e+00 0.000000000e+00 -7.232227830e-16 -1.000000000e-15 7.587587866e-01 0.000000000e+00 0.000000000e+00 0.000000000e+00 -5.294178701e-05 5.000000000e-01 5.000000000e-01 5.294178701e-05 0.000000000e+00 
d 2.400000000e+00 2.400000000e+00 0.000000000e+00 0.000000000e+00 0.000000000e+00 -7.255767594e-16 -1.000000000e-15 8.111754377e-01 0.000000000e+00 0.000000000e+00 0.000000000e+00 -5.785578880e-05 5.000000000e-01 5.000000000e-01 5.785578880e-05 0.000000000e+00 
d 2.500000000e+00 2.500000000e+00 0.000000000e+00 0.000000000e+00 0.000000000e+00 -7.276963007e-16 -1.000000000e-15 8.634149331e-01 0.000000000e+00 0.000000000e+00 0.000000000e+00 -6.277992362e-05 5.000000000e-01 5.000000000e-01 6.277992362e-05 0.000000000e+00 
d 2.600000000e+00 2.600000000e+00 0.000000000e+00 0.000000000e+00 0.000000000e+00 -7.296209523e-16 -1.000000000e-15 9.154894189e-01 0.000000000e+00 0.000000000e+00 0.000000000e+00 -6.769991375e-05 5.000000000e-01 5.000000000e-01 6.769991375e-05 0.000000000e+00 
d 2.700000000e+00 2.700000000e+00 0.000000000e+00 0.000000000e+00 0.000000000e+00 -7.313650731e-16 -1.000000000e-15 9.674107718e-01 0.000000000e+00 0.000000000e+00 0.000000000e+00 -7.260348554e-05 5.000000000e-01 5.000000000e-01 7.260348554e-05 0.000000000e+00 
d 2.800000000e+00 2.800000000e+00 0.000000000e+00 0.000000000e+00 0.000000000e+00 -7.329275258e-16 -1.000000000e-15 1.019190761e+00 0.000000000e+00 0.000000000e+00 0.000000000e+00 -7.748041609e-05 5.000000000e-01 5.000000000e-01 7.748041609e-05 0.000000000e+00 
d 2.900000000e+00 2.900000000e+00 0.000000000e+00 0.000000000e+00 0.000000000e+00 -7.343530241e-16 -1.000000000e-15 1.070840965e+00 0.000000000e+00 0.000000000e+00 0.000000000e+00 -8.232251868e-05 5.000000000e-01 5.000000000e-01 8.232251868e-05 0.000000000e+00 
d 3.000000000e+00 3.000000000e+00 0.000000000e+00 0.000000000e+00 0.000000000e+00 -7.356354961e-16 -1.000000000e-15 1.122372670e+00 0.000000000e+00 0.000000000e+00 0.000000000e+00 -8.712346670e-05 5.000000000e-01 5.000000000e-01 8.712346670e-05 0.000000000e+00 
d 3.100000000e+00 3.100000000e+00 0.000000000e+00 0.000000000e+00 0.000000000e+00 -7.368312358e-16 -1.000000000e-15 1.173796653e+00 0.000000000e+00 0.000000000e+00 0.000000000e+00 -9.187858928e-05 5.000000000e-01 5.000000000e-01 9.187858928e-05 0.000000000e+00 
d 3.200000000e+00 3.200000000e+00 0.000000000e+00 0.000000000e+00 0.000000000e+00 -7.379109185e-16 -1.000000000e-15 1.225123060e+00 0.000000000e+00 0.000000000e+00 0.000000000e+00 -9.658458710e-05 5.000000000e-01 5.000000000e-01 9.658458710e-05 0.000000000e+00 
d 3.300000000e+00 3.300000000e+00 0.000000000e+00 0.000000000e+00 0.000000000e+00 -7.388843794e-16 -1.000000000e-15 1.276361269e+00 0.000000000e+00 0.000000000e+00 0.000000000e+00 -1.012392854e-04 5.000000000e-01 5.000000000e-01 1.012392854e-04 0.000000000e+00 
