v ATLAS
# This file was created by ATLAS version 5.26.1.R on Tue Apr 17 21:23:25 2018.
#SSF 2.0 generic
##############################################################################
#                    Copyright (c) 1984 - 2018                               #
#                    Silvaco Inc. All rights reserved                        #
#                                                                            #
# This file format and the following Key are copyright Silvaco Inc.          #
# You may not use, this format or key without reproducing this message in    #
# full and obtaining express written permission from Silvaco Inc.            #
#                                                                            #
# To obtain such permission please contact: Silvaco Inc.                     #
#                                           support@silvaco.com              #
#                                                                            #
# KEY=SVC86hn7562asdx                       PROD=345                         #
##############################################################################
y 3 700 711 15
z 0.1 0.0022 373
f 4 "gate" "source" "drain" "substrate" 
p 12 2 601 20 3 602 21 4 603 22 5 604 23 
d 3.000000000e+00 3.000000000e+00 0.000000000e+00 0.000000000e+00 0.000000000e+00 -2.606156812e-15 5.000000000e-03 5.000000000e-03 3.592712925e-15 0.000000000e+00 0.000000000e+00 -9.774158232e-16 
d 2.900000000e+00 2.900000000e+00 0.000000000e+00 0.000000000e+00 0.000000000e+00 -2.628211969e-15 5.000000000e-03 5.000000000e-03 3.602849310e-15 0.000000000e+00 0.000000000e+00 -9.775413206e-16 
d 2.800000000e+00 2.800000000e+00 0.000000000e+00 0.000000000e+00 0.000000000e+00 -2.620003954e-15 5.000000000e-03 5.000000000e-03 3.597696894e-15 0.000000000e+00 0.000000000e+00 -9.776555425e-16 
d 2.700000000e+00 2.700000000e+00 0.000000000e+00 0.000000000e+00 0.000000000e+00 -2.646507110e-15 5.000000000e-03 5.000000000e-03 3.625277997e-15 0.000000000e+00 0.000000000e+00 -9.777764128e-16 
d 2.600000000e+00 2.600000000e+00 0.000000000e+00 0.000000000e+00 0.000000000e+00 -2.649792346e-15 5.000000000e-03 5.000000000e-03 3.634830312e-15 0.000000000e+00 0.000000000e+00 -9.779487310e-16 
d 2.500000000e+00 2.500000000e+00 0.000000000e+00 0.000000000e+00 0.000000000e+00 -2.676632027e-15 5.000000000e-03 5.000000000e-03 3.646230088e-15 0.000000000e+00 0.000000000e+00 -9.780685946e-16 
d 2.400000000e+00 2.400000000e+00 0.000000000e+00 0.000000000e+00 0.000000000e+00 -2.673821272e-15 5.000000000e-03 5.000000000e-03 3.663757207e-15 0.000000000e+00 0.000000000e+00 -9.782139530e-16 
d 2.300000000e+00 2.300000000e+00 0.000000000e+00 0.000000000e+00 0.000000000e+00 -2.694730687e-15 5.000000000e-03 5.000000000e-03 3.675499480e-15 0.000000000e+00 0.000000000e+00 -9.784078162e-16 
d 2.200000000e+00 2.200000000e+00 0.000000000e+00 0.000000000e+00 0.000000000e+00 -2.710309730e-15 5.000000000e-03 5.000000000e-03 3.677927411e-15 0.000000000e+00 0.000000000e+00 -9.785507715e-16 
d 2.100000000e+00 2.100000000e+00 0.000000000e+00 0.000000000e+00 0.000000000e+00 -2.723309137e-15 5.000000000e-03 5.000000000e-03 3.706986299e-15 0.000000000e+00 0.000000000e+00 -9.787386990e-16 
d 2.000000000e+00 2.000000000e+00 0.000000000e+00 0.000000000e+00 0.000000000e+00 -2.738023126e-15 5.000000000e-03 5.000000000e-03 3.703508148e-15 0.000000000e+00 0.000000000e+00 -9.789390880e-16 
d 1.900000000e+00 1.900000000e+00 0.000000000e+00 0.000000000e+00 0.000000000e+00 -2.763474599e-15 5.000000000e-03 5.000000000e-03 3.735075901e-15 0.000000000e+00 0.000000000e+00 -9.791463140e-16 
d 1.800000000e+00 1.800000000e+00 0.000000000e+00 0.000000000e+00 0.000000000e+00 -2.780098456e-15 5.000000000e-03 5.000000000e-03 3.769747934e-15 0.000000000e+00 0.000000000e+00 -9.794198645e-16 
d 1.700000000e+00 1.700000000e+00 0.000000000e+00 0.000000000e+00 0.000000000e+00 -2.812984262e-15 5.000000000e-03 5.000000000e-03 3.791790529e-15 0.000000000e+00 0.000000000e+00 -9.797051838e-16 
d 1.600000000e+00 1.600000000e+00 0.000000000e+00 0.000000000e+00 0.000000000e+00 -2.827753791e-15 5.000000000e-03 5.000000000e-03 3.806411329e-15 0.000000000e+00 0.000000000e+00 -9.800809225e-16 
d 1.500000000e+00 1.500000000e+00 0.000000000e+00 0.000000000e+00 0.000000000e+00 -2.880837739e-15 5.000000000e-03 5.000000000e-03 3.849411407e-15 0.000000000e+00 0.000000000e+00 -9.805744033e-16 
d 1.400000000e+00 1.400000000e+00 0.000000000e+00 0.000000000e+00 0.000000000e+00 -2.907750578e-15 5.000000000e-03 5.000000000e-03 3.888264475e-15 0.000000000e+00 0.000000000e+00 -9.811392124e-16 
d 1.300000000e+00 1.300000000e+00 0.000000000e+00 0.000000000e+00 0.000000000e+00 -2.961747357e-15 5.000000000e-03 5.000000000e-03 3.942883506e-15 0.000000000e+00 0.000000000e+00 -9.820278342e-16 
d 1.200000000e+00 1.200000000e+00 0.000000000e+00 0.000000000e+00 0.000000000e+00 -3.010762831e-15 5.000000000e-03 5.000000000e-03 3.996200917e-15 0.000000000e+00 0.000000000e+00 -9.830069274e-16 
d 1.100000000e+00 1.100000000e+00 0.000000000e+00 0.000000000e+00 0.000000000e+00 -3.094773746e-15 5.000000000e-03 5.000000000e-03 4.078398659e-15 0.000000000e+00 0.000000000e+00 -9.841379176e-16 
d 1.000000000e+00 1.000000000e+00 0.000000000e+00 0.000000000e+00 0.000000000e+00 -3.203167432e-15 5.000000000e-03 5.000000000e-03 4.189252180e-15 0.000000000e+00 0.000000000e+00 -9.851186172e-16 
d 9.000000000e-01 9.000000000e-01 0.000000000e+00 0.000000000e+00 0.000000000e+00 -3.310413584e-15 5.000000000e-03 5.000000000e-03 4.300795466e-15 0.000000000e+00 0.000000000e+00 -9.858965782e-16 
d 8.000000000e-01 8.000000000e-01 0.000000000e+00 0.000000000e+00 0.000000000e+00 -3.475169885e-15 5.000000000e-03 5.000000000e-03 4.466787902e-15 0.000000000e+00 0.000000000e+00 -9.867921191e-16 
d 7.000000000e-01 7.000000000e-01 0.000000000e+00 0.000000000e+00 0.000000000e+00 -3.711622689e-15 5.000000000e-03 5.000000000e-03 4.705251701e-15 0.000000000e+00 0.000000000e+00 -9.879687236e-16 
d 6.000000000e-01 6.000000000e-01 0.000000000e+00 0.000000000e+00 0.000000000e+00 -4.090911905e-15 5.000000000e-03 5.000000000e-03 5.079213101e-15 0.000000000e+00 0.000000000e+00 -9.893408106e-16 
d 5.000000000e-01 5.000000000e-01 0.000000000e+00 0.000000000e+00 0.000000000e+00 -4.795115526e-15 5.000000000e-03 5.000000000e-03 5.795507298e-15 0.000000000e+00 0.000000000e+00 -9.903319420e-16 
d 4.000000000e-01 4.000000000e-01 0.000000000e+00 0.000000000e+00 0.000000000e+00 -6.462434741e-15 5.000000000e-03 5.000000000e-03 7.448450871e-15 0.000000000e+00 0.000000000e+00 -9.908270030e-16 
d 3.000000000e-01 3.000000000e-01 0.000000000e+00 0.000000000e+00 0.000000000e+00 -1.192909296e-14 5.000000000e-03 5.000000000e-03 1.291630967e-14 0.000000000e+00 0.000000000e+00 -9.924283716e-16 
d 2.000000000e-01 2.000000000e-01 0.000000000e+00 0.000000000e+00 0.000000000e+00 -3.433499641e-14 5.000000000e-03 5.000000000e-03 3.534497723e-14 0.000000000e+00 0.000000000e+00 -1.001514894e-15 
d 1.000000000e-01 1.000000000e-01 0.000000000e+00 0.000000000e+00 0.000000000e+00 -1.371120354e-13 5.000000000e-03 5.000000000e-03 1.381342160e-13 0.000000000e+00 0.000000000e+00 -1.022051909e-15 
d -2.398070975e-15 -2.398070975e-15 0.000000000e+00 0.000000000e+00 0.000000000e+00 -7.365346239e-13 5.000000000e-03 5.000000000e-03 7.375754449e-13 0.000000000e+00 0.000000000e+00 -1.050787405e-15 
d -1.000000000e-01 -1.000000000e-01 0.000000000e+00 0.000000000e+00 0.000000000e+00 -4.917503606e-12 5.000000000e-03 5.000000000e-03 4.918583134e-12 0.000000000e+00 0.000000000e+00 -1.089092957e-15 
d -2.000000000e-01 -2.000000000e-01 0.000000000e+00 0.000000000e+00 0.000000000e+00 -3.969672364e-11 5.000000000e-03 5.000000000e-03 3.969778707e-11 0.000000000e+00 0.000000000e+00 -1.074198204e-15 
d -3.000000000e-01 -3.000000000e-01 0.000000000e+00 0.000000000e+00 0.000000000e+00 -3.695935773e-10 5.000000000e-03 5.000000000e-03 3.695945999e-10 0.000000000e+00 0.000000000e+00 -1.048999929e-15 
d -4.000000000e-01 -4.000000000e-01 0.000000000e+00 0.000000000e+00 0.000000000e+00 -3.653047134e-09 5.000000000e-03 5.000000000e-03 3.653048179e-09 0.000000000e+00 0.000000000e+00 -1.035199619e-15 
d -5.000000000e-01 -5.000000000e-01 0.000000000e+00 0.000000000e+00 0.000000000e+00 -3.302559738e-08 5.000000000e-03 5.000000000e-03 3.302559841e-08 0.000000000e+00 0.000000000e+00 -1.026547958e-15 
d -6.000000000e-01 -6.000000000e-01 0.000000000e+00 0.000000000e+00 0.000000000e+00 -1.668278489e-07 5.000000000e-03 5.000000000e-03 1.668278499e-07 0.000000000e+00 0.000000000e+00 -1.020958892e-15 
d -7.000000000e-01 -7.000000000e-01 0.000000000e+00 0.000000000e+00 0.000000000e+00 -3.559979879e-07 5.000000000e-03 5.000000000e-03 3.559979889e-07 0.000000000e+00 0.000000000e+00 -1.018108587e-15 
d -8.000000000e-01 -8.000000000e-01 0.000000000e+00 0.000000000e+00 0.000000000e+00 -4.937619798e-07 5.000000000e-03 5.000000000e-03 4.937619809e-07 0.000000000e+00 0.000000000e+00 -1.016741361e-15 
d -9.000000000e-01 -9.000000000e-01 0.000000000e+00 0.000000000e+00 0.000000000e+00 -5.845405179e-07 5.000000000e-03 5.000000000e-03 5.845405190e-07 0.000000000e+00 0.000000000e+00 -1.015917011e-15 
d -1.000000000e+00 -1.000000000e+00 0.000000000e+00 0.000000000e+00 0.000000000e+00 -6.465954722e-07 5.000000000e-03 5.000000000e-03 6.465954732e-07 0.000000000e+00 0.000000000e+00 -1.015452000e-15 
d -1.100000000e+00 -1.100000000e+00 0.000000000e+00 0.000000000e+00 0.000000000e+00 -6.914189719e-07 5.000000000e-03 5.000000000e-03 6.914189730e-07 0.000000000e+00 0.000000000e+00 -1.015122804e-15 
d -1.200000000e+00 -1.200000000e+00 0.000000000e+00 0.000000000e+00 0.000000000e+00 -7.253054657e-07 5.000000000e-03 5.000000000e-03 7.253054668e-07 0.000000000e+00 0.000000000e+00 -1.014854203e-15 
d -1.300000000e+00 -1.300000000e+00 0.000000000e+00 0.000000000e+00 0.000000000e+00 -7.517570314e-07 5.000000000e-03 5.000000000e-03 7.517570324e-07 0.000000000e+00 0.000000000e+00 -1.014712798e-15 
d -1.400000000e+00 -1.400000000e+00 0.000000000e+00 0.000000000e+00 0.000000000e+00 -7.730687631e-07 5.000000000e-03 5.000000000e-03 7.730687641e-07 0.000000000e+00 0.000000000e+00 -1.014551222e-15 
d -1.500000000e+00 -1.500000000e+00 0.000000000e+00 0.000000000e+00 0.000000000e+00 -7.906577719e-07 5.000000000e-03 5.000000000e-03 7.906577729e-07 0.000000000e+00 0.000000000e+00 -1.014437084e-15 
d -1.600000000e+00 -1.600000000e+00 0.000000000e+00 0.000000000e+00 0.000000000e+00 -8.054449077e-07 5.000000000e-03 5.000000000e-03 8.054449087e-07 0.000000000e+00 0.000000000e+00 -1.014337307e-15 
d -1.700000000e+00 -1.700000000e+00 0.000000000e+00 0.000000000e+00 0.000000000e+00 -8.180626998e-07 5.000000000e-03 5.000000000e-03 8.180627008e-07 0.000000000e+00 0.000000000e+00 -1.014262878e-15 
d -1.800000000e+00 -1.800000000e+00 0.000000000e+00 0.000000000e+00 0.000000000e+00 -8.289701506e-07 5.000000000e-03 5.000000000e-03 8.289701516e-07 0.000000000e+00 0.000000000e+00 -1.014139417e-15 
d -1.900000000e+00 -1.900000000e+00 0.000000000e+00 0.000000000e+00 0.000000000e+00 -8.385162993e-07 5.000000000e-03 5.000000000e-03 8.385163003e-07 0.000000000e+00 0.000000000e+00 -1.014101976e-15 
d -2.000000000e+00 -2.000000000e+00 0.000000000e+00 0.000000000e+00 0.000000000e+00 -8.469447983e-07 5.000000000e-03 5.000000000e-03 8.469447993e-07 0.000000000e+00 0.000000000e+00 -1.014021485e-15 
d -2.100000000e+00 -2.100000000e+00 0.000000000e+00 0.000000000e+00 0.000000000e+00 -8.544568830e-07 5.000000000e-03 5.000000000e-03 8.544568840e-07 0.000000000e+00 0.000000000e+00 -1.013984891e-15 
d -2.200000000e+00 -2.200000000e+00 0.000000000e+00 0.000000000e+00 0.000000000e+00 -8.612070970e-07 5.000000000e-03 5.000000000e-03 8.612070980e-07 0.000000000e+00 0.000000000e+00 -1.013984675e-15 
d -2.300000000e+00 -2.300000000e+00 0.000000000e+00 0.000000000e+00 0.000000000e+00 -8.673136341e-07 5.000000000e-03 5.000000000e-03 8.673136351e-07 0.000000000e+00 0.000000000e+00 -1.013930778e-15 
d -2.400000000e+00 -2.400000000e+00 0.000000000e+00 0.000000000e+00 0.000000000e+00 -8.728711157e-07 5.000000000e-03 5.000000000e-03 8.728711168e-07 0.000000000e+00 0.000000000e+00 -1.013909118e-15 
d -2.500000000e+00 -2.500000000e+00 0.000000000e+00 0.000000000e+00 0.000000000e+00 -8.779544777e-07 5.000000000e-03 5.000000000e-03 8.779544787e-07 0.000000000e+00 0.000000000e+00 -1.013882076e-15 
d -2.600000000e+00 -2.600000000e+00 0.000000000e+00 0.000000000e+00 0.000000000e+00 -8.826281697e-07 5.000000000e-03 5.000000000e-03 8.826281707e-07 0.000000000e+00 0.000000000e+00 -1.013840439e-15 
d -2.700000000e+00 -2.700000000e+00 0.000000000e+00 0.000000000e+00 0.000000000e+00 -8.869445047e-07 5.000000000e-03 5.000000000e-03 8.869445057e-07 0.000000000e+00 0.000000000e+00 -1.013804904e-15 
d -2.800000000e+00 -2.800000000e+00 0.000000000e+00 0.000000000e+00 0.000000000e+00 -8.909468845e-07 5.000000000e-03 5.000000000e-03 8.909468855e-07 0.000000000e+00 0.000000000e+00 -1.013770229e-15 
d -2.900000000e+00 -2.900000000e+00 0.000000000e+00 0.000000000e+00 0.000000000e+00 -8.946718335e-07 5.000000000e-03 5.000000000e-03 8.946718346e-07 0.000000000e+00 0.000000000e+00 -1.013763145e-15 
d -3.000000000e+00 -3.000000000e+00 0.000000000e+00 0.000000000e+00 0.000000000e+00 -8.981503152e-07 5.000000000e-03 5.000000000e-03 8.981503162e-07 0.000000000e+00 0.000000000e+00 -1.013753975e-15 
