v ATLAS
# This file was created by ATLAS version 5.26.1.R on Thu Apr 19 18:27:46 2018.
#SSF 2.0 generic
##############################################################################
#                    Copyright (c) 1984 - 2018                               #
#                    Silvaco Inc. All rights reserved                        #
#                                                                            #
# This file format and the following Key are copyright Silvaco Inc.          #
# You may not use, this format or key without reproducing this message in    #
# full and obtaining express written permission from Silvaco Inc.            #
#                                                                            #
# To obtain such permission please contact: Silvaco Inc.                     #
#                                           support@silvaco.com              #
#                                                                            #
# KEY=SVC86hn7562asdx                       PROD=345                         #
##############################################################################
y 3 700 711 15
z 0.1 0.019 300
f 4 "gate" "source" "drain" "substrate" 
p 12 2 601 20 3 602 21 4 603 22 5 604 23 
d 1.000000000e-01 1.000000000e-01 0.000000000e+00 0.000000000e+00 0.000000000e+00 1.069391247e-16 5.000000000e-01 5.000000000e-01 3.736616270e-16 0.000000000e+00 0.000000000e+00 -2.017318715e-17 
d 2.000000000e-01 2.000000000e-01 0.000000000e+00 0.000000000e+00 0.000000000e+00 -6.265964338e-19 5.000000000e-01 5.000000000e-01 -1.585276108e-16 0.000000000e+00 0.000000000e+00 -2.006385991e-17 
d 3.000000000e-01 3.000000000e-01 0.000000000e+00 0.000000000e+00 0.000000000e+00 -1.067302592e-16 5.000000000e-01 5.000000000e-01 8.020447222e-16 0.000000000e+00 0.000000000e+00 -2.018134758e-17 
d 4.000000000e-01 4.000000000e-01 0.000000000e+00 0.000000000e+00 0.000000000e+00 -2.088654779e-19 5.000000000e-01 5.000000000e-01 -9.607799115e-16 0.000000000e+00 0.000000000e+00 -2.017196586e-17 
d 5.000000000e-01 5.000000000e-01 0.000000000e+00 0.000000000e+00 0.000000000e+00 5.346956235e-17 5.000000000e-01 5.000000000e-01 -6.936409652e-16 0.000000000e+00 0.000000000e+00 -2.017115095e-17 
d 6.000000000e-01 6.000000000e-01 0.000000000e+00 0.000000000e+00 0.000000000e+00 -1.067302592e-16 5.000000000e-01 5.000000000e-01 2.029756001e-15 0.000000000e+00 0.000000000e+00 -2.016952024e-17 
d 7.000000000e-01 7.000000000e-01 0.000000000e+00 0.000000000e+00 0.000000000e+00 -1.606175525e-16 5.000000000e-01 5.000000000e-01 1.281599859e-15 0.000000000e+00 0.000000000e+00 -2.017278490e-17 
d 8.000000000e-01 8.000000000e-01 0.000000000e+00 0.000000000e+00 0.000000000e+00 -1.606175525e-16 5.000000000e-01 5.000000000e-01 -1.046403176e-16 0.000000000e+00 0.000000000e+00 -2.017033849e-17 
d 9.000000000e-01 9.000000000e-01 0.000000000e+00 0.000000000e+00 0.000000000e+00 -2.088654779e-19 5.000000000e-01 5.000000000e-01 8.550965535e-16 0.000000000e+00 0.000000000e+00 -2.017809069e-17 
d 1.000000000e+00 1.000000000e+00 0.000000000e+00 0.000000000e+00 0.000000000e+00 -1.069391247e-16 5.000000000e-01 5.000000000e-01 -7.462750658e-16 0.000000000e+00 0.000000000e+00 -2.018339536e-17 
d 1.100000000e+00 1.100000000e+00 0.000000000e+00 0.000000000e+00 0.000000000e+00 -5.326069687e-17 5.000000000e-01 5.000000000e-01 7.456510430e-16 0.000000000e+00 0.000000000e+00 -2.017972547e-17 
d 1.200000000e+00 1.200000000e+00 0.000000000e+00 0.000000000e+00 0.000000000e+00 -1.597820906e-16 5.000000000e-01 5.000000000e-01 -4.808070434e-16 0.000000000e+00 0.000000000e+00 -2.017442396e-17 
d 1.300000000e+00 1.300000000e+00 0.000000000e+00 0.000000000e+00 0.000000000e+00 -1.071479902e-16 5.000000000e-01 5.000000000e-01 -2.512441547e-15 0.000000000e+00 0.000000000e+00 -2.082305105e-17 
d 1.400000000e+00 1.400000000e+00 0.000000000e+00 0.000000000e+00 0.000000000e+00 1.071479902e-16 5.000000000e-01 5.000000000e-01 6.437246897e-16 0.000000000e+00 0.000000000e+00 -2.084181834e-17 
d 1.500000000e+00 1.500000000e+00 0.000000000e+00 0.000000000e+00 0.000000000e+00 -2.088654779e-19 5.000000000e-01 5.000000000e-01 4.279666510e-16 0.000000000e+00 0.000000000e+00 -2.137785423e-17 
d 1.600000000e+00 1.600000000e+00 0.000000000e+00 0.000000000e+00 0.000000000e+00 -5.618481356e-17 5.000000000e-01 5.000000000e-01 -3.187274326e-16 0.000000000e+00 0.000000000e+00 -2.194611762e-17 
d 1.700000000e+00 1.700000000e+00 0.000000000e+00 0.000000000e+00 0.000000000e+00 -5.491073415e-16 5.000000000e-01 5.000000000e-01 -9.985845632e-16 0.000000000e+00 0.000000000e+00 -2.202893217e-17 
d 1.800000000e+00 1.800000000e+00 0.000000000e+00 0.000000000e+00 0.000000000e+00 -2.642774892e-15 5.000000000e-01 5.000000000e-01 2.641105255e-15 0.000000000e+00 0.000000000e+00 -2.210970728e-17 
d 1.900000000e+00 1.900000000e+00 0.000000000e+00 0.000000000e+00 0.000000000e+00 -1.229716388e-14 5.000000000e-01 5.000000000e-01 1.325982615e-14 0.000000000e+00 0.000000000e+00 -2.238955759e-17 
d 2.000000000e+00 2.000000000e+00 0.000000000e+00 0.000000000e+00 0.000000000e+00 -7.239089486e-14 5.000000000e-01 5.000000000e-01 7.254232362e-14 0.000000000e+00 0.000000000e+00 -2.247522860e-17 
d 2.100000000e+00 2.100000000e+00 0.000000000e+00 0.000000000e+00 0.000000000e+00 -4.400325672e-13 5.000000000e-01 5.000000000e-01 4.383750121e-13 0.000000000e+00 0.000000000e+00 -2.247523247e-17 
d 2.200000000e+00 2.200000000e+00 0.000000000e+00 0.000000000e+00 0.000000000e+00 -2.739822983e-12 5.000000000e-01 5.000000000e-01 2.741205465e-12 0.000000000e+00 0.000000000e+00 -2.360604748e-17 
d 2.300000000e+00 2.300000000e+00 0.000000000e+00 0.000000000e+00 0.000000000e+00 -1.739494527e-11 5.000000000e-01 5.000000000e-01 1.739697502e-11 0.000000000e+00 0.000000000e+00 -2.369253555e-17 
d 2.400000000e+00 2.400000000e+00 0.000000000e+00 0.000000000e+00 0.000000000e+00 -1.118583280e-10 5.000000000e-01 5.000000000e-01 1.118589178e-10 0.000000000e+00 0.000000000e+00 -2.287135679e-17 
d 2.500000000e+00 2.500000000e+00 0.000000000e+00 0.000000000e+00 0.000000000e+00 -7.236112257e-10 5.000000000e-01 5.000000000e-01 7.236093914e-10 0.000000000e+00 0.000000000e+00 -2.245118410e-17 
d 2.600000000e+00 2.600000000e+00 0.000000000e+00 0.000000000e+00 0.000000000e+00 -4.672841860e-09 5.000000000e-01 5.000000000e-01 4.672843413e-09 0.000000000e+00 0.000000000e+00 -2.239611896e-17 
d 2.700000000e+00 2.700000000e+00 0.000000000e+00 0.000000000e+00 0.000000000e+00 -2.981172143e-08 5.000000000e-01 5.000000000e-01 2.981172219e-08 0.000000000e+00 0.000000000e+00 -2.237858563e-17 
d 2.800000000e+00 2.800000000e+00 0.000000000e+00 0.000000000e+00 0.000000000e+00 -1.846776641e-07 5.000000000e-01 5.000000000e-01 1.846776635e-07 0.000000000e+00 0.000000000e+00 -2.237655613e-17 
d 2.900000000e+00 2.900000000e+00 0.000000000e+00 0.000000000e+00 0.000000000e+00 -1.071405053e-06 5.000000000e-01 5.000000000e-01 1.071405055e-06 0.000000000e+00 0.000000000e+00 -2.236351615e-17 
d 3.000000000e+00 3.000000000e+00 0.000000000e+00 0.000000000e+00 0.000000000e+00 -5.369871259e-06 5.000000000e-01 5.000000000e-01 5.369871256e-06 0.000000000e+00 0.000000000e+00 -2.243655970e-17 
d 3.100000000e+00 3.100000000e+00 0.000000000e+00 0.000000000e+00 0.000000000e+00 -2.054580515e-05 5.000000000e-01 5.000000000e-01 2.054580515e-05 0.000000000e+00 0.000000000e+00 -2.242639728e-17 
d 3.200000000e+00 3.200000000e+00 0.000000000e+00 0.000000000e+00 0.000000000e+00 -5.653266777e-05 5.000000000e-01 5.000000000e-01 5.653266777e-05 0.000000000e+00 0.000000000e+00 -2.247458493e-17 
d 3.300000000e+00 3.300000000e+00 0.000000000e+00 0.000000000e+00 0.000000000e+00 -1.185016904e-04 5.000000000e-01 5.000000000e-01 1.185016904e-04 0.000000000e+00 0.000000000e+00 -2.247913260e-17 
d 3.400000000e+00 3.400000000e+00 0.000000000e+00 0.000000000e+00 0.000000000e+00 -2.062656687e-04 5.000000000e-01 5.000000000e-01 2.062656687e-04 0.000000000e+00 0.000000000e+00 -2.247593502e-17 
d 3.500000000e+00 3.500000000e+00 0.000000000e+00 0.000000000e+00 0.000000000e+00 -3.172941037e-04 5.000000000e-01 5.000000000e-01 3.172941037e-04 0.000000000e+00 0.000000000e+00 -2.362190931e-17 
d 3.600000000e+00 3.600000000e+00 0.000000000e+00 0.000000000e+00 0.000000000e+00 -4.482701490e-04 5.000000000e-01 5.000000000e-01 4.482701490e-04 0.000000000e+00 0.000000000e+00 -2.398504891e-17 
d 3.700000000e+00 3.700000000e+00 0.000000000e+00 0.000000000e+00 0.000000000e+00 -5.955605868e-04 5.000000000e-01 5.000000000e-01 5.955605868e-04 0.000000000e+00 0.000000000e+00 -2.410505817e-17 
d 3.800000000e+00 3.800000000e+00 0.000000000e+00 0.000000000e+00 0.000000000e+00 -7.554372657e-04 5.000000000e-01 5.000000000e-01 7.554372657e-04 0.000000000e+00 0.000000000e+00 -2.369025888e-17 
d 3.900000000e+00 3.900000000e+00 0.000000000e+00 0.000000000e+00 0.000000000e+00 -9.243487116e-04 5.000000000e-01 5.000000000e-01 9.243487116e-04 0.000000000e+00 0.000000000e+00 -2.450376851e-17 
d 4.000000000e+00 4.000000000e+00 0.000000000e+00 0.000000000e+00 0.000000000e+00 -1.099217525e-03 5.000000000e-01 5.000000000e-01 1.099217525e-03 0.000000000e+00 0.000000000e+00 -2.451975438e-17 
d 4.100000000e+00 4.100000000e+00 0.000000000e+00 0.000000000e+00 0.000000000e+00 -1.277631011e-03 5.000000000e-01 5.000000000e-01 1.277631011e-03 0.000000000e+00 0.000000000e+00 -2.451982972e-17 
d 4.200000000e+00 4.200000000e+00 0.000000000e+00 0.000000000e+00 0.000000000e+00 -1.457858239e-03 5.000000000e-01 5.000000000e-01 1.457858239e-03 0.000000000e+00 0.000000000e+00 -2.451990389e-17 
d 4.300000000e+00 4.300000000e+00 0.000000000e+00 0.000000000e+00 0.000000000e+00 -1.638740366e-03 5.000000000e-01 5.000000000e-01 1.638740366e-03 0.000000000e+00 0.000000000e+00 -2.451997671e-17 
d 4.400000000e+00 4.400000000e+00 0.000000000e+00 0.000000000e+00 0.000000000e+00 -1.819539767e-03 5.000000000e-01 5.000000000e-01 1.819539767e-03 0.000000000e+00 0.000000000e+00 -2.452004814e-17 
d 4.500000000e+00 4.500000000e+00 0.000000000e+00 0.000000000e+00 0.000000000e+00 -1.999804669e-03 5.000000000e-01 5.000000000e-01 1.999804669e-03 0.000000000e+00 0.000000000e+00 -2.452011816e-17 
d 4.600000000e+00 4.600000000e+00 0.000000000e+00 0.000000000e+00 0.000000000e+00 -2.179268160e-03 5.000000000e-01 5.000000000e-01 2.179268160e-03 0.000000000e+00 0.000000000e+00 -2.452018682e-17 
d 4.700000000e+00 4.700000000e+00 0.000000000e+00 0.000000000e+00 0.000000000e+00 -2.357779677e-03 5.000000000e-01 5.000000000e-01 2.357779677e-03 0.000000000e+00 0.000000000e+00 -2.452025419e-17 
d 4.800000000e+00 4.800000000e+00 0.000000000e+00 0.000000000e+00 0.000000000e+00 -2.535260762e-03 5.000000000e-01 5.000000000e-01 2.535260762e-03 0.000000000e+00 0.000000000e+00 -2.452032030e-17 
d 4.900000000e+00 4.900000000e+00 0.000000000e+00 0.000000000e+00 0.000000000e+00 -2.711677178e-03 5.000000000e-01 5.000000000e-01 2.711677178e-03 0.000000000e+00 0.000000000e+00 -2.452038524e-17 
d 5.000000000e+00 5.000000000e+00 0.000000000e+00 0.000000000e+00 0.000000000e+00 -2.887021518e-03 5.000000000e-01 5.000000000e-01 2.887021518e-03 0.000000000e+00 0.000000000e+00 -2.452044905e-17 
d 5.100000000e+00 5.100000000e+00 0.000000000e+00 0.000000000e+00 0.000000000e+00 -3.061302390e-03 5.000000000e-01 5.000000000e-01 3.061302390e-03 0.000000000e+00 0.000000000e+00 -2.452051178e-17 
d 5.200000000e+00 5.200000000e+00 0.000000000e+00 0.000000000e+00 0.000000000e+00 -3.234537699e-03 5.000000000e-01 5.000000000e-01 3.234537699e-03 0.000000000e+00 0.000000000e+00 -2.452057349e-17 
d 5.300000000e+00 5.300000000e+00 0.000000000e+00 0.000000000e+00 0.000000000e+00 -3.406750465e-03 5.000000000e-01 5.000000000e-01 3.406750465e-03 0.000000000e+00 0.000000000e+00 -2.452063422e-17 
d 5.400000000e+00 5.400000000e+00 0.000000000e+00 0.000000000e+00 0.000000000e+00 -3.577966230e-03 5.000000000e-01 5.000000000e-01 3.577966230e-03 0.000000000e+00 0.000000000e+00 -2.452069402e-17 
d 5.500000000e+00 5.500000000e+00 0.000000000e+00 0.000000000e+00 0.000000000e+00 -3.748211456e-03 5.000000000e-01 5.000000000e-01 3.748211456e-03 0.000000000e+00 0.000000000e+00 -2.452075291e-17 
d 5.600000000e+00 5.600000000e+00 0.000000000e+00 0.000000000e+00 0.000000000e+00 -3.917512556e-03 5.000000000e-01 5.000000000e-01 3.917512556e-03 0.000000000e+00 0.000000000e+00 -2.452081094e-17 
d 5.700000000e+00 5.700000000e+00 0.000000000e+00 0.000000000e+00 0.000000000e+00 -4.085895309e-03 5.000000000e-01 5.000000000e-01 4.085895309e-03 0.000000000e+00 0.000000000e+00 -2.452086813e-17 
d 5.800000000e+00 5.800000000e+00 0.000000000e+00 0.000000000e+00 0.000000000e+00 -4.253384535e-03 5.000000000e-01 5.000000000e-01 4.253384535e-03 0.000000000e+00 0.000000000e+00 -2.452092452e-17 
d 5.900000000e+00 5.900000000e+00 0.000000000e+00 0.000000000e+00 0.000000000e+00 -4.420003927e-03 5.000000000e-01 5.000000000e-01 4.420003927e-03 0.000000000e+00 0.000000000e+00 -2.452098013e-17 
d 6.000000000e+00 6.000000000e+00 0.000000000e+00 0.000000000e+00 0.000000000e+00 -4.585775978e-03 5.000000000e-01 5.000000000e-01 4.585775978e-03 0.000000000e+00 0.000000000e+00 -2.452103498e-17 
d 6.100000000e+00 6.100000000e+00 0.000000000e+00 0.000000000e+00 0.000000000e+00 -4.750721971e-03 5.000000000e-01 5.000000000e-01 4.750721971e-03 0.000000000e+00 0.000000000e+00 -2.452108911e-17 
d 6.200000000e+00 6.200000000e+00 0.000000000e+00 0.000000000e+00 0.000000000e+00 -4.914862013e-03 5.000000000e-01 5.000000000e-01 4.914862013e-03 0.000000000e+00 0.000000000e+00 -2.452032664e-17 
d 6.300000000e+00 6.300000000e+00 0.000000000e+00 0.000000000e+00 0.000000000e+00 -5.078215078e-03 5.000000000e-01 5.000000000e-01 5.078215078e-03 0.000000000e+00 0.000000000e+00 -2.452119525e-17 
d 6.400000000e+00 6.400000000e+00 0.000000000e+00 0.000000000e+00 0.000000000e+00 -5.240799072e-03 5.000000000e-01 5.000000000e-01 5.240799072e-03 0.000000000e+00 0.000000000e+00 -2.452043142e-17 
d 6.500000000e+00 6.500000000e+00 0.000000000e+00 0.000000000e+00 0.000000000e+00 -5.402630902e-03 5.000000000e-01 5.000000000e-01 5.402630902e-03 0.000000000e+00 0.000000000e+00 -2.452129870e-17 
d 6.600000000e+00 6.600000000e+00 0.000000000e+00 0.000000000e+00 0.000000000e+00 -5.563726538e-03 5.000000000e-01 5.000000000e-01 5.563726538e-03 0.000000000e+00 0.000000000e+00 -2.452053358e-17 
d 6.700000000e+00 6.700000000e+00 0.000000000e+00 0.000000000e+00 0.000000000e+00 -5.724101083e-03 5.000000000e-01 5.000000000e-01 5.724101083e-03 0.000000000e+00 0.000000000e+00 -2.452139960e-17 
d 6.800000000e+00 6.800000000e+00 0.000000000e+00 0.000000000e+00 0.000000000e+00 -5.883768837e-03 5.000000000e-01 5.000000000e-01 5.883768837e-03 0.000000000e+00 0.000000000e+00 -2.452063326e-17 
d 6.900000000e+00 6.900000000e+00 0.000000000e+00 0.000000000e+00 0.000000000e+00 -6.042743353e-03 5.000000000e-01 5.000000000e-01 6.042743353e-03 0.000000000e+00 0.000000000e+00 -2.452149808e-17 
d 7.000000000e+00 7.000000000e+00 0.000000000e+00 0.000000000e+00 0.000000000e+00 -6.201037496e-03 5.000000000e-01 5.000000000e-01 6.201037496e-03 0.000000000e+00 0.000000000e+00 -2.452073057e-17 
d 7.100000000e+00 7.100000000e+00 0.000000000e+00 0.000000000e+00 0.000000000e+00 -6.358663492e-03 5.000000000e-01 5.000000000e-01 6.358663492e-03 0.000000000e+00 0.000000000e+00 -2.452159425e-17 
d 7.200000000e+00 7.200000000e+00 0.000000000e+00 0.000000000e+00 0.000000000e+00 -6.515632977e-03 5.000000000e-01 5.000000000e-01 6.515632977e-03 0.000000000e+00 0.000000000e+00 -2.452082562e-17 
d 7.300000000e+00 7.300000000e+00 0.000000000e+00 0.000000000e+00 0.000000000e+00 -6.671957042e-03 5.000000000e-01 5.000000000e-01 6.671957042e-03 0.000000000e+00 0.000000000e+00 -2.452168820e-17 
d 7.400000000e+00 7.400000000e+00 0.000000000e+00 0.000000000e+00 0.000000000e+00 -6.827646268e-03 5.000000000e-01 5.000000000e-01 6.827646268e-03 0.000000000e+00 0.000000000e+00 -2.452091850e-17 
d 7.500000000e+00 7.500000000e+00 0.000000000e+00 0.000000000e+00 0.000000000e+00 -6.982710766e-03 5.000000000e-01 5.000000000e-01 6.982710766e-03 0.000000000e+00 0.000000000e+00 -2.452178003e-17 
d 7.600000000e+00 7.600000000e+00 0.000000000e+00 0.000000000e+00 0.000000000e+00 -7.137160211e-03 5.000000000e-01 5.000000000e-01 7.137160211e-03 0.000000000e+00 0.000000000e+00 -2.452100930e-17 
d 7.700000000e+00 7.700000000e+00 0.000000000e+00 0.000000000e+00 0.000000000e+00 -7.291003871e-03 5.000000000e-01 5.000000000e-01 7.291003871e-03 0.000000000e+00 0.000000000e+00 -2.452186982e-17 
d 7.800000000e+00 7.800000000e+00 0.000000000e+00 0.000000000e+00 0.000000000e+00 -7.444250633e-03 5.000000000e-01 5.000000000e-01 7.444250633e-03 0.000000000e+00 0.000000000e+00 -2.452109810e-17 
d 7.900000000e+00 7.900000000e+00 0.000000000e+00 0.000000000e+00 0.000000000e+00 -7.596909035e-03 5.000000000e-01 5.000000000e-01 7.596909035e-03 0.000000000e+00 0.000000000e+00 -2.452195766e-17 
d 8.000000000e+00 8.000000000e+00 0.000000000e+00 0.000000000e+00 0.000000000e+00 -7.748987279e-03 5.000000000e-01 5.000000000e-01 7.748987279e-03 0.000000000e+00 0.000000000e+00 -2.452118498e-17 
d 8.100000000e+00 8.100000000e+00 0.000000000e+00 0.000000000e+00 0.000000000e+00 -7.900493264e-03 5.000000000e-01 5.000000000e-01 7.900493264e-03 0.000000000e+00 0.000000000e+00 -2.452204360e-17 
d 8.200000000e+00 8.200000000e+00 0.000000000e+00 0.000000000e+00 0.000000000e+00 -8.051434597e-03 5.000000000e-01 5.000000000e-01 8.051434597e-03 0.000000000e+00 0.000000000e+00 -2.452127001e-17 
d 8.300000000e+00 8.300000000e+00 0.000000000e+00 0.000000000e+00 0.000000000e+00 -8.201818613e-03 5.000000000e-01 5.000000000e-01 8.201818613e-03 0.000000000e+00 0.000000000e+00 -2.452212773e-17 
d 8.400000000e+00 8.400000000e+00 0.000000000e+00 0.000000000e+00 0.000000000e+00 -8.351652394e-03 5.000000000e-01 5.000000000e-01 8.351652394e-03 0.000000000e+00 0.000000000e+00 -2.452135325e-17 
d 8.500000000e+00 8.500000000e+00 0.000000000e+00 0.000000000e+00 0.000000000e+00 -8.500942784e-03 5.000000000e-01 5.000000000e-01 8.500942784e-03 0.000000000e+00 0.000000000e+00 -2.452221010e-17 
d 8.600000000e+00 8.600000000e+00 0.000000000e+00 0.000000000e+00 0.000000000e+00 -8.649696398e-03 5.000000000e-01 5.000000000e-01 8.649696398e-03 0.000000000e+00 0.000000000e+00 -2.452143476e-17 
d 8.700000000e+00 8.700000000e+00 0.000000000e+00 0.000000000e+00 0.000000000e+00 -8.797919641e-03 5.000000000e-01 5.000000000e-01 8.797919641e-03 0.000000000e+00 0.000000000e+00 -2.452229077e-17 
d 8.800000000e+00 8.800000000e+00 0.000000000e+00 0.000000000e+00 0.000000000e+00 -8.945618718e-03 5.000000000e-01 5.000000000e-01 8.945618718e-03 0.000000000e+00 0.000000000e+00 -2.453008136e-17 
d 8.900000000e+00 8.900000000e+00 0.000000000e+00 0.000000000e+00 0.000000000e+00 -9.092799642e-03 5.000000000e-01 5.000000000e-01 9.092799642e-03 0.000000000e+00 0.000000000e+00 -2.453093656e-17 
d 9.000000000e+00 9.000000000e+00 0.000000000e+00 0.000000000e+00 0.000000000e+00 -9.239468250e-03 5.000000000e-01 5.000000000e-01 9.239468250e-03 0.000000000e+00 0.000000000e+00 -2.453015960e-17 
d 9.100000000e+00 9.100000000e+00 0.000000000e+00 0.000000000e+00 0.000000000e+00 -9.385630205e-03 5.000000000e-01 5.000000000e-01 9.385630205e-03 0.000000000e+00 0.000000000e+00 -2.453101401e-17 
d 9.200000000e+00 9.200000000e+00 0.000000000e+00 0.000000000e+00 0.000000000e+00 -9.531291014e-03 5.000000000e-01 5.000000000e-01 9.531291014e-03 0.000000000e+00 0.000000000e+00 -2.453023628e-17 
d 9.300000000e+00 9.300000000e+00 0.000000000e+00 0.000000000e+00 0.000000000e+00 -9.676456027e-03 5.000000000e-01 5.000000000e-01 9.676456027e-03 0.000000000e+00 0.000000000e+00 -2.453108993e-17 
d 9.400000000e+00 9.400000000e+00 0.000000000e+00 0.000000000e+00 0.000000000e+00 -9.821130450e-03 5.000000000e-01 5.000000000e-01 9.821130450e-03 0.000000000e+00 0.000000000e+00 -2.453031144e-17 
d 9.500000000e+00 9.500000000e+00 0.000000000e+00 0.000000000e+00 0.000000000e+00 -9.965319352e-03 5.000000000e-01 5.000000000e-01 9.965319352e-03 0.000000000e+00 0.000000000e+00 -2.453116436e-17 
d 9.600000000e+00 9.600000000e+00 0.000000000e+00 0.000000000e+00 0.000000000e+00 -1.010902767e-02 5.000000000e-01 5.000000000e-01 1.010902767e-02 0.000000000e+00 0.000000000e+00 -2.453038515e-17 
d 9.700000000e+00 9.700000000e+00 0.000000000e+00 0.000000000e+00 0.000000000e+00 -1.025226021e-02 5.000000000e-01 5.000000000e-01 1.025226021e-02 0.000000000e+00 0.000000000e+00 -2.453123734e-17 
d 9.800000000e+00 9.800000000e+00 0.000000000e+00 0.000000000e+00 0.000000000e+00 -1.039502167e-02 5.000000000e-01 5.000000000e-01 1.039502167e-02 0.000000000e+00 0.000000000e+00 -2.453045743e-17 
d 9.900000000e+00 9.900000000e+00 0.000000000e+00 0.000000000e+00 0.000000000e+00 -1.053731663e-02 5.000000000e-01 5.000000000e-01 1.053731663e-02 0.000000000e+00 0.000000000e+00 -2.453130893e-17 
d 1.000000000e+01 1.000000000e+01 0.000000000e+00 0.000000000e+00 0.000000000e+00 -1.067914955e-02 5.000000000e-01 5.000000000e-01 1.067914955e-02 0.000000000e+00 0.000000000e+00 -2.453052834e-17 
