v ATLAS
# This file was created by ATLAS version 5.26.1.R on Thu Apr 19 18:29:01 2018.
#SSF 2.0 generic
##############################################################################
#                    Copyright (c) 1984 - 2018                               #
#                    Silvaco Inc. All rights reserved                        #
#                                                                            #
# This file format and the following Key are copyright Silvaco Inc.          #
# You may not use, this format or key without reproducing this message in    #
# full and obtaining express written permission from Silvaco Inc.            #
#                                                                            #
# To obtain such permission please contact: Silvaco Inc.                     #
#                                           support@silvaco.com              #
#                                                                            #
# KEY=SVC86hn7562asdx                       PROD=345                         #
##############################################################################
y 3 700 711 15
z 0.1 0.019 300
f 4 "gate" "source" "drain" "substrate" 
p 12 2 601 20 3 602 21 4 603 22 5 604 23 
d 1.000000000e-01 1.000000000e-01 0.000000000e+00 0.000000000e+00 0.000000000e+00 2.673478117e-16 5.000000000e-01 5.000000000e-01 -1.497146459e-15 0.000000000e+00 0.000000000e+00 -1.976605634e-17 
d 2.000000000e-01 2.000000000e-01 0.000000000e+00 0.000000000e+00 0.000000000e+00 -1.067302592e-16 5.000000000e-01 5.000000000e-01 -2.404458095e-15 0.000000000e+00 0.000000000e+00 -1.980236335e-17 
d 3.000000000e-01 3.000000000e-01 0.000000000e+00 0.000000000e+00 0.000000000e+00 1.599909561e-16 5.000000000e-01 5.000000000e-01 5.346969104e-16 0.000000000e+00 0.000000000e+00 -1.970201034e-17 
d 4.000000000e-01 4.000000000e-01 0.000000000e+00 0.000000000e+00 0.000000000e+00 3.214439705e-16 5.000000000e-01 5.000000000e-01 1.079847390e-16 0.000000000e+00 0.000000000e+00 -1.984478983e-17 
d 5.000000000e-01 5.000000000e-01 0.000000000e+00 0.000000000e+00 0.000000000e+00 1.601998216e-16 5.000000000e-01 5.000000000e-01 2.297103813e-15 0.000000000e+00 0.000000000e+00 -1.981011529e-17 
d 6.000000000e-01 6.000000000e-01 0.000000000e+00 0.000000000e+00 0.000000000e+00 -5.367842783e-17 5.000000000e-01 5.000000000e-01 1.391880832e-15 0.000000000e+00 0.000000000e+00 -1.988109735e-17 
d 7.000000000e-01 7.000000000e-01 0.000000000e+00 0.000000000e+00 0.000000000e+00 4.177309558e-19 5.000000000e-01 5.000000000e-01 7.510815455e-16 0.000000000e+00 0.000000000e+00 -1.989333602e-17 
d 8.000000000e-01 8.000000000e-01 0.000000000e+00 0.000000000e+00 0.000000000e+00 1.071479902e-16 5.000000000e-01 5.000000000e-01 9.632888711e-16 0.000000000e+00 0.000000000e+00 -1.989741590e-17 
d 9.000000000e-01 9.000000000e-01 0.000000000e+00 0.000000000e+00 0.000000000e+00 -1.067302592e-16 5.000000000e-01 5.000000000e-01 -1.067092440e-15 0.000000000e+00 0.000000000e+00 -1.988069085e-17 
d 1.000000000e+00 1.000000000e+00 0.000000000e+00 0.000000000e+00 0.000000000e+00 5.346956235e-17 5.000000000e-01 5.000000000e-01 1.230845548e-15 0.000000000e+00 0.000000000e+00 -1.988069138e-17 
d 1.100000000e+00 1.100000000e+00 0.000000000e+00 0.000000000e+00 0.000000000e+00 4.177309558e-19 5.000000000e-01 5.000000000e-01 2.086776277e-15 0.000000000e+00 0.000000000e+00 -1.992434156e-17 
d 1.200000000e+00 1.200000000e+00 0.000000000e+00 0.000000000e+00 0.000000000e+00 5.346956235e-17 5.000000000e-01 5.000000000e-01 -1.121815195e-15 0.000000000e+00 0.000000000e+00 -2.017318580e-17 
d 1.300000000e+00 1.300000000e+00 0.000000000e+00 0.000000000e+00 0.000000000e+00 1.071479902e-16 5.000000000e-01 5.000000000e-01 1.710818416e-15 0.000000000e+00 0.000000000e+00 -2.017155469e-17 
d 1.400000000e+00 1.400000000e+00 0.000000000e+00 0.000000000e+00 0.000000000e+00 3.740780710e-16 5.000000000e-01 5.000000000e-01 1.924487800e-15 0.000000000e+00 0.000000000e+00 -2.017114746e-17 
d 1.500000000e+00 1.500000000e+00 0.000000000e+00 0.000000000e+00 0.000000000e+00 -1.073568557e-16 5.000000000e-01 5.000000000e-01 -5.117075531e-17 0.000000000e+00 0.000000000e+00 -2.017237204e-17 
d 1.600000000e+00 1.600000000e+00 0.000000000e+00 0.000000000e+00 0.000000000e+00 -5.388729330e-17 5.000000000e-01 5.000000000e-01 6.433069588e-16 0.000000000e+00 0.000000000e+00 -2.017155699e-17 
d 1.700000000e+00 1.700000000e+00 0.000000000e+00 0.000000000e+00 0.000000000e+00 2.145048458e-16 5.000000000e-01 5.000000000e-01 9.616179471e-16 0.000000000e+00 0.000000000e+00 -2.017196583e-17 
d 1.800000000e+00 1.800000000e+00 0.000000000e+00 0.000000000e+00 0.000000000e+00 -1.071479902e-16 5.000000000e-01 5.000000000e-01 6.278831730e-19 0.000000000e+00 0.000000000e+00 -2.017196680e-17 
d 1.900000000e+00 1.900000000e+00 0.000000000e+00 0.000000000e+00 0.000000000e+00 -2.671389463e-16 5.000000000e-01 5.000000000e-01 5.881664725e-16 0.000000000e+00 0.000000000e+00 -2.017196785e-17 
d 2.000000000e+00 2.000000000e+00 0.000000000e+00 0.000000000e+00 0.000000000e+00 -5.263410044e-17 5.000000000e-01 5.000000000e-01 -1.388954141e-15 0.000000000e+00 0.000000000e+00 -2.017237693e-17 
d 2.100000000e+00 2.100000000e+00 0.000000000e+00 0.000000000e+00 0.000000000e+00 -5.409615878e-17 5.000000000e-01 5.000000000e-01 4.795564240e-16 0.000000000e+00 0.000000000e+00 -2.017237817e-17 
d 2.200000000e+00 2.200000000e+00 0.000000000e+00 0.000000000e+00 0.000000000e+00 -1.069391247e-16 5.000000000e-01 5.000000000e-01 -1.441379376e-15 0.000000000e+00 0.000000000e+00 -2.017237951e-17 
d 2.300000000e+00 2.300000000e+00 0.000000000e+00 0.000000000e+00 0.000000000e+00 5.326069687e-17 5.000000000e-01 5.000000000e-01 -2.646312739e-16 0.000000000e+00 0.000000000e+00 -2.018706682e-17 
d 2.400000000e+00 2.400000000e+00 0.000000000e+00 0.000000000e+00 0.000000000e+00 -3.212351050e-16 5.000000000e-01 5.000000000e-01 -2.566119975e-15 0.000000000e+00 0.000000000e+00 -2.019318752e-17 
d 2.500000000e+00 2.500000000e+00 0.000000000e+00 0.000000000e+00 0.000000000e+00 -2.088654779e-19 5.000000000e-01 5.000000000e-01 4.308907676e-16 0.000000000e+00 0.000000000e+00 -2.017401607e-17 
d 2.600000000e+00 2.600000000e+00 0.000000000e+00 0.000000000e+00 0.000000000e+00 -1.077745866e-16 5.000000000e-01 5.000000000e-01 1.711862744e-15 0.000000000e+00 0.000000000e+00 -2.019278326e-17 
d 2.700000000e+00 2.700000000e+00 0.000000000e+00 0.000000000e+00 0.000000000e+00 1.067302592e-16 5.000000000e-01 5.000000000e-01 1.282017590e-15 0.000000000e+00 0.000000000e+00 -2.036697593e-17 
d 2.800000000e+00 2.800000000e+00 0.000000000e+00 0.000000000e+00 0.000000000e+00 -3.220705670e-16 5.000000000e-01 5.000000000e-01 -9.079369459e-16 0.000000000e+00 0.000000000e+00 -2.082999063e-17 
d 2.900000000e+00 2.900000000e+00 0.000000000e+00 0.000000000e+00 0.000000000e+00 1.585288977e-16 5.000000000e-01 5.000000000e-01 9.110725013e-16 0.000000000e+00 0.000000000e+00 -2.156591770e-17 
d 3.000000000e+00 3.000000000e+00 0.000000000e+00 0.000000000e+00 0.000000000e+00 -4.931313934e-16 5.000000000e-01 5.000000000e-01 1.938481787e-15 0.000000000e+00 0.000000000e+00 -2.192817165e-17 
d 3.100000000e+00 3.100000000e+00 0.000000000e+00 0.000000000e+00 0.000000000e+00 -1.827990663e-15 5.000000000e-01 5.000000000e-01 4.371567318e-16 0.000000000e+00 0.000000000e+00 -2.210726063e-17 
d 3.200000000e+00 3.200000000e+00 0.000000000e+00 0.000000000e+00 0.000000000e+00 -9.815842000e-15 5.000000000e-01 5.000000000e-01 1.093724204e-14 0.000000000e+00 0.000000000e+00 -2.236100299e-17 
d 3.300000000e+00 3.300000000e+00 0.000000000e+00 0.000000000e+00 0.000000000e+00 -5.807546387e-14 5.000000000e-01 5.000000000e-01 5.940760917e-14 0.000000000e+00 0.000000000e+00 -2.243810746e-17 
d 3.400000000e+00 3.400000000e+00 0.000000000e+00 0.000000000e+00 0.000000000e+00 -3.483182738e-13 5.000000000e-01 5.000000000e-01 3.486514156e-13 0.000000000e+00 0.000000000e+00 -2.246462764e-17 
d 3.500000000e+00 3.500000000e+00 0.000000000e+00 0.000000000e+00 0.000000000e+00 -2.132694483e-12 5.000000000e-01 5.000000000e-01 2.132339413e-12 0.000000000e+00 0.000000000e+00 -2.264942905e-17 
d 3.600000000e+00 3.600000000e+00 0.000000000e+00 0.000000000e+00 0.000000000e+00 -1.328902572e-11 5.000000000e-01 5.000000000e-01 1.328974443e-11 0.000000000e+00 0.000000000e+00 -2.362073998e-17 
d 3.700000000e+00 3.700000000e+00 0.000000000e+00 0.000000000e+00 0.000000000e+00 -8.371886799e-11 5.000000000e-01 5.000000000e-01 8.371912573e-11 0.000000000e+00 0.000000000e+00 -2.312672962e-17 
d 3.800000000e+00 3.800000000e+00 0.000000000e+00 0.000000000e+00 0.000000000e+00 -5.305518817e-10 5.000000000e-01 5.000000000e-01 5.305501945e-10 0.000000000e+00 0.000000000e+00 -2.244873887e-17 
d 3.900000000e+00 3.900000000e+00 0.000000000e+00 0.000000000e+00 0.000000000e+00 -3.363151553e-09 5.000000000e-01 5.000000000e-01 3.363151534e-09 0.000000000e+00 0.000000000e+00 -2.284322431e-17 
d 4.000000000e+00 4.000000000e+00 0.000000000e+00 0.000000000e+00 0.000000000e+00 -2.114562976e-08 5.000000000e-01 5.000000000e-01 2.114562692e-08 0.000000000e+00 0.000000000e+00 -2.241938262e-17 
d 4.100000000e+00 4.100000000e+00 0.000000000e+00 0.000000000e+00 0.000000000e+00 -1.300362434e-07 5.000000000e-01 5.000000000e-01 1.300362418e-07 0.000000000e+00 0.000000000e+00 -2.238961326e-17 
d 4.200000000e+00 4.200000000e+00 0.000000000e+00 0.000000000e+00 0.000000000e+00 -7.599492168e-07 5.000000000e-01 5.000000000e-01 7.599492184e-07 0.000000000e+00 0.000000000e+00 -2.237290133e-17 
d 4.300000000e+00 4.300000000e+00 0.000000000e+00 0.000000000e+00 0.000000000e+00 -3.942253131e-06 5.000000000e-01 5.000000000e-01 3.942253132e-06 0.000000000e+00 0.000000000e+00 -2.242840153e-17 
d 4.400000000e+00 4.400000000e+00 0.000000000e+00 0.000000000e+00 0.000000000e+00 -1.606188541e-05 5.000000000e-01 5.000000000e-01 1.606188541e-05 0.000000000e+00 0.000000000e+00 -2.246310888e-17 
d 4.500000000e+00 4.500000000e+00 0.000000000e+00 0.000000000e+00 0.000000000e+00 -4.714206214e-05 5.000000000e-01 5.000000000e-01 4.714206214e-05 0.000000000e+00 0.000000000e+00 -2.246478718e-17 
d 4.600000000e+00 4.600000000e+00 0.000000000e+00 0.000000000e+00 0.000000000e+00 -1.036083862e-04 5.000000000e-01 5.000000000e-01 1.036083862e-04 0.000000000e+00 0.000000000e+00 -2.247218686e-17 
d 4.700000000e+00 4.700000000e+00 0.000000000e+00 0.000000000e+00 0.000000000e+00 -1.861266169e-04 5.000000000e-01 5.000000000e-01 1.861266169e-04 0.000000000e+00 0.000000000e+00 -2.247306581e-17 
d 4.800000000e+00 4.800000000e+00 0.000000000e+00 0.000000000e+00 0.000000000e+00 -2.925294757e-04 5.000000000e-01 5.000000000e-01 2.925294757e-04 0.000000000e+00 0.000000000e+00 -2.349216844e-17 
d 4.900000000e+00 4.900000000e+00 0.000000000e+00 0.000000000e+00 0.000000000e+00 -4.197100244e-04 5.000000000e-01 5.000000000e-01 4.197100244e-04 0.000000000e+00 0.000000000e+00 -2.387733528e-17 
d 5.000000000e+00 5.000000000e+00 0.000000000e+00 0.000000000e+00 0.000000000e+00 -5.642200976e-04 5.000000000e-01 5.000000000e-01 5.642200976e-04 0.000000000e+00 0.000000000e+00 -2.355350450e-17 
d 5.100000000e+00 5.100000000e+00 0.000000000e+00 0.000000000e+00 0.000000000e+00 -7.224664267e-04 5.000000000e-01 5.000000000e-01 7.224664267e-04 0.000000000e+00 0.000000000e+00 -2.410511568e-17 
d 5.200000000e+00 5.200000000e+00 0.000000000e+00 0.000000000e+00 0.000000000e+00 -8.909215188e-04 5.000000000e-01 5.000000000e-01 8.909215188e-04 0.000000000e+00 0.000000000e+00 -2.426836857e-17 
d 5.300000000e+00 5.300000000e+00 0.000000000e+00 0.000000000e+00 0.000000000e+00 -1.066403144e-03 5.000000000e-01 5.000000000e-01 1.066403144e-03 0.000000000e+00 0.000000000e+00 -2.451851288e-17 
d 5.400000000e+00 5.400000000e+00 0.000000000e+00 0.000000000e+00 0.000000000e+00 -1.246304733e-03 5.000000000e-01 5.000000000e-01 1.246304733e-03 0.000000000e+00 0.000000000e+00 -2.452062889e-17 
d 5.500000000e+00 5.500000000e+00 0.000000000e+00 0.000000000e+00 0.000000000e+00 -1.428675649e-03 5.000000000e-01 5.000000000e-01 1.428675649e-03 0.000000000e+00 0.000000000e+00 -2.452070423e-17 
d 5.600000000e+00 5.600000000e+00 0.000000000e+00 0.000000000e+00 0.000000000e+00 -1.612158114e-03 5.000000000e-01 5.000000000e-01 1.612158114e-03 0.000000000e+00 0.000000000e+00 -2.452077833e-17 
d 5.700000000e+00 5.700000000e+00 0.000000000e+00 0.000000000e+00 0.000000000e+00 -1.795855277e-03 5.000000000e-01 5.000000000e-01 1.795855277e-03 0.000000000e+00 0.000000000e+00 -2.452085108e-17 
d 5.800000000e+00 5.800000000e+00 0.000000000e+00 0.000000000e+00 0.000000000e+00 -1.979196399e-03 5.000000000e-01 5.000000000e-01 1.979196399e-03 0.000000000e+00 0.000000000e+00 -2.452092245e-17 
d 5.900000000e+00 5.900000000e+00 0.000000000e+00 0.000000000e+00 0.000000000e+00 -2.161829014e-03 5.000000000e-01 5.000000000e-01 2.161829014e-03 0.000000000e+00 0.000000000e+00 -2.452099244e-17 
d 6.000000000e+00 6.000000000e+00 0.000000000e+00 0.000000000e+00 0.000000000e+00 -2.343542364e-03 5.000000000e-01 5.000000000e-01 2.343542364e-03 0.000000000e+00 0.000000000e+00 -2.452106109e-17 
d 6.100000000e+00 6.100000000e+00 0.000000000e+00 0.000000000e+00 0.000000000e+00 -2.524216253e-03 5.000000000e-01 5.000000000e-01 2.524216253e-03 0.000000000e+00 0.000000000e+00 -2.452112845e-17 
d 6.200000000e+00 6.200000000e+00 0.000000000e+00 0.000000000e+00 0.000000000e+00 -2.703787882e-03 5.000000000e-01 5.000000000e-01 2.703787882e-03 0.000000000e+00 0.000000000e+00 -2.452119458e-17 
d 6.300000000e+00 6.300000000e+00 0.000000000e+00 0.000000000e+00 0.000000000e+00 -2.882230622e-03 5.000000000e-01 5.000000000e-01 2.882230622e-03 0.000000000e+00 0.000000000e+00 -2.452125953e-17 
d 6.400000000e+00 6.400000000e+00 0.000000000e+00 0.000000000e+00 0.000000000e+00 -3.059540470e-03 5.000000000e-01 5.000000000e-01 3.059540470e-03 0.000000000e+00 0.000000000e+00 -2.452132336e-17 
d 6.500000000e+00 6.500000000e+00 0.000000000e+00 0.000000000e+00 0.000000000e+00 -3.235727393e-03 5.000000000e-01 5.000000000e-01 3.235727393e-03 0.000000000e+00 0.000000000e+00 -2.452138611e-17 
d 6.600000000e+00 6.600000000e+00 0.000000000e+00 0.000000000e+00 0.000000000e+00 -3.410809789e-03 5.000000000e-01 5.000000000e-01 3.410809789e-03 0.000000000e+00 0.000000000e+00 -2.452144782e-17 
d 6.700000000e+00 6.700000000e+00 0.000000000e+00 0.000000000e+00 0.000000000e+00 -3.584810923e-03 5.000000000e-01 5.000000000e-01 3.584810923e-03 0.000000000e+00 0.000000000e+00 -2.452150855e-17 
d 6.800000000e+00 6.800000000e+00 0.000000000e+00 0.000000000e+00 0.000000000e+00 -3.757756639e-03 5.000000000e-01 5.000000000e-01 3.757756639e-03 0.000000000e+00 0.000000000e+00 -2.452156833e-17 
d 6.900000000e+00 6.900000000e+00 0.000000000e+00 0.000000000e+00 0.000000000e+00 -3.929673895e-03 5.000000000e-01 5.000000000e-01 3.929673895e-03 0.000000000e+00 0.000000000e+00 -2.452162720e-17 
d 7.000000000e+00 7.000000000e+00 0.000000000e+00 0.000000000e+00 0.000000000e+00 -4.100589823e-03 5.000000000e-01 5.000000000e-01 4.100589823e-03 0.000000000e+00 0.000000000e+00 -2.452168519e-17 
d 7.100000000e+00 7.100000000e+00 0.000000000e+00 0.000000000e+00 0.000000000e+00 -4.270531150e-03 5.000000000e-01 5.000000000e-01 4.270531150e-03 0.000000000e+00 0.000000000e+00 -2.452174233e-17 
d 7.200000000e+00 7.200000000e+00 0.000000000e+00 0.000000000e+00 0.000000000e+00 -4.439523839e-03 5.000000000e-01 5.000000000e-01 4.439523839e-03 0.000000000e+00 0.000000000e+00 -2.452179865e-17 
d 7.300000000e+00 7.300000000e+00 0.000000000e+00 0.000000000e+00 0.000000000e+00 -4.607592883e-03 5.000000000e-01 5.000000000e-01 4.607592883e-03 0.000000000e+00 0.000000000e+00 -2.452185418e-17 
d 7.400000000e+00 7.400000000e+00 0.000000000e+00 0.000000000e+00 0.000000000e+00 -4.774762199e-03 5.000000000e-01 5.000000000e-01 4.774762199e-03 0.000000000e+00 0.000000000e+00 -2.452190895e-17 
d 7.500000000e+00 7.500000000e+00 0.000000000e+00 0.000000000e+00 0.000000000e+00 -4.941054586e-03 5.000000000e-01 5.000000000e-01 4.941054586e-03 0.000000000e+00 0.000000000e+00 -2.452196297e-17 
d 7.600000000e+00 7.600000000e+00 0.000000000e+00 0.000000000e+00 0.000000000e+00 -5.106491720e-03 5.000000000e-01 5.000000000e-01 5.106491720e-03 0.000000000e+00 0.000000000e+00 -2.452201627e-17 
d 7.700000000e+00 7.700000000e+00 0.000000000e+00 0.000000000e+00 0.000000000e+00 -5.271094184e-03 5.000000000e-01 5.000000000e-01 5.271094184e-03 0.000000000e+00 0.000000000e+00 -2.452206886e-17 
d 7.800000000e+00 7.800000000e+00 0.000000000e+00 0.000000000e+00 0.000000000e+00 -5.434881504e-03 5.000000000e-01 5.000000000e-01 5.434881504e-03 0.000000000e+00 0.000000000e+00 -2.452212078e-17 
d 7.900000000e+00 7.900000000e+00 0.000000000e+00 0.000000000e+00 0.000000000e+00 -5.597872204e-03 5.000000000e-01 5.000000000e-01 5.597872204e-03 0.000000000e+00 0.000000000e+00 -2.452217203e-17 
d 8.000000000e+00 8.000000000e+00 0.000000000e+00 0.000000000e+00 0.000000000e+00 -5.760083853e-03 5.000000000e-01 5.000000000e-01 5.760083853e-03 0.000000000e+00 0.000000000e+00 -2.452222263e-17 
d 8.100000000e+00 8.100000000e+00 0.000000000e+00 0.000000000e+00 0.000000000e+00 -5.921533130e-03 5.000000000e-01 5.000000000e-01 5.921533130e-03 0.000000000e+00 0.000000000e+00 -2.452227261e-17 
d 8.200000000e+00 8.200000000e+00 0.000000000e+00 0.000000000e+00 0.000000000e+00 -6.082235871e-03 5.000000000e-01 5.000000000e-01 6.082235871e-03 0.000000000e+00 0.000000000e+00 -2.452232197e-17 
d 8.300000000e+00 8.300000000e+00 0.000000000e+00 0.000000000e+00 0.000000000e+00 -6.242207130e-03 5.000000000e-01 5.000000000e-01 6.242207130e-03 0.000000000e+00 0.000000000e+00 -2.452237073e-17 
d 8.400000000e+00 8.400000000e+00 0.000000000e+00 0.000000000e+00 0.000000000e+00 -6.401461224e-03 5.000000000e-01 5.000000000e-01 6.401461224e-03 0.000000000e+00 0.000000000e+00 -2.452241890e-17 
d 8.500000000e+00 8.500000000e+00 0.000000000e+00 0.000000000e+00 0.000000000e+00 -6.560011788e-03 5.000000000e-01 5.000000000e-01 6.560011788e-03 0.000000000e+00 0.000000000e+00 -2.452246650e-17 
d 8.600000000e+00 8.600000000e+00 0.000000000e+00 0.000000000e+00 0.000000000e+00 -6.717871815e-03 5.000000000e-01 5.000000000e-01 6.717871815e-03 0.000000000e+00 0.000000000e+00 -2.452251354e-17 
d 8.700000000e+00 8.700000000e+00 0.000000000e+00 0.000000000e+00 0.000000000e+00 -6.875053703e-03 5.000000000e-01 5.000000000e-01 6.875053703e-03 0.000000000e+00 0.000000000e+00 -2.452256003e-17 
d 8.800000000e+00 8.800000000e+00 0.000000000e+00 0.000000000e+00 0.000000000e+00 -7.031569292e-03 5.000000000e-01 5.000000000e-01 7.031569292e-03 0.000000000e+00 0.000000000e+00 -2.452260598e-17 
d 8.900000000e+00 8.900000000e+00 0.000000000e+00 0.000000000e+00 0.000000000e+00 -7.187429904e-03 5.000000000e-01 5.000000000e-01 7.187429904e-03 0.000000000e+00 0.000000000e+00 -2.452265141e-17 
d 9.000000000e+00 9.000000000e+00 0.000000000e+00 0.000000000e+00 0.000000000e+00 -7.342646372e-03 5.000000000e-01 5.000000000e-01 7.342646372e-03 0.000000000e+00 0.000000000e+00 -2.452269633e-17 
d 9.100000000e+00 9.100000000e+00 0.000000000e+00 0.000000000e+00 0.000000000e+00 -7.497229075e-03 5.000000000e-01 5.000000000e-01 7.497229075e-03 0.000000000e+00 0.000000000e+00 -2.452274074e-17 
d 9.200000000e+00 9.200000000e+00 0.000000000e+00 0.000000000e+00 0.000000000e+00 -7.651187968e-03 5.000000000e-01 5.000000000e-01 7.651187968e-03 0.000000000e+00 0.000000000e+00 -2.452278466e-17 
d 9.300000000e+00 9.300000000e+00 0.000000000e+00 0.000000000e+00 0.000000000e+00 -7.804532607e-03 5.000000000e-01 5.000000000e-01 7.804532607e-03 0.000000000e+00 0.000000000e+00 -2.452282809e-17 
d 9.400000000e+00 9.400000000e+00 0.000000000e+00 0.000000000e+00 0.000000000e+00 -7.957272174e-03 5.000000000e-01 5.000000000e-01 7.957272174e-03 0.000000000e+00 0.000000000e+00 -2.452287105e-17 
d 9.500000000e+00 9.500000000e+00 0.000000000e+00 0.000000000e+00 0.000000000e+00 -8.109415499e-03 5.000000000e-01 5.000000000e-01 8.109415499e-03 0.000000000e+00 0.000000000e+00 -2.452209766e-17 
d 9.600000000e+00 9.600000000e+00 0.000000000e+00 0.000000000e+00 0.000000000e+00 -8.260971086e-03 5.000000000e-01 5.000000000e-01 8.260971086e-03 0.000000000e+00 0.000000000e+00 -2.452213969e-17 
d 9.700000000e+00 9.700000000e+00 0.000000000e+00 0.000000000e+00 0.000000000e+00 -8.411947125e-03 5.000000000e-01 5.000000000e-01 8.411947125e-03 0.000000000e+00 0.000000000e+00 -2.452218128e-17 
d 9.800000000e+00 9.800000000e+00 0.000000000e+00 0.000000000e+00 0.000000000e+00 -8.562351518e-03 5.000000000e-01 5.000000000e-01 8.562351518e-03 0.000000000e+00 0.000000000e+00 -2.455648941e-17 
d 9.900000000e+00 9.900000000e+00 0.000000000e+00 0.000000000e+00 0.000000000e+00 -8.712191891e-03 5.000000000e-01 5.000000000e-01 8.712191891e-03 0.000000000e+00 0.000000000e+00 -2.455653012e-17 
d 1.000000000e+01 1.000000000e+01 0.000000000e+00 0.000000000e+00 0.000000000e+00 -8.861475608e-03 5.000000000e-01 5.000000000e-01 8.861475608e-03 0.000000000e+00 0.000000000e+00 -2.455657040e-17 
