v ATLAS
# This file was created by ATLAS version 5.26.1.R on Thu Apr 19 18:30:20 2018.
#SSF 2.0 generic
##############################################################################
#                    Copyright (c) 1984 - 2018                               #
#                    Silvaco Inc. All rights reserved                        #
#                                                                            #
# This file format and the following Key are copyright Silvaco Inc.          #
# You may not use, this format or key without reproducing this message in    #
# full and obtaining express written permission from Silvaco Inc.            #
#                                                                            #
# To obtain such permission please contact: Silvaco Inc.                     #
#                                           support@silvaco.com              #
#                                                                            #
# KEY=SVC86hn7562asdx                       PROD=345                         #
##############################################################################
y 3 700 711 15
z 0.1 0.019 300
f 4 "gate" "source" "drain" "substrate" 
p 12 2 601 20 3 602 21 4 603 22 5 604 23 
d 1.000000000e-01 1.000000000e-01 0.000000000e+00 0.000000000e+00 0.000000000e+00 1.065213937e-16 5.000000000e-01 5.000000000e-01 -5.263281339e-17 0.000000000e+00 0.000000000e+00 -1.941644727e-17 
d 2.000000000e-01 2.000000000e-01 0.000000000e+00 0.000000000e+00 0.000000000e+00 1.604086870e-16 5.000000000e-01 5.000000000e-01 7.473219670e-16 0.000000000e+00 0.000000000e+00 -1.946825583e-17 
d 3.000000000e-01 3.000000000e-01 0.000000000e+00 0.000000000e+00 0.000000000e+00 -5.346956235e-17 5.000000000e-01 5.000000000e-01 1.176331659e-15 0.000000000e+00 0.000000000e+00 -1.938789171e-17 
d 4.000000000e-01 4.000000000e-01 0.000000000e+00 0.000000000e+00 0.000000000e+00 5.367842783e-17 5.000000000e-01 5.000000000e-01 2.244887444e-15 0.000000000e+00 0.000000000e+00 -1.955881886e-17 
d 5.000000000e-01 5.000000000e-01 0.000000000e+00 0.000000000e+00 0.000000000e+00 -1.073568557e-16 5.000000000e-01 5.000000000e-01 -1.602205794e-15 0.000000000e+00 0.000000000e+00 -1.955963486e-17 
d 6.000000000e-01 6.000000000e-01 0.000000000e+00 0.000000000e+00 0.000000000e+00 -3.252592505e-34 5.000000000e-01 5.000000000e-01 -6.921789069e-16 0.000000000e+00 0.000000000e+00 -1.947478338e-17 
d 7.000000000e-01 7.000000000e-01 0.000000000e+00 0.000000000e+00 0.000000000e+00 5.346956235e-17 5.000000000e-01 5.000000000e-01 1.872898027e-15 0.000000000e+00 0.000000000e+00 -1.956085893e-17 
d 8.000000000e-01 8.000000000e-01 0.000000000e+00 0.000000000e+00 0.000000000e+00 -1.065213937e-16 5.000000000e-01 5.000000000e-01 -6.934320998e-16 0.000000000e+00 0.000000000e+00 -1.956045111e-17 
d 9.000000000e-01 9.000000000e-01 0.000000000e+00 0.000000000e+00 0.000000000e+00 1.606175525e-16 5.000000000e-01 5.000000000e-01 2.192044478e-15 0.000000000e+00 0.000000000e+00 -1.954454157e-17 
d 1.000000000e+00 1.000000000e+00 0.000000000e+00 0.000000000e+00 0.000000000e+00 5.367842783e-17 5.000000000e-01 5.000000000e-01 -1.120770868e-15 0.000000000e+00 0.000000000e+00 -1.954331790e-17 
d 1.100000000e+00 1.100000000e+00 0.000000000e+00 0.000000000e+00 0.000000000e+00 1.077745866e-16 5.000000000e-01 5.000000000e-01 1.599922430e-16 0.000000000e+00 0.000000000e+00 -1.960002177e-17 
d 1.200000000e+00 1.200000000e+00 0.000000000e+00 0.000000000e+00 0.000000000e+00 -5.367842783e-17 5.000000000e-01 5.000000000e-01 -1.612428621e-16 0.000000000e+00 0.000000000e+00 -1.953597532e-17 
d 1.300000000e+00 1.300000000e+00 0.000000000e+00 0.000000000e+00 0.000000000e+00 -1.599909561e-16 5.000000000e-01 5.000000000e-01 1.605550216e-15 0.000000000e+00 0.000000000e+00 -1.962327477e-17 
d 1.400000000e+00 1.400000000e+00 0.000000000e+00 0.000000000e+00 0.000000000e+00 -5.305183139e-17 5.000000000e-01 5.000000000e-01 3.214452574e-16 0.000000000e+00 0.000000000e+00 -1.968609782e-17 
d 1.500000000e+00 1.500000000e+00 0.000000000e+00 0.000000000e+00 0.000000000e+00 -5.284296591e-17 5.000000000e-01 5.000000000e-01 -7.466927967e-16 0.000000000e+00 0.000000000e+00 -1.969221718e-17 
d 1.600000000e+00 1.600000000e+00 0.000000000e+00 0.000000000e+00 0.000000000e+00 2.673478117e-16 5.000000000e-01 5.000000000e-01 -5.875373026e-16 0.000000000e+00 0.000000000e+00 -1.972852415e-17 
d 1.700000000e+00 1.700000000e+00 0.000000000e+00 0.000000000e+00 0.000000000e+00 6.265964338e-19 5.000000000e-01 5.000000000e-01 9.641243329e-16 0.000000000e+00 0.000000000e+00 -1.963021081e-17 
d 1.800000000e+00 1.800000000e+00 0.000000000e+00 0.000000000e+00 0.000000000e+00 5.388729330e-17 5.000000000e-01 5.000000000e-01 2.461272079e-15 0.000000000e+00 0.000000000e+00 -1.962939522e-17 
d 1.900000000e+00 1.900000000e+00 0.000000000e+00 0.000000000e+00 0.000000000e+00 -1.601998216e-16 5.000000000e-01 5.000000000e-01 -4.820602363e-16 0.000000000e+00 0.000000000e+00 -1.962939552e-17 
d 2.000000000e+00 2.000000000e+00 0.000000000e+00 0.000000000e+00 0.000000000e+00 1.067302592e-16 5.000000000e-01 5.000000000e-01 -1.708727188e-15 0.000000000e+00 0.000000000e+00 -1.976523997e-17 
d 2.100000000e+00 2.100000000e+00 0.000000000e+00 0.000000000e+00 0.000000000e+00 -5.367842783e-17 5.000000000e-01 5.000000000e-01 2.301698853e-15 0.000000000e+00 0.000000000e+00 -1.985825068e-17 
d 2.200000000e+00 2.200000000e+00 0.000000000e+00 0.000000000e+00 0.000000000e+00 -1.077745866e-16 5.000000000e-01 5.000000000e-01 1.283897379e-15 0.000000000e+00 0.000000000e+00 -1.977380733e-17 
d 2.300000000e+00 2.300000000e+00 0.000000000e+00 0.000000000e+00 0.000000000e+00 5.326069687e-17 5.000000000e-01 5.000000000e-01 -1.549780559e-15 0.000000000e+00 0.000000000e+00 -1.971547217e-17 
d 2.400000000e+00 2.400000000e+00 0.000000000e+00 0.000000000e+00 0.000000000e+00 -5.346956235e-17 5.000000000e-01 5.000000000e-01 -4.254576918e-16 0.000000000e+00 0.000000000e+00 -1.983051170e-17 
d 2.500000000e+00 2.500000000e+00 0.000000000e+00 0.000000000e+00 0.000000000e+00 -2.142959803e-16 5.000000000e-01 5.000000000e-01 -1.090264928e-16 0.000000000e+00 0.000000000e+00 -1.972159199e-17 
d 2.600000000e+00 2.600000000e+00 0.000000000e+00 0.000000000e+00 0.000000000e+00 -1.606175525e-16 5.000000000e-01 5.000000000e-01 -1.549989425e-15 0.000000000e+00 0.000000000e+00 -1.982480132e-17 
d 2.700000000e+00 2.700000000e+00 0.000000000e+00 0.000000000e+00 0.000000000e+00 -3.353958263e-34 5.000000000e-01 5.000000000e-01 -1.616605933e-16 0.000000000e+00 0.000000000e+00 -1.987334666e-17 
d 2.800000000e+00 2.800000000e+00 0.000000000e+00 0.000000000e+00 0.000000000e+00 -3.747046674e-16 5.000000000e-01 5.000000000e-01 -1.669637193e-18 0.000000000e+00 0.000000000e+00 -1.991618088e-17 
d 2.900000000e+00 2.900000000e+00 0.000000000e+00 0.000000000e+00 0.000000000e+00 1.065213937e-16 5.000000000e-01 5.000000000e-01 -1.231051840e-15 0.000000000e+00 0.000000000e+00 -1.983418535e-17 
d 3.000000000e+00 3.000000000e+00 0.000000000e+00 0.000000000e+00 0.000000000e+00 5.305183139e-17 5.000000000e-01 5.000000000e-01 9.612002160e-16 0.000000000e+00 0.000000000e+00 -1.987212433e-17 
d 3.100000000e+00 3.100000000e+00 0.000000000e+00 0.000000000e+00 0.000000000e+00 -1.065213937e-16 5.000000000e-01 5.000000000e-01 -8.559294419e-16 0.000000000e+00 0.000000000e+00 -1.992515712e-17 
d 3.200000000e+00 3.200000000e+00 0.000000000e+00 0.000000000e+00 0.000000000e+00 1.067302592e-16 5.000000000e-01 5.000000000e-01 1.389374446e-15 0.000000000e+00 0.000000000e+00 -1.998920434e-17 
d 3.300000000e+00 3.300000000e+00 0.000000000e+00 0.000000000e+00 0.000000000e+00 5.409615878e-17 5.000000000e-01 5.000000000e-01 1.583213188e-16 0.000000000e+00 0.000000000e+00 -1.994229181e-17 
d 3.400000000e+00 3.400000000e+00 0.000000000e+00 0.000000000e+00 0.000000000e+00 -2.671389463e-16 5.000000000e-01 5.000000000e-01 9.620356778e-16 0.000000000e+00 0.000000000e+00 -2.017196292e-17 
d 3.500000000e+00 3.500000000e+00 0.000000000e+00 0.000000000e+00 0.000000000e+00 5.346956235e-17 5.000000000e-01 5.000000000e-01 8.024624527e-16 0.000000000e+00 0.000000000e+00 -2.017277952e-17 
d 3.600000000e+00 3.600000000e+00 0.000000000e+00 0.000000000e+00 0.000000000e+00 -3.419742686e-34 5.000000000e-01 5.000000000e-01 1.071063457e-15 0.000000000e+00 0.000000000e+00 -2.017074059e-17 
d 3.700000000e+00 3.700000000e+00 0.000000000e+00 0.000000000e+00 0.000000000e+00 1.067302592e-16 5.000000000e-01 5.000000000e-01 2.404669534e-15 0.000000000e+00 0.000000000e+00 -2.017278112e-17 
d 3.800000000e+00 3.800000000e+00 0.000000000e+00 0.000000000e+00 0.000000000e+00 -3.744958019e-16 5.000000000e-01 5.000000000e-01 9.081483845e-16 0.000000000e+00 0.000000000e+00 -2.017278201e-17 
d 3.900000000e+00 3.900000000e+00 0.000000000e+00 0.000000000e+00 0.000000000e+00 -4.812260611e-16 5.000000000e-01 5.000000000e-01 1.602626099e-15 0.000000000e+00 0.000000000e+00 -2.017278296e-17 
d 4.000000000e+00 4.000000000e+00 0.000000000e+00 0.000000000e+00 0.000000000e+00 -5.284296591e-17 5.000000000e-01 5.000000000e-01 4.835248678e-16 0.000000000e+00 0.000000000e+00 -2.017278399e-17 
d 4.100000000e+00 4.100000000e+00 0.000000000e+00 0.000000000e+00 0.000000000e+00 -5.305183139e-17 5.000000000e-01 5.000000000e-01 -2.128326356e-16 0.000000000e+00 0.000000000e+00 -2.017237715e-17 
d 4.200000000e+00 4.200000000e+00 0.000000000e+00 0.000000000e+00 0.000000000e+00 5.305183139e-17 5.000000000e-01 5.000000000e-01 2.192044477e-15 0.000000000e+00 0.000000000e+00 -2.017931333e-17 
d 4.300000000e+00 4.300000000e+00 0.000000000e+00 0.000000000e+00 0.000000000e+00 1.063125283e-16 5.000000000e-01 5.000000000e-01 -4.805981783e-16 0.000000000e+00 0.000000000e+00 -2.017360346e-17 
d 4.400000000e+00 4.400000000e+00 0.000000000e+00 0.000000000e+00 0.000000000e+00 -2.673478117e-16 5.000000000e-01 5.000000000e-01 1.056872182e-16 0.000000000e+00 0.000000000e+00 -2.017931603e-17 
d 4.500000000e+00 4.500000000e+00 0.000000000e+00 0.000000000e+00 0.000000000e+00 2.675566772e-16 5.000000000e-01 5.000000000e-01 -2.994920801e-15 0.000000000e+00 0.000000000e+00 -2.018502873e-17 
d 4.600000000e+00 4.600000000e+00 0.000000000e+00 0.000000000e+00 0.000000000e+00 -5.388729330e-17 5.000000000e-01 5.000000000e-01 4.265045923e-16 0.000000000e+00 0.000000000e+00 -2.017360809e-17 
d 4.700000000e+00 4.700000000e+00 0.000000000e+00 0.000000000e+00 0.000000000e+00 1.069391247e-16 5.000000000e-01 5.000000000e-01 1.388956715e-15 0.000000000e+00 0.000000000e+00 -2.019808640e-17 
d 4.800000000e+00 4.800000000e+00 0.000000000e+00 0.000000000e+00 0.000000000e+00 -1.071479902e-16 5.000000000e-01 5.000000000e-01 7.485751592e-16 0.000000000e+00 0.000000000e+00 -2.032699766e-17 
d 4.900000000e+00 4.900000000e+00 0.000000000e+00 0.000000000e+00 0.000000000e+00 2.665123498e-16 5.000000000e-01 5.000000000e-01 -5.852397828e-16 0.000000000e+00 0.000000000e+00 -2.089852446e-17 
d 5.000000000e+00 5.000000000e+00 0.000000000e+00 0.000000000e+00 0.000000000e+00 -1.622884763e-16 5.000000000e-01 5.000000000e-01 3.969730396e-18 0.000000000e+00 0.000000000e+00 -2.171196015e-17 
d 5.100000000e+00 5.100000000e+00 0.000000000e+00 0.000000000e+00 0.000000000e+00 -1.714785574e-16 5.000000000e-01 5.000000000e-01 7.577652402e-16 0.000000000e+00 0.000000000e+00 -2.186942795e-17 
d 5.200000000e+00 5.200000000e+00 0.000000000e+00 0.000000000e+00 0.000000000e+00 -1.499654131e-15 5.000000000e-01 5.000000000e-01 2.089073796e-15 0.000000000e+00 0.000000000e+00 -2.209094263e-17 
d 5.300000000e+00 5.300000000e+00 0.000000000e+00 0.000000000e+00 0.000000000e+00 -9.026539359e-15 5.000000000e-01 5.000000000e-01 9.134524098e-15 0.000000000e+00 0.000000000e+00 -2.235651511e-17 
d 5.400000000e+00 5.400000000e+00 0.000000000e+00 0.000000000e+00 0.000000000e+00 -5.061604219e-14 5.000000000e-01 5.000000000e-01 4.916735252e-14 0.000000000e+00 0.000000000e+00 -2.243973849e-17 
d 5.500000000e+00 5.500000000e+00 0.000000000e+00 0.000000000e+00 0.000000000e+00 -3.004559141e-13 5.000000000e-01 5.000000000e-01 3.018120789e-13 0.000000000e+00 0.000000000e+00 -2.244382169e-17 
d 5.600000000e+00 5.600000000e+00 0.000000000e+00 0.000000000e+00 0.000000000e+00 -1.840631410e-12 5.000000000e-01 5.000000000e-01 1.843317213e-12 0.000000000e+00 0.000000000e+00 -2.271347441e-17 
d 5.700000000e+00 5.700000000e+00 0.000000000e+00 0.000000000e+00 0.000000000e+00 -1.147712250e-11 5.000000000e-01 5.000000000e-01 1.147886298e-11 0.000000000e+00 0.000000000e+00 -2.369906290e-17 
d 5.800000000e+00 5.800000000e+00 0.000000000e+00 0.000000000e+00 0.000000000e+00 -7.242114589e-11 5.000000000e-01 5.000000000e-01 7.242106903e-11 0.000000000e+00 0.000000000e+00 -2.329316726e-17 
d 5.900000000e+00 5.900000000e+00 0.000000000e+00 0.000000000e+00 0.000000000e+00 -4.601720506e-10 5.000000000e-01 5.000000000e-01 4.601722081e-10 0.000000000e+00 0.000000000e+00 -2.250911151e-17 
d 6.000000000e+00 6.000000000e+00 0.000000000e+00 0.000000000e+00 0.000000000e+00 -2.927287242e-09 5.000000000e-01 5.000000000e-01 2.927286358e-09 0.000000000e+00 0.000000000e+00 -2.242630613e-17 
d 6.100000000e+00 6.100000000e+00 0.000000000e+00 0.000000000e+00 0.000000000e+00 -1.848386512e-08 5.000000000e-01 5.000000000e-01 1.848386626e-08 0.000000000e+00 0.000000000e+00 -2.239612621e-17 
d 6.200000000e+00 6.200000000e+00 0.000000000e+00 0.000000000e+00 0.000000000e+00 -1.142538751e-07 5.000000000e-01 5.000000000e-01 1.142538761e-07 0.000000000e+00 0.000000000e+00 -2.239491180e-17 
d 6.300000000e+00 6.300000000e+00 0.000000000e+00 0.000000000e+00 0.000000000e+00 -6.721228031e-07 5.000000000e-01 5.000000000e-01 6.721228010e-07 0.000000000e+00 0.000000000e+00 -2.238962106e-17 
d 6.400000000e+00 6.400000000e+00 0.000000000e+00 0.000000000e+00 0.000000000e+00 -3.525043966e-06 5.000000000e-01 5.000000000e-01 3.525043968e-06 0.000000000e+00 0.000000000e+00 -2.242839424e-17 
d 6.500000000e+00 6.500000000e+00 0.000000000e+00 0.000000000e+00 0.000000000e+00 -1.465125047e-05 5.000000000e-01 5.000000000e-01 1.465125047e-05 0.000000000e+00 0.000000000e+00 -2.244555866e-17 
d 6.600000000e+00 6.600000000e+00 0.000000000e+00 0.000000000e+00 0.000000000e+00 -4.408183347e-05 5.000000000e-01 5.000000000e-01 4.408183347e-05 0.000000000e+00 0.000000000e+00 -2.247823982e-17 
d 6.700000000e+00 6.700000000e+00 0.000000000e+00 0.000000000e+00 0.000000000e+00 -9.892728439e-05 5.000000000e-01 5.000000000e-01 9.892728439e-05 0.000000000e+00 0.000000000e+00 -2.247544149e-17 
d 6.800000000e+00 6.800000000e+00 0.000000000e+00 0.000000000e+00 0.000000000e+00 -1.803848801e-04 5.000000000e-01 5.000000000e-01 1.803848802e-04 0.000000000e+00 0.000000000e+00 -2.255505397e-17 
d 6.900000000e+00 6.900000000e+00 0.000000000e+00 0.000000000e+00 0.000000000e+00 -2.864557680e-04 5.000000000e-01 5.000000000e-01 2.864557680e-04 0.000000000e+00 0.000000000e+00 -2.349216173e-17 
d 7.000000000e+00 7.000000000e+00 0.000000000e+00 0.000000000e+00 0.000000000e+00 -4.140115591e-04 5.000000000e-01 5.000000000e-01 4.140115591e-04 0.000000000e+00 0.000000000e+00 -2.387732968e-17 
d 7.100000000e+00 7.100000000e+00 0.000000000e+00 0.000000000e+00 0.000000000e+00 -5.594897823e-04 5.000000000e-01 5.000000000e-01 5.594897823e-04 0.000000000e+00 0.000000000e+00 -2.402793462e-17 
d 7.200000000e+00 7.200000000e+00 0.000000000e+00 0.000000000e+00 0.000000000e+00 -7.191395602e-04 5.000000000e-01 5.000000000e-01 7.191395602e-04 0.000000000e+00 0.000000000e+00 -2.390970865e-17 
d 7.300000000e+00 7.300000000e+00 0.000000000e+00 0.000000000e+00 0.000000000e+00 -8.892710791e-04 5.000000000e-01 5.000000000e-01 8.892710791e-04 0.000000000e+00 0.000000000e+00 -2.434424278e-17 
d 7.400000000e+00 7.400000000e+00 0.000000000e+00 0.000000000e+00 0.000000000e+00 -1.066561686e-03 5.000000000e-01 5.000000000e-01 1.066561686e-03 0.000000000e+00 0.000000000e+00 -2.451932686e-17 
d 7.500000000e+00 7.500000000e+00 0.000000000e+00 0.000000000e+00 0.000000000e+00 -1.248299605e-03 5.000000000e-01 5.000000000e-01 1.248299605e-03 0.000000000e+00 0.000000000e+00 -2.451981182e-17 
d 7.600000000e+00 7.600000000e+00 0.000000000e+00 0.000000000e+00 0.000000000e+00 -1.432465142e-03 5.000000000e-01 5.000000000e-01 1.432465142e-03 0.000000000e+00 0.000000000e+00 -2.451988778e-17 
d 7.700000000e+00 7.700000000e+00 0.000000000e+00 0.000000000e+00 0.000000000e+00 -1.617661128e-03 5.000000000e-01 5.000000000e-01 1.617661128e-03 0.000000000e+00 0.000000000e+00 -2.451996244e-17 
d 7.800000000e+00 7.800000000e+00 0.000000000e+00 0.000000000e+00 0.000000000e+00 -1.802972493e-03 5.000000000e-01 5.000000000e-01 1.802972493e-03 0.000000000e+00 0.000000000e+00 -2.452003568e-17 
d 7.900000000e+00 7.900000000e+00 0.000000000e+00 0.000000000e+00 0.000000000e+00 -1.987823822e-03 5.000000000e-01 5.000000000e-01 1.987823822e-03 0.000000000e+00 0.000000000e+00 -2.452010747e-17 
d 8.000000000e+00 8.000000000e+00 0.000000000e+00 0.000000000e+00 0.000000000e+00 -2.171865766e-03 5.000000000e-01 5.000000000e-01 2.171865766e-03 0.000000000e+00 0.000000000e+00 -2.452017783e-17 
d 8.100000000e+00 8.100000000e+00 0.000000000e+00 0.000000000e+00 0.000000000e+00 -2.354894624e-03 5.000000000e-01 5.000000000e-01 2.354894624e-03 0.000000000e+00 0.000000000e+00 -2.452024680e-17 
d 8.200000000e+00 8.200000000e+00 0.000000000e+00 0.000000000e+00 0.000000000e+00 -2.536798838e-03 5.000000000e-01 5.000000000e-01 2.536798838e-03 0.000000000e+00 0.000000000e+00 -2.452031445e-17 
d 8.300000000e+00 8.300000000e+00 0.000000000e+00 0.000000000e+00 0.000000000e+00 -2.717524490e-03 5.000000000e-01 5.000000000e-01 2.717524490e-03 0.000000000e+00 0.000000000e+00 -2.452038083e-17 
d 8.400000000e+00 8.400000000e+00 0.000000000e+00 0.000000000e+00 0.000000000e+00 -2.897053391e-03 5.000000000e-01 5.000000000e-01 2.897053391e-03 0.000000000e+00 0.000000000e+00 -2.452044600e-17 
d 8.500000000e+00 8.500000000e+00 0.000000000e+00 0.000000000e+00 0.000000000e+00 -3.075389224e-03 5.000000000e-01 5.000000000e-01 3.075389224e-03 0.000000000e+00 0.000000000e+00 -2.452051003e-17 
d 8.600000000e+00 8.600000000e+00 0.000000000e+00 0.000000000e+00 0.000000000e+00 -3.252548796e-03 5.000000000e-01 5.000000000e-01 3.252548796e-03 0.000000000e+00 0.000000000e+00 -2.452057295e-17 
d 8.700000000e+00 8.700000000e+00 0.000000000e+00 0.000000000e+00 0.000000000e+00 -3.428556500e-03 5.000000000e-01 5.000000000e-01 3.428556500e-03 0.000000000e+00 0.000000000e+00 -2.452063482e-17 
d 8.800000000e+00 8.800000000e+00 0.000000000e+00 0.000000000e+00 0.000000000e+00 -3.603440821e-03 5.000000000e-01 5.000000000e-01 3.603440821e-03 0.000000000e+00 0.000000000e+00 -2.452069569e-17 
d 8.900000000e+00 8.900000000e+00 0.000000000e+00 0.000000000e+00 0.000000000e+00 -3.777232130e-03 5.000000000e-01 5.000000000e-01 3.777232130e-03 0.000000000e+00 0.000000000e+00 -2.452075559e-17 
d 9.000000000e+00 9.000000000e+00 0.000000000e+00 0.000000000e+00 0.000000000e+00 -3.949961303e-03 5.000000000e-01 5.000000000e-01 3.949961303e-03 0.000000000e+00 0.000000000e+00 -2.452081457e-17 
d 9.100000000e+00 9.100000000e+00 0.000000000e+00 0.000000000e+00 0.000000000e+00 -4.121658867e-03 5.000000000e-01 5.000000000e-01 4.121658867e-03 0.000000000e+00 0.000000000e+00 -2.452087266e-17 
d 9.200000000e+00 9.200000000e+00 0.000000000e+00 0.000000000e+00 0.000000000e+00 -4.292354495e-03 5.000000000e-01 5.000000000e-01 4.292354495e-03 0.000000000e+00 0.000000000e+00 -2.452092990e-17 
d 9.300000000e+00 9.300000000e+00 0.000000000e+00 0.000000000e+00 0.000000000e+00 -4.462076709e-03 5.000000000e-01 5.000000000e-01 4.462076709e-03 0.000000000e+00 0.000000000e+00 -2.452098630e-17 
d 9.400000000e+00 9.400000000e+00 0.000000000e+00 0.000000000e+00 0.000000000e+00 -4.630852737e-03 5.000000000e-01 5.000000000e-01 4.630852737e-03 0.000000000e+00 0.000000000e+00 -2.452104191e-17 
d 9.500000000e+00 9.500000000e+00 0.000000000e+00 0.000000000e+00 0.000000000e+00 -4.798708445e-03 5.000000000e-01 5.000000000e-01 4.798708445e-03 0.000000000e+00 0.000000000e+00 -2.452109674e-17 
d 9.600000000e+00 9.600000000e+00 0.000000000e+00 0.000000000e+00 0.000000000e+00 -4.965668344e-03 5.000000000e-01 5.000000000e-01 4.965668344e-03 0.000000000e+00 0.000000000e+00 -2.452033495e-17 
d 9.700000000e+00 9.700000000e+00 0.000000000e+00 0.000000000e+00 0.000000000e+00 -5.131755618e-03 5.000000000e-01 5.000000000e-01 5.131755618e-03 0.000000000e+00 0.000000000e+00 -2.452120418e-17 
d 9.800000000e+00 9.800000000e+00 0.000000000e+00 0.000000000e+00 0.000000000e+00 -5.296992179e-03 5.000000000e-01 5.000000000e-01 5.296992179e-03 0.000000000e+00 0.000000000e+00 -2.452044095e-17 
d 9.900000000e+00 9.900000000e+00 0.000000000e+00 0.000000000e+00 0.000000000e+00 -5.461398732e-03 5.000000000e-01 5.000000000e-01 5.461398732e-03 0.000000000e+00 0.000000000e+00 -2.452130879e-17 
d 1.000000000e+01 1.000000000e+01 0.000000000e+00 0.000000000e+00 0.000000000e+00 -5.624994846e-03 5.000000000e-01 5.000000000e-01 5.624994846e-03 0.000000000e+00 0.000000000e+00 -2.452054421e-17 
