v ATLAS
# This file was created by ATLAS version 5.26.1.R on Tue Apr 17 02:39:00 2018.
#SSF 2.0 generic
##############################################################################
#                    Copyright (c) 1984 - 2018                               #
#                    Silvaco Inc. All rights reserved                        #
#                                                                            #
# This file format and the following Key are copyright Silvaco Inc.          #
# You may not use, this format or key without reproducing this message in    #
# full and obtaining express written permission from Silvaco Inc.            #
#                                                                            #
# To obtain such permission please contact: Silvaco Inc.                     #
#                                           support@silvaco.com              #
#                                                                            #
# KEY=SVC86hn7562asdx                       PROD=345                         #
##############################################################################
y 1 15
z 300
f 2 "source" "drain" 
p 6 2 601 20 3 602 21 
d 0.000000000e+00 0.000000000e+00 -6.201646883e-14 4.500000000e+00 4.500000000e+00 6.219478753e-14 
d 0.000000000e+00 0.000000000e+00 -7.358924091e-14 5.000000000e+00 5.000000000e+00 7.357781485e-14 
d 0.000000000e+00 0.000000000e+00 -8.520142245e-14 5.500000000e+00 5.500000000e+00 8.515598791e-14 
d 0.000000000e+00 0.000000000e+00 -9.955163532e-14 6.000000000e+00 6.000000000e+00 9.947476370e-14 
d 0.000000000e+00 0.000000000e+00 -1.287016065e-13 6.500000000e+00 6.500000000e+00 1.288268704e-13 
d 0.000000000e+00 0.000000000e+00 -1.573853219e-13 7.000000000e+00 7.000000000e+00 1.575163512e-13 
d 0.000000000e+00 0.000000000e+00 -1.906989843e-13 7.500000000e+00 7.500000000e+00 1.906194345e-13 
d 0.000000000e+00 0.000000000e+00 -2.567292562e-13 8.000000000e+00 8.000000000e+00 2.568598029e-13 
d 0.000000000e+00 0.000000000e+00 -3.233555463e-13 8.500000000e+00 8.500000000e+00 3.234165373e-13 
d 0.000000000e+00 0.000000000e+00 -4.216434079e-13 9.000000000e+00 9.000000000e+00 4.215935791e-13 
d 0.000000000e+00 0.000000000e+00 -5.616061000e-13 9.500000000e+00 9.500000000e+00 5.615275637e-13 
d 0.000000000e+00 0.000000000e+00 -7.659038850e-13 1.000000000e+01 1.000000000e+01 7.657237508e-13 
d 0.000000000e+00 0.000000000e+00 -1.092288365e-12 1.050000000e+01 1.050000000e+01 1.092289010e-12 
d 0.000000000e+00 0.000000000e+00 -1.655494470e-12 1.100000000e+01 1.100000000e+01 1.655356468e-12 
d 0.000000000e+00 0.000000000e+00 -2.722221006e-12 1.150000000e+01 1.150000000e+01 2.721844754e-12 
d 0.000000000e+00 0.000000000e+00 -5.368729829e-12 1.200000000e+01 1.200000000e+01 5.368701571e-12 
