v ATLAS
# This file was created by ATLAS version 5.26.1.R on Tue Apr 17 22:42:06 2018.
#SSF 2.0 generic
##############################################################################
#                    Copyright (c) 1984 - 2018                               #
#                    Silvaco Inc. All rights reserved                        #
#                                                                            #
# This file format and the following Key are copyright Silvaco Inc.          #
# You may not use, this format or key without reproducing this message in    #
# full and obtaining express written permission from Silvaco Inc.            #
#                                                                            #
# To obtain such permission please contact: Silvaco Inc.                     #
#                                           support@silvaco.com              #
#                                                                            #
# KEY=SVC86hn7562asdx                       PROD=345                         #
##############################################################################
y 3 700 711 15
z 1 0.047 300
f 3 "source" "gate" "drain" 
p 9 2 601 20 3 602 21 4 603 22 
d 0.000000000e+00 0.000000000e+00 -9.055283674e+00 5.000000000e+00 5.000000000e+00 0.000000000e+00 5.000000000e-02 5.000000000e-02 9.055283674e+00 
d 0.000000000e+00 0.000000000e+00 -3.592467622e+01 5.000000000e+00 5.000000000e+00 0.000000000e+00 2.000000000e-01 2.000000000e-01 3.592467622e+01 
d 0.000000000e+00 0.000000000e+00 -7.047253206e+01 5.000000000e+00 5.000000000e+00 0.000000000e+00 4.000000000e-01 4.000000000e-01 7.047253206e+01 
d 0.000000000e+00 0.000000000e+00 -1.030012722e+02 5.000000000e+00 5.000000000e+00 0.000000000e+00 6.000000000e-01 6.000000000e-01 1.030012722e+02 
d 0.000000000e+00 0.000000000e+00 -1.330658791e+02 5.000000000e+00 5.000000000e+00 0.000000000e+00 8.000000000e-01 8.000000000e-01 1.330658791e+02 
d 0.000000000e+00 0.000000000e+00 -1.603273187e+02 5.000000000e+00 5.000000000e+00 0.000000000e+00 1.000000000e+00 1.000000000e+00 1.603273187e+02 
d 0.000000000e+00 0.000000000e+00 -1.845259129e+02 5.000000000e+00 5.000000000e+00 0.000000000e+00 1.200000000e+00 1.200000000e+00 1.845259129e+02 
d 0.000000000e+00 0.000000000e+00 -2.055781722e+02 5.000000000e+00 5.000000000e+00 0.000000000e+00 1.400000000e+00 1.400000000e+00 2.055781722e+02 
d 0.000000000e+00 0.000000000e+00 -2.235537515e+02 5.000000000e+00 5.000000000e+00 0.000000000e+00 1.600000000e+00 1.600000000e+00 2.235537515e+02 
d 0.000000000e+00 0.000000000e+00 -2.386766440e+02 5.000000000e+00 5.000000000e+00 0.000000000e+00 1.800000000e+00 1.800000000e+00 2.386766440e+02 
d 0.000000000e+00 0.000000000e+00 -2.513471959e+02 5.000000000e+00 5.000000000e+00 0.000000000e+00 2.000000000e+00 2.000000000e+00 2.513471959e+02 
d 0.000000000e+00 0.000000000e+00 -2.618350188e+02 5.000000000e+00 5.000000000e+00 0.000000000e+00 2.200000000e+00 2.200000000e+00 2.618350188e+02 
d 0.000000000e+00 0.000000000e+00 -2.703152241e+02 5.000000000e+00 5.000000000e+00 0.000000000e+00 2.400000000e+00 2.400000000e+00 2.703152241e+02 
d 0.000000000e+00 0.000000000e+00 -2.772274991e+02 5.000000000e+00 5.000000000e+00 0.000000000e+00 2.600000000e+00 2.600000000e+00 2.772274991e+02 
d 0.000000000e+00 0.000000000e+00 -2.829039954e+02 5.000000000e+00 5.000000000e+00 0.000000000e+00 2.800000000e+00 2.800000000e+00 2.829039954e+02 
d 0.000000000e+00 0.000000000e+00 -2.876118635e+02 5.000000000e+00 5.000000000e+00 0.000000000e+00 3.000000000e+00 3.000000000e+00 2.876118635e+02 
d 0.000000000e+00 0.000000000e+00 -2.915395136e+02 5.000000000e+00 5.000000000e+00 0.000000000e+00 3.200000000e+00 3.200000000e+00 2.915395136e+02 
d 0.000000000e+00 0.000000000e+00 -2.948494249e+02 5.000000000e+00 5.000000000e+00 0.000000000e+00 3.400000000e+00 3.400000000e+00 2.948494249e+02 
d 0.000000000e+00 0.000000000e+00 -2.976950805e+02 5.000000000e+00 5.000000000e+00 0.000000000e+00 3.600000000e+00 3.600000000e+00 2.976950805e+02 
d 0.000000000e+00 0.000000000e+00 -3.001909746e+02 5.000000000e+00 5.000000000e+00 0.000000000e+00 3.800000000e+00 3.800000000e+00 3.001909746e+02 
d 0.000000000e+00 0.000000000e+00 -3.024279288e+02 5.000000000e+00 5.000000000e+00 0.000000000e+00 4.000000000e+00 4.000000000e+00 3.024279288e+02 
d 0.000000000e+00 0.000000000e+00 -3.044437296e+02 5.000000000e+00 5.000000000e+00 0.000000000e+00 4.200000000e+00 4.200000000e+00 3.044437296e+02 
d 0.000000000e+00 0.000000000e+00 -3.062445276e+02 5.000000000e+00 5.000000000e+00 0.000000000e+00 4.400000000e+00 4.400000000e+00 3.062445276e+02 
d 0.000000000e+00 0.000000000e+00 -3.078544920e+02 5.000000000e+00 5.000000000e+00 0.000000000e+00 4.600000000e+00 4.600000000e+00 3.078544920e+02 
d 0.000000000e+00 0.000000000e+00 -3.093102853e+02 5.000000000e+00 5.000000000e+00 0.000000000e+00 4.800000000e+00 4.800000000e+00 3.093102853e+02 
d 0.000000000e+00 0.000000000e+00 -3.106403702e+02 5.000000000e+00 5.000000000e+00 0.000000000e+00 5.000000000e+00 5.000000000e+00 3.106403702e+02 
