v ATLAS
# This file was created by ATLAS version 5.26.1.R on Tue Apr 17 22:43:05 2018.
#SSF 2.0 generic
##############################################################################
#                    Copyright (c) 1984 - 2018                               #
#                    Silvaco Inc. All rights reserved                        #
#                                                                            #
# This file format and the following Key are copyright Silvaco Inc.          #
# You may not use, this format or key without reproducing this message in    #
# full and obtaining express written permission from Silvaco Inc.            #
#                                                                            #
# To obtain such permission please contact: Silvaco Inc.                     #
#                                           support@silvaco.com              #
#                                                                            #
# KEY=SVC86hn7562asdx                       PROD=345                         #
##############################################################################
y 3 700 711 15
z 1 0.047 300
f 3 "source" "gate" "drain" 
p 25 40 2 20 3 21 4 22 3000000 2000000 3001000 2001000 3002000 2002000 3000001 2000001 3001001 2001001 3002001 2002001 3000002 2000002 3001002 2001002 3002002 2002002 
Q 3000000 3 "Mhos" 
Q 2000000 3 "F" 
Q 3001000 3 "Mhos" 
Q 2001000 3 "F" 
Q 3002000 3 "Mhos" 
Q 2002000 3 "F" 
Q 3000001 3 "Mhos" 
Q 2000001 3 "F" 
Q 3001001 3 "Mhos" 
Q 2001001 3 "F" 
Q 3002001 3 "Mhos" 
Q 2002001 3 "F" 
Q 3000002 3 "Mhos" 
Q 2000002 3 "F" 
Q 3001002 3 "Mhos" 
Q 2001002 3 "F" 
Q 3002002 3 "Mhos" 
Q 2002002 3 "F" 
d 1.000000000e+06 0.000000000e+00 -2.483228081e-09 0.000000000e+00 0.000000000e+00 2.000000000e-01 2.478710339e-09 -7.816290375e-08 -2.152852832e-09 -4.395837171e-08 1.075993284e-09 1.225931285e-07 1.076859548e-09 -4.308218966e-08 1.075993284e-09 -7.470954490e-08 -1.785853418e-09 1.177971451e-07 7.098601344e-10 1.217188015e-07 1.076859548e-09 1.186735354e-07 7.098601344e-10 -2.484021210e-07 -1.786719682e-09 
d 1.000000000e+06 0.000000000e+00 -4.578643099e-09 0.000000000e+00 0.000000000e+00 4.000000000e-01 4.573839948e-09 -7.490786302e-08 -2.108675344e-09 -3.417711006e-08 1.087310188e-09 1.091131380e-07 1.021365156e-09 -3.239413834e-08 1.087310188e-09 -5.764985441e-08 -1.689840064e-09 9.005218031e-08 6.025298766e-10 1.073307781e-07 1.021365156e-09 9.183397052e-08 6.025298765e-10 -2.029604280e-07 -1.623895032e-09 
d 1.000000000e+06 0.000000000e+00 -6.555021356e-09 0.000000000e+00 0.000000000e+00 6.000000000e-01 6.571011648e-09 -6.975916472e-08 -2.064376170e-09 -1.863167879e-08 1.104134082e-09 8.961027077e-08 9.602420882e-10 -1.584641016e-08 1.104134082e-09 -2.357278348e-08 -1.501286108e-09 3.942397916e-08 3.971520268e-10 8.682275942e-08 9.602420882e-10 4.220987152e-08 3.971520267e-10 -1.349867432e-07 -1.357394115e-09 
d 1.000000000e+06 0.000000000e+00 -8.556944000e-09 0.000000000e+00 0.000000000e+00 8.000000000e-01 8.601706257e-09 -6.865031198e-08 -2.022405183e-09 -1.437524082e-08 1.111627715e-09 8.385310182e-08 9.107774680e-10 -1.048026530e-08 1.111627715e-09 -1.763764104e-08 -1.461733084e-09 2.812730895e-08 3.501053691e-10 7.997151865e-08 9.107774680e-10 3.200879237e-08 3.501053691e-10 -1.125433270e-07 -1.260882837e-09 
d 1.000000000e+06 0.000000000e+00 -1.083378605e-08 0.000000000e+00 0.000000000e+00 1.000000000e+00 1.083896882e-08 -6.841824471e-08 -1.978456947e-09 -1.284706432e-08 1.115811095e-09 8.137396977e-08 8.626458517e-10 -1.054481317e-08 1.115811096e-09 -1.783976462e-08 -1.457504944e-09 2.839032705e-08 3.416938487e-10 7.907087970e-08 8.626458516e-10 3.069327117e-08 3.416938488e-10 -1.178027645e-07 -1.204339700e-09 
d 1.000000000e+06 0.000000000e+00 -1.283748454e-08 0.000000000e+00 0.000000000e+00 1.200000000e+00 1.283363414e-08 -6.382763655e-08 -1.917813091e-09 -1.111277583e-08 1.121540576e-09 7.557498105e-08 7.962725154e-10 -3.425372587e-09 1.121540576e-09 -1.734568257e-08 -1.451204462e-09 2.078080445e-08 3.296638858e-10 6.789544449e-08 7.962725155e-10 2.846023296e-08 3.296638858e-10 -1.013959683e-07 -1.125936401e-09 
d 1.000000000e+06 0.000000000e+00 -1.415601867e-08 0.000000000e+00 0.000000000e+00 1.400000000e+00 1.416034765e-08 -6.087247077e-08 -1.866584162e-09 -9.229221942e-09 1.128177904e-09 7.002962814e-08 7.384062585e-10 2.222989133e-10 1.128177904e-09 -1.632341468e-08 -1.441284847e-09 1.609093255e-08 3.131069429e-10 6.057530653e-08 7.384062586e-10 2.554593585e-08 3.131069428e-10 -9.370452385e-08 -1.051513201e-09 
d 1.000000000e+06 0.000000000e+00 -1.556184799e-08 0.000000000e+00 0.000000000e+00 1.600000000e+00 1.554293268e-08 -5.955420322e-08 -1.838468805e-09 -7.996039113e-09 1.132020277e-09 6.869031961e-08 7.064485277e-10 3.104146413e-09 1.132020277e-09 -1.583495498e-08 -1.433319619e-09 1.273874918e-08 3.012993422e-10 5.759166612e-08 7.064485278e-10 2.383740458e-08 3.012993421e-10 -9.102397883e-08 -1.007747870e-09 
d 1.000000000e+06 0.000000000e+00 -1.716567977e-08 0.000000000e+00 0.000000000e+00 1.800000000e+00 1.720873930e-08 -6.321587871e-08 -1.822011924e-09 -7.045408766e-09 1.134977676e-09 7.098947874e-08 6.870342478e-10 6.010929580e-09 1.134977676e-09 -1.541844510e-08 -1.423915602e-09 9.410225490e-09 2.889379257e-10 5.793249009e-08 6.870342479e-10 2.246663954e-08 2.889379256e-10 -8.441424097e-08 -9.759721734e-10 
d 1.000000000e+06 0.000000000e+00 -1.923989344e-08 0.000000000e+00 0.000000000e+00 2.000000000e+00 1.921416119e-08 -6.569019519e-08 -1.808770931e-09 -5.514484074e-09 1.139260969e-09 7.201235645e-08 6.695099627e-10 9.485091813e-09 1.139260969e-09 -1.438388148e-08 -1.409458500e-09 4.898804135e-09 2.701975310e-10 5.701419461e-08 6.695099628e-10 1.989682797e-08 2.701975309e-10 -7.887535136e-08 -9.397074937e-10 
d 1.000000000e+06 0.000000000e+00 -2.111617311e-08 0.000000000e+00 0.000000000e+00 2.200000000e+00 2.110428933e-08 -6.702089017e-08 -1.795689612e-09 -3.833526399e-09 1.143751058e-09 7.139188822e-08 6.519385537e-10 1.329321000e-08 1.143751058e-09 -1.309808435e-08 -1.391600163e-09 -1.947675273e-10 2.478491049e-10 5.427119698e-08 6.519385538e-10 1.692523342e-08 2.478491048e-10 -7.466239592e-08 -8.997876586e-10 
d 1.000000000e+06 0.000000000e+00 -2.225938084e-08 0.000000000e+00 0.000000000e+00 2.400000000e+00 2.235152953e-08 -6.682704526e-08 -1.784171112e-09 -1.928710509e-09 1.148154821e-09 6.974063373e-08 6.360162906e-10 1.764237310e-08 1.148154821e-09 -9.889232162e-09 -1.365048752e-09 -7.747633357e-09 2.168939306e-10 5.017199412e-08 6.360162907e-10 1.182096992e-08 2.168939305e-10 -6.554560508e-08 -8.529102212e-10 
d 1.000000000e+06 0.000000000e+00 -2.336273417e-08 0.000000000e+00 0.000000000e+00 2.600000000e+00 2.327377505e-08 -6.720734044e-08 -1.775069946e-09 -1.005957777e-09 1.150001380e-09 7.057859894e-08 6.250685661e-10 1.874111826e-08 1.150001380e-09 -8.228337899e-09 -1.352606229e-09 -1.050978848e-08 2.026048491e-10 5.083150076e-08 6.250685662e-10 9.238666882e-09 2.026048490e-10 -6.276640564e-08 -8.276734152e-10 
d 1.000000000e+06 0.000000000e+00 -2.460573734e-08 0.000000000e+00 0.000000000e+00 2.800000000e+00 2.463923311e-08 -7.268108736e-08 -1.767386932e-09 -6.983901765e-10 1.150516670e-09 7.238200396e-08 6.168702625e-10 2.154169500e-08 1.150516670e-09 -8.172052872e-09 -1.350298023e-09 -1.337276473e-08 1.997813535e-10 5.014580460e-08 6.168702626e-10 8.863580257e-09 1.997813534e-10 -5.988691910e-08 -8.166516160e-10 
d 1.000000000e+06 0.000000000e+00 -2.608067838e-08 0.000000000e+00 0.000000000e+00 3.000000000e+00 2.609387673e-08 -7.521149837e-08 -1.760093221e-09 -3.804170877e-10 1.151365952e-09 7.584901968e-08 6.087272684e-10 2.260777216e-08 1.151365952e-09 -8.323361658e-09 -1.348117202e-09 -1.428072130e-08 1.967512498e-10 5.286019826e-08 6.087272685e-10 8.708320095e-09 1.967512497e-10 -6.141768908e-08 -8.054785182e-10 
d 1.000000000e+06 0.000000000e+00 -2.755598607e-08 0.000000000e+00 0.000000000e+00 3.200000000e+00 2.752335207e-08 -7.649811656e-08 -1.752311150e-09 8.861368858e-11 1.153015193e-09 7.865712394e-08 5.992959578e-10 2.722080515e-08 1.153015192e-09 -8.157006664e-09 -1.344922599e-09 -1.905971954e-08 1.919074067e-10 5.153025159e-08 5.992959580e-10 8.067241406e-09 1.919074066e-10 -6.399703038e-08 -7.912033646e-10 
d 1.000000000e+06 0.000000000e+00 -2.868751330e-08 0.000000000e+00 0.000000000e+00 3.400000000e+00 2.860830379e-08 -8.195824552e-08 -1.743909325e-09 6.130259514e-10 1.155105344e-09 8.024667987e-08 5.888039812e-10 3.061896893e-08 1.155105344e-09 -7.953922931e-09 -1.341190567e-09 -2.266774586e-08 1.860852233e-10 5.023984336e-08 5.888039814e-10 7.338937000e-09 1.860852231e-10 -6.167675470e-08 -7.748892045e-10 
d 1.000000000e+06 0.000000000e+00 -2.961161326e-08 0.000000000e+00 0.000000000e+00 3.600000000e+00 2.968646739e-08 -8.153013128e-08 -1.735884954e-09 9.816244732e-10 1.156571877e-09 8.165859158e-08 5.793130771e-10 3.300514629e-08 1.156571877e-09 -7.909561784e-09 -1.338246500e-09 -2.508953280e-08 1.816746231e-10 4.963875435e-08 5.793130773e-10 6.930697340e-09 1.816746229e-10 -5.552552641e-08 -7.609877002e-10 
d 1.000000000e+06 0.000000000e+00 -3.051126247e-08 0.000000000e+00 0.000000000e+00 3.800000000e+00 3.037426141e-08 -8.442967049e-08 -1.728340407e-09 1.221512827e-09 1.157662594e-09 8.361945714e-08 5.706778129e-10 3.514424190e-08 1.157662594e-09 -7.953036034e-09 -1.335408784e-09 -2.719306895e-08 1.777461901e-10 4.969723787e-08 5.706778131e-10 6.728094911e-09 1.777461899e-10 -6.266274664e-08 -7.484240030e-10 
d 1.000000000e+06 0.000000000e+00 -3.143639413e-08 0.000000000e+00 0.000000000e+00 4.000000000e+00 3.153043626e-08 -8.766080478e-08 -1.720620225e-09 1.540455896e-09 1.159174624e-09 8.553938254e-08 5.614456009e-10 3.740658338e-08 1.159174624e-09 -7.912146068e-09 -1.331204822e-09 -2.949675875e-08 1.720301981e-10 4.967334218e-08 5.614456011e-10 6.369375516e-09 1.720301979e-10 -5.998745775e-08 -7.334757990e-10 
d 1.000000000e+06 0.000000000e+00 -3.656817772e-08 0.000000000e+00 0.000000000e+00 5.000000000e+00 3.662184558e-08 -9.455999431e-08 -1.661626324e-09 3.884348607e-09 1.170051117e-09 9.202380351e-08 4.915752068e-10 4.999137072e-08 1.170051117e-09 -6.173787931e-09 -1.307260510e-09 -4.382782200e-08 1.372093931e-10 4.591477934e-08 4.915752071e-10 2.281160948e-09 1.372093928e-10 -5.217136511e-08 -6.287845999e-10 
d 1.000000000e+06 0.000000000e+00 -4.396631038e-08 0.000000000e+00 0.000000000e+00 6.000000000e+00 4.378258963e-08 -1.163081143e-07 -1.635353732e-09 5.074296707e-09 1.174372609e-09 1.116305921e-07 4.609811225e-10 6.947835330e-08 1.174372609e-09 -6.418372255e-09 -1.300884026e-09 -6.306661174e-08 1.265114174e-10 4.722520654e-08 4.609811229e-10 1.338571921e-09 1.265114170e-10 -5.291104461e-08 -5.874925399e-10 
d 1.000000000e+06 0.000000000e+00 -4.879557942e-08 0.000000000e+00 0.000000000e+00 7.000000000e+00 4.879191482e-08 -1.318207832e-07 -1.617479181e-09 6.570232346e-09 1.181033843e-09 1.260561388e-07 4.364453384e-10 8.488488960e-08 1.181033842e-09 -5.855123645e-09 -1.288889928e-09 -7.902807203e-08 1.078560864e-10 4.774087501e-08 4.364453389e-10 -7.130869681e-10 1.078560858e-10 -5.277363470e-08 -5.443014248e-10 
d 1.000000000e+06 0.000000000e+00 -5.327872426e-08 0.000000000e+00 0.000000000e+00 8.000000000e+00 5.341943391e-08 -1.499998447e-07 -1.603866538e-09 7.118994296e-09 1.182572892e-09 1.426910626e-07 4.212936460e-10 1.004734291e-07 1.182572891e-09 -5.989020676e-09 -1.285470170e-09 -9.448114630e-08 1.028972785e-10 4.934044360e-08 4.212936466e-10 -1.130304042e-09 1.028972778e-10 -4.898889478e-08 -5.241909245e-10 
d 1.000000000e+06 0.000000000e+00 -5.623861638e-08 0.000000000e+00 0.000000000e+00 9.000000000e+00 5.615912239e-08 -1.632109012e-07 -1.584972259e-09 7.448551559e-09 1.185933697e-09 1.564318946e-07 3.990385623e-10 1.130380606e-07 1.185933696e-09 -6.089426040e-09 -1.279973475e-09 -1.069587831e-07 9.403977934e-11 5.084515998e-08 3.990385631e-10 -1.372012903e-09 9.403977855e-11 -5.198011856e-08 -4.930783416e-10 
d 1.000000000e+06 0.000000000e+00 -6.020351768e-08 0.000000000e+00 0.000000000e+00 1.000000000e+01 6.007347031e-08 -1.780175813e-07 -1.559441425e-09 8.109630715e-09 1.189112291e-09 1.704201699e-07 3.703291344e-10 1.295099396e-07 1.189112290e-09 -6.002763025e-09 -1.275698518e-09 -1.235136245e-07 8.658622821e-11 4.901846056e-08 3.703291353e-10 -2.111669252e-09 8.658622731e-11 -5.084064237e-08 -4.569153626e-10 
d 1.000000000e+06 0.000000000e+00 -6.679617284e-08 0.000000000e+00 0.000000000e+00 1.100000000e+01 6.672406042e-08 -2.085770070e-07 -1.544389099e-09 8.600008025e-09 1.189973833e-09 1.983447577e-07 3.544152668e-10 1.536879974e-07 1.189973831e-09 -6.269558949e-09 -1.273479855e-09 -1.474219532e-07 8.350602371e-11 5.325468363e-08 3.544152678e-10 -2.331525374e-09 8.350602263e-11 -5.359887883e-08 -4.379212905e-10 
d 1.000000000e+06 0.000000000e+00 -7.098842346e-08 0.000000000e+00 0.000000000e+00 1.200000000e+01 7.078325655e-08 -2.261423677e-07 -1.532889602e-09 8.957363451e-09 1.190569773e-09 2.181828309e-07 3.423198290e-10 1.736103576e-07 1.190569771e-09 -6.408691064e-09 -1.270583164e-09 -1.671996113e-07 8.001339296e-11 5.352971654e-08 3.423198302e-10 -2.546523545e-09 8.001339170e-11 -5.359156867e-08 -4.223332219e-10 
d 1.000000000e+06 0.000000000e+00 -7.580058057e-08 0.000000000e+00 0.000000000e+00 1.300000000e+01 7.611674097e-08 -2.523953657e-07 -1.521049981e-09 9.527837235e-09 1.192136615e-09 2.415613059e-07 3.289133656e-10 1.965526039e-07 1.192136614e-09 -6.416144365e-09 -1.266625502e-09 -1.901442492e-07 7.448888830e-11 5.454708342e-08 3.289133671e-10 -3.130022231e-09 7.448888681e-11 -5.262098852e-08 -4.034022539e-10 
d 1.000000000e+06 0.000000000e+00 -7.991172395e-08 0.000000000e+00 0.000000000e+00 1.400000000e+01 7.979642852e-08 -2.770478366e-07 -1.512663824e-09 9.615171725e-09 1.191302852e-09 2.671375229e-07 3.213609723e-10 2.182975336e-07 1.191302850e-09 -6.512322481e-09 -1.264551239e-09 -2.117893286e-07 7.324838846e-11 5.845881664e-08 3.213609739e-10 -3.110968973e-09 7.324838682e-11 -6.159792088e-08 -3.946093608e-10 
d 1.000000000e+06 0.000000000e+00 -8.383579596e-08 0.000000000e+00 0.000000000e+00 1.500000000e+01 8.412506112e-08 -3.013526848e-07 -1.503597792e-09 9.764848774e-09 1.190627917e-09 2.914132270e-07 3.129698749e-10 2.415515194e-07 1.190627915e-09 -6.572998175e-09 -1.262527507e-09 -2.349822229e-07 7.189959175e-11 5.962627789e-08 3.129698768e-10 -3.195121354e-09 7.189958991e-11 -5.735473256e-08 -3.848694667e-10 
