v ATLAS
# This file was created by ATLAS version 5.26.1.R on Mon Apr 16 17:25:48 2018.
#SSF 2.0 generic
##############################################################################
#                    Copyright (c) 1984 - 2018                               #
#                    Silvaco Inc. All rights reserved                        #
#                                                                            #
# This file format and the following Key are copyright Silvaco Inc.          #
# You may not use, this format or key without reproducing this message in    #
# full and obtaining express written permission from Silvaco Inc.            #
#                                                                            #
# To obtain such permission please contact: Silvaco Inc.                     #
#                                           support@silvaco.com              #
#                                                                            #
# KEY=SVC86hn7562asdx                       PROD=345                         #
##############################################################################
y 1 15
z 300
f 5 "fgate" "cgate" "source" "drain" "substrate" 
p 15 440 601 20 3 602 21 4 603 22 5 604 23 6 605 24 
d 0.000000000e+00 -4.338163715e-01 4.345339444e-39 0.000000000e+00 0.000000000e+00 0.000000000e+00 0.000000000e+00 0.000000000e+00 -8.037992106e-16 1.250000000e-01 1.250000000e-01 1.040888385e-15 0.000000000e+00 0.000000000e+00 -2.336976579e-16 
d 0.000000000e+00 -4.254097808e-01 2.038864024e-42 0.000000000e+00 0.000000000e+00 0.000000000e+00 0.000000000e+00 0.000000000e+00 -1.017021492e-15 2.500000000e-01 2.500000000e-01 1.638168595e-15 0.000000000e+00 0.000000000e+00 -6.214991905e-16 
d 0.000000000e+00 -4.085754618e-01 7.078773639e-40 0.000000000e+00 0.000000000e+00 0.000000000e+00 0.000000000e+00 0.000000000e+00 -1.613740372e-15 5.000000000e-01 5.000000000e-01 2.697374362e-15 0.000000000e+00 0.000000000e+00 -1.087712295e-15 
d 0.000000000e+00 -4.085754618e-01 7.078773641e-40 0.000000000e+00 0.000000000e+00 0.000000000e+00 0.000000000e+00 0.000000000e+00 -1.615838817e-15 5.000000000e-01 5.000000000e-01 2.697374363e-15 0.000000000e+00 0.000000000e+00 -1.087690062e-15 
d 0.000000000e+00 -1.531063806e-01 2.311698093e-36 5.000000000e-01 5.000000000e-01 0.000000000e+00 0.000000000e+00 0.000000000e+00 -1.983245137e-12 5.000000000e-01 5.000000000e-01 1.984627858e-12 0.000000000e+00 0.000000000e+00 -1.384001930e-15 
d 0.000000000e+00 1.075628539e-01 3.493394696e-30 1.000000000e+00 1.000000000e+00 0.000000000e+00 0.000000000e+00 0.000000000e+00 -4.058714635e-09 5.000000000e-01 5.000000000e-01 4.058721794e-09 0.000000000e+00 0.000000000e+00 -7.152629573e-15 
d 0.000000000e+00 3.280807628e-01 4.637802154e-29 1.500000000e+00 1.500000000e+00 0.000000000e+00 0.000000000e+00 0.000000000e+00 -7.765798148e-07 5.000000000e-01 5.000000000e-01 7.765798249e-07 0.000000000e+00 0.000000000e+00 -1.007604581e-14 
d 0.000000000e+00 5.020310853e-01 1.677867046e-28 2.000000000e+00 2.000000000e+00 0.000000000e+00 0.000000000e+00 0.000000000e+00 -4.552619261e-06 5.000000000e-01 5.000000000e-01 4.552619281e-06 0.000000000e+00 0.000000000e+00 -1.926422534e-14 
d 0.000000000e+00 6.636256515e-01 2.436746114e-28 2.500000000e+00 2.500000000e+00 0.000000000e+00 0.000000000e+00 0.000000000e+00 -1.136375346e-05 5.000000000e-01 5.000000000e-01 1.136375349e-05 0.000000000e+00 0.000000000e+00 -2.781531347e-14 
d 0.000000000e+00 8.157719948e-01 3.952109746e-28 3.000000000e+00 3.000000000e+00 0.000000000e+00 0.000000000e+00 0.000000000e+00 -2.029426719e-05 5.000000000e-01 5.000000000e-01 2.029426723e-05 0.000000000e+00 0.000000000e+00 -3.740495706e-14 
d 0.000000000e+00 9.583243137e-01 6.817127077e-28 3.500000000e+00 3.500000000e+00 0.000000000e+00 0.000000000e+00 0.000000000e+00 -2.995141393e-05 5.000000000e-01 5.000000000e-01 2.995141398e-05 0.000000000e+00 0.000000000e+00 -4.665587813e-14 
d 0.000000000e+00 1.094368417e+00 1.145615169e-27 4.000000000e+00 4.000000000e+00 0.000000000e+00 0.000000000e+00 0.000000000e+00 -3.960292796e-05 5.000000000e-01 5.000000000e-01 3.960292801e-05 0.000000000e+00 0.000000000e+00 -5.492515324e-14 
d 0.000000000e+00 1.226663620e+00 1.897436348e-27 4.500000000e+00 4.500000000e+00 0.000000000e+00 0.000000000e+00 0.000000000e+00 -4.910596301e-05 5.000000000e-01 5.000000000e-01 4.910596307e-05 0.000000000e+00 0.000000000e+00 -6.359333649e-14 
d 0.000000000e+00 1.356751269e+00 3.016413979e-27 5.000000000e+00 5.000000000e+00 0.000000000e+00 0.000000000e+00 0.000000000e+00 -5.846753737e-05 5.000000000e-01 5.000000000e-01 5.846753744e-05 0.000000000e+00 0.000000000e+00 -7.158190003e-14 
