v VICTORYDEVICE
# silvaco.file ASCII version=1.14.23 format=1 contents=SDB,Tables=1

Copyright "###################################################################"
Copyright "#                    Copyright Silvaco Inc. (c)                   #"
Copyright "#                            1992-2014                            #"
Copyright "#                                                                 #"
Copyright "# This file format and the following Key are copyright Silvaco    #"
Copyright "# International. You may not use, this format or key without      #"
Copyright "# reproducing this message in full and obtaining                  #"
Copyright "# express written permission from Silvaco Inc.                    #"
Copyright "#                                                                 #"
Copyright "# To obtain such permission please contact: Silvaco Inc.          #"
Copyright "#                                           support@silvaco.com   #"
Copyright "#                                                                 #"
Copyright "# KEY=SVC86hn7562asdx                       PROD=345              #"
Copyright "###################################################################"
#This file was created by VICTORYDEVICE version 1.12.1.R
#victoryd 1.12.1.R (Thu Apr 12 10:17:20 PDT 2018)
#libSDB 1.12.42 (Thu Oct 26 19:20:24 PDT 2017)
a VICTORYDEVICE
j 1 9
k 4
r 1 92
x 3 43 42 46
w pwell 1 1
r 2 92
x 3 43 42 46
w drain 1 2
r 3 92
x 3 43 42 46
w cgate 1 3
r 4 92
x 3 43 42 46
w ngate 1 4
y 1 15
z 300
o 1 cg_conc
o 2 ng_conc
p 14 2 601 20 3 602 21 4 603 22 5 604 23 3000 3001
d 0 0 1.1293682073256477e-17 0 0 8.3312097009053231e-19 0.01 0.01 0 0.01 0.01 0 56056.769879848529 55941.807968989604
d 0 0 1.9438197855909821e-21 0 0 8.1393958178981349e-18 0.1 0.1 0 0.1 0.1 0 159845.3010554128 159940.4941472236
d 0 0 -2.1027041223320008e-20 0 0 2.847201504686042e-18 0.2 0.2 0 0.2 0.2 0 544274.99283336173 541003.10870016378
d 0 0 -2.8792839735221247e-18 0 0 1.5286753952392146e-18 0.3 0.3 0 0.3 0.3 0 1971197.0516711627 1964430.440367748
d 0 0 1.9266281309119722e-18 0 0 -5.286318812346402e-18 0.4 0.4 0 0.4 0.4 0 7430815.9437191552 7403363.4153100923
d 0 0 1.0952942559422548e-17 0 0 -4.1407269256487116e-18 0.5 0.5 0 0.5 0.5 0 29101523.913291913 28985562.89008439
d 0 0 1.0319173327771873e-17 0 0 3.3639573576472739e-19 0.6 0.6 0 0.6 0.6 0 118819658.04786581 118302496.34884508
d 0 0 1.8104904872411869e-18 0 0 8.9565325618053741e-18 0.7 0.7 0 0.7 0.7 0 510554541.72821689 508084756.52308273
d 0 0 5.30564715041506e-18 0 0 1.0564274295791506e-17 0.8 0.8 0 0.8 0.8 0 2338769231.5639029 2326005867.508544
d 0 0 9.2620985008119268e-18 0 0 1.1204393909447928e-17 0.9 0.9 0 0.9 0.9 0 11546656707.448633 11475496246.176035
d 0 0 1.844227201073037e-18 0 0 -2.2104876713768541e-18 1 1 0 1 1 0 61433124423.644798 61014223270.67942
d 0 0 -2.5396176917960145e-18 0 0 5.5093118417405966e-19 1.0999999999999999 1.0999999999999999 0 1.0999999999999999 1.0999999999999999 0 346957919401.72491 344424906331.68542
d 0 0 -1.2994197478806591e-18 0 0 -6.6382800184845341e-18 1.2 1.2 0 1.2 1.2 0 2035468032256.9058 2020006013214.7256
d 0 0 2.899612009230729e-18 0 0 5.2617862807790732e-18 1.3 1.3 0 1.3 1.3 0 12171191637245.154 12076891333264.105
d 0 0 7.5440090424387194e-18 0 0 8.8448005902493359e-18 1.4000000000000001 1.4000000000000001 0 1.4000000000000001 1.4000000000000001 0 72382699458492.766 71826541538240.203
d 0 0 -3.4966035139071657e-18 0 0 1.6883848266566861e-17 1.5000000000000002 1.5000000000000002 0 1.5000000000000002 1.5000000000000002 0 389136134907436.62 386470106328054.69
d 0 0 -8.6455916256672075e-19 0 0 9.371853464735758e-18 1.6000000000000003 1.6000000000000003 0 1.6000000000000003 1.6000000000000003 0 1446151569028614.8 1439043902473506.2
d 0 0 -4.5413165288431385e-18 0 0 -8.1136015183451666e-18 1.7000000000000004 1.7000000000000004 0 1.7000000000000004 1.7000000000000004 0 3309849423796486 3298520980277865.5
d 0 0 -1.1414780503267768e-18 0 0 -1.5551002849379344e-18 1.8000000000000005 1.8000000000000005 0 1.8000000000000005 1.8000000000000005 0 5581147566563157 5566283914628311
d 0 0 -7.5862735656282854e-18 0 0 6.5060711256428138e-18 1.9000000000000006 1.9000000000000006 0 1.9000000000000006 1.9000000000000006 0 8014019633894886 7995888630613401
d 0 0 3.4296010801249143e-18 0 0 1.0173689586091905e-17 2.0000000000000004 2.0000000000000004 0 2.0000000000000004 2.0000000000000004 0 10509352573196808 10488052627024972
d 0 0 -1.5084006154858983e-17 0 0 -2.521347605541458e-18 2.1000000000000005 2.1000000000000005 0 2.1000000000000005 2.1000000000000005 0 13026221012045874 13001797105004084
d 0 0 -1.0821212615804477e-17 0 0 1.0022602248822609e-18 2.2000000000000006 2.2000000000000006 0 2.2000000000000006 2.2000000000000006 0 15546238811112986 15518718125386924
d 0 0 -1.3763827024659975e-17 0 0 8.5539629589498806e-20 2.3000000000000007 2.3000000000000007 0 2.3000000000000007 2.3000000000000007 0 18060597703503672 18030000921773856
d 0 0 -1.5438225632302584e-17 0 0 2.3674804594053139e-18 2.4000000000000008 2.4000000000000008 0 2.4000000000000008 2.4000000000000008 0 20564942141203964 20531287305566900
d 0 0 -1.1051493859968618e-17 0 0 7.8764124205236258e-18 2.5000000000000009 2.5000000000000009 0 2.5000000000000009 2.5000000000000009 0 23057138520528768 23020442428978936
d 0 0 2.3240809679893621e-18 0 0 8.2788844768239497e-18 2.600000000000001 2.600000000000001 0 2.600000000000001 2.600000000000001 0 25536221328070644 25496500057103408
d 0 0 -4.9602121882740999e-18 0 0 8.2159162153468008e-18 2.7000000000000011 2.7000000000000011 0 2.7000000000000011 2.7000000000000011 0 28001861298349916 27959130400453464
d 0 0 -4.8197045997208176e-18 0 0 -1.223027129130837e-18 2.8000000000000012 2.8000000000000012 0 2.8000000000000012 2.8000000000000012 0 30454082589144936 30408357167027028
d 0 0 -1.0611722702467834e-17 0 0 9.8192896701459292e-18 2.9000000000000012 2.9000000000000012 0 2.9000000000000012 2.9000000000000012 0 32893106090185052 32844400825173952
d 0 0 -9.3794030902692174e-18 0 0 -3.3557872922704159e-18 3.0000000000000013 3.0000000000000013 0 3.0000000000000013 3.0000000000000013 0 35319259854564072 35267589019416912
d 0 0 -6.0424656591867002e-18 0 0 1.2713397681161023e-17 3.1000000000000014 3.1000000000000014 0 3.1000000000000014 3.1000000000000014 0 37732926727543976 37678304195321928
d 0 0 -1.0360235837633232e-17 0 0 -2.1231043079134204e-18 3.2000000000000015 3.2000000000000015 0 3.2000000000000015 3.2000000000000015 0 40134513288079744 40076952541254912
d 0 0 -1.4019255050072317e-17 0 0 -1.2406871920549327e-17 3.2999999999999998 3.2999999999999998 0 3.2999999999999998 3.2999999999999998 0 42524431336438976 42463945477410400
Q 2 13 "Voltage #01"
Q 3 13 "Voltage #02"
Q 4 13 "Voltage #03"
Q 5 13 "Voltage #04"
Q 20 13 "Current #01"
Q 21 13 "Current #02"
Q 22 13 "Current #03"
Q 23 13 "Current #04"
Q 92 21 Contact
Q 601 13 "Int. Voltage #01"
Q 602 13 "Int. Voltage #02"
Q 603 13 "Int. Voltage #03"
Q 604 13 "Int. Voltage #04"
Q 3000 13 cg_conc
Q 3001 13 ng_conc
EOF 238127919
