v ATLAS
# This file was created by ATLAS version 5.26.1.R on Mon Apr 16 18:25:08 2018.
#SSF 2.0 generic
##############################################################################
#                    Copyright (c) 1984 - 2018                               #
#                    Silvaco Inc. All rights reserved                        #
#                                                                            #
# This file format and the following Key are copyright Silvaco Inc.          #
# You may not use, this format or key without reproducing this message in    #
# full and obtaining express written permission from Silvaco Inc.            #
#                                                                            #
# To obtain such permission please contact: Silvaco Inc.                     #
#                                           support@silvaco.com              #
#                                                                            #
# KEY=SVC86hn7562asdx                       PROD=345                         #
##############################################################################
y 3 700 711 15
z 0.589366 0.0147901 300
f 4 "gate" "source" "drain" "substrate" 
p 13 2 601 20 3 602 21 4 603 22 5 604 23 82 
d 6.000000000e-01 6.000000000e-01 0.000000000e+00 0.000000000e+00 0.000000000e+00 3.602929494e-18 0.000000000e+00 0.000000000e+00 -1.851070298e-17 0.000000000e+00 0.000000000e+00 2.590421455e-20 3.000000000e+02 
d 6.000000000e-01 6.000000000e-01 0.000000000e+00 0.000000000e+00 0.000000000e+00 -8.660549824e-08 2.500000037e-02 2.500000037e-02 8.660549822e-08 0.000000000e+00 0.000000000e+00 -8.457397297e-17 3.000002300e+02 
d 6.000000000e-01 6.000000000e-01 0.000000000e+00 0.000000000e+00 0.000000000e+00 -8.660549910e-08 4.264448165e-02 2.500000024e-02 8.660549844e-08 0.000000000e+00 0.000000000e+00 -8.427842015e-17 3.000002300e+02 
d 6.000000000e-01 6.000000000e-01 0.000000000e+00 0.000000000e+00 0.000000000e+00 -1.639261143e-07 1.291928606e-01 9.579554406e-02 1.639261133e-07 0.000000000e+00 0.000000000e+00 -2.666442914e-16 3.000010815e+02 
d 6.000000000e-01 6.000000000e-01 0.000000000e+00 0.000000000e+00 0.000000000e+00 -1.762155915e-07 1.617209465e-01 1.372513563e-01 1.762155919e-07 0.000000000e+00 0.000000000e+00 -3.712961772e-16 3.000015964e+02 
d 6.000000000e-01 6.000000000e-01 0.000000000e+00 0.000000000e+00 0.000000000e+00 -1.844115563e-07 2.045357163e-01 1.793278191e-01 1.844115566e-07 0.000000000e+00 0.000000000e+00 -4.751057948e-16 3.000021330e+02 
d 6.000000000e-01 6.000000000e-01 0.000000000e+00 0.000000000e+00 0.000000000e+00 -1.977940678e-07 2.965677218e-01 2.639927694e-01 1.977940676e-07 0.000000000e+00 0.000000000e+00 -6.381132405e-16 3.000032873e+02 
d 6.000000000e-01 6.000000000e-01 0.000000000e+00 0.000000000e+00 0.000000000e+00 -2.450082256e-07 6.692225374e-01 6.043506016e-01 2.450082290e-07 0.000000000e+00 0.000000000e+00 -2.791640873e-15 3.000090247e+02 
d 6.000000000e-01 6.000000000e-01 0.000000000e+00 0.000000000e+00 0.000000000e+00 -4.415628188e-07 2.322215152e+00 1.958345216e+00 4.429809445e-07 0.000000000e+00 0.000000000e+00 -1.418125022e-09 3.000514300e+02 
d 6.000000000e-01 6.000000000e-01 0.000000000e+00 0.000000000e+00 0.000000000e+00 -5.514125616e-07 4.420815552e+00 2.577525448e+00 5.602038500e-07 0.000000000e+00 0.000000000e+00 -8.791288205e-09 3.000853156e+02 
d 6.000000000e-01 6.000000000e-01 0.000000000e+00 0.000000000e+00 0.000000000e+00 -6.660658186e-07 6.243913043e+00 3.131728361e+00 6.922983208e-07 0.000000000e+00 0.000000000e+00 -2.623250393e-08 3.001282314e+02 
d 6.000000000e-01 6.000000000e-01 0.000000000e+00 0.000000000e+00 0.000000000e+00 -7.811071940e-07 8.211742490e+00 3.616580041e+00 8.374286383e-07 0.000000000e+00 0.000000000e+00 -5.632144420e-08 3.001794192e+02 
d 6.000000000e-01 6.000000000e-01 0.000000000e+00 0.000000000e+00 0.000000000e+00 -8.951617835e-07 1.016932572e+01 4.047043157e+00 9.916264990e-07 0.000000000e+00 0.000000000e+00 -9.646471549e-08 3.002382499e+02 
d 6.000000000e-01 6.000000000e-01 0.000000000e+00 0.000000000e+00 0.000000000e+00 -1.119749422e-06 1.327744535e+01 4.773351305e+00 1.321204954e-06 0.000000000e+00 0.000000000e+00 -2.014555318e-07 3.003759371e+02 
d 6.000000000e-01 6.000000000e-01 0.000000000e+00 0.000000000e+00 0.000000000e+00 -1.335694246e-06 1.699540136e+01 5.348495618e+00 1.673535566e-06 0.000000000e+00 0.000000000e+00 -3.378413215e-07 3.005352226e+02 
d 6.000000000e-01 6.000000000e-01 0.000000000e+00 0.000000000e+00 0.000000000e+00 -1.541089382e-06 2.039571333e+01 5.816164051e+00 2.041488988e-06 0.000000000e+00 0.000000000e+00 -5.003996089e-07 3.007115755e+02 
d 6.000000000e-01 6.000000000e-01 0.000000000e+00 0.000000000e+00 0.000000000e+00 -1.735510296e-06 2.359367426e+01 6.201452398e+00 2.421293930e-06 0.000000000e+00 0.000000000e+00 -6.857836328e-07 3.009016966e+02 
d 6.000000000e-01 6.000000000e-01 0.000000000e+00 0.000000000e+00 0.000000000e+00 -2.095814949e-06 2.987304638e+01 6.795835027e+00 3.205920598e-06 0.000000000e+00 0.000000000e+00 -1.110105656e-06 3.013128011e+02 
d 6.000000000e-01 6.000000000e-01 0.000000000e+00 0.000000000e+00 0.000000000e+00 -2.428938670e-06 3.567052007e+01 7.239355824e+00 4.013039363e-06 0.000000000e+00 0.000000000e+00 -1.584100693e-06 3.017550900e+02 
d 6.000000000e-01 6.000000000e-01 0.000000000e+00 0.000000000e+00 0.000000000e+00 -3.051392358e-06 4.631210603e+01 7.881367275e+00 5.664512181e-06 0.000000000e+00 0.000000000e+00 -2.613119821e-06 3.027048359e+02 
d 6.000000000e-01 6.000000000e-01 0.000000000e+00 0.000000000e+00 0.000000000e+00 -3.643322431e-06 5.332994788e+01 8.323473443e+00 7.350745822e-06 0.000000000e+00 0.000000000e+00 -3.707423393e-06 3.037126605e+02 
d 6.000000000e-01 6.000000000e-01 0.000000000e+00 0.000000000e+00 0.000000000e+00 -4.785940820e-06 7.259134797e+01 8.868353169e+00 1.078320864e-05 0.000000000e+00 0.000000000e+00 -5.997267821e-06 3.058143075e+02 
d 6.000000000e-01 6.000000000e-01 0.000000000e+00 0.000000000e+00 0.000000000e+00 -5.931281566e-06 9.333906485e+01 9.171127701e+00 1.426150422e-05 0.000000000e+00 0.000000000e+00 -8.330222653e-06 3.079637607e+02 
d 6.000000000e-01 6.000000000e-01 0.000000000e+00 0.000000000e+00 0.000000000e+00 -8.371302218e-06 1.449488308e+02 9.442759478e+00 2.127457993e-05 0.000000000e+00 0.000000000e+00 -1.290327771e-05 3.122589597e+02 
d 6.000000000e-01 6.000000000e-01 0.000000000e+00 0.000000000e+00 0.000000000e+00 -1.111311113e-05 2.879350643e+02 9.508355380e+00 2.831480416e-05 0.000000000e+00 0.000000000e+00 -1.720169303e-05 3.164565323e+02 
d 6.000000000e-01 6.000000000e-01 0.000000000e+00 0.000000000e+00 0.000000000e+00 -1.764827625e-05 4.998411647e+03 9.394938571e+00 4.240169268e-05 0.000000000e+00 0.000000000e+00 -2.475341642e-05 3.244118969e+02 
d 6.000000000e-01 6.000000000e-01 0.000000000e+00 0.000000000e+00 0.000000000e+00 -3.514521010e-05 -2.267990968e+02 8.783243573e+00 7.047293866e-05 0.000000000e+00 0.000000000e+00 -3.532772856e-05 3.380577677e+02 
d 6.000000000e-01 6.000000000e-01 0.000000000e+00 0.000000000e+00 0.000000000e+00 -7.844223850e-05 -7.507018537e+01 7.747027107e+00 1.269093386e-04 0.000000000e+00 0.000000000e+00 -4.846710006e-05 3.609030746e+02 
d 6.000000000e-01 6.000000000e-01 0.000000000e+00 0.000000000e+00 0.000000000e+00 -1.263651745e-04 -4.409811646e+01 7.140912136e+00 1.850696009e-04 0.000000000e+00 0.000000000e+00 -5.870442636e-05 3.826657094e+02 
d 6.000000000e-01 6.000000000e-01 0.000000000e+00 0.000000000e+00 0.000000000e+00 -1.768308849e-04 -3.735566241e+01 6.737717725e+00 2.444415267e-04 0.000000000e+00 0.000000000e+00 -6.761064177e-05 4.041387115e+02 
d 6.000000000e-01 6.000000000e-01 0.000000000e+00 0.000000000e+00 0.000000000e+00 -2.292214570e-04 -3.490578253e+01 6.454475710e+00 3.047502178e-04 0.000000000e+00 0.000000000e+00 -7.552876088e-05 4.257843378e+02 
d 6.000000000e-01 6.000000000e-01 0.000000000e+00 0.000000000e+00 0.000000000e+00 -3.383440560e-04 -4.276646172e+01 6.131664366e+00 4.275756908e-04 0.000000000e+00 0.000000000e+00 -8.923163479e-05 4.717915921e+02 
d 6.000000000e-01 6.000000000e-01 0.000000000e+00 0.000000000e+00 0.000000000e+00 -4.515485144e-04 -6.433484330e+01 6.004992565e+00 5.522413276e-04 0.000000000e+00 0.000000000e+00 -1.006928132e-04 5.234317192e+02 
d 6.000000000e-01 6.000000000e-01 0.000000000e+00 0.000000000e+00 0.000000000e+00 -5.686930696e-04 -1.237670391e+02 5.947848008e+00 6.773533372e-04 0.000000000e+00 0.000000000e+00 -1.086602677e-04 5.803393280e+02 
d 6.000000000e-01 6.000000000e-01 0.000000000e+00 0.000000000e+00 0.000000000e+00 -1.069828104e-03 -2.565834770e+02 5.829014074e+00 1.178333720e-03 0.000000000e+00 0.000000000e+00 -1.085056158e-04 8.569528511e+02 
d 6.000000000e-01 6.000000000e-01 0.000000000e+00 0.000000000e+00 0.000000000e+00 -1.135408139e-03 8.137971704e+03 5.852742063e+00 1.241024564e-03 0.000000000e+00 0.000000000e+00 -1.056165138e-04 9.022335887e+02 
