v VICTORYDEVICE
# silvaco.file ASCII version=1.14.23 format=1 contents=SDB,Tables=1

Copyright "###################################################################"
Copyright "#                    Copyright Silvaco Inc. (c)                   #"
Copyright "#                            1992-2014                            #"
Copyright "#                                                                 #"
Copyright "# This file format and the following Key are copyright Silvaco    #"
Copyright "# International. You may not use, this format or key without      #"
Copyright "# reproducing this message in full and obtaining                  #"
Copyright "# express written permission from Silvaco Inc.                    #"
Copyright "#                                                                 #"
Copyright "# To obtain such permission please contact: Silvaco Inc.          #"
Copyright "#                                           support@silvaco.com   #"
Copyright "#                                                                 #"
Copyright "# KEY=SVC86hn7562asdx                       PROD=345              #"
Copyright "###################################################################"
#This file was created by VICTORYDEVICE version 1.12.1.R
#victoryd 1.12.1.R (Thu Apr 12 10:17:20 PDT 2018)
#libSDB 1.12.42 (Thu Oct 26 19:20:24 PDT 2017)
a VICTORYDEVICE
j 1 9
k 3
r 1 92
x 3 43 42 46
w gate 1 1
r 2 92
x 3 43 42 46
w source 1 2
r 3 92
x 3 43 42 46
w drain 1 3
y 1 15
z 330
o 1 "trap electron capture rate (per cc per s)"
o 2 "trap hole capture rate (per cc per s)"
o 3 "H trapping rate (per cc per s)"
o 4 "e- conc. (per cc)"
o 5 "H Conc (per cc)"
o 6 "potential (V)"
o 7 "IGZO reaction rate (per cc per s)"
o 8 "IGZO- reaction rate (per cc per s)"
o 9 "IGZOH reaction rate (per cc per s)"
o 10 "IGZO Conc (per cc)"
o 11 "IGZO- Conc (per cc)"
o 12 "IGZOH Conc (per cc)"
o 13 "Max IGZO"
o 14 "Max IGZO-"
o 15 "Max IGZOH"
p 24 2 601 20 3 602 21 4 603 22 3000 3001 3002 3003 3004 3005 3006 3007 3008 3009 3010 3011 3012 3013 3014
d 16.5395 16.5395 0 0 0 -1.4695255244350905e-06 0.1 0.1 1.4695255245269088e-06 0 0 0 1.1050427924530512e+19 39249489918903.641 1.50828948476348 0 0 0 6.5517809075067372e+18 2.5133265254280176e+17 1.1329417698700073e+18 7.3078226972139878e+18 2.6590410598792013e+17 1.1329417698700175e+18
d 16.2895 16.2895 0 0 0 -1.4506305698942052e-06 0.1 0.1 1.4506305698442303e-06 0 0 0 1.0793617294894662e+19 39249489918903.641 1.5076200006352849 0 0 0 6.5517809075067372e+18 2.5133265254280176e+17 1.1329417698700073e+18 7.3078226972139878e+18 2.6590410598792013e+17 1.1329417698700175e+18
d 16.0395 16.0395 0 0 0 -1.4317353785815165e-06 0.1 0.1 1.4317353786183652e-06 0 0 0 1.0538134047953342e+19 39249489918903.641 1.5069379746463341 0 0 0 6.5517809075067372e+18 2.5133265254280176e+17 1.1329417698700073e+18 7.3078226972139878e+18 2.6590410598792013e+17 1.1329417698700175e+18
d 15.7895 15.7895 0 0 0 -1.4128399752431979e-06 0.1 0.1 1.4128399754415069e-06 0 0 0 1.0284013933358328e+19 39249489918903.641 1.5062429770910335 0 0 0 6.5517809075067372e+18 2.5133265254280176e+17 1.1329417698700073e+18 7.3078226972139878e+18 2.6590410598792013e+17 1.1329417698700175e+18
d 15.5395 15.5395 0 0 0 -1.3939443857880647e-06 0.1 0.1 1.3939443857797255e-06 0 0 0 1.0031294020337205e+19 39249489918903.641 1.5055345573174956 0 0 0 6.5517809075067372e+18 2.5133265254280176e+17 1.1329417698700073e+18 7.3078226972139878e+18 2.6590410598792013e+17 1.1329417698700175e+18
d 15.2895 15.2895 0 0 0 -1.375048637208027e-06 0.1 0.1 1.3750486371864842e-06 0 0 0 9.7800127554624696e+18 39249489918903.641 1.5048122424138766 0 0 0 6.5517809075067372e+18 2.5133265254280176e+17 1.1329417698700073e+18 7.3078226972139878e+18 2.6590410598792013e+17 1.1329417698700175e+18
d 15.0395 15.0395 0 0 0 -1.3561527588446513e-06 0.1 0.1 1.3561527589058318e-06 0 0 0 9.5302100230191718e+18 39249489918903.641 1.5040755357942515 0 0 0 6.5517809075067372e+18 2.5133265254280176e+17 1.1329417698700073e+18 7.3078226972139878e+18 2.6590410598792013e+17 1.1329417698700175e+18
d 14.7895 14.7895 0 0 0 -1.3372567811695649e-06 0.1 0.1 1.3372567811314743e-06 0 0 0 9.2819272080544727e+18 39249489918903.641 1.5033239156749463 0 0 0 6.5517809075067372e+18 2.5133265254280176e+17 1.1329417698700073e+18 7.3078226972139878e+18 2.6590410598792013e+17 1.1329417698700175e+18
d 14.5395 14.5395 0 0 0 -1.3183607369470242e-06 0.1 0.1 1.3183607370848961e-06 0 0 0 9.03520726218351e+18 39249489918903.641 1.5025568334313075 0 0 0 6.5517809075067372e+18 2.5133265254280176e+17 1.1329417698700073e+18 7.3078226972139878e+18 2.6590410598792013e+17 1.1329417698700175e+18
d 14.2895 14.2895 0 0 0 -1.2994646606456055e-06 0.1 0.1 1.2994646607775967e-06 0 0 0 8.7900947722225971e+18 39249489918903.641 1.5017737118238259 0 0 0 6.5517809075067372e+18 2.5133265254280176e+17 1.1329417698700073e+18 7.3078226972139878e+18 2.6590410598792013e+17 1.1329417698700175e+18
d 14.0395 14.0395 0 0 0 -1.2805685889008838e-06 0.1 0.1 1.280568588926738e-06 0 0 0 8.5466360317068216e+18 39249489918903.641 1.5009739430813342 0 0 0 6.5517809075067372e+18 2.5133265254280176e+17 1.1329417698700073e+18 7.3078226972139878e+18 2.6590410598792013e+17 1.1329417698700175e+18
d 13.7895 13.7895 0 0 0 -1.2616725607816182e-06 0.1 0.1 1.2616725607986654e-06 0 0 0 8.3048791153396992e+18 39249489918903.641 1.5001568868276722 0 0 0 6.5517809075067372e+18 2.5133265254280176e+17 1.1329417698700073e+18 7.3078226972139878e+18 2.6590410598792013e+17 1.1329417698700175e+18
d 13.5395 13.5395 0 0 0 -1.2427766174977809e-06 0.1 0.1 1.2427766174356195e-06 0 0 0 8.064873956405335e+18 39249489918903.641 1.4993218678366944 0 0 0 6.5517809075067372e+18 2.5133265254280176e+17 1.1329417698700073e+18 7.3078226972139878e+18 2.6590410598792013e+17 1.1329417698700175e+18
d 13.2895 13.2895 0 0 0 -1.2238808030050961e-06 0.1 0.1 1.2238808031815962e-06 0 0 0 7.826672427153579e+18 39249489918903.641 1.4984681735988139 0 0 0 6.5517809075067372e+18 2.5133265254280176e+17 1.1329417698700073e+18 7.3078226972139878e+18 2.6590410598792013e+17 1.1329417698700175e+18
d 13.0395 13.0395 0 0 0 -1.2049851641992946e-06 0.1 0.1 1.2049851642066634e-06 0 0 0 7.5903284221449083e+18 39249489918903.641 1.497595051680352 0 0 0 6.5517809075067372e+18 2.5133265254280176e+17 1.1329417698700073e+18 7.3078226972139878e+18 2.6590410598792013e+17 1.1329417698700175e+18
d 12.7895 12.7895 0 0 0 -1.1860897507947929e-06 0.1 0.1 1.186089750673027e-06 0 0 0 7.355897944512002e+18 39249489918903.641 1.4967017068548027 0 0 0 6.5517809075067372e+18 2.5133265254280176e+17 1.1329417698700073e+18 7.3078226972139878e+18 2.6590410598792013e+17 1.1329417698700175e+18
d 12.5395 12.5395 0 0 0 -1.1671946154479714e-06 0.1 0.1 1.1671946156632656e-06 0 0 0 7.123439195058943e+18 39249489918903.641 1.495787297982673 0 0 0 6.5517809075067372e+18 2.5133265254280176e+17 1.1329417698700073e+18 7.3078226972139878e+18 2.6590410598792013e+17 1.1329417698700175e+18
d 12.2895 12.2895 0 0 0 -1.1482998152768351e-06 0.1 0.1 1.1482998151241616e-06 0 0 0 6.8930126640758845e+18 39249489918903.641 1.4948509346137682 0 0 0 6.5517809075067372e+18 2.5133265254280176e+17 1.1329417698700073e+18 7.3078226972139878e+18 2.6590410598792013e+17 1.1329417698700175e+18
d 12.0395 12.0395 0 0 0 -1.1294054099849875e-06 0.1 0.1 1.1294054100163455e-06 0 0 0 6.6646812256951214e+18 39249489918903.641 1.4938916732826333 0 0 0 6.5517809075067372e+18 2.5133265254280176e+17 1.1329417698700073e+18 7.3078226972139878e+18 2.6590410598792013e+17 1.1329417698700175e+18
d 11.7895 11.7895 0 0 0 -1.1105114639035298e-06 0.1 0.1 1.1105114640068386e-06 0 0 0 6.4385102345535078e+18 39249489918903.641 1.4929085134642461 0 0 0 6.5517809075067372e+18 2.5133265254280176e+17 1.1329417698700073e+18 7.3078226972139878e+18 2.6590410598792013e+17 1.1329417698700175e+18
d 11.5395 11.5395 0 0 0 -1.0916180459548907e-06 0.1 0.1 1.0916180459977275e-06 0 0 0 6.2145676244522783e+18 39249489918903.641 1.4919003931529398 0 0 0 6.5517809075067372e+18 2.5133265254280176e+17 1.1329417698700073e+18 7.3078226972139878e+18 2.6590410598792013e+17 1.1329417698700175e+18
d 11.2895 11.2895 0 0 0 -1.0727252292693019e-06 0.1 0.1 1.0727252291432111e-06 0 0 0 5.9929240086205819e+18 39249489918903.641 1.490866184022803 0 0 0 6.5517809075067372e+18 2.5133265254280176e+17 1.1329417698700073e+18 7.3078226972139878e+18 2.6590410598792013e+17 1.1329417698700175e+18
d 11.0395 11.0395 0 0 0 -1.0538330924967132e-06 0.1 0.1 1.0538330925548857e-06 0 0 0 5.7736527810863145e+18 39249489918903.641 1.4898046861223977 0 0 0 6.5517809075067372e+18 2.5133265254280176e+17 1.1329417698700073e+18 7.3078226972139878e+18 2.6590410598792013e+17 1.1329417698700175e+18
d 10.7895 10.7895 0 0 0 -1.0349417194201382e-06 0.1 0.1 1.0349417196748041e-06 0 0 0 5.5568302185401897e+18 39249489918903.641 1.4887146220503906 0 0 0 6.5517809075067372e+18 2.5133265254280176e+17 1.1329417698700073e+18 7.3078226972139878e+18 2.6590410598792013e+17 1.1329417698700175e+18
d 10.5395 10.5395 0 0 0 -1.0160512004719268e-06 0.1 0.1 1.0160512003920305e-06 0 0 0 5.3425355819400438e+18 39249489918903.641 1.4875946305515095 0 0 0 6.5517809075067372e+18 2.5133265254280176e+17 1.1329417698700073e+18 7.3078226972139878e+18 2.6590410598792013e+17 1.1329417698700175e+18
d 10.2895 10.2895 0 0 0 -9.9716163189689228e-07 0.1 0.1 9.9716163184228808e-07 0 0 0 5.1308512169406618e+18 39249489918903.641 1.4864432594639201 0 0 0 6.5517809075067372e+18 2.5133265254280176e+17 1.1329417698700073e+18 7.3078226972139878e+18 2.6590410598792013e+17 1.1329417698700175e+18
d 10.0395 10.0395 0 0 0 -9.7827311759643509e-07 0.1 0.1 9.7827311741172727e-07 0 0 0 4.9218626520479089e+18 39249489918903.641 1.4852589579394757 0 0 0 6.5517809075067372e+18 2.5133265254280176e+17 1.1329417698700073e+18 7.3078226972139878e+18 2.6590410598792013e+17 1.1329417698700175e+18
d 9.7895000000000003 9.7895000000000003 0 0 0 -9.5938576875000608e-07 0.1 0.1 9.5938576887610748e-07 0 0 0 4.7156586931788462e+18 39249489918903.641 1.4840400678470891 0 0 0 6.5517809075067372e+18 2.5133265254280176e+17 1.1329417698700073e+18 7.3078226972139878e+18 2.6590410598792013e+17 1.1329417698700175e+18
d 9.5395000000000003 9.5395000000000003 0 0 0 -9.4049970571396378e-07 0.1 0.1 9.4049970577860838e-07 0 0 0 4.5123315130607565e+18 39249489918903.641 1.4827848142564033 0 0 0 6.5517809075067372e+18 2.5133265254280176e+17 1.1329417698700073e+18 7.3078226972139878e+18 2.6590410598792013e+17 1.1329417698700175e+18
d 9.2895000000000003 9.2895000000000003 0 0 0 -9.2161505730663639e-07 0.1 0.1 9.2161505739465635e-07 0 0 0 4.31197673361485e+18 39249489918903.641 1.4814912948836567 0 0 0 6.5517809075067372e+18 2.5133265254280176e+17 1.1329417698700073e+18 7.3078226972139878e+18 2.6590410598792013e+17 1.1329417698700175e+18
d 9.0395000000000003 9.0395000000000003 0 0 0 -9.0273196299178395e-07 0.1 0.1 9.0273196294667023e-07 0 0 0 4.1146934991437932e+18 39249489918903.641 1.4801574683637271 0 0 0 6.5517809075067372e+18 2.5133265254280176e+17 1.1329417698700073e+18 7.3078226972139878e+18 2.6590410598792013e+17 1.1329417698700175e+18
d 8.7895000000000003 8.7895000000000003 0 0 0 -8.8385057289964542e-07 0.1 0.1 8.8385057284874732e-07 0 0 0 3.9205845377683446e+18 39249489918903.641 1.478781141191245 0 0 0 6.5517809075067372e+18 2.5133265254280176e+17 1.1329417698700073e+18 7.3078226972139878e+18 2.6590410598792013e+17 1.1329417698700175e+18
d 8.5395000000000003 8.5395000000000003 0 0 0 -8.6497104967743164e-07 0.1 0.1 8.6497104973125391e-07 0 0 0 3.7297562081356293e+18 39249489918903.641 1.4773599531488149 0 0 0 6.5517809075067372e+18 2.5133265254280176e+17 1.1329417698700073e+18 7.3078226972139878e+18 2.6590410598792013e+17 1.1329417698700175e+18
d 8.2895000000000003 8.2895000000000003 0 0 0 -8.4609356918323811e-07 0.1 0.1 8.4609356913315972e-07 0 0 0 3.5423185279428244e+18 39249489918903.641 1.4758913610109325 0 0 0 6.5517809075067372e+18 2.5133265254280176e+17 1.1329417698700073e+18 7.3078226972139878e+18 2.6590410598792013e+17 1.1329417698700175e+18
d 8.0395000000000003 8.0395000000000003 0 0 0 -8.272183221794764e-07 0.1 0.1 8.2721832215352649e-07 0 0 0 3.3583851802837315e+18 39249489918903.641 1.4743726202772622 0 0 0 6.5517809075067372e+18 2.5133265254280176e+17 1.1329417698700073e+18 7.3078226972139878e+18 2.6590410598792013e+17 1.1329417698700175e+18
d 7.7895000000000003 7.7895000000000003 0 0 0 -8.0834551537062085e-07 0.1 0.1 8.0834551528196233e-07 0 0 0 3.1780734932246231e+18 39249489918903.641 1.4728007646473151 0 0 0 6.5517809075067372e+18 2.5133265254280176e+17 1.1329417698700073e+18 7.3078226972139878e+18 2.6590410598792013e+17 1.1329417698700175e+18
d 7.5395000000000003 7.5395000000000003 0 0 0 -7.8947537361739273e-07 0.1 0.1 7.8947537353610192e-07 0 0 0 3.0015043873489085e+18 39249489918903.641 1.4711725828988906 0 0 0 6.5517809075067372e+18 2.5133265254280176e+17 1.1329417698700073e+18 7.3078226972139878e+18 2.6590410598792013e+17 1.1329417698700175e+18
d 7.2895000000000003 7.2895000000000003 0 0 0 -7.706081420007101e-07 0.1 0.1 7.7060814193558428e-07 0 0 0 2.8288022852738038e+18 39249489918903.641 1.4694845927730984 0 0 0 6.5517809075067372e+18 2.5133265254280176e+17 1.1329417698700073e+18 7.3078226972139878e+18 2.6590410598792013e+17 1.1329417698700175e+18
d 7.0395000000000003 7.0395000000000003 0 0 0 -7.5174408748825921e-07 0.1 0.1 7.5174408751049446e-07 0 0 0 2.660094976334718e+18 39249489918903.641 1.4677330113972682 0 0 0 6.5517809075067372e+18 2.5133265254280176e+17 1.1329417698700073e+18 7.3078226972139878e+18 2.6590410598792013e+17 1.1329417698700175e+18
d 6.7895000000000003 6.7895000000000003 0 0 0 -7.3288350181434116e-07 0.1 0.1 7.3288350186013335e-07 0 0 0 2.4955134287544484e+18 39249489918903.641 1.4659137216908846 0 0 0 6.5517809075067372e+18 2.5133265254280176e+17 1.1329417698700073e+18 7.3078226972139878e+18 2.6590410598792013e+17 1.1329417698700175e+18
d 6.5395000000000003 6.5395000000000003 0 0 0 -7.1402670441558163e-07 0.1 0.1 7.1402670439216128e-07 0 0 0 2.3351915406674422e+18 39249489918903.641 1.4640222340956348 0 0 0 6.5517809075067372e+18 2.5133265254280176e+17 1.1329417698700073e+18 7.3078226972139878e+18 2.6590410598792013e+17 1.1329417698700175e+18
d 6.2895000000000003 6.2895000000000003 0 0 0 -6.9517404521286373e-07 0.1 0.1 6.9517404529614718e-07 0 0 0 2.1792658203548242e+18 39249489918903.641 1.4620536428446766 0 0 0 6.5517809075067372e+18 2.5133265254280176e+17 1.1329417698700073e+18 7.3078226972139878e+18 2.6590410598792013e+17 1.1329417698700175e+18
d 6.0395000000000003 6.0395000000000003 0 0 0 -6.7632590931622319e-07 0.1 0.1 6.7632590931787289e-07 0 0 0 2.0278749849735552e+18 39249489918903.641 1.4600025758334474 0 0 0 6.5517809075067372e+18 2.5133265254280176e+17 1.1329417698700073e+18 7.3078226972139878e+18 2.6590410598792013e+17 1.1329417698700175e+18
d 5.7895000000000003 5.7895000000000003 0 0 0 -6.5748272027619071e-07 0.1 0.1 6.574827200974656e-07 0 0 0 1.8811594659360387e+18 39249489918903.641 1.4578631369687005 0 0 0 6.5517809075067372e+18 2.5133265254280176e+17 1.1329417698700073e+18 7.3078226972139878e+18 2.6590410598792013e+17 1.1329417698700175e+18
d 5.5395000000000003 5.5395000000000003 0 0 0 -6.3864494593413017e-07 0.1 0.1 6.3864494594834814e-07 0 0 0 1.7392608079267686e+18 39249489918903.641 1.4556288396467036 0 0 0 6.5517809075067372e+18 2.5133265254280176e+17 1.1329417698700073e+18 7.3078226972139878e+18 2.6590410598792013e+17 1.1329417698700175e+18
d 5.2895000000000003 5.2895000000000003 0 0 0 -6.1981310387508326e-07 0.1 0.1 6.1981310378616301e-07 0 0 0 1.6023209473370317e+18 39249489918903.641 1.4532925297368777 0 0 0 6.5517809075067372e+18 2.5133265254280176e+17 1.1329417698700073e+18 7.3078226972139878e+18 2.6590410598792013e+17 1.1329417698700175e+18
d 5.0395000000000003 5.0395000000000003 0 0 0 -6.0098776824753208e-07 0.1 0.1 6.0098776808388648e-07 0 0 0 1.4704813546644882e+18 39249489918903.641 1.4508462961131523 0 0 0 6.5517809075067372e+18 2.5133265254280176e+17 1.1329417698700073e+18 7.3078226972139878e+18 2.6590410598792013e+17 1.1329417698700175e+18
d 4.7895000000000003 4.7895000000000003 0 0 0 -5.8216957772199742e-07 0.1 0.1 5.8216957778326056e-07 0 0 0 1.3438820241654085e+18 39249489918903.641 1.4482813663698382 0 0 0 6.5517809075067372e+18 2.5133265254280176e+17 1.1329417698700073e+18 7.3078226972139878e+18 2.6590410598792013e+17 1.1329417698700175e+18
d 4.5395000000000003 4.5395000000000003 0 0 0 -5.6335924461429926e-07 0.1 0.1 5.6335924462969546e-07 0 0 0 1.2226602927562967e+18 39249489918903.641 1.4455879848681077 0 0 0 6.5517809075067372e+18 2.5133265254280176e+17 1.1329417698700073e+18 7.3078226972139878e+18 2.6590410598792013e+17 1.1329417698700175e+18
d 4.2895000000000003 4.2895000000000003 0 0 0 -5.4455756577178123e-07 0.1 0.1 5.4455756578577103e-07 0 0 0 1.106949468823809e+18 39249489918903.641 1.4427552696684738 0 0 0 6.5517809075067372e+18 2.5133265254280176e+17 1.1329417698700073e+18 7.3078226972139878e+18 2.6590410598792013e+17 1.1329417698700175e+18
d 4.0395000000000003 4.0395000000000003 0 0 0 -5.2576543542037386e-07 0.1 0.1 5.257654353610283e-07 0 0 0 9.9687725018321024e+17 39249489918903.641 1.4397710441994485 0 0 0 6.5517809075067372e+18 2.5133265254280176e+17 1.1329417698700073e+18 7.3078226972139878e+18 2.6590410598792013e+17 1.1329417698700175e+18
d 3.7895000000000003 3.7895000000000003 0 0 0 -5.0698386029977394e-07 0.1 0.1 5.0698386019644227e-07 0 0 0 8.9256390888026074e+17 39249489918903.641 1.4366216386812167 0 0 0 6.5517809075067372e+18 2.5133265254280176e+17 1.1329417698700073e+18 7.3078226972139878e+18 2.6590410598792013e+17 1.1329417698700175e+18
d 3.5395000000000003 3.5395000000000003 0 0 0 -4.8821397728200716e-07 0.1 0.1 4.8821397715923513e-07 0 0 0 7.9412021879875802e+17 39249489918903.641 1.4332916553618116 0 0 0 6.5517809075067372e+18 2.5133265254280176e+17 1.1329417698700073e+18 7.3078226972139878e+18 2.6590410598792013e+17 1.1329417698700175e+18
d 3.2895000000000003 3.2895000000000003 0 0 0 -4.6945707524906527e-07 0.1 0.1 4.69457075057358e-07 0 0 0 7.0164510006729114e+17 39249489918903.641 1.4297636905446711 0 0 0 6.5517809075067372e+18 2.5133265254280176e+17 1.1329417698700073e+18 7.3078226972139878e+18 2.6590410598792013e+17 1.1329417698700175e+18
d 3.0395000000000003 3.0395000000000003 0 0 0 -4.5071461940248699e-07 0.1 0.1 4.5071461894071375e-07 0 0 0 6.1522295205482842e+17 39249489918903.641 1.42601800523497 0 0 0 6.5517809075067372e+18 2.5133265254280176e+17 1.1329417698700073e+18 7.3078226972139878e+18 2.6590410598792013e+17 1.1329417698700175e+18
d 2.7895000000000003 2.7895000000000003 0 0 0 -4.3198828182871004e-07 0.1 0.1 4.3198828115537157e-07 0 0 0 5.3492064444837766e+17 39249489918903.641 1.4220321351092555 0 0 0 6.5517809075067372e+18 2.5133265254280176e+17 1.1329417698700073e+18 7.3078226972139878e+18 2.6590410598792013e+17 1.1329417698700175e+18
d 2.5395000000000003 2.5395000000000003 0 0 0 -4.1327997659685613e-07 0.1 0.1 4.1327997527480615e-07 0 0 0 4.6078413396588774e+17 39249489918903.641 1.4177804296188015 0 0 0 6.5517809075067372e+18 2.5133265254280176e+17 1.1329417698700073e+18 7.3078226972139878e+18 2.6590410598792013e+17 1.1329417698700175e+18
d 2.2895000000000003 2.2895000000000003 0 0 0 -3.9459190234627099e-07 0.1 0.1 3.9459190001120016e-07 0 0 0 3.9283467371654138e+17 39249489918903.641 1.4132335097361493 0 0 0 6.5517809075067372e+18 2.5133265254280176e+17 1.1329417698700073e+18 7.3078226972139878e+18 2.6590410598792013e+17 1.1329417698700175e+18
d 2.0395000000000003 2.0395000000000003 0 0 0 -3.7592659008437287e-07 0.1 0.1 3.7592658619276205e-07 0 0 0 3.3106458519177018e+17 39249489918903.641 1.4083576347750295 0 0 0 6.5517809075067372e+18 2.5133265254280176e+17 1.1329417698700073e+18 7.3078226972139878e+18 2.6590410598792013e+17 1.1329417698700175e+18
d 1.7895000000000003 1.7895000000000003 0 0 0 -3.572869614521324e-07 0.1 0.1 3.5728695475401931e-07 0 0 0 2.7543257328583603e+17 39249489918903.641 1.4031139718909138 0 0 0 6.5517809075067372e+18 2.5133265254280176e+17 1.1329417698700073e+18 7.3078226972139878e+18 2.6590410598792013e+17 1.1329417698700175e+18
d 1.5395000000000003 1.5395000000000003 0 0 0 -3.3867639394525087e-07 0.1 0.1 3.3867638229664128e-07 0 0 0 2.2585858943519485e+17 39249489918903.641 1.3974577689248304 0 0 0 6.5517809075067372e+18 2.5133265254280176e+17 1.1329417698700073e+18 7.3078226972139878e+18 2.6590410598792013e+17 1.1329417698700175e+18
d 1.2895000000000003 1.2895000000000003 0 0 0 -3.2009878342192997e-07 0.1 0.1 3.2009878349651901e-07 0 0 0 1.8221829805541792e+17 39249489918903.641 1.3913374445760212 0 0 0 6.5517809075067372e+18 2.5133265254280176e+17 1.1329417698700073e+18 7.3078226972139878e+18 2.6590410598792013e+17 1.1329417698700175e+18
d 1.0395000000000003 1.0395000000000003 0 0 0 -3.015586529990574e-07 0.1 0.1 3.0155865303887219e-07 0 0 0 1.4433729373428582e+17 39249489918903.641 1.384693632683512 0 0 0 6.5517809075067372e+18 2.5133265254280176e+17 1.1329417698700073e+18 7.3078226972139878e+18 2.6590410598792013e+17 1.1329417698700175e+18
d 0.78950000000000031 0.78950000000000031 0 0 0 -2.8306119078874858e-07 0.1 0.1 2.8306119077130028e-07 0 0 0 1.119853738643141e+17 39249489918903.641 1.3774582532651132 0 0 0 6.5517809075067372e+18 2.5133265254280176e+17 1.1329417698700073e+18 7.3078226972139878e+18 2.6590410598792013e+17 1.1329417698700175e+18
d 0.53950000000000031 0.53950000000000031 0 0 0 -2.6461234359687449e-07 0.1 0.1 2.6461234363419312e-07 0 0 0 84871419022144688 39249489918903.641 1.3695537343633284 0 0 0 6.5517809075067372e+18 2.5133265254280176e+17 1.1329417698700073e+18 7.3078226972139878e+18 2.6590410598792013e+17 1.1329417698700175e+18
d 0.28950000000000031 0.28950000000000031 0 0 0 -2.4621885892810277e-07 0.1 0.1 2.4621885885907233e-07 0 0 0 62639787845498608 39249489918903.641 1.3608925731348289 0 0 0 6.5517809075067372e+18 2.5133265254280176e+17 1.1329417698700073e+18 7.3078226972139878e+18 2.6590410598792013e+17 1.1329417698700175e+18
d 0.039500000000000313 0.039500000000000313 0 0 0 -2.2788828984698067e-07 0.1 0.1 2.2788828968261676e-07 0 0 0 44869574747187648 39249489918903.641 1.3513774869008595 0 0 0 6.5517809075067372e+18 2.5133265254280176e+17 1.1329417698700073e+18 7.3078226972139878e+18 2.6590410598792013e+17 1.1329417698700175e+18
d -0.21049999999999969 -0.21049999999999969 0 0 0 -2.096289372820361e-07 0.1 0.1 2.0962893719575282e-07 0 0 0 31078504450455044 39249489918903.641 1.3409024256981357 0 0 0 6.5517809075067372e+18 2.5133265254280176e+17 1.1329417698700073e+18 7.3078226972139878e+18 2.6590410598792013e+17 1.1329417698700175e+18
d -0.46049999999999969 -0.46049999999999969 0 0 0 -1.9144970826722924e-07 0.1 0.1 1.9144970821391598e-07 0 0 0 20733404878527056 39249489918903.641 1.3293546217428491 0 0 0 6.5517809075067372e+18 2.5133265254280176e+17 1.1329417698700073e+18 7.3078226972139878e+18 2.6590410598792013e+17 1.1329417698700175e+18
d -0.71049999999999969 -0.71049999999999969 0 0 0 -1.7335989416623376e-07 0.1 0.1 1.7335989413914051e-07 0 0 0 13268717727622140 39249489918903.641 1.3166175270827973 0 0 0 6.5517809075067372e+18 2.5133265254280176e+17 1.1329417698700073e+18 7.3078226972139878e+18 2.6590410598792013e+17 1.1329417698700175e+18
d -0.96049999999999969 -0.96049999999999969 0 0 0 -1.5536891876697763e-07 0.1 0.1 1.5536891876128054e-07 0 0 0 8112975247091429 39249489918903.641 1.3025738240030134 0 0 0 6.5517809075067372e+18 2.5133265254280176e+17 1.1329417698700073e+18 7.3078226972139878e+18 2.6590410598792013e+17 1.1329417698700175e+18
d -1.2104999999999997 -1.2104999999999997 0 0 0 -1.3748618476862898e-07 0.1 0.1 1.374861846823772e-07 0 0 0 4720567766802488 39249489918903.641 1.2871066266538025 0 0 0 6.5517809075067372e+18 2.5133265254280176e+17 1.1329417698700073e+18 7.3078226972139878e+18 2.6590410598792013e+17 1.1329417698700175e+18
d -1.4604999999999997 -1.4604999999999997 0 0 0 -1.1972124814253086e-07 0.1 0.1 1.1972124806598619e-07 0 0 0 2603266542231754.5 39249489918903.641 1.2700955297474381 0 0 0 6.5517809075067372e+18 2.5133265254280176e+17 1.1329417698700073e+18 7.3078226972139878e+18 2.6590410598792013e+17 1.1329417698700175e+18
d -1.7104999999999997 -1.7104999999999997 0 0 0 -1.0208466969740409e-07 0.1 0.1 1.020846696564417e-07 0 0 0 1354506711228963.2 39249489918903.641 1.2514020624517255 0 0 0 6.5517809075067372e+18 2.5133265254280176e+17 1.1329417698700073e+18 7.3078226972139878e+18 2.6590410598792013e+17 1.1329417698700175e+18
d -1.9604999999999997 -1.9604999999999997 0 0 0 -8.4590100758872855e-08 0.1 0.1 8.4590100883446375e-08 0 0 0 660863284845423.5 39249489918903.641 1.2308348152696102 0 0 0 6.5517809075067372e+18 2.5133265254280176e+17 1.1329417698700073e+18 7.3078226972139878e+18 2.6590410598792013e+17 1.1329417698700175e+18
d -2.2104999999999997 -2.2104999999999997 0 0 0 -6.7258729967610843e-08 0.1 0.1 6.7258729820175534e-08 0 0 0 299287986902703.75 39249489918903.641 1.2080718775202288 0 0 0 6.5517809075067372e+18 2.5133265254280176e+17 1.1329417698700073e+18 7.3078226972139878e+18 2.6590410598792013e+17 1.1329417698700175e+18
d -2.4604999999999997 -2.4604999999999997 0 0 0 -5.0129162400211431e-08 0.1 0.1 5.0129162418031886e-08 0 0 0 123327591918994.88 39249489918903.641 1.1824733822208056 0 0 0 6.5517809075067372e+18 2.5133265254280176e+17 1.1329417698700073e+18 7.3078226972139878e+18 2.6590410598792013e+17 1.1329417698700175e+18
d -2.7104999999999997 -2.7104999999999997 0 0 0 -3.3283769428636746e-08 0.1 0.1 3.3283769452172794e-08 0 0 0 44157963138246.906 39249489918903.641 1.1525220251262018 0 0 0 6.5517809075067372e+18 2.5133265254280176e+17 1.1329417698700073e+18 7.3078226972139878e+18 2.6590410598792013e+17 1.1329417698700175e+18
d -2.9604999999999997 -2.9604999999999997 0 0 0 -1.6952093511001535e-08 0.1 0.1 1.6952093648341793e-08 0 0 0 11959858113184.877 39249489918903.641 1.1133917075240651 0 0 0 6.5517809075067372e+18 2.5133265254280176e+17 1.1329417698700073e+18 7.3078226972139878e+18 2.6590410598792013e+17 1.1329417698700175e+18
d -3.2104999999999997 -3.2104999999999997 0 0 0 -2.7072344053604969e-09 0.1 0.1 2.7072344425272517e-09 0 0 0 1207919861258.6121 39249489918903.641 1.036066893726995 0 0 0 6.5517809075067372e+18 2.5133265254280176e+17 1.1329417698700073e+18 7.3078226972139878e+18 2.6590410598792013e+17 1.1329417698700175e+18
d -3.4604999999999997 -3.4604999999999997 0 0 0 -1.9710864850642102e-12 0.1 0.1 1.971142431518391e-12 0 0 0 1046003304.3052977 39249489918903.641 0.82107906327634361 0 0 0 6.5517809075067372e+18 2.5133265254280176e+17 1.1329417698700073e+18 7.3078226972139878e+18 2.6590410598792013e+17 1.1329417698700175e+18
d -3.7104999999999997 -3.7104999999999997 0 0 0 -3.2857320172565517e-16 0.1 0.1 3.2372687914586722e-16 0 0 0 159779.37537589658 39249489918903.641 0.57111280631508843 0 0 0 6.5517809075067372e+18 2.5133265254280176e+17 1.1329417698700073e+18 7.3078226972139878e+18 2.6590410598792013e+17 1.1329417698700175e+18
d -3.9604999999999997 -3.9604999999999997 0 0 0 -1.2828885414136602e-18 0.1 0.1 -1.2420199053245171e-16 0 0 0 24.318256093400127 39249489918903.641 0.32111281156491334 0 0 0 6.5517809075067372e+18 2.5133265254280176e+17 1.1329417698700073e+18 7.3078226972139878e+18 2.6590410598792013e+17 1.1329417698700175e+18
d -4.2104999999999997 -4.2104999999999997 0 0 0 -1.9013338160833433e-17 0.1 0.1 -7.6780431328908102e-19 0 0 0 0.0037031397450846284 39249489918903.641 0.071112811660664965 0 0 0 6.5517809075067372e+18 2.5133265254280176e+17 1.1329417698700073e+18 7.3078226972139878e+18 2.6590410598792013e+17 1.1329417698700175e+18
d -4.4604999999999997 -4.4604999999999997 0 0 0 9.0240273784902572e-17 0.1 0.1 -2.3651471490633924e-18 0 0 0 21504.000462892458 39249489918903.641 -0.17888718824436545 0 0 0 6.5517809075067372e+18 2.5133265254280176e+17 1.1329417698700073e+18 7.3078226972139878e+18 2.6590410598792013e+17 1.1329417698700175e+18
d -4.7104999999999997 -4.7104999999999997 0 0 0 -8.9183298167100212e-18 0.1 0.1 6.2356601879020183e-17 0 0 0 1344.0000289307793 39249489918903.641 -0.42888718814712212 0 0 0 6.5517809075067372e+18 2.5133265254280176e+17 1.1329417698700073e+18 7.3078226972139878e+18 2.6590410598792013e+17 1.1329417698700175e+18
d -4.9604999999999997 -4.9604999999999997 0 0 0 3.7510078953162125e-17 0.1 0.1 -1.0534961067107196e-17 0 0 0 84.000001808173678 39249489918903.641 -0.67888718799725023 0 0 0 6.5517809075067372e+18 2.5133265254280176e+17 1.1329417698700073e+18 7.3078226972139878e+18 2.6590410598792013e+17 1.1329417698700175e+18
d -5 -5 0 0 0 -5.7526920381319296e-17 0.1 0.1 4.3576337529887047e-17 0 0 0 10.500000226021712 39249489918903.641 -0.71838718783843802 0 0 0 6.5517809075067372e+18 2.5133265254280176e+17 1.1329417698700073e+18 7.3078226972139878e+18 2.6590410598792013e+17 1.1329417698700175e+18
Q 2 13 "Voltage #01"
Q 3 13 "Voltage #02"
Q 4 13 "Voltage #03"
Q 20 13 "Current #01"
Q 21 13 "Current #02"
Q 22 13 "Current #03"
Q 92 21 Contact
Q 601 13 "Int. Voltage #01"
Q 602 13 "Int. Voltage #02"
Q 603 13 "Int. Voltage #03"
Q 3000 13 "trap electron capture rate (per cc per s)"
Q 3001 13 "trap hole capture rate (per cc per s)"
Q 3002 13 "H trapping rate (per cc per s)"
Q 3003 13 "e- conc. (per cc)"
Q 3004 13 "H Conc (per cc)"
Q 3005 13 "potential (V)"
Q 3006 13 "IGZO reaction rate (per cc per s)"
Q 3007 13 "IGZO- reaction rate (per cc per s)"
Q 3008 13 "IGZOH reaction rate (per cc per s)"
Q 3009 13 "IGZO Conc (per cc)"
Q 3010 13 "IGZO- Conc (per cc)"
Q 3011 13 "IGZOH Conc (per cc)"
Q 3012 13 "Max IGZO"
Q 3013 13 "Max IGZO-"
Q 3014 13 "Max IGZOH"
EOF 1868160346
