v VICTORYDEVICE
# silvaco.file ASCII version=1.14.23 format=1 contents=SDB,Tables=1

Copyright "###################################################################"
Copyright "#                    Copyright Silvaco Inc. (c)                   #"
Copyright "#                            1992-2014                            #"
Copyright "#                                                                 #"
Copyright "# This file format and the following Key are copyright Silvaco    #"
Copyright "# International. You may not use, this format or key without      #"
Copyright "# reproducing this message in full and obtaining                  #"
Copyright "# express written permission from Silvaco Inc.                    #"
Copyright "#                                                                 #"
Copyright "# To obtain such permission please contact: Silvaco Inc.          #"
Copyright "#                                           support@silvaco.com   #"
Copyright "#                                                                 #"
Copyright "# KEY=SVC86hn7562asdx                       PROD=345              #"
Copyright "###################################################################"
#This file was created by VICTORYDEVICE version 1.12.1.R
#victoryd 1.12.1.R (Thu Apr 12 10:17:20 PDT 2018)
#libSDB 1.12.42 (Thu Oct 26 19:20:24 PDT 2017)
a VICTORYDEVICE
j 1 9
k 3
r 1 92
x 3 43 42 46
w gate 1 1
r 2 92
x 3 43 42 46
w source 1 2
r 3 92
x 3 43 42 46
w drain 1 3
y 1 15
z 330
o 1 "trap electron capture rate (per cc per s)"
o 2 "trap hole capture rate (per cc per s)"
o 3 "H trapping rate (per cc per s)"
o 4 "e- conc. (per cc)"
o 5 "H Conc (per cc)"
o 6 "potential (V)"
o 7 "IGZO reaction rate (per cc per s)"
o 8 "IGZO- reaction rate (per cc per s)"
o 9 "IGZOH reaction rate (per cc per s)"
o 10 "IGZO Conc (per cc)"
o 11 "IGZO- Conc (per cc)"
o 12 "IGZOH Conc (per cc)"
o 13 "Max IGZO"
o 14 "Max IGZO-"
o 15 "Max IGZOH"
p 24 2 601 20 3 602 21 4 603 22 3000 3001 3002 3003 3004 3005 3006 3007 3008 3009 3010 3011 3012 3013 3014
d 16.5395 16.5395 0 0 0 -1.4438010526418393e-06 0.1 0.1 1.4438010525988248e-06 0 0 0 1.0701346652171829e+19 26239784254811.559 1.5073755598623828 0 0 0 4.9068440416206612e+18 7.2431890890149107e+17 2.3051668181272172e+18 6.4192614441703496e+18 8.5443044231600166e+17 2.3051668181272282e+18
d 16.2895 16.2895 0 0 0 -1.4249058746839008e-06 0.1 0.1 1.4249058747587664e-06 0 0 0 1.0446350700634036e+19 26239784254811.559 1.5066889074973424 0 0 0 4.9068440416206612e+18 7.2431890890149107e+17 2.3051668181272172e+18 6.4192614441703496e+18 8.5443044231600166e+17 2.3051668181272282e+18
d 16.0395 16.0395 0 0 0 -1.4060104942054643e-06 0.1 0.1 1.4060104940965553e-06 0 0 0 1.0192731091858676e+19 26239784254811.559 1.5059891235617255 0 0 0 4.9068440416206612e+18 7.2431890890149107e+17 2.3051668181272172e+18 6.4192614441703496e+18 8.5443044231600166e+17 2.3051668181272282e+18
d 15.7895 15.7895 0 0 0 -1.38711493732614e-06 0.1 0.1 1.3871149372399847e-06 0 0 0 9.9405253848884429e+18 26239784254811.559 1.5052757495341691 0 0 0 4.9068440416206612e+18 7.2431890890149107e+17 2.3051668181272172e+18 6.4192614441703496e+18 8.5443044231600166e+17 2.3051668181272282e+18
d 15.5395 15.5395 0 0 0 -1.3682192321353768e-06 0.1 0.1 1.3682192321392613e-06 0 0 0 9.6897725375729541e+18 26239784254811.559 1.5045483041355179 0 0 0 4.9068440416206612e+18 7.2431890890149107e+17 2.3051668181272172e+18 6.4192614441703496e+18 8.5443044231600166e+17 2.3051668181272282e+18
d 15.2895 15.2895 0 0 0 -1.3493234080861074e-06 0.1 0.1 1.3493234081611971e-06 0 0 0 9.4405129678939177e+18 26239784254811.559 1.5038062818762956 0 0 0 4.9068440416206612e+18 7.2431890890149107e+17 2.3051668181272172e+18 6.4192614441703496e+18 8.5443044231600166e+17 2.3051668181272282e+18
d 15.0395 15.0395 0 0 0 -1.3304274968522392e-06 0.1 0.1 1.3304274968908828e-06 0 0 0 9.1927886180002376e+18 26239784254811.559 1.5030491514911373 0 0 0 4.9068440416206612e+18 7.2431890890149107e+17 2.3051668181272172e+18 6.4192614441703496e+18 8.5443044231600166e+17 2.3051668181272282e+18
d 14.7895 14.7895 0 0 0 -1.3115315313901281e-06 0.1 0.1 1.3115315313163179e-06 0 0 0 8.9466430210256486e+18 26239784254811.559 1.5022763542497901 0 0 0 4.9068440416206612e+18 7.2431890890149107e+17 2.3051668181272172e+18 6.4192614441703496e+18 8.5443044231600166e+17 2.3051668181272282e+18
d 14.5395 14.5395 0 0 0 -1.2926355471693274e-06 0.1 0.1 1.2926355472752728e-06 0 0 0 8.7021213707558308e+18 26239784254811.559 1.5014873021331856 0 0 0 4.9068440416206612e+18 7.2431890890149107e+17 2.3051668181272172e+18 6.4192614441703496e+18 8.5443044231600166e+17 2.3051668181272282e+18
d 14.2895 14.2895 0 0 0 -1.2737395817060126e-06 0.1 0.1 1.273739581740111e-06 0 0 0 8.4592705941984522e+18 26239784254811.559 1.5006813758618429 0 0 0 4.9068440416206612e+18 7.2431890890149107e+17 2.3051668181272172e+18 6.4192614441703496e+18 8.5443044231600166e+17 2.3051668181272282e+18
d 14.0395 14.0395 0 0 0 -1.254843674702811e-06 0.1 0.1 1.254843674630975e-06 0 0 0 8.2181394270983752e+18 26239784254811.559 1.499857922762468 0 0 0 4.9068440416206612e+18 7.2431890890149107e+17 2.3051668181272172e+18 6.4192614441703496e+18 8.5443044231600166e+17 2.3051668181272282e+18
d 13.7895 13.7895 0 0 0 -1.2359478683657559e-06 0.1 0.1 1.2359478681443277e-06 0 0 0 7.978778492421889e+18 26239784254811.559 1.4990162544570429 0 0 0 4.9068440416206612e+18 7.2431890890149107e+17 2.3051668181272172e+18 6.4192614441703496e+18 8.5443044231600166e+17 2.3051668181272282e+18
d 13.5395 13.5395 0 0 0 -1.2170522075818239e-06 0.1 0.1 1.2170522076478935e-06 0 0 0 7.7412403818116772e+18 26239784254811.559 1.4981556443569297 0 0 0 4.9068440416206612e+18 7.2431890890149107e+17 2.3051668181272172e+18 6.4192614441703496e+18 8.5443044231600166e+17 2.3051668181272282e+18
d 13.2895 13.2895 0 0 0 -1.198156740310157e-06 0.1 0.1 1.1981567403450467e-06 0 0 0 7.5055797399901686e+18 26239784254811.559 1.4972753249425126 0 0 0 4.9068440416206612e+18 7.2431890890149107e+17 2.3051668181272172e+18 6.4192614441703496e+18 8.5443044231600166e+17 2.3051668181272282e+18
d 13.0395 13.0395 0 0 0 -1.1792615173897558e-06 0.1 0.1 1.1792615174645753e-06 0 0 0 7.2718533520554967e+18 26239784254811.559 1.496374484806638 0 0 0 4.9068440416206612e+18 7.2431890890149107e+17 2.3051668181272172e+18 6.4192614441703496e+18 8.5443044231600166e+17 2.3051668181272282e+18
d 12.7895 12.7895 0 0 0 -1.1603665932485158e-06 0.1 0.1 1.1603665931698993e-06 0 0 0 7.0401202335763333e+18 26239784254811.559 1.4954522654375491 0 0 0 4.9068440416206612e+18 7.2431890890149107e+17 2.3051668181272172e+18 6.4192614441703496e+18 8.5443044231600166e+17 2.3051668181272282e+18
d 12.5395 12.5395 0 0 0 -1.1414720252591938e-06 0.1 0.1 1.1414720253869344e-06 0 0 0 6.8104417233458043e+18 26239784254811.559 1.4945077577140904 0 0 0 4.9068440416206612e+18 7.2431890890149107e+17 2.3051668181272172e+18 6.4192614441703496e+18 8.5443044231600166e+17 2.3051668181272282e+18
d 12.2895 12.2895 0 0 0 -1.1225778753639821e-06 0.1 0.1 1.1225778755326494e-06 0 0 0 6.582881578599979e+18 26239784254811.559 1.493539998082648 0 0 0 4.9068440416206612e+18 7.2431890890149107e+17 2.3051668181272172e+18 6.4192614441703496e+18 8.5443044231600166e+17 2.3051668181272282e+18
d 12.0395 12.0395 0 0 0 -1.1036842091067326e-06 0.1 0.1 1.1036842092182572e-06 0 0 0 6.3575060724399596e+18 26239784254811.559 1.4925479643814954 0 0 0 4.9068440416206612e+18 7.2431890890149107e+17 2.3051668181272172e+18 6.4192614441703496e+18 8.5443044231600166e+17 2.3051668181272282e+18
d 11.7895 11.7895 0 0 0 -1.0847910971298071e-06 0.1 0.1 1.0847910971849162e-06 0 0 0 6.1343840931207096e+18 26239784254811.559 1.4915305712738944 0 0 0 4.9068440416206612e+18 7.2431890890149107e+17 2.3051668181272172e+18 6.4192614441703496e+18 8.5443044231600166e+17 2.3051668181272282e+18
d 11.5395 11.5395 0 0 0 -1.0658986143416604e-06 0.1 0.1 1.0658986143980058e-06 0 0 0 5.9135872447764675e+18 26239784254811.559 1.490486665246334 0 0 0 4.9068440416206612e+18 7.2431890890149107e+17 2.3051668181272172e+18 6.4192614441703496e+18 8.5443044231600166e+17 2.3051668181272282e+18
d 11.2895 11.2895 0 0 0 -1.0470068412291231e-06 0.1 0.1 1.0470068412189388e-06 0 0 0 5.695189949047253e+18 26239784254811.559 1.489415019122597 0 0 0 4.9068440416206612e+18 7.2431890890149107e+17 2.3051668181272172e+18 6.4192614441703496e+18 8.5443044231600166e+17 2.3051668181272282e+18
d 11.0395 11.0395 0 0 0 -1.028115863918038e-06 0.1 0.1 1.0281158638756387e-06 0 0 0 5.4792695469438556e+18 26239784254811.559 1.4883143260377774 0 0 0 4.9068440416206612e+18 7.2431890890149107e+17 2.3051668181272172e+18 6.4192614441703496e+18 8.5443044231600166e+17 2.3051668181272282e+18
d 10.7895 10.7895 0 0 0 -1.0092257746361805e-06 0.1 0.1 1.0092257747423567e-06 0 0 0 5.2659064001433119e+18 26239784254811.559 1.4871831928088033 0 0 0 4.9068440416206612e+18 7.2431890890149107e+17 2.3051668181272172e+18 6.4192614441703496e+18 8.5443044231600166e+17 2.3051668181272282e+18
d 10.5395 10.5395 0 0 0 -9.903366728131744e-07 0.1 0.1 9.9033667256531478e-07 0 0 0 5.055183990735959e+18 26239784254811.559 1.4860201326292453 0 0 0 4.9068440416206612e+18 7.2431890890149107e+17 2.3051668181272172e+18 6.4192614441703496e+18 8.5443044231600166e+17 2.3051668181272282e+18
d 10.2895 10.2895 0 0 0 -9.714486643239188e-07 0.1 0.1 9.7144866438636355e-07 0 0 0 4.8471890182478029e+18 26239784254811.559 1.4848235570060209 0 0 0 4.9068440416206612e+18 7.2431890890149107e+17 2.3051668181272172e+18 6.4192614441703496e+18 8.5443044231600166e+17 2.3051668181272282e+18
d 10.0395 10.0395 0 0 0 -9.5256186408173385e-07 0.1 0.1 9.5256186414243519e-07 0 0 0 4.6420114925347891e+18 26239784254811.559 1.4835917668437599 0 0 0 4.9068440416206612e+18 7.2431890890149107e+17 2.3051668181272172e+18 6.4192614441703496e+18 8.5443044231600166e+17 2.3051668181272282e+18
d 9.7895000000000003 9.7895000000000003 0 0 0 -9.3367639487789954e-07 0.1 0.1 9.3367639501503164e-07 0 0 0 4.4397448208821381e+18 26239784254811.559 1.4823229425687758 0 0 0 4.9068440416206612e+18 7.2431890890149107e+17 2.3051668181272172e+18 6.4192614441703496e+18 8.5443044231600166e+17 2.3051668181272282e+18
d 9.5395000000000003 9.5395000000000003 0 0 0 -9.1479238948397603e-07 0.1 0.1 9.1479238953973473e-07 0 0 0 4.2404858873423565e+18 26239784254811.559 1.4810151331684076 0 0 0 4.9068440416206612e+18 7.2431890890149107e+17 2.3051668181272172e+18 6.4192614441703496e+18 8.5443044231600166e+17 2.3051668181272282e+18
d 9.2895000000000003 9.2895000000000003 0 0 0 -8.95909991035979e-07 0.1 0.1 8.9590999095907994e-07 0 0 0 4.0443351220014019e+18 26239784254811.559 1.4796662440025061 0 0 0 4.9068440416206612e+18 7.2431890890149107e+17 2.3051668181272172e+18 6.4192614441703496e+18 8.5443044231600166e+17 2.3051668181272282e+18
d 9.0395000000000003 9.0395000000000003 0 0 0 -8.7702935399038469e-07 0.1 0.1 8.7702935391961234e-07 0 0 0 3.8513965574719078e+18 26239784254811.559 1.4782740232214702 0 0 0 4.9068440416206612e+18 7.2431890890149107e+17 2.3051668181272172e+18 6.4192614441703496e+18 8.5443044231600166e+17 2.3051668181272282e+18
d 8.7895000000000003 8.7895000000000003 0 0 0 -8.5815064550653989e-07 0.1 0.1 8.581506456611864e-07 0 0 0 3.6617778694701102e+18 26239784254811.559 1.4768360465988213 0 0 0 4.9068440416206612e+18 7.2431890890149107e+17 2.3051668181272172e+18 6.4192614441703496e+18 8.5443044231600166e+17 2.3051668181272282e+18
d 8.5395000000000003 8.5395000000000003 0 0 0 -8.3927404667259735e-07 0.1 0.1 8.3927404678767778e-07 0 0 0 3.4755903978337649e+18 26239784254811.559 1.4753497005550051 0 0 0 4.9068440416206612e+18 7.2431890890149107e+17 2.3051668181272172e+18 6.4192614441703496e+18 8.5443044231600166e+17 2.3051668181272282e+18
d 8.2895000000000003 8.2895000000000003 0 0 0 -8.2039975368650503e-07 0.1 0.1 8.2039975362550034e-07 0 0 0 3.292949143779328e+18 26239784254811.559 1.4738121631119119 0 0 0 4.9068440416206612e+18 7.2431890890149107e+17 2.3051668181272172e+18 6.4192614441703496e+18 8.5443044231600166e+17 2.3051668181272282e+18
d 8.0395000000000003 8.0395000000000003 0 0 0 -8.0152797957295122e-07 0.1 0.1 8.0152797971878912e-07 0 0 0 3.1139727385721544e+18 26239784254811.559 1.4722203824732605 0 0 0 4.9068440416206612e+18 7.2431890890149107e+17 2.3051668181272172e+18 6.4192614441703496e+18 8.5443044231600166e+17 2.3051668181272282e+18
d 7.7895000000000003 7.7895000000000003 0 0 0 -7.8265895650321308e-07 0.1 0.1 7.8265895667167057e-07 0 0 0 2.9387833780920448e+18 26239784254811.559 1.4705710528729756 0 0 0 4.9068440416206612e+18 7.2431890890149107e+17 2.3051668181272172e+18 6.4192614441703496e+18 8.5443044231600166e+17 2.3051668181272282e+18
d 7.5395000000000003 7.5395000000000003 0 0 0 -7.6379293655647036e-07 0.1 0.1 7.6379293646681933e-07 0 0 0 2.7675067170141486e+18 26239784254811.559 1.4688605872701015 0 0 0 4.9068440416206612e+18 7.2431890890149107e+17 2.3051668181272172e+18 6.4192614441703496e+18 8.5443044231600166e+17 2.3051668181272282e+18
d 7.2895000000000003 7.2895000000000003 0 0 0 -7.4493019549084787e-07 0.1 0.1 7.4493019537936097e-07 0 0 0 2.6002717154924006e+18 26239784254811.559 1.4670850863923304 0 0 0 4.9068440416206612e+18 7.2431890890149107e+17 2.3051668181272172e+18 6.4192614441703496e+18 8.5443044231600166e+17 2.3051668181272282e+18
d 7.0395000000000003 7.0395000000000003 0 0 0 -7.2607103444310324e-07 0.1 0.1 7.2607103443864118e-07 0 0 0 2.4372104303292406e+18 26239784254811.559 1.4652403035380268 0 0 0 4.9068440416206612e+18 7.2431890890149107e+17 2.3051668181272172e+18 6.4192614441703496e+18 8.5443044231600166e+17 2.3051668181272282e+18
d 6.7895000000000003 6.7895000000000003 0 0 0 -7.0721578336190695e-07 0.1 0.1 7.0721578325141034e-07 0 0 0 2.2784577416429258e+18 26239784254811.559 1.4633216044351691 0 0 0 4.9068440416206612e+18 7.2431890890149107e+17 2.3051668181272172e+18 6.4192614441703496e+18 8.5443044231600166e+17 2.3051668181272282e+18
d 6.5395000000000003 6.5395000000000003 0 0 0 -6.8836480432169714e-07 0.1 0.1 6.8836480439535344e-07 0 0 0 2.1241510050085496e+18 26239784254811.559 1.4613239213206097 0 0 0 4.9068440416206612e+18 7.2431890890149107e+17 2.3051668181272172e+18 6.4192614441703496e+18 8.5443044231600166e+17 2.3051668181272282e+18
d 6.2895000000000003 6.2895000000000003 0 0 0 -6.6951849562495337e-07 0.1 0.1 6.6951849567209044e-07 0 0 0 1.9744296179550748e+18 26239784254811.559 1.4592417002391755 0 0 0 4.9068440416206612e+18 7.2431890890149107e+17 2.3051668181272172e+18 6.4192614441703496e+18 8.5443044231600166e+17 2.3051668181272282e+18
d 6.0395000000000003 6.0395000000000003 0 0 0 -6.5067729589657875e-07 0.1 0.1 6.5067729582744508e-07 0 0 0 1.8294344885578739e+18 26239784254811.559 1.4570688403629506 0 0 0 4.9068440416206612e+18 7.2431890890149107e+17 2.3051668181272172e+18 6.4192614441703496e+18 8.5443044231600166e+17 2.3051668181272282e+18
d 5.7895000000000003 5.7895000000000003 0 0 0 -6.3184169013407141e-07 0.1 0.1 6.3184169008870803e-07 0 0 0 1.6893073926818949e+18 26239784254811.559 1.45479862388879 0 0 0 4.9068440416206612e+18 7.2431890890149107e+17 2.3051668181272172e+18 6.4192614441703496e+18 8.5443044231600166e+17 2.3051668181272282e+18
d 5.5395000000000003 5.5395000000000003 0 0 0 -6.1301221507627208e-07 0.1 0.1 6.1301221495422173e-07 0 0 0 1.5541902052149734e+18 26239784254811.559 1.4524236347773472 0 0 0 4.9068440416206612e+18 7.2431890890149107e+17 2.3051668181272172e+18 6.4192614441703496e+18 8.5443044231600166e+17 2.3051668181272282e+18
d 5.2895000000000003 5.2895000000000003 0 0 0 -5.9418946693707093e-07 0.1 0.1 5.941894668673759e-07 0 0 0 1.4242239893867722e+18 26239784254811.559 1.449935664238627 0 0 0 4.9068440416206612e+18 7.2431890890149107e+17 2.3051668181272172e+18 6.4192614441703496e+18 8.5443044231600166e+17 2.3051668181272282e+18
d 5.0395000000000003 5.0395000000000003 0 0 0 -5.7537410951314624e-07 0.1 0.1 5.7537410932666485e-07 0 0 0 1.2995479270001116e+18 26239784254811.559 1.4473256004345048 0 0 0 4.9068440416206612e+18 7.2431890890149107e+17 2.3051668181272172e+18 6.4192614441703496e+18 8.5443044231600166e+17 2.3051668181272282e+18
d 4.7895000000000003 4.7895000000000003 0 0 0 -5.5656688363730519e-07 0.1 0.1 5.5656688354785989e-07 0 0 0 1.1802980710956726e+18 26239784254811.559 1.4445832993436303 0 0 0 4.9068440416206612e+18 7.2431890890149107e+17 2.3051668181272172e+18 6.4192614441703496e+18 8.5443044231600166e+17 2.3051668181272282e+18
d 4.5395000000000003 4.5395000000000003 0 0 0 -5.3776861953590075e-07 0.1 0.1 5.3776861950167236e-07 0 0 0 1.0666059012088893e+18 26239784254811.559 1.4416974331037362 0 0 0 4.9068440416206612e+18 7.2431890890149107e+17 2.3051668181272172e+18 6.4192614441703496e+18 8.5443044231600166e+17 2.3051668181272282e+18
d 4.2895000000000003 4.2895000000000003 0 0 0 -5.1898024943364049e-07 0.1 0.1 5.189802492897514e-07 0 0 0 9.5859665991996838e+17 26239784254811.559 1.4386553113967504 0 0 0 4.9068440416206612e+18 7.2431890890149107e+17 2.3051668181272172e+18 6.4192614441703496e+18 8.5443044231600166e+17 2.3051668181272282e+18
d 4.0395000000000003 4.0395000000000003 0 0 0 -5.0020282430862066e-07 0.1 0.1 5.0020282405824947e-07 0 0 0 8.5638744779146624e+17 26239784254811.559 1.4354426705637013 0 0 0 4.9068440416206612e+18 7.2431890890149107e+17 2.3051668181272172e+18 6.4192614441703496e+18 8.5443044231600166e+17 2.3051668181272282e+18
d 3.7895000000000003 3.7895000000000003 0 0 0 -4.8143753210912108e-07 0.1 0.1 4.814375319664171e-07 0 0 0 7.6008505197501645e+17 26239784254811.559 1.4320434241300717 0 0 0 4.9068440416206612e+18 7.2431890890149107e+17 2.3051668181272172e+18 6.4192614441703496e+18 8.5443044231600166e+17 2.3051668181272282e+18
d 3.5395000000000003 3.5395000000000003 0 0 0 -4.6268572162735825e-07 0.1 0.1 4.6268572141296357e-07 0 0 0 6.6978348171000077e+17 26239784254811.559 1.4284393673099318 0 0 0 4.9068440416206612e+18 7.2431890890149107e+17 2.3051668181272172e+18 6.4192614441703496e+18 8.5443044231600166e+17 2.3051668181272282e+18
d 3.2895000000000003 3.2895000000000003 0 0 0 -4.4394892801657017e-07 0.1 0.1 4.439489273398001e-07 0 0 0 5.8556118167167782e+17 26239784254811.559 1.4246098269002563 0 0 0 4.9068440416206612e+18 7.2431890890149107e+17 2.3051668181272172e+18 6.4192614441703496e+18 8.5443044231600166e+17 2.3051668181272282e+18
d 3.0395000000000003 3.0395000000000003 0 0 0 -4.2522890477958466e-07 0.1 0.1 4.2522890365466292e-07 0 0 0 5.0747789188359718e+17 26239784254811.559 1.4205312469065037 0 0 0 4.9068440416206612e+18 7.2431890890149107e+17 2.3051668181272172e+18 6.4192614441703496e+18 8.5443044231600166e+17 2.3051668181272282e+18
d 2.7895000000000003 2.7895000000000003 0 0 0 -4.065276620201432e-07 0.1 0.1 4.0652766025458603e-07 0 0 0 4.3557112130974349e+17 26239784254811.559 1.4161766995070237 0 0 0 4.9068440416206612e+18 7.2431890890149107e+17 2.3051668181272172e+18 6.4192614441703496e+18 8.5443044231600166e+17 2.3051668181272282e+18
d 2.5395000000000003 2.5395000000000003 0 0 0 -3.8784751110280105e-07 0.1 0.1 3.8784750778739275e-07 0 0 0 3.6985220264756198e+17 26239784254811.559 1.4115153110132619 0 0 0 4.9068440416206612e+18 7.2431890890149107e+17 2.3051668181272172e+18 6.4192614441703496e+18 8.5443044231600166e+17 2.3051668181272282e+18
d 2.2895000000000003 2.2895000000000003 0 0 0 -3.6919111487677556e-07 0.1 0.1 3.6919110897768443e-07 0 0 0 3.1030190092052941e+17 26239784254811.559 1.4065115940712625 0 0 0 4.9068440416206612e+18 7.2431890890149107e+17 2.3051668181272172e+18 6.4192614441703496e+18 8.5443044231600166e+17 2.3051668181272282e+18
d 2.0395000000000003 2.0395000000000003 0 0 0 -3.5056154954531716e-07 0.1 0.1 3.5056153961805507e-07 0 0 0 2.5686556305138954e+17 26239784254811.559 1.401124681701861 0 0 0 4.9068440416206612e+18 7.2431890890149107e+17 2.3051668181272172e+18 6.4192614441703496e+18 8.5443044231600166e+17 2.3051668181272282e+18
d 1.7895000000000003 1.7895000000000003 0 0 0 -3.3196236515870445e-07 0.1 0.1 3.3196236519821097e-07 0 0 0 2.0944782789222643e+17 26239784254811.559 1.3953074677727562 0 0 0 4.9068440416206612e+18 7.2431890890149107e+17 2.3051668181272172e+18 6.4192614441703496e+18 8.5443044231600166e+17 2.3051668181272282e+18
d 1.5395000000000003 1.5395000000000003 0 0 0 -3.133976844208641e-07 0.1 0.1 3.1339768433737492e-07 0 0 0 1.679069792277376e+17 26239784254811.559 1.3890056748276318 0 0 0 4.9068440416206612e+18 7.2431890890149107e+17 2.3051668181272172e+18 6.4192614441703496e+18 8.5443044231600166e+17 2.3051668181272282e+18
d 1.2895000000000003 1.2895000000000003 0 0 0 -2.9487224988031515e-07 0.1 0.1 2.9487225001384396e-07 0 0 0 1.3204913707017392e+17 26239784254811.559 1.3821568972998095 0 0 0 4.9068440416206612e+18 7.2431890890149107e+17 2.3051668181272172e+18 6.4192614441703496e+18 8.5443044231600166e+17 2.3051668181272282e+18
d 1.0395000000000003 1.0395000000000003 0 0 0 -2.7639152095254367e-07 0.1 0.1 2.7639152091952167e-07 0 0 0 1.0162266955187934e+17 26239784254811.559 1.3746897094726747 0 0 0 4.9068440416206612e+18 7.2431890890149107e+17 2.3051668181272172e+18 6.4192614441703496e+18 8.5443044231600166e+17 2.3051668181272282e+18
d 0.78950000000000031 0.78950000000000031 0 0 0 -2.5796173198429182e-07 0.1 0.1 2.5796173200533832e-07 0 0 0 76313493070649648 26239784254811.559 1.3665229843712028 0 0 0 4.9068440416206612e+18 7.2431890890149107e+17 2.3051668181272172e+18 6.4192614441703496e+18 8.5443044231600166e+17 2.3051668181272282e+18
d 0.53950000000000031 0.53950000000000031 0 0 0 -2.3958993040930914e-07 0.1 0.1 2.39589930464933e-07 0 0 0 55742319628239464 26239784254811.559 1.3575656361174868 0 0 0 4.9068440416206612e+18 7.2431890890149107e+17 2.3051668181272172e+18 6.4192614441703496e+18 8.5443044231600166e+17 2.3051668181272282e+18
d 0.28950000000000031 0.28950000000000031 0 0 0 -2.2128396169807964e-07 0.1 0.1 2.2128396171901435e-07 0 0 0 39465364196974864 26239784254811.559 1.3477170518254789 0 0 0 4.9068440416206612e+18 7.2431890890149107e+17 2.3051668181272172e+18 6.4192614441703496e+18 8.5443044231600166e+17 2.3051668181272282e+18
d 0.039500000000000313 0.039500000000000313 0 0 0 -2.0305238334104969e-07 0.1 0.1 2.0305238330069068e-07 0 0 0 26980394015768132 26239784254811.559 1.3368684685698593 0 0 0 4.9068440416206612e+18 7.2431890890149107e+17 2.3051668181272172e+18 6.4192614441703496e+18 8.5443044231600166e+17 2.3051668181272282e+18
d -0.21049999999999969 -0.21049999999999969 0 0 0 -1.8490429114848376e-07 0.1 0.1 1.8490429118524899e-07 0 0 0 17739985838187060 26239784254811.559 1.3249053867169336 0 0 0 4.9068440416206612e+18 7.2431890890149107e+17 2.3051668181272172e+18 6.4192614441703496e+18 8.5443044231600166e+17 2.3051668181272282e+18
d -0.46049999999999969 -0.46049999999999969 0 0 0 -1.6684907663250478e-07 0.1 0.1 1.6684907653344954e-07 0 0 0 11173033854559348 26239784254811.559 1.3117106748496772 0 0 0 4.9068440416206612e+18 7.2431890890149107e+17 2.3051668181272172e+18 6.4192614441703496e+18 8.5443044231600166e+17 2.3051668181272282e+18
d -0.71049999999999969 -0.71049999999999969 0 0 0 -1.4889618675649486e-07 0.1 0.1 1.4889618674054738e-07 0 0 0 6713600619808285 26239784254811.559 1.2971672127104064 0 0 0 4.9068440416206612e+18 7.2431890890149107e+17 2.3051668181272172e+18 6.4192614441703496e+18 8.5443044231600166e+17 2.3051668181272282e+18
d -0.96049999999999969 -0.96049999999999969 0 0 0 -1.3105505774641075e-07 0.1 0.1 1.3105505775248835e-07 0 0 0 3833359954641613.5 26239784254811.559 1.2811577102725527 0 0 0 4.9068440416206612e+18 7.2431890890149107e+17 2.3051668181272172e+18 6.4192614441703496e+18 8.5443044231600166e+17 2.3051668181272282e+18
d -1.2104999999999997 -1.2104999999999997 0 0 0 -1.1333548589802044e-07 0.1 0.1 1.1333548599711443e-07 0 0 0 2071311334243871.8 26239784254811.559 1.2635577109340472 0 0 0 4.9068440416206612e+18 7.2431890890149107e+17 2.3051668181272172e+18 6.4192614441703496e+18 8.5443044231600166e+17 2.3051668181272282e+18
d -1.4604999999999997 -1.4604999999999997 0 0 0 -9.5748849416057476e-08 0.1 0.1 9.5748849161757962e-08 0 0 0 1053913797696762.9 26239784254811.559 1.2442152092082075 0 0 0 4.9068440416206612e+18 7.2431890890149107e+17 2.3051668181272172e+18 6.4192614441703496e+18 8.5443044231600166e+17 2.3051668181272282e+18
d -1.7104999999999997 -1.7104999999999997 0 0 0 -7.8310870746551768e-08 0.1 0.1 7.8310870832887971e-08 0 0 0 501331422329274.12 26239784254811.559 1.2229041701905374 0 0 0 4.9068440416206612e+18 7.2431890890149107e+17 2.3051668181272172e+18 6.4192614441703496e+18 8.5443044231600166e+17 2.3051668181272282e+18
d -1.9604999999999997 -1.9604999999999997 0 0 0 -6.1047489806858629e-08 0.1 0.1 6.1047489566253626e-08 0 0 0 220126429819078.94 26239784254811.559 1.1992196486523667 0 0 0 4.9068440416206612e+18 7.2431890890149107e+17 2.3051668181272172e+18 6.4192614441703496e+18 8.5443044231600166e+17 2.3051668181272282e+18
d -2.2104999999999997 -2.2104999999999997 0 0 0 -4.4008559748608866e-08 0.1 0.1 4.4008559794005868e-08 0 0 0 86893664780567.188 26239784254811.559 1.1723082723524001 0 0 0 4.9068440416206612e+18 7.2431890890149107e+17 2.3051668181272172e+18 6.4192614441703496e+18 8.5443044231600166e+17 2.3051668181272282e+18
d -2.4604999999999997 -2.4604999999999997 0 0 0 -2.730843639473919e-08 0.1 0.1 2.7308436434447175e-08 0 0 0 28870921866777.438 26239784254811.559 1.1399694397731162 0 0 0 4.9068440416206612e+18 7.2431890890149107e+17 2.3051668181272172e+18 6.4192614441703496e+18 8.5443044231600166e+17 2.3051668181272282e+18
d -2.7104999999999997 -2.7104999999999997 0 0 0 -1.1331019480030403e-08 0.1 0.1 1.1331019406408804e-08 0 0 0 6412273138679.9971 26239784254811.559 1.0938504190632434 0 0 0 4.9068440416206612e+18 7.2431890890149107e+17 2.3051668181272172e+18 6.4192614441703496e+18 8.5443044231600166e+17 2.3051668181272282e+18
d -2.9604999999999997 -2.9604999999999997 0 0 0 -4.0023299058999821e-10 0.1 0.1 4.002329949620875e-10 0 0 0 202332653748.25156 26239784254811.559 0.97457227456442563 0 0 0 4.9068440416206612e+18 7.2431890890149107e+17 2.3051668181272172e+18 6.4192614441703496e+18 8.5443044231600166e+17 2.3051668181272282e+18
d -3.2104999999999997 -3.2104999999999997 0 0 0 -8.3821133617137846e-14 0.1 0.1 8.3880669627576783e-14 0 0 0 44093550.748318486 26239784254811.559 0.73097261663168955 0 0 0 4.9068440416206612e+18 7.2431890890149107e+17 2.3051668181272172e+18 6.4192614441703496e+18 8.5443044231600166e+17 2.3051668181272282e+18
d -3.4604999999999997 -3.4604999999999997 0 0 0 -1.3925321244635595e-17 0.1 0.1 1.2275953111737181e-17 0 0 0 6715.8620395809376 26239784254811.559 0.48097403928022331 0 0 0 4.9068440416206612e+18 7.2431890890149107e+17 2.3051668181272172e+18 6.4192614441703496e+18 8.5443044231600166e+17 2.3051668181272282e+18
d -3.7104999999999997 -3.7104999999999997 0 0 0 -2.3208332196226414e-17 0.1 0.1 -5.9083944963302013e-17 0 0 0 1.0219535086448559 26239784254811.559 0.2309740395918618 0 0 0 4.9068440416206612e+18 7.2431890890149107e+17 2.3051668181272172e+18 6.4192614441703496e+18 8.5443044231600166e+17 2.3051668181272282e+18
d -3.9604999999999997 -3.9604999999999997 0 0 0 4.5251798325933354e-17 0.1 0.1 3.79799741352309e-17 0 0 0 0.00016605072266884227 26239784254811.559 -0.019025960313137524 0 0 0 4.9068440416206612e+18 7.2431890890149107e+17 2.3051668181272172e+18 6.4192614441703496e+18 8.5443044231600166e+17 2.3051668181272282e+18
d -4.2104999999999997 -4.2104999999999997 0 0 0 1.8249346322382679e-17 0.1 0.1 -2.5856619372427097e-17 0 0 0 14848.000020756337 26239784254811.559 -0.26902596021815484 0 0 0 4.9068440416206612e+18 7.2431890890149107e+17 2.3051668181272172e+18 6.4192614441703496e+18 8.5443044231600166e+17 2.3051668181272282e+18
d -4.4604999999999997 -4.4604999999999997 0 0 0 3.8304592813874917e-17 0.1 0.1 -4.6622073470159744e-17 0 0 0 928.00000129727152 26239784254811.559 -0.51902596011154634 0 0 0 4.9068440416206612e+18 7.2431890890149107e+17 2.3051668181272172e+18 6.4192614441703496e+18 8.5443044231600166e+17 2.3051668181272282e+18
d -4.7104999999999997 -4.7104999999999997 0 0 0 -1.3529317674925052e-17 0.1 0.1 3.9251413829763441e-17 0 0 0 58.000000081079449 26239784254811.559 -0.76902595883704805 0 0 0 4.9068440416206612e+18 7.2431890890149107e+17 2.3051668181272172e+18 6.4192614441703496e+18 8.5443044231600166e+17 2.3051668181272282e+18
d -4.9604999999999997 -4.9604999999999997 0 0 0 5.3360968699214347e-17 0.1 0.1 -2.4445857913270175e-17 0 0 0 1.0134932004746125e-08 26239784254811.559 -1.0190181472708821 0 0 0 4.9068440416206612e+18 7.2431890890149107e+17 2.3051668181272172e+18 6.4192614441703496e+18 8.5443044231600166e+17 2.3051668181272282e+18
d -5 -5 0 0 0 -1.6669010160731473e-17 0.1 0.1 5.0277449312175408e-18 0 0 0 2.5337330011865308e-09 26239784254811.559 -1.0584946498574297 0 0 0 4.9068440416206612e+18 7.2431890890149107e+17 2.3051668181272172e+18 6.4192614441703496e+18 8.5443044231600166e+17 2.3051668181272282e+18
Q 2 13 "Voltage #01"
Q 3 13 "Voltage #02"
Q 4 13 "Voltage #03"
Q 20 13 "Current #01"
Q 21 13 "Current #02"
Q 22 13 "Current #03"
Q 92 21 Contact
Q 601 13 "Int. Voltage #01"
Q 602 13 "Int. Voltage #02"
Q 603 13 "Int. Voltage #03"
Q 3000 13 "trap electron capture rate (per cc per s)"
Q 3001 13 "trap hole capture rate (per cc per s)"
Q 3002 13 "H trapping rate (per cc per s)"
Q 3003 13 "e- conc. (per cc)"
Q 3004 13 "H Conc (per cc)"
Q 3005 13 "potential (V)"
Q 3006 13 "IGZO reaction rate (per cc per s)"
Q 3007 13 "IGZO- reaction rate (per cc per s)"
Q 3008 13 "IGZOH reaction rate (per cc per s)"
Q 3009 13 "IGZO Conc (per cc)"
Q 3010 13 "IGZO- Conc (per cc)"
Q 3011 13 "IGZOH Conc (per cc)"
Q 3012 13 "Max IGZO"
Q 3013 13 "Max IGZO-"
Q 3014 13 "Max IGZOH"
EOF 1868160346
