v ATLAS
# This file was created by ATLAS version 5.26.1.R on Mon Apr 16 17:28:35 2018.
#SSF 2.0 generic
##############################################################################
#                    Copyright (c) 1984 - 2018                               #
#                    Silvaco Inc. All rights reserved                        #
#                                                                            #
# This file format and the following Key are copyright Silvaco Inc.          #
# You may not use, this format or key without reproducing this message in    #
# full and obtaining express written permission from Silvaco Inc.            #
#                                                                            #
# To obtain such permission please contact: Silvaco Inc.                     #
#                                           support@silvaco.com              #
#                                                                            #
# KEY=SVC86hn7562asdx                       PROD=345                         #
##############################################################################
y 1 15
z 300
f 3 "substrate" "#2" "#3" 
Q 495 13 "External Quantum Eff."
Q 496 13 "Internal Quantum Eff."
Q 398 13 "Specular Reflectance"
Q 497 13 "Tot. Cross Section [um]"
o 1 Gp
p 25 91 4000 4010 4020 85 86 87 308 354 355 356 495 496 398 497 2 601 20 3 602 21 4 603 22 3000 
d 1.000000000e-03 4.150000000e-01 3.347173430e-11 6.899242896e-12 6.899242896e-12 3.347173430e-11 4.150000000e-01 9.000000000e+01 7.231230677e-01 2.768769323e-01 3.018938995e-32 2.061214646e-05 7.425928414e-05 7.231230677e-01 0.000000000e+00 0.000000000e+00 0.000000000e+00 1.513239527e-20 0.000000000e+00 0.000000000e+00 0.000000000e+00 0.000000000e+00 0.000000000e+00 0.000000000e+00 1.669796084e+12 
d 1.000000000e-03 4.725000000e-01 3.810938424e-11 1.128043925e-11 1.128043925e-11 3.810938424e-11 4.725000000e-01 9.000000000e+01 6.493006913e-01 3.506993087e-01 8.310338398e-14 2.960016141e-05 8.464581426e-05 6.493006913e-01 0.000000000e+00 0.000000000e+00 0.000000000e+00 -1.791946241e-21 0.000000000e+00 0.000000000e+00 0.000000000e+00 0.000000000e+00 0.000000000e+00 0.000000000e+00 8.864883722e+11 
d 1.000000000e-03 5.325000000e-01 4.294867112e-11 1.505743649e-11 1.505743649e-11 4.294867112e-11 5.325000000e-01 9.000000000e+01 5.963943722e-01 4.035776686e-01 2.795923082e-05 3.505914408e-05 8.495500006e-05 5.963943722e-01 0.000000000e+00 0.000000000e+00 0.000000000e+00 1.197336505e-20 0.000000000e+00 0.000000000e+00 0.000000000e+00 0.000000000e+00 0.000000000e+00 0.000000000e+00 4.221562621e+11 
d 1.000000000e-03 5.800000000e-01 4.677977324e-11 1.714865783e-11 1.714865783e-11 4.677977324e-11 5.800000000e-01 9.000000000e+01 5.586551250e-01 4.393988500e-01 1.946024935e-03 3.665827481e-05 8.357641728e-05 5.586551250e-01 0.000000000e+00 0.000000000e+00 0.000000000e+00 -6.314945597e-21 0.000000000e+00 0.000000000e+00 0.000000000e+00 0.000000000e+00 0.000000000e+00 0.000000000e+00 2.992935826e+11 
d 1.000000000e-03 6.050000000e-01 4.879614278e-11 1.842006089e-11 1.842006089e-11 4.879614278e-11 6.050000000e-01 9.000000000e+01 5.165485956e-01 4.792694815e-01 4.181922831e-03 3.774901016e-05 8.010258972e-05 5.165485956e-01 0.000000000e+00 0.000000000e+00 0.000000000e+00 -1.284252831e-21 0.000000000e+00 0.000000000e+00 0.000000000e+00 0.000000000e+00 0.000000000e+00 0.000000000e+00 2.785087127e+11 
d 1.000000000e-03 6.350000000e-01 5.121578622e-11 1.932067906e-11 1.932067906e-11 5.121578622e-11 6.350000000e-01 9.000000000e+01 5.392764262e-01 4.475162329e-01 1.320734088e-02 3.772407004e-05 8.480477974e-05 5.392764262e-01 0.000000000e+00 0.000000000e+00 0.000000000e+00 -1.011312309e-21 0.000000000e+00 0.000000000e+00 0.000000000e+00 0.000000000e+00 0.000000000e+00 0.000000000e+00 2.482063224e+11 
