v ATLAS
# This file was created by ATLAS version 5.26.1.R on Mon Apr 16 16:45:28 2018.
#SSF 2.0 generic
##############################################################################
#                    Copyright (c) 1984 - 2018                               #
#                    Silvaco Inc. All rights reserved                        #
#                                                                            #
# This file format and the following Key are copyright Silvaco Inc.          #
# You may not use, this format or key without reproducing this message in    #
# full and obtaining express written permission from Silvaco Inc.            #
#                                                                            #
# To obtain such permission please contact: Silvaco Inc.                     #
#                                           support@silvaco.com              #
#                                                                            #
# KEY=SVC86hn7562asdx                       PROD=345                         #
##############################################################################
y 1 15
z 300
f 3 "substrate" "#2" "#3" 
Q 495 13 "External Quantum Eff."
Q 496 13 "Internal Quantum Eff."
Q 398 13 "Specular Reflectance"
Q 497 13 "Tot. Cross Section [um]"
o 1 Gp
p 25 91 4000 4010 4020 85 86 87 308 354 355 356 495 496 398 497 2 601 20 3 602 21 4 603 22 3000 
d 1.000000000e-03 4.150000000e-01 3.347173430e-11 6.506861518e-12 6.506861518e-12 3.347173430e-11 4.150000000e-01 9.000000000e+01 7.069146575e-01 2.930853425e-01 2.930976401e-32 1.943986965e-05 6.699260006e-05 7.069146575e-01 0.000000000e+00 0.000000000e+00 0.000000000e+00 1.142053577e-20 0.000000000e+00 0.000000000e+00 0.000000000e+00 0.000000000e+00 0.000000000e+00 0.000000000e+00 4.671663291e+11 
d 1.000000000e-03 4.725000000e-01 3.810938424e-11 9.191764404e-12 9.191764404e-12 3.810938424e-11 4.725000000e-01 9.000000000e+01 6.753904861e-01 3.246095139e-01 6.861320627e-14 2.411942514e-05 7.321188931e-05 6.753904861e-01 0.000000000e+00 0.000000000e+00 0.000000000e+00 -8.403494248e-21 0.000000000e+00 0.000000000e+00 0.000000000e+00 0.000000000e+00 0.000000000e+00 0.000000000e+00 4.315891902e+11 
d 1.000000000e-03 5.325000000e-01 4.294867112e-11 1.294870448e-11 1.294870448e-11 4.294867112e-11 5.325000000e-01 9.000000000e+01 5.931043047e-01 4.068696497e-01 2.604561900e-05 3.014925525e-05 7.391197049e-05 5.931043047e-01 0.000000000e+00 0.000000000e+00 0.000000000e+00 -6.034820559e-21 0.000000000e+00 0.000000000e+00 0.000000000e+00 0.000000000e+00 0.000000000e+00 0.000000000e+00 2.527415156e+11 
d 1.000000000e-03 5.800000000e-01 4.677977324e-11 1.471076655e-11 1.471076655e-11 4.677977324e-11 5.800000000e-01 9.000000000e+01 5.644162886e-01 4.337504383e-01 1.833273115e-03 3.144685305e-05 7.382192253e-05 5.644162886e-01 0.000000000e+00 0.000000000e+00 0.000000000e+00 5.290711821e-21 0.000000000e+00 0.000000000e+00 0.000000000e+00 0.000000000e+00 0.000000000e+00 0.000000000e+00 1.816098329e+11 
d 1.000000000e-03 6.050000000e-01 4.879614278e-11 1.558785480e-11 1.558785480e-11 4.879614278e-11 6.050000000e-01 9.000000000e+01 5.284555876e-01 4.676484309e-01 3.895981510e-03 3.194485037e-05 7.066277718e-05 5.284555876e-01 0.000000000e+00 0.000000000e+00 0.000000000e+00 -2.816490209e-21 0.000000000e+00 0.000000000e+00 0.000000000e+00 0.000000000e+00 0.000000000e+00 0.000000000e+00 1.809290721e+11 
d 1.000000000e-03 6.350000000e-01 5.121578622e-11 1.662997770e-11 1.662997770e-11 5.121578622e-11 6.350000000e-01 9.000000000e+01 5.641028153e-01 4.252381332e-01 1.065905154e-02 3.247041376e-05 7.437620422e-05 5.641028153e-01 0.000000000e+00 0.000000000e+00 0.000000000e+00 -1.189837919e-21 0.000000000e+00 0.000000000e+00 0.000000000e+00 0.000000000e+00 0.000000000e+00 0.000000000e+00 1.604205573e+11 
