v ATLAS
# This file was created by ATLAS version 5.26.1.R on Wed Apr 18 12:18:14 2018.
#SSF 2.0 generic
##############################################################################
#                    Copyright (c) 1984 - 2018                               #
#                    Silvaco Inc. All rights reserved                        #
#                                                                            #
# This file format and the following Key are copyright Silvaco Inc.          #
# You may not use, this format or key without reproducing this message in    #
# full and obtaining express written permission from Silvaco Inc.            #
#                                                                            #
# To obtain such permission please contact: Silvaco Inc.                     #
#                                           support@silvaco.com              #
#                                                                            #
# KEY=SVC86hn7562asdx                       PROD=345                         #
##############################################################################
y 3 700 711 15
z 3 0.000985656 300
f 3 "source" "gate" "drain" 
p 10 2 601 20 3 602 21 4 603 22 82 
d 0.000000000e+00 0.000000000e+00 -1.310944384e-01 2.000000000e+00 2.000000000e+00 1.730259560e-01 0.000000000e+00 0.000000000e+00 -4.193151758e-02 3.002208051e+02 
d 0.000000000e+00 0.000000000e+00 -1.316493933e-01 2.000000000e+00 2.000000000e+00 1.582399422e-01 1.000000000e-01 1.000000000e-01 -2.659054892e-02 3.002800096e+02 
d 0.000000000e+00 0.000000000e+00 -1.351677255e-01 2.000000000e+00 2.000000000e+00 1.028439636e-01 5.000000000e-01 5.000000000e-01 3.232376186e-02 3.003326944e+02 
d 0.000000000e+00 0.000000000e+00 -1.438825397e-01 2.000000000e+00 2.000000000e+00 4.857034206e-02 1.000000000e+00 1.000000000e+00 9.531219766e-02 3.003941616e+02 
d 0.000000000e+00 0.000000000e+00 -1.611785812e-01 2.000000000e+00 2.000000000e+00 1.454735259e-02 1.500000000e+00 1.500000000e+00 1.466312286e-01 3.004830858e+02 
d 0.000000000e+00 0.000000000e+00 -1.904082066e-01 2.000000000e+00 2.000000000e+00 2.044890310e-03 2.000000000e+00 2.000000000e+00 1.883633163e-01 3.006221360e+02 
d 0.000000000e+00 0.000000000e+00 -2.233895052e-01 2.000000000e+00 2.000000000e+00 2.137121048e-04 2.500000000e+00 2.500000000e+00 2.231757931e-01 3.008186337e+02 
d 0.000000000e+00 0.000000000e+00 -2.504007006e-01 2.000000000e+00 2.000000000e+00 2.885697544e-05 3.000000000e+00 3.000000000e+00 2.503718436e-01 3.018954814e+02 
d 0.000000000e+00 0.000000000e+00 -2.714268961e-01 2.000000000e+00 2.000000000e+00 5.523748165e-06 3.500000000e+00 3.500000000e+00 2.714213724e-01 3.036226501e+02 
d 0.000000000e+00 0.000000000e+00 -2.874377165e-01 2.000000000e+00 2.000000000e+00 1.486395761e-06 4.000000000e+00 4.000000000e+00 2.874362301e-01 3.054707934e+02 
d 0.000000000e+00 0.000000000e+00 -2.987230800e-01 2.000000000e+00 2.000000000e+00 5.615962777e-07 4.500000000e+00 4.500000000e+00 2.987225184e-01 3.074484013e+02 
d 0.000000000e+00 0.000000000e+00 -3.056704060e-01 2.000000000e+00 2.000000000e+00 2.946138836e-07 5.000000000e+00 5.000000000e+00 3.056701114e-01 3.095380120e+02 
d 0.000000000e+00 0.000000000e+00 -3.088187425e-01 2.000000000e+00 2.000000000e+00 2.088633671e-07 5.500000000e+00 5.500000000e+00 3.088185336e-01 3.117653259e+02 
d 0.000000000e+00 0.000000000e+00 -3.090753059e-01 2.000000000e+00 2.000000000e+00 1.882070872e-07 6.000000000e+00 6.000000000e+00 3.090751177e-01 3.141751377e+02 
d 0.000000000e+00 0.000000000e+00 -3.076997273e-01 2.000000000e+00 2.000000000e+00 1.960070069e-07 6.500000000e+00 6.500000000e+00 3.076995313e-01 3.168048970e+02 
d 0.000000000e+00 0.000000000e+00 -3.069552057e-01 2.000000000e+00 2.000000000e+00 2.032912078e-07 6.625000000e+00 6.625000000e+00 3.069550024e-01 3.175559636e+02 
d 0.000000000e+00 0.000000000e+00 -3.061149976e-01 2.000000000e+00 2.000000000e+00 2.128871042e-07 6.687500000e+00 6.687500000e+00 3.061147847e-01 3.181367013e+02 
d 0.000000000e+00 0.000000000e+00 -3.053931319e-01 2.000000000e+00 2.000000000e+00 2.213843054e-07 6.750000000e+00 6.750000000e+00 3.053929105e-01 3.186557478e+02 
d 0.000000000e+00 0.000000000e+00 -3.045973093e-01 2.000000000e+00 2.000000000e+00 2.303218148e-07 7.000000000e+00 7.000000000e+00 3.045970790e-01 3.198812653e+02 
d 0.000000000e+00 0.000000000e+00 -3.032978196e-01 2.000000000e+00 2.000000000e+00 2.484586360e-07 7.500000000e+00 7.500000000e+00 3.032975711e-01 3.222553460e+02 
d 0.000000000e+00 0.000000000e+00 -3.012235100e-01 2.000000000e+00 2.000000000e+00 2.847114671e-07 8.000000000e+00 8.000000000e+00 3.012232253e-01 3.250137444e+02 
d 0.000000000e+00 0.000000000e+00 -2.991562499e-01 2.000000000e+00 2.000000000e+00 3.275706342e-07 8.500000000e+00 8.500000000e+00 2.991559223e-01 3.277159399e+02 
d 0.000000000e+00 0.000000000e+00 -2.974979046e-01 2.000000000e+00 2.000000000e+00 3.672490881e-07 9.000000000e+00 9.000000000e+00 2.974975373e-01 3.301580798e+02 
d 0.000000000e+00 0.000000000e+00 -2.952619958e-01 2.000000000e+00 2.000000000e+00 4.297848418e-07 9.500000000e+00 9.500000000e+00 2.952615660e-01 3.329265210e+02 
d 0.000000000e+00 0.000000000e+00 -2.934900947e-01 2.000000000e+00 2.000000000e+00 4.871433039e-07 1.000000000e+01 1.000000000e+01 2.934896076e-01 3.353706969e+02 
d 0.000000000e+00 0.000000000e+00 -2.912155862e-01 2.000000000e+00 2.000000000e+00 5.728406568e-07 1.050000000e+01 1.050000000e+01 2.912150134e-01 3.381102752e+02 
d 0.000000000e+00 0.000000000e+00 -2.894797105e-01 2.000000000e+00 2.000000000e+00 6.480779941e-07 1.100000000e+01 1.100000000e+01 2.894790624e-01 3.405138055e+02 
d 0.000000000e+00 0.000000000e+00 -2.877215374e-01 2.000000000e+00 2.000000000e+00 7.345830040e-07 1.150000000e+01 1.150000000e+01 2.877208028e-01 3.429628668e+02 
d 0.000000000e+00 0.000000000e+00 -2.855881083e-01 2.000000000e+00 2.000000000e+00 8.550247826e-07 1.200000000e+01 1.200000000e+01 2.855872532e-01 3.456309941e+02 
d 0.000000000e+00 0.000000000e+00 -2.839885671e-01 2.000000000e+00 2.000000000e+00 9.572590794e-07 1.250000000e+01 1.250000000e+01 2.839876098e-01 3.479558281e+02 
d 0.000000000e+00 0.000000000e+00 -2.823445518e-01 2.000000000e+00 2.000000000e+00 1.075318958e-06 1.300000000e+01 1.300000000e+01 2.823434765e-01 3.503172872e+02 
d 0.000000000e+00 0.000000000e+00 -2.806881933e-01 2.000000000e+00 2.000000000e+00 1.209111342e-06 1.350000000e+01 1.350000000e+01 2.806869841e-01 3.526755713e+02 
d 0.000000000e+00 0.000000000e+00 -2.790332951e-01 2.000000000e+00 2.000000000e+00 1.359335019e-06 1.400000000e+01 1.400000000e+01 2.790319358e-01 3.550172954e+02 
d 0.000000000e+00 0.000000000e+00 -2.773882913e-01 2.000000000e+00 2.000000000e+00 1.526910042e-06 1.450000000e+01 1.450000000e+01 2.773867644e-01 3.573359870e+02 
d 0.000000000e+00 0.000000000e+00 -2.757586103e-01 2.000000000e+00 2.000000000e+00 1.712943266e-06 1.500000000e+01 1.500000000e+01 2.757568973e-01 3.596284368e+02 
