v ATLAS
# This file was created by ATLAS version 5.26.1.R on Thu Apr 19 09:58:26 2018.
#SSF 2.0 generic
##############################################################################
#                    Copyright (c) 1984 - 2018                               #
#                    Silvaco Inc. All rights reserved                        #
#                                                                            #
# This file format and the following Key are copyright Silvaco Inc.          #
# You may not use, this format or key without reproducing this message in    #
# full and obtaining express written permission from Silvaco Inc.            #
#                                                                            #
# To obtain such permission please contact: Silvaco Inc.                     #
#                                           support@silvaco.com              #
#                                                                            #
# KEY=SVC86hn7562asdx                       PROD=345                         #
##############################################################################
y 1 15
z 300
f 2 "anode" "cathode" 
p 17 91 4000 4010 4020 85 86 87 308 354 355 356 2 601 20 3 602 21 
d 9.986937771e-02 6.230000000e-01 1.397148851e-09 1.085656445e-09 1.085656445e-09 1.397148851e-09 3.205833333e-01 9.000000000e+01 0.000000000e+00 9.435987345e-01 5.640126553e-02 0.000000000e+00 0.000000000e+00 -6.815061187e-10 0.000000000e+00 0.000000000e+00 6.815061194e-10 
d 9.986937771e-02 6.230000000e-01 1.397148851e-09 1.085656445e-09 1.085656445e-09 1.397148851e-09 3.205833333e-01 9.000000000e+01 0.000000000e+00 9.435987345e-01 5.640126553e-02 1.000000000e-02 1.000000000e-02 -6.812934621e-10 0.000000000e+00 0.000000000e+00 6.812934626e-10 
d 9.986937771e-02 6.230000000e-01 1.397148851e-09 1.085656445e-09 1.085656445e-09 1.397148851e-09 3.205833333e-01 9.000000000e+01 0.000000000e+00 9.435987345e-01 5.640126553e-02 2.000000000e-02 2.000000000e-02 -6.810790407e-10 0.000000000e+00 0.000000000e+00 6.810790409e-10 
d 9.986937771e-02 6.230000000e-01 1.397148851e-09 1.085656445e-09 1.085656445e-09 1.397148851e-09 3.205833333e-01 9.000000000e+01 0.000000000e+00 9.435987345e-01 5.640126553e-02 3.000000000e-02 3.000000000e-02 -6.808626866e-10 0.000000000e+00 0.000000000e+00 6.808626863e-10 
d 9.986937771e-02 6.230000000e-01 1.397148851e-09 1.085656445e-09 1.085656445e-09 1.397148851e-09 3.205833333e-01 9.000000000e+01 0.000000000e+00 9.435987345e-01 5.640126553e-02 4.000000000e-02 4.000000000e-02 -6.806442190e-10 0.000000000e+00 0.000000000e+00 6.806442196e-10 
d 9.986937771e-02 6.230000000e-01 1.397148851e-09 1.085656445e-09 1.085656445e-09 1.397148851e-09 3.205833333e-01 9.000000000e+01 0.000000000e+00 9.435987345e-01 5.640126553e-02 5.000000000e-02 5.000000000e-02 -6.804234405e-10 0.000000000e+00 0.000000000e+00 6.804234401e-10 
d 9.986937771e-02 6.230000000e-01 1.397148851e-09 1.085656445e-09 1.085656445e-09 1.397148851e-09 3.205833333e-01 9.000000000e+01 0.000000000e+00 9.435987345e-01 5.640126553e-02 6.000000000e-02 6.000000000e-02 -6.802001362e-10 0.000000000e+00 0.000000000e+00 6.802001359e-10 
d 9.986937771e-02 6.230000000e-01 1.397148851e-09 1.085656445e-09 1.085656445e-09 1.397148851e-09 3.205833333e-01 9.000000000e+01 0.000000000e+00 9.435987345e-01 5.640126553e-02 7.000000000e-02 7.000000000e-02 -6.799740718e-10 0.000000000e+00 0.000000000e+00 6.799740714e-10 
d 9.986937771e-02 6.230000000e-01 1.397148851e-09 1.085656445e-09 1.085656445e-09 1.397148851e-09 3.205833333e-01 9.000000000e+01 0.000000000e+00 9.435987345e-01 5.640126553e-02 8.000000000e-02 8.000000000e-02 -6.797449926e-10 0.000000000e+00 0.000000000e+00 6.797449925e-10 
d 9.986937771e-02 6.230000000e-01 1.397148851e-09 1.085656445e-09 1.085656445e-09 1.397148851e-09 3.205833333e-01 9.000000000e+01 0.000000000e+00 9.435987345e-01 5.640126553e-02 9.000000000e-02 9.000000000e-02 -6.795126216e-10 0.000000000e+00 0.000000000e+00 6.795126219e-10 
d 9.986937771e-02 6.230000000e-01 1.397148851e-09 1.085656445e-09 1.085656445e-09 1.397148851e-09 3.205833333e-01 9.000000000e+01 0.000000000e+00 9.435987345e-01 5.640126553e-02 1.000000000e-01 1.000000000e-01 -6.792766591e-10 0.000000000e+00 0.000000000e+00 6.792766590e-10 
d 9.986937771e-02 6.230000000e-01 1.397148851e-09 1.085656445e-09 1.085656445e-09 1.397148851e-09 3.205833333e-01 9.000000000e+01 0.000000000e+00 9.435987345e-01 5.640126553e-02 1.100000000e-01 1.100000000e-01 -6.790367822e-10 0.000000000e+00 0.000000000e+00 6.790367822e-10 
d 9.986937771e-02 6.230000000e-01 1.397148851e-09 1.085656445e-09 1.085656445e-09 1.397148851e-09 3.205833333e-01 9.000000000e+01 0.000000000e+00 9.435987345e-01 5.640126553e-02 1.200000000e-01 1.200000000e-01 -6.787926451e-10 0.000000000e+00 0.000000000e+00 6.787926449e-10 
d 9.986937771e-02 6.230000000e-01 1.397148851e-09 1.085656445e-09 1.085656445e-09 1.397148851e-09 3.205833333e-01 9.000000000e+01 0.000000000e+00 9.435987345e-01 5.640126553e-02 1.300000000e-01 1.300000000e-01 -6.785438806e-10 0.000000000e+00 0.000000000e+00 6.785438803e-10 
d 9.986937771e-02 6.230000000e-01 1.397148851e-09 1.085656445e-09 1.085656445e-09 1.397148851e-09 3.205833333e-01 9.000000000e+01 0.000000000e+00 9.435987345e-01 5.640126553e-02 1.400000000e-01 1.400000000e-01 -6.782901019e-10 0.000000000e+00 0.000000000e+00 6.782901016e-10 
d 9.986937771e-02 6.230000000e-01 1.397148851e-09 1.085656445e-09 1.085656445e-09 1.397148851e-09 3.205833333e-01 9.000000000e+01 0.000000000e+00 9.435987345e-01 5.640126553e-02 1.500000000e-01 1.500000000e-01 -6.780309064e-10 0.000000000e+00 0.000000000e+00 6.780309073e-10 
d 9.986937771e-02 6.230000000e-01 1.397148851e-09 1.085656445e-09 1.085656445e-09 1.397148851e-09 3.205833333e-01 9.000000000e+01 0.000000000e+00 9.435987345e-01 5.640126553e-02 1.600000000e-01 1.600000000e-01 -6.777658788e-10 0.000000000e+00 0.000000000e+00 6.777658782e-10 
d 9.986937771e-02 6.230000000e-01 1.397148851e-09 1.085656445e-09 1.085656445e-09 1.397148851e-09 3.205833333e-01 9.000000000e+01 0.000000000e+00 9.435987345e-01 5.640126553e-02 1.700000000e-01 1.700000000e-01 -6.774945947e-10 0.000000000e+00 0.000000000e+00 6.774945949e-10 
d 9.986937771e-02 6.230000000e-01 1.397148851e-09 1.085656445e-09 1.085656445e-09 1.397148851e-09 3.205833333e-01 9.000000000e+01 0.000000000e+00 9.435987345e-01 5.640126553e-02 1.800000000e-01 1.800000000e-01 -6.772166227e-10 0.000000000e+00 0.000000000e+00 6.772166217e-10 
d 9.986937771e-02 6.230000000e-01 1.397148851e-09 1.085656445e-09 1.085656445e-09 1.397148851e-09 3.205833333e-01 9.000000000e+01 0.000000000e+00 9.435987345e-01 5.640126553e-02 1.900000000e-01 1.900000000e-01 -6.769315248e-10 0.000000000e+00 0.000000000e+00 6.769315252e-10 
d 9.986937771e-02 6.230000000e-01 1.397148851e-09 1.085656445e-09 1.085656445e-09 1.397148851e-09 3.205833333e-01 9.000000000e+01 0.000000000e+00 9.435987345e-01 5.640126553e-02 2.000000000e-01 2.000000000e-01 -6.766388532e-10 0.000000000e+00 0.000000000e+00 6.766388544e-10 
d 9.986937771e-02 6.230000000e-01 1.397148851e-09 1.085656445e-09 1.085656445e-09 1.397148851e-09 3.205833333e-01 9.000000000e+01 0.000000000e+00 9.435987345e-01 5.640126553e-02 2.100000000e-01 2.100000000e-01 -6.763381428e-10 0.000000000e+00 0.000000000e+00 6.763381425e-10 
d 9.986937771e-02 6.230000000e-01 1.397148851e-09 1.085656445e-09 1.085656445e-09 1.397148851e-09 3.205833333e-01 9.000000000e+01 0.000000000e+00 9.435987345e-01 5.640126553e-02 2.200000000e-01 2.200000000e-01 -6.760289005e-10 0.000000000e+00 0.000000000e+00 6.760289005e-10 
d 9.986937771e-02 6.230000000e-01 1.397148851e-09 1.085656445e-09 1.085656445e-09 1.397148851e-09 3.205833333e-01 9.000000000e+01 0.000000000e+00 9.435987345e-01 5.640126553e-02 2.300000000e-01 2.300000000e-01 -6.757105913e-10 0.000000000e+00 0.000000000e+00 6.757105910e-10 
d 9.986937771e-02 6.230000000e-01 1.397148851e-09 1.085656445e-09 1.085656445e-09 1.397148851e-09 3.205833333e-01 9.000000000e+01 0.000000000e+00 9.435987345e-01 5.640126553e-02 2.400000000e-01 2.400000000e-01 -6.753826225e-10 0.000000000e+00 0.000000000e+00 6.753826213e-10 
d 9.986937771e-02 6.230000000e-01 1.397148851e-09 1.085656445e-09 1.085656445e-09 1.397148851e-09 3.205833333e-01 9.000000000e+01 0.000000000e+00 9.435987345e-01 5.640126553e-02 2.500000000e-01 2.500000000e-01 -6.750443301e-10 0.000000000e+00 0.000000000e+00 6.750443299e-10 
d 9.986937771e-02 6.230000000e-01 1.397148851e-09 1.085656445e-09 1.085656445e-09 1.397148851e-09 3.205833333e-01 9.000000000e+01 0.000000000e+00 9.435987345e-01 5.640126553e-02 2.600000000e-01 2.600000000e-01 -6.746949660e-10 0.000000000e+00 0.000000000e+00 6.746949654e-10 
d 9.986937771e-02 6.230000000e-01 1.397148851e-09 1.085656445e-09 1.085656445e-09 1.397148851e-09 3.205833333e-01 9.000000000e+01 0.000000000e+00 9.435987345e-01 5.640126553e-02 2.700000000e-01 2.700000000e-01 -6.743336921e-10 0.000000000e+00 0.000000000e+00 6.743336917e-10 
d 9.986937771e-02 6.230000000e-01 1.397148851e-09 1.085656445e-09 1.085656445e-09 1.397148851e-09 3.205833333e-01 9.000000000e+01 0.000000000e+00 9.435987345e-01 5.640126553e-02 2.800000000e-01 2.800000000e-01 -6.739595772e-10 0.000000000e+00 0.000000000e+00 6.739595771e-10 
d 9.986937771e-02 6.230000000e-01 1.397148851e-09 1.085656445e-09 1.085656445e-09 1.397148851e-09 3.205833333e-01 9.000000000e+01 0.000000000e+00 9.435987345e-01 5.640126553e-02 2.900000000e-01 2.900000000e-01 -6.735716010e-10 0.000000000e+00 0.000000000e+00 6.735716008e-10 
d 9.986937771e-02 6.230000000e-01 1.397148851e-09 1.085656445e-09 1.085656445e-09 1.397148851e-09 3.205833333e-01 9.000000000e+01 0.000000000e+00 9.435987345e-01 5.640126553e-02 3.000000000e-01 3.000000000e-01 -6.731686613e-10 0.000000000e+00 0.000000000e+00 6.731686619e-10 
d 9.986937771e-02 6.230000000e-01 1.397148851e-09 1.085656445e-09 1.085656445e-09 1.397148851e-09 3.205833333e-01 9.000000000e+01 0.000000000e+00 9.435987345e-01 5.640126553e-02 3.100000000e-01 3.100000000e-01 -6.727495844e-10 0.000000000e+00 0.000000000e+00 6.727495849e-10 
d 9.986937771e-02 6.230000000e-01 1.397148851e-09 1.085656445e-09 1.085656445e-09 1.397148851e-09 3.205833333e-01 9.000000000e+01 0.000000000e+00 9.435987345e-01 5.640126553e-02 3.200000000e-01 3.200000000e-01 -6.723131357e-10 0.000000000e+00 0.000000000e+00 6.723131359e-10 
d 9.986937771e-02 6.230000000e-01 1.397148851e-09 1.085656445e-09 1.085656445e-09 1.397148851e-09 3.205833333e-01 9.000000000e+01 0.000000000e+00 9.435987345e-01 5.640126553e-02 3.300000000e-01 3.300000000e-01 -6.718580289e-10 0.000000000e+00 0.000000000e+00 6.718580285e-10 
d 9.986937771e-02 6.230000000e-01 1.397148851e-09 1.085656445e-09 1.085656445e-09 1.397148851e-09 3.205833333e-01 9.000000000e+01 0.000000000e+00 9.435987345e-01 5.640126553e-02 3.400000000e-01 3.400000000e-01 -6.713829269e-10 0.000000000e+00 0.000000000e+00 6.713829263e-10 
d 9.986937771e-02 6.230000000e-01 1.397148851e-09 1.085656445e-09 1.085656445e-09 1.397148851e-09 3.205833333e-01 9.000000000e+01 0.000000000e+00 9.435987345e-01 5.640126553e-02 3.500000000e-01 3.500000000e-01 -6.708864322e-10 0.000000000e+00 0.000000000e+00 6.708864316e-10 
d 9.986937771e-02 6.230000000e-01 1.397148851e-09 1.085656445e-09 1.085656445e-09 1.397148851e-09 3.205833333e-01 9.000000000e+01 0.000000000e+00 9.435987345e-01 5.640126553e-02 3.600000000e-01 3.600000000e-01 -6.703670536e-10 0.000000000e+00 0.000000000e+00 6.703670529e-10 
d 9.986937771e-02 6.230000000e-01 1.397148851e-09 1.085656445e-09 1.085656445e-09 1.397148851e-09 3.205833333e-01 9.000000000e+01 0.000000000e+00 9.435987345e-01 5.640126553e-02 3.700000000e-01 3.700000000e-01 -6.698231422e-10 0.000000000e+00 0.000000000e+00 6.698231425e-10 
d 9.986937771e-02 6.230000000e-01 1.397148851e-09 1.085656445e-09 1.085656445e-09 1.397148851e-09 3.205833333e-01 9.000000000e+01 0.000000000e+00 9.435987345e-01 5.640126553e-02 3.800000000e-01 3.800000000e-01 -6.692527787e-10 0.000000000e+00 0.000000000e+00 6.692527791e-10 
d 9.986937771e-02 6.230000000e-01 1.397148851e-09 1.085656445e-09 1.085656445e-09 1.397148851e-09 3.205833333e-01 9.000000000e+01 0.000000000e+00 9.435987345e-01 5.640126553e-02 3.900000000e-01 3.900000000e-01 -6.686535948e-10 0.000000000e+00 0.000000000e+00 6.686535962e-10 
d 9.986937771e-02 6.230000000e-01 1.397148851e-09 1.085656445e-09 1.085656445e-09 1.397148851e-09 3.205833333e-01 9.000000000e+01 0.000000000e+00 9.435987345e-01 5.640126553e-02 4.000000000e-01 4.000000000e-01 -6.680225036e-10 0.000000000e+00 0.000000000e+00 6.680225031e-10 
d 9.986937771e-02 6.230000000e-01 1.397148851e-09 1.085656445e-09 1.085656445e-09 1.397148851e-09 3.205833333e-01 9.000000000e+01 0.000000000e+00 9.435987345e-01 5.640126553e-02 4.100000000e-01 4.100000000e-01 -6.673553084e-10 0.000000000e+00 0.000000000e+00 6.673553076e-10 
d 9.986937771e-02 6.230000000e-01 1.397148851e-09 1.085656445e-09 1.085656445e-09 1.397148851e-09 3.205833333e-01 9.000000000e+01 0.000000000e+00 9.435987345e-01 5.640126553e-02 4.200000000e-01 4.200000000e-01 -6.666461476e-10 0.000000000e+00 0.000000000e+00 6.666461485e-10 
d 9.986937771e-02 6.230000000e-01 1.397148851e-09 1.085656445e-09 1.085656445e-09 1.397148851e-09 3.205833333e-01 9.000000000e+01 0.000000000e+00 9.435987345e-01 5.640126553e-02 4.300000000e-01 4.300000000e-01 -6.658867168e-10 0.000000000e+00 0.000000000e+00 6.658867160e-10 
d 9.986937771e-02 6.230000000e-01 1.397148851e-09 1.085656445e-09 1.085656445e-09 1.397148851e-09 3.205833333e-01 9.000000000e+01 0.000000000e+00 9.435987345e-01 5.640126553e-02 4.400000000e-01 4.400000000e-01 -6.650651819e-10 0.000000000e+00 0.000000000e+00 6.650651807e-10 
d 9.986937771e-02 6.230000000e-01 1.397148851e-09 1.085656445e-09 1.085656445e-09 1.397148851e-09 3.205833333e-01 9.000000000e+01 0.000000000e+00 9.435987345e-01 5.640126553e-02 4.500000000e-01 4.500000000e-01 -6.641646594e-10 0.000000000e+00 0.000000000e+00 6.641646586e-10 
d 9.986937771e-02 6.230000000e-01 1.397148851e-09 1.085656445e-09 1.085656445e-09 1.397148851e-09 3.205833333e-01 9.000000000e+01 0.000000000e+00 9.435987345e-01 5.640126553e-02 4.600000000e-01 4.600000000e-01 -6.631610777e-10 0.000000000e+00 0.000000000e+00 6.631610769e-10 
d 9.986937771e-02 6.230000000e-01 1.397148851e-09 1.085656445e-09 1.085656445e-09 1.397148851e-09 3.205833333e-01 9.000000000e+01 0.000000000e+00 9.435987345e-01 5.640126553e-02 4.700000000e-01 4.700000000e-01 -6.620201526e-10 0.000000000e+00 0.000000000e+00 6.620201520e-10 
d 9.986937771e-02 6.230000000e-01 1.397148851e-09 1.085656445e-09 1.085656445e-09 1.397148851e-09 3.205833333e-01 9.000000000e+01 0.000000000e+00 9.435987345e-01 5.640126553e-02 4.800000000e-01 4.800000000e-01 -6.606930838e-10 0.000000000e+00 0.000000000e+00 6.606930832e-10 
d 9.986937771e-02 6.230000000e-01 1.397148851e-09 1.085656445e-09 1.085656445e-09 1.397148851e-09 3.205833333e-01 9.000000000e+01 0.000000000e+00 9.435987345e-01 5.640126553e-02 4.900000000e-01 4.900000000e-01 -6.591104088e-10 0.000000000e+00 0.000000000e+00 6.591104076e-10 
d 9.986937771e-02 6.230000000e-01 1.397148851e-09 1.085656445e-09 1.085656445e-09 1.397148851e-09 3.205833333e-01 9.000000000e+01 0.000000000e+00 9.435987345e-01 5.640126553e-02 5.000000000e-01 5.000000000e-01 -6.571732013e-10 0.000000000e+00 0.000000000e+00 6.571732007e-10 
d 9.986937771e-02 6.230000000e-01 1.397148851e-09 1.085656445e-09 1.085656445e-09 1.397148851e-09 3.205833333e-01 9.000000000e+01 0.000000000e+00 9.435987345e-01 5.640126553e-02 5.100000000e-01 5.100000000e-01 -6.547404509e-10 0.000000000e+00 0.000000000e+00 6.547404508e-10 
d 9.986937771e-02 6.230000000e-01 1.397148851e-09 1.085656445e-09 1.085656445e-09 1.397148851e-09 3.205833333e-01 9.000000000e+01 0.000000000e+00 9.435987345e-01 5.640126553e-02 5.200000000e-01 5.200000000e-01 -6.516109684e-10 0.000000000e+00 0.000000000e+00 6.516109672e-10 
d 9.986937771e-02 6.230000000e-01 1.397148851e-09 1.085656445e-09 1.085656445e-09 1.397148851e-09 3.205833333e-01 9.000000000e+01 0.000000000e+00 9.435987345e-01 5.640126553e-02 5.300000000e-01 5.300000000e-01 -6.474974713e-10 0.000000000e+00 0.000000000e+00 6.474974708e-10 
d 9.986937771e-02 6.230000000e-01 1.397148851e-09 1.085656445e-09 1.085656445e-09 1.397148851e-09 3.205833333e-01 9.000000000e+01 0.000000000e+00 9.435987345e-01 5.640126553e-02 5.400000000e-01 5.400000000e-01 -6.419895501e-10 0.000000000e+00 0.000000000e+00 6.419895503e-10 
d 9.986937771e-02 6.230000000e-01 1.397148851e-09 1.085656445e-09 1.085656445e-09 1.397148851e-09 3.205833333e-01 9.000000000e+01 0.000000000e+00 9.435987345e-01 5.640126553e-02 5.500000000e-01 5.500000000e-01 -6.345009255e-10 0.000000000e+00 0.000000000e+00 6.345009257e-10 
d 9.986937771e-02 6.230000000e-01 1.397148851e-09 1.085656445e-09 1.085656445e-09 1.397148851e-09 3.205833333e-01 9.000000000e+01 0.000000000e+00 9.435987345e-01 5.640126553e-02 5.600000000e-01 5.600000000e-01 -6.241946739e-10 0.000000000e+00 0.000000000e+00 6.241946733e-10 
d 9.986937771e-02 6.230000000e-01 1.397148851e-09 1.085656445e-09 1.085656445e-09 1.397148851e-09 3.205833333e-01 9.000000000e+01 0.000000000e+00 9.435987345e-01 5.640126553e-02 5.700000000e-01 5.700000000e-01 -6.098778722e-10 0.000000000e+00 0.000000000e+00 6.098778707e-10 
d 9.986937771e-02 6.230000000e-01 1.397148851e-09 1.085656445e-09 1.085656445e-09 1.397148851e-09 3.205833333e-01 9.000000000e+01 0.000000000e+00 9.435987345e-01 5.640126553e-02 5.800000000e-01 5.800000000e-01 -5.898543445e-10 0.000000000e+00 0.000000000e+00 5.898543457e-10 
d 9.986937771e-02 6.230000000e-01 1.397148851e-09 1.085656445e-09 1.085656445e-09 1.397148851e-09 3.205833333e-01 9.000000000e+01 0.000000000e+00 9.435987345e-01 5.640126553e-02 5.900000000e-01 5.900000000e-01 -5.617210500e-10 0.000000000e+00 0.000000000e+00 5.617210490e-10 
d 9.986937771e-02 6.230000000e-01 1.397148851e-09 1.085656445e-09 1.085656445e-09 1.397148851e-09 3.205833333e-01 9.000000000e+01 0.000000000e+00 9.435987345e-01 5.640126553e-02 6.000000000e-01 6.000000000e-01 -5.220906387e-10 0.000000000e+00 0.000000000e+00 5.220906382e-10 
d 9.986937771e-02 6.230000000e-01 1.397148851e-09 1.085656445e-09 1.085656445e-09 1.397148851e-09 3.205833333e-01 9.000000000e+01 0.000000000e+00 9.435987345e-01 5.640126553e-02 6.100000000e-01 6.100000000e-01 -4.662211015e-10 0.000000000e+00 0.000000000e+00 4.662211007e-10 
d 9.986937771e-02 6.230000000e-01 1.397148851e-09 1.085656445e-09 1.085656445e-09 1.397148851e-09 3.205833333e-01 9.000000000e+01 0.000000000e+00 9.435987345e-01 5.640126553e-02 6.200000000e-01 6.200000000e-01 -3.875355758e-10 0.000000000e+00 0.000000000e+00 3.875355762e-10 
d 9.986937771e-02 6.230000000e-01 1.397148851e-09 1.085656445e-09 1.085656445e-09 1.397148851e-09 3.205833333e-01 9.000000000e+01 0.000000000e+00 9.435987345e-01 5.640126553e-02 6.300000000e-01 6.300000000e-01 -2.770239307e-10 0.000000000e+00 0.000000000e+00 2.770239299e-10 
d 9.986937771e-02 6.230000000e-01 1.397148851e-09 1.085656445e-09 1.085656445e-09 1.397148851e-09 3.205833333e-01 9.000000000e+01 0.000000000e+00 9.435987345e-01 5.640126553e-02 6.400000000e-01 6.400000000e-01 -1.225318296e-10 0.000000000e+00 0.000000000e+00 1.225318301e-10 
d 9.986937771e-02 6.230000000e-01 1.397148851e-09 1.085656445e-09 1.085656445e-09 1.397148851e-09 3.205833333e-01 9.000000000e+01 0.000000000e+00 9.435987345e-01 5.640126553e-02 6.500000000e-01 6.500000000e-01 9.205190236e-11 0.000000000e+00 0.000000000e+00 -9.205190281e-11 
d 9.986937771e-02 6.230000000e-01 1.397148851e-09 1.085656445e-09 1.085656445e-09 1.397148851e-09 3.205833333e-01 9.000000000e+01 0.000000000e+00 9.435987345e-01 5.640126553e-02 6.600000000e-01 6.600000000e-01 3.877438509e-10 0.000000000e+00 0.000000000e+00 -3.877438516e-10 
d 9.986937771e-02 6.230000000e-01 1.397148851e-09 1.085656445e-09 1.085656445e-09 1.397148851e-09 3.205833333e-01 9.000000000e+01 0.000000000e+00 9.435987345e-01 5.640126553e-02 6.700000000e-01 6.700000000e-01 7.917491927e-10 0.000000000e+00 0.000000000e+00 -7.917491926e-10 
d 9.986937771e-02 6.230000000e-01 1.397148851e-09 1.085656445e-09 1.085656445e-09 1.397148851e-09 3.205833333e-01 9.000000000e+01 0.000000000e+00 9.435987345e-01 5.640126553e-02 6.800000000e-01 6.800000000e-01 1.339624740e-09 0.000000000e+00 0.000000000e+00 -1.339624739e-09 
d 9.986937771e-02 6.230000000e-01 1.397148851e-09 1.085656445e-09 1.085656445e-09 1.397148851e-09 3.205833333e-01 9.000000000e+01 0.000000000e+00 9.435987345e-01 5.640126553e-02 6.900000000e-01 6.900000000e-01 2.079381093e-09 0.000000000e+00 0.000000000e+00 -2.079381093e-09 
d 9.986937771e-02 6.230000000e-01 1.397148851e-09 1.085656445e-09 1.085656445e-09 1.397148851e-09 3.205833333e-01 9.000000000e+01 0.000000000e+00 9.435987345e-01 5.640126553e-02 7.000000000e-01 7.000000000e-01 3.079081081e-09 0.000000000e+00 0.000000000e+00 -3.079081081e-09 
d 9.986937771e-02 6.230000000e-01 1.397148851e-09 1.085656445e-09 1.085656445e-09 1.397148851e-09 3.205833333e-01 9.000000000e+01 0.000000000e+00 9.435987345e-01 5.640126553e-02 7.100000000e-01 7.100000000e-01 4.439532613e-09 0.000000000e+00 0.000000000e+00 -4.439532613e-09 
d 9.986937771e-02 6.230000000e-01 1.397148851e-09 1.085656445e-09 1.085656445e-09 1.397148851e-09 3.205833333e-01 9.000000000e+01 0.000000000e+00 9.435987345e-01 5.640126553e-02 7.200000000e-01 7.200000000e-01 6.312728297e-09 0.000000000e+00 0.000000000e+00 -6.312728298e-09 
d 9.986937771e-02 6.230000000e-01 1.397148851e-09 1.085656445e-09 1.085656445e-09 1.397148851e-09 3.205833333e-01 9.000000000e+01 0.000000000e+00 9.435987345e-01 5.640126553e-02 7.300000000e-01 7.300000000e-01 8.925041191e-09 0.000000000e+00 0.000000000e+00 -8.925041191e-09 
d 9.986937771e-02 6.230000000e-01 1.397148851e-09 1.085656445e-09 1.085656445e-09 1.397148851e-09 3.205833333e-01 9.000000000e+01 0.000000000e+00 9.435987345e-01 5.640126553e-02 7.400000000e-01 7.400000000e-01 1.260352233e-08 0.000000000e+00 0.000000000e+00 -1.260352233e-08 
d 9.986937771e-02 6.230000000e-01 1.397148851e-09 1.085656445e-09 1.085656445e-09 1.397148851e-09 3.205833333e-01 9.000000000e+01 0.000000000e+00 9.435987345e-01 5.640126553e-02 7.500000000e-01 7.500000000e-01 1.780455759e-08 0.000000000e+00 0.000000000e+00 -1.780455759e-08 
d 9.986937771e-02 6.230000000e-01 1.397148851e-09 1.085656445e-09 1.085656445e-09 1.397148851e-09 3.205833333e-01 9.000000000e+01 0.000000000e+00 9.435987345e-01 5.640126553e-02 7.600000000e-01 7.600000000e-01 2.514391474e-08 0.000000000e+00 0.000000000e+00 -2.514391474e-08 
d 9.986937771e-02 6.230000000e-01 1.397148851e-09 1.085656445e-09 1.085656445e-09 1.397148851e-09 3.205833333e-01 9.000000000e+01 0.000000000e+00 9.435987345e-01 5.640126553e-02 7.700000000e-01 7.700000000e-01 3.542378391e-08 0.000000000e+00 0.000000000e+00 -3.542378391e-08 
d 9.986937771e-02 6.230000000e-01 1.397148851e-09 1.085656445e-09 1.085656445e-09 1.397148851e-09 3.205833333e-01 9.000000000e+01 0.000000000e+00 9.435987345e-01 5.640126553e-02 7.800000000e-01 7.800000000e-01 4.964783735e-08 0.000000000e+00 0.000000000e+00 -4.964783735e-08 
d 9.986937771e-02 6.230000000e-01 1.397148851e-09 1.085656445e-09 1.085656445e-09 1.397148851e-09 3.205833333e-01 9.000000000e+01 0.000000000e+00 9.435987345e-01 5.640126553e-02 7.900000000e-01 7.900000000e-01 6.901343731e-08 0.000000000e+00 0.000000000e+00 -6.901343731e-08 
d 9.986937771e-02 6.230000000e-01 1.397148851e-09 1.085656445e-09 1.085656445e-09 1.397148851e-09 3.205833333e-01 9.000000000e+01 0.000000000e+00 9.435987345e-01 5.640126553e-02 8.000000000e-01 8.000000000e-01 9.487388098e-08 0.000000000e+00 0.000000000e+00 -9.487388099e-08 
d 9.986937771e-02 6.230000000e-01 1.397148851e-09 1.085656445e-09 1.085656445e-09 1.397148851e-09 3.205833333e-01 9.000000000e+01 0.000000000e+00 9.435987345e-01 5.640126553e-02 8.100000000e-01 8.100000000e-01 1.286730825e-07 0.000000000e+00 0.000000000e+00 -1.286730825e-07 
d 9.986937771e-02 6.230000000e-01 1.397148851e-09 1.085656445e-09 1.085656445e-09 1.397148851e-09 3.205833333e-01 9.000000000e+01 0.000000000e+00 9.435987345e-01 5.640126553e-02 8.200000000e-01 8.200000000e-01 1.718657133e-07 0.000000000e+00 0.000000000e+00 -1.718657133e-07 
d 9.986937771e-02 6.230000000e-01 1.397148851e-09 1.085656445e-09 1.085656445e-09 1.397148851e-09 3.205833333e-01 9.000000000e+01 0.000000000e+00 9.435987345e-01 5.640126553e-02 8.300000000e-01 8.300000000e-01 2.258406276e-07 0.000000000e+00 0.000000000e+00 -2.258406276e-07 
d 9.986937771e-02 6.230000000e-01 1.397148851e-09 1.085656445e-09 1.085656445e-09 1.397148851e-09 3.205833333e-01 9.000000000e+01 0.000000000e+00 9.435987345e-01 5.640126553e-02 8.400000000e-01 8.400000000e-01 2.918616603e-07 0.000000000e+00 0.000000000e+00 -2.918616603e-07 
d 9.986937771e-02 6.230000000e-01 1.397148851e-09 1.085656445e-09 1.085656445e-09 1.397148851e-09 3.205833333e-01 9.000000000e+01 0.000000000e+00 9.435987345e-01 5.640126553e-02 8.500000000e-01 8.500000000e-01 3.710315319e-07 0.000000000e+00 0.000000000e+00 -3.710315319e-07 
d 9.986937771e-02 6.230000000e-01 1.397148851e-09 1.085656445e-09 1.085656445e-09 1.397148851e-09 3.205833333e-01 9.000000000e+01 0.000000000e+00 9.435987345e-01 5.640126553e-02 8.600000000e-01 8.600000000e-01 4.642774290e-07 0.000000000e+00 0.000000000e+00 -4.642774290e-07 
d 9.986937771e-02 6.230000000e-01 1.397148851e-09 1.085656445e-09 1.085656445e-09 1.397148851e-09 3.205833333e-01 9.000000000e+01 0.000000000e+00 9.435987345e-01 5.640126553e-02 8.700000000e-01 8.700000000e-01 5.723533385e-07 0.000000000e+00 0.000000000e+00 -5.723533385e-07 
d 9.986937771e-02 6.230000000e-01 1.397148851e-09 1.085656445e-09 1.085656445e-09 1.397148851e-09 3.205833333e-01 9.000000000e+01 0.000000000e+00 9.435987345e-01 5.640126553e-02 8.800000000e-01 8.800000000e-01 6.958536031e-07 0.000000000e+00 0.000000000e+00 -6.958536031e-07 
d 9.986937771e-02 6.230000000e-01 1.397148851e-09 1.085656445e-09 1.085656445e-09 1.397148851e-09 3.205833333e-01 9.000000000e+01 0.000000000e+00 9.435987345e-01 5.640126553e-02 8.900000000e-01 8.900000000e-01 8.352328466e-07 0.000000000e+00 0.000000000e+00 -8.352328466e-07 
d 9.986937771e-02 6.230000000e-01 1.397148851e-09 1.085656445e-09 1.085656445e-09 1.397148851e-09 3.205833333e-01 9.000000000e+01 0.000000000e+00 9.435987345e-01 5.640126553e-02 9.000000000e-01 9.000000000e-01 9.908284669e-07 0.000000000e+00 0.000000000e+00 -9.908284669e-07 
d 9.986937771e-02 6.230000000e-01 1.397148851e-09 1.085656445e-09 1.085656445e-09 1.397148851e-09 3.205833333e-01 9.000000000e+01 0.000000000e+00 9.435987345e-01 5.640126553e-02 9.100000000e-01 9.100000000e-01 1.162882966e-06 0.000000000e+00 0.000000000e+00 -1.162882966e-06 
d 9.986937771e-02 6.230000000e-01 1.397148851e-09 1.085656445e-09 1.085656445e-09 1.397148851e-09 3.205833333e-01 9.000000000e+01 0.000000000e+00 9.435987345e-01 5.640126553e-02 9.200000000e-01 9.200000000e-01 1.351564357e-06 0.000000000e+00 0.000000000e+00 -1.351564357e-06 
d 9.986937771e-02 6.230000000e-01 1.397148851e-09 1.085656445e-09 1.085656445e-09 1.397148851e-09 3.205833333e-01 9.000000000e+01 0.000000000e+00 9.435987345e-01 5.640126553e-02 9.300000000e-01 9.300000000e-01 1.556983703e-06 0.000000000e+00 0.000000000e+00 -1.556983703e-06 
d 9.986937771e-02 6.230000000e-01 1.397148851e-09 1.085656445e-09 1.085656445e-09 1.397148851e-09 3.205833333e-01 9.000000000e+01 0.000000000e+00 9.435987345e-01 5.640126553e-02 9.400000000e-01 9.400000000e-01 1.779209454e-06 0.000000000e+00 0.000000000e+00 -1.779209454e-06 
d 9.986937771e-02 6.230000000e-01 1.397148851e-09 1.085656445e-09 1.085656445e-09 1.397148851e-09 3.205833333e-01 9.000000000e+01 0.000000000e+00 9.435987345e-01 5.640126553e-02 9.500000000e-01 9.500000000e-01 2.018278656e-06 0.000000000e+00 0.000000000e+00 -2.018278656e-06 
d 9.986937771e-02 6.230000000e-01 1.397148851e-09 1.085656445e-09 1.085656445e-09 1.397148851e-09 3.205833333e-01 9.000000000e+01 0.000000000e+00 9.435987345e-01 5.640126553e-02 9.600000000e-01 9.600000000e-01 2.274205364e-06 0.000000000e+00 0.000000000e+00 -2.274205364e-06 
d 9.986937771e-02 6.230000000e-01 1.397148851e-09 1.085656445e-09 1.085656445e-09 1.397148851e-09 3.205833333e-01 9.000000000e+01 0.000000000e+00 9.435987345e-01 5.640126553e-02 9.700000000e-01 9.700000000e-01 2.546986677e-06 0.000000000e+00 0.000000000e+00 -2.546986677e-06 
d 9.986937771e-02 6.230000000e-01 1.397148851e-09 1.085656445e-09 1.085656445e-09 1.397148851e-09 3.205833333e-01 9.000000000e+01 0.000000000e+00 9.435987345e-01 5.640126553e-02 9.800000000e-01 9.800000000e-01 2.836606853e-06 0.000000000e+00 0.000000000e+00 -2.836606853e-06 
d 9.986937771e-02 6.230000000e-01 1.397148851e-09 1.085656445e-09 1.085656445e-09 1.397148851e-09 3.205833333e-01 9.000000000e+01 0.000000000e+00 9.435987345e-01 5.640126553e-02 9.900000000e-01 9.900000000e-01 3.143039947e-06 0.000000000e+00 0.000000000e+00 -3.143039947e-06 
d 9.986937771e-02 6.230000000e-01 1.397148851e-09 1.085656445e-09 1.085656445e-09 1.397148851e-09 3.205833333e-01 9.000000000e+01 0.000000000e+00 9.435987345e-01 5.640126553e-02 1.000000000e+00 1.000000000e+00 3.466251322e-06 0.000000000e+00 0.000000000e+00 -3.466251322e-06 
