v ATLAS
# This file was created by ATLAS version 5.26.1.R on Tue Apr 17 08:05:39 2018.
#SSF 2.0 generic
##############################################################################
#                    Copyright (c) 1984 - 2018                               #
#                    Silvaco Inc. All rights reserved                        #
#                                                                            #
# This file format and the following Key are copyright Silvaco Inc.          #
# You may not use, this format or key without reproducing this message in    #
# full and obtaining express written permission from Silvaco Inc.            #
#                                                                            #
# To obtain such permission please contact: Silvaco Inc.                     #
#                                           support@silvaco.com              #
#                                                                            #
# KEY=SVC86hn7562asdx                       PROD=345                         #
##############################################################################
o 1 Gain (TE) (led 1) (1/cm) 
o 2 Gain (TM) (led 1) (1/cm) 
o 3 Spontaneous emission (TE) (led 1) (1/(s cm3 eV)) 
o 4 Spontaneous emission (TM)  (led 1) (1/(s cm3 eV)) 
o 5 Flux Spectral Density (led 1)  (1/(s cm eV)) 
o 6 Power Spectral Density (led 1)  (W/(cm ev)) 
p 8  210  309  3000  3001  3002  3003  3004  3005 
d  1.41  0.879327759  0  0  0  0  0  0 
d  1.41004004  0.879302789  0  0  0  0  0  0 
d  1.41008008  0.879277821  0  0  0  0  0  0 
d  1.41012012  0.879252854  0  0  0  0  0  0 
d  1.41016016  0.879227888  0  0  0  0  0  0 
d  1.4102002  0.879202924  0  0  0  0  0  0 
d  1.41024024  0.879177962  0  0  0  0  0  0 
d  1.41028028  0.879153  0  0  0  0  0  0 
d  1.41032032  0.879128041  0  0  0  0  0  0 
d  1.41036036  0.879103082  0  0  0  0  0  0 
d  1.4104004  0.879078125  0  0  0  0  0  0 
d  1.41044044  0.87905317  0  0  0  0  0  0 
d  1.41048048  0.879028216  0  0  0  0  0  0 
d  1.41052052  0.879003263  0  0  0  0  0  0 
d  1.41056056  0.878978311  0  0  0  0  0  0 
d  1.4106006  0.878953362  0  0  0  0  0  0 
d  1.41064064  0.878928413  0  0  0  0  0  0 
d  1.41068068  0.878903466  0  0  0  0  0  0 
d  1.41072072  0.87887852  0  0  0  0  0  0 
d  1.41076076  0.878853576  0  0  0  0  0  0 
d  1.4108008  0.878828633  0  0  0  0  0  0 
d  1.41084084  0.878803692  0  0  0  0  0  0 
d  1.41088088  0.878778752  0  0  0  0  0  0 
d  1.41092092  0.878753813  0  0  0  0  0  0 
d  1.41096096  0.878728876  0  0  0  0  0  0 
d  1.411001  0.878703941  0  0  0  0  0  0 
d  1.41104104  0.878679006  0  0  0  0  0  0 
d  1.41108108  0.878654073  0  0  0  0  0  0 
d  1.41112112  0.878629142  0  0  0  0  0  0 
d  1.41116116  0.878604212  0  0  0  0  0  0 
d  1.4112012  0.878579283  0  0  0  0  0  0 
d  1.41124124  0.878554356  0  0  0  0  0  0 
d  1.41128128  0.87852943  0  0  0  0  0  0 
d  1.41132132  0.878504506  0  0  0  0  0  0 
d  1.41136136  0.878479583  0  0  0  0  0  0 
d  1.4114014  0.878454661  0  0  0  0  0  0 
d  1.41144144  0.878429741  0  0  0  0  0  0 
d  1.41148148  0.878404822  0  0  0  0  0  0 
d  1.41152152  0.878379905  0  0  0  0  0  0 
d  1.41156156  0.878354989  0  0  0  0  0  0 
d  1.4116016  0.878330074  0  0  0  0  0  0 
d  1.41164164  0.878305161  0  0  0  0  0  0 
d  1.41168168  0.87828025  0  0  0  0  0  0 
d  1.41172172  0.878255339  0  0  0  0  0  0 
d  1.41176176  0.87823043  0  0  0  0  0  0 
d  1.4118018  0.878205523  0  0  0  0  0  0 
d  1.41184184  0.878180617  0  0  0  0  0  0 
d  1.41188188  0.878155712  0  0  0  0  0  0 
d  1.41192192  0.878130809  0  0  0  0  0  0 
d  1.41196196  0.878105907  0  0  0  0  0  0 
d  1.412002  0.878081007  0  0  0  0  0  0 
d  1.41204204  0.878056108  0  0  0  0  0  0 
d  1.41208208  0.87803121  0  0  0  0  0  0 
d  1.41212212  0.878006314  0  0  0  0  0  0 
d  1.41216216  0.87798142  0  0  0  0  0  0 
d  1.4122022  0.877956526  0  0  0  0  0  0 
d  1.41224224  0.877931634  0  0  0  0  0  0 
d  1.41228228  0.877906744  0  0  0  0  0  0 
d  1.41232232  0.877881855  0  0  0  0  0  0 
d  1.41236236  0.877856967  0  0  0  0  0  0 
d  1.4124024  0.877832081  0  0  0  0  0  0 
d  1.41244244  0.877807196  0  0  0  0  0  0 
d  1.41248248  0.877782312  0  0  0  0  0  0 
d  1.41252252  0.87775743  0  0  0  0  0  0 
d  1.41256256  0.87773255  0  0  0  0  0  0 
d  1.4126026  0.877707671  0  0  0  0  0  0 
d  1.41264264  0.877682793  0  0  0  0  0  0 
d  1.41268268  0.877657916  0  0  0  0  0  0 
d  1.41272272  0.877633041  0  0  0  0  0  0 
d  1.41276276  0.877608168  0  0  0  0  0  0 
d  1.4128028  0.877583296  0  0  0  0  0  0 
d  1.41284284  0.877558425  0  0  0  0  0  0 
d  1.41288288  0.877533556  0  0  0  0  0  0 
d  1.41292292  0.877508688  0  0  0  0  0  0 
d  1.41296296  0.877483821  0  0  0  0  0  0 
d  1.413003  0.877458956  0  0  0  0  0  0 
d  1.41304304  0.877434092  0  0  0  0  0  0 
d  1.41308308  0.87740923  0  0  0  0  0  0 
d  1.41312312  0.877384369  0  0  0  0  0  0 
d  1.41316316  0.87735951  0  0  0  0  0  0 
d  1.4132032  0.877334652  0  0  0  0  0  0 
d  1.41324324  0.877309795  0  0  0  0  0  0 
d  1.41328328  0.87728494  0  0  0  0  0  0 
d  1.41332332  0.877260086  0  0  0  0  0  0 
d  1.41336336  0.877235233  0  0  0  0  0  0 
d  1.4134034  0.877210382  0  0  0  0  0  0 
d  1.41344344  0.877185533  0  0  0  0  0  0 
d  1.41348348  0.877160684  0  0  0  0  0  0 
d  1.41352352  0.877135838  0  0  0  0  0  0 
d  1.41356356  0.877110992  0  0  0  0  0  0 
d  1.4136036  0.877086148  0  0  0  0  0  0 
d  1.41364364  0.877061306  0  0  0  0  0  0 
d  1.41368368  0.877036464  0  0  0  0  0  0 
d  1.41372372  0.877011625  0  0  0  0  0  0 
d  1.41376376  0.876986786  0  0  0  0  0  0 
d  1.4138038  0.876961949  0  0  0  0  0  0 
d  1.41384384  0.876937114  0  0  0  0  0  0 
d  1.41388388  0.87691228  0  0  0  0  0  0 
d  1.41392392  0.876887447  0  0  0  0  0  0 
d  1.41396396  0.876862616  0  0  0  0  0  0 
d  1.414004  0.876837786  0  0  0  0  0  0 
d  1.41404404  0.876812957  0  0  0  0  0  0 
d  1.41408408  0.87678813  0  0  0  0  0  0 
d  1.41412412  0.876763304  0  0  0  0  0  0 
d  1.41416416  0.87673848  0  0  0  0  0  0 
d  1.4142042  0.876713657  0  0  0  0  0  0 
d  1.41424424  0.876688836  0  0  0  0  0  0 
d  1.41428428  0.876664016  0  0  0  0  0  0 
d  1.41432432  0.876639197  0  0  0  0  0  0 
d  1.41436436  0.87661438  0  0  0  0  0  0 
d  1.4144044  0.876589564  0  0  0  0  0  0 
d  1.41444444  0.876564749  0  0  0  0  0  0 
d  1.41448448  0.876539936  0  0  0  0  0  0 
d  1.41452452  0.876515125  0  0  0  0  0  0 
d  1.41456456  0.876490314  0  0  0  0  0  0 
d  1.4146046  0.876465505  0  0  0  0  0  0 
d  1.41464464  0.876440698  0  0  0  0  0  0 
d  1.41468468  0.876415892  0  0  0  0  0  0 
d  1.41472472  0.876391087  0  0  0  0  0  0 
d  1.41476476  0.876366284  0  0  0  0  0  0 
d  1.4148048  0.876341482  0  0  0  0  0  0 
d  1.41484484  0.876316682  0  0  0  0  0  0 
d  1.41488488  0.876291883  0  0  0  0  0  0 
d  1.41492492  0.876267085  0  0  0  0  0  0 
d  1.41496496  0.876242289  0  0  0  0  0  0 
d  1.41500501  0.876217494  0  0  0  0  0  0 
d  1.41504505  0.876192701  0  0  0  0  0  0 
d  1.41508509  0.876167909  0  0  0  0  0  0 
d  1.41512513  0.876143118  0  0  0  0  0  0 
d  1.41516517  0.876118329  0  0  0  0  0  0 
d  1.41520521  0.876093541  0  0  0  0  0  0 
d  1.41524525  0.876068755  0  0  0  0  0  0 
d  1.41528529  0.87604397  0  0  0  0  0  0 
d  1.41532533  0.876019186  0  0  0  0  0  0 
d  1.41536537  0.875994404  0  0  0  0  0  0 
d  1.41540541  0.875969623  0  0  0  0  0  0 
d  1.41544545  0.875944844  0  0  0  0  0  0 
d  1.41548549  0.875920066  0  0  0  0  0  0 
d  1.41552553  0.875895289  0  0  0  0  0  0 
d  1.41556557  0.875870514  0  0  0  0  0  0 
d  1.41560561  0.87584574  0  0  0  0  0  0 
d  1.41564565  0.875820968  0  0  0  0  0  0 
d  1.41568569  0.875796197  0  0  0  0  0  0 
d  1.41572573  0.875771428  0  0  0  0  0  0 
d  1.41576577  0.875746659  0  0  0  0  0  0 
d  1.41580581  0.875721893  0  0  0  0  0  0 
d  1.41584585  0.875697127  0  0  0  0  0  0 
d  1.41588589  0.875672363  0  0  0  0  0  0 
d  1.41592593  0.875647601  0  0  0  0  0  0 
d  1.41596597  0.87562284  0  0  0  0  0  0 
d  1.41600601  0.87559808  0  0  0  0  0  0 
d  1.41604605  0.875573321  0  0  0  0  0  0 
d  1.41608609  0.875548564  0  0  0  0  0  0 
d  1.41612613  0.875523809  0  0  0  0  0  0 
d  1.41616617  0.875499055  0  0  0  0  0  0 
d  1.41620621  0.875474302  0  0  0  0  0  0 
d  1.41624625  0.875449551  0  0  0  0  0  0 
d  1.41628629  0.875424801  0  0  0  0  0  0 
d  1.41632633  0.875400052  0  0  0  0  0  0 
d  1.41636637  0.875375305  0  0  0  0  0  0 
d  1.41640641  0.875350559  0  0  0  0  0  0 
d  1.41644645  0.875325815  0  0  0  0  0  0 
d  1.41648649  0.875301072  0  0  0  0  0  0 
d  1.41652653  0.87527633  0  0  0  0  0  0 
d  1.41656657  0.87525159  0  0  0  0  0  0 
d  1.41660661  0.875226851  0  0  0  0  0  0 
d  1.41664665  0.875202114  0  0  0  0  0  0 
d  1.41668669  0.875177378  0  0  0  0  0  0 
d  1.41672673  0.875152643  0  0  0  0  0  0 
d  1.41676677  0.87512791  0  0  0  0  0  0 
d  1.41680681  0.875103178  0  0  0  0  0  0 
d  1.41684685  0.875078448  0  0  0  0  0  0 
d  1.41688689  0.875053719  0  0  0  0  0  0 
d  1.41692693  0.875028991  0  0  0  0  0  0 
d  1.41696697  0.875004265  0  0  0  0  0  0 
d  1.41700701  0.87497954  0  0  0  0  0  0 
d  1.41704705  0.874954817  0  0  0  0  0  0 
d  1.41708709  0.874930095  0  0  0  0  0  0 
d  1.41712713  0.874905374  0  0  0  0  0  0 
d  1.41716717  0.874880655  0  0  0  0  0  0 
d  1.41720721  0.874855937  0  0  0  0  0  0 
d  1.41724725  0.874831221  0  0  0  0  0  0 
d  1.41728729  0.874806506  0  0  0  0  0  0 
d  1.41732733  0.874781792  0  0  0  0  0  0 
d  1.41736737  0.87475708  0  0  0  0  0  0 
d  1.41740741  0.874732369  0  0  0  0  0  0 
d  1.41744745  0.87470766  0  0  0  0  0  0 
d  1.41748749  0.874682952  0  0  0  0  0  0 
d  1.41752753  0.874658245  0  0  0  0  0  0 
d  1.41756757  0.87463354  0  0  0  0  0  0 
d  1.41760761  0.874608836  0  0  0  0  0  0 
d  1.41764765  0.874584134  0  0  0  0  0  0 
d  1.41768769  0.874559433  0  0  0  0  0  0 
d  1.41772773  0.874534733  0  0  0  0  0  0 
d  1.41776777  0.874510035  0  0  0  0  0  0 
d  1.41780781  0.874485338  0  0  0  0  0  0 
d  1.41784785  0.874460642  0  0  0  0  0  0 
d  1.41788789  0.874435948  0  0  0  0  0  0 
d  1.41792793  0.874411256  0  0  0  0  0  0 
d  1.41796797  0.874386564  0  0  0  0  0  0 
d  1.41800801  0.874361874  0  0  0  0  0  0 
d  1.41804805  0.874337186  0  0  0  0  0  0 
d  1.41808809  0.874312499  0  0  0  0  0  0 
d  1.41812813  0.874287813  0  0  0  0  0  0 
d  1.41816817  0.874263129  0  0  0  0  0  0 
d  1.41820821  0.874238446  0  0  0  0  0  0 
d  1.41824825  0.874213764  0  0  0  0  0  0 
d  1.41828829  0.874189084  0  0  0  0  0  0 
d  1.41832833  0.874164405  0  0  0  0  0  0 
d  1.41836837  0.874139728  0  0  0  0  0  0 
d  1.41840841  0.874115052  0  0  0  0  0  0 
d  1.41844845  0.874090378  0  0  0  0  0  0 
d  1.41848849  0.874065704  0  0  0  0  0  0 
d  1.41852853  0.874041033  0  0  0  0  0  0 
d  1.41856857  0.874016362  0  0  0  0  0  0 
d  1.41860861  0.873991693  0  0  0  0  0  0 
d  1.41864865  0.873967026  0  0  0  0  0  0 
d  1.41868869  0.873942359  0  0  0  0  0  0 
d  1.41872873  0.873917695  0  0  0  0  0  0 
d  1.41876877  0.873893031  0  0  0  0  0  0 
d  1.41880881  0.873868369  0  0  0  0  0  0 
d  1.41884885  0.873843708  0  0  0  0  0  0 
d  1.41888889  0.873819049  0  0  0  0  0  0 
d  1.41892893  0.873794391  0  0  0  0  0  0 
d  1.41896897  0.873769735  0  0  0  0  0  0 
d  1.41900901  0.87374508  0  0  0  0  0  0 
d  1.41904905  0.873720426  0  0  0  0  0  0 
d  1.41908909  0.873695774  0  0  0  0  0  0 
d  1.41912913  0.873671123  0  0  0  0  0  0 
d  1.41916917  0.873646473  0  0  0  0  0  0 
d  1.41920921  0.873621825  0  0  0  0  0  0 
d  1.41924925  0.873597179  0  0  0  0  0  0 
d  1.41928929  0.873572533  0  0  0  0  0  0 
d  1.41932933  0.873547889  0  0  0  0  0  0 
d  1.41936937  0.873523247  0  0  0  0  0  0 
d  1.41940941  0.873498606  0  0  0  0  0  0 
d  1.41944945  0.873473966  0  0  0  0  0  0 
d  1.41948949  0.873449327  0  0  0  0  0  0 
d  1.41952953  0.87342469  0  0  0  0  0  0 
d  1.41956957  0.873400055  0  0  0  0  0  0 
d  1.41960961  0.873375421  0  0  0  0  0  0 
d  1.41964965  0.873350788  0  0  0  0  0  0 
d  1.41968969  0.873326156  0  0  0  0  0  0 
d  1.41972973  0.873301526  0  0  0  0  0  0 
d  1.41976977  0.873276898  0  0  0  0  0  0 
d  1.41980981  0.87325227  0  0  0  0  0  0 
d  1.41984985  0.873227644  0  0  0  0  0  0 
d  1.41988989  0.87320302  0  0  0  0  0  0 
d  1.41992993  0.873178397  0  0  0  0  0  0 
d  1.41996997  0.873153775  0  0  0  0  0  0 
d  1.42001001  0.873129155  0  0  0  0  0  0 
d  1.42005005  0.873104536  0  0  0  0  0  0 
d  1.42009009  0.873079918  0  0  0  0  0  0 
d  1.42013013  0.873055302  0  0  0  0  0  0 
d  1.42017017  0.873030687  0  0  0  0  0  0 
d  1.42021021  0.873006074  0  0  0  0  0  0 
d  1.42025025  0.872981462  0  0  0  0  0  0 
d  1.42029029  0.872956851  0  0  0  0  0  0 
d  1.42033033  0.872932242  0  0  0  0  0  0 
d  1.42037037  0.872907634  0  0  0  0  0  0 
d  1.42041041  0.872883028  0  0  0  0  0  0 
d  1.42045045  0.872858423  0  0  0  0  0  0 
d  1.42049049  0.872833819  0  0  0  0  0  0 
d  1.42053053  0.872809217  0  0  0  0  0  0 
d  1.42057057  0.872784616  0  0  0  0  0  0 
d  1.42061061  0.872760016  0  0  0  0  0  0 
d  1.42065065  0.872735418  0  0  0  0  0  0 
d  1.42069069  0.872710822  0  0  0  0  0  0 
d  1.42073073  0.872686226  0  0  0  0  0  0 
d  1.42077077  0.872661632  0  0  0  0  0  0 
d  1.42081081  0.87263704  0  0  0  0  0  0 
d  1.42085085  0.872612448  0  0  0  0  0  0 
d  1.42089089  0.872587859  0  0  0  0  0  0 
d  1.42093093  0.87256327  0  0  0  0  0  0 
d  1.42097097  0.872538683  0  0  0  0  0  0 
d  1.42101101  0.872514097  0  0  0  0  0  0 
d  1.42105105  0.872489513  0  0  0  0  0  0 
d  1.42109109  0.87246493  0  0  0  0  0  0 
d  1.42113113  0.872440349  0  0  0  0  0  0 
d  1.42117117  0.872415769  0  0  0  0  0  0 
d  1.42121121  0.87239119  0  0  0  0  0  0 
d  1.42125125  0.872366613  0  0  0  0  0  0 
d  1.42129129  0.872342037  0  0  0  0  0  0 
d  1.42133133  0.872317462  0  0  0  0  0  0 
d  1.42137137  0.872292889  0  0  0  0  0  0 
d  1.42141141  0.872268317  0  0  0  0  0  0 
d  1.42145145  0.872243747  0  0  0  0  0  0 
d  1.42149149  0.872219178  0  0  0  0  0  0 
d  1.42153153  0.87219461  0  0  0  0  0  0 
d  1.42157157  0.872170044  0  0  0  0  0  0 
d  1.42161161  0.872145479  0  0  0  0  0  0 
d  1.42165165  0.872120915  0  0  0  0  0  0 
d  1.42169169  0.872096353  0  0  0  0  0  0 
d  1.42173173  0.872071793  0  0  0  0  0  0 
d  1.42177177  0.872047233  0  0  0  0  0  0 
d  1.42181181  0.872022675  0  0  0  0  0  0 
d  1.42185185  0.871998119  0  0  0  0  0  0 
d  1.42189189  0.871973563  0  0  0  0  0  0 
d  1.42193193  0.87194901  0  0  0  0  0  0 
d  1.42197197  0.871924457  0  0  0  0  0  0 
d  1.42201201  0.871899906  0  0  0  0  0  0 
d  1.42205205  0.871875356  0  0  0  0  0  0 
d  1.42209209  0.871850808  0  0  0  0  0  0 
d  1.42213213  0.871826261  0  0  0  0  0  0 
d  1.42217217  0.871801716  0  0  0  0  0  0 
d  1.42221221  0.871777172  0  0  0  0  0  0 
d  1.42225225  0.871752629  0  0  0  0  0  0 
d  1.42229229  0.871728087  0  0  0  0  0  0 
d  1.42233233  0.871703547  0  0  0  0  0  0 
d  1.42237237  0.871679009  0  0  0  0  0  0 
d  1.42241241  0.871654472  0  0  0  0  0  0 
d  1.42245245  0.871629936  0  0  0  0  0  0 
d  1.42249249  0.871605401  2.41337345  2.29427465  9.78122583e+25  9.29852711e+25  1.99885652e+18  0.455559823 
d  1.42253253  0.871580868  5.2991535  5.03734767  2.15733965e+26  2.05075582e+26  4.40853668e+18  1.00477883 
d  1.42257257  0.871556337  7.0640451  6.7146509  2.88881858e+26  2.74593494e+26  5.90314971e+18  1.34546387 
d  1.42261261  0.871531806  8.44312648  8.02505125  3.46845856e+26  3.29671215e+26  7.08741126e+18  1.61542984 
d  1.42265265  0.871507277  9.60421189  9.12810849  3.96344749e+26  3.76697007e+26  8.09863501e+18  1.84596948 
d  1.42269269  0.87148275  10.6191876  10.0921778  4.40243254e+26  4.18394828e+26  8.99536976e+18  2.05042521 
d  1.42273273  0.871458223  11.5268418  10.9541445  4.80080192e+26  4.56227984e+26  9.80906674e+18  2.23596409 
d  1.42277277  0.871433699  12.3509762  11.7366444  5.16795727e+26  4.9109055e+26  1.0558942e+19  2.40696494 
d  1.42281281  0.871409175  13.1074661  12.4547764  5.51014225e+26  5.23576326e+26  1.12577575e+19  2.56633573 
d  1.42285285  0.871384653  13.8075408  13.1192211  5.8317545e+26  5.5410357e+26  1.19145022e+19  2.71612469 
d  1.42289289  0.871360133  14.4594985  13.737872  6.13603023e+26  5.82980095e+26  1.25357911e+19  2.85783906 
d  1.42293293  0.871335613  15.0696833  14.3167644  6.42543325e+26  6.10440262e+26  1.31266606e+19  2.99262637 
d  1.42297297  0.871311095  15.6430787  14.8606395  6.70189098e+26  6.3666742e+26  1.36910508e+19  3.12138433 
d  1.42301301  0.871286579  16.183687  15.3733052  6.96694505e+26  6.61808231e+26  1.42321133e+19  3.24483094 
d  1.42305305  0.871262064  16.6947825  15.8578773  7.22185156e+26  6.85982197e+26  1.47524158e+19  3.36355125 
d  1.42309309  0.87123755  17.179086  16.3169448  7.46765013e+26  7.09288231e+26  1.52540839e+19  3.47802944 
d  1.42313313  0.871213038  17.6388888  16.7526886  7.7052128e+26  7.3180931e+26  1.57389003e+19  3.58867167 
d  1.42317317  0.871188527  18.0761434  17.1669669  7.93527965e+26  7.53615856e+26  1.62083782e+19  3.69582264 
d  1.42321321  0.871164017  18.4925301  17.5613791  8.15848519e+26  7.74768251e+26  1.66638148e+19  3.79977788 
d  1.42325325  0.871139509  18.8895082  17.9373147  8.37537835e+26  7.95318734e+26  1.71063326e+19  3.90079304 
d  1.42329329  0.871115002  19.2683554  18.29599  8.58643781e+26  8.15312864e+26  1.75369102e+19  3.99909107 
d  1.42333333  0.871090496  19.6301981  18.6384775  8.79208403e+26  8.3479066e+26  1.79564076e+19  4.09486781 
d  1.42337337  0.871065992  19.9760359  18.9657291  8.9926887e+26  8.53787502e+26  1.83655845e+19  4.18829637 
d  1.42341341  0.871041489  20.3067608  19.2785944  9.18858234e+26  8.72334852e+26  1.87651171e+19  4.27953068 
d  1.42345345  0.871016988  20.6231735  19.5778359  9.38006041e+26  8.90460836e+26  1.91556093e+19  4.36870836 
d  1.42349349  0.870992488  20.9259958  19.8641412  9.56738831e+26  9.08190724e+26  1.95376041e+19  4.45595303 
d  1.42353353  0.87096799  21.2158812  20.138133  9.75080553e+26  9.25547316e+26  1.99115912e+19  4.54137622 
d  1.42357357  0.870943492  21.4934241  20.4003775  9.93052905e+26  9.42551271e+26  2.02780143e+19  4.62507899 
d  1.42361361  0.870918997  21.759167  20.6513918  1.01067562e+27  9.5922138e+26  2.06372769e+19  4.70715324 
d  1.42365365  0.870894502  22.0136068  20.8916493  1.02796671e+27  9.75574791e+26  2.09897476e+19  4.78768286 
d  1.42369369  0.870870009  22.2572001  21.1215852  1.04494265e+27  9.9162721e+26  2.13357634e+19  4.86674465 
d  1.42373373  0.870845517  22.4903677  21.3416006  1.06161861e+27  1.00739306e+27  2.16756342e+19  4.94440914 
d  1.42377377  0.870821027  22.7134984  21.5520663  1.07800851e+27  1.02288562e+27  2.20096452e+19  5.02074129 
d  1.42381381  0.870796538  22.9269527  21.753326  1.09412525e+27  1.03811717e+27  2.233806e+19  5.09580109 
d  1.42385385  0.87077205  23.1310653  21.9456987  1.10998075e+27  1.05309906e+27  2.26611224e+19  5.16964409 
d  1.42389389  0.870747564  23.3261479  22.1294818  1.12558607e+27  1.06784183e+27  2.29790589e+19  5.24232181 
d  1.42393393  0.870723079  23.5124913  22.3049528  1.1409515e+27  1.08235529e+27  2.32920798e+19  5.31388219 
d  1.42397397  0.870698596  23.6903676  22.472371  1.15608664e+27  1.09664857e+27  2.36003814e+19  5.38436987 
d  1.42401401  0.870674114  23.8600314  22.6319795  1.17100043e+27  1.11073021e+27  2.39041468e+19  5.45382657 
d  1.42405405  0.870649633  24.021722  22.7840065  1.18570125e+27  1.12460818e+27  2.42035475e+19  5.52229129 
d  1.42409409  0.870625154  24.175664  22.9286666  1.20019695e+27  1.13828996e+27  2.44987439e+19  5.58980059 
d  1.42413413  0.870600676  24.3220691  23.0661617  1.2144949e+27  1.15178258e+27  2.47898868e+19  5.65638879 
d  1.42417417  0.870576199  24.4611372  23.1966825  1.22860202e+27  1.16509264e+27  2.5077118e+19  5.72208814 
d  1.42421421  0.870551724  24.5930566  23.3204091  1.24252483e+27  1.17822635e+27  2.5360571e+19  5.78692902 
d  1.42425425  0.87052725  24.718006  23.4375118  1.2562695e+27  1.19118958e+27  2.56403714e+19  5.85094007 
d  1.42429429  0.870502778  24.8361541  23.548152  1.26984181e+27  1.20398786e+27  2.59166383e+19  5.91414835 
d  1.42433433  0.870478307  24.9476613  23.6524827  1.28324727e+27  1.21662642e+27  2.61894838e+19  5.97657941 
d  1.42437437  0.870453837  25.0526797  23.7506494  1.29649106e+27  1.22911022e+27  2.64590144e+19  6.03825747 
d  1.42441441  0.870429369  25.151354  23.8427903  1.30957812e+27  1.24144396e+27  2.67253309e+19  6.09920547 
d  1.42445445  0.870404902  25.243822  23.9290369  1.32251312e+27  1.25363209e+27  2.69885289e+19  6.15944517 
d  1.42449449  0.870380436  25.3302146  24.0095146  1.3353005e+27  1.26567885e+27  2.72486994e+19  6.21899725 
d  1.42453453  0.870355972  25.4106571  24.084343  1.34794448e+27  1.27758826e+27  2.75059286e+19  6.27788138 
d  1.42457457  0.870331509  25.485269  24.1536363  1.36044907e+27  1.28936415e+27  2.77602988e+19  6.33611627 
d  1.42461461  0.870307048  25.5541642  24.2175036  1.37281812e+27  1.30101018e+27  2.80118885e+19  6.39371975 
d  1.42465465  0.870282588  25.617452  24.2760494  1.38505526e+27  1.31252983e+27  2.82607723e+19  6.45070884 
d  1.42469469  0.870258129  25.6752368  24.3293735  1.39716399e+27  1.32392642e+27  2.85070216e+19  6.50709976 
d  1.42473473  0.870233672  25.7276189  24.3775718  1.40914763e+27  1.33520314e+27  2.87507046e+19  6.56290802 
d  1.42477477  0.870209216  25.7746941  24.4207361  1.42100936e+27  1.34636301e+27  2.89918864e+19  6.61814845 
d  1.42481481  0.870184761  25.8165546  24.4589547  1.43275224e+27  1.35740895e+27  2.92306294e+19  6.67283524 
d  1.42485485  0.870160308  25.8532889  24.492312  1.44437919e+27  1.36834373e+27  2.94669934e+19  6.72698199 
d  1.42489489  0.870135856  25.8849819  24.5208897  1.45589299e+27  1.37917004e+27  2.97010356e+19  6.78060172 
d  1.42493493  0.870111406  25.9117154  24.5447659  1.46729633e+27  1.38989042e+27  2.99328109e+19  6.83370691 
d  1.42497497  0.870086957  25.9335682  24.564016  1.47859179e+27  1.40050733e+27  3.0162372e+19  6.88630956 
d  1.42501502  0.870062509  25.950616  24.5787126  1.48978184e+27  1.41102314e+27  3.03897695e+19  6.93842118 
d  1.42505506  0.870038063  25.9629317  24.5889257  1.50086885e+27  1.42144011e+27  3.06150521e+19  6.99005284 
d  1.4250951  0.870013618  25.9705858  24.5947227  1.5118551e+27  1.43176043e+27  3.08382666e+19  7.04121518 
d  1.42513514  0.869989175  25.9736462  24.5961687  1.5227428e+27  1.44198618e+27  3.1059458e+19  7.09191844 
d  1.42517518  0.869964732  25.9721785  24.5933266  1.53353407e+27  1.45211939e+27  3.12786696e+19  7.14217247 
d  1.42521522  0.869940292  25.966246  24.586257  1.54423093e+27  1.46216202e+27  3.14959432e+19  7.19198679 
d  1.42525526  0.869915852  25.9559098  24.5750187  1.55483537e+27  1.47211593e+27  3.1711319e+19  7.24137053 
d  1.4252953  0.869891414  25.9412292  24.5596684  1.56534927e+27  1.48198293e+27  3.1924836e+19  7.29033254 
d  1.42533534  0.869866977  25.9222613  24.540261  1.57577446e+27  1.49176478e+27  3.21365315e+19  7.33888133 
d  1.42537538  0.869842542  25.8990616  24.5168497  1.58611271e+27  1.50146316e+27  3.23464417e+19  7.38702513 
d  1.42541542  0.869818108  25.8716836  24.4894859  1.59636573e+27  1.5110797e+27  3.25546016e+19  7.43477189 
d  1.42545546  0.869793675  25.8401794  24.4582196  1.60653516e+27  1.52061598e+27  3.27610449e+19  7.48212928 
d  1.4254955  0.869769244  25.8045993  24.4230991  1.6166226e+27  1.53007351e+27  3.29658043e+19  7.52910472 
d  1.42553554  0.869744814  25.7649922  24.3841712  1.62662959e+27  1.53945377e+27  3.31689114e+19  7.57570541 
d  1.42557558  0.869720386  25.7214053  24.3414815  1.63655762e+27  1.54875819e+27  3.33703967e+19  7.62193829 
d  1.42561562  0.869695959  25.6738846  24.2950741  1.64640813e+27  1.55798814e+27  3.35702899e+19  7.66781009 
d  1.42565566  0.869671533  25.6224748  24.244992  1.65618254e+27  1.56714497e+27  3.37686196e+19  7.71332732 
d  1.4256957  0.869647109  25.5672192  24.1912767  1.66588218e+27  1.57622996e+27  3.39654136e+19  7.75849631 
d  1.42573574  0.869622686  25.5081599  24.1339688  1.67550839e+27  1.58524438e+27  3.41606987e+19  7.80332317 
d  1.42577578  0.869598264  25.4453378  24.0731076  1.68506242e+27  1.59418945e+27  3.43545013e+19  7.84781384 
d  1.42581582  0.869573844  25.3787927  24.0087313  1.69454552e+27  1.60306633e+27  3.45468465e+19  7.89197408 
d  1.42585586  0.869549425  25.3085633  23.9408773  1.70395889e+27  1.6118762e+27  3.47377589e+19  7.93580947 
d  1.4258959  0.869525008  25.2346872  23.8695817  1.71330369e+27  1.62062014e+27  3.49272625e+19  7.97932545 
d  1.42593594  0.869500592  25.1572011  23.7948797  1.72258106e+27  1.62929926e+27  3.51153803e+19  8.02252729 
d  1.42597598  0.869476177  25.0761407  23.7168058  1.73179209e+27  1.63791459e+27  3.53021351e+19  8.0654201 
d  1.42601602  0.869451763  24.9915406  23.6353934  1.74093785e+27  1.64646716e+27  3.54875485e+19  8.10800886 
d  1.42605606  0.869427351  24.9034348  23.5506752  1.75001938e+27  1.65495797e+27  3.5671642e+19  8.15029841 
d  1.4260961  0.869402941  24.8118562  23.4626827  1.75903769e+27  1.66338797e+27  3.58544361e+19  8.19229345 
d  1.42613614  0.869378532  24.7168369  23.3714472  1.76799376e+27  1.67175812e+27  3.60359511e+19  8.23399855 
d  1.42617618  0.869354124  24.6184084  23.2769988  1.77688855e+27  1.68006931e+27  3.62162066e+19  8.27541818 
d  1.42621622  0.869329717  24.5166012  23.1793669  1.78572299e+27  1.68832245e+27  3.63952216e+19  8.31655666 
d  1.42625626  0.869305312  24.4114451  23.0785803  1.79449798e+27  1.6965184e+27  3.65730147e+19  8.35741821 
d  1.4262963  0.869280908  24.3029693  22.9746672  1.80321441e+27  1.704658e+27  3.67496039e+19  8.39800695 
d  1.42633634  0.869256506  24.1912021  22.8676549  1.81187314e+27  1.71274208e+27  3.6925007e+19  8.43832688 
d  1.42637638  0.869232105  24.0761713  22.7575703  1.820475e+27  1.72077144e+27  3.70992411e+19  8.4783819 
d  1.42641642  0.869207705  23.957904  22.6444394  1.82902082e+27  1.72874686e+27  3.72723228e+19  8.51817582 
d  1.42645646  0.869183307  23.8364266  22.5282879  1.83751139e+27  1.7366691e+27  3.74442687e+19  8.55771235 
d  1.4264965  0.86915891  23.7117652  22.4091408  1.84594748e+27  1.74453891e+27  3.76150945e+19  8.5969951 
d  1.42653654  0.869134514  23.5839448  22.2870224  1.85432985e+27  1.752357e+27  3.77848159e+19  8.6360276 
d  1.42657658  0.86911012  23.4529902  22.1619566  1.86265924e+27  1.7601241e+27  3.79534479e+19  8.67481331 
d  1.42661662  0.869085727  23.3189257  22.0339668  1.87093638e+27  1.76784088e+27  3.81210054e+19  8.71335557 
d  1.42665666  0.869061336  23.1817748  21.9030759  1.87916197e+27  1.77550803e+27  3.82875028e+19  8.75165767 
d  1.4266967  0.869036946  23.0415606  21.7693062  1.88733669e+27  1.7831262e+27  3.84529543e+19  8.78972282 
d  1.42673674  0.869012557  22.8983057  21.6326796  1.89546122e+27  1.79069604e+27  3.86173736e+19  8.82755414 
d  1.42677678  0.86898817  22.7520324  21.4932175  1.90353622e+27  1.79821817e+27  3.87807741e+19  8.86515469 
d  1.42681682  0.868963784  22.6027622  21.3509409  1.91156232e+27  1.80569321e+27  3.89431691e+19  8.90252746 
d  1.42685686  0.868939399  22.4505164  21.2058704  1.91954016e+27  1.81312176e+27  3.91045714e+19  8.93967538 
d  1.4268969  0.868915016  22.2953157  21.058026  1.92747034e+27  1.82050441e+27  3.92649935e+19  8.97660129 
d  1.42693694  0.868890634  22.1371805  20.9074274  1.93535347e+27  1.82784172e+27  3.94244478e+19  9.01330799 
d  1.42697698  0.868866253  21.9761308  20.7540941  1.94319013e+27  1.83513427e+27  3.95829462e+19  9.0497982 
d  1.42701702  0.868841874  21.8121859  20.5980448  1.95098089e+27  1.8423826e+27  3.97405006e+19  9.0860746 
d  1.42705706  0.868817497  21.6453652  20.4392982  1.95872632e+27  1.84958725e+27  3.98971225e+19  9.12213981 
d  1.4270971  0.86879312  21.4756872  20.2778725  1.96642697e+27  1.85674874e+27  4.0052823e+19  9.15799637 
d  1.42713714  0.868768745  21.3031705  20.1137854  1.97408337e+27  1.86386759e+27  4.02076133e+19  9.19364679 
d  1.42717718  0.868744371  21.127833  19.9470545  1.98169604e+27  1.87094431e+27  4.03615041e+19  9.22909353 
d  1.42721722  0.868719999  20.9496924  19.777697  1.98926551e+27  1.87797938e+27  4.0514506e+19  9.26433897 
d  1.42725726  0.868695628  20.768766  19.6057296  1.99679227e+27  1.8849733e+27  4.06666294e+19  9.29938547 
d  1.4272973  0.868671259  20.5850709  19.4311689  2.00427683e+27  1.89192653e+27  4.08178843e+19  9.33423533 
d  1.42733734  0.868646891  20.3986237  19.2540312  2.01171967e+27  1.89883954e+27  4.09682807e+19  9.36889081 
d  1.42737738  0.868622524  20.2094408  19.0743322  2.01912125e+27  1.90571278e+27  4.11178284e+19  9.40335412 
d  1.42741742  0.868598158  20.0175382  18.8920877  2.02648205e+27  1.91254669e+27  4.12665368e+19  9.43762741 
d  1.42745746  0.868573794  19.8229318  18.707313  2.03380252e+27  1.91934173e+27  4.14144154e+19  9.47171281 
d  1.4274975  0.868549431  19.625637  18.5200231  2.0410831e+27  1.92609831e+27  4.15614733e+19  9.50561241 
d  1.42753754  0.86852507  19.425669  18.3302329  2.04832424e+27  1.93281685e+27  4.17077194e+19  9.53932823 
d  1.42757758  0.86850071  19.2230427  18.1379568  2.05552637e+27  1.93949777e+27  4.18531626e+19  9.57286229 
d  1.42761762  0.868476351  19.0177728  17.9432092  2.0626899e+27  1.94614147e+27  4.19978116e+19  9.60621655 
d  1.42765766  0.868451994  18.8098737  17.7460041  2.06981524e+27  1.95274834e+27  4.21416748e+19  9.63939292 
d  1.4276977  0.868427638  18.5993596  17.5463552  2.07690282e+27  1.95931878e+27  4.22847606e+19  9.6723933 
d  1.42773774  0.868403284  18.3862442  17.3442761  2.08395301e+27  1.96585317e+27  4.2427077e+19  9.70521954 
d  1.42777778  0.868378931  18.1705413  17.1397802  2.09096622e+27  1.97235188e+27  4.25686322e+19  9.73787346 
d  1.42781782  0.868354579  17.9522643  16.9328804  2.09794282e+27  1.97881528e+27  4.2709434e+19  9.77035684 
d  1.42785786  0.868330228  17.7314264  16.7235898  2.10488319e+27  1.98524372e+27  4.28494901e+19  9.80267144 
d  1.4278979  0.868305879  17.5080406  16.5119209  2.11178771e+27  1.99163758e+27  4.29888081e+19  9.83481897 
d  1.42793794  0.868281532  17.2821195  16.2978862  2.11865673e+27  1.99799718e+27  4.31273954e+19  9.86680113 
d  1.42797798  0.868257185  17.0536758  16.0814979  2.1254906e+27  2.00432288e+27  4.32652594e+19  9.89861958 
d  1.42801802  0.86823284  16.8227217  15.8627681  2.13228969e+27  2.01061501e+27  4.34024072e+19  9.93027594 
d  1.42805806  0.868208497  16.5892694  15.6417086  2.13905433e+27  2.0168739e+27  4.35388459e+19  9.96177182 
d  1.4280981  0.868184154  16.3533308  15.4183311  2.14578486e+27  2.02309988e+27  4.36745825e+19  9.99310879 
d  1.42813814  0.868159814  16.1149176  15.1926471  2.15248162e+27  2.02929326e+27  4.38096237e+19  10.0242884 
d  1.42817818  0.868135474  15.8740413  14.9646678  2.15914492e+27  2.03545435e+27  4.39439763e+19  10.0553121 
d  1.42821822  0.868111136  15.6307133  14.7344044  2.1657751e+27  2.04158348e+27  4.40776468e+19  10.0861816 
d  1.42825826  0.868086799  15.3849448  14.5018677  2.17237246e+27  2.04768092e+27  4.42106417e+19  10.1168981 
d  1.4282983  0.868062464  15.1367468  14.2670687  2.17893731e+27  2.053747e+27  4.43429674e+19  10.1474632 
d  1.42833834  0.86803813  14.88613  14.0300178  2.18546996e+27  2.05978199e+27  4.447463e+19  10.1778782 
d  1.42837838  0.868013797  14.6331052  13.7907255  2.19197071e+27  2.06578619e+27  4.46056359e+19  10.2081446 
d  1.42841842  0.867989466  14.3776827  13.5492022  2.19843986e+27  2.07175987e+27  4.4735991e+19  10.2382638 
d  1.42845846  0.867965136  14.119873  13.3054578  2.20487769e+27  2.07770332e+27  4.48657013e+19  10.2682371 
d  1.4284985  0.867940807  13.8596861  13.0595024  2.21128448e+27  2.08361681e+27  4.49947726e+19  10.2980658 
d  1.42853854  0.86791648  13.5971322  12.8113459  2.21766052e+27  2.08950062e+27  4.51232107e+19  10.3277512 
d  1.42857858  0.867892154  13.3322209  12.5609978  2.22400609e+27  2.09535499e+27  4.52510213e+19  10.3572946 
d  1.42861862  0.86786783  13.0649621  12.3084678  2.23032146e+27  2.10118021e+27  4.53782099e+19  10.3866974 
d  1.42865866  0.867843506  12.7953653  12.0537652  2.23660688e+27  2.10697652e+27  4.5504782e+19  10.4159606 
d  1.4286987  0.867819185  12.5234399  11.7968993  2.24286263e+27  2.11274417e+27  4.56307431e+19  10.4450856 
d  1.42873874  0.867794864  12.2491952  11.5378792  2.24908897e+27  2.11848342e+27  4.57560984e+19  10.4740735 
d  1.42877878  0.867770545  11.9726403  11.2767139  2.25528614e+27  2.12419451e+27  4.58808532e+19  10.5029256 
d  1.42881882  0.867746227  11.6937842  11.0134123  2.26145441e+27  2.12987768e+27  4.60050127e+19  10.531643 
d  1.42885886  0.867721911  11.4126358  10.7479831  2.26759401e+27  2.13553316e+27  4.61285819e+19  10.5602268 
d  1.4288989  0.867697596  11.1292038  10.4804349  2.2737052e+27  2.14116121e+27  4.62515658e+19  10.5886783 
d  1.42893894  0.867673283  10.8434969  10.2107763  2.2797882e+27  2.14676203e+27  4.63739694e+19  10.6169985 
d  1.42897898  0.86764897  10.5555235  9.93901555  2.28584326e+27  2.15233587e+27  4.64957974e+19  10.6451884 
d  1.42901902  0.867624659  10.265292  9.66516095  2.29187061e+27  2.15788293e+27  4.66170548e+19  10.6732493 
d  1.42905906  0.86760035  9.97281062  9.38922066  2.29787048e+27  2.16340346e+27  4.67377461e+19  10.7011821 
d  1.4290991  0.867576042  9.67808756  9.11120271  2.30384309e+27  2.16889765e+27  4.6857876e+19  10.7289879 
d  1.42913914  0.867551735  9.38113081  8.83111502  2.30978866e+27  2.17436573e+27  4.69774492e+19  10.7566678 
d  1.42917918  0.86752743  9.08194827  8.54896541  2.31570742e+27  2.17980791e+27  4.709647e+19  10.7842228 
d  1.42921922  0.867503126  8.78054773  8.26476159  2.32159958e+27  2.18522439e+27  4.7214943e+19  10.8116538 
d  1.42925926  0.867478823  8.4769369  7.97851117  2.32746536e+27  2.19061538e+27  4.73328725e+19  10.8389619 
d  1.4292993  0.867454522  8.17112334  7.69022165  2.33330495e+27  2.19598108e+27  4.74502628e+19  10.866148 
d  1.42933934  0.867430222  7.86311454  7.39990045  2.33911858e+27  2.20132169e+27  4.75671182e+19  10.8932131 
d  1.42937938  0.867405923  7.55291788  7.10755486  2.34490644e+27  2.20663741e+27  4.76834428e+19  10.9201582 
d  1.42941942  0.867381626  7.24054062  6.81319209  2.35066873e+27  2.21192843e+27  4.77992409e+19  10.9469842 
d  1.42945946  0.86735733  6.92598995  6.51681928  2.35640566e+27  2.21719493e+27  4.79145164e+19  10.9736919 
d  1.4294995  0.867333035  6.60927295  6.21844345  2.36211741e+27  2.22243712e+27  4.80292734e+19  11.0002825 
d  1.42953954  0.867308742  6.2903966  5.91807152  2.36780419e+27  2.22765517e+27  4.81435159e+19  11.0267566 
d  1.42957958  0.86728445  5.9693678  5.61571034  2.37346617e+27  2.23284927e+27  4.82572477e+19  11.0531152 
d  1.42961962  0.86726016  5.64619335  5.31136667  2.37910356e+27  2.23801959e+27  4.83704728e+19  11.0793592 
d  1.42965966  0.867235871  5.32087995  5.00504719  2.38471652e+27  2.24316633e+27  4.84831948e+19  11.1054895 
d  1.4296997  0.867211583  4.99343424  4.69675848  2.39030525e+27  2.24828964e+27  4.85954177e+19  11.1315068 
d  1.42973974  0.867187297  4.66386274  4.38650704  2.39586993e+27  2.25338971e+27  4.8707145e+19  11.1574121 
d  1.42977978  0.867163012  4.33217192  4.07429929  2.40141073e+27  2.2584667e+27  4.88183805e+19  11.1832062 
d  1.42981982  0.867138728  3.99836813  3.76014158  2.40692783e+27  2.2635208e+27  4.89291276e+19  11.2088898 
d  1.42985986  0.867114446  3.66245766  3.44404017  2.41242139e+27  2.26855215e+27  4.90393901e+19  11.2344637 
d  1.4298999  0.867090165  3.32444672  3.12600125  2.4178916e+27  2.27356093e+27  4.91491714e+19  11.2599289 
d  1.42993994  0.867065885  2.98434143  2.80603092  2.42333862e+27  2.2785473e+27  4.92584749e+19  11.285286 
d  1.42997998  0.867041607  2.64214784  2.48413522  2.42876262e+27  2.28351142e+27  4.93673042e+19  11.3105359 
d  1.43002002  0.86701733  2.29787192  2.16032011  2.43416375e+27  2.28845344e+27  4.94756624e+19  11.3356792 
d  1.43006006  0.866993055  1.95151956  1.83459147  2.43954219e+27  2.29337353e+27  4.95835531e+19  11.3607168 
d  1.4301001  0.866968781  1.60309658  1.50695513  2.44489809e+27  2.29827184e+27  4.96909795e+19  11.3856494 
d  1.43014014  0.866944508  1.25260873  1.17741684  2.45023161e+27  2.30314851e+27  4.97979448e+19  11.4104777 
d  1.43018018  0.866920236  0.900061694  0.845982259  2.4555429e+27  2.30800371e+27  4.99044522e+19  11.4352025 
d  1.43022022  0.866895966  0.545461063  0.512657012  2.46083212e+27  2.31283758e+27  5.0010505e+19  11.4598245 
d  1.43026026  0.866871698  0.188812378  0.17744664  2.46609943e+27  2.31765026e+27  5.01161062e+19  11.4843443 
d  1.4303003  0.86684743  -0.169878894  -0.15964338  2.47134496e+27  2.3224419e+27  5.02212589e+19  11.5087627 
d  1.43034034  0.866823164  -0.530607355  -0.498607633  2.47656888e+27  2.32721265e+27  5.03259662e+19  11.5330804 
d  1.43038038  0.8667989  -0.893367669  -0.839440769  2.48177132e+27  2.33196264e+27  5.04302311e+19  11.5572981 
d  1.43042042  0.866774636  -1.25815457  -1.1821375  2.48695243e+27  2.33669201e+27  5.05340565e+19  11.5814164 
d  1.43046046  0.866750374  -1.62496285  -1.5266926  2.49211236e+27  2.34140091e+27  5.06374455e+19  11.605436 
d  1.4305005  0.866726114  -1.99378737  -1.8731009  2.49725124e+27  2.34608947e+27  5.07404009e+19  11.6293575 
d  1.43054054  0.866701855  -2.36462305  -2.2213573  2.50236921e+27  2.35075782e+27  5.08429256e+19  11.6531816 
d  1.43058058  0.866677597  -2.73746488  -2.57145675  2.50746642e+27  2.35540609e+27  5.09450224e+19  11.676909 
d  1.43062062  0.86665334  -3.11230788  -2.92339426  2.51254299e+27  2.36003443e+27  5.10466941e+19  11.7005402 
d  1.43066066  0.866629085  -3.48914718  -3.27716489  2.51759906e+27  2.36464295e+27  5.11479435e+19  11.724076 
d  1.4307007  0.866604832  -3.86797792  -3.63276377  2.52263478e+27  2.36923178e+27  5.12487734e+19  11.7475169 
d  1.43074074  0.866580579  -4.24879532  -3.99018608  2.52765025e+27  2.37380106e+27  5.13491864e+19  11.7708635 
d  1.43078078  0.866556328  -4.63159465  -4.34942704  2.53264563e+27  2.37835091e+27  5.14491852e+19  11.7941165 
d  1.43082082  0.866532078  -5.01637125  -4.71048194  2.53762102e+27  2.38288145e+27  5.15487725e+19  11.8172764 
d  1.43086086  0.86650783  -5.4031205  -5.07334613  2.54257657e+27  2.38739281e+27  5.16479509e+19  11.8403438 
d  1.4309009  0.866483583  -5.79183783  -5.43801499  2.5475124e+27  2.3918851e+27  5.17467229e+19  11.8633193 
d  1.43094094  0.866459338  -6.18251874  -5.80448396  2.55242862e+27  2.39635845e+27  5.18450911e+19  11.8862036 
d  1.43098098  0.866435093  -6.57515877  -6.17274853  2.55732537e+27  2.40081297e+27  5.1943058e+19  11.9089971 
d  1.43102102  0.86641085  -6.96975352  -6.54280425  2.56220277e+27  2.40524878e+27  5.20406262e+19  11.9317004 
d  1.43106106  0.866386609  -7.36629863  -6.9146467  2.56706093e+27  2.409666e+27  5.2137798e+19  11.9543141 
d  1.4311011  0.866362369  -7.7647898  -7.28827152  2.57189997e+27  2.41406474e+27  5.2234576e+19  11.9768387 
d  1.43114114  0.86633813  -8.16522276  -7.6636744  2.57672001e+27  2.41844512e+27  5.23309625e+19  11.9992749 
d  1.43118118  0.866313892  -8.56759333  -8.04085107  2.58152116e+27  2.42280724e+27  5.242696e+19  12.021623 
d  1.43122122  0.866289656  -8.97189734  -8.4197973  2.58630354e+27  2.42715122e+27  5.25225708e+19  12.0438837 
d  1.43126126  0.866265422  -9.37813067  -8.80050893  2.59106727e+27  2.43147717e+27  5.26177971e+19  12.0660575 
d  1.4313013  0.866241188  -9.78628927  -9.18298181  2.59581245e+27  2.4357852e+27  5.27126415e+19  12.0881449 
d  1.43134134  0.866216956  -10.1963691  -9.56721186  2.6005392e+27  2.4400754e+27  5.2807106e+19  12.1101464 
d  1.43138138  0.866192725  -10.6083662  -9.95319504  2.60524763e+27  2.4443479e+27  5.2901193e+19  12.1320626 
d  1.43142142  0.866168496  -11.0222767  -10.3409273  2.60993783e+27  2.44860279e+27  5.29949047e+19  12.1538939 
d  1.43146146  0.866144268  -11.4380966  -10.7304048  2.61460993e+27  2.45284018e+27  5.30882434e+19  12.1756408 
d  1.4315015  0.866120041  -11.8558222  -11.1216235  2.61926403e+27  2.45706016e+27  5.31812111e+19  12.1973039 
d  1.43154154  0.866095816  -12.2754496  -11.5145796  2.62390022e+27  2.46126285e+27  5.32738101e+19  12.2188836 
d  1.43158158  0.866071592  -12.696975  -11.9092693  2.62851862e+27  2.46544834e+27  5.33660425e+19  12.2403803 
d  1.43162162  0.86604737  -13.1203948  -12.3056886  2.63311933e+27  2.46961674e+27  5.34579105e+19  12.2617947 
d  1.43166166  0.866023148  -13.5457053  -12.703834  2.63770245e+27  2.47376813e+27  5.35494161e+19  12.2831271 
d  1.4317017  0.865998929  -13.9729029  -13.1037016  2.64226809e+27  2.47790262e+27  5.36405614e+19  12.3043781 
d  1.43174174  0.86597471  -14.4019838  -13.5052878  2.64681633e+27  2.48202031e+27  5.37313484e+19  12.325548 
d  1.43178178  0.865950493  -14.8329448  -13.908589  2.65134728e+27  2.48612128e+27  5.38217792e+19  12.3466374 
d  1.43182182  0.865926277  -15.265782  -14.3136015  2.65586103e+27  2.49020564e+27  5.39118559e+19  12.3676467 
d  1.43186186  0.865902063  -15.7004923  -14.7203218  2.66035769e+27  2.49427347e+27  5.40015803e+19  12.3885764 
d  1.4319019  0.86587785  -16.1370719  -15.1287464  2.66483735e+27  2.49832488e+27  5.40909544e+19  12.4094268 
d  1.43194194  0.865853638  -16.5755177  -15.5388717  2.66930009e+27  2.50235995e+27  5.41799803e+19  12.4301985 
d  1.43198198  0.865829428  -17.0158262  -15.9506943  2.67374603e+27  2.50637877e+27  5.42686598e+19  12.4508919 
d  1.43202202  0.865805219  -17.4579941  -16.3642107  2.67817524e+27  2.51038143e+27  5.43569948e+19  12.4715074 
d  1.43206206  0.865781011  -17.902018  -16.7794177  2.68258783e+27  2.51436802e+27  5.44449873e+19  12.4920454 
d  1.4321021  0.865756805  -18.3478948  -17.1963118  2.68698387e+27  2.51833863e+27  5.45326391e+19  12.5125063 
d  1.43214214  0.8657326  -18.7956213  -17.6148897  2.69136347e+27  2.52229335e+27  5.4619952e+19  12.5328907 
d  1.43218218  0.865708396  -19.2451941  -18.0351481  2.6957267e+27  2.52623226e+27  5.4706928e+19  12.5531988 
d  1.43222222  0.865684194  -19.6966103  -18.4570838  2.70007366e+27  2.53015545e+27  5.47935687e+19  12.5734311 
d  1.43226226  0.865659993  -20.1498666  -18.8806935  2.70440444e+27  2.534063e+27  5.48798761e+19  12.5935881 
d  1.4323023  0.865635793  -20.60496  -19.305974  2.70871912e+27  2.53795499e+27  5.49658519e+19  12.61367 
d  1.43234234  0.865611595  -21.0618874  -19.7329223  2.71301779e+27  2.54183152e+27  5.50514979e+19  12.6336774 
d  1.43238238  0.865587398  -21.5206458  -20.1615351  2.71730053e+27  2.54569265e+27  5.51368157e+19  12.6536106 
d  1.43242242  0.865563203  -21.9812323  -20.5918094  2.72156742e+27  2.54953848e+27  5.52218072e+19  12.6734699 
d  1.43246246  0.865539009  -22.4436438  -21.0237421  2.72581855e+27  2.55336908e+27  5.53064741e+19  12.6932559 
d  1.4325025  0.865514816  -22.9078775  -21.4573301  2.73005401e+27  2.55718454e+27  5.5390818e+19  12.7129688 
d  1.43254254  0.865490625  -23.3739303  -21.8925705  2.73427386e+27  2.56098493e+27  5.54748407e+19  12.732609 
d  1.43258258  0.865466434  -23.8417996  -22.3294603  2.7384782e+27  2.56477033e+27  5.55585437e+19  12.752177 
d  1.43262262  0.865442246  -24.3114825  -22.7679965  2.7426671e+27  2.56854081e+27  5.56419288e+19  12.7716731 
d  1.43266266  0.865418058  -24.782976  -23.2081761  2.74684065e+27  2.57229646e+27  5.57249977e+19  12.7910976 
d  1.4327027  0.865393872  -25.2562776  -23.6499964  2.75099891e+27  2.57603736e+27  5.58077518e+19  12.810451 
d  1.43274274  0.865369688  -25.7313843  -24.0934545  2.75514197e+27  2.57976357e+27  5.58901928e+19  12.8297336 
d  1.43278278  0.865345504  -26.2082936  -24.5385475  2.75926991e+27  2.58347517e+27  5.59723223e+19  12.8489457 
d  1.43282282  0.865321322  -26.6870027  -24.9852725  2.7633828e+27  2.58717223e+27  5.60541419e+19  12.8680877 
d  1.43286286  0.865297142  -27.1675089  -25.4336269  2.76748071e+27  2.59085484e+27  5.61356532e+19  12.88716 
d  1.4329029  0.865272963  -27.6498097  -25.8836078  2.77156373e+27  2.59452306e+27  5.62168576e+19  12.9061629 
d  1.43294294  0.865248785  -28.1339023  -26.3352126  2.77563192e+27  2.59817696e+27  5.62977568e+19  12.9250967 
d  1.43298298  0.865224608  -28.6197844  -26.7884385  2.77968537e+27  2.60181661e+27  5.63783522e+19  12.9439618 
d  1.43302302  0.865200433  -29.1074532  -27.2432828  2.78372413e+27  2.6054421e+27  5.64586453e+19  12.9627586 
d  1.43306306  0.865176259  -29.5969062  -27.6997429  2.78774829e+27  2.60905347e+27  5.65386377e+19  12.9814873 
d  1.4331031  0.865152086  -30.0881411  -28.1578162  2.79175792e+27  2.61265082e+27  5.66183307e+19  13.0001484 
d  1.43314314  0.865127915  -30.5811552  -28.6175001  2.79575308e+27  2.6162342e+27  5.6697726e+19  13.0187421 
d  1.43318318  0.865103746  -31.0759461  -29.0787919  2.79973385e+27  2.61980368e+27  5.67768248e+19  13.0372687 
d  1.43322322  0.865079577  -31.5725115  -29.5416892  2.80370029e+27  2.62335933e+27  5.68556288e+19  13.0557287 
d  1.43326326  0.86505541  -32.0708488  -30.0061894  2.80765248e+27  2.62690122e+27  5.69341392e+19  13.0741222 
d  1.4333033  0.865031244  -32.5709558  -30.4722899  2.81159049e+27  2.63042942e+27  5.70123575e+19  13.0924497 
d  1.43334334  0.86500708  -33.0728301  -30.9399884  2.81551437e+27  2.63394398e+27  5.70902851e+19  13.1107114 
d  1.43338338  0.864982917  -33.5764694  -31.4092823  2.81942421e+27  2.63744498e+27  5.71679234e+19  13.1289077 
d  1.43342342  0.864958755  -34.0818713  -31.8801692  2.82332006e+27  2.64093249e+27  5.72452738e+19  13.1470388 
d  1.43346346  0.864934595  -34.5890336  -32.3526467  2.82720199e+27  2.64440655e+27  5.73223376e+19  13.1651052 
d  1.4335035  0.864910436  -35.097954  -32.8267124  2.83107007e+27  2.64786725e+27  5.73991162e+19  13.183107 
d  1.43354354  0.864886278  -35.6086303  -33.3023639  2.83492436e+27  2.65131463e+27  5.74756109e+19  13.2010446 
d  1.43358358  0.864862122  -36.1210603  -33.7795989  2.83876492e+27  2.65474877e+27  5.7551823e+19  13.2189182 
d  1.43362362  0.864837967  -36.6352418  -34.258415  2.84259183e+27  2.65816973e+27  5.7627754e+19  13.2367283 
d  1.43366366  0.864813813  -37.1511726  -34.73881  2.84640514e+27  2.66157756e+27  5.7703405e+19  13.254475 
d  1.4337037  0.864789661  -37.6688506  -35.2207816  2.85020491e+27  2.66497233e+27  5.77787774e+19  13.2721587 
d  1.43374374  0.86476551  -38.1882737  -35.7043274  2.85399121e+27  2.6683541e+27  5.78538724e+19  13.2897797 
d  1.43378378  0.86474136  -38.7094397  -36.1894453  2.8577641e+27  2.67172293e+27  5.79286914e+19  13.3073382 
d  1.43382382  0.864717212  -39.2323466  -36.6761331  2.86152364e+27  2.67507888e+27  5.80032356e+19  13.3248345 
d  1.43386386  0.864693065  -39.7569923  -37.1643884  2.8652699e+27  2.67842201e+27  5.80775062e+19  13.342269 
d  1.4339039  0.86466892  -40.2833748  -37.6542092  2.86900292e+27  2.68175238e+27  5.81515045e+19  13.3596418 
d  1.43394394  0.864644776  -40.8114921  -38.1455933  2.87272277e+27  2.68507003e+27  5.82252318e+19  13.3769533 
d  1.43398398  0.864620633  -41.3413421  -38.6385385  2.87642951e+27  2.68837504e+27  5.82986892e+19  13.3942038 
d  1.43402402  0.864596491  -41.872923  -39.1330427  2.8801232e+27  2.69166746e+27  5.83718779e+19  13.4113935 
d  1.43406406  0.864572351  -42.4062326  -39.6291038  2.8838039e+27  2.69494735e+27  5.84447992e+19  13.4285227 
d  1.4341041  0.864548213  -42.9412692  -40.1267198  2.88747166e+27  2.69821476e+27  5.85174543e+19  13.4455916 
d  1.43414414  0.864524075  -43.4780308  -40.6258885  2.89112654e+27  2.70146974e+27  5.85898443e+19  13.4626006 
d  1.43418418  0.864499939  -44.0165154  -41.1266079  2.8947686e+27  2.70471236e+27  5.86619704e+19  13.4795498 
d  1.43422422  0.864475804  -44.5567213  -41.628876  2.8983979e+27  2.70794267e+27  5.87338338e+19  13.4964396 
d  1.43426426  0.864451671  -45.0986465  -42.1326908  2.90201448e+27  2.71116072e+27  5.88054356e+19  13.5132702 
d  1.4343043  0.864427539  -45.6422891  -42.6380502  2.90561841e+27  2.71436656e+27  5.88767769e+19  13.5300419 
d  1.43434434  0.864403408  -46.1876475  -43.1449523  2.90920973e+27  2.71756025e+27  5.8947859e+19  13.5467549 
d  1.43438438  0.864379279  -46.7347197  -43.6533951  2.91278851e+27  2.72074185e+27  5.90186829e+19  13.5634095 
d  1.43442442  0.864355151  -47.2835041  -44.1633768  2.9163548e+27  2.72391141e+27  5.90892498e+19  13.5800059 
d  1.43446446  0.864331024  -47.8339987  -44.6748953  2.91990865e+27  2.72706897e+27  5.91595607e+19  13.5965445 
d  1.4345045  0.864306899  -48.3862019  -45.1879488  2.92345012e+27  2.73021459e+27  5.92296168e+19  13.6130253 
d  1.43454454  0.864282775  -48.9401119  -45.7025353  2.92697925e+27  2.73334832e+27  5.92994191e+19  13.6294487 
d  1.43458458  0.864258652  -49.495727  -46.218653  2.93049611e+27  2.73647021e+27  5.93689688e+19  13.645815 
d  1.43462462  0.864234531  -50.0530456  -46.7363001  2.93400073e+27  2.73958032e+27  5.94382668e+19  13.6621243 
d  1.43466466  0.864210411  -50.6120659  -47.2554747  2.93749318e+27  2.74267869e+27  5.95073144e+19  13.6783769 
d  1.4347047  0.864186293  -51.1727862  -47.776175  2.9409735e+27  2.74576538e+27  5.95761125e+19  13.694573 
d  1.43474474  0.864162175  -51.735205  -48.2983991  2.94444175e+27  2.74884042e+27  5.96446621e+19  13.7107129 
d  1.43478478  0.86413806  -52.2993205  -48.8221453  2.94789797e+27  2.75190388e+27  5.97129644e+19  13.7267969 
d  1.43482482  0.864113945  -52.8651312  -49.3474118  2.95134222e+27  2.7549558e+27  5.97810204e+19  13.7428251 
d  1.43486486  0.864089832  -53.4326355  -49.8741969  2.95477454e+27  2.75799623e+27  5.9848831e+19  13.7587977 
d  1.4349049  0.86406572  -54.0018317  -50.4024988  2.95819499e+27  2.76102522e+27  5.99163973e+19  13.7747151 
d  1.43494494  0.86404161  -54.5727183  -50.9323157  2.96160361e+27  2.76404281e+27  5.99837204e+19  13.7905774 
d  1.43498498  0.8640175  -55.1452939  -51.4636459  2.96500044e+27  2.76704905e+27  6.00508011e+19  13.8063848 
d  1.43502503  0.863993393  -55.7195567  -51.9964879  2.96838555e+27  2.77004399e+27  6.01176406e+19  13.8221377 
d  1.43506507  0.863969286  -56.2955053  -52.5308398  2.97175898e+27  2.77302768e+27  6.01842398e+19  13.8378361 
d  1.43510511  0.863945181  -56.8731382  -53.0666999  2.97512077e+27  2.77600016e+27  6.02505996e+19  13.8534804 
d  1.43514515  0.863921077  -57.4524539  -53.6040668  2.97847096e+27  2.77896148e+27  6.03167211e+19  13.8690707 
d  1.43518519  0.863896975  -58.033451  -54.1429386  2.98180962e+27  2.78191168e+27  6.03826052e+19  13.8846073 
d  1.43522523  0.863872874  -58.6161279  -54.6833138  2.98513678e+27  2.78485081e+27  6.04482529e+19  13.9000904 
d  1.43526527  0.863848774  -59.2004832  -55.2251908  2.98845249e+27  2.78777892e+27  6.05136651e+19  13.9155201 
d  1.43530531  0.863824676  -59.7865155  -55.7685679  2.9917568e+27  2.79069604e+27  6.05788428e+19  13.9308968 
d  1.43534535  0.863800579  -60.3742234  -56.3134436  2.99504974e+27  2.79360223e+27  6.06437869e+19  13.9462206 
d  1.43538539  0.863776483  -60.9636054  -56.8598163  2.99833137e+27  2.79649752e+27  6.07084983e+19  13.9614917 
d  1.43542543  0.863752389  -61.5546602  -57.4076845  3.00160173e+27  2.79938196e+27  6.0772978e+19  13.9767104 
d  1.43546547  0.863728296  -62.1473863  -57.9570465  3.00486087e+27  2.80225559e+27  6.08372269e+19  13.9918767 
d  1.43550551  0.863704204  -62.7417825  -58.507901  3.00810882e+27  2.80511847e+27  6.09012458e+19  14.0069911 
d  1.43554555  0.863680114  -63.3378474  -59.0602463  3.01134563e+27  2.80797062e+27  6.09650358e+19  14.0220536 
d  1.43558559  0.863656025  -63.9355796  -59.6140809  3.01457135e+27  2.81081209e+27  6.10285977e+19  14.0370644 
d  1.43562563  0.863631937  -64.5349779  -60.1694034  3.01778602e+27  2.81364293e+27  6.10919323e+19  14.0520238 
d  1.43566567  0.863607851  -65.1360409  -60.7262123  3.02098967e+27  2.81646317e+27  6.11550406e+19  14.0669319 
d  1.43570571  0.863583766  -65.7387672  -61.2845061  3.02418236e+27  2.81927286e+27  6.12179235e+19  14.081789 
d  1.43574575  0.863559682  -66.3431558  -61.8442834  3.02736412e+27  2.82207204e+27  6.12805817e+19  14.0965952 
d  1.43578579  0.8635356  -66.9492051  -62.4055427  3.030535e+27  2.82486075e+27  6.13430163e+19  14.1113508 
d  1.43582583  0.863511519  -67.5569141  -62.9682826  3.03369504e+27  2.82763902e+27  6.1405228e+19  14.1260559 
d  1.43586587  0.863487439  -68.1662815  -63.5325017  3.03684428e+27  2.83040691e+27  6.14672177e+19  14.1407108 
d  1.43590591  0.863463361  -68.777306  -64.0981985  3.03998276e+27  2.83316445e+27  6.15289863e+19  14.1553155 
d  1.43594595  0.863439284  -69.3899864  -64.6653718  3.04311051e+27  2.83591168e+27  6.15905345e+19  14.1698704 
d  1.43598599  0.863415209  -70.0043215  -65.23402  3.04622759e+27  2.83864863e+27  6.16518633e+19  14.1843755 
d  1.43602603  0.863391135  -70.6203102  -65.8041419  3.04933403e+27  2.84137536e+27  6.17129734e+19  14.1988312 
d  1.43606607  0.863367062  -71.2379511  -66.3757361  3.05242987e+27  2.8440919e+27  6.17738657e+19  14.2132375 
d  1.43610611  0.86334299  -71.8572433  -66.9488012  3.05551515e+27  2.84679828e+27  6.1834541e+19  14.2275946 
d  1.43614615  0.86331892  -72.4781854  -67.5233359  3.05858991e+27  2.84949454e+27  6.18950001e+19  14.2419028 
d  1.43618619  0.863294851  -73.1007764  -68.0993389  3.06165418e+27  2.85218073e+27  6.19552439e+19  14.2561622 
d  1.43622623  0.863270784  -73.7250152  -68.6768089  3.06470802e+27  2.85485688e+27  6.2015273e+19  14.270373 
d  1.43626627  0.863246717  -74.3509005  -69.2557446  3.06775145e+27  2.85752303e+27  6.20750884e+19  14.2845354 
d  1.43630631  0.863222653  -74.9784313  -69.8361446  3.07078451e+27  2.86017922e+27  6.21346908e+19  14.2986495 
d  1.43634635  0.863198589  -75.6076065  -70.4180078  3.07380724e+27  2.86282548e+27  6.2194081e+19  14.3127156 
d  1.43638639  0.863174527  -76.238425  -71.0013328  3.07681968e+27  2.86546185e+27  6.22532598e+19  14.3267338 
d  1.43642643  0.863150466  -76.8708857  -71.5861184  3.07982187e+27  2.86808837e+27  6.23122279e+19  14.3407042 
d  1.43646647  0.863126407  -77.5049876  -72.1723634  3.08281384e+27  2.87070507e+27  6.23709862e+19  14.3546271 
d  1.43650651  0.863102349  -78.1407296  -72.7600665  3.08579563e+27  2.87331199e+27  6.24295353e+19  14.3685026 
d  1.43654655  0.863078292  -78.7781106  -73.3492265  3.08876727e+27  2.87590916e+27  6.24878761e+19  14.382331 
d  1.43658659  0.863054237  -79.4171297  -73.9398421  3.09172881e+27  2.87849663e+27  6.25460093e+19  14.3961123 
d  1.43662663  0.863030183  -80.0577858  -74.5319123  3.09468028e+27  2.88107443e+27  6.26039356e+19  14.4098467 
d  1.43666667  0.86300613  -80.7000778  -75.1254357  3.09762171e+27  2.88364258e+27  6.26616558e+19  14.4235344 
d  1.43670671  0.862982078  -81.3440048  -75.7204112  3.10055315e+27  2.88620114e+27  6.27191707e+19  14.4371756 
d  1.43674675  0.862958028  -81.9895658  -76.3168377  3.10347461e+27  2.88875012e+27  6.2776481e+19  14.4507704 
d  1.43678679  0.86293398  -82.6367599  -76.914714  3.10638615e+27  2.89128958e+27  6.28335873e+19  14.4643191 
d  1.43682683  0.862909932  -83.2855859  -77.5140389  3.1092878e+27  2.89381953e+27  6.28904905e+19  14.4778217 
d  1.43686687  0.862885886  -83.9360431  -78.1148112  3.11217958e+27  2.89634002e+27  6.29471913e+19  14.4912784 
d  1.43690691  0.862861842  -84.5881303  -78.71703  3.11506154e+27  2.89885108e+27  6.30036903e+19  14.5046894 
d  1.43694695  0.862837798  -85.2418468  -79.3206939  3.11793371e+27  2.90135274e+27  6.30599882e+19  14.5180548 
d  1.43698699  0.862813756  -85.8971915  -79.925802  3.12079613e+27  2.90384504e+27  6.31160859e+19  14.5313749 
d  1.43702703  0.862789715  -86.5541635  -80.5323531  3.12364882e+27  2.906328e+27  6.3171984e+19  14.5446497 
d  1.43706707  0.862765676  -87.212762  -81.1403461  3.12649182e+27  2.90880167e+27  6.32276831e+19  14.5578794 
d  1.43710711  0.862741638  -87.872986  -81.74978  3.12932516e+27  2.91126608e+27  6.3283184e+19  14.5710642 
d  1.43714715  0.862717601  -88.5348346  -82.3606536  3.13214888e+27  2.91372125e+27  6.33384874e+19  14.5842042 
d  1.43718719  0.862693566  -89.1983069  -82.9729659  3.13496301e+27  2.91616722e+27  6.3393594e+19  14.5972996 
d  1.43722723  0.862669532  -89.8634021  -83.5867159  3.13776758e+27  2.91860403e+27  6.34485044e+19  14.6103506 
d  1.43726727  0.8626455  -90.5301193  -84.2019025  3.14056263e+27  2.9210317e+27  6.35032192e+19  14.6233572 
d  1.43730731  0.862621468  -91.1984577  -84.8185246  3.14334819e+27  2.92345027e+27  6.35577393e+19  14.6363197 
d  1.43734735  0.862597438  -91.8684164  -85.4365813  3.14612428e+27  2.92585976e+27  6.36120652e+19  14.6492382 
d  1.43738739  0.86257341  -92.5399945  -86.0560715  3.14889095e+27  2.92826022e+27  6.36661977e+19  14.6621128 
d  1.43742743  0.862549382  -93.2131913  -86.6769941  3.15164822e+27  2.93065167e+27  6.37201373e+19  14.6749437 
d  1.43746747  0.862525356  -93.8880059  -87.2993483  3.15439613e+27  2.93303413e+27  6.37738847e+19  14.687731 
d  1.43750751  0.862501332  -94.5644375  -87.923133  3.1571347e+27  2.93540765e+27  6.38274407e+19  14.7004749 
d  1.43754755  0.862477309  -95.2424853  -88.5483472  3.15986396e+27  2.93777226e+27  6.38808057e+19  14.7131755 
d  1.43758759  0.862453287  -95.9221486  -89.17499  3.16258396e+27  2.94012798e+27  6.39339805e+19  14.725833 
d  1.43762763  0.862429266  -96.6034264  -89.8030603  3.16529471e+27  2.94247484e+27  6.39869657e+19  14.7384475 
d  1.43766767  0.862405247  -97.2863182  -90.4325572  3.16799625e+27  2.94481288e+27  6.4039762e+19  14.7510192 
d  1.43770771  0.862381229  -97.970823  -91.0634798  3.17068862e+27  2.94714212e+27  6.40923699e+19  14.7635481 
d  1.43774775  0.862357212  -98.6569401  -91.6958271  3.17337183e+27  2.94946259e+27  6.41447902e+19  14.7760345 
d  1.43778779  0.862333197  -99.3446689  -92.3295982  3.17604592e+27  2.95177433e+27  6.41970234e+19  14.7884785 
d  1.43782783  0.862309183  -100.034008  -92.9647922  3.17871092e+27  2.95407737e+27  6.42490701e+19  14.8008802 
d  1.43786787  0.862285171  -100.724958  -93.6014081  3.18136686e+27  2.95637172e+27  6.43009309e+19  14.8132397 
d  1.43790791  0.862261159  -101.417517  -94.239445  3.18401377e+27  2.95865743e+27  6.43526066e+19  14.8255573 
d  1.43794795  0.86223715  -102.111685  -94.8789021  3.18665167e+27  2.96093451e+27  6.44040976e+19  14.837833 
d  1.43798799  0.862213141  -102.807461  -95.5197784  3.18928061e+27  2.96320301e+27  6.44554047e+19  14.8500669 
d  1.43802803  0.862189134  -103.504844  -96.162073  3.19190059e+27  2.96546294e+27  6.45065283e+19  14.8622592 
d  1.43806807  0.862165128  -104.203833  -96.8057851  3.19451166e+27  2.96771434e+27  6.45574691e+19  14.8744101 
d  1.43810811  0.862141123  -104.904428  -97.4509137  3.19711385e+27  2.96995723e+27  6.46082277e+19  14.8865196 
d  1.43814815  0.86211712  -105.606629  -98.0974581  3.19970717e+27  2.97219164e+27  6.46588046e+19  14.898588 
d  1.43818819  0.862093118  -106.310434  -98.7454174  3.20229167e+27  2.97441761e+27  6.47092006e+19  14.9106153 
d  1.43822823  0.862069118  -107.015843  -99.3947907  3.20486736e+27  2.97663515e+27  6.4759416e+19  14.9226016 
d  1.43826827  0.862045119  -107.722855  -100.045577  3.20743428e+27  2.9788443e+27  6.48094516e+19  14.9345471 
d  1.43830831  0.862021121  -108.43147  -100.697776  3.20999245e+27  2.98104508e+27  6.48593079e+19  14.946452 
d  1.43834835  0.861997124  -109.141687  -101.351386  3.2125419e+27  2.98323752e+27  6.49089855e+19  14.9583163 
d  1.43838839  0.861973129  -109.853505  -102.006407  3.21508266e+27  2.98542164e+27  6.49584849e+19  14.9701402 
d  1.43842843  0.861949135  -110.566923  -102.662838  3.21761475e+27  2.98759748e+27  6.50078067e+19  14.9819238 
d  1.43846847  0.861925143  -111.281942  -103.320678  3.2201382e+27  2.98976506e+27  6.50569515e+19  14.9936672 
d  1.43850851  0.861901151  -111.99856  -103.979926  3.22265305e+27  2.99192441e+27  6.51059199e+19  15.0053706 
d  1.43854855  0.861877162  -112.716777  -104.640582  3.22515931e+27  2.99407555e+27  6.51547123e+19  15.0170341 
d  1.43858859  0.861853173  -113.436592  -105.302644  3.22765701e+27  2.99621851e+27  6.52033294e+19  15.0286578 
d  1.43862863  0.861829186  -114.158005  -105.966113  3.23014618e+27  2.99835332e+27  6.52517716e+19  15.0402418 
d  1.43866867  0.8618052  -114.881015  -106.630986  3.23262684e+27  3.00048e+27  6.53000397e+19  15.0517863 
d  1.43870871  0.861781216  -115.605622  -107.297264  3.23509903e+27  3.00259858e+27  6.5348134e+19  15.0632913 
d  1.43874875  0.861757232  -116.331824  -107.964946  3.23756276e+27  3.00470908e+27  6.53960551e+19  15.0747571 
d  1.43878879  0.861733251  -117.059622  -108.63403  3.24001807e+27  3.00681153e+27  6.54438037e+19  15.0861837 
d  1.43882883  0.86170927  -117.789014  -109.304517  3.24246497e+27  3.00890596e+27  6.54913801e+19  15.0975712 
d  1.43886887  0.861685291  -118.520001  -109.976404  3.2449035e+27  3.01099238e+27  6.5538785e+19  15.1089197 
d  1.43890891  0.861661313  -119.252582  -110.649693  3.24733368e+27  3.01307083e+27  6.55860188e+19  15.1202295 
d  1.43894895  0.861637337  -119.986755  -111.324382  3.24975553e+27  3.01514133e+27  6.56330821e+19  15.1315005 
d  1.43898899  0.861613361  -120.722522  -112.000469  3.25216908e+27  3.01720391e+27  6.56799755e+19  15.142733 
d  1.43902903  0.861589388  -121.45988  -112.677956  3.25457436e+27  3.01925858e+27  6.57266994e+19  15.153927 
d  1.43906907  0.861565415  -122.19883  -113.35684  3.25697138e+27  3.02130538e+27  6.57732543e+19  15.1650826 
d  1.43910911  0.861541444  -122.939371  -114.037121  3.25936018e+27  3.02334433e+27  6.58196408e+19  15.1762 
d  1.43914915  0.861517474  -123.681503  -114.718799  3.26174078e+27  3.02537545e+27  6.58658594e+19  15.1872793 
d  1.43918919  0.861493506  -124.425225  -115.401872  3.2641132e+27  3.02739877e+27  6.59119106e+19  15.1983206 
d  1.43922923  0.861469538  -125.170537  -116.08634  3.26647747e+27  3.02941431e+27  6.59577949e+19  15.209324 
d  1.43926927  0.861445573  -125.917438  -116.772203  3.2688336e+27  3.03142209e+27  6.60035127e+19  15.2202895 
d  1.43930931  0.861421608  -126.665927  -117.45946  3.27118164e+27  3.03342215e+27  6.60490647e+19  15.2312175 
d  1.43934935  0.861397645  -127.416005  -118.148109  3.27352159e+27  3.03541449e+27  6.60944513e+19  15.2421078 
d  1.43938939  0.861373683  -128.16767  -118.838151  3.27585349e+27  3.03739916e+27  6.6139673e+19  15.2529607 
d  1.43942943  0.861349723  -128.920922  -119.529585  3.27817735e+27  3.03937616e+27  6.61847302e+19  15.2637763 
d  1.43946947  0.861325763  -129.675762  -120.22241  3.2804932e+27  3.04134553e+27  6.62296235e+19  15.2745547 
d  1.43950951  0.861301806  -130.432188  -120.916625  3.28280107e+27  3.04330728e+27  6.62743534e+19  15.2852959 
d  1.43954955  0.861277849  -131.190199  -121.61223  3.28510097e+27  3.04526144e+27  6.63189204e+19  15.2960001 
d  1.43958959  0.861253894  -131.949797  -122.309225  3.28739293e+27  3.04720803e+27  6.63633248e+19  15.3066674 
d  1.43962963  0.86122994  -132.710979  -123.007607  3.28967698e+27  3.04914708e+27  6.64075673e+19  15.3172979 
d  1.43966967  0.861205988  -133.473746  -123.707378  3.29195313e+27  3.05107861e+27  6.64516483e+19  15.3278918 
d  1.43970971  0.861182037  -134.238097  -124.408537  3.2942214e+27  3.05300263e+27  6.64955682e+19  15.338449 
d  1.43974975  0.861158087  -135.004032  -125.111082  3.29648183e+27  3.05491918e+27  6.65393276e+19  15.3489698 
d  1.43978979  0.861134138  -135.77155  -125.815013  3.29873443e+27  3.05682828e+27  6.65829268e+19  15.3594542 
d  1.43982983  0.861110191  -136.540652  -126.52033  3.30097923e+27  3.05872994e+27  6.66263664e+19  15.3699024 
d  1.43986987  0.861086245  -137.311336  -127.227031  3.30321624e+27  3.06062419e+27  6.66696469e+19  15.3803143 
d  1.43990991  0.861062301  -138.083602  -127.935118  3.30544549e+27  3.06251105e+27  6.67127686e+19  15.3906903 
d  1.43994995  0.861038357  -138.85745  -128.644588  3.30766701e+27  3.06439055e+27  6.67557321e+19  15.4010302 
d  1.43998999  0.861014416  -139.63288  -129.355441  3.3098808e+27  3.0662627e+27  6.67985378e+19  15.4113343 
d  1.44003003  0.860990475  -140.409891  -130.067677  3.31208691e+27  3.06812752e+27  6.68411862e+19  15.4216027 
d  1.44007007  0.860966536  -141.188482  -130.781295  3.31428533e+27  3.06998505e+27  6.68836777e+19  15.4318354 
d  1.44011011  0.860942598  -141.968654  -131.496295  3.31647611e+27  3.07183529e+27  6.69260127e+19  15.4420325 
d  1.44015015  0.860918662  -142.750405  -132.212676  3.31865926e+27  3.07367828e+27  6.69681918e+19  15.4521943 
d  1.44019019  0.860894726  -143.533737  -132.930437  3.3208348e+27  3.07551402e+27  6.70102153e+19  15.4623206 
d  1.44023023  0.860870793  -144.318648  -133.649578  3.32300275e+27  3.07734255e+27  6.70520837e+19  15.4724117 
d  1.44027027  0.86084686  -145.105137  -134.370099  3.32516313e+27  3.07916389e+27  6.70937975e+19  15.4824677 
d  1.44031031  0.860822929  -145.893206  -135.091998  3.32731597e+27  3.08097805e+27  6.7135357e+19  15.4924886 
d  1.44035035  0.860798999  -146.682852  -135.815276  3.32946128e+27  3.08278505e+27  6.71767628e+19  15.5024745 
d  1.44039039  0.86077507  -147.474077  -136.539932  3.33159909e+27  3.08458492e+27  6.72180152e+19  15.5124256 
d  1.44043043  0.860751143  -148.266879  -137.265965  3.33372942e+27  3.08637768e+27  6.72591147e+19  15.5223419 
d  1.44047047  0.860727217  -149.061259  -137.993375  3.33585228e+27  3.08816334e+27  6.73000617e+19  15.5322236 
d  1.44051051  0.860703293  -149.857215  -138.722161  3.3379677e+27  3.08994194e+27  6.73408566e+19  15.5420707 
d  1.44055055  0.86067937  -150.654748  -139.452323  3.3400757e+27  3.09171348e+27  6.73814999e+19  15.5518833 
d  1.44059059  0.860655448  -151.453858  -140.183861  3.34217629e+27  3.09347798e+27  6.74219919e+19  15.5616615 
d  1.44063063  0.860631527  -152.254544  -140.916773  3.3442695e+27  3.09523548e+27  6.74623332e+19  15.5714055 
d  1.44067067  0.860607608  -153.056806  -141.65106  3.34635535e+27  3.09698599e+27  6.75025241e+19  15.5811152 
d  1.44071071  0.86058369  -153.860643  -142.38672  3.34843386e+27  3.09872952e+27  6.7542565e+19  15.5907909 
d  1.44075075  0.860559774  -154.666055  -143.123754  3.35050505e+27  3.1004661e+27  6.75824564e+19  15.6004325 
d  1.44079079  0.860535858  -155.473043  -143.862161  3.35256893e+27  3.10219575e+27  6.76221987e+19  15.6100403 
d  1.44083083  0.860511944  -156.281605  -144.601941  3.35462553e+27  3.10391848e+27  6.76617922e+19  15.6196142 
d  1.44087087  0.860488032  -157.091742  -145.343092  3.35667487e+27  3.10563432e+27  6.77012374e+19  15.6291544 
d  1.44091091  0.860464121  -157.903452  -146.085615  3.35871696e+27  3.10734329e+27  6.77405347e+19  15.6386609 
d  1.44095095  0.860440211  -158.716737  -146.829509  3.36075183e+27  3.1090454e+27  6.77796845e+19  15.6481339 
d  1.44099099  0.860416302  -159.531595  -147.574774  3.36277949e+27  3.11074068e+27  6.78186872e+19  15.6575734 
d  1.44103103  0.860392395  -160.348027  -148.321409  3.36479996e+27  3.11242914e+27  6.78575432e+19  15.6669796 
d  1.44107107  0.860368489  -161.166032  -149.069414  3.36681327e+27  3.1141108e+27  6.78962529e+19  15.6763525 
d  1.44111111  0.860344584  -161.98561  -149.818788  3.36881943e+27  3.11578568e+27  6.79348167e+19  15.6856921 
d  1.44115115  0.860320681  -162.806761  -150.569531  3.37081846e+27  3.11745381e+27  6.7973235e+19  15.6949987 
d  1.44119119  0.860296779  -163.629484  -151.321643  3.37281037e+27  3.11911519e+27  6.80115081e+19  15.7042723 
d  1.44123123  0.860272878  -164.453779  -152.075123  3.3747952e+27  3.12076985e+27  6.80496365e+19  15.7135129 
d  1.44127127  0.860248979  -165.279646  -152.82997  3.37677295e+27  3.1224178e+27  6.80876206e+19  15.7227207 
d  1.44131131  0.860225081  -166.107085  -153.586185  3.37874365e+27  3.12405907e+27  6.81254607e+19  15.7318957 
d  1.44135135  0.860201185  -166.936096  -154.343766  3.38070731e+27  3.12569367e+27  6.81631572e+19  15.7410381 
d  1.44139139  0.860177289  -167.766678  -155.102714  3.38266395e+27  3.12732162e+27  6.82007106e+19  15.7501479 
d  1.44143143  0.860153395  -168.598831  -155.863028  3.38461358e+27  3.12894295e+27  6.82381211e+19  15.7592252 
d  1.44147147  0.860129503  -169.432555  -156.624708  3.38655624e+27  3.13055766e+27  6.82753892e+19  15.76827 
d  1.44151151  0.860105611  -170.26785  -157.387753  3.38849193e+27  3.13216577e+27  6.83125153e+19  15.7772826 
d  1.44155155  0.860081721  -171.104715  -158.152163  3.39042068e+27  3.13376731e+27  6.83494997e+19  15.7862629 
d  1.44159159  0.860057833  -171.943151  -158.917937  3.3923425e+27  3.13536229e+27  6.83863428e+19  15.795211 
d  1.44163163  0.860033945  -172.783157  -159.685076  3.3942574e+27  3.13695072e+27  6.84230449e+19  15.804127 
d  1.44167167  0.860010059  -173.624733  -160.453578  3.39616541e+27  3.13853264e+27  6.84596065e+19  15.8130111 
d  1.44171171  0.859986175  -174.467879  -161.223444  3.39806655e+27  3.14010805e+27  6.84960279e+19  15.8218632 
d  1.44175175  0.859962291  -175.312594  -161.994672  3.39996083e+27  3.14167697e+27  6.85323095e+19  15.8306836 
d  1.44179179  0.859938409  -176.158879  -162.767264  3.40184826e+27  3.14323942e+27  6.85684516e+19  15.8394721 
d  1.44183183  0.859914528  -177.006734  -163.541217  3.40372888e+27  3.14479541e+27  6.86044546e+19  15.848229 
d  1.44187187  0.859890649  -177.856157  -164.316533  3.40560268e+27  3.14634497e+27  6.86403189e+19  15.8569543 
d  1.44191191  0.859866771  -178.707149  -165.09321  3.4074697e+27  3.14788811e+27  6.86760449e+19  15.8656481 
d  1.44195195  0.859842894  -179.559711  -165.871248  3.40932995e+27  3.14942485e+27  6.87116327e+19  15.8743105 
d  1.44199199  0.859819019  -180.413841  -166.650648  3.41118344e+27  3.1509552e+27  6.8747083e+19  15.8829415 
d  1.44203203  0.859795145  -181.269539  -167.431408  3.41303019e+27  3.15247919e+27  6.87823959e+19  15.8915413 
d  1.44207207  0.859771272  -182.126806  -168.213528  3.41487022e+27  3.15399682e+27  6.88175719e+19  15.9001098 
d  1.44211211  0.859747401  -182.985641  -168.997008  3.41670355e+27  3.15550812e+27  6.88526113e+19  15.9086473 
d  1.44215215  0.859723531  -183.846044  -169.781848  3.41853018e+27  3.1570131e+27  6.88875144e+19  15.9171537 
d  1.44219219  0.859699662  -184.708016  -170.568047  3.42035015e+27  3.15851179e+27  6.89222816e+19  15.9256292 
d  1.44223223  0.859675794  -185.571555  -171.355605  3.42216346e+27  3.16000418e+27  6.89569133e+19  15.9340737 
d  1.44227227  0.859651928  -186.436662  -172.144521  3.42397014e+27  3.16149031e+27  6.89914098e+19  15.9424875 
d  1.44231231  0.859628063  -187.303336  -172.934796  3.42577019e+27  3.16297019e+27  6.90257714e+19  15.9508706 
d  1.44235235  0.8596042  -188.171578  -173.726429  3.42756364e+27  3.16444383e+27  6.90599985e+19  15.959223 
d  1.44239239  0.859580338  -189.041388  -174.519419  3.42935049e+27  3.16591126e+27  6.90940914e+19  15.9675449 
d  1.44243243  0.859556477  -189.912764  -175.313767  3.43113077e+27  3.16737248e+27  6.91280504e+19  15.9758362 
d  1.44247247  0.859532617  -190.785708  -176.109472  3.4329045e+27  3.16882751e+27  6.91618759e+19  15.9840972 
d  1.44251251  0.859508759  -191.660219  -176.906534  3.43467168e+27  3.17027638e+27  6.91955683e+19  15.9923278 
d  1.44255255  0.859484902  -192.536297  -177.704953  3.43643234e+27  3.17171909e+27  6.92291278e+19  16.0005281 
d  1.44259259  0.859461047  -193.413941  -178.504727  3.43818649e+27  3.17315566e+27  6.92625549e+19  16.0086982 
d  1.44263263  0.859437193  -194.293153  -179.305858  3.43993415e+27  3.17458611e+27  6.92958497e+19  16.0168382 
d  1.44267267  0.85941334  -195.173931  -180.108344  3.44167533e+27  3.17601045e+27  6.93290127e+19  16.0249482 
d  1.44271271  0.859389488  -196.056276  -180.912186  3.44341004e+27  3.1774287e+27  6.93620442e+19  16.0330282 
d  1.44275275  0.859365638  -196.940187  -181.717383  3.44513831e+27  3.17884088e+27  6.93949446e+19  16.0410782 
d  1.44279279  0.859341789  -197.825665  -182.523934  3.44686015e+27  3.180247e+27  6.9427714e+19  16.0490985 
d  1.44283283  0.859317941  -198.712709  -183.331841  3.44857557e+27  3.18164707e+27  6.94603529e+19  16.057089 
d  1.44287287  0.859294095  -199.601319  -184.141101  3.45028459e+27  3.18304111e+27  6.94928616e+19  16.0650498 
d  1.44291291  0.85927025  -200.491495  -184.951716  3.45198722e+27  3.18442914e+27  6.95252404e+19  16.072981 
d  1.44295295  0.859246407  -201.383238  -185.763684  3.45368349e+27  3.18581117e+27  6.95574896e+19  16.0808827 
d  1.44299299  0.859222564  -202.276547  -186.577006  3.4553734e+27  3.18718722e+27  6.95896096e+19  16.0887549 
d  1.44303303  0.859198723  -203.171422  -187.391682  3.45705697e+27  3.1885573e+27  6.96216006e+19  16.0965977 
d  1.44307307  0.859174884  -204.067862  -188.20771  3.45873422e+27  3.18992143e+27  6.9653463e+19  16.1044111 
d  1.44311311  0.859151045  -204.965869  -189.025091  3.46040515e+27  3.19127962e+27  6.96851971e+19  16.1121953 
d  1.44315315  0.859127208  -205.865441  -189.843825  3.46206979e+27  3.19263188e+27  6.97168032e+19  16.1199504 
d  1.44319319  0.859103373  -206.766579  -190.663911  3.46372815e+27  3.19397824e+27  6.97482816e+19  16.1276763 
d  1.44323323  0.859079538  -207.669283  -191.485349  3.46538025e+27  3.19531871e+27  6.97796327e+19  16.1353731 
d  1.44327327  0.859055705  -208.573553  -192.308139  3.46702609e+27  3.1966533e+27  6.98108567e+19  16.143041 
d  1.44331331  0.859031874  -209.479389  -193.132281  3.4686657e+27  3.19798202e+27  6.98419539e+19  16.1506799 
d  1.44335335  0.859008043  -210.38679  -193.957774  3.47029908e+27  3.1993049e+27  6.98729246e+19  16.15829 
d  1.44339339  0.858984214  -211.295756  -194.784619  3.47192626e+27  3.20062194e+27  6.99037692e+19  16.1658714 
d  1.44343343  0.858960386  -212.206288  -195.612814  3.47354725e+27  3.20193316e+27  6.9934488e+19  16.173424 
d  1.44347347  0.85893656  -213.118386  -196.44236  3.47516206e+27  3.20323858e+27  6.99650812e+19  16.180948 
d  1.44351351  0.858912735  -214.032049  -197.273257  3.4767707e+27  3.20453821e+27  6.99955492e+19  16.1884434 
d  1.44355355  0.858888911  -214.947278  -198.105504  3.47837319e+27  3.20583206e+27  7.00258922e+19  16.1959103 
d  1.44359359  0.858865089  -215.864072  -198.939101  3.47996955e+27  3.20712015e+27  7.00561106e+19  16.2033488 
d  1.44363363  0.858841268  -216.782432  -199.774048  3.48155979e+27  3.20840249e+27  7.00862046e+19  16.2107589 
d  1.44367367  0.858817448  -217.702357  -200.610345  3.48314392e+27  3.20967909e+27  7.01161746e+19  16.2181407 
d  1.44371371  0.858793629  -218.623848  -201.447992  3.48472195e+27  3.21094998e+27  7.01460209e+19  16.2254942 
d  1.44375375  0.858769812  -219.546904  -202.286987  3.48629391e+27  3.21221516e+27  7.01757436e+19  16.2328196 
d  1.44379379  0.858745996  -220.471525  -203.127332  3.4878598e+27  3.21347465e+27  7.02053432e+19  16.2401169 
d  1.44383383  0.858722182  -221.397712  -203.969026  3.48941964e+27  3.21472846e+27  7.02348199e+19  16.2473861 
d  1.44387387  0.858698368  -222.325464  -204.812069  3.49097344e+27  3.21597661e+27  7.02641741e+19  16.2546273 
d  1.44391391  0.858674557  -223.254782  -205.65646  3.49252121e+27  3.21721911e+27  7.02934059e+19  16.2618406 
d  1.44395395  0.858650746  -224.185665  -206.5022  3.49406298e+27  3.21845597e+27  7.03225157e+19  16.2690261 
d  1.44399399  0.858626937  -225.118113  -207.349288  3.49559874e+27  3.21968721e+27  7.03515037e+19  16.2761837 
d  1.44403403  0.858603129  -226.052127  -208.197724  3.49712853e+27  3.22091285e+27  7.03803704e+19  16.2833137 
d  1.44407407  0.858579322  -226.987706  -209.047508  3.49865234e+27  3.22213288e+27  7.04091158e+19  16.290416 
d  1.44411411  0.858555517  -227.924851  -209.89864  3.5001702e+27  3.22334734e+27  7.04377404e+19  16.2974907 
d  1.44415415  0.858531713  -228.863562  -210.751119  3.50168211e+27  3.22455622e+27  7.04662444e+19  16.3045378 
d  1.44419419  0.85850791  -229.803838  -211.604945  3.50318809e+27  3.22575956e+27  7.0494628e+19  16.3115575 
d  1.44423423  0.858484109  -230.745679  -212.460119  3.50468816e+27  3.22695735e+27  7.05228917e+19  16.3185497 
d  1.44427427  0.858460309  -231.689086  -213.31664  3.50618232e+27  3.22814961e+27  7.05510355e+19  16.3255146 
d  1.44431431  0.85843651  -232.634059  -214.174508  3.50767059e+27  3.22933636e+27  7.05790599e+19  16.3324522 
d  1.44435435  0.858412713  -233.580597  -215.033723  3.50915299e+27  3.23051761e+27  7.0606965e+19  16.3393626 
d  1.44439439  0.858388917  -234.528701  -215.894284  3.51062952e+27  3.23169336e+27  7.06347513e+19  16.3462459 
d  1.44443443  0.858365122  -235.47837  -216.756191  3.51210019e+27  3.23286365e+27  7.06624188e+19  16.353102 
d  1.44447447  0.858341329  -236.429605  -217.619446  3.51356503e+27  3.23402847e+27  7.0689968e+19  16.3599311 
d  1.44451451  0.858317537  -237.382406  -218.484046  3.51502405e+27  3.23518784e+27  7.0717399e+19  16.3667331 
d  1.44455455  0.858293746  -238.336773  -219.349992  3.51647725e+27  3.23634178e+27  7.07447122e+19  16.3735083 
d  1.44459459  0.858269956  -239.292706  -220.217284  3.51792465e+27  3.23749029e+27  7.07719079e+19  16.3802566 
d  1.44463463  0.858246168  -240.250204  -221.085922  3.51936626e+27  3.23863339e+27  7.07989862e+19  16.3869781 
d  1.44467467  0.858222381  -241.209269  -221.955906  3.52080209e+27  3.2397711e+27  7.08259474e+19  16.3936729 
d  1.44471471  0.858198596  -242.1699  -222.827235  3.52223217e+27  3.24090342e+27  7.08527919e+19  16.4003409 
d  1.44475475  0.858174812  -243.132096  -223.699909  3.52365649e+27  3.24203036e+27  7.08795198e+19  16.4069824 
d  1.44479479  0.858151029  -244.095859  -224.573929  3.52507508e+27  3.24315195e+27  7.09061315e+19  16.4135973 
d  1.44483483  0.858127247  -245.061188  -225.449294  3.52648794e+27  3.24426819e+27  7.09326273e+19  16.4201856 
d  1.44487487  0.858103467  -246.028083  -226.326004  3.52789509e+27  3.2453791e+27  7.09590072e+19  16.4267475 
d  1.44491491  0.858079688  -246.996544  -227.204059  3.52929654e+27  3.24648469e+27  7.09852717e+19  16.433283 
d  1.44495495  0.858055911  -247.966572  -228.083458  3.53069231e+27  3.24758496e+27  7.1011421e+19  16.4397922 
d  1.44499499  0.858032134  -248.938166  -228.964203  3.53208239e+27  3.24867994e+27  7.10374554e+19  16.4462751 
d  1.44503504  0.858008359  -249.911327  -229.846291  3.53346682e+27  3.24976964e+27  7.1063375e+19  16.4527318 
d  1.44507508  0.857984586  -250.886055  -230.729725  3.53484559e+27  3.25085406e+27  7.10891803e+19  16.4591624 
d  1.44511512  0.857960814  -251.862349  -231.614502  3.53621872e+27  3.25193322e+27  7.11148713e+19  16.4655668 
d  1.44515516  0.857937043  -252.840209  -232.500624  3.53758622e+27  3.25300714e+27  7.11404484e+19  16.4719451 
d  1.4451952  0.857913273  -253.819637  -233.38809  3.53894811e+27  3.25407581e+27  7.11659118e+19  16.4782975 
d  1.44523524  0.857889504  -254.800631  -234.2769  3.5403044e+27  3.25513927e+27  7.11912618e+19  16.4846239 
d  1.44527528  0.857865737  -255.783193  -235.167054  3.5416551e+27  3.25619751e+27  7.12164986e+19  16.4909245 
d  1.44531532  0.857841972  -256.767321  -236.058552  3.54300021e+27  3.25725056e+27  7.12416225e+19  16.4971992 
d  1.44535536  0.857818207  -257.753017  -236.951394  3.54433976e+27  3.25829841e+27  7.12666338e+19  16.5034482 
d  1.4453954  0.857794444  -258.74028  -237.845579  3.54567375e+27  3.2593411e+27  7.12915326e+19  16.5096714 
d  1.44543544  0.857770682  -259.72911  -238.741108  3.5470022e+27  3.26037861e+27  7.13163192e+19  16.515869 
d  1.44547548  0.857746922  -260.719508  -239.63798  3.54832512e+27  3.26141098e+27  7.13409939e+19  16.522041 
d  1.44551552  0.857723163  -261.711473  -240.536196  3.54964251e+27  3.26243821e+27  7.13655569e+19  16.5281874 
d  1.44555556  0.857699405  -262.705005  -241.435755  3.5509544e+27  3.26346031e+27  7.13900085e+19  16.5343084 
d  1.4455956  0.857675648  -263.700106  -242.336658  3.55226079e+27  3.26447729e+27  7.14143488e+19  16.5404039 
d  1.44563564  0.857651893  -264.696774  -243.238903  3.55356169e+27  3.26548916e+27  7.14385783e+19  16.546474 
d  1.44567568  0.857628139  -265.69501  -244.142492  3.55485711e+27  3.26649595e+27  7.1462697e+19  16.5525187 
d  1.44571572  0.857604387  -266.694815  -245.047424  3.55614708e+27  3.26749765e+27  7.14867052e+19  16.5585382 
d  1.44575576  0.857580635  -267.696187  -245.953699  3.55743159e+27  3.26849428e+27  7.15106032e+19  16.5645325 
d  1.4457958  0.857556886  -268.699128  -246.861316  3.55871066e+27  3.26948586e+27  7.15343912e+19  16.5705016 
d  1.44583584  0.857533137  -269.703637  -247.770277  3.5599843e+27  3.27047238e+27  7.15580694e+19  16.5764456 
d  1.44587588  0.85750939  -270.709714  -248.68058  3.56125252e+27  3.27145387e+27  7.15816381e+19  16.5823645 
d  1.44591592  0.857485644  -271.71736  -249.592226  3.56251534e+27  3.27243034e+27  7.16050976e+19  16.5882584 
d  1.44595596  0.857461899  -272.726575  -250.505214  3.56377276e+27  3.27340179e+27  7.1628448e+19  16.5941273 
d  1.445996  0.857438156  -273.737358  -251.419546  3.56502479e+27  3.27436824e+27  7.16516895e+19  16.5999713 
d  1.44603604  0.857414414  -274.74971  -252.335219  3.56627145e+27  3.27532971e+27  7.16748225e+19  16.6057905 
d  1.44607608  0.857390673  -275.763632  -253.252235  3.56751275e+27  3.27628619e+27  7.16978472e+19  16.6115849 
d  1.44611612  0.857366933  -276.779123  -254.170594  3.56874869e+27  3.2772377e+27  7.17207637e+19  16.6173545 
d  1.44615616  0.857343195  -277.796183  -255.090295  3.5699793e+27  3.27818426e+27  7.17435724e+19  16.6230994 
d  1.4461962  0.857319458  -278.814812  -256.011338  3.57120457e+27  3.27912587e+27  7.17662733e+19  16.6288196 
d  1.44623624  0.857295723  -279.835011  -256.933724  3.57242453e+27  3.28006254e+27  7.17888669e+19  16.6345153 
d  1.44627628  0.857271989  -280.856779  -257.857452  3.57363917e+27  3.2809943e+27  7.18113533e+19  16.6401864 
d  1.44631632  0.857248256  -281.880118  -258.782522  3.57484852e+27  3.28192114e+27  7.18337327e+19  16.645833 
d  1.44635636  0.857224524  -282.905026  -259.708934  3.57605259e+27  3.28284307e+27  7.18560053e+19  16.6514551 
d  1.4463964  0.857200794  -283.931505  -260.636689  3.57725137e+27  3.28376012e+27  7.18781715e+19  16.6570529 
d  1.44643644  0.857177065  -284.959553  -261.565785  3.57844489e+27  3.28467229e+27  7.19002313e+19  16.6626263 
d  1.44647648  0.857153338  -285.989173  -262.496224  3.57963316e+27  3.28557958e+27  7.19221851e+19  16.6681754 
d  1.44651652  0.857129611  -287.020362  -263.428004  3.58081618e+27  3.28648202e+27  7.1944033e+19  16.6737002 
d  1.44655656  0.857105887  -288.053122  -264.361127  3.58199397e+27  3.28737961e+27  7.19657754e+19  16.6792009 
d  1.4465966  0.857082163  -289.087453  -265.295591  3.58316653e+27  3.28827236e+27  7.19874123e+19  16.6846774 
d  1.44663664  0.857058441  -290.123355  -266.231398  3.58433388e+27  3.28916029e+27  7.2008944e+19  16.6901298 
d  1.44667668  0.857034719  -291.160828  -267.168546  3.58549603e+27  3.2900434e+27  7.20303708e+19  16.6955581 
d  1.44671672  0.857011  -292.199873  -268.107036  3.58665298e+27  3.2909217e+27  7.20516928e+19  16.7009625 
d  1.44675676  0.856987281  -293.240488  -269.046869  3.58780475e+27  3.29179521e+27  7.20729103e+19  16.7063429 
d  1.4467968  0.856963564  -294.282675  -269.988043  3.58895136e+27  3.29266394e+27  7.20940235e+19  16.7116994 
d  1.44683684  0.856939849  -295.326434  -270.930558  3.5900928e+27  3.29352789e+27  7.21150327e+19  16.717032 
d  1.44687688  0.856916134  -296.371765  -271.874416  3.59122909e+27  3.29438707e+27  7.21359379e+19  16.7223408 
d  1.44691692  0.856892421  -297.418668  -272.819616  3.59236023e+27  3.29524151e+27  7.21567395e+19  16.7276259 
d  1.44695696  0.856868709  -298.467142  -273.766157  3.59348625e+27  3.2960912e+27  7.21774377e+19  16.7328873 
d  1.446997  0.856844999  -299.51719  -274.71404  3.59460715e+27  3.29693616e+27  7.21980326e+19  16.7381249 
d  1.44703704  0.856821289  -300.568809  -275.663265  3.59572293e+27  3.29777639e+27  7.22185245e+19  16.743339 
d  1.44707708  0.856797581  -301.622001  -276.613831  3.59683362e+27  3.29861192e+27  7.22389136e+19  16.7485295 
d  1.44711712  0.856773875  -302.676766  -277.56574  3.59793921e+27  3.29944274e+27  7.22592001e+19  16.7536965 
d  1.44715716  0.85675017  -303.733104  -278.51899  3.59903972e+27  3.30026887e+27  7.22793843e+19  16.75884 
d  1.4471972  0.856726466  -304.791016  -279.473582  3.60013517e+27  3.30109032e+27  7.22994663e+19  16.76396 
d  1.44723724  0.856702763  -305.8505  -280.429516  3.60122555e+27  3.3019071e+27  7.23194463e+19  16.7690567 
d  1.44727728  0.856679062  -306.911558  -281.386791  3.60231088e+27  3.30271921e+27  7.23393245e+19  16.77413 
d  1.44731732  0.856655362  -307.974189  -282.345408  3.60339117e+27  3.30352668e+27  7.23591013e+19  16.7791801 
d  1.44735736  0.856631663  -309.038395  -283.305367  3.60446643e+27  3.3043295e+27  7.23787766e+19  16.7842069 
d  1.4473974  0.856607965  -310.104174  -284.266668  3.60553666e+27  3.30512769e+27  7.23983509e+19  16.7892105 
d  1.44743744  0.856584269  -311.171528  -285.229311  3.60660189e+27  3.30592126e+27  7.24178242e+19  16.7941909 
d  1.44747748  0.856560575  -312.240455  -286.193295  3.60766211e+27  3.30671022e+27  7.24371968e+19  16.7991483 
d  1.44751752  0.856536881  -313.310958  -287.158621  3.60871734e+27  3.30749458e+27  7.24564689e+19  16.8040825 
d  1.44755756  0.856513189  -314.383035  -288.125289  3.60976758e+27  3.30827434e+27  7.24756407e+19  16.8089938 
d  1.4475976  0.856489498  -315.456686  -289.093299  3.61081285e+27  3.30904953e+27  7.24947124e+19  16.8138821 
d  1.44763764  0.856465809  -316.531913  -290.062651  3.61185316e+27  3.30982014e+27  7.25136842e+19  16.8187474 
d  1.44767768  0.85644212  -317.608715  -291.033344  3.61288851e+27  3.31058619e+27  7.25325562e+19  16.8235899 
d  1.44771772  0.856418433  -318.687093  -292.00538  3.61391892e+27  3.31134768e+27  7.25513288e+19  16.8284096 
d  1.44775776  0.856394748  -319.767046  -292.978757  3.61494439e+27  3.31210463e+27  7.2570002e+19  16.8332064 
d  1.4477978  0.856371063  -320.848575  -293.953476  3.61596494e+27  3.31285705e+27  7.25885762e+19  16.8379805 
d  1.44783784  0.85634738  -321.93168  -294.929537  3.61698057e+27  3.31360495e+27  7.26070514e+19  16.8427319 
d  1.44787788  0.856323699  -323.016361  -295.906941  3.61799129e+27  3.31434833e+27  7.2625428e+19  16.8474606 
d  1.44791792  0.856300018  -324.102618  -296.885686  3.61899712e+27  3.3150872e+27  7.2643706e+19  16.8521667 
d  1.44795796  0.856276339  -325.190452  -297.865773  3.61999805e+27  3.31582158e+27  7.26618857e+19  16.8568503 
d  1.447998  0.856252662  -326.279863  -298.847203  3.6209941e+27  3.31655147e+27  7.26799673e+19  16.8615113 
d  1.44803804  0.856228985  -327.37085  -299.829974  3.62198529e+27  3.31727689e+27  7.26979509e+19  16.8661498 
d  1.44807808  0.85620531  -328.463415  -300.814088  3.62297161e+27  3.31799784e+27  7.27158369e+19  16.8707659 
d  1.44811812  0.856181636  -329.557557  -301.799543  3.62395308e+27  3.31871433e+27  7.27336253e+19  16.8753595 
d  1.44815816  0.856157964  -330.653276  -302.786341  3.62492971e+27  3.31942637e+27  7.27513163e+19  16.8799308 
d  1.4481982  0.856134292  -331.750573  -303.774481  3.6259015e+27  3.32013397e+27  7.27689102e+19  16.8844799 
d  1.44823824  0.856110623  -332.849448  -304.763964  3.62686847e+27  3.32083715e+27  7.27864072e+19  16.8890066 
d  1.44827828  0.856086954  -333.949901  -305.754789  3.62783063e+27  3.3215359e+27  7.28038073e+19  16.8935111 
d  1.44831832  0.856063287  -335.051933  -306.746956  3.62878797e+27  3.32223024e+27  7.28211109e+19  16.8979934 
d  1.44835836  0.856039621  -336.155543  -307.740465  3.62974052e+27  3.32292018e+27  7.28383182e+19  16.9024536 
d  1.4483984  0.856015956  -337.260731  -308.735317  3.63068828e+27  3.32360573e+27  7.28554292e+19  16.9068916 
d  1.44843844  0.855992293  -338.367499  -309.731512  3.63163126e+27  3.32428689e+27  7.28724442e+19  16.9113077 
d  1.44847848  0.855968631  -339.475846  -310.729049  3.63256946e+27  3.32496368e+27  7.28893634e+19  16.9157016 
d  1.44851852  0.85594497  -340.585771  -311.727929  3.63350291e+27  3.3256361e+27  7.2906187e+19  16.9200737 
d  1.44855856  0.855921311  -341.697277  -312.728151  3.6344316e+27  3.32630416e+27  7.29229151e+19  16.9244237 
d  1.4485986  0.855897652  -342.810362  -313.729716  3.63535555e+27  3.32696788e+27  7.2939548e+19  16.9287519 
d  1.44863864  0.855873996  -343.925027  -314.732624  3.63627476e+27  3.32762725e+27  7.29560858e+19  16.9330582 
d  1.44867868  0.85585034  -345.041273  -315.736874  3.63718924e+27  3.3282823e+27  7.29725287e+19  16.9373428 
d  1.44871872  0.855826686  -346.159098  -316.742468  3.638099e+27  3.32893303e+27  7.29888769e+19  16.9416055 
d  1.44875876  0.855803033  -347.278505  -317.749404  3.63900406e+27  3.32957944e+27  7.30051305e+19  16.9458465 
d  1.4487988  0.855779381  -348.399492  -318.757683  3.63990441e+27  3.33022155e+27  7.30212899e+19  16.9500659 
d  1.44883884  0.855755731  -349.52206  -319.767305  3.64080007e+27  3.33085937e+27  7.30373551e+19  16.9542635 
d  1.44887888  0.855732082  -350.646209  -320.778271  3.64169104e+27  3.3314929e+27  7.30533263e+19  16.9584396 
d  1.44891892  0.855708434  -351.77194  -321.790579  3.64257734e+27  3.33212215e+27  7.30692037e+19  16.9625941 
d  1.44895896  0.855684788  -352.899252  -322.804231  3.64345897e+27  3.33274714e+27  7.30849875e+19  16.9667271 
d  1.448999  0.855661143  -354.028146  -323.819226  3.64433595e+27  3.33336787e+27  7.31006779e+19  16.9708386 
d  1.44903904  0.855637499  -355.158622  -324.835564  3.64520827e+27  3.33398434e+27  7.31162751e+19  16.9749286 
d  1.44907908  0.855613857  -356.290681  -325.853246  3.64607595e+27  3.33459658e+27  7.31317791e+19  16.9789972 
d  1.44911912  0.855590216  -357.424322  -326.872271  3.646939e+27  3.33520458e+27  7.31471903e+19  16.9830445 
d  1.44915916  0.855566576  -358.559546  -327.89264  3.64779742e+27  3.33580835e+27  7.31625088e+19  16.9870704 
d  1.4491992  0.855542937  -359.696353  -328.914353  3.64865123e+27  3.33640791e+27  7.31777347e+19  16.9910751 
d  1.44923924  0.8555193  -360.834743  -329.937409  3.64950043e+27  3.33700326e+27  7.31928683e+19  16.9950585 
d  1.44927928  0.855495664  -361.974716  -330.961808  3.65034502e+27  3.33759441e+27  7.32079096e+19  16.9990207 
d  1.44931932  0.85547203  -363.116273  -331.987552  3.65118503e+27  3.33818138e+27  7.3222859e+19  17.0029617 
d  1.44935936  0.855448396  -364.259414  -333.01464  3.65202045e+27  3.33876416e+27  7.32377165e+19  17.0068815 
d  1.4493994  0.855424764  -365.404139  -334.043071  3.6528513e+27  3.33934276e+27  7.32524824e+19  17.0107803 
d  1.44943944  0.855401134  -366.550448  -335.072847  3.65367758e+27  3.3399172e+27  7.32671568e+19  17.0146581 
d  1.44947948  0.855377504  -367.698342  -336.103967  3.6544993e+27  3.34048749e+27  7.32817399e+19  17.0185148 
d  1.44951952  0.855353876  -368.847821  -337.136431  3.65531647e+27  3.34105362e+27  7.32962319e+19  17.0223505 
d  1.44955956  0.85533025  -369.998884  -338.170239  3.6561291e+27  3.34161562e+27  7.33106328e+19  17.0261653 
d  1.4495996  0.855306624  -371.151533  -339.205392  3.65693719e+27  3.34217348e+27  7.3324943e+19  17.0299592 
d  1.44963964  0.855283  -372.305767  -340.241889  3.65774075e+27  3.34272722e+27  7.33391626e+19  17.0337322 
d  1.44967968  0.855259377  -373.461587  -341.27973  3.6585398e+27  3.34327684e+27  7.33532917e+19  17.0374844 
d  1.44971972  0.855235756  -374.618993  -342.318917  3.65933434e+27  3.34382236e+27  7.33673305e+19  17.0412158 
d  1.44975976  0.855212135  -375.777985  -343.359448  3.66012437e+27  3.34436378e+27  7.33812793e+19  17.0449265 
d  1.4497998  0.855188516  -376.938563  -344.401324  3.66090991e+27  3.34490111e+27  7.3395138e+19  17.0486164 
d  1.44983984  0.855164899  -378.100728  -345.444544  3.66169096e+27  3.34543435e+27  7.3408907e+19  17.0522857 
d  1.44987988  0.855141282  -379.26448  -346.48911  3.66246753e+27  3.34596352e+27  7.34225864e+19  17.0559343 
d  1.44991992  0.855117667  -380.429819  -347.535021  3.66323964e+27  3.34648863e+27  7.34361764e+19  17.0595623 
d  1.44995996  0.855094054  -381.596745  -348.582277  3.66400728e+27  3.34700967e+27  7.34496771e+19  17.0631698 
d  1.45  0.855070441  -382.765259  -349.630878  3.66477046e+27  3.34752667e+27  7.34630887e+19  17.0667567 
