v ATLAS
# This file was created by ATLAS version 5.26.1.R on Tue Apr 17 08:03:53 2018.
#SSF 2.0 generic
##############################################################################
#                    Copyright (c) 1984 - 2018                               #
#                    Silvaco Inc. All rights reserved                        #
#                                                                            #
# This file format and the following Key are copyright Silvaco Inc.          #
# You may not use, this format or key without reproducing this message in    #
# full and obtaining express written permission from Silvaco Inc.            #
#                                                                            #
# To obtain such permission please contact: Silvaco Inc.                     #
#                                           support@silvaco.com              #
#                                                                            #
# KEY=SVC86hn7562asdx                       PROD=345                         #
##############################################################################
o 1 Mode number 
o 2 Modal Loss (1/cm) 
o 3 Modal Rsp (1/cm s) 
o 4 Lifetime (s) 
p 20  3000  210  309  349  3001  3002  3003  1037001  1037002  1037003  1037004  1037005  1037006  1037007  1037008  1037009  1037010  1037011  1037012  2212 
d 1  1.425 0.870071677 0 0 0 0  0  0  0  0  0  0  0  0  0  0  0  0   0  
d 1  1.425 0.870071677 25.3802821 25.3803071 9.71607356e+12 2.29666951e-11  47057478.2  0  0  0  0  0  0  0  0  0  0  0   47057478.2  
d 1  1.425 0.870071677 0 0 0 0  0  0  0  0  0  0  0  0  0  0  0  0   0  
d 2  1.425 0.870071677 0 0 0 0  0  0  0  0  0  0  0  0  0  0  0  0   0  
d 2  1.425 0.870071677 25.3701295 25.3830522 9.71861456e+12 2.29666951e-11  0  90986.0781  0  0  0  0  0  0  0  0  0  0   90986.0781  
d 2  1.425 0.870071677 0 0 0 0  0  0  0  0  0  0  0  0  0  0  0  0   0  
d 3  1.425 0.870071677 0 0 0 0  0  0  0  0  0  0  0  0  0  0  0  0   0  
d 3  1.425 0.870071677 25.3857475 25.3916519 9.72687902e+12 2.29666951e-11  0  0  199316.044  0  0  0  0  0  0  0  0  0   199316.044  
d 3  1.425 0.870071677 0 0 0 0  0  0  0  0  0  0  0  0  0  0  0  0   0  
d 4  1.425 0.870071677 0 0 0 0  0  0  0  0  0  0  0  0  0  0  0  0   0  
d 4  1.425 0.870071677 25.4068599 25.409371 9.74394254e+12 2.29666951e-11  0  0  0  469492.741  0  0  0  0  0  0  0  0   469492.741  
d 4  1.425 0.870071677 0 0 0 0  0  0  0  0  0  0  0  0  0  0  0  0   0  
d 5  1.425 0.870071677 0 0 0 0  0  0  0  0  0  0  0  0  0  0  0  0   0  
d 5  1.425 0.870071677 25.4250031 25.4258957 9.75968226e+12 2.29666951e-11  0  0  0  0  1322904.1  0  0  0  0  0  0  0   1322904.1  
d 5  1.425 0.870071677 0 0 0 0  0  0  0  0  0  0  0  0  0  0  0  0   0  
d 6  1.425 0.870071677 0 0 0 0  0  0  0  0  0  0  0  0  0  0  0  0   0  
d 6  1.425 0.870071677 25.4593818 25.4597606 9.79236012e+12 2.29666951e-11  0  0  0  0  0  3127556  0  0  0  0  0  0   3127556  
d 6  1.425 0.870071677 0 0 0 0  0  0  0  0  0  0  0  0  0  0  0  0   0  
d 7  1.425 0.870071677 0 0 0 0  0  0  0  0  0  0  0  0  0  0  0  0   0  
d 7  1.425 0.870071677 13.3488469 22.1928956 4.55815554e+12 2.29666951e-11  0  0  0  0  0  0  62.3567999  0  0  0  0  0   62.3567999  
d 7  1.425 0.870071677 0 0 0 0  0  0  0  0  0  0  0  0  0  0  0  0   0  
d 8  1.425 0.870071677 0 0 0 0  0  0  0  0  0  0  0  0  0  0  0  0   0  
d 8  1.425 0.870071677 13.3445363 22.1960158 4.55987122e+12 2.29666951e-11  0  0  0  0  0  0  0  62.3279075  0  0  0  0   62.3279075  
d 8  1.425 0.870071677 0 0 0 0  0  0  0  0  0  0  0  0  0  0  0  0   0  
d 9  1.425 0.870071677 0 0 0 0  0  0  0  0  0  0  0  0  0  0  0  0   0  
d 9  1.425 0.870071677 13.3560352 22.2051443 4.56517087e+12 2.29666951e-11  0  0  0  0  0  0  0  0  62.4170572  0  0  0   62.4170572  
d 9  1.425 0.870071677 0 0 0 0  0  0  0  0  0  0  0  0  0  0  0  0   0  
d 10  1.425 0.870071677 0 0 0 0  0  0  0  0  0  0  0  0  0  0  0  0   0  
d 10  1.425 0.870071677 13.3726356 22.2233137 4.57555183e+12 2.29666951e-11  0  0  0  0  0  0  0  0  0  62.5479018  0  0   62.5479018  
d 10  1.425 0.870071677 0 0 0 0  0  0  0  0  0  0  0  0  0  0  0  0   0  
d 11  1.425 0.870071677 0 0 0 0  0  0  0  0  0  0  0  0  0  0  0  0   0  
d 11  1.425 0.870071677 13.3899248 22.2417593 4.58633975e+12 2.29666951e-11  0  0  0  0  0  0  0  0  0  0  62.6871784  0   62.6871784  
d 11  1.425 0.870071677 0 0 0 0  0  0  0  0  0  0  0  0  0  0  0  0   0  
d 12  1.425 0.870071677 0 0 0 0  0  0  0  0  0  0  0  0  0  0  0  0   0  
d 12  1.425 0.870071677 13.4181421 22.276253 4.60600265e+12 2.29666951e-11  0  0  0  0  0  0  0  0  0  0  0  62.9113321   62.9113321  
d 12  1.425 0.870071677 0 0 0 0  0  0  0  0  0  0  0  0  0  0  0  0   0  
