v ATLAS
# This file was created by ATLAS version 5.26.1.R on Tue Apr 17 21:26:44 2018.
#SSF 2.0 generic
##############################################################################
#                    Copyright (c) 1984 - 2018                               #
#                    Silvaco Inc. All rights reserved                        #
#                                                                            #
# This file format and the following Key are copyright Silvaco Inc.          #
# You may not use, this format or key without reproducing this message in    #
# full and obtaining express written permission from Silvaco Inc.            #
#                                                                            #
# To obtain such permission please contact: Silvaco Inc.                     #
#                                           support@silvaco.com              #
#                                                                            #
# KEY=SVC86hn7562asdx                       PROD=345                         #
##############################################################################
y 1 15
z 300
f 1 "cathode" 
p 14 91 4000 4010 4020 85 86 87 308 354 355 356 2 601 20 
d 1.000000000e+00 3.000000000e-01 9.678573774e-09 3.546126874e-09 3.546126874e-09 9.678573774e-09 3.000000000e-01 9.000000000e+01 6.336105963e-01 3.663894037e-01 0.000000000e+00 0.000000000e+00 0.000000000e+00 7.328820227e-22 
d 1.000000000e+00 3.250000000e-01 1.048512159e-08 4.492619350e-09 4.492619350e-09 1.048512159e-08 3.250000000e-01 9.000000000e+01 5.715243441e-01 4.284756559e-01 0.000000000e+00 0.000000000e+00 0.000000000e+00 -6.799424635e-22 
d 1.000000000e+00 3.500000000e-01 1.129166940e-08 5.214857963e-09 5.214857963e-09 1.129166940e-08 3.500000000e-01 9.000000000e+01 5.381676724e-01 4.618323276e-01 0.000000000e+00 0.000000000e+00 0.000000000e+00 2.329340605e-21 
d 1.000000000e+00 3.750000000e-01 1.209821722e-08 6.639148352e-09 6.639148352e-09 1.209821722e-08 3.750000000e-01 9.000000000e+01 4.512291991e-01 5.487708009e-01 0.000000000e+00 0.000000000e+00 0.000000000e+00 -2.027419681e-21 
d 1.000000000e+00 4.000000000e-01 1.290476503e-08 9.114365050e-09 9.114365050e-09 1.290476503e-08 4.000000000e-01 9.000000000e+01 2.937209607e-01 7.062790393e-01 0.000000000e+00 0.000000000e+00 0.000000000e+00 1.414478847e-21 
d 1.000000000e+00 4.250000000e-01 1.371131285e-08 1.105143514e-08 1.105143514e-08 1.371131285e-08 4.250000000e-01 9.000000000e+01 1.939914681e-01 8.060085319e-01 0.000000000e+00 0.000000000e+00 0.000000000e+00 6.369290717e-22 
d 1.000000000e+00 4.500000000e-01 1.451786066e-08 1.275013409e-08 1.275013409e-08 1.451786066e-08 4.500000000e-01 9.000000000e+01 1.217621944e-01 8.782378056e-01 0.000000000e+00 0.000000000e+00 0.000000000e+00 1.952146246e-22 
d 1.000000000e+00 4.750000000e-01 1.532440848e-08 1.423808393e-08 1.423808393e-08 1.532440848e-08 4.750000000e-01 9.000000000e+01 7.088851417e-02 9.291114858e-01 0.000000000e+00 0.000000000e+00 0.000000000e+00 -2.018320695e-22 
d 1.000000000e+00 5.000000000e-01 1.613095629e-08 1.556122220e-08 1.556122220e-08 1.613095629e-08 5.000000000e-01 9.000000000e+01 3.531930067e-02 9.646806993e-01 0.000000000e+00 0.000000000e+00 0.000000000e+00 3.705769144e-22 
d 1.000000000e+00 5.250000000e-01 1.693750410e-08 1.669869887e-08 1.669869887e-08 1.693750410e-08 5.250000000e-01 9.000000000e+01 1.409919889e-02 9.859008011e-01 0.000000000e+00 0.000000000e+00 0.000000000e+00 -1.356576205e-22 
d 1.000000000e+00 5.500000000e-01 1.774405192e-08 1.768172461e-08 1.768172461e-08 1.774405192e-08 5.500000000e-01 9.000000000e+01 3.512574613e-03 9.964874254e-01 0.000000000e+00 0.000000000e+00 0.000000000e+00 -4.532949757e-22 
d 1.000000000e+00 5.750000000e-01 1.855059973e-08 1.854026190e-08 1.854026190e-08 1.855059973e-08 5.750000000e-01 9.000000000e+01 5.572773674e-04 9.994427226e-01 4.255031575e-15 0.000000000e+00 0.000000000e+00 3.573420246e-22 
d 1.000000000e+00 6.000000000e-01 1.935714755e-08 1.929568133e-08 1.929568133e-08 1.935714755e-08 6.000000000e-01 9.000000000e+01 3.175375587e-03 9.968246244e-01 1.155385574e-12 0.000000000e+00 0.000000000e+00 3.110199103e-22 
d 1.000000000e+00 6.250000000e-01 2.016369536e-08 1.997094600e-08 1.997094600e-08 2.016369536e-08 6.250000000e-01 9.000000000e+01 9.559228106e-03 9.904407718e-01 1.315652054e-10 0.000000000e+00 0.000000000e+00 -2.283018491e-22 
d 1.000000000e+00 6.500000000e-01 2.097024318e-08 2.058223557e-08 2.058223557e-08 2.097024318e-08 6.500000000e-01 9.000000000e+01 1.850264141e-02 9.814972736e-01 8.495580533e-08 0.000000000e+00 0.000000000e+00 -1.992314136e-19 
d 1.000000000e+00 6.750000000e-01 2.177679099e-08 2.114786103e-08 2.114786103e-08 2.177679099e-08 6.750000000e-01 9.000000000e+01 2.887829925e-02 9.711200902e-01 1.610588661e-06 0.000000000e+00 0.000000000e+00 -1.433206217e-19 
d 1.000000000e+00 7.000000000e-01 2.258333881e-08 2.167906956e-08 2.167906956e-08 2.258333881e-08 7.000000000e-01 9.000000000e+01 4.002929751e-02 9.599626753e-01 8.027187567e-06 0.000000000e+00 0.000000000e+00 -1.100117127e-19 
d 1.000000000e+00 7.250000000e-01 2.338988662e-08 2.218018916e-08 2.218018916e-08 2.338988662e-08 7.250000000e-01 9.000000000e+01 5.158812150e-02 9.483250665e-01 8.681201786e-05 0.000000000e+00 0.000000000e+00 -8.612604538e-20 
d 1.000000000e+00 7.500000000e-01 2.419643444e-08 2.265490682e-08 2.265490682e-08 2.419643444e-08 7.500000000e-01 9.000000000e+01 6.313501396e-02 9.364824966e-01 3.824894095e-04 0.000000000e+00 0.000000000e+00 -6.767991772e-20 
d 1.000000000e+00 7.750000000e-01 2.500298225e-08 2.308794598e-08 2.308794598e-08 2.500298225e-08 7.750000000e-01 9.000000000e+01 7.447119837e-02 9.241105410e-01 1.418260635e-03 0.000000000e+00 0.000000000e+00 -4.408872665e-20 
d 1.000000000e+00 8.000000000e-01 2.580953006e-08 2.348816050e-08 2.348816050e-08 2.580953006e-08 8.000000000e-01 9.000000000e+01 8.541213116e-02 9.100590752e-01 4.528793681e-03 0.000000000e+00 0.000000000e+00 -3.057921288e-20 
