v ATLAS
# This file was created by ATLAS version 5.26.1.R on Tue Apr 17 21:26:43 2018.
#SSF 2.0 generic
##############################################################################
#                    Copyright (c) 1984 - 2018                               #
#                    Silvaco Inc. All rights reserved                        #
#                                                                            #
# This file format and the following Key are copyright Silvaco Inc.          #
# You may not use, this format or key without reproducing this message in    #
# full and obtaining express written permission from Silvaco Inc.            #
#                                                                            #
# To obtain such permission please contact: Silvaco Inc.                     #
#                                           support@silvaco.com              #
#                                                                            #
# KEY=SVC86hn7562asdx                       PROD=345                         #
##############################################################################
y 1 15
z 300
f 1 "cathode" 
p 14 91 4000 4010 4020 85 86 87 308 354 355 356 2 601 20 
d 1.000000000e+00 3.000000000e-01 9.678573774e-09 3.626826830e-09 3.626826830e-09 9.678573774e-09 3.000000000e-01 9.000000000e+01 6.252725955e-01 3.747274045e-01 0.000000000e+00 0.000000000e+00 0.000000000e+00 -9.818633871e-22 
d 1.000000000e+00 3.250000000e-01 1.048512159e-08 4.516315859e-09 4.516315859e-09 1.048512159e-08 3.250000000e-01 9.000000000e+01 5.692643312e-01 4.307356688e-01 0.000000000e+00 0.000000000e+00 0.000000000e+00 1.340032592e-22 
d 1.000000000e+00 3.500000000e-01 1.129166940e-08 4.875486992e-09 4.875486992e-09 1.129166940e-08 3.500000000e-01 9.000000000e+01 5.682226588e-01 4.317773412e-01 0.000000000e+00 0.000000000e+00 0.000000000e+00 -1.206029333e-21 
d 1.000000000e+00 3.750000000e-01 1.209821722e-08 5.281504856e-09 5.281504856e-09 1.209821722e-08 3.750000000e-01 9.000000000e+01 5.634476749e-01 4.365523251e-01 0.000000000e+00 0.000000000e+00 0.000000000e+00 3.532061216e-22 
d 1.000000000e+00 4.000000000e-01 1.290476503e-08 6.637893618e-09 6.637893618e-09 1.290476503e-08 4.000000000e-01 9.000000000e+01 4.856246044e-01 5.143753956e-01 0.000000000e+00 0.000000000e+00 0.000000000e+00 -1.263931976e-21 
d 1.000000000e+00 4.250000000e-01 1.371131285e-08 7.604897711e-09 7.604897711e-09 1.371131285e-08 4.250000000e-01 9.000000000e+01 4.453559775e-01 5.546440225e-01 0.000000000e+00 0.000000000e+00 0.000000000e+00 1.703992062e-22 
d 1.000000000e+00 4.500000000e-01 1.451786066e-08 8.424731641e-09 8.424731641e-09 1.451786066e-08 4.500000000e-01 9.000000000e+01 4.196988222e-01 5.803011778e-01 0.000000000e+00 0.000000000e+00 0.000000000e+00 -1.340032592e-22 
d 1.000000000e+00 4.750000000e-01 1.532440848e-08 9.174555579e-09 9.174555579e-09 1.532440848e-08 4.750000000e-01 9.000000000e+01 4.013109483e-01 5.986890517e-01 0.000000000e+00 0.000000000e+00 0.000000000e+00 2.795870470e-22 
d 1.000000000e+00 5.000000000e-01 1.613095629e-08 9.878095591e-09 9.878095591e-09 1.613095629e-08 5.000000000e-01 9.000000000e+01 3.876311228e-01 6.123688772e-01 0.000000000e+00 0.000000000e+00 0.000000000e+00 -2.630434348e-22 
d 1.000000000e+00 5.250000000e-01 1.693750410e-08 1.055456014e-08 1.055456014e-08 1.693750410e-08 5.250000000e-01 9.000000000e+01 3.768526891e-01 6.231473109e-01 0.000000000e+00 0.000000000e+00 0.000000000e+00 -4.748016716e-22 
d 1.000000000e+00 5.500000000e-01 1.774405192e-08 1.121309591e-08 1.121309591e-08 1.774405192e-08 5.500000000e-01 9.000000000e+01 3.680645235e-01 6.319354765e-01 0.000000000e+00 0.000000000e+00 0.000000000e+00 -2.297907742e-21 
d 1.000000000e+00 5.750000000e-01 1.855059973e-08 1.185608630e-08 1.185608630e-08 1.855059973e-08 5.750000000e-01 9.000000000e+01 3.608785448e-01 6.391214552e-01 2.720998323e-15 0.000000000e+00 0.000000000e+00 1.867773823e-21 
d 1.000000000e+00 6.000000000e-01 1.935714755e-08 1.248686579e-08 1.248686579e-08 1.935714755e-08 6.000000000e-01 9.000000000e+01 3.549222190e-01 6.450777810e-01 7.476877516e-13 0.000000000e+00 0.000000000e+00 -1.621274001e-22 
d 1.000000000e+00 6.250000000e-01 2.016369536e-08 1.310978621e-08 1.310978621e-08 2.016369536e-08 6.250000000e-01 9.000000000e+01 3.498321625e-01 6.501678374e-01 8.636504830e-11 0.000000000e+00 0.000000000e+00 -7.113753268e-22 
d 1.000000000e+00 6.500000000e-01 2.097024318e-08 1.372590350e-08 1.372590350e-08 2.097024318e-08 6.500000000e-01 9.000000000e+01 3.454579806e-01 6.545419628e-01 5.665541929e-08 0.000000000e+00 0.000000000e+00 2.150669593e-22 
d 1.000000000e+00 6.750000000e-01 2.177679099e-08 1.433584092e-08 1.433584092e-08 2.177679099e-08 6.750000000e-01 9.000000000e+01 3.416901028e-01 6.583088054e-01 1.091795657e-06 0.000000000e+00 0.000000000e+00 -2.547716287e-22 
d 1.000000000e+00 7.000000000e-01 2.258333881e-08 1.493770733e-08 1.493770733e-08 2.258333881e-08 7.000000000e-01 9.000000000e+01 3.385435035e-01 6.614509655e-01 5.531038970e-06 0.000000000e+00 0.000000000e+00 4.797647553e-22 
d 1.000000000e+00 7.250000000e-01 2.338988662e-08 1.553317016e-08 1.553317016e-08 2.338988662e-08 7.250000000e-01 9.000000000e+01 3.358107554e-01 6.641284487e-01 6.079595783e-05 0.000000000e+00 0.000000000e+00 -2.201359221e-19 
d 1.000000000e+00 7.500000000e-01 2.419643444e-08 1.611750812e-08 1.611750812e-08 2.419643444e-08 7.500000000e-01 9.000000000e+01 3.334808594e-01 6.662470240e-01 2.721165977e-04 0.000000000e+00 0.000000000e+00 -1.996450039e-19 
d 1.000000000e+00 7.750000000e-01 2.500298225e-08 1.667965578e-08 1.667965578e-08 2.500298225e-08 7.750000000e-01 9.000000000e+01 3.313609692e-01 6.676144225e-01 1.024608218e-03 0.000000000e+00 0.000000000e+00 -1.639207276e-19 
d 1.000000000e+00 8.000000000e-01 2.580953006e-08 1.722689672e-08 1.722689672e-08 2.580953006e-08 8.000000000e-01 9.000000000e+01 3.292158254e-01 6.674626262e-01 3.321548360e-03 0.000000000e+00 0.000000000e+00 -1.384369473e-19 
