v VICTORYDEVICE
# silvaco.file ASCII version=1.14.23 format=1 contents=SDB,Tables=1

Copyright "###################################################################"
Copyright "#                    Copyright Silvaco Inc. (c)                   #"
Copyright "#                            1992-2014                            #"
Copyright "#                                                                 #"
Copyright "# This file format and the following Key are copyright Silvaco    #"
Copyright "# International. You may not use, this format or key without      #"
Copyright "# reproducing this message in full and obtaining                  #"
Copyright "# express written permission from Silvaco Inc.                    #"
Copyright "#                                                                 #"
Copyright "# To obtain such permission please contact: Silvaco Inc.          #"
Copyright "#                                           support@silvaco.com   #"
Copyright "#                                                                 #"
Copyright "# KEY=SVC86hn7562asdx                       PROD=345              #"
Copyright "###################################################################"
#This file was created by VICTORYDEVICE version 1.12.1.R
#victoryd 1.12.1.R (Thu Apr 12 10:17:20 PDT 2018)
#libSDB 1.12.42 (Thu Oct 26 19:20:24 PDT 2017)
a VICTORYDEVICE
j 1 9
k 4
r 1 92
x 3 43 42 46
w pwell 1 1
r 2 92
x 3 43 42 46
w drain 1 2
r 3 92
x 3 43 42 46
w cgate 1 3
r 4 92
x 3 43 42 46
w ngate 1 4
y 1 15
z 300
o 1 cis_conc
o 2 fd_potential
o 3 cis_potential
p 16 2 601 20 3 602 21 4 603 22 5 604 23 61 3000 3001 3002
d 0 0 -2.5293649329049813e-08 0 0 6.3315984204024107e-12 0.033 0.033 2.5646845465709694e-08 0 0 -3.5952715208660877e-10 1.0000000000000002e-08 558538152924.9574 0.61706918822616619 0.095167997069582067
d 0 0 -2.4418193620639198e-08 0 0 1.0043330227535839e-14 0.099 0.099 2.4799994513194312e-08 0 0 -3.818109010562755e-10 3.0000000000000004e-08 479814933705.65045 0.62825035032640386 0.0952012246157381
d 0 0 -2.3065413661157904e-08 0 0 1.5292296989079237e-14 0.231 0.231 2.3449394624037905e-08 0 0 -3.839963158801805e-10 7.0000000000000005e-08 153437500076.2435 0.6507323815010857 0.095344871095749961
d 0 0 -2.1055293230710559e-08 0 0 1.1606703043496374e-14 0.49499999999999983 0.49499999999999983 2.1443253665591085e-08 0 0 -3.8797443037881826e-10 1.4999999999999999e-07 39745107300.404999 0.69614807602787554 0.095555469544685689
d 0 0 -1.9068812059351248e-08 0 0 5.8931433456562143e-15 0.8546225110226503 0.8546225110226503 1.9460622847292579e-08 0 0 -3.9181800090547267e-10 2.5897651849171229e-07 34662300817.996964 0.75884239535794307 0.095796358744762111
d 0 0 -1.8561051840453956e-08 0 0 8.5028647091073e-15 1.0830778831485908 1.0830778831485908 1.895414787374471e-08 0 0 -3.931052067007067e-10 3.2820541913593667e-07 28513684606.450836 0.79903692777063862 0.095941775352126668
d 0 0 -1.7155641513707516e-08 0 0 6.7449329929846252e-15 1.5152320009567133 1.5152320009567133 1.7550910316367326e-08 0 0 -3.9527574396227232e-10 4.5916121241112533e-07 22360776228.781857 0.87567948650872096 0.096201125881322791
d 0 0 -1.5937195622896556e-08 0 0 -4.1622342810455348e-15 2.0105569538985679 2.0105569538985679 1.6418947925120514e-08 0 0 -4.8174870097444266e-10 6.0925968299956622e-07 18047294404.676895 0.9701829557195033 0.09648049482094001
d 0 0 -1.9175547782635461e-08 0 0 -1.0030634325916137e-14 2.3427998691080831 2.3427998691080831 2.0559918330500626e-08 0 0 -1.3843618443749044e-09 7.0993935427517687e-07 16233153232.196093 1.1146294117421967 0.096656650988934056
d 0 0 -1.8957492906929681e-08 0 0 9.3475257797612605e-16 2.6292587904240197 2.6292587904240197 2.0325480491030978e-08 0 0 -1.3679715912796092e-09 7.9674508800727888e-07 15067172682.879145 1.2960169693556276 0.096801009130095483
d 0 0 -1.8595401113060324e-08 0 0 1.7595902994221529e-15 2.9646293952120102 2.9646293952120102 1.9938786443498463e-08 0 0 -1.3433870281424903e-09 8.9837254400363958e-07 13945073580.609619 1.5093048170002754 0.096967560951661147
d 0 0 -1.8314923340897533e-08 0 0 1.409800124803032e-15 3.2999999999999998 3.2999999999999998 1.9643099805448918e-08 0 0 -1.3281766881324311e-09 1.0000000000000002e-06 13021103082.588066 1.7242359480048894 0.097132050800045389
d 0 0 -2.192773567886403e-09 0 0 -3.6574363461492571e-12 3.2999999999999998 3.2999999999999998 2.7684854531052596e-09 0 0 -5.8041058278315625e-10 1.0100000000000001e-06 12992536512.848425 1.7354637491763345 0.097137005408395538
d 0 0 -1.3102944432907083e-09 0 0 1.7908944579155452e-14 3.2999999999999998 3.2999999999999998 1.6489894408547358e-09 0 0 -3.3869118475647622e-10 1.0299999999999999e-06 12978033083.014135 1.7497231032304557 0.097159036196608373
d 0 0 -7.120602297695537e-10 0 0 3.8271880975938055e-15 3.2999999999999998 3.2999999999999998 8.9676893202271229e-10 0 0 -1.8469943740164576e-10 1.0699999999999995e-06 12935030734.696125 1.766063000747724 0.097204236018781753
d 0 0 -3.706660716046e-10 0 0 9.9663758887599884e-16 3.2999999999999998 3.2999999999999998 4.6630505560609313e-10 0 0 -9.5653337195162804e-11 1.1499999999999987e-06 12850483922.34519 1.7835110049542178 0.097295398233005148
d 0 0 -1.9006375519056785e-10 0 0 2.4480183354595138e-16 3.2999999999999998 3.2999999999999998 2.3836003709673524e-10 0 0 -4.8291407389215814e-11 1.3099999999999972e-06 12710719051.234034 1.8014155907052349 0.097477071831053141
d 0 0 -9.755674729758704e-11 0 0 7.4860688196416006e-17 3.2999999999999998 3.2999999999999998 1.2168769483236664e-10 0 0 -2.4130141449656556e-11 1.6299999999999941e-06 12516658021.274813 1.8194469636248392 0.097835355440712424
d 0 0 -6.3717669902007234e-11 0 0 2.4951366068105769e-17 3.2999999999999998 3.2999999999999998 7.9114688803083759e-11 0 0 -1.5396373026726464e-11 2.0000000000000003e-06 12356259416.606014 1.8310705590695973 0.098241441439157251
d 0 0 -6.028967187734974e-11 0 0 -1.6616370717576241e-16 3.2999999999999998 3.2999999999999998 7.1882895990198717e-11 0 0 -1.4043680600819133e-11 2.1000000000000002e-06 12311051462.546125 1.8334480945749214 0.098349862908820695
d 0 0 -5.0182796742275647e-11 0 0 -1.444818301182322e-17 3.2999999999999998 3.2999999999999998 6.2124001413276498e-11 0 0 -1.1940918836523564e-11 2.3e-06 12238516374.589787 1.8376406705654 0.098564700995075194
d 0 0 -3.9350492881386092e-11 0 0 5.3272352899427954e-18 3.2999999999999998 3.2999999999999998 4.8530879829947089e-11 0 0 -9.1804431201729413e-12 2.6999999999999996e-06 12092833993.429413 1.844436234660749 0.098987446667256229
d 0 0 -2.784894674189691e-11 0 0 9.6304390475355951e-18 3.2999999999999998 3.2999999999999998 3.4112750166637502e-11 0 0 -6.2616249468529467e-12 3.4999999999999987e-06 11802364611.773977 1.8543194782768717 0.099805704731189215
d 0 0 -1.8139501155693277e-11 0 0 -7.9668955104054685e-18 3.2999999999999998 3.2999999999999998 2.1951594572584826e-11 0 0 -3.8121762609201051e-12 5.0999999999999969e-06 11239455451.813738 1.8671293540933509 0.10133931051284262
d 0 0 -1.1287788058197148e-11 0 0 6.5210971291627743e-18 3.2999999999999998 3.2999999999999998 1.3418674458710711e-11 0 0 -2.1286800135358298e-12 8.2999999999999934e-06 10220100331.471638 1.8821530795546622 0.10404661342029159
d 0 0 -6.857842694440514e-12 0 0 -1.0323543804911546e-18 3.2999999999999998 3.2999999999999998 7.9839604342623199e-12 0 0 -1.1256362329478535e-12 1.4699999999999986e-05 8624837884.7977905 1.8985547680515324 0.10836468726185911
d 0 0 -4.0746208357809611e-12 0 0 1.3274721866515654e-17 3.2999999999999998 3.2999999999999998 4.6523422536859003e-12 0 0 -5.774679787583555e-13 2.749999999999997e-05 6824245036.075078 1.9156963632485118 0.11439095685304423
d 0 0 -2.4979997160618396e-12 0 0 1.5710916960249411e-18 3.2999999999999998 3.2999999999999998 2.7937795812287322e-12 0 0 -2.9116044454752186e-13 5.3099999999999935e-05 5920403313.1509094 1.9331835895378973 0.12237886014914956
d 0 0 -1.7314416097486517e-12 0 0 -7.5913915501691283e-18 3.2999999999999998 3.2999999999999998 1.8822845841119794e-12 0 0 -1.4586601651929751e-13 0.00010429999999999987 6341170822.0541801 1.9507929591897466 0.13488523614202907
d 0 0 -1.2903219830867215e-12 0 0 -1.1720104937783599e-17 3.2999999999999998 3.2999999999999998 1.3682508503876131e-12 0 0 -7.2470040603041499e-14 0.00020669999999999971 7375135324.1755896 1.9684035739102264 0.15651674824546979
d 0 0 -1.1742568618951962e-12 0 0 -1.2865512316555782e-17 3.2999999999999998 3.2999999999999998 1.2385358337403695e-12 0 0 -5.8293838949288367e-14 0.0002578999999999996 7813429292.7693949 1.9738467684762391 0.16596375899440741
d 0 0 -1.0065155128887428e-12 0 0 -8.7702834835308142e-20 3.2999999999999998 3.2999999999999998 1.0523835086318555e-12 0 0 -4.1674741171633015e-14 0.00036029999999999938 8584682394.9332685 1.9821727489798731 0.18252494394681279
d 0 0 -8.804800023553144e-13 0 0 -1.6604677435252023e-17 3.2999999999999998 3.2999999999999998 9.1976761189900427e-13 0 0 -3.2030153991248372e-14 0.00046269999999999916 9192000788.8861771 1.9883151502087872 0.19640948365819738
d 0 0 -7.0652875393244925e-13 0 0 -1.2541712826278666e-17 3.2999999999999998 3.2999999999999998 7.3307068678918076e-13 0 0 -2.2191558250012051e-14 0.00066749999999999872 9965035873.9606476 1.9973795563053476 0.21797483738425655
d 0 0 -5.0573471761650579e-13 0 0 -1.4379468045221174e-17 3.2999999999999998 3.2999999999999998 5.2318513910325216e-13 0 0 -1.3540499303796941e-14 0.0010770999999999979 10353949311.286732 2.0090049149444718 0.24479806290553069
d 0 0 -4.7606151271969547e-13 0 0 -1.4378968526981688e-17 3.2999999999999998 3.2999999999999998 4.9095281492542094e-13 0 0 -1.2373687793907771e-14 0.0011794999999999978 10338698070.440941 2.0111693770413828 0.24915414639159228
d 0 0 -4.2426668374080816e-13 0 0 -1.467988944790573e-17 3.2999999999999998 3.2999999999999998 4.4153166771958806e-13 0 0 -9.90549737394628e-15 0.0013842999999999976 10280315106.19055 2.0148924755259112 0.25623369872072838
d 0 0 -3.639770601616116e-13 0 0 -1.6921817940960712e-17 3.2999999999999998 3.2999999999999998 3.7855911409812879e-13 0 0 -7.3055110762365557e-15 0.0017938999999999971 10207299173.703487 2.0207266677505649 0.26603304293426566
d 0 0 -3.1196327806716964e-13 0 0 -1.2543825608552228e-17 3.2999999999999998 3.2999999999999998 3.2358604261941225e-13 0 0 -4.708771545297873e-15 0.0026130999999999962 10462838648.729319 2.028603458638377 0.27724007398992695
d 0 0 -2.8499146884627351e-13 0 0 -1.8276566983411013e-17 3.2999999999999998 3.2999999999999998 2.9381875327530059e-13 0 0 -2.7054059760589659e-15 0.0042514999999999949 11559880049.529753 2.0383911831723007 0.28990125015346258
d 0 0 -2.766029446164279e-13 0 0 -6.8236369202818339e-18 3.2999999999999998 3.2999999999999998 2.8623298432399939e-13 0 0 -1.4290215584703782e-15 0.0058898999999999931 12486567727.231937 2.0437739448619263 0.29945703800333323
d 0 0 -2.6889463396726345e-13 0 0 -2.2090272431196155e-17 3.2999999999999998 3.2999999999999998 2.78113081791407e-13 0 0 -4.9922633825195138e-16 0.0091666999999999894 13610732836.636845 2.0493531525399802 0.3150458362237899
d 0 0 -2.6266357672359e-13 0 0 -1.4793995865445563e-17 3.2999999999999998 3.2999999999999998 2.6877628123286146e-13 0 0 -2.9201444422725264e-16 0.015720299999999982 14543138015.655817 2.0556679725225862 0.33671725026866411
d 0 0 -2.5437930752604805e-13 0 0 -1.8640781884686692e-17 3.2999999999999998 3.2999999999999998 2.6128661262593649e-13 0 0 -1.9149663605170082e-18 0.028827499999999968 15557650624.146038 2.0568813875259275 0.36033243453084757
d 0 0 -2.547323334862225e-13 0 0 -5.0968696231759269e-18 3.2999999999999998 3.2999999999999998 -1.5233603190950696e-14 0 0 2.9505420780035804e-15 0.055041899999999935 17059574952.529524 1.9928549022185189 0.37695324529188334
d 0 0 -2.1186516230360405e-13 0 0 -1.8579254705542349e-17 3.2999999999999998 3.2999999999999998 1.6219011789735479e-13 0 0 5.7550025309454318e-15 0.1 19442426217.822037 1.6870334248985883 0.37959834449925522
d 0 0 -1.9480928129928621e-13 0 0 -1.8804065294096451e-17 3.2999999999999998 3.2999999999999998 1.9123469056508344e-13 0 0 6.1848133206504259e-15 0.105 19734326978.206421 1.6393191702145642 0.38151143794365472
d 0 0 -1.8926605799392024e-13 0 0 -8.9966765793986475e-18 3.2999999999999998 3.2999999999999998 1.9200726946153365e-13 0 0 5.8232504523523864e-15 0.11 20230961334.617462 1.5921948085202975 0.38023875628494669
d 0 0 -1.8852710068348549e-13 0 0 6.6819101214506734e-20 3.2999999999999998 3.2999999999999998 1.8521668148461874e-13 0 0 5.4500343337646233e-15 0.115 20661040586.127064 1.5479250123218571 0.37903285499143285
d 0 0 -1.8789400978598516e-13 0 0 -1.69683043266116e-17 3.2999999999999998 3.2999999999999998 1.7875342141868052e-13 0 0 5.1836493290169127e-15 0.12 21065123994.310101 1.5063233677570602 0.37791868554331665
d 0 0 -1.8841724754282076e-13 0 0 -9.5177206456958036e-18 3.2999999999999998 3.2999999999999998 1.782509232048008e-13 0 0 5.1285489496823189e-15 0.12500000000000003 21469155747.923733 1.4658081776612952 0.37687517226253009
d 0 0 -1.8751857808615427e-13 0 0 -9.5220163830267246e-18 3.2999999999999998 3.2999999999999998 1.749464925577961e-13 0 0 5.0120467797710233e-15 0.13000000000000003 21872962242.20451 1.426366317926296 0.37588316460630222
d 0 0 -1.8607811810300145e-13 0 0 -7.3790456801739117e-18 3.2999999999999998 3.2999999999999998 1.7304754368031947e-13 0 0 4.9467992030195868e-15 0.13500000000000004 22282778545.733833 1.3877187830179307 0.37492750344351089
d 0 0 -1.847122533108796e-13 0 0 -1.6964672090541031e-17 3.2999999999999998 3.2999999999999998 1.7165955256872992e-13 0 0 4.9024631314328592e-15 0.14000000000000004 22703398216.361454 1.3496576335205779 0.37399287431627359
d 0 0 -1.83735506558014e-13 0 0 -7.3802281907259645e-18 3.2999999999999998 3.2999999999999998 1.7025253448249176e-13 0 0 4.8614323240646596e-15 0.14500000000000005 23138631947.704586 1.3120900924223089 0.37306684925145561
d 0 0 -1.7981859718537992e-13 0 0 -1.69654370279558e-17 3.2999999999999998 3.2999999999999998 1.7077999007799973e-13 0 0 4.878055626991198e-15 0.15000000000000005 23594091608.382774 1.2748665333553253 0.37213765521089076
d 0 0 -1.7926327759784218e-13 0 0 -7.3801975398589882e-18 3.2999999999999998 3.2999999999999998 1.7090366838995195e-13 0 0 4.8847576826068198e-15 0.15500000000000005 24079206908.275513 1.2376205999818231 0.37118871954252197
d 0 0 -1.7863035254726982e-13 0 0 -1.6964963742475058e-17 3.2999999999999998 3.2999999999999998 1.7140754991756855e-13 0 0 4.9034168637804282e-15 0.16000000000000006 24600038941.063522 1.2003479839620064 0.37020734726657101
d 0 0 -1.7624229083086652e-13 0 0 -9.5167679445609559e-18 3.2999999999999998 3.2999999999999998 1.7188043213783502e-13 0 0 4.9219437145087595e-15 0.16500000000000006 25168089225.028885 1.1630447854901944 0.36917744333106162
d 0 0 -1.7497862080261659e-13 0 0 -7.3829021364953637e-18 3.2999999999999998 3.2999999999999998 1.7233079815315198e-13 0 0 4.9403526883344585e-15 0.17000000000000007 25810426591.027878 1.125707475517568 0.36806830364656429
d 0 0 -1.7298424912288855e-13 0 0 -1.6963550268632873e-17 3.2999999999999998 3.2999999999999998 1.7276507477825222e-13 0 0 4.9586824671807948e-15 0.17500000000000007 26601885475.135792 1.0883326595505196 0.36680238910961604
d 0 0 -1.7031130584176287e-13 0 0 -7.3800969327755536e-18 3.2999999999999998 3.2999999999999998 1.7318777518640805e-13 0 0 4.9769748884904997e-15 0.18000000000000008 27775865347.031708 1.0509171157041821 0.36515030850763142
d 0 0 -1.6868588268628506e-13 0 0 -1.6968994800570719e-17 3.2999999999999998 3.2999999999999998 1.7050827938244132e-13 0 0 4.9061907537563545e-15 0.18500000000000008 30055071210.791309 1.0139032426484191 0.36242102578913843
d 0 0 -1.6292821933814584e-13 0 0 -7.3818747913555696e-18 3.2999999999999998 3.2999999999999998 1.6668426878084945e-13 0 0 4.8023134054495465e-15 0.19000000000000009 35393173407.881226 0.9774899171499849 0.35680774494785183
d 0 0 -1.5758175802886806e-13 0 0 -1.6965607410736965e-17 3.2999999999999998 3.2999999999999998 1.5830307138032628e-13 0 0 4.5665936596967398e-15 0.19500000000000009 46600985048.060982 0.94261245309663011 0.34583944501856995
d 0 0 -1.4630743042948941e-13 0 0 -7.3815837523449375e-18 3.2999999999999998 3.2999999999999998 1.5010587057836283e-13 0 0 4.3354516721696676e-15 0.20000000000000009 64955949284.751373 0.90934137415205774 0.32926712029885263
d 0 0 -1.3998252404066708e-13 0 0 -1.6966955111423328e-17 3.2999999999999998 3.2999999999999998 1.3933490450393111e-13 0 0 4.0290825471530191e-15 0.2050000000000001 88829990851.119415 0.87826679487671044 0.30975807322065463
d 0 0 -1.3214036223531146e-13 0 0 -7.3851160666915897e-18 3.2999999999999998 3.2999999999999998 1.2927423403499525e-13 0 0 3.742322289643879e-15 0.2100000000000001 115905536604.37039 0.8493786727215481 0.28937866772691961
d 0 0 -1.2498653260490266e-13 0 0 -1.6970687990623955e-17 3.2999999999999998 3.2999999999999998 1.1923533638153434e-13 0 0 3.4553297192578489e-15 0.21500000000000011 143929974669.97186 0.82266748153706959 0.2691283003617681
d 0 0 -1.1762010342020984e-13 0 0 -3.8990941666463618e-18 3.2999999999999998 3.2999999999999998 1.0922087769657493e-13 0 0 3.1682211937893709e-15 0.22000000000000011 171601906017.33984 0.79812397864657036 0.24962359119811095
d 0 0 -1.0910414396427597e-13 0 0 -1.6968660273372403e-17 3.2999999999999998 3.2999999999999998 1.0272462252750739e-13 0 0 2.9825282920121707e-15 0.22500000000000012 199530201541.52094 0.77523898670441993 0.23094204359720039
d 0 0 -1.0130143644163377e-13 0 0 -7.3840030434775498e-18 3.2999999999999998 3.2999999999999998 9.5087533215973806e-14 0 0 2.763190336413239e-15 0.23000000000000012 227662465695.12729 0.75400534056468893 0.21331103688020625
d 0 0 -9.3471136688050163e-14 0 0 -1.6966825476263e-17 3.2999999999999998 3.2999999999999998 8.7474580567515649e-14 0 0 2.5440168286630244e-15 0.23500000000000013 256180625383.05951 0.73441584719995123 0.19689945287196037
d 0 0 -8.5451557751083589e-14 0 0 -7.3833517305440311e-18 3.2999999999999998 3.2999999999999998 7.9884843073005885e-14 0 0 2.3250158586973157e-15 0.24000000000000013 285106508477.52808 0.71646344478752133 0.18179916353073167
d 0 0 -7.7216158070424335e-14 0 0 -1.6967400486577274e-17 3.2999999999999998 3.2999999999999998 7.231886299466798e-14 0 0 2.1062421119992103e-15 0.24500000000000013 314283982153.01233 0.70014130084566617 0.16805664705158052
d 0 0 -6.7928882684623772e-14 0 0 -5.5102933958995853e-18 3.2999999999999998 3.2999999999999998 6.5891331980960429e-14 0 0 1.9202220399005423e-15 0.25000000000000011 343660484694.30444 0.6853728337799927 0.1556426006460091
d 0 0 -5.9365969944607573e-14 0 0 -1.0832719029930265e-17 3.2999999999999998 3.2999999999999998 5.807248398864826e-14 0 0 1.6933036178273261e-15 0.25500000000000012 372757119832.24939 0.67215197211138644 0.14455536341481406
d 0 0 -5.1009737879891028e-14 0 0 -1.5508002589841694e-18 3.2999999999999998 3.2999999999999998 4.9712442082202934e-14 0 0 1.4502473984797009e-15 0.26000000000000012 400926639744.40283 0.66054753557388513 0.13485848258429434
d 0 0 -4.2987807214227149e-14 0 0 -1.5505265647389506e-18 3.2999999999999998 3.2999999999999998 4.1928307123575761e-14 0 0 1.2236723558097685e-15 0.26500000000000012 427474016146.74506 0.65061369156982496 0.12660027260439105
d 0 0 -3.565673141373543e-14 0 0 -5.511467071641988e-18 3.2999999999999998 3.2999999999999998 3.4718600350660684e-14 0 0 1.0136069561898062e-15 0.27000000000000013 451719044872.53638 0.64234417541742728 0.11977043319116776
d 0 0 -2.9097881926478302e-14 0 0 -5.5100590428362985e-18 3.2999999999999998 3.2999999999999998 2.8333033980515641e-14 0 0 8.2740967199700624e-16 0.27500000000000013 473164632083.42566 0.63564893064659322 0.1142842823051603
d 0 0 -2.3808419732707658e-14 0 0 -1.5484930418503187e-18 3.2999999999999998 3.2999999999999998 2.2748424230697784e-14 0 0 6.6446660628795343e-16 0.28000000000000014 491526883253.30957 0.63036662442167557 0.10999357635265355
d 0 0 -1.8552423034319539e-14 0 0 6.8924988972980657e-19 3.2999999999999998 3.2999999999999998 1.8145128812347058e-14 0 0 5.3010536254771168e-16 0.28500000000000014 508106075604.90454 0.62599000247753755 0.10648053813569025
d 0 0 -1.4483669556355848e-14 0 0 -7.3440759759186976e-18 3.2999999999999998 3.2999999999999998 1.4117142733109665e-14 0 0 4.1248846177387519e-16 0.29000000000000015 522162336089.94202 0.6225157611908565 0.10371622405689274
d 0 0 -1.1408660017128313e-14 0 0 -7.3434703507976241e-18 3.2999999999999998 3.2999999999999998 1.074150208653386e-14 0 0 3.1388943215913603e-16 0.29500000000000015 533381460207.36346 0.6198894451020156 0.10164266770759478
d 0 0 -8.6434370219405596e-15 0 0 6.903854142903042e-19 3.2999999999999998 3.2999999999999998 8.3720120790032417e-15 0 0 2.4466855565442639e-16 0.30000000000000016 542588219244.18561 0.61784124994277478 0.10003940748017082
d 0 0 -6.5963875330166912e-15 0 0 -3.3830002806695087e-18 3.2999999999999998 3.2999999999999998 6.3434390323917748e-15 0 0 1.8539641534383873e-16 0.30500000000000016 549928780959.72815 0.61626842856601571 0.098815839887257395
d 0 0 -4.971880935047938e-15 0 0 -1.6450679483815429e-17 3.2999999999999998 3.2999999999999998 4.7997057339438312e-15 0 0 1.4028537088184767e-16 0.31000000000000016 555666474549.12305 0.61507726576002819 0.097894386241890563
d 0 0 -3.7971232975442893e-15 0 0 -1.6450119113817449e-17 3.2999999999999998 3.2999999999999998 3.6033337802945861e-15 0 0 1.0532170698013068e-16 0.31500000000000017 560029022853.0094 0.61419395795566567 0.097214244938941596
d 0 0 -2.8897677675155658e-15 0 0 -1.6451603337067757e-17 3.2999999999999998 3.2999999999999998 2.699824787183175e-15 0 0 7.8915279850427493e-17 0.32000000000000017 563428331012.95532 0.61351939012649448 0.096696886630799672
d 0 0 -2.1561531344572309e-15 0 0 -1.2382868460771323e-17 3.2999999999999998 3.2999999999999998 2.0391116880796209e-15 0 0 5.9604019239610885e-17 0.32500000000000018 566025655704.79846 0.61301182266497745 0.096308789535774098
d 0 0 -1.6342893822628058e-15 0 0 -1.9647775599516532e-17 3.2999999999999998 3.2999999999999998 1.5369001780839045e-15 0 0 4.4924884229962185e-17 0.33000000000000018 567998729195.19641 0.61263086197921501 0.096018212758637478
d 0 0 -1.2280423492270152e-15 0 0 -1.2379391390121269e-17 3.2999999999999998 3.2999999999999998 1.1460151133538326e-15 0 0 3.3499379119412188e-17 0.33500000000000019 569494155884.95703 0.61234473500199682 0.095800375645016422
d 0 0 -9.2925785598793156e-16 0 0 -1.6452017231987735e-17 3.2999999999999998 3.2999999999999998 8.6760333573417384e-16 0 0 2.536129199265522e-17 0.34000000000000019 570610912659.58435 0.61213283704870858 0.09563935598135731
d 0 0 -7.3134925979786749e-16 0 0 -7.3434324158493978e-18 3.2999999999999998 3.2999999999999998 6.0578854952454692e-16 0 0 1.7708184887957884e-17 0.3450000000000002 571442193812.9093 0.61197574688080858 0.095520065949203703
d 0 0 -5.7289768219345706e-16 0 0 -3.3820561617734729e-18 3.2999999999999998 3.2999999999999998 4.649686325191559e-16 0 0 1.3591853230329545e-17 0.3500000000000002 572065928863.48816 0.61185883820389164 0.095431489663726166
d 0 0 -4.4999755766995058e-16 0 0 -1.6455616365230854e-17 3.2999999999999998 3.2999999999999998 3.392730930115209e-16 0 0 9.9175868656478717e-18 0.3550000000000002 572532813250.76819 0.61177144712343146 0.095365282990648781
d 0 0 -3.4711918118402363e-16 0 0 -1.6451169104418741e-17 3.2999999999999998 3.2999999999999998 2.5584615334156688e-16 0 0 7.4788809403081044e-18 0.36000000000000021 572875666527.6781 0.61170759888077975 0.09531698042778125
d 0 0 -2.8713613511233544e-16 0 0 -3.273855542148586e-18 3.2999999999999998 3.2999999999999998 1.930145232787433e-16 0 0 5.6422016020170445e-18 0.36500000000000021 573138045271.68506 0.611658767430596 0.095280040630192298
d 0 0 -2.0060268234699252e-16 0 0 -1.6452464013484619e-17 3.2999999999999998 3.2999999999999998 1.5316380406074497e-16 0 0 4.477292369609452e-18 0.37000000000000022 573330764223.65466 0.61162302334292995 0.095253027307556415
d 0 0 -1.7800842915301032e-16 0 0 6.8758363635427637e-19 3.2999999999999998 3.2999999999999998 1.1684033899506591e-16 0 0 3.4154870040668197e-18 0.37500000000000022 573484284701.59314 0.61159443062348573 0.095231388423048569
d 0 0 -1.4756639037270824e-16 0 0 -7.3426747984826084e-18 3.2999999999999998 3.2999999999999998 8.3636830772165237e-17 0 0 2.4448810581231521e-18 0.38000000000000023 573599325333.99963 0.61157296286105678 0.095215129046934577
d 0 0 -1.4134256990641701e-16 0 0 -3.2744308769813446e-18 3.2999999999999998 3.2999999999999998 5.0556022271240171e-17 0 0 1.4778596390818165e-18 0.38500000000000023 573676670513.10913 0.61155859372688381 0.095204258832517374
d 0 0 -9.3155721507443241e-17 0 0 -2.0414554613114436e-17 3.2999999999999998 3.2999999999999998 6.6495885895387114e-17 0 0 1.9438182815042665e-18 0.39000000000000024 573734181900.37842 0.61154822938692754 0.095196500663211836
d 0 0 1.0470157168124297e-17 0 0 -1.6342757895284897e-17 3.2999999999999998 3.2999999999999998 5.7403523215662453e-17 0 0 1.6780301118132851e-18 0.39500000000000024 573796075402.34741 0.6115365768255272 0.095187652111872412
d 0 0 2.2681877451550851e-17 0 0 -2.2150398579195543e-17 3.2999999999999998 3.2999999999999998 6.3384613973279648e-17 0 0 1.852871078879246e-18 0.40000000000000024 573864126046.17212 0.61152364081211064 0.09517780137290055
d 0 0 9.7841968763556384e-17 0 0 -2.2153440299325299e-17 3.2999999999999998 3.2999999999999998 6.934356950353932e-17 0 0 2.0270657491646224e-18 0.40500000000000025 573938046769.30469 0.61150942609930448 0.095166937872833313
d 0 0 1.8203760936808655e-16 0 0 -2.0416409531593595e-17 3.2999999999999998 3.2999999999999998 7.5280474428166995e-17 0 0 2.200616015121068e-18 0.41000000000000025 574018135444.93042 0.61149393741904401 0.09515507974034243
d 0 0 1.6559788874302354e-16 0 0 -2.2153463197328088e-17 3.2999999999999998 3.2999999999999998 8.1195396357342568e-17 0 0 2.3735239452332935e-18 0.41500000000000026 574104523770.09668 0.61147717948810509 0.095142237417391251
d 0 0 2.1633413872175639e-16 0 0 -2.041610165263162e-17 3.2999999999999998 3.2999999999999998 8.7088402436286422e-17 0 0 2.5457916068621141e-18 0.42000000000000026 574197290023.62219 0.61145915700860065 0.09512841896658053
d 0 0 2.1137435229526313e-16 0 0 -2.2154621980473261e-17 3.2999999999999998 3.2999999999999998 9.2957906323683065e-17 0 0 2.7173726132646266e-18 0.42500000000000027 574296471949.90259 0.61143987490453544 0.095113630844419039
d 0 0 2.5725570043758144e-16 0 0 -2.0414243777229265e-17 3.2999999999999998 3.2999999999999998 9.880360731114203e-17 0 0 2.8882582711110266e-18 0.43000000000000027 574402084138.83972 0.61141933821672334 0.095097878584167073
d 0 0 3.1354707676313708e-16 0 0 -2.2151156989866028e-17 3.2999999999999998 3.2999999999999998 1.0461992244747168e-16 0 0 3.0582853769780997e-18 0.43500000000000028 574514125196.42236 0.61139755242517457 0.095081167425208668
d 0 0 3.82777725553614e-16 0 0 -2.0413810409989664e-17 3.2999999999999998 3.2999999999999998 1.1040757543723159e-16 0 0 3.2274751126946951e-18 0.44000000000000028 574632583708.71692 0.61137452343840148 0.095063502579835479
d 0 0 4.5401001250567679e-16 0 0 -2.2154225250063626e-17 3.2999999999999998 3.2999999999999998 1.1616285297330558e-16 0 0 3.3957189396211428e-18 0.44500000000000028 574757438359.98474 0.61135025812598043 0.095044889770186436
d 0 0 5.1715984962889225e-16 0 0 -2.0414004339849235e-17 3.2999999999999998 3.2999999999999998 1.2189145960329805e-16 0 0 3.5631836344251184e-18 0.45000000000000029 574888668877.27759 0.61132476267098679 0.095025334065903577
d 0 0 5.9196080284383174e-16 0 0 -2.215384914586912e-17 3.2999999999999998 3.2999999999999998 1.2758493486893053e-16 0 0 3.729621902670782e-18 0.45500000000000029 575026249247.32776 0.61129804392825116 0.095004840945741298
d 0 0 6.6927598819680856e-16 0 0 -2.041492520014128e-17 3.2999999999999998 3.2999999999999998 1.3323157812873502e-16 0 0 3.89469172342254e-18 0.4600000000000003 575170146045.62708 0.61127011002120868 0.094983416810096699
d 0 0 7.5051826622888873e-16 0 0 -2.215500450333227e-17 3.2999999999999998 3.2999999999999998 1.3882083262195953e-16 0 0 4.0580845165787438e-18 0.4650000000000003 575320312426.13916 0.61124097162175317 0.094961069995711245
d 0 0 8.3615933644294126e-16 0 0 -1.6342385469179461e-17 3.2999999999999998 3.2999999999999998 1.4437021814848639e-16 0 0 4.2203124432068465e-18 0.47000000000000031 575476703827.69617 0.61121063910767703 0.094937808639973698
d 0 0 9.2674154254135768e-16 0 0 -2.2155345340992222e-17 3.2999999999999998 3.2999999999999998 1.4981603171065945e-16 0 0 4.3795133178216882e-18 0.47500000000000031 575639245628.52063 0.61117912811747988 0.094913644774044847
d 0 0 1.0110094187551615e-15 0 0 -2.0415435555145753e-17 3.2999999999999998 3.2999999999999998 1.5518714031651943e-16 0 0 4.5365310063834886e-18 0.48000000000000032 575807854883.14673 0.61114645665171918 0.094888592415209583
d 0 0 1.1202415476986442e-15 0 0 -1.8123477865947827e-17 3.2999999999999998 3.2999999999999998 1.6046581782844153e-16 0 0 4.6908473372664698e-18 0.48500000000000032 575982435326.58301 0.61111264489105466 0.094862667150410362
d 0 0 1.2048069036441549e-15 0 0 -2.0415765863339971e-17 3.2999999999999998 3.2999999999999998 1.6559495161275849e-16 0 0 4.8407927646045969e-18 0.49000000000000032 576162870528.67834 0.61107771670678368 0.094835887340917469
d 0 0 1.2947200442779079e-15 0 0 -2.2153449602762905e-17 3.2999999999999998 3.2999999999999998 1.7057247050425757e-16 0 0 4.9863067185285055e-18 0.49500000000000033 576349016650.4585 0.6110417017258537 0.094808275871277436
d 0 0 1.4009088631389009e-15 0 0 -2.0413680883028734e-17 3.2999999999999998 3.2999999999999998 1.7537627983197665e-16 0 0 5.1267433248252433e-18 0.50000000000000033 576540705483.71973 0.6110046341399451 0.094779859089180185
d 0 0 1.5107413390901534e-15 0 0 -2.2152185705169242e-17 3.2999999999999998 3.2999999999999998 1.7998651547741557e-16 0 0 5.2615218694020219e-18 0.50500000000000034 576737742467.15125 0.61096655326205673 0.094750667275326106
d 0 0 1.6142824028168939e-15 0 0 -1.6381764907491388e-17 3.2999999999999998 3.2999999999999998 1.8429191007614671e-16 0 0 5.3873896698408077e-18 0.51000000000000034 576939869690.52881 0.61092751008661428 0.094720739532380249
d 0 0 1.7193015508970205e-15 0 0 -2.2153359813759107e-17 3.2999999999999998 3.2999999999999998 1.8824701129447208e-16 0 0 5.5030179635172889e-18 0.51500000000000035 577146769912.73877 0.61088756766307384 0.094690124363253469
d 0 0 1.830947787216985e-15 0 0 -2.0414299489688673e-17 3.2999999999999998 3.2999999999999998 1.9171159735435926e-16 0 0 5.6043076037230145e-18 0.52000000000000035 577357987253.37085 0.6108468152994293 0.094658890276514751
d 0 0 1.938262300684473e-15 0 0 -2.2153041225020662e-17 3.2999999999999998 3.2999999999999998 1.9434196112931452e-16 0 0 5.6812108658244785e-18 0.52500000000000036 577572856197.88257 0.61080538181120081 0.094627135851639621
d 0 0 2.0459762957365595e-15 0 0 -2.0411868875761978e-17 3.2999999999999998 3.2999999999999998 1.953773681609432e-16 0 0 5.7114889222723147e-18 0.53000000000000036 577790290773.76965 0.61076347519381147 0.094595019898898292
d 0 0 2.1414231732989514e-15 0 0 -2.2154159260541983e-17 3.2999999999999998 3.2999999999999998 1.9248370375387257e-16 0 0 5.6269078359975323e-18 0.53500000000000036 578007915211.00708 0.61072154463281259 0.094562884217822663
d 0 0 2.2870054183710114e-15 0 0 -2.0413837202470341e-17 3.2999999999999998 3.2999999999999998 1.8672972729307772e-16 0 0 5.458710171529298e-18 0.54000000000000037 578219316155.31958 0.61068085202061573 0.094531701981864669
d 0 0 2.3883012752854082e-15 0 0 -2.2153791450124889e-17 3.2999999999999998 3.2999999999999998 1.804432215866663e-16 0 0 5.2749439882732549e-18 0.54500000000000037 578424240791.87903 0.61064146267803809 0.094501528128785983
d 0 0 1.0536362688346505e-15 0 0 -2.0413888227148278e-17 3.2999999999999998 3.2999999999999998 -1.0992339841937011e-15 0 0 -3.2134044737080287e-17 0.55000000000000038 577625485688.42004 0.61078946667403022 0.094613376103710511
d 0 0 7.5065132130710686e-16 0 0 -1.6343821841030904e-17 3.2999999999999998 3.2999999999999998 -7.2211098571032234e-16 0 0 -2.1109341599336881e-17 0.55500000000000038 576627857552.90369 0.61099024456828455 0.094769212029489958
d 0 0 5.8204081425967084e-16 0 0 -2.0415342160146736e-17 3.2999999999999998 3.2999999999999998 -5.1674911735414576e-16 0 0 -1.5105947462165282e-17 0.56000000000000039 575959109802.64258 0.61112302295979803 0.094871838115425711
d 0 0 4.34471272487327e-16 0 0 -3.3837697256614538e-18 3.2999999999999998 3.2999999999999998 -3.3677751446847339e-16 0 0 -9.8448589521632612e-18 0.56500000000000039 575487793161.4834 0.61121533837803688 0.094942889508060124
d 0 0 3.0912109846684595e-16 0 0 -3.3828235152901769e-18 3.2999999999999998 3.2999999999999998 -2.6253835001174587e-16 0 0 -7.6746415134801597e-18 0.5700000000000004 575153617578.56946 0.61127952394150586 0.094991985315280192
d 0 0 2.4800656224868917e-16 0 0 -2.041400920792058e-17 3.2999999999999998 3.2999999999999998 -2.0560191966708241e-16 0 0 -6.0102375383779135e-18 0.5750000000000004 574887722992.9762 0.61133026636010734 0.095030713381441867
d 0 0 1.7972210265981704e-16 0 0 -7.343515714079395e-18 3.2999999999999998 3.2999999999999998 -1.4318528877291259e-16 0 0 -4.1856425826900336e-18 0.5800000000000004 574691686763.79883 0.61136761525694094 0.09505920503899401
d 0 0 1.7653652878163245e-16 0 0 -3.3807915429600696e-18 3.2999999999999998 3.2999999999999998 -8.0999765548130204e-17 0 0 -2.3678100059512414e-18 0.58500000000000041 574564741223.53247 0.61139162012077286 0.095077477309699066
d 0 0 9.6303708608655975e-17 0 0 -3.3815816141725699e-18 3.2999999999999998 3.2999999999999998 -7.8494483274476804e-17 0 0 -2.2945750701365538e-18 0.59000000000000041 574476133586.71313 0.6114078999473096 0.095089750484255275
d 0 0 1.789532726347619e-16 0 0 6.8813156574259255e-19 3.2999999999999998 3.2999999999999998 -6.533650032972826e-17 0 0 -1.9099360402832722e-18 0.59500000000000042 574397187975.47839 0.61142265480384106 0.095100934444051211
d 0 0 9.8604947740085686e-17 0 0 -1.6452362865598561e-17 3.2999999999999998 3.2999999999999998 -5.825601963981952e-17 0 0 -1.7029564896156913e-18 0.60000000000000042 574326949727.60681 0.61143589031164824 0.095110991492049879
d 0 0 8.4771743123980202e-17 0 0 -1.2421491255323555e-17 3.2999999999999998 3.2999999999999998 -5.1201685433978408e-17 0 0 -1.4967415615537692e-18 0.60500000000000043 574265221710.44312 0.61144761207760934 0.095119919498033334
d 0 0 6.789567417490169e-17 0 0 -1.6454000703828379e-17 3.2999999999999998 3.2999999999999998 -4.4173412241857577e-17 0 0 -1.2912886059237124e-18 0.61000000000000043 574211679047.1217 0.61145782569200513 0.095127709593515908
d 0 0 1.0143461280911081e-16 0 0 -1.6451872632004791e-17 3.2999999999999998 3.2999999999999998 -3.7171103384539842e-17 0 0 -1.0865948031648433e-18 0.61500000000000044 574166127161.36035 0.61146653672525497 0.095134358756202464
d 0 0 9.3482108293471484e-17 0 0 -1.2420540609605484e-17 3.2999999999999998 3.2999999999999998 -3.0194662132497699e-17 0 0 -8.826574171691195e-19 0.62000000000000044 574128435907.55774 0.61147375072748211 0.095139866780905913
d 0 0 9.0387605456910702e-17 0 0 -1.6452019395579496e-17 3.2999999999999998 3.2999999999999998 -2.3243992991549863e-17 0 0 -6.7947357651070771e-19 0.62500000000000044 574098516287.06201 0.61147947322840601 0.095144235273441291
d 0 0 7.5624498770725003e-17 0 0 -1.6451027569516923e-17 3.2999999999999998 3.2999999999999998 -1.6319001295169785e-17 0 0 -4.770404760095226e-19 0.63000000000000045 574076303469.45911 0.611483709737493 0.095147466877839149
d 0 0 7.608365376958159e-17 0 0 -1.645185856867029e-17 3.2999999999999998 3.2999999999999998 -9.4195937935071656e-18 0 0 -2.7535533638958444e-19 0.63500000000000045 574061747049.49072 0.6114864657441893 0.09514956485483006
d 0 0 8.1155693029851069e-17 0 0 -1.6451116024317684e-17 3.2999999999999998 3.2999999999999998 -2.5456784575532736e-18 0 0 -7.4415444989741896e-20 0.64000000000000046 574054805383.10315 0.6114877467181925 0.095150532818452316
d 0 0 9.0086767632457662e-17 0 0 -1.6446792160288785e-17 3.2999999999999998 3.2999999999999998 4.302835282604092e-18 0 0 1.257818856428767e-19 0.64500000000000046 574055442235.6355 0.61148755810973776 0.095150374594967224
d 0 0 9.1898140790230986e-17 0 0 -1.6451098787704461e-17 3.2999999999999998 3.2999999999999998 1.1126036618479561e-17 0 0 3.2523930091862282e-19 0.65000000000000047 574063624846.28967 0.61148590534989444 0.095149094132550738
d 0 0 9.5720662519559618e-17 0 0 -1.6453018974520855e-17 3.2999999999999998 3.2999999999999998 1.792401330213323e-17 0 0 5.2395940894498487e-19 0.65500000000000047 574079322773.8822 0.61148279385086846 0.095146695450439966
d 0 0 1.2433375798301973e-16 0 0 -1.6451378431817649e-17 3.2999999999999998 3.2999999999999998 2.4696847993020202e-17 0 0 7.2194462711065442e-19 0.66000000000000048 574102507181.31506 0.61147822900690452 0.095143182610100574
d 0 0 1.4593206452696142e-16 0 0 -1.6449758731706628e-17 3.2999999999999998 3.2999999999999998 3.1444579035632606e-17 0 0 9.1919615648337792e-19 0.66500000000000048 574133150406.93579 0.61147221620076986 0.095138559698502378
d 0 0 2.1763789230169768e-16 0 0 -1.6450680060774148e-17 3.2999999999999998 3.2999999999999998 3.4753538444133385e-17 0 0 1.0159247928745282e-18 0.67000000000000048 574168628678.32104 0.61146524864996432 0.095133200446878785
d 0 0 2.359069034228397e-16 0 0 -1.8192354327015573e-17 3.2999999999999998 3.2999999999999998 3.9186331243478447e-17 0 0 1.1455056578101101e-18 0.67500000000000049 574209118532.70178 0.61145732988870838 0.095127117041372777
d 0 0 2.5273288769256404e-16 0 0 -1.8192246796551344e-17 3.2999999999999998 3.2999999999999998 4.3602696180616359e-17 0 0 1.2746064763658874e-18 0.68000000000000049 574254521731.57141 0.61144846344151516 0.095120308339606718
d 0 0 2.7965662025423928e-16 0 0 -1.6454192614312778e-17 3.2999999999999998 3.2999999999999998 4.8002684794896578e-17 0 0 1.4032287333426964e-18 0.6850000000000005 574304815046.48755 0.61143865282167453 0.095112776780324926
d 0 0 3.1694201915746333e-16 0 0 -1.8190143425726786e-17 3.2999999999999998 3.2999999999999998 5.2386347489107092e-17 0 0 1.5313738992106631e-18 0.6900000000000005 574359973145.30237 0.61142790153170845 0.095104524658722989
d 0 0 2.9190981362880545e-16 0 0 -1.6449487994369023e-17 3.2999999999999998 3.2999999999999998 5.6751103465232401e-17 0 0 1.6589665280435202e-18 0.69500000000000051 574419973160.10144 0.61141621343932473 0.095095554751623124
d 0 0 2.843501191629398e-16 0 0 -1.8189212721099312e-17 3.2999999999999998 3.2999999999999998 6.1098538091422001e-17 0 0 1.7860529968705783e-18 0.70000000000000051 574484795024.99988 0.61140359230727037 0.0950858698396021
d 0 0 3.0344637531222744e-16 0 0 -1.6454467642760341e-17 3.2999999999999998 3.2999999999999998 6.5425250464378986e-17 0 0 1.9125339400878312e-18 0.70500000000000052 574554417494.45605 0.61139004234935168 0.095075473105497244
d 0 0 3.4488515402378572e-16 0 0 -1.8191943533252434e-17 3.2999999999999998 3.2999999999999998 6.9724213226670681e-17 0 0 2.0382039475599752e-18 0.71000000000000052 574628817328.86169 0.61137556833188977 0.095064368180639236
d 0 0 3.9324214210450997e-16 0 0 -1.6451941506296125e-17 3.2999999999999998 3.2999999999999998 7.3999586057419585e-17 0 0 2.163184603897892e-18 0.71500000000000052 574707969757.87915 0.61136017551351129 0.095052559119337965
d 0 0 4.3810538396203396e-16 0 0 -1.8192782717989263e-17 3.2999999999999998 3.2999999999999998 7.8248574405453556e-17 0 0 2.2873942247416691e-18 0.72000000000000053 574791848085.36279 0.61134386954902764 0.095040050277539589
d 0 0 4.785895197101967e-16 0 0 -1.6453135447802428e-17 3.2999999999999998 3.2999999999999998 8.2464913219180776e-17 0 0 2.4106496818790487e-18 0.72500000000000053 574880423440.28345 0.61132665655976637 0.095026846375425134
d 0 0 5.3371760239608184e-16 0 0 -1.8187891560447313e-17 3.2999999999999998 3.2999999999999998 8.6649916545686037e-17 0 0 2.5329893975840704e-18 0.73000000000000054 574973663990.17957 0.61130854334079443 0.095012952669410677
d 0 0 5.8751641023373622e-16 0 0 -1.6453639925054611e-17 3.2999999999999998 3.2999999999999998 9.0799597791307661e-17 0 0 2.6542968468858016e-18 0.73500000000000054 575071532488.73706 0.61128953774535755 0.094998375223718234
d 0 0 6.4210050011785526e-16 0 0 -1.8189264466984571e-17 3.2999999999999998 3.2999999999999998 9.4889678802055189e-17 0 0 2.7738623245981453e-18 0.74000000000000055 575173983094.91895 0.61126964920900584 0.094983121288729655
d 0 0 7.0640816441081479e-16 0 0 -1.6452433615022026e-17 3.2999999999999998 3.2999999999999998 9.8935532896327591e-17 0 0 2.8921352447986964e-18 0.74500000000000055 575280968057.07349 0.6112488878560427 0.094967198718646895
d 0 0 7.5627777141815304e-16 0 0 -1.8192639380089606e-17 3.2999999999999998 3.2999999999999998 1.0290426051182617e-16 0 0 3.008153874068027e-18 0.75000000000000056 575392422994.94409 0.61122726671371164 0.094950617513698987
d 0 0 8.220466529528832e-16 0 0 -1.6451875949501735e-17 3.2999999999999998 3.2999999999999998 1.0682092869753224e-16 0 0 3.1226509886769987e-18 0.75500000000000056 575508284357.70032 0.61120479911187475 0.094933388012619524
d 0 0 8.9072614988120079e-16 0 0 -1.8189572670490421e-17 3.2999999999999998 3.2999999999999998 1.1064009286314584e-16 0 0 3.2342981387704755e-18 0.76000000000000056 575628468466.53821 0.6111815017758625 0.094915523030644544
d 0 0 9.5880209849427273e-16 0 0 -1.6453458435851278e-17 3.2999999999999998 3.2999999999999998 1.1436655283447863e-16 0 0 3.3432356250264682e-18 0.76500000000000057 575752880230.62219 0.61115739408185032 0.094897037528126948
d 0 0 1.0265755103098853e-15 0 0 -1.8191516115893721e-17 3.2999999999999998 3.2999999999999998 1.1795722221834185e-16 0 0 3.4482039241801662e-18 0.77000000000000057 575881395920.18872 0.61113250064009705 0.09487795039230934
d 0 0 1.0899069046643185e-15 0 0 -1.6453269229841154e-17 3.2999999999999998 3.2999999999999998 1.2140909198638013e-16 0 0 3.5491150706513829e-18 0.77500000000000058 576013880309.61694 0.6111068486128276 0.094858282552847895
d 0 0 1.1681710587623767e-15 0 0 -1.818965092035414e-17 3.2999999999999998 3.2999999999999998 1.2467497117979311e-16 0 0 3.6445895245511675e-18 0.78000000000000058 576150166503.01086 0.61108047096840123 0.09483805931099043
d 0 0 1.2357810204097897e-15 0 0 -1.6455081778001966e-17 3.2999999999999998 3.2999999999999998 1.2775516141244804e-16 0 0 3.7346361001917956e-18 0.78500000000000059 576290054065.81653 0.61105340757011295 0.094817311357985989
d 0 0 1.3167974835931532e-15 0 0 -1.8189499829598279e-17 3.2999999999999998 3.2999999999999998 1.3052074253652846e-16 0 0 3.8154860722799098e-18 0.79000000000000059 576433276715.71497 0.61102571018412899 0.094796078306189357
d 0 0 1.3867309540817819e-15 0 0 -1.645382653477058e-17 3.2999999999999998 3.2999999999999998 1.3295149472449333e-16 0 0 3.8865483192356901e-18 0.7950000000000006 576579503769.62561 0.61099744396222855 0.09477441027030159
d 0 0 1.4594764581487133e-15 0 0 -1.8188578428398098e-17 3.2999999999999998 3.2999999999999998 1.3474841518066126e-16 0 0 3.9390820861206372e-18 0.8000000000000006 576728243672.07019 0.61096870341969989 0.094752379444695833
d 0 0 1.5281014289401516e-15 0 0 -1.6449356556226248e-17 3.2999999999999998 3.2999999999999998 1.3492044359186011e-16 0 0 3.9441156980491553e-18 0.8050000000000006 576878520471.6322 0.6109396732919915 0.094730126330184516
d 0 0 1.6074880499481184e-15 0 0 -1.8190763835387023e-17 3.2999999999999998 3.2999999999999998 1.3426716921235547e-16 0 0 3.925023296239629e-18 0.81000000000000061 577029154842.42603 0.61091059092520983 0.094707835126072504
d 0 0 1.6996560023841302e-15 0 0 -1.6453180342329285e-17 3.2999999999999998 3.2999999999999998 1.2987580239425982e-16 0 0 3.7966552782708642e-18 0.81500000000000061 577175569471.28516 0.61088233089710153 0.094686173528545248
d 0 0 1.7729375015900649e-15 0 0 -1.819277759749178e-17 3.2999999999999998 3.2999999999999998 1.2538289332625205e-16 0 0 3.6653182895592112e-18 0.82000000000000062 577317605865.98242 0.61085495322052685 0.094665195270301594
d 0 0 1.8379949562741181e-15 0 0 -1.237958495936454e-17 3.2999999999999998 3.2999999999999998 1.2102835560420513e-16 0 0 3.5380259600216575e-18 0.82500000000000062 577454942445.74438 0.61082850862292015 0.094644936733678631
d 0 0 1.9013157353432214e-15 0 0 -1.8192010784861024e-17 3.2999999999999998 3.2999999999999998 1.1634791401805068e-16 0 0 3.4012060555598505e-18 0.83000000000000063 577587287857.62341 0.61080304404287744 0.094625431873353649
d 0 0 1.9698653902605235e-15 0 0 -1.6451845334698658e-17 3.2999999999999998 3.2999999999999998 1.1148565555956434e-16 0 0 3.259070650847674e-18 0.83500000000000063 577714404753.74927 0.61077860197869471 0.094606712685367078
d 0 0 2.0190898151390512e-15 0 0 -1.8192056580865057e-17 3.2999999999999998 3.2999999999999998 1.0641909061474778e-16 0 0 3.1109623090831451e-18 0.84000000000000064 577836055018.75781 0.61075522487949541 0.094588811064739986
d 0 0 2.0877543477667553e-15 0 0 -1.6450318200214059e-17 3.2999999999999998 3.2999999999999998 1.0118728058013071e-16 0 0 2.9580229003339249e-18 0.84500000000000064 577952025694.74866 0.61073295171804109 0.094571756564356235
d 0 0 2.1298805940079251e-15 0 0 -1.819068576581658e-17 3.2999999999999998 3.2999999999999998 9.5735531626989152e-17 0 0 2.7986535606536499e-18 0.85000000000000064 578062084688.14478 0.61071182498310261 0.094555581382317622
d 0 0 2.1789610775528632e-15 0 0 -1.6450790223603324e-17 3.2999999999999998 3.2999999999999998 9.009420943874724e-17 0 0 2.6337419772416934e-18 0.85500000000000065 578166018457.53906 0.61069188456227197 0.094540315957802323
d 0 0 2.2190118348777208e-15 0 0 -1.8192754879793994e-17 3.2999999999999998 3.2999999999999998 8.4330900217833713e-17 0 0 2.4652639132363327e-18 0.86000000000000065 578263628551.46069 0.61067316773207581 0.094525988801514527
d 0 0 2.2632778595385057e-15 0 0 -1.6451832785862559e-17 3.2999999999999998 3.2999999999999998 7.8317927321926582e-17 0 0 2.2894869906934784e-18 0.86500000000000066 578354680407.60229 0.61065571759159654 0.094512632590864287
d 0 0 2.3083068542800556e-15 0 0 -1.8190377634434997e-17 3.2999999999999998 3.2999999999999998 7.2104099396785828e-17 0 0 2.1078380374624709e-18 0.87000000000000066 578438939625.66968 0.61063957871222285 0.094500281507186479
d 0 0 1.0370874582207934e-15 0 0 -1.6451729113817452e-17 3.2999999999999998 3.2999999999999998 -1.0808137983142427e-15 0 0 -3.159555545244725e-17 0.87500000000000067 577611817383.57458 0.61079364960607707 0.094616940292523932
d 0 0 7.4832339051593986e-16 0 0 -1.2379573059613862e-17 3.2999999999999998 3.2999999999999998 -7.2181964641539053e-16 0 0 -2.1100824877754709e-17 0.88000000000000067 576628022380.76685 0.61099103246868103 0.094770005667254464
d 0 0 5.454872443567373e-16 0 0 -1.6453433302133295e-17 3.2999999999999998 3.2999999999999998 -5.016958923904352e-16 0 0 -1.4665900779081352e-17 0.88500000000000068 575964605766.2854 0.61112250474249175 0.094871568776732307
d 0 0 4.1539986654800851e-16 0 0 -1.6453450791171093e-17 3.2999999999999998 3.2999999999999998 -3.4155430605142469e-16 0 0 -9.9844975000656187e-18 0.89000000000000068 575494509815.25378 0.61121423604035929 0.094942089626368964
d 0 0 3.2864774821264505e-16 0 0 -7.3422864339327924e-18 3.2999999999999998 3.2999999999999998 -2.4198890149418934e-16 0 0 -7.0739284124174326e-18 0.89500000000000068 575156057689.27063 0.61127934539651507 0.094991918631198824
d 0 0 2.5381744257324496e-16 0 0 -3.3794562468626237e-18 3.2999999999999998 3.2999999999999998 -1.9819755834005109e-16 0 0 -5.7937919326963589e-18 0.90000000000000069 574913524255.90735 0.61132533550779855 0.095026952209683269
d 0 0 1.9571497790029306e-16 0 0 -1.9646409760713791e-17 3.2999999999999998 3.2999999999999998 -1.5636511006956635e-16 0 0 -4.5709217658304407e-18 0.90500000000000069 574714872045.29187 0.61136298634365249 0.095055624001070038
d 0 0 1.5970862707401266e-16 0 0 -7.3415544190564364e-18 3.2999999999999998 3.2999999999999998 -1.1764591337912628e-16 0 0 -3.4390637516460488e-18 0.9100000000000007 574560164264.71167 0.61139232868995519 0.095077972814506029
d 0 0 1.4189732168896891e-16 0 0 -7.3427454757712947e-18 3.2999999999999998 3.2999999999999998 -7.9069820044358996e-17 0 0 -2.3113922973983418e-18 0.9150000000000007 574448849256.96606 0.61141339323879207 0.095094006392622332
d 0 0 1.1800634706187751e-16 0 0 -3.3807082447152882e-18 3.2999999999999998 3.2999999999999998 -4.0636365478203309e-17 0 0 -1.1878927856711466e-18 0.92000000000000071 574380467082.43787 0.61142621058283209 0.095103735897880459
d 0 0 6.9408636681929944e-17 0 0 -2.0413772114442273e-17 3.2999999999999998 3.2999999999999998 -4.9592765367828039e-17 0 0 -1.4497103444412586e-18 0.92500000000000071 574337956533.29382 0.6114337752557244 0.095109377695302255
d 0 0 1.2917351630660217e-16 0 0 -1.6456685179061866e-17 3.2999999999999998 3.2999999999999998 -3.3228270782701895e-17 0 0 -9.71338393360454e-19 0.93000000000000071 574298901581.94434 0.61144104127980836 0.095114878110331369
d 0 0 1.9346539651238574e-16 0 0 -2.2153824264577375e-17 3.2999999999999998 3.2999999999999998 -3.1841605008652427e-17 0 0 -9.3080223847512307e-19 0.93500000000000072 574261598093.09668 0.61144800975264479 0.095120157861528776
d 0 0 2.3074656277889278e-16 0 0 -1.8193969808133645e-17 3.2999999999999998 3.2999999999999998 -3.0460050576362414e-17 0 0 -8.9041619596626342e-19 0.94000000000000072 574226391518.7782 0.61145468176806672 0.095125235855819168
d 0 0 2.006924014753197e-16 0 0 -2.0417338325054287e-17 3.2999999999999998 3.2999999999999998 -2.908360161259877e-17 0 0 -8.501792616610544e-19 0.94500000000000073 574193013222.30688 0.61146105842088483 0.095130101004494649
d 0 0 1.7555830679682551e-16 0 0 -1.8193271797689945e-17 3.2999999999999998 3.2999999999999998 -2.7712236548146601e-17 0 0 -8.1009103799232697e-19 0.95000000000000073 574161341007.61023 0.6114671408018103 0.095134748977321604
d 0 0 1.4600922970294025e-16 0 0 -2.0410876869393431e-17 3.2999999999999998 3.2999999999999998 -2.6345934381882652e-17 0 0 -7.7015075109589836e-19 0.95500000000000074 574131293337.3363 0.61147292999733727 0.095139177225710636
d 0 0 1.2964981504340996e-16 0 0 -1.8190923111724386e-17 3.2999999999999998 3.2999999999999998 -2.498467356126217e-17 0 0 -7.3035791688697894e-19 0.96000000000000074 574102820125.05676 0.61147842708944233 0.095143384598401937
d 0 0 1.8759439419011724e-16 0 0 -2.0416945020306083e-17 3.2999999999999998 3.2999999999999998 -2.3628432888999336e-17 0 0 -6.907117184068591e-19 0.96500000000000075 574075888961.61951 0.61148363315554122 0.095147370727808211
d 0 0 1.8057416094466752e-16 0 0 -1.8191598152044243e-17 3.2999999999999998 3.2999999999999998 -2.2277190713535156e-17 0 0 -6.5121173242993255e-19 0.97000000000000075 574050478033.17151 0.61148854926849783 0.095151135719025615
d 0 0 8.2198992382970765e-17 0 0 -2.0416376536825643e-17 3.2999999999999998 3.2999999999999998 -2.093092596772179e-17 0 0 -6.1185738847026642e-19 0.97500000000000075 574026571838.19446 0.61149317649664614 0.095154679954349008
d 0 0 1.4768337909895555e-16 0 0 -1.8192434812597826e-17 3.2999999999999998 3.2999999999999998 -1.9589618555447631e-17 0 0 -5.726478105658057e-19 0.98000000000000076 574004158697.125 0.6114975159038516 0.095158003976811179
d 0 0 1.4473147433926805e-16 0 0 -2.0414418126596175e-17 3.2999999999999998 3.2999999999999998 -1.8253247446884715e-17 0 0 -5.3358260978707042e-19 0.98500000000000076 573983229195.33496 0.61150156854957571 0.095161108431673136
d 0 0 1.3786047100443066e-16 0 0 -1.8190342908800552e-17 3.2999999999999998 3.2999999999999998 -1.6921792547328687e-17 0 0 -4.9466115998515469e-19 0.99000000000000077 573963775369.14673 0.61150533548891728 0.095163994022235743
d 0 0 3.5754644703851247e-17 0 0 -2.041354692070466e-17 3.2999999999999998 3.2999999999999998 -1.5595233634449163e-17 0 0 -4.558829363368573e-19 0.99500000000000077 573945790166.16394 0.61150881777267008 0.095166661483753967
d 0 0 1.0581948301799864e-16 0 0 -1.807971953628114e-17 3.2999999999999998 3.2999999999999998 -1.4273551805434418e-17 0 0 -4.1724713753120199e-19 1 573929267054.88391 0.61151201644739217 0.095169111577633081
Q 2 13 "Voltage #01"
Q 3 13 "Voltage #02"
Q 4 13 "Voltage #03"
Q 5 13 "Voltage #04"
Q 20 13 "Current #01"
Q 21 13 "Current #02"
Q 22 13 "Current #03"
Q 23 13 "Current #04"
Q 61 13 "Transient time"
Q 92 21 Contact
Q 601 13 "Int. Voltage #01"
Q 602 13 "Int. Voltage #02"
Q 603 13 "Int. Voltage #03"
Q 604 13 "Int. Voltage #04"
Q 3000 13 cis_conc
Q 3001 13 fd_potential
Q 3002 13 cis_potential
EOF 1628533780
