v ATLAS
# This file was created by ATLAS version 5.26.1.R on Tue Apr 17 01:03:34 2018.
#SSF 2.0 generic
##############################################################################
#                    Copyright (c) 1984 - 2018                               #
#                    Silvaco Inc. All rights reserved                        #
#                                                                            #
# This file format and the following Key are copyright Silvaco Inc.          #
# You may not use, this format or key without reproducing this message in    #
# full and obtaining express written permission from Silvaco Inc.            #
#                                                                            #
# To obtain such permission please contact: Silvaco Inc.                     #
#                                           support@silvaco.com              #
#                                                                            #
# KEY=SVC86hn7562asdx                       PROD=345                         #
##############################################################################
y 1 15
z 300
f 4 "substrate" "cgate" "ngate" "drain" 
o 1 tg_conc
o 2 rst_conc
p 14 2 601 20 3 602 21 4 603 22 5 604 23 3000 3001 
d 0.000000000e+00 0.000000000e+00 3.258480517e-17 5.000000000e-02 5.000000000e-02 1.174645221e-18 5.000000000e-02 5.000000000e-02 -2.802197810e-17 1.000000000e-01 1.000000000e-01 -1.202802895e-16 8.661534616e+02 5.033210152e+02 
d 0.000000000e+00 0.000000000e+00 3.258480517e-17 1.000000000e-01 1.000000000e-01 8.285199136e-18 1.000000000e-01 1.000000000e-01 -3.049735081e-17 1.000000000e-01 1.000000000e-01 -1.202802895e-16 1.084900329e+03 6.200341313e+02 
d 0.000000000e+00 0.000000000e+00 3.258480517e-17 1.500000000e-01 1.500000000e-01 -9.318053203e-17 1.500000000e-01 1.500000000e-01 -2.132412935e-16 1.000000000e-01 1.000000000e-01 -1.202802895e-16 1.368294880e+03 7.693420215e+02 
d 0.000000000e+00 0.000000000e+00 3.258643693e-17 2.000000000e-01 2.000000000e-01 -9.119738083e-17 2.000000000e-01 2.000000000e-01 -2.121853398e-16 1.000000000e-01 1.000000000e-01 -1.202802895e-16 1.738065779e+03 9.617502396e+02 
d 0.000000000e+00 0.000000000e+00 3.258643693e-17 2.500000000e-01 2.500000000e-01 5.901180857e-17 2.500000000e-01 2.500000000e-01 -2.088526549e-16 1.000000000e-01 1.000000000e-01 -1.202802895e-16 2.224509532e+03 1.211501529e+03 
d 0.000000000e+00 0.000000000e+00 3.258480517e-17 3.000000000e-01 3.000000000e-01 -8.911255049e-17 3.000000000e-01 3.000000000e-01 -2.103661297e-16 1.000000000e-01 1.000000000e-01 -1.202802895e-16 2.870609791e+03 1.538176058e+03 
d 0.000000000e+00 0.000000000e+00 3.258806869e-17 3.500000000e-01 3.500000000e-01 -1.063965002e-16 3.500000000e-01 3.500000000e-01 2.117911722e-16 1.000000000e-01 1.000000000e-01 -1.202802895e-16 3.738620432e+03 1.969201561e+03 
d 0.000000000e+00 0.000000000e+00 3.258480517e-17 4.000000000e-01 4.000000000e-01 1.726754417e-16 4.000000000e-01 4.000000000e-01 1.768117102e-16 1.000000000e-01 1.000000000e-01 -1.202802895e-16 4.920911167e+03 2.543873097e+03 
d 0.000000000e+00 0.000000000e+00 3.258480517e-17 4.500000000e-01 4.500000000e-01 -9.536061644e-17 4.500000000e-01 4.500000000e-01 1.779604704e-16 1.000000000e-01 1.000000000e-01 -1.202802895e-16 6.558405291e+03 3.319946773e+03 
d 0.000000000e+00 0.000000000e+00 3.258480517e-17 5.000000000e-01 5.000000000e-01 -1.008514940e-16 5.000000000e-01 5.000000000e-01 -7.816655859e-17 1.000000000e-01 1.000000000e-01 -1.202802895e-16 8.872939982e+03 4.384751913e+03 
d 0.000000000e+00 0.000000000e+00 3.258480517e-17 5.500000000e-01 5.500000000e-01 -1.086113361e-16 5.500000000e-01 5.500000000e-01 -7.071430361e-17 1.000000000e-01 1.000000000e-01 -1.202802895e-16 1.222592593e+04 5.874487054e+03 
d 0.000000000e+00 0.000000000e+00 3.258480517e-17 6.000000000e-01 6.000000000e-01 -1.127821186e-16 6.000000000e-01 6.000000000e-01 -7.118180329e-17 1.000000000e-01 1.000000000e-01 -1.202802895e-16 1.722814883e+04 8.008838222e+03 
d 0.000000000e+00 0.000000000e+00 3.258480517e-17 6.500000000e-01 6.500000000e-01 -1.036793368e-16 6.500000000e-01 6.500000000e-01 -7.260061996e-17 1.000000000e-01 1.000000000e-01 -1.202802895e-16 2.495157724e+04 1.115523208e+04 
d 0.000000000e+00 0.000000000e+00 3.258643693e-17 7.000000000e-01 7.000000000e-01 -1.117900076e-16 7.000000000e-01 7.000000000e-01 -7.852473025e-17 1.000000000e-01 1.000000000e-01 -1.202802895e-16 3.734813979e+04 1.595201513e+04 
d 0.000000000e+00 0.000000000e+00 3.258643693e-17 7.500000000e-01 7.500000000e-01 -1.162953012e-16 7.500000000e-01 7.500000000e-01 -7.814860921e-17 1.000000000e-01 1.000000000e-01 -1.202802895e-16 5.809021638e+04 2.355105001e+04 
d 0.000000000e+00 0.000000000e+00 3.258480517e-17 8.000000000e-01 8.000000000e-01 -9.484419069e-16 8.000000000e-01 8.000000000e-01 3.806621746e-16 1.000000000e-01 1.000000000e-01 -1.202802895e-16 9.426125405e+04 3.610396820e+04 
d 0.000000000e+00 0.000000000e+00 3.258480517e-17 8.500000000e-01 8.500000000e-01 -5.863516358e-16 8.500000000e-01 8.500000000e-01 3.519383781e-16 1.000000000e-01 1.000000000e-01 -1.202802895e-16 1.597242645e+05 5.774122210e+04 
d 0.000000000e+00 0.000000000e+00 3.258480517e-17 9.000000000e-01 9.000000000e-01 -5.833108482e-16 9.000000000e-01 9.000000000e-01 3.560977383e-16 1.000000000e-01 1.000000000e-01 -1.202802895e-16 2.817392895e+05 9.652382288e+04 
d 0.000000000e+00 0.000000000e+00 3.250321709e-17 9.500000000e-01 9.500000000e-01 -5.631161673e-16 9.500000000e-01 9.500000000e-01 3.551243925e-16 1.000000000e-01 1.000000000e-01 -1.202802895e-16 5.138394564e+05 1.682555759e+05 
d 0.000000000e+00 0.000000000e+00 3.250484884e-17 1.000000000e+00 1.000000000e+00 -5.569676898e-16 1.000000000e+00 1.000000000e+00 3.555241741e-16 1.000000000e-01 1.000000000e-01 -1.202802895e-16 9.608390231e+05 3.037587336e+05 
d 0.000000000e+00 0.000000000e+00 3.284099168e-17 1.050000000e+00 1.050000000e+00 -5.725754890e-16 1.050000000e+00 1.050000000e+00 3.544088651e-16 1.000000000e-01 1.000000000e-01 -1.201497422e-16 1.827479700e+06 5.623986955e+05 
d 0.000000000e+00 0.000000000e+00 -9.387759154e-18 1.100000000e+00 1.100000000e+00 -5.536707156e-16 1.100000000e+00 1.100000000e+00 3.377363415e-16 1.000000000e-01 1.000000000e-01 -1.201497422e-16 3.513028563e+06 1.056053384e+06 
d 0.000000000e+00 0.000000000e+00 -1.669914632e-16 1.150000000e+00 1.150000000e+00 -5.558703302e-16 1.150000000e+00 1.150000000e+00 3.541224909e-16 1.000000000e-01 1.000000000e-01 -6.656268111e-17 6.794382190e+06 1.987410504e+06 
d 0.000000000e+00 0.000000000e+00 -2.572084138e-16 1.200000000e+00 1.200000000e+00 -5.577003507e-16 1.200000000e+00 1.200000000e+00 3.638151545e-16 1.000000000e-01 1.000000000e-01 -1.267536630e-17 1.317618383e+07 3.699594199e+06 
d 0.000000000e+00 0.000000000e+00 -3.798650703e-16 1.250000000e+00 1.250000000e+00 -5.609181845e-16 1.250000000e+00 1.250000000e+00 3.587885131e-16 1.000000000e-01 1.000000000e-01 4.138166288e-17 2.554047532e+07 6.725140219e+06 
d 0.000000000e+00 0.000000000e+00 -6.959296889e-16 1.300000000e+00 1.300000000e+00 -5.616263690e-16 1.300000000e+00 1.300000000e+00 3.549571370e-16 1.000000000e-01 1.000000000e-01 2.026389201e-16 4.926649549e+07 1.187413131e+07 
d 0.000000000e+00 0.000000000e+00 -1.312273288e-15 1.350000000e+00 1.350000000e+00 -5.743989825e-16 1.350000000e+00 1.350000000e+00 3.442935753e-16 1.000000000e-01 1.000000000e-01 4.850382015e-16 9.384219092e+07 2.055145165e+07 
d 0.000000000e+00 0.000000000e+00 -2.232763210e-15 1.400000000e+00 1.400000000e+00 -5.733938174e-16 1.400000000e+00 1.400000000e+00 3.441173450e-16 1.000000000e-01 1.000000000e-01 1.129636440e-15 1.741810130e+08 3.531024996e+07 
d 0.000000000e+00 0.000000000e+00 -3.924356658e-15 1.450000000e+00 1.450000000e+00 -5.648605204e-16 1.450000000e+00 1.450000000e+00 3.684925990e-16 1.000000000e-01 1.000000000e-01 1.963623552e-15 3.088002111e+08 5.981179241e+07 
d 0.000000000e+00 0.000000000e+00 -6.877225786e-15 1.500000000e+00 1.500000000e+00 -5.623198677e-16 1.500000000e+00 1.500000000e+00 3.540441664e-16 1.000000000e-01 1.000000000e-01 6.731174412e-15 5.106263270e+08 9.717389191e+07 
d 0.000000000e+00 0.000000000e+00 -1.101903152e-14 1.550000000e+00 1.550000000e+00 -5.531444725e-16 1.550000000e+00 1.550000000e+00 3.540098994e-16 1.000000000e-01 1.000000000e-01 1.209083303e-14 7.735918516e+08 1.476364913e+08 
d 0.000000000e+00 0.000000000e+00 -1.625785905e-14 1.600000000e+00 1.600000000e+00 9.837487521e-17 1.600000000e+00 1.600000000e+00 -2.730755912e-16 1.000000000e-01 1.000000000e-01 1.475366000e-14 1.071564280e+09 2.088514805e+08 
d 0.000000000e+00 0.000000000e+00 -2.219158329e-14 1.650000000e+00 1.650000000e+00 1.070210570e-16 1.650000000e+00 1.650000000e+00 -2.556248368e-16 1.000000000e-01 1.000000000e-01 2.112106878e-14 1.376436686e+09 2.800987616e+08 
d 0.000000000e+00 0.000000000e+00 -2.804551578e-14 1.700000000e+00 1.700000000e+00 7.419135322e-17 1.700000000e+00 1.700000000e+00 -2.951712743e-16 1.000000000e-01 1.000000000e-01 2.727458623e-14 1.680005334e+09 3.680445852e+08 
d 0.000000000e+00 0.000000000e+00 -3.335762677e-14 1.750000000e+00 1.750000000e+00 1.188379809e-16 1.750000000e+00 1.750000000e+00 -2.657359277e-16 1.000000000e-01 1.000000000e-01 3.343970869e-14 2.012393535e+09 4.936873149e+08 
d 0.000000000e+00 0.000000000e+00 -3.762021816e-14 1.800000000e+00 1.800000000e+00 8.531017639e-17 1.800000000e+00 1.800000000e+00 -2.858539158e-16 1.000000000e-01 1.000000000e-01 3.887979359e-14 2.467457915e+09 7.041793452e+08 
d 0.000000000e+00 0.000000000e+00 -4.074189614e-14 1.850000000e+00 1.850000000e+00 7.019435331e-17 1.850000000e+00 1.850000000e+00 -2.830782894e-16 1.000000000e-01 1.000000000e-01 4.030607122e-14 3.247755351e+09 1.095149737e+09 
d 0.000000000e+00 0.000000000e+00 -4.264547792e-14 1.900000000e+00 1.900000000e+00 6.568008499e-17 1.900000000e+00 1.900000000e+00 -2.823150202e-16 1.000000000e-01 1.000000000e-01 4.120761330e-14 4.747897763e+09 1.853295042e+09 
d 0.000000000e+00 0.000000000e+00 -4.379548019e-14 1.950000000e+00 1.950000000e+00 7.849022901e-17 1.950000000e+00 1.950000000e+00 -2.774307627e-16 1.000000000e-01 1.000000000e-01 4.175921418e-14 7.719944089e+09 3.339697103e+09 
d 0.000000000e+00 0.000000000e+00 -4.438174743e-14 2.000000000e+00 2.000000000e+00 8.687585160e-17 2.000000000e+00 2.000000000e+00 -2.584248201e-16 1.000000000e-01 1.000000000e-01 4.208184619e-14 1.360671093e+10 6.254127318e+09 
d 0.000000000e+00 0.000000000e+00 -4.475637430e-14 2.050000000e+00 2.050000000e+00 1.123190935e-16 2.050000000e+00 2.050000000e+00 -2.763880671e-16 1.000000000e-01 1.000000000e-01 4.227025597e-14 2.520307702e+10 1.195743465e+10 
d 0.000000000e+00 0.000000000e+00 -4.507815820e-14 2.100000000e+00 2.100000000e+00 1.196212264e-16 2.100000000e+00 2.100000000e+00 -2.685833516e-16 1.000000000e-01 1.000000000e-01 4.261881339e-14 4.795147181e+10 2.310104536e+10 
d 0.000000000e+00 0.000000000e+00 -4.561751969e-14 2.150000000e+00 2.150000000e+00 1.141776699e-16 2.150000000e+00 2.150000000e+00 -3.057646702e-16 1.000000000e-01 1.000000000e-01 4.279384273e-14 9.246853575e+10 4.485386001e+10 
d 0.000000000e+00 0.000000000e+00 -4.612040840e-14 2.200000000e+00 2.200000000e+00 7.306870127e-17 2.200000000e+00 2.200000000e+00 -2.859820091e-16 1.000000000e-01 1.000000000e-01 4.306290073e-14 1.794678998e+11 8.729213983e+10 
d 0.000000000e+00 0.000000000e+00 -4.687412867e-14 2.250000000e+00 2.250000000e+00 1.224417263e-16 2.250000000e+00 2.250000000e+00 -2.719676251e-16 1.000000000e-01 1.000000000e-01 5.023019807e-14 3.493385787e+11 1.700513953e+11 
d 0.000000000e+00 0.000000000e+00 -4.777003259e-14 2.300000000e+00 2.300000000e+00 8.430664304e-17 2.300000000e+00 2.300000000e+00 -3.003219296e-16 1.000000000e-01 1.000000000e-01 5.068736561e-14 6.807147775e+11 3.313649434e+11 
d 0.000000000e+00 0.000000000e+00 -4.862809230e-14 2.350000000e+00 2.350000000e+00 1.307025191e-16 2.350000000e+00 2.350000000e+00 -2.412937588e-16 1.000000000e-01 1.000000000e-01 4.423344859e-14 1.326183462e+12 6.455559166e+11 
d 0.000000000e+00 0.000000000e+00 -4.939999538e-14 2.400000000e+00 2.400000000e+00 1.035369529e-16 2.400000000e+00 2.400000000e+00 -2.454192599e-16 1.000000000e-01 1.000000000e-01 4.799166969e-14 2.579736379e+12 1.256602588e+12 
d 0.000000000e+00 0.000000000e+00 -4.968903310e-14 2.450000000e+00 2.450000000e+00 1.153868052e-16 2.450000000e+00 2.450000000e+00 -2.744062927e-16 1.000000000e-01 1.000000000e-01 4.815317499e-14 4.999340778e+12 2.441379230e+12 
d 0.000000000e+00 0.000000000e+00 -4.968940841e-14 2.500000000e+00 2.500000000e+00 1.194629456e-16 2.500000000e+00 2.500000000e+00 -2.681178789e-16 1.000000000e-01 1.000000000e-01 4.815331859e-14 9.611139647e+12 4.724132390e+12 
d 0.000000000e+00 0.000000000e+00 -4.939681182e-14 2.550000000e+00 2.550000000e+00 1.090629133e-16 2.550000000e+00 2.550000000e+00 -2.408686849e-16 1.000000000e-01 1.000000000e-01 4.803217656e-14 1.818512674e+13 9.065787161e+12 
d 0.000000000e+00 0.000000000e+00 -4.891685261e-14 2.600000000e+00 2.600000000e+00 8.416141626e-17 2.600000000e+00 2.600000000e+00 -2.972868531e-16 1.000000000e-01 1.000000000e-01 5.118520972e-14 3.341548558e+13 1.711432754e+13 
d 0.000000000e+00 0.000000000e+00 -4.806074611e-14 2.650000000e+00 2.650000000e+00 9.307899311e-17 2.650000000e+00 2.650000000e+00 -2.878132408e-16 1.000000000e-01 1.000000000e-01 4.401802987e-14 5.855352468e+13 3.134872614e+13 
d 0.000000000e+00 0.000000000e+00 -4.716016556e-14 2.700000000e+00 2.700000000e+00 8.100232591e-17 2.700000000e+00 2.700000000e+00 -2.933029073e-16 1.000000000e-01 1.000000000e-01 4.356086234e-14 9.613396864e+13 5.468278417e+13 
d 0.000000000e+00 0.000000000e+00 -4.626458962e-14 2.750000000e+00 2.750000000e+00 1.252067462e-16 2.750000000e+00 2.750000000e+00 -2.595478673e-16 1.000000000e-01 1.000000000e-01 4.311693165e-14 1.465788029e+14 8.924126554e+13 
d 0.000000000e+00 0.000000000e+00 -4.539783877e-14 2.800000000e+00 2.800000000e+00 1.046286013e-16 2.800000000e+00 2.800000000e+00 -2.778113711e-16 1.000000000e-01 1.000000000e-01 4.272671857e-14 2.081554614e+14 1.351595478e+14 
d 0.000000000e+00 0.000000000e+00 -4.478693394e-14 2.850000000e+00 2.850000000e+00 1.025888994e-16 2.850000000e+00 2.850000000e+00 -2.686992067e-16 1.000000000e-01 1.000000000e-01 4.245724283e-14 2.781840483e+14 1.907245285e+14 
d 0.000000000e+00 0.000000000e+00 -4.418110879e-14 2.900000000e+00 2.900000000e+00 7.406733934e-17 2.900000000e+00 2.900000000e+00 -2.765373733e-16 1.000000000e-01 1.000000000e-01 4.213489803e-14 3.541401882e+14 2.535245072e+14 
d 0.000000000e+00 0.000000000e+00 -4.385999718e-14 2.950000000e+00 2.950000000e+00 1.178564763e-16 2.950000000e+00 2.950000000e+00 -2.712398594e-16 1.000000000e-01 1.000000000e-01 4.181268375e-14 4.340770455e+14 3.213650719e+14 
d 0.000000000e+00 0.000000000e+00 -4.357133967e-14 3.000000000e+00 3.000000000e+00 8.990521691e-17 3.000000000e+00 3.000000000e+00 -2.775914912e-16 1.000000000e-01 1.000000000e-01 4.166476777e-14 5.166156611e+14 3.925752336e+14 
d 0.000000000e+00 0.000000000e+00 -4.328162477e-14 3.050000000e+00 3.050000000e+00 9.468383059e-17 3.050000000e+00 3.050000000e+00 -2.579560839e-16 1.000000000e-01 1.000000000e-01 4.154365186e-14 6.008072666e+14 4.659733060e+14 
d 0.000000000e+00 0.000000000e+00 -4.298986040e-14 3.100000000e+00 3.100000000e+00 1.355953561e-16 3.100000000e+00 3.100000000e+00 -2.839178308e-16 1.000000000e-01 1.000000000e-01 4.140937742e-14 6.859998944e+14 5.407428843e+14 
d 0.000000000e+00 0.000000000e+00 -4.290645290e-14 3.150000000e+00 3.150000000e+00 1.249334261e-16 3.150000000e+00 3.150000000e+00 -2.711762207e-16 1.000000000e-01 1.000000000e-01 4.136871390e-14 7.717397676e+14 6.163186805e+14 
d 0.000000000e+00 0.000000000e+00 -4.269864593e-14 3.200000000e+00 3.200000000e+00 1.198929147e-16 3.200000000e+00 3.200000000e+00 -2.670343892e-16 1.000000000e-01 1.000000000e-01 4.131481353e-14 8.577044584e+14 6.923030334e+14 
d 0.000000000e+00 0.000000000e+00 -4.267083581e-14 3.250000000e+00 3.250000000e+00 -9.066455268e-16 3.250000000e+00 3.250000000e+00 -9.308980433e-16 1.000000000e-01 1.000000000e-01 4.124771547e-14 9.436587514e+14 7.684093215e+14 
d 0.000000000e+00 0.000000000e+00 -4.251131592e-14 3.300000000e+00 3.300000000e+00 -9.340428287e-16 3.300000000e+00 3.300000000e+00 -9.605312409e-16 1.000000000e-01 1.000000000e-01 4.120731304e-14 1.029425511e+15 8.444244782e+14 
