v VICTORYDEVICE
# silvaco.file ASCII version=1.14.23 format=1 contents=SDB,Tables=1

Copyright "###################################################################"
Copyright "#                    Copyright Silvaco Inc. (c)                   #"
Copyright "#                            1992-2014                            #"
Copyright "#                                                                 #"
Copyright "# This file format and the following Key are copyright Silvaco    #"
Copyright "# International. You may not use, this format or key without      #"
Copyright "# reproducing this message in full and obtaining                  #"
Copyright "# express written permission from Silvaco Inc.                    #"
Copyright "#                                                                 #"
Copyright "# To obtain such permission please contact: Silvaco Inc.          #"
Copyright "#                                           support@silvaco.com   #"
Copyright "#                                                                 #"
Copyright "# KEY=SVC86hn7562asdx                       PROD=345              #"
Copyright "###################################################################"
#This file was created by VICTORYDEVICE version 1.12.1.R
#victoryd 1.12.1.R (Thu Apr 12 10:29:11 PDT 2018)
#libSDB 1.12.42 (Thu Oct 26 19:20:24 PDT 2017)
a VICTORYDEVICE
j 1 9
k 4
r 1 92
x 3 43 42 46
w source 1 1
r 2 92
x 3 43 42 46
w gate 1 2
r 3 92
x 3 43 42 46
w drain 1 3
r 4 92
x 3 43 42 46
w substrate 1 4
y 1 15
z 300
p 12 2 601 20 3 602 21 4 603 22 5 604 23
d 0 0 -1.0193244499703407e-19 -6 -6 -6.5700353475469152e-30 0.5 0.5 4.7493114020595124e-18 0 0 1.7614836346004999e-27
d 0 0 1.3497740671722618e-19 -5.7999999999999998 -5.7999999999999998 -1.5048556391309307e-32 0.5 0.5 1.4361040523556702e-18 0 0 -1.9491524766861032e-27
d 0 0 -2.5422191631355943e-19 -5.5999999999999996 -5.5999999999999996 -1.0278125382864916e-34 0.5 0.5 -4.32167634136473e-19 0 0 1.0645484979379498e-27
d 0 0 -9.4770896920524841e-19 -5.4000000000000004 -5.4000000000000004 -1.6965757582706079e-36 0.5 0.5 -1.068767137986834e-18 0 0 -7.6405529508346829e-28
d 0 0 2.5910790600179676e-19 -5.2000000000000002 -5.2000000000000002 -2.6253732629440611e-38 0.5 0.5 -1.2425031923514192e-19 0 0 1.1817486498394641e-27
d 0 0 9.8447093319927178e-19 -5 -5 -2.2354719065696947e-38 0.5 0.5 -7.3543817114289902e-19 0 0 -1.084063308905611e-27
d 0 0 -4.6197523130992021e-17 -4.7999999999999998 -4.7999999999999998 -2.2291807122485379e-38 0.5 0.5 4.5160962399825373e-17 0 0 -1.0742208671835447e-27
d 0 0 -2.1629689619605387e-14 -4.5999999999999996 -4.5999999999999996 -2.2177414607855107e-38 0.5 0.5 2.1627614567085175e-14 0 0 6.5088243810666424e-28
d 0 0 -8.7479913517204914e-12 -4.4000000000000004 -4.4000000000000004 -2.1798269520992938e-38 0.5 0.5 8.7479946102146801e-12 0 0 5.3185596868674634e-28
d 0 0 -3.1447138390356155e-09 -4.2000000000000002 -4.2000000000000002 -1.8534567173233335e-38 0.5 0.5 3.144713839098322e-09 0 0 1.3077770304847439e-27
d 0 0 -9.5810797763581301e-07 -4 -4 -1.6142348749430415e-38 0.5 0.5 9.5810797763552608e-07 0 0 -8.0902949115513275e-28
d 0 0 -0.0001312791138436405 -3.7999999999999998 -3.7999999999999998 -1.5722147422874598e-38 0.5 0.5 0.00013127911384363771 0 0 4.8734599213393539e-29
d 0 0 -0.0015195389068546066 -3.5999999999999996 -3.5999999999999996 -1.557163384846496e-38 0.5 0.5 0.0015195389068546089 0 0 4.6171425727185127e-28
d 0 0 -0.0040465573318615063 -3.3999999999999999 -3.3999999999999999 -1.5484205256767953e-38 0.5 0.5 0.004046557331861541 0 0 -1.2001177815710273e-28
d 0 0 -0.0066459925487219193 -3.1999999999999997 -3.1999999999999997 -1.5476068624554854e-38 0.5 0.5 0.0066459925487222463 0 0 -2.1431310036150506e-27
d 0 0 -0.0085446786834291119 -3 -3 -1.5475317816995048e-38 0.5 0.5 0.0085446786834291622 0 0 -1.9920152256454543e-27
d 0 0 -0.0097710364064252757 -2.7999999999999998 -2.7999999999999998 -1.5472723917228721e-38 0.5 0.5 0.0097710364064795725 0 0 -1.7672454125757759e-27
d 0 0 -0.010631030796452076 -2.5999999999999996 -2.5999999999999996 -1.5444181041732509e-38 0.5 0.5 0.010631030796452124 0 0 1.367214534273872e-27
d 0 0 -0.011272719356876152 -2.3999999999999999 -2.3999999999999999 -1.5328043920084511e-38 0.5 0.5 0.011272719356876154 0 0 3.319727437638577e-27
d 0 0 -0.011771729703027423 -2.1999999999999997 -2.1999999999999997 -1.5222941318733809e-38 0.5 0.5 0.011771729703027421 0 0 3.8731752521496925e-28
d 0 0 -0.012169428469367086 -1.9999999999999998 -1.9999999999999998 -1.520443854221179e-38 0.5 0.5 0.012169428469567367 0 0 -2.7643273730355988e-28
d 0 0 -0.012494215096498991 -1.7999999999999998 -1.7999999999999998 -1.51760793712036e-38 0.5 0.5 0.012494215096560613 0 0 -1.1434749191592828e-27
d 0 0 -0.012765975830699369 -1.5999999999999996 -1.5999999999999996 -1.4931273897282604e-38 0.5 0.5 0.012765975830717287 0 0 1.0620481881813421e-27
d 0 0 -0.012996842027636148 -1.3999999999999997 -1.3999999999999997 -1.4589812517608948e-38 0.5 0.5 0.012996842027642393 0 0 -2.256391355634165e-27
d 0 0 -0.013195446513504664 -1.1999999999999997 -1.1999999999999997 -1.2502842579306941e-38 0.5 0.5 0.013195446513507247 0 0 -4.1770739615909425e-28
d 0 0 -0.013368094290721116 -0.99999999999999978 -0.99999999999999978 -9.1526158468008996e-39 0.5 0.5 0.013368094290722212 0 0 7.7612153468051769e-32
d 0 0 -0.013519589604472582 -0.79999999999999971 -0.79999999999999971 -8.0205647167332117e-39 0.5 0.5 0.013519589604473027 0 0 8.4255288571786577e-28
d 0 0 -0.013653659133036965 -0.59999999999999964 -0.59999999999999964 -7.5167341059062447e-39 0.5 0.5 0.013653659133037181 0 0 1.8696621465066944e-27
d 0 0 -0.013773212142406382 -0.39999999999999969 -0.39999999999999969 -6.5047738832298323e-39 0.5 0.5 0.013773212142406491 0 0 -8.4320357707456526e-29
d 0 0 -0.013880542752979357 -0.19999999999999968 -0.19999999999999968 -4.1810451818449309e-39 0.5 0.5 0.013880542752979412 0 0 6.6670410213872833e-28
d 0 0 -0.013977468837328007 3.3306690738754696e-16 3.3306690738754696e-16 -7.8832287391665803e-40 0.5 0.5 0.013977468837328038 0 0 2.7301006737208078e-29
d 0 0 -0.014065461995177761 0.20000000000000034 0.20000000000000034 4.3112410868291808e-39 0.5 0.5 0.014065461995177782 0 0 -1.5585094724476699e-27
d 0 0 -0.014145725735442137 0.40000000000000036 0.40000000000000036 4.7831371237719305e-37 0.5 0.5 0.01414572573544215 0 0 1.9801781517014438e-27
d 0 0 -0.014219263935225357 0.60000000000000031 0.60000000000000031 6.2929935163162548e-35 0.5 0.5 0.014219263935225365 0 0 1.0381469648786876e-27
d 0 0 -0.014286915649764984 0.80000000000000038 0.80000000000000038 2.2409303131099771e-33 0.5 0.5 0.014286915649764989 0 0 1.6904766600716465e-27
d 0 0 -0.01434938780305467 1 1 5.5165408726402365e-32 0.5 0.5 0.01434938780305467 0 0 2.6912606516768151e-28
Q 2 13 "Voltage #01"
Q 3 13 "Voltage #02"
Q 4 13 "Voltage #03"
Q 5 13 "Voltage #04"
Q 20 13 "Current #01"
Q 21 13 "Current #02"
Q 22 13 "Current #03"
Q 23 13 "Current #04"
Q 92 21 Contact
Q 601 13 "Int. Voltage #01"
Q 602 13 "Int. Voltage #02"
Q 603 13 "Int. Voltage #03"
Q 604 13 "Int. Voltage #04"
EOF 133850527
