v ATLAS
# This file was created by ATLAS version 5.26.1.R on Mon May  7 22:57:24 2018.
#SSF 2.0 generic
##############################################################################
#                    Copyright (c) 1984 - 2018                               #
#                    Silvaco Inc. All rights reserved                        #
#                                                                            #
# This file format and the following Key are copyright Silvaco Inc.          #
# You may not use, this format or key without reproducing this message in    #
# full and obtaining express written permission from Silvaco Inc.            #
#                                                                            #
# To obtain such permission please contact: Silvaco Inc.                     #
#                                           support@silvaco.com              #
#                                                                            #
# KEY=SVC86hn7562asdx                       PROD=345                         #
##############################################################################
y 3 700 711 15
z 6 1e+41 300
f 3 "source" "gate" "drain" 
p 9 2 601 20 3 602 21 4 603 22 
d 0.000000000e+00 0.000000000e+00 -2.948267217e-12 0.000000000e+00 0.000000000e+00 0.000000000e+00 1.000000000e+01 1.000000000e+01 2.947965826e-12 
d 0.000000000e+00 0.000000000e+00 -4.313467791e-13 -5.000000000e-01 -5.000000000e-01 0.000000000e+00 1.000000000e+01 1.000000000e+01 4.315318507e-13 
d 0.000000000e+00 0.000000000e+00 -1.246735152e-14 -1.000000000e+00 -1.000000000e+00 0.000000000e+00 1.000000000e+01 1.000000000e+01 1.235183166e-14 
d 0.000000000e+00 0.000000000e+00 -5.899907294e-16 -1.500000000e+00 -1.500000000e+00 0.000000000e+00 1.000000000e+01 1.000000000e+01 1.172786442e-15 
d 0.000000000e+00 0.000000000e+00 -1.682832636e-16 -2.000000000e+00 -2.000000000e+00 0.000000000e+00 1.000000000e+01 1.000000000e+01 -2.034588845e-16 
d 0.000000000e+00 0.000000000e+00 -2.909981375e-16 -2.500000000e+00 -2.500000000e+00 0.000000000e+00 1.000000000e+01 1.000000000e+01 2.973936455e-16 
d 0.000000000e+00 0.000000000e+00 -7.131053260e-16 -3.000000000e+00 -3.000000000e+00 0.000000000e+00 1.000000000e+01 1.000000000e+01 6.531467874e-16 
d 0.000000000e+00 0.000000000e+00 -1.652453710e-15 -3.500000000e+00 -3.500000000e+00 0.000000000e+00 1.000000000e+01 1.000000000e+01 1.974629927e-15 
d 0.000000000e+00 0.000000000e+00 -3.623886147e-15 -4.000000000e+00 -4.000000000e+00 0.000000000e+00 1.000000000e+01 1.000000000e+01 3.025100903e-15 
d 0.000000000e+00 0.000000000e+00 -7.521582354e-15 -4.500000000e+00 -4.500000000e+00 0.000000000e+00 1.000000000e+01 1.000000000e+01 8.122364368e-15 
d 0.000000000e+00 0.000000000e+00 -1.474537128e-14 -5.000000000e+00 -5.000000000e+00 0.000000000e+00 1.000000000e+01 1.000000000e+01 1.491685000e-14 
d 0.000000000e+00 0.000000000e+00 -2.750731845e-14 -5.500000000e+00 -5.500000000e+00 0.000000000e+00 1.000000000e+01 1.000000000e+01 2.733543348e-14 
d 0.000000000e+00 0.000000000e+00 -4.886290430e-14 -6.000000000e+00 -6.000000000e+00 0.000000000e+00 1.000000000e+01 1.000000000e+01 4.906155926e-14 
d 0.000000000e+00 0.000000000e+00 -8.291927973e-14 -6.500000000e+00 -6.500000000e+00 0.000000000e+00 1.000000000e+01 1.000000000e+01 8.236045548e-14 
d 0.000000000e+00 0.000000000e+00 -1.357866062e-13 -7.000000000e+00 -7.000000000e+00 0.000000000e+00 1.000000000e+01 1.000000000e+01 1.361447388e-13 
d 0.000000000e+00 0.000000000e+00 -2.169702899e-13 -7.500000000e+00 -7.500000000e+00 0.000000000e+00 1.000000000e+01 1.000000000e+01 2.169242922e-13 
d 0.000000000e+00 0.000000000e+00 -3.390384125e-13 -8.000000000e+00 -8.000000000e+00 0.000000000e+00 1.000000000e+01 1.000000000e+01 3.393657403e-13 
d 0.000000000e+00 0.000000000e+00 -5.147673111e-13 -8.500000000e+00 -8.500000000e+00 0.000000000e+00 1.000000000e+01 1.000000000e+01 5.150758300e-13 
d 0.000000000e+00 0.000000000e+00 -7.625326388e-13 -9.000000000e+00 -9.000000000e+00 0.000000000e+00 1.000000000e+01 1.000000000e+01 7.620572711e-13 
d 0.000000000e+00 0.000000000e+00 -1.111299103e-12 -9.500000000e+00 -9.500000000e+00 0.000000000e+00 1.000000000e+01 1.000000000e+01 1.111204629e-12 
d 0.000000000e+00 0.000000000e+00 -1.596066425e-12 -1.000000000e+01 -1.000000000e+01 0.000000000e+00 1.000000000e+01 1.000000000e+01 1.595676498e-12 
d 0.000000000e+00 0.000000000e+00 -2.260007855e-12 -1.050000000e+01 -1.050000000e+01 0.000000000e+00 1.000000000e+01 1.000000000e+01 2.259759753e-12 
d 0.000000000e+00 0.000000000e+00 -3.155427112e-12 -1.100000000e+01 -1.100000000e+01 0.000000000e+00 1.000000000e+01 1.000000000e+01 3.155794880e-12 
d 0.000000000e+00 0.000000000e+00 -4.333608220e-12 -1.150000000e+01 -1.150000000e+01 0.000000000e+00 1.000000000e+01 1.000000000e+01 4.333419041e-12 
d 0.000000000e+00 0.000000000e+00 -5.823503495e-12 -1.200000000e+01 -1.200000000e+01 0.000000000e+00 1.000000000e+01 1.000000000e+01 5.823373309e-12 
d 0.000000000e+00 0.000000000e+00 -7.690832547e-12 -1.250000000e+01 -1.250000000e+01 0.000000000e+00 1.000000000e+01 1.000000000e+01 7.691079096e-12 
d 0.000000000e+00 0.000000000e+00 -1.001502628e-11 -1.300000000e+01 -1.300000000e+01 0.000000000e+00 1.000000000e+01 1.000000000e+01 1.001505473e-11 
d 0.000000000e+00 0.000000000e+00 -1.286915120e-11 -1.350000000e+01 -1.350000000e+01 0.000000000e+00 1.000000000e+01 1.000000000e+01 1.286931405e-11 
d 0.000000000e+00 0.000000000e+00 -1.635166781e-11 -1.400000000e+01 -1.400000000e+01 0.000000000e+00 1.000000000e+01 1.000000000e+01 1.635124990e-11 
d 0.000000000e+00 0.000000000e+00 -2.057362389e-11 -1.450000000e+01 -1.450000000e+01 0.000000000e+00 1.000000000e+01 1.000000000e+01 2.057357128e-11 
d 0.000000000e+00 0.000000000e+00 -2.565482551e-11 -1.500000000e+01 -1.500000000e+01 0.000000000e+00 1.000000000e+01 1.000000000e+01 2.565524166e-11 
d 0.000000000e+00 0.000000000e+00 -3.172496192e-11 -1.550000000e+01 -1.550000000e+01 0.000000000e+00 1.000000000e+01 1.000000000e+01 3.172485262e-11 
d 0.000000000e+00 0.000000000e+00 -3.892506927e-11 -1.600000000e+01 -1.600000000e+01 0.000000000e+00 1.000000000e+01 1.000000000e+01 3.892470463e-11 
d 0.000000000e+00 0.000000000e+00 -4.740469504e-11 -1.650000000e+01 -1.650000000e+01 0.000000000e+00 1.000000000e+01 1.000000000e+01 4.740416248e-11 
d 0.000000000e+00 0.000000000e+00 -5.731508671e-11 -1.700000000e+01 -1.700000000e+01 0.000000000e+00 1.000000000e+01 1.000000000e+01 5.731466829e-11 
d 0.000000000e+00 0.000000000e+00 -6.869000764e-11 -1.750000000e+01 -1.750000000e+01 0.000000000e+00 1.000000000e+01 1.000000000e+01 6.868971364e-11 
d 0.000000000e+00 0.000000000e+00 -8.153178263e-11 -1.800000000e+01 -1.800000000e+01 0.000000000e+00 1.000000000e+01 1.000000000e+01 8.153138308e-11 
d 0.000000000e+00 0.000000000e+00 -9.584689398e-11 -1.850000000e+01 -1.850000000e+01 0.000000000e+00 1.000000000e+01 1.000000000e+01 9.584647109e-11 
d 0.000000000e+00 0.000000000e+00 -1.118658506e-10 -1.900000000e+01 -1.900000000e+01 0.000000000e+00 1.000000000e+01 1.000000000e+01 1.118661033e-10 
d 0.000000000e+00 0.000000000e+00 -1.298028011e-10 -1.950000000e+01 -1.950000000e+01 0.000000000e+00 1.000000000e+01 1.000000000e+01 1.298029135e-10 
d 0.000000000e+00 0.000000000e+00 -1.499519099e-10 -2.000000000e+01 -2.000000000e+01 0.000000000e+00 1.000000000e+01 1.000000000e+01 1.499521867e-10 
