v ATLAS
# This file was created by ATLAS version 5.26.1.R on Tue Apr 17 20:14:12 2018.
#SSF 2.0 generic
##############################################################################
#                    Copyright (c) 1984 - 2018                               #
#                    Silvaco Inc. All rights reserved                        #
#                                                                            #
# This file format and the following Key are copyright Silvaco Inc.          #
# You may not use, this format or key without reproducing this message in    #
# full and obtaining express written permission from Silvaco Inc.            #
#                                                                            #
# To obtain such permission please contact: Silvaco Inc.                     #
#                                           support@silvaco.com              #
#                                                                            #
# KEY=SVC86hn7562asdx                       PROD=345                         #
##############################################################################
y 3 700 711 15
z 0.1 0.00494674 300
f 4 "source" "gate" "drain" "substrate" 
p 12 2 601 20 3 602 21 4 603 22 5 604 23 
d 0.000000000e+00 0.000000000e+00 -2.293235603e-09 4.000000000e-01 4.000000000e-01 3.216528360e-17 5.000000000e-02 5.000000000e-02 2.293235562e-09 0.000000000e+00 0.000000000e+00 1.342991912e-17 
d 0.000000000e+00 0.000000000e+00 -7.807005054e-09 4.500000000e-01 4.500000000e-01 1.754470015e-17 5.000000000e-02 5.000000000e-02 7.807005020e-09 0.000000000e+00 0.000000000e+00 -4.917719107e-18 
d 0.000000000e+00 0.000000000e+00 -2.634867076e-08 5.000000000e-01 5.000000000e-01 -3.091209073e-17 5.000000000e-02 5.000000000e-02 2.634867078e-08 0.000000000e+00 0.000000000e+00 -4.999432061e-18 
d 0.000000000e+00 0.000000000e+00 -8.711033879e-08 5.500000000e-01 5.500000000e-01 5.430502426e-18 5.000000000e-02 5.000000000e-02 8.711033876e-08 0.000000000e+00 0.000000000e+00 -6.096126615e-18 
d 0.000000000e+00 0.000000000e+00 -2.747887306e-07 6.000000000e-01 6.000000000e-01 1.462058345e-17 5.000000000e-02 5.000000000e-02 2.747887305e-07 0.000000000e+00 0.000000000e+00 -6.494485053e-18 
d 0.000000000e+00 0.000000000e+00 -7.857363724e-07 6.500000000e-01 6.500000000e-01 1.378512154e-17 5.000000000e-02 5.000000000e-02 7.857363724e-07 0.000000000e+00 0.000000000e+00 -4.774927033e-18 
d 0.000000000e+00 0.000000000e+00 -1.904234007e-06 7.000000000e-01 7.000000000e-01 2.088654779e-18 5.000000000e-02 5.000000000e-02 1.904234007e-06 0.000000000e+00 0.000000000e+00 -5.862139840e-18 
d 0.000000000e+00 0.000000000e+00 -3.767648004e-06 7.500000000e-01 7.500000000e-01 -1.879789301e-17 5.000000000e-02 5.000000000e-02 3.767648004e-06 0.000000000e+00 0.000000000e+00 -5.467806883e-18 
d 0.000000000e+00 0.000000000e+00 -6.210820861e-06 8.000000000e-01 8.000000000e-01 -4.970998374e-17 5.000000000e-02 5.000000000e-02 6.210820861e-06 0.000000000e+00 0.000000000e+00 -5.363935712e-18 
d 0.000000000e+00 0.000000000e+00 -8.958303234e-06 8.500000000e-01 8.500000000e-01 -2.924116691e-17 5.000000000e-02 5.000000000e-02 8.958303234e-06 0.000000000e+00 0.000000000e+00 -5.289395808e-18 
d 0.000000000e+00 0.000000000e+00 -1.181167418e-05 9.000000000e-01 9.000000000e-01 1.211419772e-17 5.000000000e-02 5.000000000e-02 1.181167418e-05 0.000000000e+00 0.000000000e+00 -6.233025021e-18 
d 0.000000000e+00 0.000000000e+00 -1.466542935e-05 9.500000000e-01 9.500000000e-01 1.253192868e-18 5.000000000e-02 5.000000000e-02 1.466542935e-05 0.000000000e+00 0.000000000e+00 -5.476313720e-18 
d 0.000000000e+00 0.000000000e+00 -1.746957312e-05 1.000000000e+00 1.000000000e+00 -6.683695293e-18 5.000000000e-02 5.000000000e-02 1.746957312e-05 0.000000000e+00 0.000000000e+00 -5.675777170e-18 
