v ATLAS
# This file was created by ATLAS version 5.26.1.R on Tue Apr 17 20:14:09 2018.
#SSF 2.0 generic
##############################################################################
#                    Copyright (c) 1984 - 2018                               #
#                    Silvaco Inc. All rights reserved                        #
#                                                                            #
# This file format and the following Key are copyright Silvaco Inc.          #
# You may not use, this format or key without reproducing this message in    #
# full and obtaining express written permission from Silvaco Inc.            #
#                                                                            #
# To obtain such permission please contact: Silvaco Inc.                     #
#                                           support@silvaco.com              #
#                                                                            #
# KEY=SVC86hn7562asdx                       PROD=345                         #
##############################################################################
y 3 700 711 15
z 0.1 0.00494674 300
f 4 "source" "gate" "drain" "substrate" 
p 12 2 601 20 3 602 21 4 603 22 5 604 23 
d 0.000000000e+00 0.000000000e+00 -1.065267773e-10 4.000000000e-01 4.000000000e-01 -1.073918406e-14 5.000000000e-02 5.000000000e-02 1.065268078e-10 0.000000000e+00 0.000000000e+00 4.165006605e-18 
d 0.000000000e+00 0.000000000e+00 -3.359117907e-10 4.500000000e-01 4.500000000e-01 -2.297520257e-18 5.000000000e-02 5.000000000e-02 3.359117512e-10 0.000000000e+00 0.000000000e+00 -5.429839841e-18 
d 0.000000000e+00 0.000000000e+00 -1.060249613e-09 5.000000000e-01 5.000000000e-01 -2.819683952e-18 5.000000000e-02 5.000000000e-02 1.060249517e-09 0.000000000e+00 0.000000000e+00 -6.307820872e-18 
d 0.000000000e+00 0.000000000e+00 -3.339754752e-09 5.500000000e-01 5.500000000e-01 7.310291727e-19 5.000000000e-02 5.000000000e-02 3.339754749e-09 0.000000000e+00 0.000000000e+00 -5.753121538e-18 
d 0.000000000e+00 0.000000000e+00 -1.045631205e-08 6.000000000e-01 6.000000000e-01 -1.723140193e-18 5.000000000e-02 5.000000000e-02 1.045631203e-08 0.000000000e+00 0.000000000e+00 -5.178849253e-18 
d 0.000000000e+00 0.000000000e+00 -3.233740354e-08 6.500000000e-01 6.500000000e-01 -7.832455422e-19 5.000000000e-02 5.000000000e-02 3.233740354e-08 0.000000000e+00 0.000000000e+00 -5.410679940e-18 
d 0.000000000e+00 0.000000000e+00 -9.762003680e-08 7.000000000e-01 7.000000000e-01 -1.049549027e-17 5.000000000e-02 5.000000000e-02 9.762003677e-08 0.000000000e+00 0.000000000e+00 -4.732013365e-18 
d 0.000000000e+00 0.000000000e+00 -2.806905966e-07 7.500000000e-01 7.500000000e-01 2.558602105e-18 5.000000000e-02 5.000000000e-02 2.806905966e-07 0.000000000e+00 0.000000000e+00 -6.066994040e-18 
d 0.000000000e+00 0.000000000e+00 -7.360468678e-07 8.000000000e-01 8.000000000e-01 3.394064016e-18 5.000000000e-02 5.000000000e-02 7.360468677e-07 0.000000000e+00 0.000000000e+00 -5.505960761e-18 
d 0.000000000e+00 0.000000000e+00 -1.669839886e-06 8.500000000e-01 8.500000000e-01 -1.357625606e-18 5.000000000e-02 5.000000000e-02 1.669839886e-06 0.000000000e+00 0.000000000e+00 -6.119908627e-18 
d 0.000000000e+00 0.000000000e+00 -3.182691578e-06 9.000000000e-01 9.000000000e-01 -1.932005671e-17 5.000000000e-02 5.000000000e-02 3.182691578e-06 0.000000000e+00 0.000000000e+00 -5.337145665e-18 
d 0.000000000e+00 0.000000000e+00 -5.166213098e-06 9.500000000e-01 9.500000000e-01 -2.036438410e-18 5.000000000e-02 5.000000000e-02 5.166213098e-06 0.000000000e+00 0.000000000e+00 -5.951182245e-18 
d 0.000000000e+00 0.000000000e+00 -7.417667254e-06 1.000000000e+00 1.000000000e+00 -8.093537269e-18 5.000000000e-02 5.000000000e-02 7.417667254e-06 0.000000000e+00 0.000000000e+00 -6.669620801e-18 
