v ATLAS
# This file was created by ATLAS version 5.26.1.R on Mon May  7 23:00:16 2018.
#SSF 2.0 generic
##############################################################################
#                    Copyright (c) 1984 - 2018                               #
#                    Silvaco Inc. All rights reserved                        #
#                                                                            #
# This file format and the following Key are copyright Silvaco Inc.          #
# You may not use, this format or key without reproducing this message in    #
# full and obtaining express written permission from Silvaco Inc.            #
#                                                                            #
# To obtain such permission please contact: Silvaco Inc.                     #
#                                           support@silvaco.com              #
#                                                                            #
# KEY=SVC86hn7562asdx                       PROD=345                         #
##############################################################################
y 3 700 711 15
z 6 0.15 300
f 4 "source" "gate" "drain" "substrate" 
p 12 2 601 20 3 602 21 4 603 22 5 604 23 
d 0.000000000e+00 0.000000000e+00 -8.705148595e-07 -5.000000000e+00 -5.000000000e+00 0.000000000e+00 5.000000000e-01 5.000000000e-01 8.705148973e-07 0.000000000e+00 0.000000000e+00 0.000000000e+00 
d 0.000000000e+00 0.000000000e+00 -1.171104681e-06 -4.500000000e+00 -4.500000000e+00 0.000000000e+00 5.000000000e-01 5.000000000e-01 1.171104599e-06 0.000000000e+00 0.000000000e+00 0.000000000e+00 
d 0.000000000e+00 0.000000000e+00 -1.610253814e-06 -4.000000000e+00 -4.000000000e+00 0.000000000e+00 5.000000000e-01 5.000000000e-01 1.610253736e-06 0.000000000e+00 0.000000000e+00 0.000000000e+00 
d 0.000000000e+00 0.000000000e+00 -2.278740338e-06 -3.500000000e+00 -3.500000000e+00 0.000000000e+00 5.000000000e-01 5.000000000e-01 2.278740383e-06 0.000000000e+00 0.000000000e+00 0.000000000e+00 
d 0.000000000e+00 0.000000000e+00 -3.323642087e-06 -3.000000000e+00 -3.000000000e+00 0.000000000e+00 5.000000000e-01 5.000000000e-01 3.323642154e-06 0.000000000e+00 0.000000000e+00 0.000000000e+00 
d 0.000000000e+00 0.000000000e+00 -4.936938372e-06 -2.500000000e+00 -2.500000000e+00 0.000000000e+00 5.000000000e-01 5.000000000e-01 4.936938374e-06 0.000000000e+00 0.000000000e+00 0.000000000e+00 
d 0.000000000e+00 0.000000000e+00 -7.418390785e-06 -2.000000000e+00 -2.000000000e+00 0.000000000e+00 5.000000000e-01 5.000000000e-01 7.418390810e-06 0.000000000e+00 0.000000000e+00 0.000000000e+00 
d 0.000000000e+00 0.000000000e+00 -1.129052755e-05 -1.500000000e+00 -1.500000000e+00 0.000000000e+00 5.000000000e-01 5.000000000e-01 1.129052738e-05 0.000000000e+00 0.000000000e+00 0.000000000e+00 
d 0.000000000e+00 0.000000000e+00 -1.710236496e-05 -1.000000000e+00 -1.000000000e+00 0.000000000e+00 5.000000000e-01 5.000000000e-01 1.710236494e-05 0.000000000e+00 0.000000000e+00 0.000000000e+00 
d 0.000000000e+00 0.000000000e+00 -2.515345558e-05 -5.000000000e-01 -5.000000000e-01 0.000000000e+00 5.000000000e-01 5.000000000e-01 2.515345562e-05 0.000000000e+00 0.000000000e+00 0.000000000e+00 
d 0.000000000e+00 0.000000000e+00 -3.581629479e-05 5.510695461e-16 5.510695461e-16 0.000000000e+00 5.000000000e-01 5.000000000e-01 3.581629474e-05 0.000000000e+00 0.000000000e+00 0.000000000e+00 
d 0.000000000e+00 0.000000000e+00 -4.954335366e-05 5.000000000e-01 5.000000000e-01 0.000000000e+00 5.000000000e-01 5.000000000e-01 4.954335359e-05 0.000000000e+00 0.000000000e+00 0.000000000e+00 
d 0.000000000e+00 0.000000000e+00 -6.630305181e-05 1.000000000e+00 1.000000000e+00 0.000000000e+00 5.000000000e-01 5.000000000e-01 6.630305183e-05 0.000000000e+00 0.000000000e+00 0.000000000e+00 
d 0.000000000e+00 0.000000000e+00 -8.548157534e-05 1.500000000e+00 1.500000000e+00 0.000000000e+00 5.000000000e-01 5.000000000e-01 8.548157528e-05 0.000000000e+00 0.000000000e+00 0.000000000e+00 
d 0.000000000e+00 0.000000000e+00 -1.063407058e-04 2.000000000e+00 2.000000000e+00 0.000000000e+00 5.000000000e-01 5.000000000e-01 1.063407057e-04 0.000000000e+00 0.000000000e+00 0.000000000e+00 
d 0.000000000e+00 0.000000000e+00 -1.283207790e-04 2.500000000e+00 2.500000000e+00 0.000000000e+00 5.000000000e-01 5.000000000e-01 1.283207789e-04 0.000000000e+00 0.000000000e+00 0.000000000e+00 
d 0.000000000e+00 0.000000000e+00 -1.510550985e-04 3.000000000e+00 3.000000000e+00 0.000000000e+00 5.000000000e-01 5.000000000e-01 1.510550987e-04 0.000000000e+00 0.000000000e+00 0.000000000e+00 
d 0.000000000e+00 0.000000000e+00 -1.743018671e-04 3.500000000e+00 3.500000000e+00 0.000000000e+00 5.000000000e-01 5.000000000e-01 1.743018670e-04 0.000000000e+00 0.000000000e+00 0.000000000e+00 
d 0.000000000e+00 0.000000000e+00 -1.978915769e-04 4.000000000e+00 4.000000000e+00 0.000000000e+00 5.000000000e-01 5.000000000e-01 1.978915769e-04 0.000000000e+00 0.000000000e+00 0.000000000e+00 
d 0.000000000e+00 0.000000000e+00 -2.216984370e-04 4.500000000e+00 4.500000000e+00 0.000000000e+00 5.000000000e-01 5.000000000e-01 2.216984369e-04 0.000000000e+00 0.000000000e+00 0.000000000e+00 
d 0.000000000e+00 0.000000000e+00 -2.456259881e-04 5.000000000e+00 5.000000000e+00 0.000000000e+00 5.000000000e-01 5.000000000e-01 2.456259880e-04 0.000000000e+00 0.000000000e+00 0.000000000e+00 
d 0.000000000e+00 0.000000000e+00 -2.695993693e-04 5.500000000e+00 5.500000000e+00 0.000000000e+00 5.000000000e-01 5.000000000e-01 2.695993693e-04 0.000000000e+00 0.000000000e+00 0.000000000e+00 
d 0.000000000e+00 0.000000000e+00 -2.935604885e-04 6.000000000e+00 6.000000000e+00 0.000000000e+00 5.000000000e-01 5.000000000e-01 2.935604885e-04 0.000000000e+00 0.000000000e+00 0.000000000e+00 
d 0.000000000e+00 0.000000000e+00 -3.174645337e-04 6.500000000e+00 6.500000000e+00 0.000000000e+00 5.000000000e-01 5.000000000e-01 3.174645336e-04 0.000000000e+00 0.000000000e+00 0.000000000e+00 
d 0.000000000e+00 0.000000000e+00 -3.412772327e-04 7.000000000e+00 7.000000000e+00 0.000000000e+00 5.000000000e-01 5.000000000e-01 3.412772327e-04 0.000000000e+00 0.000000000e+00 0.000000000e+00 
d 0.000000000e+00 0.000000000e+00 -3.649726403e-04 7.500000000e+00 7.500000000e+00 0.000000000e+00 5.000000000e-01 5.000000000e-01 3.649726402e-04 0.000000000e+00 0.000000000e+00 0.000000000e+00 
d 0.000000000e+00 0.000000000e+00 -3.885313484e-04 8.000000000e+00 8.000000000e+00 0.000000000e+00 5.000000000e-01 5.000000000e-01 3.885313484e-04 0.000000000e+00 0.000000000e+00 0.000000000e+00 
d 0.000000000e+00 0.000000000e+00 -4.119390520e-04 8.500000000e+00 8.500000000e+00 0.000000000e+00 5.000000000e-01 5.000000000e-01 4.119390519e-04 0.000000000e+00 0.000000000e+00 0.000000000e+00 
d 0.000000000e+00 0.000000000e+00 -4.351854111e-04 9.000000000e+00 9.000000000e+00 0.000000000e+00 5.000000000e-01 5.000000000e-01 4.351854112e-04 0.000000000e+00 0.000000000e+00 0.000000000e+00 
d 0.000000000e+00 0.000000000e+00 -4.582631555e-04 9.500000000e+00 9.500000000e+00 0.000000000e+00 5.000000000e-01 5.000000000e-01 4.582631554e-04 0.000000000e+00 0.000000000e+00 0.000000000e+00 
d 0.000000000e+00 0.000000000e+00 -4.811673838e-04 1.000000000e+01 1.000000000e+01 0.000000000e+00 5.000000000e-01 5.000000000e-01 4.811673838e-04 0.000000000e+00 0.000000000e+00 0.000000000e+00 
