v ATLAS
# This file was created by ATLAS version 5.26.1.R on Thu Apr 19 08:47:08 2018.
#SSF 2.0 generic
##############################################################################
#                    Copyright (c) 1984 - 2018                               #
#                    Silvaco Inc. All rights reserved                        #
#                                                                            #
# This file format and the following Key are copyright Silvaco Inc.          #
# You may not use, this format or key without reproducing this message in    #
# full and obtaining express written permission from Silvaco Inc.            #
#                                                                            #
# To obtain such permission please contact: Silvaco Inc.                     #
#                                           support@silvaco.com              #
#                                                                            #
# KEY=SVC86hn7562asdx                       PROD=345                         #
##############################################################################
y 1 15
z 300
f 2 "cathode" "anode" 
o 1 inten
p 18 91 4000 4010 4020 85 86 87 308 354 355 356 2 601 20 3 602 21 3000 
d 0.000000000e+00 0.000000000e+00 0.000000000e+00 0.000000000e+00 0.000000000e+00 0.000000000e+00 0.000000000e+00 -9.999000000e+11 0.000000000e+00 0.000000000e+00 0.000000000e+00 -1.000000000e-02 -1.000000000e-02 -2.477211460e-15 0.000000000e+00 0.000000000e+00 2.356147154e-15 0.000000000e+00 
d 0.000000000e+00 0.000000000e+00 0.000000000e+00 0.000000000e+00 0.000000000e+00 0.000000000e+00 0.000000000e+00 -9.999000000e+11 0.000000000e+00 0.000000000e+00 0.000000000e+00 -2.000000000e-02 -2.000000000e-02 -5.193026385e-15 0.000000000e+00 0.000000000e+00 5.220985611e-15 0.000000000e+00 
d 0.000000000e+00 0.000000000e+00 0.000000000e+00 0.000000000e+00 0.000000000e+00 0.000000000e+00 0.000000000e+00 -9.999000000e+11 0.000000000e+00 0.000000000e+00 0.000000000e+00 -3.000000000e-02 -3.000000000e-02 -8.741797964e-15 0.000000000e+00 0.000000000e+00 8.755636729e-15 0.000000000e+00 
d 0.000000000e+00 0.000000000e+00 0.000000000e+00 0.000000000e+00 0.000000000e+00 0.000000000e+00 0.000000000e+00 -9.999000000e+11 0.000000000e+00 0.000000000e+00 0.000000000e+00 -4.000000000e-02 -4.000000000e-02 -1.317627831e-14 0.000000000e+00 0.000000000e+00 1.317485559e-14 0.000000000e+00 
d 0.000000000e+00 0.000000000e+00 0.000000000e+00 0.000000000e+00 0.000000000e+00 0.000000000e+00 0.000000000e+00 -9.999000000e+11 0.000000000e+00 0.000000000e+00 0.000000000e+00 -5.000000000e-02 -5.000000000e-02 -1.875449541e-14 0.000000000e+00 0.000000000e+00 1.876668184e-14 0.000000000e+00 
d 0.000000000e+00 0.000000000e+00 0.000000000e+00 0.000000000e+00 0.000000000e+00 0.000000000e+00 0.000000000e+00 -9.999000000e+11 0.000000000e+00 0.000000000e+00 0.000000000e+00 -6.000000000e-02 -6.000000000e-02 -2.591277039e-14 0.000000000e+00 0.000000000e+00 2.592014698e-14 0.000000000e+00 
d 0.000000000e+00 0.000000000e+00 0.000000000e+00 0.000000000e+00 0.000000000e+00 0.000000000e+00 0.000000000e+00 -9.999000000e+11 0.000000000e+00 0.000000000e+00 0.000000000e+00 -7.000000000e-02 -7.000000000e-02 -3.521570750e-14 0.000000000e+00 0.000000000e+00 3.516455160e-14 0.000000000e+00 
d 0.000000000e+00 0.000000000e+00 0.000000000e+00 0.000000000e+00 0.000000000e+00 0.000000000e+00 0.000000000e+00 -9.999000000e+11 0.000000000e+00 0.000000000e+00 0.000000000e+00 -8.000000000e-02 -8.000000000e-02 -4.724257154e-14 0.000000000e+00 0.000000000e+00 4.722537451e-14 0.000000000e+00 
d 0.000000000e+00 0.000000000e+00 0.000000000e+00 0.000000000e+00 0.000000000e+00 0.000000000e+00 0.000000000e+00 -9.999000000e+11 0.000000000e+00 0.000000000e+00 0.000000000e+00 -9.000000000e-02 -9.000000000e-02 -6.311498686e-14 0.000000000e+00 0.000000000e+00 6.310417370e-14 0.000000000e+00 
d 0.000000000e+00 0.000000000e+00 0.000000000e+00 0.000000000e+00 0.000000000e+00 0.000000000e+00 0.000000000e+00 -9.999000000e+11 0.000000000e+00 0.000000000e+00 0.000000000e+00 -1.000000000e-01 -1.000000000e-01 -8.418435769e-14 0.000000000e+00 0.000000000e+00 8.419318150e-14 0.000000000e+00 
d 0.000000000e+00 0.000000000e+00 0.000000000e+00 0.000000000e+00 0.000000000e+00 0.000000000e+00 0.000000000e+00 -9.999000000e+11 0.000000000e+00 0.000000000e+00 0.000000000e+00 -1.100000000e-01 -1.100000000e-01 -1.124398224e-13 0.000000000e+00 0.000000000e+00 1.124401988e-13 0.000000000e+00 
d 0.000000000e+00 0.000000000e+00 0.000000000e+00 0.000000000e+00 0.000000000e+00 0.000000000e+00 0.000000000e+00 -9.999000000e+11 0.000000000e+00 0.000000000e+00 0.000000000e+00 -1.200000000e-01 -1.200000000e-01 -1.505733162e-13 0.000000000e+00 0.000000000e+00 1.505865443e-13 0.000000000e+00 
d 0.000000000e+00 0.000000000e+00 0.000000000e+00 0.000000000e+00 0.000000000e+00 0.000000000e+00 0.000000000e+00 -9.999000000e+11 0.000000000e+00 0.000000000e+00 0.000000000e+00 -1.300000000e-01 -1.300000000e-01 -2.025324663e-13 0.000000000e+00 0.000000000e+00 2.025112982e-13 0.000000000e+00 
d 0.000000000e+00 0.000000000e+00 0.000000000e+00 0.000000000e+00 0.000000000e+00 0.000000000e+00 0.000000000e+00 -9.999000000e+11 0.000000000e+00 0.000000000e+00 0.000000000e+00 -1.400000000e-01 -1.400000000e-01 -2.736760683e-13 0.000000000e+00 0.000000000e+00 2.737304069e-13 0.000000000e+00 
d 0.000000000e+00 0.000000000e+00 0.000000000e+00 0.000000000e+00 0.000000000e+00 0.000000000e+00 0.000000000e+00 -9.999000000e+11 0.000000000e+00 0.000000000e+00 0.000000000e+00 -1.500000000e-01 -1.500000000e-01 -3.720686776e-13 0.000000000e+00 0.000000000e+00 3.721216958e-13 0.000000000e+00 
d 0.000000000e+00 0.000000000e+00 0.000000000e+00 0.000000000e+00 0.000000000e+00 0.000000000e+00 0.000000000e+00 -9.999000000e+11 0.000000000e+00 0.000000000e+00 0.000000000e+00 -1.600000000e-01 -1.600000000e-01 -5.089472601e-13 0.000000000e+00 0.000000000e+00 5.089797624e-13 0.000000000e+00 
d 0.000000000e+00 0.000000000e+00 0.000000000e+00 0.000000000e+00 0.000000000e+00 0.000000000e+00 0.000000000e+00 -9.999000000e+11 0.000000000e+00 0.000000000e+00 0.000000000e+00 -1.700000000e-01 -1.700000000e-01 -7.005487468e-13 0.000000000e+00 0.000000000e+00 7.005530187e-13 0.000000000e+00 
d 0.000000000e+00 0.000000000e+00 0.000000000e+00 0.000000000e+00 0.000000000e+00 0.000000000e+00 0.000000000e+00 -9.999000000e+11 0.000000000e+00 0.000000000e+00 0.000000000e+00 -1.800000000e-01 -1.800000000e-01 -9.702449649e-13 0.000000000e+00 0.000000000e+00 9.702859381e-13 0.000000000e+00 
d 0.000000000e+00 0.000000000e+00 0.000000000e+00 0.000000000e+00 0.000000000e+00 0.000000000e+00 0.000000000e+00 -9.999000000e+11 0.000000000e+00 0.000000000e+00 0.000000000e+00 -1.900000000e-01 -1.900000000e-01 -1.352134764e-12 0.000000000e+00 0.000000000e+00 1.352093346e-12 0.000000000e+00 
d 0.000000000e+00 0.000000000e+00 0.000000000e+00 0.000000000e+00 0.000000000e+00 0.000000000e+00 0.000000000e+00 -9.999000000e+11 0.000000000e+00 0.000000000e+00 0.000000000e+00 -2.000000000e-01 -2.000000000e-01 -1.895226911e-12 0.000000000e+00 0.000000000e+00 1.895145694e-12 0.000000000e+00 
d 0.000000000e+00 0.000000000e+00 0.000000000e+00 0.000000000e+00 0.000000000e+00 0.000000000e+00 0.000000000e+00 -9.999000000e+11 0.000000000e+00 0.000000000e+00 0.000000000e+00 -2.100000000e-01 -2.100000000e-01 -2.670947609e-12 0.000000000e+00 0.000000000e+00 2.670867091e-12 0.000000000e+00 
d 0.000000000e+00 0.000000000e+00 0.000000000e+00 0.000000000e+00 0.000000000e+00 0.000000000e+00 0.000000000e+00 -9.999000000e+11 0.000000000e+00 0.000000000e+00 0.000000000e+00 -2.200000000e-01 -2.200000000e-01 -3.783182133e-12 0.000000000e+00 0.000000000e+00 3.783174046e-12 0.000000000e+00 
d 0.000000000e+00 0.000000000e+00 0.000000000e+00 0.000000000e+00 0.000000000e+00 0.000000000e+00 0.000000000e+00 -9.999000000e+11 0.000000000e+00 0.000000000e+00 0.000000000e+00 -2.300000000e-01 -2.300000000e-01 -5.383632305e-12 0.000000000e+00 0.000000000e+00 5.383459830e-12 0.000000000e+00 
d 0.000000000e+00 0.000000000e+00 0.000000000e+00 0.000000000e+00 0.000000000e+00 0.000000000e+00 0.000000000e+00 -9.999000000e+11 0.000000000e+00 0.000000000e+00 0.000000000e+00 -2.400000000e-01 -2.400000000e-01 -7.692517025e-12 0.000000000e+00 0.000000000e+00 7.692525536e-12 0.000000000e+00 
d 0.000000000e+00 0.000000000e+00 0.000000000e+00 0.000000000e+00 0.000000000e+00 0.000000000e+00 0.000000000e+00 -9.999000000e+11 0.000000000e+00 0.000000000e+00 0.000000000e+00 -2.500000000e-01 -2.500000000e-01 -1.103262359e-11 0.000000000e+00 0.000000000e+00 1.103267237e-11 0.000000000e+00 
d 0.000000000e+00 0.000000000e+00 0.000000000e+00 0.000000000e+00 0.000000000e+00 0.000000000e+00 0.000000000e+00 -9.999000000e+11 0.000000000e+00 0.000000000e+00 0.000000000e+00 -2.600000000e-01 -2.600000000e-01 -1.587469820e-11 0.000000000e+00 0.000000000e+00 1.587463934e-11 0.000000000e+00 
d 0.000000000e+00 0.000000000e+00 0.000000000e+00 0.000000000e+00 0.000000000e+00 0.000000000e+00 0.000000000e+00 -9.999000000e+11 0.000000000e+00 0.000000000e+00 0.000000000e+00 -2.700000000e-01 -2.700000000e-01 -2.290622140e-11 0.000000000e+00 0.000000000e+00 2.290618958e-11 0.000000000e+00 
d 0.000000000e+00 0.000000000e+00 0.000000000e+00 0.000000000e+00 0.000000000e+00 0.000000000e+00 0.000000000e+00 -9.999000000e+11 0.000000000e+00 0.000000000e+00 0.000000000e+00 -2.800000000e-01 -2.800000000e-01 -3.313231969e-11 0.000000000e+00 0.000000000e+00 3.313217738e-11 0.000000000e+00 
d 0.000000000e+00 0.000000000e+00 0.000000000e+00 0.000000000e+00 0.000000000e+00 0.000000000e+00 0.000000000e+00 -9.999000000e+11 0.000000000e+00 0.000000000e+00 0.000000000e+00 -2.900000000e-01 -2.900000000e-01 -4.802018910e-11 0.000000000e+00 0.000000000e+00 4.802020300e-11 0.000000000e+00 
d 0.000000000e+00 0.000000000e+00 0.000000000e+00 0.000000000e+00 0.000000000e+00 0.000000000e+00 0.000000000e+00 -9.999000000e+11 0.000000000e+00 0.000000000e+00 0.000000000e+00 -3.000000000e-01 -3.000000000e-01 -6.971186493e-11 0.000000000e+00 0.000000000e+00 6.971187883e-11 0.000000000e+00 
d 0.000000000e+00 0.000000000e+00 0.000000000e+00 0.000000000e+00 0.000000000e+00 0.000000000e+00 0.000000000e+00 -9.999000000e+11 0.000000000e+00 0.000000000e+00 0.000000000e+00 -3.100000000e-01 -3.100000000e-01 -1.013275609e-10 0.000000000e+00 0.000000000e+00 1.013276747e-10 0.000000000e+00 
d 0.000000000e+00 0.000000000e+00 0.000000000e+00 0.000000000e+00 0.000000000e+00 0.000000000e+00 0.000000000e+00 -9.999000000e+11 0.000000000e+00 0.000000000e+00 0.000000000e+00 -3.200000000e-01 -3.200000000e-01 -1.474034722e-10 0.000000000e+00 0.000000000e+00 1.474034689e-10 0.000000000e+00 
d 0.000000000e+00 0.000000000e+00 0.000000000e+00 0.000000000e+00 0.000000000e+00 0.000000000e+00 0.000000000e+00 -9.999000000e+11 0.000000000e+00 0.000000000e+00 0.000000000e+00 -3.300000000e-01 -3.300000000e-01 -2.145088390e-10 0.000000000e+00 0.000000000e+00 2.145088713e-10 0.000000000e+00 
d 0.000000000e+00 0.000000000e+00 0.000000000e+00 0.000000000e+00 0.000000000e+00 0.000000000e+00 0.000000000e+00 -9.999000000e+11 0.000000000e+00 0.000000000e+00 0.000000000e+00 -3.400000000e-01 -3.400000000e-01 -3.121093469e-10 0.000000000e+00 0.000000000e+00 3.121092571e-10 0.000000000e+00 
d 0.000000000e+00 0.000000000e+00 0.000000000e+00 0.000000000e+00 0.000000000e+00 0.000000000e+00 0.000000000e+00 -9.999000000e+11 0.000000000e+00 0.000000000e+00 0.000000000e+00 -3.500000000e-01 -3.500000000e-01 -4.537406795e-10 0.000000000e+00 0.000000000e+00 4.537407439e-10 0.000000000e+00 
d 0.000000000e+00 0.000000000e+00 0.000000000e+00 0.000000000e+00 0.000000000e+00 0.000000000e+00 0.000000000e+00 -9.999000000e+11 0.000000000e+00 0.000000000e+00 0.000000000e+00 -3.600000000e-01 -3.600000000e-01 -6.585615545e-10 0.000000000e+00 0.000000000e+00 6.585615613e-10 0.000000000e+00 
d 0.000000000e+00 0.000000000e+00 0.000000000e+00 0.000000000e+00 0.000000000e+00 0.000000000e+00 0.000000000e+00 -9.999000000e+11 0.000000000e+00 0.000000000e+00 0.000000000e+00 -3.700000000e-01 -3.700000000e-01 -9.533121585e-10 0.000000000e+00 0.000000000e+00 9.533120751e-10 0.000000000e+00 
d 0.000000000e+00 0.000000000e+00 0.000000000e+00 0.000000000e+00 0.000000000e+00 0.000000000e+00 0.000000000e+00 -9.999000000e+11 0.000000000e+00 0.000000000e+00 0.000000000e+00 -3.800000000e-01 -3.800000000e-01 -1.374648374e-09 0.000000000e+00 0.000000000e+00 1.374648400e-09 0.000000000e+00 
d 0.000000000e+00 0.000000000e+00 0.000000000e+00 0.000000000e+00 0.000000000e+00 0.000000000e+00 0.000000000e+00 -9.999000000e+11 0.000000000e+00 0.000000000e+00 0.000000000e+00 -3.900000000e-01 -3.900000000e-01 -1.971716872e-09 0.000000000e+00 0.000000000e+00 1.971716911e-09 0.000000000e+00 
d 0.000000000e+00 0.000000000e+00 0.000000000e+00 0.000000000e+00 0.000000000e+00 0.000000000e+00 0.000000000e+00 -9.999000000e+11 0.000000000e+00 0.000000000e+00 0.000000000e+00 -4.000000000e-01 -4.000000000e-01 -2.808752548e-09 0.000000000e+00 0.000000000e+00 2.808752579e-09 0.000000000e+00 
d 0.000000000e+00 0.000000000e+00 0.000000000e+00 0.000000000e+00 0.000000000e+00 0.000000000e+00 0.000000000e+00 -9.999000000e+11 0.000000000e+00 0.000000000e+00 0.000000000e+00 -4.100000000e-01 -4.100000000e-01 -3.967495082e-09 0.000000000e+00 0.000000000e+00 3.967494975e-09 0.000000000e+00 
