v ATLAS
# This file was created by ATLAS version 5.26.1.R on Thu Apr 19 08:46:59 2018.
#SSF 2.0 generic
##############################################################################
#                    Copyright (c) 1984 - 2018                               #
#                    Silvaco Inc. All rights reserved                        #
#                                                                            #
# This file format and the following Key are copyright Silvaco Inc.          #
# You may not use, this format or key without reproducing this message in    #
# full and obtaining express written permission from Silvaco Inc.            #
#                                                                            #
# To obtain such permission please contact: Silvaco Inc.                     #
#                                           support@silvaco.com              #
#                                                                            #
# KEY=SVC86hn7562asdx                       PROD=345                         #
##############################################################################
y 1 15
z 300
f 2 "cathode" "anode" 
p 17 91 4000 4010 4020 85 86 87 308 354 355 356 2 601 20 3 602 21 
d 1.316044996e-01 6.230000000e-01 1.807300063e-08 5.559337289e-09 5.559337289e-09 1.807300063e-08 2.017487116e-01 9.000000000e+01 7.041649364e-09 7.897297823e-01 2.102702107e-01 0.000000000e+00 0.000000000e+00 4.865221404e-09 0.000000000e+00 0.000000000e+00 -4.865221383e-09 
d 0.000000000e+00 0.000000000e+00 0.000000000e+00 0.000000000e+00 0.000000000e+00 0.000000000e+00 0.000000000e+00 9.000000000e+01 7.041649364e-09 7.897297823e-01 2.102702107e-01 0.000000000e+00 0.000000000e+00 1.334128240e-17 0.000000000e+00 0.000000000e+00 -4.979741351e-23 
d 1.316044996e-01 6.230000000e-01 1.807300063e-08 5.559337289e-09 5.559337289e-09 1.807300063e-08 2.017487116e-01 9.000000000e+01 7.041649364e-09 7.897297823e-01 2.102702107e-01 -4.076099963e-01 -4.076099963e-01 -2.273652455e-16 0.000000000e+00 0.000000000e+00 -1.967862677e-21 
