v ATLAS
# This file was created by ATLAS version 5.26.1.R on Tue Apr 17 23:28:13 2018.
#SSF 2.0 generic
##############################################################################
#                    Copyright (c) 1984 - 2018                               #
#                    Silvaco Inc. All rights reserved                        #
#                                                                            #
# This file format and the following Key are copyright Silvaco Inc.          #
# You may not use, this format or key without reproducing this message in    #
# full and obtaining express written permission from Silvaco Inc.            #
#                                                                            #
# To obtain such permission please contact: Silvaco Inc.                     #
#                                           support@silvaco.com              #
#                                                                            #
# KEY=SVC86hn7562asdx                       PROD=345                         #
##############################################################################
y 3 700 711 15
z 1 1e+41 300
f 2 "gate" "substrate" 
p 8 2 601 20 3 602 21 2229 1045000 
d 0.000000000e+00 0.000000000e+00 0.000000000e+00 0.000000000e+00 0.000000000e+00 0.000000000e+00 0.000000000e+00 0.000000000e+00 
d 1.000000000e-02 1.000000000e-02 0.000000000e+00 0.000000000e+00 0.000000000e+00 0.000000000e+00 2.762853971e-15 2.762853971e-15 
d 2.000000000e-02 2.000000000e-02 0.000000000e+00 0.000000000e+00 0.000000000e+00 0.000000000e+00 2.750626624e-15 2.750626624e-15 
d 3.000000000e-02 3.000000000e-02 0.000000000e+00 0.000000000e+00 0.000000000e+00 0.000000000e+00 2.738667650e-15 2.738667650e-15 
d 4.000000000e-02 4.000000000e-02 0.000000000e+00 0.000000000e+00 0.000000000e+00 0.000000000e+00 2.727009462e-15 2.727009462e-15 
d 5.000000000e-02 5.000000000e-02 0.000000000e+00 0.000000000e+00 0.000000000e+00 0.000000000e+00 2.715698184e-15 2.715698184e-15 
d 6.000000000e-02 6.000000000e-02 0.000000000e+00 0.000000000e+00 0.000000000e+00 0.000000000e+00 2.704798168e-15 2.704798168e-15 
d 7.000000000e-02 7.000000000e-02 0.000000000e+00 0.000000000e+00 0.000000000e+00 0.000000000e+00 2.694398679e-15 2.694398679e-15 
d 8.000000000e-02 8.000000000e-02 0.000000000e+00 0.000000000e+00 0.000000000e+00 0.000000000e+00 2.684622956e-15 2.684622956e-15 
d 9.000000000e-02 9.000000000e-02 0.000000000e+00 0.000000000e+00 0.000000000e+00 0.000000000e+00 2.675640528e-15 2.675640528e-15 
d 1.000000000e-01 1.000000000e-01 0.000000000e+00 0.000000000e+00 0.000000000e+00 0.000000000e+00 2.667683967e-15 2.667683967e-15 
d 1.100000000e-01 1.100000000e-01 0.000000000e+00 0.000000000e+00 0.000000000e+00 0.000000000e+00 2.661071568e-15 2.661071568e-15 
d 1.200000000e-01 1.200000000e-01 0.000000000e+00 0.000000000e+00 0.000000000e+00 0.000000000e+00 2.656237939e-15 2.656237939e-15 
d 1.300000000e-01 1.300000000e-01 0.000000000e+00 0.000000000e+00 0.000000000e+00 0.000000000e+00 2.653777368e-15 2.653777368e-15 
d 1.400000000e-01 1.400000000e-01 0.000000000e+00 0.000000000e+00 0.000000000e+00 0.000000000e+00 2.654487624e-15 2.654487624e-15 
d 1.500000000e-01 1.500000000e-01 0.000000000e+00 0.000000000e+00 0.000000000e+00 0.000000000e+00 2.659461384e-15 2.659461384e-15 
d 1.600000000e-01 1.600000000e-01 0.000000000e+00 0.000000000e+00 0.000000000e+00 0.000000000e+00 2.670160050e-15 2.670160050e-15 
d 1.700000000e-01 1.700000000e-01 0.000000000e+00 0.000000000e+00 0.000000000e+00 0.000000000e+00 2.688538625e-15 2.688538625e-15 
d 1.800000000e-01 1.800000000e-01 0.000000000e+00 0.000000000e+00 0.000000000e+00 0.000000000e+00 2.717184591e-15 2.717184591e-15 
d 1.900000000e-01 1.900000000e-01 0.000000000e+00 0.000000000e+00 0.000000000e+00 0.000000000e+00 2.759477751e-15 2.759477751e-15 
d 2.000000000e-01 2.000000000e-01 0.000000000e+00 0.000000000e+00 0.000000000e+00 0.000000000e+00 2.819753415e-15 2.819753415e-15 
d 2.100000000e-01 2.100000000e-01 0.000000000e+00 0.000000000e+00 0.000000000e+00 0.000000000e+00 2.903434329e-15 2.903434329e-15 
d 2.200000000e-01 2.200000000e-01 0.000000000e+00 0.000000000e+00 0.000000000e+00 0.000000000e+00 3.017069112e-15 3.017069112e-15 
d 2.300000000e-01 2.300000000e-01 0.000000000e+00 0.000000000e+00 0.000000000e+00 0.000000000e+00 3.168181403e-15 3.168181403e-15 
d 2.400000000e-01 2.400000000e-01 0.000000000e+00 0.000000000e+00 0.000000000e+00 0.000000000e+00 3.364807607e-15 3.364807607e-15 
d 2.500000000e-01 2.500000000e-01 0.000000000e+00 0.000000000e+00 0.000000000e+00 0.000000000e+00 3.614611271e-15 3.614611271e-15 
d 2.600000000e-01 2.600000000e-01 0.000000000e+00 0.000000000e+00 0.000000000e+00 0.000000000e+00 3.923551564e-15 3.923551564e-15 
d 2.700000000e-01 2.700000000e-01 0.000000000e+00 0.000000000e+00 0.000000000e+00 0.000000000e+00 4.294261319e-15 4.294261319e-15 
d 2.800000000e-01 2.800000000e-01 0.000000000e+00 0.000000000e+00 0.000000000e+00 0.000000000e+00 4.724593221e-15 4.724593221e-15 
d 2.900000000e-01 2.900000000e-01 0.000000000e+00 0.000000000e+00 0.000000000e+00 0.000000000e+00 5.206869987e-15 5.206869987e-15 
d 3.000000000e-01 3.000000000e-01 0.000000000e+00 0.000000000e+00 0.000000000e+00 0.000000000e+00 5.728367149e-15 5.728367149e-15 
d 3.100000000e-01 3.100000000e-01 0.000000000e+00 0.000000000e+00 0.000000000e+00 0.000000000e+00 6.273032942e-15 6.273032942e-15 
d 3.200000000e-01 3.200000000e-01 0.000000000e+00 0.000000000e+00 0.000000000e+00 0.000000000e+00 6.823937057e-15 6.823937057e-15 
d 3.300000000e-01 3.300000000e-01 0.000000000e+00 0.000000000e+00 0.000000000e+00 0.000000000e+00 7.365641028e-15 7.365641028e-15 
d 3.400000000e-01 3.400000000e-01 0.000000000e+00 0.000000000e+00 0.000000000e+00 0.000000000e+00 7.885831016e-15 7.885831016e-15 
d 3.500000000e-01 3.500000000e-01 0.000000000e+00 0.000000000e+00 0.000000000e+00 0.000000000e+00 8.375975437e-15 8.375975437e-15 
d 3.600000000e-01 3.600000000e-01 0.000000000e+00 0.000000000e+00 0.000000000e+00 0.000000000e+00 8.831162598e-15 8.831162598e-15 
d 3.700000000e-01 3.700000000e-01 0.000000000e+00 0.000000000e+00 0.000000000e+00 0.000000000e+00 9.249456149e-15 9.249456149e-15 
d 3.800000000e-01 3.800000000e-01 0.000000000e+00 0.000000000e+00 0.000000000e+00 0.000000000e+00 9.631090200e-15 9.631090200e-15 
d 3.900000000e-01 3.900000000e-01 0.000000000e+00 0.000000000e+00 0.000000000e+00 0.000000000e+00 9.977715746e-15 9.977715746e-15 
d 4.000000000e-01 4.000000000e-01 0.000000000e+00 0.000000000e+00 0.000000000e+00 0.000000000e+00 1.029179575e-14 1.029179575e-14 
d 4.100000000e-01 4.100000000e-01 0.000000000e+00 0.000000000e+00 0.000000000e+00 0.000000000e+00 1.057617015e-14 1.057617015e-14 
d 4.200000000e-01 4.200000000e-01 0.000000000e+00 0.000000000e+00 0.000000000e+00 0.000000000e+00 1.083375483e-14 1.083375483e-14 
d 4.300000000e-01 4.300000000e-01 0.000000000e+00 0.000000000e+00 0.000000000e+00 0.000000000e+00 1.106738367e-14 1.106738367e-14 
d 4.400000000e-01 4.400000000e-01 0.000000000e+00 0.000000000e+00 0.000000000e+00 0.000000000e+00 1.127969182e-14 1.127969182e-14 
d 4.500000000e-01 4.500000000e-01 0.000000000e+00 0.000000000e+00 0.000000000e+00 0.000000000e+00 1.147307876e-14 1.147307876e-14 
d 4.600000000e-01 4.600000000e-01 0.000000000e+00 0.000000000e+00 0.000000000e+00 0.000000000e+00 1.164969374e-14 1.164969374e-14 
d 4.700000000e-01 4.700000000e-01 0.000000000e+00 0.000000000e+00 0.000000000e+00 0.000000000e+00 1.181144206e-14 1.181144206e-14 
d 4.800000000e-01 4.800000000e-01 0.000000000e+00 0.000000000e+00 0.000000000e+00 0.000000000e+00 1.196000152e-14 1.196000152e-14 
d 4.900000000e-01 4.900000000e-01 0.000000000e+00 0.000000000e+00 0.000000000e+00 0.000000000e+00 1.209684366e-14 1.209684366e-14 
d 5.000000000e-01 5.000000000e-01 0.000000000e+00 0.000000000e+00 0.000000000e+00 0.000000000e+00 1.222325628e-14 1.222325628e-14 
d 5.100000000e-01 5.100000000e-01 0.000000000e+00 0.000000000e+00 0.000000000e+00 0.000000000e+00 1.234036542e-14 1.234036542e-14 
d 5.200000000e-01 5.200000000e-01 0.000000000e+00 0.000000000e+00 0.000000000e+00 0.000000000e+00 1.244915581e-14 1.244915581e-14 
d 5.300000000e-01 5.300000000e-01 0.000000000e+00 0.000000000e+00 0.000000000e+00 0.000000000e+00 1.255049106e-14 1.255049106e-14 
d 5.400000000e-01 5.400000000e-01 0.000000000e+00 0.000000000e+00 0.000000000e+00 0.000000000e+00 1.264512141e-14 1.264512141e-14 
d 5.500000000e-01 5.500000000e-01 0.000000000e+00 0.000000000e+00 0.000000000e+00 0.000000000e+00 1.273371469e-14 1.273371469e-14 
d 5.600000000e-01 5.600000000e-01 0.000000000e+00 0.000000000e+00 0.000000000e+00 0.000000000e+00 1.281685262e-14 1.281685262e-14 
d 5.700000000e-01 5.700000000e-01 0.000000000e+00 0.000000000e+00 0.000000000e+00 0.000000000e+00 1.289504930e-14 1.289504930e-14 
d 5.800000000e-01 5.800000000e-01 0.000000000e+00 0.000000000e+00 0.000000000e+00 0.000000000e+00 1.296875896e-14 1.296875896e-14 
d 5.900000000e-01 5.900000000e-01 0.000000000e+00 0.000000000e+00 0.000000000e+00 0.000000000e+00 1.303838382e-14 1.303838382e-14 
d 6.000000000e-01 6.000000000e-01 0.000000000e+00 0.000000000e+00 0.000000000e+00 0.000000000e+00 1.310428094e-14 1.310428094e-14 
d 6.100000000e-01 6.100000000e-01 0.000000000e+00 0.000000000e+00 0.000000000e+00 0.000000000e+00 1.316676803e-14 1.316676803e-14 
d 6.200000000e-01 6.200000000e-01 0.000000000e+00 0.000000000e+00 0.000000000e+00 0.000000000e+00 1.322612847e-14 1.322612847e-14 
d 6.300000000e-01 6.300000000e-01 0.000000000e+00 0.000000000e+00 0.000000000e+00 0.000000000e+00 1.328261561e-14 1.328261561e-14 
d 6.400000000e-01 6.400000000e-01 0.000000000e+00 0.000000000e+00 0.000000000e+00 0.000000000e+00 1.333645652e-14 1.333645652e-14 
d 6.500000000e-01 6.500000000e-01 0.000000000e+00 0.000000000e+00 0.000000000e+00 0.000000000e+00 1.338785512e-14 1.338785512e-14 
d 6.600000000e-01 6.600000000e-01 0.000000000e+00 0.000000000e+00 0.000000000e+00 0.000000000e+00 1.343699501e-14 1.343699501e-14 
d 6.700000000e-01 6.700000000e-01 0.000000000e+00 0.000000000e+00 0.000000000e+00 0.000000000e+00 1.348404182e-14 1.348404182e-14 
d 6.800000000e-01 6.800000000e-01 0.000000000e+00 0.000000000e+00 0.000000000e+00 0.000000000e+00 1.352914532e-14 1.352914532e-14 
d 6.900000000e-01 6.900000000e-01 0.000000000e+00 0.000000000e+00 0.000000000e+00 0.000000000e+00 1.357244121e-14 1.357244121e-14 
d 7.000000000e-01 7.000000000e-01 0.000000000e+00 0.000000000e+00 0.000000000e+00 0.000000000e+00 1.361405269e-14 1.361405269e-14 
d 7.100000000e-01 7.100000000e-01 0.000000000e+00 0.000000000e+00 0.000000000e+00 0.000000000e+00 1.365409351e-14 1.365409351e-14 
d 7.200000000e-01 7.200000000e-01 0.000000000e+00 0.000000000e+00 0.000000000e+00 0.000000000e+00 1.369266093e-14 1.369266093e-14 
d 7.300000000e-01 7.300000000e-01 0.000000000e+00 0.000000000e+00 0.000000000e+00 0.000000000e+00 1.372985301e-14 1.372985301e-14 
d 7.400000000e-01 7.400000000e-01 0.000000000e+00 0.000000000e+00 0.000000000e+00 0.000000000e+00 1.376575353e-14 1.376575353e-14 
d 7.500000000e-01 7.500000000e-01 0.000000000e+00 0.000000000e+00 0.000000000e+00 0.000000000e+00 1.380044071e-14 1.380044071e-14 
d 7.600000000e-01 7.600000000e-01 0.000000000e+00 0.000000000e+00 0.000000000e+00 0.000000000e+00 1.383398635e-14 1.383398635e-14 
d 7.700000000e-01 7.700000000e-01 0.000000000e+00 0.000000000e+00 0.000000000e+00 0.000000000e+00 1.386645648e-14 1.386645648e-14 
d 7.800000000e-01 7.800000000e-01 0.000000000e+00 0.000000000e+00 0.000000000e+00 0.000000000e+00 1.389791190e-14 1.389791190e-14 
d 7.900000000e-01 7.900000000e-01 0.000000000e+00 0.000000000e+00 0.000000000e+00 0.000000000e+00 1.392840873e-14 1.392840873e-14 
d 8.000000000e-01 8.000000000e-01 0.000000000e+00 0.000000000e+00 0.000000000e+00 0.000000000e+00 1.395799879e-14 1.395799879e-14 
d 8.100000000e-01 8.100000000e-01 0.000000000e+00 0.000000000e+00 0.000000000e+00 0.000000000e+00 1.398673005e-14 1.398673005e-14 
d 8.200000000e-01 8.200000000e-01 0.000000000e+00 0.000000000e+00 0.000000000e+00 0.000000000e+00 1.401464695e-14 1.401464695e-14 
d 8.300000000e-01 8.300000000e-01 0.000000000e+00 0.000000000e+00 0.000000000e+00 0.000000000e+00 1.404179073e-14 1.404179073e-14 
d 8.400000000e-01 8.400000000e-01 0.000000000e+00 0.000000000e+00 0.000000000e+00 0.000000000e+00 1.406819969e-14 1.406819969e-14 
d 8.500000000e-01 8.500000000e-01 0.000000000e+00 0.000000000e+00 0.000000000e+00 0.000000000e+00 1.409390951e-14 1.409390951e-14 
d 8.600000000e-01 8.600000000e-01 0.000000000e+00 0.000000000e+00 0.000000000e+00 0.000000000e+00 1.411895338e-14 1.411895338e-14 
d 8.700000000e-01 8.700000000e-01 0.000000000e+00 0.000000000e+00 0.000000000e+00 0.000000000e+00 1.414336230e-14 1.414336230e-14 
d 8.800000000e-01 8.800000000e-01 0.000000000e+00 0.000000000e+00 0.000000000e+00 0.000000000e+00 1.416716520e-14 1.416716520e-14 
d 8.900000000e-01 8.900000000e-01 0.000000000e+00 0.000000000e+00 0.000000000e+00 0.000000000e+00 1.419038912e-14 1.419038912e-14 
d 9.000000000e-01 9.000000000e-01 0.000000000e+00 0.000000000e+00 0.000000000e+00 0.000000000e+00 1.421305941e-14 1.421305941e-14 
d 9.100000000e-01 9.100000000e-01 0.000000000e+00 0.000000000e+00 0.000000000e+00 0.000000000e+00 1.423519978e-14 1.423519978e-14 
d 9.200000000e-01 9.200000000e-01 0.000000000e+00 0.000000000e+00 0.000000000e+00 0.000000000e+00 1.425683251e-14 1.425683251e-14 
d 9.300000000e-01 9.300000000e-01 0.000000000e+00 0.000000000e+00 0.000000000e+00 0.000000000e+00 1.427797852e-14 1.427797852e-14 
d 9.400000000e-01 9.400000000e-01 0.000000000e+00 0.000000000e+00 0.000000000e+00 0.000000000e+00 1.429865746e-14 1.429865746e-14 
d 9.500000000e-01 9.500000000e-01 0.000000000e+00 0.000000000e+00 0.000000000e+00 0.000000000e+00 1.431888784e-14 1.431888784e-14 
d 9.600000000e-01 9.600000000e-01 0.000000000e+00 0.000000000e+00 0.000000000e+00 0.000000000e+00 1.433868709e-14 1.433868709e-14 
d 9.700000000e-01 9.700000000e-01 0.000000000e+00 0.000000000e+00 0.000000000e+00 0.000000000e+00 1.435807165e-14 1.435807165e-14 
d 9.800000000e-01 9.800000000e-01 0.000000000e+00 0.000000000e+00 0.000000000e+00 0.000000000e+00 1.437705704e-14 1.437705704e-14 
d 9.900000000e-01 9.900000000e-01 0.000000000e+00 0.000000000e+00 0.000000000e+00 0.000000000e+00 1.439565790e-14 1.439565790e-14 
d 1.000000000e+00 1.000000000e+00 0.000000000e+00 0.000000000e+00 0.000000000e+00 0.000000000e+00 1.441388810e-14 1.441388810e-14 
