v ATLAS
# This file was created by ATLAS version 5.26.1.R on Wed Apr 18 08:49:48 2018.
#SSF 2.0 generic
##############################################################################
#                    Copyright (c) 1984 - 2018                               #
#                    Silvaco Inc. All rights reserved                        #
#                                                                            #
# This file format and the following Key are copyright Silvaco Inc.          #
# You may not use, this format or key without reproducing this message in    #
# full and obtaining express written permission from Silvaco Inc.            #
#                                                                            #
# To obtain such permission please contact: Silvaco Inc.                     #
#                                           support@silvaco.com              #
#                                                                            #
# KEY=SVC86hn7562asdx                       PROD=345                         #
##############################################################################
y 3 700 711 15
z 3 0.00123077 300
f 4 "source" "gate" "drain" "substrate" 
p 13 61 2 601 20 3 602 21 4 603 22 5 604 23 
d 2.50000000000000e+01 0.000000000e+00 0.000000000e+00 -2.495135035e-08 -2.000000000e+00 -2.000000000e+00 -5.012475917e-18 2.500000000e+01 4.864964488e-02 2.495135036e-08 0.000000000e+00 4.130541843e-07 -4.130541843e-18 
d 3.41495764645509e+01 0.000000000e+00 0.000000000e+00 -3.404904814e-08 -2.000000000e+00 -2.000000000e+00 -7.649016648e-18 3.414957646e+01 1.005283091e-01 3.404904816e-08 0.000000000e+00 1.281091226e-06 -1.281091226e-17 
d 4.32991529291019e+01 0.000000000e+00 0.000000000e+00 -4.260636207e-08 -2.000000000e+00 -2.000000000e+00 -1.948856887e-17 4.329915293e+01 6.927906701e-01 4.260636226e-08 0.000000000e+00 1.694186552e-05 -1.694186552e-16 
d 4.51634015983443e+01 0.000000000e+00 0.000000000e+00 -4.427504279e-08 -2.000000000e+00 -2.000000000e+00 -1.758697451e-17 4.516340160e+01 8.883586530e-01 4.427504294e-08 0.000000000e+00 1.421848357e-05 -1.421848357e-16 
d 4.70276502675867e+01 0.000000000e+00 0.000000000e+00 -4.594185758e-08 -2.000000000e+00 -2.000000000e+00 -1.750185731e-17 4.702765027e+01 1.085792531e+00 4.594185774e-08 0.000000000e+00 1.428150385e-05 -1.428150385e-16 
d 4.88918989368292e+01 0.000000000e+00 0.000000000e+00 -4.760812773e-08 -2.000000000e+00 -2.000000000e+00 -1.737323299e-17 4.889189894e+01 1.283771043e+00 4.760812789e-08 0.000000000e+00 1.423521620e-05 -1.423521620e-16 
d 5.21662770697415e+01 0.000000000e+00 0.000000000e+00 -5.053618223e-08 -2.000000000e+00 -2.000000000e+00 -1.698198141e-17 5.216627707e+01 1.630094678e+00 5.053618239e-08 0.000000000e+00 1.404191675e-05 -1.404191675e-16 
d 5.66591655361476e+01 0.000000000e+00 0.000000000e+00 -5.456192717e-08 -2.000000000e+00 -2.000000000e+00 -1.621662749e-17 5.665916554e+01 2.097238209e+00 5.456192733e-08 0.000000000e+00 1.358284252e-05 -1.358284252e-16 
d 6.19003469472118e+01 0.000000000e+00 0.000000000e+00 -5.927764979e-08 -2.000000000e+00 -2.000000000e+00 -1.535146554e-17 6.190034695e+01 2.622697014e+00 5.927764993e-08 0.000000000e+00 1.286684377e-05 -1.286684377e-16 
d 6.67484489404694e+01 0.000000000e+00 0.000000000e+00 -6.366227419e-08 -2.000000000e+00 -2.000000000e+00 -1.462276664e-17 6.674844894e+01 3.086174617e+00 6.366227432e-08 0.000000000e+00 1.217251192e-05 -1.217251192e-16 
d 7.21063294781012e+01 0.000000000e+00 0.000000000e+00 -6.853239324e-08 -2.000000000e+00 -2.000000000e+00 -1.389097235e-17 7.210632948e+01 3.573936108e+00 6.853239337e-08 0.000000000e+00 1.149318431e-05 -1.149318431e-16 
d 8.07692933015395e+01 0.000000000e+00 0.000000000e+00 -7.645218361e-08 -2.000000000e+00 -2.000000000e+00 -1.289925476e-17 8.076929330e+01 4.317109573e+00 7.645218373e-08 0.000000000e+00 1.063153526e-05 -1.063153526e-16 
d 8.79399853628888e+01 0.000000000e+00 0.000000000e+00 -8.304130459e-08 -2.000000000e+00 -2.000000000e+00 -1.227806411e-17 8.793998536e+01 4.898680657e+00 8.304130471e-08 0.000000000e+00 1.011644203e-05 -1.011644203e-16 
d 9.65767711634061e+01 0.000000000e+00 0.000000000e+00 -9.100828406e-08 -2.000000000e+00 -2.000000000e+00 -1.168019154e-17 9.657677116e+01 5.568486995e+00 9.100828417e-08 0.000000000e+00 9.630494887e-06 -9.630494887e-17 
d 1.04863694425995e+02 0.000000000e+00 0.000000000e+00 -9.867738142e-08 -2.000000000e+00 -2.000000000e+00 -1.124075053e-17 1.048636944e+02 6.186312901e+00 9.867738152e-08 0.000000000e+00 9.258824624e-06 -9.258824624e-17 
d 1.19245737966020e+02 0.000000000e+00 0.000000000e+00 -1.120318135e-07 -2.000000000e+00 -2.000000000e+00 -1.066696883e-17 1.192457380e+02 7.213924356e+00 1.120318136e-07 0.000000000e+00 8.791708510e-06 -8.791708510e-17 
d 1.29088384340314e+02 0.000000000e+00 0.000000000e+00 -1.211181639e-07 -2.000000000e+00 -2.000000000e+00 -1.299599310e-17 1.290883843e+02 7.970220268e+00 1.211181641e-07 0.000000000e+00 1.282467376e-05 -1.282467376e-16 
d 1.35612558895923e+02 0.000000000e+00 0.000000000e+00 -1.265554440e-07 -2.000000000e+00 -2.000000000e+00 -3.332902725e-17 1.356125589e+02 9.057114450e+00 1.265554444e-07 0.000000000e+00 4.609190779e-05 -4.609190779e-16 
d 1.38874646173728e+02 0.000000000e+00 0.000000000e+00 -1.287196507e-07 -2.000000000e+00 -2.000000000e+00 -4.971055183e-17 1.388746462e+02 1.015499468e+01 1.287196515e-07 0.000000000e+00 7.282684701e-05 -7.282684701e-16 
d 1.41845390875283e+02 0.000000000e+00 0.000000000e+00 -1.303585868e-07 -2.000000000e+00 -2.000000000e+00 -5.899587077e-17 1.418453909e+02 1.148680310e+01 1.303585878e-07 0.000000000e+00 8.794450350e-05 -8.794450350e-16 
d 1.43382150271476e+02 0.000000000e+00 0.000000000e+00 -1.311266232e-07 -2.000000000e+00 -2.000000000e+00 -6.188160924e-17 1.433821503e+02 1.225552611e+01 1.311266242e-07 0.000000000e+00 9.256753675e-05 -9.256753675e-16 
d 1.44918909667670e+02 0.000000000e+00 0.000000000e+00 -1.318597279e-07 -2.000000000e+00 -2.000000000e+00 -6.410159509e-17 1.449189097e+02 1.305918077e+01 1.318597289e-07 0.000000000e+00 9.600522258e-05 -9.600522258e-16 
d 1.46455669063864e+02 0.000000000e+00 0.000000000e+00 -1.325645450e-07 -2.000000000e+00 -2.000000000e+00 -6.596910842e-17 1.464556691e+02 1.389112306e+01 1.325645460e-07 0.000000000e+00 9.863815413e-05 -9.863815413e-16 
d 1.49529187856251e+02 0.000000000e+00 0.000000000e+00 -1.338864865e-07 -2.000000000e+00 -2.000000000e+00 -7.097339264e-17 1.495291879e+02 1.564270026e+01 1.338864876e-07 0.000000000e+00 1.007044507e-04 -1.007044507e-15 
d 1.50404811885142e+02 0.000000000e+00 0.000000000e+00 -1.341848708e-07 -2.000000000e+00 -2.000000000e+00 -8.231714612e-17 1.504048119e+02 1.621994002e+01 1.341848719e-07 0.000000000e+00 9.516871432e-05 -9.516871432e-16 
d 1.50653717325377e+02 0.000000000e+00 0.000000000e+00 -1.342651277e-07 -2.000000000e+00 -2.000000000e+00 -8.006463179e-17 1.506537173e+02 1.638858862e+01 1.342651287e-07 0.000000000e+00 9.387598732e-05 -9.387598732e-16 
d 1.50902622765612e+02 0.000000000e+00 0.000000000e+00 -1.343471866e-07 -2.000000000e+00 -2.000000000e+00 -7.917000290e-17 1.509026228e+02 1.655543519e+01 1.343471876e-07 0.000000000e+00 9.263697268e-05 -9.263697268e-16 
d 1.51151528205846e+02 0.000000000e+00 0.000000000e+00 -1.344310140e-07 -2.000000000e+00 -2.000000000e+00 -7.835120124e-17 1.511515282e+02 1.672051325e+01 1.344310149e-07 0.000000000e+00 9.156629294e-05 -9.156629294e-16 
d 1.51400433646081e+02 0.000000000e+00 0.000000000e+00 -1.345164185e-07 -2.000000000e+00 -2.000000000e+00 -7.761560687e-17 1.514004336e+02 1.688401420e+01 1.345164194e-07 0.000000000e+00 9.064108164e-05 -9.064108164e-16 
d 1.51886012598781e+02 0.000000000e+00 0.000000000e+00 -1.346867767e-07 -2.000000000e+00 -2.000000000e+00 -7.638132160e-17 1.518860126e+02 1.719923491e+01 1.346867777e-07 0.000000000e+00 8.918586701e-05 -8.918586701e-16 
d 1.52175987499018e+02 0.000000000e+00 0.000000000e+00 -1.347904768e-07 -2.000000000e+00 -2.000000000e+00 -7.571972326e-17 1.521759875e+02 1.738550970e+01 1.347904778e-07 0.000000000e+00 8.850684603e-05 -8.850684603e-16 
d 1.52643628650693e+02 0.000000000e+00 0.000000000e+00 -1.349600215e-07 -2.000000000e+00 -2.000000000e+00 -7.470148984e-17 1.526436287e+02 1.768360615e+01 1.349600225e-07 0.000000000e+00 8.766263009e-05 -8.766263009e-16 
d 1.53369894059303e+02 0.000000000e+00 0.000000000e+00 -1.352271359e-07 -2.000000000e+00 -2.000000000e+00 -7.293338829e-17 1.533698941e+02 1.814275719e+01 1.352271369e-07 0.000000000e+00 8.687964265e-05 -8.687964265e-16 
d 1.54184154774741e+02 0.000000000e+00 0.000000000e+00 -1.355289473e-07 -2.000000000e+00 -2.000000000e+00 -6.901481226e-17 1.541841548e+02 1.865520652e+01 1.355289483e-07 0.000000000e+00 8.668975631e-05 -8.668975631e-16 
d 1.55111120814808e+02 0.000000000e+00 0.000000000e+00 -1.358674375e-07 -2.000000000e+00 -2.000000000e+00 -5.435908326e-17 1.551111208e+02 1.924368234e+01 1.358674385e-07 0.000000000e+00 8.789065104e-05 -8.789065104e-16 
d 1.56095019854364e+02 0.000000000e+00 0.000000000e+00 -1.362172976e-07 -2.000000000e+00 -2.000000000e+00 -5.499170575e-17 1.560950199e+02 1.987772132e+01 1.362172985e-07 0.000000000e+00 8.909258540e-05 -8.909258540e-16 
d 1.57244224889493e+02 0.000000000e+00 0.000000000e+00 -1.366156965e-07 -2.000000000e+00 -2.000000000e+00 -5.488898177e-17 1.572442249e+02 2.062852744e+01 1.366156975e-07 0.000000000e+00 9.029151340e-05 -9.029151340e-16 
d 1.58667588079318e+02 0.000000000e+00 0.000000000e+00 -1.370968584e-07 -2.000000000e+00 -2.000000000e+00 -5.506840218e-17 1.586675881e+02 2.157072876e+01 1.370968593e-07 0.000000000e+00 9.154635382e-05 -9.154635382e-16 
d 1.59457751195527e+02 0.000000000e+00 0.000000000e+00 -1.373590062e-07 -2.000000000e+00 -2.000000000e+00 -5.529406615e-17 1.594577512e+02 2.209874399e+01 1.373590072e-07 0.000000000e+00 9.213979128e-05 -9.213979128e-16 
d 1.61038077427944e+02 0.000000000e+00 0.000000000e+00 -1.378750434e-07 -2.000000000e+00 -2.000000000e+00 -5.585292229e-17 1.610380774e+02 2.316303302e+01 1.378750444e-07 0.000000000e+00 9.308413484e-05 -9.308413484e-16 
d 1.62492387055282e+02 0.000000000e+00 0.000000000e+00 -1.383424442e-07 -2.000000000e+00 -2.000000000e+00 -5.627888107e-17 1.624923871e+02 2.414994185e+01 1.383424452e-07 0.000000000e+00 9.381925931e-05 -9.381925931e-16 
d 1.63706997532525e+02 0.000000000e+00 0.000000000e+00 -1.387281677e-07 -2.000000000e+00 -2.000000000e+00 -5.663407679e-17 1.637069975e+02 2.497882878e+01 1.387281688e-07 0.000000000e+00 9.450424928e-05 -9.450424928e-16 
d 1.66136218487011e+02 0.000000000e+00 0.000000000e+00 -1.394877942e-07 -2.000000000e+00 -2.000000000e+00 -5.769473959e-17 1.661362185e+02 2.664842323e+01 1.394877953e-07 0.000000000e+00 9.608039148e-05 -9.608039148e-16 
d 1.67494373378545e+02 0.000000000e+00 0.000000000e+00 -1.399070421e-07 -2.000000000e+00 -2.000000000e+00 -5.860285321e-17 1.674943734e+02 2.758733028e+01 1.399070431e-07 0.000000000e+00 9.706118664e-05 -9.706118664e-16 
d 1.70210683161613e+02 0.000000000e+00 0.000000000e+00 -1.407457852e-07 -2.000000000e+00 -2.000000000e+00 -6.144012329e-17 1.702106832e+02 2.946489689e+01 1.407457863e-07 0.000000000e+00 9.973793829e-05 -9.973793829e-16 
d 1.74055950328449e+02 0.000000000e+00 0.000000000e+00 -1.420299576e-07 -2.000000000e+00 -2.000000000e+00 -7.429762636e-17 1.740559503e+02 3.202599155e+01 1.420299588e-07 0.000000000e+00 1.132244176e-04 -1.132244176e-15 
d 1.75503875344030e+02 0.000000000e+00 0.000000000e+00 -1.426153956e-07 -2.000000000e+00 -2.000000000e+00 -8.747556609e-17 1.755038753e+02 3.288847839e+01 1.426153970e-07 0.000000000e+00 1.276624496e-04 -1.276624496e-15 
d 1.78399725375192e+02 0.000000000e+00 0.000000000e+00 -1.441420933e-07 -2.000000000e+00 -2.000000000e+00 -1.472378548e-16 1.783997254e+02 3.425762988e+01 1.441420955e-07 0.000000000e+00 2.009728432e-04 -2.009728432e-15 
d 1.83767639562343e+02 0.000000000e+00 0.000000000e+00 -1.470426142e-07 -2.000000000e+00 -2.000000000e+00 -3.726042334e-16 1.837676396e+02 3.672502000e+01 1.470426196e-07 0.000000000e+00 4.938362286e-04 -4.938362286e-15 
d 1.89192612340431e+02 0.000000000e+00 0.000000000e+00 -1.494143976e-07 -2.000000000e+00 -2.000000000e+00 -7.622409259e-16 1.891926123e+02 3.977820482e+01 1.494144075e-07 0.000000000e+00 9.121977771e-04 -9.121977771e-15 
d 1.92650214292814e+02 0.000000000e+00 0.000000000e+00 -1.508974822e-07 -2.000000000e+00 -2.000000000e+00 -1.172679311e-15 1.926502143e+02 4.175271765e+01 1.508974966e-07 0.000000000e+00 1.327890820e-03 -1.327890820e-14 
d 1.98626136652838e+02 0.000000000e+00 0.000000000e+00 -1.534580503e-07 -2.000000000e+00 -2.000000000e+00 -2.400776958e-15 1.986261367e+02 4.516805886e+01 1.534580778e-07 0.000000000e+00 2.513969448e-03 -2.513969448e-14 
d 2.04790778384940e+02 0.000000000e+00 0.000000000e+00 -1.560760676e-07 -2.000000000e+00 -2.000000000e+00 -4.742376303e-15 2.047907784e+02 4.871465895e+01 1.560761194e-07 0.000000000e+00 4.706086109e-03 -4.706086109e-14 
d 2.07628103274093e+02 0.000000000e+00 0.000000000e+00 -1.571006048e-07 -2.000000000e+00 -2.000000000e+00 -6.010762453e-15 2.076281033e+02 5.052743406e+01 1.571006692e-07 0.000000000e+00 5.838697322e-03 -5.838697322e-14 
d 2.13302753052401e+02 0.000000000e+00 0.000000000e+00 -1.591223747e-07 -2.000000000e+00 -2.000000000e+00 -9.355560898e-15 2.133027531e+02 5.418028169e+01 1.591224714e-07 0.000000000e+00 8.732801560e-03 -8.732801560e-14 
d 2.20741832825456e+02 0.000000000e+00 0.000000000e+00 -1.618889132e-07 -2.000000000e+00 -2.000000000e+00 -1.612828066e-14 2.207418328e+02 5.885275808e+01 1.618890748e-07 0.000000000e+00 1.453838728e-02 -1.453838728e-13 
d 2.24957583739276e+02 0.000000000e+00 0.000000000e+00 -1.633607136e-07 -2.000000000e+00 -2.000000000e+00 -2.073122979e-14 2.249575837e+02 6.159666545e+01 1.633609183e-07 0.000000000e+00 1.840055246e-02 -1.840055246e-13 
d 2.31939551903133e+02 0.000000000e+00 0.000000000e+00 -1.659084399e-07 -2.000000000e+00 -2.000000000e+00 -3.000499035e-14 2.319395519e+02 6.603082161e+01 1.659087303e-07 0.000000000e+00 2.604289983e-02 -2.604289983e-13 
d 2.32806779330406e+02 0.000000000e+00 0.000000000e+00 -1.663049615e-07 -2.000000000e+00 -2.000000000e+00 -3.120231701e-14 2.328067793e+02 6.650151655e+01 1.663052628e-07 0.000000000e+00 2.700829592e-02 -2.700829592e-13 
d 2.33674006757679e+02 0.000000000e+00 0.000000000e+00 -1.668208281e-07 -2.000000000e+00 -2.000000000e+00 -3.215200379e-14 2.336740068e+02 6.685286905e+01 1.668211377e-07 0.000000000e+00 2.774820818e-02 -2.774820818e-13 
d 2.34541234184953e+02 0.000000000e+00 0.000000000e+00 -1.674486788e-07 -2.000000000e+00 -2.000000000e+00 -3.285657779e-14 2.345412342e+02 6.709223966e+01 1.674489946e-07 0.000000000e+00 2.828481898e-02 -2.828481898e-13 
d 2.34974847898589e+02 0.000000000e+00 0.000000000e+00 -1.677610303e-07 -2.000000000e+00 -2.000000000e+00 -3.321989921e-14 2.349748479e+02 6.721349864e+01 1.677613493e-07 0.000000000e+00 2.856914296e-02 -2.856914296e-13 
d 2.35408461612226e+02 0.000000000e+00 0.000000000e+00 -1.680484559e-07 -2.000000000e+00 -2.000000000e+00 -3.364824971e-14 2.354084616e+02 6.735968295e+01 1.680487787e-07 0.000000000e+00 2.891156143e-02 -2.891156143e-13 
d 2.35683101137257e+02 0.000000000e+00 0.000000000e+00 -1.682120689e-07 -2.000000000e+00 -2.000000000e+00 -3.396730967e-14 2.356831011e+02 6.747070653e+01 1.682123946e-07 0.000000000e+00 2.917057645e-02 -2.917057645e-13 
d 2.35827603141206e+02 0.000000000e+00 0.000000000e+00 -1.682919389e-07 -2.000000000e+00 -2.000000000e+00 -3.415123072e-14 2.358276031e+02 6.753533684e+01 1.682922663e-07 0.000000000e+00 2.932062976e-02 -2.932062976e-13 
d 2.35972105145154e+02 0.000000000e+00 0.000000000e+00 -1.683677291e-07 -2.000000000e+00 -2.000000000e+00 -3.434572060e-14 2.359721051e+02 6.760404687e+01 1.683680583e-07 0.000000000e+00 2.947964605e-02 -2.947964605e-13 
d 2.36168511508007e+02 0.000000000e+00 0.000000000e+00 -1.684648985e-07 -2.000000000e+00 -2.000000000e+00 -3.462523918e-14 2.361685115e+02 6.770328131e+01 1.684652302e-07 0.000000000e+00 2.970847262e-02 -2.970847262e-13 
d 2.36347069297718e+02 0.000000000e+00 0.000000000e+00 -1.685483404e-07 -2.000000000e+00 -2.000000000e+00 -3.489204383e-14 2.363470693e+02 6.779839470e+01 1.685486746e-07 0.000000000e+00 2.992694076e-02 -2.992694076e-13 
d 2.36569227444731e+02 0.000000000e+00 0.000000000e+00 -1.686470985e-07 -2.000000000e+00 -2.000000000e+00 -3.523693753e-14 2.365692274e+02 6.792179164e+01 1.686474358e-07 0.000000000e+00 3.020931452e-02 -3.020931452e-13 
d 2.36809819462771e+02 0.000000000e+00 0.000000000e+00 -1.687492766e-07 -2.000000000e+00 -2.000000000e+00 -3.562182083e-14 2.368098195e+02 6.806020201e+01 1.687496175e-07 0.000000000e+00 3.052425949e-02 -3.052425949e-13 
d 2.37119261152004e+02 0.000000000e+00 0.000000000e+00 -1.688751894e-07 -2.000000000e+00 -2.000000000e+00 -3.612659076e-14 2.371192612e+02 6.824372627e+01 1.688755349e-07 0.000000000e+00 3.093697173e-02 -3.093697173e-13 
d 2.37480783361379e+02 0.000000000e+00 0.000000000e+00 -1.690157757e-07 -2.000000000e+00 -2.000000000e+00 -3.671927626e-14 2.374807834e+02 6.846465669e+01 1.690161267e-07 0.000000000e+00 3.142063969e-02 -3.142063969e-13 
d 2.37959381741856e+02 0.000000000e+00 0.000000000e+00 -1.691933495e-07 -2.000000000e+00 -2.000000000e+00 -3.750099963e-14 2.379593817e+02 6.876567414e+01 1.691937076e-07 0.000000000e+00 3.205574776e-02 -3.205574776e-13 
d 2.38460883604024e+02 0.000000000e+00 0.000000000e+00 -1.693737171e-07 -2.000000000e+00 -2.000000000e+00 -3.832723933e-14 2.384608836e+02 6.908680094e+01 1.693740827e-07 0.000000000e+00 3.272439266e-02 -3.272439266e-13 
d 2.39201493920311e+02 0.000000000e+00 0.000000000e+00 -1.696352832e-07 -2.000000000e+00 -2.000000000e+00 -3.957225043e-14 2.392014939e+02 6.956583383e+01 1.696356601e-07 0.000000000e+00 3.372994387e-02 -3.372994387e-13 
d 2.39831440734350e+02 0.000000000e+00 0.000000000e+00 -1.698555134e-07 -2.000000000e+00 -2.000000000e+00 -4.065670437e-14 2.398314407e+02 6.997554068e+01 1.698559001e-07 0.000000000e+00 3.460445278e-02 -3.460445278e-13 
d 2.40768772840920e+02 0.000000000e+00 0.000000000e+00 -1.701819336e-07 -2.000000000e+00 -2.000000000e+00 -4.231591113e-14 2.407687728e+02 7.058643748e+01 1.701823354e-07 0.000000000e+00 3.594059186e-02 -3.594059186e-13 
d 2.41623768367625e+02 0.000000000e+00 0.000000000e+00 -1.704798162e-07 -2.000000000e+00 -2.000000000e+00 -4.387902344e-14 2.416237684e+02 7.114353635e+01 1.704802320e-07 0.000000000e+00 3.719780572e-02 -3.719780572e-13 
d 2.42530134295338e+02 0.000000000e+00 0.000000000e+00 -1.707968192e-07 -2.000000000e+00 -2.000000000e+00 -4.558958635e-14 2.425301343e+02 7.173288380e+01 1.707972505e-07 0.000000000e+00 3.857197214e-02 -3.857197214e-13 
d 2.44116986923297e+02 0.000000000e+00 0.000000000e+00 -1.713566488e-07 -2.000000000e+00 -2.000000000e+00 -4.872276605e-14 2.441169869e+02 7.275987852e+01 1.713571084e-07 0.000000000e+00 4.108566067e-02 -4.108566067e-13 
d 2.45221600749124e+02 0.000000000e+00 0.000000000e+00 -1.717511923e-07 -2.000000000e+00 -2.000000000e+00 -5.100807087e-14 2.452216007e+02 7.346992830e+01 1.717516724e-07 0.000000000e+00 4.291674753e-02 -4.291674753e-13 
d 2.46650470171808e+02 0.000000000e+00 0.000000000e+00 -1.722658007e-07 -2.000000000e+00 -2.000000000e+00 -5.409650569e-14 2.466504702e+02 7.438416152e+01 1.722663086e-07 0.000000000e+00 4.538855254e-02 -4.538855254e-13 
d 2.47889053793793e+02 0.000000000e+00 0.000000000e+00 -1.727168997e-07 -2.000000000e+00 -2.000000000e+00 -5.687572053e-14 2.478890538e+02 7.517162109e+01 1.727174327e-07 0.000000000e+00 4.760868786e-02 -4.760868786e-13 
d 2.49127637415779e+02 0.000000000e+00 0.000000000e+00 -1.731648940e-07 -2.000000000e+00 -2.000000000e+00 -5.971272858e-14 2.491276374e+02 7.596218498e+01 1.731654524e-07 0.000000000e+00 4.987052573e-02 -4.987052573e-13 
d 2.50366221037765e+02 0.000000000e+00 0.000000000e+00 -1.735925877e-07 -2.000000000e+00 -2.000000000e+00 -6.249681898e-14 2.503662210e+02 7.677305010e+01 1.735931710e-07 0.000000000e+00 5.207829815e-02 -5.207829815e-13 
d 2.51604804659751e+02 0.000000000e+00 0.000000000e+00 -1.740159267e-07 -2.000000000e+00 -2.000000000e+00 -6.531502790e-14 2.516048047e+02 7.758826966e+01 1.740165350e-07 0.000000000e+00 5.430200740e-02 -5.430200740e-13 
d 2.52843388281736e+02 0.000000000e+00 0.000000000e+00 -1.744432624e-07 -2.000000000e+00 -2.000000000e+00 -6.821545648e-14 2.528433883e+02 7.839949181e+01 1.744438965e-07 0.000000000e+00 5.658474345e-02 -5.658474345e-13 
d 2.55320555525708e+02 0.000000000e+00 0.000000000e+00 -1.753123126e-07 -2.000000000e+00 -2.000000000e+00 -7.431689193e-14 2.553205555e+02 8.000755494e+01 1.753130006e-07 0.000000000e+00 6.137052459e-02 -6.137052459e-13 
d 2.56720067732612e+02 0.000000000e+00 0.000000000e+00 -1.758116559e-07 -2.000000000e+00 -2.000000000e+00 -7.794722591e-14 2.567200677e+02 8.090769179e+01 1.758123760e-07 0.000000000e+00 6.420997688e-02 -6.420997688e-13 
d 2.59519092146422e+02 0.000000000e+00 0.000000000e+00 -1.768156672e-07 -2.000000000e+00 -2.000000000e+00 -8.548047105e-14 2.595190921e+02 8.270263861e+01 1.768164535e-07 0.000000000e+00 7.008172018e-02 -7.008172018e-13 
d 2.61967232253660e+02 0.000000000e+00 0.000000000e+00 -1.776557671e-07 -2.000000000e+00 -2.000000000e+00 -9.201341487e-14 2.619672323e+02 8.431062185e+01 1.776566104e-07 0.000000000e+00 7.513385411e-02 -7.513385411e-13 
d 2.65044808901186e+02 0.000000000e+00 0.000000000e+00 -1.787245529e-07 -2.000000000e+00 -2.000000000e+00 -1.006528583e-13 2.650448089e+02 8.631933764e+01 1.787254712e-07 0.000000000e+00 8.177103657e-02 -8.177103657e-13 
d 2.71199962196240e+02 0.000000000e+00 0.000000000e+00 -1.808649222e-07 -2.000000000e+00 -2.000000000e+00 -1.188581581e-13 2.711999622e+02 9.033396505e+01 1.808659971e-07 0.000000000e+00 9.561286691e-02 -9.561286691e-13 
d 2.72438584390987e+02 0.000000000e+00 0.000000000e+00 -1.812872104e-07 -2.000000000e+00 -2.000000000e+00 -1.225909224e-13 2.724385844e+02 9.115026711e+01 1.812883173e-07 0.000000000e+00 9.842451791e-02 -9.842451791e-13 
d 2.74915828780480e+02 0.000000000e+00 0.000000000e+00 -1.821437368e-07 -2.000000000e+00 -2.000000000e+00 -1.303032996e-13 2.749158288e+02 9.277091948e+01 1.821449093e-07 0.000000000e+00 1.042163623e-01 -1.042163623e-12 
d 2.79870317559467e+02 0.000000000e+00 0.000000000e+00 -1.837968795e-07 -2.000000000e+00 -2.000000000e+00 -1.457332294e-13 2.798703176e+02 9.607213520e+01 1.837981823e-07 0.000000000e+00 1.157099093e-01 -1.157099093e-12 
d 2.81677791678137e+02 0.000000000e+00 0.000000000e+00 -1.843979781e-07 -2.000000000e+00 -2.000000000e+00 -1.514990935e-13 2.816777917e+02 9.727846233e+01 1.843993294e-07 0.000000000e+00 1.199703055e-01 -1.199703055e-12 
d 2.85292739915476e+02 0.000000000e+00 0.000000000e+00 -1.855775868e-07 -2.000000000e+00 -2.000000000e+00 -1.630198176e-13 2.852927399e+02 9.971370579e+01 1.855790341e-07 0.000000000e+00 1.284316572e-01 -1.284316572e-12 
d 2.86795579585086e+02 0.000000000e+00 0.000000000e+00 -1.860536124e-07 -2.000000000e+00 -2.000000000e+00 -1.677477382e-13 2.867955796e+02 1.007404806e+02 1.860550990e-07 0.000000000e+00 1.318771769e-01 -1.318771769e-12 
d 2.89801258924304e+02 0.000000000e+00 0.000000000e+00 -1.870185284e-07 -2.000000000e+00 -2.000000000e+00 -1.774611087e-13 2.898012589e+02 1.027811638e+02 1.870200951e-07 0.000000000e+00 1.389214005e-01 -1.389214005e-12 
d 2.94793877403984e+02 0.000000000e+00 0.000000000e+00 -1.885363920e-07 -2.000000000e+00 -2.000000000e+00 -1.931050296e-13 2.947938774e+02 1.062557906e+02 1.885380867e-07 0.000000000e+00 1.501636732e-01 -1.501636732e-12 
d 2.98813810123346e+02 0.000000000e+00 0.000000000e+00 -1.896958857e-07 -2.000000000e+00 -2.000000000e+00 -2.053575183e-13 2.988138101e+02 1.091161302e+02 1.896976799e-07 0.000000000e+00 1.588873818e-01 -1.588873818e-12 
d 3.01124138104119e+02 0.000000000e+00 0.000000000e+00 -1.903378084e-07 -2.000000000e+00 -2.000000000e+00 -2.122597185e-13 3.011241381e+02 1.107844797e+02 1.903396584e-07 0.000000000e+00 1.637722087e-01 -1.637722087e-12 
d 3.03055434880146e+02 0.000000000e+00 0.000000000e+00 -1.908496648e-07 -2.000000000e+00 -2.000000000e+00 -2.178338661e-13 3.030554349e+02 1.122038753e+02 1.908515596e-07 0.000000000e+00 1.676991384e-01 -1.676991384e-12 
d 3.06918028432201e+02 0.000000000e+00 0.000000000e+00 -1.918175498e-07 -2.000000000e+00 -2.000000000e+00 -2.285396383e-13 3.069180284e+02 1.150984981e+02 1.918195304e-07 0.000000000e+00 1.752062433e-01 -1.752062433e-12 
d 3.08701076581899e+02 0.000000000e+00 0.000000000e+00 -1.922328300e-07 -2.000000000e+00 -2.000000000e+00 -2.331920458e-13 3.087010766e+02 1.164662289e+02 1.922348477e-07 0.000000000e+00 1.784531765e-01 -1.784531765e-12 
d 3.10567786863855e+02 0.000000000e+00 0.000000000e+00 -1.926473451e-07 -2.000000000e+00 -2.000000000e+00 -2.378670035e-13 3.105677869e+02 1.179183869e+02 1.926494001e-07 0.000000000e+00 1.817040042e-01 -1.817040042e-12 
d 3.14301207427765e+02 0.000000000e+00 0.000000000e+00 -1.933895822e-07 -2.000000000e+00 -2.000000000e+00 -2.462984841e-13 3.143012074e+02 1.209095035e+02 1.933917040e-07 0.000000000e+00 1.875439183e-01 -1.875439183e-12 
d 3.16118742506535e+02 0.000000000e+00 0.000000000e+00 -1.937091212e-07 -2.000000000e+00 -2.000000000e+00 -2.499526742e-13 3.161187425e+02 1.224074707e+02 1.937112718e-07 0.000000000e+00 1.900647317e-01 -1.900647317e-12 
d 3.18093059043943e+02 0.000000000e+00 0.000000000e+00 -1.940185758e-07 -2.000000000e+00 -2.000000000e+00 -2.535060506e-13 3.180930590e+02 1.240723047e+02 1.940207544e-07 0.000000000e+00 1.925098251e-01 -1.925098251e-12 
d 3.19974816370602e+02 0.000000000e+00 0.000000000e+00 -1.942741773e-07 -2.000000000e+00 -2.000000000e+00 -2.564518679e-13 3.199748164e+02 1.256984373e+02 1.942763790e-07 0.000000000e+00 1.945323480e-01 -1.945323480e-12 
d 3.21810800838595e+02 0.000000000e+00 0.000000000e+00 -1.944815674e-07 -2.000000000e+00 -2.000000000e+00 -2.588494564e-13 3.218108008e+02 1.273270128e+02 1.944837880e-07 0.000000000e+00 1.961753101e-01 -1.961753101e-12 
d 3.24054806216778e+02 0.000000000e+00 0.000000000e+00 -1.946728724e-07 -2.000000000e+00 -2.000000000e+00 -2.610682938e-13 3.240548062e+02 1.293796959e+02 1.946751103e-07 0.000000000e+00 1.976920695e-01 -1.976920695e-12 
d 3.26039676044858e+02 0.000000000e+00 0.000000000e+00 -1.947778849e-07 -2.000000000e+00 -2.000000000e+00 -2.622953884e-13 3.260396760e+02 1.312595436e+02 1.947801324e-07 0.000000000e+00 1.985237764e-01 -1.985237764e-12 
d 3.28304705117328e+02 0.000000000e+00 0.000000000e+00 -1.948155278e-07 -2.000000000e+00 -2.000000000e+00 -2.627799724e-13 3.283047051e+02 1.334869264e+02 1.948177786e-07 0.000000000e+00 1.988126737e-01 -1.988126737e-12 
d 3.31399440851392e+02 0.000000000e+00 0.000000000e+00 -1.948203165e-07 -2.000000000e+00 -2.000000000e+00 -2.628459639e-13 3.313994409e+02 1.365768730e+02 1.948225679e-07 0.000000000e+00 1.988486141e-01 -1.988486141e-12 
d 3.34046140370613e+02 0.000000000e+00 0.000000000e+00 -1.948221379e-07 -2.000000000e+00 -2.000000000e+00 -2.628675215e-13 3.340461404e+02 1.392217509e+02 1.948243893e-07 0.000000000e+00 1.988629894e-01 -1.988629894e-12 
d 3.35523729442494e+02 0.000000000e+00 0.000000000e+00 -1.948228309e-07 -2.000000000e+00 -2.000000000e+00 -2.628758340e-13 3.355237294e+02 1.406986470e+02 1.948250825e-07 0.000000000e+00 1.988684369e-01 -1.988684369e-12 
d 3.38478907586258e+02 0.000000000e+00 0.000000000e+00 -1.948238919e-07 -2.000000000e+00 -2.000000000e+00 -2.628885215e-13 3.384789076e+02 1.436527640e+02 1.948261436e-07 0.000000000e+00 1.988767821e-01 -1.988767821e-12 
d 3.42032289099693e+02 0.000000000e+00 0.000000000e+00 -1.948248449e-07 -2.000000000e+00 -2.000000000e+00 -2.628997832e-13 3.420322891e+02 1.472051924e+02 1.948270966e-07 0.000000000e+00 1.988843011e-01 -1.988843011e-12 
d 3.44917266002823e+02 0.000000000e+00 0.000000000e+00 -1.948254624e-07 -2.000000000e+00 -2.000000000e+00 -2.629070236e-13 3.449172660e+02 1.500895518e+02 1.948277141e-07 0.000000000e+00 1.988891820e-01 -1.988891820e-12 
d 3.48434037645698e+02 0.000000000e+00 0.000000000e+00 -1.948260911e-07 -2.000000000e+00 -2.000000000e+00 -2.629143571e-13 3.484340376e+02 1.536056947e+02 1.948283429e-07 0.000000000e+00 1.988941579e-01 -1.988941579e-12 
d 3.52142407226590e+02 0.000000000e+00 0.000000000e+00 -1.948266505e-07 -2.000000000e+00 -2.000000000e+00 -2.629208470e-13 3.521424072e+02 1.573135048e+02 1.948289024e-07 0.000000000e+00 1.988985888e-01 -1.988985888e-12 
d 3.56589537055099e+02 0.000000000e+00 0.000000000e+00 -1.948272227e-07 -2.000000000e+00 -2.000000000e+00 -2.629274407e-13 3.565895371e+02 1.617600624e+02 1.948294746e-07 0.000000000e+00 1.989031268e-01 -1.989031268e-12 
d 3.60815701594375e+02 0.000000000e+00 0.000000000e+00 -1.948276927e-07 -2.000000000e+00 -2.000000000e+00 -2.629328264e-13 3.608157016e+02 1.659857569e+02 1.948299447e-07 0.000000000e+00 1.989068574e-01 -1.989068574e-12 
d 3.65540498165328e+02 0.000000000e+00 0.000000000e+00 -1.948281548e-07 -2.000000000e+00 -2.000000000e+00 -2.629380890e-13 3.655404982e+02 1.707100913e+02 1.948304068e-07 0.000000000e+00 1.989105281e-01 -1.989105281e-12 
d 3.70632424560506e+02 0.000000000e+00 0.000000000e+00 -1.948285960e-07 -2.000000000e+00 -2.000000000e+00 -2.629430738e-13 3.706324246e+02 1.758015764e+02 1.948308469e-07 0.000000000e+00 1.989140366e-01 -1.989140366e-12 
d 3.76855352909675e+02 0.000000000e+00 0.000000000e+00 -1.948290754e-07 -2.000000000e+00 -2.000000000e+00 -2.629484258e-13 3.768553529e+02 1.820240254e+02 1.948313275e-07 0.000000000e+00 1.989178547e-01 -1.989178547e-12 
d 3.84650286356647e+02 0.000000000e+00 0.000000000e+00 -1.948296086e-07 -2.000000000e+00 -2.000000000e+00 -2.629542630e-13 3.846502864e+02 1.898184256e+02 1.948318608e-07 0.000000000e+00 1.989221143e-01 -1.989221143e-12 
d 3.91970379734509e+02 0.000000000e+00 0.000000000e+00 -1.948300620e-07 -2.000000000e+00 -2.000000000e+00 -2.629590824e-13 3.919703797e+02 1.971380655e+02 1.948323142e-07 0.000000000e+00 1.989257545e-01 -1.989257545e-12 
d 4.02924711902668e+02 0.000000000e+00 0.000000000e+00 -1.948306947e-07 -2.000000000e+00 -2.000000000e+00 -2.629654223e-13 4.029247119e+02 2.080917650e+02 1.948329469e-07 0.000000000e+00 1.989308834e-01 -1.989308834e-12 
d 4.12118803826257e+02 0.000000000e+00 0.000000000e+00 -1.948312422e-07 -2.000000000e+00 -2.000000000e+00 -2.629701999e-13 4.121188038e+02 2.172853093e+02 1.948334945e-07 0.000000000e+00 1.989354304e-01 -1.989354304e-12 
d 4.21092787208821e+02 0.000000000e+00 0.000000000e+00 -1.948320059e-07 -2.000000000e+00 -2.000000000e+00 -2.629748311e-13 4.210927872e+02 2.262585289e+02 1.948342583e-07 0.000000000e+00 1.989421383e-01 -1.989421383e-12 
d 4.25579778900104e+02 0.000000000e+00 0.000000000e+00 -1.948339272e-07 -2.000000000e+00 -2.000000000e+00 -2.629794319e-13 4.255797789e+02 2.307435991e+02 1.948361798e-07 0.000000000e+00 1.989606573e-01 -1.989606573e-12 
d 4.26701526822924e+02 0.000000000e+00 0.000000000e+00 -1.948418821e-07 -2.000000000e+00 -2.000000000e+00 -2.629922823e-13 4.267015268e+02 2.318573914e+02 1.948441355e-07 0.000000000e+00 1.990397782e-01 -1.990397782e-12 
d 4.27823274745745e+02 0.000000000e+00 0.000000000e+00 -1.948689490e-07 -2.000000000e+00 -2.000000000e+00 -2.630350093e-13 4.278232747e+02 2.329520696e+02 1.948712052e-07 0.000000000e+00 1.993096526e-01 -1.993096526e-12 
d 4.28234236379804e+02 0.000000000e+00 0.000000000e+00 -1.948847513e-07 -2.000000000e+00 -2.000000000e+00 -2.630598388e-13 4.282342364e+02 2.333472273e+02 1.948870091e-07 0.000000000e+00 1.994671600e-01 -1.994671600e-12 
d 4.28645198013863e+02 0.000000000e+00 0.000000000e+00 -1.949049190e-07 -2.000000000e+00 -2.000000000e+00 -2.630915463e-13 4.286451980e+02 2.337380192e+02 1.949071788e-07 0.000000000e+00 1.996681875e-01 -1.996681875e-12 
d 4.29056159647922e+02 0.000000000e+00 0.000000000e+00 -1.949380565e-07 -2.000000000e+00 -2.000000000e+00 -2.631435842e-13 4.290561596e+02 2.341158400e+02 1.949403196e-07 0.000000000e+00 1.999986503e-01 -1.999986503e-12 
d 4.29878082916040e+02 0.000000000e+00 0.000000000e+00 -1.950428646e-07 -2.000000000e+00 -2.000000000e+00 -2.633078998e-13 4.298780829e+02 2.348329446e+02 1.950451384e-07 0.000000000e+00 2.010440982e-01 -2.010440982e-12 
d 4.30571255483912e+02 0.000000000e+00 0.000000000e+00 -1.951772496e-07 -2.000000000e+00 -2.000000000e+00 -2.635186313e-13 4.305712555e+02 2.353917185e+02 1.951795370e-07 0.000000000e+00 2.023855389e-01 -2.023855389e-12 
d 4.31510145735696e+02 0.000000000e+00 0.000000000e+00 -1.954140273e-07 -2.000000000e+00 -2.000000000e+00 -2.638901648e-13 4.315101457e+02 2.360938071e+02 1.954163387e-07 0.000000000e+00 2.047500091e-01 -2.047500091e-12 
d 4.32299809442466e+02 0.000000000e+00 0.000000000e+00 -1.956590726e-07 -2.000000000e+00 -2.000000000e+00 -2.642753466e-13 4.322998094e+02 2.366384006e+02 1.956614088e-07 0.000000000e+00 2.071981712e-01 -2.071981712e-12 
d 4.33542840218587e+02 0.000000000e+00 0.000000000e+00 -1.961470199e-07 -2.000000000e+00 -2.000000000e+00 -2.650444557e-13 4.335428402e+02 2.373934346e+02 1.961494057e-07 0.000000000e+00 2.120746237e-01 -2.120746237e-12 
d 4.35389126974882e+02 0.000000000e+00 0.000000000e+00 -1.971283530e-07 -2.000000000e+00 -2.000000000e+00 -2.665999183e-13 4.353891270e+02 2.382582885e+02 1.971308384e-07 0.000000000e+00 2.218818100e-01 -2.218818100e-12 
d 4.37771581826065e+02 0.000000000e+00 0.000000000e+00 -1.986634839e-07 -2.000000000e+00 -2.000000000e+00 -2.690572003e-13 4.377715818e+02 2.391054567e+02 1.986661252e-07 0.000000000e+00 2.372156407e-01 -2.372156407e-12 
d 4.40217143425044e+02 0.000000000e+00 0.000000000e+00 -2.004195953e-07 -2.000000000e+00 -2.000000000e+00 -2.719055690e-13 4.402171434e+02 2.397947288e+02 2.004224147e-07 0.000000000e+00 2.547427842e-01 -2.547427842e-12 
d 4.43857435371982e+02 0.000000000e+00 0.000000000e+00 -2.032510674e-07 -2.000000000e+00 -2.000000000e+00 -2.765840726e-13 4.438574354e+02 2.406032616e+02 2.032541738e-07 0.000000000e+00 2.829786061e-01 -2.829786061e-12 
d 4.47342582852516e+02 0.000000000e+00 0.000000000e+00 -2.061268295e-07 -2.000000000e+00 -2.000000000e+00 -2.814462195e-13 4.473425829e+02 2.412123555e+02 2.061302273e-07 0.000000000e+00 3.116421105e-01 -3.116421105e-12 
d 4.54312877813583e+02 0.000000000e+00 0.000000000e+00 -2.121409597e-07 -2.000000000e+00 -2.000000000e+00 -2.919754133e-13 4.543128778e+02 2.421679100e+02 2.121449678e-07 0.000000000e+00 3.716129308e-01 -3.716129308e-12 
d 4.65064804809548e+02 0.000000000e+00 0.000000000e+00 -2.217789576e-07 -2.000000000e+00 -2.000000000e+00 -3.097968560e-13 4.650648048e+02 2.432808591e+02 2.217839457e-07 0.000000000e+00 4.678372377e-01 -4.678372377e-12 
d 4.75631337215483e+02 0.000000000e+00 0.000000000e+00 -2.315005730e-07 -2.000000000e+00 -2.000000000e+00 -3.286639933e-13 4.756313372e+02 2.441247911e+02 2.315065461e-07 0.000000000e+00 5.644457389e-01 -5.644457389e-12 
d 4.88178962239890e+02 0.000000000e+00 0.000000000e+00 -2.432102196e-07 -2.000000000e+00 -2.000000000e+00 -3.519380329e-13 4.881789622e+02 2.449616022e+02 2.432173601e-07 0.000000000e+00 6.788508971e-01 -6.788508971e-12 
d 5.04602722409769e+02 0.000000000e+00 0.000000000e+00 -2.586499910e-07 -2.000000000e+00 -2.000000000e+00 -3.827028263e-13 5.046027224e+02 2.459440757e+02 2.586586467e-07 0.000000000e+00 8.273068417e-01 -8.273068417e-12 
d 5.10769831714504e+02 0.000000000e+00 0.000000000e+00 -2.642445578e-07 -2.000000000e+00 -2.000000000e+00 -3.938030030e-13 5.107698317e+02 2.465160400e+02 2.642537917e-07 0.000000000e+00 8.840079225e-01 -8.840079225e-12 
d 5.16936941019238e+02 0.000000000e+00 0.000000000e+00 -2.689778051e-07 -2.000000000e+00 -2.000000000e+00 -4.035122387e-13 5.169369410e+02 2.479491653e+02 2.689877758e-07 0.000000000e+00 9.567131002e-01 -9.567131002e-12 
d 5.19340738142887e+02 0.000000000e+00 0.000000000e+00 -2.701671802e-07 -2.000000000e+00 -2.000000000e+00 -4.083462516e-13 5.193407381e+02 2.491620260e+02 2.701787122e-07 0.000000000e+00 1.112362643e+00 -1.112362643e-11 
d 5.21744535266537e+02 0.000000000e+00 0.000000000e+00 -2.704184672e-07 -2.000000000e+00 -2.000000000e+00 -4.187576926e-13 5.217445353e+02 2.513089817e+02 2.704355536e-07 0.000000000e+00 1.666757185e+00 -1.666757185e-11 
d 5.22528354958157e+02 0.000000000e+00 0.000000000e+00 -2.705037117e-07 -2.000000000e+00 -2.000000000e+00 -4.225690256e-13 5.225283550e+02 2.520055862e+02 2.705227688e-07 0.000000000e+00 1.863448163e+00 -1.863448163e-11 
d 5.24095994341399e+02 0.000000000e+00 0.000000000e+00 -2.706923563e-07 -2.000000000e+00 -2.000000000e+00 -4.308693455e-13 5.240959943e+02 2.533804108e+02 2.707155836e-07 0.000000000e+00 2.279642208e+00 -2.279642208e-11 
d 5.24985010026126e+02 0.000000000e+00 0.000000000e+00 -2.708053037e-07 -2.000000000e+00 -2.000000000e+00 -4.359053739e-13 5.249850100e+02 2.541539909e+02 2.708310191e-07 0.000000000e+00 2.527948942e+00 -2.527948942e-11 
d 5.26763041395580e+02 0.000000000e+00 0.000000000e+00 -2.710387756e-07 -2.000000000e+00 -2.000000000e+00 -4.464863395e-13 5.267630414e+02 2.556934135e+02 2.710696279e-07 0.000000000e+00 3.040582663e+00 -3.040582663e-11 
d 5.29318528187914e+02 0.000000000e+00 0.000000000e+00 -2.713953457e-07 -2.000000000e+00 -2.000000000e+00 -4.627759576e-13 5.293185282e+02 2.578846606e+02 2.714338676e-07 0.000000000e+00 3.805907827e+00 -3.805907827e-11 
d 5.30659768977784e+02 0.000000000e+00 0.000000000e+00 -2.716003814e-07 -2.000000000e+00 -2.000000000e+00 -4.718574150e-13 5.306597690e+02 2.590167288e+02 2.716430401e-07 0.000000000e+00 4.218683809e+00 -4.218683809e-11 
d 5.33342250557524e+02 0.000000000e+00 0.000000000e+00 -2.720466651e-07 -2.000000000e+00 -2.000000000e+00 -4.914348820e-13 5.333422506e+02 2.612443023e+02 2.720979482e-07 0.000000000e+00 5.079166636e+00 -5.079166636e-11 
d 5.34130129816215e+02 0.000000000e+00 0.000000000e+00 -2.721827262e-07 -2.000000000e+00 -2.000000000e+00 -4.975508185e-13 5.341301298e+02 2.618934922e+02 2.722366376e-07 0.000000000e+00 5.341380073e+00 -5.341380073e-11 
d 5.35705888333596e+02 0.000000000e+00 0.000000000e+00 -2.724597973e-07 -2.000000000e+00 -2.000000000e+00 -5.101554838e-13 5.357058883e+02 2.631868550e+02 2.725190333e-07 0.000000000e+00 5.872588778e+00 -5.872588778e-11 
d 5.37281646850978e+02 0.000000000e+00 0.000000000e+00 -2.727507721e-07 -2.000000000e+00 -2.000000000e+00 -5.231223413e-13 5.372816469e+02 2.644662719e+02 2.728153749e-07 0.000000000e+00 6.407969957e+00 -6.407969957e-11 
d 5.38857405368360e+02 0.000000000e+00 0.000000000e+00 -2.730656816e-07 -2.000000000e+00 -2.000000000e+00 -5.362900425e-13 5.388574054e+02 2.657217614e+02 2.731356439e-07 0.000000000e+00 6.942607293e+00 -6.942607293e-11 
d 5.39473570221720e+02 0.000000000e+00 0.000000000e+00 -2.731904667e-07 -2.000000000e+00 -2.000000000e+00 -5.415614631e-13 5.394735702e+02 2.662110278e+02 2.732625424e-07 0.000000000e+00 7.153410270e+00 -7.153410270e-11 
d 5.40089735075081e+02 0.000000000e+00 0.000000000e+00 -2.733159100e-07 -2.000000000e+00 -2.000000000e+00 -5.469073333e-13 5.400897351e+02 2.666996250e+02 2.733901101e-07 0.000000000e+00 7.365322224e+00 -7.365322224e-11 
d 5.40705899928441e+02 0.000000000e+00 0.000000000e+00 -2.734421082e-07 -2.000000000e+00 -2.000000000e+00 -5.523277890e-13 5.407058999e+02 2.671874560e+02 2.735184439e-07 0.000000000e+00 7.578336841e+00 -7.578336841e-11 
d 5.41938229635162e+02 0.000000000e+00 0.000000000e+00 -2.736975319e-07 -2.000000000e+00 -2.000000000e+00 -5.633882205e-13 5.419382296e+02 2.681600584e+02 2.737781712e-07 0.000000000e+00 8.007597441e+00 -8.007597441e-11 
d 5.44402889048604e+02 0.000000000e+00 0.000000000e+00 -2.742504354e-07 -2.000000000e+00 -2.000000000e+00 -5.858600964e-13 5.444028890e+02 2.700631728e+02 2.743397162e-07 0.000000000e+00 8.869495306e+00 -8.869495306e-11 
d 5.45339189372910e+02 0.000000000e+00 0.000000000e+00 -2.744795335e-07 -2.000000000e+00 -2.000000000e+00 -5.944643458e-13 5.453391894e+02 2.707670838e+02 2.745721056e-07 0.000000000e+00 9.197762610e+00 -9.197762610e-11 
d 5.47211790021522e+02 0.000000000e+00 0.000000000e+00 -2.749443218e-07 -2.000000000e+00 -2.000000000e+00 -6.122709006e-13 5.472117900e+02 2.721682121e+02 2.750435779e-07 0.000000000e+00 9.864385950e+00 -9.864385950e-11 
d 5.50956991318746e+02 0.000000000e+00 0.000000000e+00 -2.759117712e-07 -2.000000000e+00 -2.000000000e+00 -6.492541563e-13 5.509569913e+02 2.749324782e+02 2.760245131e-07 0.000000000e+00 1.120927053e+01 -1.120927053e-10 
d 5.53494488779928e+02 0.000000000e+00 0.000000000e+00 -2.766677910e-07 -2.000000000e+00 -2.000000000e+00 -6.731057956e-13 5.534944888e+02 2.767051361e+02 2.767893526e-07 0.000000000e+00 1.208885879e+01 -1.208885879e-10 
d 5.54487352600757e+02 0.000000000e+00 0.000000000e+00 -2.769735533e-07 -2.000000000e+00 -2.000000000e+00 -6.824976175e-13 5.544873526e+02 2.773888016e+02 2.770985510e-07 0.000000000e+00 1.243152307e+01 -1.243152307e-10 
d 5.56473080242414e+02 0.000000000e+00 0.000000000e+00 -2.776229817e-07 -2.000000000e+00 -2.000000000e+00 -7.008394096e-13 5.564730802e+02 2.787183625e+02 2.777547177e-07 0.000000000e+00 1.310352407e+01 -1.310352407e-10 
d 5.58458807884072e+02 0.000000000e+00 0.000000000e+00 -2.783472897e-07 -2.000000000e+00 -2.000000000e+00 -7.178606437e-13 5.584588079e+02 2.799733515e+02 2.784854564e-07 0.000000000e+00 1.374487958e+01 -1.374487958e-10 
d 5.60444535525729e+02 0.000000000e+00 0.000000000e+00 -2.791761049e-07 -2.000000000e+00 -2.000000000e+00 -7.325799597e-13 5.604445355e+02 2.811243019e+02 2.793202336e-07 0.000000000e+00 1.433960907e+01 -1.433960907e-10 
d 5.61518859421847e+02 0.000000000e+00 0.000000000e+00 -2.796275289e-07 -2.000000000e+00 -2.000000000e+00 -7.406541133e-13 5.615188594e+02 2.817439658e+02 2.797748937e-07 0.000000000e+00 1.466240893e+01 -1.466240893e-10 
d 5.62593183317965e+02 0.000000000e+00 0.000000000e+00 -2.800826475e-07 -2.000000000e+00 -2.000000000e+00 -7.487794590e-13 5.625931833e+02 2.823599348e+02 2.802332485e-07 0.000000000e+00 1.498522021e+01 -1.498522021e-10 
d 5.63667507214083e+02 0.000000000e+00 0.000000000e+00 -2.805509646e-07 -2.000000000e+00 -2.000000000e+00 -7.567165972e-13 5.636675072e+02 2.829627563e+02 2.807047509e-07 0.000000000e+00 1.530295818e+01 -1.530295818e-10 
d 5.65626864555973e+02 0.000000000e+00 0.000000000e+00 -2.814337572e-07 -2.000000000e+00 -2.000000000e+00 -7.708613289e-13 5.656268646e+02 2.840336717e+02 2.815931928e-07 0.000000000e+00 1.586647691e+01 -1.586647691e-10 
d 5.66490161349956e+02 0.000000000e+00 0.000000000e+00 -2.818346909e-07 -2.000000000e+00 -2.000000000e+00 -7.769359742e-13 5.664901613e+02 2.844936592e+02 2.819965021e-07 0.000000000e+00 1.610343151e+01 -1.610343151e-10 
d 5.67068870223446e+02 0.000000000e+00 0.000000000e+00 -2.821019445e-07 -2.000000000e+00 -2.000000000e+00 -7.811034667e-13 5.670688702e+02 2.848034868e+02 2.822653835e-07 0.000000000e+00 1.626578846e+01 -1.626578846e-10 
d 5.67647579096937e+02 0.000000000e+00 0.000000000e+00 -2.823675666e-07 -2.000000000e+00 -2.000000000e+00 -7.853586568e-13 5.676475791e+02 2.851149121e+02 2.825326670e-07 0.000000000e+00 1.643150660e+01 -1.643150660e-10 
d 5.68226287970428e+02 0.000000000e+00 0.000000000e+00 -2.826321406e-07 -2.000000000e+00 -2.000000000e+00 -7.896834287e-13 5.682262880e+02 2.854273617e+02 2.827989262e-07 0.000000000e+00 1.659959522e+01 -1.659959522e-10 
d 5.68804996843919e+02 0.000000000e+00 0.000000000e+00 -2.828960355e-07 -2.000000000e+00 -2.000000000e+00 -7.940658871e-13 5.688049968e+02 2.857404729e+02 2.830645239e-07 0.000000000e+00 1.676943650e+01 -1.676943650e-10 
d 5.69386331979816e+02 0.000000000e+00 0.000000000e+00 -2.831606845e-07 -2.000000000e+00 -2.000000000e+00 -7.985183390e-13 5.693863320e+02 2.860554346e+02 2.833308973e-07 0.000000000e+00 1.694142865e+01 -1.694142865e-10 
d 5.70549002251611e+02 0.000000000e+00 0.000000000e+00 -2.836893072e-07 -2.000000000e+00 -2.000000000e+00 -8.075507801e-13 5.705490023e+02 2.866860013e+02 2.838630010e-07 0.000000000e+00 1.728862331e+01 -1.728862331e-10 
d 5.72874342795200e+02 0.000000000e+00 0.000000000e+00 -2.847474452e-07 -2.000000000e+00 -2.000000000e+00 -8.259740912e-13 5.728743428e+02 2.879461519e+02 2.849281909e-07 0.000000000e+00 1.799197421e+01 -1.799197421e-10 
d 5.77525023882378e+02 0.000000000e+00 0.000000000e+00 -2.869373230e-07 -2.000000000e+00 -2.000000000e+00 -8.614679862e-13 5.775250239e+02 2.903929406e+02 2.871320833e-07 0.000000000e+00 1.938988486e+01 -1.938988486e-10 
d 5.85164754801729e+02 0.000000000e+00 0.000000000e+00 -2.916243565e-07 -2.000000000e+00 -2.000000000e+00 -8.911547196e-13 5.851647548e+02 2.933282601e+02 2.918364947e-07 0.000000000e+00 2.112471075e+01 -2.112471075e-10 
d 5.86793751659751e+02 0.000000000e+00 0.000000000e+00 -2.926664458e-07 -2.000000000e+00 -2.000000000e+00 -8.962529764e-13 5.867937517e+02 2.939116332e+02 2.928821184e-07 0.000000000e+00 2.147763359e+01 -2.147763359e-10 
d 5.90051745375795e+02 0.000000000e+00 0.000000000e+00 -2.947929483e-07 -2.000000000e+00 -2.000000000e+00 -9.069764374e-13 5.900517454e+02 2.950362162e+02 2.950155291e-07 0.000000000e+00 2.216739049e+01 -2.216739049e-10 
d 5.96567732807885e+02 0.000000000e+00 0.000000000e+00 -2.992001024e-07 -2.000000000e+00 -2.000000000e+00 -9.335524613e-13 5.965677328e+02 2.971317094e+02 2.994360234e-07 0.000000000e+00 2.349874832e+01 -2.349874832e-10 
d 6.06589176402810e+02 0.000000000e+00 0.000000000e+00 -3.072180806e-07 -2.000000000e+00 -2.000000000e+00 -9.825324467e-13 6.065891764e+02 2.991214813e+02 3.074676951e-07 0.000000000e+00 2.486319455e+01 -2.486319455e-10 
d 6.08729716300533e+02 0.000000000e+00 0.000000000e+00 -3.089644869e-07 -2.000000000e+00 -2.000000000e+00 -9.925931919e-13 6.087297163e+02 2.995127073e+02 3.092170090e-07 0.000000000e+00 2.515295211e+01 -2.515295211e-10 
d 6.13010796095979e+02 0.000000000e+00 0.000000000e+00 -3.124920375e-07 -2.000000000e+00 -2.000000000e+00 -1.012575414e-12 6.130107961e+02 3.002603430e+02 3.127504531e-07 0.000000000e+00 2.574030274e+01 -2.574030274e-10 
d 6.17291875891426e+02 0.000000000e+00 0.000000000e+00 -3.161588753e-07 -2.000000000e+00 -2.000000000e+00 -1.034473082e-12 6.172918759e+02 3.008692069e+02 3.164226689e-07 0.000000000e+00 2.627592086e+01 -2.627592086e-10 
d 6.20325040162799e+02 0.000000000e+00 0.000000000e+00 -3.188934148e-07 -2.000000000e+00 -2.000000000e+00 -1.051661605e-12 6.203250402e+02 3.011645069e+02 3.191605333e-07 0.000000000e+00 2.660667690e+01 -2.660667690e-10 
d 6.23358204434173e+02 0.000000000e+00 0.000000000e+00 -3.218004425e-07 -2.000000000e+00 -2.000000000e+00 -1.070789938e-12 6.233582044e+02 3.012879850e+02 3.220702195e-07 0.000000000e+00 2.687061670e+01 -2.687061670e-10 
d 6.26391368705547e+02 0.000000000e+00 0.000000000e+00 -3.248129141e-07 -2.000000000e+00 -2.000000000e+00 -1.091611391e-12 6.263913687e+02 3.013066601e+02 3.250847086e-07 0.000000000e+00 2.707029006e+01 -2.707029006e-10 
d 6.29424532976921e+02 0.000000000e+00 0.000000000e+00 -3.278997321e-07 -2.000000000e+00 -2.000000000e+00 -1.112372950e-12 6.294245330e+02 3.012512216e+02 3.281733114e-07 0.000000000e+00 2.724668477e+01 -2.724668477e-10 
d 6.35490861519668e+02 0.000000000e+00 0.000000000e+00 -3.346144362e-07 -2.000000000e+00 -2.000000000e+00 -1.151864686e-12 6.354908615e+02 3.005990745e+02 3.348917870e-07 0.000000000e+00 2.761990217e+01 -2.761990217e-10 
d 6.38747001842343e+02 0.000000000e+00 0.000000000e+00 -3.390170234e-07 -2.000000000e+00 -2.000000000e+00 -1.173451898e-12 6.387470018e+02 2.994502114e+02 3.392967905e-07 0.000000000e+00 2.785936433e+01 -2.785936433e-10 
d 6.43399468015256e+02 0.000000000e+00 0.000000000e+00 -3.467763219e-07 -2.000000000e+00 -2.000000000e+00 -1.204821361e-12 6.433994680e+02 2.963394479e+02 3.470600201e-07 0.000000000e+00 2.824934590e+01 -2.824934590e-10 
d 6.45840579433604e+02 0.000000000e+00 0.000000000e+00 -3.506251270e-07 -2.000000000e+00 -2.000000000e+00 -1.218253453e-12 6.458405794e+02 2.949300864e+02 3.509104930e-07 0.000000000e+00 2.841477857e+01 -2.841477857e-10 
d 6.50722802270298e+02 0.000000000e+00 0.000000000e+00 -3.570169525e-07 -2.000000000e+00 -2.000000000e+00 -1.239296625e-12 6.507228023e+02 2.934182238e+02 3.573045785e-07 0.000000000e+00 2.863866889e+01 -2.863866889e-10 
d 6.60487247943688e+02 0.000000000e+00 0.000000000e+00 -3.676641528e-07 -2.000000000e+00 -2.000000000e+00 -1.271301478e-12 6.604872479e+02 2.925324573e+02 3.679547906e-07 0.000000000e+00 2.893665073e+01 -2.893665073e-10 
d 6.80016139290466e+02 0.000000000e+00 0.000000000e+00 -3.863337961e-07 -2.000000000e+00 -2.000000000e+00 -1.313156526e-12 6.800161393e+02 2.933877815e+02 3.866283578e-07 0.000000000e+00 2.932485007e+01 -2.932485007e-10 
d 7.19073921984023e+02 0.000000000e+00 0.000000000e+00 -4.219693478e-07 -2.000000000e+00 -2.000000000e+00 -1.336860137e-12 7.190739220e+02 2.968064941e+02 4.222674279e-07 0.000000000e+00 2.967431567e+01 -2.967431567e-10 
d 7.51366638875773e+02 0.000000000e+00 0.000000000e+00 -4.522136014e-07 -2.000000000e+00 -2.000000000e+00 -1.335042035e-12 7.513666389e+02 2.988537378e+02 4.525129011e-07 0.000000000e+00 2.979645706e+01 -2.979645706e-10 
d 7.83659355767522e+02 0.000000000e+00 0.000000000e+00 -4.830524604e-07 -2.000000000e+00 -2.000000000e+00 -1.329514117e-12 7.836593558e+02 3.003067886e+02 4.833525672e-07 0.000000000e+00 2.987772898e+01 -2.987772898e-10 
d 8.15952072659271e+02 0.000000000e+00 0.000000000e+00 -5.142445096e-07 -2.000000000e+00 -2.000000000e+00 -1.322684862e-12 8.159520727e+02 3.014068333e+02 5.145452393e-07 0.000000000e+00 2.994070345e+01 -2.994070345e-10 
d 8.48244789551020e+02 0.000000000e+00 0.000000000e+00 -5.456793106e-07 -2.000000000e+00 -2.000000000e+00 -1.315238632e-12 8.482447896e+02 3.022642310e+02 5.459805586e-07 0.000000000e+00 2.999327536e+01 -2.999327536e-10 
d 8.80537506442770e+02 0.000000000e+00 0.000000000e+00 -5.772988515e-07 -2.000000000e+00 -2.000000000e+00 -1.307426937e-12 8.805375064e+02 3.029369568e+02 5.776005496e-07 0.000000000e+00 3.003907639e+01 -3.003907639e-10 
d 9.45122940226268e+02 0.000000000e+00 0.000000000e+00 -6.409629431e-07 -2.000000000e+00 -2.000000000e+00 -1.291050346e-12 9.451229402e+02 3.038575313e+02 6.412654090e-07 0.000000000e+00 3.011748029e+01 -3.011748029e-10 
d 1.07429380779327e+03 0.000000000e+00 0.000000000e+00 -7.693003258e-07 -2.000000000e+00 -2.000000000e+00 -1.255749903e-12 1.074293808e+03 3.046897904e+02 7.696040174e-07 0.000000000e+00 3.024358826e+01 -3.024358826e-10 
d 1.33263554292726e+03 0.000000000e+00 0.000000000e+00 -1.027089974e-06 -2.000000000e+00 -2.000000000e+00 -1.175616867e-12 1.332635543e+03 3.052400289e+02 1.027395514e-06 0.000000000e+00 3.043646032e+01 -3.043646032e-10 
d 1.76314168617265e+03 0.000000000e+00 0.000000000e+00 -1.457175550e-06 -2.000000000e+00 -2.000000000e+00 -1.029793146e-12 1.763141686e+03 3.056583030e+02 1.457483383e-06 0.000000000e+00 3.068033406e+01 -3.068033406e-10 
d 2.34027903262392e+03 0.000000000e+00 0.000000000e+00 -2.033935861e-06 -2.000000000e+00 -2.000000000e+00 -8.497495612e-13 2.340279033e+03 3.060329464e+02 2.034246086e-06 0.000000000e+00 3.093751018e+01 -3.093751018e-10 
d 3.19742842618308e+03 0.000000000e+00 0.000000000e+00 -2.890650180e-06 -2.000000000e+00 -2.000000000e+00 -6.310857273e-13 3.197428426e+03 3.064651567e+02 2.890963269e-06 0.000000000e+00 3.124582017e+01 -3.124582017e-10 
d 4.04142097678599e+03 0.000000000e+00 0.000000000e+00 -3.734283960e-06 -2.000000000e+00 -2.000000000e+00 -4.605946933e-13 4.041420977e+03 3.068215609e+02 3.734599416e-06 0.000000000e+00 3.149953608e+01 -3.149953608e-10 
d 5.14058878599045e+03 0.000000000e+00 0.000000000e+00 -4.833043536e-06 -2.000000000e+00 -2.000000000e+00 -3.030155807e-13 5.140588786e+03 3.072271071e+02 4.833361679e-06 0.000000000e+00 3.178401073e+01 -3.178401073e-10 
d 6.40693890120870e+03 0.000000000e+00 0.000000000e+00 -6.098977752e-06 -2.000000000e+00 -2.000000000e+00 -1.972731503e-13 6.406938901e+03 3.076402731e+02 6.099298628e-06 0.000000000e+00 3.206791068e+01 -3.206791068e-10 
d 7.93317003033077e+03 0.000000000e+00 0.000000000e+00 -7.624760763e-06 -2.000000000e+00 -2.000000000e+00 -1.395085918e-13 7.933170030e+03 3.080854610e+02 7.625084569e-06 0.000000000e+00 3.236669584e+01 -3.236669584e-10 
d 1.00582967653618e+04 0.000000000e+00 0.000000000e+00 -9.749331732e-06 -2.000000000e+00 -2.000000000e+00 -1.210080269e-13 1.005829677e+04 3.086376407e+02 9.749659125e-06 0.000000000e+00 3.272718730e+01 -3.272718731e-10 
d 1.26044093029563e+04 0.000000000e+00 0.000000000e+00 -1.229485359e-05 -2.000000000e+00 -2.000000000e+00 -1.385819256e-13 1.260440930e+04 3.092245889e+02 1.229518471e-05 0.000000000e+00 3.309878887e+01 -3.309878887e-10 
d 1.61543070012865e+04 0.000000000e+00 0.000000000e+00 -1.584402489e-05 -2.000000000e+00 -2.000000000e+00 -1.865991711e-13 1.615430700e+04 3.099465180e+02 1.584436048e-05 0.000000000e+00 3.354086599e+01 -3.354086599e-10 
d 2.08300018828871e+04 0.000000000e+00 0.000000000e+00 -2.051888525e-05 -2.000000000e+00 -2.000000000e+00 -2.622117671e-13 2.083000188e+04 3.107760659e+02 2.051922582e-05 0.000000000e+00 3.403028237e+01 -3.403028237e-10 
d 2.68264767032165e+04 0.000000000e+00 0.000000000e+00 -2.651443157e-05 -2.000000000e+00 -2.000000000e+00 -3.659658808e-13 2.682647670e+04 3.116992325e+02 2.651477747e-05 0.000000000e+00 3.455395529e+01 -3.455395529e-10 
d 3.50347184416970e+04 0.000000000e+00 0.000000000e+00 -3.472158044e-05 -2.000000000e+00 -2.000000000e+00 -5.131719211e-13 3.503471844e+04 3.127860353e+02 3.472193241e-05 0.000000000e+00 3.514527192e+01 -3.514527192e-10 
d 4.54646228451391e+04 0.000000000e+00 0.000000000e+00 -4.515030011e-05 -2.000000000e+00 -2.000000000e+00 -7.096750363e-13 4.546462285e+04 3.139644266e+02 4.515065842e-05 0.000000000e+00 3.575944674e+01 -3.575944674e-10 
d 5.92864895738051e+04 0.000000000e+00 0.000000000e+00 -5.897083356e-05 -2.000000000e+00 -2.000000000e+00 -9.871753451e-13 5.928648957e+04 3.152908149e+02 5.897119876e-05 0.000000000e+00 3.642161225e+01 -3.642161225e-10 
d 7.81703663485084e+04 0.000000000e+00 0.000000000e+00 -7.785317290e-05 -2.000000000e+00 -2.000000000e+00 -1.374433694e-12 7.817036635e+04 3.168205584e+02 7.785354579e-05 0.000000000e+00 3.715118036e+01 -3.715118036e-10 
d 1.00301556719827e+05 0.000000000e+00 0.000000000e+00 -9.998283655e-05 -2.000000000e+00 -2.000000000e+00 -1.761099522e-12 1.003015567e+05 3.183399631e+02 9.998321676e-05 0.000000000e+00 3.784497201e+01 -3.784497201e-10 
d 1.23510045937101e+05 0.000000000e+00 0.000000000e+00 -1.231899514e-04 -2.000000000e+00 -2.000000000e+00 -2.005471538e-12 1.235100459e+05 3.197080210e+02 1.231903379e-04 0.000000000e+00 3.845154038e+01 -3.845154038e-10 
d 1.49994486944071e+05 0.000000000e+00 0.000000000e+00 -1.496730298e-04 -2.000000000e+00 -2.000000000e+00 -2.138737259e-12 1.499944869e+05 3.210646399e+02 1.496734223e-04 0.000000000e+00 3.904134481e+01 -3.904134481e-10 
d 1.80030487349314e+05 0.000000000e+00 0.000000000e+00 -1.797076881e-04 -2.000000000e+00 -2.000000000e+00 -2.263332123e-12 1.800304873e+05 3.224008278e+02 1.797080865e-04 0.000000000e+00 3.961764794e+01 -3.961764794e-10 
d 1.90771903836900e+05 0.000000000e+00 0.000000000e+00 -1.904486671e-04 -2.000000000e+00 -2.000000000e+00 -2.229887686e-12 1.907719038e+05 3.228364567e+02 1.904490674e-04 0.000000000e+00 3.980540944e+01 -3.980540944e-10 
d 2.05537190422800e+05 0.000000000e+00 0.000000000e+00 -2.052133825e-04 -2.000000000e+00 -2.000000000e+00 -2.130870183e-12 2.055371904e+05 3.234052935e+02 2.052137851e-04 0.000000000e+00 4.005051626e+01 -4.005051626e-10 
d 2.14993996563782e+05 0.000000000e+00 0.000000000e+00 -2.146698388e-04 -2.000000000e+00 -2.000000000e+00 -1.993676013e-12 2.149939966e+05 3.237537745e+02 2.146702428e-04 0.000000000e+00 4.020041609e+01 -4.020041609e-10 
d 2.31859475590695e+05 0.000000000e+00 0.000000000e+00 -2.315347182e-04 -2.000000000e+00 -2.000000000e+00 -1.476581962e-12 2.318594756e+05 3.243513901e+02 2.315351242e-04 0.000000000e+00 4.045557755e+01 -4.045557755e-10 
d 2.65590433644519e+05 0.000000000e+00 0.000000000e+00 -2.652645633e-04 -2.000000000e+00 -2.000000000e+00 -5.659381837e-13 2.655904336e+05 3.254605187e+02 2.652649731e-04 0.000000000e+00 4.092607018e+01 -4.092607018e-10 
d 2.78460276864977e+05 0.000000000e+00 0.000000000e+00 -2.781340112e-04 -2.000000000e+00 -2.000000000e+00 -4.026555817e-13 2.784602769e+05 3.258542811e+02 2.781344226e-04 0.000000000e+00 4.109367180e+01 -4.109367180e-10 
d 2.91330120085435e+05 0.000000000e+00 0.000000000e+00 -2.910034741e-04 -2.000000000e+00 -2.000000000e+00 -2.971602062e-13 2.913301201e+05 3.262330955e+02 2.910038870e-04 0.000000000e+00 4.125556058e+01 -4.125556058e-10 
d 2.94070254210422e+05 0.000000000e+00 0.000000000e+00 -2.937435288e-04 -2.000000000e+00 -2.000000000e+00 -2.773556449e-13 2.940702542e+05 3.263122357e+02 2.937439420e-04 0.000000000e+00 4.128933549e+01 -4.128933549e-10 
d 2.96810388335409e+05 0.000000000e+00 0.000000000e+00 -2.964835840e-04 -2.000000000e+00 -2.000000000e+00 -2.583829609e-13 2.968103883e+05 3.263908741e+02 2.964839975e-04 0.000000000e+00 4.132287655e+01 -4.132287655e-10 
d 2.99550522460396e+05 0.000000000e+00 0.000000000e+00 -2.992236396e-04 -2.000000000e+00 -2.000000000e+00 -2.402288069e-13 2.995505225e+05 3.264690202e+02 2.992240534e-04 0.000000000e+00 4.135618779e+01 -4.135618779e-10 
d 3.05030790710370e+05 0.000000000e+00 0.000000000e+00 -3.047037524e-04 -2.000000000e+00 -2.000000000e+00 -2.063487603e-13 3.050307907e+05 3.266238671e+02 3.047041668e-04 0.000000000e+00 4.142213642e+01 -4.142213642e-10 
d 3.15991327210318e+05 0.000000000e+00 0.000000000e+00 -3.156639836e-04 -2.000000000e+00 -2.000000000e+00 -1.484173435e-13 3.159913272e+05 3.269279359e+02 3.156643993e-04 0.000000000e+00 4.155144225e+01 -4.155144225e-10 
d 3.37912400210213e+05 0.000000000e+00 0.000000000e+00 -3.375844692e-04 -2.000000000e+00 -2.000000000e+00 -7.892198011e-14 3.379124002e+05 3.275129694e+02 3.375848872e-04 0.000000000e+00 4.180044962e+01 -4.180044962e-10 
d 3.48872936710161e+05 0.000000000e+00 0.000000000e+00 -3.485447244e-04 -2.000000000e+00 -2.000000000e+00 -6.151900871e-14 3.488729367e+05 3.277930639e+02 3.485451436e-04 0.000000000e+00 4.192054207e+01 -4.192054207e-10 
d 3.59833473210109e+05 0.000000000e+00 0.000000000e+00 -3.595049860e-04 -2.000000000e+00 -2.000000000e+00 -4.644510736e-14 3.598334732e+05 3.280667851e+02 3.595054064e-04 0.000000000e+00 4.203792041e+01 -4.203792041e-10 
d 3.67404455472582e+05 0.000000000e+00 0.000000000e+00 -3.670757816e-04 -2.000000000e+00 -2.000000000e+00 -3.775960649e-14 3.674044555e+05 3.282526675e+02 3.670762028e-04 0.000000000e+00 4.211749469e+01 -4.211749469e-10 
d 3.74975437735056e+05 0.000000000e+00 0.000000000e+00 -3.746465798e-04 -2.000000000e+00 -2.000000000e+00 -3.051571269e-14 3.749754377e+05 3.284359359e+02 3.746470018e-04 0.000000000e+00 4.219589385e+01 -4.219589385e-10 
d 3.82546419997529e+05 0.000000000e+00 0.000000000e+00 -3.822173807e-04 -2.000000000e+00 -2.000000000e+00 -2.476802054e-14 3.825464200e+05 3.286164969e+02 3.822178035e-04 0.000000000e+00 4.227316226e+01 -4.227316226e-10 
d 3.97688384522476e+05 0.000000000e+00 0.000000000e+00 -3.973589910e-04 -2.000000000e+00 -2.000000000e+00 -1.743997138e-14 3.976883845e+05 3.289692258e+02 3.973594153e-04 0.000000000e+00 4.242447143e+01 -4.242447143e-10 
d 4.24255189090314e+05 0.000000000e+00 0.000000000e+00 -4.239251981e-04 -2.000000000e+00 -2.000000000e+00 -9.601094075e-15 4.242551891e+05 3.295641922e+02 4.239256249e-04 0.000000000e+00 4.268031396e+01 -4.268031396e-10 
d 4.33057508726497e+05 0.000000000e+00 0.000000000e+00 -4.327273255e-04 -2.000000000e+00 -2.000000000e+00 -7.849032573e-15 4.330575087e+05 3.297555804e+02 4.327277531e-04 0.000000000e+00 4.276257424e+01 -4.276257424e-10 
d 4.50662147998862e+05 0.000000000e+00 0.000000000e+00 -4.503315888e-04 -2.000000000e+00 -2.000000000e+00 -5.547628357e-15 4.506621480e+05 3.301299797e+02 4.503320180e-04 0.000000000e+00 4.292362915e+01 -4.292362915e-10 
d 4.72447911078707e+05 0.000000000e+00 0.000000000e+00 -4.721169010e-04 -2.000000000e+00 -2.000000000e+00 -3.871202404e-15 4.724479111e+05 3.305789548e+02 4.721173321e-04 0.000000000e+00 4.311694939e+01 -4.311694939e-10 
d 4.94284662901362e+05 0.000000000e+00 0.000000000e+00 -4.939532156e-04 -2.000000000e+00 -2.000000000e+00 -2.799830543e-15 4.942846629e+05 3.310142322e+02 4.939536487e-04 0.000000000e+00 4.330459995e+01 -4.330459995e-10 
d 5.20818293460956e+05 0.000000000e+00 0.000000000e+00 -5.204863348e-04 -2.000000000e+00 -2.000000000e+00 -2.136382450e-15 5.208182935e+05 3.315234071e+02 5.204867701e-04 0.000000000e+00 4.352507342e+01 -4.352507342e-10 
d 5.60778106745684e+05 0.000000000e+00 0.000000000e+00 -5.604454189e-04 -2.000000000e+00 -2.000000000e+00 -1.635444883e-15 5.607781067e+05 3.322493730e+02 5.604458574e-04 0.000000000e+00 4.384308415e+01 -4.384308415e-10 
d 6.04868617399166e+05 0.000000000e+00 0.000000000e+00 -6.045351808e-04 -2.000000000e+00 -2.000000000e+00 -1.412368131e-15 6.048686174e+05 3.329948421e+02 6.045356226e-04 0.000000000e+00 4.417672462e+01 -4.417672462e-10 
d 6.61336615049788e+05 0.000000000e+00 0.000000000e+00 -6.610022982e-04 -2.000000000e+00 -2.000000000e+00 -1.350998068e-15 6.613366150e+05 3.338710592e+02 6.610027440e-04 0.000000000e+00 4.458124129e+01 -4.458124129e-10 
d 7.27578402477002e+05 0.000000000e+00 0.000000000e+00 -7.272431547e-04 -2.000000000e+00 -2.000000000e+00 -1.379871550e-15 7.275784025e+05 3.347974771e+02 7.272436050e-04 0.000000000e+00 4.502795595e+01 -4.502795595e-10 
d 8.38913271910011e+05 0.000000000e+00 0.000000000e+00 -8.385766712e-04 -2.000000000e+00 -2.000000000e+00 -1.571550247e-15 8.389132719e+05 3.361435250e+02 8.385771284e-04 0.000000000e+00 4.572325344e+01 -4.572325344e-10 
d 9.67386547871546e+05 0.000000000e+00 0.000000000e+00 -9.670486313e-04 -2.000000000e+00 -2.000000000e+00 -1.903968569e-15 9.673865479e+05 3.374520409e+02 9.670490958e-04 0.000000000e+00 4.645685269e+01 -4.645685269e-10 
d 1.09886970081862e+06 0.000000000e+00 0.000000000e+00 -1.098530627e-03 -2.000000000e+00 -2.000000000e+00 -2.328700736e-15 1.098869701e+06 3.386019688e+02 1.098531099e-03 0.000000000e+00 4.714819631e+01 -4.714819631e-10 
d 1.25926659128535e+06 0.000000000e+00 0.000000000e+00 -1.258926298e-03 -2.000000000e+00 -2.000000000e+00 -2.948128472e-15 1.259266591e+06 3.398137494e+02 1.258926778e-03 0.000000000e+00 4.792775488e+01 -4.792775488e-10 
d 1.46942583232014e+06 0.000000000e+00 0.000000000e+00 -1.469084184e-03 -2.000000000e+00 -2.000000000e+00 -3.905984933e-15 1.469425832e+06 3.411597454e+02 1.469084673e-03 0.000000000e+00 4.886626201e+01 -4.886626201e-10 
d 1.58410114488030e+06 0.000000000e+00 0.000000000e+00 -1.583758826e-03 -2.000000000e+00 -2.000000000e+00 -4.493473188e-15 1.584101145e+06 3.418256621e+02 1.583759319e-03 0.000000000e+00 4.934632883e+01 -4.934632883e-10 
d 1.81345177000060e+06 0.000000000e+00 0.000000000e+00 -1.813108196e-03 -2.000000000e+00 -2.000000000e+00 -5.803455869e-15 1.813451770e+06 3.430718630e+02 1.813108698e-03 0.000000000e+00 5.025166239e+01 -5.025166239e-10 
d 2.15756880609080e+06 0.000000000e+00 0.000000000e+00 -2.157223481e-03 -2.000000000e+00 -2.000000000e+00 -8.111799822e-15 2.157568806e+06 3.448099061e+02 2.157223996e-03 0.000000000e+00 5.150072116e+01 -5.150072116e-10 
d 2.33158562418020e+06 0.000000000e+00 0.000000000e+00 -2.331239446e-03 -2.000000000e+00 -2.000000000e+00 -9.435414003e-15 2.331585624e+06 3.456570716e+02 2.331239967e-03 0.000000000e+00 5.209227314e+01 -5.209227313e-10 
d 2.67961926035900e+06 0.000000000e+00 0.000000000e+00 -2.679271406e-03 -2.000000000e+00 -2.000000000e+00 -1.238152512e-14 2.679619260e+06 3.473222914e+02 2.679271938e-03 0.000000000e+00 5.321018918e+01 -5.321018918e-10 
d 2.89194311822562e+06 0.000000000e+00 0.000000000e+00 -2.891594263e-03 -2.000000000e+00 -2.000000000e+00 -1.436758831e-14 2.891943118e+06 3.483164122e+02 2.891594802e-03 0.000000000e+00 5.385577252e+01 -5.385577253e-10 
d 3.31659083395887e+06 0.000000000e+00 0.000000000e+00 -3.316239991e-03 -2.000000000e+00 -2.000000000e+00 -1.877205006e-14 3.316590834e+06 3.502920764e+02 3.316240542e-03 0.000000000e+00 5.507836289e+01 -5.507836289e-10 
d 3.73712563807531e+06 0.000000000e+00 0.000000000e+00 -3.736772814e-03 -2.000000000e+00 -2.000000000e+00 -2.373847376e-14 3.737125638e+06 3.522621364e+02 3.736773376e-03 0.000000000e+00 5.621374735e+01 -5.621374734e-10 
d 4.12228373084634e+06 0.000000000e+00 0.000000000e+00 -4.121929079e-03 -2.000000000e+00 -2.000000000e+00 -2.886784973e-14 4.122283731e+06 3.540799743e+02 4.121929651e-03 0.000000000e+00 5.719922726e+01 -5.719922726e-10 
d 4.72949174233158e+06 0.000000000e+00 0.000000000e+00 -4.729134193e-03 -2.000000000e+00 -2.000000000e+00 -3.821722970e-14 4.729491742e+06 3.569624338e+02 4.729134780e-03 0.000000000e+00 5.866508605e+01 -5.866508605e-10 
d 5.10472711122718e+06 0.000000000e+00 0.000000000e+00 -5.104367772e-03 -2.000000000e+00 -2.000000000e+00 -4.485607988e-14 5.104727111e+06 3.587439704e+02 5.104368367e-03 0.000000000e+00 5.952506770e+01 -5.952506770e-10 
d 5.85519784901836e+06 0.000000000e+00 0.000000000e+00 -5.854834966e-03 -2.000000000e+00 -2.000000000e+00 -6.041018237e-14 5.855197849e+06 3.622715332e+02 5.854835577e-03 0.000000000e+00 6.115740267e+01 -6.115740268e-10 
d 5.97822803331991e+06 0.000000000e+00 0.000000000e+00 -5.977864572e-03 -2.000000000e+00 -2.000000000e+00 -6.328082046e-14 5.978228033e+06 3.628466815e+02 5.977865187e-03 0.000000000e+00 6.141513800e+01 -6.141513799e-10 
d 6.00898557939530e+06 0.000000000e+00 0.000000000e+00 -6.008621974e-03 -2.000000000e+00 -2.000000000e+00 -6.401366253e-14 6.008985579e+06 3.629903313e+02 6.008622589e-03 0.000000000e+00 6.147917243e+01 -6.147917243e-10 
d 6.02436435243300e+06 0.000000000e+00 0.000000000e+00 -6.024000675e-03 -2.000000000e+00 -2.000000000e+00 -6.438251691e-14 6.024364352e+06 3.630621344e+02 6.024001290e-03 0.000000000e+00 6.151113060e+01 -6.151113059e-10 
d 6.03205373895184e+06 0.000000000e+00 0.000000000e+00 -6.031690026e-03 -2.000000000e+00 -2.000000000e+00 -6.456798892e-14 6.032053739e+06 3.630980305e+02 6.031690641e-03 0.000000000e+00 6.152709499e+01 -6.152709498e-10 
d 6.03589843221126e+06 0.000000000e+00 0.000000000e+00 -6.035534701e-03 -2.000000000e+00 -2.000000000e+00 -6.466284359e-14 6.035898432e+06 3.631159771e+02 6.035535316e-03 0.000000000e+00 6.153507352e+01 -6.153507351e-10 
d 6.03782077884098e+06 0.000000000e+00 0.000000000e+00 -6.037457038e-03 -2.000000000e+00 -2.000000000e+00 -6.472437272e-14 6.037820779e+06 3.631249503e+02 6.037457654e-03 0.000000000e+00 6.153906187e+01 -6.153906188e-10 
d 6.03974312547069e+06 0.000000000e+00 0.000000000e+00 -6.039379376e-03 -2.000000000e+00 -2.000000000e+00 -6.480259281e-14 6.039743125e+06 3.631339235e+02 6.039379992e-03 0.000000000e+00 6.154304961e+01 -6.154304962e-10 
d 6.04166547210040e+06 0.000000000e+00 0.000000000e+00 -6.041301714e-03 -2.000000000e+00 -2.000000000e+00 -6.488205242e-14 6.041665472e+06 3.631428965e+02 6.041302329e-03 0.000000000e+00 6.154703675e+01 -6.154703674e-10 
d 6.04358781873011e+06 0.000000000e+00 0.000000000e+00 -6.043224051e-03 -2.000000000e+00 -2.000000000e+00 -6.496128193e-14 6.043587819e+06 3.631518693e+02 6.043224667e-03 0.000000000e+00 6.155102327e+01 -6.155102326e-10 
d 6.04551016535982e+06 0.000000000e+00 0.000000000e+00 -6.045146389e-03 -2.000000000e+00 -2.000000000e+00 -6.504007116e-14 6.045510165e+06 3.631608418e+02 6.045147005e-03 0.000000000e+00 6.155500918e+01 -6.155500918e-10 
d 6.04935485861925e+06 0.000000000e+00 0.000000000e+00 -6.048991064e-03 -2.000000000e+00 -2.000000000e+00 -6.519608837e-14 6.049354859e+06 3.631787862e+02 6.048991680e-03 0.000000000e+00 6.156297919e+01 -6.156297919e-10 
d 6.05704424513809e+06 0.000000000e+00 0.000000000e+00 -6.056680415e-03 -2.000000000e+00 -2.000000000e+00 -6.550138110e-14 6.057044245e+06 3.632146723e+02 6.056681030e-03 0.000000000e+00 6.157891190e+01 -6.157891190e-10 
d 6.07242301817579e+06 0.000000000e+00 0.000000000e+00 -6.072059116e-03 -2.000000000e+00 -2.000000000e+00 -6.608761959e-14 6.072423018e+06 3.632864331e+02 6.072059732e-03 0.000000000e+00 6.161074822e+01 -6.161074821e-10 
d 6.10318056425118e+06 0.000000000e+00 0.000000000e+00 -6.102816518e-03 -2.000000000e+00 -2.000000000e+00 -6.721996472e-14 6.103180564e+06 3.634299088e+02 6.102817134e-03 0.000000000e+00 6.167430494e+01 -6.167430494e-10 
d 6.16469565640195e+06 0.000000000e+00 0.000000000e+00 -6.164331322e-03 -2.000000000e+00 -2.000000000e+00 -6.950823204e-14 6.164695656e+06 3.637166685e+02 6.164331940e-03 0.000000000e+00 6.180095884e+01 -6.180095885e-10 
d 6.28772584070350e+06 0.000000000e+00 0.000000000e+00 -6.287360931e-03 -2.000000000e+00 -2.000000000e+00 -7.426598002e-14 6.287725841e+06 3.642893733e+02 6.287361551e-03 0.000000000e+00 6.205246029e+01 -6.205246029e-10 
d 6.53378620930660e+06 0.000000000e+00 0.000000000e+00 -6.533420153e-03 -2.000000000e+00 -2.000000000e+00 -8.445992914e-14 6.533786209e+06 3.654311628e+02 6.533420778e-03 0.000000000e+00 6.254847794e+01 -6.254847795e-10 
d 7.02590694651280e+06 0.000000000e+00 0.000000000e+00 -7.025538614e-03 -2.000000000e+00 -2.000000000e+00 -1.072430474e-13 7.025906947e+06 3.676975794e+02 7.025539249e-03 0.000000000e+00 6.351430278e+01 -6.351430278e-10 
d 7.96329818767868e+06 0.000000000e+00 0.000000000e+00 -7.962925599e-03 -2.000000000e+00 -2.000000000e+00 -1.585974068e-13 7.963298188e+06 3.719354791e+02 7.962926252e-03 0.000000000e+00 6.526796810e+01 -6.526796811e-10 
d 8.52111409025538e+06 0.000000000e+00 0.000000000e+00 -8.520739028e-03 -2.000000000e+00 -2.000000000e+00 -1.947181670e-13 8.521114090e+06 3.743989538e+02 8.520739691e-03 0.000000000e+00 6.626460491e+01 -6.626460490e-10 
d 9.53704738946773e+06 0.000000000e+00 0.000000000e+00 -9.536667959e-03 -2.000000000e+00 -2.000000000e+00 -2.729063633e-13 9.537047389e+06 3.787505902e+02 9.536668639e-03 0.000000000e+00 6.800261486e+01 -6.800261486e-10 
d 1.00405077788890e+07 0.000000000e+00 0.000000000e+00 -1.004012625e-02 -2.000000000e+00 -2.000000000e+00 -3.185438032e-13 1.004050778e+07 3.808395846e+02 1.004012694e-02 0.000000000e+00 6.883107268e+01 -6.883107269e-10 
