v ATLAS
# This file was created by ATLAS version 5.26.1.R on Wed Apr 18 01:04:59 2018.
#SSF 2.0 generic
##############################################################################
#                    Copyright (c) 1984 - 2018                               #
#                    Silvaco Inc. All rights reserved                        #
#                                                                            #
# This file format and the following Key are copyright Silvaco Inc.          #
# You may not use, this format or key without reproducing this message in    #
# full and obtaining express written permission from Silvaco Inc.            #
#                                                                            #
# To obtain such permission please contact: Silvaco Inc.                     #
#                                           support@silvaco.com              #
#                                                                            #
# KEY=SVC86hn7562asdx                       PROD=345                         #
##############################################################################
y 3 700 711 15
z 3 0.00123077 300
f 4 "source" "gate" "drain" "substrate" 
p 13 61 2 601 20 3 602 21 4 603 22 5 604 23 
d 2.50000000000000e+01 0.000000000e+00 0.000000000e+00 -2.495207691e-08 -2.000000000e+00 -2.000000000e+00 -5.011838386e-18 2.500000000e+01 4.792308705e-02 2.495207691e-08 0.000000000e+00 1.424939167e-07 -1.424939167e-18 
d 3.35411238421881e+01 0.000000000e+00 0.000000000e+00 -3.344633880e-08 -2.000000000e+00 -2.000000000e+00 -7.475002025e-18 3.354112384e+01 9.478503057e-02 3.344633881e-08 0.000000000e+00 3.959858786e-07 -3.959858786e-18 
d 3.78116857632822e+01 0.000000000e+00 0.000000000e+00 -3.759629551e-08 -2.000000000e+00 -2.000000000e+00 -1.710636279e-17 3.781168576e+01 2.153902069e-01 3.759629556e-08 0.000000000e+00 2.518818841e-06 -2.518818841e-17 
d 4.17289943752553e+01 0.000000000e+00 0.000000000e+00 -4.099969792e-08 -2.000000000e+00 -2.000000000e+00 -2.335079972e-17 4.172899438e+01 7.292963713e-01 4.099969800e-08 0.000000000e+00 6.466516945e-06 -6.466516945e-17 
d 4.25183222309593e+01 0.000000000e+00 0.000000000e+00 -4.166865487e-08 -2.000000000e+00 -2.000000000e+00 -2.350808889e-17 4.251832223e+01 8.496672691e-01 4.166865496e-08 0.000000000e+00 6.371155942e-06 -6.371155942e-17 
d 4.33076500866633e+01 0.000000000e+00 0.000000000e+00 -4.233503972e-08 -2.000000000e+00 -2.000000000e+00 -2.376341347e-17 4.330765009e+01 9.726102748e-01 4.233503981e-08 0.000000000e+00 6.483528934e-06 -6.483528934e-17 
d 4.40969779423673e+01 0.000000000e+00 0.000000000e+00 -4.299928066e-08 -2.000000000e+00 -2.000000000e+00 -2.397532536e-17 4.409697794e+01 1.097697193e+00 4.299928075e-08 0.000000000e+00 6.568297623e-06 -6.568297623e-17 
d 4.56756336537753e+01 0.000000000e+00 0.000000000e+00 -4.432288529e-08 -2.000000000e+00 -2.000000000e+00 -2.429089474e-17 4.567563365e+01 1.352748271e+00 4.432288538e-08 0.000000000e+00 6.690557876e-06 -6.690557876e-17 
d 4.73820098183761e+01 0.000000000e+00 0.000000000e+00 -4.574828340e-08 -2.000000000e+00 -2.000000000e+00 -2.439152789e-17 4.738200982e+01 1.633726323e+00 4.574828350e-08 0.000000000e+00 6.768146910e-06 -6.768146910e-17 
d 5.03897956674146e+01 0.000000000e+00 0.000000000e+00 -4.825319553e-08 -2.000000000e+00 -2.000000000e+00 -2.420563394e-17 5.038979567e+01 2.136600042e+00 4.825319563e-08 0.000000000e+00 6.818088231e-06 -6.818088231e-17 
d 5.24865475875892e+01 0.000000000e+00 0.000000000e+00 -4.999729037e-08 -2.000000000e+00 -2.000000000e+00 -2.403190758e-17 5.248654759e+01 2.489257124e+00 4.999729046e-08 0.000000000e+00 6.797913849e-06 -6.797913849e-17 
d 5.52921363419561e+01 0.000000000e+00 0.000000000e+00 -5.233185628e-08 -2.000000000e+00 -2.000000000e+00 -2.383303964e-17 5.529213634e+01 2.960279975e+00 5.233185637e-08 0.000000000e+00 6.734280398e-06 -6.734280398e-17 
d 5.80087506622168e+01 0.000000000e+00 0.000000000e+00 -5.459558888e-08 -2.000000000e+00 -2.000000000e+00 -2.359940606e-17 5.800875066e+01 3.413161690e+00 5.459558897e-08 0.000000000e+00 6.639966440e-06 -6.639966440e-17 
d 6.19391457821625e+01 0.000000000e+00 0.000000000e+00 -5.787979743e-08 -2.000000000e+00 -2.000000000e+00 -2.308168528e-17 6.193914578e+01 4.059348265e+00 5.787979752e-08 0.000000000e+00 6.468062194e-06 -6.468062194e-17 
d 6.51175874679623e+01 0.000000000e+00 0.000000000e+00 -6.054599560e-08 -2.000000000e+00 -2.000000000e+00 -2.254449404e-17 6.511758747e+01 4.571591786e+00 6.054599568e-08 0.000000000e+00 6.301494325e-06 -6.301494325e-17 
d 6.87919813269805e+01 0.000000000e+00 0.000000000e+00 -6.364164058e-08 -2.000000000e+00 -2.000000000e+00 -2.188476868e-17 6.879198133e+01 5.150340660e+00 6.364164067e-08 0.000000000e+00 6.095316045e-06 -6.095316045e-17 
d 7.28315931656351e+01 0.000000000e+00 0.000000000e+00 -6.706240835e-08 -2.000000000e+00 -2.000000000e+00 -2.115382842e-17 7.283159317e+01 5.769184734e+00 6.706240843e-08 0.000000000e+00 5.869118229e-06 -5.869118229e-17 
d 7.83869917048609e+01 0.000000000e+00 0.000000000e+00 -7.179588089e-08 -2.000000000e+00 -2.000000000e+00 -2.024505611e-17 7.838699170e+01 6.591110735e+00 7.179588098e-08 0.000000000e+00 5.584633797e-06 -5.584633797e-17 
d 8.31971511988472e+01 0.000000000e+00 0.000000000e+00 -7.591934518e-08 -2.000000000e+00 -2.000000000e+00 -1.958441632e-17 8.319715120e+01 7.277805946e+00 7.591934525e-08 0.000000000e+00 5.375301924e-06 -5.375301924e-17 
d 8.86842812895208e+01 0.000000000e+00 0.000000000e+00 -8.064760503e-08 -2.000000000e+00 -2.000000000e+00 -1.893674777e-17 8.868428129e+01 8.036676187e+00 8.064760510e-08 0.000000000e+00 5.173352807e-06 -5.173352807e-17 
d 9.51868838679126e+01 0.000000000e+00 0.000000000e+00 -8.627907603e-08 -2.000000000e+00 -2.000000000e+00 -1.829127483e-17 9.518688387e+01 8.907807768e+00 8.627907611e-08 0.000000000e+00 4.977657191e-06 -4.977657191e-17 
d 1.03503113650332e+02 0.000000000e+00 0.000000000e+00 -9.351716230e-08 -2.000000000e+00 -2.000000000e+00 -1.761116727e-17 1.035031137e+02 9.985951283e+00 9.351716237e-08 0.000000000e+00 4.777886189e-06 -4.777886189e-17 
d 1.10995683459780e+02 0.000000000e+00 0.000000000e+00 -1.000666386e-07 -2.000000000e+00 -2.000000000e+00 -1.709388668e-17 1.109956835e+02 1.092904478e+01 1.000666387e-07 0.000000000e+00 4.630718758e-06 -4.630718758e-17 
d 1.19264784443082e+02 0.000000000e+00 0.000000000e+00 -1.073213325e-07 -2.000000000e+00 -2.000000000e+00 -1.658928667e-17 1.192647844e+02 1.194345187e+01 1.073213326e-07 0.000000000e+00 4.486406158e-06 -4.486406158e-17 
d 1.29620569681393e+02 0.000000000e+00 0.000000000e+00 -1.164392392e-07 -2.000000000e+00 -2.000000000e+00 -1.610870652e-17 1.296205697e+02 1.318133039e+01 1.164392393e-07 0.000000000e+00 4.345202911e-06 -4.345202911e-17 
d 1.41921234268281e+02 0.000000000e+00 0.000000000e+00 -1.271242795e-07 -2.000000000e+00 -2.000000000e+00 -2.060812021e-17 1.419212343e+02 1.479695466e+01 1.271242796e-07 0.000000000e+00 6.664979895e-06 -6.664979895e-17 
d 1.46935666315745e+02 0.000000000e+00 0.000000000e+00 -1.309655034e-07 -2.000000000e+00 -2.000000000e+00 -4.037099833e-17 1.469356663e+02 1.597016273e+01 1.309655036e-07 0.000000000e+00 1.476009502e-05 -1.476009502e-16 
d 1.47778772424447e+02 0.000000000e+00 0.000000000e+00 -1.314968421e-07 -2.000000000e+00 -2.000000000e+00 -4.754013933e-17 1.477787724e+02 1.628193007e+01 1.314968423e-07 0.000000000e+00 1.635593780e-05 -1.635593780e-16 
d 1.48333334563011e+02 0.000000000e+00 0.000000000e+00 -1.318273564e-07 -2.000000000e+00 -2.000000000e+00 -5.036871186e-17 1.483333346e+02 1.650597794e+01 1.318273566e-07 0.000000000e+00 1.746813589e-05 -1.746813589e-16 
d 1.48887896701575e+02 0.000000000e+00 0.000000000e+00 -1.321443272e-07 -2.000000000e+00 -2.000000000e+00 -5.306044559e-17 1.488878967e+02 1.674356925e+01 1.321443274e-07 0.000000000e+00 1.853152052e-05 -1.853152052e-16 
d 1.49442458840140e+02 0.000000000e+00 0.000000000e+00 -1.324485829e-07 -2.000000000e+00 -2.000000000e+00 -5.555046534e-17 1.494424588e+02 1.699387566e+01 1.324485832e-07 0.000000000e+00 1.953442062e-05 -1.953442062e-16 
d 1.49978394889694e+02 0.000000000e+00 0.000000000e+00 -1.327313474e-07 -2.000000000e+00 -2.000000000e+00 -5.772862527e-17 1.499783949e+02 1.724704727e+01 1.327313476e-07 0.000000000e+00 2.043675784e-05 -2.043675784e-16 
d 1.50483091478435e+02 0.000000000e+00 0.000000000e+00 -1.329882579e-07 -2.000000000e+00 -2.000000000e+00 -5.952169831e-17 1.504830915e+02 1.749483326e+01 1.329882582e-07 0.000000000e+00 2.122422630e-05 -2.122422630e-16 
d 1.51017558150788e+02 0.000000000e+00 0.000000000e+00 -1.332512423e-07 -2.000000000e+00 -2.000000000e+00 -6.107854031e-17 1.510175582e+02 1.776631560e+01 1.332512426e-07 0.000000000e+00 2.199575377e-05 -2.199575377e-16 
d 1.51835433792151e+02 0.000000000e+00 0.000000000e+00 -1.336373639e-07 -2.000000000e+00 -2.000000000e+00 -6.261855644e-17 1.518354338e+02 1.819806961e+01 1.336373642e-07 0.000000000e+00 2.306673062e-05 -2.306673062e-16 
d 1.52515664585212e+02 0.000000000e+00 0.000000000e+00 -1.339448106e-07 -2.000000000e+00 -2.000000000e+00 -6.223057313e-17 1.525156646e+02 1.857085371e+01 1.339448109e-07 0.000000000e+00 2.388558125e-05 -2.388558125e-16 
d 1.53389591815804e+02 0.000000000e+00 0.000000000e+00 -1.343197765e-07 -2.000000000e+00 -2.000000000e+00 -5.189616651e-17 1.533895918e+02 1.906981502e+01 1.343197768e-07 0.000000000e+00 2.502531814e-05 -2.502531814e-16 
d 1.54182587963651e+02 0.000000000e+00 0.000000000e+00 -1.346406726e-07 -2.000000000e+00 -2.000000000e+00 -5.217356277e-17 1.541825880e+02 1.954191508e+01 1.346406729e-07 0.000000000e+00 2.589245204e-05 -2.589245204e-16 
d 1.55319849777491e+02 0.000000000e+00 0.000000000e+00 -1.350771912e-07 -2.000000000e+00 -2.000000000e+00 -5.288729585e-17 1.553198498e+02 2.024265822e+01 1.350771916e-07 0.000000000e+00 2.689195017e-05 -2.689195017e-16 
d 1.56099591977483e+02 0.000000000e+00 0.000000000e+00 -1.353635579e-07 -2.000000000e+00 -2.000000000e+00 -5.342580859e-17 1.560995920e+02 2.073603375e+01 1.353635582e-07 0.000000000e+00 2.744291504e-05 -2.744291504e-16 
d 1.57470728547864e+02 0.000000000e+00 0.000000000e+00 -1.358484237e-07 -2.000000000e+00 -2.000000000e+00 -5.423760036e-17 1.574707285e+02 2.162230456e+01 1.358484240e-07 0.000000000e+00 2.822827603e-05 -2.822827603e-16 
d 1.58044807448495e+02 0.000000000e+00 0.000000000e+00 -1.360456366e-07 -2.000000000e+00 -2.000000000e+00 -5.458690889e-17 1.580448074e+02 2.199917047e+01 1.360456370e-07 0.000000000e+00 2.849647781e-05 -2.849647781e-16 
d 1.59192965249759e+02 0.000000000e+00 0.000000000e+00 -1.364324690e-07 -2.000000000e+00 -2.000000000e+00 -5.524531325e-17 1.591929652e+02 2.276049587e+01 1.364324694e-07 0.000000000e+00 2.894673077e-05 -2.894673077e-16 
d 1.60726729505469e+02 0.000000000e+00 0.000000000e+00 -1.369378461e-07 -2.000000000e+00 -2.000000000e+00 -5.595977478e-17 1.607267295e+02 2.378888301e+01 1.369378465e-07 0.000000000e+00 2.943531863e-05 -2.943531863e-16 
d 1.61441078450796e+02 0.000000000e+00 0.000000000e+00 -1.371702341e-07 -2.000000000e+00 -2.000000000e+00 -5.616891556e-17 1.614410785e+02 2.427084398e+01 1.371702345e-07 0.000000000e+00 2.966744303e-05 -2.966744303e-16 
d 1.62869776341448e+02 0.000000000e+00 0.000000000e+00 -1.376314136e-07 -2.000000000e+00 -2.000000000e+00 -5.662230189e-17 1.628697763e+02 2.523836234e+01 1.376314140e-07 0.000000000e+00 3.017641459e-05 -3.017641459e-16 
d 1.64979390278203e+02 0.000000000e+00 0.000000000e+00 -1.383083815e-07 -2.000000000e+00 -2.000000000e+00 -5.743858274e-17 1.649793903e+02 2.667100841e+01 1.383083819e-07 0.000000000e+00 3.112291622e-05 -3.112291622e-16 
d 1.66100656771991e+02 0.000000000e+00 0.000000000e+00 -1.386694569e-07 -2.000000000e+00 -2.000000000e+00 -5.800248348e-17 1.661006568e+02 2.743119951e+01 1.386694573e-07 0.000000000e+00 3.176691962e-05 -3.176691962e-16 
d 1.68289636583518e+02 0.000000000e+00 0.000000000e+00 -1.393920176e-07 -2.000000000e+00 -2.000000000e+00 -5.938082029e-17 1.682896366e+02 2.889761854e+01 1.393920180e-07 0.000000000e+00 3.360059740e-05 -3.360059740e-16 
d 1.70570127443089e+02 0.000000000e+00 0.000000000e+00 -1.402059051e-07 -2.000000000e+00 -2.000000000e+00 -6.123591085e-17 1.705701274e+02 3.036422191e+01 1.402059056e-07 0.000000000e+00 3.744085662e-05 -3.744085662e-16 
d 1.73201311028036e+02 0.000000000e+00 0.000000000e+00 -1.413466259e-07 -2.000000000e+00 -2.000000000e+00 -6.584728572e-17 1.732013110e+02 3.185468453e+01 1.413466265e-07 0.000000000e+00 4.875151605e-05 -4.875151605e-16 
d 1.75958678523382e+02 0.000000000e+00 0.000000000e+00 -1.429186753e-07 -2.000000000e+00 -2.000000000e+00 -8.470178598e-17 1.759586785e+02 3.304000232e+01 1.429186762e-07 0.000000000e+00 8.045614204e-05 -8.045614204e-16 
d 1.80323792004713e+02 0.000000000e+00 0.000000000e+00 -1.457699987e-07 -2.000000000e+00 -2.000000000e+00 -1.904347015e-16 1.803237920e+02 3.455379098e+01 1.457700010e-07 0.000000000e+00 2.178606598e-04 -2.178606598e-15 
d 1.85107479222082e+02 0.000000000e+00 0.000000000e+00 -1.483982637e-07 -2.000000000e+00 -2.000000000e+00 -4.290978323e-16 1.851074792e+02 3.670921005e+01 1.483982692e-07 0.000000000e+00 5.001104163e-04 -5.001104163e-15 
d 1.90057084384462e+02 0.000000000e+00 0.000000000e+00 -1.506557927e-07 -2.000000000e+00 -2.000000000e+00 -8.263852524e-16 1.900570844e+02 3.940128168e+01 1.506558027e-07 0.000000000e+00 9.192449316e-04 -9.192449316e-15 
d 1.92980840603455e+02 0.000000000e+00 0.000000000e+00 -1.519466181e-07 -2.000000000e+00 -2.000000000e+00 -1.191586558e-15 1.929808406e+02 4.103420844e+01 1.519466322e-07 0.000000000e+00 1.284550924e-03 -1.284550924e-14 
d 1.97722336843556e+02 0.000000000e+00 0.000000000e+00 -1.540081022e-07 -2.000000000e+00 -2.000000000e+00 -2.105746755e-15 1.977223368e+02 4.371421093e+01 1.540081259e-07 0.000000000e+00 2.159778891e-03 -2.159778891e-14 
d 2.00539285695873e+02 0.000000000e+00 0.000000000e+00 -1.552243117e-07 -2.000000000e+00 -2.000000000e+00 -2.914698062e-15 2.005392857e+02 4.531494200e+01 1.552243437e-07 0.000000000e+00 2.909637906e-03 -2.909637906e-14 
d 2.06173183400506e+02 0.000000000e+00 0.000000000e+00 -1.576215399e-07 -2.000000000e+00 -2.000000000e+00 -5.340248764e-15 2.061731834e+02 4.855158711e+01 1.576215963e-07 0.000000000e+00 5.109625052e-03 -5.109625052e-14 
d 2.08188453948814e+02 0.000000000e+00 0.000000000e+00 -1.583523626e-07 -2.000000000e+00 -2.000000000e+00 -6.304017709e-15 2.081884539e+02 4.983602564e+01 1.583524283e-07 0.000000000e+00 5.944646961e-03 -5.944646961e-14 
d 2.12218995045431e+02 0.000000000e+00 0.000000000e+00 -1.597670710e-07 -2.000000000e+00 -2.000000000e+00 -8.565020081e-15 2.122189950e+02 5.245183692e+01 1.597671581e-07 0.000000000e+00 7.850683937e-03 -7.850683937e-14 
d 2.19419815084778e+02 0.000000000e+00 0.000000000e+00 -1.623497464e-07 -2.000000000e+00 -2.000000000e+00 -1.432828541e-14 2.194198151e+02 5.706992777e+01 1.623498873e-07 0.000000000e+00 1.265414647e-02 -1.265414647e-13 
d 2.24109901739513e+02 0.000000000e+00 0.000000000e+00 -1.640476168e-07 -2.000000000e+00 -2.000000000e+00 -1.935917915e-14 2.241099017e+02 6.006209715e+01 1.640478046e-07 0.000000000e+00 1.684196229e-02 -1.684196229e-13 
d 2.25866221622061e+02 0.000000000e+00 0.000000000e+00 -1.646305568e-07 -2.000000000e+00 -2.000000000e+00 -2.128200127e-14 2.258662216e+02 6.123545943e+01 1.646307622e-07 0.000000000e+00 1.840807895e-02 -1.840807895e-13 
d 2.29378861387156e+02 0.000000000e+00 0.000000000e+00 -1.658118352e-07 -2.000000000e+00 -2.000000000e+00 -2.553634541e-14 2.293788614e+02 6.356678199e+01 1.658120794e-07 0.000000000e+00 2.186316709e-02 -2.186316709e-13 
d 2.32472062409650e+02 0.000000000e+00 0.000000000e+00 -1.668935576e-07 -2.000000000e+00 -2.000000000e+00 -2.983143873e-14 2.324720624e+02 6.557822140e+01 1.668938410e-07 0.000000000e+00 2.536030294e-02 -2.536030294e-13 
d 2.34018662920896e+02 0.000000000e+00 0.000000000e+00 -1.674657196e-07 -2.000000000e+00 -2.000000000e+00 -3.215499270e-14 2.340186629e+02 6.655263861e+01 1.674660243e-07 0.000000000e+00 2.725589684e-02 -2.725589684e-13 
d 2.34791963176520e+02 0.000000000e+00 0.000000000e+00 -1.677845856e-07 -2.000000000e+00 -2.000000000e+00 -3.329692723e-14 2.347919632e+02 6.700706241e+01 1.677849008e-07 0.000000000e+00 2.818347805e-02 -2.818347805e-13 
d 2.35565263432143e+02 0.000000000e+00 0.000000000e+00 -1.681716776e-07 -2.000000000e+00 -2.000000000e+00 -3.430675891e-14 2.355652634e+02 6.739326157e+01 1.681720019e-07 0.000000000e+00 2.899517574e-02 -2.899517574e-13 
d 2.35990362877810e+02 0.000000000e+00 0.000000000e+00 -1.683942444e-07 -2.000000000e+00 -2.000000000e+00 -3.485013908e-14 2.359903629e+02 6.759578928e+01 1.683945736e-07 0.000000000e+00 2.943144405e-02 -2.943144405e-13 
d 2.36412637702981e+02 0.000000000e+00 0.000000000e+00 -1.685914091e-07 -2.000000000e+00 -2.000000000e+00 -3.545007817e-14 2.364126377e+02 6.782089395e+01 1.685917438e-07 0.000000000e+00 2.991682646e-02 -2.991682646e-13 
d 2.36514710367901e+02 0.000000000e+00 0.000000000e+00 -1.686357977e-07 -2.000000000e+00 -2.000000000e+00 -3.560278478e-14 2.365147104e+02 6.787857667e+01 1.686361337e-07 0.000000000e+00 3.004075838e-02 -3.004075838e-13 
d 2.36718855697742e+02 0.000000000e+00 0.000000000e+00 -1.687218351e-07 -2.000000000e+00 -2.000000000e+00 -3.591441541e-14 2.367188557e+02 6.799668174e+01 1.687221739e-07 0.000000000e+00 3.029394014e-02 -3.029394014e-13 
d 2.36920848218003e+02 0.000000000e+00 0.000000000e+00 -1.688040073e-07 -2.000000000e+00 -2.000000000e+00 -3.622826023e-14 2.369208482e+02 6.811649917e+01 1.688043490e-07 0.000000000e+00 3.054909696e-02 -3.054909696e-13 
d 2.37183584011391e+02 0.000000000e+00 0.000000000e+00 -1.689072452e-07 -2.000000000e+00 -2.000000000e+00 -3.664031059e-14 2.371835840e+02 6.827599337e+01 1.689075907e-07 0.000000000e+00 3.088404765e-02 -3.088404765e-13 
d 2.37470200043598e+02 0.000000000e+00 0.000000000e+00 -1.690156760e-07 -2.000000000e+00 -2.000000000e+00 -3.708950879e-14 2.374702000e+02 6.845417447e+01 1.690160256e-07 0.000000000e+00 3.124866107e-02 -3.124866107e-13 
d 2.37842989599095e+02 0.000000000e+00 0.000000000e+00 -1.691514020e-07 -2.000000000e+00 -2.000000000e+00 -3.767090606e-14 2.378429896e+02 6.869123272e+01 1.691517569e-07 0.000000000e+00 3.171921440e-02 -3.171921440e-13 
d 2.38254783010286e+02 0.000000000e+00 0.000000000e+00 -1.692971152e-07 -2.000000000e+00 -2.000000000e+00 -3.831595719e-14 2.382547830e+02 6.895730705e+01 1.692974760e-07 0.000000000e+00 3.224009449e-02 -3.224009449e-13 
d 2.38695972554269e+02 0.000000000e+00 0.000000000e+00 -1.694506048e-07 -2.000000000e+00 -2.000000000e+00 -3.901546444e-14 2.386959726e+02 6.924500068e+01 1.694509718e-07 0.000000000e+00 3.280444130e-02 -3.280444130e-13 
d 2.39287675563698e+02 0.000000000e+00 0.000000000e+00 -1.696540327e-07 -2.000000000e+00 -2.000000000e+00 -3.996938818e-14 2.392876756e+02 6.963326718e+01 1.696544084e-07 0.000000000e+00 3.357364488e-02 -3.357364488e-13 
d 2.39917241121266e+02 0.000000000e+00 0.000000000e+00 -1.698688395e-07 -2.000000000e+00 -2.000000000e+00 -4.100531751e-14 2.399172411e+02 7.004801651e+01 1.698692246e-07 0.000000000e+00 3.440864626e-02 -3.440864626e-13 
d 2.40675712665654e+02 0.000000000e+00 0.000000000e+00 -1.701267684e-07 -2.000000000e+00 -2.000000000e+00 -4.228357859e-14 2.406757127e+02 7.054854755e+01 1.701271651e-07 0.000000000e+00 3.543870798e-02 -3.543870798e-13 
d 2.41361867318157e+02 0.000000000e+00 0.000000000e+00 -1.703602298e-07 -2.000000000e+00 -2.000000000e+00 -4.346929836e-14 2.413618673e+02 7.100123011e+01 1.703606372e-07 0.000000000e+00 3.639411187e-02 -3.639411187e-13 
d 2.42134950886758e+02 0.000000000e+00 0.000000000e+00 -1.706236993e-07 -2.000000000e+00 -2.000000000e+00 -4.484057732e-14 2.421349509e+02 7.151083175e+01 1.706241191e-07 0.000000000e+00 3.749907657e-02 -3.749907657e-13 
d 2.43339656054977e+02 0.000000000e+00 0.000000000e+00 -1.710372773e-07 -2.000000000e+00 -2.000000000e+00 -4.705259593e-14 2.433396561e+02 7.230193887e+01 1.710377172e-07 0.000000000e+00 3.928145957e-02 -3.928145957e-13 
d 2.43762230202379e+02 0.000000000e+00 0.000000000e+00 -1.711831318e-07 -2.000000000e+00 -2.000000000e+00 -4.785127217e-14 2.437622302e+02 7.257865126e+01 1.711835790e-07 0.000000000e+00 3.992509934e-02 -3.992509934e-13 
d 2.44607378497184e+02 0.000000000e+00 0.000000000e+00 -1.714769634e-07 -2.000000000e+00 -2.000000000e+00 -4.948258487e-14 2.446073785e+02 7.312995319e+01 1.714774253e-07 0.000000000e+00 4.123989384e-02 -4.123989384e-13 
d 2.45949328902805e+02 0.000000000e+00 0.000000000e+00 -1.719470658e-07 -2.000000000e+00 -2.000000000e+00 -5.217269744e-14 2.459493289e+02 7.400177686e+01 1.719475521e-07 0.000000000e+00 4.340876509e-02 -4.340876509e-13 
d 2.46755060002420e+02 0.000000000e+00 0.000000000e+00 -1.722318557e-07 -2.000000000e+00 -2.000000000e+00 -5.384348814e-14 2.467550600e+02 7.452270294e+01 1.722323571e-07 0.000000000e+00 4.475570136e-02 -4.475570136e-13 
d 2.48366522201650e+02 0.000000000e+00 0.000000000e+00 -1.728050281e-07 -2.000000000e+00 -2.000000000e+00 -5.728071032e-14 2.483665222e+02 7.556096156e+01 1.728055607e-07 0.000000000e+00 4.752470017e-02 -4.752470017e-13 
d 2.49076222031710e+02 0.000000000e+00 0.000000000e+00 -1.730529143e-07 -2.000000000e+00 -2.000000000e+00 -5.880837714e-14 2.490762220e+02 7.602276137e+01 1.730534606e-07 0.000000000e+00 4.875347104e-02 -4.875347104e-13 
d 2.50495621691829e+02 0.000000000e+00 0.000000000e+00 -1.735282062e-07 -2.000000000e+00 -2.000000000e+00 -6.179953813e-14 2.504956217e+02 7.696684220e+01 1.735287795e-07 0.000000000e+00 5.114747307e-02 -5.114747307e-13 
d 2.52995230324063e+02 0.000000000e+00 0.000000000e+00 -1.743674929e-07 -2.000000000e+00 -2.000000000e+00 -6.725067715e-14 2.529952303e+02 7.862711519e+01 1.743681151e-07 0.000000000e+00 5.549451909e-02 -5.549451909e-13 
d 2.53816492372661e+02 0.000000000e+00 0.000000000e+00 -1.746475080e-07 -2.000000000e+00 -2.000000000e+00 -6.912030582e-14 2.538164924e+02 7.916834544e+01 1.746481469e-07 0.000000000e+00 5.698258467e-02 -5.698258467e-13 
d 2.55459016469858e+02 0.000000000e+00 0.000000000e+00 -1.752132298e-07 -2.000000000e+00 -2.000000000e+00 -7.299034460e-14 2.554590165e+02 8.024511311e+01 1.752139033e-07 0.000000000e+00 6.006003388e-02 -6.006003388e-13 
d 2.58445903038905e+02 0.000000000e+00 0.000000000e+00 -1.762592163e-07 -2.000000000e+00 -2.000000000e+00 -8.041377371e-14 2.584459030e+02 8.218594676e+01 1.762599563e-07 0.000000000e+00 6.595267543e-02 -6.595267543e-13 
d 2.59878683174166e+02 0.000000000e+00 0.000000000e+00 -1.767494192e-07 -2.000000000e+00 -2.000000000e+00 -8.399966684e-14 2.598786832e+02 8.312849210e+01 1.767501910e-07 0.000000000e+00 6.878813142e-02 -6.878813142e-13 
d 2.62243051223951e+02 0.000000000e+00 0.000000000e+00 -1.775382239e-07 -2.000000000e+00 -2.000000000e+00 -8.992363401e-14 2.622430512e+02 8.470400292e+01 1.775390483e-07 0.000000000e+00 7.344841724e-02 -7.344841724e-13 
d 2.64338076236690e+02 0.000000000e+00 0.000000000e+00 -1.782482907e-07 -2.000000000e+00 -2.000000000e+00 -9.542106046e-14 2.643380762e+02 8.608891253e+01 1.782491637e-07 0.000000000e+00 7.775814538e-02 -7.775814538e-13 
d 2.68528126262168e+02 0.000000000e+00 0.000000000e+00 -1.796911943e-07 -2.000000000e+00 -2.000000000e+00 -1.069876454e-13 2.685281263e+02 8.883595720e+01 1.796921690e-07 0.000000000e+00 8.677813649e-02 -8.677813649e-13 
d 2.69609189471805e+02 0.000000000e+00 0.000000000e+00 -1.800461408e-07 -2.000000000e+00 -2.000000000e+00 -1.099125383e-13 2.696091895e+02 8.956204833e+01 1.800471412e-07 0.000000000e+00 8.904496567e-02 -8.904496567e-13 
d 2.71771315891079e+02 0.000000000e+00 0.000000000e+00 -1.807612730e-07 -2.000000000e+00 -2.000000000e+00 -1.159030963e-13 2.717713159e+02 9.100899024e+01 1.807623257e-07 0.000000000e+00 9.367486170e-02 -9.367486170e-13 
d 2.76095568729628e+02 0.000000000e+00 0.000000000e+00 -1.822171860e-07 -2.000000000e+00 -2.000000000e+00 -1.285096390e-13 2.760955687e+02 9.387722050e+01 1.822183482e-07 0.000000000e+00 1.033724276e-01 -1.033724276e-12 
d 2.77520497307904e+02 0.000000000e+00 0.000000000e+00 -1.826703482e-07 -2.000000000e+00 -2.000000000e+00 -1.325461309e-13 2.775204973e+02 9.484895201e+01 1.826715453e-07 0.000000000e+00 1.064586337e-01 -1.064586337e-12 
d 2.80006497460080e+02 0.000000000e+00 0.000000000e+00 -1.834670009e-07 -2.000000000e+00 -2.000000000e+00 -1.397545589e-13 2.800064975e+02 9.653823733e+01 1.834682601e-07 0.000000000e+00 1.119493976e-01 -1.119493976e-12 
d 2.82492497612255e+02 0.000000000e+00 0.000000000e+00 -1.842782918e-07 -2.000000000e+00 -2.000000000e+00 -1.472278013e-13 2.824924976e+02 9.821288240e+01 1.842796152e-07 0.000000000e+00 1.176169759e-01 -1.176169759e-12 
d 2.84978497764431e+02 0.000000000e+00 0.000000000e+00 -1.850511553e-07 -2.000000000e+00 -2.000000000e+00 -1.544638350e-13 2.849784978e+02 9.992595725e+01 1.850525405e-07 0.000000000e+00 1.230711915e-01 -1.230711915e-12 
d 2.86284568637134e+02 0.000000000e+00 0.000000000e+00 -1.854554873e-07 -2.000000000e+00 -2.000000000e+00 -1.582947287e-13 2.862845686e+02 1.008276636e+02 1.854569050e-07 0.000000000e+00 1.259451699e-01 -1.259451699e-12 
d 2.87590639509837e+02 0.000000000e+00 0.000000000e+00 -1.858640979e-07 -2.000000000e+00 -2.000000000e+00 -1.621966182e-13 2.875906395e+02 1.017250907e+02 1.858655488e-07 0.000000000e+00 1.288647897e-01 -1.288647897e-12 
d 2.88896710382539e+02 0.000000000e+00 0.000000000e+00 -1.862739610e-07 -2.000000000e+00 -2.000000000e+00 -1.661418658e-13 2.888967104e+02 1.026212651e+02 1.862754452e-07 0.000000000e+00 1.318092972e-01 -1.318092972e-12 
d 2.91508852127945e+02 0.000000000e+00 0.000000000e+00 -1.870484949e-07 -2.000000000e+00 -2.000000000e+00 -1.736846785e-13 2.915088521e+02 1.044588094e+02 1.870500427e-07 0.000000000e+00 1.374138869e-01 -1.374138869e-12 
d 2.93049502736299e+02 0.000000000e+00 0.000000000e+00 -1.875054222e-07 -2.000000000e+00 -2.000000000e+00 -1.781891011e-13 2.930495027e+02 1.055424948e+02 1.875070079e-07 0.000000000e+00 1.407476093e-01 -1.407476093e-12 
d 2.96130803953007e+02 0.000000000e+00 0.000000000e+00 -1.883918739e-07 -2.000000000e+00 -2.000000000e+00 -1.870398082e-13 2.961308040e+02 1.077372703e+02 1.883935337e-07 0.000000000e+00 1.472706778e-01 -1.472706778e-12 
d 2.97131727225262e+02 0.000000000e+00 0.000000000e+00 -1.886700935e-07 -2.000000000e+00 -2.000000000e+00 -1.898501834e-13 2.971317272e+02 1.084599505e+02 1.886717766e-07 0.000000000e+00 1.493332749e-01 -1.493332749e-12 
d 2.99133573769773e+02 0.000000000e+00 0.000000000e+00 -1.892271188e-07 -2.000000000e+00 -2.000000000e+00 -1.955237631e-13 2.991335738e+02 1.099047246e+02 1.892288492e-07 0.000000000e+00 1.534874615e-01 -1.534874615e-12 
d 3.02607392637566e+02 0.000000000e+00 0.000000000e+00 -1.901298332e-07 -2.000000000e+00 -2.000000000e+00 -2.048678891e-13 3.026073926e+02 1.124757516e+02 1.901316411e-07 0.000000000e+00 1.602963206e-01 -1.602963206e-12 
d 3.04654148037727e+02 0.000000000e+00 0.000000000e+00 -1.906312832e-07 -2.000000000e+00 -2.000000000e+00 -2.101429789e-13 3.046541480e+02 1.140210134e+02 1.906331347e-07 0.000000000e+00 1.641232664e-01 -1.641232664e-12 
d 3.05754609696215e+02 0.000000000e+00 0.000000000e+00 -1.908930552e-07 -2.000000000e+00 -2.000000000e+00 -2.129198731e-13 3.057546097e+02 1.148596803e+02 1.908949294e-07 0.000000000e+00 1.661323444e-01 -1.661323444e-12 
d 3.07955533013192e+02 0.000000000e+00 0.000000000e+00 -1.913921299e-07 -2.000000000e+00 -2.000000000e+00 -2.182489281e-13 3.079555330e+02 1.165614851e+02 1.913940479e-07 0.000000000e+00 1.699785774e-01 -1.699785774e-12 
d 3.08995468880305e+02 0.000000000e+00 0.000000000e+00 -1.916184916e-07 -2.000000000e+00 -2.000000000e+00 -2.206800934e-13 3.089954689e+02 1.173750393e+02 1.916204296e-07 0.000000000e+00 1.717283968e-01 -1.717283968e-12 
d 3.11075340614529e+02 0.000000000e+00 0.000000000e+00 -1.920445038e-07 -2.000000000e+00 -2.000000000e+00 -2.252746134e-13 3.110753406e+02 1.190288612e+02 1.920464794e-07 0.000000000e+00 1.750279284e-01 -1.750279284e-12 
d 3.12184938985542e+02 0.000000000e+00 0.000000000e+00 -1.922614632e-07 -2.000000000e+00 -2.000000000e+00 -2.276244383e-13 3.121849390e+02 1.199214810e+02 1.922634579e-07 0.000000000e+00 1.767113027e-01 -1.767113027e-12 
d 3.14404135727568e+02 0.000000000e+00 0.000000000e+00 -1.926587277e-07 -2.000000000e+00 -2.000000000e+00 -2.319434660e-13 3.144041357e+02 1.217433781e+02 1.926607576e-07 0.000000000e+00 1.797983395e-01 -1.797983395e-12 
d 3.16542585695171e+02 0.000000000e+00 0.000000000e+00 -1.929979785e-07 -2.000000000e+00 -2.000000000e+00 -2.356490966e-13 3.165425857e+02 1.235425472e+02 1.930000386e-07 0.000000000e+00 1.824396009e-01 -1.824396009e-12 
d 3.17943255171944e+02 0.000000000e+00 0.000000000e+00 -1.931954944e-07 -2.000000000e+00 -2.000000000e+00 -2.378141802e-13 3.179432552e+02 1.247456831e+02 1.931975720e-07 0.000000000e+00 1.839796066e-01 -1.839796066e-12 
d 3.19579822655596e+02 0.000000000e+00 0.000000000e+00 -1.933978062e-07 -2.000000000e+00 -2.000000000e+00 -2.400377711e-13 3.195798227e+02 1.261799208e+02 1.933999018e-07 0.000000000e+00 1.855587150e-01 -1.855587150e-12 
d 3.20685362989069e+02 0.000000000e+00 0.000000000e+00 -1.935163850e-07 -2.000000000e+00 -2.000000000e+00 -2.413439713e-13 3.206853630e+02 1.271668718e+02 1.935184912e-07 0.000000000e+00 1.864850646e-01 -1.864850646e-12 
d 3.21877556916457e+02 0.000000000e+00 0.000000000e+00 -1.936265459e-07 -2.000000000e+00 -2.000000000e+00 -2.425594571e-13 3.218775569e+02 1.282488950e+02 1.936286620e-07 0.000000000e+00 1.873461662e-01 -1.873461662e-12 
d 3.23106210180608e+02 0.000000000e+00 0.000000000e+00 -1.937195286e-07 -2.000000000e+00 -2.000000000e+00 -2.435871142e-13 3.231062102e+02 1.293845572e+02 1.937216530e-07 0.000000000e+00 1.880732937e-01 -1.880732937e-12 
d 3.24367896405779e+02 0.000000000e+00 0.000000000e+00 -1.937932004e-07 -2.000000000e+00 -2.000000000e+00 -2.444027508e-13 3.243678964e+02 1.305725651e+02 1.937953313e-07 0.000000000e+00 1.886495416e-01 -1.886495416e-12 
d 3.25590219467161e+02 0.000000000e+00 0.000000000e+00 -1.938493306e-07 -2.000000000e+00 -2.000000000e+00 -2.450246961e-13 3.255902195e+02 1.317387530e+02 1.938514664e-07 0.000000000e+00 1.890888311e-01 -1.890888311e-12 
d 3.26466080813939e+02 0.000000000e+00 0.000000000e+00 -1.938874063e-07 -2.000000000e+00 -2.000000000e+00 -2.454464105e-13 3.264660808e+02 1.325765352e+02 1.938895456e-07 0.000000000e+00 1.893870940e-01 -1.893870940e-12 
d 3.28217803507495e+02 0.000000000e+00 0.000000000e+00 -1.939631038e-07 -2.000000000e+00 -2.000000000e+00 -2.462855850e-13 3.282178035e+02 1.342525537e+02 1.939652499e-07 0.000000000e+00 1.899802256e-01 -1.899802256e-12 
d 3.31050971138201e+02 0.000000000e+00 0.000000000e+00 -1.940851241e-07 -2.000000000e+00 -2.000000000e+00 -2.476400714e-13 3.310509711e+02 1.369636900e+02 1.940872812e-07 0.000000000e+00 1.909369423e-01 -1.909369423e-12 
d 3.32029813685312e+02 0.000000000e+00 0.000000000e+00 -1.941272694e-07 -2.000000000e+00 -2.000000000e+00 -2.481084177e-13 3.320298137e+02 1.379003835e+02 1.941294302e-07 0.000000000e+00 1.912675652e-01 -1.912675652e-12 
d 3.33987498779532e+02 0.000000000e+00 0.000000000e+00 -1.942116231e-07 -2.000000000e+00 -2.000000000e+00 -2.490466106e-13 3.339874988e+02 1.397737073e+02 1.942137914e-07 0.000000000e+00 1.919295782e-01 -1.919295782e-12 
d 3.36816294128314e+02 0.000000000e+00 0.000000000e+00 -1.943337630e-07 -2.000000000e+00 -2.000000000e+00 -2.504069530e-13 3.368162941e+02 1.424803519e+02 1.943359423e-07 0.000000000e+00 1.928887841e-01 -1.928887841e-12 
d 3.39516361536090e+02 0.000000000e+00 0.000000000e+00 -1.944507099e-07 -2.000000000e+00 -2.000000000e+00 -2.517115607e-13 3.395163615e+02 1.450634619e+02 1.944528997e-07 0.000000000e+00 1.938079245e-01 -1.938079245e-12 
d 3.42214198665212e+02 0.000000000e+00 0.000000000e+00 -1.945679711e-07 -2.000000000e+00 -2.000000000e+00 -2.530217482e-13 3.422141987e+02 1.476440273e+02 1.945701714e-07 0.000000000e+00 1.947302394e-01 -1.947302394e-12 
d 3.44836123982752e+02 0.000000000e+00 0.000000000e+00 -1.946823656e-07 -2.000000000e+00 -2.000000000e+00 -2.543019117e-13 3.448361240e+02 1.501515478e+02 1.946845762e-07 0.000000000e+00 1.956306866e-01 -1.956306866e-12 
d 3.47722844851083e+02 0.000000000e+00 0.000000000e+00 -1.948088453e-07 -2.000000000e+00 -2.000000000e+00 -2.557196313e-13 3.477228449e+02 1.529117776e+02 1.948110673e-07 0.000000000e+00 1.966270427e-01 -1.966270427e-12 
d 3.51087847522427e+02 0.000000000e+00 0.000000000e+00 -1.949569765e-07 -2.000000000e+00 -2.000000000e+00 -2.573831402e-13 3.510878475e+02 1.561286357e+02 1.949592118e-07 0.000000000e+00 1.977950027e-01 -1.977950027e-12 
d 3.54406640338494e+02 0.000000000e+00 0.000000000e+00 -1.951038407e-07 -2.000000000e+00 -2.000000000e+00 -2.590357197e-13 3.544066403e+02 1.593005511e+02 1.951060893e-07 0.000000000e+00 1.989540817e-01 -1.989540817e-12 
d 3.58089131236414e+02 0.000000000e+00 0.000000000e+00 -1.952677007e-07 -2.000000000e+00 -2.000000000e+00 -2.608834295e-13 3.580891312e+02 1.628191671e+02 1.952699640e-07 0.000000000e+00 2.002485934e-01 -2.002485934e-12 
d 3.61787891327606e+02 0.000000000e+00 0.000000000e+00 -1.954332358e-07 -2.000000000e+00 -2.000000000e+00 -2.627541989e-13 3.617878913e+02 1.663523772e+02 1.954355115e-07 0.000000000e+00 2.015577222e-01 -2.015577222e-12 
d 3.65815334026815e+02 0.000000000e+00 0.000000000e+00 -1.956145896e-07 -2.000000000e+00 -2.000000000e+00 -2.648085516e-13 3.658153340e+02 1.701984497e+02 1.956168844e-07 0.000000000e+00 2.029935435e-01 -2.029935435e-12 
d 3.69970735837097e+02 0.000000000e+00 0.000000000e+00 -1.958029153e-07 -2.000000000e+00 -2.000000000e+00 -2.669472097e-13 3.699707358e+02 1.741655087e+02 1.958052270e-07 0.000000000e+00 2.044863110e-01 -2.044863110e-12 
d 3.74920608261212e+02 0.000000000e+00 0.000000000e+00 -1.960288774e-07 -2.000000000e+00 -2.000000000e+00 -2.695204268e-13 3.749206083e+02 1.788893985e+02 1.960312094e-07 0.000000000e+00 2.062797394e-01 -2.062797394e-12 
d 3.80031139704063e+02 0.000000000e+00 0.000000000e+00 -1.962640749e-07 -2.000000000e+00 -2.000000000e+00 -2.722071090e-13 3.800311397e+02 1.837647111e+02 1.962664282e-07 0.000000000e+00 2.081491458e-01 -2.081491458e-12 
d 3.87086633682017e+02 0.000000000e+00 0.000000000e+00 -1.965920492e-07 -2.000000000e+00 -2.000000000e+00 -2.759676794e-13 3.870866337e+02 1.904922009e+02 1.965944328e-07 0.000000000e+00 2.107604691e-01 -2.107604691e-12 
d 3.93048383010622e+02 0.000000000e+00 0.000000000e+00 -1.968722006e-07 -2.000000000e+00 -2.000000000e+00 -2.791928792e-13 3.930483830e+02 1.961737732e+02 1.968746098e-07 0.000000000e+00 2.129951213e-01 -2.129951213e-12 
d 4.02160576077119e+02 0.000000000e+00 0.000000000e+00 -1.973058852e-07 -2.000000000e+00 -2.000000000e+00 -2.842090717e-13 4.021605761e+02 2.048522420e+02 1.973083340e-07 0.000000000e+00 2.164617355e-01 -2.164617355e-12 
d 4.10547810693027e+02 0.000000000e+00 0.000000000e+00 -1.977110550e-07 -2.000000000e+00 -2.000000000e+00 -2.889209596e-13 4.105478107e+02 2.128342697e+02 1.977135409e-07 0.000000000e+00 2.197082487e-01 -2.197082487e-12 
d 4.20415571782833e+02 0.000000000e+00 0.000000000e+00 -1.981954159e-07 -2.000000000e+00 -2.000000000e+00 -2.945851279e-13 4.204155718e+02 2.222176253e+02 1.981979464e-07 0.000000000e+00 2.235989787e-01 -2.235989787e-12 
d 4.28071177680061e+02 0.000000000e+00 0.000000000e+00 -1.985776936e-07 -2.000000000e+00 -2.000000000e+00 -2.990734012e-13 4.280711777e+02 2.294909182e+02 1.985802594e-07 0.000000000e+00 2.266775138e-01 -2.266775138e-12 
d 4.29985079154368e+02 0.000000000e+00 0.000000000e+00 -1.986764141e-07 -2.000000000e+00 -2.000000000e+00 -3.002122320e-13 4.299850792e+02 2.313060901e+02 1.986789891e-07 0.000000000e+00 2.274768705e-01 -2.274768705e-12 
d 4.30942029891521e+02 0.000000000e+00 0.000000000e+00 -1.987344369e-07 -2.000000000e+00 -2.000000000e+00 -3.007959636e-13 4.309420299e+02 2.322050126e+02 1.987370173e-07 0.000000000e+00 2.279609786e-01 -2.279609786e-12 
d 4.31730609356794e+02 0.000000000e+00 0.000000000e+00 -1.987916869e-07 -2.000000000e+00 -2.000000000e+00 -3.012909136e-13 4.317306094e+02 2.329363366e+02 1.987942727e-07 0.000000000e+00 2.284525028e-01 -2.284525028e-12 
d 4.32293914023867e+02 0.000000000e+00 0.000000000e+00 -1.988400685e-07 -2.000000000e+00 -2.000000000e+00 -3.016552810e-13 4.322939140e+02 2.334512551e+02 1.988426589e-07 0.000000000e+00 2.288771401e-01 -2.288771401e-12 
d 4.32857218690941e+02 0.000000000e+00 0.000000000e+00 -1.988931512e-07 -2.000000000e+00 -2.000000000e+00 -3.020269997e-13 4.328572187e+02 2.339614720e+02 1.988957466e-07 0.000000000e+00 2.293469071e-01 -2.293469071e-12 
d 4.33420523358014e+02 0.000000000e+00 0.000000000e+00 -1.989658934e-07 -2.000000000e+00 -2.000000000e+00 -3.024268033e-13 4.334205234e+02 2.344520274e+02 1.989684959e-07 0.000000000e+00 2.300088898e-01 -2.300088898e-12 
d 4.33942217719727e+02 0.000000000e+00 0.000000000e+00 -1.990534336e-07 -2.000000000e+00 -2.000000000e+00 -3.028253741e-13 4.339422177e+02 2.348861731e+02 1.990560446e-07 0.000000000e+00 2.308192265e-01 -2.308192265e-12 
d 4.34734803665438e+02 0.000000000e+00 0.000000000e+00 -1.992257026e-07 -2.000000000e+00 -2.000000000e+00 -3.034849050e-13 4.347348037e+02 2.355064732e+02 1.992283304e-07 0.000000000e+00 2.324382287e-01 -2.324382287e-12 
d 4.35234643120710e+02 0.000000000e+00 0.000000000e+00 -1.993600413e-07 -2.000000000e+00 -2.000000000e+00 -3.039361722e-13 4.352346431e+02 2.358719607e+02 1.993626824e-07 0.000000000e+00 2.337139421e-01 -2.337139421e-12 
d 4.36230366679763e+02 0.000000000e+00 0.000000000e+00 -1.996690541e-07 -2.000000000e+00 -2.000000000e+00 -3.048932861e-13 4.362303667e+02 2.365586410e+02 1.996717257e-07 0.000000000e+00 2.366656055e-01 -2.366656055e-12 
d 4.36744598440261e+02 0.000000000e+00 0.000000000e+00 -1.998518429e-07 -2.000000000e+00 -2.000000000e+00 -3.054203680e-13 4.367445984e+02 2.368900659e+02 1.998545325e-07 0.000000000e+00 2.384205695e-01 -2.384205695e-12 
d 4.37773061961258e+02 0.000000000e+00 0.000000000e+00 -2.002703589e-07 -2.000000000e+00 -2.000000000e+00 -3.065498573e-13 4.377730620e+02 2.374999719e+02 2.002730901e-07 0.000000000e+00 2.424574639e-01 -2.424574639e-12 
d 4.39230052683792e+02 0.000000000e+00 0.000000000e+00 -2.010029047e-07 -2.000000000e+00 -2.000000000e+00 -3.083505589e-13 4.392300527e+02 2.382243440e+02 2.010057087e-07 0.000000000e+00 2.495670927e-01 -2.495670927e-12 
d 4.41236013238474e+02 0.000000000e+00 0.000000000e+00 -2.022436269e-07 -2.000000000e+00 -2.000000000e+00 -3.111729635e-13 4.412360132e+02 2.389894585e+02 2.022465547e-07 0.000000000e+00 2.616707239e-01 -2.616707239e-12 
d 4.43153464516116e+02 0.000000000e+00 0.000000000e+00 -2.035689620e-07 -2.000000000e+00 -2.000000000e+00 -3.140948616e-13 4.431534645e+02 2.395814420e+02 2.035720225e-07 0.000000000e+00 2.746351163e-01 -2.746351163e-12 
d 4.45727746478551e+02 0.000000000e+00 0.000000000e+00 -2.054860738e-07 -2.000000000e+00 -2.000000000e+00 -3.182661020e-13 4.457277465e+02 2.402384202e+02 2.054893263e-07 0.000000000e+00 2.934218201e-01 -2.934218201e-12 
d 4.48522386654284e+02 0.000000000e+00 0.000000000e+00 -2.076919776e-07 -2.000000000e+00 -2.000000000e+00 -3.230513032e-13 4.485223867e+02 2.408269353e+02 2.076954513e-07 0.000000000e+00 3.150704493e-01 -3.150704493e-12 
d 4.52159399487004e+02 0.000000000e+00 0.000000000e+00 -2.107015341e-07 -2.000000000e+00 -2.000000000e+00 -3.296134620e-13 4.521593995e+02 2.414540893e+02 2.107053102e-07 0.000000000e+00 3.446496278e-01 -3.446496278e-12 
d 4.56311420785099e+02 0.000000000e+00 0.000000000e+00 -2.142698747e-07 -2.000000000e+00 -2.000000000e+00 -3.374921493e-13 4.563114208e+02 2.420374108e+02 2.142740100e-07 0.000000000e+00 3.797761623e-01 -3.797761623e-12 
d 4.64615463381288e+02 0.000000000e+00 0.000000000e+00 -2.216426828e-07 -2.000000000e+00 -2.000000000e+00 -3.541942514e-13 4.646154634e+02 2.429679019e+02 2.216475615e-07 0.000000000e+00 4.524534648e-01 -4.524534648e-12 
d 4.74066438983650e+02 0.000000000e+00 0.000000000e+00 -2.302570902e-07 -2.000000000e+00 -2.000000000e+00 -3.743193206e-13 4.740664390e+02 2.438036034e+02 2.302628356e-07 0.000000000e+00 5.371087797e-01 -5.371087797e-12 
d 4.86010803788729e+02 0.000000000e+00 0.000000000e+00 -2.413650447e-07 -2.000000000e+00 -2.000000000e+00 -4.007320421e-13 4.860108038e+02 2.446389111e+02 2.413718926e-07 0.000000000e+00 6.447169679e-01 -6.447169679e-12 
d 4.97461993935455e+02 0.000000000e+00 0.000000000e+00 -2.521497617e-07 -2.000000000e+00 -2.000000000e+00 -4.264305404e-13 4.974619939e+02 2.453043334e+02 2.521576605e-07 0.000000000e+00 7.472389236e-01 -7.472389236e-12 
d 5.10484529205642e+02 0.000000000e+00 0.000000000e+00 -2.643437746e-07 -2.000000000e+00 -2.000000000e+00 -4.555236705e-13 5.104845292e+02 2.461316520e+02 2.643528772e-07 0.000000000e+00 8.647130882e-01 -8.647130882e-12 
d 5.17334201104395e+02 0.000000000e+00 0.000000000e+00 -2.699511346e-07 -2.000000000e+00 -2.000000000e+00 -4.699743155e-13 5.173342011e+02 2.473731734e+02 2.699610277e-07 0.000000000e+00 9.423156040e-01 -9.423156040e-12 
d 5.21003910529527e+02 0.000000000e+00 0.000000000e+00 -2.715636811e-07 -2.000000000e+00 -2.000000000e+00 -4.833003476e-13 5.210039105e+02 2.494262954e+02 2.715776151e-07 0.000000000e+00 1.345074733e+00 -1.345074733e-11 
d 5.21951804886985e+02 0.000000000e+00 0.000000000e+00 -2.717012280e-07 -2.000000000e+00 -2.000000000e+00 -4.894130765e-13 5.219518049e+02 2.502342030e+02 2.717176018e-07 0.000000000e+00 1.588442283e+00 -1.588442283e-11 
d 5.22899699244443e+02 0.000000000e+00 0.000000000e+00 -2.718473021e-07 -2.000000000e+00 -2.000000000e+00 -4.958837569e-13 5.228996992e+02 2.510334607e+02 2.718662386e-07 0.000000000e+00 1.844059365e+00 -1.844059365e-11 
d 5.23847593601901e+02 0.000000000e+00 0.000000000e+00 -2.719829272e-07 -2.000000000e+00 -2.000000000e+00 -5.028727562e-13 5.238475936e+02 2.518429628e+02 2.720046309e-07 0.000000000e+00 2.120081096e+00 -2.120081096e-11 
d 5.25743382316818e+02 0.000000000e+00 0.000000000e+00 -2.722659736e-07 -2.000000000e+00 -2.000000000e+00 -5.180668382e-13 5.257433823e+02 2.534497699e+02 2.722936124e-07 0.000000000e+00 2.712072629e+00 -2.712072629e-11 
d 5.27308679992616e+02 0.000000000e+00 0.000000000e+00 -2.725182848e-07 -2.000000000e+00 -2.000000000e+00 -5.318462656e-13 5.273086800e+02 2.547574867e+02 2.725511933e-07 0.000000000e+00 3.237666448e+00 -3.237666448e-11 
d 5.28630872027235e+02 0.000000000e+00 0.000000000e+00 -2.727559637e-07 -2.000000000e+00 -2.000000000e+00 -5.443898714e-13 5.286308720e+02 2.558373219e+02 2.727935501e-07 0.000000000e+00 3.704204437e+00 -3.704204437e-11 
d 5.29953064061855e+02 0.000000000e+00 0.000000000e+00 -2.730158954e-07 -2.000000000e+00 -2.000000000e+00 -5.577064379e-13 5.299530641e+02 2.568947386e+02 2.730583255e-07 0.000000000e+00 4.187236313e+00 -4.187236313e-11 
d 5.30409485578016e+02 0.000000000e+00 0.000000000e+00 -2.731075640e-07 -2.000000000e+00 -2.000000000e+00 -5.624695764e-13 5.304094856e+02 2.572577829e+02 2.731517027e-07 0.000000000e+00 4.357618306e+00 -4.357618306e-11 
d 5.30865907094177e+02 0.000000000e+00 0.000000000e+00 -2.732000354e-07 -2.000000000e+00 -2.000000000e+00 -5.673110319e-13 5.308659071e+02 2.576200092e+02 2.732458979e-07 0.000000000e+00 4.529519089e+00 -4.529519089e-11 
d 5.31322328610338e+02 0.000000000e+00 0.000000000e+00 -2.732932801e-07 -2.000000000e+00 -2.000000000e+00 -5.722278520e-13 5.313223286e+02 2.579814485e+02 2.733408801e-07 0.000000000e+00 4.702781930e+00 -4.702781930e-11 
d 5.32235171642660e+02 0.000000000e+00 0.000000000e+00 -2.734821415e-07 -2.000000000e+00 -2.000000000e+00 -5.822773483e-13 5.322351716e+02 2.587019193e+02 2.735332523e-07 0.000000000e+00 5.052854110e+00 -5.052854110e-11 
d 5.34060857707305e+02 0.000000000e+00 0.000000000e+00 -2.738740534e-07 -2.000000000e+00 -2.000000000e+00 -6.031116525e-13 5.340608577e+02 2.601285805e+02 2.739322772e-07 0.000000000e+00 5.762068929e+00 -5.762068929e-11 
d 5.34938351893933e+02 0.000000000e+00 0.000000000e+00 -2.740776964e-07 -2.000000000e+00 -2.000000000e+00 -6.132909433e-13 5.349383519e+02 2.607990239e+02 2.741393280e-07 0.000000000e+00 6.101828266e+00 -6.101828266e-11 
d 5.35815846080561e+02 0.000000000e+00 0.000000000e+00 -2.742862835e-07 -2.000000000e+00 -2.000000000e+00 -6.236411350e-13 5.358158461e+02 2.614645095e+02 2.743513366e-07 0.000000000e+00 6.442943598e+00 -6.442943598e-11 
d 5.36587896872314e+02 0.000000000e+00 0.000000000e+00 -2.744702939e-07 -2.000000000e+00 -2.000000000e+00 -6.329539741e-13 5.365878969e+02 2.620495128e+02 2.745383841e-07 0.000000000e+00 6.745721614e+00 -6.745721614e-11 
d 5.37359947664067e+02 0.000000000e+00 0.000000000e+00 -2.746552649e-07 -2.000000000e+00 -2.000000000e+00 -6.424510485e-13 5.373599477e+02 2.626335353e+02 2.747264124e-07 0.000000000e+00 7.050503070e+00 -7.050503070e-11 
d 5.38131998455821e+02 0.000000000e+00 0.000000000e+00 -2.748415590e-07 -2.000000000e+00 -2.000000000e+00 -6.521247642e-13 5.381319985e+02 2.632162174e+02 2.749157811e-07 0.000000000e+00 7.356995119e+00 -7.356995119e-11 
d 5.39676100039327e+02 0.000000000e+00 0.000000000e+00 -2.752222127e-07 -2.000000000e+00 -2.000000000e+00 -6.718995430e-13 5.396761000e+02 2.643734870e+02 2.753026130e-07 0.000000000e+00 7.972847360e+00 -7.972847360e-11 
d 5.40448150831080e+02 0.000000000e+00 0.000000000e+00 -2.754264444e-07 -2.000000000e+00 -2.000000000e+00 -6.817276916e-13 5.404481508e+02 2.649382548e+02 2.755098961e-07 0.000000000e+00 8.276990427e+00 -8.276990427e-11 
d 5.41220201622833e+02 0.000000000e+00 0.000000000e+00 -2.756406766e-07 -2.000000000e+00 -2.000000000e+00 -6.914873296e-13 5.412202016e+02 2.654930506e+02 2.757271510e-07 0.000000000e+00 8.578285195e+00 -8.578285195e-11 
d 5.41889829070989e+02 0.000000000e+00 0.000000000e+00 -2.758279278e-07 -2.000000000e+00 -2.000000000e+00 -7.000893641e-13 5.418898291e+02 2.659727909e+02 2.759170382e-07 0.000000000e+00 8.841031627e+00 -8.841031627e-11 
d 5.42559456519144e+02 0.000000000e+00 0.000000000e+00 -2.760161850e-07 -2.000000000e+00 -2.000000000e+00 -7.088351413e-13 5.425594565e+02 2.664515086e+02 2.761079480e-07 0.000000000e+00 9.105413002e+00 -9.105413002e-11 
d 5.43229083967300e+02 0.000000000e+00 0.000000000e+00 -2.762055453e-07 -2.000000000e+00 -2.000000000e+00 -7.177247423e-13 5.432290840e+02 2.669291069e+02 2.762999771e-07 0.000000000e+00 9.371400474e+00 -9.371400474e-11 
d 5.44568338863611e+02 0.000000000e+00 0.000000000e+00 -2.765878500e-07 -2.000000000e+00 -2.000000000e+00 -7.359059157e-13 5.445683389e+02 2.678806800e+02 2.766876588e-07 0.000000000e+00 9.907292508e+00 -9.907292508e-11 
d 5.47246848656232e+02 0.000000000e+00 0.000000000e+00 -2.773963223e-07 -2.000000000e+00 -2.000000000e+00 -7.725488732e-13 5.472468487e+02 2.697400582e+02 2.775067904e-07 0.000000000e+00 1.096956143e+01 -1.096956143e-10 
d 5.48280585310526e+02 0.000000000e+00 0.000000000e+00 -2.777461461e-07 -2.000000000e+00 -2.000000000e+00 -7.859051678e-13 5.482805853e+02 2.704200398e+02 2.778605455e-07 0.000000000e+00 1.136135626e+01 -1.136135626e-10 
d 5.49363322460889e+02 0.000000000e+00 0.000000000e+00 -2.781233739e-07 -2.000000000e+00 -2.000000000e+00 -7.998235553e-13 5.493633225e+02 2.711214774e+02 2.782418451e-07 0.000000000e+00 1.176713918e+01 -1.176713918e-10 
d 5.51528796761615e+02 0.000000000e+00 0.000000000e+00 -2.789275420e-07 -2.000000000e+00 -2.000000000e+00 -8.268522170e-13 5.515287968e+02 2.724748817e+02 2.790539151e-07 0.000000000e+00 1.255461887e+01 -1.255461887e-10 
d 5.54375574312339e+02 0.000000000e+00 0.000000000e+00 -2.800782326e-07 -2.000000000e+00 -2.000000000e+00 -8.606281981e-13 5.543755743e+02 2.741610364e+02 2.802145379e-07 0.000000000e+00 1.354447452e+01 -1.354447452e-10 
d 5.55362472778011e+02 0.000000000e+00 0.000000000e+00 -2.805250328e-07 -2.000000000e+00 -2.000000000e+00 -8.709926597e-13 5.553624728e+02 2.746979507e+02 2.806645221e-07 0.000000000e+00 1.386183267e+01 -1.386183267e-10 
d 5.56959437049326e+02 0.000000000e+00 0.000000000e+00 -2.812490378e-07 -2.000000000e+00 -2.000000000e+00 -8.880387607e-13 5.569594370e+02 2.755657340e+02 2.813937031e-07 0.000000000e+00 1.437772616e+01 -1.437772616e-10 
d 5.58556401320641e+02 0.000000000e+00 0.000000000e+00 -2.819827976e-07 -2.000000000e+00 -2.000000000e+00 -9.052118984e-13 5.585564013e+02 2.764237714e+02 2.821326299e-07 0.000000000e+00 1.489270656e+01 -1.489270656e-10 
d 5.60153365591956e+02 0.000000000e+00 0.000000000e+00 -2.827507353e-07 -2.000000000e+00 -2.000000000e+00 -9.219392915e-13 5.601533656e+02 2.772477430e+02 2.829056226e-07 0.000000000e+00 1.539653345e+01 -1.539653345e-10 
d 5.60561355428848e+02 0.000000000e+00 0.000000000e+00 -2.829535970e-07 -2.000000000e+00 -2.000000000e+00 -9.262344495e-13 5.605613554e+02 2.774515831e+02 2.831097723e-07 0.000000000e+00 1.552490916e+01 -1.552490916e-10 
d 5.60969345265741e+02 0.000000000e+00 0.000000000e+00 -2.831630995e-07 -2.000000000e+00 -2.000000000e+00 -9.305366393e-13 5.609693453e+02 2.776487857e+02 2.833205596e-07 0.000000000e+00 1.565295966e+01 -1.565295966e-10 
d 5.61377335102633e+02 0.000000000e+00 0.000000000e+00 -2.833806228e-07 -2.000000000e+00 -2.000000000e+00 -9.348637317e-13 5.613773351e+02 2.778379662e+02 2.835393689e-07 0.000000000e+00 1.578112225e+01 -1.578112225e-10 
d 5.62125577501288e+02 0.000000000e+00 0.000000000e+00 -2.837777551e-07 -2.000000000e+00 -2.000000000e+00 -9.428759038e-13 5.621255775e+02 2.781867012e+02 2.839388763e-07 0.000000000e+00 1.601783165e+01 -1.601783165e-10 
d 5.62346906736665e+02 0.000000000e+00 0.000000000e+00 -2.838924370e-07 -2.000000000e+00 -2.000000000e+00 -9.452611555e-13 5.623469067e+02 2.782926423e+02 2.840542645e-07 0.000000000e+00 1.608822518e+01 -1.608822518e-10 
d 5.62789565207420e+02 0.000000000e+00 0.000000000e+00 -2.841190581e-07 -2.000000000e+00 -2.000000000e+00 -9.500513739e-13 5.627895652e+02 2.785072630e+02 2.842823022e-07 0.000000000e+00 1.622941339e+01 -1.622941339e-10 
d 5.63176407862587e+02 0.000000000e+00 0.000000000e+00 -2.843149245e-07 -2.000000000e+00 -2.000000000e+00 -9.542584448e-13 5.631764079e+02 2.786969973e+02 2.844794105e-07 0.000000000e+00 1.635317841e+01 -1.635317841e-10 
d 5.63601392156041e+02 0.000000000e+00 0.000000000e+00 -2.845284569e-07 -2.000000000e+00 -2.000000000e+00 -9.589018016e-13 5.636013922e+02 2.789070812e+02 2.846943109e-07 0.000000000e+00 1.648950599e+01 -1.648950599e-10 
d 5.63999894421799e+02 0.000000000e+00 0.000000000e+00 -2.847275367e-07 -2.000000000e+00 -2.000000000e+00 -9.632750940e-13 5.639998944e+02 2.791052179e+02 2.848946765e-07 0.000000000e+00 1.661764881e+01 -1.661764881e-10 
d 5.64662055452435e+02 0.000000000e+00 0.000000000e+00 -2.850566106e-07 -2.000000000e+00 -2.000000000e+00 -9.705790919e-13 5.646620555e+02 2.794361626e+02 2.852258929e-07 0.000000000e+00 1.683117172e+01 -1.683117172e-10 
d 5.65986377513708e+02 0.000000000e+00 0.000000000e+00 -2.857110716e-07 -2.000000000e+00 -2.000000000e+00 -9.852909913e-13 5.659863775e+02 2.801017196e+02 2.858846579e-07 0.000000000e+00 1.726010376e+01 -1.726010376e-10 
d 5.68635021636252e+02 0.000000000e+00 0.000000000e+00 -2.870196341e-07 -2.000000000e+00 -2.000000000e+00 -1.014617785e-12 5.686350216e+02 2.814331567e+02 2.872018650e-07 0.000000000e+00 1.812162694e+01 -1.812162694e-10 
d 5.71283665758797e+02 0.000000000e+00 0.000000000e+00 -2.883829236e-07 -2.000000000e+00 -2.000000000e+00 -1.041446463e-12 5.712836658e+02 2.827101379e+02 2.885735278e-07 0.000000000e+00 1.895628242e+01 -1.895628242e-10 
d 5.73932309881342e+02 0.000000000e+00 0.000000000e+00 -2.900400036e-07 -2.000000000e+00 -2.000000000e+00 -1.058489797e-12 5.739323099e+02 2.836952071e+02 2.902371028e-07 0.000000000e+00 1.960407503e+01 -1.960407503e-10 
d 5.74658129397205e+02 0.000000000e+00 0.000000000e+00 -2.905110850e-07 -2.000000000e+00 -2.000000000e+00 -1.062394698e-12 5.746581294e+02 2.839482692e+02 2.907098602e-07 0.000000000e+00 1.977128399e+01 -1.977128399e-10 
d 5.75383948913069e+02 0.000000000e+00 0.000000000e+00 -2.909832509e-07 -2.000000000e+00 -2.000000000e+00 -1.066166796e-12 5.753839489e+02 2.842002498e+02 2.911836991e-07 0.000000000e+00 1.993820097e+01 -1.993820097e-10 
d 5.76109768428933e+02 0.000000000e+00 0.000000000e+00 -2.914568323e-07 -2.000000000e+00 -2.000000000e+00 -1.069824931e-12 5.761097684e+02 2.844508203e+02 2.916589481e-07 0.000000000e+00 2.010460407e+01 -2.010460407e-10 
d 5.77561407460661e+02 0.000000000e+00 0.000000000e+00 -2.924095171e-07 -2.000000000e+00 -2.000000000e+00 -1.076898395e-12 5.775614075e+02 2.849464635e+02 2.926149440e-07 0.000000000e+00 2.043500125e+01 -2.043500125e-10 
d 5.80464685524116e+02 0.000000000e+00 0.000000000e+00 -2.943438236e-07 -2.000000000e+00 -2.000000000e+00 -1.090871727e-12 5.804646855e+02 2.859089558e+02 2.945557297e-07 0.000000000e+00 2.108152220e+01 -2.108152220e-10 
d 5.86271241651027e+02 0.000000000e+00 0.000000000e+00 -2.983102477e-07 -2.000000000e+00 -2.000000000e+00 -1.122782080e-12 5.862712417e+02 2.877365554e+02 2.985346863e-07 0.000000000e+00 2.233157714e+01 -2.233157714e-10 
d 5.90997259213965e+02 0.000000000e+00 0.000000000e+00 -3.016723070e-07 -2.000000000e+00 -2.000000000e+00 -1.153811660e-12 5.909972592e+02 2.890909427e+02 3.019063165e-07 0.000000000e+00 2.328556763e+01 -2.328556763e-10 
d 5.95723276776903e+02 0.000000000e+00 0.000000000e+00 -3.055134421e-07 -2.000000000e+00 -2.000000000e+00 -1.185703398e-12 5.957232768e+02 2.899694655e+02 3.057538113e-07 0.000000000e+00 2.391834734e+01 -2.391834734e-10 
d 5.97431483449211e+02 0.000000000e+00 0.000000000e+00 -3.069169213e-07 -2.000000000e+00 -2.000000000e+00 -1.196916875e-12 5.974314834e+02 2.902719546e+02 3.071595289e-07 0.000000000e+00 2.414106727e+01 -2.414106727e-10 
d 5.99139690121520e+02 0.000000000e+00 0.000000000e+00 -3.083189175e-07 -2.000000000e+00 -2.000000000e+00 -1.207848531e-12 5.991396901e+02 2.905758775e+02 3.085638126e-07 0.000000000e+00 2.436872252e+01 -2.436872252e-10 
d 6.00847896793829e+02 0.000000000e+00 0.000000000e+00 -3.097213535e-07 -2.000000000e+00 -2.000000000e+00 -1.218500396e-12 6.008478968e+02 2.908793128e+02 3.099685840e-07 0.000000000e+00 2.460119435e+01 -2.460119435e-10 
d 6.04264310138446e+02 0.000000000e+00 0.000000000e+00 -3.125419235e-07 -2.000000000e+00 -2.000000000e+00 -1.239286310e-12 6.042643101e+02 2.914703631e+02 3.127939470e-07 0.000000000e+00 2.507842718e+01 -2.507842718e-10 
d 6.07680723483064e+02 0.000000000e+00 0.000000000e+00 -3.154404810e-07 -2.000000000e+00 -2.000000000e+00 -1.260594583e-12 6.076807235e+02 2.919834418e+02 3.156972817e-07 0.000000000e+00 2.555401525e+01 -2.555401525e-10 
d 6.11097136827681e+02 0.000000000e+00 0.000000000e+00 -3.185431537e-07 -2.000000000e+00 -2.000000000e+00 -1.284219909e-12 6.110971368e+02 2.922927463e+02 3.188043905e-07 0.000000000e+00 2.599525501e+01 -2.599525501e-10 
d 6.13035639298731e+02 0.000000000e+00 0.000000000e+00 -3.204908482e-07 -2.000000000e+00 -2.000000000e+00 -1.299020910e-12 6.130356393e+02 2.922811453e+02 3.207544940e-07 0.000000000e+00 2.623467107e+01 -2.623467107e-10 
d 6.14974141769780e+02 0.000000000e+00 0.000000000e+00 -3.226675850e-07 -2.000000000e+00 -2.000000000e+00 -1.315435971e-12 6.149741418e+02 2.920407005e+02 3.229334412e-07 0.000000000e+00 2.645408383e+01 -2.645408383e-10 
d 6.16912644240830e+02 0.000000000e+00 0.000000000e+00 -3.249498199e-07 -2.000000000e+00 -2.000000000e+00 -1.333131660e-12 6.169126442e+02 2.916951562e+02 3.252174881e-07 0.000000000e+00 2.663350495e+01 -2.663350495e-10 
d 6.20343287724148e+02 0.000000000e+00 0.000000000e+00 -3.290091737e-07 -2.000000000e+00 -2.000000000e+00 -1.364298773e-12 6.203432877e+02 2.910638313e+02 3.292794564e-07 0.000000000e+00 2.689183319e+01 -2.689183319e-10 
d 6.23432815975981e+02 0.000000000e+00 0.000000000e+00 -3.329159886e-07 -2.000000000e+00 -2.000000000e+00 -1.390742571e-12 6.234328160e+02 2.902441213e+02 3.331886947e-07 0.000000000e+00 2.713153580e+01 -2.713153580e-10 
d 6.26751939196136e+02 0.000000000e+00 0.000000000e+00 -3.380523069e-07 -2.000000000e+00 -2.000000000e+00 -1.418251356e-12 6.267519392e+02 2.884236308e+02 3.383283084e-07 0.000000000e+00 2.745832474e+01 -2.745832474e-10 
d 6.28773704126242e+02 0.000000000e+00 0.000000000e+00 -3.437659070e-07 -2.000000000e+00 -2.000000000e+00 -1.437978093e-12 6.287737041e+02 2.847279475e+02 3.440457566e-07 0.000000000e+00 2.784116383e+01 -2.784116383e-10 
d 6.29916150194187e+02 0.000000000e+00 0.000000000e+00 -3.528194832e-07 -2.000000000e+00 -2.000000000e+00 -1.454519343e-12 6.299161502e+02 2.768113567e+02 3.531047935e-07 0.000000000e+00 2.838557998e+01 -2.838557998e-10 
d 6.30630076747233e+02 0.000000000e+00 0.000000000e+00 -3.543453413e-07 -2.000000000e+00 -2.000000000e+00 -1.458231540e-12 6.306300767e+02 2.759987438e+02 3.546313330e-07 0.000000000e+00 2.845334870e+01 -2.845334870e-10 
d 6.32057929853325e+02 0.000000000e+00 0.000000000e+00 -3.567299975e-07 -2.000000000e+00 -2.000000000e+00 -1.464740929e-12 6.320579299e+02 2.750409968e+02 3.570169331e-07 0.000000000e+00 2.854708776e+01 -2.854708776e-10 
d 6.34913636065508e+02 0.000000000e+00 0.000000000e+00 -3.605556905e-07 -2.000000000e+00 -2.000000000e+00 -1.476430075e-12 6.349136361e+02 2.740697022e+02 3.608439339e-07 0.000000000e+00 2.867669858e+01 -2.867669858e-10 
d 6.40625048489875e+02 0.000000000e+00 0.000000000e+00 -3.670819152e-07 -2.000000000e+00 -2.000000000e+00 -1.497359088e-12 6.406250485e+02 2.732529664e+02 3.673720821e-07 0.000000000e+00 2.886696058e+01 -2.886696058e-10 
d 6.52047873338608e+02 0.000000000e+00 0.000000000e+00 -3.788487487e-07 -2.000000000e+00 -2.000000000e+00 -1.532346924e-12 6.520478733e+02 2.729060960e+02 3.791417774e-07 0.000000000e+00 2.914963661e+01 -2.914963661e-10 
d 6.74893523036075e+02 0.000000000e+00 0.000000000e+00 -4.009976415e-07 -2.000000000e+00 -2.000000000e+00 -1.575416518e-12 6.748935230e+02 2.735993065e+02 4.012942165e-07 0.000000000e+00 2.949995740e+01 -2.949995740e-10 
d 7.12772824623275e+02 0.000000000e+00 0.000000000e+00 -4.372696034e-07 -2.000000000e+00 -2.000000000e+00 -1.591440148e-12 7.127728246e+02 2.752042042e+02 4.375686205e-07 0.000000000e+00 2.974255791e+01 -2.974255791e-10 
d 7.34098113659136e+02 0.000000000e+00 0.000000000e+00 -4.578881585e-07 -2.000000000e+00 -2.000000000e+00 -1.591219436e-12 7.340981137e+02 2.759102180e+02 4.581878957e-07 0.000000000e+00 2.981459585e+01 -2.981459585e-10 
d 7.76748691730859e+02 0.000000000e+00 0.000000000e+00 -4.994470837e-07 -2.000000000e+00 -2.000000000e+00 -1.585592680e-12 7.767486917e+02 2.770008611e+02 4.997478306e-07 0.000000000e+00 2.991613715e+01 -2.991613715e-10 
d 8.62049847874304e+02 0.000000000e+00 0.000000000e+00 -5.832837619e-07 -2.000000000e+00 -2.000000000e+00 -1.566836401e-12 8.620498479e+02 2.784639912e+02 5.835858566e-07 0.000000000e+00 3.005279106e+01 -3.005279106e-10 
d 9.75183582926341e+02 0.000000000e+00 0.000000000e+00 -6.951351172e-07 -2.000000000e+00 -2.000000000e+00 -1.535770385e-12 9.751835829e+02 2.797451120e+02 6.954384709e-07 0.000000000e+00 3.018179217e+01 -3.018179217e-10 
d 1.09080028042445e+03 0.000000000e+00 0.000000000e+00 -8.097829206e-07 -2.000000000e+00 -2.000000000e+00 -1.499260249e-12 1.090800280e+03 2.807129989e+02 8.100872815e-07 0.000000000e+00 3.028616122e+01 -3.028616122e-10 
d 1.32203367542068e+03 0.000000000e+00 0.000000000e+00 -1.039600509e-06 -2.000000000e+00 -2.000000000e+00 -1.415014106e-12 1.322033675e+03 2.821272115e+02 1.039906464e-06 0.000000000e+00 3.045401994e+01 -3.045401994e-10 
d 1.65117232325339e+03 0.000000000e+00 0.000000000e+00 -1.367347002e-06 -2.000000000e+00 -2.000000000e+00 -1.283233565e-12 1.651172323e+03 2.835175938e+02 1.367654729e-06 0.000000000e+00 3.064440216e+01 -3.064440216e-10 
d 2.07764326792620e+03 0.000000000e+00 0.000000000e+00 -1.792547498e-06 -2.000000000e+00 -2.000000000e+00 -1.117642799e-12 2.077643268e+03 2.847861849e+02 1.792857083e-06 0.000000000e+00 3.084670256e+01 -3.084670256e-10 
d 2.59862488790373e+03 0.000000000e+00 0.000000000e+00 -2.312366597e-06 -2.000000000e+00 -2.000000000e+00 -9.387044457e-13 2.598624888e+03 2.859468014e+02 2.312678087e-06 0.000000000e+00 3.105507992e+01 -3.105507992e-10 
d 3.28023989699040e+03 0.000000000e+00 0.000000000e+00 -2.992814134e-06 -2.000000000e+00 -2.000000000e+00 -7.361318811e-13 3.280239897e+03 2.871121460e+02 2.993127751e-06 0.000000000e+00 3.128809143e+01 -3.128809143e-10 
d 3.93811790496740e+03 0.000000000e+00 0.000000000e+00 -3.649796082e-06 -2.000000000e+00 -2.000000000e+00 -5.711529212e-13 3.938117905e+03 2.880064061e+02 3.650111499e-06 0.000000000e+00 3.148453581e+01 -3.148453581e-10 
d 4.75502368107521e+03 0.000000000e+00 0.000000000e+00 -4.465789237e-06 -2.000000000e+00 -2.000000000e+00 -4.092311570e-13 4.755023681e+03 2.889170193e+02 4.466106662e-06 0.000000000e+00 3.170157721e+01 -3.170157721e-10 
d 5.66767859952435e+03 0.000000000e+00 0.000000000e+00 -5.377603476e-06 -2.000000000e+00 -2.000000000e+00 -2.800656438e-13 5.667678600e+03 2.897556622e+02 5.377922937e-06 0.000000000e+00 3.191813062e+01 -3.191813062e-10 
d 6.71862124033890e+03 0.000000000e+00 0.000000000e+00 -6.427741984e-06 -2.000000000e+00 -2.000000000e+00 -1.836249531e-13 6.718621240e+03 2.905576524e+02 6.428063588e-06 0.000000000e+00 3.214203284e+01 -3.214203284e-10 
d 7.94622240401182e+03 0.000000000e+00 0.000000000e+00 -7.654559068e-06 -2.000000000e+00 -2.000000000e+00 -1.167793025e-13 7.946222404e+03 2.913394452e+02 7.654882959e-06 0.000000000e+00 3.237743296e+01 -3.237743296e-10 
d 9.47401853265087e+03 0.000000000e+00 0.000000000e+00 -9.181538669e-06 -2.000000000e+00 -2.000000000e+00 -7.342243231e-14 9.474018533e+03 2.921533882e+02 9.181865144e-06 0.000000000e+00 3.264024336e+01 -3.264024336e-10 
d 1.12560523109374e+04 0.000000000e+00 0.000000000e+00 -1.096277389e-05 -2.000000000e+00 -2.000000000e+00 -5.213343441e-14 1.125605231e+04 2.929492300e+02 1.096310308e-05 0.000000000e+00 3.291423837e+01 -3.291423837e-10 
d 1.34498910774060e+04 0.000000000e+00 0.000000000e+00 -1.315578751e-05 -2.000000000e+00 -2.000000000e+00 -4.744127831e-14 1.344989108e+04 2.937713743e+02 1.315611970e-05 0.000000000e+00 3.321484478e+01 -3.321484478e-10 
d 1.63400611125276e+04 0.000000000e+00 0.000000000e+00 -1.604505338e-05 -2.000000000e+00 -2.000000000e+00 -5.814297841e-14 1.634006111e+04 2.946720343e+02 1.604538908e-05 0.000000000e+00 3.356416673e+01 -3.356416673e-10 
d 1.99009031278785e+04 0.000000000e+00 0.000000000e+00 -1.960497442e-05 -2.000000000e+00 -2.000000000e+00 -8.496594989e-14 1.990090313e+04 2.955892229e+02 1.960531391e-05 0.000000000e+00 3.394007256e+01 -3.394007256e-10 
d 2.42903929246180e+04 0.000000000e+00 0.000000000e+00 -2.399352323e-05 -2.000000000e+00 -2.000000000e+00 -1.325073206e-13 2.429039292e+04 2.965261340e+02 2.399386679e-05 0.000000000e+00 3.434271709e+01 -3.434271709e-10 
d 2.97551605191546e+04 0.000000000e+00 0.000000000e+00 -2.945731789e-05 -2.000000000e+00 -2.000000000e+00 -2.119273867e-13 2.975516052e+04 2.974946598e+02 2.945766586e-05 0.000000000e+00 3.477576760e+01 -3.477576760e-10 
d 3.66312490422953e+04 0.000000000e+00 0.000000000e+00 -3.633239032e-05 -2.000000000e+00 -2.000000000e+00 -3.447666639e-13 3.663124904e+04 2.985059515e+02 3.633274309e-05 0.000000000e+00 3.524302521e+01 -3.524302521e-10 
d 4.50117515182503e+04 0.000000000e+00 0.000000000e+00 -4.471186433e-05 -2.000000000e+00 -2.000000000e+00 -5.607189689e-13 4.501175152e+04 2.995293344e+02 4.471222218e-05 0.000000000e+00 3.572889641e+01 -3.572889641e-10 
d 5.53652222971971e+04 0.000000000e+00 0.000000000e+00 -5.506428077e-05 -2.000000000e+00 -2.000000000e+00 -8.901584428e-13 5.536522230e+04 3.005782394e+02 5.506464406e-05 0.000000000e+00 3.623959996e+01 -3.623959996e-10 
d 6.86073752785796e+04 0.000000000e+00 0.000000000e+00 -6.830531934e-05 -2.000000000e+00 -2.000000000e+00 -1.387617525e-12 6.860737528e+04 3.016866216e+02 6.830568866e-05 0.000000000e+00 3.679253729e+01 -3.679253729e-10 
d 8.44043934826406e+04 0.000000000e+00 0.000000000e+00 -8.410123640e-05 -2.000000000e+00 -2.000000000e+00 -2.090793441e-12 8.440439348e+04 3.027814836e+02 8.410161200e-05 0.000000000e+00 3.735056747e+01 -3.735056747e-10 
d 1.01948039469729e+05 0.000000000e+00 0.000000000e+00 -1.016438723e-04 -2.000000000e+00 -2.000000000e+00 -2.942744149e-12 1.019480395e+05 3.037854243e+02 1.016442540e-04 0.000000000e+00 3.788000012e+01 -3.788000012e-10 
d 1.19735894518289e+05 0.000000000e+00 0.000000000e+00 -1.194308689e-04 -2.000000000e+00 -2.000000000e+00 -3.941646536e-12 1.197358945e+05 3.046382152e+02 1.194312563e-04 0.000000000e+00 3.834712960e+01 -3.834712960e-10 
d 1.39384669699256e+05 0.000000000e+00 0.000000000e+00 -1.390788265e-04 -2.000000000e+00 -2.000000000e+00 -5.226978335e-12 1.393846697e+05 3.054499009e+02 1.390792198e-04 0.000000000e+00 3.880277675e+01 -3.880277675e-10 
d 1.61448954519688e+05 0.000000000e+00 0.000000000e+00 -1.611423075e-04 -2.000000000e+00 -2.000000000e+00 -6.868774735e-12 1.614489545e+05 3.062475360e+02 1.611427070e-04 0.000000000e+00 3.925729051e+01 -3.925729051e-10 
d 1.85105050771944e+05 0.000000000e+00 0.000000000e+00 -1.847976401e-04 -2.000000000e+00 -2.000000000e+00 -8.864062949e-12 1.851050508e+05 3.070049175e+02 1.847980459e-04 0.000000000e+00 3.969310928e+01 -3.969310928e-10 
d 2.10232237392158e+05 0.000000000e+00 0.000000000e+00 -2.099240995e-04 -2.000000000e+00 -2.000000000e+00 -1.125072612e-11 2.102322374e+05 3.077255713e+02 2.099245118e-04 0.000000000e+00 4.011079680e+01 -4.011079680e-10 
d 2.38264170546536e+05 0.000000000e+00 0.000000000e+00 -2.379553037e-04 -2.000000000e+00 -2.000000000e+00 -1.412874252e-11 2.382641705e+05 3.084473859e+02 2.379557232e-04 0.000000000e+00 4.053352815e+01 -4.053352815e-10 
d 2.67185034260202e+05 0.000000000e+00 0.000000000e+00 -2.668754990e-04 -2.000000000e+00 -2.000000000e+00 -1.716434970e-11 2.671850343e+05 3.091087365e+02 2.668759255e-04 0.000000000e+00 4.093160021e+01 -4.093160021e-10 
d 3.05941912670148e+05 0.000000000e+00 0.000000000e+00 -3.056316222e-04 -2.000000000e+00 -2.000000000e+00 -2.130257495e-11 3.059419127e+05 3.098549766e+02 3.056320577e-04 0.000000000e+00 4.141707014e+01 -4.141707014e-10 
d 3.40017130317907e+05 0.000000000e+00 0.000000000e+00 -3.397062804e-04 -2.000000000e+00 -2.000000000e+00 -2.518180240e-11 3.400171303e+05 3.104066635e+02 3.397067237e-04 0.000000000e+00 4.180752528e+01 -4.180752528e-10 
d 3.74768123051420e+05 0.000000000e+00 0.000000000e+00 -3.744567553e-04 -2.000000000e+00 -2.000000000e+00 -2.955153107e-11 3.747681231e+05 3.109163827e+02 3.744572067e-04 0.000000000e+00 4.217735093e+01 -4.217735093e-10 
d 4.17540391482440e+05 0.000000000e+00 0.000000000e+00 -4.172284336e-04 -2.000000000e+00 -2.000000000e+00 -3.535337132e-11 4.175403915e+05 3.114965411e+02 4.172288949e-04 0.000000000e+00 4.260015847e+01 -4.260015847e-10 
d 4.71486435767996e+05 0.000000000e+00 0.000000000e+00 -4.711738024e-04 -2.000000000e+00 -2.000000000e+00 -4.077923966e-11 4.714864358e+05 3.121616964e+02 4.711742741e-04 0.000000000e+00 4.309183086e+01 -4.309183086e-10 
d 5.00369283120172e+05 0.000000000e+00 0.000000000e+00 -5.000563140e-04 -2.000000000e+00 -2.000000000e+00 -4.307297595e-11 5.003692831e+05 3.124926769e+02 5.000567904e-04 0.000000000e+00 4.333910995e+01 -4.333910995e-10 
d 5.58134977824523e+05 0.000000000e+00 0.000000000e+00 -5.578213811e-04 -2.000000000e+00 -2.000000000e+00 -4.735427106e-11 5.581349778e+05 3.131113124e+02 5.578218665e-04 0.000000000e+00 4.380575726e+01 -4.380575726e-10 
d 6.44906739814476e+05 0.000000000e+00 0.000000000e+00 -6.445923148e-04 -2.000000000e+00 -2.000000000e+00 -5.312252887e-11 6.449067398e+05 3.139274093e+02 6.445928124e-04 0.000000000e+00 4.444920914e+01 -4.444920915e-10 
d 7.26806806220847e+05 0.000000000e+00 0.000000000e+00 -7.264917525e-04 -2.000000000e+00 -2.000000000e+00 -5.799800134e-11 7.268068062e+05 3.145457100e+02 7.264922605e-04 0.000000000e+00 4.500615617e+01 -4.500615617e-10 
d 8.22394625465528e+05 0.000000000e+00 0.000000000e+00 -8.220789582e-04 -2.000000000e+00 -2.000000000e+00 -6.331245748e-11 8.223946255e+05 3.151478706e+02 8.220794776e-04 0.000000000e+00 4.560719433e+01 -4.560719433e-10 
d 9.44617777584710e+05 0.000000000e+00 0.000000000e+00 -9.443014085e-04 -2.000000000e+00 -2.000000000e+00 -7.030796688e-11 9.446177776e+05 3.158356441e+02 9.443019419e-04 0.000000000e+00 4.631463856e+01 -4.631463856e-10 
d 1.03152262603752e+06 0.000000000e+00 0.000000000e+00 -1.031205796e-03 -2.000000000e+00 -2.000000000e+00 -7.596075684e-11 1.031522626e+06 3.162867020e+02 1.031206339e-03 0.000000000e+00 4.678389475e+01 -4.678389475e-10 
d 1.17508389102683e+06 0.000000000e+00 0.000000000e+00 -1.174766351e-03 -2.000000000e+00 -2.000000000e+00 -8.696904318e-11 1.175083891e+06 3.169778987e+02 1.174766913e-03 0.000000000e+00 4.750950943e+01 -4.750950943e-10 
d 1.32320013503502e+06 0.000000000e+00 0.000000000e+00 -1.322881931e-03 -2.000000000e+00 -2.000000000e+00 -9.922168164e-11 1.323200135e+06 3.176224397e+02 1.322882513e-03 0.000000000e+00 4.820520291e+01 -4.820520291e-10 
d 1.46774357981524e+06 0.000000000e+00 0.000000000e+00 -1.467424821e-03 -2.000000000e+00 -2.000000000e+00 -1.098194093e-10 1.467743580e+06 3.181609764e+02 1.467425419e-03 0.000000000e+00 4.884194411e+01 -4.884194411e-10 
d 1.59675929515934e+06 0.000000000e+00 0.000000000e+00 -1.596440108e-03 -2.000000000e+00 -2.000000000e+00 -1.169126788e-10 1.596759295e+06 3.185768163e+02 1.596440718e-03 0.000000000e+00 4.938087811e+01 -4.938087811e-10 
d 1.75792353869532e+06 0.000000000e+00 0.000000000e+00 -1.757603859e-03 -2.000000000e+00 -2.000000000e+00 -1.237626537e-10 1.757923539e+06 3.190561003e+02 1.757604483e-03 0.000000000e+00 5.002113031e+01 -5.002113031e-10 
d 1.80525520129056e+06 0.000000000e+00 0.000000000e+00 -1.804935381e-03 -2.000000000e+00 -2.000000000e+00 -1.258257792e-10 1.805255201e+06 3.191926314e+02 1.804936009e-03 0.000000000e+00 5.020299575e+01 -5.020299575e-10 
d 1.89991852648105e+06 0.000000000e+00 0.000000000e+00 -1.899598429e-03 -2.000000000e+00 -2.000000000e+00 -1.299874256e-10 1.899918526e+06 3.194615159e+02 1.899599065e-03 0.000000000e+00 5.055913249e+01 -5.055913249e-10 
d 2.00731105537896e+06 0.000000000e+00 0.000000000e+00 -2.006990657e-03 -2.000000000e+00 -2.000000000e+00 -1.321666929e-10 2.007311055e+06 3.197570804e+02 2.006991298e-03 0.000000000e+00 5.095180737e+01 -5.095180737e-10 
d 2.12074427169953e+06 0.000000000e+00 0.000000000e+00 -2.120423568e-03 -2.000000000e+00 -2.000000000e+00 -1.310406518e-10 2.120744272e+06 3.200587803e+02 2.120424213e-03 0.000000000e+00 5.135462328e+01 -5.135462328e-10 
d 2.22017469304019e+06 0.000000000e+00 0.000000000e+00 -2.219853728e-03 -2.000000000e+00 -2.000000000e+00 -1.295461777e-10 2.220174693e+06 3.203182726e+02 2.219854375e-03 0.000000000e+00 5.169846917e+01 -5.169846917e-10 
d 2.41903553572152e+06 0.000000000e+00 0.000000000e+00 -2.418714064e-03 -2.000000000e+00 -2.000000000e+00 -1.261347198e-10 2.419035536e+06 3.208223653e+02 2.418714713e-03 0.000000000e+00 5.236279639e+01 -5.236279639e-10 
d 2.72864639182098e+06 0.000000000e+00 0.000000000e+00 -2.728324173e-03 -2.000000000e+00 -2.000000000e+00 -1.208582428e-10 2.728646392e+06 3.215640480e+02 2.728324828e-03 0.000000000e+00 5.334310079e+01 -5.334310078e-10 
d 2.88619684123188e+06 0.000000000e+00 0.000000000e+00 -2.885874247e-03 -2.000000000e+00 -2.000000000e+00 -1.188330904e-10 2.886196841e+06 3.219371885e+02 2.885874904e-03 0.000000000e+00 5.382003139e+01 -5.382003139e-10 
d 3.20129774005368e+06 0.000000000e+00 0.000000000e+00 -3.200974367e-03 -2.000000000e+00 -2.000000000e+00 -1.174040024e-10 3.201297740e+06 3.227085870e+02 3.200975031e-03 0.000000000e+00 5.473570832e+01 -5.473570832e-10 
d 3.56523890224472e+06 0.000000000e+00 0.000000000e+00 -3.564914577e-03 -2.000000000e+00 -2.000000000e+00 -1.194211007e-10 3.565238902e+06 3.236485772e+02 3.564915254e-03 0.000000000e+00 5.573841633e+01 -5.573841634e-10 
d 3.80283165343583e+06 0.000000000e+00 0.000000000e+00 -3.802506681e-03 -2.000000000e+00 -2.000000000e+00 -1.205223165e-10 3.802831653e+06 3.242881183e+02 3.802507365e-03 0.000000000e+00 5.636564400e+01 -5.636564399e-10 
d 4.24336898137119e+06 0.000000000e+00 0.000000000e+00 -4.243042758e-03 -2.000000000e+00 -2.000000000e+00 -1.188037592e-10 4.243368981e+06 3.255293833e+02 4.243043452e-03 0.000000000e+00 5.747943565e+01 -5.747943565e-10 
d 4.53749070645993e+06 0.000000000e+00 0.000000000e+00 -4.537163610e-03 -2.000000000e+00 -2.000000000e+00 -1.156042654e-10 4.537490706e+06 3.263986932e+02 4.537164308e-03 0.000000000e+00 5.819162343e+01 -5.819162343e-10 
d 4.90656616033039e+06 0.000000000e+00 0.000000000e+00 -4.906237922e-03 -2.000000000e+00 -2.000000000e+00 -1.128840308e-10 4.906566160e+06 3.275346649e+02 4.906238626e-03 0.000000000e+00 5.905397742e+01 -5.905397742e-10 
d 5.00017031454232e+06 0.000000000e+00 0.000000000e+00 -4.999841779e-03 -2.000000000e+00 -2.000000000e+00 -1.125233870e-10 5.000170315e+06 3.278303107e+02 4.999842484e-03 0.000000000e+00 5.926758734e+01 -5.926758734e-10 
d 5.18737862296618e+06 0.000000000e+00 0.000000000e+00 -5.187049485e-03 -2.000000000e+00 -2.000000000e+00 -1.119466684e-10 5.187378623e+06 3.284295954e+02 5.187050193e-03 0.000000000e+00 5.968903276e+01 -5.968903276e-10 
d 5.41307527664135e+06 0.000000000e+00 0.000000000e+00 -5.412745401e-03 -2.000000000e+00 -2.000000000e+00 -1.102875387e-10 5.413075277e+06 3.291639621e+02 5.412746113e-03 0.000000000e+00 6.018740234e+01 -6.018740234e-10 
d 5.66867708947217e+06 0.000000000e+00 0.000000000e+00 -5.668346367e-03 -2.000000000e+00 -2.000000000e+00 -1.063712756e-10 5.668677089e+06 3.300091326e+02 5.668347080e-03 0.000000000e+00 6.073979391e+01 -6.073979391e-10 
d 5.89127544087934e+06 0.000000000e+00 0.000000000e+00 -5.890943969e-03 -2.000000000e+00 -2.000000000e+00 -1.030083481e-10 5.891275441e+06 3.307568875e+02 5.890944684e-03 0.000000000e+00 6.121113892e+01 -6.121113892e-10 
d 6.33647214369367e+06 0.000000000e+00 0.000000000e+00 -6.336139145e-03 -2.000000000e+00 -2.000000000e+00 -9.752472257e-11 6.336472144e+06 3.322798501e+02 6.336139864e-03 0.000000000e+00 6.212881273e+01 -6.212881272e-10 
d 6.96948186627453e+06 0.000000000e+00 0.000000000e+00 -6.969146649e-03 -2.000000000e+00 -2.000000000e+00 -9.315923508e-11 6.969481866e+06 3.344898481e+02 6.969147376e-03 0.000000000e+00 6.338186013e+01 -6.338186013e-10 
d 7.55064323848848e+06 0.000000000e+00 0.000000000e+00 -7.550305958e-03 -2.000000000e+00 -2.000000000e+00 -9.318474847e-11 7.550643238e+06 3.365428017e+02 7.550306696e-03 0.000000000e+00 6.448486197e+01 -6.448486197e-10 
d 8.33424660920971e+06 0.000000000e+00 0.000000000e+00 -8.333906538e-03 -2.000000000e+00 -2.000000000e+00 -9.618301328e-11 8.334246609e+06 3.393158837e+02 8.333907293e-03 0.000000000e+00 6.590934775e+01 -6.590934775e-10 
d 9.23379548451490e+06 0.000000000e+00 0.000000000e+00 -9.233452233e-03 -2.000000000e+00 -2.000000000e+00 -9.793900966e-11 9.233795485e+06 3.424784994e+02 9.233453006e-03 0.000000000e+00 6.746752880e+01 -6.746752879e-10 
d 9.85178287446717e+06 0.000000000e+00 0.000000000e+00 -9.851437463e-03 -2.000000000e+00 -2.000000000e+00 -9.843295234e-11 9.851782874e+06 3.446284496e+02 9.851438246e-03 0.000000000e+00 6.849622725e+01 -6.849622726e-10 
d 1.07291802723184e+07 0.000000000e+00 0.000000000e+00 -1.072883183e-02 -2.000000000e+00 -2.000000000e+00 -1.014460120e-10 1.072918027e+07 3.476411559e+02 1.072883263e-02 0.000000000e+00 6.990527321e+01 -6.990527320e-10 
