v ATLAS
# This file was created by ATLAS version 5.26.1.R on Tue Apr 17 16:00:23 2018.
#SSF 2.0 generic
##############################################################################
#                    Copyright (c) 1984 - 2018                               #
#                    Silvaco Inc. All rights reserved                        #
#                                                                            #
# This file format and the following Key are copyright Silvaco Inc.          #
# You may not use, this format or key without reproducing this message in    #
# full and obtaining express written permission from Silvaco Inc.            #
#                                                                            #
# To obtain such permission please contact: Silvaco Inc.                     #
#                                           support@silvaco.com              #
#                                                                            #
# KEY=SVC86hn7562asdx                       PROD=345                         #
##############################################################################
y 3 700 711 15
z 3 0.00123077 300
f 3 "source" "gate" "drain" 
p 10 61 2 601 20 3 602 21 4 603 22 
d 5.00000000000000e-01 0.000000000e+00 0.000000000e+00 -2.939103074e-16 -3.000000000e+00 -3.000000000e+00 -3.552640935e-16 5.000000000e-01 4.999935083e-01 6.491752472e-16 
d 7.04955913017965e-01 0.000000000e+00 0.000000000e+00 -2.982936957e-16 -3.000000000e+00 -3.000000000e+00 -3.545999476e-16 7.049559130e-01 7.049493843e-01 6.529334277e-16 
d 1.11486773905390e+00 0.000000000e+00 0.000000000e+00 -3.162235217e-16 -3.000000000e+00 -3.000000000e+00 -3.500624410e-16 1.114867739e+00 1.114861076e+00 6.662678023e-16 
d 1.47488509727853e+00 0.000000000e+00 0.000000000e+00 -3.347779578e-16 -3.000000000e+00 -3.000000000e+00 -3.445789962e-16 1.474885097e+00 1.474878304e+00 6.790509141e-16 
d 1.85571221501602e+00 0.000000000e+00 0.000000000e+00 -3.489818375e-16 -3.000000000e+00 -3.000000000e+00 -3.408051998e-16 1.855712215e+00 1.855705317e+00 6.897202157e-16 
d 2.24760767056702e+00 0.000000000e+00 0.000000000e+00 -3.656611324e-16 -3.000000000e+00 -3.000000000e+00 -3.379150773e-16 2.247607671e+00 2.247600635e+00 7.034580291e-16 
d 2.63686866719029e+00 0.000000000e+00 0.000000000e+00 -4.086276238e-16 -3.000000000e+00 -3.000000000e+00 -3.352259980e-16 2.636868667e+00 2.636861229e+00 7.437538128e-16 
d 3.31748328529381e+00 0.000000000e+00 0.000000000e+00 -1.135583151e-15 -3.000000000e+00 -3.000000000e+00 -3.298502546e-16 3.317483285e+00 3.317468631e+00 1.465348091e-15 
d 3.75523342701831e+00 0.000000000e+00 0.000000000e+00 -5.851449425e-15 -3.000000000e+00 -3.000000000e+00 -3.263294417e-16 3.755233427e+00 3.755171649e+00 6.177820763e-15 
d 4.48597644504265e+00 0.000000000e+00 0.000000000e+00 -1.990548208e-13 -3.000000000e+00 -3.000000000e+00 -3.161205075e-16 4.485976445e+00 4.483982735e+00 1.993706681e-13 
d 5.07206451856020e+00 0.000000000e+00 0.000000000e+00 -3.633205793e-12 -3.000000000e+00 -3.000000000e+00 -2.694945054e-16 5.072064519e+00 5.035729766e+00 3.633475423e-12 
d 5.92036004938823e+00 0.000000000e+00 0.000000000e+00 -3.217909595e-11 -3.000000000e+00 -3.000000000e+00 -4.601757079e-16 5.920360049e+00 5.598564488e+00 3.217955604e-11 
d 7.18288674304189e+00 0.000000000e+00 0.000000000e+00 -5.199175460e-11 -3.000000000e+00 -3.000000000e+00 -1.087403260e-15 7.182886743e+00 6.662958323e+00 5.199284148e-11 
d 7.49502047428224e+00 0.000000000e+00 0.000000000e+00 -5.167803120e-11 -3.000000000e+00 -3.000000000e+00 -1.063931198e-15 7.495020474e+00 6.978229523e+00 5.167909559e-11 
d 8.11928793676293e+00 0.000000000e+00 0.000000000e+00 -5.186410421e-11 -3.000000000e+00 -3.000000000e+00 -1.049719522e-15 8.119287937e+00 7.600636398e+00 5.186515332e-11 
d 8.87446580177702e+00 0.000000000e+00 0.000000000e+00 -5.238591033e-11 -3.000000000e+00 -3.000000000e+00 -1.046765820e-15 8.874465802e+00 8.350596231e+00 5.238695727e-11 
d 9.55040464634254e+00 0.000000000e+00 0.000000000e+00 -5.285776953e-11 -3.000000000e+00 -3.000000000e+00 -1.045432194e-15 9.550404646e+00 9.021816497e+00 5.285881487e-11 
d 1.02747176800147e+01 0.000000000e+00 0.000000000e+00 -5.335034135e-11 -3.000000000e+00 -3.000000000e+00 -1.044326211e-15 1.027471768e+01 9.741203823e+00 5.335138529e-11 
d 1.09655964254631e+01 0.000000000e+00 0.000000000e+00 -5.380321159e-11 -3.000000000e+00 -3.000000000e+00 -1.043314587e-15 1.096559643e+01 1.042755388e+01 5.380425444e-11 
d 1.20993254037910e+01 0.000000000e+00 0.000000000e+00 -5.449864241e-11 -3.000000000e+00 -3.000000000e+00 -1.041456670e-15 1.209932540e+01 1.155432857e+01 5.449968455e-11 
d 1.28685175225256e+01 0.000000000e+00 0.000000000e+00 -5.493559127e-11 -3.000000000e+00 -3.000000000e+00 -1.040054662e-15 1.286851752e+01 1.231915121e+01 5.493663161e-11 
d 1.39491002305633e+01 0.000000000e+00 0.000000000e+00 -5.550272326e-11 -3.000000000e+00 -3.000000000e+00 -1.037811578e-15 1.394910023e+01 1.339406262e+01 5.550376224e-11 
d 1.48291511554320e+01 0.000000000e+00 0.000000000e+00 -5.591241488e-11 -3.000000000e+00 -3.000000000e+00 -1.035152247e-15 1.482915116e+01 1.427001665e+01 5.591345045e-11 
d 1.64177184434456e+01 0.000000000e+00 0.000000000e+00 -5.636875443e-11 -3.000000000e+00 -3.000000000e+00 -1.022169931e-15 1.641771844e+01 1.585402068e+01 5.636977444e-11 
d 1.74832026072983e+01 0.000000000e+00 0.000000000e+00 -5.400206235e-11 -3.000000000e+00 -3.000000000e+00 -9.251253091e-16 1.748320261e+01 1.694317273e+01 5.400298869e-11 
d 1.77739304222853e+01 0.000000000e+00 0.000000000e+00 -5.257724226e-11 -3.000000000e+00 -3.000000000e+00 -8.729259268e-16 1.777393042e+01 1.724814927e+01 5.257811503e-11 
d 1.79513480502573e+01 0.000000000e+00 0.000000000e+00 -5.214464126e-11 -3.000000000e+00 -3.000000000e+00 -8.559060224e-16 1.795134805e+01 1.742989308e+01 5.214549591e-11 
d 1.82285326963458e+01 0.000000000e+00 0.000000000e+00 -5.180726914e-11 -3.000000000e+00 -3.000000000e+00 -8.406220277e-16 1.822853270e+01 1.771045160e+01 5.180810941e-11 
d 1.84205204808487e+01 0.000000000e+00 0.000000000e+00 -5.171374802e-11 -3.000000000e+00 -3.000000000e+00 -8.344797091e-16 1.842052048e+01 1.790337466e+01 5.171458238e-11 
d 1.86948154669773e+01 0.000000000e+00 0.000000000e+00 -5.167380931e-11 -3.000000000e+00 -3.000000000e+00 -8.286891948e-16 1.869481547e+01 1.817806909e+01 5.167463800e-11 
d 1.89142777308279e+01 0.000000000e+00 0.000000000e+00 -5.168642130e-11 -3.000000000e+00 -3.000000000e+00 -8.257285171e-16 1.891427773e+01 1.839740526e+01 5.168724797e-11 
d 1.91832947913011e+01 0.000000000e+00 0.000000000e+00 -5.173124089e-11 -3.000000000e+00 -3.000000000e+00 -8.234586348e-16 1.918329479e+01 1.866597415e+01 5.173206280e-11 
d 1.96682673991962e+01 0.000000000e+00 0.000000000e+00 -5.185516532e-11 -3.000000000e+00 -3.000000000e+00 -8.213955539e-16 1.966826740e+01 1.914970753e+01 5.185598714e-11 
d 2.00108622217840e+01 0.000000000e+00 0.000000000e+00 -5.195744146e-11 -3.000000000e+00 -3.000000000e+00 -8.205919517e-16 2.001086222e+01 1.949127960e+01 5.195826257e-11 
d 2.06292715648131e+01 0.000000000e+00 0.000000000e+00 -5.215864671e-11 -3.000000000e+00 -3.000000000e+00 -8.193476047e-16 2.062927156e+01 2.010767690e+01 5.215946537e-11 
d 2.09965778508886e+01 0.000000000e+00 0.000000000e+00 -5.228389331e-11 -3.000000000e+00 -3.000000000e+00 -8.176695998e-16 2.099657785e+01 2.047373074e+01 5.228471126e-11 
d 2.17311904230398e+01 0.000000000e+00 0.000000000e+00 -5.245225117e-11 -3.000000000e+00 -3.000000000e+00 -7.875011327e-16 2.173119042e+01 2.120666004e+01 5.245303718e-11 
d 2.21273232590381e+01 0.000000000e+00 0.000000000e+00 -5.252067306e-11 -3.000000000e+00 -3.000000000e+00 -7.865797655e-16 2.212732326e+01 2.160210866e+01 5.252146084e-11 
d 2.29195889310348e+01 0.000000000e+00 0.000000000e+00 -5.273527245e-11 -3.000000000e+00 -3.000000000e+00 -7.844009090e-16 2.291958893e+01 2.239222836e+01 5.273605576e-11 
d 2.34676434724877e+01 0.000000000e+00 0.000000000e+00 -5.290316864e-11 -3.000000000e+00 -3.000000000e+00 -7.837936879e-16 2.346764347e+01 2.293860395e+01 5.290395255e-11 
d 2.45637525553937e+01 0.000000000e+00 0.000000000e+00 -5.323048775e-11 -3.000000000e+00 -3.000000000e+00 -7.828153885e-16 2.456375256e+01 2.403143985e+01 5.323126953e-11 
d 2.53376145619495e+01 0.000000000e+00 0.000000000e+00 -5.344799233e-11 -3.000000000e+00 -3.000000000e+00 -7.820416266e-16 2.533761456e+01 2.480312682e+01 5.344877544e-11 
d 2.63442200155923e+01 0.000000000e+00 0.000000000e+00 -5.374009379e-11 -3.000000000e+00 -3.000000000e+00 -7.812113025e-16 2.634422002e+01 2.580681127e+01 5.374087457e-11 
d 2.76557320654986e+01 0.000000000e+00 0.000000000e+00 -5.412791325e-11 -3.000000000e+00 -3.000000000e+00 -7.807180148e-16 2.765573207e+01 2.711444513e+01 5.412869355e-11 
d 2.88886978106848e+01 0.000000000e+00 0.000000000e+00 -5.447884342e-11 -3.000000000e+00 -3.000000000e+00 -7.803634378e-16 2.888869781e+01 2.834390157e+01 5.447962526e-11 
d 3.01295097936536e+01 0.000000000e+00 0.000000000e+00 -5.481424854e-11 -3.000000000e+00 -3.000000000e+00 -7.799908396e-16 3.012950979e+01 2.958135951e+01 5.481502680e-11 
d 3.11744057346246e+01 0.000000000e+00 0.000000000e+00 -5.508487001e-11 -3.000000000e+00 -3.000000000e+00 -7.795794124e-16 3.117440573e+01 3.062354924e+01 5.508564964e-11 
d 3.32641976165666e+01 0.000000000e+00 0.000000000e+00 -5.563853803e-11 -3.000000000e+00 -3.000000000e+00 -7.792461760e-16 3.326419762e+01 3.270780444e+01 5.563931756e-11 
d 3.43983617407190e+01 0.000000000e+00 0.000000000e+00 -5.593456827e-11 -3.000000000e+00 -3.000000000e+00 -7.793164578e-16 3.439836174e+01 3.383900826e+01 5.593534741e-11 
d 3.66666899890238e+01 0.000000000e+00 0.000000000e+00 -5.649299349e-11 -3.000000000e+00 -3.000000000e+00 -7.788882843e-16 3.666668999e+01 3.610175226e+01 5.649377419e-11 
d 3.75246501635108e+01 0.000000000e+00 0.000000000e+00 -5.668121042e-11 -3.000000000e+00 -3.000000000e+00 -7.776236281e-16 3.752465016e+01 3.695783028e+01 5.668198700e-11 
d 3.90600294309755e+01 0.000000000e+00 0.000000000e+00 -5.703740218e-11 -3.000000000e+00 -3.000000000e+00 -7.795703932e-16 3.906002943e+01 3.848964761e+01 5.703818322e-11 
d 3.95296109394779e+01 0.000000000e+00 0.000000000e+00 -5.714991702e-11 -3.000000000e+00 -3.000000000e+00 -7.805312774e-16 3.952961094e+01 3.895810396e+01 5.715069559e-11 
d 4.04687739564826e+01 0.000000000e+00 0.000000000e+00 -5.736855055e-11 -3.000000000e+00 -3.000000000e+00 -7.799600427e-16 4.046877396e+01 3.989508065e+01 5.736932977e-11 
d 4.17104620044831e+01 0.000000000e+00 0.000000000e+00 -5.751782743e-11 -3.000000000e+00 -3.000000000e+00 -7.659889566e-16 4.171046200e+01 4.113527607e+01 5.751859370e-11 
d 4.41938381004842e+01 0.000000000e+00 0.000000000e+00 -5.805240092e-11 -3.000000000e+00 -3.000000000e+00 -7.736317865e-16 4.419383810e+01 4.361330635e+01 5.805317728e-11 
d 4.58103763208571e+01 0.000000000e+00 0.000000000e+00 -5.841480414e-11 -3.000000000e+00 -3.000000000e+00 -7.805136351e-16 4.581037632e+01 4.522622047e+01 5.841558511e-11 
d 4.87301014868377e+01 0.000000000e+00 0.000000000e+00 -5.910848758e-11 -3.000000000e+00 -3.000000000e+00 -7.992854225e-16 4.873010149e+01 4.813900862e+01 5.910928392e-11 
d 5.00247529729140e+01 0.000000000e+00 0.000000000e+00 -5.944090935e-11 -3.000000000e+00 -3.000000000e+00 -8.111265624e-16 5.002475297e+01 4.943033577e+01 5.944172203e-11 
d 5.26140559450664e+01 0.000000000e+00 0.000000000e+00 -6.016213858e-11 -3.000000000e+00 -3.000000000e+00 -8.425024769e-16 5.261405595e+01 5.201242613e+01 6.016298499e-11 
d 5.38796682768285e+01 0.000000000e+00 0.000000000e+00 -6.056441645e-11 -3.000000000e+00 -3.000000000e+00 -8.642341272e-16 5.387966828e+01 5.327401547e+01 6.056527751e-11 
d 5.48981930015722e+01 0.000000000e+00 0.000000000e+00 -6.093815849e-11 -3.000000000e+00 -3.000000000e+00 -8.861575072e-16 5.489819300e+01 5.428880256e+01 6.093904947e-11 
d 5.61386392473163e+01 0.000000000e+00 0.000000000e+00 -6.141416343e-11 -3.000000000e+00 -3.000000000e+00 -9.136418772e-16 5.613863925e+01 5.552448848e+01 6.141507283e-11 
d 5.74175689562852e+01 0.000000000e+00 0.000000000e+00 -6.174198283e-11 -3.000000000e+00 -3.000000000e+00 -9.309769727e-16 5.741756896e+01 5.680013982e+01 6.174291851e-11 
d 5.99754283742229e+01 0.000000000e+00 0.000000000e+00 -6.270424335e-11 -3.000000000e+00 -3.000000000e+00 -9.975186620e-16 5.997542837e+01 5.934837597e+01 6.270523377e-11 
d 6.25332877921606e+01 0.000000000e+00 0.000000000e+00 -6.386247686e-11 -3.000000000e+00 -3.000000000e+00 -1.085345708e-15 6.253328779e+01 6.189465217e+01 6.386355673e-11 
d 6.50911472100983e+01 0.000000000e+00 0.000000000e+00 -6.526083838e-11 -3.000000000e+00 -3.000000000e+00 -1.198654185e-15 6.509114721e+01 6.443852684e+01 6.526203963e-11 
d 6.62140138948821e+01 0.000000000e+00 0.000000000e+00 -6.597057584e-11 -3.000000000e+00 -3.000000000e+00 -1.259528222e-15 6.621401389e+01 6.555429554e+01 6.597183798e-11 
d 6.73368805796660e+01 0.000000000e+00 0.000000000e+00 -6.675154683e-11 -3.000000000e+00 -3.000000000e+00 -1.328757447e-15 6.733688058e+01 6.666935182e+01 6.675287031e-11 
d 6.84597472644498e+01 0.000000000e+00 0.000000000e+00 -6.752575949e-11 -3.000000000e+00 -3.000000000e+00 -1.401418640e-15 6.845974726e+01 6.778447566e+01 6.752716341e-11 
d 6.99186239755479e+01 0.000000000e+00 0.000000000e+00 -6.757550142e-11 -3.000000000e+00 -3.000000000e+00 -1.458771004e-15 6.991862398e+01 6.924285437e+01 6.757695932e-11 
d 7.02833431533224e+01 0.000000000e+00 0.000000000e+00 -6.610818555e-11 -3.000000000e+00 -3.000000000e+00 -1.435848610e-15 7.028334315e+01 6.962224694e+01 6.610961582e-11 
d 7.06305985547391e+01 0.000000000e+00 0.000000000e+00 -6.490149991e-11 -3.000000000e+00 -3.000000000e+00 -1.408242072e-15 7.063059855e+01 6.998156947e+01 6.490291001e-11 
d 7.07948257272372e+01 0.000000000e+00 0.000000000e+00 -6.466000511e-11 -3.000000000e+00 -3.000000000e+00 -1.406270904e-15 7.079482573e+01 7.014821161e+01 6.466140627e-11 
d 7.09590528997352e+01 0.000000000e+00 0.000000000e+00 -6.454240134e-11 -3.000000000e+00 -3.000000000e+00 -1.409001931e-15 7.095905290e+01 7.031361480e+01 6.454381066e-11 
d 7.11232800722333e+01 0.000000000e+00 0.000000000e+00 -6.450718028e-11 -3.000000000e+00 -3.000000000e+00 -1.414711768e-15 7.112328007e+01 7.047819412e+01 6.450859943e-11 
d 7.14321853057761e+01 0.000000000e+00 0.000000000e+00 -6.457157079e-11 -3.000000000e+00 -3.000000000e+00 -1.430321322e-15 7.143218531e+01 7.078645529e+01 6.457299927e-11 
d 7.16198968510271e+01 0.000000000e+00 0.000000000e+00 -6.466285587e-11 -3.000000000e+00 -3.000000000e+00 -1.441816702e-15 7.161989685e+01 7.097325387e+01 6.466429076e-11 
d 7.19125699246584e+01 0.000000000e+00 0.000000000e+00 -6.484525663e-11 -3.000000000e+00 -3.000000000e+00 -1.461444490e-15 7.191256992e+01 7.126410274e+01 6.484672075e-11 
d 7.23377468363052e+01 0.000000000e+00 0.000000000e+00 -6.516004261e-11 -3.000000000e+00 -3.000000000e+00 -1.492353969e-15 7.233774684e+01 7.168613149e+01 6.516153555e-11 
d 7.27528299071781e+01 0.000000000e+00 0.000000000e+00 -6.550082436e-11 -3.000000000e+00 -3.000000000e+00 -1.524468302e-15 7.275282991e+01 7.209780642e+01 6.550234111e-11 
d 7.32873418735827e+01 0.000000000e+00 0.000000000e+00 -6.596706832e-11 -3.000000000e+00 -3.000000000e+00 -1.567936626e-15 7.328734187e+01 7.262765551e+01 6.596862890e-11 
d 7.37621777766514e+01 0.000000000e+00 0.000000000e+00 -6.640416792e-11 -3.000000000e+00 -3.000000000e+00 -1.608369269e-15 7.376217778e+01 7.309812001e+01 6.640577332e-11 
d 7.44244218180253e+01 0.000000000e+00 0.000000000e+00 -6.703753403e-11 -3.000000000e+00 -3.000000000e+00 -1.667342951e-15 7.442442182e+01 7.375402980e+01 6.703920786e-11 
d 7.50294384586538e+01 0.000000000e+00 0.000000000e+00 -6.764260887e-11 -3.000000000e+00 -3.000000000e+00 -1.724157111e-15 7.502943846e+01 7.435299513e+01 6.764433085e-11 
d 7.56944180189834e+01 0.000000000e+00 0.000000000e+00 -6.835650721e-11 -3.000000000e+00 -3.000000000e+00 -1.790999024e-15 7.569441802e+01 7.501083504e+01 6.835829653e-11 
d 7.64618734719460e+01 0.000000000e+00 0.000000000e+00 -6.922894319e-11 -3.000000000e+00 -3.000000000e+00 -1.873771343e-15 7.646187347e+01 7.576956530e+01 6.923082136e-11 
d 7.72773533968693e+01 0.000000000e+00 0.000000000e+00 -7.020815452e-11 -3.000000000e+00 -3.000000000e+00 -1.968274715e-15 7.727735340e+01 7.657525217e+01 7.021012303e-11 
d 7.80815846872582e+01 0.000000000e+00 0.000000000e+00 -7.123889676e-11 -3.000000000e+00 -3.000000000e+00 -2.068169303e-15 7.808158469e+01 7.736917504e+01 7.124096589e-11 
d 7.87956638495115e+01 0.000000000e+00 0.000000000e+00 -7.211464574e-11 -3.000000000e+00 -3.000000000e+00 -2.153451469e-15 7.879566385e+01 7.807449586e+01 7.211679557e-11 
d 8.02238221740182e+01 0.000000000e+00 0.000000000e+00 -7.371182952e-11 -3.000000000e+00 -3.000000000e+00 -2.319327420e-15 8.022382217e+01 7.948668069e+01 7.371415221e-11 
d 8.07688876838960e+01 0.000000000e+00 0.000000000e+00 -7.437404967e-11 -3.000000000e+00 -3.000000000e+00 -2.388412373e-15 8.076888768e+01 8.002512330e+01 7.437643733e-11 
d 8.18590187036517e+01 0.000000000e+00 0.000000000e+00 -7.575114201e-11 -3.000000000e+00 -3.000000000e+00 -2.534103905e-15 8.185901870e+01 8.110148194e+01 7.575367679e-11 
d 8.36551519447265e+01 0.000000000e+00 0.000000000e+00 -7.814785020e-11 -3.000000000e+00 -3.000000000e+00 -2.795913381e-15 8.365515194e+01 8.287364548e+01 7.815064990e-11 
d 8.43883263340188e+01 0.000000000e+00 0.000000000e+00 -7.918799393e-11 -3.000000000e+00 -3.000000000e+00 -2.912927053e-15 8.438832633e+01 8.359641727e+01 7.919090412e-11 
d 8.58546751126034e+01 0.000000000e+00 0.000000000e+00 -8.138124362e-11 -3.000000000e+00 -3.000000000e+00 -3.166836239e-15 8.585467511e+01 8.504083101e+01 8.138441505e-11 
d 8.67156388189011e+01 0.000000000e+00 0.000000000e+00 -8.272654359e-11 -3.000000000e+00 -3.000000000e+00 -3.326992726e-15 8.671563882e+01 8.588834011e+01 8.272987223e-11 
d 8.84375662314963e+01 0.000000000e+00 0.000000000e+00 -8.516831173e-11 -3.000000000e+00 -3.000000000e+00 -3.629073268e-15 8.843756623e+01 8.758584682e+01 8.517194045e-11 
d 9.00415910181682e+01 0.000000000e+00 0.000000000e+00 -8.752149450e-11 -3.000000000e+00 -3.000000000e+00 -3.930941794e-15 9.004159102e+01 8.916633676e+01 8.752541834e-11 
d 9.16661230445000e+01 0.000000000e+00 0.000000000e+00 -8.998268768e-11 -3.000000000e+00 -3.000000000e+00 -4.259622700e-15 9.166612304e+01 9.076625357e+01 8.998694907e-11 
d 9.22435853157632e+01 0.000000000e+00 0.000000000e+00 -9.090551459e-11 -3.000000000e+00 -3.000000000e+00 -4.385577102e-15 9.224358532e+01 9.133448631e+01 9.090990359e-11 
d 9.33985098582896e+01 0.000000000e+00 0.000000000e+00 -9.279792790e-11 -3.000000000e+00 -3.000000000e+00 -4.650261658e-15 9.339850986e+01 9.247048408e+01 9.280258393e-11 
d 9.48256030398452e+01 0.000000000e+00 0.000000000e+00 -9.502677130e-11 -3.000000000e+00 -3.000000000e+00 -4.975165120e-15 9.482560304e+01 9.387528558e+01 9.503175182e-11 
d 9.70214037354663e+01 0.000000000e+00 0.000000000e+00 -9.828131786e-11 -3.000000000e+00 -3.000000000e+00 -5.472598179e-15 9.702140374e+01 9.603853583e+01 9.828678872e-11 
d 9.78994800969873e+01 0.000000000e+00 0.000000000e+00 -9.962010497e-11 -3.000000000e+00 -3.000000000e+00 -5.682964704e-15 9.789948010e+01 9.690322222e+01 9.962578957e-11 
d 9.87074902492496e+01 0.000000000e+00 0.000000000e+00 -1.009021791e-10 -3.000000000e+00 -3.000000000e+00 -5.887713990e-15 9.870749025e+01 9.769840958e+01 1.009080617e-10 
d 1.00167113743993e+02 0.000000000e+00 0.000000000e+00 -1.032549996e-10 -3.000000000e+00 -3.000000000e+00 -6.275322180e-15 1.001671137e+02 9.913450099e+01 1.032612690e-10 
d 1.01351478301041e+02 0.000000000e+00 0.000000000e+00 -1.049703097e-10 -3.000000000e+00 -3.000000000e+00 -6.571359030e-15 1.013514783e+02 1.003017095e+02 1.049768835e-10 
d 1.02535842858089e+02 0.000000000e+00 0.000000000e+00 -1.066761421e-10 -3.000000000e+00 -3.000000000e+00 -6.870853833e-15 1.025358429e+02 1.014690127e+02 1.066830119e-10 
d 1.03720207415138e+02 0.000000000e+00 0.000000000e+00 -1.083603493e-10 -3.000000000e+00 -3.000000000e+00 -7.173976265e-15 1.037202074e+02 1.026365322e+02 1.083675242e-10 
d 1.04005354695657e+02 0.000000000e+00 0.000000000e+00 -1.087939109e-10 -3.000000000e+00 -3.000000000e+00 -7.251959579e-15 1.040053547e+02 1.029173431e+02 1.088011598e-10 
d 1.04290501976176e+02 0.000000000e+00 0.000000000e+00 -1.092238004e-10 -3.000000000e+00 -3.000000000e+00 -7.330510272e-15 1.042905020e+02 1.031981907e+02 1.092311304e-10 
d 1.04575649256696e+02 0.000000000e+00 0.000000000e+00 -1.096544243e-10 -3.000000000e+00 -3.000000000e+00 -7.409843175e-15 1.045756493e+02 1.034790309e+02 1.096618343e-10 
d 1.05145943817735e+02 0.000000000e+00 0.000000000e+00 -1.105146191e-10 -3.000000000e+00 -3.000000000e+00 -7.570160883e-15 1.051459438e+02 1.040407219e+02 1.105221872e-10 
d 1.06286532939813e+02 0.000000000e+00 0.000000000e+00 -1.120895163e-10 -3.000000000e+00 -3.000000000e+00 -7.873779654e-15 1.062865329e+02 1.051655590e+02 1.120973922e-10 
d 1.07427122061891e+02 0.000000000e+00 0.000000000e+00 -1.135956314e-10 -3.000000000e+00 -3.000000000e+00 -8.169845563e-15 1.074271221e+02 1.062910840e+02 1.136038084e-10 
d 1.07997416622929e+02 0.000000000e+00 0.000000000e+00 -1.142763283e-10 -3.000000000e+00 -3.000000000e+00 -8.308675893e-15 1.079974166e+02 1.068545703e+02 1.142846407e-10 
d 1.08316280105599e+02 0.000000000e+00 0.000000000e+00 -1.147189845e-10 -3.000000000e+00 -3.000000000e+00 -8.395087376e-15 1.083162801e+02 1.071690063e+02 1.147273769e-10 
d 1.08635143588268e+02 0.000000000e+00 0.000000000e+00 -1.151530167e-10 -3.000000000e+00 -3.000000000e+00 -8.481910193e-15 1.086351436e+02 1.074835286e+02 1.151614876e-10 
d 1.08954007070938e+02 0.000000000e+00 0.000000000e+00 -1.155830996e-10 -3.000000000e+00 -3.000000000e+00 -8.569383079e-15 1.089540071e+02 1.077980904e+02 1.155916811e-10 
d 1.09272870553607e+02 0.000000000e+00 0.000000000e+00 -1.160088849e-10 -3.000000000e+00 -3.000000000e+00 -8.657290806e-15 1.092728706e+02 1.081126951e+02 1.160175324e-10 
d 1.09910597518946e+02 0.000000000e+00 0.000000000e+00 -1.168262144e-10 -3.000000000e+00 -3.000000000e+00 -8.831435420e-15 1.099105975e+02 1.087422471e+02 1.168350454e-10 
d 1.10548324484285e+02 0.000000000e+00 0.000000000e+00 -1.174318309e-10 -3.000000000e+00 -3.000000000e+00 -8.983603481e-15 1.105483245e+02 1.093739163e+02 1.174408114e-10 
d 1.10867187966955e+02 0.000000000e+00 0.000000000e+00 -1.172142670e-10 -3.000000000e+00 -3.000000000e+00 -9.018772461e-15 1.108671880e+02 1.096949551e+02 1.172232929e-10 
d 1.11026619708289e+02 0.000000000e+00 0.000000000e+00 -1.150339900e-10 -3.000000000e+00 -3.000000000e+00 -8.890652402e-15 1.110266197e+02 1.098761909e+02 1.150428801e-10 
d 1.11084974465721e+02 0.000000000e+00 0.000000000e+00 -1.140278478e-10 -3.000000000e+00 -3.000000000e+00 -8.803401365e-15 1.110849745e+02 1.099446080e+02 1.140366528e-10 
d 1.11143329223152e+02 0.000000000e+00 0.000000000e+00 -1.134373925e-10 -3.000000000e+00 -3.000000000e+00 -8.755718973e-15 1.111433292e+02 1.100088677e+02 1.134461379e-10 
d 1.11201683980584e+02 0.000000000e+00 0.000000000e+00 -1.131176723e-10 -3.000000000e+00 -3.000000000e+00 -8.733755277e-15 1.112016840e+02 1.100704199e+02 1.131264053e-10 
d 1.11260038738015e+02 0.000000000e+00 0.000000000e+00 -1.129520912e-10 -3.000000000e+00 -3.000000000e+00 -8.726538266e-15 1.112600387e+02 1.101304306e+02 1.129608147e-10 
d 1.11339172799522e+02 0.000000000e+00 0.000000000e+00 -1.128553493e-10 -3.000000000e+00 -3.000000000e+00 -8.728899676e-15 1.113391728e+02 1.102105320e+02 1.128640776e-10 
d 1.11416207220493e+02 0.000000000e+00 0.000000000e+00 -1.128339516e-10 -3.000000000e+00 -3.000000000e+00 -8.738014509e-15 1.114162072e+02 1.102877803e+02 1.128426876e-10 
d 1.11535178497083e+02 0.000000000e+00 0.000000000e+00 -1.128596371e-10 -3.000000000e+00 -3.000000000e+00 -8.757443593e-15 1.115351785e+02 1.104064946e+02 1.128683903e-10 
d 1.11654774470710e+02 0.000000000e+00 0.000000000e+00 -1.129167018e-10 -3.000000000e+00 -3.000000000e+00 -8.779562715e-15 1.116547745e+02 1.105255197e+02 1.129254801e-10 
d 1.11806874563361e+02 0.000000000e+00 0.000000000e+00 -1.130060253e-10 -3.000000000e+00 -3.000000000e+00 -8.808722495e-15 1.118068746e+02 1.106767262e+02 1.130148249e-10 
d 1.11962060852014e+02 0.000000000e+00 0.000000000e+00 -1.131178723e-10 -3.000000000e+00 -3.000000000e+00 -8.840050945e-15 1.119620609e+02 1.108307937e+02 1.131267167e-10 
d 1.12133873070683e+02 0.000000000e+00 0.000000000e+00 -1.132795648e-10 -3.000000000e+00 -3.000000000e+00 -8.878632565e-15 1.121338731e+02 1.110009886e+02 1.132884413e-10 
d 1.12336333793222e+02 0.000000000e+00 0.000000000e+00 -1.135064911e-10 -3.000000000e+00 -3.000000000e+00 -8.928571942e-15 1.123363338e+02 1.112011796e+02 1.135154156e-10 
d 1.12547553826379e+02 0.000000000e+00 0.000000000e+00 -1.137583208e-10 -3.000000000e+00 -3.000000000e+00 -8.982965405e-15 1.125475538e+02 1.114098808e+02 1.137672998e-10 
d 1.12787997415529e+02 0.000000000e+00 0.000000000e+00 -1.140491205e-10 -3.000000000e+00 -3.000000000e+00 -9.046148434e-15 1.127879974e+02 1.116474157e+02 1.140581726e-10 
d 1.13008445316301e+02 0.000000000e+00 0.000000000e+00 -1.143262071e-10 -3.000000000e+00 -3.000000000e+00 -9.105520160e-15 1.130084453e+02 1.118650922e+02 1.143353149e-10 
d 1.13274942494438e+02 0.000000000e+00 0.000000000e+00 -1.146661031e-10 -3.000000000e+00 -3.000000000e+00 -9.178591162e-15 1.132749425e+02 1.121281897e+02 1.146752737e-10 
d 1.13570555091660e+02 0.000000000e+00 0.000000000e+00 -1.150487183e-10 -3.000000000e+00 -3.000000000e+00 -9.260784658e-15 1.135705551e+02 1.124199753e+02 1.150579676e-10 
d 1.13767036440747e+02 0.000000000e+00 0.000000000e+00 -1.153127269e-10 -3.000000000e+00 -3.000000000e+00 -9.316572394e-15 1.137670364e+02 1.126138160e+02 1.153220449e-10 
d 1.14159999138922e+02 0.000000000e+00 0.000000000e+00 -1.158174049e-10 -3.000000000e+00 -3.000000000e+00 -9.426522245e-15 1.141599991e+02 1.130017308e+02 1.158268310e-10 
d 1.14326974488314e+02 0.000000000e+00 0.000000000e+00 -1.160223248e-10 -3.000000000e+00 -3.000000000e+00 -9.471947334e-15 1.143269745e+02 1.131666565e+02 1.160317896e-10 
d 1.14660925187098e+02 0.000000000e+00 0.000000000e+00 -1.164438696e-10 -3.000000000e+00 -3.000000000e+00 -9.563172416e-15 1.146609252e+02 1.134963909e+02 1.164534312e-10 
d 1.14993791751327e+02 0.000000000e+00 0.000000000e+00 -1.168724951e-10 -3.000000000e+00 -3.000000000e+00 -9.655360813e-15 1.149937918e+02 1.138249702e+02 1.168821551e-10 
d 1.15444024055598e+02 0.000000000e+00 0.000000000e+00 -1.174338785e-10 -3.000000000e+00 -3.000000000e+00 -9.779331924e-15 1.154440241e+02 1.142695875e+02 1.174436570e-10 
d 1.15740244265642e+02 0.000000000e+00 0.000000000e+00 -1.178042331e-10 -3.000000000e+00 -3.000000000e+00 -9.860274673e-15 1.157402443e+02 1.145621033e+02 1.178140955e-10 
d 1.16183632515345e+02 0.000000000e+00 0.000000000e+00 -1.183489814e-10 -3.000000000e+00 -3.000000000e+00 -9.979365023e-15 1.161836325e+02 1.150000429e+02 1.183589750e-10 
d 1.16607439483813e+02 0.000000000e+00 0.000000000e+00 -1.189270743e-10 -3.000000000e+00 -3.000000000e+00 -1.010273882e-14 1.166074395e+02 1.154180677e+02 1.189371831e-10 
d 1.17112377188795e+02 0.000000000e+00 0.000000000e+00 -1.196184836e-10 -3.000000000e+00 -3.000000000e+00 -1.025469059e-14 1.171123772e+02 1.159160898e+02 1.196287372e-10 
d 1.17367130954034e+02 0.000000000e+00 0.000000000e+00 -1.199846278e-10 -3.000000000e+00 -3.000000000e+00 -1.033395827e-14 1.173671310e+02 1.161671813e+02 1.199949648e-10 
d 1.17876638484513e+02 0.000000000e+00 0.000000000e+00 -1.207142941e-10 -3.000000000e+00 -3.000000000e+00 -1.049389254e-14 1.178766385e+02 1.166693906e+02 1.207247865e-10 
d 1.18583123517659e+02 0.000000000e+00 0.000000000e+00 -1.216730267e-10 -3.000000000e+00 -3.000000000e+00 -1.071176026e-14 1.185831235e+02 1.173662861e+02 1.216837380e-10 
d 1.18892469198432e+02 0.000000000e+00 0.000000000e+00 -1.220693153e-10 -3.000000000e+00 -3.000000000e+00 -1.080494629e-14 1.188924692e+02 1.176716680e+02 1.220801149e-10 
d 1.19511160559979e+02 0.000000000e+00 0.000000000e+00 -1.229085753e-10 -3.000000000e+00 -3.000000000e+00 -1.099696637e-14 1.195111606e+02 1.182819648e+02 1.229195728e-10 
d 1.20330895957240e+02 0.000000000e+00 0.000000000e+00 -1.239762425e-10 -3.000000000e+00 -3.000000000e+00 -1.124497353e-14 1.203308960e+02 1.190910211e+02 1.239874954e-10 
d 1.20676471383149e+02 0.000000000e+00 0.000000000e+00 -1.244552663e-10 -3.000000000e+00 -3.000000000e+00 -1.135416507e-14 1.206764714e+02 1.194318052e+02 1.244666233e-10 
d 1.21317448783268e+02 0.000000000e+00 0.000000000e+00 -1.253548058e-10 -3.000000000e+00 -3.000000000e+00 -1.156441746e-14 1.213174488e+02 1.200637851e+02 1.253663626e-10 
d 1.21765305935056e+02 0.000000000e+00 0.000000000e+00 -1.259752928e-10 -3.000000000e+00 -3.000000000e+00 -1.171452409e-14 1.217653059e+02 1.205054359e+02 1.259870114e-10 
d 1.22661020238632e+02 0.000000000e+00 0.000000000e+00 -1.272492276e-10 -3.000000000e+00 -3.000000000e+00 -1.202184701e-14 1.226610202e+02 1.213884077e+02 1.272612427e-10 
d 1.23182149666575e+02 0.000000000e+00 0.000000000e+00 -1.279664178e-10 -3.000000000e+00 -3.000000000e+00 -1.219750965e-14 1.231821497e+02 1.219023635e+02 1.279786169e-10 
d 1.24219146261792e+02 0.000000000e+00 0.000000000e+00 -1.293666376e-10 -3.000000000e+00 -3.000000000e+00 -1.254541729e-14 1.242191463e+02 1.229253544e+02 1.293791851e-10 
d 1.24574457974766e+02 0.000000000e+00 0.000000000e+00 -1.298250398e-10 -3.000000000e+00 -3.000000000e+00 -1.266187085e-14 1.245744580e+02 1.232760810e+02 1.298376949e-10 
d 1.25196956994199e+02 0.000000000e+00 0.000000000e+00 -1.306804766e-10 -3.000000000e+00 -3.000000000e+00 -1.287765342e-14 1.251969570e+02 1.238900235e+02 1.306933459e-10 
d 1.25793153819553e+02 0.000000000e+00 0.000000000e+00 -1.315201213e-10 -3.000000000e+00 -3.000000000e+00 -1.309435364e-14 1.257931538e+02 1.244778217e+02 1.315332088e-10 
d 1.26985547470263e+02 0.000000000e+00 0.000000000e+00 -1.332301443e-10 -3.000000000e+00 -3.000000000e+00 -1.353986482e-14 1.269855475e+02 1.256531106e+02 1.332436836e-10 
d 1.27382314366140e+02 0.000000000e+00 0.000000000e+00 -1.337780337e-10 -3.000000000e+00 -3.000000000e+00 -1.368578581e-14 1.273823144e+02 1.260443972e+02 1.337917279e-10 
d 1.28175848157896e+02 0.000000000e+00 0.000000000e+00 -1.348716019e-10 -3.000000000e+00 -3.000000000e+00 -1.397886340e-14 1.281758482e+02 1.268269924e+02 1.348855875e-10 
d 1.29015219045926e+02 0.000000000e+00 0.000000000e+00 -1.359845400e-10 -3.000000000e+00 -3.000000000e+00 -1.428326972e-14 1.290152190e+02 1.276552308e+02 1.359988138e-10 
d 1.29385701052966e+02 0.000000000e+00 0.000000000e+00 -1.364988264e-10 -3.000000000e+00 -3.000000000e+00 -1.442298840e-14 1.293857011e+02 1.280205686e+02 1.365132530e-10 
d 1.30126665067046e+02 0.000000000e+00 0.000000000e+00 -1.375392004e-10 -3.000000000e+00 -3.000000000e+00 -1.471164656e-14 1.301266651e+02 1.287511259e+02 1.375539223e-10 
d 1.31441013105806e+02 0.000000000e+00 0.000000000e+00 -1.393947830e-10 -3.000000000e+00 -3.000000000e+00 -1.524292383e-14 1.314410131e+02 1.300469128e+02 1.394100319e-10 
d 1.32199904699380e+02 0.000000000e+00 0.000000000e+00 -1.404601964e-10 -3.000000000e+00 -3.000000000e+00 -1.555143933e-14 1.321999047e+02 1.307951472e+02 1.404757389e-10 
d 1.33355316922635e+02 0.000000000e+00 0.000000000e+00 -1.420326937e-10 -3.000000000e+00 -3.000000000e+00 -1.601650236e-14 1.333553169e+02 1.319348298e+02 1.420487046e-10 
d 1.33768749468680e+02 0.000000000e+00 0.000000000e+00 -1.426069590e-10 -3.000000000e+00 -3.000000000e+00 -1.618661877e-14 1.337687495e+02 1.323425180e+02 1.426231425e-10 
d 1.34532411512971e+02 0.000000000e+00 0.000000000e+00 -1.436866513e-10 -3.000000000e+00 -3.000000000e+00 -1.651082743e-14 1.345324115e+02 1.330953799e+02 1.437031768e-10 
d 1.35543176935807e+02 0.000000000e+00 0.000000000e+00 -1.451129792e-10 -3.000000000e+00 -3.000000000e+00 -1.694892102e-14 1.355431769e+02 1.340918777e+02 1.451299179e-10 
d 1.37564707781478e+02 0.000000000e+00 0.000000000e+00 -1.478706880e-10 -3.000000000e+00 -3.000000000e+00 -1.782665274e-14 1.375647078e+02 1.360858226e+02 1.478885117e-10 
d 1.38573191836285e+02 0.000000000e+00 0.000000000e+00 -1.492681251e-10 -3.000000000e+00 -3.000000000e+00 -1.828245775e-14 1.385731918e+02 1.370803278e+02 1.492863997e-10 
d 1.38964806070813e+02 0.000000000e+00 0.000000000e+00 -1.498311167e-10 -3.000000000e+00 -3.000000000e+00 -1.846701288e-14 1.389648061e+02 1.374663102e+02 1.498495930e-10 
d 1.39748034539869e+02 0.000000000e+00 0.000000000e+00 -1.509534309e-10 -3.000000000e+00 -3.000000000e+00 -1.884077923e-14 1.397480345e+02 1.382383118e+02 1.509722626e-10 
d 1.41145891255217e+02 0.000000000e+00 0.000000000e+00 -1.529140281e-10 -3.000000000e+00 -3.000000000e+00 -1.950907505e-14 1.411458913e+02 1.396165559e+02 1.529335328e-10 
d 1.41774059664075e+02 0.000000000e+00 0.000000000e+00 -1.537777809e-10 -3.000000000e+00 -3.000000000e+00 -1.980901674e-14 1.417740597e+02 1.402360838e+02 1.537975911e-10 
d 1.43030396481791e+02 0.000000000e+00 0.000000000e+00 -1.554888809e-10 -3.000000000e+00 -3.000000000e+00 -2.041181478e-14 1.430303965e+02 1.414753036e+02 1.555092937e-10 
d 1.43300483016383e+02 0.000000000e+00 0.000000000e+00 -1.558687113e-10 -3.000000000e+00 -3.000000000e+00 -2.054644208e-14 1.433004830e+02 1.417415904e+02 1.558892536e-10 
d 1.43840656085567e+02 0.000000000e+00 0.000000000e+00 -1.566261075e-10 -3.000000000e+00 -3.000000000e+00 -2.081842134e-14 1.438406561e+02 1.422741868e+02 1.566469316e-10 
d 1.44921002223936e+02 0.000000000e+00 0.000000000e+00 -1.581344410e-10 -3.000000000e+00 -3.000000000e+00 -2.136976572e-14 1.449210022e+02 1.433394441e+02 1.581558058e-10 
d 1.47081694500674e+02 0.000000000e+00 0.000000000e+00 -1.610738310e-10 -3.000000000e+00 -3.000000000e+00 -2.248221695e-14 1.470816945e+02 1.454707314e+02 1.610963069e-10 
d 1.47609517957824e+02 0.000000000e+00 0.000000000e+00 -1.618031278e-10 -3.000000000e+00 -3.000000000e+00 -2.276463460e-14 1.476095180e+02 1.459912590e+02 1.618258978e-10 
d 1.48457341048577e+02 0.000000000e+00 0.000000000e+00 -1.630044865e-10 -3.000000000e+00 -3.000000000e+00 -2.323419468e-14 1.484573410e+02 1.468270638e+02 1.630277240e-10 
d 1.49769798804330e+02 0.000000000e+00 0.000000000e+00 -1.648630083e-10 -3.000000000e+00 -3.000000000e+00 -2.397671837e-14 1.497697988e+02 1.481209290e+02 1.648869873e-10 
d 1.50830761109078e+02 0.000000000e+00 0.000000000e+00 -1.663375053e-10 -3.000000000e+00 -3.000000000e+00 -2.457879667e-14 1.508307611e+02 1.491671403e+02 1.663620824e-10 
d 1.52270078909300e+02 0.000000000e+00 0.000000000e+00 -1.683010589e-10 -3.000000000e+00 -3.000000000e+00 -2.539763083e-14 1.522700789e+02 1.505868143e+02 1.683264403e-10 
d 1.52577212800782e+02 0.000000000e+00 0.000000000e+00 -1.687286157e-10 -3.000000000e+00 -3.000000000e+00 -2.557739776e-14 1.525772128e+02 1.508896709e+02 1.687542021e-10 
d 1.53191480583748e+02 0.000000000e+00 0.000000000e+00 -1.695864256e-10 -3.000000000e+00 -3.000000000e+00 -2.594222466e-14 1.531914806e+02 1.514953569e+02 1.696123690e-10 
d 1.54420016149680e+02 0.000000000e+00 0.000000000e+00 -1.713019945e-10 -3.000000000e+00 -3.000000000e+00 -2.668498335e-14 1.544200161e+02 1.527067294e+02 1.713286751e-10 
d 1.55648551715611e+02 0.000000000e+00 0.000000000e+00 -1.729871690e-10 -3.000000000e+00 -3.000000000e+00 -2.743095870e-14 1.556485517e+02 1.539184057e+02 1.730146011e-10 
d 1.56877087281543e+02 0.000000000e+00 0.000000000e+00 -1.746419312e-10 -3.000000000e+00 -3.000000000e+00 -2.817875701e-14 1.568770873e+02 1.551303862e+02 1.746701051e-10 
d 1.57324859930169e+02 0.000000000e+00 0.000000000e+00 -1.752527837e-10 -3.000000000e+00 -3.000000000e+00 -2.845754739e-14 1.573248599e+02 1.555720475e+02 1.752812479e-10 
d 1.57772632578796e+02 0.000000000e+00 0.000000000e+00 -1.758693715e-10 -3.000000000e+00 -3.000000000e+00 -2.874147881e-14 1.577726326e+02 1.560136514e+02 1.758981053e-10 
d 1.58220405227422e+02 0.000000000e+00 0.000000000e+00 -1.764899456e-10 -3.000000000e+00 -3.000000000e+00 -2.902991326e-14 1.582204052e+02 1.564552155e+02 1.765189800e-10 
d 1.59115950524675e+02 0.000000000e+00 0.000000000e+00 -1.777344265e-10 -3.000000000e+00 -3.000000000e+00 -2.961691722e-14 1.591159505e+02 1.573383101e+02 1.777640403e-10 
d 1.60907041119180e+02 0.000000000e+00 0.000000000e+00 -1.802134681e-10 -3.000000000e+00 -3.000000000e+00 -3.081583971e-14 1.609070411e+02 1.591045983e+02 1.802442862e-10 
d 1.62108490792205e+02 0.000000000e+00 0.000000000e+00 -1.818601461e-10 -3.000000000e+00 -3.000000000e+00 -3.163018382e-14 1.621084908e+02 1.602895730e+02 1.818917717e-10 
d 1.62521977467779e+02 0.000000000e+00 0.000000000e+00 -1.824355779e-10 -3.000000000e+00 -3.000000000e+00 -3.191777297e-14 1.625219775e+02 1.606973025e+02 1.824674867e-10 
d 1.63348950818926e+02 0.000000000e+00 0.000000000e+00 -1.835935854e-10 -3.000000000e+00 -3.000000000e+00 -3.250339951e-14 1.633489508e+02 1.615126899e+02 1.836260899e-10 
d 1.65002897521221e+02 0.000000000e+00 0.000000000e+00 -1.858922135e-10 -3.000000000e+00 -3.000000000e+00 -3.369167975e-14 1.650028975e+02 1.631436385e+02 1.859258968e-10 
d 1.66857863392029e+02 0.000000000e+00 0.000000000e+00 -1.884142784e-10 -3.000000000e+00 -3.000000000e+00 -3.503290038e-14 1.668578634e+02 1.649733703e+02 1.884493172e-10 
d 1.67259495265431e+02 0.000000000e+00 0.000000000e+00 -1.889637652e-10 -3.000000000e+00 -3.000000000e+00 -3.532928551e-14 1.672594953e+02 1.653695043e+02 1.889990892e-10 
d 1.68062759012234e+02 0.000000000e+00 0.000000000e+00 -1.900715357e-10 -3.000000000e+00 -3.000000000e+00 -3.593336212e-14 1.680627590e+02 1.661616843e+02 1.901074725e-10 
d 1.69669286505840e+02 0.000000000e+00 0.000000000e+00 -1.922856808e-10 -3.000000000e+00 -3.000000000e+00 -3.716588877e-14 1.696692865e+02 1.677460580e+02 1.923228379e-10 
d 1.71275813999446e+02 0.000000000e+00 0.000000000e+00 -1.944581967e-10 -3.000000000e+00 -3.000000000e+00 -3.840670626e-14 1.712758140e+02 1.693308480e+02 1.944966102e-10 
d 1.72633019087259e+02 0.000000000e+00 0.000000000e+00 -1.962889034e-10 -3.000000000e+00 -3.000000000e+00 -3.947453399e-14 1.726330191e+02 1.706697353e+02 1.963283762e-10 
d 1.73099140549295e+02 0.000000000e+00 0.000000000e+00 -1.969270461e-10 -3.000000000e+00 -3.000000000e+00 -3.985185994e-14 1.730991405e+02 1.711294716e+02 1.969668967e-10 
d 1.73565262011330e+02 0.000000000e+00 0.000000000e+00 -1.975666166e-10 -3.000000000e+00 -3.000000000e+00 -4.023316286e-14 1.735652620e+02 1.715891935e+02 1.976068510e-10 
d 1.74031383473365e+02 0.000000000e+00 0.000000000e+00 -1.982056053e-10 -3.000000000e+00 -3.000000000e+00 -4.061720420e-14 1.740313835e+02 1.720489212e+02 1.982462253e-10 
d 1.74963626397436e+02 0.000000000e+00 0.000000000e+00 -1.994761361e-10 -3.000000000e+00 -3.000000000e+00 -4.139005015e-14 1.749636264e+02 1.729684511e+02 1.995175222e-10 
d 1.76828112245577e+02 0.000000000e+00 0.000000000e+00 -2.020011276e-10 -3.000000000e+00 -3.000000000e+00 -4.296269844e-14 1.768281122e+02 1.748076713e+02 2.020440935e-10 
d 1.77396815119159e+02 0.000000000e+00 0.000000000e+00 -2.027778997e-10 -3.000000000e+00 -3.000000000e+00 -4.345421562e-14 1.773968151e+02 1.753686016e+02 2.028213592e-10 
d 1.78514544209873e+02 0.000000000e+00 0.000000000e+00 -2.043218713e-10 -3.000000000e+00 -3.000000000e+00 -4.444427655e-14 1.785145442e+02 1.764708811e+02 2.043663147e-10 
d 1.80097964928376e+02 0.000000000e+00 0.000000000e+00 -2.065042914e-10 -3.000000000e+00 -3.000000000e+00 -4.587389047e-14 1.800979649e+02 1.780324633e+02 2.065501590e-10 
d 1.82051714514950e+02 0.000000000e+00 0.000000000e+00 -2.091485431e-10 -3.000000000e+00 -3.000000000e+00 -4.765201176e-14 1.820517145e+02 1.799597526e+02 2.091962033e-10 
d 1.82609306730654e+02 0.000000000e+00 0.000000000e+00 -2.099036645e-10 -3.000000000e+00 -3.000000000e+00 -4.816824498e-14 1.826093067e+02 1.805097884e+02 2.099518432e-10 
d 1.83724491162064e+02 0.000000000e+00 0.000000000e+00 -2.114292765e-10 -3.000000000e+00 -3.000000000e+00 -4.922457469e-14 1.837244912e+02 1.816097062e+02 2.114785000e-10 
d 1.85405498038418e+02 0.000000000e+00 0.000000000e+00 -2.137225956e-10 -3.000000000e+00 -3.000000000e+00 -5.084762750e-14 1.854054980e+02 1.832677636e+02 2.137734282e-10 
d 1.87086504914771e+02 0.000000000e+00 0.000000000e+00 -2.159767217e-10 -3.000000000e+00 -3.000000000e+00 -5.248390670e-14 1.870865049e+02 1.849262129e+02 2.160291992e-10 
d 1.87864138338413e+02 0.000000000e+00 0.000000000e+00 -2.170181772e-10 -3.000000000e+00 -3.000000000e+00 -5.325291719e-14 1.878641383e+02 1.856934240e+02 2.170714344e-10 
d 1.88641771762055e+02 0.000000000e+00 0.000000000e+00 -2.180700218e-10 -3.000000000e+00 -3.000000000e+00 -5.403852413e-14 1.886417718e+02 1.864605312e+02 2.181240628e-10 
d 1.89419405185697e+02 0.000000000e+00 0.000000000e+00 -2.191261618e-10 -3.000000000e+00 -3.000000000e+00 -5.483694759e-14 1.894194052e+02 1.872275952e+02 2.191809939e-10 
d 1.90197038609339e+02 0.000000000e+00 0.000000000e+00 -2.201774319e-10 -3.000000000e+00 -3.000000000e+00 -5.564126871e-14 1.901970386e+02 1.879947079e+02 2.202330711e-10 
d 1.91752305456623e+02 0.000000000e+00 0.000000000e+00 -2.222566399e-10 -3.000000000e+00 -3.000000000e+00 -5.725929783e-14 1.917523055e+02 1.895291665e+02 2.223138985e-10 
d 1.92963681054443e+02 0.000000000e+00 0.000000000e+00 -2.238617116e-10 -3.000000000e+00 -3.000000000e+00 -5.853282367e-14 1.929636811e+02 1.907244786e+02 2.239202396e-10 
d 1.93548784139918e+02 0.000000000e+00 0.000000000e+00 -2.246442240e-10 -3.000000000e+00 -3.000000000e+00 -5.916119670e-14 1.935487841e+02 1.913017503e+02 2.247033781e-10 
d 1.94133887225392e+02 0.000000000e+00 0.000000000e+00 -2.254315667e-10 -3.000000000e+00 -3.000000000e+00 -5.979910750e-14 1.941338872e+02 1.918789736e+02 2.254913597e-10 
d 1.94718990310866e+02 0.000000000e+00 0.000000000e+00 -2.262204229e-10 -3.000000000e+00 -3.000000000e+00 -6.044405086e-14 1.947189903e+02 1.924561816e+02 2.262808730e-10 
d 1.95304093396341e+02 0.000000000e+00 0.000000000e+00 -2.270071813e-10 -3.000000000e+00 -3.000000000e+00 -6.109319806e-14 1.953040934e+02 1.930334107e+02 2.270682655e-10 
d 1.96474299567289e+02 0.000000000e+00 0.000000000e+00 -2.285718250e-10 -3.000000000e+00 -3.000000000e+00 -6.240178198e-14 1.964742996e+02 1.941879573e+02 2.286342134e-10 
d 1.97644505738238e+02 0.000000000e+00 0.000000000e+00 -2.301266433e-10 -3.000000000e+00 -3.000000000e+00 -6.372665224e-14 1.976445057e+02 1.953426020e+02 2.301903712e-10 
d 1.98671242518690e+02 0.000000000e+00 0.000000000e+00 -2.315004816e-10 -3.000000000e+00 -3.000000000e+00 -6.491560421e-14 1.986712425e+02 1.963555885e+02 2.315653920e-10 
d 1.99584875306258e+02 0.000000000e+00 0.000000000e+00 -2.327372518e-10 -3.000000000e+00 -3.000000000e+00 -6.600074833e-14 1.995848753e+02 1.972568428e+02 2.328032616e-10 
d 2.00498508093827e+02 0.000000000e+00 0.000000000e+00 -2.339752302e-10 -3.000000000e+00 -3.000000000e+00 -6.710182410e-14 2.004985081e+02 1.981580848e+02 2.340423297e-10 
d 2.01412140881395e+02 0.000000000e+00 0.000000000e+00 -2.352043163e-10 -3.000000000e+00 -3.000000000e+00 -6.820951342e-14 2.014121409e+02 1.990594156e+02 2.352725175e-10 
d 2.03239406456532e+02 0.000000000e+00 0.000000000e+00 -2.376331110e-10 -3.000000000e+00 -3.000000000e+00 -7.044070808e-14 2.032394065e+02 2.008623709e+02 2.377035424e-10 
d 2.03910834267006e+02 0.000000000e+00 0.000000000e+00 -2.385256290e-10 -3.000000000e+00 -3.000000000e+00 -7.127412865e-14 2.039108343e+02 2.015248652e+02 2.385969024e-10 
d 2.05154414268622e+02 0.000000000e+00 0.000000000e+00 -2.401934380e-10 -3.000000000e+00 -3.000000000e+00 -7.285249445e-14 2.051544143e+02 2.027517514e+02 2.402662985e-10 
d 2.07013797665313e+02 0.000000000e+00 0.000000000e+00 -2.426779177e-10 -3.000000000e+00 -3.000000000e+00 -7.525624009e-14 2.070137977e+02 2.045862659e+02 2.427531855e-10 
d 2.08873181062004e+02 0.000000000e+00 0.000000000e+00 -2.451255267e-10 -3.000000000e+00 -3.000000000e+00 -7.768511098e-14 2.088731811e+02 2.064211489e+02 2.452032053e-10 
d 2.09413369785284e+02 0.000000000e+00 0.000000000e+00 -2.458384711e-10 -3.000000000e+00 -3.000000000e+00 -7.840344002e-14 2.094133698e+02 2.069542010e+02 2.459168729e-10 
d 2.09953558508563e+02 0.000000000e+00 0.000000000e+00 -2.465551819e-10 -3.000000000e+00 -3.000000000e+00 -7.913097776e-14 2.099535585e+02 2.074872154e+02 2.466343152e-10 
d 2.10493747231843e+02 0.000000000e+00 0.000000000e+00 -2.472744187e-10 -3.000000000e+00 -3.000000000e+00 -7.986657381e-14 2.104937472e+02 2.080202044e+02 2.473542800e-10 
d 2.11033935955123e+02 0.000000000e+00 0.000000000e+00 -2.479935998e-10 -3.000000000e+00 -3.000000000e+00 -8.060769864e-14 2.110339360e+02 2.085531939e+02 2.480742016e-10 
d 2.12114313401682e+02 0.000000000e+00 0.000000000e+00 -2.494238166e-10 -3.000000000e+00 -3.000000000e+00 -8.209806673e-14 2.121143134e+02 2.096192543e+02 2.495059040e-10 
d 2.14275068294800e+02 0.000000000e+00 0.000000000e+00 -2.522479083e-10 -3.000000000e+00 -3.000000000e+00 -8.510497835e-14 2.142750683e+02 2.117517382e+02 2.523330151e-10 
d 2.14815285737640e+02 0.000000000e+00 0.000000000e+00 -2.529546659e-10 -3.000000000e+00 -3.000000000e+00 -8.587029277e-14 2.148152857e+02 2.122848804e+02 2.530405485e-10 
d 2.15895720623319e+02 0.000000000e+00 0.000000000e+00 -2.543778965e-10 -3.000000000e+00 -3.000000000e+00 -8.742841753e-14 2.158957206e+02 2.133510674e+02 2.544653116e-10 
d 2.17900610812491e+02 0.000000000e+00 0.000000000e+00 -2.570113516e-10 -3.000000000e+00 -3.000000000e+00 -9.037228612e-14 2.179006108e+02 2.153295936e+02 2.571017143e-10 
d 2.19905501001662e+02 0.000000000e+00 0.000000000e+00 -2.596084236e-10 -3.000000000e+00 -3.000000000e+00 -9.335264758e-14 2.199055010e+02 2.173084832e+02 2.597017729e-10 
d 2.20388345022553e+02 0.000000000e+00 0.000000000e+00 -2.602364561e-10 -3.000000000e+00 -3.000000000e+00 -9.408455068e-14 2.203883450e+02 2.177850396e+02 2.603305445e-10 
d 2.20871189043445e+02 0.000000000e+00 0.000000000e+00 -2.608672783e-10 -3.000000000e+00 -3.000000000e+00 -9.482457741e-14 2.208711890e+02 2.182615680e+02 2.609620940e-10 
d 2.21354033064336e+02 0.000000000e+00 0.000000000e+00 -2.615001437e-10 -3.000000000e+00 -3.000000000e+00 -9.557189068e-14 2.213540331e+02 2.187380759e+02 2.615957022e-10 
d 2.21836877085228e+02 0.000000000e+00 0.000000000e+00 -2.621334340e-10 -3.000000000e+00 -3.000000000e+00 -9.632471705e-14 2.218368771e+02 2.192145795e+02 2.622297768e-10 
d 2.22802565127011e+02 0.000000000e+00 0.000000000e+00 -2.633959090e-10 -3.000000000e+00 -3.000000000e+00 -9.784064704e-14 2.228025651e+02 2.201676276e+02 2.634937463e-10 
d 2.24733941210577e+02 0.000000000e+00 0.000000000e+00 -2.658999979e-10 -3.000000000e+00 -3.000000000e+00 -1.009080383e-13 2.247339412e+02 2.220739322e+02 2.660009230e-10 
d 2.25734227625965e+02 0.000000000e+00 0.000000000e+00 -2.671972399e-10 -3.000000000e+00 -3.000000000e+00 -1.025276367e-13 2.257342276e+02 2.230612300e+02 2.672997439e-10 
d 2.26790784000539e+02 0.000000000e+00 0.000000000e+00 -2.685792839e-10 -3.000000000e+00 -3.000000000e+00 -1.042760639e-13 2.267907840e+02 2.241039484e+02 2.686835441e-10 
d 2.28831498202946e+02 0.000000000e+00 0.000000000e+00 -2.712423776e-10 -3.000000000e+00 -3.000000000e+00 -1.077139977e-13 2.288314982e+02 2.261179973e+02 2.713500853e-10 
d 2.30777485895006e+02 0.000000000e+00 0.000000000e+00 -2.737472091e-10 -3.000000000e+00 -3.000000000e+00 -1.110299801e-13 2.307774859e+02 2.280389035e+02 2.738582613e-10 
d 2.31342528352052e+02 0.000000000e+00 0.000000000e+00 -2.744762196e-10 -3.000000000e+00 -3.000000000e+00 -1.120096992e-13 2.313425284e+02 2.285966461e+02 2.745882386e-10 
d 2.31907570809098e+02 0.000000000e+00 0.000000000e+00 -2.752084664e-10 -3.000000000e+00 -3.000000000e+00 -1.130008569e-13 2.319075708e+02 2.291543561e+02 2.753214626e-10 
d 2.32472613266145e+02 0.000000000e+00 0.000000000e+00 -2.759426828e-10 -3.000000000e+00 -3.000000000e+00 -1.140018732e-13 2.324726133e+02 2.297120464e+02 2.760566669e-10 
d 2.33037655723191e+02 0.000000000e+00 0.000000000e+00 -2.766763909e-10 -3.000000000e+00 -3.000000000e+00 -1.150094889e-13 2.330376557e+02 2.302697417e+02 2.767914053e-10 
d 2.34167740637283e+02 0.000000000e+00 0.000000000e+00 -2.781355130e-10 -3.000000000e+00 -3.000000000e+00 -1.170349049e-13 2.341677406e+02 2.313852152e+02 2.782525482e-10 
d 2.36427910465468e+02 0.000000000e+00 0.000000000e+00 -2.810212078e-10 -3.000000000e+00 -3.000000000e+00 -1.211251671e-13 2.364279105e+02 2.336164871e+02 2.811423157e-10 
d 2.36902229224940e+02 0.000000000e+00 0.000000000e+00 -2.816283611e-10 -3.000000000e+00 -3.000000000e+00 -1.219997993e-13 2.369022292e+02 2.340847256e+02 2.817503894e-10 
d 2.37850866743885e+02 0.000000000e+00 0.000000000e+00 -2.828482175e-10 -3.000000000e+00 -3.000000000e+00 -1.237730564e-13 2.378508667e+02 2.350211468e+02 2.829719741e-10 
d 2.39748141781774e+02 0.000000000e+00 0.000000000e+00 -2.852802992e-10 -3.000000000e+00 -3.000000000e+00 -1.273729816e-13 2.397481418e+02 2.368940651e+02 2.854076635e-10 
d 2.41645416819664e+02 0.000000000e+00 0.000000000e+00 -2.876803684e-10 -3.000000000e+00 -3.000000000e+00 -1.310114952e-13 2.416454168e+02 2.387673030e+02 2.878113982e-10 
d 2.42314992653490e+02 0.000000000e+00 0.000000000e+00 -2.885280792e-10 -3.000000000e+00 -3.000000000e+00 -1.323172322e-13 2.423149927e+02 2.394283887e+02 2.886604280e-10 
d 2.42984568487316e+02 0.000000000e+00 0.000000000e+00 -2.893797716e-10 -3.000000000e+00 -3.000000000e+00 -1.336404630e-13 2.429845685e+02 2.400894344e+02 2.895134107e-10 
d 2.43654144321142e+02 0.000000000e+00 0.000000000e+00 -2.902335591e-10 -3.000000000e+00 -3.000000000e+00 -1.349785091e-13 2.436541443e+02 2.407504589e+02 2.903685482e-10 
d 2.44323720154968e+02 0.000000000e+00 0.000000000e+00 -2.910857452e-10 -3.000000000e+00 -3.000000000e+00 -1.363255580e-13 2.443237202e+02 2.414114994e+02 2.912220352e-10 
d 2.45662871822620e+02 0.000000000e+00 0.000000000e+00 -2.927780260e-10 -3.000000000e+00 -3.000000000e+00 -1.390338924e-13 2.456628718e+02 2.427337012e+02 2.929170336e-10 
d 2.47002023490272e+02 0.000000000e+00 0.000000000e+00 -2.944550595e-10 -3.000000000e+00 -3.000000000e+00 -1.417611048e-13 2.470020235e+02 2.440560553e+02 2.945968295e-10 
d 2.47917413973537e+02 0.000000000e+00 0.000000000e+00 -2.956035552e-10 -3.000000000e+00 -3.000000000e+00 -1.436532839e-13 2.479174140e+02 2.449599419e+02 2.957472009e-10 
d 2.48832804456801e+02 0.000000000e+00 0.000000000e+00 -2.967588263e-10 -3.000000000e+00 -3.000000000e+00 -1.455773503e-13 2.488328045e+02 2.458637604e+02 2.969044148e-10 
d 2.49748194940066e+02 0.000000000e+00 0.000000000e+00 -2.979146442e-10 -3.000000000e+00 -3.000000000e+00 -1.475237782e-13 2.497481949e+02 2.467675733e+02 2.980621681e-10 
d 2.50663585423331e+02 0.000000000e+00 0.000000000e+00 -2.990640132e-10 -3.000000000e+00 -3.000000000e+00 -1.494806685e-13 2.506635854e+02 2.476714505e+02 2.992135171e-10 
d 2.52494366389860e+02 0.000000000e+00 0.000000000e+00 -3.013413228e-10 -3.000000000e+00 -3.000000000e+00 -1.534209113e-13 2.524943664e+02 2.494794190e+02 3.014947526e-10 
d 2.53314274283261e+02 0.000000000e+00 0.000000000e+00 -3.023613000e-10 -3.000000000e+00 -3.000000000e+00 -1.552126429e-13 2.533142743e+02 2.502891092e+02 3.025165263e-10 
d 2.54732178171299e+02 0.000000000e+00 0.000000000e+00 -3.041366460e-10 -3.000000000e+00 -3.000000000e+00 -1.583728912e-13 2.547321782e+02 2.516892280e+02 3.042950207e-10 
d 2.56973110820300e+02 0.000000000e+00 0.000000000e+00 -3.069275664e-10 -3.000000000e+00 -3.000000000e+00 -1.634529800e-13 2.569731108e+02 2.539022006e+02 3.070910066e-10 
d 2.58808117419001e+02 0.000000000e+00 0.000000000e+00 -3.091989025e-10 -3.000000000e+00 -3.000000000e+00 -1.676934077e-13 2.588081174e+02 2.557144515e+02 3.093665895e-10 
d 2.59392360356606e+02 0.000000000e+00 0.000000000e+00 -3.099279764e-10 -3.000000000e+00 -3.000000000e+00 -1.690751879e-13 2.593923604e+02 2.562913898e+02 3.100970399e-10 
d 2.59976603294211e+02 0.000000000e+00 0.000000000e+00 -3.106594605e-10 -3.000000000e+00 -3.000000000e+00 -1.704716849e-13 2.599766033e+02 2.568683040e+02 3.108299464e-10 
d 2.60560846231816e+02 0.000000000e+00 0.000000000e+00 -3.113909785e-10 -3.000000000e+00 -3.000000000e+00 -1.718782027e-13 2.605608462e+02 2.574452177e+02 3.115628734e-10 
d 2.61145089169421e+02 0.000000000e+00 0.000000000e+00 -3.121203231e-10 -3.000000000e+00 -3.000000000e+00 -1.732903230e-13 2.611450892e+02 2.580221530e+02 3.122935842e-10 
d 2.62313575044630e+02 0.000000000e+00 0.000000000e+00 -3.135698155e-10 -3.000000000e+00 -3.000000000e+00 -1.761254109e-13 2.623135750e+02 2.591761156e+02 3.137459270e-10 
d 2.63482060919840e+02 0.000000000e+00 0.000000000e+00 -3.150091446e-10 -3.000000000e+00 -3.000000000e+00 -1.789781751e-13 2.634820609e+02 2.603301797e+02 3.151881099e-10 
d 2.64650546795050e+02 0.000000000e+00 0.000000000e+00 -3.164518021e-10 -3.000000000e+00 -3.000000000e+00 -1.818749843e-13 2.646505468e+02 2.614842100e+02 3.166336616e-10 
d 2.65819032670259e+02 0.000000000e+00 0.000000000e+00 -3.179020113e-10 -3.000000000e+00 -3.000000000e+00 -1.848258541e-13 2.658190327e+02 2.626381643e+02 3.180868334e-10 
d 2.66987518545469e+02 0.000000000e+00 0.000000000e+00 -3.193465508e-10 -3.000000000e+00 -3.000000000e+00 -1.878049546e-13 2.669875185e+02 2.637921750e+02 3.195343367e-10 
d 2.68156004420678e+02 0.000000000e+00 0.000000000e+00 -3.207785876e-10 -3.000000000e+00 -3.000000000e+00 -1.907974047e-13 2.681560044e+02 2.649463106e+02 3.209693772e-10 
d 2.70483826141215e+02 0.000000000e+00 0.000000000e+00 -3.236247169e-10 -3.000000000e+00 -3.000000000e+00 -1.968602979e-13 2.704838261e+02 2.672456104e+02 3.238215700e-10 
d 2.70992713431481e+02 0.000000000e+00 0.000000000e+00 -3.242504916e-10 -3.000000000e+00 -3.000000000e+00 -1.982143615e-13 2.709927134e+02 2.677482264e+02 3.244486917e-10 
d 2.72010488012012e+02 0.000000000e+00 0.000000000e+00 -3.254994346e-10 -3.000000000e+00 -3.000000000e+00 -2.009403081e-13 2.720104880e+02 2.687534843e+02 3.257003753e-10 
d 2.74046037173074e+02 0.000000000e+00 0.000000000e+00 -3.279710124e-10 -3.000000000e+00 -3.000000000e+00 -2.064266630e-13 2.740460372e+02 2.707642628e+02 3.281774266e-10 
d 2.75312899852550e+02 0.000000000e+00 0.000000000e+00 -3.295036058e-10 -3.000000000e+00 -3.000000000e+00 -2.098896689e-13 2.753128999e+02 2.720157649e+02 3.297135039e-10 
d 2.76400541004762e+02 0.000000000e+00 0.000000000e+00 -3.308264545e-10 -3.000000000e+00 -3.000000000e+00 -2.129170972e-13 2.764005410e+02 2.730901473e+02 3.310393645e-10 
d 2.78575823309186e+02 0.000000000e+00 0.000000000e+00 -3.334592566e-10 -3.000000000e+00 -3.000000000e+00 -2.190514744e-13 2.785758233e+02 2.752390402e+02 3.336782925e-10 
d 2.80751105613610e+02 0.000000000e+00 0.000000000e+00 -3.360648593e-10 -3.000000000e+00 -3.000000000e+00 -2.252654111e-13 2.807511056e+02 2.773882044e+02 3.362901298e-10 
d 2.81267956219202e+02 0.000000000e+00 0.000000000e+00 -3.366866964e-10 -3.000000000e+00 -3.000000000e+00 -2.267694340e-13 2.812679562e+02 2.778988216e+02 3.369134539e-10 
d 2.81784806824795e+02 0.000000000e+00 0.000000000e+00 -3.373095581e-10 -3.000000000e+00 -3.000000000e+00 -2.282844549e-13 2.817848068e+02 2.784094284e+02 3.375378232e-10 
d 2.82301657430387e+02 0.000000000e+00 0.000000000e+00 -3.379321351e-10 -3.000000000e+00 -3.000000000e+00 -2.298072944e-13 2.823016574e+02 2.789200380e+02 3.381619317e-10 
d 2.82818508035979e+02 0.000000000e+00 0.000000000e+00 -3.385530426e-10 -3.000000000e+00 -3.000000000e+00 -2.313345551e-13 2.828185080e+02 2.794306643e+02 3.387844021e-10 
d 2.83852209247164e+02 0.000000000e+00 0.000000000e+00 -3.397876574e-10 -3.000000000e+00 -3.000000000e+00 -2.343965244e-13 2.838522092e+02 2.804519887e+02 3.400220670e-10 
d 2.85919611669533e+02 0.000000000e+00 0.000000000e+00 -3.422390691e-10 -3.000000000e+00 -3.000000000e+00 -2.405754277e-13 2.859196117e+02 2.824948152e+02 3.424796488e-10 
d 2.86489439908789e+02 0.000000000e+00 0.000000000e+00 -3.429170165e-10 -3.000000000e+00 -3.000000000e+00 -2.423075049e-13 2.864894399e+02 2.830578467e+02 3.431593408e-10 
d 2.87629096387301e+02 0.000000000e+00 0.000000000e+00 -3.442758930e-10 -3.000000000e+00 -3.000000000e+00 -2.458109106e-13 2.876290964e+02 2.841838793e+02 3.445217228e-10 
d 2.89908409344325e+02 0.000000000e+00 0.000000000e+00 -3.469684246e-10 -3.000000000e+00 -3.000000000e+00 -2.528784253e-13 2.899084093e+02 2.864361963e+02 3.472213229e-10 
d 2.91922579808715e+02 0.000000000e+00 0.000000000e+00 -3.493342995e-10 -3.000000000e+00 -3.000000000e+00 -2.592259811e-13 2.919225798e+02 2.884266446e+02 3.495935206e-10 
d 2.92590552768084e+02 0.000000000e+00 0.000000000e+00 -3.501225718e-10 -3.000000000e+00 -3.000000000e+00 -2.613700440e-13 2.925905528e+02 2.890867133e+02 3.503839530e-10 
d 2.93926498686822e+02 0.000000000e+00 0.000000000e+00 -3.516933085e-10 -3.000000000e+00 -3.000000000e+00 -2.656871103e-13 2.939264987e+02 2.904069087e+02 3.519589933e-10 
d 2.95262444605560e+02 0.000000000e+00 0.000000000e+00 -3.532486160e-10 -3.000000000e+00 -3.000000000e+00 -2.700203696e-13 2.952624446e+02 2.917272582e+02 3.535186175e-10 
d 2.96598390524298e+02 0.000000000e+00 0.000000000e+00 -3.547996551e-10 -3.000000000e+00 -3.000000000e+00 -2.743995112e-13 2.965983905e+02 2.930476500e+02 3.550740397e-10 
d 2.97551597657241e+02 0.000000000e+00 0.000000000e+00 -3.559110608e-10 -3.000000000e+00 -3.000000000e+00 -2.775734630e-13 2.975515977e+02 2.939897113e+02 3.561886244e-10 
d 2.98504804790184e+02 0.000000000e+00 0.000000000e+00 -3.570227578e-10 -3.000000000e+00 -3.000000000e+00 -2.807792657e-13 2.985048048e+02 2.949317694e+02 3.573035411e-10 
d 2.99458011923127e+02 0.000000000e+00 0.000000000e+00 -3.581276357e-10 -3.000000000e+00 -3.000000000e+00 -2.839963486e-13 2.994580119e+02 2.958738956e+02 3.584116427e-10 
d 3.01364426189013e+02 0.000000000e+00 0.000000000e+00 -3.603187579e-10 -3.000000000e+00 -3.000000000e+00 -2.904671448e-13 3.013644262e+02 2.977583339e+02 3.606092051e-10 
d 3.02093438931884e+02 0.000000000e+00 0.000000000e+00 -3.611575795e-10 -3.000000000e+00 -3.000000000e+00 -2.929763267e-13 3.020934389e+02 2.984789334e+02 3.614505701e-10 
d 3.03551464417627e+02 0.000000000e+00 0.000000000e+00 -3.628401066e-10 -3.000000000e+00 -3.000000000e+00 -2.980645199e-13 3.035514644e+02 2.999200827e+02 3.631381418e-10 
d 3.06430440765918e+02 0.000000000e+00 0.000000000e+00 -3.661246298e-10 -3.000000000e+00 -3.000000000e+00 -3.082134501e-13 3.064304408e+02 3.027661123e+02 3.664328432e-10 
d 3.07094394726100e+02 0.000000000e+00 0.000000000e+00 -3.668800978e-10 -3.000000000e+00 -3.000000000e+00 -3.105880015e-13 3.070943947e+02 3.034224879e+02 3.671907023e-10 
d 3.08422302646465e+02 0.000000000e+00 0.000000000e+00 -3.683960201e-10 -3.000000000e+00 -3.000000000e+00 -3.154000771e-13 3.084223026e+02 3.047351884e+02 3.687114125e-10 
d 3.10904838998612e+02 0.000000000e+00 0.000000000e+00 -3.712050323e-10 -3.000000000e+00 -3.000000000e+00 -3.244872388e-13 3.109048390e+02 3.071895438e+02 3.715295409e-10 
d 3.12256313231595e+02 0.000000000e+00 0.000000000e+00 -3.727264386e-10 -3.000000000e+00 -3.000000000e+00 -3.295021333e-13 3.122563132e+02 3.085257538e+02 3.730559349e-10 
d 3.13379913784071e+02 0.000000000e+00 0.000000000e+00 -3.739971822e-10 -3.000000000e+00 -3.000000000e+00 -3.337430427e-13 3.133799138e+02 3.096366045e+02 3.743309381e-10 
d 3.15627114889023e+02 0.000000000e+00 0.000000000e+00 -3.765222178e-10 -3.000000000e+00 -3.000000000e+00 -3.423179184e-13 3.156271149e+02 3.118584695e+02 3.768645335e-10 
d 3.17817330403735e+02 0.000000000e+00 0.000000000e+00 -3.789721263e-10 -3.000000000e+00 -3.000000000e+00 -3.508257833e-13 3.178173304e+02 3.140241009e+02 3.793229430e-10 
d 3.18459393998511e+02 0.000000000e+00 0.000000000e+00 -3.796932229e-10 -3.000000000e+00 -3.000000000e+00 -3.533652356e-13 3.184593940e+02 3.146589281e+02 3.800465553e-10 
d 3.19743521188064e+02 0.000000000e+00 0.000000000e+00 -3.811280827e-10 -3.000000000e+00 -3.000000000e+00 -3.584667197e-13 3.197435212e+02 3.159286557e+02 3.814865504e-10 
d 3.21027648377617e+02 0.000000000e+00 0.000000000e+00 -3.825497568e-10 -3.000000000e+00 -3.000000000e+00 -3.635843191e-13 3.210276484e+02 3.171985150e+02 3.829133468e-10 
d 3.22311775567170e+02 0.000000000e+00 0.000000000e+00 -3.839708694e-10 -3.000000000e+00 -3.000000000e+00 -3.687626451e-13 3.223117756e+02 3.184683792e+02 3.843396160e-10 
d 3.23537023051594e+02 0.000000000e+00 0.000000000e+00 -3.853313722e-10 -3.000000000e+00 -3.000000000e+00 -3.737803600e-13 3.235370231e+02 3.196799715e+02 3.857051428e-10 
d 3.24762270536018e+02 0.000000000e+00 0.000000000e+00 -3.866836841e-10 -3.000000000e+00 -3.000000000e+00 -3.788278749e-13 3.247622705e+02 3.208916454e+02 3.870625078e-10 
d 3.25987518020442e+02 0.000000000e+00 0.000000000e+00 -3.880245623e-10 -3.000000000e+00 -3.000000000e+00 -3.838915145e-13 3.259875180e+02 3.221034335e+02 3.884084735e-10 
d 3.27353253672086e+02 0.000000000e+00 0.000000000e+00 -3.895199286e-10 -3.000000000e+00 -3.000000000e+00 -3.896081539e-13 3.273532537e+02 3.234541583e+02 3.899095276e-10 
d 3.28583346322705e+02 0.000000000e+00 0.000000000e+00 -3.908701562e-10 -3.000000000e+00 -3.000000000e+00 -3.948347283e-13 3.285833463e+02 3.246706964e+02 3.912650048e-10 
d 3.31043531623943e+02 0.000000000e+00 0.000000000e+00 -3.935398060e-10 -3.000000000e+00 -3.000000000e+00 -4.053535647e-13 3.310435316e+02 3.271040800e+02 3.939451788e-10 
d 3.31803719992218e+02 0.000000000e+00 0.000000000e+00 -3.943626556e-10 -3.000000000e+00 -3.000000000e+00 -4.086450840e-13 3.318037200e+02 3.278560070e+02 3.947713130e-10 
d 3.33324096728769e+02 0.000000000e+00 0.000000000e+00 -3.960120561e-10 -3.000000000e+00 -3.000000000e+00 -4.153156011e-13 3.333240967e+02 3.293598230e+02 3.964273672e-10 
d 3.35924849277469e+02 0.000000000e+00 0.000000000e+00 -3.988002916e-10 -3.000000000e+00 -3.000000000e+00 -4.268163447e-13 3.359248493e+02 3.319325782e+02 3.992271005e-10 
d 3.36544416741736e+02 0.000000000e+00 0.000000000e+00 -3.994633528e-10 -3.000000000e+00 -3.000000000e+00 -4.295928057e-13 3.365444167e+02 3.325454873e+02 3.998929454e-10 
d 3.37783551670272e+02 0.000000000e+00 0.000000000e+00 -4.007918330e-10 -3.000000000e+00 -3.000000000e+00 -4.352057793e-13 3.377835517e+02 3.337712813e+02 4.012270372e-10 
d 3.40261821527342e+02 0.000000000e+00 0.000000000e+00 -4.034186098e-10 -3.000000000e+00 -3.000000000e+00 -4.465057389e-13 3.402618215e+02 3.362231704e+02 4.038650923e-10 
d 3.41028757130448e+02 0.000000000e+00 0.000000000e+00 -4.042288179e-10 -3.000000000e+00 -3.000000000e+00 -4.500460357e-13 3.410287571e+02 3.369819685e+02 4.046788649e-10 
d 3.42562628336659e+02 0.000000000e+00 0.000000000e+00 -4.058517247e-10 -3.000000000e+00 -3.000000000e+00 -4.572210360e-13 3.425626283e+02 3.384995389e+02 4.063089280e-10 
d 3.45183422582518e+02 0.000000000e+00 0.000000000e+00 -4.085903067e-10 -3.000000000e+00 -3.000000000e+00 -4.695937347e-13 3.451834226e+02 3.410928236e+02 4.090598922e-10 
d 3.45711029545809e+02 0.000000000e+00 0.000000000e+00 -4.091412212e-10 -3.000000000e+00 -3.000000000e+00 -4.721222104e-13 3.457110295e+02 3.416148961e+02 4.096133361e-10 
d 3.46766243472391e+02 0.000000000e+00 0.000000000e+00 -4.102438567e-10 -3.000000000e+00 -3.000000000e+00 -4.772224122e-13 3.467662435e+02 3.426590327e+02 4.107210738e-10 
d 3.48876671325556e+02 0.000000000e+00 0.000000000e+00 -4.124247760e-10 -3.000000000e+00 -3.000000000e+00 -4.874613756e-13 3.488766713e+02 3.447475490e+02 4.129122124e-10 
d 3.49958469024983e+02 0.000000000e+00 0.000000000e+00 -4.135377486e-10 -3.000000000e+00 -3.000000000e+00 -4.927624613e-13 3.499584690e+02 3.458181639e+02 4.140304858e-10 
d 3.51349867362457e+02 0.000000000e+00 0.000000000e+00 -4.149720661e-10 -3.000000000e+00 -3.000000000e+00 -4.996714118e-13 3.513498674e+02 3.471951500e+02 4.154717611e-10 
d 3.53913216906016e+02 0.000000000e+00 0.000000000e+00 -4.175871227e-10 -3.000000000e+00 -3.000000000e+00 -5.124953487e-13 3.539132169e+02 3.497322207e+02 4.180996476e-10 
d 3.54895023590112e+02 0.000000000e+00 0.000000000e+00 -4.185856992e-10 -3.000000000e+00 -3.000000000e+00 -5.174697159e-13 3.548950236e+02 3.507039919e+02 4.191031769e-10 
d 3.56608635392061e+02 0.000000000e+00 0.000000000e+00 -4.203339792e-10 -3.000000000e+00 -3.000000000e+00 -5.262843749e-13 3.566086354e+02 3.524000328e+02 4.208602747e-10 
d 3.59205542499262e+02 0.000000000e+00 0.000000000e+00 -4.229832481e-10 -3.000000000e+00 -3.000000000e+00 -5.399018184e-13 3.592055425e+02 3.549703110e+02 4.235231677e-10 
d 3.64399356713663e+02 0.000000000e+00 0.000000000e+00 -4.282955131e-10 -3.000000000e+00 -3.000000000e+00 -5.681764805e-13 3.643993567e+02 3.601107198e+02 4.288636733e-10 
d 3.74786985142467e+02 0.000000000e+00 0.000000000e+00 -4.389917502e-10 -3.000000000e+00 -3.000000000e+00 -6.292642365e-13 3.747869851e+02 3.703907750e+02 4.396210108e-10 
d 3.79137316844283e+02 0.000000000e+00 0.000000000e+00 -4.435034450e-10 -3.000000000e+00 -3.000000000e+00 -6.568099676e-13 3.791373168e+02 3.746957143e+02 4.441602741e-10 
d 3.87837980247917e+02 0.000000000e+00 0.000000000e+00 -4.525889551e-10 -3.000000000e+00 -3.000000000e+00 -7.157574918e-13 3.878379802e+02 3.833049331e+02 4.533047003e-10 
d 3.93677418186299e+02 0.000000000e+00 0.000000000e+00 -4.587360722e-10 -3.000000000e+00 -3.000000000e+00 -7.584687536e-13 3.936774182e+02 3.890824728e+02 4.594945416e-10 
d 4.05349743385457e+02 0.000000000e+00 0.000000000e+00 -4.711559607e-10 -3.000000000e+00 -3.000000000e+00 -8.525341334e-13 4.053497434e+02 4.006296584e+02 4.720084958e-10 
d 4.15613887053054e+02 0.000000000e+00 0.000000000e+00 -4.822608992e-10 -3.000000000e+00 -3.000000000e+00 -9.468498537e-13 4.156138871e+02 4.107818096e+02 4.832077360e-10 
d 4.17709583496053e+02 0.000000000e+00 0.000000000e+00 -4.845476265e-10 -3.000000000e+00 -3.000000000e+00 -9.675868589e-13 4.177095835e+02 4.128544314e+02 4.855152214e-10 
d 4.21900976382049e+02 0.000000000e+00 0.000000000e+00 -4.891393432e-10 -3.000000000e+00 -3.000000000e+00 -1.010674808e-12 4.219009764e+02 4.169994762e+02 4.901499936e-10 
d 4.29495286198437e+02 0.000000000e+00 0.000000000e+00 -4.975229475e-10 -3.000000000e+00 -3.000000000e+00 -1.094685126e-12 4.294952862e+02 4.245091099e+02 4.986160947e-10 
d 4.44683905831214e+02 0.000000000e+00 0.000000000e+00 -5.145529598e-10 -3.000000000e+00 -3.000000000e+00 -1.289821351e-12 4.446839058e+02 4.395254780e+02 5.158427419e-10 
d 4.61944366432735e+02 0.000000000e+00 0.000000000e+00 -5.343714667e-10 -3.000000000e+00 -3.000000000e+00 -1.569786707e-12 4.619443664e+02 4.565849539e+02 5.359412351e-10 
d 4.80908559056403e+02 0.000000000e+00 0.000000000e+00 -5.567567857e-10 -3.000000000e+00 -3.000000000e+00 -1.988849243e-12 4.809085591e+02 4.753211027e+02 5.587456302e-10 
d 5.02456048143419e+02 0.000000000e+00 0.000000000e+00 -5.830003765e-10 -3.000000000e+00 -3.000000000e+00 -2.743191740e-12 5.024560481e+02 4.965986125e+02 5.857435703e-10 
d 5.24539201190808e+02 0.000000000e+00 0.000000000e+00 -6.109927453e-10 -3.000000000e+00 -3.000000000e+00 -4.804866149e-12 5.245392012e+02 5.183812251e+02 6.157975939e-10 
d 5.30742998727966e+02 0.000000000e+00 0.000000000e+00 -6.193516523e-10 -3.000000000e+00 -3.000000000e+00 -6.695673929e-12 5.307429987e+02 5.244825255e+02 6.260473192e-10 
d 5.36443355463555e+02 0.000000000e+00 0.000000000e+00 -6.275277169e-10 -3.000000000e+00 -3.000000000e+00 -1.050954015e-11 5.364433555e+02 5.300629829e+02 6.380372713e-10 
d 5.42143712199144e+02 0.000000000e+00 0.000000000e+00 -6.366377330e-10 -3.000000000e+00 -3.000000000e+00 -1.798126505e-11 5.421437122e+02 5.355975222e+02 6.546190156e-10 
d 5.47844068934733e+02 0.000000000e+00 0.000000000e+00 -6.479175005e-10 -3.000000000e+00 -3.000000000e+00 -3.024312134e-11 5.478440689e+02 5.410624627e+02 6.781606056e-10 
d 5.53544425670322e+02 0.000000000e+00 0.000000000e+00 -6.620317185e-10 -3.000000000e+00 -3.000000000e+00 -4.683306982e-11 5.535444257e+02 5.464557778e+02 7.088647738e-10 
d 5.64945139141500e+02 0.000000000e+00 0.000000000e+00 -6.936815341e-10 -3.000000000e+00 -3.000000000e+00 -8.941725066e-11 5.649451391e+02 5.571141513e+02 7.830988043e-10 
d 5.68811633943270e+02 0.000000000e+00 0.000000000e+00 -7.045725791e-10 -3.000000000e+00 -3.000000000e+00 -1.069489474e-10 5.688116339e+02 5.606964187e+02 8.115215327e-10 
d 5.76544623546811e+02 0.000000000e+00 0.000000000e+00 -7.264071222e-10 -3.000000000e+00 -3.000000000e+00 -1.481420395e-10 5.765446235e+02 5.677991319e+02 8.745491339e-10 
d 5.92010602753891e+02 0.000000000e+00 0.000000000e+00 -7.709613500e-10 -3.000000000e+00 -3.000000000e+00 -2.640045694e-10 5.920106028e+02 5.816609436e+02 1.034965924e-09 
d 6.22942561168052e+02 0.000000000e+00 0.000000000e+00 -8.660965071e-10 -3.000000000e+00 -3.000000000e+00 -7.230723775e-10 6.229425612e+02 6.070508723e+02 1.589168883e-09 
d 6.82393461901787e+02 0.000000000e+00 0.000000000e+00 -1.050031339e-09 -3.000000000e+00 -3.000000000e+00 -3.071522162e-09 6.823934619e+02 6.411779269e+02 4.121553492e-09 
d 7.70927899860655e+02 0.000000000e+00 0.000000000e+00 -1.247892792e-09 -3.000000000e+00 -3.000000000e+00 -9.443325426e-09 7.709278999e+02 6.640157177e+02 1.069121770e-08 
d 9.47996775778392e+02 0.000000000e+00 0.000000000e+00 -1.475506559e-09 -3.000000000e+00 -3.000000000e+00 -2.519951603e-08 9.479967758e+02 6.812465498e+02 2.667502251e-08 
d 1.30213452761387e+03 0.000000000e+00 0.000000000e+00 -1.730543072e-09 -3.000000000e+00 -3.000000000e+00 -5.904128619e-08 1.302134528e+03 6.944162350e+02 6.077182925e-08 
d 2.01041003128481e+03 0.000000000e+00 0.000000000e+00 -2.036026375e-09 -3.000000000e+00 -3.000000000e+00 -1.284793716e-07 2.010410031e+03 7.052560517e+02 1.305153980e-07 
d 3.42696103862671e+03 0.000000000e+00 0.000000000e+00 -2.437400260e-09 -3.000000000e+00 -3.000000000e+00 -2.687913491e-07 3.426961039e+03 7.146735451e+02 2.712287493e-07 
d 6.26006305331050e+03 0.000000000e+00 0.000000000e+00 -3.025804415e-09 -3.000000000e+00 -3.000000000e+00 -5.506673614e-07 6.260063053e+03 7.231313953e+02 5.536931658e-07 
d 1.19262670826781e+04 0.000000000e+00 0.000000000e+00 -3.996649768e-09 -3.000000000e+00 -3.000000000e+00 -1.115542169e-06 1.192626708e+04 7.308788942e+02 1.119538819e-06 
d 2.32586751414132e+04 0.000000000e+00 0.000000000e+00 -5.778914735e-09 -3.000000000e+00 -3.000000000e+00 -2.246285980e-06 2.325867514e+04 7.380261944e+02 2.252064895e-06 
d 4.59234912588835e+04 0.000000000e+00 0.000000000e+00 -9.306680549e-09 -3.000000000e+00 -3.000000000e+00 -4.508590349e-06 4.592349126e+04 7.445209640e+02 4.517897029e-06 
d 9.12531234938242e+04 0.000000000e+00 0.000000000e+00 -1.659661324e-08 -3.000000000e+00 -3.000000000e+00 -9.033710344e-06 9.125312349e+04 7.500539237e+02 9.050306957e-06 
d 1.81912387963705e+05 0.000000000e+00 0.000000000e+00 -3.208178406e-08 -3.000000000e+00 -3.000000000e+00 -1.808375795e-05 1.819123880e+05 7.539906565e+02 1.811583973e-05 
d 3.63230916903468e+05 0.000000000e+00 0.000000000e+00 -6.523638984e-08 -3.000000000e+00 -3.000000000e+00 -3.618228533e-05 3.632309169e+05 7.556997108e+02 3.624752172e-05 
d 7.25867974782993e+05 0.000000000e+00 0.000000000e+00 -1.338091646e-07 -3.000000000e+00 -3.000000000e+00 -7.237749562e-05 7.258679748e+05 7.549268877e+02 7.251130479e-05 
d 1.43768535962595e+06 0.000000000e+00 0.000000000e+00 -2.630484765e-07 -3.000000000e+00 -3.000000000e+00 -1.434303137e-04 1.437685360e+06 7.517377345e+02 1.436933622e-04 
d 2.28553079168426e+06 0.000000000e+00 0.000000000e+00 -4.043201878e-07 -3.000000000e+00 -3.000000000e+00 -2.280739426e-04 2.285530792e+06 7.481641547e+02 2.284782628e-04 
d 3.77252789564801e+06 0.000000000e+00 0.000000000e+00 -6.273460536e-07 -3.000000000e+00 -3.000000000e+00 -3.765511600e-04 3.772527896e+06 7.428354517e+02 3.771785060e-04 
d 6.29662241560636e+06 0.000000000e+00 0.000000000e+00 -9.588603069e-07 -3.000000000e+00 -3.000000000e+00 -6.286298374e-04 6.296622416e+06 7.354385877e+02 6.295886977e-04 
d 1.09016113484943e+07 0.000000000e+00 0.000000000e+00 -1.470814184e-06 -3.000000000e+00 -3.000000000e+00 -1.088617858e-03 1.090161135e+07 7.246287730e+02 1.090088672e-03 
d 2.01115892142703e+07 0.000000000e+00 0.000000000e+00 -2.302632359e-06 -3.000000000e+00 -3.000000000e+00 -2.008785511e-03 2.011158921e+07 7.077814447e+02 2.011088143e-03 
d 3.22267427261348e+07 0.000000000e+00 0.000000000e+00 -3.295380748e-06 -3.000000000e+00 -3.000000000e+00 -3.219309858e-03 3.222674273e+07 6.903426067e+02 3.222605238e-03 
d 5.54309621513981e+07 0.000000000e+00 0.000000000e+00 -5.567235349e-06 -3.000000000e+00 -3.000000000e+00 -5.537462385e-03 5.543096215e+07 6.659478664e+02 5.543029620e-03 
d 8.08085162401777e+07 0.000000000e+00 0.000000000e+00 -9.160554903e-06 -3.000000000e+00 -3.000000000e+00 -8.071626024e-03 8.080851624e+07 6.504488326e+02 8.080786579e-03 
d 9.42899816062895e+07 0.000000000e+00 0.000000000e+00 -1.147408709e-05 -3.000000000e+00 -3.000000000e+00 -9.417459532e-03 9.428998161e+07 6.454152436e+02 9.428933619e-03 
d 1.00000000000000e+08 0.000000000e+00 0.000000000e+00 -1.249792534e-05 -3.000000000e+00 -3.000000000e+00 -9.987437728e-03 1.000000000e+08 6.434707243e+02 9.999935653e-03 
