v ATLAS
# This file was created by ATLAS version 5.26.1.R on Wed Apr 18 02:00:32 2018.
#SSF 2.0 generic
##############################################################################
#                    Copyright (c) 1984 - 2018                               #
#                    Silvaco Inc. All rights reserved                        #
#                                                                            #
# This file format and the following Key are copyright Silvaco Inc.          #
# You may not use, this format or key without reproducing this message in    #
# full and obtaining express written permission from Silvaco Inc.            #
#                                                                            #
# To obtain such permission please contact: Silvaco Inc.                     #
#                                           support@silvaco.com              #
#                                                                            #
# KEY=SVC86hn7562asdx                       PROD=345                         #
##############################################################################
y 3 700 711 15
z 3 0.00123077 300
f 4 "source" "gate" "drain" "substrate" 
p 12 2 601 20 3 602 21 4 603 22 5 604 23 
d 0.000000000e+00 0.000000000e+00 -4.720179554e-05 0.000000000e+00 0.000000000e+00 -5.623636988e-23 1.000000000e+00 1.000000000e+00 4.720179554e-05 0.000000000e+00 5.748755979e-26 -8.468463727e-30 
d 0.000000000e+00 0.000000000e+00 -4.401301655e-05 -2.500000000e-01 -2.500000000e-01 -6.332148562e-23 1.000000000e+00 1.000000000e+00 4.401301655e-05 0.000000000e+00 9.883600862e-22 -1.803476045e-28 
d 0.000000000e+00 0.000000000e+00 -3.991306081e-05 -5.000000000e-01 -5.000000000e-01 -7.026949339e-23 1.000000000e+00 1.000000000e+00 3.991306081e-05 0.000000000e+00 -3.049988827e-23 2.491232208e-28 
d 0.000000000e+00 0.000000000e+00 -3.448976122e-05 -7.500000000e-01 -7.500000000e-01 -7.689885833e-23 1.000000000e+00 1.000000000e+00 3.448976122e-05 0.000000000e+00 8.556120116e-20 1.000551056e-28 
d 0.000000000e+00 0.000000000e+00 -2.706977099e-05 -1.000000000e+00 -1.000000000e+00 -8.279009504e-23 1.000000000e+00 1.000000000e+00 2.706977099e-05 0.000000000e+00 -9.693754203e-22 -2.706769829e-28 
d 0.000000000e+00 0.000000000e+00 -1.763246916e-05 -1.250000000e+00 -1.250000000e+00 -8.720425036e-23 1.000000000e+00 1.000000000e+00 1.763246916e-05 0.000000000e+00 2.362966247e-19 9.713584884e-29 
d 0.000000000e+00 0.000000000e+00 -9.058367531e-06 -1.500000000e+00 -1.500000000e+00 -9.106467586e-23 1.000000000e+00 1.000000000e+00 9.058367531e-06 0.000000000e+00 1.946647491e-20 -6.052638896e-29 
d 0.000000000e+00 0.000000000e+00 -2.869075571e-06 -1.750000000e+00 -1.750000000e+00 -9.482179543e-23 1.000000000e+00 1.000000000e+00 2.869075571e-06 0.000000000e+00 1.165225390e-19 -2.071983416e-28 
d 0.000000000e+00 0.000000000e+00 -1.674401119e-07 -2.000000000e+00 -2.000000000e+00 -9.813026037e-23 1.000000000e+00 1.000000000e+00 1.674401119e-07 0.000000000e+00 2.440144987e-21 2.567626109e-28 
d 0.000000000e+00 0.000000000e+00 -5.181425061e-10 -2.250000000e+00 -2.250000000e+00 -9.997300026e-23 1.000000000e+00 1.000000000e+00 5.181425060e-10 0.000000000e+00 1.368032859e-18 -3.085185470e-28 
d 0.000000000e+00 0.000000000e+00 -1.544170058e-13 -2.500000000e+00 -2.500000000e+00 -1.006858537e-22 1.000000000e+00 1.000000000e+00 1.544170760e-13 0.000000000e+00 2.558922568e-23 -1.033480534e-28 
d 0.000000000e+00 0.000000000e+00 -3.336359276e-17 -2.750000000e+00 -2.750000000e+00 -1.011677670e-22 1.000000000e+00 1.000000000e+00 3.351794759e-17 0.000000000e+00 7.555185820e-26 -1.662089211e-28 
d 0.000000000e+00 0.000000000e+00 -4.569891552e-20 -3.000000000e+00 -3.000000000e+00 -1.015477643e-22 1.000000000e+00 1.000000000e+00 -3.785540009e-19 0.000000000e+00 -6.609782358e-23 -2.771414696e-28 
d 0.000000000e+00 0.000000000e+00 -4.568925794e-20 -3.250000000e+00 -3.250000000e+00 -1.019267386e-22 1.000000000e+00 1.000000000e+00 -1.876527023e-20 0.000000000e+00 -7.780934125e-24 -1.622622914e-28 
d 0.000000000e+00 0.000000000e+00 -2.610812872e-20 -3.500000000e+00 -3.500000000e+00 -1.023053616e-22 1.000000000e+00 1.000000000e+00 -1.231981586e-19 0.000000000e+00 7.893337192e-23 2.334026192e-28 
d 0.000000000e+00 0.000000000e+00 9.137870572e-20 -3.750000000e+00 -3.750000000e+00 -1.026838459e-22 1.000000000e+00 1.000000000e+00 -1.354357851e-19 0.000000000e+00 -1.688769365e-22 7.573144153e-29 
d 0.000000000e+00 0.000000000e+00 -9.790563675e-20 -4.000000000e+00 -4.000000000e+00 -1.030622849e-22 1.000000000e+00 1.000000000e+00 -1.493060321e-19 0.000000000e+00 2.862075055e-19 -2.722028768e-28 
