v ATLAS
# This file was created by ATLAS version 5.26.1.R on Wed Apr 18 02:03:03 2018.
#SSF 2.0 generic
##############################################################################
#                    Copyright (c) 1984 - 2018                               #
#                    Silvaco Inc. All rights reserved                        #
#                                                                            #
# This file format and the following Key are copyright Silvaco Inc.          #
# You may not use, this format or key without reproducing this message in    #
# full and obtaining express written permission from Silvaco Inc.            #
#                                                                            #
# To obtain such permission please contact: Silvaco Inc.                     #
#                                           support@silvaco.com              #
#                                                                            #
# KEY=SVC86hn7562asdx                       PROD=345                         #
##############################################################################
y 3 700 711 15
z 3 0.00123077 300
f 4 "source" "gate" "drain" "substrate" 
p 13 61 2 601 20 3 602 21 4 603 22 5 604 23 
d 2.50000000000000e+01 0.000000000e+00 0.000000000e+00 -2.495198690e-08 -2.000000000e+00 -2.000000000e+00 -5.013750658e-18 2.500000000e+01 4.801309725e-02 2.495198690e-08 0.000000000e+00 1.726196508e-07 -1.726196508e-18 
d 3.34562215026035e+01 0.000000000e+00 0.000000000e+00 -3.336237564e-08 -2.000000000e+00 -2.000000000e+00 -7.416411953e-18 3.345622150e+01 9.384585483e-02 3.336237565e-08 0.000000000e+00 4.765969855e-07 -4.765969855e-18 
d 3.76843322539052e+01 0.000000000e+00 0.000000000e+00 -3.748386240e-08 -2.000000000e+00 -2.000000000e+00 -1.583434153e-17 3.768433225e+01 2.004698104e-01 3.748386244e-08 0.000000000e+00 2.703036602e-06 -2.703036602e-17 
d 4.19124430052069e+01 0.000000000e+00 0.000000000e+00 -4.120480594e-08 -2.000000000e+00 -2.000000000e+00 -2.198491628e-17 4.191244301e+01 7.076369633e-01 4.120480604e-08 0.000000000e+00 7.528576766e-06 -7.528576766e-17 
d 4.28372116186200e+01 0.000000000e+00 0.000000000e+00 -4.199958130e-08 -2.000000000e+00 -2.000000000e+00 -2.207232931e-17 4.283721162e+01 8.376302264e-01 4.199958139e-08 0.000000000e+00 7.347895921e-06 -7.347895921e-17 
d 4.37619802320331e+01 0.000000000e+00 0.000000000e+00 -4.279173260e-08 -2.000000000e+00 -2.000000000e+00 -2.226421509e-17 4.376198023e+01 9.702475391e-01 4.279173269e-08 0.000000000e+00 7.466501935e-06 -7.466501935e-17 
d 4.46867488454462e+01 0.000000000e+00 0.000000000e+00 -4.358179882e-08 -2.000000000e+00 -2.000000000e+00 -2.241299208e-17 4.468674885e+01 1.104949930e+00 4.358179892e-08 0.000000000e+00 7.549443855e-06 -7.549443855e-17 
d 4.65362860722723e+01 0.000000000e+00 0.000000000e+00 -4.515751794e-08 -2.000000000e+00 -2.000000000e+00 -2.260009567e-17 4.653628607e+01 1.378768029e+00 4.515751804e-08 0.000000000e+00 7.656230506e-06 -7.656230506e-17 
d 4.83997054329975e+01 0.000000000e+00 0.000000000e+00 -4.674115329e-08 -2.000000000e+00 -2.000000000e+00 -2.256285601e-17 4.839970543e+01 1.658552043e+00 4.674115339e-08 0.000000000e+00 7.703243152e-06 -7.703243152e-17 
d 5.18573223216926e+01 0.000000000e+00 0.000000000e+00 -4.967528314e-08 -2.000000000e+00 -2.000000000e+00 -2.219738140e-17 5.185732232e+01 2.182039086e+00 4.967528324e-08 0.000000000e+00 7.692537435e-06 -7.692537435e-17 
d 5.41945810110958e+01 0.000000000e+00 0.000000000e+00 -5.165908067e-08 -2.000000000e+00 -2.000000000e+00 -2.193449160e-17 5.419458101e+01 2.535500242e+00 5.165908077e-08 0.000000000e+00 7.623853664e-06 -7.623853664e-17 
d 5.74046077075302e+01 0.000000000e+00 0.000000000e+00 -5.438778707e-08 -2.000000000e+00 -2.000000000e+00 -2.159744202e-17 5.740460771e+01 3.016820541e+00 5.438778717e-08 0.000000000e+00 7.488138044e-06 -7.488138044e-17 
d 6.05239564827347e+01 0.000000000e+00 0.000000000e+00 -5.704631687e-08 -2.000000000e+00 -2.000000000e+00 -2.121489855e-17 6.052395648e+01 3.477639515e+00 5.704631697e-08 0.000000000e+00 7.317704226e-06 -7.317704226e-17 
d 6.50539826766553e+01 0.000000000e+00 0.000000000e+00 -6.092276557e-08 -2.000000000e+00 -2.000000000e+00 -2.049913934e-17 6.505398268e+01 4.131217017e+00 6.092276566e-08 0.000000000e+00 7.033590844e-06 -7.033590844e-17 
d 6.87588201183713e+01 0.000000000e+00 0.000000000e+00 -6.410892652e-08 -2.000000000e+00 -2.000000000e+00 -1.985036296e-17 6.875882012e+01 4.649893513e+00 6.410892660e-08 0.000000000e+00 6.786185184e-06 -6.786185184e-17 
d 7.30679351783523e+01 0.000000000e+00 0.000000000e+00 -6.783330669e-08 -2.000000000e+00 -2.000000000e+00 -1.911645215e-17 7.306793518e+01 5.234628404e+00 6.783330677e-08 0.000000000e+00 6.509189459e-06 -6.509189459e-17 
d 7.78195383562891e+01 0.000000000e+00 0.000000000e+00 -7.196198875e-08 -2.000000000e+00 -2.000000000e+00 -1.837620198e-17 7.781953836e+01 5.857549522e+00 7.196198883e-08 0.000000000e+00 6.234285712e-06 -6.234285712e-17 
d 8.44657400135422e+01 0.000000000e+00 0.000000000e+00 -7.777096488e-08 -2.000000000e+00 -2.000000000e+00 -1.751616987e-17 8.446574001e+01 6.694775056e+00 7.777096496e-08 0.000000000e+00 5.911157374e-06 -5.911157374e-17 
d 9.02052269566438e+01 0.000000000e+00 0.000000000e+00 -8.281462531e-08 -2.000000000e+00 -2.000000000e+00 -1.692656246e-17 9.020522696e+01 7.390601569e+00 8.281462539e-08 0.000000000e+00 5.689163652e-06 -5.689163652e-17 
d 9.67812363963585e+01 0.000000000e+00 0.000000000e+00 -8.861869197e-08 -2.000000000e+00 -2.000000000e+00 -1.635962601e-17 9.678123640e+01 8.162544359e+00 8.861869203e-08 0.000000000e+00 5.480804101e-06 -5.480804101e-17 
d 1.04497334666626e+02 0.000000000e+00 0.000000000e+00 -9.545688694e-08 -2.000000000e+00 -2.000000000e+00 -1.580705664e-17 1.044973347e+02 9.040447659e+00 9.545688701e-08 0.000000000e+00 5.283143368e-06 -5.283143368e-17 
d 1.14518763393043e+02 0.000000000e+00 0.000000000e+00 -1.043745841e-07 -2.000000000e+00 -2.000000000e+00 -1.520057677e-17 1.145187634e+02 1.014417919e+01 1.043745842e-07 0.000000000e+00 5.071209869e-06 -5.071209869e-17 
d 1.23447510116331e+02 0.000000000e+00 0.000000000e+00 -1.123492431e-07 -2.000000000e+00 -2.000000000e+00 -1.474052115e-17 1.234475101e+02 1.109826695e+01 1.123492432e-07 0.000000000e+00 4.914506800e-06 -4.914506800e-17 
d 1.33354160605433e+02 0.000000000e+00 0.000000000e+00 -1.212065509e-07 -2.000000000e+00 -2.000000000e+00 -1.490755177e-17 1.333541606e+02 1.214760961e+01 1.212065510e-07 0.000000000e+00 5.138328461e-06 -5.138328461e-17 
d 1.45618137085731e+02 0.000000000e+00 0.000000000e+00 -1.309705761e-07 -2.000000000e+00 -2.000000000e+00 -4.324324980e-17 1.456181371e+02 1.464756069e+01 1.309705764e-07 0.000000000e+00 2.320996932e-05 -2.320996932e-16 
d 1.47532951901766e+02 0.000000000e+00 0.000000000e+00 -1.321103794e-07 -2.000000000e+00 -2.000000000e+00 -5.468273987e-17 1.475329519e+02 1.542257215e+01 1.321103798e-07 0.000000000e+00 2.927272539e-05 -2.927272539e-16 
d 1.48490359309783e+02 0.000000000e+00 0.000000000e+00 -1.325953570e-07 -2.000000000e+00 -2.000000000e+00 -6.405457111e-17 1.484903593e+02 1.589500191e+01 1.325953574e-07 0.000000000e+00 3.085320762e-05 -3.085320762e-16 
d 1.48969063013792e+02 0.000000000e+00 0.000000000e+00 -1.328078713e-07 -2.000000000e+00 -2.000000000e+00 -6.804048830e-17 1.489690630e+02 1.616119137e+01 1.328078716e-07 0.000000000e+00 3.105766159e-05 -3.105766159e-16 
d 1.49447766717801e+02 0.000000000e+00 0.000000000e+00 -1.330121600e-07 -2.000000000e+00 -2.000000000e+00 -6.895206218e-17 1.494477667e+02 1.643560637e+01 1.330121603e-07 0.000000000e+00 3.129121299e-05 -3.129121299e-16 
d 1.49842331612693e+02 0.000000000e+00 0.000000000e+00 -1.331779133e-07 -2.000000000e+00 -2.000000000e+00 -6.943444130e-17 1.498423316e+02 1.666441795e+01 1.331779137e-07 0.000000000e+00 3.145794823e-05 -3.145794823e-16 
d 1.50236896507586e+02 0.000000000e+00 0.000000000e+00 -1.333419649e-07 -2.000000000e+00 -2.000000000e+00 -6.982159368e-17 1.502368965e+02 1.689493123e+01 1.333419653e-07 0.000000000e+00 3.160855599e-05 -3.160855599e-16 
d 1.50631461402478e+02 0.000000000e+00 0.000000000e+00 -1.335045643e-07 -2.000000000e+00 -2.000000000e+00 -7.011816735e-17 1.506314614e+02 1.712689674e+01 1.335045647e-07 0.000000000e+00 3.174911828e-05 -3.174911828e-16 
d 1.51052016198570e+02 0.000000000e+00 0.000000000e+00 -1.336764402e-07 -2.000000000e+00 -2.000000000e+00 -7.032937588e-17 1.510520162e+02 1.737557561e+01 1.336764406e-07 0.000000000e+00 3.189312219e-05 -3.189312219e-16 
d 1.51450453623145e+02 0.000000000e+00 0.000000000e+00 -1.338380202e-07 -2.000000000e+00 -2.000000000e+00 -7.039035705e-17 1.514504536e+02 1.761243305e+01 1.338380206e-07 0.000000000e+00 3.203099131e-05 -3.203099131e-16 
d 1.52076622382787e+02 0.000000000e+00 0.000000000e+00 -1.340895883e-07 -2.000000000e+00 -2.000000000e+00 -7.014067982e-17 1.520766224e+02 1.798703366e+01 1.340895887e-07 0.000000000e+00 3.226364314e-05 -3.226364314e-16 
d 1.52747957710929e+02 0.000000000e+00 0.000000000e+00 -1.343559551e-07 -2.000000000e+00 -2.000000000e+00 -6.908369836e-17 1.527479577e+02 1.839200225e+01 1.343559555e-07 0.000000000e+00 3.255194264e-05 -3.255194264e-16 
d 1.53547555439188e+02 0.000000000e+00 0.000000000e+00 -1.346670002e-07 -2.000000000e+00 -2.000000000e+00 -6.104889986e-17 1.535475554e+02 1.888055481e+01 1.346670006e-07 0.000000000e+00 3.308656784e-05 -3.308656784e-16 
d 1.54362897390894e+02 0.000000000e+00 0.000000000e+00 -1.349719980e-07 -2.000000000e+00 -2.000000000e+00 -5.447166013e-17 1.543628974e+02 1.939089903e+01 1.349719984e-07 0.000000000e+00 3.379037687e-05 -3.379037687e-16 
d 1.55421781008398e+02 0.000000000e+00 0.000000000e+00 -1.353545966e-07 -2.000000000e+00 -2.000000000e+00 -5.450711201e-17 1.554217810e+02 2.006718405e+01 1.353545969e-07 0.000000000e+00 3.448822900e-05 -3.448822900e-16 
d 1.56058915620922e+02 0.000000000e+00 0.000000000e+00 -1.355788555e-07 -2.000000000e+00 -2.000000000e+00 -5.462324170e-17 1.560589156e+02 2.048005967e+01 1.355788559e-07 0.000000000e+00 3.484065668e-05 -3.484065668e-16 
d 1.57333184845971e+02 0.000000000e+00 0.000000000e+00 -1.360171348e-07 -2.000000000e+00 -2.000000000e+00 -5.487549515e-17 1.573331848e+02 2.131604966e+01 1.360171352e-07 0.000000000e+00 3.545421339e-05 -3.545421339e-16 
d 1.58015159394647e+02 0.000000000e+00 0.000000000e+00 -1.362469518e-07 -2.000000000e+00 -2.000000000e+00 -5.509893926e-17 1.580151594e+02 2.176820723e+01 1.362469522e-07 0.000000000e+00 3.573854918e-05 -3.573854918e-16 
d 1.59379108491997e+02 0.000000000e+00 0.000000000e+00 -1.366988691e-07 -2.000000000e+00 -2.000000000e+00 -5.561483382e-17 1.593791085e+02 2.268023895e+01 1.366988695e-07 0.000000000e+00 3.622347889e-05 -3.622347889e-16 
d 1.60784528900699e+02 0.000000000e+00 0.000000000e+00 -1.371564951e-07 -2.000000000e+00 -2.000000000e+00 -5.616160650e-17 1.607845289e+02 2.362803334e+01 1.371564956e-07 0.000000000e+00 3.663185335e-05 -3.663185335e-16 
d 1.61677751477622e+02 0.000000000e+00 0.000000000e+00 -1.374445026e-07 -2.000000000e+00 -2.000000000e+00 -5.638688080e-17 1.616777515e+02 2.423324845e+01 1.374445030e-07 0.000000000e+00 3.691017113e-05 -3.691017113e-16 
d 1.63464196631468e+02 0.000000000e+00 0.000000000e+00 -1.380159140e-07 -2.000000000e+00 -2.000000000e+00 -5.693056410e-17 1.634641966e+02 2.544828221e+01 1.380159144e-07 0.000000000e+00 3.757160368e-05 -3.757160368e-16 
d 1.65252995826844e+02 0.000000000e+00 0.000000000e+00 -1.385845769e-07 -2.000000000e+00 -2.000000000e+00 -5.768576172e-17 1.652529958e+02 2.666841847e+01 1.385845774e-07 0.000000000e+00 3.842527856e-05 -3.842527856e-16 
d 1.66902286382033e+02 0.000000000e+00 0.000000000e+00 -1.391108645e-07 -2.000000000e+00 -2.000000000e+00 -5.866967251e-17 1.669022864e+02 2.779142142e+01 1.391108650e-07 0.000000000e+00 3.946311240e-05 -3.946311240e-16 
d 1.68465313002279e+02 0.000000000e+00 0.000000000e+00 -1.396193310e-07 -2.000000000e+00 -2.000000000e+00 -5.986950891e-17 1.684653130e+02 2.884598152e+01 1.396193315e-07 0.000000000e+00 4.085454070e-05 -4.085454070e-16 
d 1.71591366242770e+02 0.000000000e+00 0.000000000e+00 -1.407282829e-07 -2.000000000e+00 -2.000000000e+00 -6.378142537e-17 1.715913662e+02 3.086308276e+01 1.407282835e-07 0.000000000e+00 4.716002570e-05 -4.716002570e-16 
d 1.73275814530631e+02 0.000000000e+00 0.000000000e+00 -1.414418029e-07 -2.000000000e+00 -2.000000000e+00 -6.788604762e-17 1.732758145e+02 3.183401098e+01 1.414418036e-07 0.000000000e+00 5.529660904e-05 -5.529660904e-16 
d 1.76644711106352e+02 0.000000000e+00 0.000000000e+00 -1.433230346e-07 -2.000000000e+00 -2.000000000e+00 -9.646971685e-17 1.766447111e+02 3.332167543e+01 1.433230357e-07 0.000000000e+00 9.967188800e-05 -9.967188800e-16 
d 1.80366888272723e+02 0.000000000e+00 0.000000000e+00 -1.457430239e-07 -2.000000000e+00 -2.000000000e+00 -1.984371002e-16 1.803668883e+02 3.462386185e+01 1.457430264e-07 0.000000000e+00 2.315378209e-04 -2.315378209e-15 
d 1.85733984860162e+02 0.000000000e+00 0.000000000e+00 -1.486028877e-07 -2.000000000e+00 -2.000000000e+00 -4.785009721e-16 1.857339849e+02 3.713109108e+01 1.486028938e-07 0.000000000e+00 5.604294361e-04 -5.604294361e-15 
d 1.91389849592518e+02 0.000000000e+00 0.000000000e+00 -1.511454888e-07 -2.000000000e+00 -2.000000000e+00 -9.989593632e-16 1.913898496e+02 4.024434878e+01 1.511455008e-07 0.000000000e+00 1.100069486e-03 -1.100069486e-14 
d 1.93632686094299e+02 0.000000000e+00 0.000000000e+00 -1.521280801e-07 -2.000000000e+00 -2.000000000e+00 -1.318333830e-15 1.936326861e+02 4.150459047e+01 1.521280956e-07 0.000000000e+00 1.415421679e-03 -1.415421679e-14 
d 1.98118359097860e+02 0.000000000e+00 0.000000000e+00 -1.540722287e-07 -2.000000000e+00 -2.000000000e+00 -2.251461738e-15 1.981183591e+02 4.404610507e+01 1.540722540e-07 0.000000000e+00 2.303449776e-03 -2.303449776e-14 
d 2.02137255599342e+02 0.000000000e+00 0.000000000e+00 -1.558050487e-07 -2.000000000e+00 -2.000000000e+00 -3.559177453e-15 2.021372556e+02 4.633216823e+01 1.558050874e-07 0.000000000e+00 3.506926475e-03 -3.506926475e-14 
d 2.10175048602305e+02 0.000000000e+00 0.000000000e+00 -1.589257409e-07 -2.000000000e+00 -2.000000000e+00 -7.448507523e-15 2.101750486e+02 5.124923102e+01 1.589258176e-07 0.000000000e+00 6.926025657e-03 -6.926025657e-14 
d 2.11941375867245e+02 0.000000000e+00 0.000000000e+00 -1.595443134e-07 -2.000000000e+00 -2.000000000e+00 -8.501751466e-15 2.119413759e+02 5.239697583e+01 1.595444000e-07 0.000000000e+00 7.808839696e-03 -7.808839696e-14 
d 2.15474030397126e+02 0.000000000e+00 0.000000000e+00 -1.607945501e-07 -2.000000000e+00 -2.000000000e+00 -1.099274541e-14 2.154740304e+02 5.467937046e+01 1.607946599e-07 0.000000000e+00 9.887530235e-03 -9.887530235e-14 
d 2.22539339456888e+02 0.000000000e+00 0.000000000e+00 -1.633820699e-07 -2.000000000e+00 -2.000000000e+00 -1.785538435e-14 2.225393395e+02 5.915709553e+01 1.633822439e-07 0.000000000e+00 1.561695731e-02 -1.561695731e-13 
d 2.24993957716445e+02 0.000000000e+00 0.000000000e+00 -1.642131813e-07 -2.000000000e+00 -2.000000000e+00 -2.050136247e-14 2.249939577e+02 6.078057807e+01 1.642133796e-07 0.000000000e+00 1.778989669e-02 -1.778989669e-13 
d 2.29903194235560e+02 0.000000000e+00 0.000000000e+00 -1.658692986e-07 -2.000000000e+00 -2.000000000e+00 -2.644826381e-14 2.299031942e+02 6.403364298e+01 1.658695513e-07 0.000000000e+00 2.262282926e-02 -2.262282926e-13 
d 2.32651751834432e+02 0.000000000e+00 0.000000000e+00 -1.668447183e-07 -2.000000000e+00 -2.000000000e+00 -3.033017563e-14 2.326517518e+02 6.580674538e+01 1.668450065e-07 0.000000000e+00 2.578606539e-02 -2.578606539e-13 
d 2.34026030633868e+02 0.000000000e+00 0.000000000e+00 -1.673711050e-07 -2.000000000e+00 -2.000000000e+00 -3.237650754e-14 2.340260306e+02 6.665461870e+01 1.673714119e-07 0.000000000e+00 2.745375692e-02 -2.745375692e-13 
d 2.34713170033586e+02 0.000000000e+00 0.000000000e+00 -1.676824124e-07 -2.000000000e+00 -2.000000000e+00 -3.332923988e-14 2.347131700e+02 6.703044209e+01 1.676827280e-07 0.000000000e+00 2.822236842e-02 -2.822236842e-13 
d 2.35056739733445e+02 0.000000000e+00 0.000000000e+00 -1.678676991e-07 -2.000000000e+00 -2.000000000e+00 -3.374427031e-14 2.350567397e+02 6.718872138e+01 1.678680183e-07 0.000000000e+00 2.855319526e-02 -2.855319526e-13 
d 2.35400309433304e+02 0.000000000e+00 0.000000000e+00 -1.680671920e-07 -2.000000000e+00 -2.000000000e+00 -3.413135996e-14 2.354003094e+02 6.733279468e+01 1.680675147e-07 0.000000000e+00 2.886028452e-02 -2.886028452e-13 
d 2.35743879133163e+02 0.000000000e+00 0.000000000e+00 -1.682624032e-07 -2.000000000e+00 -2.000000000e+00 -3.453324241e-14 2.357438791e+02 6.748114958e+01 1.682627296e-07 0.000000000e+00 2.918084635e-02 -2.918084635e-13 
d 2.36087448833022e+02 0.000000000e+00 0.000000000e+00 -1.684386264e-07 -2.000000000e+00 -2.000000000e+00 -3.498289805e-14 2.360874488e+02 6.764849206e+01 1.684389568e-07 0.000000000e+00 2.954307455e-02 -2.954307455e-13 
d 2.36301246114706e+02 0.000000000e+00 0.000000000e+00 -1.685384790e-07 -2.000000000e+00 -2.000000000e+00 -3.528649849e-14 2.363012461e+02 6.776243391e+01 1.685388122e-07 0.000000000e+00 2.978893666e-02 -2.978893666e-13 
d 2.36449078173876e+02 0.000000000e+00 0.000000000e+00 -1.686041325e-07 -2.000000000e+00 -2.000000000e+00 -3.550455509e-14 2.364490782e+02 6.784461054e+01 1.686044677e-07 0.000000000e+00 2.996589910e-02 -2.996589910e-13 
d 2.36645073230480e+02 0.000000000e+00 0.000000000e+00 -1.686878576e-07 -2.000000000e+00 -2.000000000e+00 -3.580129347e-14 2.366450732e+02 6.795687779e+01 1.686881954e-07 0.000000000e+00 3.020702788e-02 -3.020702788e-13 
d 2.36848383282239e+02 0.000000000e+00 0.000000000e+00 -1.687715383e-07 -2.000000000e+00 -2.000000000e+00 -3.611554218e-14 2.368483833e+02 6.807650425e+01 1.687718791e-07 0.000000000e+00 3.046259030e-02 -3.046259030e-13 
d 2.37102101543709e+02 0.000000000e+00 0.000000000e+00 -1.688723147e-07 -2.000000000e+00 -2.000000000e+00 -3.651270767e-14 2.371021015e+02 6.822944245e+01 1.688726591e-07 0.000000000e+00 3.078561790e-02 -3.078561790e-13 
d 2.37396397384039e+02 0.000000000e+00 0.000000000e+00 -1.689847824e-07 -2.000000000e+00 -2.000000000e+00 -3.697446579e-14 2.373963974e+02 6.841126641e+01 1.689851310e-07 0.000000000e+00 3.116076656e-02 -3.116076656e-13 
d 2.37737444543637e+02 0.000000000e+00 0.000000000e+00 -1.691100461e-07 -2.000000000e+00 -2.000000000e+00 -3.750676840e-14 2.377374445e+02 6.862704502e+01 1.691103995e-07 0.000000000e+00 3.159204868e-02 -3.159204868e-13 
d 2.38137836726255e+02 0.000000000e+00 0.000000000e+00 -1.692525790e-07 -2.000000000e+00 -2.000000000e+00 -3.813256165e-14 2.381378367e+02 6.888489859e+01 1.692529381e-07 0.000000000e+00 3.209770236e-02 -3.209770236e-13 
d 2.38625190191305e+02 0.000000000e+00 0.000000000e+00 -1.694225890e-07 -2.000000000e+00 -2.000000000e+00 -3.890312102e-14 2.386251902e+02 6.920223513e+01 1.694229551e-07 0.000000000e+00 3.271954538e-02 -3.271954538e-13 
d 2.39122369069436e+02 0.000000000e+00 0.000000000e+00 -1.695938229e-07 -2.000000000e+00 -2.000000000e+00 -3.970161349e-14 2.391223691e+02 6.952817279e+01 1.695941963e-07 0.000000000e+00 3.336353922e-02 -3.336353922e-13 
d 2.39749485988572e+02 0.000000000e+00 0.000000000e+00 -1.698080221e-07 -2.000000000e+00 -2.000000000e+00 -4.072787997e-14 2.397494860e+02 6.994108128e+01 1.698084047e-07 0.000000000e+00 3.419089763e-02 -3.419089763e-13 
d 2.40362368276454e+02 0.000000000e+00 0.000000000e+00 -1.700164735e-07 -2.000000000e+00 -2.000000000e+00 -4.175234875e-14 2.403623683e+02 7.034550286e+01 1.700168654e-07 0.000000000e+00 3.501655888e-02 -3.501655888e-13 
d 2.41060593429837e+02 0.000000000e+00 0.000000000e+00 -1.702539049e-07 -2.000000000e+00 -2.000000000e+00 -4.294600942e-14 2.410605934e+02 7.080628585e+01 1.702543076e-07 0.000000000e+00 3.597839900e-02 -3.597839900e-13 
d 2.42027946575652e+02 0.000000000e+00 0.000000000e+00 -1.705831424e-07 -2.000000000e+00 -2.000000000e+00 -4.464991052e-14 2.420279466e+02 7.144438604e+01 1.705835605e-07 0.000000000e+00 3.735145791e-02 -3.735145791e-13 
d 2.42987361115003e+02 0.000000000e+00 0.000000000e+00 -1.709119815e-07 -2.000000000e+00 -2.000000000e+00 -4.639710443e-14 2.429873611e+02 7.207494565e+01 1.709124154e-07 0.000000000e+00 3.875929601e-02 -3.875929601e-13 
d 2.43667252289975e+02 0.000000000e+00 0.000000000e+00 -1.711460736e-07 -2.000000000e+00 -2.000000000e+00 -4.767249002e-14 2.436672523e+02 7.252073314e+01 1.711465192e-07 0.000000000e+00 3.978710438e-02 -3.978710438e-13 
d 2.45027034639921e+02 0.000000000e+00 0.000000000e+00 -1.716192016e-07 -2.000000000e+00 -2.000000000e+00 -5.031250655e-14 2.450270346e+02 7.340736356e+01 1.716196710e-07 0.000000000e+00 4.191506283e-02 -4.191506283e-13 
d 2.45713009561410e+02 0.000000000e+00 0.000000000e+00 -1.718594529e-07 -2.000000000e+00 -2.000000000e+00 -5.169247750e-14 2.457130096e+02 7.385307471e+01 1.718599349e-07 0.000000000e+00 4.302774607e-02 -4.302774607e-13 
d 2.47056046468217e+02 0.000000000e+00 0.000000000e+00 -1.723340690e-07 -2.000000000e+00 -2.000000000e+00 -5.447970913e-14 2.470560465e+02 7.472147024e+01 1.723345762e-07 0.000000000e+00 4.527469919e-02 -4.527469919e-13 
d 2.48682988505384e+02 0.000000000e+00 0.000000000e+00 -1.729114359e-07 -2.000000000e+00 -2.000000000e+00 -5.796771549e-14 2.486829885e+02 7.577101378e+01 1.729119747e-07 0.000000000e+00 4.808396134e-02 -4.808396134e-13 
d 2.49342002285728e+02 0.000000000e+00 0.000000000e+00 -1.731381993e-07 -2.000000000e+00 -2.000000000e+00 -5.937501213e-14 2.493420023e+02 7.620325143e+01 1.731387509e-07 0.000000000e+00 4.921475458e-02 -4.921475458e-13 
d 2.50660029846417e+02 0.000000000e+00 0.000000000e+00 -1.735775162e-07 -2.000000000e+00 -2.000000000e+00 -6.215234271e-14 2.506600298e+02 7.708193713e+01 1.735780927e-07 0.000000000e+00 5.143590443e-02 -5.143590443e-13 
d 2.53296084967796e+02 0.000000000e+00 0.000000000e+00 -1.744640170e-07 -2.000000000e+00 -2.000000000e+00 -6.793530468e-14 2.532960850e+02 7.883143953e+01 1.744646454e-07 0.000000000e+00 5.604639563e-02 -5.604639563e-13 
d 2.54020600817545e+02 0.000000000e+00 0.000000000e+00 -1.747113927e-07 -2.000000000e+00 -2.000000000e+00 -6.959689724e-14 2.540206008e+02 7.930856481e+01 1.747120360e-07 0.000000000e+00 5.736863930e-02 -5.736863930e-13 
d 2.55469632517044e+02 0.000000000e+00 0.000000000e+00 -1.752106785e-07 -2.000000000e+00 -2.000000000e+00 -7.302174432e-14 2.554696325e+02 8.025828005e+01 1.752113525e-07 0.000000000e+00 6.009197333e-02 -6.009197333e-13 
d 2.58367695916041e+02 0.000000000e+00 0.000000000e+00 -1.762250807e-07 -2.000000000e+00 -2.000000000e+00 -8.022288673e-14 2.583676959e+02 8.214187687e+01 1.762258190e-07 0.000000000e+00 6.580866677e-02 -6.580866677e-13 
d 2.59982465190048e+02 0.000000000e+00 0.000000000e+00 -1.767768235e-07 -2.000000000e+00 -2.000000000e+00 -8.426251654e-14 2.599824652e+02 8.320486744e+01 1.767775978e-07 0.000000000e+00 6.900293422e-02 -6.900293422e-13 
d 2.62425616025142e+02 0.000000000e+00 0.000000000e+00 -1.775918551e-07 -2.000000000e+00 -2.000000000e+00 -9.040110766e-14 2.624256160e+02 8.483293224e+01 1.775926838e-07 0.000000000e+00 7.383114622e-02 -7.383114622e-13 
d 2.64666233132701e+02 0.000000000e+00 0.000000000e+00 -1.783528158e-07 -2.000000000e+00 -2.000000000e+00 -9.631490585e-14 2.646662331e+02 8.631253637e+01 1.783536967e-07 0.000000000e+00 7.846549936e-02 -7.846549936e-13 
d 2.69147467347819e+02 0.000000000e+00 0.000000000e+00 -1.798854645e-07 -2.000000000e+00 -2.000000000e+00 -1.086712725e-13 2.691474673e+02 8.926101328e+01 1.798864540e-07 0.000000000e+00 8.809242952e-02 -8.809242952e-13 
d 2.70203272717989e+02 0.000000000e+00 0.000000000e+00 -1.802320697e-07 -2.000000000e+00 -2.000000000e+00 -1.115477964e-13 2.702032727e+02 8.997018832e+01 1.802330844e-07 0.000000000e+00 9.031917169e-02 -9.031917169e-13 
d 2.72314883458328e+02 0.000000000e+00 0.000000000e+00 -1.809330893e-07 -2.000000000e+00 -2.000000000e+00 -1.174581509e-13 2.723148835e+02 9.138072785e+01 1.809341556e-07 0.000000000e+00 9.488373667e-02 -9.488373667e-13 
d 2.76538104939006e+02 0.000000000e+00 0.000000000e+00 -1.823481074e-07 -2.000000000e+00 -2.000000000e+00 -1.297818795e-13 2.765381049e+02 9.418882417e+01 1.823492808e-07 0.000000000e+00 1.043564091e-01 -1.043564091e-12 
d 2.77661825466704e+02 0.000000000e+00 0.000000000e+00 -1.827038691e-07 -2.000000000e+00 -2.000000000e+00 -1.329615585e-13 2.776618255e+02 9.495675557e+01 1.827050699e-07 0.000000000e+00 1.067860696e-01 -1.067860696e-12 
d 2.79909266522099e+02 0.000000000e+00 0.000000000e+00 -1.834236784e-07 -2.000000000e+00 -2.000000000e+00 -1.394813735e-13 2.799092665e+02 9.648433110e+01 1.834249354e-07 0.000000000e+00 1.117525680e-01 -1.117525680e-12 
d 2.84404148632889e+02 0.000000000e+00 0.000000000e+00 -1.848616350e-07 -2.000000000e+00 -2.000000000e+00 -1.528159203e-13 2.844041486e+02 9.954114240e+01 1.848630062e-07 0.000000000e+00 1.218442392e-01 -1.218442392e-12 
d 2.85378479896196e+02 0.000000000e+00 0.000000000e+00 -1.851610986e-07 -2.000000000e+00 -2.000000000e+00 -1.556429645e-13 2.853784799e+02 1.002159860e+02 1.851624939e-07 0.000000000e+00 1.239686897e-01 -1.239686897e-12 
d 2.87327142422810e+02 0.000000000e+00 0.000000000e+00 -1.857675197e-07 -2.000000000e+00 -2.000000000e+00 -1.614183795e-13 2.873271424e+02 1.015581783e+02 1.857689641e-07 0.000000000e+00 1.282956872e-01 -1.282956872e-12 
d 2.91224467476037e+02 0.000000000e+00 0.000000000e+00 -1.869495467e-07 -2.000000000e+00 -2.000000000e+00 -1.728740572e-13 2.912244675e+02 1.042733796e+02 1.869510879e-07 0.000000000e+00 1.368270199e-01 -1.368270199e-12 
d 2.92265557588514e+02 0.000000000e+00 0.000000000e+00 -1.872570329e-07 -2.000000000e+00 -2.000000000e+00 -1.758990576e-13 2.922655576e+02 1.050069581e+02 1.872585995e-07 0.000000000e+00 1.390678151e-01 -1.390678151e-12 
d 2.94347737813468e+02 0.000000000e+00 0.000000000e+00 -1.878751069e-07 -2.000000000e+00 -2.000000000e+00 -1.820327329e-13 2.943477378e+02 1.064710129e+02 1.878767249e-07 0.000000000e+00 1.435999700e-01 -1.435999700e-12 
d 2.98305095751664e+02 0.000000000e+00 0.000000000e+00 -1.889802537e-07 -2.000000000e+00 -2.000000000e+00 -1.931850201e-13 2.983050958e+02 1.093231309e+02 1.889819648e-07 0.000000000e+00 1.517925880e-01 -1.517925880e-12 
d 3.00431903441504e+02 0.000000000e+00 0.000000000e+00 -1.895494344e-07 -2.000000000e+00 -2.000000000e+00 -1.990280676e-13 3.004319034e+02 1.108807094e+02 1.895511941e-07 0.000000000e+00 1.560625473e-01 -1.560625473e-12 
d 3.01562238159063e+02 0.000000000e+00 0.000000000e+00 -1.898412330e-07 -2.000000000e+00 -2.000000000e+00 -2.020540092e-13 3.015622382e+02 1.117192205e+02 1.898430178e-07 0.000000000e+00 1.582668451e-01 -1.582668451e-12 
d 3.03822907594180e+02 0.000000000e+00 0.000000000e+00 -1.904139843e-07 -2.000000000e+00 -2.000000000e+00 -2.080524068e-13 3.038229076e+02 1.134070890e+02 1.904158185e-07 0.000000000e+00 1.626259285e-01 -1.626259285e-12 
d 3.05313994545305e+02 0.000000000e+00 0.000000000e+00 -1.907684520e-07 -2.000000000e+00 -2.000000000e+00 -2.118038149e-13 3.053139945e+02 1.145436773e+02 1.907703172e-07 0.000000000e+00 1.653433708e-01 -1.653433708e-12 
d 3.08296168447555e+02 0.000000000e+00 0.000000000e+00 -1.914454031e-07 -2.000000000e+00 -2.000000000e+00 -2.190361399e-13 3.082961684e+02 1.168488407e+02 1.914473278e-07 0.000000000e+00 1.705646741e-01 -1.705646741e-12 
d 3.09381486457926e+02 0.000000000e+00 0.000000000e+00 -1.916802032e-07 -2.000000000e+00 -2.000000000e+00 -2.215627437e-13 3.093814865e+02 1.176993379e+02 1.916821485e-07 0.000000000e+00 1.723825106e-01 -1.723825106e-12 
d 3.11552122478668e+02 0.000000000e+00 0.000000000e+00 -1.921164870e-07 -2.000000000e+00 -2.000000000e+00 -2.262773296e-13 3.115521225e+02 1.194336515e+02 1.921184710e-07 0.000000000e+00 1.757666670e-01 -1.757666670e-12 
d 3.13314638083470e+02 0.000000000e+00 0.000000000e+00 -1.924439529e-07 -2.000000000e+00 -2.000000000e+00 -2.298330572e-13 3.133146381e+02 1.208686722e+02 1.924459659e-07 0.000000000e+00 1.783118265e-01 -1.783118265e-12 
d 3.14484864621135e+02 0.000000000e+00 0.000000000e+00 -1.926486246e-07 -2.000000000e+00 -2.000000000e+00 -2.320631507e-13 3.144848646e+02 1.218342089e+02 1.926506558e-07 0.000000000e+00 1.799048058e-01 -1.799048058e-12 
d 3.16514197314033e+02 0.000000000e+00 0.000000000e+00 -1.929692719e-07 -2.000000000e+00 -2.000000000e+00 -2.355684914e-13 3.165141973e+02 1.235428658e+02 1.929713316e-07 0.000000000e+00 1.824038103e-01 -1.824038103e-12 
d 3.18220352667072e+02 0.000000000e+00 0.000000000e+00 -1.932062505e-07 -2.000000000e+00 -2.000000000e+00 -2.381685671e-13 3.182203527e+02 1.250120215e+02 1.932083312e-07 0.000000000e+00 1.842535086e-01 -1.842535086e-12 
d 3.19603420026610e+02 0.000000000e+00 0.000000000e+00 -1.933743995e-07 -2.000000000e+00 -2.000000000e+00 -2.400184988e-13 3.196034200e+02 1.262269248e+02 1.933764953e-07 0.000000000e+00 1.855674305e-01 -1.855674305e-12 
d 3.20882646866317e+02 0.000000000e+00 0.000000000e+00 -1.935091468e-07 -2.000000000e+00 -2.000000000e+00 -2.415040660e-13 3.208826469e+02 1.273713923e+02 1.935112546e-07 0.000000000e+00 1.866212176e-01 -1.866212176e-12 
d 3.22156987640955e+02 0.000000000e+00 0.000000000e+00 -1.936218414e-07 -2.000000000e+00 -2.000000000e+00 -2.427487560e-13 3.221569876e+02 1.285330284e+02 1.936239592e-07 0.000000000e+00 1.875030838e-01 -1.875030838e-12 
d 3.23641641581769e+02 0.000000000e+00 0.000000000e+00 -1.937241085e-07 -2.000000000e+00 -2.000000000e+00 -2.438803993e-13 3.236416416e+02 1.299154061e+02 1.937262354e-07 0.000000000e+00 1.883036648e-01 -1.883036648e-12 
d 3.24977466414170e+02 0.000000000e+00 0.000000000e+00 -1.937874835e-07 -2.000000000e+00 -2.000000000e+00 -2.445835637e-13 3.249774664e+02 1.311878503e+02 1.937896161e-07 0.000000000e+00 1.887996818e-01 -1.887996818e-12 
d 3.26375830826432e+02 0.000000000e+00 0.000000000e+00 -1.938234250e-07 -2.000000000e+00 -2.000000000e+00 -2.449855698e-13 3.263758308e+02 1.325502701e+02 1.938255608e-07 0.000000000e+00 1.890802775e-01 -1.890802775e-12 
d 3.27911745214511e+02 0.000000000e+00 0.000000000e+00 -1.938430380e-07 -2.000000000e+00 -2.000000000e+00 -2.452046736e-13 3.279117452e+02 1.340665697e+02 1.938451755e-07 0.000000000e+00 1.892335970e-01 -1.892335970e-12 
d 3.29187675586651e+02 0.000000000e+00 0.000000000e+00 -1.938578627e-07 -2.000000000e+00 -2.000000000e+00 -2.453689594e-13 3.291876756e+02 1.353276740e+02 1.938600016e-07 0.000000000e+00 1.893498471e-01 -1.893498471e-12 
d 3.31739536330932e+02 0.000000000e+00 0.000000000e+00 -1.938867674e-07 -2.000000000e+00 -2.000000000e+00 -2.456895669e-13 3.317395363e+02 1.378506275e+02 1.938889089e-07 0.000000000e+00 1.895764866e-01 -1.895764866e-12 
d 3.32942019709826e+02 0.000000000e+00 0.000000000e+00 -1.939002390e-07 -2.000000000e+00 -2.000000000e+00 -2.458390115e-13 3.329420197e+02 1.390396381e+02 1.939023816e-07 0.000000000e+00 1.896821368e-01 -1.896821368e-12 
d 3.35340335510042e+02 0.000000000e+00 0.000000000e+00 -1.939269672e-07 -2.000000000e+00 -2.000000000e+00 -2.461355866e-13 3.353403355e+02 1.414112233e+02 1.939291123e-07 0.000000000e+00 1.898917798e-01 -1.898917798e-12 
d 3.37709335477188e+02 0.000000000e+00 0.000000000e+00 -1.939532631e-07 -2.000000000e+00 -2.000000000e+00 -2.464274543e-13 3.377093355e+02 1.437539249e+02 1.939554106e-07 0.000000000e+00 1.900980712e-01 -1.900980712e-12 
d 3.40826680960581e+02 0.000000000e+00 0.000000000e+00 -1.939877840e-07 -2.000000000e+00 -2.000000000e+00 -2.468107570e-13 3.408266810e+02 1.468367465e+02 1.939899345e-07 0.000000000e+00 1.903689417e-01 -1.903689417e-12 
d 3.42953438240526e+02 0.000000000e+00 0.000000000e+00 -1.940113082e-07 -2.000000000e+00 -2.000000000e+00 -2.470720543e-13 3.429534382e+02 1.489399774e+02 1.940134608e-07 0.000000000e+00 1.905535618e-01 -1.905535618e-12 
d 3.46124621441445e+02 0.000000000e+00 0.000000000e+00 -1.940463735e-07 -2.000000000e+00 -2.000000000e+00 -2.474616911e-13 3.461246214e+02 1.520760922e+02 1.940485293e-07 0.000000000e+00 1.908288108e-01 -1.908288108e-12 
d 3.48803174067646e+02 0.000000000e+00 0.000000000e+00 -1.940759958e-07 -2.000000000e+00 -2.000000000e+00 -2.477909858e-13 3.488031741e+02 1.547250199e+02 1.940781533e-07 0.000000000e+00 1.910613825e-01 -1.910613825e-12 
d 3.52468894854833e+02 0.000000000e+00 0.000000000e+00 -1.941165502e-07 -2.000000000e+00 -2.000000000e+00 -2.482420121e-13 3.524688949e+02 1.583501826e+02 1.941187122e-07 0.000000000e+00 1.913798583e-01 -1.913798583e-12 
d 3.55796172469946e+02 0.000000000e+00 0.000000000e+00 -1.941533895e-07 -2.000000000e+00 -2.000000000e+00 -2.486519251e-13 3.557961725e+02 1.616406177e+02 1.941555549e-07 0.000000000e+00 1.916692320e-01 -1.916692320e-12 
d 3.59704215787098e+02 0.000000000e+00 0.000000000e+00 -1.941966974e-07 -2.000000000e+00 -2.000000000e+00 -2.491340708e-13 3.597042158e+02 1.655053491e+02 1.941988667e-07 0.000000000e+00 1.920095051e-01 -1.920095051e-12 
d 3.63272163851779e+02 0.000000000e+00 0.000000000e+00 -1.942362763e-07 -2.000000000e+00 -2.000000000e+00 -2.495749416e-13 3.632721639e+02 1.690337148e+02 1.942384490e-07 0.000000000e+00 1.923205613e-01 -1.923205613e-12 
d 3.67794947172913e+02 0.000000000e+00 0.000000000e+00 -1.942865124e-07 -2.000000000e+00 -2.000000000e+00 -2.501348527e-13 3.677949472e+02 1.735062575e+02 1.942886896e-07 0.000000000e+00 1.927154893e-01 -1.927154893e-12 
d 3.72101643068530e+02 0.000000000e+00 0.000000000e+00 -1.943344178e-07 -2.000000000e+00 -2.000000000e+00 -2.506691198e-13 3.721016431e+02 1.777650437e+02 1.943365994e-07 0.000000000e+00 1.930922160e-01 -1.930922160e-12 
d 3.77657468218302e+02 0.000000000e+00 0.000000000e+00 -1.943963294e-07 -2.000000000e+00 -2.000000000e+00 -2.513600803e-13 3.776574682e+02 1.832589516e+02 1.943985166e-07 0.000000000e+00 1.935792606e-01 -1.935792606e-12 
d 3.84319571024398e+02 0.000000000e+00 0.000000000e+00 -1.944707603e-07 -2.000000000e+00 -2.000000000e+00 -2.521914625e-13 3.843195710e+02 1.898466169e+02 1.944729541e-07 0.000000000e+00 1.941650537e-01 -1.941650537e-12 
d 3.90561874186491e+02 0.000000000e+00 0.000000000e+00 -1.945407062e-07 -2.000000000e+00 -2.000000000e+00 -2.529734305e-13 3.905618742e+02 1.960189678e+02 1.945428952e-07 0.000000000e+00 1.947158108e-01 -1.947158108e-12 
d 3.99452823766314e+02 0.000000000e+00 0.000000000e+00 -1.946407011e-07 -2.000000000e+00 -2.000000000e+00 -2.540924137e-13 3.994528238e+02 2.048099135e+02 1.946429103e-07 0.000000000e+00 1.955036197e-01 -1.955036197e-12 
d 4.07976132000674e+02 0.000000000e+00 0.000000000e+00 -1.947370015e-07 -2.000000000e+00 -2.000000000e+00 -2.551710323e-13 4.079761320e+02 2.132369127e+02 1.947392193e-07 0.000000000e+00 1.962628361e-01 -1.962628361e-12 
d 4.17743592650655e+02 0.000000000e+00 0.000000000e+00 -1.948480273e-07 -2.000000000e+00 -2.000000000e+00 -2.564147357e-13 4.177435927e+02 2.228933375e+02 1.948502551e-07 0.000000000e+00 1.971388887e-01 -1.971388887e-12 
d 4.25511884132835e+02 0.000000000e+00 0.000000000e+00 -1.949382844e-07 -2.000000000e+00 -2.000000000e+00 -2.574121410e-13 4.255118841e+02 2.305713638e+02 1.949405204e-07 0.000000000e+00 1.978538359e-01 -1.978538359e-12 
d 4.26482920568108e+02 0.000000000e+00 0.000000000e+00 -1.949535093e-07 -2.000000000e+00 -2.000000000e+00 -2.575430638e-13 4.264829206e+02 2.315271739e+02 1.949557467e-07 0.000000000e+00 1.979816294e-01 -1.979816294e-12 
d 4.27453957003380e+02 0.000000000e+00 0.000000000e+00 -1.949802667e-07 -2.000000000e+00 -2.000000000e+00 -2.576910038e-13 4.274539570e+02 2.324714504e+02 1.949825066e-07 0.000000000e+00 1.982230583e-01 -1.982230583e-12 
d 4.27916281448199e+02 0.000000000e+00 0.000000000e+00 -1.949994665e-07 -2.000000000e+00 -2.000000000e+00 -2.577709204e-13 4.279162814e+02 2.329145732e+02 1.950017082e-07 0.000000000e+00 1.984018445e-01 -1.984018445e-12 
d 4.28378605893018e+02 0.000000000e+00 0.000000000e+00 -1.950226518e-07 -2.000000000e+00 -2.000000000e+00 -2.578566711e-13 4.283786059e+02 2.333537100e+02 1.950248959e-07 0.000000000e+00 1.986197470e-01 -1.986197470e-12 
d 4.28840930337837e+02 0.000000000e+00 0.000000000e+00 -1.950505605e-07 -2.000000000e+00 -2.000000000e+00 -2.579494818e-13 4.288409303e+02 2.337881230e+02 1.950528073e-07 0.000000000e+00 1.988837704e-01 -1.988837704e-12 
d 4.29620185647738e+02 0.000000000e+00 0.000000000e+00 -1.951340388e-07 -2.000000000e+00 -2.000000000e+00 -2.581595121e-13 4.296201856e+02 2.344838918e+02 1.951362938e-07 0.000000000e+00 1.996874792e-01 -1.996874792e-12 
d 4.29935458448402e+02 0.000000000e+00 0.000000000e+00 -1.951807322e-07 -2.000000000e+00 -2.000000000e+00 -2.582633988e-13 4.299354584e+02 2.347524666e+02 1.951829919e-07 0.000000000e+00 2.001400488e-01 -2.001400488e-12 
d 4.30566004049731e+02 0.000000000e+00 0.000000000e+00 -1.952999961e-07 -2.000000000e+00 -2.000000000e+00 -2.585090537e-13 4.305660040e+02 2.352637365e+02 1.953022676e-07 0.000000000e+00 2.013019031e-01 -2.013019031e-12 
d 4.31270651082938e+02 0.000000000e+00 0.000000000e+00 -1.954721659e-07 -2.000000000e+00 -2.000000000e+00 -2.588405901e-13 4.312706511e+02 2.357961965e+02 1.954744546e-07 0.000000000e+00 2.029864397e-01 -2.029864397e-12 
d 4.32041982506782e+02 0.000000000e+00 0.000000000e+00 -1.956957806e-07 -2.000000000e+00 -2.000000000e+00 -2.592554906e-13 4.320419825e+02 2.363438909e+02 1.956980916e-07 0.000000000e+00 2.051797811e-01 -2.051797811e-12 
d 4.32827779094811e+02 0.000000000e+00 0.000000000e+00 -1.959655718e-07 -2.000000000e+00 -2.000000000e+00 -2.597405941e-13 4.328277791e+02 2.368598693e+02 1.959679098e-07 0.000000000e+00 2.078322205e-01 -2.078322205e-12 
d 4.33914542569963e+02 0.000000000e+00 0.000000000e+00 -1.964201574e-07 -2.000000000e+00 -2.000000000e+00 -2.605333692e-13 4.339145426e+02 2.374920015e+02 1.964225410e-07 0.000000000e+00 2.123117638e-01 -2.123117638e-12 
d 4.35515225379339e+02 0.000000000e+00 0.000000000e+00 -1.972787138e-07 -2.000000000e+00 -2.000000000e+00 -2.619869453e-13 4.355152254e+02 2.382340416e+02 1.972811837e-07 0.000000000e+00 2.207908819e-01 -2.207908819e-12 
d 4.37476482235617e+02 0.000000000e+00 0.000000000e+00 -1.985283917e-07 -2.000000000e+00 -2.000000000e+00 -2.640780372e-13 4.374764822e+02 2.389454950e+02 1.985309872e-07 0.000000000e+00 2.331477656e-01 -2.331477656e-12 
d 4.39536036477838e+02 0.000000000e+00 0.000000000e+00 -1.999770478e-07 -2.000000000e+00 -2.000000000e+00 -2.665039223e-13 4.395360365e+02 2.395562474e+02 1.999797891e-07 0.000000000e+00 2.474779537e-01 -2.474779537e-12 
d 4.42266613237164e+02 0.000000000e+00 0.000000000e+00 -2.020442549e-07 -2.000000000e+00 -2.000000000e+00 -2.699913668e-13 4.422666132e+02 2.402194090e+02 2.020472042e-07 0.000000000e+00 2.679270146e-01 -2.679270146e-12 
d 4.45273264581739e+02 0.000000000e+00 0.000000000e+00 -2.044564102e-07 -2.000000000e+00 -2.000000000e+00 -2.741147945e-13 4.452732646e+02 2.408136624e+02 2.044596021e-07 0.000000000e+00 2.917875752e-01 -2.917875752e-12 
d 4.49088569528534e+02 0.000000000e+00 0.000000000e+00 -2.076598651e-07 -2.000000000e+00 -2.000000000e+00 -2.796955699e-13 4.490885695e+02 2.414251899e+02 2.076633796e-07 0.000000000e+00 3.234830676e-01 -3.234830676e-12 
d 4.55889897470008e+02 0.000000000e+00 0.000000000e+00 -2.135955630e-07 -2.000000000e+00 -2.000000000e+00 -2.903780645e-13 4.558898975e+02 2.422902213e+02 2.135996761e-07 0.000000000e+00 3.822745003e-01 -3.822745003e-12 
d 4.64629839725433e+02 0.000000000e+00 0.000000000e+00 -2.214596868e-07 -2.000000000e+00 -2.000000000e+00 -3.051872420e-13 4.646298397e+02 2.431652451e+02 2.214645946e-07 0.000000000e+00 4.602639641e-01 -4.602639641e-12 
d 4.75240695500374e+02 0.000000000e+00 0.000000000e+00 -2.312328630e-07 -2.000000000e+00 -2.000000000e+00 -3.243913673e-13 4.752406955e+02 2.440019403e+02 2.312387552e-07 0.000000000e+00 5.567753591e-01 -5.567753591e-12 
d 4.85665189919057e+02 0.000000000e+00 0.000000000e+00 -2.409777967e-07 -2.000000000e+00 -2.000000000e+00 -3.440041952e-13 4.856651899e+02 2.446805333e+02 2.409846566e-07 0.000000000e+00 6.515897986e-01 -6.515897986e-12 
d 4.98466785923721e+02 0.000000000e+00 0.000000000e+00 -2.530506190e-07 -2.000000000e+00 -2.000000000e+00 -3.684563365e-13 4.984667859e+02 2.454081288e+02 2.530586571e-07 0.000000000e+00 7.669605863e-01 -7.669605863e-12 
d 5.15056724372762e+02 0.000000000e+00 0.000000000e+00 -2.680678248e-07 -2.000000000e+00 -2.000000000e+00 -3.991054214e-13 5.150567244e+02 2.469792338e+02 2.680774906e-07 0.000000000e+00 9.266709082e-01 -9.266709082e-12 
d 5.17786760096054e+02 0.000000000e+00 0.000000000e+00 -2.699705349e-07 -2.000000000e+00 -2.000000000e+00 -4.037195484e-13 5.177867601e+02 2.478059518e+02 2.699808083e-07 0.000000000e+00 9.869686687e-01 -9.869686687e-12 
d 5.20516795819346e+02 0.000000000e+00 0.000000000e+00 -2.706071692e-07 -2.000000000e+00 -2.000000000e+00 -4.145079229e-13 5.205167958e+02 2.498940652e+02 2.706227306e-07 0.000000000e+00 1.514687503e+00 -1.514687503e-11 
d 5.21451591641343e+02 0.000000000e+00 0.000000000e+00 -2.707185695e-07 -2.000000000e+00 -2.000000000e+00 -4.194135952e-13 5.214515916e+02 2.507149616e+02 2.707366301e-07 0.000000000e+00 1.764115922e+00 -1.764115922e-11 
d 5.22386387463339e+02 0.000000000e+00 0.000000000e+00 -2.708389497e-07 -2.000000000e+00 -2.000000000e+00 -4.246492682e-13 5.223863875e+02 2.515267713e+02 2.708596162e-07 0.000000000e+00 2.024181115e+00 -2.024181115e-11 
d 5.23321183285336e+02 0.000000000e+00 0.000000000e+00 -2.709648359e-07 -2.000000000e+00 -2.000000000e+00 -4.301915233e-13 5.233211833e+02 2.523329578e+02 2.709882254e-07 0.000000000e+00 2.295935114e+00 -2.295935114e-11 
d 5.24696531892353e+02 0.000000000e+00 0.000000000e+00 -2.711604406e-07 -2.000000000e+00 -2.000000000e+00 -4.389528427e-13 5.246965319e+02 2.535084632e+02 2.711880687e-07 0.000000000e+00 2.718917773e+00 -2.718917773e-11 
d 5.27238573163096e+02 0.000000000e+00 0.000000000e+00 -2.715583874e-07 -2.000000000e+00 -2.000000000e+00 -4.571714472e-13 5.272385732e+02 2.556440007e+02 2.715945725e-07 0.000000000e+00 3.572791679e+00 -3.572791679e-11 
d 5.28367583978822e+02 0.000000000e+00 0.000000000e+00 -2.717546690e-07 -2.000000000e+00 -2.000000000e+00 -4.659315884e-13 5.283675840e+02 2.565727551e+02 2.717948288e-07 0.000000000e+00 3.969389219e+00 -3.969389219e-11 
d 5.29496594794549e+02 0.000000000e+00 0.000000000e+00 -2.719692437e-07 -2.000000000e+00 -2.000000000e+00 -4.750166377e-13 5.294965948e+02 2.574831772e+02 2.720134176e-07 0.000000000e+00 4.369886510e+00 -4.369886510e-11 
d 5.30009695329024e+02 0.000000000e+00 0.000000000e+00 -2.720682367e-07 -2.000000000e+00 -2.000000000e+00 -4.792732073e-13 5.300096953e+02 2.578954300e+02 2.721142653e-07 0.000000000e+00 4.554934542e+00 -4.554934542e-11 
d 5.30522795863500e+02 0.000000000e+00 0.000000000e+00 -2.721674133e-07 -2.000000000e+00 -2.000000000e+00 -4.836147814e-13 5.305227959e+02 2.583074776e+02 2.722153183e-07 0.000000000e+00 4.742141025e+00 -4.742141025e-11 
d 5.31035896397975e+02 0.000000000e+00 0.000000000e+00 -2.722671257e-07 -2.000000000e+00 -2.000000000e+00 -4.880373755e-13 5.310358964e+02 2.587189703e+02 2.723169261e-07 0.000000000e+00 4.931234813e+00 -4.931234813e-11 
d 5.32062097466925e+02 0.000000000e+00 0.000000000e+00 -2.724690254e-07 -2.000000000e+00 -2.000000000e+00 -4.971149292e-13 5.320620975e+02 2.595394318e+02 2.725226657e-07 0.000000000e+00 5.314324751e+00 -5.314324751e-11 
d 5.34114499604827e+02 0.000000000e+00 0.000000000e+00 -2.728883178e-07 -2.000000000e+00 -2.000000000e+00 -5.161226460e-13 5.341144996e+02 2.611647053e+02 2.729497943e-07 0.000000000e+00 6.096034799e+00 -6.096034799e-11 
d 5.35033066910983e+02 0.000000000e+00 0.000000000e+00 -2.730931478e-07 -2.000000000e+00 -2.000000000e+00 -5.248470162e-13 5.350330669e+02 2.618749217e+02 2.731581452e-07 0.000000000e+00 6.447254277e+00 -6.447254277e-11 
d 5.35951634217140e+02 0.000000000e+00 0.000000000e+00 -2.733054596e-07 -2.000000000e+00 -2.000000000e+00 -5.337580958e-13 5.359516342e+02 2.625776306e+02 2.733740036e-07 0.000000000e+00 6.801023262e+00 -6.801023262e-11 
d 5.36785383454849e+02 0.000000000e+00 0.000000000e+00 -2.735008182e-07 -2.000000000e+00 -2.000000000e+00 -5.420799015e-13 5.367853835e+02 2.632127580e+02 2.735726255e-07 0.000000000e+00 7.126526889e+00 -7.126526889e-11 
d 5.37619132692557e+02 0.000000000e+00 0.000000000e+00 -2.736987126e-07 -2.000000000e+00 -2.000000000e+00 -5.506240834e-13 5.376191327e+02 2.638453090e+02 2.737738237e-07 0.000000000e+00 7.456048257e+00 -7.456048257e-11 
d 5.38452881930265e+02 0.000000000e+00 0.000000000e+00 -2.738992200e-07 -2.000000000e+00 -2.000000000e+00 -5.593680995e-13 5.384528819e+02 2.644752159e+02 2.739776660e-07 0.000000000e+00 7.788665570e+00 -7.788665570e-11 
d 5.40120380405682e+02 0.000000000e+00 0.000000000e+00 -2.743169809e-07 -2.000000000e+00 -2.000000000e+00 -5.771369535e-13 5.401203804e+02 2.657182793e+02 2.744021011e-07 0.000000000e+00 8.454311703e+00 -8.454311703e-11 
d 5.41787878881099e+02 0.000000000e+00 0.000000000e+00 -2.747759417e-07 -2.000000000e+00 -2.000000000e+00 -5.946850423e-13 5.417878789e+02 2.669202789e+02 2.748676000e-07 0.000000000e+00 9.106363955e+00 -9.106363955e-11 
d 5.42137436530650e+02 0.000000000e+00 0.000000000e+00 -2.748728978e-07 -2.000000000e+00 -2.000000000e+00 -5.984333276e-13 5.421374365e+02 2.671715049e+02 2.749659316e-07 0.000000000e+00 9.243541502e+00 -9.243541502e-11 
d 5.42486994180201e+02 0.000000000e+00 0.000000000e+00 -2.749699746e-07 -2.000000000e+00 -2.000000000e+00 -6.022087266e-13 5.424869942e+02 2.674226080e+02 2.750643862e-07 0.000000000e+00 9.380943332e+00 -9.380943332e-11 
d 5.42836551829753e+02 0.000000000e+00 0.000000000e+00 -2.750671905e-07 -2.000000000e+00 -2.000000000e+00 -6.060107761e-13 5.428365518e+02 2.676735698e+02 2.751629821e-07 0.000000000e+00 9.518553005e+00 -9.518553005e-11 
d 5.43186109479304e+02 0.000000000e+00 0.000000000e+00 -2.751645586e-07 -2.000000000e+00 -2.000000000e+00 -6.098390831e-13 5.431861095e+02 2.679243774e+02 2.752617320e-07 0.000000000e+00 9.656357804e+00 -9.656357804e-11 
d 5.43885224778406e+02 0.000000000e+00 0.000000000e+00 -2.753598366e-07 -2.000000000e+00 -2.000000000e+00 -6.175720970e-13 5.438852248e+02 2.684254457e+02 2.754597791e-07 0.000000000e+00 9.932486357e+00 -9.932486357e-11 
d 5.45283455376611e+02 0.000000000e+00 0.000000000e+00 -2.757538769e-07 -2.000000000e+00 -2.000000000e+00 -6.333066130e-13 5.452834554e+02 2.694240854e+02 2.758593700e-07 0.000000000e+00 1.048597727e+01 -1.048597727e-10 
d 5.46681685974816e+02 0.000000000e+00 0.000000000e+00 -2.761662921e-07 -2.000000000e+00 -2.000000000e+00 -6.489973891e-13 5.466816860e+02 2.704044124e+02 2.762772735e-07 0.000000000e+00 1.103324365e+01 -1.103324365e-10 
d 5.48079916573021e+02 0.000000000e+00 0.000000000e+00 -2.766220285e-07 -2.000000000e+00 -2.000000000e+00 -6.638724040e-13 5.480799166e+02 2.713416252e+02 2.767382914e-07 0.000000000e+00 1.155990131e+01 -1.155990131e-10 
d 5.48539502378077e+02 0.000000000e+00 0.000000000e+00 -2.767743253e-07 -2.000000000e+00 -2.000000000e+00 -6.687829803e-13 5.485395024e+02 2.716471846e+02 2.768923178e-07 0.000000000e+00 1.173237051e+01 -1.173237051e-10 
d 5.48999088183133e+02 0.000000000e+00 0.000000000e+00 -2.769279794e-07 -2.000000000e+00 -2.000000000e+00 -6.737020385e-13 5.489990882e+02 2.719513905e+02 2.770476977e-07 0.000000000e+00 1.190445601e+01 -1.190445601e-10 
d 5.49458673988189e+02 0.000000000e+00 0.000000000e+00 -2.770834492e-07 -2.000000000e+00 -2.000000000e+00 -6.786176412e-13 5.494586740e+02 2.722537872e+02 2.772048868e-07 0.000000000e+00 1.207589913e+01 -1.207589913e-10 
d 5.50377845598301e+02 0.000000000e+00 0.000000000e+00 -2.774023028e-07 -2.000000000e+00 -2.000000000e+00 -6.883723727e-13 5.503778456e+02 2.728506999e+02 2.775271457e-07 0.000000000e+00 1.241545813e+01 -1.241545813e-10 
d 5.52216188818525e+02 0.000000000e+00 0.000000000e+00 -2.780821856e-07 -2.000000000e+00 -2.000000000e+00 -7.072654131e-13 5.522161888e+02 2.740025433e+02 2.782136455e-07 0.000000000e+00 1.307526936e+01 -1.307526936e-10 
d 5.53935562750142e+02 0.000000000e+00 0.000000000e+00 -2.787848948e-07 -2.000000000e+00 -2.000000000e+00 -7.236393663e-13 5.539355628e+02 2.750133443e+02 2.789222184e-07 0.000000000e+00 1.365999843e+01 -1.365999843e-10 
d 5.55133915192814e+02 0.000000000e+00 0.000000000e+00 -2.793252774e-07 -2.000000000e+00 -2.000000000e+00 -7.338892181e-13 5.551339152e+02 2.756674854e+02 2.794664298e-07 0.000000000e+00 1.404185307e+01 -1.404185307e-10 
d 5.56332267635485e+02 0.000000000e+00 0.000000000e+00 -2.798678449e-07 -2.000000000e+00 -2.000000000e+00 -7.443098908e-13 5.563322676e+02 2.763194189e+02 2.800128488e-07 0.000000000e+00 1.442595616e+01 -1.442595616e-10 
d 5.57530620078157e+02 0.000000000e+00 0.000000000e+00 -2.804153840e-07 -2.000000000e+00 -2.000000000e+00 -7.548593247e-13 5.575306201e+02 2.769663680e+02 2.805642521e-07 0.000000000e+00 1.481132912e+01 -1.481132912e-10 
d 5.58728972520829e+02 0.000000000e+00 0.000000000e+00 -2.809815545e-07 -2.000000000e+00 -2.000000000e+00 -7.652040860e-13 5.587289725e+02 2.775947459e+02 2.811342266e-07 0.000000000e+00 1.519069063e+01 -1.519069063e-10 
d 5.59517196252504e+02 0.000000000e+00 0.000000000e+00 -2.813645562e-07 -2.000000000e+00 -2.000000000e+00 -7.719587306e-13 5.595171963e+02 2.779974888e+02 2.815197075e-07 0.000000000e+00 1.543793528e+01 -1.543793528e-10 
d 5.60751982995913e+02 0.000000000e+00 0.000000000e+00 -2.819973066e-07 -2.000000000e+00 -2.000000000e+00 -7.826225052e-13 5.607519830e+02 2.785956652e+02 2.821563178e-07 0.000000000e+00 1.582285658e+01 -1.582285658e-10 
d 5.61272678412835e+02 0.000000000e+00 0.000000000e+00 -2.822736765e-07 -2.000000000e+00 -2.000000000e+00 -7.871759796e-13 5.612726784e+02 2.788383600e+02 2.824343184e-07 0.000000000e+00 1.598546454e+01 -1.598546454e-10 
d 5.61695041032023e+02 0.000000000e+00 0.000000000e+00 -2.824930609e-07 -2.000000000e+00 -2.000000000e+00 -7.908951894e-13 5.616950410e+02 2.790400059e+02 2.826550351e-07 0.000000000e+00 1.611833205e+01 -1.611833205e-10 
d 5.62139107844714e+02 0.000000000e+00 0.000000000e+00 -2.827200503e-07 -2.000000000e+00 -2.000000000e+00 -7.948287272e-13 5.621391078e+02 2.792556750e+02 2.828834328e-07 0.000000000e+00 1.625876745e+01 -1.625876745e-10 
d 5.62562075593244e+02 0.000000000e+00 0.000000000e+00 -2.829338621e-07 -2.000000000e+00 -2.000000000e+00 -7.985968773e-13 5.625620756e+02 2.794634840e+02 2.830985916e-07 0.000000000e+00 1.639309093e+01 -1.639309093e-10 
d 5.62999654157189e+02 0.000000000e+00 0.000000000e+00 -2.831533296e-07 -2.000000000e+00 -2.000000000e+00 -8.025165897e-13 5.629996542e+02 2.796801967e+02 2.833194575e-07 0.000000000e+00 1.653253489e+01 -1.653253489e-10 
d 5.63425827442081e+02 0.000000000e+00 0.000000000e+00 -2.833658349e-07 -2.000000000e+00 -2.000000000e+00 -8.063542179e-13 5.634258274e+02 2.798924986e+02 2.835333288e-07 0.000000000e+00 1.666875113e+01 -1.666875113e-10 
d 5.64123831926917e+02 0.000000000e+00 0.000000000e+00 -2.837119909e-07 -2.000000000e+00 -2.000000000e+00 -8.126796674e-13 5.641238319e+02 2.802421024e+02 2.838817296e-07 0.000000000e+00 1.689260127e+01 -1.689260127e-10 
d 5.65519840896589e+02 0.000000000e+00 0.000000000e+00 -2.844000066e-07 -2.000000000e+00 -2.000000000e+00 -8.254552988e-13 5.655198409e+02 2.809455833e+02 2.845742576e-07 0.000000000e+00 1.734255411e+01 -1.734255411e-10 
d 5.68311858835933e+02 0.000000000e+00 0.000000000e+00 -2.857726082e-07 -2.000000000e+00 -2.000000000e+00 -8.511321489e-13 5.683118588e+02 2.823559303e+02 2.859559286e-07 0.000000000e+00 1.824692117e+01 -1.824692117e-10 
d 5.71103876775278e+02 0.000000000e+00 0.000000000e+00 -2.871918810e-07 -2.000000000e+00 -2.000000000e+00 -8.750467543e-13 5.711038768e+02 2.837198503e+02 2.873840265e-07 0.000000000e+00 1.912704749e+01 -1.912704749e-10 
d 5.73895894714622e+02 0.000000000e+00 0.000000000e+00 -2.889177067e-07 -2.000000000e+00 -2.000000000e+00 -8.903815187e-13 5.738958947e+02 2.847791765e+02 2.891167182e-07 0.000000000e+00 1.981211627e+01 -1.981211627e-10 
d 5.74586254478853e+02 0.000000000e+00 0.000000000e+00 -2.893624791e-07 -2.000000000e+00 -2.000000000e+00 -8.934811153e-13 5.745862545e+02 2.850231795e+02 2.895630750e-07 0.000000000e+00 1.997023609e+01 -1.997023609e-10 
d 5.75276614243085e+02 0.000000000e+00 0.000000000e+00 -2.898079271e-07 -2.000000000e+00 -2.000000000e+00 -8.964641177e-13 5.752766142e+02 2.852665093e+02 2.900101049e-07 0.000000000e+00 2.012814228e+01 -2.012814228e-10 
d 5.75966974007316e+02 0.000000000e+00 0.000000000e+00 -2.902543417e-07 -2.000000000e+00 -2.000000000e+00 -8.993408391e-13 5.759669740e+02 2.855088764e+02 2.904580976e-07 0.000000000e+00 2.028565800e+01 -2.028565800e-10 
d 5.77347693535778e+02 0.000000000e+00 0.000000000e+00 -2.911512147e-07 -2.000000000e+00 -2.000000000e+00 -9.048349271e-13 5.773476935e+02 2.859895858e+02 2.913581077e-07 0.000000000e+00 2.059882200e+01 -2.059882200e-10 
d 5.80109132592703e+02 0.000000000e+00 0.000000000e+00 -2.929686109e-07 -2.000000000e+00 -2.000000000e+00 -9.153202867e-13 5.801091326e+02 2.869274747e+02 2.931816579e-07 0.000000000e+00 2.121317260e+01 -2.121317260e-10 
d 5.85632010706554e+02 0.000000000e+00 0.000000000e+00 -2.967018319e-07 -2.000000000e+00 -2.000000000e+00 -9.379873706e-13 5.856320107e+02 2.887052916e+02 2.969267191e-07 0.000000000e+00 2.239492822e+01 -2.239492822e-10 
d 5.91154888820403e+02 0.000000000e+00 0.000000000e+00 -3.006203595e-07 -2.000000000e+00 -2.000000000e+00 -9.656740920e-13 5.911548888e+02 2.902987213e+02 3.008561675e-07 0.000000000e+00 2.348423334e+01 -2.348423334e-10 
d 5.96677766934254e+02 0.000000000e+00 0.000000000e+00 -3.051178445e-07 -2.000000000e+00 -2.000000000e+00 -9.953830862e-13 5.966777669e+02 2.913169382e+02 3.053608287e-07 0.000000000e+00 2.419888305e+01 -2.419888305e-10 
d 5.98835969747161e+02 0.000000000e+00 0.000000000e+00 -3.068825591e-07 -2.000000000e+00 -2.000000000e+00 -1.006634858e-12 5.988359697e+02 2.917075925e+02 3.071283772e-07 0.000000000e+00 2.448114727e+01 -2.448114727e-10 
d 6.00994172560069e+02 0.000000000e+00 0.000000000e+00 -3.086472840e-07 -2.000000000e+00 -2.000000000e+00 -1.017548422e-12 6.009941726e+02 2.920981634e+02 3.088960092e-07 0.000000000e+00 2.477076096e+01 -2.477076096e-10 
d 6.03152375372976e+02 0.000000000e+00 0.000000000e+00 -3.104183558e-07 -2.000000000e+00 -2.000000000e+00 -1.028209375e-12 6.031523754e+02 2.924823241e+02 3.106700512e-07 0.000000000e+00 2.506672689e+01 -2.506672689e-10 
d 6.07468780998791e+02 0.000000000e+00 0.000000000e+00 -3.140436937e-07 -2.000000000e+00 -2.000000000e+00 -1.049946184e-12 6.074687810e+02 2.931674668e+02 3.143013142e-07 0.000000000e+00 2.565705352e+01 -2.565705352e-10 
d 6.11785186624606e+02 0.000000000e+00 0.000000000e+00 -3.179920978e-07 -2.000000000e+00 -2.000000000e+00 -1.074992639e-12 6.117851866e+02 2.935300257e+02 3.182551609e-07 0.000000000e+00 2.619881725e+01 -2.619881725e-10 
d 6.13326245134311e+02 0.000000000e+00 0.000000000e+00 -3.195841345e-07 -2.000000000e+00 -2.000000000e+00 -1.085352075e-12 6.133262451e+02 2.934772200e+02 3.198490251e-07 0.000000000e+00 2.638052211e+01 -2.638052211e-10 
d 6.14867303644016e+02 0.000000000e+00 0.000000000e+00 -3.213121861e-07 -2.000000000e+00 -2.000000000e+00 -1.096831621e-12 6.148673036e+02 2.932885518e+02 3.215787519e-07 0.000000000e+00 2.654689848e+01 -2.654689848e-10 
d 6.16408362153720e+02 0.000000000e+00 0.000000000e+00 -3.230928242e-07 -2.000000000e+00 -2.000000000e+00 -1.109089772e-12 6.164083622e+02 2.930475512e+02 3.233608110e-07 0.000000000e+00 2.668777423e+01 -2.668777423e-10 
d 6.17949420663425e+02 0.000000000e+00 0.000000000e+00 -3.248701341e-07 -2.000000000e+00 -2.000000000e+00 -1.121567863e-12 6.179494207e+02 2.928100992e+02 3.251393215e-07 0.000000000e+00 2.680657834e+01 -2.680657834e-10 
d 6.21031537682834e+02 0.000000000e+00 0.000000000e+00 -3.284760979e-07 -2.000000000e+00 -2.000000000e+00 -1.146020025e-12 6.210315377e+02 2.922840539e+02 3.287474837e-07 0.000000000e+00 2.702397672e+01 -2.702397672e-10 
d 6.24855582887619e+02 0.000000000e+00 0.000000000e+00 -3.333802419e-07 -2.000000000e+00 -2.000000000e+00 -1.175368124e-12 6.248555829e+02 2.912009900e+02 3.336545929e-07 0.000000000e+00 2.731756370e+01 -2.731756370e-10 
d 6.27564312786175e+02 0.000000000e+00 0.000000000e+00 -3.378887921e-07 -2.000000000e+00 -2.000000000e+00 -1.197925141e-12 6.275643128e+02 2.893983609e+02 3.381659519e-07 0.000000000e+00 2.759618357e+01 -2.759618357e-10 
d 6.30164930621856e+02 0.000000000e+00 0.000000000e+00 -3.514846780e-07 -2.000000000e+00 -2.000000000e+00 -1.245587895e-12 6.301649306e+02 2.783950255e+02 3.517699051e-07 0.000000000e+00 2.839814883e+01 -2.839814883e-10 
d 6.30731088001385e+02 0.000000000e+00 0.000000000e+00 -3.527964588e-07 -2.000000000e+00 -2.000000000e+00 -1.249502486e-12 6.307310880e+02 2.776488356e+02 3.530822524e-07 0.000000000e+00 2.845441456e+01 -2.845441456e-10 
d 6.31863402760445e+02 0.000000000e+00 0.000000000e+00 -3.548347939e-07 -2.000000000e+00 -2.000000000e+00 -1.255788143e-12 6.318634028e+02 2.767420036e+02 3.551213992e-07 0.000000000e+00 2.853494618e+01 -2.853494618e-10 
d 6.34128032278563e+02 0.000000000e+00 0.000000000e+00 -3.580525483e-07 -2.000000000e+00 -2.000000000e+00 -1.265783371e-12 6.341280323e+02 2.757877515e+02 3.583402807e-07 0.000000000e+00 2.864666064e+01 -2.864666064e-10 
d 6.38657291314799e+02 0.000000000e+00 0.000000000e+00 -3.634934616e-07 -2.000000000e+00 -2.000000000e+00 -1.282340324e-12 6.386572913e+02 2.748744337e+02 3.637828576e-07 0.000000000e+00 2.881136362e+01 -2.881136362e-10 
d 6.47715809387272e+02 0.000000000e+00 0.000000000e+00 -3.730859775e-07 -2.000000000e+00 -2.000000000e+00 -1.308892077e-12 6.477158094e+02 2.743379362e+02 3.733778732e-07 0.000000000e+00 2.905868300e+01 -2.905868300e-10 
d 6.65832845532218e+02 0.000000000e+00 0.000000000e+00 -3.907910731e-07 -2.000000000e+00 -2.000000000e+00 -1.344703514e-12 6.658328455e+02 2.747465092e+02 3.910863364e-07 0.000000000e+00 2.939185628e+01 -2.939185628e-10 
d 7.00598063342719e+02 0.000000000e+00 0.000000000e+00 -4.237815425e-07 -2.000000000e+00 -2.000000000e+00 -1.364204344e-12 7.005980633e+02 2.765182712e+02 4.240797921e-07 0.000000000e+00 2.968854292e+01 -2.968854292e-10 
d 7.48857163774448e+02 0.000000000e+00 0.000000000e+00 -4.702756362e-07 -2.000000000e+00 -2.000000000e+00 -1.360583978e-12 7.488571638e+02 2.782816278e+02 4.705755360e-07 0.000000000e+00 2.985392335e+01 -2.985392335e-10 
d 7.70578394070661e+02 0.000000000e+00 0.000000000e+00 -4.914075662e-07 -2.000000000e+00 -2.000000000e+00 -1.356680729e-12 7.705783941e+02 2.788704395e+02 4.917079546e-07 0.000000000e+00 2.990317250e+01 -2.990317250e-10 
d 8.14020854663087e+02 0.000000000e+00 0.000000000e+00 -5.338874032e-07 -2.000000000e+00 -2.000000000e+00 -1.347487342e-12 8.140208547e+02 2.798322818e+02 5.341885728e-07 0.000000000e+00 2.998221073e+01 -2.998221073e-10 
d 9.00905775847940e+02 0.000000000e+00 0.000000000e+00 -6.193650457e-07 -2.000000000e+00 -2.000000000e+00 -1.326589540e-12 9.009057758e+02 2.812383945e+02 6.196673813e-07 0.000000000e+00 3.010090183e+01 -3.010090183e-10 
d 1.06549633029789e+03 0.000000000e+00 0.000000000e+00 -7.822211518e-07 -2.000000000e+00 -2.000000000e+00 -1.281879647e-12 1.065496330e+03 2.829712529e+02 7.825250774e-07 0.000000000e+00 3.026437565e+01 -3.026437565e-10 
d 1.16746806031441e+03 0.000000000e+00 0.000000000e+00 -8.834039000e-07 -2.000000000e+00 -2.000000000e+00 -1.251171080e-12 1.167468060e+03 2.837594494e+02 8.837086109e-07 0.000000000e+00 3.034597299e+01 -3.034597299e-10 
d 1.37141152034746e+03 0.000000000e+00 0.000000000e+00 -1.086109197e-06 -2.000000000e+00 -2.000000000e+00 -1.184252306e-12 1.371411520e+03 2.849962897e+02 1.086415231e-06 0.000000000e+00 3.048493580e+01 -3.048493580e-10 
d 1.77929844041356e+03 0.000000000e+00 0.000000000e+00 -1.492256699e-06 -2.000000000e+00 -2.000000000e+00 -1.043259597e-12 1.779298440e+03 2.867336103e+02 1.492564830e-06 0.000000000e+00 3.070877448e+01 -3.070877448e-10 
d 2.23004119232592e+03 0.000000000e+00 0.000000000e+00 -1.941663991e-06 -2.000000000e+00 -2.000000000e+00 -8.978787166e-13 2.230041192e+03 2.880671958e+02 1.941973997e-06 0.000000000e+00 3.091072674e+01 -3.091072674e-10 
d 2.88736716895820e+03 0.000000000e+00 0.000000000e+00 -2.597573945e-06 -2.000000000e+00 -2.000000000e+00 -7.156552730e-13 2.887367169e+03 2.894809296e+02 2.597886239e-06 0.000000000e+00 3.115783818e+01 -3.115783818e-10 
d 3.56032804986698e+03 0.000000000e+00 0.000000000e+00 -3.269430072e-06 -2.000000000e+00 -2.000000000e+00 -5.570645633e-13 3.560328050e+03 2.905836792e+02 3.269744371e-06 0.000000000e+00 3.137419124e+01 -3.137419124e-10 
d 4.32035595636952e+03 0.000000000e+00 0.000000000e+00 -4.028460588e-06 -2.000000000e+00 -2.000000000e+00 -4.115379155e-13 4.320355956e+03 2.915790672e+02 4.028776889e-06 0.000000000e+00 3.158896375e+01 -3.158896375e-10 
d 5.22446068008500e+03 0.000000000e+00 0.000000000e+00 -4.931601400e-06 -2.000000000e+00 -2.000000000e+00 -2.831707374e-13 5.224460680e+03 2.925408404e+02 4.931919840e-06 0.000000000e+00 3.181567961e+01 -3.181567961e-10 
d 6.26511469357412e+03 0.000000000e+00 0.000000000e+00 -5.971346722e-06 -2.000000000e+00 -2.000000000e+00 -1.854701666e-13 6.265114694e+03 2.934473048e+02 5.971667389e-06 0.000000000e+00 3.204813530e+01 -3.204813530e-10 
d 7.43658052316217e+03 0.000000000e+00 0.000000000e+00 -7.141964437e-06 -2.000000000e+00 -2.000000000e+00 -1.195585170e-13 7.436580523e+03 2.942931409e+02 7.142287382e-06 0.000000000e+00 3.228258157e+01 -3.228258157e-10 
d 8.94664419681906e+03 0.000000000e+00 0.000000000e+00 -8.651121785e-06 -2.000000000e+00 -2.000000000e+00 -7.558910762e-14 8.946644197e+03 2.951968083e+02 8.651447389e-06 0.000000000e+00 3.255279965e+01 -3.255279965e-10 
d 1.07271927460262e+04 0.000000000e+00 0.000000000e+00 -1.043078834e-05 -2.000000000e+00 -2.000000000e+00 -5.498870480e-14 1.072719275e+04 2.960759897e+02 1.043111676e-05 0.000000000e+00 3.283616924e+01 -3.283616924e-10 
d 1.29263861442184e+04 0.000000000e+00 0.000000000e+00 -1.262907846e-05 -2.000000000e+00 -2.000000000e+00 -5.208574062e-14 1.292638614e+04 2.969761657e+02 1.262940998e-05 0.000000000e+00 3.314648591e+01 -3.314648591e-10 
d 1.57997297651695e+04 0.000000000e+00 0.000000000e+00 -1.550144450e-05 -2.000000000e+00 -2.000000000e+00 -6.515903992e-14 1.579972977e+04 2.979501766e+02 1.550177959e-05 0.000000000e+00 3.350264761e+01 -3.350264761e-10 
d 1.94297730678518e+04 0.000000000e+00 0.000000000e+00 -1.913046951e-05 -2.000000000e+00 -2.000000000e+00 -9.493602002e-14 1.942977307e+04 2.989645220e+02 1.913080855e-05 0.000000000e+00 3.389374867e+01 -3.389374867e-10 
d 2.39070330449026e+04 0.000000000e+00 0.000000000e+00 -2.360669361e-05 -2.000000000e+00 -2.000000000e+00 -1.449069195e-13 2.390703304e+04 2.999961880e+02 2.360703686e-05 0.000000000e+00 3.431047121e+01 -3.431047121e-10 
d 2.95133885443905e+04 0.000000000e+00 0.000000000e+00 -2.921197811e-05 -2.000000000e+00 -2.000000000e+00 -2.250487604e-13 2.951338854e+04 3.010626231e+02 2.921232592e-05 0.000000000e+00 3.475882088e+01 -3.475882088e-10 
d 3.66850075963100e+04 0.000000000e+00 0.000000000e+00 -3.638246941e-05 -2.000000000e+00 -2.000000000e+00 -3.559344696e-13 3.668500760e+04 3.021853564e+02 3.638282224e-05 0.000000000e+00 3.524750663e+01 -3.524750663e-10 
d 4.54626381905285e+04 0.000000000e+00 0.000000000e+00 -4.515896684e-05 -2.000000000e+00 -2.000000000e+00 -5.627584018e-13 4.546263819e+04 3.033132435e+02 4.515932495e-05 0.000000000e+00 3.575425962e+01 -3.575425962e-10 
d 5.64730795061168e+04 0.000000000e+00 0.000000000e+00 -5.616824427e-05 -2.000000000e+00 -2.000000000e+00 -9.000645036e-13 5.647307951e+04 3.044714219e+02 5.616860808e-05 0.000000000e+00 3.629112556e+01 -3.629112556e-10 
d 7.07629307993483e+04 0.000000000e+00 0.000000000e+00 -7.045686669e-05 -2.000000000e+00 -2.000000000e+00 -1.475685020e-12 7.076293080e+04 3.056938701e+02 7.045723693e-05 0.000000000e+00 3.687599236e+01 -3.687599236e-10 
d 8.76527417889111e+04 0.000000000e+00 0.000000000e+00 -8.734549595e-05 -2.000000000e+00 -2.000000000e+00 -2.344757987e-12 8.765274179e+04 3.068689245e+02 8.734587286e-05 0.000000000e+00 3.745663264e+01 -3.745663264e-10 
d 1.06418713416724e+05 0.000000000e+00 0.000000000e+00 -1.061103809e-04 -2.000000000e+00 -2.000000000e+00 -3.313264702e-12 1.064187134e+05 3.079491525e+02 1.061107643e-04 0.000000000e+00 3.800512815e+01 -3.800512815e-10 
d 1.25051623630914e+05 0.000000000e+00 0.000000000e+00 -1.247423673e-04 -2.000000000e+00 -2.000000000e+00 -4.320540508e-12 1.250516236e+05 3.088672375e+02 1.247427564e-04 0.000000000e+00 3.847801971e+01 -3.847801971e-10 
d 1.46518796332404e+05 0.000000000e+00 0.000000000e+00 -1.462086088e-04 -2.000000000e+00 -2.000000000e+00 -5.599500533e-12 1.465187963e+05 3.097923791e+02 1.462090040e-04 0.000000000e+00 3.895780311e+01 -3.895780311e-10 
d 1.70326753079476e+05 0.000000000e+00 0.000000000e+00 -1.700156596e-04 -2.000000000e+00 -2.000000000e+00 -7.174191641e-12 1.703267531e+05 3.106919702e+02 1.700160611e-04 0.000000000e+00 3.942868214e+01 -3.942868214e-10 
d 1.95437730061074e+05 0.000000000e+00 0.000000000e+00 -1.951258071e-04 -2.000000000e+00 -2.000000000e+00 -9.011106731e-12 1.954377301e+05 3.115151956e+02 1.951262149e-04 0.000000000e+00 3.987228269e+01 -3.987228269e-10 
d 2.23615714911593e+05 0.000000000e+00 0.000000000e+00 -2.233029910e-04 -2.000000000e+00 -2.000000000e+00 -1.120615097e-11 2.236157149e+05 3.123094833e+02 2.233034054e-04 0.000000000e+00 4.032015115e+01 -4.032015115e-10 
d 2.52493394784935e+05 0.000000000e+00 0.000000000e+00 -2.521799526e-04 -2.000000000e+00 -2.000000000e+00 -1.312637288e-11 2.524933948e+05 3.130216641e+02 2.521803731e-04 0.000000000e+00 4.073620648e+01 -4.073620648e-10 
d 2.85040308754803e+05 0.000000000e+00 0.000000000e+00 -2.847261467e-04 -2.000000000e+00 -2.000000000e+00 -1.478205236e-11 2.850403088e+05 3.137356437e+02 2.847265731e-04 0.000000000e+00 4.116392755e+01 -4.116392755e-10 
d 3.30101977829915e+05 0.000000000e+00 0.000000000e+00 -3.297869337e-04 -2.000000000e+00 -2.000000000e+00 -1.673417357e-11 3.301019778e+05 3.146103989e+02 3.297873674e-04 0.000000000e+00 4.169961457e+01 -4.169961457e-10 
d 3.74886388293381e+05 0.000000000e+00 0.000000000e+00 -3.745705677e-04 -2.000000000e+00 -2.000000000e+00 -1.836227542e-11 3.748863883e+05 3.153804561e+02 3.745710078e-04 0.000000000e+00 4.218124733e+01 -4.218124733e-10 
d 4.35171319982696e+05 0.000000000e+00 0.000000000e+00 -4.348545772e-04 -2.000000000e+00 -2.000000000e+00 -2.018666931e-11 4.351713200e+05 3.162949057e+02 4.348550251e-04 0.000000000e+00 4.276825064e+01 -4.276825064e-10 
d 4.96251168671830e+05 0.000000000e+00 0.000000000e+00 -4.959336201e-04 -2.000000000e+00 -2.000000000e+00 -2.181736732e-11 4.962511687e+05 3.170936982e+02 4.959340750e-04 0.000000000e+00 4.330725112e+01 -4.330725112e-10 
d 5.78133653740735e+05 0.000000000e+00 0.000000000e+00 -5.778152173e-04 -2.000000000e+00 -2.000000000e+00 -2.420945880e-11 5.781336537e+05 3.179726267e+02 5.778156811e-04 0.000000000e+00 4.396249155e+01 -4.396249155e-10 
d 6.67035910858016e+05 0.000000000e+00 0.000000000e+00 -6.667166605e-04 -2.000000000e+00 -2.000000000e+00 -2.781513466e-11 6.670359109e+05 3.187765036e+02 6.667171344e-04 0.000000000e+00 4.460689536e+01 -4.460689536e-10 
d 7.59562156535351e+05 0.000000000e+00 0.000000000e+00 -7.592421619e-04 -2.000000000e+00 -2.000000000e+00 -3.235261615e-11 7.595621565e+05 3.195100724e+02 7.592426465e-04 0.000000000e+00 4.522042525e+01 -4.522042525e-10 
d 8.57076388288008e+05 0.000000000e+00 0.000000000e+00 -8.567556991e-04 -2.000000000e+00 -2.000000000e+00 -3.639131292e-11 8.570763883e+05 3.201946577e+02 8.567561936e-04 0.000000000e+00 4.581722131e+01 -4.581722131e-10 
d 9.69444103696666e+05 0.000000000e+00 0.000000000e+00 -9.691227091e-04 -2.000000000e+00 -2.000000000e+00 -3.960629931e-11 9.694441037e+05 3.208904064e+02 9.691232133e-04 0.000000000e+00 4.645430403e+01 -4.645430403e-10 
d 9.96191118309191e+05 0.000000000e+00 0.000000000e+00 -9.958695681e-04 -2.000000000e+00 -2.000000000e+00 -4.034762029e-11 9.961911183e+05 3.210438423e+02 9.958700745e-04 0.000000000e+00 4.659916230e+01 -4.659916230e-10 
d 1.04968514753424e+06 0.000000000e+00 0.000000000e+00 -1.049363299e-03 -2.000000000e+00 -2.000000000e+00 -4.179590655e-11 1.049685148e+06 3.213380199e+02 1.049363810e-03 0.000000000e+00 4.688194643e+01 -4.688194643e-10 
d 1.11969028699532e+06 0.000000000e+00 0.000000000e+00 -1.119368077e-03 -2.000000000e+00 -2.000000000e+00 -4.221791099e-11 1.119690287e+06 3.216951701e+02 1.119368592e-03 0.000000000e+00 4.723921002e+01 -4.723921002e-10 
d 1.18120378658696e+06 0.000000000e+00 0.000000000e+00 -1.180881289e-03 -2.000000000e+00 -2.000000000e+00 -4.086076031e-11 1.181203787e+06 3.219811532e+02 1.180881805e-03 0.000000000e+00 4.754231343e+01 -4.754231343e-10 
d 1.26051248612086e+06 0.000000000e+00 0.000000000e+00 -1.260189654e-03 -2.000000000e+00 -2.000000000e+00 -3.871014601e-11 1.260512486e+06 3.223142457e+02 1.260190172e-03 0.000000000e+00 4.791969180e+01 -4.791969180e-10 
d 1.41912988518868e+06 0.000000000e+00 0.000000000e+00 -1.418806473e-03 -2.000000000e+00 -2.000000000e+00 -3.415632075e-11 1.419129885e+06 3.228912797e+02 1.418806994e-03 0.000000000e+00 4.863505637e+01 -4.863505637e-10 
d 1.55391172233989e+06 0.000000000e+00 0.000000000e+00 -1.553587869e-03 -2.000000000e+00 -2.000000000e+00 -3.088023418e-11 1.553911722e+06 3.233304632e+02 1.553588392e-03 0.000000000e+00 4.920780365e+01 -4.920780365e-10 
d 1.76133948392534e+06 0.000000000e+00 0.000000000e+00 -1.761014999e-03 -2.000000000e+00 -2.000000000e+00 -2.736491672e-11 1.761339484e+06 3.239569133e+02 1.761015527e-03 0.000000000e+00 5.003748269e+01 -5.003748269e-10 
d 1.94653291747777e+06 0.000000000e+00 0.000000000e+00 -1.946207910e-03 -2.000000000e+00 -2.000000000e+00 -2.342114335e-11 1.946532917e+06 3.244763329e+02 1.946208441e-03 0.000000000e+00 5.073415838e+01 -5.073415838e-10 
d 2.06777101401412e+06 0.000000000e+00 0.000000000e+00 -2.067445685e-03 -2.000000000e+00 -2.000000000e+00 -2.021528459e-11 2.067771014e+06 3.247966288e+02 2.067446217e-03 0.000000000e+00 5.117114122e+01 -5.117114122e-10 
d 2.12082647280911e+06 0.000000000e+00 0.000000000e+00 -2.120501007e-03 -2.000000000e+00 -2.000000000e+00 -1.888681282e-11 2.120826473e+06 3.249334520e+02 2.120501539e-03 0.000000000e+00 5.135809308e+01 -5.135809308e-10 
d 2.17388193160409e+06 0.000000000e+00 0.000000000e+00 -2.173556330e-03 -2.000000000e+00 -2.000000000e+00 -1.753388282e-11 2.173881932e+06 3.250683891e+02 2.173556863e-03 0.000000000e+00 5.154259677e+01 -5.154259678e-10 
d 2.22693739039907e+06 0.000000000e+00 0.000000000e+00 -2.226611656e-03 -2.000000000e+00 -2.000000000e+00 -1.611092512e-11 2.226937390e+06 3.252010842e+02 2.226612189e-03 0.000000000e+00 5.172475046e+01 -5.172475046e-10 
d 2.27999284919405e+06 0.000000000e+00 0.000000000e+00 -2.279666985e-03 -2.000000000e+00 -2.000000000e+00 -1.462946640e-11 2.279992849e+06 3.253309529e+02 2.279667518e-03 0.000000000e+00 5.190464504e+01 -5.190464504e-10 
d 2.37014170778152e+06 0.000000000e+00 0.000000000e+00 -2.369815625e-03 -2.000000000e+00 -2.000000000e+00 -1.232365589e-11 2.370141708e+06 3.255483154e+02 2.369816159e-03 0.000000000e+00 5.220537396e+01 -5.220537396e-10 
d 2.45921431074965e+06 0.000000000e+00 0.000000000e+00 -2.458888016e-03 -2.000000000e+00 -2.000000000e+00 -1.035949665e-11 2.459214311e+06 3.257593137e+02 2.458888551e-03 0.000000000e+00 5.249672866e+01 -5.249672866e-10 
d 2.63735951668590e+06 0.000000000e+00 0.000000000e+00 -2.637032810e-03 -2.000000000e+00 -2.000000000e+00 -7.467164929e-12 2.637359517e+06 3.261689979e+02 2.637033348e-03 0.000000000e+00 5.306350791e+01 -5.306350791e-10 
d 2.97472389741326e+06 0.000000000e+00 0.000000000e+00 -2.974396433e-03 -2.000000000e+00 -2.000000000e+00 -4.373420889e-12 2.974723897e+06 3.269192922e+02 2.974396978e-03 0.000000000e+00 5.408543785e+01 -5.408543785e-10 
d 3.21432999142502e+06 0.000000000e+00 0.000000000e+00 -3.214001980e-03 -2.000000000e+00 -2.000000000e+00 -3.048024926e-12 3.214329991e+06 3.274601593e+02 3.214002531e-03 0.000000000e+00 5.477581153e+01 -5.477581153e-10 
d 3.26948422248642e+06 0.000000000e+00 0.000000000e+00 -3.269156082e-03 -2.000000000e+00 -2.000000000e+00 -2.810849437e-12 3.269484222e+06 3.275880652e+02 3.269156634e-03 0.000000000e+00 5.493100508e+01 -5.493100508e-10 
d 3.37979268460921e+06 0.000000000e+00 0.000000000e+00 -3.379464281e-03 -2.000000000e+00 -2.000000000e+00 -2.403222496e-12 3.379792685e+06 3.278486190e+02 3.379464836e-03 0.000000000e+00 5.523749043e+01 -5.523749042e-10 
d 3.54921714632903e+06 0.000000000e+00 0.000000000e+00 -3.548888326e-03 -2.000000000e+00 -2.000000000e+00 -1.947826746e-12 3.549217146e+06 3.282613642e+02 3.548888885e-03 0.000000000e+00 5.569862714e+01 -5.569862714e-10 
d 3.72499321945707e+06 0.000000000e+00 0.000000000e+00 -3.724663951e-03 -2.000000000e+00 -2.000000000e+00 -1.631557358e-12 3.724993219e+06 3.287048695e+02 3.724664515e-03 0.000000000e+00 5.616560395e+01 -5.616560395e-10 
d 3.95956014922199e+06 0.000000000e+00 0.000000000e+00 -3.959230262e-03 -2.000000000e+00 -2.000000000e+00 -1.308130539e-12 3.959560149e+06 3.293186089e+02 3.959230831e-03 0.000000000e+00 5.677209510e+01 -5.677209510e-10 
d 4.21292524309240e+06 0.000000000e+00 0.000000000e+00 -4.212594662e-03 -2.000000000e+00 -2.000000000e+00 -1.026284377e-12 4.212925243e+06 3.300062425e+02 4.212595237e-03 0.000000000e+00 5.740762770e+01 -5.740762770e-10 
d 4.71075484813343e+06 0.000000000e+00 0.000000000e+00 -4.710422830e-03 -2.000000000e+00 -2.000000000e+00 -6.960841392e-13 4.710754848e+06 3.314314107e+02 4.710423417e-03 0.000000000e+00 5.860388369e+01 -5.860388370e-10 
d 4.94893272005485e+06 0.000000000e+00 0.000000000e+00 -4.948599977e-03 -2.000000000e+00 -2.000000000e+00 -6.222757512e-13 4.948932720e+06 3.321506878e+02 4.948600569e-03 0.000000000e+00 5.915422820e+01 -5.915422819e-10 
d 5.39314083131350e+06 0.000000000e+00 0.000000000e+00 -5.392806678e-03 -2.000000000e+00 -2.000000000e+00 -5.357161840e-13 5.393140831e+06 3.335512472e+02 5.392807280e-03 0.000000000e+00 6.014716274e+01 -6.014716274e-10 
d 5.79180674263709e+06 0.000000000e+00 0.000000000e+00 -5.791471269e-03 -2.000000000e+00 -2.000000000e+00 -4.742851110e-13 5.791806743e+06 3.348633648e+02 5.791471879e-03 0.000000000e+00 6.100501231e+01 -6.100501232e-10 
d 6.34398032338845e+06 0.000000000e+00 0.000000000e+00 -6.343642955e-03 -2.000000000e+00 -2.000000000e+00 -4.157909022e-13 6.343980323e+06 3.367461117e+02 6.343643577e-03 0.000000000e+00 6.214750743e+01 -6.214750744e-10 
d 6.84901103694799e+06 0.000000000e+00 0.000000000e+00 -6.848671889e-03 -2.000000000e+00 -2.000000000e+00 -3.933943399e-13 6.849011037e+06 3.385161051e+02 6.848672521e-03 0.000000000e+00 6.315130139e+01 -6.315130139e-10 
d 7.50454909159845e+06 0.000000000e+00 0.000000000e+00 -7.504207590e-03 -2.000000000e+00 -2.000000000e+00 -3.988757958e-13 7.504549092e+06 3.408569324e+02 7.504208235e-03 0.000000000e+00 6.440255753e+01 -6.440255754e-10 
d 8.13759351646438e+06 0.000000000e+00 0.000000000e+00 -8.137249720e-03 -2.000000000e+00 -2.000000000e+00 -4.248072678e-13 8.137593516e+06 3.431408711e+02 8.137250376e-03 0.000000000e+00 6.556187290e+01 -6.556187290e-10 
d 9.12984285417909e+06 0.000000000e+00 0.000000000e+00 -9.129495458e-03 -2.000000000e+00 -2.000000000e+00 -4.828676065e-13 9.129842854e+06 3.467231738e+02 9.129496131e-03 0.000000000e+00 6.729518160e+01 -6.729518161e-10 
d 9.69857124629845e+06 0.000000000e+00 0.000000000e+00 -9.698221802e-03 -2.000000000e+00 -2.000000000e+00 -5.249599193e-13 9.698571246e+06 3.487612684e+02 9.698222485e-03 0.000000000e+00 6.824810549e+01 -6.824810550e-10 
d 1.06688583938533e+07 0.000000000e+00 0.000000000e+00 -1.066850550e-02 -2.000000000e+00 -2.000000000e+00 -6.150126096e-13 1.066885839e+07 3.521913882e+02 1.066850620e-02 0.000000000e+00 6.981432099e+01 -6.981432099e-10 
