v ATLAS
# This file was created by ATLAS version 5.26.1.R on Tue Apr 17 21:53:22 2018.
#SSF 2.0 generic
##############################################################################
#                    Copyright (c) 1984 - 2018                               #
#                    Silvaco Inc. All rights reserved                        #
#                                                                            #
# This file format and the following Key are copyright Silvaco Inc.          #
# You may not use, this format or key without reproducing this message in    #
# full and obtaining express written permission from Silvaco Inc.            #
#                                                                            #
# To obtain such permission please contact: Silvaco Inc.                     #
#                                           support@silvaco.com              #
#                                                                            #
# KEY=SVC86hn7562asdx                       PROD=345                         #
##############################################################################
y 1 15
z 300
f 2 "anode" "cathode" 
p 6 2 601 20 3 602 21 
d 1.478760000e-02 1.478760000e-02 1.190176330e+00 0.000000000e+00 0.000000000e+00 -1.190175754e+00 
d 2.186731138e-02 2.186731138e-02 1.763256414e+00 0.000000000e+00 0.000000000e+00 -1.763256328e+00 
d 3.233650537e-02 3.233650537e-02 2.617752881e+00 0.000000000e+00 0.000000000e+00 -2.617753966e+00 
d 4.781793068e-02 4.781793068e-02 3.903498363e+00 0.000000000e+00 0.000000000e+00 -3.903497568e+00 
d 7.071124317e-02 7.071124317e-02 5.873143557e+00 0.000000000e+00 0.000000000e+00 -5.873141963e+00 
d 1.045649580e-01 1.045649580e-01 8.988915145e+00 0.000000000e+00 0.000000000e+00 -8.988906539e+00 
d 1.546264772e-01 1.546264772e-01 1.416379064e+01 0.000000000e+00 0.000000000e+00 -1.416379052e+01 
d 2.286554495e-01 2.286554495e-01 2.328272692e+01 0.000000000e+00 0.000000000e+00 -2.328272607e+01 
d 3.381265325e-01 3.381265325e-01 4.032705861e+01 0.000000000e+00 0.000000000e+00 -4.032705936e+01 
d 5.000000000e-01 5.000000000e-01 7.397629630e+01 0.000000000e+00 0.000000000e+00 -7.397630354e+01 
d 5.743500000e-01 5.743500000e-01 9.303439140e+01 0.000000000e+00 0.000000000e+00 -9.303438664e+01 
d 6.597558450e-01 6.597558450e-01 1.178841503e+02 0.000000000e+00 0.000000000e+00 -1.178841450e+02 
d 7.578615392e-01 7.578615392e-01 1.505008837e+02 0.000000000e+00 0.000000000e+00 -1.505008716e+02 
d 8.705555500e-01 8.705555500e-01 1.935989947e+02 0.000000000e+00 0.000000000e+00 -1.935989948e+02 
d 1.000007160e+00 1.000007160e+00 2.509361435e+02 0.000000000e+00 0.000000000e+00 -2.509361440e+02 
d 1.148708225e+00 1.148708225e+00 3.277504105e+02 0.000000000e+00 0.000000000e+00 -3.277504134e+02 
d 1.319521138e+00 1.319521138e+00 4.314024956e+02 0.000000000e+00 0.000000000e+00 -4.314025067e+02 
d 1.515733931e+00 1.515733931e+00 5.723257353e+02 0.000000000e+00 0.000000000e+00 -5.723257345e+02 
d 1.741123567e+00 1.741123567e+00 7.654502279e+02 0.000000000e+00 0.000000000e+00 -7.654502225e+02 
d 2.000000000e+00 2.000000000e+00 1.032355039e+03 0.000000000e+00 0.000000000e+00 -1.032355041e+03 
d 2.297400000e+00 2.297400000e+00 1.404754078e+03 0.000000000e+00 0.000000000e+00 -1.404754083e+03 
d 2.639023380e+00 2.639023380e+00 1.929670418e+03 0.000000000e+00 0.000000000e+00 -1.929670416e+03 
d 3.031446157e+00 3.031446157e+00 2.678171446e+03 0.000000000e+00 0.000000000e+00 -2.678171428e+03 
d 3.482222200e+00 3.482222200e+00 3.759596739e+03 0.000000000e+00 0.000000000e+00 -3.759596753e+03 
d 4.000028641e+00 4.000028641e+00 5.345643151e+03 0.000000000e+00 0.000000000e+00 -5.345643154e+03 
d 4.594832900e+00 4.594832900e+00 7.713028173e+03 0.000000000e+00 0.000000000e+00 -7.713028168e+03 
d 5.278084552e+00 5.278084552e+00 1.131943901e+04 0.000000000e+00 0.000000000e+00 -1.131943903e+04 
d 6.062935725e+00 6.062935725e+00 1.694559235e+04 0.000000000e+00 0.000000000e+00 -1.694559235e+04 
d 6.964494268e+00 6.964494268e+00 2.597037451e+04 0.000000000e+00 0.000000000e+00 -2.597037451e+04 
d 8.000000000e+00 8.000000000e+00 4.092074293e+04 0.000000000e+00 0.000000000e+00 -4.092074292e+04 
d 8.767680000e+00 8.767680000e+00 5.625361590e+04 0.000000000e+00 0.000000000e+00 -5.625361589e+04 
d 9.609026573e+00 9.609026573e+00 7.857294932e+04 0.000000000e+00 0.000000000e+00 -7.857294930e+04 
d 1.053110876e+01 1.053110876e+01 1.116938453e+05 0.000000000e+00 0.000000000e+00 -1.116938453e+05 
d 1.154167396e+01 1.154167396e+01 1.618345192e+05 0.000000000e+00 0.000000000e+00 -1.618345192e+05 
d 1.264921299e+01 1.264921299e+01 2.392537085e+05 0.000000000e+00 0.000000000e+00 -2.392537084e+05 
d 1.386303147e+01 1.386303147e+01 3.610119285e+05 0.000000000e+00 0.000000000e+00 -3.610119287e+05 
d 1.519332797e+01 1.519332797e+01 5.550524563e+05 0.000000000e+00 0.000000000e+00 -5.550524558e+05 
d 1.665127972e+01 1.665127972e+01 8.651518042e+05 0.000000000e+00 0.000000000e+00 -8.651518045e+05 
d 1.824913653e+01 1.824913653e+01 1.352652089e+06 0.000000000e+00 0.000000000e+00 -1.352652090e+06 
d 2.000000000e+01 2.000000000e+01 2.083466609e+06 0.000000000e+00 0.000000000e+00 -2.083466608e+06 
