v ATLAS
# This file was created by ATLAS version 5.26.1.R on Thu Apr 19 10:02:09 2018.
#SSF 2.0 generic
##############################################################################
#                    Copyright (c) 1984 - 2018                               #
#                    Silvaco Inc. All rights reserved                        #
#                                                                            #
# This file format and the following Key are copyright Silvaco Inc.          #
# You may not use, this format or key without reproducing this message in    #
# full and obtaining express written permission from Silvaco Inc.            #
#                                                                            #
# To obtain such permission please contact: Silvaco Inc.                     #
#                                           support@silvaco.com              #
#                                                                            #
# KEY=SVC86hn7562asdx                       PROD=345                         #
##############################################################################
y 1 15
z 300
f 2 "cathode" "anode" 
p 17 91 4000 4010 4020 85 86 87 308 354 355 356 2 601 20 3 602 21 
d 9.986937771e-03 3.000000000e-01 2.772798316e-07 2.357203923e-07 2.357203923e-07 2.772798316e-07 3.113028169e-01 9.000000000e+01 1.061007331e-02 9.061868749e-01 8.320305178e-02 0.000000000e+00 0.000000000e+00 2.052469847e-07 0.000000000e+00 0.000000000e+00 -2.052469845e-07 
d 9.986937771e-03 3.000000000e-01 2.772798316e-07 2.357203923e-07 2.357203923e-07 2.772798316e-07 3.113028169e-01 9.000000000e+01 1.061007331e-02 9.061868749e-01 8.320305178e-02 0.000000000e+00 0.000000000e+00 2.052404190e-07 2.000000000e-02 2.000000000e-02 -2.052404191e-07 
d 9.986937771e-03 3.000000000e-01 2.772798316e-07 2.357203923e-07 2.357203923e-07 2.772798316e-07 3.113028169e-01 9.000000000e+01 1.061007331e-02 9.061868749e-01 8.320305178e-02 0.000000000e+00 0.000000000e+00 2.052337610e-07 4.000000000e-02 4.000000000e-02 -2.052337604e-07 
d 9.986937771e-03 3.000000000e-01 2.772798316e-07 2.357203923e-07 2.357203923e-07 2.772798316e-07 3.113028169e-01 9.000000000e+01 1.061007331e-02 9.061868749e-01 8.320305178e-02 0.000000000e+00 0.000000000e+00 2.052269947e-07 6.000000000e-02 6.000000000e-02 -2.052269945e-07 
d 9.986937771e-03 3.000000000e-01 2.772798316e-07 2.357203923e-07 2.357203923e-07 2.772798316e-07 3.113028169e-01 9.000000000e+01 1.061007331e-02 9.061868749e-01 8.320305178e-02 0.000000000e+00 0.000000000e+00 2.052201056e-07 8.000000000e-02 8.000000000e-02 -2.052201050e-07 
d 9.986937771e-03 3.000000000e-01 2.772798316e-07 2.357203923e-07 2.357203923e-07 2.772798316e-07 3.113028169e-01 9.000000000e+01 1.061007331e-02 9.061868749e-01 8.320305178e-02 0.000000000e+00 0.000000000e+00 2.052130744e-07 1.000000000e-01 1.000000000e-01 -2.052130734e-07 
d 9.986937771e-03 3.000000000e-01 2.772798316e-07 2.357203923e-07 2.357203923e-07 2.772798316e-07 3.113028169e-01 9.000000000e+01 1.061007331e-02 9.061868749e-01 8.320305178e-02 0.000000000e+00 0.000000000e+00 2.052058773e-07 1.200000000e-01 1.200000000e-01 -2.052058783e-07 
d 9.986937771e-03 3.000000000e-01 2.772798316e-07 2.357203923e-07 2.357203923e-07 2.772798316e-07 3.113028169e-01 9.000000000e+01 1.061007331e-02 9.061868749e-01 8.320305178e-02 0.000000000e+00 0.000000000e+00 2.051984936e-07 1.400000000e-01 1.400000000e-01 -2.051984932e-07 
d 9.986937771e-03 3.000000000e-01 2.772798316e-07 2.357203923e-07 2.357203923e-07 2.772798316e-07 3.113028169e-01 9.000000000e+01 1.061007331e-02 9.061868749e-01 8.320305178e-02 0.000000000e+00 0.000000000e+00 2.051908803e-07 1.600000000e-01 1.600000000e-01 -2.051908819e-07 
d 9.986937771e-03 3.000000000e-01 2.772798316e-07 2.357203923e-07 2.357203923e-07 2.772798316e-07 3.113028169e-01 9.000000000e+01 1.061007331e-02 9.061868749e-01 8.320305178e-02 0.000000000e+00 0.000000000e+00 2.051829892e-07 1.800000000e-01 1.800000000e-01 -2.051829876e-07 
d 9.986937771e-03 3.000000000e-01 2.772798316e-07 2.357203923e-07 2.357203923e-07 2.772798316e-07 3.113028169e-01 9.000000000e+01 1.061007331e-02 9.061868749e-01 8.320305178e-02 0.000000000e+00 0.000000000e+00 2.051747093e-07 2.000000000e-01 2.000000000e-01 -2.051747099e-07 
d 9.986937771e-03 3.000000000e-01 2.772798316e-07 2.357203923e-07 2.357203923e-07 2.772798316e-07 3.113028169e-01 9.000000000e+01 1.061007331e-02 9.061868749e-01 8.320305178e-02 0.000000000e+00 0.000000000e+00 2.051658574e-07 2.200000000e-01 2.200000000e-01 -2.051658560e-07 
d 9.986937771e-03 3.000000000e-01 2.772798316e-07 2.357203923e-07 2.357203923e-07 2.772798316e-07 3.113028169e-01 9.000000000e+01 1.061007331e-02 9.061868749e-01 8.320305178e-02 0.000000000e+00 0.000000000e+00 2.051560390e-07 2.400000000e-01 2.400000000e-01 -2.051560377e-07 
d 9.986937771e-03 3.000000000e-01 2.772798316e-07 2.357203923e-07 2.357203923e-07 2.772798316e-07 3.113028169e-01 9.000000000e+01 1.061007331e-02 9.061868749e-01 8.320305178e-02 0.000000000e+00 0.000000000e+00 2.051444548e-07 2.600000000e-01 2.600000000e-01 -2.051444559e-07 
d 9.986937771e-03 3.000000000e-01 2.772798316e-07 2.357203923e-07 2.357203923e-07 2.772798316e-07 3.113028169e-01 9.000000000e+01 1.061007331e-02 9.061868749e-01 8.320305178e-02 0.000000000e+00 0.000000000e+00 2.051294405e-07 2.800000000e-01 2.800000000e-01 -2.051294408e-07 
d 9.986937771e-03 3.000000000e-01 2.772798316e-07 2.357203923e-07 2.357203923e-07 2.772798316e-07 3.113028169e-01 9.000000000e+01 1.061007331e-02 9.061868749e-01 8.320305178e-02 0.000000000e+00 0.000000000e+00 2.051074733e-07 3.000000000e-01 3.000000000e-01 -2.051074750e-07 
d 9.986937771e-03 3.000000000e-01 2.772798316e-07 2.357203923e-07 2.357203923e-07 2.772798316e-07 3.113028169e-01 9.000000000e+01 1.061007331e-02 9.061868749e-01 8.320305178e-02 0.000000000e+00 0.000000000e+00 2.050711037e-07 3.200000000e-01 3.200000000e-01 -2.050711034e-07 
d 9.986937771e-03 3.000000000e-01 2.772798316e-07 2.357203923e-07 2.357203923e-07 2.772798316e-07 3.113028169e-01 9.000000000e+01 1.061007331e-02 9.061868749e-01 8.320305178e-02 0.000000000e+00 0.000000000e+00 2.050044517e-07 3.400000000e-01 3.400000000e-01 -2.050044517e-07 
d 9.986937771e-03 3.000000000e-01 2.772798316e-07 2.357203923e-07 2.357203923e-07 2.772798316e-07 3.113028169e-01 9.000000000e+01 1.061007331e-02 9.061868749e-01 8.320305178e-02 0.000000000e+00 0.000000000e+00 2.048736131e-07 3.600000000e-01 3.600000000e-01 -2.048736126e-07 
d 9.986937771e-03 3.000000000e-01 2.772798316e-07 2.357203923e-07 2.357203923e-07 2.772798316e-07 3.113028169e-01 9.000000000e+01 1.061007331e-02 9.061868749e-01 8.320305178e-02 0.000000000e+00 0.000000000e+00 2.046060794e-07 3.800000000e-01 3.800000000e-01 -2.046060792e-07 
d 9.986937771e-03 3.000000000e-01 2.772798316e-07 2.357203923e-07 2.357203923e-07 2.772798316e-07 3.113028169e-01 9.000000000e+01 1.061007331e-02 9.061868749e-01 8.320305178e-02 0.000000000e+00 0.000000000e+00 2.040471017e-07 4.000000000e-01 4.000000000e-01 -2.040471021e-07 
d 9.986937771e-03 3.000000000e-01 2.772798316e-07 2.357203923e-07 2.357203923e-07 2.772798316e-07 3.113028169e-01 9.000000000e+01 1.061007331e-02 9.061868749e-01 8.320305178e-02 0.000000000e+00 0.000000000e+00 2.028689174e-07 4.200000000e-01 4.200000000e-01 -2.028689162e-07 
d 9.986937771e-03 3.000000000e-01 2.772798316e-07 2.357203923e-07 2.357203923e-07 2.772798316e-07 3.113028169e-01 9.000000000e+01 1.061007331e-02 9.061868749e-01 8.320305178e-02 0.000000000e+00 0.000000000e+00 2.003902715e-07 4.400000000e-01 4.400000000e-01 -2.003902712e-07 
d 9.986937771e-03 3.000000000e-01 2.772798316e-07 2.357203923e-07 2.357203923e-07 2.772798316e-07 3.113028169e-01 9.000000000e+01 1.061007331e-02 9.061868749e-01 8.320305178e-02 0.000000000e+00 0.000000000e+00 1.952524293e-07 4.600000000e-01 4.600000000e-01 -1.952524298e-07 
d 9.986937771e-03 3.000000000e-01 2.772798316e-07 2.357203923e-07 2.357203923e-07 2.772798316e-07 3.113028169e-01 9.000000000e+01 1.061007331e-02 9.061868749e-01 8.320305178e-02 0.000000000e+00 0.000000000e+00 1.849646314e-07 4.800000000e-01 4.800000000e-01 -1.849646318e-07 
d 9.986937771e-03 3.000000000e-01 2.772798316e-07 2.357203923e-07 2.357203923e-07 2.772798316e-07 3.113028169e-01 9.000000000e+01 1.061007331e-02 9.061868749e-01 8.320305178e-02 0.000000000e+00 0.000000000e+00 1.656388339e-07 5.000000000e-01 5.000000000e-01 -1.656388329e-07 
d 9.986937771e-03 3.000000000e-01 2.772798316e-07 2.357203923e-07 2.357203923e-07 2.772798316e-07 3.113028169e-01 9.000000000e+01 1.061007331e-02 9.061868749e-01 8.320305178e-02 0.000000000e+00 0.000000000e+00 1.326998954e-07 5.200000000e-01 5.200000000e-01 -1.326998975e-07 
d 9.986937771e-03 3.000000000e-01 2.772798316e-07 2.357203923e-07 2.357203923e-07 2.772798316e-07 3.113028169e-01 9.000000000e+01 1.061007331e-02 9.061868749e-01 8.320305178e-02 0.000000000e+00 0.000000000e+00 8.283585189e-08 5.400000000e-01 5.400000000e-01 -8.283585194e-08 
d 9.986937771e-03 3.000000000e-01 2.772798316e-07 2.357203923e-07 2.357203923e-07 2.772798316e-07 3.113028169e-01 9.000000000e+01 1.061007331e-02 9.061868749e-01 8.320305178e-02 0.000000000e+00 0.000000000e+00 1.545484598e-08 5.600000000e-01 5.600000000e-01 -1.545484611e-08 
d 9.986937771e-03 3.000000000e-01 2.772798316e-07 2.357203923e-07 2.357203923e-07 2.772798316e-07 3.113028169e-01 9.000000000e+01 1.061007331e-02 9.061868749e-01 8.320305178e-02 0.000000000e+00 0.000000000e+00 -6.801054042e-08 5.800000000e-01 5.800000000e-01 6.801054024e-08 
d 9.986937771e-03 3.000000000e-01 2.772798316e-07 2.357203923e-07 2.357203923e-07 2.772798316e-07 3.113028169e-01 9.000000000e+01 1.061007331e-02 9.061868749e-01 8.320305178e-02 0.000000000e+00 0.000000000e+00 -1.658198948e-07 6.000000000e-01 6.000000000e-01 1.658198953e-07 
d 9.986937771e-03 3.000000000e-01 2.772798316e-07 2.357203923e-07 2.357203923e-07 2.772798316e-07 3.113028169e-01 9.000000000e+01 1.061007331e-02 9.061868749e-01 8.320305178e-02 0.000000000e+00 0.000000000e+00 -2.769770248e-07 6.200000000e-01 6.200000000e-01 2.769770316e-07 
d 9.986937771e-03 3.000000000e-01 2.772798316e-07 2.357203923e-07 2.357203923e-07 2.772798316e-07 3.113028169e-01 9.000000000e+01 1.061007331e-02 9.061868749e-01 8.320305178e-02 0.000000000e+00 0.000000000e+00 -4.014245283e-07 6.400000000e-01 6.400000000e-01 4.014245311e-07 
d 9.986937771e-03 3.000000000e-01 2.772798316e-07 2.357203923e-07 2.357203923e-07 2.772798316e-07 3.113028169e-01 9.000000000e+01 1.061007331e-02 9.061868749e-01 8.320305178e-02 0.000000000e+00 0.000000000e+00 -5.398842295e-07 6.600000000e-01 6.600000000e-01 5.398842304e-07 
d 9.986937771e-03 3.000000000e-01 2.772798316e-07 2.357203923e-07 2.357203923e-07 2.772798316e-07 3.113028169e-01 9.000000000e+01 1.061007331e-02 9.061868749e-01 8.320305178e-02 0.000000000e+00 0.000000000e+00 -6.936861593e-07 6.800000000e-01 6.800000000e-01 6.936861586e-07 
d 9.986937771e-03 3.000000000e-01 2.772798316e-07 2.357203923e-07 2.357203923e-07 2.772798316e-07 3.113028169e-01 9.000000000e+01 1.061007331e-02 9.061868749e-01 8.320305178e-02 0.000000000e+00 0.000000000e+00 -8.646649259e-07 7.000000000e-01 7.000000000e-01 8.646649252e-07 
