v ATLAS
# This file was created by ATLAS version 5.26.1.R on Wed Apr 18 18:55:45 2018.
#SSF 2.0 generic
##############################################################################
#                    Copyright (c) 1984 - 2018                               #
#                    Silvaco Inc. All rights reserved                        #
#                                                                            #
# This file format and the following Key are copyright Silvaco Inc.          #
# You may not use, this format or key without reproducing this message in    #
# full and obtaining express written permission from Silvaco Inc.            #
#                                                                            #
# To obtain such permission please contact: Silvaco Inc.                     #
#                                           support@silvaco.com              #
#                                                                            #
# KEY=SVC86hn7562asdx                       PROD=345                         #
##############################################################################
y 3 700 711 15
z 0.5 0.00375 300
f 3 "source" "drain" "gate" 
p 9 2 601 20 3 602 21 4 603 22 
d 0.000000000e+00 0.000000000e+00 2.900427085e-07 0.000000000e+00 0.000000000e+00 2.215737598e-07 -2.000000000e-01 -2.000000000e-01 -5.116164968e-07 
d 0.000000000e+00 0.000000000e+00 -5.163701465e-06 5.000000000e-03 5.000000000e-03 5.675345623e-06 -2.000000000e-01 -2.000000000e-01 -5.116439860e-07 
d 0.000000000e+00 0.000000000e+00 -1.060614530e-05 1.000000000e-02 1.000000000e-02 1.111781123e-05 -2.000000000e-01 -2.000000000e-01 -5.116659035e-07 
d 0.000000000e+00 0.000000000e+00 -2.144955055e-05 2.000000000e-02 2.000000000e-02 2.196124568e-05 -2.000000000e-01 -2.000000000e-01 -5.116951868e-07 
d 0.000000000e+00 0.000000000e+00 -5.351136710e-05 5.000000000e-02 5.000000000e-02 5.402306467e-05 -2.000000000e-01 -2.000000000e-01 -5.116973307e-07 
d 0.000000000e+00 0.000000000e+00 -1.044903073e-04 1.000000000e-01 1.000000000e-01 1.050018558e-04 -2.000000000e-01 -2.000000000e-01 -5.115484744e-07 
d 0.000000000e+00 0.000000000e+00 -1.910370916e-04 2.000000000e-01 2.000000000e-01 1.915482207e-04 -2.000000000e-01 -2.000000000e-01 -5.111289261e-07 
d 0.000000000e+00 0.000000000e+00 -2.478373959e-04 3.000000000e-01 3.000000000e-01 2.483482059e-04 -2.000000000e-01 -2.000000000e-01 -5.108100366e-07 
d 0.000000000e+00 0.000000000e+00 -2.720194143e-04 4.000000000e-01 4.000000000e-01 2.725300814e-04 -2.000000000e-01 -2.000000000e-01 -5.106670915e-07 
d 0.000000000e+00 0.000000000e+00 -2.792697518e-04 5.000000000e-01 5.000000000e-01 2.797803811e-04 -2.000000000e-01 -2.000000000e-01 -5.106292629e-07 
d 0.000000000e+00 0.000000000e+00 -2.834404375e-04 6.000000000e-01 6.000000000e-01 2.839510481e-04 -2.000000000e-01 -2.000000000e-01 -5.106105352e-07 
d 0.000000000e+00 0.000000000e+00 -2.868774112e-04 7.000000000e-01 7.000000000e-01 2.873880068e-04 -2.000000000e-01 -2.000000000e-01 -5.105957707e-07 
d 0.000000000e+00 0.000000000e+00 -2.898859428e-04 8.000000000e-01 8.000000000e-01 2.903965262e-04 -2.000000000e-01 -2.000000000e-01 -5.105830698e-07 
d 0.000000000e+00 0.000000000e+00 -2.925704341e-04 9.000000000e-01 9.000000000e-01 2.930810058e-04 -2.000000000e-01 -2.000000000e-01 -5.105718412e-07 
d 0.000000000e+00 0.000000000e+00 -2.949710618e-04 1.000000000e+00 1.000000000e+00 2.954816237e-04 -2.000000000e-01 -2.000000000e-01 -5.105618351e-07 
d 0.000000000e+00 0.000000000e+00 -2.971084362e-04 1.100000000e+00 1.100000000e+00 2.976189889e-04 -2.000000000e-01 -2.000000000e-01 -5.105528950e-07 
d 0.000000000e+00 0.000000000e+00 -2.990518281e-04 1.200000000e+00 1.200000000e+00 2.995623732e-04 -2.000000000e-01 -2.000000000e-01 -5.105447517e-07 
d 0.000000000e+00 0.000000000e+00 -3.008822217e-04 1.300000000e+00 1.300000000e+00 3.013927581e-04 -2.000000000e-01 -2.000000000e-01 -5.105371387e-07 
d 0.000000000e+00 0.000000000e+00 -3.026332403e-04 1.400000000e+00 1.400000000e+00 3.031437701e-04 -2.000000000e-01 -2.000000000e-01 -5.105299377e-07 
d 0.000000000e+00 0.000000000e+00 -3.043146253e-04 1.500000000e+00 1.500000000e+00 3.048251478e-04 -2.000000000e-01 -2.000000000e-01 -5.105231008e-07 
d 0.000000000e+00 0.000000000e+00 -3.059284733e-04 1.600000000e+00 1.600000000e+00 3.064389899e-04 -2.000000000e-01 -2.000000000e-01 -5.105166038e-07 
d 0.000000000e+00 0.000000000e+00 -3.074720080e-04 1.700000000e+00 1.700000000e+00 3.079825182e-04 -2.000000000e-01 -2.000000000e-01 -5.105104386e-07 
d 0.000000000e+00 0.000000000e+00 -3.089384442e-04 1.800000000e+00 1.800000000e+00 3.094489490e-04 -2.000000000e-01 -2.000000000e-01 -5.105046101e-07 
d 0.000000000e+00 0.000000000e+00 -3.103251003e-04 1.900000000e+00 1.900000000e+00 3.108355994e-04 -2.000000000e-01 -2.000000000e-01 -5.104991114e-07 
d 0.000000000e+00 0.000000000e+00 -3.116462250e-04 2.000000000e+00 2.000000000e+00 3.121567190e-04 -2.000000000e-01 -2.000000000e-01 -5.104938856e-07 
