v ATLAS
# This file was created by ATLAS version 5.26.1.R on Mon Apr 16 16:12:46 2018.
#SSF 2.0 generic
##############################################################################
#                    Copyright (c) 1984 - 2018                               #
#                    Silvaco Inc. All rights reserved                        #
#                                                                            #
# This file format and the following Key are copyright Silvaco Inc.          #
# You may not use, this format or key without reproducing this message in    #
# full and obtaining express written permission from Silvaco Inc.            #
#                                                                            #
# To obtain such permission please contact: Silvaco Inc.                     #
#                                           support@silvaco.com              #
#                                                                            #
# KEY=SVC86hn7562asdx                       PROD=345                         #
##############################################################################
y 1 15
z 300
f 3 "emitter" "base" "collector" 
p 9 2 601 20 3 602 21 4 603 22 
d 0.000000000e+00 0.000000000e+00 -9.007455084e-08 7.946480571e-01 7.946480571e-01 4.000000000e-06 0.000000000e+00 0.000000000e+00 -3.909925449e-06 
d 0.000000000e+00 0.000000000e+00 -8.122789165e-05 8.513708829e-01 8.513708829e-01 4.000000000e-06 6.250000000e-02 6.250000000e-02 7.722789165e-05 
d 0.000000000e+00 0.000000000e+00 -2.770136534e-04 8.889820593e-01 8.889820593e-01 4.000000000e-06 1.250000000e-01 1.250000000e-01 2.730136534e-04 
d 0.000000000e+00 0.000000000e+00 -4.392266262e-04 9.045352477e-01 9.045352477e-01 4.000000000e-06 2.500000000e-01 2.500000000e-01 4.352266262e-04 
d 0.000000000e+00 0.000000000e+00 -4.757579851e-04 9.072875985e-01 9.072875985e-01 4.000000000e-06 5.000000000e-01 5.000000000e-01 4.717579851e-04 
d 0.000000000e+00 0.000000000e+00 -4.903546849e-04 9.083999057e-01 9.083999057e-01 4.000000000e-06 7.500000000e-01 7.500000000e-01 4.863546849e-04 
d 0.000000000e+00 0.000000000e+00 -5.011601628e-04 9.091370165e-01 9.091370165e-01 4.000000000e-06 1.000000000e+00 1.000000000e+00 4.971601628e-04 
d 0.000000000e+00 0.000000000e+00 -5.102881237e-04 9.097127035e-01 9.097127035e-01 4.000000000e-06 1.250000000e+00 1.250000000e+00 5.062881237e-04 
d 0.000000000e+00 0.000000000e+00 -5.183610409e-04 9.102012795e-01 9.102012795e-01 4.000000000e-06 1.500000000e+00 1.500000000e+00 5.143610409e-04 
d 0.000000000e+00 0.000000000e+00 -5.256768011e-04 9.106347781e-01 9.106347781e-01 4.000000000e-06 1.750000000e+00 1.750000000e+00 5.216768011e-04 
d 0.000000000e+00 0.000000000e+00 -5.323873839e-04 9.110289578e-01 9.110289578e-01 4.000000000e-06 2.000000000e+00 2.000000000e+00 5.283873839e-04 
d 0.000000000e+00 0.000000000e+00 -5.385902476e-04 9.113925796e-01 9.113925796e-01 4.000000000e-06 2.250000000e+00 2.250000000e+00 5.345902476e-04 
d 0.000000000e+00 0.000000000e+00 -5.443452747e-04 9.117308008e-01 9.117308008e-01 4.000000000e-06 2.500000000e+00 2.500000000e+00 5.403452747e-04 
d 0.000000000e+00 0.000000000e+00 -5.496994008e-04 9.120470438e-01 9.120470438e-01 4.000000000e-06 2.750000000e+00 2.750000000e+00 5.456994008e-04 
d 0.000000000e+00 0.000000000e+00 -5.546902993e-04 9.123438574e-01 9.123438574e-01 4.000000000e-06 3.000000000e+00 3.000000000e+00 5.506902993e-04 
d 0.000000000e+00 0.000000000e+00 -5.593517250e-04 9.126234014e-01 9.126234014e-01 4.000000000e-06 3.250000000e+00 3.250000000e+00 5.553517250e-04 
d 0.000000000e+00 0.000000000e+00 -5.637098979e-04 9.128875331e-01 9.128875331e-01 4.000000000e-06 3.500000000e+00 3.500000000e+00 5.597098979e-04 
d 0.000000000e+00 0.000000000e+00 -5.677842742e-04 9.131378800e-01 9.131378800e-01 4.000000000e-06 3.750000000e+00 3.750000000e+00 5.637842742e-04 
d 0.000000000e+00 0.000000000e+00 -5.715908111e-04 9.133759296e-01 9.133759296e-01 4.000000000e-06 4.000000000e+00 4.000000000e+00 5.675908111e-04 
d 0.000000000e+00 0.000000000e+00 -5.751445357e-04 9.136028839e-01 9.136028839e-01 4.000000000e-06 4.250000000e+00 4.250000000e+00 5.711445357e-04 
d 0.000000000e+00 0.000000000e+00 -5.784593899e-04 9.138197664e-01 9.138197664e-01 4.000000000e-06 4.500000000e+00 4.500000000e+00 5.744593899e-04 
d 0.000000000e+00 0.000000000e+00 -5.815474123e-04 9.140274334e-01 9.140274334e-01 4.000000000e-06 4.750000000e+00 4.750000000e+00 5.775474123e-04 
d 0.000000000e+00 0.000000000e+00 -5.844186950e-04 9.142265766e-01 9.142265766e-01 4.000000000e-06 5.000000000e+00 5.000000000e+00 5.804186950e-04 
