v ATLAS
# This file was created by ATLAS version 5.26.1.R on Mon Apr 16 16:12:25 2018.
#SSF 2.0 generic
##############################################################################
#                    Copyright (c) 1984 - 2018                               #
#                    Silvaco Inc. All rights reserved                        #
#                                                                            #
# This file format and the following Key are copyright Silvaco Inc.          #
# You may not use, this format or key without reproducing this message in    #
# full and obtaining express written permission from Silvaco Inc.            #
#                                                                            #
# To obtain such permission please contact: Silvaco Inc.                     #
#                                           support@silvaco.com              #
#                                                                            #
# KEY=SVC86hn7562asdx                       PROD=345                         #
##############################################################################
y 1 15
z 300
f 3 "emitter" "base" "collector" 
p 9 2 601 20 3 602 21 4 603 22 
d 0.000000000e+00 0.000000000e+00 -4.867525166e-13 3.000000000e-01 3.000000000e-01 2.487079924e-13 2.000000000e+00 2.000000000e+00 2.380281632e-13 
d 0.000000000e+00 0.000000000e+00 -2.139643207e-12 3.500000000e-01 3.500000000e-01 6.736857654e-13 2.000000000e+00 2.000000000e+00 1.465935809e-12 
d 0.000000000e+00 0.000000000e+00 -1.117938416e-11 4.000000000e-01 4.000000000e-01 1.895266335e-12 2.000000000e+00 2.000000000e+00 9.284153183e-12 
d 0.000000000e+00 0.000000000e+00 -6.475924058e-11 4.500000000e-01 4.500000000e-01 5.597520156e-12 2.000000000e+00 2.000000000e+00 5.916175716e-11 
d 0.000000000e+00 0.000000000e+00 -3.953114721e-10 5.000000000e-01 5.000000000e-01 1.745162382e-11 2.000000000e+00 2.000000000e+00 3.778598804e-10 
d 0.000000000e+00 0.000000000e+00 -2.473825896e-09 5.500000000e-01 5.500000000e-01 5.788609753e-11 2.000000000e+00 2.000000000e+00 2.415939808e-09 
d 0.000000000e+00 0.000000000e+00 -1.565475962e-08 6.000000000e-01 6.000000000e-01 2.077217701e-10 2.000000000e+00 2.000000000e+00 1.544703790e-08 
d 0.000000000e+00 0.000000000e+00 -9.946406823e-08 6.500000000e-01 6.500000000e-01 8.282829408e-10 2.000000000e+00 2.000000000e+00 9.863578524e-08 
d 0.000000000e+00 0.000000000e+00 -6.312879610e-07 7.000000000e-01 7.000000000e-01 3.765406538e-09 2.000000000e+00 2.000000000e+00 6.275225544e-07 
d 0.000000000e+00 0.000000000e+00 -3.968141594e-06 7.500000000e-01 7.500000000e-01 1.955965187e-08 2.000000000e+00 2.000000000e+00 3.948581942e-06 
d 0.000000000e+00 0.000000000e+00 -2.394594933e-05 8.000000000e-01 8.000000000e-01 1.114788666e-07 2.000000000e+00 2.000000000e+00 2.383447046e-05 
d 0.000000000e+00 0.000000000e+00 -1.237393032e-04 8.500000000e-01 8.500000000e-01 6.244662362e-07 2.000000000e+00 2.000000000e+00 1.231148370e-04 
d 0.000000000e+00 0.000000000e+00 -2.480489745e-04 8.750000000e-01 8.750000000e-01 1.387104266e-06 2.000000000e+00 2.000000000e+00 2.466618702e-04 
d 0.000000000e+00 0.000000000e+00 -4.342101115e-04 9.000000000e-01 9.000000000e-01 2.930291998e-06 2.000000000e+00 2.000000000e+00 4.312798195e-04 
d 0.000000000e+00 0.000000000e+00 -5.461361676e-04 9.125000000e-01 9.125000000e-01 4.164975335e-06 2.000000000e+00 2.000000000e+00 5.419711923e-04 
d 0.000000000e+00 0.000000000e+00 -6.686225153e-04 9.250000000e-01 9.250000000e-01 5.806784500e-06 2.000000000e+00 2.000000000e+00 6.628157308e-04 
d 0.000000000e+00 0.000000000e+00 -9.425131652e-04 9.500000000e-01 9.500000000e-01 1.066134973e-05 2.000000000e+00 2.000000000e+00 9.318518155e-04 
d 0.000000000e+00 0.000000000e+00 -1.265785262e-03 9.750000000e-01 9.750000000e-01 1.859197966e-05 2.000000000e+00 2.000000000e+00 1.247193283e-03 
d 0.000000000e+00 0.000000000e+00 -1.662283455e-03 1.000000000e+00 1.000000000e+00 3.173388166e-05 2.000000000e+00 2.000000000e+00 1.630549574e-03 
