v ATLAS
# This file was created by ATLAS version 5.26.1.R on Mon Apr 16 16:12:49 2018.
#SSF 2.0 generic
##############################################################################
#                    Copyright (c) 1984 - 2018                               #
#                    Silvaco Inc. All rights reserved                        #
#                                                                            #
# This file format and the following Key are copyright Silvaco Inc.          #
# You may not use, this format or key without reproducing this message in    #
# full and obtaining express written permission from Silvaco Inc.            #
#                                                                            #
# To obtain such permission please contact: Silvaco Inc.                     #
#                                           support@silvaco.com              #
#                                                                            #
# KEY=SVC86hn7562asdx                       PROD=345                         #
##############################################################################
y 1 15
z 300
f 3 "emitter" "base" "collector" 
p 9 2 601 20 3 602 21 4 603 22 
d 0.000000000e+00 0.000000000e+00 -1.119719227e-07 8.012119940e-01 8.012119940e-01 5.000000000e-06 0.000000000e+00 0.000000000e+00 -4.888028077e-06 
d 0.000000000e+00 0.000000000e+00 -9.476058580e-05 8.577252899e-01 8.577252899e-01 5.000000000e-06 6.250000000e-02 6.250000000e-02 8.976058580e-05 
d 0.000000000e+00 0.000000000e+00 -3.161313220e-04 8.954100768e-01 8.954100768e-01 5.000000000e-06 1.250000000e-01 1.250000000e-01 3.111313220e-04 
d 0.000000000e+00 0.000000000e+00 -5.037315523e-04 9.117111478e-01 9.117111478e-01 5.000000000e-06 2.500000000e-01 2.500000000e-01 4.987315523e-04 
d 0.000000000e+00 0.000000000e+00 -5.469750136e-04 9.148959396e-01 9.148959396e-01 5.000000000e-06 5.000000000e-01 5.000000000e-01 5.419750136e-04 
d 0.000000000e+00 0.000000000e+00 -5.635937555e-04 9.162113242e-01 9.162113242e-01 5.000000000e-06 7.500000000e-01 7.500000000e-01 5.585937555e-04 
d 0.000000000e+00 0.000000000e+00 -5.758221121e-04 9.170928045e-01 9.170928045e-01 5.000000000e-06 1.000000000e+00 1.000000000e+00 5.708221121e-04 
d 0.000000000e+00 0.000000000e+00 -5.861953867e-04 9.177711022e-01 9.177711022e-01 5.000000000e-06 1.250000000e+00 1.250000000e+00 5.811953867e-04 
d 0.000000000e+00 0.000000000e+00 -5.953595944e-04 9.183367196e-01 9.183367196e-01 5.000000000e-06 1.500000000e+00 1.500000000e+00 5.903595944e-04 
d 0.000000000e+00 0.000000000e+00 -6.036859282e-04 9.188323819e-01 9.188323819e-01 5.000000000e-06 1.750000000e+00 1.750000000e+00 5.986859282e-04 
d 0.000000000e+00 0.000000000e+00 -6.113489414e-04 9.192796210e-01 9.192796210e-01 5.000000000e-06 2.000000000e+00 2.000000000e+00 6.063489414e-04 
d 0.000000000e+00 0.000000000e+00 -6.184450835e-04 9.196898962e-01 9.196898962e-01 5.000000000e-06 2.250000000e+00 2.250000000e+00 6.134450835e-04 
d 0.000000000e+00 0.000000000e+00 -6.250630605e-04 9.200707088e-01 9.200707088e-01 5.000000000e-06 2.500000000e+00 2.500000000e+00 6.200630605e-04 
d 0.000000000e+00 0.000000000e+00 -6.312583578e-04 9.204270916e-01 9.204270916e-01 5.000000000e-06 2.750000000e+00 2.750000000e+00 6.262583578e-04 
d 0.000000000e+00 0.000000000e+00 -6.370847396e-04 9.207627676e-01 9.207627676e-01 5.000000000e-06 3.000000000e+00 3.000000000e+00 6.320847396e-04 
d 0.000000000e+00 0.000000000e+00 -6.425890300e-04 9.210805908e-01 9.210805908e-01 5.000000000e-06 3.250000000e+00 3.250000000e+00 6.375890300e-04 
d 0.000000000e+00 0.000000000e+00 -6.478079883e-04 9.213827433e-01 9.213827433e-01 5.000000000e-06 3.500000000e+00 3.500000000e+00 6.428079883e-04 
d 0.000000000e+00 0.000000000e+00 -6.527746675e-04 9.216710443e-01 9.216710443e-01 5.000000000e-06 3.750000000e+00 3.750000000e+00 6.477746675e-04 
d 0.000000000e+00 0.000000000e+00 -6.575144602e-04 9.219470283e-01 9.219470283e-01 5.000000000e-06 4.000000000e+00 4.000000000e+00 6.525144602e-04 
d 0.000000000e+00 0.000000000e+00 -6.620447482e-04 9.222120012e-01 9.222120012e-01 5.000000000e-06 4.250000000e+00 4.250000000e+00 6.570447482e-04 
d 0.000000000e+00 0.000000000e+00 -6.663762822e-04 9.224670820e-01 9.224670820e-01 5.000000000e-06 4.500000000e+00 4.500000000e+00 6.613762822e-04 
d 0.000000000e+00 0.000000000e+00 -6.705158113e-04 9.227132171e-01 9.227132171e-01 5.000000000e-06 4.750000000e+00 4.750000000e+00 6.655158113e-04 
d 0.000000000e+00 0.000000000e+00 -6.744687885e-04 9.229512143e-01 9.229512143e-01 5.000000000e-06 5.000000000e+00 5.000000000e+00 6.694687885e-04 
