v ATLAS
# This file was created by ATLAS version 5.26.1.R on Thu Apr 19 18:51:23 2018.
#SSF 2.0 generic
##############################################################################
#                    Copyright (c) 1984 - 2018                               #
#                    Silvaco Inc. All rights reserved                        #
#                                                                            #
# This file format and the following Key are copyright Silvaco Inc.          #
# You may not use, this format or key without reproducing this message in    #
# full and obtaining express written permission from Silvaco Inc.            #
#                                                                            #
# To obtain such permission please contact: Silvaco Inc.                     #
#                                           support@silvaco.com              #
#                                                                            #
# KEY=SVC86hn7562asdx                       PROD=345                         #
##############################################################################
y 3 700 711 15
z 0.1 0.03 300
f 4 "gate" "source" "drain" "substrate" 
p 12 2 601 20 3 602 21 4 603 22 5 604 23 
d 1.000000000e-01 1.000000000e-01 0.000000000e+00 0.000000000e+00 0.000000000e+00 -1.714367843e-15 5.000000000e-01 5.000000000e-01 7.314478989e-16 0.000000000e+00 0.000000000e+00 -1.162545632e-16 
d 2.000000000e-01 2.000000000e-01 1.997676358e-137 0.000000000e+00 0.000000000e+00 -1.982133385e-15 5.000000000e-01 5.000000000e-01 5.927612216e-16 0.000000000e+00 0.000000000e+00 -1.166934994e-16 
d 3.000000000e-01 3.000000000e-01 1.636697694e-135 0.000000000e+00 0.000000000e+00 -2.599539738e-15 5.000000000e-01 5.000000000e-01 2.130011139e-15 0.000000000e+00 0.000000000e+00 -1.171818593e-16 
d 4.000000000e-01 4.000000000e-01 1.100801095e-133 0.000000000e+00 0.000000000e+00 -3.671855102e-15 5.000000000e-01 5.000000000e-01 2.969650360e-15 0.000000000e+00 0.000000000e+00 -1.177584032e-16 
d 5.000000000e-01 5.000000000e-01 6.396164524e-132 0.000000000e+00 0.000000000e+00 -4.988960806e-15 5.000000000e-01 5.000000000e-01 5.257562805e-15 0.000000000e+00 0.000000000e+00 -1.184352657e-16 
d 6.000000000e-01 6.000000000e-01 3.281476789e-130 0.000000000e+00 0.000000000e+00 -7.218390917e-15 5.000000000e-01 5.000000000e-01 7.732200988e-15 0.000000000e+00 0.000000000e+00 -1.192250224e-16 
d 7.000000000e-01 7.000000000e-01 1.513504014e-128 0.000000000e+00 0.000000000e+00 -1.106569302e-14 5.000000000e-01 5.000000000e-01 1.086017039e-14 0.000000000e+00 0.000000000e+00 -1.201472057e-16 
d 8.000000000e-01 8.000000000e-01 6.379734585e-127 0.000000000e+00 0.000000000e+00 -1.916257214e-14 5.000000000e-01 5.000000000e-01 1.895997362e-14 0.000000000e+00 0.000000000e+00 -1.213236257e-16 
d 9.000000000e-01 9.000000000e-01 2.490329284e-125 0.000000000e+00 0.000000000e+00 -3.726118353e-14 5.000000000e-01 5.000000000e-01 3.793665548e-14 0.000000000e+00 0.000000000e+00 -1.227413750e-16 
d 1.000000000e+00 1.000000000e+00 9.040924005e-124 0.000000000e+00 0.000000000e+00 -8.048213461e-14 5.000000000e-01 5.000000000e-01 8.154358996e-14 0.000000000e+00 0.000000000e+00 -1.243070524e-16 
d 1.100000000e+00 1.100000000e+00 1.691118119e-126 0.000000000e+00 0.000000000e+00 -1.833325087e-13 5.000000000e-01 5.000000000e-01 1.839887650e-13 0.000000000e+00 0.000000000e+00 -1.259888102e-16 
d 1.200000000e+00 1.200000000e+00 3.411027373e-125 0.000000000e+00 0.000000000e+00 -4.343950791e-13 5.000000000e-01 5.000000000e-01 4.349310289e-13 0.000000000e+00 0.000000000e+00 -1.275479657e-16 
d 1.300000000e+00 1.300000000e+00 1.723298358e-125 0.000000000e+00 0.000000000e+00 -1.053416380e-12 5.000000000e-01 5.000000000e-01 1.054200879e-12 0.000000000e+00 0.000000000e+00 -1.287661740e-16 
d 1.400000000e+00 1.400000000e+00 2.689835987e-124 0.000000000e+00 0.000000000e+00 -2.591710207e-12 5.000000000e-01 5.000000000e-01 2.593233673e-12 0.000000000e+00 0.000000000e+00 -1.287178644e-16 
d 1.500000000e+00 1.500000000e+00 3.858243169e-123 0.000000000e+00 0.000000000e+00 -6.428143368e-12 5.000000000e-01 5.000000000e-01 6.427485025e-12 0.000000000e+00 0.000000000e+00 -1.253377433e-16 
d 1.600000000e+00 1.600000000e+00 4.955176988e-122 0.000000000e+00 0.000000000e+00 -1.604619185e-11 5.000000000e-01 5.000000000e-01 1.604835820e-11 0.000000000e+00 0.000000000e+00 -1.148022534e-16 
d 1.700000000e+00 1.700000000e+00 5.692225922e-121 0.000000000e+00 0.000000000e+00 -4.033613117e-11 5.000000000e-01 5.000000000e-01 4.033436208e-11 0.000000000e+00 0.000000000e+00 -9.080431930e-17 
d 1.800000000e+00 1.800000000e+00 5.908702257e-120 0.000000000e+00 0.000000000e+00 -1.022339569e-10 5.000000000e-01 5.000000000e-01 1.022349282e-10 0.000000000e+00 0.000000000e+00 -4.205731570e-17 
d 1.900000000e+00 1.900000000e+00 5.608943242e-119 0.000000000e+00 0.000000000e+00 -2.614664640e-10 5.000000000e-01 5.000000000e-01 2.614655212e-10 0.000000000e+00 0.000000000e+00 5.285159312e-17 
d 2.000000000e+00 2.000000000e+00 4.918683148e-118 0.000000000e+00 0.000000000e+00 -6.747435089e-10 5.000000000e-01 5.000000000e-01 6.747417665e-10 0.000000000e+00 0.000000000e+00 2.389317099e-16 
d 2.100000000e+00 2.100000000e+00 5.027977071e-106 0.000000000e+00 0.000000000e+00 -1.755118343e-09 5.000000000e-01 5.000000000e-01 1.755117339e-09 0.000000000e+00 0.000000000e+00 6.146389816e-16 
d 2.200000000e+00 2.200000000e+00 3.689314325e-102 0.000000000e+00 0.000000000e+00 -4.591770021e-09 5.000000000e-01 5.000000000e-01 4.591768639e-09 0.000000000e+00 0.000000000e+00 1.393891788e-15 
d 2.300000000e+00 2.300000000e+00 6.094594229e-98 0.000000000e+00 0.000000000e+00 -1.204063297e-08 5.000000000e-01 5.000000000e-01 1.204063134e-08 0.000000000e+00 0.000000000e+00 3.031619193e-15 
d 2.400000000e+00 2.400000000e+00 2.219000158e-93 0.000000000e+00 0.000000000e+00 -3.148363213e-08 5.000000000e-01 5.000000000e-01 3.148362733e-08 0.000000000e+00 0.000000000e+00 6.478811751e-15 
d 2.500000000e+00 2.500000000e+00 3.645439493e-54 0.000000000e+00 0.000000000e+00 -8.149480028e-08 5.000000000e-01 5.000000000e-01 8.149478690e-08 0.000000000e+00 0.000000000e+00 1.365914225e-14 
d 2.600000000e+00 2.600000000e+00 5.888553703e-52 0.000000000e+00 0.000000000e+00 -2.067795473e-07 5.000000000e-01 5.000000000e-01 2.067795204e-07 0.000000000e+00 0.000000000e+00 2.823479606e-14 
d 2.700000000e+00 2.700000000e+00 6.400633253e-50 0.000000000e+00 0.000000000e+00 -5.079998396e-07 5.000000000e-01 5.000000000e-01 5.079997829e-07 0.000000000e+00 0.000000000e+00 5.648442501e-14 
d 2.800000000e+00 2.800000000e+00 4.460845332e-48 0.000000000e+00 0.000000000e+00 -1.192231572e-06 5.000000000e-01 5.000000000e-01 1.192231463e-06 0.000000000e+00 0.000000000e+00 1.075124157e-13 
d 2.900000000e+00 2.900000000e+00 2.225496875e-46 0.000000000e+00 0.000000000e+00 -2.641611852e-06 5.000000000e-01 5.000000000e-01 2.641611660e-06 0.000000000e+00 0.000000000e+00 1.916461642e-13 
d 3.000000000e+00 3.000000000e+00 1.051590913e-44 0.000000000e+00 0.000000000e+00 -5.483931153e-06 5.000000000e-01 5.000000000e-01 5.483930836e-06 0.000000000e+00 0.000000000e+00 3.174826175e-13 
d 3.100000000e+00 3.100000000e+00 6.436821292e-43 0.000000000e+00 0.000000000e+00 -1.063303512e-05 5.000000000e-01 5.000000000e-01 1.063303463e-05 0.000000000e+00 0.000000000e+00 4.911183904e-13 
d 3.200000000e+00 3.200000000e+00 3.620420032e-35 0.000000000e+00 0.000000000e+00 -1.923617883e-05 5.000000000e-01 5.000000000e-01 1.923617811e-05 0.000000000e+00 0.000000000e+00 7.200085891e-13 
d 3.300000000e+00 3.300000000e+00 2.364935032e-34 0.000000000e+00 0.000000000e+00 -3.244085743e-05 5.000000000e-01 5.000000000e-01 3.244085642e-05 0.000000000e+00 0.000000000e+00 1.016864726e-12 
d 3.400000000e+00 3.400000000e+00 1.824894799e-33 0.000000000e+00 0.000000000e+00 -5.100752725e-05 5.000000000e-01 5.000000000e-01 5.100752585e-05 0.000000000e+00 0.000000000e+00 1.396438562e-12 
d 3.500000000e+00 3.500000000e+00 3.875451856e-31 0.000000000e+00 0.000000000e+00 -7.503248909e-05 5.000000000e-01 5.000000000e-01 7.503248722e-05 0.000000000e+00 0.000000000e+00 1.867180533e-12 
d 3.600000000e+00 3.600000000e+00 1.170666858e-30 0.000000000e+00 0.000000000e+00 -1.040061945e-04 5.000000000e-01 5.000000000e-01 1.040061921e-04 0.000000000e+00 0.000000000e+00 2.427098479e-12 
d 3.700000000e+00 3.700000000e+00 5.064778206e-30 0.000000000e+00 0.000000000e+00 -1.370889945e-04 5.000000000e-01 5.000000000e-01 1.370889914e-04 0.000000000e+00 0.000000000e+00 3.066722071e-12 
d 3.800000000e+00 3.800000000e+00 1.172425507e-29 0.000000000e+00 0.000000000e+00 -1.733680761e-04 5.000000000e-01 5.000000000e-01 1.733680724e-04 0.000000000e+00 0.000000000e+00 3.774743509e-12 
d 3.900000000e+00 3.900000000e+00 2.436609670e-29 0.000000000e+00 0.000000000e+00 -2.120011222e-04 5.000000000e-01 5.000000000e-01 2.120011177e-04 0.000000000e+00 0.000000000e+00 4.541933476e-12 
d 4.000000000e+00 4.000000000e+00 4.589592178e-29 0.000000000e+00 0.000000000e+00 -2.522713359e-04 5.000000000e-01 5.000000000e-01 2.522713305e-04 0.000000000e+00 0.000000000e+00 5.362659873e-12 
d 4.100000000e+00 4.100000000e+00 7.910495010e-29 0.000000000e+00 0.000000000e+00 -2.935956207e-04 5.000000000e-01 5.000000000e-01 2.935956145e-04 0.000000000e+00 0.000000000e+00 6.234788676e-12 
d 4.200000000e+00 4.200000000e+00 1.261810018e-28 0.000000000e+00 0.000000000e+00 -3.355128639e-04 5.000000000e-01 5.000000000e-01 3.355128567e-04 0.000000000e+00 0.000000000e+00 7.158864281e-12 
d 4.300000000e+00 4.300000000e+00 1.883829954e-28 0.000000000e+00 0.000000000e+00 -3.776656053e-04 5.000000000e-01 5.000000000e-01 3.776655972e-04 0.000000000e+00 0.000000000e+00 8.137116631e-12 
d 4.400000000e+00 4.400000000e+00 2.659878328e-28 0.000000000e+00 0.000000000e+00 -4.197810956e-04 5.000000000e-01 5.000000000e-01 4.197810864e-04 0.000000000e+00 0.000000000e+00 9.172542133e-12 
d 4.500000000e+00 4.500000000e+00 3.584772824e-28 0.000000000e+00 0.000000000e+00 -4.616542379e-04 5.000000000e-01 5.000000000e-01 4.616542276e-04 0.000000000e+00 0.000000000e+00 1.026816489e-11 
d 4.600000000e+00 4.600000000e+00 4.648633359e-28 0.000000000e+00 0.000000000e+00 -5.031332330e-04 5.000000000e-01 5.000000000e-01 5.031332216e-04 0.000000000e+00 0.000000000e+00 1.142648753e-11 
d 4.700000000e+00 4.700000000e+00 5.838951030e-28 0.000000000e+00 0.000000000e+00 -5.441079473e-04 5.000000000e-01 5.000000000e-01 5.441079346e-04 0.000000000e+00 0.000000000e+00 1.264912306e-11 
d 4.800000000e+00 4.800000000e+00 7.148183411e-28 0.000000000e+00 0.000000000e+00 -5.845006869e-04 5.000000000e-01 5.000000000e-01 5.845006730e-04 0.000000000e+00 0.000000000e+00 1.393658304e-11 
d 4.900000000e+00 4.900000000e+00 8.570493958e-28 0.000000000e+00 0.000000000e+00 -6.242589596e-04 5.000000000e-01 5.000000000e-01 6.242589443e-04 0.000000000e+00 0.000000000e+00 1.528819375e-11 
d 5.000000000e+00 5.000000000e+00 1.010642799e-27 0.000000000e+00 0.000000000e+00 -6.633498202e-04 5.000000000e-01 5.000000000e-01 6.633498035e-04 0.000000000e+00 0.000000000e+00 1.670211312e-11 
