v ATLAS
# This file was created by ATLAS version 5.26.1.R on Mon Apr 16 16:19:13 2018.
#SSF 2.0 generic
##############################################################################
#                    Copyright (c) 1984 - 2018                               #
#                    Silvaco Inc. All rights reserved                        #
#                                                                            #
# This file format and the following Key are copyright Silvaco Inc.          #
# You may not use, this format or key without reproducing this message in    #
# full and obtaining express written permission from Silvaco Inc.            #
#                                                                            #
# To obtain such permission please contact: Silvaco Inc.                     #
#                                           support@silvaco.com              #
#                                                                            #
# KEY=SVC86hn7562asdx                       PROD=345                         #
##############################################################################
y 1 15
z 300
f 2 "anode" "cathode" 
p 6 2 601 20 3 602 21 
d -2.500000000e-01 -2.500000000e-01 -8.699799306e-15 0.000000000e+00 0.000000000e+00 8.733314321e-15 
d -5.000000000e-01 -5.000000000e-01 -5.214804472e-14 0.000000000e+00 0.000000000e+00 5.213135389e-14 
d -7.500000000e-01 -7.500000000e-01 -1.126858558e-13 0.000000000e+00 0.000000000e+00 1.126585469e-13 
d -1.000000000e+00 -1.000000000e+00 -1.286270154e-13 0.000000000e+00 0.000000000e+00 1.286155117e-13 
d -1.250000000e+00 -1.250000000e+00 -1.596765904e-13 0.000000000e+00 0.000000000e+00 1.596394438e-13 
d -1.500000000e+00 -1.500000000e+00 -1.918141358e-13 0.000000000e+00 0.000000000e+00 1.918712961e-13 
d -1.750000000e+00 -1.750000000e+00 -2.078126153e-13 0.000000000e+00 0.000000000e+00 2.077614944e-13 
d -2.000000000e+00 -2.000000000e+00 -2.259961439e-13 0.000000000e+00 0.000000000e+00 2.259963676e-13 
d -2.250000000e+00 -2.250000000e+00 -2.547061301e-13 0.000000000e+00 0.000000000e+00 2.546950562e-13 
d -2.500000000e+00 -2.500000000e+00 -2.779691021e-13 0.000000000e+00 0.000000000e+00 2.780455234e-13 
d -2.750000000e+00 -2.750000000e+00 -3.021223987e-13 0.000000000e+00 0.000000000e+00 3.021623061e-13 
d -3.000000000e+00 -3.000000000e+00 -3.302736220e-13 0.000000000e+00 0.000000000e+00 3.302862208e-13 
d -3.250000000e+00 -3.250000000e+00 -3.768234356e-13 0.000000000e+00 0.000000000e+00 3.767822867e-13 
d -3.500000000e+00 -3.500000000e+00 -4.366747030e-13 0.000000000e+00 0.000000000e+00 4.367172205e-13 
d -3.750000000e+00 -3.750000000e+00 -5.143837122e-13 0.000000000e+00 0.000000000e+00 5.144413163e-13 
d -4.000000000e+00 -4.000000000e+00 -6.307124073e-13 0.000000000e+00 0.000000000e+00 6.307086621e-13 
d -4.250000000e+00 -4.250000000e+00 -8.743045035e-13 0.000000000e+00 0.000000000e+00 8.742939021e-13 
d -4.500000000e+00 -4.500000000e+00 -1.396968438e-12 0.000000000e+00 0.000000000e+00 1.396882971e-12 
d -4.750000000e+00 -4.750000000e+00 -2.028217756e-12 0.000000000e+00 0.000000000e+00 2.028200250e-12 
d -5.000000000e+00 -5.000000000e+00 -3.236258260e-12 0.000000000e+00 0.000000000e+00 3.236309659e-12 
d -5.250000000e+00 -5.250000000e+00 -6.379829948e-12 0.000000000e+00 0.000000000e+00 6.379818683e-12 
d -5.500000000e+00 -5.500000000e+00 -1.856974421e-11 0.000000000e+00 0.000000000e+00 1.856985873e-11 
d -5.625000000e+00 -5.625000000e+00 -4.572862620e-11 0.000000000e+00 0.000000000e+00 4.572865168e-11 
d -5.687500000e+00 -5.687500000e+00 -1.006049475e-10 0.000000000e+00 0.000000000e+00 1.006049736e-10 
d -5.718750000e+00 -5.718750000e+00 -2.100119087e-10 0.000000000e+00 0.000000000e+00 2.100120247e-10 
d -5.734375000e+00 -5.734375000e+00 -4.289899172e-10 0.000000000e+00 0.000000000e+00 4.289898400e-10 
d -5.742187500e+00 -5.742187500e+00 -8.742454459e-10 0.000000000e+00 0.000000000e+00 8.742453474e-10 
d -5.746093750e+00 -5.746093750e+00 -1.807811757e-09 0.000000000e+00 0.000000000e+00 1.807811722e-09 
d -5.748046875e+00 -5.748046875e+00 -3.888571561e-09 0.000000000e+00 0.000000000e+00 3.888571626e-09 
d -5.749023437e+00 -5.749023437e+00 -9.201073031e-09 0.000000000e+00 0.000000000e+00 9.201072994e-09 
d -5.749511719e+00 -5.749511719e+00 -2.885467563e-08 0.000000000e+00 0.000000000e+00 2.885467579e-08 
d -5.749572754e+00 -5.749572754e+00 -3.905313269e-08 0.000000000e+00 0.000000000e+00 3.905313286e-08 
d -5.749633789e+00 -5.749633789e+00 -5.938125061e-08 0.000000000e+00 0.000000000e+00 5.938125083e-08 
d -5.749664307e+00 -5.749664307e+00 -7.864404055e-08 0.000000000e+00 0.000000000e+00 7.864404062e-08 
d -5.749694824e+00 -5.749694824e+00 -1.114137062e-07 0.000000000e+00 0.000000000e+00 1.114137062e-07 
d -5.749725342e+00 -5.749725342e+00 -1.685772890e-07 0.000000000e+00 0.000000000e+00 1.685772889e-07 
d -5.749740601e+00 -5.749740601e+00 -2.097029866e-07 0.000000000e+00 0.000000000e+00 2.097029865e-07 
d -5.749755859e+00 -5.749755859e+00 -2.595086891e-07 0.000000000e+00 0.000000000e+00 2.595086892e-07 
d -5.749786377e+00 -5.749786377e+00 -3.803244634e-07 0.000000000e+00 0.000000000e+00 3.803244633e-07 
d -5.749816895e+00 -5.749816895e+00 -5.193334357e-07 0.000000000e+00 0.000000000e+00 5.193334355e-07 
d -5.749847412e+00 -5.749847412e+00 -6.679687838e-07 0.000000000e+00 0.000000000e+00 6.679687837e-07 
d -5.749877930e+00 -5.749877930e+00 -8.217883660e-07 0.000000000e+00 0.000000000e+00 8.217883659e-07 
d -5.749938965e+00 -5.749938965e+00 -1.137225619e-06 0.000000000e+00 0.000000000e+00 1.137225619e-06 
d -5.750000000e+00 -5.750000000e+00 -1.457712486e-06 0.000000000e+00 0.000000000e+00 1.457712486e-06 
d -6.000000000e+00 -6.000000000e+00 -1.445479665e-03 0.000000000e+00 0.000000000e+00 1.445479665e-03 
d -6.250000000e+00 -6.250000000e+00 -3.094436438e-03 0.000000000e+00 0.000000000e+00 3.094436438e-03 
d -6.500000000e+00 -6.500000000e+00 -4.868224769e-03 0.000000000e+00 0.000000000e+00 4.868224769e-03 
d -6.750000000e+00 -6.750000000e+00 -6.699558846e-03 0.000000000e+00 0.000000000e+00 6.699558846e-03 
d -7.000000000e+00 -7.000000000e+00 -8.566082288e-03 0.000000000e+00 0.000000000e+00 8.566082288e-03 
d -7.250000000e+00 -7.250000000e+00 -1.048542279e-02 0.000000000e+00 0.000000000e+00 1.048542279e-02 
d -7.500000000e+00 -7.500000000e+00 -1.238163682e-02 0.000000000e+00 0.000000000e+00 1.238163682e-02 
d -7.750000000e+00 -7.750000000e+00 -1.425322773e-02 0.000000000e+00 0.000000000e+00 1.425322773e-02 
d -8.000000000e+00 -8.000000000e+00 -1.610456642e-02 0.000000000e+00 0.000000000e+00 1.610456642e-02 
d -8.250000000e+00 -8.250000000e+00 -1.793618108e-02 0.000000000e+00 0.000000000e+00 1.793618108e-02 
d -8.500000000e+00 -8.500000000e+00 -1.974790861e-02 0.000000000e+00 0.000000000e+00 1.974790861e-02 
d -8.750000000e+00 -8.750000000e+00 -2.153955712e-02 0.000000000e+00 0.000000000e+00 2.153955712e-02 
d -9.000000000e+00 -9.000000000e+00 -2.331105072e-02 0.000000000e+00 0.000000000e+00 2.331105072e-02 
d -9.250000000e+00 -9.250000000e+00 -2.506235537e-02 0.000000000e+00 0.000000000e+00 2.506235537e-02 
d -9.500000000e+00 -9.500000000e+00 -2.679359280e-02 0.000000000e+00 0.000000000e+00 2.679359280e-02 
d -9.750000000e+00 -9.750000000e+00 -2.850508333e-02 0.000000000e+00 0.000000000e+00 2.850508333e-02 
d -1.000000000e+01 -1.000000000e+01 -3.019736985e-02 0.000000000e+00 0.000000000e+00 3.019736985e-02 
