v VICTORYDEVICE
# silvaco.file ASCII version=1.14.23 format=1 contents=SDB,Tables=1

Copyright "###################################################################"
Copyright "#                    Copyright Silvaco Inc. (c)                   #"
Copyright "#                            1992-2014                            #"
Copyright "#                                                                 #"
Copyright "# This file format and the following Key are copyright Silvaco    #"
Copyright "# International. You may not use, this format or key without      #"
Copyright "# reproducing this message in full and obtaining                  #"
Copyright "# express written permission from Silvaco Inc.                    #"
Copyright "#                                                                 #"
Copyright "# To obtain such permission please contact: Silvaco Inc.          #"
Copyright "#                                           support@silvaco.com   #"
Copyright "#                                                                 #"
Copyright "# KEY=SVC86hn7562asdx                       PROD=345              #"
Copyright "###################################################################"
#This file was created by VICTORYDEVICE version 1.12.1.R
#victoryd 1.12.1.R (Thu Apr 12 10:17:20 PDT 2018)
#libSDB 1.12.42 (Thu Oct 26 19:20:24 PDT 2017)
a VICTORYDEVICE
j 1 9
k 5
r 1 92
x 3 43 42 46
w source 1 1
r 2 92
x 3 43 42 46
w drain 1 2
r 3 92
x 3 43 42 46
w ground 1 3
r 4 92
x 3 43 42 46
w gate 1 4
r 5 92
x 3 43 42 46
w substrate 1 5
y 1 15
z 300
p 15 2 601 20 3 602 21 4 603 22 5 604 23 6 605 24
d 0 0 -3.4204154565983944e-09 0.1 0.1 3.420415456594203e-09 0 0 -9.9186508817718324e-25 0 0 0 0 0 5.7628727842323199e-24
d 0 0 -1.2766238334275168e-08 0.1 0.1 1.2766238334726149e-08 0 0 -2.6662431309541633e-19 0.05 0.05 0 0 0 2.0288520509337154e-19
d 0 0 -4.7550966083676839e-08 0.1 0.1 4.7550966083439292e-08 0 0 1.5503421184671945e-21 0.1 0.1 0 0 0 -9.5906923342751834e-20
d 0 0 -1.7323966052562036e-07 0.1 0.1 1.7323966042086266e-07 0 0 3.2084094879392218e-20 0.15 0.15 0 0 0 3.216693583186535e-16
d 0 0 -5.7090622506336795e-07 0.1 0.1 5.7090622506250059e-07 0 0 -2.7888394272096994e-21 0.2 0.2 0 0 0 -4.25036546928783e-18
d 0 0 -1.4362849530282673e-06 0.1 0.1 1.4362849530665195e-06 0 0 -2.2168081624524112e-20 0.25 0.25 0 0 0 1.1977200677224323e-18
d 0 0 -2.6054775167217907e-06 0.1 0.1 2.6054775180049342e-06 0 0 4.2252790104796554e-19 0.3 0.3 0 0 0 3.5430436982674218e-17
d 0 0 -3.8689801611866954e-06 0.1 0.1 3.8689802766171014e-06 0 0 6.2602008955686108e-20 0.35 0.35 0 0 0 2.0231989645337748e-17
d 0 0 -5.0935666445884418e-06 0.1 0.1 5.0935665275892834e-06 0 0 -7.2460451704960924e-19 0.4 0.4 0 0 0 -2.5078053315302518e-16
d 0 0 -6.2252342125270249e-06 0.1 0.1 6.2252341499303728e-06 0 0 -9.0100882876422249e-20 0.45 0.45 0 0 0 -5.098001661226234e-17
d 0 0 -7.2587749636899471e-06 0.1 0.1 7.2587750260768476e-06 0 0 -6.3692654636044552e-21 0.5 0.5 0 0 0 -2.4952127029666032e-19
d 0 0 -8.1987203319853832e-06 0.1 0.1 8.1987203714338031e-06 0 0 1.7326227949309613e-21 0.55 0.55 0 0 0 4.1785637568152837e-19
d 0 0 -9.0531536425212227e-06 0.1 0.1 9.0531536421932499e-06 0 0 -4.7010284957859575e-23 0.6 0.6 0 0 0 2.0179137863897059e-20
d 0 0 -9.8019623944784102e-06 0.1 0.1 9.8019623944317438e-06 0 0 5.4578296737142779e-24 0.65 0.65 0 0 0 -2.6937544040829753e-20
d 0 0 -1.0429959447719203e-05 0.1 0.1 1.042995944749414e-05 0 0 1.1577870414964037e-23 0.7 0.7 0 0 0 4.0717332237259628e-21
d 0 0 -1.0992438889258814e-05 0.1 0.1 1.0992438888992161e-05 0 0 8.8371187888872346e-21 0.75000000000000011 0.75000000000000011 0 0 0 -1.8657736750862138e-18
d 0 0 -1.1494241320829685e-05 0.1 0.1 1.1494241320499152e-05 0 0 -5.289900000100735e-22 0.8 0.8 0 0 0 -1.5220006073780698e-20
d 0 0 -1.1936437928652093e-05 0.1 0.1 1.1936437928454458e-05 0 0 7.6080128642640883e-24 0.8500000000000002 0.8500000000000002 0 0 0 2.2175204795488971e-21
d 0 0 -1.2353233046360464e-05 0.1 0.1 1.2353233046228781e-05 0 0 -1.4589550173264377e-23 0.90000000000000024 0.90000000000000024 0 0 0 -1.6921694677035805e-21
d 0 0 -1.2746798453779425e-05 0.1 0.1 1.274679845373841e-05 0 0 -4.727086212505009e-24 0.95000000000000029 0.95000000000000029 0 0 0 -1.1406356858964099e-21
d 0 0 -1.3111148504520107e-05 0.1 0.1 1.3111148499692651e-05 0 0 -2.7664878911238322e-21 1 1 0 0 0 -8.6192294874927704e-18
Q 2 13 "Voltage #01"
Q 3 13 "Voltage #02"
Q 4 13 "Voltage #03"
Q 5 13 "Voltage #04"
Q 6 13 "Voltage #05"
Q 20 13 "Current #01"
Q 21 13 "Current #02"
Q 22 13 "Current #03"
Q 23 13 "Current #04"
Q 24 13 "Current #05"
Q 92 21 Contact
Q 601 13 "Int. Voltage #01"
Q 602 13 "Int. Voltage #02"
Q 603 13 "Int. Voltage #03"
Q 604 13 "Int. Voltage #04"
Q 605 13 "Int. Voltage #05"
EOF 546342407
