v ATLAS
# This file was created by ATLAS version 5.26.1.R on Tue Apr 17 20:08:50 2018.
#SSF 2.0 generic
##############################################################################
#                    Copyright (c) 1984 - 2018                               #
#                    Silvaco Inc. All rights reserved                        #
#                                                                            #
# This file format and the following Key are copyright Silvaco Inc.          #
# You may not use, this format or key without reproducing this message in    #
# full and obtaining express written permission from Silvaco Inc.            #
#                                                                            #
# To obtain such permission please contact: Silvaco Inc.                     #
#                                           support@silvaco.com              #
#                                                                            #
# KEY=SVC86hn7562asdx                       PROD=345                         #
##############################################################################
y 3 700 711 15
z 1.00907 0.00909776 300
f 4 "substrate" "source" "drain" "gate" 
p 12 2 601 20 3 602 21 4 603 22 5 604 23 
d 0.000000000e+00 0.000000000e+00 -3.665089444e-23 0.000000000e+00 0.000000000e+00 -8.326143012e-19 0.000000000e+00 0.000000000e+00 6.608522716e-19 1.500000000e+00 1.500000000e+00 -5.856065837e-17 
d 0.000000000e+00 0.000000000e+00 -2.365736644e-16 0.000000000e+00 0.000000000e+00 -1.629951167e-05 2.000000000e-01 2.000000000e-01 1.629951167e-05 1.500000000e+00 1.500000000e+00 -4.031103724e-17 
d 0.000000000e+00 0.000000000e+00 -3.861175650e-16 0.000000000e+00 0.000000000e+00 -2.657156107e-05 4.000000000e-01 4.000000000e-01 2.657156107e-05 1.500000000e+00 1.500000000e+00 -4.245190839e-17 
d 0.000000000e+00 0.000000000e+00 -5.248450509e-16 0.000000000e+00 0.000000000e+00 -3.136811518e-05 6.000000000e-01 6.000000000e-01 3.136811518e-05 1.500000000e+00 1.500000000e+00 -6.158920780e-17 
d 0.000000000e+00 0.000000000e+00 -6.331900873e-16 0.000000000e+00 0.000000000e+00 -3.274012216e-05 8.000000000e-01 8.000000000e-01 3.274012216e-05 1.500000000e+00 1.500000000e+00 -4.984052467e-17 
d 0.000000000e+00 0.000000000e+00 -7.830252378e-16 0.000000000e+00 0.000000000e+00 -3.321718789e-05 1.000000000e+00 1.000000000e+00 3.321718790e-05 1.500000000e+00 1.500000000e+00 -3.850957249e-17 
d 0.000000000e+00 0.000000000e+00 -9.141760626e-16 0.000000000e+00 0.000000000e+00 -3.352526158e-05 1.200000000e+00 1.200000000e+00 3.352526158e-05 1.500000000e+00 1.500000000e+00 -5.182474671e-17 
d 0.000000000e+00 0.000000000e+00 -9.789387346e-16 0.000000000e+00 0.000000000e+00 -3.378459104e-05 1.400000000e+00 1.400000000e+00 3.378459104e-05 1.500000000e+00 1.500000000e+00 -6.242466971e-17 
d 0.000000000e+00 0.000000000e+00 -1.034910951e-15 0.000000000e+00 0.000000000e+00 -3.401621871e-05 1.600000000e+00 1.600000000e+00 3.401621871e-05 1.500000000e+00 1.500000000e+00 -6.610592376e-17 
d 0.000000000e+00 0.000000000e+00 -1.110682960e-15 0.000000000e+00 0.000000000e+00 -3.422429039e-05 1.800000000e+00 1.800000000e+00 3.422429039e-05 1.500000000e+00 1.500000000e+00 -5.078041932e-17 
d 0.000000000e+00 0.000000000e+00 -1.156164234e-15 0.000000000e+00 0.000000000e+00 -3.440358939e-05 2.000000000e+00 2.000000000e+00 3.440358939e-05 1.500000000e+00 1.500000000e+00 -4.900506276e-17 
d 0.000000000e+00 0.000000000e+00 -1.177500096e-15 0.000000000e+00 0.000000000e+00 -3.454868310e-05 2.200000000e+00 2.200000000e+00 3.454868310e-05 1.500000000e+00 1.500000000e+00 -6.537489459e-17 
d 0.000000000e+00 0.000000000e+00 -1.202374299e-15 0.000000000e+00 0.000000000e+00 -3.467528351e-05 2.400000000e+00 2.400000000e+00 3.467528351e-05 1.500000000e+00 1.500000000e+00 -6.649754653e-17 
d 0.000000000e+00 0.000000000e+00 -1.232388488e-15 0.000000000e+00 0.000000000e+00 -3.479382859e-05 2.600000000e+00 2.600000000e+00 3.479382859e-05 1.500000000e+00 1.500000000e+00 -6.652365472e-17 
d 0.000000000e+00 0.000000000e+00 -1.279072698e-15 0.000000000e+00 0.000000000e+00 -3.490720667e-05 2.800000000e+00 2.800000000e+00 3.490720667e-05 1.500000000e+00 1.500000000e+00 -5.558432531e-17 
d 0.000000000e+00 0.000000000e+00 -1.350564587e-15 0.000000000e+00 0.000000000e+00 -3.501681889e-05 3.000000000e+00 3.000000000e+00 3.501681890e-05 1.500000000e+00 1.500000000e+00 -5.286907410e-17 
d 0.000000000e+00 0.000000000e+00 -1.412366777e-15 0.000000000e+00 0.000000000e+00 -3.512357405e-05 3.200000000e+00 3.200000000e+00 3.512357405e-05 1.500000000e+00 1.500000000e+00 -4.292185571e-17 
d 0.000000000e+00 0.000000000e+00 -1.440536597e-15 0.000000000e+00 0.000000000e+00 -3.522803644e-05 3.400000000e+00 3.400000000e+00 3.522803644e-05 1.500000000e+00 1.500000000e+00 -8.511268225e-17 
d 0.000000000e+00 0.000000000e+00 -1.451482819e-15 0.000000000e+00 0.000000000e+00 -3.533056875e-05 3.600000000e+00 3.600000000e+00 3.533056876e-05 1.500000000e+00 1.500000000e+00 -5.326069687e-17 
d 0.000000000e+00 0.000000000e+00 -1.457811998e-15 0.000000000e+00 0.000000000e+00 -3.543133212e-05 3.800000000e+00 3.800000000e+00 3.543133212e-05 1.500000000e+00 1.500000000e+00 -5.843011745e-17 
d 0.000000000e+00 0.000000000e+00 -1.466824970e-15 0.000000000e+00 0.000000000e+00 -3.553036592e-05 4.000000000e+00 4.000000000e+00 3.553036592e-05 1.500000000e+00 1.500000000e+00 -4.503661868e-17 
d 0.000000000e+00 0.000000000e+00 -1.482395182e-15 0.000000000e+00 0.000000000e+00 -3.562765456e-05 4.200000000e+00 4.200000000e+00 3.562765456e-05 1.500000000e+00 1.500000000e+00 -5.832568471e-17 
d 0.000000000e+00 0.000000000e+00 -1.499494103e-15 0.000000000e+00 0.000000000e+00 -3.572312162e-05 4.400000000e+00 4.400000000e+00 3.572312162e-05 1.500000000e+00 1.500000000e+00 -6.114536866e-17 
d 0.000000000e+00 0.000000000e+00 -1.528728751e-15 0.000000000e+00 0.000000000e+00 -3.581657545e-05 4.600000000e+00 4.600000000e+00 3.581657545e-05 1.500000000e+00 1.500000000e+00 -4.503661868e-17 
d 0.000000000e+00 0.000000000e+00 -1.646000893e-15 0.000000000e+00 0.000000000e+00 -3.590773950e-05 4.800000000e+00 4.800000000e+00 3.590773950e-05 1.500000000e+00 1.500000000e+00 -4.075487638e-17 
d 0.000000000e+00 0.000000000e+00 -1.744759392e-15 0.000000000e+00 0.000000000e+00 -3.599628551e-05 5.000000000e+00 5.000000000e+00 3.599628551e-05 1.500000000e+00 1.500000000e+00 -4.887452183e-17 
d 0.000000000e+00 0.000000000e+00 -3.665089445e-23 0.000000000e+00 0.000000000e+00 9.350184882e-19 0.000000000e+00 0.000000000e+00 7.559230958e-19 3.000000000e+00 3.000000000e+00 -9.780778708e-18 
d 0.000000000e+00 0.000000000e+00 -2.330095770e-16 0.000000000e+00 0.000000000e+00 -4.245252671e-05 2.000000000e-01 2.000000000e-01 4.245252671e-05 3.000000000e+00 3.000000000e+00 4.457646192e-17 
d 0.000000000e+00 0.000000000e+00 -3.988083663e-16 0.000000000e+00 0.000000000e+00 -7.976281840e-05 4.000000000e-01 4.000000000e-01 7.976281840e-05 3.000000000e+00 3.000000000e+00 4.731782132e-17 
d 0.000000000e+00 0.000000000e+00 -5.649206422e-16 0.000000000e+00 0.000000000e+00 -1.116847738e-04 6.000000000e-01 6.000000000e-01 1.116847738e-04 3.000000000e+00 3.000000000e+00 5.517638492e-17 
d 0.000000000e+00 0.000000000e+00 -7.046857882e-16 0.000000000e+00 0.000000000e+00 -1.380429974e-04 8.000000000e-01 8.000000000e-01 1.380429975e-04 3.000000000e+00 3.000000000e+00 5.836158346e-17 
d 0.000000000e+00 0.000000000e+00 -8.765649173e-16 0.000000000e+00 0.000000000e+00 -1.587918816e-04 1.000000000e+00 1.000000000e+00 1.587918816e-04 3.000000000e+00 3.000000000e+00 6.285219124e-17 
d 0.000000000e+00 0.000000000e+00 -1.030175332e-15 0.000000000e+00 0.000000000e+00 -1.740466374e-04 1.200000000e+00 1.200000000e+00 1.740466374e-04 3.000000000e+00 3.000000000e+00 6.924869650e-17 
d 0.000000000e+00 0.000000000e+00 -1.116582994e-15 0.000000000e+00 0.000000000e+00 -1.841536346e-04 1.400000000e+00 1.400000000e+00 1.841536346e-04 3.000000000e+00 3.000000000e+00 7.413092705e-17 
d 0.000000000e+00 0.000000000e+00 -1.192123926e-15 0.000000000e+00 0.000000000e+00 -1.899626218e-04 1.600000000e+00 1.600000000e+00 1.899626218e-04 3.000000000e+00 3.000000000e+00 3.713562927e-17 
d 0.000000000e+00 0.000000000e+00 -1.271788810e-15 0.000000000e+00 0.000000000e+00 -1.930044734e-04 1.800000000e+00 1.800000000e+00 1.930044734e-04 3.000000000e+00 3.000000000e+00 8.820323862e-17 
d 0.000000000e+00 0.000000000e+00 -1.322599334e-15 0.000000000e+00 0.000000000e+00 -1.947563192e-04 2.000000000e+00 2.000000000e+00 1.947563192e-04 3.000000000e+00 3.000000000e+00 5.507195219e-17 
d 0.000000000e+00 0.000000000e+00 -1.355789178e-15 0.000000000e+00 0.000000000e+00 -1.959934847e-04 2.200000000e+00 2.200000000e+00 1.959934847e-04 3.000000000e+00 3.000000000e+00 9.909035166e-17 
d 0.000000000e+00 0.000000000e+00 -1.387664787e-15 0.000000000e+00 0.000000000e+00 -1.969941574e-04 2.400000000e+00 2.400000000e+00 1.969941574e-04 3.000000000e+00 3.000000000e+00 6.342657130e-17 
d 0.000000000e+00 0.000000000e+00 -1.419776763e-15 0.000000000e+00 0.000000000e+00 -1.978450774e-04 2.600000000e+00 2.600000000e+00 1.978450774e-04 3.000000000e+00 3.000000000e+00 3.935482497e-17 
d 0.000000000e+00 0.000000000e+00 -1.463887824e-15 0.000000000e+00 0.000000000e+00 -1.985729517e-04 2.800000000e+00 2.800000000e+00 1.985729517e-04 3.000000000e+00 3.000000000e+00 6.520192786e-17 
d 0.000000000e+00 0.000000000e+00 -1.532332957e-15 0.000000000e+00 0.000000000e+00 -1.991947322e-04 3.000000000e+00 3.000000000e+00 1.991947322e-04 3.000000000e+00 3.000000000e+00 7.509692988e-17 
d 0.000000000e+00 0.000000000e+00 -1.591743432e-15 0.000000000e+00 0.000000000e+00 -1.997389138e-04 3.200000000e+00 3.200000000e+00 1.997389138e-04 3.000000000e+00 3.000000000e+00 1.108651430e-16 
d 0.000000000e+00 0.000000000e+00 -1.623545433e-15 0.000000000e+00 0.000000000e+00 -2.002357783e-04 3.400000000e+00 3.400000000e+00 2.002357783e-04 3.000000000e+00 3.000000000e+00 7.629790638e-17 
d 0.000000000e+00 0.000000000e+00 -1.643283766e-15 0.000000000e+00 0.000000000e+00 -2.007049808e-04 3.600000000e+00 3.600000000e+00 2.007049808e-04 3.000000000e+00 3.000000000e+00 5.884132136e-18 
d 0.000000000e+00 0.000000000e+00 -1.662106507e-15 0.000000000e+00 0.000000000e+00 -2.011549120e-04 3.800000000e+00 3.800000000e+00 2.011549120e-04 3.000000000e+00 3.000000000e+00 5.518617549e-18 
d 0.000000000e+00 0.000000000e+00 -1.678802820e-15 0.000000000e+00 0.000000000e+00 -2.015888836e-04 4.000000000e+00 4.000000000e+00 2.015888836e-04 3.000000000e+00 3.000000000e+00 5.079020989e-17 
d 0.000000000e+00 0.000000000e+00 -1.687429177e-15 0.000000000e+00 0.000000000e+00 -2.020082620e-04 4.200000000e+00 4.200000000e+00 2.020082620e-04 3.000000000e+00 3.000000000e+00 7.029302389e-17 
d 0.000000000e+00 0.000000000e+00 -1.692226186e-15 0.000000000e+00 0.000000000e+00 -2.024147790e-04 4.400000000e+00 4.400000000e+00 2.024147790e-04 3.000000000e+00 3.000000000e+00 5.538525040e-17 
d 0.000000000e+00 0.000000000e+00 -1.714968606e-15 0.000000000e+00 0.000000000e+00 -2.028087086e-04 4.600000000e+00 4.600000000e+00 2.028087086e-04 3.000000000e+00 3.000000000e+00 2.149682661e-17 
d 0.000000000e+00 0.000000000e+00 -1.833190807e-15 0.000000000e+00 0.000000000e+00 -2.031897815e-04 4.800000000e+00 4.800000000e+00 2.031897815e-04 3.000000000e+00 3.000000000e+00 6.478419691e-17 
d 0.000000000e+00 0.000000000e+00 -1.936189018e-15 0.000000000e+00 0.000000000e+00 -2.035575109e-04 5.000000000e+00 5.000000000e+00 2.035575109e-04 3.000000000e+00 3.000000000e+00 4.885820422e-17 
d 0.000000000e+00 0.000000000e+00 -3.665089446e-23 0.000000000e+00 0.000000000e+00 9.737122666e-19 0.000000000e+00 0.000000000e+00 -2.625907487e-18 4.500000000e+00 4.500000000e+00 2.315061694e-16 
d 0.000000000e+00 0.000000000e+00 -2.305213976e-16 0.000000000e+00 0.000000000e+00 -6.288167234e-05 2.000000000e-01 2.000000000e-01 6.288167234e-05 4.500000000e+00 4.500000000e+00 2.242219858e-16 
d 0.000000000e+00 0.000000000e+00 -4.014836344e-16 0.000000000e+00 0.000000000e+00 -1.210874519e-04 4.000000000e-01 4.000000000e-01 1.210874519e-04 4.500000000e+00 4.500000000e+00 1.526855596e-16 
d 0.000000000e+00 0.000000000e+00 -5.750756532e-16 0.000000000e+00 0.000000000e+00 -1.742557338e-04 6.000000000e-01 6.000000000e-01 1.742557338e-04 4.500000000e+00 4.500000000e+00 1.694992306e-16 
d 0.000000000e+00 0.000000000e+00 -7.198033731e-16 0.000000000e+00 0.000000000e+00 -2.220823281e-04 8.000000000e-01 8.000000000e-01 2.220823281e-04 4.500000000e+00 4.500000000e+00 1.925788659e-16 
d 0.000000000e+00 0.000000000e+00 -8.990306563e-16 0.000000000e+00 0.000000000e+00 -2.643818308e-04 1.000000000e+00 1.000000000e+00 2.643818308e-04 4.500000000e+00 4.500000000e+00 2.389992184e-16 
d 0.000000000e+00 0.000000000e+00 -1.056899004e-15 0.000000000e+00 0.000000000e+00 -3.010799667e-04 1.200000000e+00 1.200000000e+00 3.010799667e-04 4.500000000e+00 4.500000000e+00 1.560012991e-16 
d 0.000000000e+00 0.000000000e+00 -1.153063189e-15 0.000000000e+00 0.000000000e+00 -3.321912545e-04 1.400000000e+00 1.400000000e+00 3.321912545e-04 4.500000000e+00 4.500000000e+00 1.350364268e-16 
d 0.000000000e+00 0.000000000e+00 -1.248346319e-15 0.000000000e+00 0.000000000e+00 -3.578083700e-04 1.600000000e+00 1.600000000e+00 3.578083700e-04 4.500000000e+00 4.500000000e+00 1.691337160e-16 
d 0.000000000e+00 0.000000000e+00 -1.345985405e-15 0.000000000e+00 0.000000000e+00 -3.781089267e-04 1.800000000e+00 1.800000000e+00 3.781089267e-04 4.500000000e+00 4.500000000e+00 1.696558797e-16 
d 0.000000000e+00 0.000000000e+00 -1.407548469e-15 0.000000000e+00 0.000000000e+00 -3.933856240e-04 2.000000000e+00 2.000000000e+00 3.933856240e-04 4.500000000e+00 4.500000000e+00 1.463412708e-16 
d 0.000000000e+00 0.000000000e+00 -1.453934465e-15 0.000000000e+00 0.000000000e+00 -4.041240589e-04 2.200000000e+00 2.200000000e+00 4.041240589e-04 4.500000000e+00 4.500000000e+00 2.010118096e-16 
d 0.000000000e+00 0.000000000e+00 -1.504751897e-15 0.000000000e+00 0.000000000e+00 -4.111303490e-04 2.400000000e+00 2.400000000e+00 4.111303490e-04 4.500000000e+00 4.500000000e+00 4.344891469e-17 
d 0.000000000e+00 0.000000000e+00 -1.549547871e-15 0.000000000e+00 0.000000000e+00 -4.155337160e-04 2.600000000e+00 2.600000000e+00 4.155337160e-04 4.500000000e+00 4.500000000e+00 -1.116940778e-17 
d 0.000000000e+00 0.000000000e+00 -1.601849903e-15 0.000000000e+00 0.000000000e+00 -4.184295078e-04 2.800000000e+00 2.800000000e+00 4.184295078e-04 4.500000000e+00 4.500000000e+00 1.009391375e-16 
d 0.000000000e+00 0.000000000e+00 -1.671196533e-15 0.000000000e+00 0.000000000e+00 -4.205370805e-04 3.000000000e+00 3.000000000e+00 4.205370805e-04 4.500000000e+00 4.500000000e+00 6.631968452e-17 
d 0.000000000e+00 0.000000000e+00 -1.724199213e-15 0.000000000e+00 0.000000000e+00 -4.222088312e-04 3.200000000e+00 3.200000000e+00 4.222088312e-04 4.500000000e+00 4.500000000e+00 1.277522432e-16 
d 0.000000000e+00 0.000000000e+00 -1.751002887e-15 0.000000000e+00 0.000000000e+00 -4.235979327e-04 3.400000000e+00 3.400000000e+00 4.235979327e-04 4.500000000e+00 4.500000000e+00 8.127967438e-17 
d 0.000000000e+00 0.000000000e+00 -1.772897690e-15 0.000000000e+00 0.000000000e+00 -4.247784584e-04 3.600000000e+00 3.600000000e+00 4.247784584e-04 4.500000000e+00 4.500000000e+00 9.684015249e-17 
d 0.000000000e+00 0.000000000e+00 -1.792566560e-15 0.000000000e+00 0.000000000e+00 -4.258027361e-04 3.800000000e+00 3.800000000e+00 4.258027361e-04 4.500000000e+00 4.500000000e+00 9.065251270e-17 
d 0.000000000e+00 0.000000000e+00 -1.805128779e-15 0.000000000e+00 0.000000000e+00 -4.267163848e-04 4.000000000e+00 4.000000000e+00 4.267163848e-04 4.500000000e+00 4.500000000e+00 9.130521732e-17 
d 0.000000000e+00 0.000000000e+00 -1.814850432e-15 0.000000000e+00 0.000000000e+00 -4.275532059e-04 4.200000000e+00 4.200000000e+00 4.275532059e-04 4.500000000e+00 4.500000000e+00 1.487171156e-16 
d 0.000000000e+00 0.000000000e+00 -1.825149734e-15 0.000000000e+00 0.000000000e+00 -4.283343871e-04 4.400000000e+00 4.400000000e+00 4.283343871e-04 4.500000000e+00 4.500000000e+00 8.229789358e-17 
d 0.000000000e+00 0.000000000e+00 -1.853452886e-15 0.000000000e+00 0.000000000e+00 -4.290715137e-04 4.600000000e+00 4.600000000e+00 4.290715137e-04 4.500000000e+00 4.500000000e+00 8.407325015e-17 
d 0.000000000e+00 0.000000000e+00 -1.976373565e-15 0.000000000e+00 0.000000000e+00 -4.297704869e-04 4.800000000e+00 4.800000000e+00 4.297704869e-04 4.500000000e+00 4.500000000e+00 1.807175912e-17 
d 0.000000000e+00 0.000000000e+00 -2.082892314e-15 0.000000000e+00 0.000000000e+00 -4.304354844e-04 5.000000000e+00 5.000000000e+00 4.304354844e-04 4.500000000e+00 4.500000000e+00 1.214079543e-16 
