v ATLAS
# This file was created by ATLAS version 5.26.1.R on Tue Apr 17 20:08:37 2018.
#SSF 2.0 generic
##############################################################################
#                    Copyright (c) 1984 - 2018                               #
#                    Silvaco Inc. All rights reserved                        #
#                                                                            #
# This file format and the following Key are copyright Silvaco Inc.          #
# You may not use, this format or key without reproducing this message in    #
# full and obtaining express written permission from Silvaco Inc.            #
#                                                                            #
# To obtain such permission please contact: Silvaco Inc.                     #
#                                           support@silvaco.com              #
#                                                                            #
# KEY=SVC86hn7562asdx                       PROD=345                         #
##############################################################################
y 3 700 711 15
z 1.00907 0.00909776 300
f 4 "substrate" "source" "drain" "gate" 
p 12 2 601 20 3 602 21 4 603 22 5 604 23 
d 0.000000000e+00 0.000000000e+00 -1.203667262e-16 0.000000000e+00 0.000000000e+00 -6.731545833e-14 1.000000000e-01 1.000000000e-01 6.743619984e-14 0.000000000e+00 0.000000000e+00 -6.722857571e-19 
d 0.000000000e+00 0.000000000e+00 -1.265819077e-16 0.000000000e+00 0.000000000e+00 -7.143895464e-12 1.000000000e-01 1.000000000e-01 7.144022251e-12 2.000000000e-01 2.000000000e-01 -1.440682269e-17 
d 0.000000000e+00 0.000000000e+00 -1.253354076e-16 0.000000000e+00 0.000000000e+00 -8.843201680e-10 1.000000000e-01 1.000000000e-01 8.843202919e-10 4.000000000e-01 4.000000000e-01 5.094359547e-18 
d 0.000000000e+00 0.000000000e+00 -1.191435264e-16 0.000000000e+00 0.000000000e+00 -9.464720905e-08 1.000000000e-01 1.000000000e-01 9.464720917e-08 6.000000000e-01 6.000000000e-01 -1.889579871e-17 
d 0.000000000e+00 0.000000000e+00 -1.433697918e-16 0.000000000e+00 0.000000000e+00 -1.340949594e-06 1.000000000e-01 1.000000000e-01 1.340949594e-06 8.000000000e-01 8.000000000e-01 -1.761649765e-17 
d 0.000000000e+00 0.000000000e+00 -1.490626486e-16 0.000000000e+00 0.000000000e+00 -3.536100114e-06 1.000000000e-01 1.000000000e-01 3.536100114e-06 1.000000000e+00 1.000000000e+00 -3.712583870e-17 
d 0.000000000e+00 0.000000000e+00 -1.490336958e-16 0.000000000e+00 0.000000000e+00 -5.763261374e-06 1.000000000e-01 1.000000000e-01 5.763261374e-06 1.200000000e+00 1.200000000e+00 -2.493331643e-17 
d 0.000000000e+00 0.000000000e+00 -1.481046984e-16 0.000000000e+00 0.000000000e+00 -7.891698638e-06 1.000000000e-01 1.000000000e-01 7.891698638e-06 1.400000000e+00 1.400000000e+00 -1.485555712e-17 
d 0.000000000e+00 0.000000000e+00 -1.470746365e-16 0.000000000e+00 0.000000000e+00 -9.914240448e-06 1.000000000e-01 1.000000000e-01 9.914240446e-06 1.600000000e+00 1.600000000e+00 -5.299961502e-17 
d 0.000000000e+00 0.000000000e+00 -1.461113040e-16 0.000000000e+00 0.000000000e+00 -1.183959760e-05 1.000000000e-01 1.000000000e-01 1.183959760e-05 1.800000000e+00 1.800000000e+00 1.092235909e-16 
d 0.000000000e+00 0.000000000e+00 -1.452443244e-16 0.000000000e+00 0.000000000e+00 -1.367806638e-05 1.000000000e-01 1.000000000e-01 1.367806638e-05 2.000000000e+00 2.000000000e+00 1.881094711e-17 
d 0.000000000e+00 0.000000000e+00 -1.444720135e-16 0.000000000e+00 0.000000000e+00 -1.543904323e-05 1.000000000e-01 1.000000000e-01 1.543904323e-05 2.200000000e+00 2.200000000e+00 8.472105948e-18 
d 0.000000000e+00 0.000000000e+00 -1.437821555e-16 0.000000000e+00 0.000000000e+00 -1.713066145e-05 1.000000000e-01 1.000000000e-01 1.713066145e-05 2.400000000e+00 2.400000000e+00 4.846984497e-17 
d 0.000000000e+00 0.000000000e+00 -1.431642001e-16 0.000000000e+00 0.000000000e+00 -1.875988704e-05 1.000000000e-01 1.000000000e-01 1.875988704e-05 2.600000000e+00 2.600000000e+00 5.014076879e-17 
d 0.000000000e+00 0.000000000e+00 -1.426066865e-16 0.000000000e+00 0.000000000e+00 -2.033269016e-05 1.000000000e-01 1.000000000e-01 2.033269016e-05 2.800000000e+00 2.800000000e+00 7.220218490e-17 
d 0.000000000e+00 0.000000000e+00 -1.421015186e-16 0.000000000e+00 0.000000000e+00 -2.185422816e-05 1.000000000e-01 1.000000000e-01 2.185422816e-05 3.000000000e+00 3.000000000e+00 6.611897785e-17 
d 0.000000000e+00 0.000000000e+00 -1.416408217e-16 0.000000000e+00 0.000000000e+00 -2.332896699e-05 1.000000000e-01 1.000000000e-01 2.332896699e-05 3.200000000e+00 3.200000000e+00 4.001079311e-17 
d 0.000000000e+00 0.000000000e+00 -1.412183830e-16 0.000000000e+00 0.000000000e+00 -2.476080297e-05 1.000000000e-01 1.000000000e-01 2.476080297e-05 3.400000000e+00 3.400000000e+00 2.211444836e-16 
d 0.000000000e+00 0.000000000e+00 -1.408291166e-16 0.000000000e+00 0.000000000e+00 -2.615315506e-05 1.000000000e-01 1.000000000e-01 2.615315506e-05 3.600000000e+00 3.600000000e+00 2.147969311e-16 
d 0.000000000e+00 0.000000000e+00 -1.404693117e-16 0.000000000e+00 0.000000000e+00 -2.750903929e-05 1.000000000e-01 1.000000000e-01 2.750903929e-05 3.800000000e+00 3.800000000e+00 2.242513575e-16 
d 0.000000000e+00 0.000000000e+00 -1.401351091e-16 0.000000000e+00 0.000000000e+00 -2.883112930e-05 1.000000000e-01 1.000000000e-01 2.883112930e-05 4.000000000e+00 4.000000000e+00 9.608301513e-17 
d 0.000000000e+00 0.000000000e+00 -1.398234294e-16 0.000000000e+00 0.000000000e+00 -3.012180585e-05 1.000000000e-01 1.000000000e-01 3.012180585e-05 4.200000000e+00 4.200000000e+00 1.686670322e-16 
d 0.000000000e+00 0.000000000e+00 -1.395318025e-16 0.000000000e+00 0.000000000e+00 -3.138319764e-05 1.000000000e-01 1.000000000e-01 3.138319764e-05 4.400000000e+00 4.400000000e+00 1.829449458e-16 
d 0.000000000e+00 0.000000000e+00 -1.392583853e-16 0.000000000e+00 0.000000000e+00 -3.261721514e-05 1.000000000e-01 1.000000000e-01 3.261721514e-05 4.600000000e+00 4.600000000e+00 2.606363765e-16 
d 0.000000000e+00 0.000000000e+00 -1.390008973e-16 0.000000000e+00 0.000000000e+00 -3.382557892e-05 1.000000000e-01 1.000000000e-01 3.382557892e-05 4.800000000e+00 4.800000000e+00 3.934992969e-17 
d 0.000000000e+00 0.000000000e+00 -1.387582174e-16 0.000000000e+00 0.000000000e+00 -3.500984326e-05 1.000000000e-01 1.000000000e-01 3.500984326e-05 5.000000000e+00 5.000000000e+00 1.248574982e-16 
d -2.500000000e+00 -2.500000000e+00 -3.002349139e-15 0.000000000e+00 0.000000000e+00 1.491556273e-15 1.000000000e-01 1.000000000e-01 1.512663344e-15 0.000000000e+00 0.000000000e+00 7.995631577e-19 
d -2.500000000e+00 -2.500000000e+00 -3.027975186e-15 0.000000000e+00 0.000000000e+00 1.503846511e-15 1.000000000e-01 1.000000000e-01 1.522198005e-15 2.000000000e-01 2.000000000e-01 -5.634472619e-18 
d -2.500000000e+00 -2.500000000e+00 -3.054292488e-15 0.000000000e+00 0.000000000e+00 1.517603526e-15 1.000000000e-01 1.000000000e-01 1.533902098e-15 4.000000000e-01 4.000000000e-01 1.222189398e-17 
d -2.500000000e+00 -2.500000000e+00 -3.115505173e-15 0.000000000e+00 0.000000000e+00 1.545850737e-15 1.000000000e-01 1.000000000e-01 1.570906732e-15 6.000000000e-01 6.000000000e-01 -2.090612893e-17 
d -2.500000000e+00 -2.500000000e+00 -3.218938094e-15 0.000000000e+00 0.000000000e+00 4.127984259e-16 1.000000000e-01 1.000000000e-01 2.807742231e-15 8.000000000e-01 8.000000000e-01 -1.850417593e-17 
d -2.500000000e+00 -2.500000000e+00 -3.236004575e-15 0.000000000e+00 0.000000000e+00 -6.329501999e-13 1.000000000e-01 1.000000000e-01 6.361823154e-13 1.000000000e+00 1.000000000e+00 -7.641865673e-17 
d -2.500000000e+00 -2.500000000e+00 -3.220095301e-15 0.000000000e+00 0.000000000e+00 -3.465447938e-10 1.000000000e-01 1.000000000e-01 3.465480158e-10 1.200000000e+00 1.200000000e+00 -4.010217176e-17 
d -2.500000000e+00 -2.500000000e+00 -3.196045380e-15 0.000000000e+00 0.000000000e+00 -1.251211374e-07 1.000000000e-01 1.000000000e-01 1.251211406e-07 1.400000000e+00 1.400000000e+00 -2.931949146e-17 
d -2.500000000e+00 -2.500000000e+00 -3.190706962e-15 0.000000000e+00 0.000000000e+00 -1.672832063e-06 1.000000000e-01 1.000000000e-01 1.672832066e-06 1.600000000e+00 1.600000000e+00 -4.882230546e-17 
d -2.500000000e+00 -2.500000000e+00 -3.185600657e-15 0.000000000e+00 0.000000000e+00 -3.784663816e-06 1.000000000e-01 1.000000000e-01 3.784663819e-06 1.800000000e+00 1.800000000e+00 3.196947221e-17 
d -2.500000000e+00 -2.500000000e+00 -3.182448456e-15 0.000000000e+00 0.000000000e+00 -5.807768057e-06 1.000000000e-01 1.000000000e-01 5.807768060e-06 2.000000000e+00 2.000000000e+00 5.470970112e-17 
d -2.500000000e+00 -2.500000000e+00 -3.180458106e-15 0.000000000e+00 0.000000000e+00 -7.715318301e-06 1.000000000e-01 1.000000000e-01 7.715318304e-06 2.200000000e+00 2.200000000e+00 4.995801150e-17 
d -2.500000000e+00 -2.500000000e+00 -3.179126480e-15 0.000000000e+00 0.000000000e+00 -9.520949353e-06 1.000000000e-01 1.000000000e-01 9.520949354e-06 2.400000000e+00 2.400000000e+00 1.090016713e-17 
d -2.500000000e+00 -2.500000000e+00 -3.178199232e-15 0.000000000e+00 0.000000000e+00 -1.123884159e-05 1.000000000e-01 1.000000000e-01 1.123884159e-05 2.600000000e+00 2.600000000e+00 2.481582960e-17 
d -2.500000000e+00 -2.500000000e+00 -3.177528358e-15 0.000000000e+00 0.000000000e+00 -1.288064448e-05 1.000000000e-01 1.000000000e-01 1.288064449e-05 2.800000000e+00 2.800000000e+00 1.502526032e-17 
d -2.500000000e+00 -2.500000000e+00 -3.177030353e-15 0.000000000e+00 0.000000000e+00 -1.445572619e-05 1.000000000e-01 1.000000000e-01 1.445572619e-05 3.000000000e+00 3.000000000e+00 6.410864763e-17 
d -2.500000000e+00 -2.500000000e+00 -3.176656590e-15 0.000000000e+00 0.000000000e+00 -1.597171228e-05 1.000000000e-01 1.000000000e-01 1.597171229e-05 3.200000000e+00 3.200000000e+00 1.881094711e-17 
d -2.500000000e+00 -2.500000000e+00 -3.176364676e-15 0.000000000e+00 0.000000000e+00 -1.743488713e-05 1.000000000e-01 1.000000000e-01 1.743488713e-05 3.400000000e+00 3.400000000e+00 2.253479013e-16 
d -2.500000000e+00 -2.500000000e+00 -3.176142626e-15 0.000000000e+00 0.000000000e+00 -1.885050501e-05 1.000000000e-01 1.000000000e-01 1.885050502e-05 3.600000000e+00 3.600000000e+00 1.509624195e-16 
d -2.500000000e+00 -2.500000000e+00 -3.175965862e-15 0.000000000e+00 0.000000000e+00 -2.022302155e-05 1.000000000e-01 1.000000000e-01 2.022302156e-05 3.800000000e+00 3.800000000e+00 1.116467568e-16 
d -2.500000000e+00 -2.500000000e+00 -3.175825709e-15 0.000000000e+00 0.000000000e+00 -2.155625113e-05 1.000000000e-01 1.000000000e-01 2.155625113e-05 4.000000000e+00 4.000000000e+00 1.414851484e-16 
d -2.500000000e+00 -2.500000000e+00 -3.175718004e-15 0.000000000e+00 0.000000000e+00 -2.285348948e-05 1.000000000e-01 1.000000000e-01 2.285348948e-05 4.200000000e+00 4.200000000e+00 1.669700002e-16 
d -2.500000000e+00 -2.500000000e+00 -3.175631324e-15 0.000000000e+00 0.000000000e+00 -2.411760750e-05 1.000000000e-01 1.000000000e-01 2.411760751e-05 4.400000000e+00 4.400000000e+00 1.691859324e-16 
d -2.500000000e+00 -2.500000000e+00 -3.175563231e-15 0.000000000e+00 0.000000000e+00 -2.535112338e-05 1.000000000e-01 1.000000000e-01 2.535112338e-05 4.600000000e+00 4.600000000e+00 1.177723896e-16 
d -2.500000000e+00 -2.500000000e+00 -3.175511172e-15 0.000000000e+00 0.000000000e+00 -2.655625928e-05 1.000000000e-01 1.000000000e-01 2.655625928e-05 4.800000000e+00 4.800000000e+00 1.121656569e-16 
d -2.500000000e+00 -2.500000000e+00 -3.175468150e-15 0.000000000e+00 0.000000000e+00 -2.773498660e-05 1.000000000e-01 1.000000000e-01 2.773498660e-05 5.000000000e+00 5.000000000e+00 1.210195951e-16 
d -5.000000000e+00 -5.000000000e+00 -4.999785653e-15 0.000000000e+00 0.000000000e+00 2.475634449e-15 1.000000000e-01 1.000000000e-01 2.521820470e-15 0.000000000e+00 0.000000000e+00 2.300783780e-19 
d -5.000000000e+00 -5.000000000e+00 -5.039278856e-15 0.000000000e+00 0.000000000e+00 2.493761956e-15 1.000000000e-01 1.000000000e-01 2.547862562e-15 2.000000000e-01 2.000000000e-01 -1.409352447e-17 
d -5.000000000e+00 -5.000000000e+00 -5.094497196e-15 0.000000000e+00 0.000000000e+00 2.522222872e-15 1.000000000e-01 1.000000000e-01 2.571774692e-15 4.000000000e-01 4.000000000e-01 8.801721780e-18 
d -5.000000000e+00 -5.000000000e+00 -5.169232964e-15 0.000000000e+00 0.000000000e+00 2.560108349e-15 1.000000000e-01 1.000000000e-01 2.609497917e-15 6.000000000e-01 6.000000000e-01 -1.931352966e-17 
d -5.000000000e+00 -5.000000000e+00 -5.250619416e-15 0.000000000e+00 0.000000000e+00 2.599619432e-15 1.000000000e-01 1.000000000e-01 2.654584351e-15 8.000000000e-01 8.000000000e-01 -2.134996807e-17 
d -5.000000000e+00 -5.000000000e+00 -5.293858218e-15 0.000000000e+00 0.000000000e+00 2.617459102e-15 1.000000000e-01 1.000000000e-01 2.673731782e-15 1.000000000e+00 1.000000000e+00 -7.028323332e-17 
d -5.000000000e+00 -5.000000000e+00 -5.331948839e-15 0.000000000e+00 0.000000000e+00 2.365972472e-15 1.000000000e-01 1.000000000e-01 2.967194486e-15 1.200000000e+00 1.200000000e+00 -2.952835694e-17 
d -5.000000000e+00 -5.000000000e+00 -5.344995457e-15 0.000000000e+00 0.000000000e+00 -2.310683461e-13 1.000000000e-01 1.000000000e-01 2.364112820e-13 1.400000000e+00 1.400000000e+00 -2.874511140e-17 
d -5.000000000e+00 -5.000000000e+00 -5.361925607e-15 0.000000000e+00 0.000000000e+00 -1.975307282e-10 1.000000000e-01 1.000000000e-01 1.975360917e-10 1.600000000e+00 1.600000000e+00 -4.691640798e-17 
d -5.000000000e+00 -5.000000000e+00 -5.422573574e-15 0.000000000e+00 0.000000000e+00 -1.073791451e-07 1.000000000e-01 1.000000000e-01 1.073791505e-07 1.800000000e+00 1.800000000e+00 7.692776634e-17 
d -5.000000000e+00 -5.000000000e+00 -5.466910670e-15 0.000000000e+00 0.000000000e+00 -1.627246920e-06 1.000000000e-01 1.000000000e-01 1.627246925e-06 2.000000000e+00 2.000000000e+00 6.081901635e-17 
d -5.000000000e+00 -5.000000000e+00 -5.483991194e-15 0.000000000e+00 0.000000000e+00 -3.640022056e-06 1.000000000e-01 1.000000000e-01 3.640022062e-06 2.200000000e+00 2.200000000e+00 5.862592883e-17 
d -5.000000000e+00 -5.000000000e+00 -5.492499951e-15 0.000000000e+00 0.000000000e+00 -5.537320173e-06 1.000000000e-01 1.000000000e-01 5.537320179e-06 2.400000000e+00 2.400000000e+00 8.888531495e-17 
d -5.000000000e+00 -5.000000000e+00 -5.497863334e-15 0.000000000e+00 0.000000000e+00 -7.316365916e-06 1.000000000e-01 1.000000000e-01 7.316365922e-06 2.600000000e+00 2.600000000e+00 7.327262047e-17 
d -5.000000000e+00 -5.000000000e+00 -5.501661732e-15 0.000000000e+00 0.000000000e+00 -8.996856505e-06 1.000000000e-01 1.000000000e-01 8.996856511e-06 2.800000000e+00 2.800000000e+00 3.045519750e-17 
d -5.000000000e+00 -5.000000000e+00 -5.504546236e-15 0.000000000e+00 0.000000000e+00 -1.059476479e-05 1.000000000e-01 1.000000000e-01 1.059476480e-05 3.000000000e+00 3.000000000e+00 2.095181825e-17 
d -5.000000000e+00 -5.000000000e+00 -5.506839305e-15 0.000000000e+00 0.000000000e+00 -1.212220641e-05 1.000000000e-01 1.000000000e-01 1.212220642e-05 3.200000000e+00 3.200000000e+00 5.682446409e-17 
d -5.000000000e+00 -5.000000000e+00 -5.508719552e-15 0.000000000e+00 0.000000000e+00 -1.358852957e-05 1.000000000e-01 1.000000000e-01 1.358852958e-05 3.400000000e+00 3.400000000e+00 2.277759625e-16 
d -5.000000000e+00 -5.000000000e+00 -5.510301709e-15 0.000000000e+00 0.000000000e+00 -1.500112902e-05 1.000000000e-01 1.000000000e-01 1.500112902e-05 3.600000000e+00 3.600000000e+00 2.031004644e-16 
d -5.000000000e+00 -5.000000000e+00 -5.511655330e-15 0.000000000e+00 0.000000000e+00 -1.636598708e-05 1.000000000e-01 1.000000000e-01 1.636598709e-05 3.800000000e+00 3.800000000e+00 1.159546072e-16 
d -5.000000000e+00 -5.000000000e+00 -5.512830640e-15 0.000000000e+00 0.000000000e+00 -1.768803525e-05 1.000000000e-01 1.000000000e-01 1.768803526e-05 4.000000000e+00 4.000000000e+00 1.645125673e-16 
d -5.000000000e+00 -5.000000000e+00 -5.513861786e-15 0.000000000e+00 0.000000000e+00 -1.897140236e-05 1.000000000e-01 1.000000000e-01 1.897140236e-05 4.200000000e+00 4.200000000e+00 1.153019026e-16 
d -5.000000000e+00 -5.000000000e+00 -5.514777623e-15 0.000000000e+00 0.000000000e+00 -2.021959014e-05 1.000000000e-01 1.000000000e-01 2.021959015e-05 4.400000000e+00 4.400000000e+00 1.798902881e-16 
d -5.000000000e+00 -5.000000000e+00 -5.515601662e-15 0.000000000e+00 0.000000000e+00 -2.143560085e-05 1.000000000e-01 1.000000000e-01 2.143560086e-05 4.600000000e+00 4.600000000e+00 2.033550192e-16 
d -5.000000000e+00 -5.000000000e+00 -5.516339787e-15 0.000000000e+00 0.000000000e+00 -2.262203228e-05 1.000000000e-01 1.000000000e-01 2.262203229e-05 4.800000000e+00 4.800000000e+00 1.464457035e-16 
d -5.000000000e+00 -5.000000000e+00 -5.517013662e-15 0.000000000e+00 0.000000000e+00 -2.378115005e-05 1.000000000e-01 1.000000000e-01 2.378115005e-05 5.000000000e+00 5.000000000e+00 1.192442385e-16 
