v ATLAS
# This file was created by ATLAS version 5.26.1.R on Mon May  7 22:59:40 2018.
#SSF 2.0 generic
##############################################################################
#                    Copyright (c) 1984 - 2018                               #
#                    Silvaco Inc. All rights reserved                        #
#                                                                            #
# This file format and the following Key are copyright Silvaco Inc.          #
# You may not use, this format or key without reproducing this message in    #
# full and obtaining express written permission from Silvaco Inc.            #
#                                                                            #
# To obtain such permission please contact: Silvaco Inc.                     #
#                                           support@silvaco.com              #
#                                                                            #
# KEY=SVC86hn7562asdx                       PROD=345                         #
##############################################################################
y 3 700 711 15
z 8.96552 0.1 300
f 4 "gate" "substrate" "source" "drain" 
p 12 2 601 20 3 602 21 4 603 22 5 604 23 
d 0.000000000e+00 0.000000000e+00 0.000000000e+00 0.000000000e+00 0.000000000e+00 0.000000000e+00 0.000000000e+00 0.000000000e+00 -1.254189016e-11 5.000000000e+00 5.000000000e+00 1.253003073e-11 
d 5.000000000e-01 5.000000000e-01 0.000000000e+00 0.000000000e+00 0.000000000e+00 0.000000000e+00 0.000000000e+00 0.000000000e+00 -1.446188243e-11 5.000000000e+00 5.000000000e+00 1.443355542e-11 
d 1.000000000e+00 1.000000000e+00 0.000000000e+00 0.000000000e+00 0.000000000e+00 0.000000000e+00 0.000000000e+00 0.000000000e+00 -1.789817270e-11 5.000000000e+00 5.000000000e+00 1.787166637e-11 
d 1.500000000e+00 1.500000000e+00 0.000000000e+00 0.000000000e+00 0.000000000e+00 0.000000000e+00 0.000000000e+00 0.000000000e+00 -2.470536249e-11 5.000000000e+00 5.000000000e+00 2.471565004e-11 
d 2.000000000e+00 2.000000000e+00 0.000000000e+00 0.000000000e+00 0.000000000e+00 0.000000000e+00 0.000000000e+00 0.000000000e+00 -3.944163813e-11 5.000000000e+00 5.000000000e+00 3.946380843e-11 
d 2.500000000e+00 2.500000000e+00 0.000000000e+00 0.000000000e+00 0.000000000e+00 0.000000000e+00 0.000000000e+00 0.000000000e+00 -7.413723833e-11 5.000000000e+00 5.000000000e+00 7.415131189e-11 
d 3.000000000e+00 3.000000000e+00 0.000000000e+00 0.000000000e+00 0.000000000e+00 0.000000000e+00 0.000000000e+00 0.000000000e+00 -1.617145950e-10 5.000000000e+00 5.000000000e+00 1.616982671e-10 
d 3.500000000e+00 3.500000000e+00 0.000000000e+00 0.000000000e+00 0.000000000e+00 0.000000000e+00 0.000000000e+00 0.000000000e+00 -3.960811043e-10 5.000000000e+00 5.000000000e+00 3.960786716e-10 
d 4.000000000e+00 4.000000000e+00 0.000000000e+00 0.000000000e+00 0.000000000e+00 0.000000000e+00 0.000000000e+00 0.000000000e+00 -1.064372316e-09 5.000000000e+00 5.000000000e+00 1.064365558e-09 
d 4.500000000e+00 4.500000000e+00 0.000000000e+00 0.000000000e+00 0.000000000e+00 0.000000000e+00 0.000000000e+00 0.000000000e+00 -3.055265717e-09 5.000000000e+00 5.000000000e+00 3.055259795e-09 
d 5.000000000e+00 5.000000000e+00 0.000000000e+00 0.000000000e+00 0.000000000e+00 0.000000000e+00 0.000000000e+00 0.000000000e+00 -8.970889231e-09 5.000000000e+00 5.000000000e+00 8.970893555e-09 
d 5.500000000e+00 5.500000000e+00 0.000000000e+00 0.000000000e+00 0.000000000e+00 0.000000000e+00 0.000000000e+00 0.000000000e+00 -2.474041404e-08 5.000000000e+00 5.000000000e+00 2.474040786e-08 
d 6.000000000e+00 6.000000000e+00 0.000000000e+00 0.000000000e+00 0.000000000e+00 0.000000000e+00 0.000000000e+00 0.000000000e+00 -5.937599900e-08 5.000000000e+00 5.000000000e+00 5.937600417e-08 
d 6.500000000e+00 6.500000000e+00 0.000000000e+00 0.000000000e+00 0.000000000e+00 0.000000000e+00 0.000000000e+00 0.000000000e+00 -1.221754329e-07 5.000000000e+00 5.000000000e+00 1.221754210e-07 
d 7.000000000e+00 7.000000000e+00 0.000000000e+00 0.000000000e+00 0.000000000e+00 0.000000000e+00 0.000000000e+00 0.000000000e+00 -2.207436657e-07 5.000000000e+00 5.000000000e+00 2.207436572e-07 
d 7.500000000e+00 7.500000000e+00 0.000000000e+00 0.000000000e+00 0.000000000e+00 0.000000000e+00 0.000000000e+00 0.000000000e+00 -3.607150627e-07 5.000000000e+00 5.000000000e+00 3.607150564e-07 
d 8.000000000e+00 8.000000000e+00 0.000000000e+00 0.000000000e+00 0.000000000e+00 0.000000000e+00 0.000000000e+00 0.000000000e+00 -5.459338231e-07 5.000000000e+00 5.000000000e+00 5.459338077e-07 
d 8.500000000e+00 8.500000000e+00 0.000000000e+00 0.000000000e+00 0.000000000e+00 0.000000000e+00 0.000000000e+00 0.000000000e+00 -7.785137368e-07 5.000000000e+00 5.000000000e+00 7.785137422e-07 
d 9.000000000e+00 9.000000000e+00 0.000000000e+00 0.000000000e+00 0.000000000e+00 0.000000000e+00 0.000000000e+00 0.000000000e+00 -1.058809439e-06 5.000000000e+00 5.000000000e+00 1.058809438e-06 
d 9.500000000e+00 9.500000000e+00 0.000000000e+00 0.000000000e+00 0.000000000e+00 0.000000000e+00 0.000000000e+00 0.000000000e+00 -1.385448161e-06 5.000000000e+00 5.000000000e+00 1.385448143e-06 
d 1.000000000e+01 1.000000000e+01 0.000000000e+00 0.000000000e+00 0.000000000e+00 0.000000000e+00 0.000000000e+00 0.000000000e+00 -1.755547326e-06 5.000000000e+00 5.000000000e+00 1.755547324e-06 
d 1.050000000e+01 1.050000000e+01 0.000000000e+00 0.000000000e+00 0.000000000e+00 0.000000000e+00 0.000000000e+00 0.000000000e+00 -2.165221324e-06 5.000000000e+00 5.000000000e+00 2.165221313e-06 
d 1.100000000e+01 1.100000000e+01 0.000000000e+00 0.000000000e+00 0.000000000e+00 0.000000000e+00 0.000000000e+00 0.000000000e+00 -2.610280854e-06 5.000000000e+00 5.000000000e+00 2.610280845e-06 
d 1.150000000e+01 1.150000000e+01 0.000000000e+00 0.000000000e+00 0.000000000e+00 0.000000000e+00 0.000000000e+00 0.000000000e+00 -3.086832922e-06 5.000000000e+00 5.000000000e+00 3.086832910e-06 
d 1.200000000e+01 1.200000000e+01 0.000000000e+00 0.000000000e+00 0.000000000e+00 0.000000000e+00 0.000000000e+00 0.000000000e+00 -3.591587076e-06 5.000000000e+00 5.000000000e+00 3.591587093e-06 
d 1.250000000e+01 1.250000000e+01 0.000000000e+00 0.000000000e+00 0.000000000e+00 0.000000000e+00 0.000000000e+00 0.000000000e+00 -4.121900740e-06 5.000000000e+00 5.000000000e+00 4.121900728e-06 
d 1.300000000e+01 1.300000000e+01 0.000000000e+00 0.000000000e+00 0.000000000e+00 0.000000000e+00 0.000000000e+00 0.000000000e+00 -4.675693994e-06 5.000000000e+00 5.000000000e+00 4.675693995e-06 
d 1.350000000e+01 1.350000000e+01 0.000000000e+00 0.000000000e+00 0.000000000e+00 0.000000000e+00 0.000000000e+00 0.000000000e+00 -5.251332474e-06 5.000000000e+00 5.000000000e+00 5.251332477e-06 
d 1.400000000e+01 1.400000000e+01 0.000000000e+00 0.000000000e+00 0.000000000e+00 0.000000000e+00 0.000000000e+00 0.000000000e+00 -5.847522174e-06 5.000000000e+00 5.000000000e+00 5.847522184e-06 
d 1.450000000e+01 1.450000000e+01 0.000000000e+00 0.000000000e+00 0.000000000e+00 0.000000000e+00 0.000000000e+00 0.000000000e+00 -6.463226705e-06 5.000000000e+00 5.000000000e+00 6.463226716e-06 
d 1.500000000e+01 1.500000000e+01 0.000000000e+00 0.000000000e+00 0.000000000e+00 0.000000000e+00 0.000000000e+00 0.000000000e+00 -7.097605373e-06 5.000000000e+00 5.000000000e+00 7.097605380e-06 
d 1.550000000e+01 1.550000000e+01 0.000000000e+00 0.000000000e+00 0.000000000e+00 0.000000000e+00 0.000000000e+00 0.000000000e+00 -7.749967446e-06 5.000000000e+00 5.000000000e+00 7.749967443e-06 
d 1.600000000e+01 1.600000000e+01 0.000000000e+00 0.000000000e+00 0.000000000e+00 0.000000000e+00 0.000000000e+00 0.000000000e+00 -8.419738319e-06 5.000000000e+00 5.000000000e+00 8.419738312e-06 
d 1.650000000e+01 1.650000000e+01 0.000000000e+00 0.000000000e+00 0.000000000e+00 0.000000000e+00 0.000000000e+00 0.000000000e+00 -9.106434292e-06 5.000000000e+00 5.000000000e+00 9.106434321e-06 
d 1.700000000e+01 1.700000000e+01 0.000000000e+00 0.000000000e+00 0.000000000e+00 0.000000000e+00 0.000000000e+00 0.000000000e+00 -9.809643580e-06 5.000000000e+00 5.000000000e+00 9.809643582e-06 
d 1.750000000e+01 1.750000000e+01 0.000000000e+00 0.000000000e+00 0.000000000e+00 0.000000000e+00 0.000000000e+00 0.000000000e+00 -1.052901188e-05 5.000000000e+00 5.000000000e+00 1.052901186e-05 
d 1.800000000e+01 1.800000000e+01 0.000000000e+00 0.000000000e+00 0.000000000e+00 0.000000000e+00 0.000000000e+00 0.000000000e+00 -1.126423129e-05 5.000000000e+00 5.000000000e+00 1.126423130e-05 
d 1.850000000e+01 1.850000000e+01 0.000000000e+00 0.000000000e+00 0.000000000e+00 0.000000000e+00 0.000000000e+00 0.000000000e+00 -1.201503176e-05 5.000000000e+00 5.000000000e+00 1.201503177e-05 
d 1.900000000e+01 1.900000000e+01 0.000000000e+00 0.000000000e+00 0.000000000e+00 0.000000000e+00 0.000000000e+00 0.000000000e+00 -1.278117439e-05 5.000000000e+00 5.000000000e+00 1.278117437e-05 
d 1.950000000e+01 1.950000000e+01 0.000000000e+00 0.000000000e+00 0.000000000e+00 0.000000000e+00 0.000000000e+00 0.000000000e+00 -1.356244615e-05 5.000000000e+00 5.000000000e+00 1.356244616e-05 
d 2.000000000e+01 2.000000000e+01 0.000000000e+00 0.000000000e+00 0.000000000e+00 0.000000000e+00 0.000000000e+00 0.000000000e+00 -1.435865576e-05 5.000000000e+00 5.000000000e+00 1.435865576e-05 
