v ATLAS
# This file was created by ATLAS version 5.26.1.R on Mon Apr 16 18:44:07 2018.
#SSF 2.0 generic
##############################################################################
#                    Copyright (c) 1984 - 2018                               #
#                    Silvaco Inc. All rights reserved                        #
#                                                                            #
# This file format and the following Key are copyright Silvaco Inc.          #
# You may not use, this format or key without reproducing this message in    #
# full and obtaining express written permission from Silvaco Inc.            #
#                                                                            #
# To obtain such permission please contact: Silvaco Inc.                     #
#                                           support@silvaco.com              #
#                                                                            #
# KEY=SVC86hn7562asdx                       PROD=345                         #
##############################################################################
y 1 15
z 300
f 4 "substrate" "#2" "#3" "#4" 
Q 495 13 "External Quantum Eff."
Q 496 13 "Internal Quantum Eff."
Q 398 13 "Specular Reflectance"
Q 497 13 "Tot. Cross Section [um]"
o 1 Gg
o 2 Gr
p 29 91 4000 4010 4020 85 86 87 308 354 355 356 495 496 398 497 2 601 20 3 602 21 4 603 22 5 604 23 3000 3001 
d 1.000000000e-03 5.325000000e-01 8.589734225e-11 1.576580194e-11 1.576580194e-11 8.589734225e-11 5.325000000e-01 0.000000000e+00 3.456214127e-01 6.543785873e-01 0.000000000e+00 1.835423720e-05 2.914971229e-05 5.409674244e-02 2.089553508e+01 0.000000000e+00 0.000000000e+00 -4.259479323e-21 0.000000000e+00 0.000000000e+00 0.000000000e+00 0.000000000e+00 0.000000000e+00 0.000000000e+00 0.000000000e+00 0.000000000e+00 0.000000000e+00 5.213091616e+11 2.377557486e+09 
d 1.000000000e-03 5.325000000e-01 8.586689096e-11 2.578981896e-11 2.578981896e-11 8.586689096e-11 5.325000000e-01 1.525680000e+00 1.622331033e-01 8.377668967e-01 0.000000000e+00 3.003464860e-05 3.632997148e-05 1.399513084e-02 1.005540711e+01 0.000000000e+00 0.000000000e+00 7.435513602e-22 0.000000000e+00 0.000000000e+00 0.000000000e+00 0.000000000e+00 0.000000000e+00 0.000000000e+00 0.000000000e+00 0.000000000e+00 0.000000000e+00 5.255394650e+11 5.643651423e+08 
d 1.000000000e-03 5.325000000e-01 8.577548844e-11 2.571938003e-11 2.571938003e-11 8.577548844e-11 5.325000000e-01 3.052240000e+00 1.606385910e-01 8.393614090e-01 0.000000000e+00 2.998453346e-05 3.610932320e-05 2.193628421e-02 9.971079467e+00 0.000000000e+00 0.000000000e+00 -4.113257378e-20 0.000000000e+00 0.000000000e+00 0.000000000e+00 0.000000000e+00 0.000000000e+00 0.000000000e+00 0.000000000e+00 0.000000000e+00 0.000000000e+00 4.048162489e+11 3.029943564e+08 
d 1.000000000e-03 5.325000000e-01 8.562289069e-11 2.567353048e-11 2.567353048e-11 8.562289069e-11 5.325000000e-01 4.581380000e+00 1.652951137e-01 8.347048863e-01 0.000000000e+00 2.998442388e-05 3.634874405e-05 6.924293855e-03 1.023112491e+01 0.000000000e+00 0.000000000e+00 1.767419043e-20 0.000000000e+00 0.000000000e+00 0.000000000e+00 0.000000000e+00 0.000000000e+00 0.000000000e+00 0.000000000e+00 0.000000000e+00 0.000000000e+00 5.278075903e+11 4.869958394e+08 
d 1.000000000e-03 5.325000000e-01 8.540881927e-11 2.564683299e-11 2.564683299e-11 8.540881927e-11 5.325000000e-01 6.113590000e+00 1.684683779e-01 8.315316221e-01 0.000000000e+00 3.002831934e-05 3.623646289e-05 1.238801895e-02 1.048884606e+01 0.000000000e+00 0.000000000e+00 5.309820986e-22 0.000000000e+00 0.000000000e+00 0.000000000e+00 0.000000000e+00 0.000000000e+00 0.000000000e+00 0.000000000e+00 0.000000000e+00 0.000000000e+00 4.172645944e+11 6.988555835e+08 
d 1.000000000e-03 5.325000000e-01 8.513279229e-11 2.551595967e-11 2.551595967e-11 8.513279229e-11 5.325000000e-01 7.650210000e+00 1.736852947e-01 8.263147053e-01 0.000000000e+00 2.997195203e-05 3.642991100e-05 1.007032998e-02 1.076890404e+01 0.000000000e+00 0.000000000e+00 4.463983573e-21 0.000000000e+00 0.000000000e+00 0.000000000e+00 0.000000000e+00 0.000000000e+00 0.000000000e+00 0.000000000e+00 0.000000000e+00 0.000000000e+00 5.383498688e+11 8.299912217e+08 
d 1.000000000e-03 5.325000000e-01 8.479420492e-11 2.552029213e-11 2.552029213e-11 8.479420492e-11 5.325000000e-01 9.192390000e+00 1.617488525e-01 8.382511475e-01 0.000000000e+00 3.009674088e-05 3.621049411e-05 8.113880277e-03 9.947601612e+00 0.000000000e+00 0.000000000e+00 4.383966774e-21 0.000000000e+00 0.000000000e+00 0.000000000e+00 0.000000000e+00 0.000000000e+00 0.000000000e+00 0.000000000e+00 0.000000000e+00 0.000000000e+00 4.337301731e+11 4.405513102e+08 
d 1.000000000e-03 5.325000000e-01 8.439230991e-11 2.542946453e-11 2.542946453e-11 8.439230991e-11 5.325000000e-01 1.074130000e+01 1.603450527e-01 8.396549473e-01 0.000000000e+00 3.013244282e-05 3.640858582e-05 1.406513705e-02 9.756369958e+00 0.000000000e+00 0.000000000e+00 1.185340771e-20 0.000000000e+00 0.000000000e+00 0.000000000e+00 0.000000000e+00 0.000000000e+00 0.000000000e+00 0.000000000e+00 0.000000000e+00 0.000000000e+00 5.522496487e+11 5.752195516e+08 
d 1.000000000e-03 5.325000000e-01 8.392619293e-11 2.549858156e-11 2.549858156e-11 8.392619293e-11 5.325000000e-01 1.229820000e+01 1.359523012e-01 8.640476988e-01 0.000000000e+00 3.038214968e-05 3.611423126e-05 5.875321165e-03 8.126183678e+00 0.000000000e+00 0.000000000e+00 -3.265409529e-20 0.000000000e+00 0.000000000e+00 0.000000000e+00 0.000000000e+00 0.000000000e+00 0.000000000e+00 0.000000000e+00 0.000000000e+00 0.000000000e+00 4.672535276e+11 4.494781563e+08 
d 1.000000000e-03 5.325000000e-01 8.339477101e-11 2.543714553e-11 2.543714553e-11 8.339477101e-11 5.325000000e-01 1.386440000e+01 1.261184174e-01 8.738815826e-01 0.000000000e+00 3.050208691e-05 3.619013030e-05 5.018895224e-03 7.420006669e+00 0.000000000e+00 0.000000000e+00 -2.895313736e-20 0.000000000e+00 0.000000000e+00 0.000000000e+00 0.000000000e+00 0.000000000e+00 0.000000000e+00 0.000000000e+00 0.000000000e+00 0.000000000e+00 5.541602522e+11 2.837606851e+08 
d 1.000000000e-03 5.325000000e-01 8.279680897e-11 2.543447476e-11 2.543447476e-11 8.279680897e-11 5.325000000e-01 1.544120000e+01 1.310589669e-01 8.689410331e-01 0.000000000e+00 3.071914857e-05 3.612822921e-05 7.990292533e-03 7.766988716e+00 0.000000000e+00 0.000000000e+00 -2.003202030e-20 0.000000000e+00 0.000000000e+00 0.000000000e+00 0.000000000e+00 0.000000000e+00 0.000000000e+00 0.000000000e+00 0.000000000e+00 0.000000000e+00 5.156935797e+11 7.531017397e+08 
d 1.000000000e-03 5.325000000e-01 8.213083211e-11 2.547299345e-11 2.547299345e-11 8.213083211e-11 5.325000000e-01 1.703010000e+01 1.254853812e-01 8.745146188e-01 0.000000000e+00 3.101514108e-05 3.634270513e-05 1.332470782e-03 7.356799768e+00 0.000000000e+00 0.000000000e+00 1.174577083e-21 0.000000000e+00 0.000000000e+00 0.000000000e+00 0.000000000e+00 0.000000000e+00 0.000000000e+00 0.000000000e+00 0.000000000e+00 0.000000000e+00 5.663005802e+11 8.773572918e+08 
d 1.000000000e-03 5.325000000e-01 8.139513771e-11 2.565592724e-11 2.565592724e-11 8.139513771e-11 5.325000000e-01 1.863270000e+01 1.174838342e-01 8.825161658e-01 0.000000000e+00 3.152022094e-05 3.602524361e-05 1.899685257e-04 6.934838846e+00 0.000000000e+00 0.000000000e+00 -1.699485220e-20 0.000000000e+00 0.000000000e+00 0.000000000e+00 0.000000000e+00 0.000000000e+00 0.000000000e+00 0.000000000e+00 0.000000000e+00 0.000000000e+00 5.413280337e+11 1.107684229e+09 
d 1.000000000e-03 5.325000000e-01 8.058788282e-11 2.636695966e-11 2.636695966e-11 8.058788282e-11 5.325000000e-01 2.025050000e+01 1.046801904e-01 8.953198096e-01 0.000000000e+00 3.271826823e-05 3.661151359e-05 1.723566096e-04 6.159264049e+00 0.000000000e+00 0.000000000e+00 3.851882845e-21 0.000000000e+00 0.000000000e+00 0.000000000e+00 0.000000000e+00 0.000000000e+00 0.000000000e+00 0.000000000e+00 0.000000000e+00 0.000000000e+00 5.629484743e+11 2.715857004e+09 
d 1.000000000e-03 5.325000000e-01 7.970688557e-11 2.702997361e-11 2.702997361e-11 7.970688557e-11 5.325000000e-01 2.188530000e+01 7.898864485e-02 9.210113552e-01 0.000000000e+00 3.391171718e-05 3.704584409e-05 7.392660387e-04 4.577263847e+00 0.000000000e+00 0.000000000e+00 1.702669219e-20 0.000000000e+00 0.000000000e+00 0.000000000e+00 0.000000000e+00 0.000000000e+00 0.000000000e+00 0.000000000e+00 0.000000000e+00 0.000000000e+00 6.065241809e+11 2.531468583e+09 
d 1.000000000e-03 5.325000000e-01 7.874963070e-11 2.697376320e-11 2.697376320e-11 7.874963070e-11 5.325000000e-01 2.353910000e+01 7.790693666e-02 9.220930633e-01 0.000000000e+00 3.425255834e-05 3.698198298e-05 1.340648327e-03 4.507677749e+00 0.000000000e+00 0.000000000e+00 2.982253003e-20 0.000000000e+00 0.000000000e+00 0.000000000e+00 0.000000000e+00 0.000000000e+00 0.000000000e+00 0.000000000e+00 0.000000000e+00 0.000000000e+00 3.980410645e+11 3.218840445e+09 
d 1.000000000e-03 5.325000000e-01 7.776431685e-11 2.592744383e-11 2.592744383e-11 7.776431685e-11 5.325000000e-01 2.513400000e+01 8.239200900e-02 9.176079910e-01 0.000000000e+00 3.334105523e-05 3.617537888e-05 1.016010096e-03 4.707330175e+00 0.000000000e+00 0.000000000e+00 -8.763490683e-21 0.000000000e+00 0.000000000e+00 0.000000000e+00 0.000000000e+00 0.000000000e+00 0.000000000e+00 0.000000000e+00 0.000000000e+00 0.000000000e+00 2.607952607e+11 5.220106196e+09 
d 1.000000000e-03 5.325000000e-01 7.659476079e-11 2.266809409e-11 2.266809409e-11 7.659476079e-11 5.325000000e-01 2.691220000e+01 7.916014441e-02 9.208398556e-01 0.000000000e+00 2.959483632e-05 3.232464754e-05 1.716431744e-03 4.409646951e+00 0.000000000e+00 0.000000000e+00 -1.733529841e-20 0.000000000e+00 0.000000000e+00 0.000000000e+00 0.000000000e+00 0.000000000e+00 0.000000000e+00 0.000000000e+00 0.000000000e+00 0.000000000e+00 2.218045669e+11 4.194352527e+09 
d 1.000000000e-03 5.325000000e-01 7.539026642e-11 1.823137619e-11 1.823137619e-11 7.539026642e-11 5.325000000e-01 2.863640000e+01 8.820006238e-02 9.117999376e-01 0.000000000e+00 2.418266582e-05 2.691081472e-05 5.348960313e-03 4.793603207e+00 0.000000000e+00 0.000000000e+00 2.146312031e-20 0.000000000e+00 0.000000000e+00 0.000000000e+00 0.000000000e+00 0.000000000e+00 0.000000000e+00 0.000000000e+00 0.000000000e+00 0.000000000e+00 3.488678380e+11 6.162753418e+09 
d 1.000000000e-03 5.325000000e-01 7.409559633e-11 1.162110787e-11 1.162110787e-11 7.409559633e-11 5.325000000e-01 3.038950000e+01 8.509804437e-02 9.149019556e-01 0.000000000e+00 1.568393865e-05 1.758162937e-05 8.569093854e-03 4.497110690e+00 0.000000000e+00 0.000000000e+00 -3.511720974e-22 0.000000000e+00 0.000000000e+00 0.000000000e+00 0.000000000e+00 0.000000000e+00 0.000000000e+00 0.000000000e+00 0.000000000e+00 0.000000000e+00 3.297919945e+11 2.969995130e+09 
