v VICTORYDEVICE
# silvaco.file ASCII version=1.14.23 format=1 contents=SDB,Tables=1

Copyright "###################################################################"
Copyright "#                    Copyright Silvaco Inc. (c)                   #"
Copyright "#                            1992-2014                            #"
Copyright "#                                                                 #"
Copyright "# This file format and the following Key are copyright Silvaco    #"
Copyright "# International. You may not use, this format or key without      #"
Copyright "# reproducing this message in full and obtaining                  #"
Copyright "# express written permission from Silvaco Inc.                    #"
Copyright "#                                                                 #"
Copyright "# To obtain such permission please contact: Silvaco Inc.          #"
Copyright "#                                           support@silvaco.com   #"
Copyright "#                                                                 #"
Copyright "# KEY=SVC86hn7562asdx                       PROD=345              #"
Copyright "###################################################################"
#This file was created by VICTORYDEVICE version 1.12.1.R
#victoryd 1.12.1.R (Thu Apr 12 10:29:11 PDT 2018)
#libSDB 1.12.42 (Thu Oct 26 19:20:24 PDT 2017)
a VICTORYDEVICE
j 1 9
k 3
r 1 92
x 3 43 42 46
w gate 1 1
r 2 92
x 3 43 42 46
w source 1 4
r 3 92
x 3 43 42 46
w drain 1 5
y 1 15
z 300
p 9 2 601 20 5 604 23 6 605 24
d 10 10 0 0 0 2.2664656859083052e-20 0 0 9.9119918991563131e-21
d 10 10 0 0 0 -4.862879012466806e-08 0.5 0.5 4.8628790124681368e-08
d 10 10 0 0 0 -9.649861950866281e-08 1 1 9.6498619508663379e-08
d 10 10 0 0 0 -1.4351364041024293e-07 1.5 1.5 1.4351364041026307e-07
d 10 10 0 0 0 -1.8926737029495785e-07 2 2 1.8926737029492971e-07
d 10 10 0 0 0 -2.3341341850690095e-07 2.5 2.5 2.3341341850679059e-07
d 10 10 0 0 0 -2.757018659212035e-07 3 3 2.757018659212909e-07
d 10 10 0 0 0 -3.1596762451146015e-07 3.5 3.5 3.1596762451141139e-07
d 10 10 0 0 0 -3.5410708549567225e-07 4 4 3.5410708549558844e-07
d 10 10 0 0 0 -3.9005843853678515e-07 4.5 4.5 3.9005843853694968e-07
d 10 10 0 0 0 -4.237940607473896e-07 5 5 4.2379406074721194e-07
d 10 10 0 0 0 -4.5531721534316384e-07 5.5 5.5 4.553172153433747e-07
d 10 10 0 0 0 -4.8465928832026666e-07 6 6 4.8465928832004633e-07
d 10 10 0 0 0 -5.1187714829560754e-07 6.5 6.5 5.1187714829571459e-07
d 10 10 0 0 0 -5.3705057878191018e-07 7 7 5.3705057878163871e-07
d 10 10 0 0 0 -5.6027986643179461e-07 7.5 7.5 5.6027986643198223e-07
d 10 10 0 0 0 -5.8168335026118116e-07 8 8 5.8168335026110535e-07
d 10 10 0 0 0 -6.0139455255025209e-07 8.5 8.5 6.0139455255008682e-07
d 10 10 0 0 0 -6.1955825996916965e-07 9 9 6.1955825996889246e-07
d 10 10 0 0 0 -6.3632403464500383e-07 9.5 9.5 6.3632403464436908e-07
d 10 10 0 0 0 -6.5183703835920798e-07 10 10 6.5183703835876519e-07
d 10 10 0 0 0 -6.6623069219679765e-07 10.5 10.5 6.6623069219672533e-07
d 10 10 0 0 0 -6.7962524999846404e-07 11 11 6.7962524999830808e-07
d 10 10 0 0 0 -6.9213328644794993e-07 11.5 11.5 6.9213328644770059e-07
d 10 10 0 0 0 -7.0386191721091424e-07 12 12 7.0386191721062001e-07
d 10 10 0 0 0 -7.1491030933504234e-07 12.5 12.5 7.1491030933495446e-07
d 10 10 0 0 0 -7.2536556805660468e-07 13 13 7.2536556805681993e-07
d 10 10 0 0 0 -7.3529973980062166e-07 13.5 13.5 7.3529973980082262e-07
d 10 10 0 0 0 -7.4477174450161243e-07 14 14 7.4477174450174594e-07
d 10 10 0 0 0 -7.5383093538421846e-07 14.5 14.5 7.5383093538411374e-07
d 10 10 0 0 0 -7.6251961369019082e-07 15 15 7.6251961369006271e-07
d 10 10 0 0 0 -7.7087458896968982e-07 15.5 15.5 7.7087458896980035e-07
d 10 10 0 0 0 -7.7892885588876502e-07 16 16 7.7892885588813663e-07
d 10 10 0 0 0 -7.8671301907406692e-07 16.5 16.5 7.8671301907437566e-07
d 10 10 0 0 0 -7.9425634529649064e-07 17 17 7.9425634529638148e-07
d 10 10 0 0 0 -8.015878641872127e-07 17.5 17.5 8.0158786418777937e-07
d 10 10 0 0 0 -8.0873764054081554e-07 18 18 8.087376405418017e-07
d 10 10 0 0 0 -8.1573704995326953e-07 18.5 18.5 8.1573704995241963e-07
d 10 10 0 0 0 -8.2261732870035663e-07 19 19 8.2261732869943241e-07
d 10 10 0 0 0 -8.2940778685940093e-07 19.5 19.5 8.294077868602378e-07
d 10 10 0 0 0 -8.3613492393667135e-07 20 20 8.3613492393733945e-07
d 10 10 0 0 0 -8.4282219765508432e-07 20.5 20.5 8.4282219765488262e-07
d 10 10 0 0 0 -8.4949039768190967e-07 21 21 8.4949039768208162e-07
d 10 10 0 0 0 -8.5615837610850211e-07 21.5 21.5 8.5615837610960887e-07
d 10 10 0 0 0 -8.628433749882196e-07 22 22 8.628433749879242e-07
d 10 10 0 0 0 -8.6956076424874634e-07 22.5 22.5 8.6956076424840615e-07
d 10 10 0 0 0 -8.7632379261456369e-07 23 23 8.7632379261623488e-07
d 10 10 0 0 0 -8.8314355817726419e-07 23.5 23.5 8.8314355817875963e-07
d 10 10 0 0 0 -8.9002906883607016e-07 24 24 8.9002906883633676e-07
d 10 10 0 0 0 -8.9698731460549619e-07 24.5 24.5 8.9698731460473048e-07
d 10 10 0 0 0 -9.0402364962298063e-07 25 25 9.0402364962260921e-07
Q 2 13 "Voltage #01"
Q 5 13 "Voltage #04"
Q 6 13 "Voltage #05"
Q 20 13 "Current #01"
Q 23 13 "Current #04"
Q 24 13 "Current #05"
Q 92 21 Contact
Q 601 13 "Int. Voltage #01"
Q 604 13 "Int. Voltage #04"
Q 605 13 "Int. Voltage #05"
EOF 1651482241
