v VICTORYDEVICE
# silvaco.file ASCII version=1.14.23 format=1 contents=SDB,Tables=1

Copyright "###################################################################"
Copyright "#                    Copyright Silvaco Inc. (c)                   #"
Copyright "#                            1992-2014                            #"
Copyright "#                                                                 #"
Copyright "# This file format and the following Key are copyright Silvaco    #"
Copyright "# International. You may not use, this format or key without      #"
Copyright "# reproducing this message in full and obtaining                  #"
Copyright "# express written permission from Silvaco Inc.                    #"
Copyright "#                                                                 #"
Copyright "# To obtain such permission please contact: Silvaco Inc.          #"
Copyright "#                                           support@silvaco.com   #"
Copyright "#                                                                 #"
Copyright "# KEY=SVC86hn7562asdx                       PROD=345              #"
Copyright "###################################################################"
#This file was created by VICTORYDEVICE version 1.12.1.R
#victoryd 1.12.1.R (Thu Apr 12 10:29:11 PDT 2018)
#libSDB 1.12.42 (Thu Oct 26 19:20:24 PDT 2017)
a VICTORYDEVICE
j 1 9
k 3
r 1 92
x 3 43 42 46
w drain 1 1
r 2 92
x 3 43 42 46
w source 1 2
r 3 92
x 3 43 42 46
w gate 1 3
y 1 15
z 300
p 9 2 601 20 3 602 21 4 603 22
d 20 20 2.1238729102628972e-08 0 0 -2.1238729103562373e-08 0 0 0
d 20 20 1.4294091773737004e-08 0 0 -1.4294091774414658e-08 -1 -1 0
d 20 20 1.0459104095542194e-08 0 0 -1.0459104276460868e-08 -2 -2 0
d 20 20 7.7942706524443001e-09 0 0 -7.7942706778364023e-09 -3 -3 0
d 20 20 5.7604870048239119e-09 0 0 -5.7604868698292138e-09 -4 -4 0
d 20 20 4.8823565812028448e-09 0 0 -4.8823565876468755e-09 -4.5 -4.5 0
d 20 20 4.1121777621184965e-09 0 0 -4.1121782014541508e-09 -5 -5 0
d 20 20 3.4294665126326827e-09 0 0 -3.4294665141079048e-09 -5.5 -5.5 0
d 20 20 2.8179840257806846e-09 0 0 -2.8179840862003447e-09 -6 -6 0
d 20 20 2.2994207378709276e-09 0 0 -2.2994207031208149e-09 -6.5 -6.5 0
d 20 20 1.8717586452226392e-09 0 0 -1.8717586705636394e-09 -7 -7 0
d 20 20 1.5098926996286849e-09 0 0 -1.5098926963280823e-09 -7.5 -7.5 0
d 20 20 1.1994277535564434e-09 0 0 -1.1994277537893553e-09 -8 -8 0
d 20 20 7.5008453968489456e-10 0 0 -7.5008453406785502e-10 -9 -9 0
d 20 20 4.6872124304493213e-10 0 0 -4.6872124300924766e-10 -10 -10 0
d 20 20 3.7572362411726743e-10 0 0 -3.7572362546281855e-10 -10.5 -10.5 0
d 20 20 3.1041782829801204e-10 0 0 -3.1041784017459792e-10 -11 -11 0
d 20 20 2.2127301620927487e-10 0 0 -2.212730195141644e-10 -12 -12 0
d 20 20 1.7550840192796766e-10 0 0 -1.7550835691651876e-10 -13 -13 0
d 20 20 1.5459528103391148e-10 0 0 -1.5459524431870332e-10 -14 -14 0
d 20 20 1.4171231078704725e-10 0 0 -1.4171225609277875e-10 -15 -15 0
d 20 20 1.3783537631716592e-10 0 0 -1.3783537644658187e-10 -16 -16 0
d 20 20 1.3620771938899548e-10 0 0 -1.3620771974310649e-10 -17 -17 0
d 20 20 1.3688664888466052e-10 0 0 -1.3688664877244792e-10 -18 -18 0
d 20 20 1.4002976622599573e-10 0 0 -1.4002977335055485e-10 -19 -19 0
d 20 20 1.4425819530737801e-10 0 0 -1.4425820270913541e-10 -20 -20 0
d 20 20 1.491601805962108e-10 0 0 -1.4916018048547153e-10 -21 -21 0
d 20 20 1.5615078751636548e-10 0 0 -1.5615078302886255e-10 -22 -22 0
d 20 20 1.6495227243620158e-10 0 0 -1.6495227267197473e-10 -23 -23 0
d 20 20 1.7402461091636115e-10 0 0 -1.7402460934860966e-10 -24 -24 0
d 20 20 1.8357463696617695e-10 0 0 -1.8357462374188328e-10 -25 -25 0
d 20 20 1.9323771628287449e-10 0 0 -1.9323796394300603e-10 -26 -26 0
d 20 20 2.0273833168567218e-10 0 0 -2.0273833231583561e-10 -27 -27 0
d 20 20 2.1200417398795029e-10 0 0 -2.120041710276952e-10 -28 -28 0
d 20 20 2.2097908714703176e-10 0 0 -2.2097908737841098e-10 -29 -29 0
d 20 20 2.2955603560471643e-10 0 0 -2.2955602325899363e-10 -30 -30 0
Q 2 13 "Voltage #01"
Q 3 13 "Voltage #02"
Q 4 13 "Voltage #03"
Q 20 13 "Current #01"
Q 21 13 "Current #02"
Q 22 13 "Current #03"
Q 92 21 Contact
Q 601 13 "Int. Voltage #01"
Q 602 13 "Int. Voltage #02"
Q 603 13 "Int. Voltage #03"
EOF 779320528
