v VICTORYDEVICE
# silvaco.file ASCII version=1.14.23 format=1 contents=SDB,Tables=1

Copyright "###################################################################"
Copyright "#                    Copyright Silvaco Inc. (c)                   #"
Copyright "#                            1992-2014                            #"
Copyright "#                                                                 #"
Copyright "# This file format and the following Key are copyright Silvaco    #"
Copyright "# International. You may not use, this format or key without      #"
Copyright "# reproducing this message in full and obtaining                  #"
Copyright "# express written permission from Silvaco Inc.                    #"
Copyright "#                                                                 #"
Copyright "# To obtain such permission please contact: Silvaco Inc.          #"
Copyright "#                                           support@silvaco.com   #"
Copyright "#                                                                 #"
Copyright "# KEY=SVC86hn7562asdx                       PROD=345              #"
Copyright "###################################################################"
#This file was created by VICTORYDEVICE version 1.12.1.R
#victoryd 1.12.1.R (Thu Apr 12 10:29:11 PDT 2018)
#libSDB 1.12.42 (Thu Oct 26 19:20:24 PDT 2017)
a VICTORYDEVICE
j 1 9
k 3
r 1 92
x 3 43 42 46
w drain 1 1
r 2 92
x 3 43 42 46
w source 1 2
r 3 92
x 3 43 42 46
w gate 1 3
y 1 15
z 300
p 9 2 601 20 3 602 21 4 603 22
d 10 10 1.2036962823506048e-08 0 0 -1.2036962823719376e-08 0 0 0
d 10 10 2.1464117216484674e-08 0 0 -2.1464117216250103e-08 1 1 0
d 10 10 3.9915073848435075e-08 0 0 -3.991507384756099e-08 2 2 0
d 10 10 7.1978786744870269e-08 0 0 -7.197878681202676e-08 3 3 0
d 10 10 1.1854445610717204e-07 0 0 -1.18544456109201e-07 4 4 0
d 10 10 1.7882992266793448e-07 0 0 -1.788299228551362e-07 5 5 0
d 10 10 2.5213785353830789e-07 0 0 -2.5213785353970263e-07 6 6 0
d 10 10 3.3755856114421904e-07 0 0 -3.375585611444848e-07 7 7 0
d 10 10 4.3380162405179601e-07 0 0 -4.3380162405167234e-07 8 8 0
d 10 10 5.3923200183935385e-07 0 0 -5.3923200183881164e-07 9 9 0
d 10 10 6.5198477771627415e-07 0 0 -6.5198477771562215e-07 10 10 0
d 10 10 7.7016526402921442e-07 0 0 -7.7016526402978448e-07 11 11 0
d 10 10 8.920248109359623e-07 0 0 -8.9202481093566096e-07 12 12 0
d 10 10 1.0162513000906703e-06 0 0 -1.0162513000904009e-06 13 13 0
d 10 10 1.1419791401923459e-06 0 0 -1.141979140192082e-06 14 14 0
d 10 10 1.2686422919152956e-06 0 0 -1.2686422919158444e-06 15 15 0
d 10 10 1.3958635884553699e-06 0 0 -1.3958635884552829e-06 16 16 0
d 10 10 1.5233867813327981e-06 0 0 -1.5233867813328951e-06 17 17 0
d 10 10 1.6510343152407577e-06 0 0 -1.6510343152404098e-06 18 18 0
d 10 10 1.7786809062769484e-06 0 0 -1.778680906276934e-06 19 19 0
d 10 10 1.9062367553861722e-06 0 0 -1.9062367553856722e-06 20 20 0
d 10 10 2.0336366763119503e-06 0 0 -2.0336366763115107e-06 21 21 0
d 10 10 2.1608329061318947e-06 0 0 -2.1608329061318621e-06 22 22 0
d 10 10 2.2877902600238827e-06 0 0 -2.2877902600240889e-06 23 23 0
d 10 10 2.4144828036581525e-06 0 0 -2.4144828036587078e-06 24 24 0
d 10 10 2.540891519985458e-06 0 0 -2.5408915199854647e-06 25 25 0
d 10 10 2.6670026349586893e-06 0 0 -2.6670026349585496e-06 26 26 0
d 10 10 2.7928063866828202e-06 0 0 -2.7928063866829926e-06 27 27 0
d 10 10 2.9182960998392093e-06 0 0 -2.9182960998387159e-06 28 28 0
d 10 10 3.0434674767288375e-06 0 0 -3.0434674767290128e-06 29 29 0
d 10 10 3.1683180473236828e-06 0 0 -3.1683180473235896e-06 30 30 0
Q 2 13 "Voltage #01"
Q 3 13 "Voltage #02"
Q 4 13 "Voltage #03"
Q 20 13 "Current #01"
Q 21 13 "Current #02"
Q 22 13 "Current #03"
Q 92 21 Contact
Q 601 13 "Int. Voltage #01"
Q 602 13 "Int. Voltage #02"
Q 603 13 "Int. Voltage #03"
EOF 940270845
