v VICTORYDEVICE
# silvaco.file ASCII version=1.14.23 format=1 contents=SDB,Tables=1

Copyright "###################################################################"
Copyright "#                    Copyright Silvaco Inc. (c)                   #"
Copyright "#                            1992-2014                            #"
Copyright "#                                                                 #"
Copyright "# This file format and the following Key are copyright Silvaco    #"
Copyright "# International. You may not use, this format or key without      #"
Copyright "# reproducing this message in full and obtaining                  #"
Copyright "# express written permission from Silvaco Inc.                    #"
Copyright "#                                                                 #"
Copyright "# To obtain such permission please contact: Silvaco Inc.          #"
Copyright "#                                           support@silvaco.com   #"
Copyright "#                                                                 #"
Copyright "# KEY=SVC86hn7562asdx                       PROD=345              #"
Copyright "###################################################################"
#This file was created by VICTORYDEVICE version 1.12.1.R
#victoryd 1.12.1.R (Thu Apr 12 10:29:11 PDT 2018)
#libSDB 1.12.42 (Thu Oct 26 19:20:24 PDT 2017)
a VICTORYDEVICE
j 1 9
k 3
r 1 92
x 3 43 42 46
w drain 1 1
r 2 92
x 3 43 42 46
w source 1 2
r 3 92
x 3 43 42 46
w gate 1 3
y 1 15
z 300
p 9 2 601 20 3 602 21 4 603 22
d 15 15 1.6579136882904517e-08 0 0 -1.6579136882817845e-08 0 0 0
d 15 15 2.8028171636240327e-08 0 0 -2.8028171655157468e-08 1 1 0
d 15 15 4.9694942266918965e-08 0 0 -4.9694942266961714e-08 2 2 0
d 15 15 8.6489901989682587e-08 0 0 -8.648990198197828e-08 3 3 0
d 15 15 1.3982838002875505e-07 0 0 -1.398283800010643e-07 4 4 0
d 15 15 2.0867201007941031e-07 0 0 -2.0867201007778697e-07 5 5 0
d 15 15 2.9185788651508288e-07 0 0 -2.9185788647692643e-07 6 6 0
d 15 15 3.8889146513151023e-07 0 0 -3.8889146511045183e-07 7 7 0
d 15 15 4.9955378193549813e-07 0 0 -4.995537819769515e-07 8 8 0
d 15 15 6.2336980754239235e-07 0 0 -6.2336980749589596e-07 9 9 0
d 15 15 7.596061877581037e-07 0 0 -7.5960618774179016e-07 10 10 0
d 15 15 9.0738205693971191e-07 0 0 -9.0738205694556661e-07 11 11 0
d 15 15 1.0656649017746509e-06 0 0 -1.0656649017752144e-06 12 12 0
d 15 15 1.2332422319131711e-06 0 0 -1.2332422319131886e-06 13 13 0
d 15 15 1.4086761936266793e-06 0 0 -1.4086761936274974e-06 14 14 0
d 15 15 1.5903286911428469e-06 0 0 -1.5903286911422158e-06 15 15 0
d 15 15 1.7766363379181336e-06 0 0 -1.7766363379183312e-06 16 16 0
d 15 15 1.9663745159368256e-06 0 0 -1.9663745159365579e-06 17 17 0
d 15 15 2.158671988696299e-06 0 0 -2.1586719886959932e-06 18 18 0
d 15 15 2.3529000335990992e-06 0 0 -2.3529000335994024e-06 19 19 0
d 15 15 2.5485845586191351e-06 0 0 -2.5485845586195687e-06 20 20 0
d 15 15 2.7453618502006811e-06 0 0 -2.7453618502010783e-06 21 21 0
d 15 15 2.9429516430956059e-06 0 0 -2.9429516430951274e-06 22 22 0
d 15 15 3.1411368737535189e-06 0 0 -3.1411368737532835e-06 23 23 0
d 15 15 3.339748202924573e-06 0 0 -3.3397482029241935e-06 24 24 0
d 15 15 3.5386523653945077e-06 0 0 -3.5386523653947508e-06 25 25 0
d 15 15 3.73774350410907e-06 0 0 -3.7377435041086193e-06 26 26 0
d 15 15 3.9369367428023994e-06 0 0 -3.9369367428016549e-06 27 27 0
d 15 15 4.1361634108478617e-06 0 0 -4.1361634108484809e-06 28 28 0
d 15 15 4.3353674805354822e-06 0 0 -4.3353674805353466e-06 29 29 0
d 15 15 4.5345028937085013e-06 0 0 -4.5345028937084895e-06 30 30 0
Q 2 13 "Voltage #01"
Q 3 13 "Voltage #02"
Q 4 13 "Voltage #03"
Q 20 13 "Current #01"
Q 21 13 "Current #02"
Q 22 13 "Current #03"
Q 92 21 Contact
Q 601 13 "Int. Voltage #01"
Q 602 13 "Int. Voltage #02"
Q 603 13 "Int. Voltage #03"
EOF 940270845
