v VICTORYDEVICE
# silvaco.file ASCII version=1.14.23 format=1 contents=SDB,Tables=1

Copyright "###################################################################"
Copyright "#                    Copyright Silvaco Inc. (c)                   #"
Copyright "#                            1992-2014                            #"
Copyright "#                                                                 #"
Copyright "# This file format and the following Key are copyright Silvaco    #"
Copyright "# International. You may not use, this format or key without      #"
Copyright "# reproducing this message in full and obtaining                  #"
Copyright "# express written permission from Silvaco Inc.                    #"
Copyright "#                                                                 #"
Copyright "# To obtain such permission please contact: Silvaco Inc.          #"
Copyright "#                                           support@silvaco.com   #"
Copyright "#                                                                 #"
Copyright "# KEY=SVC86hn7562asdx                       PROD=345              #"
Copyright "###################################################################"
#This file was created by VICTORYDEVICE version 1.12.1.R
#victoryd 1.12.1.R (Thu Apr 12 10:29:11 PDT 2018)
#libSDB 1.12.42 (Thu Oct 26 19:20:24 PDT 2017)
a VICTORYDEVICE
j 1 9
k 3
r 1 92
x 3 43 42 46
w drain 1 1
r 2 92
x 3 43 42 46
w source 1 2
r 3 92
x 3 43 42 46
w gate 1 3
y 1 15
z 300
p 9 2 601 20 3 602 21 4 603 22
d 0 0 1.6900763260631906e-20 0 0 8.146624626887738e-21 0 0 0
d 0.5 0.5 1.3591785821190324e-09 0 0 -1.3591785821203207e-09 0 0 0
d 1 1 2.3369219312598175e-09 0 0 -2.3369219312799548e-09 0 0 0
d 1.5 1.5 3.1193645668047437e-09 0 0 -3.119364566803455e-09 0 0 0
d 2 2 3.807121213846826e-09 0 0 -3.8071212138556644e-09 0 0 0
d 2.5 2.5 4.4429767457997684e-09 0 0 -4.4429767454019988e-09 0 0 0
d 3 3 5.044238029188145e-09 0 0 -5.0442380298821736e-09 0 0 0
d 3.5 3.5 5.6198276040517445e-09 0 0 -5.6198276040429872e-09 0 0 0
d 4 4 6.1750945090425244e-09 0 0 -6.1750945092024184e-09 0 0 0
d 4.5 4.5 6.7135255731664031e-09 0 0 -6.7135255733623084e-09 0 0 0
d 5 5 7.2377908282643086e-09 0 0 -7.2377908283746669e-09 0 0 0
d 5.5 5.5 7.7498283230069433e-09 0 0 -7.7498281692327439e-09 0 0 0
d 6 6 8.2514044584886578e-09 0 0 -8.2514054595964994e-09 0 0 0
d 6.5 6.5 8.7441945490603596e-09 0 0 -8.7441945283144399e-09 0 0 0
d 7 7 9.2294914793332206e-09 0 0 -9.2294904084170941e-09 0 0 0
d 7.5 7.5 9.7083228493826233e-09 0 0 -9.7083226640596297e-09 0 0 0
d 8 8 1.0181845032877471e-08 0 0 -1.0181845026504333e-08 0 0 0
d 8.5 8.5 1.0650952786473582e-08 0 0 -1.0650952811876415e-08 0 0 0
d 9 9 1.1116282656190312e-08 0 0 -1.1116282657584378e-08 0 0 0
d 9.5 9.5 1.1578106846875581e-08 0 0 -1.1578106837616006e-08 0 0 0
d 10 10 1.2036962823348008e-08 0 0 -1.2036962820024134e-08 0 0 0
d 10.5 10.5 1.2493493704183746e-08 0 0 -1.2493493704701301e-08 0 0 0
d 11 11 1.2948329018252177e-08 0 0 -1.2948329017660008e-08 0 0 0
d 11.5 11.5 1.3402110609342701e-08 0 0 -1.3402110599570252e-08 0 0 0
d 12 12 1.3855299286032319e-08 0 0 -1.3855299291801909e-08 0 0 0
d 12.5 12.5 1.4308211880045657e-08 0 0 -1.4308211954555641e-08 0 0 0
d 13 13 1.4761130862846666e-08 0 0 -1.4761130867170764e-08 0 0 0
d 13.5 13.5 1.5214349167591506e-08 0 0 -1.5214349166225973e-08 0 0 0
d 14 14 1.5668257117627394e-08 0 0 -1.5668257117845256e-08 0 0 0
d 14.5 14.5 1.6123136888059059e-08 0 0 -1.6123136888399725e-08 0 0 0
d 15 15 1.6579136882943931e-08 0 0 -1.6579136882389333e-08 0 0 0
d 15.5 15.5 1.7036389106022048e-08 0 0 -1.7036389106225882e-08 0 0 0
d 16 16 1.7495069244123638e-08 0 0 -1.7495069234285562e-08 0 0 0
d 16.5 16.5 1.7955448273497782e-08 0 0 -1.7955448273123595e-08 0 0 0
d 17 17 1.8417753216898834e-08 0 0 -1.8417753216562228e-08 0 0 0
d 17.5 17.5 1.8882102116396845e-08 0 0 -1.8882102120543759e-08 0 0 0
d 18 18 1.9348583589870971e-08 0 0 -1.9348583589057509e-08 0 0 0
d 18.5 18.5 1.9817309962066087e-08 0 0 -1.9817309962491205e-08 0 0 0
d 19 19 2.0288470315023246e-08 0 0 -2.0288470315381399e-08 0 0 0
d 19.5 19.5 2.0762257011802898e-08 0 0 -2.0762257010294607e-08 0 0 0
d 20 20 2.123872910256751e-08 0 0 -2.1238729103550878e-08 0 0 0
d 20.5 20.5 2.1717907706393532e-08 0 0 -2.1717907706267228e-08 0 0 0
d 21 21 2.2199845504542173e-08 0 0 -2.2199845503897542e-08 0 0 0
d 21.5 21.5 2.2684679120153273e-08 0 0 -2.2684679119874562e-08 0 0 0
d 22 22 2.3172569282598114e-08 0 0 -2.3172569304609026e-08 0 0 0
d 22.5 22.5 2.3663614044595923e-08 0 0 -2.3663614045210154e-08 0 0 0
d 23 23 2.4157875013827555e-08 0 0 -2.4157874324073542e-08 0 0 0
d 23.5 23.5 2.4655407771753048e-08 0 0 -2.4655407734667875e-08 0 0 0
d 24 24 2.5156275845711115e-08 0 0 -2.5156275902514372e-08 0 0 0
d 24.5 24.5 2.5660599095423944e-08 0 0 -2.5660599094795221e-08 0 0 0
d 25 25 2.6168534628008754e-08 0 0 -2.6168534622681489e-08 0 0 0
Q 2 13 "Voltage #01"
Q 3 13 "Voltage #02"
Q 4 13 "Voltage #03"
Q 20 13 "Current #01"
Q 21 13 "Current #02"
Q 22 13 "Current #03"
Q 92 21 Contact
Q 601 13 "Int. Voltage #01"
Q 602 13 "Int. Voltage #02"
Q 603 13 "Int. Voltage #03"
EOF 1651482241
