v VICTORYDEVICE
# silvaco.file ASCII version=1.14.23 format=1 contents=SDB,Tables=1

Copyright "###################################################################"
Copyright "#                    Copyright Silvaco Inc. (c)                   #"
Copyright "#                            1992-2014                            #"
Copyright "#                                                                 #"
Copyright "# This file format and the following Key are copyright Silvaco    #"
Copyright "# International. You may not use, this format or key without      #"
Copyright "# reproducing this message in full and obtaining                  #"
Copyright "# express written permission from Silvaco Inc.                    #"
Copyright "#                                                                 #"
Copyright "# To obtain such permission please contact: Silvaco Inc.          #"
Copyright "#                                           support@silvaco.com   #"
Copyright "#                                                                 #"
Copyright "# KEY=SVC86hn7562asdx                       PROD=345              #"
Copyright "###################################################################"
#This file was created by VICTORYDEVICE version 1.12.1.R
#victoryd 1.12.1.R (Thu Apr 12 10:29:11 PDT 2018)
#libSDB 1.12.42 (Thu Oct 26 19:20:24 PDT 2017)
a VICTORYDEVICE
j 1 9
k 3
r 1 92
x 3 43 42 46
w drain 1 1
r 2 92
x 3 43 42 46
w source 1 2
r 3 92
x 3 43 42 46
w gate 1 3
y 1 15
z 300
p 9 2 601 20 3 602 21 4 603 22
d 5 5 7.2377908281473676e-09 0 0 -7.2377908285686746e-09 0 0 0
d 5 5 1.4148370899083331e-08 0 0 -1.4148370898940298e-08 1 1 0
d 5 5 2.8228273490134884e-08 0 0 -2.8228273490155958e-08 2 2 0
d 5 5 5.3119857493264693e-08 0 0 -5.3119857492869334e-08 3 3 0
d 5 5 8.9719564196736973e-08 0 0 -8.9719564193634569e-08 4 4 0
d 5 5 1.3638559115611009e-07 0 0 -1.3638559115629326e-07 5 5 0
d 5 5 1.9035046932029893e-07 0 0 -1.9035046932026569e-07 6 6 0
d 5 5 2.4866814740580731e-07 0 0 -2.4866814740578237e-07 7 7 0
d 5 5 3.090487727391439e-07 0 0 -3.090487727385613e-07 8 8 0
d 5 5 3.7021913101196171e-07 0 0 -3.7021913101205144e-07 9 9 0
d 5 5 4.3156972017454663e-07 0 0 -4.315697201742146e-07 10 10 0
d 5 5 4.9280701081589388e-07 0 0 -4.9280701081600114e-07 11 11 0
d 5 5 5.5378323400003097e-07 0 0 -5.5378323400024337e-07 12 12 0
d 5 5 6.1442175690494547e-07 0 0 -6.144217569050505e-07 13 13 0
d 5 5 6.7468334426877595e-07 0 0 -6.7468334426856472e-07 14 14 0
d 5 5 7.345497622906529e-07 0 0 -7.3454976229066942e-07 15 15 0
d 5 5 7.9401512742913068e-07 0 0 -7.940151274291923e-07 16 16 0
d 5 5 8.5308099161159761e-07 0 0 -8.5308099161152402e-07 17 17 0
d 5 5 9.1175338381864378e-07 0 0 -9.1175338381871874e-07 18 18 0
d 5 5 9.7004095967918094e-07 0 0 -9.7004095967902868e-07 19 19 0
d 5 5 1.0279538201063561e-06 0 0 -1.0279538201064379e-06 20 20 0
d 5 5 1.0855027520751713e-06 0 0 -1.085502752074903e-06 21 21 0
d 5 5 1.1426987426398965e-06 0 0 -1.1426987426395674e-06 22 22 0
d 5 5 1.1995526721443678e-06 0 0 -1.1995526721440928e-06 23 23 0
d 5 5 1.2560751255826886e-06 0 0 -1.2560751255827629e-06 24 24 0
d 5 5 1.3122762819433596e-06 0 0 -1.3122762819434852e-06 25 25 0
d 5 5 1.368165854875725e-06 0 0 -1.3681658548760198e-06 26 26 0
d 5 5 1.423753066915956e-06 0 0 -1.423753066916365e-06 27 27 0
d 5 5 1.4790466453893646e-06 0 0 -1.4790466453895742e-06 28 28 0
d 5 5 1.5340548320403593e-06 0 0 -1.5340548320402865e-06 29 29 0
d 5 5 1.588785401069688e-06 0 0 -1.588785401069739e-06 30 30 0
Q 2 13 "Voltage #01"
Q 3 13 "Voltage #02"
Q 4 13 "Voltage #03"
Q 20 13 "Current #01"
Q 21 13 "Current #02"
Q 22 13 "Current #03"
Q 92 21 Contact
Q 601 13 "Int. Voltage #01"
Q 602 13 "Int. Voltage #02"
Q 603 13 "Int. Voltage #03"
EOF 940270845
