v VICTORYDEVICE
# silvaco.file ASCII version=1.14.23 format=1 contents=SDB,Tables=1

Copyright "###################################################################"
Copyright "#                    Copyright Silvaco Inc. (c)                   #"
Copyright "#                            1992-2014                            #"
Copyright "#                                                                 #"
Copyright "# This file format and the following Key are copyright Silvaco    #"
Copyright "# International. You may not use, this format or key without      #"
Copyright "# reproducing this message in full and obtaining                  #"
Copyright "# express written permission from Silvaco Inc.                    #"
Copyright "#                                                                 #"
Copyright "# To obtain such permission please contact: Silvaco Inc.          #"
Copyright "#                                           support@silvaco.com   #"
Copyright "#                                                                 #"
Copyright "# KEY=SVC86hn7562asdx                       PROD=345              #"
Copyright "###################################################################"
#This file was created by VICTORYDEVICE version 1.12.1.R
#victoryd 1.12.1.R (Thu Apr 12 10:29:11 PDT 2018)
#libSDB 1.12.42 (Thu Oct 26 19:20:24 PDT 2017)
a VICTORYDEVICE
j 1 9
k 3
r 1 92
x 3 43 42 46
w drain 1 1
r 2 92
x 3 43 42 46
w source 1 2
r 3 92
x 3 43 42 46
w gate 1 3
y 1 15
z 300
p 9 2 601 20 3 602 21 4 603 22
d 0 0 -1.4699527519758902e-20 0 0 -7.5008160438125659e-22 30 30 0
d 0.5 0.5 1.4086890425773345e-07 0 0 -1.4086890425772265e-07 30 30 0
d 1 1 2.9043867929981004e-07 0 0 -2.904386792997886e-07 30 30 0
d 1.5 1.5 4.4542872820618103e-07 0 0 -4.4542872820615742e-07 30 30 0
d 2 2 6.0406944372052611e-07 0 0 -6.0406944372066873e-07 30 30 0
d 2.5 2.5 7.6540554373736876e-07 0 0 -7.6540554373720549e-07 30 30 0
d 3 3 9.2866960275199019e-07 0 0 -9.2866960275194275e-07 30 30 0
d 3.5 3.5 1.0931865577103494e-06 0 0 -1.0931865577103417e-06 30 30 0
d 4 4 1.258367111242922e-06 0 0 -1.2583671112429353e-06 30 30 0
d 4.5 4.5 1.4237080160601712e-06 0 0 -1.4237080160600928e-06 30 30 0
d 5 5 1.5887854010702087e-06 0 0 -1.5887854010704643e-06 30 30 0
d 5.5 5.5 1.7532439741828984e-06 0 0 -1.7532439741830151e-06 30 30 0
d 6 6 1.9167852150387258e-06 0 0 -1.9167852150387525e-06 30 30 0
d 6.5 6.5 2.0791563756500861e-06 0 0 -2.0791563756501835e-06 30 30 0
d 7 7 2.2401419263554817e-06 0 0 -2.2401419263556549e-06 30 30 0
d 7.5 7.5 2.39955762624306e-06 0 0 -2.3995576262429491e-06 30 30 0
d 8 8 2.5572460898900881e-06 0 0 -2.557246089890061e-06 30 30 0
d 8.5 8.5 2.7130729649685759e-06 0 0 -2.7130729649684256e-06 30 30 0
d 9 9 2.8669235335929884e-06 0 0 -2.8669235335928932e-06 30 30 0
d 9.5 9.5 3.018699796915647e-06 0 0 -3.0186997969153111e-06 30 30 0
d 10 10 3.1683180473242503e-06 0 0 -3.1683180473240169e-06 30 30 0
d 10.5 10.5 3.3157068706629655e-06 0 0 -3.3157068706629956e-06 30 30 0
d 11 11 3.4608055094348044e-06 0 0 -3.4608055094352224e-06 30 30 0
d 11.5 11.5 3.6035625250143763e-06 0 0 -3.6035625250149082e-06 30 30 0
d 12 12 3.7439347034676088e-06 0 0 -3.7439347034670278e-06 30 30 0
d 12.5 12.5 3.8818861543377184e-06 0 0 -3.8818861543377887e-06 30 30 0
d 13 13 4.0173875582505996e-06 0 0 -4.0173875582506953e-06 30 30 0
d 13.5 13.5 4.1504155282673114e-06 0 0 -4.1504155282673809e-06 30 30 0
d 14 14 4.2809520598287599e-06 0 0 -4.2809520598288133e-06 30 30 0
d 14.5 14.5 4.4089840525936996e-06 0 0 -4.4089840525934362e-06 30 30 0
d 15 15 4.5345028937085682e-06 0 0 -4.5345028937085039e-06 30 30 0
d 15.5 15.5 4.657504095918254e-06 0 0 -4.657504095918902e-06 30 30 0
d 16 16 4.7779869857553335e-06 0 0 -4.777986985755065e-06 30 30 0
d 16.5 16.5 4.8959544373662579e-06 0 0 -4.8959544373661698e-06 30 30 0
d 17 17 5.0114126470009468e-06 0 0 -5.011412647000807e-06 30 30 0
d 17.5 17.5 5.1243709423298129e-06 0 0 -5.1243709423306506e-06 30 30 0
d 18 18 5.2348416202556117e-06 0 0 -5.2348416202559827e-06 30 30 0
d 18.5 18.5 5.3428398067275518e-06 0 0 -5.3428398067268497e-06 30 30 0
d 19 19 5.4483833323904291e-06 0 0 -5.4483833323904715e-06 30 30 0
d 19.5 19.5 5.5514926183346223e-06 0 0 -5.5514926183337609e-06 30 30 0
d 20 20 5.6521905666284863e-06 0 0 -5.6521905666277486e-06 30 30 0
d 20.5 20.5 5.7505024506499898e-06 0 0 -5.7505024506512621e-06 30 30 0
d 21 21 5.8464558002200308e-06 0 0 -5.8464558002198097e-06 30 30 0
d 21.5 21.5 5.9400802763792464e-06 0 0 -5.9400802763783232e-06 30 30 0
d 22 22 6.0314075303585791e-06 0 0 -6.0314075303582437e-06 30 30 0
d 22.5 22.5 6.1204710406413971e-06 0 0 -6.1204710406418969e-06 30 30 0
d 23 23 6.2073059212823648e-06 0 0 -6.2073059212825054e-06 30 30 0
d 23.5 23.5 6.2919486935686058e-06 0 0 -6.2919486935677706e-06 30 30 0
d 24 24 6.3744370118072563e-06 0 0 -6.3744370118069759e-06 30 30 0
d 24.5 24.5 6.454809332572518e-06 0 0 -6.4548093325721928e-06 30 30 0
d 25 25 6.53310451538789e-06 0 0 -6.5331045153867524e-06 30 30 0
Q 2 13 "Voltage #01"
Q 3 13 "Voltage #02"
Q 4 13 "Voltage #03"
Q 20 13 "Current #01"
Q 21 13 "Current #02"
Q 22 13 "Current #03"
Q 92 21 Contact
Q 601 13 "Int. Voltage #01"
Q 602 13 "Int. Voltage #02"
Q 603 13 "Int. Voltage #03"
EOF 1651482241
