v ATLAS
# This file was created by ATLAS version 5.26.1.R on Thu Apr 19 11:34:22 2018.
#SSF 2.0 generic
##############################################################################
#                    Copyright (c) 1984 - 2018                               #
#                    Silvaco Inc. All rights reserved                        #
#                                                                            #
# This file format and the following Key are copyright Silvaco Inc.          #
# You may not use, this format or key without reproducing this message in    #
# full and obtaining express written permission from Silvaco Inc.            #
#                                                                            #
# To obtain such permission please contact: Silvaco Inc.                     #
#                                           support@silvaco.com              #
#                                                                            #
# KEY=SVC86hn7562asdx                       PROD=345                         #
##############################################################################
y 1 15
z 300
f 2 "anode" "cathode" 
o 1 inten
p 18 91 4000 4010 4020 85 86 87 308 354 355 356 2 601 20 3 602 21 3000 
d 1.198432533e-01 3.000000000e-01 8.810152606e-09 6.180800521e-09 6.180800521e-09 8.810152606e-09 3.113028169e-01 9.000000000e+01 0.000000000e+00 9.332640151e-01 6.673598487e-02 0.000000000e+00 0.000000000e+00 -6.099258821e-09 0.000000000e+00 0.000000000e+00 6.099258848e-09 9.929220864e-02 
d 1.198432533e-01 3.000000000e-01 8.810152606e-09 6.180800521e-09 6.180800521e-09 8.810152606e-09 3.113028169e-01 9.000000000e+01 0.000000000e+00 9.332640151e-01 6.673598487e-02 2.000000000e-02 2.000000000e-02 -6.099256555e-09 0.000000000e+00 0.000000000e+00 6.099256600e-09 9.929220864e-02 
d 1.198432533e-01 3.000000000e-01 8.810152606e-09 6.180800521e-09 6.180800521e-09 8.810152606e-09 3.113028169e-01 9.000000000e+01 0.000000000e+00 9.332640151e-01 6.673598487e-02 4.000000000e-02 4.000000000e-02 -6.099254015e-09 0.000000000e+00 0.000000000e+00 6.099254329e-09 9.929220864e-02 
d 1.198432533e-01 3.000000000e-01 8.810152606e-09 6.180800521e-09 6.180800521e-09 8.810152606e-09 3.113028169e-01 9.000000000e+01 0.000000000e+00 9.332640151e-01 6.673598487e-02 6.000000000e-02 6.000000000e-02 -6.099252108e-09 0.000000000e+00 0.000000000e+00 6.099252030e-09 9.929220864e-02 
d 1.198432533e-01 3.000000000e-01 8.810152606e-09 6.180800521e-09 6.180800521e-09 8.810152606e-09 3.113028169e-01 9.000000000e+01 0.000000000e+00 9.332640151e-01 6.673598487e-02 8.000000000e-02 8.000000000e-02 -6.099249867e-09 0.000000000e+00 0.000000000e+00 6.099249703e-09 9.929220864e-02 
d 1.198432533e-01 3.000000000e-01 8.810152606e-09 6.180800521e-09 6.180800521e-09 8.810152606e-09 3.113028169e-01 9.000000000e+01 0.000000000e+00 9.332640151e-01 6.673598487e-02 1.000000000e-01 1.000000000e-01 -6.099247195e-09 0.000000000e+00 0.000000000e+00 6.099247345e-09 9.929220864e-02 
d 1.198432533e-01 3.000000000e-01 8.810152606e-09 6.180800521e-09 6.180800521e-09 8.810152606e-09 3.113028169e-01 9.000000000e+01 0.000000000e+00 9.332640151e-01 6.673598487e-02 1.200000000e-01 1.200000000e-01 -6.099245213e-09 0.000000000e+00 0.000000000e+00 6.099244955e-09 9.929220864e-02 
d 1.198432533e-01 3.000000000e-01 8.810152606e-09 6.180800521e-09 6.180800521e-09 8.810152606e-09 3.113028169e-01 9.000000000e+01 0.000000000e+00 9.332640151e-01 6.673598487e-02 1.400000000e-01 1.400000000e-01 -6.099242367e-09 0.000000000e+00 0.000000000e+00 6.099242531e-09 9.929220864e-02 
d 1.198432533e-01 3.000000000e-01 8.810152606e-09 6.180800521e-09 6.180800521e-09 8.810152606e-09 3.113028169e-01 9.000000000e+01 0.000000000e+00 9.332640151e-01 6.673598487e-02 1.600000000e-01 1.600000000e-01 -6.099240197e-09 0.000000000e+00 0.000000000e+00 6.099240071e-09 9.929220864e-02 
d 1.198432533e-01 3.000000000e-01 8.810152606e-09 6.180800521e-09 6.180800521e-09 8.810152606e-09 3.113028169e-01 9.000000000e+01 0.000000000e+00 9.332640151e-01 6.673598487e-02 1.800000000e-01 1.800000000e-01 -6.099237356e-09 0.000000000e+00 0.000000000e+00 6.099237576e-09 9.929220864e-02 
d 1.198432533e-01 3.000000000e-01 8.810152606e-09 6.180800521e-09 6.180800521e-09 8.810152606e-09 3.113028169e-01 9.000000000e+01 0.000000000e+00 9.332640151e-01 6.673598487e-02 2.000000000e-01 2.000000000e-01 -6.099235035e-09 0.000000000e+00 0.000000000e+00 6.099235037e-09 9.929220864e-02 
d 1.198432533e-01 3.000000000e-01 8.810152606e-09 6.180800521e-09 6.180800521e-09 8.810152606e-09 3.113028169e-01 9.000000000e+01 0.000000000e+00 9.332640151e-01 6.673598487e-02 2.200000000e-01 2.200000000e-01 -6.099232438e-09 0.000000000e+00 0.000000000e+00 6.099232446e-09 9.929220864e-02 
d 1.198432533e-01 3.000000000e-01 8.810152606e-09 6.180800521e-09 6.180800521e-09 8.810152606e-09 3.113028169e-01 9.000000000e+01 0.000000000e+00 9.332640151e-01 6.673598487e-02 2.400000000e-01 2.400000000e-01 -6.099229994e-09 0.000000000e+00 0.000000000e+00 6.099229781e-09 9.929220864e-02 
d 1.198432533e-01 3.000000000e-01 8.810152606e-09 6.180800521e-09 6.180800521e-09 8.810152606e-09 3.113028169e-01 9.000000000e+01 0.000000000e+00 9.332640151e-01 6.673598487e-02 2.600000000e-01 2.600000000e-01 -6.099226774e-09 0.000000000e+00 0.000000000e+00 6.099226999e-09 9.929220864e-02 
d 1.198432533e-01 3.000000000e-01 8.810152606e-09 6.180800521e-09 6.180800521e-09 8.810152606e-09 3.113028169e-01 9.000000000e+01 0.000000000e+00 9.332640151e-01 6.673598487e-02 2.800000000e-01 2.800000000e-01 -6.099223857e-09 0.000000000e+00 0.000000000e+00 6.099224013e-09 9.929220864e-02 
d 1.198432533e-01 3.000000000e-01 8.810152606e-09 6.180800521e-09 6.180800521e-09 8.810152606e-09 3.113028169e-01 9.000000000e+01 0.000000000e+00 9.332640151e-01 6.673598487e-02 3.000000000e-01 3.000000000e-01 -6.099220560e-09 0.000000000e+00 0.000000000e+00 6.099220646e-09 9.929220864e-02 
d 1.198432533e-01 3.000000000e-01 8.810152606e-09 6.180800521e-09 6.180800521e-09 8.810152606e-09 3.113028169e-01 9.000000000e+01 0.000000000e+00 9.332640151e-01 6.673598487e-02 3.200000000e-01 3.200000000e-01 -6.099216627e-09 0.000000000e+00 0.000000000e+00 6.099216522e-09 9.929220864e-02 
d 1.198432533e-01 3.000000000e-01 8.810152606e-09 6.180800521e-09 6.180800521e-09 8.810152606e-09 3.113028169e-01 9.000000000e+01 0.000000000e+00 9.332640151e-01 6.673598487e-02 3.400000000e-01 3.400000000e-01 -6.099211106e-09 0.000000000e+00 0.000000000e+00 6.099210859e-09 9.929220864e-02 
d 1.198432533e-01 3.000000000e-01 8.810152606e-09 6.180800521e-09 6.180800521e-09 8.810152606e-09 3.113028169e-01 9.000000000e+01 0.000000000e+00 9.332640151e-01 6.673598487e-02 3.600000000e-01 3.600000000e-01 -6.099201762e-09 0.000000000e+00 0.000000000e+00 6.099201984e-09 9.929220864e-02 
d 1.198432533e-01 3.000000000e-01 8.810152606e-09 6.180800521e-09 6.180800521e-09 8.810152606e-09 3.113028169e-01 9.000000000e+01 0.000000000e+00 9.332640151e-01 6.673598487e-02 3.800000000e-01 3.800000000e-01 -6.099186294e-09 0.000000000e+00 0.000000000e+00 6.099186319e-09 9.929220864e-02 
d 1.198432533e-01 3.000000000e-01 8.810152606e-09 6.180800521e-09 6.180800521e-09 8.810152606e-09 3.113028169e-01 9.000000000e+01 0.000000000e+00 9.332640151e-01 6.673598487e-02 4.000000000e-01 4.000000000e-01 -6.099156108e-09 0.000000000e+00 0.000000000e+00 6.099156165e-09 9.929220864e-02 
d 1.198432533e-01 3.000000000e-01 8.810152606e-09 6.180800521e-09 6.180800521e-09 8.810152606e-09 3.113028169e-01 9.000000000e+01 0.000000000e+00 9.332640151e-01 6.673598487e-02 4.200000000e-01 4.200000000e-01 -6.099094683e-09 0.000000000e+00 0.000000000e+00 6.099094919e-09 9.929220864e-02 
d 1.198432533e-01 3.000000000e-01 8.810152606e-09 6.180800521e-09 6.180800521e-09 8.810152606e-09 3.113028169e-01 9.000000000e+01 0.000000000e+00 9.332640151e-01 6.673598487e-02 4.400000000e-01 4.400000000e-01 -6.098966820e-09 0.000000000e+00 0.000000000e+00 6.098966710e-09 9.929220864e-02 
d 1.198432533e-01 3.000000000e-01 8.810152606e-09 6.180800521e-09 6.180800521e-09 8.810152606e-09 3.113028169e-01 9.000000000e+01 0.000000000e+00 9.332640151e-01 6.673598487e-02 4.600000000e-01 4.600000000e-01 -6.098694007e-09 0.000000000e+00 0.000000000e+00 6.098693971e-09 9.929220864e-02 
d 1.198432533e-01 3.000000000e-01 8.810152606e-09 6.180800521e-09 6.180800521e-09 8.810152606e-09 3.113028169e-01 9.000000000e+01 0.000000000e+00 9.332640151e-01 6.673598487e-02 4.800000000e-01 4.800000000e-01 -6.098108852e-09 0.000000000e+00 0.000000000e+00 6.098108830e-09 9.929220864e-02 
d 1.198432533e-01 3.000000000e-01 8.810152606e-09 6.180800521e-09 6.180800521e-09 8.810152606e-09 3.113028169e-01 9.000000000e+01 0.000000000e+00 9.332640151e-01 6.673598487e-02 5.000000000e-01 5.000000000e-01 -6.096847757e-09 0.000000000e+00 0.000000000e+00 6.096847840e-09 9.929220864e-02 
d 1.198432533e-01 3.000000000e-01 8.810152606e-09 6.180800521e-09 6.180800521e-09 8.810152606e-09 3.113028169e-01 9.000000000e+01 0.000000000e+00 9.332640151e-01 6.673598487e-02 5.200000000e-01 5.200000000e-01 -6.094123892e-09 0.000000000e+00 0.000000000e+00 6.094123966e-09 9.929220864e-02 
d 1.198432533e-01 3.000000000e-01 8.810152606e-09 6.180800521e-09 6.180800521e-09 8.810152606e-09 3.113028169e-01 9.000000000e+01 0.000000000e+00 9.332640151e-01 6.673598487e-02 5.400000000e-01 5.400000000e-01 -6.088232783e-09 0.000000000e+00 0.000000000e+00 6.088232922e-09 9.929220864e-02 
d 1.198432533e-01 3.000000000e-01 8.810152606e-09 6.180800521e-09 6.180800521e-09 8.810152606e-09 3.113028169e-01 9.000000000e+01 0.000000000e+00 9.332640151e-01 6.673598487e-02 5.600000000e-01 5.600000000e-01 -6.075485291e-09 0.000000000e+00 0.000000000e+00 6.075485351e-09 9.929220864e-02 
d 1.198432533e-01 3.000000000e-01 8.810152606e-09 6.180800521e-09 6.180800521e-09 8.810152606e-09 3.113028169e-01 9.000000000e+01 0.000000000e+00 9.332640151e-01 6.673598487e-02 5.800000000e-01 5.800000000e-01 -6.047901975e-09 0.000000000e+00 0.000000000e+00 6.047901892e-09 9.929220864e-02 
d 1.198432533e-01 3.000000000e-01 8.810152606e-09 6.180800521e-09 6.180800521e-09 8.810152606e-09 3.113028169e-01 9.000000000e+01 0.000000000e+00 9.332640151e-01 6.673598487e-02 6.000000000e-01 6.000000000e-01 -5.988260548e-09 0.000000000e+00 0.000000000e+00 5.988260643e-09 9.929220864e-02 
d 1.198432533e-01 3.000000000e-01 8.810152606e-09 6.180800521e-09 6.180800521e-09 8.810152606e-09 3.113028169e-01 9.000000000e+01 0.000000000e+00 9.332640151e-01 6.673598487e-02 6.200000000e-01 6.200000000e-01 -5.859560905e-09 0.000000000e+00 0.000000000e+00 5.859560996e-09 9.929220864e-02 
d 1.198432533e-01 3.000000000e-01 8.810152606e-09 6.180800521e-09 6.180800521e-09 8.810152606e-09 3.113028169e-01 9.000000000e+01 0.000000000e+00 9.332640151e-01 6.673598487e-02 6.400000000e-01 6.400000000e-01 -5.583086029e-09 0.000000000e+00 0.000000000e+00 5.583085965e-09 9.929220864e-02 
d 1.198432533e-01 3.000000000e-01 8.810152606e-09 6.180800521e-09 6.180800521e-09 8.810152606e-09 3.113028169e-01 9.000000000e+01 0.000000000e+00 9.332640151e-01 6.673598487e-02 6.600000000e-01 6.600000000e-01 -4.994801016e-09 0.000000000e+00 0.000000000e+00 4.994801167e-09 9.929220864e-02 
d 1.198432533e-01 3.000000000e-01 8.810152606e-09 6.180800521e-09 6.180800521e-09 8.810152606e-09 3.113028169e-01 9.000000000e+01 0.000000000e+00 9.332640151e-01 6.673598487e-02 6.800000000e-01 6.800000000e-01 -3.766962232e-09 0.000000000e+00 0.000000000e+00 3.766962254e-09 9.929220864e-02 
d 1.198432533e-01 3.000000000e-01 8.810152606e-09 6.180800521e-09 6.180800521e-09 8.810152606e-09 3.113028169e-01 9.000000000e+01 0.000000000e+00 9.332640151e-01 6.673598487e-02 7.000000000e-01 7.000000000e-01 -1.294261466e-09 0.000000000e+00 0.000000000e+00 1.294261644e-09 9.929220864e-02 
d 1.198432533e-01 3.000000000e-01 8.810152606e-09 6.180800521e-09 6.180800521e-09 8.810152606e-09 3.113028169e-01 9.000000000e+01 0.000000000e+00 9.332640151e-01 6.673598487e-02 7.200000000e-01 7.200000000e-01 3.415653719e-09 0.000000000e+00 0.000000000e+00 -3.415653725e-09 9.929220864e-02 
d 1.198432533e-01 3.000000000e-01 8.810152606e-09 6.180800521e-09 6.180800521e-09 8.810152606e-09 3.113028169e-01 9.000000000e+01 0.000000000e+00 9.332640151e-01 6.673598487e-02 7.400000000e-01 7.400000000e-01 1.185834440e-08 0.000000000e+00 0.000000000e+00 -1.185834442e-08 9.929220864e-02 
d 1.198432533e-01 3.000000000e-01 8.810152606e-09 6.180800521e-09 6.180800521e-09 8.810152606e-09 3.113028169e-01 9.000000000e+01 0.000000000e+00 9.332640151e-01 6.673598487e-02 7.600000000e-01 7.600000000e-01 2.660897616e-08 0.000000000e+00 0.000000000e+00 -2.660897619e-08 9.929220864e-02 
