v ATLAS
# This file was created by ATLAS version 5.26.1.R on Thu Apr 19 12:53:45 2018.
#SSF 2.0 generic
##############################################################################
#                    Copyright (c) 1984 - 2018                               #
#                    Silvaco Inc. All rights reserved                        #
#                                                                            #
# This file format and the following Key are copyright Silvaco Inc.          #
# You may not use, this format or key without reproducing this message in    #
# full and obtaining express written permission from Silvaco Inc.            #
#                                                                            #
# To obtain such permission please contact: Silvaco Inc.                     #
#                                           support@silvaco.com              #
#                                                                            #
# KEY=SVC86hn7562asdx                       PROD=345                         #
##############################################################################
y 1 15
z 300
f 2 "anode" "cathode" 
p 6 2 601 20 3 602 21 
d 0.000000000e+00 0.000000000e+00 -5.240406285e-16 0.000000000e+00 0.000000000e+00 -1.745984854e-19 
d 2.000000000e-02 2.000000000e-02 -5.240421581e-16 0.000000000e+00 0.000000000e+00 -6.682733944e-19 
d 4.000000000e-02 4.000000000e-02 -5.240293577e-16 0.000000000e+00 0.000000000e+00 -1.220636134e-18 
d 6.000000000e-02 6.000000000e-02 -5.240223924e-16 0.000000000e+00 0.000000000e+00 -2.614054659e-18 
d 8.000000000e-02 8.000000000e-02 -5.240005999e-16 0.000000000e+00 0.000000000e+00 -4.570319533e-18 
d 1.000000000e-01 1.000000000e-01 -5.239687057e-16 0.000000000e+00 0.000000000e+00 -6.990321807e-18 
d 1.200000000e-01 1.200000000e-01 -5.238968285e-16 0.000000000e+00 0.000000000e+00 -1.161228859e-17 
d 1.400000000e-01 1.400000000e-01 -5.237548883e-16 0.000000000e+00 0.000000000e+00 -1.914993193e-17 
d 1.600000000e-01 1.600000000e-01 -5.234660593e-16 0.000000000e+00 0.000000000e+00 -3.228024178e-17 
d 1.800000000e-01 1.800000000e-01 -5.228719526e-16 0.000000000e+00 0.000000000e+00 -5.635179773e-17 
d 2.000000000e-01 2.000000000e-01 -5.217276495e-16 0.000000000e+00 0.000000000e+00 -1.012116297e-16 
d 2.200000000e-01 2.200000000e-01 -5.243024917e-16 0.000000000e+00 0.000000000e+00 -1.877842439e-16 
d 2.400000000e-01 2.400000000e-01 -2.993461035e-16 0.000000000e+00 0.000000000e+00 -3.591145324e-16 
d 2.600000000e-01 2.600000000e-01 -1.088701200e-16 0.000000000e+00 0.000000000e+00 -7.078110181e-16 
d 2.800000000e-01 2.800000000e-01 2.135637798e-15 0.000000000e+00 0.000000000e+00 -1.427975719e-15 
d 3.000000000e-01 3.000000000e-01 3.055337215e-15 0.000000000e+00 0.000000000e+00 -2.937490385e-15 
d 3.200000000e-01 3.200000000e-01 6.185509564e-15 0.000000000e+00 0.000000000e+00 -6.132147922e-15 
d 3.400000000e-01 3.400000000e-01 1.314694518e-14 0.000000000e+00 0.000000000e+00 -1.294125076e-14 
d 3.600000000e-01 3.600000000e-01 2.762084418e-14 0.000000000e+00 0.000000000e+00 -2.752933231e-14 
d 3.800000000e-01 3.800000000e-01 5.890966914e-14 0.000000000e+00 0.000000000e+00 -5.889445764e-14 
d 4.000000000e-01 4.000000000e-01 1.264995038e-13 0.000000000e+00 0.000000000e+00 -1.264992804e-13 
d 4.200000000e-01 4.200000000e-01 2.723346928e-13 0.000000000e+00 0.000000000e+00 -2.724659165e-13 
d 4.400000000e-01 4.400000000e-01 5.880231094e-13 0.000000000e+00 0.000000000e+00 -5.879992785e-13 
d 4.600000000e-01 4.600000000e-01 1.270513159e-12 0.000000000e+00 0.000000000e+00 -1.270637786e-12 
d 4.800000000e-01 4.800000000e-01 2.748380246e-12 0.000000000e+00 0.000000000e+00 -2.748307981e-12 
d 5.000000000e-01 5.000000000e-01 5.947979457e-12 0.000000000e+00 0.000000000e+00 -5.948108012e-12 
d 5.200000000e-01 5.200000000e-01 1.287862692e-11 0.000000000e+00 0.000000000e+00 -1.287855614e-11 
d 5.400000000e-01 5.400000000e-01 2.789014057e-11 0.000000000e+00 0.000000000e+00 -2.789020730e-11 
d 5.600000000e-01 5.600000000e-01 6.040176601e-11 0.000000000e+00 0.000000000e+00 -6.040185227e-11 
d 5.800000000e-01 5.800000000e-01 1.307812340e-10 0.000000000e+00 0.000000000e+00 -1.307812727e-10 
d 6.000000000e-01 6.000000000e-01 2.829612155e-10 0.000000000e+00 0.000000000e+00 -2.829612362e-10 
d 6.200000000e-01 6.200000000e-01 6.111830608e-10 0.000000000e+00 0.000000000e+00 -6.111829556e-10 
d 6.400000000e-01 6.400000000e-01 1.315227216e-09 0.000000000e+00 0.000000000e+00 -1.315227360e-09 
d 6.600000000e-01 6.600000000e-01 2.808118430e-09 0.000000000e+00 0.000000000e+00 -2.808118494e-09 
d 6.800000000e-01 6.800000000e-01 5.900706568e-09 0.000000000e+00 0.000000000e+00 -5.900706542e-09 
d 7.000000000e-01 7.000000000e-01 1.203299576e-08 0.000000000e+00 0.000000000e+00 -1.203299578e-08 
d 7.200000000e-01 7.200000000e-01 2.336905762e-08 0.000000000e+00 0.000000000e+00 -2.336905772e-08 
d 7.400000000e-01 7.400000000e-01 4.266995890e-08 0.000000000e+00 0.000000000e+00 -4.266995883e-08 
d 7.600000000e-01 7.600000000e-01 7.405282454e-08 0.000000000e+00 0.000000000e+00 -7.405282455e-08 
