v ATLAS
# This file was created by ATLAS version 5.26.1.R on Thu Apr 19 12:50:55 2018.
#SSF 2.0 generic
##############################################################################
#                    Copyright (c) 1984 - 2018                               #
#                    Silvaco Inc. All rights reserved                        #
#                                                                            #
# This file format and the following Key are copyright Silvaco Inc.          #
# You may not use, this format or key without reproducing this message in    #
# full and obtaining express written permission from Silvaco Inc.            #
#                                                                            #
# To obtain such permission please contact: Silvaco Inc.                     #
#                                           support@silvaco.com              #
#                                                                            #
# KEY=SVC86hn7562asdx                       PROD=345                         #
##############################################################################
y 1 15
z 300
f 2 "anode" "cathode" 
o 1 inten
p 18 91 4000 4010 4020 85 86 87 308 354 355 356 2 601 20 3 602 21 3000 
d 1.198432533e-01 3.000000000e-01 1.762030521e-08 1.282395618e-08 1.282395618e-08 1.762030521e-08 3.113028169e-01 9.000000000e+01 2.284572104e-02 9.399398328e-01 3.721444612e-02 0.000000000e+00 0.000000000e+00 -1.265955109e-08 0.000000000e+00 0.000000000e+00 1.265955106e-08 9.929220864e-02 
d 1.198432533e-01 3.000000000e-01 1.762030521e-08 1.282395618e-08 1.282395618e-08 1.762030521e-08 3.113028169e-01 9.000000000e+01 2.284572104e-02 9.399398328e-01 3.721444612e-02 2.000000000e-02 2.000000000e-02 -1.265954633e-08 0.000000000e+00 0.000000000e+00 1.265954613e-08 9.929220864e-02 
d 1.198432533e-01 3.000000000e-01 1.762030521e-08 1.282395618e-08 1.282395618e-08 1.762030521e-08 3.113028169e-01 9.000000000e+01 2.284572104e-02 9.399398328e-01 3.721444612e-02 4.000000000e-02 4.000000000e-02 -1.265954127e-08 0.000000000e+00 0.000000000e+00 1.265954116e-08 9.929220864e-02 
d 1.198432533e-01 3.000000000e-01 1.762030521e-08 1.282395618e-08 1.282395618e-08 1.762030521e-08 3.113028169e-01 9.000000000e+01 2.284572104e-02 9.399398328e-01 3.721444612e-02 6.000000000e-02 6.000000000e-02 -1.265953648e-08 0.000000000e+00 0.000000000e+00 1.265953613e-08 9.929220864e-02 
d 1.198432533e-01 3.000000000e-01 1.762030521e-08 1.282395618e-08 1.282395618e-08 1.762030521e-08 3.113028169e-01 9.000000000e+01 2.284572104e-02 9.399398328e-01 3.721444612e-02 8.000000000e-02 8.000000000e-02 -1.265953139e-08 0.000000000e+00 0.000000000e+00 1.265953103e-08 9.929220864e-02 
d 1.198432533e-01 3.000000000e-01 1.762030521e-08 1.282395618e-08 1.282395618e-08 1.762030521e-08 3.113028169e-01 9.000000000e+01 2.284572104e-02 9.399398328e-01 3.721444612e-02 1.000000000e-01 1.000000000e-01 -1.265952601e-08 0.000000000e+00 0.000000000e+00 1.265952585e-08 9.929220864e-02 
d 1.198432533e-01 3.000000000e-01 1.762030521e-08 1.282395618e-08 1.282395618e-08 1.762030521e-08 3.113028169e-01 9.000000000e+01 2.284572104e-02 9.399398328e-01 3.721444612e-02 1.200000000e-01 1.200000000e-01 -1.265952072e-08 0.000000000e+00 0.000000000e+00 1.265952059e-08 9.929220864e-02 
d 1.198432533e-01 3.000000000e-01 1.762030521e-08 1.282395618e-08 1.282395618e-08 1.762030521e-08 3.113028169e-01 9.000000000e+01 2.284572104e-02 9.399398328e-01 3.721444612e-02 1.400000000e-01 1.400000000e-01 -1.265951551e-08 0.000000000e+00 0.000000000e+00 1.265951522e-08 9.929220864e-02 
d 1.198432533e-01 3.000000000e-01 1.762030521e-08 1.282395618e-08 1.282395618e-08 1.762030521e-08 3.113028169e-01 9.000000000e+01 2.284572104e-02 9.399398328e-01 3.721444612e-02 1.600000000e-01 1.600000000e-01 -1.265950993e-08 0.000000000e+00 0.000000000e+00 1.265950973e-08 9.929220864e-02 
d 1.198432533e-01 3.000000000e-01 1.762030521e-08 1.282395618e-08 1.282395618e-08 1.762030521e-08 3.113028169e-01 9.000000000e+01 2.284572104e-02 9.399398328e-01 3.721444612e-02 1.800000000e-01 1.800000000e-01 -1.265950411e-08 0.000000000e+00 0.000000000e+00 1.265950410e-08 9.929220864e-02 
d 1.198432533e-01 3.000000000e-01 1.762030521e-08 1.282395618e-08 1.282395618e-08 1.762030521e-08 3.113028169e-01 9.000000000e+01 2.284572104e-02 9.399398328e-01 3.721444612e-02 2.000000000e-01 2.000000000e-01 -1.265949818e-08 0.000000000e+00 0.000000000e+00 1.265949830e-08 9.929220864e-02 
d 1.198432533e-01 3.000000000e-01 1.762030521e-08 1.282395618e-08 1.282395618e-08 1.762030521e-08 3.113028169e-01 9.000000000e+01 2.284572104e-02 9.399398328e-01 3.721444612e-02 2.200000000e-01 2.200000000e-01 -1.265949196e-08 0.000000000e+00 0.000000000e+00 1.265949229e-08 9.929220864e-02 
d 1.198432533e-01 3.000000000e-01 1.762030521e-08 1.282395618e-08 1.282395618e-08 1.762030521e-08 3.113028169e-01 9.000000000e+01 2.284572104e-02 9.399398328e-01 3.721444612e-02 2.400000000e-01 2.400000000e-01 -1.265948629e-08 0.000000000e+00 0.000000000e+00 1.265948603e-08 9.929220864e-02 
d 1.198432533e-01 3.000000000e-01 1.762030521e-08 1.282395618e-08 1.282395618e-08 1.762030521e-08 3.113028169e-01 9.000000000e+01 2.284572104e-02 9.399398328e-01 3.721444612e-02 2.600000000e-01 2.600000000e-01 -1.265947965e-08 0.000000000e+00 0.000000000e+00 1.265947941e-08 9.929220864e-02 
d 1.198432533e-01 3.000000000e-01 1.762030521e-08 1.282395618e-08 1.282395618e-08 1.762030521e-08 3.113028169e-01 9.000000000e+01 2.284572104e-02 9.399398328e-01 3.721444612e-02 2.800000000e-01 2.800000000e-01 -1.265947206e-08 0.000000000e+00 0.000000000e+00 1.265947226e-08 9.929220864e-02 
d 1.198432533e-01 3.000000000e-01 1.762030521e-08 1.282395618e-08 1.282395618e-08 1.762030521e-08 3.113028169e-01 9.000000000e+01 2.284572104e-02 9.399398328e-01 3.721444612e-02 3.000000000e-01 3.000000000e-01 -1.265946369e-08 0.000000000e+00 0.000000000e+00 1.265946420e-08 9.929220864e-02 
d 1.198432533e-01 3.000000000e-01 1.762030521e-08 1.282395618e-08 1.282395618e-08 1.762030521e-08 3.113028169e-01 9.000000000e+01 2.284572104e-02 9.399398328e-01 3.721444612e-02 3.200000000e-01 3.200000000e-01 -1.265945459e-08 0.000000000e+00 0.000000000e+00 1.265945450e-08 9.929220864e-02 
d 1.198432533e-01 3.000000000e-01 1.762030521e-08 1.282395618e-08 1.282395618e-08 1.762030521e-08 3.113028169e-01 9.000000000e+01 2.284572104e-02 9.399398328e-01 3.721444612e-02 3.400000000e-01 3.400000000e-01 -1.265944180e-08 0.000000000e+00 0.000000000e+00 1.265944158e-08 9.929220864e-02 
d 1.198432533e-01 3.000000000e-01 1.762030521e-08 1.282395618e-08 1.282395618e-08 1.762030521e-08 3.113028169e-01 9.000000000e+01 2.284572104e-02 9.399398328e-01 3.721444612e-02 3.600000000e-01 3.600000000e-01 -1.265942213e-08 0.000000000e+00 0.000000000e+00 1.265942213e-08 9.929220864e-02 
d 1.198432533e-01 3.000000000e-01 1.762030521e-08 1.282395618e-08 1.282395618e-08 1.762030521e-08 3.113028169e-01 9.000000000e+01 2.284572104e-02 9.399398328e-01 3.721444612e-02 3.800000000e-01 3.800000000e-01 -1.265938893e-08 0.000000000e+00 0.000000000e+00 1.265938900e-08 9.929220864e-02 
d 1.198432533e-01 3.000000000e-01 1.762030521e-08 1.282395618e-08 1.282395618e-08 1.762030521e-08 3.113028169e-01 9.000000000e+01 2.284572104e-02 9.399398328e-01 3.721444612e-02 4.000000000e-01 4.000000000e-01 -1.265932686e-08 0.000000000e+00 0.000000000e+00 1.265932687e-08 9.929220864e-02 
d 1.198432533e-01 3.000000000e-01 1.762030521e-08 1.282395618e-08 1.282395618e-08 1.762030521e-08 3.113028169e-01 9.000000000e+01 2.284572104e-02 9.399398328e-01 3.721444612e-02 4.200000000e-01 4.200000000e-01 -1.265920269e-08 0.000000000e+00 0.000000000e+00 1.265920258e-08 9.929220864e-02 
d 1.198432533e-01 3.000000000e-01 1.762030521e-08 1.282395618e-08 1.282395618e-08 1.762030521e-08 3.113028169e-01 9.000000000e+01 2.284572104e-02 9.399398328e-01 3.721444612e-02 4.400000000e-01 4.400000000e-01 -1.265894459e-08 0.000000000e+00 0.000000000e+00 1.265894450e-08 9.929220864e-02 
d 1.198432533e-01 3.000000000e-01 1.762030521e-08 1.282395618e-08 1.282395618e-08 1.762030521e-08 3.113028169e-01 9.000000000e+01 2.284572104e-02 9.399398328e-01 3.721444612e-02 4.600000000e-01 4.600000000e-01 -1.265839758e-08 0.000000000e+00 0.000000000e+00 1.265839759e-08 9.929220864e-02 
d 1.198432533e-01 3.000000000e-01 1.762030521e-08 1.282395618e-08 1.282395618e-08 1.762030521e-08 3.113028169e-01 9.000000000e+01 2.284572104e-02 9.399398328e-01 3.721444612e-02 4.800000000e-01 4.800000000e-01 -1.265722629e-08 0.000000000e+00 0.000000000e+00 1.265722618e-08 9.929220864e-02 
d 1.198432533e-01 3.000000000e-01 1.762030521e-08 1.282395618e-08 1.282395618e-08 1.762030521e-08 3.113028169e-01 9.000000000e+01 2.284572104e-02 9.399398328e-01 3.721444612e-02 5.000000000e-01 5.000000000e-01 -1.265470330e-08 0.000000000e+00 0.000000000e+00 1.265470332e-08 9.929220864e-02 
d 1.198432533e-01 3.000000000e-01 1.762030521e-08 1.282395618e-08 1.282395618e-08 1.762030521e-08 3.113028169e-01 9.000000000e+01 2.284572104e-02 9.399398328e-01 3.721444612e-02 5.200000000e-01 5.200000000e-01 -1.264925450e-08 0.000000000e+00 0.000000000e+00 1.264925446e-08 9.929220864e-02 
d 1.198432533e-01 3.000000000e-01 1.762030521e-08 1.282395618e-08 1.282395618e-08 1.762030521e-08 3.113028169e-01 9.000000000e+01 2.284572104e-02 9.399398328e-01 3.721444612e-02 5.400000000e-01 5.400000000e-01 -1.263746970e-08 0.000000000e+00 0.000000000e+00 1.263746956e-08 9.929220864e-02 
d 1.198432533e-01 3.000000000e-01 1.762030521e-08 1.282395618e-08 1.282395618e-08 1.762030521e-08 3.113028169e-01 9.000000000e+01 2.284572104e-02 9.399398328e-01 3.721444612e-02 5.600000000e-01 5.600000000e-01 -1.261196681e-08 0.000000000e+00 0.000000000e+00 1.261196681e-08 9.929220864e-02 
d 1.198432533e-01 3.000000000e-01 1.762030521e-08 1.282395618e-08 1.282395618e-08 1.762030521e-08 3.113028169e-01 9.000000000e+01 2.284572104e-02 9.399398328e-01 3.721444612e-02 5.800000000e-01 5.800000000e-01 -1.255678442e-08 0.000000000e+00 0.000000000e+00 1.255678438e-08 9.929220864e-02 
d 1.198432533e-01 3.000000000e-01 1.762030521e-08 1.282395618e-08 1.282395618e-08 1.762030521e-08 3.113028169e-01 9.000000000e+01 2.284572104e-02 9.399398328e-01 3.721444612e-02 6.000000000e-01 6.000000000e-01 -1.243749458e-08 0.000000000e+00 0.000000000e+00 1.243749452e-08 9.929220864e-02 
d 1.198432533e-01 3.000000000e-01 1.762030521e-08 1.282395618e-08 1.282395618e-08 1.762030521e-08 3.113028169e-01 9.000000000e+01 2.284572104e-02 9.399398328e-01 3.721444612e-02 6.200000000e-01 6.200000000e-01 -1.218024558e-08 0.000000000e+00 0.000000000e+00 1.218024553e-08 9.929220864e-02 
d 1.198432533e-01 3.000000000e-01 1.762030521e-08 1.282395618e-08 1.282395618e-08 1.762030521e-08 3.113028169e-01 9.000000000e+01 2.284572104e-02 9.399398328e-01 3.721444612e-02 6.400000000e-01 6.400000000e-01 -1.162846892e-08 0.000000000e+00 0.000000000e+00 1.162846919e-08 9.929220864e-02 
d 1.198432533e-01 3.000000000e-01 1.762030521e-08 1.282395618e-08 1.282395618e-08 1.762030521e-08 3.113028169e-01 9.000000000e+01 2.284572104e-02 9.399398328e-01 3.721444612e-02 6.600000000e-01 6.600000000e-01 -1.045840918e-08 0.000000000e+00 0.000000000e+00 1.045840937e-08 9.929220864e-02 
d 1.198432533e-01 3.000000000e-01 1.762030521e-08 1.282395618e-08 1.282395618e-08 1.762030521e-08 3.113028169e-01 9.000000000e+01 2.284572104e-02 9.399398328e-01 3.721444612e-02 6.800000000e-01 6.800000000e-01 -8.034156005e-09 0.000000000e+00 0.000000000e+00 8.034155799e-09 9.929220864e-02 
d 1.198432533e-01 3.000000000e-01 1.762030521e-08 1.282395618e-08 1.282395618e-08 1.762030521e-08 3.113028169e-01 9.000000000e+01 2.284572104e-02 9.399398328e-01 3.721444612e-02 7.000000000e-01 7.000000000e-01 -3.225318693e-09 0.000000000e+00 0.000000000e+00 3.225319097e-09 9.929220864e-02 
d 1.198432533e-01 3.000000000e-01 1.762030521e-08 1.282395618e-08 1.282395618e-08 1.762030521e-08 3.113028169e-01 9.000000000e+01 2.284572104e-02 9.399398328e-01 3.721444612e-02 7.200000000e-01 7.200000000e-01 5.669459161e-09 0.000000000e+00 0.000000000e+00 -5.669459196e-09 9.929220864e-02 
d 1.198432533e-01 3.000000000e-01 1.762030521e-08 1.282395618e-08 1.282395618e-08 1.762030521e-08 3.113028169e-01 9.000000000e+01 2.284572104e-02 9.399398328e-01 3.721444612e-02 7.400000000e-01 7.400000000e-01 2.082521679e-08 0.000000000e+00 0.000000000e+00 -2.082521679e-08 9.929220864e-02 
d 1.198432533e-01 3.000000000e-01 1.762030521e-08 1.282395618e-08 1.282395618e-08 1.762030521e-08 3.113028169e-01 9.000000000e+01 2.284572104e-02 9.399398328e-01 3.721444612e-02 7.600000000e-01 7.600000000e-01 4.549049318e-08 0.000000000e+00 0.000000000e+00 -4.549049320e-08 9.929220864e-02 
