v ATLAS
# This file was created by ATLAS version 5.26.1.R on Tue Apr 17 05:50:50 2018.
#SSF 2.0 generic
##############################################################################
#                    Copyright (c) 1984 - 2018                               #
#                    Silvaco Inc. All rights reserved                        #
#                                                                            #
# This file format and the following Key are copyright Silvaco Inc.          #
# You may not use, this format or key without reproducing this message in    #
# full and obtaining express written permission from Silvaco Inc.            #
#                                                                            #
# To obtain such permission please contact: Silvaco Inc.                     #
#                                           support@silvaco.com              #
#                                                                            #
# KEY=SVC86hn7562asdx                       PROD=345                         #
##############################################################################
y 1 15
z 300
f 2 "anode" "cathode" 
o 1 QElecDen
o 2 QHoleDen
o 3 current above
o 4 current below
o 5 Rad
o 6 Total loss, mode 1 
o 7 Total loss, mode 2 
o 8 Total loss, mode 3 
o 9 Total Material Gain, mode 1 
o 10 Total Material Gain, mode 2 
o 11 Total Material Gain, mode 3 
o 12 Total dG/dn, mode 1 
o 13 Total dG/dp, mode 1 
o 14 Total dG/dn, mode 2 
o 15 Total dG/dp, mode 2 
o 16 Total dG/dn, mode 3 
o 17 Total dG/dp, mode 3 
o 18 Well Conf. factor (total), mode 1 
o 19 Well Conf. factor (total), mode 2 
o 20 Well Conf. factor (total), mode 3 
o 21 Gain Conf. factor (total), mode 1 
o 22 Gain Conf. factor (total), mode 2 
o 23 Gain Conf. factor (total), mode 3 
o 24 Eff. refractive index, mode 1 
o 25 Eff. refractive index, mode 2 
o 26 Eff. refractive index, mode 3 
o 27 Eff. absorption , mode 1 (1/cm)
o 28 Eff. absorption , mode 2 (1/cm)
o 29 Eff. absorption , mode 3 (1/cm)
p 50 2 601 20 3 602 21 3000 3001 3002 3003 3004 87 1037001 1037002 1037003 1038001 1038002 1038003 1039001 1039002 1039003 3005 3006 3007 3008 3009 3010 3011 3012 3013 3014 3015 3016 3017 3018 3019 3020 3021 3022 3023 3024 3025 3026 3027 3028 1042000 1043000 1044000 2212 342 
d 2.000000000e-01 2.000000000e-01 8.187788506e-10 0.000000000e+00 0.000000000e+00 -8.187615083e-10 1.110777558e+05 5.449526531e+02 2.281707444e-14 1.402493248e-14 0.000000000e+00  0 0 0 0 0 0 0 0 0 0 0 0 0 0 0 0 0 0 0 0 0 0 0.0 0.0 0.0 0.0 0.0 0.0 0.0 0.0 0.0 0.0 0.0 0.0 100 100 0 0 0
d 4.000000000e-01 4.000000000e-01 5.671162496e-08 0.000000000e+00 0.000000000e+00 -5.671165157e-08 1.738927917e+05 1.117400311e+04 1.580273626e-12 9.712407922e-13 2.813408474e+09  0 0 0 0 0 0 0 0 0 0 0 0 0 0 0 0 0 0 0 0 0 0 0.0 0.0 0.0 0.0 0.0 0.0 0.0 0.0 0.0 0.0 0.0 0.0 100 100 0 0 0
d 6.000000000e-01 6.000000000e-01 3.800986079e-06 0.000000000e+00 0.000000000e+00 -3.800986046e-06 3.969845052e+05 1.999520631e+05 1.058806657e-10 6.509096547e-11 6.880037952e+12  0 0 0 0 0 0 0 0 0 0 0 0 0 0 0 0 0 0 0 0 0 0 0.0 0.0 0.0 0.0 0.0 0.0 0.0 0.0 0.0 0.0 0.0 0.0 100 100 0 0 0
d 6.500000000e-01 6.500000000e-01 1.420883158e-05 0.000000000e+00 0.000000000e+00 -1.420883160e-05 5.567328856e+05 3.628419752e+05 3.957300081e-10 2.433203990e-10 5.650486673e+13  0 0 0 0 0 0 0 0 0 0 0 0 0 0 0 0 0 0 0 0 0 0 0.0 0.0 0.0 0.0 0.0 0.0 0.0 0.0 0.0 0.0 0.0 0.0 100 100 0 0 0
d 6.750000000e-01 6.750000000e-01 2.483430840e-05 0.000000000e+00 0.000000000e+00 -2.483430847e-05 6.504296382e+05 4.605915104e+05 6.918486434e-10 4.253580516e-10 1.127212500e+14  1.5898733 0.0134069517 0.00200575868 0.0032165049 4.18918264e-12 6.39734338e-13 1.10795445e-12 -1129.46176 -29.9039402 -1958.83421 48.6631243 49.1673222 110.32398 -1058.87716 -27.0357852 -2038.38977 0 0 0 0 0 0 1.10428991 1.12416203 1.13569095 0 0 0 3.5954517642991 3.5380966693741 3.6749880413014 1189.9266369412 41.228440402398 1201.751915641 100 100 0 0.0186292153 5.93687144e-12
d 7.000000000e-01 7.000000000e-01 3.671299593e-05 0.000000000e+00 0.000000000e+00 -3.671299592e-05 7.617000582e+05 5.769795385e+05 1.022750952e-09 6.288151376e-10 1.737682745e+14  1.58982396 0.0231788803 0.00297931474 0.0054820636 7.25912486e-12 9.50296639e-13 1.89254808e-12 -989.261251 -28.2085797 -1897.693 49.3927963 49.6492038 111.226164 -987.8805 -28.3036918 -1894.1531 0 0 0 0 0 0 1.10379461 1.1242173 1.1344399 0 0 0 3.5829034817101 3.5382623635277 3.6570615595787 1008.9746847898 41.735717727388 1012.8377191589 100 100 0 0.0316402587 1.01019696e-11
d 7.500000000e-01 7.500000000e-01 6.999548819e-05 0.000000000e+00 0.000000000e+00 -6.999548818e-05 1.000533417e+06 8.285389660e+05 1.949865895e-09 1.198801407e-09 3.482320920e+14  1.58991147 0.0572741978 0.00737342035 0.0120845013 1.79803681e-11 2.3516218e-12 4.18147605e-12 -788.709949 -28.008676 -1709.71643 50.7831701 50.6855252 112.657801 -792.978209 -27.5349415 -1720.60286 0 0 0 0 0 0 1.10321566 1.12426059 1.1328172 0 0 0 3.569161659107 3.5387525073339 3.6363911640115 815.03299285901 43.354058231212 814.1228718203 100 100 0 0.0767321195 2.4513466e-11
d 8.000000000e-01 8.000000000e-01 1.134899930e-04 0.000000000e+00 0.000000000e+00 -1.134899930e-04 1.255064217e+06 1.097452675e+06 3.161418967e-09 1.943460780e-09 5.738676220e+14  1.58995417 0.121284715 0.0154499645 0.0216435908 3.81757108e-11 4.92716799e-12 7.50822833e-12 -582.160202 -27.2090715 -1532.30725 52.1881751 51.8033549 113.558257 -585.110546 -26.6513196 -1534.41212 0 0 0 0 0 0 1.10265896 1.12430872 1.13076875 0 0 0 3.5545518102098 3.5392660436132 3.6121009986302 608.14962833216 44.248256054839 599.15060434607 100 100 0 0.15837827 5.06111071e-11
d 8.500000000e-01 8.500000000e-01 1.661985192e-04 0.000000000e+00 0.000000000e+00 -1.661985192e-04 1.515066420e+06 1.372221839e+06 4.629646416e-09 2.845488218e-09 8.418559574e+14  1.58997878 0.24277778 0.0306291848 0.0358781923 7.6606404e-11 9.76749213e-12 1.24756108e-11 -391.142059 -26.4236484 -1357.43197 53.532353 52.9630287 113.882675 -392.831718 -25.8616187 -1362.5359 0 0 0 0 0 0 1.10214026 1.12434703 1.12842708 0 0 0 3.5408706427713 3.5398714050216 3.5874515677639 416.83933527778 45.105539327989 405.72272242617 100 100 0 0.309285157 9.88495069e-11
d 9.000000000e-01 9.000000000e-01 2.275393976e-04 0.000000000e+00 0.000000000e+00 -2.275393976e-04 1.775884847e+06 1.647364854e+06 6.338350486e-09 3.894678938e-09 1.146372186e+15  1.58997557 0.49202571 0.0620150749 0.0527737313 1.55587348e-10 1.97756664e-11 1.8387579e-11 -227.060614 -25.1746273 -1201.53143 54.7789886 54.1503914 113.540246 -228.694168 -24.2683205 -1207.07168 0 0 0 0 0 0 1.10173537 1.1243406 1.12593571 0 0 0 3.529029981232 3.5405037543028 3.5638895743521 253.66131842876 45.10142904675 244.31876068782 100 100 0 0.606814517 1.93750593e-10
d 9.500000000e-01 9.500000000e-01 2.963571957e-04 0.000000000e+00 0.000000000e+00 -2.963571958e-04 2.039881686e+06 1.924947586e+06 8.255271882e-09 5.070865484e-09 1.477898421e+15  1.58989761 1.28456392 0.123730869 0.0784134451 4.07040178e-10 3.94569263e-11 2.73736674e-11 -75.3316352 -20.0949796 -1038.02796 55.9115325 55.4060792 112.178888 -75.266845 -20.1482827 -1037.73726 0 0 0 0 0 0 1.10148815 1.12420081 1.12304159 0 0 0 3.5177182426247 3.5410983283941 3.5389506455149 101.16106305368 42.556060506766 96.666503182945 100 100 0 1.48670824 4.73870771e-10
d 9.750000000e-01 9.750000000e-01 3.342769820e-04 0.000000000e+00 0.000000000e+00 -3.342769820e-04 2.169201582e+06 2.060519807e+06 9.311565191e-09 5.718603453e-09 1.659490083e+15  1.59850968 2.89344743 0.193880146 0.0932643799 9.17715878e-10 6.18287482e-11 3.25871164e-11 -6.09189288 -16.6445616 -957.76367 56.4029167 56.0624247 110.951101 -6.06600982 -16.6421804 -957.792438 0 0 0 0 0 0 1.10151716 1.12399577 1.12146056 0 0 0 3.5125542105014 3.5412794014342 3.5261613527415 32.406092546999 38.878381187081 29.575009850462 100 100 0 3.18059196 1.01213174e-09
d 1.000000000e+00 1.000000000e+00 3.727038096e-04 0.000000000e+00 0.000000000e+00 -3.727038097e-04 2.306723808e+06 2.204355166e+06 1.038201736e-08 6.374569789e-09 1.835225434e+15  1.5971605 43.2894978 0.313705442 0.105713456 1.37415738e-08 1.0004603e-10 3.6966397e-11 52.5097707 -10.6338696 -891.735471 56.8860519 56.7839874 109.427444 52.5546218 -10.6280215 -891.714462 0 0 0 0 0 0 1.10173055 1.12363176 1.11992965 0.20536999 0.0229156615 0.203508743 3.508180167955 3.5412183531351 3.5141661171174 -25.723109649826 32.477373282921 -28.88720948492 100 100 0 43.7089167 1.38785862e-08
d 1.025000000e+00 1.025000000e+00 4.368239350e-04 0.000000000e+00 0.000000000e+00 -4.368239350e-04 2.311401114e+06 2.209389396e+06 1.216477390e-08 7.469827352e-09 1.892029404e+15  1.59705943 144664.919 0.328837982 0.10686936 4.59244781e-05 1.04872753e-10 3.7372764e-11 56.7730753 -10.0475174 -892.217152 56.7743961 56.6994343 109.199257 56.6608374 -10.0576319 -892.337473 0 0 0 0 0 0 1.10175482 1.12359277 1.11981253 0.204608515 0.0235056178 0.203108996 3.507861270788 3.5411860429591 3.5132746809038 -29.93925693051 31.678765094413 -33.054260274724 100 100 0 144665.354 4.59246204e-05
d 1.037500000e+00 1.037500000e+00 4.692592627e-04 0.000000000e+00 0.000000000e+00 -4.692592627e-04 2.314076819e+06 2.212255020e+06 1.306638714e-08 8.023961108e-09 1.907418776e+15  1.59705749 224336.041 0.329668757 0.106864084 7.12164918e-05 1.0513773e-10 3.73713532e-11 56.7177612 -10.1255938 -893.085116 56.7186157 56.6459609 109.11124 56.7181296 -10.1217234 -893.105182 0 0 0 0 0 0 1.10176382 1.12359311 1.11979683 0.204590887 0.0235183887 0.203023801 3.5078696336041 3.5411876721098 3.5131019285191 -30.048827296959 31.652216619765 -33.93240566362 100 100 0 224336.477 7.12166343e-05
d 1.050000000e+00 1.050000000e+00 5.026803781e-04 0.000000000e+00 0.000000000e+00 -5.026803781e-04 2.312809376e+06 2.211007300e+06 1.399533166e-08 8.595080694e-09 1.926658715e+15  1.59705759 305673.007 0.330796038 0.106787867 9.70372738e-05 1.0549738e-10 3.73446795e-11 56.6469063 -10.1087476 -895.397115 56.6475344 56.5764501 109.067887 56.6461997 -10.107802 -895.380865 0 0 0 0 0 0 1.10176259 1.12359319 1.11979737 0.204606746 0.0235030827 0.203029589 3.507869563366 3.5411797931139 3.5131084358705 -30.048485162963 31.566322100626 -33.894124978976 100 100 0 305673.445 9.70374166e-05
d 1.100000000e+00 1.100000000e+00 6.366238644e-04 0.000000000e+00 0.000000000e+00 -6.366238645e-04 2.319803095e+06 2.218572923e+06 1.771808089e-08 1.088493243e-08 2.017891660e+15  1.59706102 624836.523 0.341773098 0.10993136 0.000198356758 1.08998348e-10 3.84446114e-11 56.425587 -9.05949814 -890.146911 56.4258987 56.359745 108.847734 56.3395722 -9.04921185 -890.207881 0 0 0 0 0 0 1.10177561 1.12359649 1.1197781 0.20464547 0.0234680752 0.202910862 3.5079059248417 3.54117609135 3.5128694236548 -29.95799197307 31.480500010979 -35.130442984493 100 100 0 624836.975 0.000198356906
