v ATLAS
# This file was created by ATLAS version 5.26.1.R on Mon Apr 16 16:14:42 2018.
#SSF 2.0 generic
##############################################################################
#                    Copyright (c) 1984 - 2018                               #
#                    Silvaco Inc. All rights reserved                        #
#                                                                            #
# This file format and the following Key are copyright Silvaco Inc.          #
# You may not use, this format or key without reproducing this message in    #
# full and obtaining express written permission from Silvaco Inc.            #
#                                                                            #
# To obtain such permission please contact: Silvaco Inc.                     #
#                                           support@silvaco.com              #
#                                                                            #
# KEY=SVC86hn7562asdx                       PROD=345                         #
##############################################################################
y 1 15
z 300
f 3 "emitter" "base" "collector" 
p 9 2 601 20 3 602 21 4 603 22 
d 0.000000000e+00 0.000000000e+00 2.482741921e-10 -6.634724247e-01 -6.634724247e-01 -1.000000000e-06 0.000000000e+00 0.000000000e+00 9.997517258e-07 
d 0.000000000e+00 0.000000000e+00 1.433208636e-07 -7.256196235e-01 -7.256196235e-01 -1.000000000e-06 -6.250000000e-02 -6.250000000e-02 8.566791364e-07 
d 0.000000000e+00 0.000000000e+00 1.229555914e-06 -7.854725666e-01 -7.854725666e-01 -1.000000000e-06 -1.250000000e-01 -1.250000000e-01 -2.295559144e-07 
d 0.000000000e+00 0.000000000e+00 1.024430539e-05 -8.897903321e-01 -8.897903321e-01 -1.000000000e-06 -2.500000000e-01 -2.500000000e-01 -9.244305387e-06 
d 0.000000000e+00 0.000000000e+00 3.547471268e-05 -1.058476654e+00 -1.058476654e+00 -1.000000000e-06 -5.000000000e-01 -5.000000000e-01 -3.447471258e-05 
d 0.000000000e+00 0.000000000e+00 3.971110963e-05 -1.083116642e+00 -1.083116642e+00 -1.000000000e-06 -7.500000000e-01 -7.500000000e-01 -3.871110963e-05 
d 0.000000000e+00 0.000000000e+00 4.035738149e-05 -1.086522789e+00 -1.086522789e+00 -1.000000000e-06 -1.000000000e+00 -1.000000000e+00 -3.935738149e-05 
d 0.000000000e+00 0.000000000e+00 4.074094731e-05 -1.088541517e+00 -1.088541517e+00 -1.000000000e-06 -1.250000000e+00 -1.250000000e+00 -3.974094731e-05 
d 0.000000000e+00 0.000000000e+00 4.102642418e-05 -1.090043513e+00 -1.090043513e+00 -1.000000000e-06 -1.500000000e+00 -1.500000000e+00 -4.002642418e-05 
d 0.000000000e+00 0.000000000e+00 4.126033345e-05 -1.091273423e+00 -1.091273423e+00 -1.000000000e-06 -1.750000000e+00 -1.750000000e+00 -4.026033345e-05 
d 0.000000000e+00 0.000000000e+00 4.146273657e-05 -1.092337015e+00 -1.092337015e+00 -1.000000000e-06 -2.000000000e+00 -2.000000000e+00 -4.046273657e-05 
d 0.000000000e+00 0.000000000e+00 4.164385050e-05 -1.093288304e+00 -1.093288304e+00 -1.000000000e-06 -2.250000000e+00 -2.250000000e+00 -4.064385050e-05 
d 0.000000000e+00 0.000000000e+00 4.180903673e-05 -1.094155594e+00 -1.094155594e+00 -1.000000000e-06 -2.500000000e+00 -2.500000000e+00 -4.080903673e-05 
d 0.000000000e+00 0.000000000e+00 4.196145348e-05 -1.094955530e+00 -1.094955530e+00 -1.000000000e-06 -2.750000000e+00 -2.750000000e+00 -4.096145182e-05 
d 0.000000000e+00 0.000000000e+00 4.210318842e-05 -1.095699098e+00 -1.095699098e+00 -1.000000000e-06 -3.000000000e+00 -3.000000000e+00 -4.110318842e-05 
d 0.000000000e+00 0.000000000e+00 4.223581749e-05 -1.096394588e+00 -1.096394588e+00 -1.000000000e-06 -3.250000000e+00 -3.250000000e+00 -4.123581749e-05 
d 0.000000000e+00 0.000000000e+00 4.236075862e-05 -1.097049481e+00 -1.097049481e+00 -1.000000000e-06 -3.500000000e+00 -3.500000000e+00 -4.136075870e-05 
d 0.000000000e+00 0.000000000e+00 4.247928210e-05 -1.097670494e+00 -1.097670494e+00 -1.000000000e-06 -3.750000000e+00 -3.750000000e+00 -4.147928232e-05 
d 0.000000000e+00 0.000000000e+00 4.259235202e-05 -1.098262724e+00 -1.098262724e+00 -1.000000000e-06 -4.000000000e+00 -4.000000000e+00 -4.159235218e-05 
d 0.000000000e+00 0.000000000e+00 4.270065447e-05 -1.098829789e+00 -1.098829789e+00 -1.000000000e-06 -4.250000000e+00 -4.250000000e+00 -4.170065515e-05 
d 0.000000000e+00 0.000000000e+00 4.280471266e-05 -1.099374444e+00 -1.099374444e+00 -1.000000000e-06 -4.500000000e+00 -4.500000000e+00 -4.180471402e-05 
d 0.000000000e+00 0.000000000e+00 4.290499159e-05 -1.099899137e+00 -1.099899137e+00 -1.000000000e-06 -4.750000000e+00 -4.750000000e+00 -4.190499214e-05 
d 0.000000000e+00 0.000000000e+00 4.300197608e-05 -1.100406423e+00 -1.100406423e+00 -1.000000000e-06 -5.000000000e+00 -5.000000000e+00 -4.200197609e-05 
