v ATLAS
# This file was created by ATLAS version 5.26.1.R on Mon Apr 16 16:14:52 2018.
#SSF 2.0 generic
##############################################################################
#                    Copyright (c) 1984 - 2018                               #
#                    Silvaco Inc. All rights reserved                        #
#                                                                            #
# This file format and the following Key are copyright Silvaco Inc.          #
# You may not use, this format or key without reproducing this message in    #
# full and obtaining express written permission from Silvaco Inc.            #
#                                                                            #
# To obtain such permission please contact: Silvaco Inc.                     #
#                                           support@silvaco.com              #
#                                                                            #
# KEY=SVC86hn7562asdx                       PROD=345                         #
##############################################################################
y 1 15
z 300
f 3 "emitter" "base" "collector" 
p 9 2 601 20 3 602 21 4 603 22 
d 0.000000000e+00 0.000000000e+00 8.067158600e-10 -6.958045244e-01 -6.958045244e-01 -3.000000000e-06 0.000000000e+00 0.000000000e+00 2.999193284e-06 
d 0.000000000e+00 0.000000000e+00 2.726949206e-06 -8.151204883e-01 -8.151204883e-01 -3.000000000e-06 -1.250000000e-01 -1.250000000e-01 2.730507939e-07 
d 0.000000000e+00 0.000000000e+00 1.410204420e-05 -9.198439393e-01 -9.198439393e-01 -3.000000000e-06 -2.500000000e-01 -2.500000000e-01 -1.110204420e-05 
d 0.000000000e+00 0.000000000e+00 4.639519352e-05 -1.125067867e+00 -1.125067867e+00 -3.000000000e-06 -5.000000000e-01 -5.000000000e-01 -4.339519352e-05 
d 0.000000000e+00 0.000000000e+00 7.104915797e-05 -1.265444081e+00 -1.265444081e+00 -3.000000000e-06 -7.500000000e-01 -7.500000000e-01 -6.804915797e-05 
d 0.000000000e+00 0.000000000e+00 7.502017924e-05 -1.286538544e+00 -1.286538544e+00 -3.000000000e-06 -1.000000000e+00 -1.000000000e+00 -7.202017924e-05 
d 0.000000000e+00 0.000000000e+00 7.667324162e-05 -1.295178220e+00 -1.295178220e+00 -3.000000000e-06 -1.250000000e+00 -1.250000000e+00 -7.367324162e-05 
d 0.000000000e+00 0.000000000e+00 7.771418602e-05 -1.300605073e+00 -1.300605073e+00 -3.000000000e-06 -1.500000000e+00 -1.500000000e+00 -7.471418602e-05 
d 0.000000000e+00 0.000000000e+00 7.848158444e-05 -1.304601844e+00 -1.304601844e+00 -3.000000000e-06 -1.750000000e+00 -1.750000000e+00 -7.548158444e-05 
d 0.000000000e+00 0.000000000e+00 7.906179778e-05 -1.307623263e+00 -1.307623263e+00 -3.000000000e-06 -2.000000000e+00 -2.000000000e+00 -7.606179778e-05 
d 0.000000000e+00 0.000000000e+00 7.953873222e-05 -1.310106576e+00 -1.310106576e+00 -3.000000000e-06 -2.250000000e+00 -2.250000000e+00 -7.653873222e-05 
d 0.000000000e+00 0.000000000e+00 7.994966351e-05 -1.312246058e+00 -1.312246058e+00 -3.000000000e-06 -2.500000000e+00 -2.500000000e+00 -7.694966351e-05 
d 0.000000000e+00 0.000000000e+00 8.031438767e-05 -1.314144835e+00 -1.314144835e+00 -3.000000000e-06 -2.750000000e+00 -2.750000000e+00 -7.731438767e-05 
d 0.000000000e+00 0.000000000e+00 8.064531114e-05 -1.315867503e+00 -1.315867503e+00 -3.000000000e-06 -3.000000000e+00 -3.000000000e+00 -7.764531114e-05 
d 0.000000000e+00 0.000000000e+00 8.094992900e-05 -1.317453105e+00 -1.317453105e+00 -3.000000000e-06 -3.250000000e+00 -3.250000000e+00 -7.794992900e-05 
d 0.000000000e+00 0.000000000e+00 8.123323748e-05 -1.318927678e+00 -1.318927678e+00 -3.000000000e-06 -3.500000000e+00 -3.500000000e+00 -7.823323766e-05 
d 0.000000000e+00 0.000000000e+00 8.149881712e-05 -1.320309885e+00 -1.320309885e+00 -3.000000000e-06 -3.750000000e+00 -3.750000000e+00 -7.849881724e-05 
d 0.000000000e+00 0.000000000e+00 8.174935620e-05 -1.321613741e+00 -1.321613741e+00 -3.000000000e-06 -4.000000000e+00 -4.000000000e+00 -7.874935624e-05 
d 0.000000000e+00 0.000000000e+00 8.198699587e-05 -1.322850407e+00 -1.322850407e+00 -3.000000000e-06 -4.250000000e+00 -4.250000000e+00 -7.898699588e-05 
d 0.000000000e+00 0.000000000e+00 8.221351971e-05 -1.324029180e+00 -1.324029180e+00 -3.000000000e-06 -4.500000000e+00 -4.500000000e+00 -7.921351971e-05 
d 0.000000000e+00 0.000000000e+00 8.243041738e-05 -1.325157820e+00 -1.325157820e+00 -3.000000000e-06 -4.750000000e+00 -4.750000000e+00 -7.943041738e-05 
d 0.000000000e+00 0.000000000e+00 8.263891537e-05 -1.326242719e+00 -1.326242719e+00 -3.000000000e-06 -5.000000000e+00 -5.000000000e+00 -7.963891537e-05 
