v atlas
# silvaco.file ASCII version=1.14.23 format=1 contents=SDB,Tables=1

Copyright "###################################################################"
Copyright "#                    Copyright Silvaco Inc. (c)                   #"
Copyright "#                            1992-2014                            #"
Copyright "#                                                                 #"
Copyright "# This file format and the following Key are copyright Silvaco    #"
Copyright "# International. You may not use, this format or key without      #"
Copyright "# reproducing this message in full and obtaining                  #"
Copyright "# express written permission from Silvaco Inc.                    #"
Copyright "#                                                                 #"
Copyright "# To obtain such permission please contact: Silvaco Inc.          #"
Copyright "#                                           support@silvaco.com   #"
Copyright "#                                                                 #"
Copyright "# KEY=SVC86hn7562asdx                       PROD=345              #"
Copyright "###################################################################"
#atlasMe 5.26.1.R (Wed Apr 11 16:49:17 PDT 2018)
#libSDB 1.12.41 (Mon Oct 16 16:19:38 PDT 2017)
f 5 source gate drain input output
p 33 2 20 3 21 4 22 5 23 6 24 40 811 911 812 912 821 921 822 922 66 67 68 203 2215 2216 2217 2218 2219 2220 2221 2222 2223 2224
d 0 -0.013571689491628439 0.75 2.6767283352648891e-08 1.5 -0.013571281870329565 0.75 -2.6767283352648891e-08 1.5 0.013571281870329565 1e+6 0.99993613322502994 -0.00019663300797039842 4.3144984131170645e-05 7.735105266445484e-05 0.37971199801025296 1.2361062863018714e-05 0.41223101107375593 -8.3149293479862428e-05 67.371140941423491 33.826171755118878 31.336366018074372 1.375172535495762 36.321668422927111 32.668374030878148 0.0074859811652177892 154995.29747316259 397900.79939940968 2.8604604809521737e-09 2.9757969612617957e-18 8.6726428392820985e-18 4.8820181103470294e-18 -9.6380251002398037e-19
d 0 -0.013571689491628439 0.75 2.6767283352648891e-08 1.5 -0.013571281870329565 0.75 -2.6767283352648891e-08 1.5 0.013571281870329565 1258925.4120000002 0.99993612011998012 -0.00024754628857632946 4.3152653495924139e-05 9.7379204522883957e-05 0.37971200046198322 1.5561655684665873e-05 0.41223100741131674 -0.00010467875810971373 65.546849690171342 33.826153740590129 31.336243853698281 1.1436123428019793 35.520547340640249 33.220009619338683 0.0075017997913894409 103141.75120725614 331976.90566676029 4.3162131234448278e-09 2.663299641192088e-18 8.4335981319981791e-18 4.5960676329106898e-18 -7.8195156372372232e-19
d 0 -0.013571689491628439 0.75 2.6767283352648891e-08 1.5 -0.013571281870329565 0.75 -2.6767283352648891e-08 1.5 0.013571281870329565 1584893.1929793702 0.99993609934987593 -0.00031164230935326983 4.3164808619595865e-05 0.00012259315253777283 0.37971200434774938 1.9590962850619514e-05 0.41223100160679499 -0.00013178274779916034 63.661487552505022 33.826125189602415 31.336050243235203 0.93731972725978441 34.656101695901647 34.656101695901647 0.0075267386442017647 67647.351892830367 272350.44275668182 6.6234254348849865e-09 2.4591521238299645e-18 8.2774353418894739e-18 4.4092624988502267e-18 -6.2962023389703101e-19
d 0 -0.013571689491628439 0.75 2.6767283352648891e-08 1.5 -0.013571281870329565 0.75 -2.6767283352648891e-08 1.5 0.013571281870329565 1995262.3159475494 0.99993606643148103 -0.00039233441475457366 4.318407319152707e-05 0.00015433562980659115 0.37971201050608944 2.4663559095498479e-05 0.41223099240702349 -0.00016590464830816161 61.735407940972422 33.82607993980325 31.335743409087101 0.76029544023019136 33.74620038743727 33.74620038743727 0.007565939306183502 44024.527257618982 220908.76232311531 1.0280110164587651e-08 2.3274435777289078e-18 8.1766844374245944e-18 4.2887425057832358e-18 -5.0447329891496696e-19
d 0 -0.013571689491628439 0.75 2.6767283352648891e-08 1.5 -0.013571281870329565 0.75 -2.6767283352648891e-08 1.5 0.013571281870329565 2511886.4331523431 0.99993601425934342 -0.00049391974888504382 4.3214605478418633e-05 0.00019429703584469384 0.37971202026657408 3.1049577539171964e-05 0.41223097782656359 -0.00020886157421367576 59.782704594080315 33.826008224594666 31.335257154169966 0.61235055420328077 32.80503467662043 32.80503467662043 0.0076272781513497543 28593.047084941609 177846.14306301816 1.6075564003661106e-08 2.2431538677378383e-18 8.1122061647471667e-18 4.2116129570423597e-18 -4.0292171628499406e-19
d 0 -0.013571689491628439 0.75 2.6767283352648891e-08 1.5 -0.013571281870329565 0.75 -2.6767283352648891e-08 1.5 0.013571281870329565 3162277.6627535247 0.99993593157208593 -0.00062180809173190512 4.3262995886918254e-05 0.00024460545495915309 0.37971203573574258 3.9089094700755421e-05 0.41223095471793048 -0.00026294113636372005 57.812814374596392 33.82589456616418 31.334486603817165 0.49091785281384021 31.842994116861242 31.842994116861242 0.0077226047739059047 18631.311338161526 142483.50368209489 2.5260737088022035e-08 2.1894893607453248e-18 8.0711540471678979e-18 4.1625067835234455e-18 -3.2115923374414755e-19
d 0 -0.013571689491628439 0.75 2.6767283352648891e-08 1.5 -0.013571281870329565 0.75 -2.6767283352648891e-08 1.5 0.013571281870329565 3981071.7094403789 0.99993580052163233 -0.00078280994496207645 4.3339689503046705e-05 0.00030793998137713827 0.37971206025281745 4.9210239695980009e-05 0.41223091809331663 -0.00033102326445326848 55.83192095454379 33.825714435697535 31.333265644231606 0.39244204802870808 30.86729120050861 30.86729120050861 0.0078692845977683147 12244.47060540538 113796.35074890607 3.9818249720401352e-08 2.1554352290702508e-18 8.0451019779940512e-18 4.1313447659864556e-18 -2.5565426910819417e-19
d 0 -0.013571689491628439 0.75 2.6767283352648891e-08 1.5 -0.013571281870329565 0.75 -2.6767283352648891e-08 1.5 0.013571281870329565 5011872.3420087742 0.99993559282070787 -0.00098549920656524573 4.3461240660723977e-05 0.00038767338455488501 0.3797120991096033 6.1951991445048838e-05 0.4122308600470494 -0.00041673357169918021 53.844020769601158 33.825428963498354 31.331331257815126 0.31322491800506008 29.882763186117636 29.882763186117636 0.0080918592585283635 8160.5197702544383 90703.993193849528 6.289033816747653e-08 2.1338701407606258e-18 8.0286019844195514e-18 4.1116103601197367e-18 -2.0333711282624161e-19
d 0 -0.013571689491628439 0.75 2.6767283352648891e-08 1.5 -0.013571281870329565 0.75 -2.6767283352648891e-08 1.5 0.013571281870329565 6309573.4530548016 0.99993526363704421 -0.0012406697434196813 4.3653886181638044e-05 0.0004880517090241857 0.37971216069368097 7.7992876817761282e-05 0.41223076805026365 -0.00052463642780949896 51.851674180295795 33.824976558961126 31.328267228850144 0.24985187596929578 28.892583154495689 28.892583154495689 0.0084234295226617538 5544.6219286285541 72206.167135999989 9.9457098349124865e-08 2.1202312657225308e-18 8.0181629137334722e-18 4.099128073654943e-18 -1.6163357353662119e-19
d 0 -0.013571689491628439 0.75 2.6767283352648891e-08 1.5 -0.013571281870329565 0.75 -2.6767283352648891e-08 1.5 0.013571281870329565 7943282.3589312797 0.99993474191639287 -0.0015619101666188501 4.3959208551624318e-05 0.00061442036695282204 0.37971225829772531 9.8187095790208922e-05 0.41223062224514606 -0.00066047802002158784 49.856512582814467 33.82425964259297 31.323415501766561 0.19936064062960629 27.89880329878903 27.89880329878903 0.0089063012340929847 3857.0060437424959 57434.577904182021 1.5741141786085556e-07 2.1116114589354012e-18 8.0115596473520622e-18 4.0912372844982434e-18 -1.2842963773608734e-19
d 0 -0.013571689491628439 0.75 2.6767283352648891e-08 1.5 -0.013571281870329565 0.75 -2.6767283352648891e-08 1.5 0.013571281870329565 10000000.016349895 0.99993391504562867 -0.0019663273998499877 4.4443111383149111e-05 0.00077350875136491777 0.37971241298955144 0.00012360999300244999 0.41223039115979981 -0.00083149234198137668 47.859572114601299 33.823123649109213 31.315737137519697 0.15927225509669476 26.902739093615015 26.902739093615015 0.0095918026293069711 2752.9053711878378 45661.680636438672 2.492625988184279e-07 2.1061648330035148e-18 8.007378113412384e-18 4.0862482151249299e-18 -1.0201083651962667e-19
d 0 -0.013571689491628439 0.75 2.6767283352648891e-08 1.5 -0.013571281870329565 0.75 -2.6767283352648891e-08 1.5 0.013571281870329565 12589254.140583301 0.99993260454565436 -0.0024754575363893339 4.521004439492782e-05 0.00097378850215233486 0.37971265815891614 0.0001556152884552306 0.41223002491436522 -0.001046786397270907 45.861509890454563 33.821323829304376 31.303595539209986 0.1275580584166858 25.905229200371302 25.905229200371302 0.010539962649050874 2014.9186610521215 36290.324645198081 3.9483634375649272e-07 2.1027215957962484e-18 8.0047202120896005e-18 4.0830893390284048e-18 -8.0997283488014851e-20
d 0 -0.013571689491628439 0.75 2.6767283352648891e-08 1.5 -0.013571281870329565 0.75 -2.6767283352648891e-08 1.5 0.013571281870329565 15848931.95570654 0.99993052754786393 -0.0031164124171637001 4.6425548059563902e-05 0.0012259244548490664 0.37971304672508799 0.00019590709754937344 0.41222944445554349 -0.0013178251146903372 43.862742869781577 33.818472834133807 31.284421788143032 0.10258269412085426 24.906806758870168 24.906806758870168 0.011820286716435828 1507.8968800040921 28836.443447913585 6.2555375814009985e-07 2.1005408606646937e-18 8.0030140226611702e-18 4.0810809505464198e-18 -6.4283489176854676e-20
d 0 -0.013571689491628439 0.75 2.6767283352648891e-08 1.5 -0.013571281870329565 0.75 -2.6767283352648891e-08 1.5 0.013571281870329565 19952623.192097824 0.99992723574000697 -0.0039233228416858199 4.8351983392105437e-05 0.0015433421890649519 0.37971366255790395 0.00024663054080899661 0.41222852449261443 -0.0016590417660986821 41.863536669635209 33.813958141662049 31.254206088532616 0.083043065526810081 23.907810549039311 23.907810549039311 0.013514537173688683 1148.874410618276 22910.622940483354 9.9121264321425926e-07 2.0991528464449471e-18 8.0018919765981714e-18 4.0797903907164569e-18 -5.0986185735066573e-20
d 0 -0.013571689491628439 0.75 2.6767283352648891e-08 1.5 -0.013571281870329565 0.75 -2.6767283352648891e-08 1.5 0.013571281870329565 25118864.372592513 0.99992201860578844 -0.0049391549735024274 5.1405157161667916e-05 0.0019429422055385875 0.37971463857942739 0.00031048569876987632 0.41222706645536666 -0.0020886063285500095 39.864062424091756 33.806812436210258 31.20674469488997 0.067912141088109002 22.90845654683142 22.90845654683142 0.015721555480699145 887.18963036220794 18201.072425293543 1.5707339425957364e-06 2.0982583210923876e-18 8.0011121656171855e-18 4.0789394320980001e-18 -4.0400655691455072e-20
d 0 -0.013571689491628439 0.75 2.6767283352648891e-08 1.5 -0.013571281870329565 0.75 -2.6767283352648891e-08 1.5 0.013571281870329565 31622776.679238155 0.99991375007974792 -0.0062179960825884005 5.6244060054101339e-05 0.0024459983751578987 0.37971618545059022 0.00039087084125700549 0.41222475563735961 -0.0026293925786424689 37.864433534357673 33.795511285563677 31.132571920810335 0.056390921461469123 21.908883914989147 21.908883914989147 0.018563646976884684 691.68714683215092 14458.887911295064 2.4891907528232594e-06 2.0976643500035435e-18 8.0005063856090248e-18 4.0783445328111363e-18 -3.1964893741726991e-20
d 0 -0.013571689491628439 0.75 2.6767283352648891e-08 1.5 -0.013571281870329565 0.75 -2.6767283352648891e-08 1.5 0.013571281870329565 39810717.159493893 0.99990064553616465 -0.0078279301761364443 6.3913075120972508e-05 0.0030792877291777269 0.37971863702829495 0.00049206228064699971 0.41222109327492223 -0.0033101951606718154 35.86473007056864 33.777660192089357 31.017555461747953 0.047869237413604326 20.909184790568453 20.909184790568453 0.022194178236946627 542.79510435803365 11485.73563255814 3.9447900532053785e-06 2.0972427865766978e-18 7.9999439372974343e-18 4.0778773443186338e-18 -2.5230527101153962e-20
d 0 -0.013571689491628439 0.75 2.6767283352648891e-08 1.5 -0.013571281870329565 0.75 -2.6767283352648891e-08 1.5 0.013571281870329565 50118723.502031326 0.99987987670408884 -0.0098546543161022841 7.6067320399367426e-05 0.0038765102070962738 0.37972252239705351 0.00061943987256901623 0.41221528891550158 -0.0041672609238101255 33.865016023597249 33.749517566578113 30.841296531196694 0.041894927512202397 19.909424072176243 19.909424072176243 0.026806440678787832 427.80460978506034 9123.7613039963544 6.2516171981993978e-06 2.0969026684666092e-18 7.9993034682086722e-18 4.077437062682819e-18 -1.9839365753163466e-20
d 0 -0.013571689491628439 0.75 2.6767283352648891e-08 1.5 -0.013571281870329565 0.75 -2.6767283352648891e-08 1.5 0.013571281870329565 63095734.633708879 0.99984696150364993 -0.012406023538811803 9.5329685943574966e-05 0.0048800708790110985 0.37972867998995913 0.00077976906692755706 0.41220608986158636 -0.0052462150440239826 31.865353102105217 33.705284748478753 30.575846046734256 0.038150575975003667 18.909653386821791 18.909653386821791 0.032644154457493552 338.13188666103366 7247.4202615288441 9.907334495248103e-06 2.0965706127278827e-18 7.9984468262071486e-18 4.0769287053917967e-18 -1.5504545629871586e-20
d 0 -0.013571689491628439 0.75 2.6767283352648891e-08 1.5 -0.013571281870329565 0.75 -2.6767283352648891e-08 1.5 0.013571281870329565 79432823.719184637 0.99979479739069943 -0.015617757101973335 0.0001258564307826846 0.0061433133893920551 0.37973843835953086 0.00098155232386903978 0.41219151093592121 -0.0066044824421518638 29.865814038966395 33.636090442578514 30.185847933199167 0.036436974996955786 17.909922213438886 17.909922213438886 0.040014146214143807 267.74708712932141 5756.9103456353114 1.5700358524172321e-05 2.0961750049234149e-18 7.9971893242637681e-18 4.076242657086862e-18 -1.1995368637958201e-20
d 0 -0.013571689491628439 0.75 2.6767283352648891e-08 1.5 -0.013571281870329565 0.75 -2.6767283352648891e-08 1.5 0.013571281870329565 100000000.32699791 0.99971213028795647 -0.019660591375647435 0.00017423291917964103 0.0077333112719698213 0.37975390243130358 0.0012354642108041241 0.41216840638441177 -0.0083143293360549726 27.866498267052975 33.528634344219292 29.63173658157028 0.036662611762002778 16.910288545747413 16.910288545747413 0.049301790970771482 212.26623279378697 4572.9165377210793 2.4879429318932665e-05 2.0956305956368596e-18 7.9952600753167927e-18 4.0752311125244561e-18 -9.1250900112522999e-21
d 0 -0.013571689491628439 0.75 2.6767283352648891e-08 1.5 -0.013571281870329565 0.75 -2.6767283352648891e-08 1.5 0.013571281870329565 125892541.61166599 0.99958113045654162 -0.024749223291678397 0.00025089157340653947 0.0097343412859928272 0.37977840655655304 0.001554884584322627 0.41213179187545157 -0.010466678703472313 25.867553326475662 33.363593769145076 28.87711015029765 0.038838667647902114 15.910831380392612 15.910831380392612 0.060989809221809271 168.41387836366584 3632.416957978643 3.9421618203159963e-05 2.0948202289198389e-18 7.9922440162738459e-18 4.0736764256930437e-18 -6.7410387166158577e-21
d 0 -0.013571689491628439 0.75 2.6767283352648891e-08 1.5 -0.013571281870329565 0.75 -2.6767283352648891e-08 1.5 0.013571281870329565 158489319.81619379 0.99937355666643002 -0.031153446895852952 0.00037235492655675556 0.012252174935622589 0.37981723098242409 0.0019565407862162268 0.41207377117455485 -0.013175886507514077 23.869206573818516 33.114228371858665 27.898886007130336 0.043079200566938224 14.911667698872295 14.911667698872295 0.075680947120286654 133.69317346852444 2885.341664496555 6.24552331784997e-05 2.0935698761827961e-18 7.9874935556697979e-18 4.0712447624592727e-18 -4.7165769759327299e-21
d 0 -0.013571689491628439 0.75 2.6767283352648891e-08 1.5 -0.013571281870329565 0.75 -2.6767283352648891e-08 1.5 0.013571281870329565 199526232.24720156 0.99904469226015447 -0.039211929287788619 0.00056477995605869473 0.015419319560312946 0.37987873343510292 0.0024612582922608046 0.41198183812599909 -0.016585700505774494 21.871813913209209 32.746188799786395 26.69540528476778 0.049606316878147309 13.912977545730572 13.912977545730572 0.094124873534324652 106.17391124438127 2291.9137368803449 9.8925424279786291e-05 2.0916118772027511e-18 7.9799918923419936e-18 4.0674156226267558e-18 -2.9445146748681385e-21
d 0 -0.013571689491628439 0.75 2.6767283352648891e-08 1.5 -0.013571281870329565 0.75 -2.6767283352648891e-08 1.5 0.013571281870329565 251188644.13661596 0.99852377318616226 -0.049349067743430286 0.00086954873114188959 0.019401294986176938 0.37997613266330654 0.0030947907031946774 0.41183619321390308 -0.020876654263285201 19.875935756523035 32.220109480799067 25.287269253859218 0.058760166241381584 12.915042460189817 12.915042460189817 0.11724916110068816 84.349813329580996 1820.534764661963 0.00015663745926643746 2.0885291768683968e-18 7.9681412877605994e-18 4.0613734378964565e-18 -1.3317045775681552e-21
d 0 -0.013571689491628439 0.75 2.6767283352648891e-08 1.5 -0.013571281870329565 0.75 -2.6767283352648891e-08 1.5 0.013571281870329565 316227767.30941069 0.99769891445415548 -0.062095246719266722 0.0013520620092203873 0.024403896959752015 0.38013031039244011 0.0038886362893509772 0.41160551000073825 -0.026275161644853662 17.882455831444016 31.49830443159086 23.7103836144178 0.071013399859640003 11.918305167915154 11.918305167915154 0.14619321847454045 67.038194803080415 1446.1039984938343 0.00024788118501611835 2.0836703139816879e-18 7.9494374979983668e-18 4.0518413663768497e-18 2.0532501070252945e-22
d 0 -0.013571689491628439 0.75 2.6767283352648891e-08 1.5 -0.013571281870329565 0.75 -2.6767283352648891e-08 1.5 0.013571281870329565 398107172.24584007 0.99639346275090335 -0.078110428499879786 0.002115508654236745 0.030681077112452399 0.38037419017103319 0.0048806139362050716 0.41124027389991979 -0.033064541717853398 15.892766546294265 30.554698471438442 22.005964812776632 0.086989104289378047 10.923462449431975 10.923462449431975 0.18234204493944581 53.30685783739689 1148.6825868631879 0.00039193357494580637 2.0760212234547342e-18 7.9199770868821864e-18 4.0368300670082396e-18 1.7436575782096874e-21
d 0 -0.013571689491628439 0.75 2.6767283352648891e-08 1.5 -0.013571281870329565 0.75 -2.6767283352648891e-08 1.5 0.013571281870329565 501187235.83974928 0.99432912290723774 -0.098210081437910796 0.0033222709822829676 0.038542371156096877 0.38075952289766374 0.0061146976183669216 0.4106623459087303 -0.04159805981449409 13.909056126869071 29.383614671057696 20.212799156425557 0.10747975201697423 9.931608832940098 9.931608832940098 0.22735289694602875 42.419352502353348 912.43223224109374 0.00061884732501859337 2.0640169041284224e-18 7.8737325919825515e-18 4.0132682776060469e-18 3.3558556535545688e-21
d 0 -0.013571689491628439 0.75 2.6767283352648891e-08 1.5 -0.013571281870329565 0.75 -2.6767283352648891e-08 1.5 0.013571281870329565 630957347.36869764 0.99106902022025078 -0.12339043330803633 0.0052268125899458239 0.04835737266960962 0.38136725758979451 0.0076390664212923438 0.4097487231494506 -0.052313698247832933 11.934747717564489 28.00189124091251 18.363826798296099 0.13346166737968221 8.9444562345065837 8.9444562345065837 0.28316113637581947 33.793178313097201 724.7719808935833 0.00097502196240449829 2.0452778683579495e-18 7.8015375993303459e-18 3.9764856463019591e-18 5.1095783486964942e-21
d 0 -0.013571689491628439 0.75 2.6767283352648891e-08 1.5 -0.013571281870329565 0.75 -2.6767283352648891e-08 1.5 0.013571281870329565 794328238.49056494 0.9859311692327446 -0.15484594174441746 0.0082252430192799545 0.060551927202211843 0.38232303199443185 0.0095002847932808918 0.40830654435272395 -0.06574954610414302 9.9751566293558263 26.442825915214222 16.486286654393314 0.16609370857955547 7.9646626562543705 7.9646626562543705 0.35193996268156863 26.96742688037066 575.70835994705146 0.0015309943468319483 2.0162735641842039e-18 7.6897902815877851e-18 3.9195521565305031e-18 7.0633632322183871e-21
d 0 -0.013571689491628439 0.75 2.6767283352648891e-08 1.5 -0.013571281870329565 0.75 -2.6767283352648891e-08 1.5 0.013571281870329565 1000000004.9049689 0.97786038897764227 -0.19396400729472177 0.012927626494455301 0.075585416419847035 0.38381941577306861 0.011729601183959638 0.40603529434077967 -0.082557027213782747 8.0384396118854831 24.746081959055715 14.603857052091362 0.20667875000401714 6.996306897165959 6.996306897165959 0.43597090915725806 21.577484279897849 457.30324800557355 0.0023913625662988027 1.971969819944593e-18 7.5190952890393949e-18 3.8325861630265345e-18 9.2560304466649792e-21
d 0 -0.013571689491628439 0.75 2.6767283352648891e-08 1.5 -0.013571281870329565 0.75 -2.6767283352648891e-08 1.5 0.013571281870329565 1258925418.1749902 0.96524705985045833 -0.24226781424019889 0.020257595355726354 0.093889148268371803 0.38614562982329242 0.014314008399832212 0.40247128053287223 -0.10350604566339508 6.1368845575657893 22.949079423002093 12.739626866685361 0.25655115058915079 6.0455334965353664 6.0455334965353664 0.53735923438491895 17.335084003718649 363.25117102340528 0.003705110438195366 1.9056455471855685e-18 7.2635577607926193e-18 3.7023946811794074e-18 1.1686617213844506e-20
d 0 -0.013571689491628439 0.75 2.6767283352648891e-08 1.5 -0.013571281870329565 0.75 -2.6767283352648891e-08 1.5 0.013571281870329565 1584893200.753222 0.94569076583913425 -0.30125524675498172 0.031575225721072499 0.11573107618707609 0.38972174184639341 0.017139529888820629 0.39690991949716864 -0.12947074822490304 4.2884770226446634 21.082472921120576 10.919247766703426 0.31683593386882558 5.1213361221336733 5.1213361221336733 0.65751189548167954 14.012417337300548 288.54352768260969 0.0056707731290463227 1.8092911811942774e-18 6.8923187795645588e-18 3.513255652475288e-18 1.4283536449880038e-20
d 0 -0.013571689491628439 0.75 2.6767283352648891e-08 1.5 -0.013571281870329565 0.75 -2.6767283352648891e-08 1.5 0.013571281870329565 1995262325.7342491 0.9157397532663798 -0.37205146582875998 0.04879356497143747 0.14095354287110998 0.39512408394179543 0.019888024598190231 0.38830579171160673 -0.16137668494875662 2.5183945806426813 19.169200657659374 9.1737526018776983 0.38802198646934316 4.2363049379901785 4.2363049379901785 0.79632006027783309 11.4292758161614 229.20187043206988 0.0085241501934651027 1.6752431337701845e-18 6.375853228552587e-18 3.250126559225104e-18 1.6869568272619615e-20
d 0 -0.013571689491628439 0.75 2.6767283352648891e-08 1.5 -0.013571281870329565 0.75 -2.6767283352648891e-08 1.5 0.013571281870329565 2511886445.4730682 0.87071635823607918 -0.45477193647556513 0.074400732110975115 0.16852178864842624 0.40306596203884476 0.021867000493346514 0.37516342671072334 -0.20008190026085959 0.85955259098933068 17.225475138136328 7.5411981744039469 0.46934331064149987 3.4068997835626265 3.4068997835626265 0.95112065355457864 9.4424047523238226 182.06604206687729 0.012489245645750798 1.4995733028752494e-18 5.6990299896483933e-18 2.9052983136616478e-18 1.9146136240279253e-20
d 0 -0.013571689491628439 0.75 2.6767283352648891e-08 1.5 -0.013571281870329565 0.75 -2.6767283352648891e-08 1.5 0.013571281870329565 3162277678.2643986 0.80488285035257712 -0.54753789571168798 0.11119641338549006 0.19586353850275079 0.41425862966297256 0.021770847484598069 0.35545803518111257 -0.24616493083870056 -0.64929372701105703 15.262396001534222 6.0657425222000416 0.55812753939856763 2.6525016708077809 2.6525016708077809 1.1158145502589436 7.936487372070995 144.62588704746796 0.017677558866884446 1.2865487959840595e-18 4.8782959132221574e-18 2.4871501206117948e-18 2.0736602572807353e-20
d 0 -0.013571689491628439 0.75 2.6767283352648891e-08 1.5 -0.013571281870329565 0.75 -2.6767283352648891e-08 1.5 0.013571281870329565 3981071728.967412 0.7123649116956815 -0.64531218413390801 0.16144102613077677 0.21815781719523264 0.42903712955150408 0.017443772890016005 0.32665937829619235 -0.29962136236661269 -1.9693890211934815 13.287501817148019 4.7927732661464972 0.64953731805858939 1.9924936398012778 1.9924936398012778 1.280888483242038 6.8165567816460753 114.88757618039597 0.023957093425389441 1.0512509079730942e-18 3.9717678879573686e-18 2.0252911537599367e-18 2.1311348211053638e-20
d 0 -0.013571689491628439 0.75 2.6767283352648891e-08 1.5 -0.013571281870329565 0.75 -2.6767283352648891e-08 1.5 0.013571281870329565 5011872366.5918522 0.58919396216941178 -0.73922440050218485 0.22517539812142329 0.22811216167157983 0.44666348670444211 0.0058654385745740443 0.28593661383131036 -0.35954429847393898 -3.071502031749382 11.306034291954321 3.7604382807410328 0.73724557588085859 1.4414997657959006 1.4414997657959006 1.4350551922184025 6.0021161151635498 91.267425788238967 0.030877994520313649 8.1669889918173133e-19 3.0681527555012497e-18 1.5649154370863845e-18 2.0743811124624553e-20
d 0 -0.013571689491628439 0.75 2.6767283352648891e-08 1.5 -0.013571281870329565 0.75 -2.6767283352648891e-08 1.5 0.013571281870329565 6309573484.0030632 0.43611465620393858 -0.81756997663730435 0.29802845958696239 0.2171601134009819 0.46444518573242249 -0.016264214036965138 0.23052898820227982 -0.42393951995318369 -3.945421241828952 9.321915862897562 2.9913303190599558 0.81512858532798849 1.0046390617432199 1.0046390617432199 1.5682696284686926 5.4234906619364276 72.507555832542835 0.037761289530699564 6.0562253182747922e-19 2.2550500905766488e-18 1.150652695529727e-18 1.9180797080710028e-20
d 0 -0.013571689491628439 0.75 2.6767283352648891e-08 1.5 -0.013571281870329565 0.75 -2.6767283352648891e-08 1.5 0.013571281870329565 7943282397.8928328 0.2604155126067505 -0.86922486319500414 0.36992526726801045 0.17869352280964657 0.47724985365508565 -0.051085077753508776 0.15809266434805022 -0.48974633554471708 -4.6037267805881577 7.3385275724810164 2.4899113149622552 0.87913887516633715 0.67564215172598674 0.67564215172598674 1.674510720706101 5.0204811443530604 57.608893177982893 0.043942686902481695 4.32443335241613e-19 1.5880607306374556e-18 8.1082968705521361e-19 1.6964076521205275e-20
d 0 -0.013571689491628439 0.75 2.6767283352648891e-08 1.5 -0.013571281870329565 0.75 -2.6767283352648891e-08 1.5 0.013571281870329565 10000000065.399584 0.074519091081708289 -0.88805041525698081 0.42664695890883508 0.11228769452829891 0.47824659141409981 -0.097683509090644688 0.066865297470468391 -0.55282303688437029 -5.0771904113483792 5.3593968668500462 2.2478493109366418 0.92816947712741327 0.43915516084875406 0.43915516084875406 1.75258619946399 4.7424117213277581 45.777947678080281 0.049005822863269252 3.0079429769163762e-19 1.0812368313427698e-18 5.5260456239470222e-19 1.4473466280722312e-20
Q 2 13 "Source Voltage"
Q 3 13 "Gate Voltage"
Q 4 13 "Drain Voltage"
Q 5 13 "Input Voltage"
Q 6 13 "Output Voltage"
Q 20 13 "Source Current"
Q 21 13 "Gate Current"
Q 22 13 "Drain Current"
Q 23 13 "Input Current"
Q 24 13 "Output Current"
Q 40 13 Frequency
Q 66 13 "Current gain"
Q 67 13 "Unilateral power gain"
Q 68 13 "Max transducer power gain"
Q 203 13 "Stern stability factor"
Q 811 13 Real(S11)
Q 812 13 Real(S12)
Q 821 13 Real(S21)
Q 822 13 Real(S22)
Q 911 13 Imag(S11)
Q 912 13 Imag(S12)
Q 921 13 Imag(S21)
Q 922 13 Imag(S22)
Q 2215 13 Gms
Q 2216 13 Gma
Q 2217 13 "Minimum noise figure"
Q 2218 13 Real(Zo)
Q 2219 13 Imag(Zo)
Q 2220 13 "Noise conductance"
Q 2221 13 <V1.V1*>
Q 2222 13 <V2.V2*>
Q 2223 13 Real(<V1.V2*>)
Q 2224 13 Imag(<V1.V2*>)
EOF 1532915810
