v ATLAS
# This file was created by ATLAS version 5.26.1.R on Tue Apr 17 19:57:47 2018.
#SSF 2.0 generic
##############################################################################
#                    Copyright (c) 1984 - 2018                               #
#                    Silvaco Inc. All rights reserved                        #
#                                                                            #
# This file format and the following Key are copyright Silvaco Inc.          #
# You may not use, this format or key without reproducing this message in    #
# full and obtaining express written permission from Silvaco Inc.            #
#                                                                            #
# To obtain such permission please contact: Silvaco Inc.                     #
#                                           support@silvaco.com              #
#                                                                            #
# KEY=SVC86hn7562asdx                       PROD=345                         #
##############################################################################
y 3 700 711 15
z 0.292 0.012 300
f 4 "gate" "source" "drain" "substrate" 
p 13 2 601 20 3 602 21 4 603 22 5 604 23 82 
d 3.000000000e+00 3.000000000e+00 0.000000000e+00 0.000000000e+00 0.000000000e+00 -3.354691586e-06 6.250000000e-03 6.250000000e-03 3.354691594e-06 0.000000000e+00 0.000000000e+00 -2.887338535e-17 3.000017092e+02 
d 3.000000000e+00 3.000000000e+00 0.000000000e+00 0.000000000e+00 0.000000000e+00 -6.701654315e-06 1.250000000e-02 1.250000000e-02 6.701654343e-06 0.000000000e+00 0.000000000e+00 -5.566787121e-17 3.000039240e+02 
d 3.000000000e+00 3.000000000e+00 0.000000000e+00 0.000000000e+00 0.000000000e+00 -1.337265323e-05 2.500000000e-02 2.500000000e-02 1.337265332e-05 0.000000000e+00 0.000000000e+00 -1.045636488e-16 3.000095504e+02 
d 3.000000000e+00 3.000000000e+00 0.000000000e+00 0.000000000e+00 0.000000000e+00 -5.274875746e-05 1.000000000e-01 1.000000000e-01 5.274876017e-05 0.000000000e+00 0.000000000e+00 -3.737322916e-16 3.000675753e+02 
d 3.000000000e+00 3.000000000e+00 0.000000000e+00 0.000000000e+00 0.000000000e+00 -1.031058612e-04 2.000000000e-01 2.000000000e-01 1.031058909e-04 0.000000000e+00 0.000000000e+00 -1.141157507e-15 3.002423982e+02 
d 3.000000000e+00 3.000000000e+00 0.000000000e+00 0.000000000e+00 0.000000000e+00 -1.484656987e-04 3.000000000e-01 3.000000000e-01 1.484656987e-04 0.000000000e+00 0.000000000e+00 -9.306157021e-16 3.017569997e+02 
d 3.000000000e+00 3.000000000e+00 0.000000000e+00 0.000000000e+00 0.000000000e+00 -1.697875460e-04 3.500000000e-01 3.500000000e-01 1.697875580e-04 0.000000000e+00 0.000000000e+00 -1.268479082e-15 3.019557663e+02 
d 3.000000000e+00 3.000000000e+00 0.000000000e+00 0.000000000e+00 0.000000000e+00 -1.894934236e-04 4.000000000e-01 4.000000000e-01 1.894934236e-04 0.000000000e+00 0.000000000e+00 -1.245142322e-15 3.029694477e+02 
d 3.000000000e+00 3.000000000e+00 0.000000000e+00 0.000000000e+00 0.000000000e+00 -2.087817682e-04 4.500000000e-01 4.500000000e-01 2.087817859e-04 0.000000000e+00 0.000000000e+00 -1.705056866e-15 3.032221911e+02 
d 3.000000000e+00 3.000000000e+00 0.000000000e+00 0.000000000e+00 0.000000000e+00 -2.258273319e-04 5.000000000e-01 5.000000000e-01 2.258273319e-04 0.000000000e+00 0.000000000e+00 -1.628794774e-15 3.044221660e+02 
d 3.000000000e+00 3.000000000e+00 0.000000000e+00 0.000000000e+00 0.000000000e+00 -2.569489607e-04 6.000000000e-01 6.000000000e-01 2.569489607e-04 0.000000000e+00 0.000000000e+00 -2.064150719e-15 3.060443262e+02 
d 3.000000000e+00 3.000000000e+00 0.000000000e+00 0.000000000e+00 0.000000000e+00 -2.829162036e-04 7.000000000e-01 7.000000000e-01 2.829162036e-04 0.000000000e+00 0.000000000e+00 -2.443148113e-15 3.077793285e+02 
d 3.000000000e+00 3.000000000e+00 0.000000000e+00 0.000000000e+00 0.000000000e+00 -2.940436223e-04 7.500000000e-01 7.500000000e-01 2.940436223e-04 0.000000000e+00 0.000000000e+00 -2.694464564e-15 3.086726064e+02 
d 3.000000000e+00 3.000000000e+00 0.000000000e+00 0.000000000e+00 0.000000000e+00 -3.040023022e-04 8.000000000e-01 8.000000000e-01 3.040023022e-04 0.000000000e+00 0.000000000e+00 -2.873520383e-15 3.095757908e+02 
d 3.000000000e+00 3.000000000e+00 0.000000000e+00 0.000000000e+00 0.000000000e+00 -3.206825440e-04 9.000000000e-01 9.000000000e-01 3.206825438e-04 0.000000000e+00 0.000000000e+00 -2.845536129e-15 3.113944279e+02 
d 3.000000000e+00 3.000000000e+00 0.000000000e+00 0.000000000e+00 0.000000000e+00 -3.335536325e-04 1.000000000e+00 1.000000000e+00 3.335536322e-04 0.000000000e+00 0.000000000e+00 -4.741685551e-15 3.132073668e+02 
d 3.000000000e+00 3.000000000e+00 0.000000000e+00 0.000000000e+00 0.000000000e+00 -3.432819825e-04 1.100000000e+00 1.100000000e+00 3.432819823e-04 0.000000000e+00 0.000000000e+00 -4.653395129e-14 3.149982034e+02 
d 3.000000000e+00 3.000000000e+00 0.000000000e+00 0.000000000e+00 0.000000000e+00 -3.559290354e-04 1.300000000e+00 1.300000000e+00 3.559290435e-04 0.000000000e+00 0.000000000e+00 -8.116594565e-12 3.184941234e+02 
d 3.000000000e+00 3.000000000e+00 0.000000000e+00 0.000000000e+00 0.000000000e+00 -3.630414038e-04 1.500000000e+00 1.500000000e+00 3.630417525e-04 0.000000000e+00 0.000000000e+00 -3.487064296e-10 3.218995035e+02 
d 3.000000000e+00 3.000000000e+00 0.000000000e+00 0.000000000e+00 0.000000000e+00 -3.673371039e-04 1.700000000e+00 1.700000000e+00 3.673420351e-04 0.000000000e+00 0.000000000e+00 -4.931247608e-09 3.252604229e+02 
d 3.000000000e+00 3.000000000e+00 0.000000000e+00 0.000000000e+00 0.000000000e+00 -3.701765956e-04 1.900000000e+00 1.900000000e+00 3.702093559e-04 0.000000000e+00 0.000000000e+00 -3.276027239e-08 3.286010529e+02 
d 3.000000000e+00 3.000000000e+00 0.000000000e+00 0.000000000e+00 0.000000000e+00 -3.722112720e-04 2.100000000e+00 2.100000000e+00 3.723432403e-04 0.000000000e+00 0.000000000e+00 -1.319683113e-07 3.319445862e+02 
d 3.000000000e+00 3.000000000e+00 0.000000000e+00 0.000000000e+00 0.000000000e+00 -3.737759828e-04 2.300000000e+00 2.300000000e+00 3.741557270e-04 0.000000000e+00 0.000000000e+00 -3.797441993e-07 3.353206818e+02 
d 3.000000000e+00 3.000000000e+00 0.000000000e+00 0.000000000e+00 0.000000000e+00 -3.750671958e-04 2.500000000e+00 2.500000000e+00 3.759323122e-04 0.000000000e+00 0.000000000e+00 -8.651164270e-07 3.387356960e+02 
d 3.000000000e+00 3.000000000e+00 0.000000000e+00 0.000000000e+00 0.000000000e+00 -3.762119907e-04 2.700000000e+00 2.700000000e+00 3.778792244e-04 0.000000000e+00 0.000000000e+00 -1.667233640e-06 3.422110917e+02 
d 3.000000000e+00 3.000000000e+00 0.000000000e+00 0.000000000e+00 0.000000000e+00 -3.772953268e-04 2.900000000e+00 2.900000000e+00 3.801378643e-04 0.000000000e+00 0.000000000e+00 -2.842537570e-06 3.457684400e+02 
d 3.000000000e+00 3.000000000e+00 0.000000000e+00 0.000000000e+00 0.000000000e+00 -3.783779772e-04 3.100000000e+00 3.100000000e+00 3.828023159e-04 0.000000000e+00 0.000000000e+00 -4.424338751e-06 3.494287301e+02 
d 3.000000000e+00 3.000000000e+00 0.000000000e+00 0.000000000e+00 0.000000000e+00 -3.794984826e-04 3.300000000e+00 3.300000000e+00 3.859280462e-04 0.000000000e+00 0.000000000e+00 -6.429563707e-06 3.532115746e+02 
d 3.000000000e+00 3.000000000e+00 0.000000000e+00 0.000000000e+00 0.000000000e+00 -3.806975275e-04 3.500000000e+00 3.500000000e+00 3.895635827e-04 0.000000000e+00 0.000000000e+00 -8.866055282e-06 3.571381341e+02 
d 3.000000000e+00 3.000000000e+00 0.000000000e+00 0.000000000e+00 0.000000000e+00 -3.819965958e-04 3.700000000e+00 3.700000000e+00 3.937328517e-04 0.000000000e+00 0.000000000e+00 -1.173625606e-05 3.612304178e+02 
d 3.000000000e+00 3.000000000e+00 0.000000000e+00 0.000000000e+00 0.000000000e+00 -3.834331340e-04 3.900000000e+00 3.900000000e+00 3.984713536e-04 0.000000000e+00 0.000000000e+00 -1.503821974e-05 3.655107466e+02 
d 3.000000000e+00 3.000000000e+00 0.000000000e+00 0.000000000e+00 0.000000000e+00 -3.850310272e-04 4.100000000e+00 4.100000000e+00 4.037953961e-04 0.000000000e+00 0.000000000e+00 -1.876436894e-05 3.699987797e+02 
d 3.000000000e+00 3.000000000e+00 0.000000000e+00 0.000000000e+00 0.000000000e+00 -3.868094386e-04 4.300000000e+00 4.300000000e+00 4.097092571e-04 0.000000000e+00 0.000000000e+00 -2.289981863e-05 3.747149139e+02 
d 3.000000000e+00 3.000000000e+00 0.000000000e+00 0.000000000e+00 0.000000000e+00 -3.888004611e-04 4.500000000e+00 4.500000000e+00 4.162240806e-04 0.000000000e+00 0.000000000e+00 -2.742361957e-05 3.796820236e+02 
d 3.000000000e+00 3.000000000e+00 0.000000000e+00 0.000000000e+00 0.000000000e+00 -3.910425900e-04 4.700000000e+00 4.700000000e+00 4.233517813e-04 0.000000000e+00 0.000000000e+00 -3.230919137e-05 3.849246243e+02 
d 3.000000000e+00 3.000000000e+00 0.000000000e+00 0.000000000e+00 0.000000000e+00 -3.935659594e-04 4.900000000e+00 4.900000000e+00 4.310935690e-04 0.000000000e+00 0.000000000e+00 -3.752760959e-05 3.904660562e+02 
d 3.000000000e+00 3.000000000e+00 0.000000000e+00 0.000000000e+00 0.000000000e+00 -3.964303355e-04 5.100000000e+00 5.100000000e+00 4.394800549e-04 0.000000000e+00 0.000000000e+00 -4.304971941e-05 3.963377813e+02 
d 3.000000000e+00 3.000000000e+00 0.000000000e+00 0.000000000e+00 0.000000000e+00 -3.996895915e-04 5.300000000e+00 5.300000000e+00 4.485343319e-04 0.000000000e+00 0.000000000e+00 -4.884474048e-05 4.025721816e+02 
d 3.000000000e+00 3.000000000e+00 0.000000000e+00 0.000000000e+00 0.000000000e+00 -4.034354938e-04 5.500000000e+00 5.500000000e+00 4.583285271e-04 0.000000000e+00 0.000000000e+00 -5.489303332e-05 4.092168540e+02 
d 3.000000000e+00 3.000000000e+00 0.000000000e+00 0.000000000e+00 0.000000000e+00 -4.078293973e-04 5.700000000e+00 5.700000000e+00 4.690144429e-04 0.000000000e+00 0.000000000e+00 -6.118504557e-05 4.163465618e+02 
d 3.000000000e+00 3.000000000e+00 0.000000000e+00 0.000000000e+00 0.000000000e+00 -4.131254501e-04 5.900000000e+00 5.900000000e+00 4.808559998e-04 0.000000000e+00 0.000000000e+00 -6.773054976e-05 4.240784241e+02 
d 3.000000000e+00 3.000000000e+00 0.000000000e+00 0.000000000e+00 0.000000000e+00 -4.198751902e-04 6.100000000e+00 6.100000000e+00 4.944664267e-04 0.000000000e+00 0.000000000e+00 -7.459123653e-05 4.326523298e+02 
d 3.000000000e+00 3.000000000e+00 0.000000000e+00 0.000000000e+00 0.000000000e+00 -4.290373901e-04 6.300000000e+00 6.300000000e+00 5.109362362e-04 0.000000000e+00 0.000000000e+00 -8.189884616e-05 4.424994254e+02 
d 3.000000000e+00 3.000000000e+00 0.000000000e+00 0.000000000e+00 0.000000000e+00 -4.422133396e-04 6.500000000e+00 6.500000000e+00 5.320868063e-04 0.000000000e+00 0.000000000e+00 -8.987346691e-05 4.543691292e+02 
d 3.000000000e+00 3.000000000e+00 0.000000000e+00 0.000000000e+00 0.000000000e+00 -4.607947704e-04 6.700000000e+00 6.700000000e+00 5.594066467e-04 0.000000000e+00 0.000000000e+00 -9.861187626e-05 4.690376984e+02 
d 3.000000000e+00 3.000000000e+00 0.000000000e+00 0.000000000e+00 0.000000000e+00 -4.848354423e-04 6.900000000e+00 6.900000000e+00 5.927024771e-04 0.000000000e+00 0.000000000e+00 -1.078670348e-04 4.868188590e+02 
d 3.000000000e+00 3.000000000e+00 0.000000000e+00 0.000000000e+00 0.000000000e+00 -5.131306137e-04 7.100000000e+00 7.100000000e+00 6.302625443e-04 0.000000000e+00 0.000000000e+00 -1.171319306e-04 5.075315640e+02 
d 3.000000000e+00 3.000000000e+00 0.000000000e+00 0.000000000e+00 0.000000000e+00 -5.439477459e-04 7.300000000e+00 7.300000000e+00 6.698407501e-04 0.000000000e+00 0.000000000e+00 -1.258930042e-04 5.306851073e+02 
d 3.000000000e+00 3.000000000e+00 0.000000000e+00 0.000000000e+00 0.000000000e+00 -5.760317221e-04 7.500000000e+00 7.500000000e+00 7.098094011e-04 0.000000000e+00 0.000000000e+00 -1.337776790e-04 5.557986737e+02 
d 3.000000000e+00 3.000000000e+00 0.000000000e+00 0.000000000e+00 0.000000000e+00 -6.088262606e-04 7.700000000e+00 7.700000000e+00 7.493285585e-04 0.000000000e+00 0.000000000e+00 -1.405022978e-04 5.826778751e+02 
d 3.000000000e+00 3.000000000e+00 0.000000000e+00 0.000000000e+00 0.000000000e+00 -6.413461037e-04 7.900000000e+00 7.900000000e+00 7.871511302e-04 0.000000000e+00 0.000000000e+00 -1.458050535e-04 6.108437995e+02 
d 3.000000000e+00 3.000000000e+00 0.000000000e+00 0.000000000e+00 0.000000000e+00 -6.723193102e-04 8.100000000e+00 8.100000000e+00 8.219710580e-04 0.000000000e+00 0.000000000e+00 -1.496517663e-04 6.396143939e+02 
d 3.000000000e+00 3.000000000e+00 0.000000000e+00 0.000000000e+00 0.000000000e+00 -7.005864781e-04 8.300000000e+00 8.300000000e+00 8.527997196e-04 0.000000000e+00 0.000000000e+00 -1.522132624e-04 6.682948500e+02 
d 3.000000000e+00 3.000000000e+00 0.000000000e+00 0.000000000e+00 0.000000000e+00 -7.256965087e-04 8.500000000e+00 8.500000000e+00 8.794184618e-04 0.000000000e+00 0.000000000e+00 -1.537219700e-04 6.964848400e+02 
d 3.000000000e+00 3.000000000e+00 0.000000000e+00 0.000000000e+00 0.000000000e+00 -7.474212507e-04 8.700000000e+00 8.700000000e+00 9.018277860e-04 0.000000000e+00 0.000000000e+00 -1.544065465e-04 7.238636893e+02 
d 3.000000000e+00 3.000000000e+00 0.000000000e+00 0.000000000e+00 0.000000000e+00 -7.660624627e-04 8.900000000e+00 8.900000000e+00 9.205103521e-04 0.000000000e+00 0.000000000e+00 -1.544478975e-04 7.504150451e+02 
d 3.000000000e+00 3.000000000e+00 0.000000000e+00 0.000000000e+00 0.000000000e+00 -7.818488341e-04 9.100000000e+00 9.100000000e+00 9.358422569e-04 0.000000000e+00 0.000000000e+00 -1.539934283e-04 7.760823554e+02 
