v VICTORYDEVICE
# silvaco.file ASCII version=1.14.23 format=1 contents=SDB,Tables=1

Copyright "###################################################################"
Copyright "#                    Copyright Silvaco Inc. (c)                   #"
Copyright "#                            1992-2014                            #"
Copyright "#                                                                 #"
Copyright "# This file format and the following Key are copyright Silvaco    #"
Copyright "# International. You may not use, this format or key without      #"
Copyright "# reproducing this message in full and obtaining                  #"
Copyright "# express written permission from Silvaco Inc.                    #"
Copyright "#                                                                 #"
Copyright "# To obtain such permission please contact: Silvaco Inc.          #"
Copyright "#                                           support@silvaco.com   #"
Copyright "#                                                                 #"
Copyright "# KEY=SVC86hn7562asdx                       PROD=345              #"
Copyright "###################################################################"
#This file was created by VICTORYDEVICE version 1.12.1.R
#victoryd 1.12.1.R (Thu Apr 12 10:17:20 PDT 2018)
#libSDB 1.12.42 (Thu Oct 26 19:20:24 PDT 2017)
a VICTORYDEVICE
j 1 9
k 3
r 1 92
x 3 43 42 46
w source 1 1
r 2 92
x 3 43 42 46
w gate 1 2
r 3 92
x 3 43 42 46
w drain 1 3
y 1 15
z 300
o 1 Strike_Field
p 17 2 601 20 621 3 602 21 622 4 603 22 623 61 505 502 503 3000
d 0 0 -5.5403007921410536e-10 -9.7401381849220176e-32 -13.9 -13.9 -2.1716271444429329e-10 0 30 30 -5.303831149714103e-09 0 1.0000000000000001e-16 5.8978713904882218e-21 9.4495061161312962e-56 9.4495061161312962e-56 2555147.7303588842
d 0 0 -1.8458223482441616e-10 -9.7401381849400243e-32 -13.9 -13.9 -6.5338467588259591e-11 0 30 30 -1.0954126829951534e-09 0 3.0000000000000004e-16 2.9725534132444294e-19 9.5251862237216385e-54 9.6196812848829522e-54 2555147.730358907
d 0 0 -1.2116883959192563e-10 -9.7401381849621977e-32 -13.9 -13.9 -4.2395881051785097e-11 0 30 30 -1.6609140928997222e-09 0 7.0000000000000013e-16 5.939744028322803e-16 3.8066376024686067e-50 3.8075995705970953e-50 2555147.7303589499
d 0 0 -4.7746215964940496e-11 -9.7401381849525145e-32 -13.9 -13.9 -1.5968100873068343e-11 0 30 30 -3.6082144037213124e-10 0 1.5000000000000003e-15 9.0807381340624297e-10 1.1639248787309547e-43 1.1639252594909118e-43 2555147.7303589019
d 0 0 -2.2653229357011272e-11 -9.7401381849543953e-32 -13.9 -13.9 -4.4476116503316639e-12 0 30 30 -9.1689589763404856e-11 0 3.1000000000000007e-15 45.618099273634556 1.1694212492668433e-32 1.1694212492784825e-32 2555147.7303588884
d 0 0 2.2652097343278464e-12 -9.7401381849357711e-32 -13.9 -13.9 -9.9339589791010064e-11 0 30 30 -1.2018781647853821e-10 0 5.5500000000000006e-15 54422813716404.25 2.1362933484003625e-20 2.1362933484015319e-20 2555147.7306301184
d 0 0 0.00020414787173432021 -9.7399496934650589e-32 -13.9 -13.9 -0.00068172841288511579 0 30 30 0.00047758025862503319 0 8.0000000000000006e-15 3.9693513434304073e+20 1.5581147488297635e-13 1.5581149624590983e-13 2557138.8974632141
d 0 0 0.00020702513908196665 -9.7399470819917949e-32 -13.9 -13.9 -0.00069135324770132529 0 30 30 0.00048424774546889195 0 8.0100000000000004e-15 4.130930531088947e+20 6.6185324728836262e-16 1.564733494931982e-13 2557166.6325557032
d 0 0 0.00021316841020992995 -9.7399417464216799e-32 -13.9 -13.9 -0.00071177734007323446 0 30 30 0.000498642791855558 0 8.03e-15 4.4714050665078299e+20 1.4328074224137187e-15 1.5790615691561191e-13 2557223.3030352141
d 0 0 0.00022704759411036661 -9.7399305792374793e-32 -13.9 -13.9 -0.0007577710172879448 0 30 30 0.00053072692671747004 0 8.069999999999999e-15 5.2262954063631358e+20 3.3494057185976089e-15 1.6125556263420952e-13 2557341.9338886659
d 0 0 0.0002623884319773145 -9.7399058399517815e-32 -13.9 -13.9 -0.0008740103354940009 0 30 30 0.00061161687505372788 0 8.1499999999999971e-15 7.0717126453731682e+20 9.0641775609750717e-15 1.7031974019518461e-13 2557604.8559168223
d 0 0 0.00037458345290572253 -9.7398423264524533e-32 -13.9 -13.9 -0.0012398221758520595 0 30 30 0.0008652356727350144 0 8.3099999999999934e-15 1.2459740565890259e+21 3.1940579748190182e-14 2.0226031994337479e-13 2558280.6678436995
d 0 0 0.00089087165785607214 -9.7396013820009502e-32 -13.9 -13.9 -0.0029164874821553813 0 30 30 0.0020256139320345003 0 8.629999999999986e-15 3.3171885397454446e+21 1.7007244177070308e-13 3.7233276171407782e-13 2560855.6873955103
d 0 0 0.004465281926835484 -9.7378177501861793e-32 -13.9 -13.9 -0.014698804616990571 0 30 30 0.010233522295913492 0 9.2699999999999712e-15 1.2719262781350177e+22 1.3042346269009172e-12 1.6765673886149951e-12 2580975.8661891525
d 0 0 0.013556865203308222 -9.7388388964050904e-32 -13.9 -13.9 -0.046057339227521275 0 30 30 0.032500474417998991 0 1.0000000000000002e-14 2.1671924018287678e+22 2.534744222962868e-12 4.2113116115778631e-12 2657441.8856303906
d 0 0 0.01370457421510252 -9.739185252934572e-32 -13.9 -13.9 -0.046584010465080816 0 30 30 0.032879351900153217 0 1.0010000000000001e-14 2.1669756934241858e+22 3.4719051523475427e-14 4.2460306631013383e-12 2659001.9009315204
d 0 0 0.013999369039530803 -9.7399649072015065e-32 -13.9 -13.9 -0.047637467358217001 0 30 30 0.03363811711881895 0 1.0030000000000001e-14 2.1652428061167898e+22 6.9382574778782059e-14 4.3154132378801201e-12 2662165.2438966637
d 0 0 0.014585460118162866 -9.7419282376768914e-32 -13.9 -13.9 -0.049741861964367626 0 30 30 0.035156413954941408 0 1.007e-14 2.1565991337619268e+22 1.3821119760184776e-13 4.453624435481968e-12 2668662.6637076288
d 0 0 0.015736510387620348 -9.7480436472362021e-32 -13.9 -13.9 -0.053916696199818565 0 30 30 0.038180182262471676 0 1.0149999999999998e-14 2.1189750521240779e+22 2.7159992328443264e-13 4.7252243587664008e-12 2682317.3814937803
d 0 0 0.017900432718083479 -9.776592982793692e-32 -13.9 -13.9 -0.061949412927316629 0 30 30 0.044048976147047884 0 1.0309999999999994e-14 1.9686194411714139e+22 5.0465614369780733e-13 5.2298805024642072e-12 2712041.5290944376
d 0 0 0.021352948224578266 -1.007605501620544e-31 -13.9 -13.9 -0.075605390602987946 0 30 30 0.054252440361399562 0 1.0629999999999987e-14 1.4572229068468831e+22 7.4711899851996212e-13 5.9769995009841702e-12 2778942.6560784038
d 0 0 0.024261661520712768 -2.5585954400606743e-31 -13.9 -13.9 -0.090687642623116335 0 30 30 0.066425980893156988 0 1.1269999999999972e-14 4.3194047300492381e+21 4.4291224368680077e-13 6.419911744670971e-12 2925035.893545392
d 0 0 0.023298945649564487 -6.2177818687942383e-29 -13.9 -13.9 -0.097100767390123049 0 30 30 0.073801821590646549 0 1.2549999999999942e-14 3.2501065641710031e+19 6.6653258053998962e-15 6.4265770704763712e-12 3193707.6924817623
d 0 0 0.021496336001585389 -2.603786979706907e-27 -13.9 -13.9 -0.097643592848544514 0 30 30 0.076147256250968701 0 1.3829999999999914e-14 9231561001055148 1.8932105932394532e-18 6.4265789636869651e-12 3392188.7366652424
d 0 0 0.020215442410364139 -2.3175641415629691e-26 -13.9 -13.9 -0.097962190784088479 0 30 30 0.077746748151197739 0 1.5109999999999885e-14 98982069218.067535 2.0299264876545502e-23 6.4265789637072641e-12 3523020.0877733557
d 0 0 0.018613139926661137 -2.716903193343176e-25 -13.9 -13.9 -0.098861284476318756 0 30 30 0.08024814449659641 0 1.7669999999999825e-14 0.00061211190042696675 2.5106409067844766e-37 6.4265789637072641e-12 3688098.7668598946
d 0 0 0.017610094022523486 -1.754087927732713e-24 -13.9 -13.9 -0.099840557303048874 0 30 30 0.082230463234472237 0 2.0229999999999766e-14 7.6863558038252276e-24 3.1526391321134539e-57 6.4265789637072641e-12 3825776.0246394272
d 0 0 0.01606661331782723 -5.1187641600524419e-23 -13.9 -13.9 -0.10109979324928432 0 30 30 0.085033180102212003 0 2.5349999999999647e-14 1.0147192682177659e-80 8.3239541721469772e-114 6.4265789637072641e-12 4101256.1070747157
d 0 0 0.013849780662067013 -1.2588791893889052e-20 -13.9 -13.9 -0.10210876340858406 0 30 30 0.088258982487853341 0 3.558999999999941e-14 8.6892272313885979e-263 1.4255909300409183e-295 6.4265789637072641e-12 4642437.0732437214
d 0 0 0.0091167850560759933 -1.5148038075114167e-17 -13.9 -13.9 -0.098466562494917934 0 30 30 0.089349777487738299 0 5.6069999999998935e-14 0 0 6.4265789637072641e-12 5583882.4432491483
d 0 0 0.0032463339042263705 -4.299793431922153e-16 -13.9 -13.9 -0.088992305496520402 0 30 30 0.085745971587808986 0 7.4373914508021859e-14 0 0 6.4265789637072641e-12 6173235.6764798956
d 0 0 0.00090810132916137342 -1.1244135069439024e-15 -13.9 -13.9 -0.084794329376544214 0 30 30 0.083886227900371244 0 8.3391178007925289e-14 0 0 6.4265789637072641e-12 6367527.3021464869
d 0 0 -0.0011262141870501576 -2.4927471361229343e-15 -13.9 -13.9 -0.080866883472488466 0 30 30 0.081993097502020523 0 9.2408441507828719e-14 0 0 6.4265789637072641e-12 6537899.4397340557
d 0 0 -0.0029529768424045419 -4.908459408279448e-15 -13.9 -13.9 -0.076949056637524049 0 30 30 0.079902033310646756 0 1.0142570500773215e-13 0 0 6.4265789637072641e-12 6690133.520490272
d 0 0 -0.0046517379831514929 -8.7967310765673533e-15 -13.9 -13.9 -0.0728173859835205 0 30 30 0.077469123830541137 0 1.1044296850763558e-13 0 0 6.4265789637072641e-12 6826838.8178333286
d 0 0 -0.0062180204901078149 -1.4564564798910291e-14 -13.9 -13.9 -0.068465025107404764 0 30 30 0.074683045569707673 0 1.1946023200753902e-13 0 0 6.4265789637072641e-12 6949326.4637758639
d 0 0 -0.0075978833112350166 -2.2550448661860065e-14 -13.9 -13.9 -0.064055854194127515 0 30 30 0.071653737498540523 0 1.2847749550744247e-13 0 0 6.4265789637072641e-12 7058789.2177007124
d 0 0 -0.0099169791773951396 -4.7597212325910579e-14 -13.9 -13.9 -0.055163953836199806 0 30 30 0.065080933003635058 0 1.4651202250724935e-13 0 0 6.4265789637072641e-12 7252082.1470595021
d 0 0 -0.010211027956954406 -5.406967831986663e-14 -13.9 -13.9 -0.053629404049241325 0 30 30 0.063840431737531705 0 1.5016166144011359e-13 0 0 6.4265789637072641e-12 7285773.5316526862
d 0 0 -0.010672460846533137 -6.8624925661047495e-14 -13.9 -13.9 -0.050807275147437742 0 30 30 0.061479735830749539 0 1.5746093930584206e-13 0 0 6.4265789637072641e-12 7349125.4886014275
d 0 0 -0.011187037519831022 -1.0500050318961557e-13 -13.9 -13.9 -0.046013629115104523 0 30 30 0.057200666569957627 0 1.7205949503729901e-13 0 0 6.4265789637072641e-12 7462769.900076543
d 0 0 -0.011241479041895361 -1.5053978824875487e-13 -13.9 -13.9 -0.042462521429573935 0 30 30 0.053704000411106456 0 1.8665805076875595e-13 0 0 6.4265789637072641e-12 7558855.2873809645
d 0 0 -0.011121127285086289 -2.093889736417068e-13 -13.9 -13.9 -0.039362644892319908 0 30 30 0.050483772106830201 0 2.012566065002129e-13 0 0 6.4265789637072641e-12 7646240.6021659793
d 0 0 -0.010875349671460251 -2.838485525319659e-13 -13.9 -13.9 -0.036622948852715921 0 30 30 0.04749829847014498 0 2.1585516223166984e-13 0 0 6.4265789637072641e-12 7726072.2434126223
d 0 0 -0.010538349203036729 -3.7608609465557974e-13 -13.9 -13.9 -0.034178252683343367 0 30 30 0.044716601822861052 0 2.3045371796312679e-13 0 0 6.4265789637072641e-12 7799178.2483563675
d 0 0 -0.0097085746376968859 -6.31930201097223e-13 -13.9 -13.9 -0.029731852666458215 0 30 30 0.03944042726572837 0 2.5965082942604068e-13 0 0 6.4265789637072641e-12 7932235.1866005855
d 0 0 -0.0094972527595185968 -7.0218855322629765e-13 -13.9 -13.9 -0.02886185479512645 0 30 30 0.038359107362994256 0 2.6623936171946196e-13 0 0 6.4265789637072641e-12 7959005.1679534893
d 0 0 -0.0090587574293943193 -8.5695988486741516e-13 -13.9 -13.9 -0.027242816951200996 0 30 30 0.03630157434571013 0 2.7941642630630453e-13 0 0 6.4265789637072641e-12 8009300.7163971867
d 0 0 -0.0081474447952645315 -1.224024972140129e-12 -13.9 -13.9 -0.024450810352964723 0 30 30 0.032598255127221261 0 3.0577055547998965e-13 0 0 6.4265789637072641e-12 8097803.6477299277
d 0 0 -0.0064001335817293553 -2.1856875954308514e-12 -13.9 -13.9 -0.02030051533123722 0 30 30 0.02670064890303998 0 3.584788138273599e-13 0 0 6.4265789637072641e-12 8233936.92370064
d 0 0 -0.0051133989663348272 -3.2515770451448978e-12 -13.9 -13.9 -0.018022878259948256 0 30 30 0.023136277251075258 0 4.111870721747302e-13 0 0 6.4265789637072641e-12 8314869.0264266934
d 0 0 -0.0041328699602026465 -4.4456051575505508e-12 -13.9 -13.9 -0.016494409581166037 0 30 30 0.020627279530223173 0 4.6389533052210045e-13 0 0 6.4265789637072641e-12 8371589.6913897349
d 0 0 -0.003406434001732947 -5.6741488975762233e-12 -13.9 -13.9 -0.015528754273140695 0 30 30 0.018935188264568938 0 5.166035888694707e-13 0 0 6.4265789637072641e-12 8410593.1938240193
d 0 0 -0.0028782564980230096 -6.8498374168705852e-12 -13.9 -13.9 -0.014966862102136115 0 30 30 0.017845118586609015 0 5.6931184721684095e-13 0 0 6.4265789637072641e-12 8436899.6440216135
d 0 0 -0.0024990415308470447 -7.9081238832022376e-12 -13.9 -13.9 -0.014681686620794632 0 30 30 0.017180728139488267 0 6.220201055642112e-13 0 0 6.4265789637072641e-12 8454267.8758509383
d 0 0 -0.001980992525947532 -9.7752614094529559e-12 -13.9 -13.9 -0.014461544612773216 0 30 30 0.016442537132898043 0 7.274366222589517e-13 0 0 6.4265789637072641e-12 8476146.7389846146
d 0 0 -0.0018638641375500415 -1.0331795473077433e-11 -13.9 -13.9 -0.014513486007302482 0 30 30 0.016377350133543321 0 7.735320263340017e-13 0 0 6.4265789637072641e-12 8480047.2957545687
d 0 0 -0.0017375513545462766 -1.114433437247443e-11 -13.9 -13.9 -0.014606631163162147 0 30 30 0.016344182508519631 0 8.657228344841017e-13 0 0 6.4265789637072641e-12 8484735.4278901853
d 0 0 -0.001712453465568355 -1.2371326587877187e-11 -13.9 -13.9 -0.013968831630856342 0 30 30 0.015681285092948596 0 1.0501044507843016e-12 0 0 6.4265789637072641e-12 8499553.9442787729
d 0 0 -0.00142276620179551 -1.4252969193915921e-11 -13.9 -13.9 -0.012470773249669637 0 30 30 0.013893539449873458 0 1.4188676833847014e-12 0 0 6.4265789637072641e-12 8532569.2572953366
d 0 0 -0.001286299404328137 -1.4952077237259654e-11 -13.9 -13.9 -0.011986208463511347 0 30 30 0.013272507859675408 0 1.6032492996849012e-12 0 0 6.4265789637072641e-12 8544064.2459637262
d 0 0 -0.0010273440334120536 -1.636871140625346e-11 -13.9 -13.9 -0.011215485434417371 0 30 30 0.012242829463777723 0 1.9720125322853008e-12 0 0 6.4265789637072641e-12 8563238.985092679
d 0 0 -0.00087410147797493823 -1.9155889607347135e-11 -13.9 -13.9 -0.010594744196924603 0 30 30 0.011468845676028043 0 2.7095389974861e-12 0 0 6.4265789637072641e-12 8579972.0656636227
d 0 0 -0.00098466985797878879 -2.3733127113586972e-11 -13.9 -13.9 -0.0099039657440765684 0 30 30 0.010888635601333489 0 3.8547694987430509e-12 0 0 6.4265789637072641e-12 8592952.8505854663
d 0 0 -0.0011153282118890667 -2.7020866845620837e-11 -13.9 -13.9 -0.0092559607687759029 0 30 30 0.010371288981434584 0 5.0000000000000013e-12 0 0 6.4265789637072641e-12 8602509.9265279006
d 0 0 -0.0011154365734302764 -2.7023220415837157e-11 -13.9 -13.9 -0.0092554877815178779 0 30 30 0.010370925277768004 0 5.001000000000001e-12 0 0 6.4265789637072641e-12 8602516.5021580793
d 0 0 -0.0011156486619314967 -2.7027919701817203e-11 -13.9 -13.9 -0.0092545603390652344 0 30 30 0.010370208996374679 0 5.0030000000000004e-12 0 0 6.4265789637072641e-12 8602529.4878188036
d 0 0 -0.0011160579739308786 -2.7037285442332126e-11 -13.9 -13.9 -0.0092527688965917902 0 30 30 0.01036882687559568 0 5.0069999999999992e-12 0 0 6.4265789637072641e-12 8602554.8442016207
d 0 0 -0.0011168439733821691 -2.7055890909333148e-11 -13.9 -13.9 -0.009249376443674566 0 30 30 0.010366220416239039 0 5.0149999999999967e-12 0 0 6.4265789637072641e-12 8602603.4951406755
d 0 0 -0.0011183768641448834 -2.7092663003005056e-11 -13.9 -13.9 -0.009243080838344896 0 30 30 0.010361457716407417 0 5.0309999999999918e-12 0 0 6.4265789637072641e-12 8602694.5597438235
d 0 0 -0.0011214833134198705 -2.7164800151894602e-11 -13.9 -13.9 -0.0092315922100460069 0 30 30 0.010353075497728395 0 5.062999999999982e-12 0 0 6.4265789637072641e-12 8602859.2517943569
d 0 0 -0.001128179245486739 -2.7304798657769647e-11 -13.9 -13.9 -0.0092108951599838371 0 30 30 0.010339074393944103 0 5.1269999999999623e-12 0 0 6.4265789637072641e-12 8603142.4031307995
d 0 0 -0.0011434768460537638 -2.7572364821738458e-11 -13.9 -13.9 -0.0091740441763527511 0 30 30 0.010317521016695523 0 5.254999999999923e-12 0 0 6.4265789637072641e-12 8603594.1969920285
d 0 0 -0.0011786302449903903 -2.8074276329112754e-11 -13.9 -13.9 -0.0091085262589395873 0 30 30 0.010287156507274442 0 5.5109999999998443e-12 0 0 6.4265789637072641e-12 8604261.0919512324
d 0 0 -0.0012555724583232426 -2.8992454148984101e-11 -13.9 -13.9 -0.0089901522657546418 0 30 30 0.010245724722491845 0 6.0229999999996871e-12 0 0 6.4265789637072641e-12 8605199.8378205914
d 0 0 -0.0014184393211440448 -3.0592271830965488e-11 -13.9 -13.9 -0.0087767822860435052 0 30 30 0.010195221606093551 0 7.0469999999993725e-12 0 0 6.4265789637072641e-12 8606331.767810693
d 0 0 -0.0017869797842052311 -3.3187531746898463e-11 -13.9 -13.9 -0.0083594428801052664 0 30 30 0.010146422663810941 0 9.0949999999987434e-12 0 0 6.4265789637072641e-12 8607224.4420725219
d 0 0 -0.002726288779142729 -3.6562879421762064e-11 -13.9 -13.9 -0.0073274323416306639 0 30 30 0.010053721120565339 0 1.3190999999997485e-11 0 0 6.4265789637072641e-12 8607681.3128467686
d 0 0 -0.0065932985604204184 -3.5982811892879771e-11 -13.9 -13.9 -0.0034749621614379956 0 30 30 0.010068260721751069 0 2.1382999999994967e-11 0 0 6.4265789637072641e-12 8602218.0978932735
d 0 0 -0.0075581059248543579 -3.436150679346079e-11 -13.9 -13.9 -0.0026169557797427584 0 30 30 0.010175061705204262 0 2.3171562499995282e-11 0 0 6.4265789637072641e-12 8598206.5400421992
d 0 0 -0.0088412250306840797 -3.1714001227718243e-11 -13.9 -13.9 -0.0015890296152687605 0 30 30 0.010430254645728576 0 2.5433969229502453e-11 0 0 6.4265789637072641e-12 8590024.8196757119
d 0 0 -0.0091334055793817134 -3.1055065859687016e-11 -13.9 -13.9 -0.0013806507780831524 0 30 30 0.010514056359014871 0 2.5951789890026238e-11 0 0 6.4265789637072641e-12 8587568.8632153459
d 0 0 -0.0097085067906441131 -2.9758152896559774e-11 -13.9 -13.9 -0.00099973510566308188 0 30 30 0.010708241896367451 0 2.6964839744636616e-11 0 0 6.4265789637072641e-12 8582111.4638464414
d 0 0 -0.010857204439045183 -2.7151944462708561e-11 -13.9 -13.9 -0.00036633935770607893 0 30 30 0.011223543795911015 0 2.8990939453857372e-11 0 0 6.4265789637072641e-12 8567797.404565651
d 0 0 -0.011023374486776549 -2.6766846550028879e-11 -13.9 -13.9 -0.00028870280026923684 0 30 30 0.011312077285417698 0 2.9284023031642732e-11 0 0 6.4265789637072641e-12 8565190.9078027532
d 0 0 -0.01135614978503892 -2.597059217297794e-11 -13.9 -13.9 -0.00014295115431506463 0 30 30 0.01149910093831609 0 2.9870190187213451e-11 0 0 6.4265789637072641e-12 8559306.0156328958
d 0 0 -0.01202057201525848 -2.424331943553878e-11 -13.9 -13.9 0.00010747891415344449 0 30 30 0.011913093100871647 0 3.104252449835489e-11 0 0 6.4265789637072641e-12 8543193.239095604
d 0 0 -0.012284470145097861 -2.3500870339323205e-11 -13.9 -13.9 0.0001923487026287934 0 30 30 0.012092121440936554 0 3.150839864214384e-11 0 0 6.4265789637072641e-12 8534036.9148263969
d 0 0 -0.012812608577341761 -2.1929069115056084e-11 -13.9 -13.9 0.00033773250048148778 0 30 30 0.012474876076611572 0 3.2440146929721741e-11 0 0 6.4265789637072641e-12 8509196.1855722517
d 0 0 -0.013367874191204851 -2.0243430656530643e-11 -13.9 -13.9 0.00045490559745562856 0 30 30 0.012912968593599788 0 3.3416863613133158e-11 0 0 6.4265789637072641e-12 8476091.5693768412
d 0 0 -0.013414119037524548 -2.0105453906267265e-11 -13.9 -13.9 0.00046299234726163391 0 30 30 0.012951126686001064 0 3.3497990447633897e-11 0 0 6.4265789637072641e-12 8473167.0116418786
d 0 0 -0.013506701657712807 -1.9832335703448809e-11 -13.9 -13.9 0.00047840969112822996 0 30 30 0.013028291965118738 0 3.3660244116635376e-11 0 0 6.4265789637072641e-12 8467358.4250080138
d 0 0 -0.013692292450863756 -1.9298001072110242e-11 -13.9 -13.9 0.00050646682362651249 0 30 30 0.013185825626327079 0 3.3984751454638334e-11 0 0 6.4265789637072641e-12 8455763.0284977499
d 0 0 -0.014064798939382932 -1.828751186992846e-11 -13.9 -13.9 0.00055135491733800015 0 30 30 0.013513444021299391 0 3.463376613064425e-11 0 0 6.4265789637072641e-12 8433202.8100698031
d 0 0 -0.014176513142319557 -1.8002324173453832e-11 -13.9 -13.9 0.00056207331535575806 0 30 30 0.013614439833930552 0 3.4827620693652e-11 0 0 6.4265789637072641e-12 8426724.1828793772
d 0 0 -0.014400930122681031 -1.7456486379950726e-11 -13.9 -13.9 0.00058045660477482411 0 30 30 0.013820473521160852 0 3.52153298196675e-11 0 0 6.4265789637072641e-12 8414165.1375773735
d 0 0 -0.014853497181048999 -1.6454782950273314e-11 -13.9 -13.9 0.00060658993666733076 0 30 30 0.014246907246039863 0 3.5990748071698499e-11 0 0 6.4265789637072641e-12 8389973.0865086354
d 0 0 -0.015313766932109915 -1.5575892796028538e-11 -13.9 -13.9 0.00061666951509769012 0 30 30 0.014697097418690944 0 3.6766166323729498e-11 0 0 6.4265789637072641e-12 8366766.224254447
d 0 0 -0.015546491734450855 -1.5151739311447621e-11 -13.9 -13.9 0.00062207094831981781 0 30 30 0.014924420790080273 0 3.7153875449744998e-11 0 0 6.4265789637072641e-12 8354480.2923094817
d 0 0 -0.016016416813338125 -1.4329857641182441e-11 -13.9 -13.9 0.00063260186398590539 0 30 30 0.015383814950997794 0 3.7929293701775997e-11 0 0 6.4265789637072641e-12 8329024.9687848138
d 0 0 -0.016017072435569241 -1.4329457895612753e-11 -13.9 -13.9 0.00060764706609876102 0 30 30 0.015383538580703021 0 3.7929544129007522e-11 0 0 6.4265789637072641e-12 8328994.9722920926
d 0 0 -0.016016797081637793 -1.4328944374033289e-11 -13.9 -13.9 0.00063242307268556786 0 30 30 0.015384373870342678 0 3.7930044983470571e-11 0 0 6.4265789637072641e-12 8328979.1384082967
d 0 0 -0.016017415136200475 -1.4327915619722883e-11 -13.9 -13.9 0.00063244844927093575 0 30 30 0.015384966740538263 0 3.7931046692396671e-11 0 0 6.4265789637072641e-12 8328947.1967162704
d 0 0 -0.016018646994980224 -1.4325853216792344e-11 -13.9 -13.9 0.00063248945853158311 0 30 30 0.01538615738729685 0 3.7933050110248869e-11 0 0 6.4265789637072641e-12 8328882.5190451955
d 0 0 -0.016021100557811325 -1.4321717377227895e-11 -13.9 -13.9 0.00063255141351344806 0 30 30 0.015388549129974801 0 3.7937056945953267e-11 0 0 6.4265789637072641e-12 8328751.3166637272
d 0 0 -0.016025990375276203 -1.4313428627779037e-11 -13.9 -13.9 0.00063264269119240235 0 30 30 0.015393347699557561 0 3.7945070617362062e-11 0 0 6.4265789637072641e-12 8328485.7288225628
d 0 0 -0.016035751595231875 -1.4296840288982956e-11 -13.9 -13.9 0.00063278614152398425 0 30 30 0.015402965452644813 0 3.7961097960179652e-11 0 0 6.4265789637072641e-12 8327950.7145644184
d 0 0 -0.016055266907084562 -1.4263702576333409e-11 -13.9 -13.9 0.00063303570229057498 0 30 30 0.015422231236530639 0 3.7993152645814833e-11 0 0 6.4265789637072641e-12 8326878.5079244254
d 0 0 -0.01609433328456444 -1.4197651380791822e-11 -13.9 -13.9 0.0006335033328594273 0 30 30 0.015460829969088517 0 3.8057262017085194e-11 0 0 6.4265789637072641e-12 8324738.0586186592
d 0 0 -0.016172655843844065 -1.4066403191483042e-11 -13.9 -13.9 0.00063442198265377435 0 30 30 0.01553823385448877 0 3.8185480759625917e-11 0 0 6.4265789637072641e-12 8320475.5788374618
d 0 0 -0.016330074676758254 -1.3806812059768853e-11 -13.9 -13.9 0.0006363293351647687 0 30 30 0.015693745337748432 0 3.8441918244707362e-11 0 0 6.4265789637072641e-12 8312008.5986971976
d 0 0 -0.016647866256159487 -1.3295086786852768e-11 -13.9 -13.9 0.00064083907586850726 0 30 30 0.01600702718119618 0 3.8954793214870251e-11 0 0 6.4265789637072641e-12 8295180.9252718808
d 0 0 -0.016969163970439943 -1.2784617299781094e-11 -13.9 -13.9 0.00064383829829522021 0 30 30 0.016325325673391896 0 3.9467668185033141e-11 0 0 6.4265789637072641e-12 8278414.3925232971
d 0 0 -0.017622394660849625 -1.1752528111274553e-11 -13.9 -13.9 0.00066229451784866381 0 30 30 0.016960100147475645 0 4.0493418125358921e-11 0 0 6.4265789637072641e-12 8243623.3396448065
d 0 0 -0.017643210761306465 -1.1719031640197421e-11 -13.9 -13.9 0.00066293422591708312 0 30 30 0.016980276524412575 0 4.052588727284228e-11 0 0 6.4265789637072641e-12 8242479.2620289428
d 0 0 -0.017684863424508781 -1.1651904413079348e-11 -13.9 -13.9 0.00066421600078934583 0 30 30 0.017020647430882545 0 4.0590825567808997e-11 0 0 6.4265789637072641e-12 8240183.2119087093
d 0 0 -0.017768283317789332 -1.1517111597002218e-11 -13.9 -13.9 0.00066682353194953692 0 30 30 0.017101459788406773 0 4.0720702157742432e-11 0 0 6.4265789637072641e-12 8235562.382152468
d 0 0 -0.017935553494239424 -1.1245446217043604e-11 -13.9 -13.9 0.0006722015673957545 0 30 30 0.017263351927131999 0 4.0980455337609303e-11 0 0 6.4265789637072641e-12 8226206.0794188455
d 0 0 -0.01827165456582068 -1.0695443118376702e-11 -13.9 -13.9 0.00068335195636305723 0 30 30 0.017588302610567003 0 4.1499961697343044e-11 0 0 6.4265789637072641e-12 8207049.3822127664
d 0 0 -0.018609618391021491 -1.0136442397315034e-11 -13.9 -13.9 0.00069154698691721713 0 30 30 0.017918071405522741 0 4.2019468057076784e-11 0 0 6.4265789637072641e-12 8187480.9170737658
d 0 0 -0.018950202917077111 -9.5863455000497759e-12 -13.9 -13.9 0.00070042807008575741 0 30 30 0.018249774847640499 0 4.2538974416810525e-11 0 0 6.4265789637072641e-12 8167704.8157549212
d 0 0 -0.019292787127347211 -9.0476937316115314e-12 -13.9 -13.9 0.0007092615407084113 0 30 30 0.018583525587540967 0 4.3058480776544266e-11 0 0 6.4265789637072641e-12 8147694.7592518646
d 0 0 -0.019637157011395946 -8.5227360161787895e-12 -13.9 -13.9 0.00071780682578737943 0 30 30 0.01891935018646676 0 4.3577987136278007e-11 0 0 6.4265789637072641e-12 8127326.7400848251
d 0 0 -0.019983437421271358 -8.0127638343375589e-12 -13.9 -13.9 0.00072631365633277396 0 30 30 0.019257123765598936 0 4.4097493496011748e-11 0 0 6.4265789637072641e-12 8106388.4625342209
d 0 0 -0.020331654724368261 -7.5184515780252409e-12 -13.9 -13.9 0.00073493902601916414 0 30 30 0.019596715699295074 0 4.4616999855745488e-11 0 0 6.4265789637072641e-12 8084664.3974664602
d 0 0 -0.020681849164040325 -7.0405279708388794e-12 -13.9 -13.9 0.00074376449047394927 0 30 30 0.019938084674386517 0 4.5136506215479229e-11 0 0 6.4265789637072641e-12 8062033.7823925968
d 0 0 -0.02103400716802881 -6.5802149734978953e-12 -13.9 -13.9 0.00075268892442155889 0 30 30 0.020281318244574732 0 4.565601257521297e-11 0 0 6.4265789637072641e-12 8038523.1319808513
d 0 0 -0.021388210491902915 -6.1392282975929389e-12 -13.9 -13.9 0.00076158008334406069 0 30 30 0.020626630409121733 0 4.6175518934946711e-11 0 0 6.4265789637072641e-12 8014294.8594086319
d 0 0 -0.021744537226626476 -5.7194702773387662e-12 -13.9 -13.9 0.00077024150668727933 0 30 30 0.020974295721045363 0 4.6695025294680452e-11 0 0 6.4265789637072641e-12 7989593.8527285382
d 0 0 -0.022103033523759995 -5.3226532450624628e-12 -13.9 -13.9 0.00077844077050797137 0 30 30 0.021324592753929159 0 4.7214531654414192e-11 0 0 6.4265789637072641e-12 7964687.6649484318
d 0 0 -0.022463735380185854 -4.9500246641719015e-12 -13.9 -13.9 0.00078597352748535491 0 30 30 0.02167776185306582 0 4.7734038014147933e-11 0 0 6.4265789637072641e-12 7939824.0494772876
d 0 0 -0.022826676576676141 -4.6022453878569323e-12 -13.9 -13.9 0.00079268915255909314 0 30 30 0.022033987424498601 0 4.8253544373881674e-11 0 0 6.4265789637072641e-12 7915210.7469665091
d 0 0 -0.023440607014915241 -4.0704674901174344e-12 -13.9 -13.9 0.00080478116502877186 0 30 30 0.02263582585035576 0 4.9126772186940841e-11 0 0 6.4265789637072641e-12 7874323.8006795589
d 0 0 -0.023749235574900603 -3.8288939653057398e-12 -13.9 -13.9 0.00080878437469354182 0 30 30 0.022940451197331936 0 4.9563386093470425e-11 0 0 6.4265789637072641e-12 7854373.808596177
d 0 0 -0.024059582077158567 -3.6037936375473173e-12 -13.9 -13.9 0.00081191743920920839 0 30 30 0.023247664638449371 0 5.0000000000000015e-11 0 0 6.4265789637072641e-12 7834932.6171663068
d 0 0 -0.024066709946260905 -3.5988270367705784e-12 -13.9 -13.9 0.00081197967769385557 0 30 30 0.02325473038762952 0 5.0010000000000017e-11 0 0 6.4265789637072641e-12 7834493.6080164509
d 0 0 -0.024080967804945733 -3.5889190018836383e-12 -13.9 -13.9 0.00081210235436709869 0 30 30 0.023268865500530818 0 5.003000000000002e-11 0 0 6.4265789637072641e-12 7833616.4624248194
d 0 0 -0.024109493944112315 -3.5692034012540322e-12 -13.9 -13.9 0.00081234264405473833 0 30 30 0.023297151326786007 0 5.0070000000000027e-11 0 0 6.4265789637072641e-12 7831865.6717383452
d 0 0 -0.024166588784180935 -3.530172341542713e-12 -13.9 -13.9 0.00081280328261587598 0 30 30 0.023353785512860527 0 5.0150000000000041e-11 0 0 6.4265789637072641e-12 7828378.1591177993
d 0 0 -0.024280935419586765 -3.4536954371180351e-12 -13.9 -13.9 0.00081363383859959257 0 30 30 0.023467301587939204 0 5.031000000000007e-11 0 0 6.4265789637072641e-12 7821459.854000357
d 0 0 -0.024510196158951048 -3.3069468457949663e-12 -13.9 -13.9 0.00081489540022397717 0 30 30 0.023695300761660914 0 5.0630000000000127e-11 0 0 6.4265789637072641e-12 7807853.0123666208
d 0 0 -0.024971189289607502 -3.0370495653087386e-12 -13.9 -13.9 0.0008161532159994036 0 30 30 0.024155036075108067 0 5.127000000000024e-11 0 0 6.4265789637072641e-12 7781570.9906840045
d 0 0 -0.025903624552847719 -2.5807598816788226e-12 -13.9 -13.9 0.00081538350614395252 0 30 30 0.02508824104758655 0 5.2550000000000467e-11 0 0 6.4265789637072641e-12 7732676.0999542233
d 0 0 -0.027809073287078302 -1.9132459905599098e-12 -13.9 -13.9 0.00081210712873824864 0 30 30 0.026996966157940876 0 5.5110000000000922e-11 0 0 6.4265789637072641e-12 7646782.0186335379
d 0 0 -0.029765647506351044 -1.4370915742464011e-12 -13.9 -13.9 0.00082661989077975292 0 30 30 0.028939027615309792 0 5.7670000000001376e-11 0 0 6.4265789637072641e-12 7568211.2212698376
d 0 0 -0.030573039444310626 -1.2739706309823285e-12 -13.9 -13.9 0.00084163199488431362 0 30 30 0.029731407450206793 0 5.8708493922922864e-11 0 0 6.4265789637072641e-12 7535794.9337368039
d 0 0 -0.032209733251489452 -9.8041716362953629e-13 -13.9 -13.9 0.00088717264407030141 0 30 30 0.031322560608225102 0 6.0785481768765841e-11 0 0 6.4265789637072641e-12 7466128.9686859651
d 0 0 -0.033873346474497086 -7.2723160498392327e-13 -13.9 -13.9 0.00095033892907799976 0 30 30 0.032923007544520613 0 6.2862469614608818e-11 0 0 6.4265789637072641e-12 7386451.1029819874
d 0 0 -0.03532571613172631 -5.4388504138048528e-13 -13.9 -13.9 0.0010114651456882159 0 30 30 0.034314250984227454 0 6.4652241302548158e-11 0 0 6.4265789637072641e-12 7307624.3230892466
d 0 0 -0.036598740269717836 -4.1352348188855741e-13 -13.9 -13.9 0.0010613408238762938 0 30 30 0.035537399445797729 0 6.6207268003498285e-11 0 0 6.4265789637072641e-12 7232623.4879168458
d 0 0 -0.039169869037118367 -2.316068843312781e-13 -13.9 -13.9 0.0011334393344733813 0 30 30 0.038036429702012882 0 6.931732140539854e-11 0 0 6.4265789637072641e-12 7076295.904446464
d 0 0 -0.044369959472968644 -7.1388765085144156e-14 -13.9 -13.9 0.0011963143932020466 0 30 30 0.043173645067369433 0 7.553742820919905e-11 0 0 6.4265789637072641e-12 6781317.4209944122
d 0 0 -0.049631037515705106 -2.0018490986106676e-14 -13.9 -13.9 0.0012978730838916859 0 30 30 0.048333164431255328 0 8.1757535012999559e-11 0 0 6.4265789637072641e-12 6498774.8702038126
d 0 0 -0.05383921436937588 -3.0320912819403901e-15 -13.9 -13.9 0.0020618533719894677 0 30 30 0.051777360978297896 0 8.7977641816800069e-11 0 0 6.4265789637072641e-12 6119578.0820788248
d 0 0 -0.05631893531369625 -1.0441266934364411e-16 -13.9 -13.9 0.0031681534676425011 0 30 30 0.053150781850974077 0 9.4197748620600579e-11 0 0 6.4265789637072641e-12 5540790.8661524011
d 0 0 -0.057367859398081561 -1.4003351597089064e-18 -13.9 -13.9 0.0032892429589875833 0 30 30 0.054078616444077278 0 9.9762657525407201e-11 0 0 6.4265789637072641e-12 4941573.7231583446
d 0 0 -0.056987704876093295 -1.1280356339359391e-20 -13.9 -13.9 0.0028763992086311345 0 30 30 0.054111305408824834 0 1.0532756643021382e-10 0 0 6.4265789637072641e-12 4407802.3061914444
d 0 0 -0.055954829217124413 -9.2888530401545085e-22 -13.9 -13.9 0.0027144177368965249 0 30 30 0.053240411472099035 0 1.0811002088261713e-10 0 0 6.4265789637072641e-12 4171980.9803243256
d 0 0 -0.054534140830503924 -7.8297004732570082e-23 -13.9 -13.9 0.0024970739866723448 0 30 30 0.052037066815663557 0 1.1089247533502044e-10 0 0 6.4265789637072641e-12 3960454.7920901356
d 0 0 -0.052888124573927199 -8.0097643656939482e-24 -13.9 -13.9 0.0021754283301213258 0 30 30 0.050712696200844586 0 1.1367492978742376e-10 0 0 6.4265789637072641e-12 3781940.8387684296
d 0 0 -0.049280303835826891 -1.7140202145248703e-25 -13.9 -13.9 0.0013170029045232732 0 30 30 0.047963300927761576 0 1.1923983869223038e-10 0 0 6.4265789637072641e-12 3510065.5360133941
d 0 0 -0.04677446643830703 -1.9837898504260769e-26 -13.9 -13.9 0.00064288829799716513 0 30 30 0.046131578124077158 0 1.24804747597037e-10 0 0 6.4265789637072641e-12 3369603.5680463114
d 0 0 -0.045611291398336466 -8.3585409115833388e-27 -13.9 -13.9 0.00051169132623331292 0 30 30 0.045099599931025691 0 1.2913558592051438e-10 0 0 6.4265789637072641e-12 3314508.7966159359
d 0 0 -0.044300081351718937 -3.8934193545209144e-27 -13.9 -13.9 0.0004649337659026795 0 30 30 0.043835147599205759 0 1.3346642424399177e-10 0 0 6.4265789637072641e-12 3266873.2024605577
d 0 0 -0.041544869466918127 -1.0535011612908312e-27 -13.9 -13.9 0.00038060589502440074 0 30 30 0.041164263571989511 0 1.4173321212199591e-10 0 0 6.4265789637072641e-12 3188212.2562099244
d 0 0 -0.039358824384838599 -4.1945871042921063e-28 -13.9 -13.9 0.00025358359601342491 0 30 30 0.039105240785977727 0 1.5000000000000002e-10 0 0 6.4265789637072641e-12 3134669.8694027457
d 0 0 -0.039135529356068462 -3.8418876406281065e-28 -13.9 -13.9 0.00024814719542926847 0 30 30 0.038887382159688608 0 1.5100000000000002e-10 0 0 6.4265789637072641e-12 3129584.4172071842
d 0 0 -0.038689923718275655 -3.2434522535635614e-28 -13.9 -13.9 0.00023959444909492735 0 30 30 0.038450329266327209 0 1.5300000000000001e-10 0 0 6.4265789637072641e-12 3119801.7686012937
d 0 0 -0.037801112648555256 -2.3588436384805953e-28 -13.9 -13.9 0.00022465143555575122 0 30 30 0.037576461187391719 0 1.57e-10 0 0 6.4265789637072641e-12 3101483.2206359562
d 0 0 -0.036126670988793498 -1.3461841663486053e-28 -13.9 -13.9 0.00018773821273320731 0 30 30 0.035938932797120474 0 1.6499999999999997e-10 0 0 6.4265789637072641e-12 3069330.325124756
d 0 0 -0.034414401248980216 -7.7239505424343889e-29 -13.9 -13.9 0.00014182117821660929 0 30 30 0.034272580070717276 0 1.7500516332057933e-10 0 0 6.4265789637072641e-12 3037368.1161275539
d 0 0 -0.034123418452222727 -7.0274842654494421e-29 -13.9 -13.9 0.00013502114556392521 0 30 30 0.033988397306835651 0 1.7701655470321613e-10 0 0 6.4265789637072641e-12 3031896.985774436
d 0 0 -0.033649225518488125 -6.027137494393069e-29 -13.9 -13.9 0.00012569762656349404 0 30 30 0.033523527882161334 0 1.8048949139788542e-10 0 0 6.4265789637072641e-12 3022971.3604144622
d 0 0 -0.032710632684684396 -4.5057429933558278e-29 -13.9 -13.9 0.00012346107182307798 0 30 30 0.032587171433102829 0 1.8743536478722398e-10 0 0 6.4265789637072641e-12 3005944.6458209637
d 0 0 -0.030710300242258973 -2.5795979997806873e-29 -13.9 -13.9 0.00010820198830243845 0 30 30 0.030602098276363447 0 2.013271115659011e-10 0 0 6.4265789637072641e-12 2972936.0026247771
d 0 0 -0.02951476470015673 -1.8021400870634773e-29 -13.9 -13.9 7.8191821530914258e-05 0 30 30 0.029436572810027564 0 2.1521885834457822e-10 0 0 6.4265789637072641e-12 2951004.7919651531
d 0 0 -0.028600508072438226 -1.3742116137067425e-29 -13.9 -13.9 6.1443991909657724e-05 0 30 30 0.028539064039373518 0 2.2911060512325534e-10 0 0 6.4265789637072641e-12 2933925.3608441604
d 0 0 -0.027621272817360092 -1.0711807391356759e-29 -13.9 -13.9 5.3535445398047018e-05 0 30 30 0.027567737380831184 0 2.4300235190193247e-10 0 0 6.4265789637072641e-12 2917942.1266628304
d 0 0 -0.026661774189915558 -8.6149344606837437e-30 -13.9 -13.9 4.9071809051921437e-05 0 30 30 0.026612702375355315 0 2.5689409868060959e-10 0 0 6.4265789637072641e-12 2903646.1827747379
d 0 0 -0.02616575476635382 -7.7344191360256538e-30 -13.9 -13.9 4.5514242949841002e-05 0 30 30 0.026120240376811224 0 2.6513013150412439e-10 0 0 6.4265789637072641e-12 2896406.8113618242
d 0 0 -0.025649374301849256 -6.9760258055193181e-30 -13.9 -13.9 4.4902623494032972e-05 0 30 30 0.025604471644300544 0 2.733661643276392e-10 0 0 6.4265789637072641e-12 2889415.6879040753
d 0 0 -0.025119627588259075 -6.3216121290515658e-30 -13.9 -13.9 4.2560085570173057e-05 0 30 30 0.025077067510577002 0 2.8160219715115401e-10 0 0 6.4265789637072641e-12 2882686.0398153155
d 0 0 -0.024173766913709056 -5.3429931652284698e-30 -13.9 -13.9 3.1225515141074993e-05 0 30 30 0.024142541405700348 0 2.9807426279818362e-10 0 0 6.4265789637072641e-12 2870960.4551321501
d 0 0 -0.023806687657362234 -4.9978769302505373e-30 -13.9 -13.9 2.5458749350602798e-05 0 30 30 0.02378122890778113 0 3.06835604103209e-10 0 0 6.4265789637072641e-12 2866137.1590128904
d 0 0 -0.023213265430103627 -4.4925691848545511e-30 -13.9 -13.9 2.0795832410283491e-05 0 30 30 0.023192469587437241 0 3.2435828671325976e-10 0 0 6.4265789637072641e-12 2858209.2969721989
d 0 0 -0.022613536417692703 -4.0850470825624251e-30 -13.9 -13.9 2.1185761748725758e-05 0 30 30 0.022592350649613503 0 3.4188096932331052e-10 0 0 6.4265789637072641e-12 2851055.6980951433
d 0 0 -0.022183472926371683 -3.8435746489241123e-30 -13.9 -13.9 2.127953344405859e-05 0 30 30 0.022162193392271906 0 3.5345351016047932e-10 0 0 6.4265789637072641e-12 2846483.5665362352
d 0 0 -0.021703410145413323 -3.6118848607557357e-30 -13.9 -13.9 2.2929991209063077e-05 0 30 30 0.02168048014024191 0 3.6502605099764813e-10 0 0 6.4265789637072641e-12 2841860.3930639368
d 0 0 -0.021221744095276114 -3.4040534104114718e-30 -13.9 -13.9 2.0027818784131377e-05 0 30 30 0.021201716361359382 0 3.7659859183481693e-10 0 0 6.4265789637072641e-12 2837455.2069681808
d 0 0 -0.020504988294599506 -3.1200870962193812e-30 -13.9 -13.9 1.2503572023333493e-05 0 30 30 0.020492484725655513 0 3.9974367350915454e-10 0 0 6.4265789637072641e-12 2830766.7247352377
d 0 0 -0.019969268776708977 -2.9333662835216335e-30 -13.9 -13.9 1.0972965624148894e-05 0 30 30 0.019958295799396768 0 4.2288875518349214e-10 0 0 6.4265789637072641e-12 2825843.3712089136
d 0 0 -0.01970867492536622 -2.8542374751359464e-30 -13.9 -13.9 1.1489865763950744e-05 0 30 30 0.019697185008910465 0 4.3446129602066095e-10 0 0 6.4265789637072641e-12 2823662.7590451222
d 0 0 -0.019414655745408398 -2.772225409403814e-30 -13.9 -13.9 1.2613265504577706e-05 0 30 30 0.019402042529891032 0 4.4603383685782975e-10 0 0 6.4265789637072641e-12 2821395.8075798596
d 0 0 -0.01905059806981408 -2.6777304115284299e-30 -13.9 -13.9 1.4317377591635646e-05 0 30 30 0.019036280633111018 0 4.5760637769499855e-10 0 0 6.4265789637072641e-12 2818793.597264044
d 0 0 -0.018683683222520099 -2.5884662716416512e-30 -13.9 -13.9 1.2710206375276199e-05 0 30 30 0.018670973073404838 0 4.6917891853216736e-10 0 0 6.4265789637072641e-12 2816272.2149284584
d 0 0 -0.0184209579056311 -2.5282630168503185e-30 -13.9 -13.9 1.0706470742281746e-05 0 30 30 0.018410251407000443 0 4.7969860846075101e-10 0 0 6.4265789637072641e-12 2814479.4418384884
d 0 0 -0.018190903901780769 -2.4784026025075353e-30 -13.9 -13.9 9.2888989253599182e-06 0 30 30 0.018181614955376416 0 4.9021829838933466e-10 0 0 6.4265789637072641e-12 2812939.2334650103
d 0 0 -0.01773919779838715 -2.3869679001512338e-30 -13.9 -13.9 7.8591597736790423e-06 0 30 30 0.017731338638681406 0 5.1125767824650196e-10 0 0 6.4265789637072641e-12 2810048.6188254803
d 0 0 -0.017708164389209004 -2.3810593977455467e-30 -13.9 -13.9 8.0336963608010511e-06 0 30 30 0.017700130981083476 0 5.1273716873631467e-10 0 0 6.4265789637072641e-12 2809858.7420403697
d 0 0 -0.017645616284804357 -2.3692475993248944e-30 -13.9 -13.9 8.0204803767178448e-06 0 30 30 0.017637595803877869 0 5.1569614971594008e-10 0 0 6.4265789637072641e-12 2809478.9691448188
d 0 0 -0.017517394494350007 -2.3454544078108951e-30 -13.9 -13.9 8.2980441100488375e-06 0 30 30 0.017509096450399525 0 5.216141116751909e-10 0 0 6.4265789637072641e-12 2808714.1429913482
d 0 0 -0.0172389852371478 -2.2951661765544542e-30 -13.9 -13.9 9.4144041305286447e-06 0 30 30 0.017229570820706551 0 5.3345003559369255e-10 0 0 6.4265789637072641e-12 2807105.4501269236
d 0 0 -0.01692971619886811 -2.2409930567793336e-30 -13.9 -13.9 9.9811356246529824e-06 0 30 30 0.016919735063193008 0 5.452859595121942e-10 0 0 6.4265789637072641e-12 2805376.7262131227
d 0 0 -0.016633748572471435 -2.1915409667641659e-30 -13.9 -13.9 8.4577637211075365e-06 0 30 30 0.016625290849282989 0 5.5712188343069585e-10 0 0 6.4265789637072641e-12 2803770.10000592
d 0 0 -0.016250021613419863 -2.1328457575230708e-30 -13.9 -13.9 6.1010982964540661e-06 0 30 30 0.016243920577284909 0 5.7568295504270036e-10 0 0 6.4265789637072641e-12 2801789.7668272741
d 0 0 -0.016052526039606631 -2.1052909842371852e-30 -13.9 -13.9 5.7495774757706836e-06 0 30 30 0.016046776449301792 0 5.8660020690724513e-10 0 0 6.4265789637072641e-12 2800832.7467093947
d 0 0 -0.015866170663877459 -2.081385382026844e-30 -13.9 -13.9 6.0971261150928844e-06 0 30 30 0.015860073532546745 0 5.975174587717899e-10 0 0 6.4265789637072641e-12 2799994.9061570126
d 0 0 -0.015646638658168215 -2.0516972589683529e-30 -13.9 -13.9 7.0048648242420269e-06 0 30 30 0.015639633776129317 0 6.0843471063633467e-10 0 0 6.4265789637072641e-12 2798974.7684198427
d 0 0 -0.015396925505912925 -2.0176418421051339e-30 -13.9 -13.9 8.2873566881181205e-06 0 30 30 0.015388638119348692 0 6.1935196250087944e-10 0 0 6.4265789637072641e-12 2797816.3420763453
d 0 0 -0.015135181104770764 -1.9824664134441825e-30 -13.9 -13.9 7.8804161881263212e-06 0 30 30 0.01512730069387613 0 6.3026921436542421e-10 0 0 6.4265789637072641e-12 2796617.3561728979
d 0 0 -0.014894387967165185 -1.9518889579240344e-30 -13.9 -13.9 6.5717600120498442e-06 0 30 30 0.01488781623994318 0 6.4118646622996898e-10 0 0 6.4265789637072641e-12 2795561.977182202
d 0 0 -0.014704644280248839 -1.9295971192109312e-30 -13.9 -13.9 5.497060066145273e-06 0 30 30 0.014699147234929684 0 6.5093915570101601e-10 0 0 6.4265789637072641e-12 2794781.7124863844
d 0 0 -0.014548326340486068 -1.9136364828532484e-30 -13.9 -13.9 5.0395032568745164e-06 0 30 30 0.014543286808084095 0 6.6045595940348677e-10 0 0 6.4265789637072641e-12 2794216.1099610995
d 0 0 -0.014395413776706006 -1.8986967342703104e-30 -13.9 -13.9 4.9233066408082815e-06 0 30 30 0.014390490455810352 0 6.6997276310595753e-10 0 0 6.4265789637072641e-12 2793686.6472761706
d 0 0 -0.014238229276263675 -1.8834226678450331e-30 -13.9 -13.9 5.226457920179635e-06 0 30 30 0.014233002807979407 0 6.7948956680842829e-10 0 0 6.4265789637072641e-12 2793148.0680190958
d 0 0 -0.014056953217515034 -1.8639444726126683e-30 -13.9 -13.9 5.9565640669422654e-06 0 30 30 0.014050996660615407 0 6.8900637051089905e-10 0 0 6.4265789637072641e-12 2792462.9570417227
d 0 0 -0.013860839692599809 -1.8424221990016697e-30 -13.9 -13.9 6.588493791364827e-06 0 30 30 0.013854251175331187 0 6.9852317421336981e-10 0 0 6.4265789637072641e-12 2791707.085995303
d 0 0 -0.013671452686706739 -1.8228441858710276e-30 -13.9 -13.9 6.3077546985999769e-06 0 30 30 0.013665144975893193 0 7.0803997791584057e-10 0 0 6.4265789637072641e-12 2791022.4071234516
d 0 0 -0.013477220787309209 -1.8023740894601896e-30 -13.9 -13.9 5.8421532470269535e-06 0 30 30 0.013471378630828069 0 7.1755678161831133e-10 0 0 6.4265789637072641e-12 2790300.5443322528
d 0 0 -0.013295310500965375 -1.7844925705087403e-30 -13.9 -13.9 5.1642175263542782e-06 0 30 30 0.013290146272864083 0 7.2707358532078209e-10 0 0 6.4265789637072641e-12 2789670.3456550045
d 0 0 -0.013124315176024717 -1.7688708050072042e-30 -13.9 -13.9 4.6056395773760965e-06 0 30 30 0.013119709538903899 0 7.3659038902325285e-10 0 0 6.4265789637072641e-12 2789121.5321527077
d 0 0 -0.0129618326223609 -1.7550033383634475e-30 -13.9 -13.9 4.2353022318706331e-06 0 30 30 0.012957597330172977 0 7.4610719272572361e-10 0 0 6.4265789637072641e-12 2788636.4459972894
d 0 0 -0.012801957627475904 -1.7418179084095481e-30 -13.9 -13.9 4.2746851600652727e-06 0 30 30 0.012797682949453848 0 7.5562399642819436e-10 0 0 6.4265789637072641e-12 2788176.1946553397
d 0 0 -0.012639628500272665 -1.7284300973103204e-30 -13.9 -13.9 4.3892836767215731e-06 0 30 30 0.012635239216756038 0 7.6514080013066512e-10 0 0 6.4265789637072641e-12 2787708.4051333074
d 0 0 -0.012476551501457836 -1.7151457373862962e-30 -13.9 -13.9 4.315808907368038e-06 0 30 30 0.01247223569216387 0 7.7465760383313588e-10 0 0 6.4265789637072641e-12 2787244.8749179328
d 0 0 -0.012314881938312823 -1.7023222590285315e-30 -13.9 -13.9 4.181834142697872e-06 0 30 30 0.012310700106690258 0 7.8417440753560664e-10 0 0 6.4265789637072641e-12 2786799.1255130698
d 0 0 -0.012155674985336311 -1.6901529572130475e-30 -13.9 -13.9 3.9896113655710158e-06 0 30 30 0.012151685371629896 0 7.936912112380774e-10 0 0 6.4265789637072641e-12 2786378.7235966674
d 0 0 -0.011999200960903626 -1.6787548326699834e-30 -13.9 -13.9 3.7718135347168243e-06 0 30 30 0.011995429137711846 0 8.0320801494054816e-10 0 0 6.4265789637072641e-12 2785988.6561071118
d 0 0 -0.011845486586882083 -1.6682008547656233e-30 -13.9 -13.9 3.5227267926365533e-06 0 30 30 0.011841963848488608 0 8.1272481864301892e-10 0 0 6.4265789637072641e-12 2785632.2908981475
d 0 0 -0.011695072776455795 -1.6585902641840592e-30 -13.9 -13.9 3.2444218725073341e-06 0 30 30 0.011691828349135732 0 8.2224162234548968e-10 0 0 6.4265789637072641e-12 2785313.7632559729
d 0 0 -0.011547464881287063 -1.64976848979762e-30 -13.9 -13.9 3.0724988192619639e-06 0 30 30 0.011544392385308277 0 8.3175842604796044e-10 0 0 6.4265789637072641e-12 2785026.8672975642
d 0 0 -0.011402656347320681 -1.6416604016651544e-30 -13.9 -13.9 2.8087560065083879e-06 0 30 30 0.011399847595159326 0 8.412752297504312e-10 0 0 6.4265789637072641e-12 2784768.8083334295
d 0 0 -0.011263935266796395 -1.6348406744677854e-30 -13.9 -13.9 2.3169898624912642e-06 0 30 30 0.011261618281207296 0 8.5079203345290196e-10 0 0 6.4265789637072641e-12 2784563.4263759614
d 0 0 -0.011141202775524732 -1.6312096852184844e-30 -13.9 -13.9 1.9097007143242488e-06 0 30 30 0.011139293081862402 0 8.6030883715537271e-10 0 0 6.4265789637072641e-12 2784488.8862491436
d 0 0 -0.011016424384056993 -1.6271390822638129e-30 -13.9 -13.9 1.4428418410964294e-06 0 30 30 0.011014981563360299 0 8.6982564085784347e-10 0 0 6.4265789637072641e-12 2784396.095699057
d 0 0 -0.010897405024744544 -1.624356142302548e-30 -13.9 -13.9 1.2051101524655648e-06 0 30 30 0.010896199917814363 0 8.7934244456031423e-10 0 0 6.4265789637072641e-12 2784357.1920803171
d 0 0 -0.010779380234456017 -1.6219922485832971e-30 -13.9 -13.9 1.1955940377459818e-06 0 30 30 0.010778184646513126 0 8.8885924826278499e-10 0 0 6.4265789637072641e-12 2784337.5560051654
d 0 0 -0.010658837091666309 -1.6194158860636629e-30 -13.9 -13.9 1.3587040927462447e-06 0 30 30 0.010657478390383418 0 8.9837605196525575e-10 0 0 6.4265789637072641e-12 2784312.8160422742
d 0 0 -0.010533631300850823 -1.6162328330277934e-30 -13.9 -13.9 1.6137597927894484e-06 0 30 30 0.010532017541221702 0 9.0789285566772651e-10 0 0 6.4265789637072641e-12 2784266.5551738096
d 0 0 -0.010408050584324258 -1.6136097125685272e-30 -13.9 -13.9 1.7566583514597378e-06 0 30 30 0.010406293863504265 0 9.1740965937019727e-10 0 0 6.4265789637072641e-12 2784249.0764708924
d 0 0 -0.010279376967737012 -1.6106220672848472e-30 -13.9 -13.9 1.7859530781861975e-06 0 30 30 0.010277590965507857 0 9.2692646307266803e-10 0 0 6.4265789637072641e-12 2784219.537346411
d 0 0 -0.01014568050115233 -1.6067299386780701e-30 -13.9 -13.9 1.5707185648335074e-06 0 30 30 0.010144109819398558 0 9.3644326677513879e-10 0 0 6.4265789637072641e-12 2784154.1029910697
d 0 0 -0.010015822921125715 -1.6042632506045005e-30 -13.9 -13.9 1.0884680598201116e-06 0 30 30 0.010014734428034742 0 9.4596007047760955e-10 0 0 6.4265789637072641e-12 2784151.0183456158
d 0 0 -0.0098908934429032553 -1.6034420466797726e-30 -13.9 -13.9 5.2960129197724838e-07 0 30 30 0.0098903638251355876 0 9.5547687418008031e-10 0 0 6.4265789637072641e-12 2784217.2679262175
d 0 0 -0.0097723240138129878 -1.604508420091168e-30 -13.9 -13.9 -7.2601236330537255e-08 0 30 30 0.0097723966139135927 0 9.6499367788255107e-10 0 0 6.4265789637072641e-12 2784360.7203885233
d 0 0 -0.0096741325676077943 -1.6082947588664732e-30 -13.9 -13.9 -4.7706360064193508e-07 0 30 30 0.0096746096324564126 0 9.7374525841191337e-10 0 0 6.4265789637072641e-12 2784606.3102426939
d 0 0 -0.0095248140015105533 -1.6141700093476093e-30 -13.9 -13.9 -1.034021929073532e-06 0 30 30 0.0095258480637566319 0 9.8687262920595692e-10 0 0 6.4265789637072641e-12 2784975.8062900519
d 0 0 -0.0094544087868202557 -1.6185488122297254e-30 -13.9 -13.9 -1.1689607917678637e-06 0 30 30 0.00945557773092893 0 9.934363146029786e-10 0 0 6.4265789637072641e-12 2785217.2777140522
d 0 0 -0.0093810226763598459 -1.6224470269989675e-30 -13.9 -13.9 -1.1925698627289968e-06 0 30 30 0.0093822152563172445 0 1.0000000000000003e-09 0 0 6.4265789637072641e-12 2785435.9721394414
Q 2 13 "Voltage #01"
Q 3 13 "Voltage #02"
Q 4 13 "Voltage #03"
Q 20 13 "Current #01"
Q 21 13 "Current #02"
Q 22 13 "Current #03"
Q 61 13 "Transient time"
Q 92 21 Contact
Q 502 13 "SEU Track Charge"
Q 503 13 "SEU Track Cumulative Charge"
Q 505 13 "SEU Track Generation Rate"
Q 601 13 "Int. Voltage #01"
Q 602 13 "Int. Voltage #02"
Q 603 13 "Int. Voltage #03"
Q 621 13 "FN Current #01"
Q 622 13 "FN Current #02"
Q 623 13 "FN Current #03"
Q 3000 13 Strike_Field
EOF 768139958
