v ATLAS
# This file was created by ATLAS version 5.26.1.R on Wed Apr 18 15:10:42 2018.
#SSF 2.0 generic
##############################################################################
#                    Copyright (c) 1984 - 2018                               #
#                    Silvaco Inc. All rights reserved                        #
#                                                                            #
# This file format and the following Key are copyright Silvaco Inc.          #
# You may not use, this format or key without reproducing this message in    #
# full and obtaining express written permission from Silvaco Inc.            #
#                                                                            #
# To obtain such permission please contact: Silvaco Inc.                     #
#                                           support@silvaco.com              #
#                                                                            #
# KEY=SVC86hn7562asdx                       PROD=345                         #
##############################################################################
y 3 700 711 15
z 8 0.002 300
f 3 "drain" "source" "gate" 
p 9 2 601 20 3 602 21 4 603 22 
d 0.000000000e+00 -2.563976209e-13 1.510170281e-10 0.000000000e+00 -1.251713634e-15 2.632206557e-11 -6.000000000e+00 -6.000000000e+00 -2.046298542e-10 
d 5.000000000e-01 4.983349286e-01 1.027821881e+00 0.000000000e+00 2.775121852e-05 -1.027821880e+00 -6.000000000e+00 -6.000000000e+00 -2.127529176e-10 
d 1.000000000e+00 9.983322644e-01 1.029466405e+00 0.000000000e+00 2.779562076e-05 -1.029466406e+00 -6.000000000e+00 -6.000000000e+00 -2.159522857e-10 
d 1.500000000e+00 1.498330280e+00 1.030691541e+00 0.000000000e+00 2.782869947e-05 -1.030691542e+00 -6.000000000e+00 -6.000000000e+00 -2.170969501e-10 
d 2.000000000e+00 1.998328522e+00 1.031776810e+00 0.000000000e+00 2.785800171e-05 -1.031776809e+00 -6.000000000e+00 -6.000000000e+00 -2.180454800e-10 
d 2.500000000e+00 2.498326929e+00 1.032759720e+00 0.000000000e+00 2.788454038e-05 -1.032759722e+00 -6.000000000e+00 -6.000000000e+00 -2.188747613e-10 
d 3.000000000e+00 2.998325481e+00 1.033653844e+00 0.000000000e+00 2.790868174e-05 -1.033653846e+00 -6.000000000e+00 -6.000000000e+00 -2.196207255e-10 
d 3.500000000e+00 3.498324150e+00 1.034475350e+00 0.000000000e+00 2.793086241e-05 -1.034475351e+00 -6.000000000e+00 -6.000000000e+00 -2.203042546e-10 
d 4.000000000e+00 3.998322908e+00 1.035241747e+00 0.000000000e+00 2.795155502e-05 -1.035241743e+00 -6.000000000e+00 -6.000000000e+00 -2.209389031e-10 
d 4.500000000e+00 4.498321742e+00 1.035961628e+00 0.000000000e+00 2.797099193e-05 -1.035961628e+00 -6.000000000e+00 -6.000000000e+00 -2.215339151e-10 
d 5.000000000e+00 4.998320645e+00 1.036638598e+00 0.000000000e+00 2.798927024e-05 -1.036638602e+00 -6.000000000e+00 -6.000000000e+00 -2.220959656e-10 
d 5.500000000e+00 5.498319612e+00 1.037276267e+00 0.000000000e+00 2.800648712e-05 -1.037276264e+00 -6.000000000e+00 -6.000000000e+00 -2.226300897e-10 
d 6.000000000e+00 5.998318628e+00 1.037883949e+00 0.000000000e+00 2.802289452e-05 -1.037883944e+00 -6.000000000e+00 -6.000000000e+00 -2.231400601e-10 
d 6.500000000e+00 6.498317678e+00 1.038470178e+00 0.000000000e+00 2.803872285e-05 -1.038470178e+00 -6.000000000e+00 -6.000000000e+00 -2.236300294e-10 
d 7.000000000e+00 6.998316767e+00 1.039032641e+00 0.000000000e+00 2.805390963e-05 -1.039032651e+00 -6.000000000e+00 -6.000000000e+00 -2.241000192e-10 
d 7.500000000e+00 7.498315892e+00 1.039572859e+00 0.000000000e+00 2.806849502e-05 -1.039572850e+00 -6.000000000e+00 -6.000000000e+00 -2.245524581e-10 
d 8.000000000e+00 7.998315043e+00 1.040096953e+00 0.000000000e+00 2.808264598e-05 -1.040096959e+00 -6.000000000e+00 -6.000000000e+00 -2.249936624e-10 
d 8.500000000e+00 8.498314220e+00 1.040604808e+00 0.000000000e+00 2.809635779e-05 -1.040604803e+00 -6.000000000e+00 -6.000000000e+00 -2.254198664e-10 
d 9.000000000e+00 8.998313424e+00 1.041096463e+00 0.000000000e+00 2.810963270e-05 -1.041096466e+00 -6.000000000e+00 -6.000000000e+00 -2.258284287e-10 
d 9.500000000e+00 9.498312650e+00 1.041574182e+00 0.000000000e+00 2.812253103e-05 -1.041574182e+00 -6.000000000e+00 -6.000000000e+00 -2.262284343e-10 
d 1.000000000e+01 9.998311894e+00 1.042040647e+00 0.000000000e+00 2.813512571e-05 -1.042040651e+00 -6.000000000e+00 -6.000000000e+00 -2.266234531e-10 
d 1.050000000e+01 1.049831116e+01 1.042496215e+00 0.000000000e+00 2.814742576e-05 -1.042496208e+00 -6.000000000e+00 -6.000000000e+00 -2.270107636e-10 
d 1.100000000e+01 1.099831044e+01 1.042939096e+00 0.000000000e+00 2.815938403e-05 -1.042939106e+00 -6.000000000e+00 -6.000000000e+00 -2.273831589e-10 
d 1.150000000e+01 1.149830974e+01 1.043372291e+00 0.000000000e+00 2.817107988e-05 -1.043372286e+00 -6.000000000e+00 -6.000000000e+00 -2.277397051e-10 
d 1.200000000e+01 1.199830905e+01 1.043798381e+00 0.000000000e+00 2.818258451e-05 -1.043798383e+00 -6.000000000e+00 -6.000000000e+00 -2.280910733e-10 
d 1.250000000e+01 1.249830837e+01 1.044216083e+00 0.000000000e+00 2.819386252e-05 -1.044216086e+00 -6.000000000e+00 -6.000000000e+00 -2.284403789e-10 
d 1.300000000e+01 1.299830771e+01 1.044624598e+00 0.000000000e+00 2.820489234e-05 -1.044624597e+00 -6.000000000e+00 -6.000000000e+00 -2.287873549e-10 
d 1.350000000e+01 1.349830706e+01 1.045025601e+00 0.000000000e+00 2.821571941e-05 -1.045025600e+00 -6.000000000e+00 -6.000000000e+00 -2.291310031e-10 
d 1.400000000e+01 1.399830642e+01 1.045421611e+00 0.000000000e+00 2.822641123e-05 -1.045421593e+00 -6.000000000e+00 -6.000000000e+00 -2.294691841e-10 
d 1.450000000e+01 1.449830578e+01 1.045812441e+00 0.000000000e+00 2.823696454e-05 -1.045812456e+00 -6.000000000e+00 -6.000000000e+00 -2.297962369e-10 
d 1.500000000e+01 1.499830516e+01 1.046197787e+00 0.000000000e+00 2.824736854e-05 -1.046197789e+00 -6.000000000e+00 -6.000000000e+00 -2.301067933e-10 
d 1.550000000e+01 1.549830454e+01 1.046580222e+00 0.000000000e+00 2.825769411e-05 -1.046580217e+00 -6.000000000e+00 -6.000000000e+00 -2.304105023e-10 
d 1.600000000e+01 1.599830392e+01 1.046961048e+00 0.000000000e+00 2.826797657e-05 -1.046961048e+00 -6.000000000e+00 -6.000000000e+00 -2.307132274e-10 
d 1.650000000e+01 1.649830331e+01 1.047339051e+00 0.000000000e+00 2.827818226e-05 -1.047339036e+00 -6.000000000e+00 -6.000000000e+00 -2.310151918e-10 
d 1.700000000e+01 1.699830270e+01 1.047713897e+00 0.000000000e+00 2.828830300e-05 -1.047713878e+00 -6.000000000e+00 -6.000000000e+00 -2.313162892e-10 
d 1.750000000e+01 1.749830210e+01 1.048087137e+00 0.000000000e+00 2.829838047e-05 -1.048087117e+00 -6.000000000e+00 -6.000000000e+00 -2.316164440e-10 
d 1.800000000e+01 1.799830150e+01 1.048459406e+00 0.000000000e+00 2.830843268e-05 -1.048459421e+00 -6.000000000e+00 -6.000000000e+00 -2.319152764e-10 
d 1.850000000e+01 1.849830089e+01 1.048831212e+00 0.000000000e+00 2.831847144e-05 -1.048831227e+00 -6.000000000e+00 -6.000000000e+00 -2.322123782e-10 
d 1.900000000e+01 1.899830029e+01 1.049202322e+00 0.000000000e+00 2.832849085e-05 -1.049202316e+00 -6.000000000e+00 -6.000000000e+00 -2.325067437e-10 
d 1.950000000e+01 1.949829969e+01 1.049574329e+00 0.000000000e+00 2.833853568e-05 -1.049574346e+00 -6.000000000e+00 -6.000000000e+00 -2.327966623e-10 
d 2.000000000e+01 1.999829908e+01 1.049950691e+00 0.000000000e+00 2.834869675e-05 -1.049950681e+00 -6.000000000e+00 -6.000000000e+00 -2.330779569e-10 
d 2.200000000e+01 2.199829649e+01 1.051546493e+00 0.000000000e+00 2.839178352e-05 -1.051546486e+00 -6.000000000e+00 -6.000000000e+00 -2.341196860e-10 
d 2.400000000e+01 2.399829379e+01 1.053217724e+00 0.000000000e+00 2.843690709e-05 -1.053217728e+00 -6.000000000e+00 -6.000000000e+00 -2.351494062e-10 
d 2.600000000e+01 2.599829119e+01 1.054820915e+00 0.000000000e+00 2.848019362e-05 -1.054820931e+00 -6.000000000e+00 -6.000000000e+00 -2.361712208e-10 
d 2.800000000e+01 2.799828872e+01 1.056344942e+00 0.000000000e+00 2.852134270e-05 -1.056344970e+00 -6.000000000e+00 -6.000000000e+00 -2.371728413e-10 
d 3.000000000e+01 2.999828638e+01 1.057791093e+00 0.000000000e+00 2.856038733e-05 -1.057791065e+00 -6.000000000e+00 -6.000000000e+00 -2.380809374e-10 
d 3.200000000e+01 3.199828413e+01 1.059177502e+00 0.000000000e+00 2.859782181e-05 -1.059177526e+00 -6.000000000e+00 -6.000000000e+00 -2.389524688e-10 
d 3.400000000e+01 3.399828197e+01 1.060511352e+00 0.000000000e+00 2.863383607e-05 -1.060511386e+00 -6.000000000e+00 -6.000000000e+00 -2.398229754e-10 
d 3.600000000e+01 3.599827990e+01 1.061789747e+00 0.000000000e+00 2.866835137e-05 -1.061789730e+00 -6.000000000e+00 -6.000000000e+00 -2.406908500e-10 
d 3.800000000e+01 3.799827793e+01 1.063009166e+00 0.000000000e+00 2.870127547e-05 -1.063009140e+00 -6.000000000e+00 -6.000000000e+00 -2.415540121e-10 
d 4.000000000e+01 3.999827604e+01 1.064174516e+00 0.000000000e+00 2.873274066e-05 -1.064174516e+00 -6.000000000e+00 -6.000000000e+00 -2.424085605e-10 
