v ATLAS
# This file was created by ATLAS version 5.26.1.R on Tue May  8 01:29:05 2018.
#SSF 2.0 generic
##############################################################################
#                    Copyright (c) 1984 - 2018                               #
#                    Silvaco Inc. All rights reserved                        #
#                                                                            #
# This file format and the following Key are copyright Silvaco Inc.          #
# You may not use, this format or key without reproducing this message in    #
# full and obtaining express written permission from Silvaco Inc.            #
#                                                                            #
# To obtain such permission please contact: Silvaco Inc.                     #
#                                           support@silvaco.com              #
#                                                                            #
# KEY=SVC86hn7562asdx                       PROD=345                         #
##############################################################################
y 3 700 711 15
z 50 1e+41 273
f 3 "gate" "source" "drain" 
o 1 ne_1n
o 2 mob_1n
o 3 ne_2n
o 4 mob_2n
o 5 ne_5n
o 6 mob_5n
o 7 ne_10n
o 8 mob_10n
o 9 ne_20n
o 10 mob_20n
p 19 2 601 20 3 602 21 4 603 22 3000 3001 3002 3003 3004 3005 3006 3007 3008 3009 
d 2.000000000e+01 2.000000000e+01 0.000000000e+00 0.000000000e+00 0.000000000e+00 -6.206277584e-08 1.000000000e-01 1.000000000e-01 6.206277587e-08 4.710235337e+18 7.750679718e+00 2.600445041e+18 6.990937749e+00 7.901629460e+17 5.750891632e+00 2.207492321e+17 4.652466297e+00 5.106857936e+16 3.669807916e+00 
d 1.975000000e+01 1.975000000e+01 0.000000000e+00 0.000000000e+00 0.000000000e+00 -6.094192787e-08 1.000000000e-01 1.000000000e-01 6.094192784e-08 4.632136718e+18 7.729589794e+00 2.563855345e+18 6.975206961e+00 7.826894929e+17 5.742166724e+00 2.194112701e+17 4.647900526e+00 5.087470143e+16 3.667518909e+00 
d 1.950000000e+01 1.950000000e+01 0.000000000e+00 0.000000000e+00 0.000000000e+00 -5.982525528e-08 1.000000000e-01 1.000000000e-01 5.982525527e-08 4.554108834e+18 7.708226172e+00 2.527218406e+18 6.959266901e+00 7.751636245e+17 5.733309093e+00 2.180572998e+17 4.643255883e+00 5.067779869e+16 3.665186486e+00 
d 1.925000000e+01 1.925000000e+01 0.000000000e+00 0.000000000e+00 0.000000000e+00 -5.871281620e-08 1.000000000e-01 1.000000000e-01 5.871281621e-08 4.476154417e+18 7.686581187e+00 2.490533390e+18 6.943111333e+00 7.675841063e+17 5.724314449e+00 2.166868717e+17 4.638529659e+00 5.047777451e+16 3.662809081e+00 
d 1.900000000e+01 1.900000000e+01 0.000000000e+00 0.000000000e+00 0.000000000e+00 -5.760467030e-08 1.000000000e-01 1.000000000e-01 5.760467029e-08 4.398276341e+18 7.664646850e+00 2.453799451e+18 6.926733738e+00 7.599496598e+17 5.715178294e+00 2.152995172e+17 4.633719011e+00 5.027452772e+16 3.660385046e+00 
d 1.875000000e+01 1.875000000e+01 0.000000000e+00 0.000000000e+00 0.000000000e+00 -5.650087907e-08 1.000000000e-01 1.000000000e-01 5.650087909e-08 4.320477626e+18 7.642414826e+00 2.417015730e+18 6.910127296e+00 7.522589607e+17 5.705895911e+00 2.138947476e+17 4.628820948e+00 5.006795230e+16 3.657912646e+00 
d 1.850000000e+01 1.850000000e+01 0.000000000e+00 0.000000000e+00 0.000000000e+00 -5.540150565e-08 1.000000000e-01 1.000000000e-01 5.540150565e-08 4.242761452e+18 7.619876417e+00 2.380181358e+18 6.893284867e+00 7.445106365e+17 5.696462349e+00 2.124720530e+17 4.623832327e+00 4.985793709e+16 3.655390054e+00 
d 1.825000000e+01 1.825000000e+01 0.000000000e+00 0.000000000e+00 0.000000000e+00 -5.430661485e-08 1.000000000e-01 1.000000000e-01 5.430661482e-08 4.165131165e+18 7.597022536e+00 2.343295454e+18 6.876198973e+00 7.367032645e+17 5.686872407e+00 2.110309013e+17 4.618749836e+00 4.964436547e+16 3.652815342e+00 
d 1.800000000e+01 1.800000000e+01 0.000000000e+00 0.000000000e+00 0.000000000e+00 -5.321627355e-08 1.000000000e-01 1.000000000e-01 5.321627355e-08 4.087590291e+18 7.573843690e+00 2.306357133e+18 6.858861773e+00 7.288353696e+17 5.677120621e+00 2.095707364e+17 4.613569988e+00 4.942711499e+16 3.650186473e+00 
d 1.775000000e+01 1.775000000e+01 0.000000000e+00 0.000000000e+00 0.000000000e+00 -5.213055045e-08 1.000000000e-01 1.000000000e-01 5.213055049e-08 4.010142547e+18 7.550329951e+00 2.269365499e+18 6.841265045e+00 7.209054219e+17 5.667201240e+00 2.080909773e+17 4.608289107e+00 4.920605703e+16 3.647501298e+00 
d 1.750000000e+01 1.750000000e+01 0.000000000e+00 0.000000000e+00 0.000000000e+00 -5.104951634e-08 1.000000000e-01 1.000000000e-01 5.104951637e-08 3.932791851e+18 7.526470931e+00 2.232319654e+18 6.823400157e+00 7.129118342e+17 5.657108215e+00 2.065910165e+17 4.602903314e+00 4.898105637e+16 3.644757542e+00 
d 1.725000000e+01 1.725000000e+01 0.000000000e+00 0.000000000e+00 0.000000000e+00 -4.997324420e-08 1.000000000e-01 1.000000000e-01 4.997324416e-08 3.855542337e+18 7.502255754e+00 2.195218697e+18 6.805258044e+00 7.048529594e+17 5.646835170e+00 2.050702184e+17 4.597408511e+00 4.875197073e+16 3.641952800e+00 
d 1.700000000e+01 1.700000000e+01 0.000000000e+00 0.000000000e+00 0.000000000e+00 -4.890180900e-08 1.000000000e-01 1.000000000e-01 4.890180901e-08 3.778398371e+18 7.477673024e+00 2.158061727e+18 6.786829174e+00 6.967270876e+17 5.636375386e+00 2.035279176e+17 4.591800370e+00 4.851865034e+16 3.639084522e+00 
d 1.675000000e+01 1.675000000e+01 0.000000000e+00 0.000000000e+00 0.000000000e+00 -4.783528817e-08 1.000000000e-01 1.000000000e-01 4.783528819e-08 3.701364562e+18 7.452710793e+00 2.120847847e+18 6.768103523e+00 6.885324434e+17 5.625721770e+00 2.019634172e+17 4.586074309e+00 4.828093738e+16 3.636150006e+00 
d 1.650000000e+01 1.650000000e+01 0.000000000e+00 0.000000000e+00 0.000000000e+00 -4.677376160e-08 1.000000000e-01 1.000000000e-01 4.677376157e-08 3.624445783e+18 7.427356526e+00 2.083576165e+18 6.749070536e+00 6.802671830e+17 5.614866836e+00 2.003759867e+17 4.580225479e+00 4.803866546e+16 3.633146384e+00 
d 1.625000000e+01 1.625000000e+01 0.000000000e+00 0.000000000e+00 0.000000000e+00 -4.571731144e-08 1.000000000e-01 1.000000000e-01 4.571731147e-08 3.547647186e+18 7.401597058e+00 2.046245801e+18 6.729719092e+00 6.719293908e+17 5.603802668e+00 1.987648603e+17 4.574248741e+00 4.779165899e+16 3.630070610e+00 
d 1.600000000e+01 1.600000000e+01 0.000000000e+00 0.000000000e+00 0.000000000e+00 -4.466602269e-08 1.000000000e-01 1.000000000e-01 4.466602271e-08 3.470974222e+18 7.375418558e+00 2.008855891e+18 6.710037464e+00 6.635170761e+17 5.592520895e+00 1.971292341e+17 4.568138643e+00 4.753973254e+16 3.626919443e+00 
d 1.575000000e+01 1.575000000e+01 0.000000000e+00 0.000000000e+00 0.000000000e+00 -4.361998295e-08 1.000000000e-01 1.000000000e-01 4.361998296e-08 3.394432661e+18 7.348806480e+00 1.971405590e+18 6.690013277e+00 6.550281701e+17 5.581012651e+00 1.954682643e+17 4.561889396e+00 4.728269010e+16 3.623689435e+00 
d 1.550000000e+01 1.550000000e+01 0.000000000e+00 0.000000000e+00 0.000000000e+00 -4.257928273e-08 1.000000000e-01 1.000000000e-01 4.257928271e-08 3.318028618e+18 7.321745511e+00 1.933894078e+18 6.669633458e+00 6.464605218e+17 5.569268541e+00 1.937810641e+17 4.555494847e+00 4.702032434e+16 3.620376912e+00 
d 1.525000000e+01 1.525000000e+01 0.000000000e+00 0.000000000e+00 0.000000000e+00 -4.154401554e-08 1.000000000e-01 1.000000000e-01 4.154401550e-08 3.241768568e+18 7.294219525e+00 1.896320570e+18 6.648884184e+00 6.378118946e+17 5.557278598e+00 1.920667016e+17 4.548948448e+00 4.675241571e+16 3.616977952e+00 
d 1.500000000e+01 1.500000000e+01 0.000000000e+00 0.000000000e+00 0.000000000e+00 -4.051427795e-08 1.000000000e-01 1.000000000e-01 4.051427792e-08 3.165659384e+18 7.266211516e+00 1.858684320e+18 6.627750829e+00 6.290799624e+17 5.545032238e+00 1.903241961e+17 4.542243226e+00 4.647873159e+16 3.613488367e+00 
d 1.475000000e+01 1.475000000e+01 0.000000000e+00 0.000000000e+00 0.000000000e+00 -3.949016982e-08 1.000000000e-01 1.000000000e-01 3.949016983e-08 3.089708353e+18 7.237703541e+00 1.820984631e+18 6.606217901e+00 6.202623053e+17 5.532518207e+00 1.885525153e+17 4.535371743e+00 4.619902520e+16 3.609903679e+00 
d 1.450000000e+01 1.450000000e+01 0.000000000e+00 0.000000000e+00 0.000000000e+00 -3.847179453e-08 1.000000000e-01 1.000000000e-01 3.847179461e-08 3.013923215e+18 7.208676643e+00 1.783220864e+18 6.584268973e+00 6.113564058e+17 5.519724532e+00 1.867505717e+17 4.528326060e+00 4.591303454e+16 3.606219094e+00 
d 1.425000000e+01 1.425000000e+01 0.000000000e+00 0.000000000e+00 0.000000000e+00 -3.745925905e-08 1.000000000e-01 1.000000000e-01 3.745925908e-08 2.938312190e+18 7.179110784e+00 1.745392449e+18 6.561886609e+00 6.023596444e+17 5.506638455e+00 1.849172191e+17 4.521097690e+00 4.562048117e+16 3.602429471e+00 
d 1.400000000e+01 1.400000000e+01 0.000000000e+00 0.000000000e+00 0.000000000e+00 -3.645267399e-08 1.000000000e-01 1.000000000e-01 3.645267402e-08 2.862884017e+18 7.148984753e+00 1.707498900e+18 6.539052284e+00 5.932692950e+17 5.493246371e+00 1.830512481e+17 4.513677549e+00 4.532106891e+16 3.598529293e+00 
d 1.375000000e+01 1.375000000e+01 0.000000000e+00 0.000000000e+00 0.000000000e+00 -3.545215409e-08 1.000000000e-01 1.000000000e-01 3.545215409e-08 2.787647989e+18 7.118276079e+00 1.669539824e+18 6.515746294e+00 5.840825208e+17 5.479533748e+00 1.811513822e+17 4.506055904e+00 4.501448231e+16 3.594512627e+00 
d 1.350000000e+01 1.350000000e+01 0.000000000e+00 0.000000000e+00 0.000000000e+00 -3.445781811e-08 1.000000000e-01 1.000000000e-01 3.445781810e-08 2.712613996e+18 7.086960928e+00 1.631514941e+18 6.491947657e+00 5.747963692e+17 5.465485053e+00 1.792162728e+17 4.498222310e+00 4.470038513e+16 3.590373088e+00 
d 1.325000000e+01 1.325000000e+01 0.000000000e+00 0.000000000e+00 0.000000000e+00 -3.346978940e-08 1.000000000e-01 1.000000000e-01 3.346978940e-08 2.637792569e+18 7.055013994e+00 1.593424100e+18 6.467634003e+00 5.654077673e+17 5.451083655e+00 1.772444944e+17 4.490165546e+00 4.437841854e+16 3.586103793e+00 
d 1.300000000e+01 1.300000000e+01 0.000000000e+00 0.000000000e+00 0.000000000e+00 -3.248819575e-08 1.000000000e-01 1.000000000e-01 3.248819577e-08 2.563194926e+18 7.022408373e+00 1.555267300e+18 6.442781456e+00 5.559135174e+17 5.436311726e+00 1.752345385e+17 4.481873535e+00 4.404819914e+16 3.581697309e+00 
d 1.275000000e+01 1.275000000e+01 0.000000000e+00 0.000000000e+00 0.000000000e+00 -3.151316988e-08 1.000000000e-01 1.000000000e-01 3.151316992e-08 2.488833029e+18 6.989115432e+00 1.517044713e+18 6.417364497e+00 5.463102920e+17 5.421150130e+00 1.731848083e+17 4.473333265e+00 4.370931689e+16 3.577145597e+00 
d 1.250000000e+01 1.250000000e+01 0.000000000e+00 0.000000000e+00 0.000000000e+00 -3.054484975e-08 1.000000000e-01 1.000000000e-01 3.054484977e-08 2.414719637e+18 6.955104654e+00 1.478756709e+18 6.391355816e+00 5.365946296e+17 5.405578296e+00 1.710936116e+17 4.464530687e+00 4.336133264e+16 3.572439949e+00 
d 1.225000000e+01 1.225000000e+01 0.000000000e+00 0.000000000e+00 0.000000000e+00 -2.958337864e-08 1.000000000e-01 1.000000000e-01 2.958337865e-08 2.340868366e+18 6.920343472e+00 1.440403886e+18 6.364726149e+00 5.267629296e+17 5.389574078e+00 1.689591544e+17 4.455450619e+00 4.300377557e+16 3.567570915e+00 
d 1.200000000e+01 1.200000000e+01 0.000000000e+00 0.000000000e+00 0.000000000e+00 -2.862890556e-08 1.000000000e-01 1.000000000e-01 2.862890558e-08 2.267293760e+18 6.884797087e+00 1.401987105e+18 6.337444090e+00 5.168114487e+17 5.373113599e+00 1.667795325e+17 4.446076618e+00 4.263614023e+16 3.562528225e+00 
d 1.175000000e+01 1.175000000e+01 0.000000000e+00 0.000000000e+00 0.000000000e+00 -2.768158574e-08 1.000000000e-01 1.000000000e-01 2.768158574e-08 2.194011359e+18 6.848428252e+00 1.363507523e+18 6.309475885e+00 5.067362965e+17 5.356171072e+00 1.645527238e+17 4.436390846e+00 4.225788328e+16 3.557300688e+00 
d 1.150000000e+01 1.150000000e+01 0.000000000e+00 0.000000000e+00 0.000000000e+00 -2.674158071e-08 1.000000000e-01 1.000000000e-01 2.674158067e-08 2.121037779e+18 6.811197049e+00 1.324966638e+18 6.280785203e+00 4.965334323e+17 5.338718599e+00 1.622765791e+17 4.426373919e+00 4.186841990e+16 3.551876095e+00 
d 1.125000000e+01 1.125000000e+01 0.000000000e+00 0.000000000e+00 0.000000000e+00 -2.580905893e-08 1.000000000e-01 1.000000000e-01 2.580905891e-08 2.048390798e+18 6.773060620e+00 1.286366340e+18 6.251332871e+00 4.861986622e+17 5.320725952e+00 1.599488123e+17 4.416004731e+00 4.146711971e+16 3.546241094e+00 
d 1.100000000e+01 1.100000000e+01 0.000000000e+00 0.000000000e+00 0.000000000e+00 -2.488419609e-08 1.000000000e-01 1.000000000e-01 2.488419608e-08 1.976089445e+18 6.733972877e+00 1.247708960e+18 6.221076584e+00 4.757276371e+17 5.302160308e+00 1.575669899e+17 4.405260255e+00 4.105330229e+16 3.540381053e+00 
d 1.075000000e+01 1.075000000e+01 0.000000000e+00 0.000000000e+00 0.000000000e+00 -2.396717570e-08 1.000000000e-01 1.000000000e-01 2.396717569e-08 1.904154104e+18 6.693884168e+00 1.208997333e+18 6.189970570e+00 4.651158517e+17 5.282985966e+00 1.551285192e+17 4.394115316e+00 4.062623210e+16 3.534279898e+00 
d 1.050000000e+01 1.050000000e+01 0.000000000e+00 0.000000000e+00 0.000000000e+00 -2.305818958e-08 1.000000000e-01 1.000000000e-01 2.305818955e-08 1.832606621e+18 6.652740905e+00 1.170234872e+18 6.157965214e+00 4.543586452e+17 5.263164012e+00 1.526306361e+17 4.382542329e+00 4.018511284e+16 3.527919934e+00 
d 1.025000000e+01 1.025000000e+01 0.000000000e+00 0.000000000e+00 0.000000000e+00 -2.215743830e-08 1.000000000e-01 1.000000000e-01 2.215743829e-08 1.761470421e+18 6.610485132e+00 1.131425639e+18 6.125006630e+00 4.434512033e+17 5.242651941e+00 1.500703916e+17 4.370511002e+00 3.972908101e+16 3.521281630e+00 
d 1.000000000e+01 1.000000000e+01 0.000000000e+00 0.000000000e+00 0.000000000e+00 -2.126513203e-08 1.000000000e-01 1.000000000e-01 2.126513202e-08 1.690770639e+18 6.567054037e+00 1.092574445e+18 6.091036170e+00 4.323885629e+17 5.221403218e+00 1.474446366e+17 4.357987983e+00 3.925719879e+16 3.514343371e+00 
d 9.750000000e+00 9.750000000e+00 0.000000000e+00 0.000000000e+00 0.000000000e+00 -2.038149117e-08 1.000000000e-01 1.000000000e-01 2.038149116e-08 1.620534262e+18 6.522379398e+00 1.053686940e+18 6.055989862e+00 4.211656191e+17 5.199366783e+00 1.447500066e+17 4.344936465e+00 3.876844589e+16 3.507081172e+00 
d 9.500000000e+00 9.500000000e+00 0.000000000e+00 0.000000000e+00 0.000000000e+00 -1.950674707e-08 1.000000000e-01 1.000000000e-01 1.950674706e-08 1.550790275e+18 6.476386937e+00 1.014769738e+18 6.019797764e+00 4.097771364e+17 5.176486461e+00 1.419829040e+17 4.331315710e+00 3.826171040e+16 3.499468340e+00 
d 9.250000000e+00 9.250000000e+00 0.000000000e+00 0.000000000e+00 0.000000000e+00 -1.864114306e-08 1.000000000e-01 1.000000000e-01 1.864114302e-08 1.481569834e+18 6.428995577e+00 9.758305436e+17 5.982383217e+00 3.982177632e+17 5.152700295e+00 1.391394800e+17 4.317080508e+00 3.773577840e+16 3.491475072e+00 
d 9.000000000e+00 9.000000000e+00 0.000000000e+00 0.000000000e+00 0.000000000e+00 -1.778493532e-08 1.000000000e-01 1.000000000e-01 1.778493533e-08 1.412906442e+18 6.380116587e+00 9.368783014e+17 5.943661980e+00 3.864820531e+17 5.127939754e+00 1.362156143e+17 4.302180528e+00 3.718932211e+16 3.483067991e+00 
d 8.750000000e+00 8.750000000e+00 0.000000000e+00 0.000000000e+00 0.000000000e+00 -1.693839417e-08 1.000000000e-01 1.000000000e-01 1.693839417e-08 1.344836148e+18 6.329652567e+00 8.979233659e+17 5.903541213e+00 3.745644920e+17 5.102128809e+00 1.332068943e+17 4.286559558e+00 3.662088652e+16 3.474209581e+00 
d 8.500000000e+00 8.500000000e+00 0.000000000e+00 0.000000000e+00 0.000000000e+00 -1.610180530e-08 1.000000000e-01 1.000000000e-01 1.610180528e-08 1.277397762e+18 6.277496281e+00 8.589776949e+17 5.861918295e+00 3.624595338e+17 5.075182847e+00 1.301085920e+17 4.270154607e+00 3.602887400e+16 3.464857521e+00 
d 8.250000000e+00 8.250000000e+00 0.000000000e+00 0.000000000e+00 0.000000000e+00 -1.527547131e-08 1.000000000e-01 1.000000000e-01 1.527547132e-08 1.210633088e+18 6.223529259e+00 8.200550689e+17 5.818679424e+00 3.501616467e+17 5.047007374e+00 1.269156402e+17 4.252894824e+00 3.541152678e+16 3.454963877e+00 
d 8.000000000e+00 8.000000000e+00 0.000000000e+00 0.000000000e+00 0.000000000e+00 -1.445971348e-08 1.000000000e-01 1.000000000e-01 1.445971351e-08 1.144587183e+18 6.167620157e+00 7.811713425e+17 5.773697955e+00 3.376653726e+17 5.017496482e+00 1.236226077e+17 4.234700204e+00 3.476690691e+16 3.444474134e+00 
d 7.750000000e+00 7.750000000e+00 0.000000000e+00 0.000000000e+00 0.000000000e+00 -1.365487379e-08 1.000000000e-01 1.000000000e-01 1.365487380e-08 1.079308634e+18 6.109622779e+00 7.423447308e+17 5.726832420e+00 3.249654029e+17 4.986531000e+00 1.202236739e+17 4.215480030e+00 3.409287324e+16 3.433326005e+00 
d 7.500000000e+00 7.500000000e+00 0.000000000e+00 0.000000000e+00 0.000000000e+00 -1.286131738e-08 1.000000000e-01 1.000000000e-01 1.286131736e-08 1.014849867e+18 6.049373714e+00 7.035961380e+17 5.677924143e+00 3.120566737e+17 4.953976261e+00 1.167126022e+17 4.195130967e+00 3.338705487e+16 3.421447979e+00 
d 7.250000000e+00 7.250000000e+00 0.000000000e+00 0.000000000e+00 0.000000000e+00 -1.207943539e-08 1.000000000e-01 1.000000000e-01 1.207943540e-08 9.512674863e+17 5.986689461e+00 6.649495327e+17 5.626794350e+00 2.989344876e+17 4.919679384e+00 1.130827159e+17 4.173534733e+00 3.264682081e+16 3.408757522e+00 
d 7.000000000e+00 7.000000000e+00 0.000000000e+00 0.000000000e+00 0.000000000e+00 -1.130964835e-08 1.000000000e-01 1.000000000e-01 1.130964834e-08 8.886226414e+17 5.921362913e+00 6.264323798e+17 5.573240642e+00 2.855946667e+17 4.883465945e+00 1.093268745e+17 4.150555214e+00 3.186924477e+16 3.395158834e+00 
d 6.750000000e+00 6.750000000e+00 0.000000000e+00 0.000000000e+00 0.000000000e+00 -1.055241048e-08 1.000000000e-01 1.000000000e-01 1.055241044e-08 8.269814421e+17 5.853159023e+00 5.880761375e+17 5.517032635e+00 2.720337457e+17 4.845135844e+00 1.054374547e+17 4.126034876e+00 3.105106483e+16 3.380540031e+00 
d 6.500000000e+00 6.500000000e+00 0.000000000e+00 0.000000000e+00 0.000000000e+00 -9.808214543e-09 1.000000000e-01 1.000000000e-01 9.808214557e-09 7.664154141e+17 5.781809393e+00 5.499168303e+17 5.457906543e+00 2.582492166e+17 4.804458147e+00 1.014063383e+17 4.099790232e+00 3.018863687e+16 3.364769558e+00 
d 6.250000000e+00 6.250000000e+00 0.000000000e+00 0.000000000e+00 0.000000000e+00 -9.077598272e-09 1.000000000e-01 1.000000000e-01 9.077598242e-09 7.070020106e+17 5.707005461e+00 5.119957135e+17 5.395558339e+00 2.442398377e+17 4.761164558e+00 9.722491084e+16 4.071606086e+00 2.927788113e+16 3.347691590e+00 
d 6.000000000e+00 6.000000000e+00 0.000000000e+00 0.000000000e+00 0.000000000e+00 -8.361152119e-09 1.000000000e-01 1.000000000e-01 8.361152104e-09 6.488251891e+17 5.628389795e+00 4.743600469e+17 5.329635052e+00 2.300060270e+17 4.714941082e+00 9.288407764e+16 4.041228115e+00 2.831422115e+16 3.329120048e+00 
d 5.750000000e+00 5.750000000e+00 0.000000000e+00 0.000000000e+00 0.000000000e+00 -7.659529067e-09 1.000000000e-01 1.000000000e-01 7.659529075e-09 5.919760710e+17 5.545544844e+00 4.370639996e+17 5.259723510e+00 2.155503629e+17 4.665417213e+00 8.837430657e+16 4.008353193e+00 2.729251453e+16 3.308830722e+00 
d 5.500000000e+00 5.500000000e+00 0.000000000e+00 0.000000000e+00 0.000000000e+00 -6.973457315e-09 1.000000000e-01 1.000000000e-01 6.973457334e-09 5.365537042e+17 5.457978159e+00 4.001697184e+17 5.185335583e+00 2.008782274e+17 4.612151724e+00 8.368571136e+16 3.972616589e+00 2.620697553e+16 3.286550755e+00 
d 5.250000000e+00 5.250000000e+00 0.000000000e+00 0.000000000e+00 0.000000000e+00 -6.303756751e-09 1.000000000e-01 1.000000000e-01 6.303756744e-09 4.826659642e+17 5.365102665e+00 3.637486002e+17 5.105888495e+00 1.859986364e+17 4.554613677e+00 7.880819683e+16 3.933574744e+00 2.505109084e+16 3.261944351e+00 
d 5.000000000e+00 5.000000000e+00 0.000000000e+00 0.000000000e+00 0.000000000e+00 -5.651360506e-09 1.000000000e-01 1.000000000e-01 5.651360504e-09 4.304306418e+17 5.266209824e+00 3.278828274e+17 5.020678076e+00 1.709253238e+17 4.492156576e+00 7.373169850e+16 3.890681696e+00 2.381753183e+16 3.234593033e+00 
d 4.750000000e+00 4.750000000e+00 0.000000000e+00 0.000000000e+00 0.000000000e+00 -5.017344758e-09 1.000000000e-01 1.000000000e-01 5.017344773e-09 3.799767966e+17 5.160432345e+00 2.926672528e+17 4.928841635e+00 1.556781714e+17 4.423982444e+00 6.844656779e+16 3.843256128e+00 2.249807148e+16 3.203967789e+00 
d 4.500000000e+00 4.500000000e+00 0.000000000e+00 0.000000000e+00 0.000000000e+00 -4.402968953e-09 1.000000000e-01 1.000000000e-01 4.402968962e-09 3.314464998e+17 5.046691118e+00 2.582117656e+17 4.829305176e+00 1.402851269e+17 4.349090719e+00 6.294418477e+16 3.790434244e+00 2.108352292e+16 3.169388850e+00 
d 4.250000000e+00 4.250000000e+00 0.000000000e+00 0.000000000e+00 0.000000000e+00 -3.809733589e-09 1.000000000e-01 1.000000000e-01 3.809733630e-09 2.849971764e+17 4.923617624e+00 2.246443500e+17 4.720706305e+00 1.247848265e+17 4.266203554e+00 5.721793353e+16 3.731100555e+00 1.956373390e+16 3.129966101e+00 
d 4.000000000e+00 4.000000000e+00 0.000000000e+00 0.000000000e+00 0.000000000e+00 -3.239464188e-09 1.000000000e-01 1.000000000e-01 3.239464154e-09 2.408049093e+17 4.789436890e+00 1.921151939e+17 4.601278024e+00 1.092302743e+17 4.173653221e+00 5.126477068e+16 3.663783113e+00 1.792770697e+16 3.084508054e+00 
d 3.750000000e+00 3.750000000e+00 0.000000000e+00 0.000000000e+00 0.000000000e+00 -2.694438298e-09 1.000000000e-01 1.000000000e-01 2.694438296e-09 1.990693675e+17 4.641784546e+00 1.608024830e+17 4.468667279e+00 9.369417988e+16 4.069206278e+00 4.508779679e+16 3.586489272e+00 1.616398819e+16 3.031377948e+00 
d 3.500000000e+00 3.500000000e+00 0.000000000e+00 0.000000000e+00 0.000000000e+00 -2.177585744e-09 1.000000000e-01 1.000000000e-01 2.177585736e-09 1.600216272e+17 4.477409122e+00 1.309210839e+17 4.319639862e+00 7.827704538e+16 3.949777650e+00 3.870059685e+16 3.496437740e+00 1.426162615e+16 2.968257039e+00 
d 3.250000000e+00 3.250000000e+00 0.000000000e+00 0.000000000e+00 0.000000000e+00 -1.692818563e-09 1.000000000e-01 1.000000000e-01 1.692818560e-09 1.239374596e+17 4.291665251e+00 1.027365347e+17 4.149578356e+00 6.312012275e+16 3.810944221e+00 3.213486862e+16 3.389601267e+00 1.221236371e+16 2.891737377e+00 
d 3.000000000e+00 3.000000000e+00 0.000000000e+00 0.000000000e+00 0.000000000e+00 -1.245603426e-09 1.000000000e-01 1.000000000e-01 1.245603445e-09 9.116159949e+16 4.077609588e+00 7.658950735e+16 3.951586691e+00 4.842766333e+16 3.646076923e+00 2.545455612e+16 3.259887945e+00 1.001559586e+16 2.796586736e+00 
d 2.750000000e+00 2.750000000e+00 0.000000000e+00 0.000000000e+00 0.000000000e+00 -8.440047591e-10 1.000000000e-01 1.000000000e-01 8.440047817e-10 6.215527632e+16 3.824326021e+00 5.294226743e+16 3.714830877e+00 3.450825491e+16 3.444729795e+00 1.878374363e+16 3.097614440e+00 7.689841244e+15 2.674364370e+00 
d 2.500000000e+00 2.500000000e+00 0.000000000e+00 0.000000000e+00 0.000000000e+00 -5.006052527e-10 1.000000000e-01 1.000000000e-01 5.006052329e-10 3.759301222e+16 3.513874846e+00 3.247185471e+16 3.421511179e+00 2.185675711e+16 3.189684395e+00 1.236494225e+16 2.886678054e+00 5.300144455e+15 2.510816315e+00 
d 2.250000000e+00 2.250000000e+00 0.000000000e+00 0.000000000e+00 0.000000000e+00 -2.354011837e-10 1.000000000e-01 1.000000000e-01 2.354012101e-10 1.853581409e+16 3.117307709e+00 1.623847257e+16 3.042870851e+00 1.130750363e+16 2.852952384e+00 6.676922099e+15 2.600587656e+00 3.021692326e+15 2.282032996e+00 
d 2.000000000e+00 2.000000000e+00 0.000000000e+00 0.000000000e+00 0.000000000e+00 -7.369687708e-11 1.000000000e-01 1.000000000e-01 7.369685692e-11 6.426735957e+15 2.602982050e+00 5.709858002e+15 2.547188478e+00 4.120263303e+15 2.402861760e+00 2.552014011e+15 2.208265976e+00 1.232735305e+15 1.958602573e+00 
d 1.750000000e+00 1.750000000e+00 0.000000000e+00 0.000000000e+00 0.000000000e+00 -1.355716124e-11 1.000000000e-01 1.000000000e-01 1.355719257e-11 1.399226246e+15 2.006253040e+00 1.260437595e+15 1.968176184e+00 9.437608021e+14 1.868708890e+00 6.160262023e+14 1.733097683e+00 3.212696682e+14 1.556761657e+00 
d 1.500000000e+00 1.500000000e+00 0.000000000e+00 0.000000000e+00 0.000000000e+00 -1.781937300e-12 1.000000000e-01 1.000000000e-01 1.781917705e-12 2.239278880e+14 1.466559595e+00 2.044925336e+14 1.442335240e+00 1.589807044e+14 1.378603057e+00 1.096408508e+14 1.290960354e+00 6.214233079e+13 1.175730087e+00 
d 1.250000000e+00 1.250000000e+00 0.000000000e+00 0.000000000e+00 0.000000000e+00 -2.165045764e-13 1.000000000e-01 1.000000000e-01 2.165033259e-13 3.299881331e+13 1.056972791e+00 3.054893002e+13 1.042124696e+00 2.466550177e+13 1.002815059e+00 1.798659101e+13 9.483354441e-01 1.110132533e+13 8.759745749e-01 
d 1.000000000e+00 1.000000000e+00 0.000000000e+00 0.000000000e+00 0.000000000e+00 -2.700879774e-14 1.000000000e-01 1.000000000e-01 2.700796381e-14 4.919225328e+12 7.633313064e-01 4.616823854e+12 7.545048361e-01 3.872090703e+12 7.309954374e-01 2.986730432e+12 6.981671439e-01 2.008894995e+12 6.541321486e-01 
d 7.500000000e-01 7.500000000e-01 0.000000000e+00 0.000000000e+00 0.000000000e+00 -3.592999556e-15 1.000000000e-01 1.000000000e-01 3.628449934e-15 7.688496829e+11 5.558093418e-01 7.315998426e+11 5.507746518e-01 6.375130371e+11 5.372845161e-01 5.203445573e+11 5.183065923e-01 3.816265034e+11 4.926023873e-01 
d 5.000000000e-01 5.000000000e-01 0.000000000e+00 0.000000000e+00 0.000000000e+00 -5.247264239e-16 1.000000000e-01 1.000000000e-01 5.493332150e-16 1.281720492e+11 4.092498417e-01 1.236675708e+11 4.065772320e-01 1.119960827e+11 3.993735230e-01 9.676512234e+10 3.891642044e-01 7.742306974e+10 3.752030555e-01 
d 2.500000000e-01 2.500000000e-01 0.000000000e+00 0.000000000e+00 0.000000000e+00 -5.839848520e-17 1.000000000e-01 1.000000000e-01 8.300530817e-17 2.289499963e+10 3.049606958e-01 2.240157824e+10 3.037469916e-01 2.108971175e+10 3.004560348e-01 1.929503379e+10 2.957572851e-01 1.684875228e+10 2.892697837e-01 
d -7.271362661e-15 -7.271362661e-15 0.000000000e+00 0.000000000e+00 0.000000000e+00 -3.338127253e-18 1.000000000e-01 1.000000000e-01 4.879829239e-17 4.356797754e+09 2.297512868e-01 4.323348662e+09 2.294275894e-01 4.232069249e+09 2.285445663e-01 4.101105572e+09 2.272743114e-01 3.909365775e+09 2.255034070e-01 
d -2.500000000e-01 -2.500000000e-01 0.000000000e+00 0.000000000e+00 0.000000000e+00 6.672677986e-18 1.000000000e-01 1.000000000e-01 5.422238962e-18 8.717698254e+08 1.746033956e-01 8.774036072e+08 1.748091651e-01 8.931885704e+08 1.753739692e-01 9.169513104e+08 1.761927146e-01 9.543471003e+08 1.773455311e-01 
d -5.000000000e-01 -5.000000000e-01 0.000000000e+00 0.000000000e+00 0.000000000e+00 1.584832138e-17 1.000000000e-01 1.000000000e-01 -1.501427959e-17 1.802165429e+08 1.334470560e-01 1.839733875e+08 1.339511818e-01 1.947841005e+08 1.353437244e-01 2.118669714e+08 1.373782903e-01 2.407838738e+08 1.402721466e-01 
d -7.500000000e-01 -7.500000000e-01 0.000000000e+00 0.000000000e+00 0.000000000e+00 -1.584847412e-17 1.000000000e-01 1.000000000e-01 3.336517183e-18 3.769824679e+07 1.022046318e-01 3.903452592e+07 1.028570709e-01 4.298498339e+07 1.046711197e-01 4.954017513e+07 1.073430848e-01 6.148483692e+07 1.111834132e-01 
d -1.000000000e+00 -1.000000000e+00 0.000000000e+00 0.000000000e+00 0.000000000e+00 -4.170208959e-19 1.000000000e-01 1.000000000e-01 2.752631289e-17 7.790093167e+06 7.811548140e-02 8.181388210e+06 7.881777510e-02 9.370143605e+06 8.078367380e-02 1.144230494e+07 8.370364796e-02 1.550999819e+07 8.794597815e-02 
d -1.250000000e+00 -1.250000000e+00 0.000000000e+00 0.000000000e+00 0.000000000e+00 1.751686317e-17 1.000000000e-01 1.000000000e-01 2.085314489e-18 1.544959050e+06 5.928505137e-02 1.645614676e+06 5.997221717e-02 1.959927020e+06 6.190924291e-02 2.535657643e+06 6.481136152e-02 3.754129634e+06 6.907520031e-02 
d -1.500000000e+00 -1.500000000e+00 0.000000000e+00 0.000000000e+00 0.000000000e+00 -1.626563502e-17 1.000000000e-01 1.000000000e-01 2.418989753e-17 2.833107410e+05 4.439185276e-02 3.060172586e+05 4.502110697e-02 3.789075636e+05 4.680771145e-02 5.192332382e+05 4.950855208e-02 8.396448175e+05 5.352302827e-02 
d -1.750000000e+00 -1.750000000e+00 0.000000000e+00 0.000000000e+00 0.000000000e+00 -8.340863392e-19 1.000000000e-01 1.000000000e-01 2.210451304e-17 4.557589957e+04 3.249894512e-02 4.991111630e+04 3.304257766e-02 6.421727196e+04 3.459755355e-02 9.316311123e+04 3.697006220e-02 1.645041975e+05 4.053924305e-02 
d -2.000000000e+00 -2.000000000e+00 0.000000000e+00 0.000000000e+00 0.000000000e+00 1.251195057e-17 1.000000000e-01 1.000000000e-01 -1.272782725e-23 5.923559219e+03 2.293365308e-02 6.574613639e+03 2.337452012e-02 8.782635616e+03 2.464510607e-02 1.347574501e+04 2.660214759e-02 2.596023472e+04 2.958312674e-02 
d -2.250000000e+00 -2.250000000e+00 0.000000000e+00 0.000000000e+00 0.000000000e+00 1.835091133e-17 1.000000000e-01 1.000000000e-01 -4.170845351e-19 5.382263613e+02 1.521488154e-02 6.050800007e+02 1.554375475e-02 8.379096258e+02 1.649875913e-02 1.357066613e+03 1.798381893e-02 2.845703928e+03 2.027466074e-02 
d -2.500000000e+00 -2.500000000e+00 0.000000000e+00 0.000000000e+00 0.000000000e+00 -1.543142777e-17 1.000000000e-01 1.000000000e-01 -2.293861211e-17 2.558129828e+01 9.026335069e-03 2.909599881e+01 9.241201504e-03 4.164291403e+01 9.869669349e-03 7.089373050e+01 1.085599084e-02 1.609058763e+02 1.239640240e-02 
d -2.750000000e+00 -2.750000000e+00 0.000000000e+00 0.000000000e+00 0.000000000e+00 -4.170208959e-19 1.000000000e-01 1.000000000e-01 1.042668699e-17 3.330529399e-01 4.276243032e-03 3.791759205e-01 4.385626105e-03 5.614523628e-01 4.707516913e-03 9.948573861e-01 5.216667194e-03 2.394773099e+00 6.020381488e-03 
d -3.000000000e+00 -3.000000000e+00 0.000000000e+00 0.000000000e+00 0.000000000e+00 1.668293593e-18 1.000000000e-01 1.000000000e-01 7.507146160e-18 3.474604577e-04 1.312161650e-03 3.970808716e-04 1.347083904e-03 5.994579485e-04 1.450221151e-03 1.090660613e-03 1.614116561e-03 2.711449521e-03 1.874489083e-03 
d -3.250000000e+00 -3.250000000e+00 0.000000000e+00 0.000000000e+00 0.000000000e+00 -1.459726506e-17 1.000000000e-01 1.000000000e-01 -2.043617490e-17 4.179166823e-08 2.773990657e-04 4.783532641e-08 2.848781402e-04 7.261582595e-08 3.069919407e-04 1.331800611e-07 3.421854466e-04 3.352591379e-07 3.982096859e-04 
d -3.500000000e+00 -3.500000000e+00 0.000000000e+00 0.000000000e+00 0.000000000e+00 4.587719876e-18 1.000000000e-01 1.000000000e-01 2.210448122e-17 1.811159502e-12 4.917708455e-05 2.073924953e-12 5.050739629e-05 3.152820556e-12 5.444197457e-05 5.794381349e-12 6.070608698e-05 1.463340860e-11 7.068289495e-05 
d -3.750000000e+00 -3.750000000e+00 0.000000000e+00 0.000000000e+00 0.000000000e+00 9.592505196e-18 1.000000000e-01 1.000000000e-01 -2.085276305e-18 5.333501707e-17 8.156542996e-06 6.108872051e-17 8.377644480e-06 9.294922563e-17 9.031648087e-06 1.710320606e-16 1.007300558e-05 4.326971935e-16 1.173185780e-05 
d -4.000000000e+00 -4.000000000e+00 0.000000000e+00 0.000000000e+00 0.000000000e+00 5.004766228e-18 1.000000000e-01 1.000000000e-01 -3.002871192e-17 3.357809382e-21 1.542321446e-06 3.850836219e-21 1.584550781e-06 5.884170168e-21 1.709510554e-06 1.089002615e-20 1.908574406e-06 2.777841463e-20 2.225851260e-06 
d -4.250000000e+00 -4.250000000e+00 0.000000000e+00 0.000000000e+00 0.000000000e+00 7.507216163e-18 1.000000000e-01 1.000000000e-01 -1.084371425e-17 2.490627145e-24 4.463088236e-07 2.869277582e-24 4.589655066e-07 4.451568821e-24 4.964687344e-07 8.410511244e-24 5.563106823e-07 2.209051919e-23 6.518735202e-07 
d -4.500000000e+00 -4.500000000e+00 0.000000000e+00 0.000000000e+00 0.000000000e+00 7.090163448e-18 1.000000000e-01 1.000000000e-01 1.167782605e-17 2.847571208e-26 2.070235074e-07 3.307044642e-26 2.132580622e-07 5.273009433e-26 2.317768131e-07 1.033632379e-25 2.614128979e-07 2.859472975e-25 3.089015558e-07 
d -4.750000000e+00 -4.750000000e+00 0.000000000e+00 0.000000000e+00 0.000000000e+00 -3.711888809e-17 1.000000000e-01 1.000000000e-01 -1.292897783e-17 1.573439590e-27 1.260183875e-07 1.845656248e-27 1.300905747e-07 3.045457942e-27 1.422229515e-07 6.248906187e-27 1.617091571e-07 1.842650457e-26 1.930655125e-07 
d -5.000000000e+00 -5.000000000e+00 0.000000000e+00 0.000000000e+00 0.000000000e+00 8.758380674e-18 1.000000000e-01 1.000000000e-01 3.711881809e-17 1.975771381e-28 8.837860506e-08 2.342893307e-28 9.144862558e-08 4.014872115e-28 1.006254005e-07 8.658686295e-28 1.154225664e-07 2.735360136e-27 1.393421735e-07 
