v ATLAS
# This file was created by ATLAS version 5.26.1.R on Tue Apr 17 19:46:11 2018.
#SSF 2.0 generic
##############################################################################
#                    Copyright (c) 1984 - 2018                               #
#                    Silvaco Inc. All rights reserved                        #
#                                                                            #
# This file format and the following Key are copyright Silvaco Inc.          #
# You may not use, this format or key without reproducing this message in    #
# full and obtaining express written permission from Silvaco Inc.            #
#                                                                            #
# To obtain such permission please contact: Silvaco Inc.                     #
#                                           support@silvaco.com              #
#                                                                            #
# KEY=SVC86hn7562asdx                       PROD=345                         #
##############################################################################
y 3 700 711 15
z 0.29179 0.011193 300
f 4 "gate" "source" "drain" "substrate" 
p 12 2 601 20 3 602 21 4 603 22 5 604 23 
d 0.000000000e+00 0.000000000e+00 0.000000000e+00 0.000000000e+00 0.000000000e+00 3.604235122e-16 1.000000000e-01 1.000000000e-01 5.685579609e-16 -1.000000000e+00 -1.000000000e+00 -9.283588618e-16 
d 1.000000000e-01 1.000000000e-01 0.000000000e+00 0.000000000e+00 0.000000000e+00 -8.568967095e-16 1.000000000e-01 1.000000000e-01 1.740162751e-15 -1.000000000e+00 -1.000000000e+00 -9.351339752e-16 
d 2.000000000e-01 2.000000000e-01 0.000000000e+00 0.000000000e+00 0.000000000e+00 -2.242170903e-14 1.000000000e-01 1.000000000e-01 2.325860694e-14 -1.000000000e+00 -1.000000000e+00 -9.403139036e-16 
d 3.000000000e-01 3.000000000e-01 0.000000000e+00 0.000000000e+00 0.000000000e+00 -4.074652698e-13 1.000000000e-01 1.000000000e-01 4.084746384e-13 -1.000000000e+00 -1.000000000e+00 -9.432541503e-16 
d 4.000000000e-01 4.000000000e-01 0.000000000e+00 0.000000000e+00 0.000000000e+00 -7.234240621e-12 1.000000000e-01 1.000000000e-01 7.235154904e-12 -1.000000000e+00 -1.000000000e+00 -9.444746842e-16 
d 5.000000000e-01 5.000000000e-01 0.000000000e+00 0.000000000e+00 0.000000000e+00 -1.266172901e-10 1.000000000e-01 1.000000000e-01 1.266182592e-10 -1.000000000e+00 -1.000000000e+00 -9.432419234e-16 
d 6.000000000e-01 6.000000000e-01 0.000000000e+00 0.000000000e+00 0.000000000e+00 -2.162140048e-09 1.000000000e-01 1.000000000e-01 2.162141020e-09 -1.000000000e+00 -1.000000000e+00 -9.440004246e-16 
d 7.000000000e-01 7.000000000e-01 0.000000000e+00 0.000000000e+00 0.000000000e+00 -3.456405180e-08 1.000000000e-01 1.000000000e-01 3.456405275e-08 -1.000000000e+00 -1.000000000e+00 -9.431374052e-16 
d 8.000000000e-01 8.000000000e-01 0.000000000e+00 0.000000000e+00 0.000000000e+00 -4.091331372e-07 1.000000000e-01 1.000000000e-01 4.091331383e-07 -1.000000000e+00 -1.000000000e+00 -9.436319108e-16 
