v ATLAS
# This file was created by ATLAS version 5.26.1.R on Mon Apr 16 16:19:36 2018.
#SSF 2.0 generic
##############################################################################
#                    Copyright (c) 1984 - 2018                               #
#                    Silvaco Inc. All rights reserved                        #
#                                                                            #
# This file format and the following Key are copyright Silvaco Inc.          #
# You may not use, this format or key without reproducing this message in    #
# full and obtaining express written permission from Silvaco Inc.            #
#                                                                            #
# To obtain such permission please contact: Silvaco Inc.                     #
#                                           support@silvaco.com              #
#                                                                            #
# KEY=SVC86hn7562asdx                       PROD=345                         #
##############################################################################
y 1 15
z 300
f 2 "anode" "cathode" 
p 6 2 601 20 3 602 21 
d 5.000000000e-02 5.000000000e-02 -3.103860537e-17 0.000000000e+00 0.000000000e+00 -3.510127803e-18 
d 1.000000000e-01 1.000000000e-01 6.193446920e-17 0.000000000e+00 0.000000000e+00 -2.666327492e-17 
d 1.500000000e-01 1.500000000e-01 1.944306572e-16 0.000000000e+00 0.000000000e+00 -1.899693288e-16 
d 2.000000000e-01 2.000000000e-01 1.337341758e-15 0.000000000e+00 0.000000000e+00 -1.315778011e-15 
d 2.500000000e-01 2.500000000e-01 9.307392327e-15 0.000000000e+00 0.000000000e+00 -9.102374027e-15 
d 3.000000000e-01 3.000000000e-01 6.293777194e-14 0.000000000e+00 0.000000000e+00 -6.294164024e-14 
d 3.500000000e-01 3.500000000e-01 4.351631936e-13 0.000000000e+00 0.000000000e+00 -4.351892969e-13 
d 4.000000000e-01 4.000000000e-01 3.008782063e-12 0.000000000e+00 0.000000000e+00 -3.008767135e-12 
d 4.500000000e-01 4.500000000e-01 2.079979738e-11 0.000000000e+00 0.000000000e+00 -2.079977866e-11 
d 5.000000000e-01 5.000000000e-01 1.437672778e-10 0.000000000e+00 0.000000000e+00 -1.437673028e-10 
d 5.500000000e-01 5.500000000e-01 9.933411603e-10 0.000000000e+00 0.000000000e+00 -9.933410772e-10 
d 6.000000000e-01 6.000000000e-01 6.854331627e-09 0.000000000e+00 0.000000000e+00 -6.854331517e-09 
d 6.500000000e-01 6.500000000e-01 4.704856251e-08 0.000000000e+00 0.000000000e+00 -4.704856204e-08 
d 7.000000000e-01 7.000000000e-01 3.174589514e-07 0.000000000e+00 0.000000000e+00 -3.174589515e-07 
d 7.500000000e-01 7.500000000e-01 2.045525754e-06 0.000000000e+00 0.000000000e+00 -2.045525754e-06 
d 8.000000000e-01 8.000000000e-01 1.187667461e-05 0.000000000e+00 0.000000000e+00 -1.187667461e-05 
d 8.500000000e-01 8.500000000e-01 5.787586512e-05 0.000000000e+00 0.000000000e+00 -5.787586503e-05 
d 9.000000000e-01 9.000000000e-01 2.315265160e-04 0.000000000e+00 0.000000000e+00 -2.315265124e-04 
d 9.500000000e-01 9.500000000e-01 7.877970146e-04 0.000000000e+00 0.000000000e+00 -7.877970107e-04 
d 1.000000000e+00 1.000000000e+00 2.336804254e-03 0.000000000e+00 0.000000000e+00 -2.336804255e-03 
