v ATLAS
# This file was created by ATLAS version 5.26.1.R on Tue Apr 17 23:14:43 2018.
#SSF 2.0 generic
##############################################################################
#                    Copyright (c) 1984 - 2018                               #
#                    Silvaco Inc. All rights reserved                        #
#                                                                            #
# This file format and the following Key are copyright Silvaco Inc.          #
# You may not use, this format or key without reproducing this message in    #
# full and obtaining express written permission from Silvaco Inc.            #
#                                                                            #
# To obtain such permission please contact: Silvaco Inc.                     #
#                                           support@silvaco.com              #
#                                                                            #
# KEY=SVC86hn7562asdx                       PROD=345                         #
##############################################################################
y 3 700 711 15
z 3.5 0.05 300
f 3 "source" "gate" "drain" 
p 9 2 601 20 3 602 21 4 603 22 
d 0.000000000e+00 0.000000000e+00 -2.737957883e-10 1.000000000e-01 1.000000000e-01 0.000000000e+00 1.000000000e-01 1.000000000e-01 3.209933214e-14 
d 0.000000000e+00 0.000000000e+00 2.737321288e-10 2.000000000e-01 2.000000000e-01 0.000000000e+00 1.000000000e-01 1.000000000e-01 3.247132278e-14 
d 0.000000000e+00 0.000000000e+00 5.474961004e-10 3.000000000e-01 3.000000000e-01 0.000000000e+00 1.000000000e-01 1.000000000e-01 3.339482073e-14 
d 0.000000000e+00 0.000000000e+00 -5.475622358e-10 4.000000000e-01 4.000000000e-01 0.000000000e+00 1.000000000e-01 1.000000000e-01 3.543691444e-14 
d 0.000000000e+00 0.000000000e+00 -2.738012544e-10 5.000000000e-01 5.000000000e-01 0.000000000e+00 1.000000000e-01 1.000000000e-01 4.126670575e-14 
d 0.000000000e+00 0.000000000e+00 -8.213394998e-10 6.000000000e-01 6.000000000e-01 0.000000000e+00 1.000000000e-01 1.000000000e-01 5.924052382e-14 
d 0.000000000e+00 0.000000000e+00 2.736865030e-10 7.000000000e-01 7.000000000e-01 0.000000000e+00 1.000000000e-01 1.000000000e-01 1.150424309e-13 
d 0.000000000e+00 0.000000000e+00 -2.739417807e-10 8.000000000e-01 8.000000000e-01 0.000000000e+00 1.000000000e-01 1.000000000e-01 2.963246829e-13 
d 0.000000000e+00 0.000000000e+00 -5.480451235e-10 9.000000000e-01 9.000000000e-01 0.000000000e+00 1.000000000e-01 1.000000000e-01 9.108512756e-13 
d 0.000000000e+00 0.000000000e+00 2.720427503e-10 1.000000000e+00 1.000000000e+00 0.000000000e+00 1.000000000e-01 1.000000000e-01 3.095074518e-12 
d 0.000000000e+00 0.000000000e+00 -2.799274207e-10 1.100000000e+00 1.100000000e+00 0.000000000e+00 1.000000000e-01 1.000000000e-01 1.114606465e-11 
d 0.000000000e+00 0.000000000e+00 -2.288375271e-11 1.200000000e+00 1.200000000e+00 0.000000000e+00 1.000000000e-01 1.000000000e-01 4.145150489e-11 
d 0.000000000e+00 0.000000000e+00 -3.602066636e-10 1.300000000e+00 1.300000000e+00 0.000000000e+00 1.000000000e-01 1.000000000e-01 1.566529690e-10 
d 0.000000000e+00 0.000000000e+00 -8.768105852e-10 1.400000000e+00 1.400000000e+00 0.000000000e+00 1.000000000e-01 1.000000000e-01 5.968022156e-10 
d 0.000000000e+00 0.000000000e+00 -2.354100583e-09 1.500000000e+00 1.500000000e+00 0.000000000e+00 1.000000000e-01 1.000000000e-01 2.282005819e-09 
d 0.000000000e+00 0.000000000e+00 -8.374838603e-09 1.600000000e+00 1.600000000e+00 0.000000000e+00 1.000000000e-01 1.000000000e-01 8.728859871e-09 
d 0.000000000e+00 0.000000000e+00 -3.312151326e-08 1.700000000e+00 1.700000000e+00 0.000000000e+00 1.000000000e-01 1.000000000e-01 3.323826832e-08 
d 0.000000000e+00 0.000000000e+00 -1.248348692e-07 1.800000000e+00 1.800000000e+00 0.000000000e+00 1.000000000e-01 1.000000000e-01 1.245435040e-07 
d 0.000000000e+00 0.000000000e+00 -4.488999050e-07 1.900000000e+00 1.900000000e+00 0.000000000e+00 1.000000000e-01 1.000000000e-01 4.484326357e-07 
d 0.000000000e+00 0.000000000e+00 -1.494953389e-06 2.000000000e+00 2.000000000e+00 0.000000000e+00 1.000000000e-01 1.000000000e-01 1.494425103e-06 
d 0.000000000e+00 0.000000000e+00 -4.323628463e-06 2.100000000e+00 2.100000000e+00 0.000000000e+00 1.000000000e-01 1.000000000e-01 4.323526462e-06 
d 0.000000000e+00 0.000000000e+00 -9.996546339e-06 2.200000000e+00 2.200000000e+00 0.000000000e+00 1.000000000e-01 1.000000000e-01 9.996548040e-06 
d 0.000000000e+00 0.000000000e+00 -1.758513433e-05 2.300000000e+00 2.300000000e+00 0.000000000e+00 1.000000000e-01 1.000000000e-01 1.758466547e-05 
d 0.000000000e+00 0.000000000e+00 -2.445514246e-05 2.400000000e+00 2.400000000e+00 0.000000000e+00 1.000000000e-01 1.000000000e-01 2.445487219e-05 
d 0.000000000e+00 0.000000000e+00 -2.959943415e-05 2.500000000e+00 2.500000000e+00 0.000000000e+00 1.000000000e-01 1.000000000e-01 2.959946067e-05 
d 0.000000000e+00 0.000000000e+00 -3.337665519e-05 2.600000000e+00 2.600000000e+00 0.000000000e+00 1.000000000e-01 1.000000000e-01 3.337621862e-05 
d 0.000000000e+00 0.000000000e+00 -3.623757082e-05 2.700000000e+00 2.700000000e+00 0.000000000e+00 1.000000000e-01 1.000000000e-01 3.623795211e-05 
d 0.000000000e+00 0.000000000e+00 -3.848655350e-05 2.800000000e+00 2.800000000e+00 0.000000000e+00 1.000000000e-01 1.000000000e-01 3.848625456e-05 
d 0.000000000e+00 0.000000000e+00 -4.030815348e-05 2.900000000e+00 2.900000000e+00 0.000000000e+00 1.000000000e-01 1.000000000e-01 4.030825392e-05 
d 0.000000000e+00 0.000000000e+00 -4.182251756e-05 3.000000000e+00 3.000000000e+00 0.000000000e+00 1.000000000e-01 1.000000000e-01 4.182247739e-05 
d 0.000000000e+00 0.000000000e+00 -4.310738747e-05 3.100000000e+00 3.100000000e+00 0.000000000e+00 1.000000000e-01 1.000000000e-01 4.310681532e-05 
d 0.000000000e+00 0.000000000e+00 -4.421452822e-05 3.200000000e+00 3.200000000e+00 0.000000000e+00 1.000000000e-01 1.000000000e-01 4.421440395e-05 
d 0.000000000e+00 0.000000000e+00 -4.518241404e-05 3.300000000e+00 3.300000000e+00 0.000000000e+00 1.000000000e-01 1.000000000e-01 4.518272516e-05 
d 0.000000000e+00 0.000000000e+00 -4.603866916e-05 3.400000000e+00 3.400000000e+00 0.000000000e+00 1.000000000e-01 1.000000000e-01 4.603902303e-05 
d 0.000000000e+00 0.000000000e+00 -4.680408582e-05 3.500000000e+00 3.500000000e+00 0.000000000e+00 1.000000000e-01 1.000000000e-01 4.680361663e-05 
d 0.000000000e+00 0.000000000e+00 -4.749158312e-05 3.600000000e+00 3.600000000e+00 0.000000000e+00 1.000000000e-01 1.000000000e-01 4.749198280e-05 
d 0.000000000e+00 0.000000000e+00 -4.811655629e-05 3.700000000e+00 3.700000000e+00 0.000000000e+00 1.000000000e-01 1.000000000e-01 4.811614715e-05 
d 0.000000000e+00 0.000000000e+00 -4.868671673e-05 3.800000000e+00 3.800000000e+00 0.000000000e+00 1.000000000e-01 1.000000000e-01 4.868562086e-05 
d 0.000000000e+00 0.000000000e+00 -4.920818979e-05 3.900000000e+00 3.900000000e+00 0.000000000e+00 1.000000000e-01 1.000000000e-01 4.920803281e-05 
d 0.000000000e+00 0.000000000e+00 -4.968987212e-05 4.000000000e+00 4.000000000e+00 0.000000000e+00 1.000000000e-01 1.000000000e-01 4.968958425e-05 
d 0.000000000e+00 0.000000000e+00 -5.013539979e-05 4.100000000e+00 4.100000000e+00 0.000000000e+00 1.000000000e-01 1.000000000e-01 5.013537701e-05 
d 0.000000000e+00 0.000000000e+00 -5.054957711e-05 4.200000000e+00 4.200000000e+00 0.000000000e+00 1.000000000e-01 1.000000000e-01 5.054965313e-05 
d 0.000000000e+00 0.000000000e+00 -5.093573761e-05 4.300000000e+00 4.300000000e+00 0.000000000e+00 1.000000000e-01 1.000000000e-01 5.093597368e-05 
d 0.000000000e+00 0.000000000e+00 -5.129691373e-05 4.400000000e+00 4.400000000e+00 0.000000000e+00 1.000000000e-01 1.000000000e-01 5.129735399e-05 
d 0.000000000e+00 0.000000000e+00 -5.163644111e-05 4.500000000e+00 4.500000000e+00 0.000000000e+00 1.000000000e-01 1.000000000e-01 5.163636653e-05 
d 0.000000000e+00 0.000000000e+00 -5.195581345e-05 4.600000000e+00 4.600000000e+00 0.000000000e+00 1.000000000e-01 1.000000000e-01 5.195522246e-05 
d 0.000000000e+00 0.000000000e+00 -5.225499257e-05 4.700000000e+00 4.700000000e+00 0.000000000e+00 1.000000000e-01 1.000000000e-01 5.225583739e-05 
d 0.000000000e+00 0.000000000e+00 -5.253955155e-05 4.800000000e+00 4.800000000e+00 0.000000000e+00 1.000000000e-01 1.000000000e-01 5.253987714e-05 
d 0.000000000e+00 0.000000000e+00 -5.280892599e-05 4.900000000e+00 4.900000000e+00 0.000000000e+00 1.000000000e-01 1.000000000e-01 5.280879978e-05 
d 0.000000000e+00 0.000000000e+00 -5.306354986e-05 5.000000000e+00 5.000000000e+00 0.000000000e+00 1.000000000e-01 1.000000000e-01 5.306388804e-05 
d 0.000000000e+00 0.000000000e+00 -5.330623883e-05 5.100000000e+00 5.100000000e+00 0.000000000e+00 1.000000000e-01 1.000000000e-01 5.330627578e-05 
d 0.000000000e+00 0.000000000e+00 -5.353754831e-05 5.200000000e+00 5.200000000e+00 0.000000000e+00 1.000000000e-01 1.000000000e-01 5.353696968e-05 
d 0.000000000e+00 0.000000000e+00 -5.375715215e-05 5.300000000e+00 5.300000000e+00 0.000000000e+00 1.000000000e-01 1.000000000e-01 5.375686719e-05 
d 0.000000000e+00 0.000000000e+00 -5.396631390e-05 5.400000000e+00 5.400000000e+00 0.000000000e+00 1.000000000e-01 1.000000000e-01 5.396676992e-05 
d 0.000000000e+00 0.000000000e+00 -5.416734838e-05 5.500000000e+00 5.500000000e+00 0.000000000e+00 1.000000000e-01 1.000000000e-01 5.416740008e-05 
d 0.000000000e+00 0.000000000e+00 -5.435897136e-05 5.600000000e+00 5.600000000e+00 0.000000000e+00 1.000000000e-01 1.000000000e-01 5.435940720e-05 
d 0.000000000e+00 0.000000000e+00 -5.454260106e-05 5.700000000e+00 5.700000000e+00 0.000000000e+00 1.000000000e-01 1.000000000e-01 5.454337700e-05 
d 0.000000000e+00 0.000000000e+00 -5.471962730e-05 5.800000000e+00 5.800000000e+00 0.000000000e+00 1.000000000e-01 1.000000000e-01 5.471984378e-05 
d 0.000000000e+00 0.000000000e+00 -5.488894922e-05 5.900000000e+00 5.900000000e+00 0.000000000e+00 1.000000000e-01 1.000000000e-01 5.488929319e-05 
d 0.000000000e+00 0.000000000e+00 -5.505217918e-05 6.000000000e+00 6.000000000e+00 0.000000000e+00 1.000000000e-01 1.000000000e-01 5.505216668e-05 
d 0.000000000e+00 0.000000000e+00 -5.520899223e-05 6.100000000e+00 6.100000000e+00 0.000000000e+00 1.000000000e-01 1.000000000e-01 5.520886764e-05 
d 0.000000000e+00 0.000000000e+00 -5.535931847e-05 6.200000000e+00 6.200000000e+00 0.000000000e+00 1.000000000e-01 1.000000000e-01 5.535976559e-05 
d 0.000000000e+00 0.000000000e+00 -5.550526138e-05 6.300000000e+00 6.300000000e+00 0.000000000e+00 1.000000000e-01 1.000000000e-01 5.550519972e-05 
d 0.000000000e+00 0.000000000e+00 -5.564617184e-05 6.400000000e+00 6.400000000e+00 0.000000000e+00 1.000000000e-01 1.000000000e-01 5.564548208e-05 
d 0.000000000e+00 0.000000000e+00 -5.578083974e-05 6.500000000e+00 6.500000000e+00 0.000000000e+00 1.000000000e-01 1.000000000e-01 5.578090034e-05 
d 0.000000000e+00 0.000000000e+00 -5.591187553e-05 6.600000000e+00 6.600000000e+00 0.000000000e+00 1.000000000e-01 1.000000000e-01 5.591172014e-05 
d 0.000000000e+00 0.000000000e+00 -5.603859352e-05 6.700000000e+00 6.700000000e+00 0.000000000e+00 1.000000000e-01 1.000000000e-01 5.603818730e-05 
d 0.000000000e+00 0.000000000e+00 -5.616084564e-05 6.800000000e+00 6.800000000e+00 0.000000000e+00 1.000000000e-01 1.000000000e-01 5.616052964e-05 
d 0.000000000e+00 0.000000000e+00 -5.627820108e-05 6.900000000e+00 6.900000000e+00 0.000000000e+00 1.000000000e-01 1.000000000e-01 5.627895868e-05 
d 0.000000000e+00 0.000000000e+00 -5.639350597e-05 7.000000000e+00 7.000000000e+00 0.000000000e+00 1.000000000e-01 1.000000000e-01 5.639367109e-05 
d 0.000000000e+00 0.000000000e+00 -5.650494503e-05 7.100000000e+00 7.100000000e+00 0.000000000e+00 1.000000000e-01 1.000000000e-01 5.650485002e-05 
d 0.000000000e+00 0.000000000e+00 -5.661316002e-05 7.200000000e+00 7.200000000e+00 0.000000000e+00 1.000000000e-01 1.000000000e-01 5.661266632e-05 
d 0.000000000e+00 0.000000000e+00 -5.671796521e-05 7.300000000e+00 7.300000000e+00 0.000000000e+00 1.000000000e-01 1.000000000e-01 5.671727950e-05 
d 0.000000000e+00 0.000000000e+00 -5.681916914e-05 7.400000000e+00 7.400000000e+00 0.000000000e+00 1.000000000e-01 1.000000000e-01 5.681883876e-05 
d 0.000000000e+00 0.000000000e+00 -5.691739641e-05 7.500000000e+00 7.500000000e+00 0.000000000e+00 1.000000000e-01 1.000000000e-01 5.691748381e-05 
d 0.000000000e+00 0.000000000e+00 -5.701354058e-05 7.600000000e+00 7.600000000e+00 0.000000000e+00 1.000000000e-01 1.000000000e-01 5.701334560e-05 
d 0.000000000e+00 0.000000000e+00 -5.710657386e-05 7.700000000e+00 7.700000000e+00 0.000000000e+00 1.000000000e-01 1.000000000e-01 5.710654608e-05 
d 0.000000000e+00 0.000000000e+00 -5.719738156e-05 7.800000000e+00 7.800000000e+00 0.000000000e+00 1.000000000e-01 1.000000000e-01 5.719720127e-05 
d 0.000000000e+00 0.000000000e+00 -5.728575015e-05 7.900000000e+00 7.900000000e+00 0.000000000e+00 1.000000000e-01 1.000000000e-01 5.728542037e-05 
d 0.000000000e+00 0.000000000e+00 -5.737091482e-05 8.000000000e+00 8.000000000e+00 0.000000000e+00 1.000000000e-01 1.000000000e-01 5.737130572e-05 
d 0.000000000e+00 0.000000000e+00 -5.745429761e-05 8.100000000e+00 8.100000000e+00 0.000000000e+00 1.000000000e-01 1.000000000e-01 5.745495379e-05 
d 0.000000000e+00 0.000000000e+00 -5.753704350e-05 8.200000000e+00 8.200000000e+00 0.000000000e+00 1.000000000e-01 1.000000000e-01 5.753645506e-05 
d 0.000000000e+00 0.000000000e+00 -5.761536741e-05 8.300000000e+00 8.300000000e+00 0.000000000e+00 1.000000000e-01 1.000000000e-01 5.761589587e-05 
d 0.000000000e+00 0.000000000e+00 -5.769314703e-05 8.400000000e+00 8.400000000e+00 0.000000000e+00 1.000000000e-01 1.000000000e-01 5.769335773e-05 
d 0.000000000e+00 0.000000000e+00 -5.776850845e-05 8.500000000e+00 8.500000000e+00 0.000000000e+00 1.000000000e-01 1.000000000e-01 5.776891758e-05 
d 0.000000000e+00 0.000000000e+00 -5.784340820e-05 8.600000000e+00 8.600000000e+00 0.000000000e+00 1.000000000e-01 1.000000000e-01 5.784264825e-05 
d 0.000000000e+00 0.000000000e+00 -5.791514674e-05 8.700000000e+00 8.700000000e+00 0.000000000e+00 1.000000000e-01 1.000000000e-01 5.791461880e-05 
d 0.000000000e+00 0.000000000e+00 -5.798430774e-05 8.800000000e+00 8.800000000e+00 0.000000000e+00 1.000000000e-01 1.000000000e-01 5.798489473e-05 
d 0.000000000e+00 0.000000000e+00 -5.805421066e-05 8.900000000e+00 8.900000000e+00 0.000000000e+00 1.000000000e-01 1.000000000e-01 5.805353820e-05 
d 0.000000000e+00 0.000000000e+00 -5.812132918e-05 9.000000000e+00 9.000000000e+00 0.000000000e+00 1.000000000e-01 1.000000000e-01 5.812060831e-05 
d 0.000000000e+00 0.000000000e+00 -5.818596803e-05 9.100000000e+00 9.100000000e+00 0.000000000e+00 1.000000000e-01 1.000000000e-01 5.818616121e-05 
d 0.000000000e+00 0.000000000e+00 -5.824979929e-05 9.200000000e+00 9.200000000e+00 0.000000000e+00 1.000000000e-01 1.000000000e-01 5.825025033e-05 
d 0.000000000e+00 0.000000000e+00 -5.831285103e-05 9.300000000e+00 9.300000000e+00 0.000000000e+00 1.000000000e-01 1.000000000e-01 5.831292656e-05 
d 0.000000000e+00 0.000000000e+00 -5.837378116e-05 9.400000000e+00 9.400000000e+00 0.000000000e+00 1.000000000e-01 1.000000000e-01 5.837423837e-05 
d 0.000000000e+00 0.000000000e+00 -5.843453154e-05 9.500000000e+00 9.500000000e+00 0.000000000e+00 1.000000000e-01 1.000000000e-01 5.843423196e-05 
d 0.000000000e+00 0.000000000e+00 -5.849321013e-05 9.600000000e+00 9.600000000e+00 0.000000000e+00 1.000000000e-01 1.000000000e-01 5.849295142e-05 
d 0.000000000e+00 0.000000000e+00 -5.855093521e-05 9.700000000e+00 9.700000000e+00 0.000000000e+00 1.000000000e-01 1.000000000e-01 5.855043882e-05 
d 0.000000000e+00 0.000000000e+00 -5.860636012e-05 9.800000000e+00 9.800000000e+00 0.000000000e+00 1.000000000e-01 1.000000000e-01 5.860673435e-05 
d 0.000000000e+00 0.000000000e+00 -5.866169617e-05 9.900000000e+00 9.900000000e+00 0.000000000e+00 1.000000000e-01 1.000000000e-01 5.866187642e-05 
d 0.000000000e+00 0.000000000e+00 -5.871586857e-05 1.000000000e+01 1.000000000e+01 0.000000000e+00 1.000000000e-01 1.000000000e-01 5.871590176e-05 
