v VICTORYDEVICE
# silvaco.file ASCII version=1.14.23 format=1 contents=SDB,Tables=1

Copyright "###################################################################"
Copyright "#                    Copyright Silvaco Inc. (c)                   #"
Copyright "#                            1992-2014                            #"
Copyright "#                                                                 #"
Copyright "# This file format and the following Key are copyright Silvaco    #"
Copyright "# International. You may not use, this format or key without      #"
Copyright "# reproducing this message in full and obtaining                  #"
Copyright "# express written permission from Silvaco Inc.                    #"
Copyright "#                                                                 #"
Copyright "# To obtain such permission please contact: Silvaco Inc.          #"
Copyright "#                                           support@silvaco.com   #"
Copyright "#                                                                 #"
Copyright "# KEY=SVC86hn7562asdx                       PROD=345              #"
Copyright "###################################################################"
#This file was created by VICTORYDEVICE version 1.12.1.R
#victoryd 1.12.1.R (Thu Apr 12 10:29:11 PDT 2018)
#libSDB 1.12.42 (Thu Oct 26 19:20:24 PDT 2017)
a VICTORYDEVICE
j 1 9
k 4
r 1 92
x 3 43 42 46
w source 1 1
r 2 92
x 3 43 42 46
w gate 1 2
r 3 92
x 3 43 42 46
w drain 1 3
r 4 92
x 3 43 42 46
w substrate 1 4
y 1 15
z 300
o 1 "trapped int holes"
o 2 "hole current"
o 3 "hole velocity"
o 4 "hole yield fraction"
o 5 holes
o 6 field
o 7 "trapped bulk holes"
o 8 "midpoint holes"
p 22 2 601 20 3 602 21 4 603 22 5 604 23 61 504 3000 3001 3002 3003 3004 3005 3006 3007
d 0 0 -2.0227918919160465e-05 5 5 2.8303086603396121e-20 0.05 0.05 2.0227918919151175e-05 0 0 -3.8673811682113561e-18 11 11 11425010.026711538 8.9611316446807019e-13 5610.9895353200773 0.76077822681166363 1531.7531221916754 3802944.6559764878 7822597009094.582 875.09481466454122
d 0 0 -2.0227961468391612e-05 5 5 2.8303254925586804e-20 0.05 0.05 2.0227961468379814e-05 0 0 -3.8673263988527882e-18 22 22 22676564.225402683 8.9611347334325497e-13 5610.9932885816015 0.7607783381848805 1531.7526195354974 3802947.0171184642 15493916717291.578 875.09489996372895
d 0 0 -2.0228008272296866e-05 5 5 2.830343538805749e-20 0.05 0.05 2.0228008272283388e-05 0 0 -3.8673921284949413e-18 34.100000000000001 34.100000000000001 35053202.066700801 8.9611381310480492e-13 5610.9974171560852 0.76077846069492172 1531.7520666161661 3802949.6143666371 23932349270030.758 875.09499379242266
d 0 0 -2.0228059756314971e-05 5 5 2.8303634664159215e-20 0.05 0.05 2.0228059756299732e-05 0 0 -3.867505805781039e-18 47.410000000000004 47.410000000000004 48667416.842252932 8.9611418684116962e-13 5611.0019585721611 0.76077859545536519 1531.7514584079142 3802952.4713299461 33214601935299.234 875.09509700351282
d 0 0 -2.0228116388399041e-05 5 5 2.8303853873865616e-20 0.05 0.05 2.0228116388381785e-05 0 0 -3.8676427644407433e-18 62.051000000000009 62.051000000000009 63642948.007824324 8.9611459794954925e-13 5611.0069541106586 0.76077874369112464 1531.750789382482 3802955.6139778714 43425051864441.68 875.09521053513959
d 0 0 -2.0228178683285026e-05 5 5 2.8304095012278777e-20 0.05 0.05 2.0228178683265582e-05 0 0 -3.8677509081846922e-18 78.156100000000023 78.156100000000023 80115905.135117471 8.9611505016680452e-13 5611.0124491797906 0.76077890674957893 1531.7500534589171 3802959.0708764154 54656512903379.031 875.09533541923645
d 0 0 -2.0228247207167883e-05 5 5 2.8304360273886674e-20 0.05 0.05 2.0228247207145918e-05 0 0 -3.8679389036138264e-18 95.871710000000022 95.871710000000022 98236004.119230717 8.9611554760341116e-13 5611.0184937277454 0.76077908611281231 1531.7492439483319 3802962.8734476627 67011079047756.391 875.09547279090486
d 0 0 -2.0228322582843938e-05 5 5 2.8304652072969767e-20 0.05 0.05 2.0228322582819316e-05 0 0 -3.8680817901163799e-18 115.35888100000004 115.35888100000004 118167926.83802389 8.9611609478080567e-13 5611.0251426965069 0.76077928341107881 1531.7483534931455 3802967.0562552828 80601052198603.078 875.09562389872633
d 0 0 -2.0228405495367691e-05 5 5 2.8304973065643398e-20 0.05 0.05 2.0228405495339963e-05 0 0 -3.8682645986426027e-18 136.79476910000005 136.79476910000005 140092816.57313523 8.9611669667246357e-13 5611.0324565210185 0.76077950043761089 1531.7473740002533 3802971.6573185548 95549962639106.406 875.09579011610288
d 0 0 -2.0228496698272529e-05 5 5 2.8305326174132524e-20 0.05 0.05 2.0228496698241453e-05 0 0 -3.8685195572555595e-18 160.37424601000006 160.37424601000006 164209922.7259278 8.9611735874908117e-13 5611.0405016782188 0.76077973916490738 1531.7462965675256 3802976.718457771 111993691493176.67 875.0959729537326
d 0 0 -2.0228597020413894e-05 5 5 2.8305714613482954e-20 0.05 0.05 2.0228597020378989e-05 0 0 -3.8687559240803574e-18 186.3116706110001 186.3116706110001 190738409.70596957 8.9611808702827141e-13 5611.049351290927 0.76078000176264782 1531.7451114029641 3802982.285674145 130081705350147.73 875.09617407332905
d 0 0 -2.0228707373493978e-05 5 5 2.8306141920971079e-20 0.05 0.05 2.0228707373454815e-05 0 0 -3.8690133823325124e-18 214.8428376721001 214.8428376721001 219919346.34652069 8.9611888812922261e-13 5611.0590857920497 0.76078029061739694 1531.7438077357867 3802988.4095676737 149978414255487.41 875.0963953027117
d 0 0 -2.0228828760338913e-05 5 5 2.8306611988471364e-20 0.05 0.05 2.0228828760295013e-05 0 0 -3.8692751721970502e-18 246.22712143931014 246.22712143931014 252017893.82377264 8.96119769332818e-13 5611.0697936551296 0.76078060835427463 1531.7423737186389 3802995.1457967306 171864665383864.44 875.0966386524027
d 0 0 -2.0228962284001184e-05 5 5 2.8307129098106458e-20 0.05 0.05 2.0228962283952002e-05 0 0 -3.8695827437102396e-18 280.74983358324118 280.74983358324118 287325711.83831817 8.9612073864775727e-13 5611.0815721978497 0.76078095786079136 1531.7407963200399 3803002.5555835664 195939385938301.16 875.09690633388061
d 0 0 -2.0229109157770536e-05 5 5 2.8307697961487889e-20 0.05 0.05 2.022910915771538e-05 0 0 -3.8699309469002286e-18 318.72481694156534 318.72481694156534 326163604.77389359 8.961218048832817e-13 5611.0945284657764 0.76078134231306072 1531.7390612060994 3803010.7062702831 222421390168368.62 875.09720077965619
d 0 0 -2.0229270716183353e-05 5 5 2.8308323762929573e-20 0.05 0.05 2.0229270716121496e-05 0 0 -3.870361569103442e-18 360.4972986357219 360.4972986357219 368884431.69660902 8.9612297772915896e-13 5611.1087802043276 0.76078176520462915 1531.7371526104321 3803019.671930321 251551366883451 875.09752466535053
d 0 0 -2.0229448427130154e-05 5 5 2.8309012207042431e-20 0.05 0.05 2.0229448427060762e-05 0 0 -3.8707750303186788e-18 406.44702849929411 406.44702849929411 415876306.41598135 8.9612426784365285e-13 5611.1244569277724 0.76078223037818216 1531.7350531910938 3803029.5340409898 283594065467177 875.09788093397731
d 0 0 -2.0229643905169939e-05 5 5 2.8309769570337751e-20 0.05 0.05 2.0229643905092181e-05 0 0 -3.8712569472224912e-18 456.99173134922353 456.99173134922353 467566116.41707152 8.9612568695027121e-13 5611.1417010949226 0.76078274206041185 1531.7327438732555 3803040.382223126 318840700190611.56 875.09827282264621
d 0 0 -2.0229858926172112e-05 5 5 2.8310602762140079e-20 0.05 0.05 2.0229858926084834e-05 0 0 -3.8717937785150715e-18 512.59090448414599 512.59090448414599 524423392.31265783 8.9612724794416867e-13 5611.1606694021366 0.76078330490036394 1531.7302036761864 3803052.3150545633 357611594590536.06 875.09870389192918
d 0 0 -2.0230095443416379e-05 5 5 2.8311519383523119e-20 0.05 0.05 2.0230095443318435e-05 0 0 -3.8723863276582983e-18 573.74999493256064 573.74999493256064 586964562.57930887 8.9612896500916338e-13 5611.1815342053314 0.76078392401160555 1531.727409522998 3803065.4409647626 400259089842434.56 875.09917805815508
d 0 0 -2.0230355605297356e-05 5 5 2.8312527800448843e-20 0.05 0.05 2.0230355605187418e-05 0 0 -3.8730826717996385e-18 641.02499442581666 641.02499442581666 655757631.75716937 8.9613085374642421e-13 5611.2044850838156 0.76078460501859801 1531.7243360314294 3803079.8792186845 447170743434628.19 875.09969962892126
d 0 0 -2.0230641774787259e-05 5 5 2.8313637220832594e-20 0.05 0.05 2.0230641774675267e-05 0 0 -3.8696020123694811e-18 715.02749386839844 715.02749386839844 731427324.0381546 8.9613293131598978e-13 5611.229730560075 0.76078535410768866 1531.720955283796 3803095.7609987766 498772847061113 875.10027334214465
d 0 0 -2.0230956550854257e-05 5 5 2.8314857777476625e-20 0.05 0.05 2.0230956550728977e-05 0 0 -3.8699395038446659e-18 796.43024325523834 796.43024325523834 814660738.27130032 8.961352165923929e-13 5611.2574999909757 0.7607861780831815 1531.7172365740382 3803113.2305948213 555534295518788.81 875.10090440900251
d 0 0 -2.0231302791974917e-05 5 5 2.8316200624856551e-20 0.05 0.05 2.0231302791834727e-05 0 0 -3.8703371524885962e-18 885.97326758076224 885.97326758076224 906213564.90994167 8.9613773033579423e-13 5611.2880456474768 0.76078708442899134 1531.7131461295917 3803132.4467123938 617970841544748.5 875.1015985611441
d 0 0 -2.0231683642020211e-05 5 5 2.831767804099702e-20 0.05 0.05 2.0231683641863182e-05 0 0 -3.8707580201919194e-18 984.47059433883851 984.47059433883851 1006916920.3485261 8.9614049538016078e-13 5611.3216450014879 0.7607880813764325 1531.7086468056 3803153.5839116639 686649774988285.38 875.10236210260439
d 0 0 -2.023210255869533e-05 5 5 2.8319303541688396e-20 0.05 0.05 2.0232102558519415e-05 0 0 -3.8712142855784968e-18 1092.8176537727225 1092.8176537727225 1117684859.4852111 8.9614353684018309e-13 5611.3586032404792 0.76078917797875034 1531.7036977487287 3803176.8341895058 762195068509903.62 875.10320196687871
d 0 0 -2.0232563344807572e-05 5 5 2.832109200643992e-20 0.05 0.05 2.0232563344610292e-05 0 0 -3.8717546402363704e-18 1211.9994191499948 1211.9994191499948 1239522633.2408466 8.9614688233878637e-13 5611.3992560324004 0.76079038419306266 1531.6982540275756 3803202.408719115 845293036168229.5 875.10412577967054
d 0 0 -2.0233070182636132e-05 5 5 2.8323059817322271e-20 0.05 0.05 2.0233070182414741e-05 0 0 -3.8723275661382195e-18 1343.0993610649944 1343.0993610649944 1373535764.2092326 8.9615056225727529e-13 5611.443972565693 0.76079171097044185 1531.692266226391 3803230.5397627344 936698555830582.38 875.10514192787309
d 0 0 -2.0233627671709957e-05 5 5 2.8325225012200711e-20 0.05 0.05 2.0233627671461269e-05 0 0 -3.872960255129182e-18 1487.3092971714939 1487.3092971714939 1520940020.6544182 8.9615461001035025e-13 5611.4931588916224 0.76079317035494209 1531.6856799984866 3803261.482774626 1037241911362463.4 875.10625963539849
d 0 0 -2.0234240870327488e-05 5 5 2.8327607453875952e-20 0.05 0.05 2.0234240870048052e-05 0 0 -3.8736356307486017e-18 1645.9402268886436 1645.9402268886436 1683072376.7579172 8.9615906234845324e-13 5611.5472615987974 0.76079477559245146 1531.6784355753744 3803295.5187130906 1147836316057133 875.10748904652917
d 0 0 -2.0234915341186002e-05 5 5 2.8330229016856776e-20 0.05 0.05 2.0234915340871706e-05 0 0 -3.8744019943686507e-18 1820.4342495775079 1820.4342495775079 1861403055.4046233 8.9616395969014012e-13 5611.6067718526856 0.76079654125033502 1531.6704672272854 3803332.9565821877 1269486184804171.5 875.10884131753039
d 0 0 -2.0235657201521484e-05 5 5 2.8333113793655314e-20 0.05 0.05 2.0235657201167658e-05 0 0 -3.8752610733432914e-18 2012.3776745352588 2012.3776745352588 2057548758.9362233 8.9616934648743714e-13 5611.6722298360792 0.76079848334893063 1531.6617026703093 3803374.1362258 1403296229114666 875.11032871733653
d 0 0 -2.0236473178200114e-05 5 5 2.8336288322721904e-20 0.05 0.05 2.0236473177801558e-05 0 0 -3.8762401220778852e-18 2223.5154419887849 2223.5154419887849 2273287203.2528262 8.9617527162742856e-13 5611.7442296300133 0.76080061950605582 1531.65206241493 3803419.4313989026 1550481456373826.2 875.11196473819655
d 0 0 -2.0237370667785798e-05 5 5 2.8339781820609897e-20 0.05 0.05 2.0237370667336569e-05 0 0 -3.8772546448700097e-18 2455.7669861876639 2455.7669861876639 2510573081.4673219 8.9618178887360161e-13 5611.8234245776093 0.76080296909577572 1531.6414590504035 3803469.2531427536 1712378162637048.8 875.11376421735361
d 0 0 -2.0238357804282298e-05 5 5 2.8343626541181692e-20 0.05 0.05 2.0238357803775762e-05 0 0 -3.8784200401662516e-18 2711.2436848064303 2711.2436848064303 2771555595.0741038 8.9618895735099329e-13 5611.9105331820483 0.76080555342294365 1531.6297964579476 3803524.0534964385 1890456016984932.5 875.11574347034411
d 0 0 -2.023944353107253e-05 5 5 2.8347857958961543e-20 0.05 0.05 2.0239443530501284e-05 0 0 -3.8797028393895409e-18 2992.2680532870736 2992.2680532870736 3058597703.3468242 8.9619684207917791e-13 5612.0063455837108 0.76080839591481852 1531.6169689473825 3803584.3295727791 2086331344973713.8 875.11792043801609
d 0 0 -2.0240637681332644e-05 5 5 2.8352515198452748e-20 0.05 0.05 2.0240637680688286e-05 0 0 -3.8811487553435402e-18 3301.3948586157812 3301.3948586157812 3374297255.4907603 8.9620551455794056e-13 5612.1117306797305 0.76081152233162774 1531.6028603083139 3803650.6280387654 2301781729131649 875.12031484764111
d 0 0 -2.0241951066144311e-05 5 5 2.8357641385727069e-20 0.05 0.05 2.0241951065417665e-05 0 0 -3.8827330537315305e-18 3641.4343444773594 3641.4343444773594 3721510185.0051203 8.9621505341075421e-13 5612.2276439458337 0.76081496099782375 1531.5873427683314 3803723.55003811 2538762055836400.5 875.12294838994751
d 0 0 -2.0243395571154499e-05 5 5 2.8363284068161487e-20 0.05 0.05 2.0243395570335489e-05 0 0 -3.8845256031005006e-18 4015.4777789250961 4015.4777789250961 4103375961.8167539 8.9622554509163481e-13 5612.3551360289466 0.76081874305603259 1531.5702758491786 3803803.7565990668 2799422150345451 875.12584491352334
d 0 0 -2.0244984262665608e-05 5 5 2.8369495677875166e-20 0.05 0.05 2.0244984261743311e-05 0 0 -3.8864664962772331e-18 4426.9255568176059 4426.9255568176059 4523345515.0813713 8.9623708466152595e-13 5612.4953621853701 0.76082290274588016 1531.5515051111286 3803891.9745746804 3086126155328343 875.12903063825161
d 0 0 -2.0246731504050058e-05 5 5 2.8376334045672125e-20 0.05 0.05 2.0246731503012984e-05 0 0 -3.8886611387200606e-18 4879.5181124993669 4879.5181124993669 4985211858.1556311 8.962497766409246e-13 5612.6495926462394 0.76082747771007453 1531.5308607749284 3803989.0031669512 3401473823058342 875.13253438959873
d 0 0 -2.0248653083463451e-05 5 5 2.8383862971329778e-20 0.05 0.05 2.0248653082299882e-05 0 0 -3.8910119158685143e-18 5377.3699237493038 5377.3699237493038 5493143667.1555548 8.9626373594607942e-13 5612.8192239995115 0.76083250933033952 1531.5081562097228 3804095.7210912048 3748323907559013 875.13638785573562
d 0 0 -2.0250766353914319e-05 5 5 2.8392152856890749e-20 0.05 0.05 2.025076635261225e-05 0 0 -3.8937697794263805e-18 5925.0069161242345 5925.0069161242345 6051722085.7499752 8.9627908891676528e-13 5613.0057916859641 0.76083804309602576 1531.4831862743463 3804213.09444211 4129819860569305.5 875.14062586965281
d 0 0 -2.0253090386841323e-05 5 5 2.8401281410554131e-20 0.05 0.05 2.0253090385389542e-05 0 0 -3.8968196177097202e-18 6527.407607736659 6527.407607736659 6665981051.3867025 8.9629597444436528e-13 5613.2109837155404 0.76084412900847698 1531.4557254982726 3804342.1853284389 4549418054293932 875.14528671861854
d 0 0 -2.0255646140445295e-05 5 5 2.8411334429800381e-20 0.05 0.05 2.0255646138834591e-05 0 0 -3.9002475776464104e-18 7190.0483685103254 7190.0483685103254 7341451461.9801426 8.9631454520977228e-13 5613.4366557199446 0.76085082202449483 1531.4255260873435 3804484.1613496891 5010918774651320 875.15041248353134
d 0 0 -2.0258456644128277e-05 5 5 2.8422406673841847e-20 0.05 0.05 2.0258456642352713e-05 0 0 -3.9040627838062173e-18 7918.9532053613584 7918.9532053613584 8084209527.1319275 8.9633496904147072e-13 5613.6848474677381 0.76085818254253468 1531.3923157381439 3804640.3059942434 5518500251227699 875.15604941094034
d 0 0 -2.026154720050015e-05 5 5 2.8434602837057603e-20 0.05 0.05 2.0261547198559215e-05 0 0 -3.9084512349133949e-18 8720.7485258974957 8720.7485258974957 8900929674.0934963 8.9635743040506021e-13 5613.9578009792394 0.76086627693556697 1531.3557952435713 3804812.0300457613 6076756014500725 875.16224832073317
d 0 0 -2.0264945606531209e-05 5 5 2.8448038637419799e-20 0.05 0.05 2.0264945604433512e-05 0 0 -3.9133640998225577e-18 9602.723378487246 9602.723378487246 9798942405.7350655 8.9638213203645538e-13 5614.2579803904091 0.76087517813486505 1531.3156358707465 3805000.8840920231 6690735897213954 875.16906505274051
d 0 0 -2.0268682395550666e-05 5 5 2.8462842036828253e-20 0.05 0.05 2.0268682393317966e-05 0 0 -3.918074510963317e-18 10572.89571633597 10572.89571633597 10786297535.508263 8.9640929673202873e-13 5614.5880937275833 0.76088496626932156 1531.2714764909513 3805208.5722385058 7365991025162843 875.17656095576399
d 0 0 -2.0272791101915366e-05 5 5 2.8479154614797552e-20 0.05 0.05 2.0272791099588136e-05 0 0 -3.9242215368340617e-18 11640.085287969569 11640.085287969569 11871833252.436348 8.9643916931006165e-13 5614.9511167683731 0.76089572936525152 1531.2229204397458 3805436.9671375258 8108623173181559 875.18480342280418
d 0 0 -2.0277308550308949e-05 5 5 2.8497133124173801e-20 0.05 0.05 2.0277308547955377e-05 0 0 -3.9312806298410241e-18 12813.993816766526 12813.993816766526 13065251497.078381 8.9647201875902959e-13 5615.3503191783275 0.76090756411201865 1531.1695320838533 3805688.126452879 8925338894870203 875.19386647654869
d 0 0 -2.0282274924422095e-05 5 5 2.8517670578091533e-20 0.05 0.05 2.0282274921788066e-05 0 0 -3.9365499017040378e-18 14105.29319844318 14105.29319844318 14377200263.944117 8.9650814072844546e-13 5615.7892930973831 0.76092057670013424 1531.1108333407174 3805964.3109092601 9823508869628664 875.20383141622972
d 0 0 -2.0287734887086949e-05 5 5 2.8539645154374904e-20 0.05 0.05 2.0287734884640141e-05 0 0 -3.9453036262997617e-18 15525.722518287499 15525.722518287499 15819362849.735924 8.965478595603002e-13 5616.2719845778356 0.76093488373246954 1531.0462985251586 3806268.0039498117 10811232947852984 875.21478749098321
d 0 0 -2.0293737048612288e-05 5 5 2.8563825702789902e-20 0.05 0.05 2.0293737046548763e-05 0 0 -3.9510215829998055e-18 17088.19477011625 17088.19477011625 17404555593.20068 8.9659153189828321e-13 5616.8027276940684 0.76095061322953517 1530.9753514213764 3806601.9334583022 11897411414792950 875.22683269683409
d 0 0 -2.0300334849295497e-05 5 5 2.8590500958246079e-20 0.05 0.05 2.0300334848001491e-05 0 0 -3.9619151164668733e-18 18806.914247127879 18806.914247127879 19146833730.603313 8.9663954924508848e-13 5617.3862820372424 0.76096790571399009 1530.8973594169634 3806969.0952451988 13091823035293136 875.24007459497966
d 0 0 -2.0307587188052227e-05 5 5 2.861968834924544e-20 0.05 0.05 2.0307587182585212e-05 0 0 -3.855800476310234e-18 20697.505671840667 20697.505671840667 21061606531.357716 8.966924768028563e-13 5618.027887851681 0.76098691539233798 1530.8118491550977 3807372.7786956779 14405210633720534 875.25474212612414
d 0 0 -2.031555738401938e-05 5 5 2.865196877731224e-20 0.05 0.05 2.0315557377761615e-05 0 0 -3.8533901133287554e-18 22777.156239024735 22777.156239024735 23165761674.700027 8.9675052915538047e-13 5618.7332552173721 0.76100781148351793 1530.7176397483988 3807816.5956557295 15849374150721248 875.27075399741875
d 0 0 -2.0324316501158829e-05 5 5 2.8687760348883902e-20 0.05 0.05 2.0324316494031721e-05 0 0 -3.8622272659461679e-18 25064.771862927209 25064.771862927209 25477800515.820213 8.9681434741378617e-13 5619.5086939061057 0.76103077957476994 1530.6140973737038 3808304.5100405035 17437273240633594 875.28835321941813
d 0 0 -2.033394179506605e-05 5 5 2.8727294801589479e-20 0.05 0.05 2.0333941787006949e-05 0 0 -3.8607623454743707e-18 27581.149049219934 27581.149049219934 28017983806.830299 8.9688449994677335e-13 5620.361113732989 0.76105602319069388 1530.5003070808125 3808840.872142477 19183138842038588 875.30769563350339
d 0 0 -2.0344517693944056e-05 5 5 2.8770986165754347e-20 0.05 0.05 2.0344517684762391e-05 0 0 -3.8402896690739624e-18 30349.163954141932 30349.163954141932 30808488911.513901 8.9696161024678987e-13 5621.2980952202361 0.76108376544467815 1530.3752662308593 3809430.4548965157 21102595151451496 875.3289520587856
d 0 0 -2.0356134189972258e-05 5 5 2.8819299817463127e-20 0.05 0.05 2.0356134181430642e-05 0 0 -3.8543174648268465e-18 33393.980349556128 33393.980349556128 33873578917.285603 8.9704636208016567e-13 5622.3279523365782 0.76111425083602502 1530.2378765342753 3810078.4934886713 23212792721259936 875.35230967695645
d 0 0 -2.0368893608416771e-05 5 5 2.8872764207475727e-20 0.05 0.05 2.0368893597720036e-05 0 0 -3.8514425483696322e-18 36743.278384511745 36743.278384511745 37239784066.283585 8.9713950506742795e-13 5623.4598003948568 0.76114774718656264 1530.0869355003608 3810790.728226894 25532553572115456 875.37797355771988
d 0 0 -2.038290838410405e-05 5 5 2.8931976033372256e-20 0.05 0.05 2.0382908372995345e-05 0 0 -3.847891939069118e-18 40427.506222962918 40427.506222962918 40936095819.291794 8.9724186080187695e-13 5624.7036310501289 0.76118454777539246 1529.9211269724169 3811573.4519806388 28082529253072660 875.40616815296562
d 0 0 -2.0398299835707227e-05 5 5 2.8997613182022494e-20 0.05 0.05 2.0398299824769799e-05 0 0 -3.8437939230302438e-18 44480.156845259218 44480.156845259218 44994173720.541031 8.9735432937618154e-13 5626.0703916363464 0.76122497357964236 1529.7390112978112 3812433.5603021076 30885372821702148 875.43713911512509
d 0 0 -2.0415200549883287e-05 5 5 2.9070447592093803e-20 0.05 0.05 2.0415200540074967e-05 0 0 -3.8385307149387713e-18 48938.072529785139 48938.072529785139 49448565037.406357 8.9747789649134443e-13 5627.5720720300633 0.7612693757186797 1529.5390145887927 3813378.6063856115 33965925747174312 875.47115512808955
d 0 0 -2.0433755341896454e-05 5 5 2.9151360487725565e-20 0.05 0.05 2.0433755334733165e-05 0 0 -3.8320159646281727e-18 53841.77978276366 53841.77978276366 54336936898.419075 8.9761364110895774e-13 5629.2217981147078 0.76131813806709758 1529.3194172889505 3814416.8602285879 37351420760545680 875.50850989561502
d 0 0 -2.0454122242264133e-05 5 5 2.9241362128296028e-20 0.05 0.05 2.0454122240050372e-05 0 0 -3.8235893940450342e-18 59235.857761040032 59235.857761040032 59700320333.303658 8.9776274368083931e-13 5631.0339323463168 0.76137168004669353 1529.078342002698 3815557.3723307285 41071701683749224 875.54952426826173
d 0 0 -2.0476473161114383e-05 5 5 2.934163021417875e-20 0.05 0.05 2.0476473167353692e-05 0 0 -3.8059968060395386e-18 65169.343537144036 65169.343537144036 65583365216.580978 8.9792649497799161e-13 5633.0241816609287 0.76143045959851929 1528.8137406015778 3816810.0420949422 45159461257908184 875.59454851596013
d 0 0 -2.050099516991347e-05 5 5 2.9453498499459649e-20 0.05 0.05 2.0500995188030339e-05 0 0 -3.791779271830935e-18 71696.177890858453 71696.177890858453 72034604615.836365 8.9810630555508577e-13 5635.2097134443702 0.76149497635046515 1528.5233805232283 3818185.6914256983 49650497956841872 875.64396468119185
d 0 0 -2.0527890636531138e-05 5 5 2.9578468053785634e-20 0.05 0.05 2.0527890651779073e-05 0 0 -3.7731204401492167e-18 78875.6956799443 78875.6956799443 79106726430.291428 8.9830371578666115e-13 5637.6092782303058 0.76156577492933908 1528.204830573816 3819696.142631771 54583992707188736 875.69818917384623
d 0 0 -2.0557378667543414e-05 5 5 2.9718169854129135e-20 0.05 0.05 2.0557378692838043e-05 0 0 -3.7507023553185696e-18 86773.165247938741 86773.165247938741 86856849453.47403 8.9852040661121673e-13 5640.2433416254189 0.76164344848741239 1527.8554458557885 3821354.3023531474 60002806332599416 875.75767533372698
d 0 0 -2.0589698448439834e-05 5 5 2.9874359219938811e-20 0.05 0.05 2.0589698458232107e-05 0 0 -3.7234000408309179e-18 95460.38177273261 95460.38177273261 95346800085.644485 8.9875821079655378e-13 5643.1342223916108 0.76172864233470461 1527.4723524154713 3823174.2494595558 65953798388843696 875.82291624908021
d 0 0 -2.0625109120058414e-05 5 5 3.0048897851475606e-20 0.05 0.05 2.0625109123419068e-05 0 0 -3.6935021246354688e-18 105016.31995000588 105016.31995000588 104643384832.37653 8.9901912482825455e-13 5646.3062384145915 0.76182205771990341 1527.0524314052188 3825171.328142825 72488167844986736 875.89444761429843
d 0 0 -2.0662009328383087e-05 5 5 3.0234256289703122e-20 0.05 0.05 2.066200932968085e-05 0 0 -3.6751609859550242e-18 115016.31995000588 115016.31995000588 114325303959.1322 8.9929141282296193e-13 5649.6167689856811 0.76191948156103106 1526.61464773943 3827255.7744780011 79313372477461872 875.9690422890211
d 0 0 -2.0698752764593553e-05 5 5 3.0421716073797528e-20 0.05 0.05 2.0698752765062988e-05 0 0 -3.6689446889033383e-18 125016.31995000588 125016.31995000588 123960295633.56236 8.9956295080469613e-13 5652.9184246401983 0.76201657217711238 1526.1785190731532 3829334.7926552626 86125783209379600 876.04337649910417
d 0 0 -2.073534194124091e-05 5 5 3.0610762741112071e-20 0.05 0.05 2.0735341941442223e-05 0 0 -3.6510942447157566e-18 135016.31995000588 135016.31995000588 133548615997.05969 8.9983375757045931e-13 5656.2114199596381 0.76211333641019197 1525.7440142514624 3831408.513942665 92925421330859664 876.11745626283619
d 0 0 -2.0771777434324767e-05 5 5 3.0801025496688888e-20 0.05 0.05 2.0771777434186209e-05 0 0 -3.6557501692249738e-18 145016.31995000588 145016.31995000588 143090519567.49585 9.0010383525627094e-13 5659.4957775208677 0.76220977556834335 1525.3111258803272 3833476.9513644944 99712308112380304 876.19128265793393
d 0 0 -2.0808060320570138e-05 5 5 3.0992198892441632e-20 0.05 0.05 2.0808060320152036e-05 0 0 -3.6564162392258196e-18 155016.31995000588 155016.31995000588 152586259251.26813 9.0037318598329422e-13 5662.7715199045224 0.76230589095510304 1524.8798465797781 3835540.1179580735 1.0648646480455944e+17 876.26485673761817
d 0 0 -2.0844191374518048e-05 5 5 3.1184282649986644e-20 0.05 0.05 2.0844191373843051e-05 0 0 -3.6546001092776177e-18 165016.31995000588 165016.31995000588 162036086355.64542 9.006418118659363e-13 5666.0386694840963 0.76240168386284668 1524.4501690530581 3837598.026630763 1.132479126382123e+17 876.33817957579652
d 0 0 -2.0880171856122981e-05 5 5 3.1377397432908156e-20 0.05 0.05 2.0880171855081723e-05 0 0 -3.6815981669490346e-18 175016.31995000588 175016.31995000588 171440250600.3378 9.0090971503863273e-13 5669.2972491463461 0.76249715559558628 1524.0220859385497 3839650.6906490866 1.1999667282396182e+17 876.41125217530703
d 0 0 -2.0916002510220511e-05 5 5 3.1571816771363865e-20 0.05 0.05 2.0916002508913576e-05 0 0 -3.681927470497878e-18 185016.31995000588 185016.31995000588 180799000129.729 9.01176897599222e-13 5672.5472811387399 0.7625923074325619 1523.5955900232457 3841698.1228557718 1.2673276655244658e+17 876.48407559934481
d 0 0 -2.0951684232763266e-05 5 5 3.1767936126067952e-20 0.05 0.05 2.0951684231189336e-05 0 0 -3.6856420335690415e-18 195016.31995000588 195016.31995000588 190112581524.51361 9.0144336165116301e-13 5675.788787895428 0.76268714065439502 1523.1706740919169 3843740.336230787 1.3345621499411499e+17 876.55665087903265
d 0 0 -2.0987217746765928e-05 5 5 3.196626313321398e-20 0.05 0.05 2.0987217744904129e-05 0 0 -3.6939294360510572e-18 205016.31995000588 205016.31995000588 199381239813.3074 9.0170910930338839e-13 5679.0217920281184 0.7627816565428055 1522.7473309292168 3845777.343885114 1.4016703929902813e+17 876.62897901462736
d 0 0 -2.102260425550498e-05 5 5 3.2167417520293075e-20 0.05 0.05 2.1022604253353824e-05 0 0 -3.6971458854943174e-18 215016.31995000588 215016.31995000588 208605218484.28677 9.019741426239271e-13 5682.2463154507504 0.76287585635305177 1522.325553475385 3847809.1584659321 1.4686526059709136e+17 876.70106107269385
d 0 0 -2.105784292795973e-05 5 5 3.2372213087537393e-20 0.05 0.05 2.1057842925522227e-05 0 0 -3.6989782081725791e-18 225016.31995000588 225016.31995000588 217784759496.77802 9.0223846369713312e-13 5685.4623804680105 0.76296974134829709 1521.905334631198 3849835.7928962209 1.5355089999774195e+17 876.77289806395356
d 0 0 -2.1092932455051873e-05 5 5 3.2581598901600523e-20 0.05 0.05 2.1092932452377841e-05 0 0 -3.7023850402022993e-18 235016.31995000588 235016.31995000588 226920103292.55453 9.0250207458491571e-13 5688.6700089225915 0.76306331277277428 1521.4866674197724 3851857.2597952639 1.6022397859012586e+17 876.84449104705266
d 0 0 -2.1127873619563673e-05 5 5 3.2796573116164657e-20 0.05 0.05 2.1127873616530567e-05 0 0 -3.7133161228532646e-18 245016.31995000588 245016.31995000588 236011488806.82681 9.0276497741249228e-13 5691.8692241260533 0.76315657191252062 1521.0695446163422 3853873.5727903852 1.6688451744218141e+17 876.91584089404648
d 0 0 -2.1162666689407648e-05 5 5 3.3018591279803366e-20 0.05 0.05 2.1162666686252372e-05 0 0 -3.9449330875911912e-18 255016.31995000588 255016.31995000588 245059153479.34778 9.0302717422984792e-13 5695.0600478999613 0.76324952000235169 1520.6539593035714 3855884.7445066683 1.7353253760133146e+17 876.98694864064123
d 0 0 -2.1197312045370714e-05 5 5 3.3249459653025411e-20 0.05 0.05 2.1197312041838166e-05 0 0 -3.9420385022555852e-18 265016.31995000591 265016.31995000591 254063333265.84381 9.0328866709371403e-13 5698.2425023357428 0.76334215828126772 1520.2399045401005 3857890.7877625916 1.8016806009420531e+17 877.05781527635747
d 0 0 -2.1231810165092034e-05 5 5 3.3491305061679366e-20 0.05 0.05 2.1231810161268337e-05 0 0 -3.9838786981783043e-18 275016.31995000591 275016.31995000591 263024262648.80881 9.0354945806202911e-13 5701.4166095388973 0.76343448798442959 1519.8273734186873 3859891.7153962078 1.8679110592656938e+17 877.12844178346847
d 0 0 -2.1266161145633126e-05 5 5 3.3746909311417086e-20 0.05 0.05 2.1266161141487435e-05 0 0 -4.1314375809336179e-18 285016.31995000591 285016.31995000591 271942174648.19971 9.0380954921427768e-13 5704.5823921664978 0.76352651036000885 1519.4163589576219 3861887.5406301538 1.9340169608293187e+17 877.19882906830685
d 0 0 -2.1300366347288923e-05 5 5 3.4019798274572507e-20 0.05 0.05 2.1300366342632424e-05 0 0 -3.9175858817498379e-18 295016.31995000591 295016.31995000591 280817300832.82971 9.0406894254184698e-13 5707.7398712123695 0.76361822659985112 1519.0068545050431 3863878.2755669761 1.9999985152725706e+17 877.26897821351145
d 0 0 -2.1334425849863323e-05 5 5 3.4314307487567313e-20 0.05 0.05 2.1334425844675158e-05 0 0 -3.844272709068631e-18 305016.31995000591 305016.31995000591 289649871330.43414 9.0432764011338879e-13 5710.889069264249 0.76370963794153235 1518.5988531503035 3865863.9334018696 2.0658559320208454e+17 877.33889011173915
d 0 0 -2.1368339608123713e-05 5 5 3.463565329187848e-20 0.05 0.05 2.1368339602796848e-05 0 0 -3.5514904930855532e-18 315016.31995000591 315016.31995000591 298440114838.87671 9.0458564391571511e-13 5714.0300073673498 0.76380074557021072 1518.1923482899904 3867844.5262918458 2.1315894202918237e+17 877.40856581843843
d 0 0 -2.140210948108741e-05 5 5 3.4989531656988029e-20 0.05 0.05 2.1402109475695449e-05 0 0 -3.4649790520010694e-18 325016.31995000591 325016.31995000591 307188258635.34021 9.0484295606733869e-13 5717.1627092323351 0.76389155075018811 1517.7873328692249 3869820.0682143951 2.1971991890816218e+17 877.47800607942042
d 0 0 -2.1435735627100783e-05 5 5 3.5382058125750183e-20 0.05 0.05 2.1435735621601791e-05 0 0 -2.613273509330547e-18 335016.31995000591 335016.31995000591 315894528587.98694 9.0509957855143888e-13 5720.2871959845252 0.76398205466083824 1517.3838003266897 3871790.5714002843 2.2626854471763072e+17 877.54721191941132
d 0 0 -2.1469218346335648e-05 5 5 3.5818600276710654e-20 0.05 0.05 2.1469218341014784e-05 0 0 -3.5490735870667094e-19 345016.31995000591 345016.31995000591 324559149165.99847 9.0535551338063224e-13 5723.4034893982616 0.76407225849774563 1516.9817440123418 3873756.0485307765 2.3280484031478054e+17 877.61618427989811
d 0 0 -2.1502557771468192e-05 5 5 3.6302554001613447e-20 0.05 0.05 2.1502557765080425e-05 0 0 5.4438569218306826e-19 355016.31995000591 355016.31995000591 333182343449.50848 9.0561076261233203e-13 5726.5116121784058 0.7641621634814223 1516.5811571390775 3875716.5129289138 2.3932882653485462e+17 877.68492398794172
d 0 0 -2.1535756023911196e-05 5 5 3.6833447452798201e-20 0.05 0.05 2.1535756017343739e-05 0 0 5.9789206649628799e-18 365016.31995000591 365016.31995000591 341764333140.08496 9.0586532815289936e-13 5729.6115842322379 0.76425177074118478 1516.1820334402214 3877671.9760263022 2.4584052419237062e+17 877.75343217099305
d 0 0 -2.1568812891415372e-05 5 5 3.7405319532651916e-20 0.05 0.05 2.156881288410937e-05 0 0 4.4925051989843544e-18 375016.31995000591 375016.31995000591 350305338570.93036 9.0611921205665465e-13 5732.7034283013718 0.76434108149067681 1515.7843661808756 3879622.4511900092 2.5233995407969715e+17 877.82170963191652
d 0 0 -2.1601728724980111e-05 5 5 3.8005861600656766e-20 0.05 0.05 2.1601728717164372e-05 0 0 1.365235430096909e-17 385016.31995000591 385016.31995000591 358805578716.49811 9.0637241629516916e-13 5735.7871656525303 0.7644300968936214 1515.388148910421 3881567.9507941511 2.5882713696765891e+17 877.88975732714573
d 0 0 -2.1634503223606933e-05 5 5 3.8617702391166596e-20 0.05 0.05 2.1634503215865245e-05 0 0 -2.3046834292791053e-18 395016.31995000591 395016.31995000591 367265271203.10809 9.0662494279757569e-13 5738.8628167803763 0.76451881808586097 1514.9933753436862 3883508.4866977832 2.6530209360579651e+17 877.95757628794365
d 0 0 -2.1667139421456752e-05 5 5 3.9221445034464939e-20 0.05 0.05 2.1667139413402139e-05 0 0 -1.0235754481724674e-18 405016.31995000591 405016.31995000591 375684632316.37183 9.0687679371641763e-13 5741.9304066602535 0.76460724633843158 1514.6000384203335 3885444.0738131683 2.717648447201697e+17 878.02516703351353
d 0 0 -2.1699635729025534e-05 5 5 3.9799774831846798e-20 0.05 0.05 2.1699635720530285e-05 0 0 2.1564523089101828e-18 415016.31995000591 415016.31995000591 384063877013.56915 9.0712797092894785e-13 5744.9899548908934 0.76469538275146876 1514.2081320700954 3887374.723409188 2.7821541101581354e+17 878.09253067599332
d 0 0 -2.1731992494068354e-05 5 5 4.0340788559800842e-20 0.05 0.05 2.1731992485729962e-05 0 0 -3.7026858346941791e-18 425016.31995000591 425016.31995000591 392403218932.32642 9.0737847640837763e-13 5748.0414830500677 0.76478322848272495 1513.8176498933049 3889300.4481083401 2.8465381317570752e+17 878.15966809447593
d 0 0 -2.1764208683468618e-05 5 5 4.0839327747710703e-20 0.05 0.05 2.1764208675023032e-05 0 0 -3.5996940235345489e-18 435016.31995000591 435016.31995000591 400702870399.81775 9.0762831222319881e-13 5751.0850146053936 0.7648707847446119 1513.4285851846946 3891221.2618263536 2.9108007185981741e+17 878.22657994736289
d 0 0 -2.1796288059927321e-05 5 5 4.1296225343336896e-20 0.05 0.05 2.1796288051252504e-05 0 0 -3.7908377183441269e-18 445016.31995000591 445016.31995000591 408963042442.84406 9.0787748011039778e-13 5754.1205667832392 0.76495805255243876 1513.0409323576207 3893137.1742471475 2.9749420770788736e+17 878.29326757675653
d 0 0 -2.1828229421253921e-05 5 5 4.1716357699270329e-20 0.05 0.05 2.1828229412500673e-05 0 0 -3.7385735639359524e-18 455016.31995000591 455016.31995000591 417183944797.66437 9.0812598213840621e-13 5757.1481630534245 0.76504503311114547 1512.6546847690024 3895048.1993063916 3.0389624133649894e+17 878.35973162447056
d 0 0 -2.186003350166509e-05 5 5 4.210647055074807e-20 0.05 0.05 2.1860033492960142e-05 0 0 -3.657880801678248e-18 465016.31995000591 465016.31995000591 425365785917.96362 9.0837382026001556e-13 5760.16782494177 0.76513172756163195 1512.2698361249866 3896954.3496272806 3.1028619333984365e+17 878.42597293187475
d 0 0 -2.1891700426420488e-05 5 5 4.2473524122790195e-20 0.05 0.05 2.1891700417805624e-05 0 0 -3.5438828417373677e-18 475016.31995000591 475016.31995000591 433508772984.95624 9.0862099639116567e-13 5763.179573225314 0.76521813701793573 1511.8863802976377 3898855.6373334285 3.1666408429001037e+17 878.49199241749989
d 0 0 -2.1923231452597275e-05 5 5 4.2823798389264657e-20 0.05 0.05 2.1923231443681748e-05 0 0 -3.8544760919049986e-18 485016.31995000591 485016.31995000591 441613111915.93646 9.0886751250510952e-13 5766.183429913217 0.76530426262842544 1511.5043109623196 3900752.075394379 3.2302993473631885e+17 878.55779084966707
d 0 0 -2.1954626229531213e-05 5 5 4.3162245505445958e-20 0.05 0.05 2.1954626220625844e-05 0 0 -3.8443054072830639e-18 495016.31995000591 495016.31995000591 449679007373.94977 9.0911337051712767e-13 5769.1794158847397 0.76539010550288678 1511.1236220243509 3902643.6760209063 3.2938376520578451e+17 878.62336911641341
d 0 0 -2.198588577663192e-05 5 5 4.349272044246733e-20 0.05 0.05 2.1985885767745857e-05 0 0 -3.8313776060788205e-18 505016.31995000591 505016.31995000591 457706662776.51428 9.0935857234488095e-13 5772.1675522045416 0.76547566675317635 1510.7443073747593 3904530.4515584735 3.3572559620292045e+17 878.68872807076013
d 0 0 -2.2017010260395492e-05 5 5 4.3817997092565074e-20 0.05 0.05 2.2017010251540905e-05 0 0 -3.8131287082560874e-18 515016.31995000591 515016.31995000591 465696280304.52942 9.0960311993177843e-13 5775.1478604472286 0.76556094750321557 1510.3663608440102 3906412.4147077962 3.4205544820944973e+17 878.75386850194593
d 0 0 -2.2047998512478905e-05 5 5 4.4139987251678562e-20 0.05 0.05 2.2047998503662332e-05 0 0 -3.7875661503780693e-18 525016.31995000585 525016.31995000585 473648060911.72052 9.0984701497935322e-13 5778.1203576322478 0.76564594873316172 1509.989777079541 3908289.5750831049 3.4837334168627149e+17 878.81879169530407
d 0 0 -2.20788561158329e-05 5 5 4.4460009984881187e-20 0.05 0.05 2.2078856107059899e-05 0 0 -3.7550969319896621e-18 535016.31995000585 535016.31995000585 481562204332.65216 9.100902597665584e-13 5781.0850718406264 0.7657306717599347 1509.6145488304335 3910161.9498236841 3.5467929706840346e+17 878.8834976961773
d 0 0 -2.2109580971295047e-05 5 5 4.4778886791342234e-20 0.05 0.05 2.2109580962592762e-05 0 0 -3.7348499939710826e-18 545016.31995000585 545016.31995000585 489438909090.59924 9.1033285600516671e-13 5784.04202057155 0.76581511757122411 1509.2406706948179 3912029.5488864691 3.6097333476964973e+17 878.94798771265675
d 0 0 -2.2140173013975791e-05 5 5 4.5097124617582373e-20 0.05 0.05 2.2140173005343305e-05 0 0 -3.6994808081365758e-18 555016.31995000585 555016.31995000585 497278372508.32202 9.1057480555381319e-13 5786.9912239378655 0.7658992872317415 1508.8681368614505 3913892.3840137473 3.6725547518137888e+17 879.01226265866126
d 0 0 -2.2170631909625964e-05 5 5 4.5415048897465684e-20 0.05 0.05 2.2170631901073428e-05 0 0 -3.6483782956878192e-18 565016.31995000585 565016.31995000585 505080790714.33832 9.1081611055653948e-13 5789.9327077744038 0.76598318197821624 1508.4969405316804 3915750.4708437594 3.7352573866986362e+17 879.07632279590837
d 0 0 -2.2200962932147279e-05 5 5 4.573282562993304e-20 0.05 0.05 2.2200962923708368e-05 0 0 -3.5808319195185831e-18 575016.31995000585 575016.31995000585 512846358653.24915 9.1105677250114686e-13 5792.8664853251303 0.76606680265758043 1508.1270771243146 3917603.8164680018 3.7978414558184211e+17 879.14016978081247
d 0 0 -2.2231163998556893e-05 5 5 4.6050559278524555e-20 0.05 0.05 2.2231163990220672e-05 0 0 -3.5170032162683264e-18 585016.31995000585 585016.31995000585 520575270094.40967 9.1129679344783828e-13 5795.7925807176644 0.76615015044730339 1507.758540203115 3919452.4353822325 3.8603071623960339e+17 879.20380405175786
d 0 0 -2.2261231806638886e-05 5 5 4.6368277516404101e-20 0.05 0.05 2.2261231798424225e-05 0 0 -3.4498668633812423e-18 595016.31995000585 595016.31995000585 528267717640.45831 9.1153617501753436e-13 5798.7110097527548 0.7662332262662731 1507.3913247961136 3921296.3364323187 3.9226547094461248e+17 879.26722696463128
d 0 0 -2.2291169766635053e-05 5 5 4.6685938739789887e-20 0.05 0.05 2.2291169758467676e-05 0 0 -4.0256188948694658e-18 605016.31995000585 605016.31995000585 535923892731.07892 9.1177491933092542e-13 5801.6217983874467 0.76631603134093595 1507.0254241482696 3923135.5353724509 3.9848842997283187e+17 879.33043871816119
d 0 0 -2.2320980769282692e-05 5 5 4.7003576283990957e-20 0.05 0.05 2.2320980761235876e-05 0 0 -4.0430820075904443e-18 615016.31995000585 615016.31995000585 543543985656.61969 9.1201302856162989e-13 5804.5249729011894 0.76639856690379704 1506.6608315407011 3924970.0481855366 4.0469961357468672e+17 879.39343948937017
d 0 0 -2.235066095351374e-05 5 5 4.7321146418497586e-20 0.05 0.05 2.235066094548008e-05 0 0 -3.9886485230399199e-18 625016.31995000585 625016.31995000585 551128185559.45837 9.1225050482977589e-13 5807.4205595274261 0.76648083418200352 1506.2975402074101 3926799.8908294151 4.108990419748761e+17 879.45622942317834
d 0 0 -2.2380224508778155e-05 5 5 4.763861637750645e-20 0.05 0.05 2.2380224500796489e-05 0 0 -3.9636224666580774e-18 635016.31995000585 635016.31995000585 558676680452.69299 9.1248734876135496e-13 5810.3085548419067 0.76656283349395371 1505.9355486217137 3928625.0591214276 4.1708673538548186e+17 879.51881198724277
d 0 0 -2.2409660800898905e-05 5 5 4.7955957198710784e-20 0.05 0.05 2.2409660792902786e-05 0 0 -3.9563583542763945e-18 645016.31995000585 645016.31995000585 566189657222.43994 9.1272356277716731e-13 5813.1889902665525 0.76664456621936161 1505.5748492214975 3930445.5725629441 4.2326271399051757e+17 879.58118674994319
d 0 0 -2.2438973480593114e-05 5 5 4.8273131406028111e-20 0.05 0.05 2.2438973472611736e-05 0 0 -3.9908105884257144e-18 655016.31995000585 655016.31995000585 573667301633.0238 9.1295914886958751e-13 5816.0618894954641 0.76672603349815283 1505.2154357672378 3932261.4454114526 4.2942699794920352e+17 879.64335411807656
d 0 0 -2.2468161526352019e-05 5 5 4.8590112854549689e-20 0.05 0.05 2.2468161518508511e-05 0 0 -4.0097826285682415e-18 665016.31995000585 665016.31995000585 581109798338.01416 9.1319410877609793e-13 5818.9272710311416 0.76680723630864034 1504.8573029687977 3934072.6884059035 4.3557960739823174e+17 879.70531507740804
d 0 0 -2.2497225871634166e-05 5 5 4.8906881673011598e-20 0.05 0.05 2.249722586393405e-05 0 0 -4.0010937247687129e-18 675016.31995000585 675016.31995000585 588517330887.25488 9.1342844434591374e-13 5821.7851556693658 0.76688817569581869 1504.5004451537754 3935879.3138512848 4.4172056245068077e+17 879.76707034609149
d 0 0 -2.2526165548063519e-05 5 5 4.9223440198790683e-20 0.05 0.05 2.2526165540473501e-05 0 0 -3.9879280101435221e-18 685016.31995000585 685016.31995000585 595890081734.57727 9.1366215747991316e-13 5824.6355652474695 0.76696885273308679 1504.1448564929206 3937681.3347683446 4.4784988319550502e+17 879.82862051711857
d 0 0 -2.2554984104264023e-05 5 5 4.953979265250489e-20 0.05 0.05 2.2554984096609128e-05 0 0 -3.9654038628000234e-18 695016.31995000585 695016.31995000585 603228232245.79321 9.1389524980043991e-13 5827.4785163132819 0.76704926832974696 1503.7905320881084 3939478.7605914637 4.5396758969975277e+17 879.88996676337092
d 0 0 -2.2583680760954078e-05 5 5 4.9855951976639222e-20 0.05 0.05 2.2583680753356955e-05 0 0 -3.9495627952454711e-18 705016.31995000585 705016.31995000585 610531962706.5614 9.1412772322678524e-13 5830.3140310913659 0.76712942356463576 1503.437466092354 3941271.604620575 4.6007370200606144e+17 879.95110961827254
d 0 0 -2.2612255756762851e-05 5 5 5.0171926763447333e-20 0.05 0.05 2.2612255749067943e-05 0 0 -3.9372563804235152e-18 715016.31995000585 715016.31995000585 617801452329.12036 9.1435957956631477e-13 5833.1421298412761 0.76720931945359838 1503.0856530067467 3943059.8788278359 4.6616824013342304e+17 880.01204982121953
d 0 0 -2.264070991943363e-05 5 5 5.048765941811143e-20 0.05 0.05 2.2640709911776984e-05 0 0 -3.9280839287007176e-18 725016.31995000585 725016.31995000585 625036879260.19641 9.1459082059757889e-13 5835.9628322859535 0.76728895699305544 1502.7350874486151 3944843.5948287095 4.7225122407735661e+17 880.07278816303324
d 0 0 -2.2669043843265857e-05 5 5 5.0803161939802702e-20 0.05 0.05 2.2669043836476183e-05 0 0 -3.9199753187750909e-18 735016.31995000585 735016.31995000585 632238420588.4176 9.1482144812713058e-13 5838.7761587192826 0.76736833719364106 1502.3857639597256 3946622.7646344402 4.7832267380960768e+17 880.13332536268581
d 0 0 -2.2697258218262876e-05 5 5 5.1118430493438655e-20 0.05 0.05 2.2697258210476912e-05 0 0 -3.915808877242796e-18 745016.31995000585 745016.31995000585 639406252351.5752 9.1505146394774385e-13 5841.5821292615083 0.76744746105760409 1502.037677129033 3948397.4001459335 4.8438260927815302e+17 880.19366214788386
d 0 0 -2.272535355838401e-05 5 5 5.1433431322191919e-20 0.05 0.05 2.2725353550932271e-05 0 0 -3.9782271709638999e-18 755016.31995000585 755016.31995000585 646540549544.09705 9.1528086981165987e-13 5844.3807632843582 0.76752632956144984 1501.6908216959766 3950167.5127632129 4.9043105040746259e+17 880.25379932141493
d 0 0 -2.2753331144293224e-05 5 5 5.1748160395834124e-20 0.05 0.05 2.2753331136269352e-05 0 0 -3.9609953232589735e-18 765016.31995000585 765016.31995000585 653641486124.13135 9.1550966754633186e-13 5847.172081671004 0.76760494372438604 1501.3451921603355 3951933.1149209682 4.9646801709779827e+17 880.313737508347
d 0 0 -2.278119133457427e-05 5 5 5.2062572850407464e-20 0.05 0.05 2.2781191327073594e-05 0 0 -3.9427694177773443e-18 775016.31995000585 775016.31995000585 660709235020.67126 9.1573785890004361e-13 5849.9561038673783 0.76768330451905664 1501.0007832852959 3953694.2180848015 5.0249352922575674e+17 880.37347748358115
d 0 0 -2.2808932362565262e-05 5 5 5.237661660581228e-20 0.05 0.05 2.2808932354538703e-05 0 0 -3.9574910637305384e-18 785016.31995000585 785016.31995000585 667743968141.22168 9.1596544548344985e-13 5852.7328466522877 0.76776141283456745 1500.6575903153614 3955450.8319156873 5.0850760664534246e+17 880.4330203125794
d 0 0 -2.2836559992188145e-05 5 5 5.2690294712847759e-20 0.05 0.05 2.2836559983995355e-05 0 0 -3.8819613198720064e-18 795016.31995000585 795016.31995000585 674745856378.2052 9.1619242938472503e-13 5855.5023360999558 0.76783926983785533 1500.3156069221407 3957202.9723984771 5.145102691839936e+17 880.49236601397968
d 0 0 -2.2864072176959122e-05 5 5 5.3003743374562394e-20 0.05 0.05 2.2864072164058593e-05 0 0 -3.6252942254153305e-18 805016.31995000585 805016.31995000585 681715069615.51282 9.1641881218454002e-13 5858.2645886968603 0.767916876403135 1499.9748284241714 3958950.6490100184 5.2050153664653907e+17 880.55151566264919
d 0 0 -2.2891469245388485e-05 5 5 5.3316169847131211e-20 0.05 0.05 2.2891469231217295e-05 0 0 -3.8892485040564648e-18 815016.31995000585 815016.31995000585 688651776736.57031 9.1664459565823241e-13 5861.0196245481939 0.76799423351103913 1499.6352495566248 3960693.8736941763 5.2648142881364915e+17 880.61046992609761
d 0 0 -2.291875251311921e-05 5 5 5.3628321007196409e-20 0.05 0.05 2.2918752498789432e-05 0 0 -3.9050587246019774e-18 825016.31995000585 825016.31995000585 695556145631.03052 9.1686978150860177e-13 5863.7674624473921 0.76807134209970807 1499.2968652946183 3962432.6575107425 5.324499654423216e+17 880.66922960832198
d 0 0 -2.2945919779074439e-05 5 5 5.3939586970244076e-20 0.05 0.05 2.294591977148975e-05 0 0 -3.998688072865544e-18 835016.31995000585 835016.31995000585 702428343200.45715 9.1709437164401474e-13 5866.5081253748203 0.76814820323046051 1498.959669904174 3964167.0143715302 5.384071662640585e+17 880.72779503252741
d 0 0 -2.2972975790610097e-05 5 5 5.4249923792781754e-20 0.05 0.05 2.2972975781931215e-05 0 0 -3.9362229138244166e-18 845016.31995000585 845016.31995000585 709268535367.75793 9.1731836745201553e-13 5869.2416259400552 0.7682248176494898 1498.6236594692671 3965896.9511495549 5.4435305098917875e+17 880.78616768051529
d 0 0 -2.2999915259872284e-05 5 5 5.4558436741337583e-20 0.05 0.05 2.299991525162303e-05 0 0 -4.0950291749156761e-18 855016.31995000585 855016.31995000585 716076887081.82971 9.1754177064796729e-13 5871.9679834312637 0.76830118630141664 1498.2888289270377 3967622.4792624568 5.5028763930392467e+17 880.84434827190262
d 0 0 -2.3026745371608388e-05 5 5 5.4862761279834059e-20 0.05 0.05 2.3026745363526101e-05 0 0 -3.8931835248400626e-18 865016.31995000585 865016.31995000585 722853562323.98206 9.1776458347584522e-13 5874.68722739241 0.76837731043616841 1497.9551714901067 3969343.617104358 5.5621095086619328e+17 880.90233637299082
d 0 0 -2.3053453071109907e-05 5 5 5.5155731999612986e-20 0.05 0.05 2.3053453063415304e-05 0 0 -3.9043103090509574e-18 875016.31995000585 875016.31995000585 729598724115.58228 9.1798680710281916e-13 5877.3993665772641 0.76845319067580964 1497.6226839302913 3971060.3689494799 5.6212300531406336e+17 880.96013386172194
d 0 0 -2.3080032764938362e-05 5 5 5.5423458200425964e-20 0.05 0.05 2.3080032756785632e-05 0 0 -4.2017523998279142e-18 885016.31995000585 885016.31995000585 736312534521.67212 9.1820844391802116e-13 5880.1044337661924 0.76852882836128933 1497.2913589217319 3972772.7554040062 5.6802382225581152e+17 881.01773991773052
d 0 0 -2.3106464776696901e-05 5 5 5.5663893446865911e-20 0.05 0.05 2.3106464768457551e-05 0 0 -3.9067842286948987e-18 895016.31995000585 895016.31995000585 742995154659.61292 9.1842949585729882e-13 5882.8024527259795 0.76860422455949373 1496.9611907192809 3974480.7909580376 5.7391342127365139e+17 881.07515472441605
d 0 0 -2.3132755045549766e-05 5 5 5.590260572520375e-20 0.05 0.05 2.3132755037575093e-05 0 0 -4.5502249054520754e-18 905016.31995000585 905016.31995000585 749646744709.37427 9.1864996337348688e-13 5885.4934180616101 0.76867937946037157 1496.6321785886739 3976184.4702943871 5.7979182193565594e+17 881.13238172640979
d 0 0 -2.3158902849799901e-05 5 5 5.6155617520213667e-20 0.05 0.05 2.3158902841548204e-05 0 0 -4.748718531941194e-18 915016.31995000585 915016.31995000585 756267463917.2771 9.188698486181328e-13 5888.1773575981697 0.76875429424782127 1496.3043161442042 3977883.8106750613 5.8565904378205939e+17 881.18942064476107
d 0 0 -2.3184917962812894e-05 5 5 5.6420147973586959e-20 0.05 0.05 2.3184917956679542e-05 0 0 -3.8010744809467148e-18 925016.31995000585 925016.31995000585 762857470600.38721 9.1908915332844553e-13 5890.8542915970711 0.76882896987592664 1495.9775982688916 3979578.8242286216 5.9151510632823603e+17 881.24627202317515
d 0 0 -2.3210808067573321e-05 5 5 5.6689755598568307e-20 0.05 0.05 2.3210808059491671e-05 0 0 -3.6470993123251249e-18 935016.31995000585 935016.31995000585 769416922153.7594 9.1930787923806313e-13 5893.5242401237947 0.76890340729012718 1495.6520199121699 3981269.5229580146 5.9736002906476826e+17 881.30293642394156
d 0 0 -2.3236574868797475e-05 5 5 5.6955037438234586e-20 0.05 0.05 2.3236574860736012e-05 0 0 -3.8940794666528211e-18 945016.31995000585 945016.31995000585 775945975056.92285 9.1952602798345402e-13 5896.1872213852739 0.76897760737753695 1495.3275763580368 3982955.9176102835 6.0319383145815706e+17 881.35941460907111
d 0 0 -2.3262217146207789e-05 5 5 5.7192325875454878e-20 0.05 0.05 2.3262217138091675e-05 0 0 -3.6814667383559474e-18 955016.31995000585 955016.31995000585 782444784879.62622 9.1974360151611638e-13 5898.8432598262625 0.76905157120897383 1495.0042618454806 3984638.0231780377 6.0901653294825139e+17 881.41570663277332
d 0 0 -2.3287717498968841e-05 5 5 5.7377104428973433e-20 0.05 0.05 2.3287717490765046e-05 0 0 -3.638809736537402e-18 965016.31995000585 965016.31995000585 788913506287.45312 9.1996060147460635e-13 5901.4923749182553 0.76912529970368448 1494.6820713881762 3986315.8512806185 6.1482815294982912e+17 881.47181303832008
d 0 0 -2.3313062636254102e-05 5 5 5.7506075366726841e-20 0.05 0.05 2.3313062628388155e-05 0 0 -3.9932338416495154e-18 975016.31995000585 975016.31995000585 795352293049.70691 9.2017702943889969e-13 5904.1345814832675 0.76919879363963528 1494.361001094755 3987989.4103872664 6.2062871085573453e+17 881.52773507561869
d 0 0 -2.3338258823801075e-05 5 5 5.7676114253894966e-20 0.05 0.05 2.3338258817966319e-05 0 0 -3.9465168793065671e-18 985016.31995000585 985016.31995000585 801761298046.44922 9.2039288685142732e-13 5906.7698949350652 0.76927205381004504 1494.0410467260003 3989658.7093744501 6.2641822603531533e+17 881.58347373552203
d 0 0 -2.3357049059837271e-05 5 5 5.7874031003524721e-20 0.05 0.05 2.3357049056597648e-05 0 0 -3.9349719841946102e-18 992508.15997500299 992508.15997500299 806544826486.01367 9.2055421901134178e-13 5908.7396316915192 0.7693267839889476 1493.8020740979682 3990906.4790396523 6.3074944809836826e+17 881.6251097180924
d 0 0 -2.3375771562525237e-05 5 5 5.806647318582525e-20 0.05 0.05 2.3375771559331777e-05 0 0 -3.9187446822954765e-18 1e+6 1e+6 811311777636.26038 9.2071529673666793e-13 5910.7062673416121 0.76938140421900436 1493.5636375257379 3992152.3335806052 6.3507448828050534e+17 881.66666231950376
Q 2 13 "Voltage #01"
Q 3 13 "Voltage #02"
Q 4 13 "Voltage #03"
Q 5 13 "Voltage #04"
Q 20 13 "Current #01"
Q 21 13 "Current #02"
Q 22 13 "Current #03"
Q 23 13 "Current #04"
Q 61 13 "Transient time"
Q 92 21 Contact
Q 504 13 "Total Radiation Dose"
Q 601 13 "Int. Voltage #01"
Q 602 13 "Int. Voltage #02"
Q 603 13 "Int. Voltage #03"
Q 604 13 "Int. Voltage #04"
Q 3000 13 "trapped int holes"
Q 3001 13 "hole current"
Q 3002 13 "hole velocity"
Q 3003 13 "hole yield fraction"
Q 3004 13 holes
Q 3005 13 field
Q 3006 13 "trapped bulk holes"
Q 3007 13 "midpoint holes"
EOF 340463639
