v ATLAS
# This file was created by ATLAS version 5.26.1.R on Mon May  7 23:00:04 2018.
#SSF 2.0 generic
##############################################################################
#                    Copyright (c) 1984 - 2018                               #
#                    Silvaco Inc. All rights reserved                        #
#                                                                            #
# This file format and the following Key are copyright Silvaco Inc.          #
# You may not use, this format or key without reproducing this message in    #
# full and obtaining express written permission from Silvaco Inc.            #
#                                                                            #
# To obtain such permission please contact: Silvaco Inc.                     #
#                                           support@silvaco.com              #
#                                                                            #
# KEY=SVC86hn7562asdx                       PROD=345                         #
##############################################################################
y 3 700 711 15
z 8.96552 0.1 300
f 4 "gate" "substrate" "source" "drain" 
p 12 2 601 20 3 602 21 4 603 22 5 604 23 
d 0.000000000e+00 0.000000000e+00 0.000000000e+00 0.000000000e+00 0.000000000e+00 0.000000000e+00 0.000000000e+00 0.000000000e+00 -1.399259022e-11 5.000000000e+00 5.000000000e+00 1.397680255e-11 
d 5.000000000e-01 5.000000000e-01 0.000000000e+00 0.000000000e+00 0.000000000e+00 0.000000000e+00 0.000000000e+00 0.000000000e+00 -1.628830124e-11 5.000000000e+00 5.000000000e+00 1.628241183e-11 
d 1.000000000e+00 1.000000000e+00 0.000000000e+00 0.000000000e+00 0.000000000e+00 0.000000000e+00 0.000000000e+00 0.000000000e+00 -1.928767651e-11 5.000000000e+00 5.000000000e+00 1.928457521e-11 
d 1.500000000e+00 1.500000000e+00 0.000000000e+00 0.000000000e+00 0.000000000e+00 0.000000000e+00 0.000000000e+00 0.000000000e+00 -2.356943312e-11 5.000000000e+00 5.000000000e+00 2.355901837e-11 
d 2.000000000e+00 2.000000000e+00 0.000000000e+00 0.000000000e+00 0.000000000e+00 0.000000000e+00 0.000000000e+00 0.000000000e+00 -3.021750471e-11 5.000000000e+00 5.000000000e+00 3.022288185e-11 
d 2.500000000e+00 2.500000000e+00 0.000000000e+00 0.000000000e+00 0.000000000e+00 0.000000000e+00 0.000000000e+00 0.000000000e+00 -4.114209188e-11 5.000000000e+00 5.000000000e+00 4.113028297e-11 
d 3.000000000e+00 3.000000000e+00 0.000000000e+00 0.000000000e+00 0.000000000e+00 0.000000000e+00 0.000000000e+00 0.000000000e+00 -5.955209814e-11 5.000000000e+00 5.000000000e+00 5.955638309e-11 
d 3.500000000e+00 3.500000000e+00 0.000000000e+00 0.000000000e+00 0.000000000e+00 0.000000000e+00 0.000000000e+00 0.000000000e+00 -9.033664346e-11 5.000000000e+00 5.000000000e+00 9.034000077e-11 
d 4.000000000e+00 4.000000000e+00 0.000000000e+00 0.000000000e+00 0.000000000e+00 0.000000000e+00 0.000000000e+00 0.000000000e+00 -1.401438810e-10 5.000000000e+00 5.000000000e+00 1.401367943e-10 
d 4.500000000e+00 4.500000000e+00 0.000000000e+00 0.000000000e+00 0.000000000e+00 0.000000000e+00 0.000000000e+00 0.000000000e+00 -2.173139720e-10 5.000000000e+00 5.000000000e+00 2.173229329e-10 
d 5.000000000e+00 5.000000000e+00 0.000000000e+00 0.000000000e+00 0.000000000e+00 0.000000000e+00 0.000000000e+00 0.000000000e+00 -3.321663616e-10 5.000000000e+00 5.000000000e+00 3.321716919e-10 
d 5.500000000e+00 5.500000000e+00 0.000000000e+00 0.000000000e+00 0.000000000e+00 0.000000000e+00 0.000000000e+00 0.000000000e+00 -4.975919237e-10 5.000000000e+00 5.000000000e+00 4.975878315e-10 
d 6.000000000e+00 6.000000000e+00 0.000000000e+00 0.000000000e+00 0.000000000e+00 0.000000000e+00 0.000000000e+00 0.000000000e+00 -7.305781219e-10 5.000000000e+00 5.000000000e+00 7.305896060e-10 
d 6.500000000e+00 6.500000000e+00 0.000000000e+00 0.000000000e+00 0.000000000e+00 0.000000000e+00 0.000000000e+00 0.000000000e+00 -1.053630116e-09 5.000000000e+00 5.000000000e+00 1.053629031e-09 
d 7.000000000e+00 7.000000000e+00 0.000000000e+00 0.000000000e+00 0.000000000e+00 0.000000000e+00 0.000000000e+00 0.000000000e+00 -1.493243131e-09 5.000000000e+00 5.000000000e+00 1.493244922e-09 
d 7.500000000e+00 7.500000000e+00 0.000000000e+00 0.000000000e+00 0.000000000e+00 0.000000000e+00 0.000000000e+00 0.000000000e+00 -2.078954590e-09 5.000000000e+00 5.000000000e+00 2.078942849e-09 
d 8.000000000e+00 8.000000000e+00 0.000000000e+00 0.000000000e+00 0.000000000e+00 0.000000000e+00 0.000000000e+00 0.000000000e+00 -2.842107478e-09 5.000000000e+00 5.000000000e+00 2.842112858e-09 
d 8.500000000e+00 8.500000000e+00 0.000000000e+00 0.000000000e+00 0.000000000e+00 0.000000000e+00 0.000000000e+00 0.000000000e+00 -3.814789896e-09 5.000000000e+00 5.000000000e+00 3.814781292e-09 
d 9.000000000e+00 9.000000000e+00 0.000000000e+00 0.000000000e+00 0.000000000e+00 0.000000000e+00 0.000000000e+00 0.000000000e+00 -5.029063720e-09 5.000000000e+00 5.000000000e+00 5.029059515e-09 
d 9.500000000e+00 9.500000000e+00 0.000000000e+00 0.000000000e+00 0.000000000e+00 0.000000000e+00 0.000000000e+00 0.000000000e+00 -6.516401905e-09 5.000000000e+00 5.000000000e+00 6.516401077e-09 
d 1.000000000e+01 1.000000000e+01 0.000000000e+00 0.000000000e+00 0.000000000e+00 0.000000000e+00 0.000000000e+00 0.000000000e+00 -8.307254412e-09 5.000000000e+00 5.000000000e+00 8.307259605e-09 
d 1.050000000e+01 1.050000000e+01 0.000000000e+00 0.000000000e+00 0.000000000e+00 0.000000000e+00 0.000000000e+00 0.000000000e+00 -1.043087685e-08 5.000000000e+00 5.000000000e+00 1.043087439e-08 
d 1.100000000e+01 1.100000000e+01 0.000000000e+00 0.000000000e+00 0.000000000e+00 0.000000000e+00 0.000000000e+00 0.000000000e+00 -1.291575612e-08 5.000000000e+00 5.000000000e+00 1.291576351e-08 
d 1.150000000e+01 1.150000000e+01 0.000000000e+00 0.000000000e+00 0.000000000e+00 0.000000000e+00 0.000000000e+00 0.000000000e+00 -1.579078941e-08 5.000000000e+00 5.000000000e+00 1.579078002e-08 
d 1.200000000e+01 1.200000000e+01 0.000000000e+00 0.000000000e+00 0.000000000e+00 0.000000000e+00 0.000000000e+00 0.000000000e+00 -1.908698970e-08 5.000000000e+00 5.000000000e+00 1.908698204e-08 
d 1.250000000e+01 1.250000000e+01 0.000000000e+00 0.000000000e+00 0.000000000e+00 0.000000000e+00 0.000000000e+00 0.000000000e+00 -2.283918025e-08 5.000000000e+00 5.000000000e+00 2.283917513e-08 
d 1.300000000e+01 1.300000000e+01 0.000000000e+00 0.000000000e+00 0.000000000e+00 0.000000000e+00 0.000000000e+00 0.000000000e+00 -2.708715925e-08 5.000000000e+00 5.000000000e+00 2.708714819e-08 
d 1.350000000e+01 1.350000000e+01 0.000000000e+00 0.000000000e+00 0.000000000e+00 0.000000000e+00 0.000000000e+00 0.000000000e+00 -3.187613671e-08 5.000000000e+00 5.000000000e+00 3.187614188e-08 
d 1.400000000e+01 1.400000000e+01 0.000000000e+00 0.000000000e+00 0.000000000e+00 0.000000000e+00 0.000000000e+00 0.000000000e+00 -3.725645275e-08 5.000000000e+00 5.000000000e+00 3.725645430e-08 
d 1.450000000e+01 1.450000000e+01 0.000000000e+00 0.000000000e+00 0.000000000e+00 0.000000000e+00 0.000000000e+00 0.000000000e+00 -4.328272537e-08 5.000000000e+00 5.000000000e+00 4.328272167e-08 
d 1.500000000e+01 1.500000000e+01 0.000000000e+00 0.000000000e+00 0.000000000e+00 0.000000000e+00 0.000000000e+00 0.000000000e+00 -5.001256492e-08 5.000000000e+00 5.000000000e+00 5.001255859e-08 
d 1.550000000e+01 1.550000000e+01 0.000000000e+00 0.000000000e+00 0.000000000e+00 0.000000000e+00 0.000000000e+00 0.000000000e+00 -5.750498240e-08 5.000000000e+00 5.000000000e+00 5.750498592e-08 
d 1.600000000e+01 1.600000000e+01 0.000000000e+00 0.000000000e+00 0.000000000e+00 0.000000000e+00 0.000000000e+00 0.000000000e+00 -6.581861222e-08 5.000000000e+00 5.000000000e+00 6.581860358e-08 
d 1.650000000e+01 1.650000000e+01 0.000000000e+00 0.000000000e+00 0.000000000e+00 0.000000000e+00 0.000000000e+00 0.000000000e+00 -7.500988140e-08 5.000000000e+00 5.000000000e+00 7.500987799e-08 
d 1.700000000e+01 1.700000000e+01 0.000000000e+00 0.000000000e+00 0.000000000e+00 0.000000000e+00 0.000000000e+00 0.000000000e+00 -8.513126541e-08 5.000000000e+00 5.000000000e+00 8.513125316e-08 
d 1.750000000e+01 1.750000000e+01 0.000000000e+00 0.000000000e+00 0.000000000e+00 0.000000000e+00 0.000000000e+00 0.000000000e+00 -9.622977095e-08 5.000000000e+00 5.000000000e+00 9.622978019e-08 
d 1.800000000e+01 1.800000000e+01 0.000000000e+00 0.000000000e+00 0.000000000e+00 0.000000000e+00 0.000000000e+00 0.000000000e+00 -1.083457769e-07 5.000000000e+00 5.000000000e+00 1.083457768e-07 
d 1.850000000e+01 1.850000000e+01 0.000000000e+00 0.000000000e+00 0.000000000e+00 0.000000000e+00 0.000000000e+00 0.000000000e+00 -1.215123222e-07 5.000000000e+00 5.000000000e+00 1.215123221e-07 
d 1.900000000e+01 1.900000000e+01 0.000000000e+00 0.000000000e+00 0.000000000e+00 0.000000000e+00 0.000000000e+00 0.000000000e+00 -1.357548967e-07 5.000000000e+00 5.000000000e+00 1.357548873e-07 
d 1.950000000e+01 1.950000000e+01 0.000000000e+00 0.000000000e+00 0.000000000e+00 0.000000000e+00 0.000000000e+00 0.000000000e+00 -1.510917359e-07 5.000000000e+00 5.000000000e+00 1.510917301e-07 
d 2.000000000e+01 2.000000000e+01 0.000000000e+00 0.000000000e+00 0.000000000e+00 0.000000000e+00 0.000000000e+00 0.000000000e+00 -1.675345694e-07 5.000000000e+00 5.000000000e+00 1.675345585e-07 
