v ATLAS
# This file was created by ATLAS version 5.26.1.R on Tue Apr 17 04:04:19 2018.
#SSF 2.0 generic
##############################################################################
#                    Copyright (c) 1984 - 2018                               #
#                    Silvaco Inc. All rights reserved                        #
#                                                                            #
# This file format and the following Key are copyright Silvaco Inc.          #
# You may not use, this format or key without reproducing this message in    #
# full and obtaining express written permission from Silvaco Inc.            #
#                                                                            #
# To obtain such permission please contact: Silvaco Inc.                     #
#                                           support@silvaco.com              #
#                                                                            #
# KEY=SVC86hn7562asdx                       PROD=345                         #
##############################################################################
y 3 700 711 15
z 1.4 0.0498699 300
f 4 "source" "gate" "drain" "substrate" 
p 13 2 601 20 3 602 21 4 603 22 5 604 23 82 
d 0.000000000e+00 0.000000000e+00 -3.709714559e-05 1.000000000e+00 1.000000000e+00 5.590414094e-16 1.000000000e-01 1.000000000e-01 -8.144698251e-05 0.000000000e+00 0.000000000e+00 -3.136837677e-27 3.000000779e+02 
d 0.000000000e+00 0.000000000e+00 -3.957673183e-05 1.000000000e+00 1.000000000e+00 3.246128347e-18 5.000000000e-01 5.000000000e-01 3.932542113e-05 0.000000000e+00 0.000000000e+00 -4.052512281e-27 3.000003178e+02 
d 0.000000000e+00 0.000000000e+00 -4.345549155e-05 1.000000000e+00 1.000000000e+00 4.662675056e-20 1.000000000e+00 1.000000000e+00 4.345334587e-05 0.000000000e+00 0.000000000e+00 -4.881256311e-27 3.000005996e+02 
d 0.000000000e+00 0.000000000e+00 -4.571500217e-05 1.000000000e+00 1.000000000e+00 6.568391394e-18 1.500000000e+00 1.500000000e+00 4.520382560e-05 0.000000000e+00 0.000000000e+00 -5.627869074e-27 3.000008873e+02 
d 0.000000000e+00 0.000000000e+00 -4.644997176e-05 1.000000000e+00 1.000000000e+00 -2.408345299e-19 2.000000000e+00 2.000000000e+00 4.644481714e-05 0.000000000e+00 0.000000000e+00 -6.312914130e-27 3.000011806e+02 
d 0.000000000e+00 0.000000000e+00 -4.728653897e-05 1.000000000e+00 1.000000000e+00 -3.490736897e-21 2.500000000e+00 2.500000000e+00 4.728646976e-05 0.000000000e+00 0.000000000e+00 -6.947268260e-27 3.000014786e+02 
d 0.000000000e+00 0.000000000e+00 -4.795408702e-05 1.000000000e+00 1.000000000e+00 -7.368473451e-22 3.000000000e+00 3.000000000e+00 4.795407470e-05 0.000000000e+00 0.000000000e+00 -7.538350784e-27 3.000017807e+02 
d 0.000000000e+00 0.000000000e+00 -4.849838732e-05 1.000000000e+00 1.000000000e+00 7.006241773e-21 3.500000000e+00 3.500000000e+00 4.849838451e-05 0.000000000e+00 0.000000000e+00 -8.091600003e-27 3.000020862e+02 
d 0.000000000e+00 0.000000000e+00 -4.893156907e-05 1.000000000e+00 1.000000000e+00 8.055268840e-21 4.000000000e+00 4.000000000e+00 4.893163938e-05 0.000000000e+00 0.000000000e+00 -8.611137367e-27 3.000023944e+02 
d 0.000000000e+00 0.000000000e+00 -4.924982613e-05 1.000000000e+00 1.000000000e+00 8.555272396e-22 4.500000000e+00 4.500000000e+00 4.924983477e-05 0.000000000e+00 0.000000000e+00 -9.100181823e-27 3.000027036e+02 
d 0.000000000e+00 0.000000000e+00 -4.946431399e-05 1.000000000e+00 1.000000000e+00 6.372078336e-21 5.000000000e+00 5.000000000e+00 4.946437044e-05 0.000000000e+00 0.000000000e+00 -9.561748864e-27 3.000030116e+02 
d 0.000000000e+00 0.000000000e+00 -4.964464006e-05 1.000000000e+00 1.000000000e+00 1.469566694e-21 5.500000000e+00 5.500000000e+00 4.964465614e-05 0.000000000e+00 0.000000000e+00 -9.999507836e-27 3.000033169e+02 
d 0.000000000e+00 0.000000000e+00 -4.989066287e-05 1.000000000e+00 1.000000000e+00 -4.314272165e-21 6.000000000e+00 6.000000000e+00 4.989062774e-05 0.000000000e+00 0.000000000e+00 -1.041729063e-26 3.000036203e+02 
d 0.000000000e+00 0.000000000e+00 -5.023706422e-05 1.000000000e+00 1.000000000e+00 -8.323072602e-22 6.500000000e+00 6.500000000e+00 5.023705297e-05 0.000000000e+00 0.000000000e+00 -1.081761748e-26 3.000039226e+02 
d 0.000000000e+00 0.000000000e+00 -5.065301190e-05 1.000000000e+00 1.000000000e+00 -1.744078450e-22 7.000000000e+00 7.000000000e+00 5.065301567e-05 0.000000000e+00 0.000000000e+00 -1.120179591e-26 3.000042229e+02 
d 0.000000000e+00 0.000000000e+00 -5.109700448e-05 1.000000000e+00 1.000000000e+00 4.592395918e-23 7.500000000e+00 7.500000000e+00 5.109700368e-05 0.000000000e+00 0.000000000e+00 -1.157075514e-26 3.000045201e+02 
d 0.000000000e+00 0.000000000e+00 -5.154025870e-05 1.000000000e+00 1.000000000e+00 -6.305514396e-22 8.000000000e+00 8.000000000e+00 5.154025949e-05 0.000000000e+00 0.000000000e+00 -1.192536659e-26 3.000048136e+02 
d 0.000000000e+00 0.000000000e+00 -5.196852127e-05 1.000000000e+00 1.000000000e+00 -3.431396950e-22 8.500000000e+00 8.500000000e+00 5.196851703e-05 0.000000000e+00 0.000000000e+00 -1.226649100e-26 3.000051042e+02 
d 0.000000000e+00 0.000000000e+00 -5.237728817e-05 1.000000000e+00 1.000000000e+00 3.751316666e-22 9.000000000e+00 9.000000000e+00 5.237728947e-05 0.000000000e+00 0.000000000e+00 -1.259498193e-26 3.000053932e+02 
d 0.000000000e+00 0.000000000e+00 -5.276614229e-05 1.000000000e+00 1.000000000e+00 7.688393166e-23 9.500000000e+00 9.500000000e+00 5.276614474e-05 0.000000000e+00 0.000000000e+00 -1.291163127e-26 3.000056814e+02 
d 0.000000000e+00 0.000000000e+00 -5.313541427e-05 1.000000000e+00 1.000000000e+00 7.843193029e-23 1.000000000e+01 1.000000000e+01 5.313541878e-05 0.000000000e+00 0.000000000e+00 -1.321714298e-26 3.000059697e+02 
d 0.000000000e+00 0.000000000e+00 -5.348715476e-05 1.000000000e+00 1.000000000e+00 3.467516918e-22 1.050000000e+01 1.050000000e+01 5.348715247e-05 0.000000000e+00 0.000000000e+00 -1.351219828e-26 3.000062586e+02 
d 0.000000000e+00 0.000000000e+00 -5.382256154e-05 1.000000000e+00 1.000000000e+00 -5.211595368e-23 1.100000000e+01 1.100000000e+01 5.382255851e-05 0.000000000e+00 0.000000000e+00 -1.379741854e-26 3.000065499e+02 
d 0.000000000e+00 0.000000000e+00 -5.414528934e-05 1.000000000e+00 1.000000000e+00 -1.945318271e-22 1.150000000e+01 1.150000000e+01 5.414529076e-05 0.000000000e+00 0.000000000e+00 -1.407344616e-26 3.000068428e+02 
d 0.000000000e+00 0.000000000e+00 -5.445777175e-05 1.000000000e+00 1.000000000e+00 -1.418998739e-22 1.200000000e+01 1.200000000e+01 5.445776954e-05 0.000000000e+00 0.000000000e+00 -1.434084539e-26 3.000071375e+02 
d 0.000000000e+00 0.000000000e+00 -5.475959834e-05 1.000000000e+00 1.000000000e+00 8.486180057e-20 1.250000000e+01 1.250000000e+01 5.476035958e-05 0.000000000e+00 0.000000000e+00 -1.460006409e-26 3.000074342e+02 
d 0.000000000e+00 0.000000000e+00 -5.505574727e-05 1.000000000e+00 1.000000000e+00 1.408265948e-20 1.300000000e+01 1.300000000e+01 5.505593146e-05 0.000000000e+00 0.000000000e+00 -1.485160919e-26 3.000077326e+02 
d 0.000000000e+00 0.000000000e+00 -5.534510175e-05 1.000000000e+00 1.000000000e+00 1.186798945e-23 1.350000000e+01 1.350000000e+01 5.534509932e-05 0.000000000e+00 0.000000000e+00 -1.509587244e-26 3.000080325e+02 
d 0.000000000e+00 0.000000000e+00 -5.562890905e-05 1.000000000e+00 1.000000000e+00 -1.229110908e-21 1.400000000e+01 1.400000000e+01 5.562889635e-05 0.000000000e+00 0.000000000e+00 -1.533324813e-26 3.000083338e+02 
d 0.000000000e+00 0.000000000e+00 -5.590982124e-05 1.000000000e+00 1.000000000e+00 -3.410756968e-22 1.450000000e+01 1.450000000e+01 5.590982019e-05 0.000000000e+00 0.000000000e+00 -1.556415729e-26 3.000086359e+02 
d 0.000000000e+00 0.000000000e+00 -5.618830247e-05 1.000000000e+00 1.000000000e+00 -2.961837367e-22 1.500000000e+01 1.500000000e+01 5.618830770e-05 0.000000000e+00 0.000000000e+00 -1.578892782e-26 3.000089384e+02 
d 0.000000000e+00 0.000000000e+00 -5.646436880e-05 1.000000000e+00 1.000000000e+00 -8.735872235e-22 1.550000000e+01 1.550000000e+01 5.646436892e-05 0.000000000e+00 0.000000000e+00 -1.600785872e-26 3.000092413e+02 
d 0.000000000e+00 0.000000000e+00 -5.673787760e-05 1.000000000e+00 1.000000000e+00 -1.493302673e-21 1.600000000e+01 1.600000000e+01 5.673785152e-05 0.000000000e+00 0.000000000e+00 -1.622122415e-26 3.000095445e+02 
d 0.000000000e+00 0.000000000e+00 -5.700741841e-05 1.000000000e+00 1.000000000e+00 -2.351925910e-21 1.650000000e+01 1.650000000e+01 5.700737710e-05 0.000000000e+00 0.000000000e+00 -1.642924940e-26 3.000098495e+02 
d 0.000000000e+00 0.000000000e+00 -5.727240016e-05 1.000000000e+00 1.000000000e+00 -3.719840694e-21 1.700000000e+01 1.700000000e+01 5.727234651e-05 0.000000000e+00 0.000000000e+00 -1.663215846e-26 3.000101549e+02 
d 0.000000000e+00 0.000000000e+00 -5.753299920e-05 1.000000000e+00 1.000000000e+00 -5.177539398e-21 1.750000000e+01 1.750000000e+01 5.753294873e-05 0.000000000e+00 0.000000000e+00 -1.683016956e-26 3.000104602e+02 
d 0.000000000e+00 0.000000000e+00 -5.778902243e-05 1.000000000e+00 1.000000000e+00 -8.660020303e-21 1.800000000e+01 1.800000000e+01 5.778896020e-05 0.000000000e+00 0.000000000e+00 -1.702347502e-26 3.000107651e+02 
d 0.000000000e+00 0.000000000e+00 -5.804070708e-05 1.000000000e+00 1.000000000e+00 -2.475249800e-20 1.850000000e+01 1.850000000e+01 5.804040950e-05 0.000000000e+00 0.000000000e+00 -1.721224908e-26 3.000110698e+02 
d 0.000000000e+00 0.000000000e+00 -5.828419679e-05 1.000000000e+00 1.000000000e+00 -1.960798257e-22 1.900000000e+01 1.900000000e+01 5.828420105e-05 0.000000000e+00 0.000000000e+00 -1.739654728e-26 3.000113752e+02 
d 0.000000000e+00 0.000000000e+00 -5.852159318e-05 1.000000000e+00 1.000000000e+00 -2.595477693e-22 1.950000000e+01 1.950000000e+01 5.852159289e-05 0.000000000e+00 0.000000000e+00 -1.757649498e-26 3.000116801e+02 
d 0.000000000e+00 0.000000000e+00 -5.875317001e-05 1.000000000e+00 1.000000000e+00 1.713118477e-22 2.000000000e+01 2.000000000e+01 5.875316907e-05 0.000000000e+00 0.000000000e+00 -1.775226941e-26 3.000119848e+02 
