v ATLAS
# This file was created by ATLAS version 5.26.1.R on Tue Apr 17 04:07:23 2018.
#SSF 2.0 generic
##############################################################################
#                    Copyright (c) 1984 - 2018                               #
#                    Silvaco Inc. All rights reserved                        #
#                                                                            #
# This file format and the following Key are copyright Silvaco Inc.          #
# You may not use, this format or key without reproducing this message in    #
# full and obtaining express written permission from Silvaco Inc.            #
#                                                                            #
# To obtain such permission please contact: Silvaco Inc.                     #
#                                           support@silvaco.com              #
#                                                                            #
# KEY=SVC86hn7562asdx                       PROD=345                         #
##############################################################################
y 3 700 711 15
z 1.4 0.0498699 300
f 4 "source" "gate" "drain" "substrate" 
p 13 2 601 20 3 602 21 4 603 22 5 604 23 82 
d 0.000000000e+00 0.000000000e+00 -2.248517003e-04 5.000000000e+00 5.000000000e+00 1.072570592e-05 1.000000000e-03 1.000000000e-03 2.076962847e-04 0.000000000e+00 0.000000000e+00 -3.537097297e-06 3.000005431e+02 
d 0.000000000e+00 0.000000000e+00 -1.049478428e-01 5.000000000e+00 5.000000000e+00 8.376971686e-06 5.000000000e-01 5.000000000e-01 1.048941256e-01 0.000000000e+00 0.000000000e+00 -3.341875765e-06 3.004348259e+02 
d 0.000000000e+00 0.000000000e+00 -1.983294530e-01 5.000000000e+00 5.000000000e+00 6.042909573e-06 1.000000000e+00 1.000000000e+00 1.983265525e-01 0.000000000e+00 0.000000000e+00 -3.206068567e-06 3.013066690e+02 
d 0.000000000e+00 0.000000000e+00 -2.813724201e-01 5.000000000e+00 5.000000000e+00 4.719082193e-06 1.500000000e+00 1.500000000e+00 2.813707367e-01 0.000000000e+00 0.000000000e+00 -3.093731987e-06 3.026075737e+02 
d 0.000000000e+00 0.000000000e+00 -3.533172516e-01 5.000000000e+00 5.000000000e+00 3.973490760e-06 2.000000000e+00 2.000000000e+00 3.533165833e-01 0.000000000e+00 0.000000000e+00 -2.994270279e-06 3.043715361e+02 
d 0.000000000e+00 0.000000000e+00 -4.139335112e-01 5.000000000e+00 5.000000000e+00 3.534549265e-06 2.500000000e+00 2.500000000e+00 4.139326971e-01 0.000000000e+00 0.000000000e+00 -2.906316006e-06 3.064752333e+02 
d 0.000000000e+00 0.000000000e+00 -4.624763747e-01 5.000000000e+00 5.000000000e+00 3.266513554e-06 3.000000000e+00 3.000000000e+00 4.624756230e-01 0.000000000e+00 0.000000000e+00 -2.831310012e-06 3.088716904e+02 
d 0.000000000e+00 0.000000000e+00 -4.973233756e-01 5.000000000e+00 5.000000000e+00 3.102510562e-06 3.500000000e+00 3.500000000e+00 4.973227025e-01 0.000000000e+00 0.000000000e+00 -2.772509083e-06 3.115302975e+02 
d 0.000000000e+00 0.000000000e+00 -5.164696084e-01 5.000000000e+00 5.000000000e+00 3.011456961e-06 4.000000000e+00 4.000000000e+00 5.164691200e-01 0.000000000e+00 0.000000000e+00 -2.734989069e-06 3.144237385e+02 
d 0.000000000e+00 0.000000000e+00 -5.212318257e-01 5.000000000e+00 5.000000000e+00 2.971925273e-06 4.500000000e+00 4.500000000e+00 5.212392972e-01 0.000000000e+00 0.000000000e+00 -2.719145080e-06 3.174711187e+02 
d 0.000000000e+00 0.000000000e+00 -5.178521802e-01 5.000000000e+00 5.000000000e+00 2.959573239e-06 5.000000000e+00 5.000000000e+00 5.178582318e-01 0.000000000e+00 0.000000000e+00 -2.716598439e-06 3.205425254e+02 
d 0.000000000e+00 0.000000000e+00 -5.112161648e-01 5.000000000e+00 5.000000000e+00 2.958569478e-06 5.500000000e+00 5.500000000e+00 5.112214589e-01 0.000000000e+00 0.000000000e+00 -2.719849925e-06 3.235577082e+02 
d 0.000000000e+00 0.000000000e+00 -5.033219166e-01 5.000000000e+00 5.000000000e+00 2.962726962e-06 6.000000000e+00 6.000000000e+00 5.033263495e-01 0.000000000e+00 0.000000000e+00 -2.725705148e-06 3.264878284e+02 
d 0.000000000e+00 0.000000000e+00 -4.946860069e-01 5.000000000e+00 5.000000000e+00 2.970516825e-06 6.500000000e+00 6.500000000e+00 4.946894382e-01 0.000000000e+00 0.000000000e+00 -2.733346324e-06 3.293188809e+02 
d 0.000000000e+00 0.000000000e+00 -4.851050373e-01 5.000000000e+00 5.000000000e+00 2.982812601e-06 7.000000000e+00 7.000000000e+00 4.851063331e-01 0.000000000e+00 0.000000000e+00 -2.743202181e-06 3.320295111e+02 
d 0.000000000e+00 0.000000000e+00 -4.742006376e-01 5.000000000e+00 5.000000000e+00 3.001195243e-06 7.500000000e+00 7.500000000e+00 4.741995944e-01 0.000000000e+00 0.000000000e+00 -2.755994007e-06 3.345855805e+02 
d 0.000000000e+00 0.000000000e+00 -4.626893709e-01 5.000000000e+00 5.000000000e+00 3.023519797e-06 8.000000000e+00 8.000000000e+00 4.626874135e-01 0.000000000e+00 0.000000000e+00 -2.770434153e-06 3.369837363e+02 
d 0.000000000e+00 0.000000000e+00 -4.523464823e-01 5.000000000e+00 5.000000000e+00 3.043153833e-06 8.500000000e+00 8.500000000e+00 4.523484459e-01 0.000000000e+00 0.000000000e+00 -2.783139495e-06 3.392948266e+02 
d 0.000000000e+00 0.000000000e+00 -4.438684198e-01 5.000000000e+00 5.000000000e+00 3.057126087e-06 9.000000000e+00 9.000000000e+00 4.438703298e-01 0.000000000e+00 0.000000000e+00 -2.792807312e-06 3.415792290e+02 
d 0.000000000e+00 0.000000000e+00 -4.368075891e-01 5.000000000e+00 5.000000000e+00 3.066641349e-06 9.500000000e+00 9.500000000e+00 4.368089556e-01 0.000000000e+00 0.000000000e+00 -2.800163764e-06 3.438460743e+02 
d 0.000000000e+00 0.000000000e+00 -4.306509007e-01 5.000000000e+00 5.000000000e+00 3.073427062e-06 1.000000000e+01 1.000000000e+01 4.306520614e-01 0.000000000e+00 0.000000000e+00 -2.806098990e-06 3.460874726e+02 
d 0.000000000e+00 0.000000000e+00 -4.250718472e-01 5.000000000e+00 5.000000000e+00 3.078647476e-06 1.050000000e+01 1.050000000e+01 4.250729320e-01 0.000000000e+00 0.000000000e+00 -2.811191799e-06 3.482943444e+02 
d 0.000000000e+00 0.000000000e+00 -4.198823639e-01 5.000000000e+00 5.000000000e+00 3.082988100e-06 1.100000000e+01 1.100000000e+01 4.198833573e-01 0.000000000e+00 0.000000000e+00 -2.815779974e-06 3.504587125e+02 
d 0.000000000e+00 0.000000000e+00 -4.149745505e-01 5.000000000e+00 5.000000000e+00 3.086847555e-06 1.150000000e+01 1.150000000e+01 4.149754479e-01 0.000000000e+00 0.000000000e+00 -2.820062083e-06 3.525732335e+02 
d 0.000000000e+00 0.000000000e+00 -4.102844656e-01 5.000000000e+00 5.000000000e+00 3.090471265e-06 1.200000000e+01 1.200000000e+01 4.102852660e-01 0.000000000e+00 0.000000000e+00 -2.824164763e-06 3.546297733e+02 
d 0.000000000e+00 0.000000000e+00 -4.064145970e-01 5.000000000e+00 5.000000000e+00 3.094031691e-06 1.250000000e+01 1.250000000e+01 4.057270977e-01 0.000000000e+00 0.000000000e+00 -2.828182295e-06 3.566188272e+02 
d 0.000000000e+00 0.000000000e+00 -4.019973886e-01 5.000000000e+00 5.000000000e+00 3.097661400e-06 1.300000000e+01 1.300000000e+01 4.013651591e-01 0.000000000e+00 0.000000000e+00 -2.832191522e-06 3.586713380e+02 
d 0.000000000e+00 0.000000000e+00 -3.977067845e-01 5.000000000e+00 5.000000000e+00 3.101449252e-06 1.350000000e+01 1.350000000e+01 3.971332762e-01 0.000000000e+00 0.000000000e+00 -2.836246295e-06 3.606833107e+02 
d 0.000000000e+00 0.000000000e+00 -3.930549989e-01 5.000000000e+00 5.000000000e+00 3.105393446e-06 1.400000000e+01 1.400000000e+01 3.930554054e-01 0.000000000e+00 0.000000000e+00 -2.840346339e-06 3.626554591e+02 
d 0.000000000e+00 0.000000000e+00 -3.895077101e-01 5.000000000e+00 5.000000000e+00 3.109445816e-06 1.450000000e+01 1.450000000e+01 3.890256218e-01 0.000000000e+00 0.000000000e+00 -2.844465795e-06 3.645899758e+02 
d 0.000000000e+00 0.000000000e+00 -3.855990413e-01 5.000000000e+00 5.000000000e+00 3.113543734e-06 1.500000000e+01 1.500000000e+01 3.851461105e-01 0.000000000e+00 0.000000000e+00 -2.848570851e-06 3.664884212e+02 
d 0.000000000e+00 0.000000000e+00 -3.818045701e-01 5.000000000e+00 5.000000000e+00 3.117672958e-06 1.550000000e+01 1.550000000e+01 3.813770844e-01 0.000000000e+00 0.000000000e+00 -2.852653284e-06 3.683504275e+02 
d 0.000000000e+00 0.000000000e+00 -3.781249856e-01 5.000000000e+00 5.000000000e+00 3.121771894e-06 1.600000000e+01 1.600000000e+01 3.777214533e-01 0.000000000e+00 0.000000000e+00 -2.856680598e-06 3.701777000e+02 
d 0.000000000e+00 0.000000000e+00 -3.745604626e-01 5.000000000e+00 5.000000000e+00 3.125803746e-06 1.650000000e+01 1.650000000e+01 3.741779443e-01 0.000000000e+00 0.000000000e+00 -2.860634259e-06 3.719709793e+02 
d 0.000000000e+00 0.000000000e+00 -3.711004155e-01 5.000000000e+00 5.000000000e+00 3.129794660e-06 1.700000000e+01 1.700000000e+01 3.707384608e-01 0.000000000e+00 0.000000000e+00 -2.864529980e-06 3.737279234e+02 
d 0.000000000e+00 0.000000000e+00 -3.677436154e-01 5.000000000e+00 5.000000000e+00 3.133746045e-06 1.750000000e+01 1.750000000e+01 3.673995072e-01 0.000000000e+00 0.000000000e+00 -2.868371210e-06 3.754473214e+02 
d 0.000000000e+00 0.000000000e+00 -3.644826631e-01 5.000000000e+00 5.000000000e+00 3.137665500e-06 1.800000000e+01 1.800000000e+01 3.641575372e-01 0.000000000e+00 0.000000000e+00 -2.872164667e-06 3.771269448e+02 
d 0.000000000e+00 0.000000000e+00 -3.610293678e-01 5.000000000e+00 5.000000000e+00 3.141552586e-06 1.850000000e+01 1.850000000e+01 3.610293905e-01 0.000000000e+00 0.000000000e+00 -2.875912018e-06 3.787635235e+02 
d 0.000000000e+00 0.000000000e+00 -3.579779472e-01 5.000000000e+00 5.000000000e+00 3.145357940e-06 1.900000000e+01 1.900000000e+01 3.579777748e-01 0.000000000e+00 0.000000000e+00 -2.879587932e-06 3.803552107e+02 
d 0.000000000e+00 0.000000000e+00 -3.550312577e-01 5.000000000e+00 5.000000000e+00 3.148991704e-06 1.950000000e+01 1.950000000e+01 3.550305206e-01 0.000000000e+00 0.000000000e+00 -2.883144693e-06 3.819034716e+02 
d 0.000000000e+00 0.000000000e+00 -3.520523306e-01 5.000000000e+00 5.000000000e+00 3.152487351e-06 2.000000000e+01 2.000000000e+01 3.522365921e-01 0.000000000e+00 0.000000000e+00 -2.886599505e-06 3.833995908e+02 
