v ATLAS
# This file was created by ATLAS version 5.26.1.R on Tue Apr 17 04:05:50 2018.
#SSF 2.0 generic
##############################################################################
#                    Copyright (c) 1984 - 2018                               #
#                    Silvaco Inc. All rights reserved                        #
#                                                                            #
# This file format and the following Key are copyright Silvaco Inc.          #
# You may not use, this format or key without reproducing this message in    #
# full and obtaining express written permission from Silvaco Inc.            #
#                                                                            #
# To obtain such permission please contact: Silvaco Inc.                     #
#                                           support@silvaco.com              #
#                                                                            #
# KEY=SVC86hn7562asdx                       PROD=345                         #
##############################################################################
y 3 700 711 15
z 1.4 0.0498699 300
f 4 "source" "gate" "drain" "substrate" 
p 13 2 601 20 3 602 21 4 603 22 5 604 23 82 
d 0.000000000e+00 0.000000000e+00 -3.246120435e-03 3.000000000e+00 3.000000000e+00 4.639776602e-10 1.562500000e-02 1.562500000e-02 3.245295163e-03 0.000000000e+00 0.000000000e+00 -3.368391772e-10 3.000056156e+02 
d 0.000000000e+00 0.000000000e+00 -6.510861306e-03 3.000000000e+00 3.000000000e+00 4.091412755e-10 3.125000000e-02 3.125000000e-02 6.473345193e-03 0.000000000e+00 0.000000000e+00 -2.983906435e-10 3.000117289e+02 
d 0.000000000e+00 0.000000000e+00 -1.306726074e-02 3.000000000e+00 3.000000000e+00 3.199771531e-10 6.250000000e-02 6.250000000e-02 1.290388030e-02 0.000000000e+00 0.000000000e+00 -2.355713013e-10 3.000254361e+02 
d 0.000000000e+00 0.000000000e+00 -2.646010695e-02 3.000000000e+00 3.000000000e+00 2.003727201e-10 1.250000000e-01 1.250000000e-01 2.563832061e-02 0.000000000e+00 0.000000000e+00 -1.504561944e-10 3.000586750e+02 
d 0.000000000e+00 0.000000000e+00 -5.080722779e-02 3.000000000e+00 3.000000000e+00 8.633754938e-11 2.500000000e-01 2.500000000e-01 5.080678416e-02 0.000000000e+00 0.000000000e+00 -6.755870520e-11 3.001476027e+02 
d 0.000000000e+00 0.000000000e+00 -9.805360723e-02 3.000000000e+00 3.000000000e+00 2.226412724e-11 5.000000000e-01 5.000000000e-01 9.804876483e-02 0.000000000e+00 0.000000000e+00 -1.873118004e-11 3.004084502e+02 
d 0.000000000e+00 0.000000000e+00 -1.818181965e-01 3.000000000e+00 3.000000000e+00 3.195105028e-12 1.000000000e+00 1.000000000e+00 1.813060342e-01 0.000000000e+00 0.000000000e+00 -2.897524542e-12 3.012185969e+02 
d 0.000000000e+00 0.000000000e+00 -2.516112922e-01 3.000000000e+00 3.000000000e+00 8.084290254e-13 1.500000000e+00 1.500000000e+00 2.496575723e-01 0.000000000e+00 0.000000000e+00 -7.331860539e-13 3.025220604e+02 
d 0.000000000e+00 0.000000000e+00 -3.002898256e-01 3.000000000e+00 3.000000000e+00 2.987456175e-13 2.000000000e+00 2.000000000e+00 3.002855660e-01 0.000000000e+00 0.000000000e+00 -2.825063991e-13 3.041818033e+02 
d 0.000000000e+00 0.000000000e+00 -3.274207869e-01 3.000000000e+00 3.000000000e+00 1.859904924e-13 2.500000000e+00 2.500000000e+00 3.274153124e-01 0.000000000e+00 0.000000000e+00 -1.765742060e-13 3.061092082e+02 
d 0.000000000e+00 0.000000000e+00 -3.359344518e-01 3.000000000e+00 3.000000000e+00 1.703669343e-13 3.000000000e+00 3.000000000e+00 3.359292353e-01 0.000000000e+00 0.000000000e+00 -1.620052066e-13 3.081699079e+02 
d 0.000000000e+00 0.000000000e+00 -3.376019658e-01 3.000000000e+00 3.000000000e+00 1.923891879e-13 3.500000000e+00 3.500000000e+00 3.368115478e-01 0.000000000e+00 0.000000000e+00 -1.733128954e-13 3.102484229e+02 
d 0.000000000e+00 0.000000000e+00 -3.361929040e-01 3.000000000e+00 3.000000000e+00 2.139207368e-13 4.000000000e+00 4.000000000e+00 3.354273348e-01 0.000000000e+00 0.000000000e+00 -1.944544953e-13 3.123050607e+02 
d 0.000000000e+00 0.000000000e+00 -3.337779739e-01 3.000000000e+00 3.000000000e+00 2.419265450e-13 4.500000000e+00 4.500000000e+00 3.330826170e-01 0.000000000e+00 0.000000000e+00 -2.221084116e-13 3.143286742e+02 
d 0.000000000e+00 0.000000000e+00 -3.307592114e-01 3.000000000e+00 3.000000000e+00 2.768344137e-13 5.000000000e+00 5.000000000e+00 3.301400005e-01 0.000000000e+00 0.000000000e+00 -2.563760390e-13 3.163116182e+02 
d 0.000000000e+00 0.000000000e+00 -3.270645579e-01 3.000000000e+00 3.000000000e+00 3.206350323e-13 5.500000000e+00 5.500000000e+00 3.265428938e-01 0.000000000e+00 0.000000000e+00 -2.993722256e-13 3.182408030e+02 
d 0.000000000e+00 0.000000000e+00 -3.224911595e-01 3.000000000e+00 3.000000000e+00 3.772356662e-13 6.000000000e+00 6.000000000e+00 3.220966083e-01 0.000000000e+00 0.000000000e+00 -3.549581362e-13 3.200959383e+02 
d 0.000000000e+00 0.000000000e+00 -3.172116451e-01 3.000000000e+00 3.000000000e+00 4.507157517e-13 6.500000000e+00 6.500000000e+00 3.169140709e-01 0.000000000e+00 0.000000000e+00 -4.261757728e-13 3.218653430e+02 
d 0.000000000e+00 0.000000000e+00 -3.117982922e-01 3.000000000e+00 3.000000000e+00 5.355044393e-13 7.000000000e+00 7.000000000e+00 3.117922217e-01 0.000000000e+00 0.000000000e+00 -5.102238137e-13 3.235738744e+02 
d 0.000000000e+00 0.000000000e+00 -3.074239768e-01 3.000000000e+00 3.000000000e+00 6.304449300e-13 7.500000000e+00 7.500000000e+00 3.074151620e-01 0.000000000e+00 0.000000000e+00 -6.005895489e-13 3.252646733e+02 
d 0.000000000e+00 0.000000000e+00 -3.039086833e-01 3.000000000e+00 3.000000000e+00 7.285722083e-13 8.000000000e+00 8.000000000e+00 3.039005341e-01 0.000000000e+00 0.000000000e+00 -6.941278842e-13 3.269578664e+02 
d 0.000000000e+00 0.000000000e+00 -3.013464968e-01 3.000000000e+00 3.000000000e+00 8.355652672e-13 8.500000000e+00 8.500000000e+00 3.009631188e-01 0.000000000e+00 0.000000000e+00 -7.914457110e-13 3.286526971e+02 
d 0.000000000e+00 0.000000000e+00 -2.988624757e-01 3.000000000e+00 3.000000000e+00 9.433529435e-13 9.000000000e+00 9.000000000e+00 2.984791549e-01 0.000000000e+00 0.000000000e+00 -8.943538366e-13 3.303430906e+02 
d 0.000000000e+00 0.000000000e+00 -2.966259694e-01 3.000000000e+00 3.000000000e+00 1.058968025e-12 9.500000000e+00 9.500000000e+00 2.962410403e-01 0.000000000e+00 0.000000000e+00 -1.004679597e-12 3.320227376e+02 
d 0.000000000e+00 0.000000000e+00 -2.945405913e-01 3.000000000e+00 3.000000000e+00 1.183945857e-12 1.000000000e+01 1.000000000e+01 2.941581606e-01 0.000000000e+00 0.000000000e+00 -1.124014373e-12 3.336859706e+02 
d 0.000000000e+00 0.000000000e+00 -2.925527398e-01 3.000000000e+00 3.000000000e+00 1.319742427e-12 1.050000000e+01 1.050000000e+01 2.921755518e-01 0.000000000e+00 0.000000000e+00 -1.253735941e-12 3.353272663e+02 
d 0.000000000e+00 0.000000000e+00 -2.906291405e-01 3.000000000e+00 3.000000000e+00 1.467690657e-12 1.100000000e+01 1.100000000e+01 2.902588040e-01 0.000000000e+00 0.000000000e+00 -1.395099909e-12 3.369397010e+02 
d 0.000000000e+00 0.000000000e+00 -2.887451058e-01 3.000000000e+00 3.000000000e+00 1.629077334e-12 1.150000000e+01 1.150000000e+01 2.883832857e-01 0.000000000e+00 0.000000000e+00 -1.549332620e-12 3.385130446e+02 
d 0.000000000e+00 0.000000000e+00 -2.868769056e-01 3.000000000e+00 3.000000000e+00 1.805186910e-12 1.200000000e+01 1.200000000e+01 2.865283095e-01 0.000000000e+00 0.000000000e+00 -1.717701735e-12 3.400717046e+02 
d 0.000000000e+00 0.000000000e+00 -2.847367618e-01 3.000000000e+00 3.000000000e+00 1.992666932e-12 1.250000000e+01 1.250000000e+01 2.847317126e-01 0.000000000e+00 0.000000000e+00 -1.901499416e-12 3.416565898e+02 
d 0.000000000e+00 0.000000000e+00 -2.828926044e-01 3.000000000e+00 3.000000000e+00 2.202329415e-12 1.300000000e+01 1.300000000e+01 2.828877191e-01 0.000000000e+00 0.000000000e+00 -2.101857865e-12 3.432168932e+02 
d 0.000000000e+00 0.000000000e+00 -2.812932951e-01 3.000000000e+00 3.000000000e+00 2.434532753e-12 1.350000000e+01 1.350000000e+01 2.810113024e-01 0.000000000e+00 0.000000000e+00 -2.319870350e-12 3.447535869e+02 
d 0.000000000e+00 0.000000000e+00 -2.794753643e-01 3.000000000e+00 3.000000000e+00 2.682055890e-12 1.400000000e+01 1.400000000e+01 2.792038354e-01 0.000000000e+00 0.000000000e+00 -2.556540353e-12 3.462682291e+02 
d 0.000000000e+00 0.000000000e+00 -2.776954142e-01 3.000000000e+00 3.000000000e+00 2.949995213e-12 1.450000000e+01 1.450000000e+01 2.774322650e-01 0.000000000e+00 0.000000000e+00 -2.812709793e-12 3.477633671e+02 
d 0.000000000e+00 0.000000000e+00 -2.759532558e-01 3.000000000e+00 3.000000000e+00 3.239696828e-12 1.500000000e+01 1.500000000e+01 2.756955621e-01 0.000000000e+00 0.000000000e+00 -3.089628199e-12 3.492385704e+02 
d 0.000000000e+00 0.000000000e+00 -2.742491609e-01 3.000000000e+00 3.000000000e+00 3.552191767e-12 1.550000000e+01 1.550000000e+01 2.739979576e-01 0.000000000e+00 0.000000000e+00 -3.388377990e-12 3.506935578e+02 
d 0.000000000e+00 0.000000000e+00 -2.725860107e-01 3.000000000e+00 3.000000000e+00 3.888686232e-12 1.600000000e+01 1.600000000e+01 2.723401457e-01 0.000000000e+00 0.000000000e+00 -3.710069526e-12 3.521277674e+02 
d 0.000000000e+00 0.000000000e+00 -2.709638122e-01 3.000000000e+00 3.000000000e+00 4.250350462e-12 1.650000000e+01 1.650000000e+01 2.707219806e-01 0.000000000e+00 0.000000000e+00 -4.055835515e-12 3.535394937e+02 
d 0.000000000e+00 0.000000000e+00 -2.693864229e-01 3.000000000e+00 3.000000000e+00 4.637781009e-12 1.700000000e+01 1.700000000e+01 2.691519639e-01 0.000000000e+00 0.000000000e+00 -4.426342252e-12 3.549293399e+02 
d 0.000000000e+00 0.000000000e+00 -2.676659956e-01 3.000000000e+00 3.000000000e+00 5.048926659e-12 1.750000000e+01 1.750000000e+01 2.676626376e-01 0.000000000e+00 0.000000000e+00 -4.822897342e-12 3.562941568e+02 
d 0.000000000e+00 0.000000000e+00 -2.661765988e-01 3.000000000e+00 3.000000000e+00 5.492030379e-12 1.800000000e+01 1.800000000e+01 2.661740942e-01 0.000000000e+00 0.000000000e+00 -5.246620169e-12 3.576291877e+02 
d 0.000000000e+00 0.000000000e+00 -2.647319845e-01 3.000000000e+00 3.000000000e+00 5.964056151e-12 1.850000000e+01 1.850000000e+01 2.647307714e-01 0.000000000e+00 0.000000000e+00 -5.698055632e-12 3.589302895e+02 
d 0.000000000e+00 0.000000000e+00 -2.633375225e-01 3.000000000e+00 3.000000000e+00 6.465282949e-12 1.900000000e+01 1.900000000e+01 2.633370928e-01 0.000000000e+00 0.000000000e+00 -6.177462833e-12 3.601918729e+02 
d 0.000000000e+00 0.000000000e+00 -2.619538259e-01 3.000000000e+00 3.000000000e+00 6.994433970e-12 1.950000000e+01 1.950000000e+01 2.620063426e-01 0.000000000e+00 0.000000000e+00 -6.685144995e-12 3.614087754e+02 
d 0.000000000e+00 0.000000000e+00 -2.607025810e-01 3.000000000e+00 3.000000000e+00 7.556891824e-12 2.000000000e+01 2.000000000e+01 2.607017405e-01 0.000000000e+00 0.000000000e+00 -7.221721942e-12 3.625787694e+02 
