v ATLAS
# This file was created by ATLAS version 5.26.1.R on Wed Apr 18 21:31:46 2018.
#SSF 2.0 generic
##############################################################################
#                    Copyright (c) 1984 - 2018                               #
#                    Silvaco Inc. All rights reserved                        #
#                                                                            #
# This file format and the following Key are copyright Silvaco Inc.          #
# You may not use, this format or key without reproducing this message in    #
# full and obtaining express written permission from Silvaco Inc.            #
#                                                                            #
# To obtain such permission please contact: Silvaco Inc.                     #
#                                           support@silvaco.com              #
#                                                                            #
# KEY=SVC86hn7562asdx                       PROD=345                         #
##############################################################################
y 3 700 711 15
z 16 1e+41 300
f 3 "source" "gate" "drain" 
p 9 2 601 20 3 602 21 4 603 22 
d 0.000000000e+00 0.000000000e+00 -5.981096529e-20 0.000000000e+00 0.000000000e+00 0.000000000e+00 1.000000000e-01 1.000000000e-01 6.836320184e-22 
d 0.000000000e+00 0.000000000e+00 -4.270056761e-16 5.000000000e-01 5.000000000e-01 0.000000000e+00 1.000000000e-01 1.000000000e-01 -5.647483387e-15 
d 0.000000000e+00 0.000000000e+00 -4.702476777e-20 1.000000000e+00 1.000000000e+00 0.000000000e+00 1.000000000e-01 1.000000000e-01 4.719852424e-19 
d 0.000000000e+00 0.000000000e+00 1.024825239e-16 1.500000000e+00 1.500000000e+00 0.000000000e+00 1.000000000e-01 1.000000000e-01 2.468983533e-15 
d 0.000000000e+00 0.000000000e+00 2.251519265e-19 2.000000000e+00 2.000000000e+00 0.000000000e+00 1.000000000e-01 1.000000000e-01 9.779517816e-18 
d 0.000000000e+00 0.000000000e+00 1.846439949e-18 2.500000000e+00 2.500000000e+00 0.000000000e+00 1.000000000e-01 1.000000000e-01 3.899407751e-17 
d 0.000000000e+00 0.000000000e+00 2.114747286e-19 3.000000000e+00 3.000000000e+00 0.000000000e+00 1.000000000e-01 1.000000000e-01 -3.520181916e-18 
d 0.000000000e+00 0.000000000e+00 2.970006854e-16 3.500000000e+00 3.500000000e+00 0.000000000e+00 1.000000000e-01 1.000000000e-01 1.100370251e-15 
d 0.000000000e+00 0.000000000e+00 -9.059233778e-17 4.000000000e+00 4.000000000e+00 0.000000000e+00 1.000000000e-01 1.000000000e-01 4.321043871e-16 
d 0.000000000e+00 0.000000000e+00 9.595527373e-18 4.500000000e+00 4.500000000e+00 0.000000000e+00 1.000000000e-01 1.000000000e-01 -5.446753461e-16 
d 0.000000000e+00 0.000000000e+00 -1.773970397e-18 5.000000000e+00 5.000000000e+00 0.000000000e+00 1.000000000e-01 1.000000000e-01 1.510528241e-17 
d 0.000000000e+00 0.000000000e+00 3.688997095e-17 5.500000000e+00 5.500000000e+00 0.000000000e+00 1.000000000e-01 1.000000000e-01 2.671781869e-15 
d 0.000000000e+00 0.000000000e+00 -1.176098056e-16 6.000000000e+00 6.000000000e+00 0.000000000e+00 1.000000000e-01 1.000000000e-01 4.181844320e-15 
d 0.000000000e+00 0.000000000e+00 6.895249189e-15 6.500000000e+00 6.500000000e+00 0.000000000e+00 1.000000000e-01 1.000000000e-01 -5.588508787e-14 
d 0.000000000e+00 0.000000000e+00 -6.036959747e-17 7.000000000e+00 7.000000000e+00 0.000000000e+00 1.000000000e-01 1.000000000e-01 -2.896697560e-15 
d 0.000000000e+00 0.000000000e+00 1.153438587e-15 7.500000000e+00 7.500000000e+00 0.000000000e+00 1.000000000e-01 1.000000000e-01 -4.710359528e-13 
d 0.000000000e+00 0.000000000e+00 1.694644472e-17 8.000000000e+00 8.000000000e+00 0.000000000e+00 1.000000000e-01 1.000000000e-01 1.652177898e-15 
d 0.000000000e+00 0.000000000e+00 -2.263294712e-16 8.500000000e+00 8.500000000e+00 0.000000000e+00 1.000000000e-01 1.000000000e-01 -6.048858263e-14 
d 0.000000000e+00 0.000000000e+00 -2.531425741e-16 9.000000000e+00 9.000000000e+00 0.000000000e+00 1.000000000e-01 1.000000000e-01 -8.125188986e-14 
d 0.000000000e+00 0.000000000e+00 -1.965700899e-16 9.500000000e+00 9.500000000e+00 0.000000000e+00 1.000000000e-01 1.000000000e-01 -1.061131168e-14 
d 0.000000000e+00 0.000000000e+00 -5.986104407e-16 1.000000000e+01 1.000000000e+01 0.000000000e+00 1.000000000e-01 1.000000000e-01 -2.098601069e-14 
d 0.000000000e+00 0.000000000e+00 -6.229685161e-16 1.050000000e+01 1.050000000e+01 0.000000000e+00 1.000000000e-01 1.000000000e-01 -3.274426582e-15 
d 0.000000000e+00 0.000000000e+00 -6.484619927e-16 1.100000000e+01 1.100000000e+01 0.000000000e+00 1.000000000e-01 1.000000000e-01 4.663837366e-15 
d 0.000000000e+00 0.000000000e+00 -6.679229795e-16 1.150000000e+01 1.150000000e+01 0.000000000e+00 1.000000000e-01 1.000000000e-01 1.028716159e-14 
d 0.000000000e+00 0.000000000e+00 -6.507666461e-16 1.200000000e+01 1.200000000e+01 0.000000000e+00 1.000000000e-01 1.000000000e-01 1.089084112e-14 
d 0.000000000e+00 0.000000000e+00 -4.332182755e-16 1.250000000e+01 1.250000000e+01 0.000000000e+00 1.000000000e-01 1.000000000e-01 5.136052331e-15 
d 0.000000000e+00 0.000000000e+00 -2.825111025e-16 1.300000000e+01 1.300000000e+01 0.000000000e+00 1.000000000e-01 1.000000000e-01 2.538183599e-15 
d 0.000000000e+00 0.000000000e+00 -1.106744681e-16 1.350000000e+01 1.350000000e+01 0.000000000e+00 1.000000000e-01 1.000000000e-01 -9.892901958e-16 
d 0.000000000e+00 0.000000000e+00 -2.545720782e-16 1.400000000e+01 1.400000000e+01 0.000000000e+00 1.000000000e-01 1.000000000e-01 -5.751271018e-15 
d 0.000000000e+00 0.000000000e+00 -1.236084965e-16 1.450000000e+01 1.450000000e+01 0.000000000e+00 1.000000000e-01 1.000000000e-01 -8.917235556e-15 
d 0.000000000e+00 0.000000000e+00 -4.354031474e-16 1.500000000e+01 1.500000000e+01 0.000000000e+00 1.000000000e-01 1.000000000e-01 -6.800199813e-15 
d 0.000000000e+00 0.000000000e+00 -9.509008564e-14 1.550000000e+01 1.550000000e+01 0.000000000e+00 1.000000000e-01 1.000000000e-01 8.982388243e-14 
d 0.000000000e+00 0.000000000e+00 -2.578808971e-11 1.600000000e+01 1.600000000e+01 0.000000000e+00 1.000000000e-01 1.000000000e-01 2.578697584e-11 
d 0.000000000e+00 0.000000000e+00 -6.876771810e-09 1.650000000e+01 1.650000000e+01 0.000000000e+00 1.000000000e-01 1.000000000e-01 6.876771697e-09 
d 0.000000000e+00 0.000000000e+00 -1.328655345e-06 1.700000000e+01 1.700000000e+01 0.000000000e+00 1.000000000e-01 1.000000000e-01 1.328655946e-06 
d 0.000000000e+00 0.000000000e+00 -1.682557640e-05 1.750000000e+01 1.750000000e+01 0.000000000e+00 1.000000000e-01 1.000000000e-01 1.682557641e-05 
d 0.000000000e+00 0.000000000e+00 -3.155138490e-05 1.800000000e+01 1.800000000e+01 0.000000000e+00 1.000000000e-01 1.000000000e-01 3.155138490e-05 
d 0.000000000e+00 0.000000000e+00 -4.051629911e-05 1.850000000e+01 1.850000000e+01 0.000000000e+00 1.000000000e-01 1.000000000e-01 4.051629911e-05 
d 0.000000000e+00 0.000000000e+00 -4.641491603e-05 1.900000000e+01 1.900000000e+01 0.000000000e+00 1.000000000e-01 1.000000000e-01 4.641491604e-05 
d 0.000000000e+00 0.000000000e+00 -5.059592769e-05 1.950000000e+01 1.950000000e+01 0.000000000e+00 1.000000000e-01 1.000000000e-01 5.059592769e-05 
d 0.000000000e+00 0.000000000e+00 -5.372659469e-05 2.000000000e+01 2.000000000e+01 0.000000000e+00 1.000000000e-01 1.000000000e-01 5.372659469e-05 
d 0.000000000e+00 0.000000000e+00 -5.616835899e-05 2.050000000e+01 2.050000000e+01 0.000000000e+00 1.000000000e-01 1.000000000e-01 5.616835899e-05 
d 0.000000000e+00 0.000000000e+00 -5.813317449e-05 2.100000000e+01 2.100000000e+01 0.000000000e+00 1.000000000e-01 1.000000000e-01 5.813317449e-05 
d 0.000000000e+00 0.000000000e+00 -5.975347401e-05 2.150000000e+01 2.150000000e+01 0.000000000e+00 1.000000000e-01 1.000000000e-01 5.975347401e-05 
d 0.000000000e+00 0.000000000e+00 -6.111631471e-05 2.200000000e+01 2.200000000e+01 0.000000000e+00 1.000000000e-01 1.000000000e-01 6.111631443e-05 
d 0.000000000e+00 0.000000000e+00 -6.228133572e-05 2.250000000e+01 2.250000000e+01 0.000000000e+00 1.000000000e-01 1.000000000e-01 6.228133604e-05 
d 0.000000000e+00 0.000000000e+00 -6.329080933e-05 2.300000000e+01 2.300000000e+01 0.000000000e+00 1.000000000e-01 1.000000000e-01 6.329080925e-05 
d 0.000000000e+00 0.000000000e+00 -6.417556701e-05 2.350000000e+01 2.350000000e+01 0.000000000e+00 1.000000000e-01 1.000000000e-01 6.417556713e-05 
d 0.000000000e+00 0.000000000e+00 -6.495864887e-05 2.400000000e+01 2.400000000e+01 0.000000000e+00 1.000000000e-01 1.000000000e-01 6.495864890e-05 
d 0.000000000e+00 0.000000000e+00 -6.565763648e-05 2.450000000e+01 2.450000000e+01 0.000000000e+00 1.000000000e-01 1.000000000e-01 6.565763646e-05 
d 0.000000000e+00 0.000000000e+00 -6.628619191e-05 2.500000000e+01 2.500000000e+01 0.000000000e+00 1.000000000e-01 1.000000000e-01 6.628619192e-05 
d 0.000000000e+00 0.000000000e+00 -6.685510209e-05 2.550000000e+01 2.550000000e+01 0.000000000e+00 1.000000000e-01 1.000000000e-01 6.685510216e-05 
d 0.000000000e+00 0.000000000e+00 -6.737300480e-05 2.600000000e+01 2.600000000e+01 0.000000000e+00 1.000000000e-01 1.000000000e-01 6.737300482e-05 
d 0.000000000e+00 0.000000000e+00 -6.784690416e-05 2.650000000e+01 2.650000000e+01 0.000000000e+00 1.000000000e-01 1.000000000e-01 6.784690417e-05 
d 0.000000000e+00 0.000000000e+00 -6.828254380e-05 2.700000000e+01 2.700000000e+01 0.000000000e+00 1.000000000e-01 1.000000000e-01 6.828254386e-05 
d 0.000000000e+00 0.000000000e+00 -6.868468166e-05 2.750000000e+01 2.750000000e+01 0.000000000e+00 1.000000000e-01 1.000000000e-01 6.868468168e-05 
d 0.000000000e+00 0.000000000e+00 -6.905729546e-05 2.800000000e+01 2.800000000e+01 0.000000000e+00 1.000000000e-01 1.000000000e-01 6.905729546e-05 
d 0.000000000e+00 0.000000000e+00 -6.940373849e-05 2.850000000e+01 2.850000000e+01 0.000000000e+00 1.000000000e-01 1.000000000e-01 6.940373849e-05 
d 0.000000000e+00 0.000000000e+00 -6.972685925e-05 2.900000000e+01 2.900000000e+01 0.000000000e+00 1.000000000e-01 1.000000000e-01 6.972685930e-05 
d 0.000000000e+00 0.000000000e+00 -7.002909445e-05 2.950000000e+01 2.950000000e+01 0.000000000e+00 1.000000000e-01 1.000000000e-01 7.002909447e-05 
d 0.000000000e+00 0.000000000e+00 -7.031254194e-05 3.000000000e+01 3.000000000e+01 0.000000000e+00 1.000000000e-01 1.000000000e-01 7.031254198e-05 
