v ATLAS
# This file was created by ATLAS version 5.26.1.R on Wed Apr 18 18:36:49 2018.
#SSF 2.0 generic
##############################################################################
#                    Copyright (c) 1984 - 2018                               #
#                    Silvaco Inc. All rights reserved                        #
#                                                                            #
# This file format and the following Key are copyright Silvaco Inc.          #
# You may not use, this format or key without reproducing this message in    #
# full and obtaining express written permission from Silvaco Inc.            #
#                                                                            #
# To obtain such permission please contact: Silvaco Inc.                     #
#                                           support@silvaco.com              #
#                                                                            #
# KEY=SVC86hn7562asdx                       PROD=345                         #
##############################################################################
y 1 15
z 300
f 3 "emitter" "base" "collector" 
p 9 2 601 20 3 602 21 4 603 22 
d 0.000000000e+00 0.000000000e+00 -4.490113831e-14 2.000000000e-01 2.000000000e-01 -1.537296391e-14 1.000000000e+00 1.000000000e+00 6.072929632e-14 
d 0.000000000e+00 0.000000000e+00 -9.234490105e-14 2.200000000e-01 2.200000000e-01 -6.832882896e-15 1.000000000e+00 1.000000000e+00 1.077512172e-13 
d 0.000000000e+00 0.000000000e+00 -1.911544957e-13 2.400000000e-01 2.400000000e-01 7.866657442e-15 1.000000000e+00 1.000000000e+00 1.862913346e-13 
d 0.000000000e+00 0.000000000e+00 -3.979203619e-13 2.600000000e-01 2.600000000e-01 3.275479770e-14 1.000000000e+00 1.000000000e+00 3.584776625e-13 
d 0.000000000e+00 0.000000000e+00 -8.327448920e-13 2.800000000e-01 2.800000000e-01 7.485497569e-14 1.000000000e+00 1.000000000e+00 7.570259641e-13 
d 0.000000000e+00 0.000000000e+00 -1.751098278e-12 3.000000000e-01 3.000000000e-01 1.447909126e-13 1.000000000e+00 1.000000000e+00 1.602916290e-12 
d 0.000000000e+00 0.000000000e+00 -3.698660765e-12 3.200000000e-01 3.200000000e-01 2.598625300e-13 1.000000000e+00 1.000000000e+00 3.435383022e-12 
d 0.000000000e+00 0.000000000e+00 -7.844625688e-12 3.400000000e-01 3.400000000e-01 4.485607301e-13 1.000000000e+00 1.000000000e+00 7.398717656e-12 
d 0.000000000e+00 0.000000000e+00 -1.670112646e-11 3.600000000e-01 3.600000000e-01 7.596152957e-13 1.000000000e+00 1.000000000e+00 1.593737597e-11 
d 0.000000000e+00 0.000000000e+00 -3.567587484e-11 3.800000000e-01 3.800000000e-01 1.281840014e-12 1.000000000e+00 1.000000000e+00 3.439021829e-11 
d 0.000000000e+00 0.000000000e+00 -7.642370393e-11 4.000000000e-01 4.000000000e-01 2.187888441e-12 1.000000000e+00 1.000000000e+00 7.423508733e-11 
d 0.000000000e+00 0.000000000e+00 -5.177220707e-10 4.500000000e-01 4.500000000e-01 9.397580548e-12 1.000000000e+00 1.000000000e+00 5.083148184e-10 
d 0.000000000e+00 0.000000000e+00 -3.530006203e-09 5.000000000e-01 5.000000000e-01 4.996700244e-11 1.000000000e+00 1.000000000e+00 3.480046557e-09 
d 0.000000000e+00 0.000000000e+00 -2.412116028e-08 5.500000000e-01 5.500000000e-01 3.087756537e-10 1.000000000e+00 1.000000000e+00 2.381238294e-08 
d 0.000000000e+00 0.000000000e+00 -1.648663532e-07 6.000000000e-01 6.000000000e-01 2.047279864e-09 1.000000000e+00 1.000000000e+00 1.628190673e-07 
d 0.000000000e+00 0.000000000e+00 -1.125702889e-06 6.500000000e-01 6.500000000e-01 1.393962115e-08 1.000000000e+00 1.000000000e+00 1.111763277e-06 
d 0.000000000e+00 0.000000000e+00 -7.646445563e-06 7.000000000e-01 7.000000000e-01 9.545488050e-08 1.000000000e+00 1.000000000e+00 7.550990678e-06 
d 0.000000000e+00 0.000000000e+00 -5.036017783e-05 7.500000000e-01 7.500000000e-01 6.390345172e-07 1.000000000e+00 1.000000000e+00 4.972114332e-05 
d 0.000000000e+00 0.000000000e+00 -2.824436531e-04 8.000000000e-01 8.000000000e-01 3.724277358e-06 1.000000000e+00 1.000000000e+00 2.787193758e-04 
d 0.000000000e+00 0.000000000e+00 -1.016470812e-03 8.500000000e-01 8.500000000e-01 1.456020983e-05 1.000000000e+00 1.000000000e+00 1.001910602e-03 
d 0.000000000e+00 0.000000000e+00 -2.235713954e-03 9.000000000e-01 9.000000000e-01 3.573279064e-05 1.000000000e+00 1.000000000e+00 2.199981163e-03 
d 0.000000000e+00 0.000000000e+00 -3.646416788e-03 9.500000000e-01 9.500000000e-01 6.495780469e-05 1.000000000e+00 1.000000000e+00 3.581458983e-03 
d 0.000000000e+00 0.000000000e+00 -3.933054410e-03 9.600000000e-01 9.600000000e-01 7.152141317e-05 1.000000000e+00 1.000000000e+00 3.861532997e-03 
d 0.000000000e+00 0.000000000e+00 -4.218893589e-03 9.700000000e-01 9.700000000e-01 7.828230036e-05 1.000000000e+00 1.000000000e+00 4.140611289e-03 
d 0.000000000e+00 0.000000000e+00 -4.503260142e-03 9.800000000e-01 9.800000000e-01 8.522563626e-05 1.000000000e+00 1.000000000e+00 4.418034506e-03 
d 0.000000000e+00 0.000000000e+00 -4.785569790e-03 9.900000000e-01 9.900000000e-01 9.233802705e-05 1.000000000e+00 1.000000000e+00 4.693231763e-03 
d 0.000000000e+00 0.000000000e+00 -5.065304699e-03 1.000000000e+00 1.000000000e+00 9.960746605e-05 1.000000000e+00 1.000000000e+00 4.965697233e-03 
d 0.000000000e+00 0.000000000e+00 -5.341979279e-03 1.010000000e+00 1.010000000e+00 1.070232827e-04 1.000000000e+00 1.000000000e+00 5.234955997e-03 
d 0.000000000e+00 0.000000000e+00 -5.615089356e-03 1.020000000e+00 1.020000000e+00 1.145761280e-04 1.000000000e+00 1.000000000e+00 5.500513228e-03 
d 0.000000000e+00 0.000000000e+00 -5.883988904e-03 1.030000000e+00 1.030000000e+00 1.222581083e-04 1.000000000e+00 1.000000000e+00 5.761730796e-03 
d 0.000000000e+00 0.000000000e+00 -6.147551413e-03 1.040000000e+00 1.040000000e+00 1.300633122e-04 1.000000000e+00 1.000000000e+00 6.017488101e-03 
d 0.000000000e+00 0.000000000e+00 -6.403382092e-03 1.050000000e+00 1.050000000e+00 1.379890805e-04 1.000000000e+00 1.000000000e+00 6.265393012e-03 
d 0.000000000e+00 0.000000000e+00 -6.647039315e-03 1.060000000e+00 1.060000000e+00 1.460370684e-04 1.000000000e+00 1.000000000e+00 6.501002247e-03 
d 0.000000000e+00 0.000000000e+00 -6.873744985e-03 1.070000000e+00 1.070000000e+00 1.542099805e-04 1.000000000e+00 1.000000000e+00 6.719535004e-03 
d 0.000000000e+00 0.000000000e+00 -7.081889823e-03 1.080000000e+00 1.080000000e+00 1.625059074e-04 1.000000000e+00 1.000000000e+00 6.919383916e-03 
d 0.000000000e+00 0.000000000e+00 -7.273201901e-03 1.090000000e+00 1.090000000e+00 1.709185210e-04 1.000000000e+00 1.000000000e+00 7.102283380e-03 
d 0.000000000e+00 0.000000000e+00 -7.450410490e-03 1.100000000e+00 1.100000000e+00 1.794405986e-04 1.000000000e+00 1.000000000e+00 7.270969891e-03 
d 0.000000000e+00 0.000000000e+00 -7.615561167e-03 1.110000000e+00 1.110000000e+00 1.880657801e-04 1.000000000e+00 1.000000000e+00 7.427495387e-03 
d 0.000000000e+00 0.000000000e+00 -7.769837585e-03 1.120000000e+00 1.120000000e+00 1.967882055e-04 1.000000000e+00 1.000000000e+00 7.573049379e-03 
d 0.000000000e+00 0.000000000e+00 -7.914008510e-03 1.130000000e+00 1.130000000e+00 2.056020597e-04 1.000000000e+00 1.000000000e+00 7.708406450e-03 
d 0.000000000e+00 0.000000000e+00 -8.048753304e-03 1.140000000e+00 1.140000000e+00 2.145018411e-04 1.000000000e+00 1.000000000e+00 7.834251463e-03 
d 0.000000000e+00 0.000000000e+00 -8.174797540e-03 1.150000000e+00 1.150000000e+00 2.234828645e-04 1.000000000e+00 1.000000000e+00 7.951314676e-03 
d 0.000000000e+00 0.000000000e+00 -8.292984896e-03 1.160000000e+00 1.160000000e+00 2.325415382e-04 1.000000000e+00 1.000000000e+00 8.060443357e-03 
d 0.000000000e+00 0.000000000e+00 -8.404288229e-03 1.170000000e+00 1.170000000e+00 2.416754125e-04 1.000000000e+00 1.000000000e+00 8.162612817e-03 
d 0.000000000e+00 0.000000000e+00 -8.509726567e-03 1.180000000e+00 1.180000000e+00 2.508831682e-04 1.000000000e+00 1.000000000e+00 8.258843399e-03 
d 0.000000000e+00 0.000000000e+00 -8.610250719e-03 1.190000000e+00 1.190000000e+00 2.601646083e-04 1.000000000e+00 1.000000000e+00 8.350086110e-03 
d 0.000000000e+00 0.000000000e+00 -8.706669251e-03 1.200000000e+00 1.200000000e+00 2.695206254e-04 1.000000000e+00 1.000000000e+00 8.437148626e-03 
