v VICTORYDEVICE
# silvaco.file ASCII version=1.14.23 format=1 contents=SDB,Tables=1

Copyright "###################################################################"
Copyright "#                    Copyright Silvaco Inc. (c)                   #"
Copyright "#                            1992-2014                            #"
Copyright "#                                                                 #"
Copyright "# This file format and the following Key are copyright Silvaco    #"
Copyright "# International. You may not use, this format or key without      #"
Copyright "# reproducing this message in full and obtaining                  #"
Copyright "# express written permission from Silvaco Inc.                    #"
Copyright "#                                                                 #"
Copyright "# To obtain such permission please contact: Silvaco Inc.          #"
Copyright "#                                           support@silvaco.com   #"
Copyright "#                                                                 #"
Copyright "# KEY=SVC86hn7562asdx                       PROD=345              #"
Copyright "###################################################################"
#This file was created by VICTORYDEVICE version 1.12.1.R
#victoryd 1.12.1.R (Thu Apr 12 10:17:20 PDT 2018)
#libSDB 1.12.42 (Thu Oct 26 19:20:24 PDT 2017)
a VICTORYDEVICE
j 1 9
k 4
r 1 92
x 3 43 42 46
w source 1 1
r 2 92
x 3 43 42 46
w drain 1 2
r 3 92
x 3 43 42 46
w gate 1 3
r 4 92
x 3 43 42 46
w substrate 1 4
y 1 15
z 300
p 13 2 601 20 3 602 21 4 603 22 5 604 23 82
d 0 0 8.8619685779594365e-18 0 0 6.6208743220885391e-18 -1 -1 -1.0875445631647197e-17 0 0 7.6291514506838647e-44 300.00000000000006
d 0 0 -1.9734559796618204e-05 0.0625 0.0625 1.9734559796491203e-05 -1 -1 -1.1066605856379985e-17 0 0 -3.5901343593421277e-31 300.03358612165937
d 0 0 -3.9373818053074659e-05 0.125 0.125 3.9373818053023383e-05 -1 -1 -1.1264325104305409e-17 0 0 -4.5804426051681014e-31 300.06896558082286
d 0 0 -7.8354617565448828e-05 0.25 0.25 7.8354617565444369e-05 -1 -1 -1.1680794429936734e-17 0 0 -5.3295193699513104e-31 300.14551041246426
d 0 0 -0.00015504366977404932 0.5 0.5 0.0001550436697739937 -1 -1 -1.2607925880772908e-17 0 0 -6.0639233932753486e-31 300.32309033548967
d 0 0 -0.00030269573804754725 1 1 0.00030269573802280391 -1 -1 -1.4930650803000544e-17 0 0 -7.1071513366257646e-31 300.76680250949784
d 0 0 -0.00044155935585520566 1.5 1.5 0.00044155935585534297 -1 -1 -1.8093758433499936e-17 0 0 -8.0489016514613662e-31 301.31331210470756
d 0 0 -0.00057035043621829408 2 2 0.00057035043621852047 -1 -1 -2.2442298231572951e-17 0 0 -8.95079162620002e-31 302.10367753744987
d 0 0 -0.00068791265576912276 2.5 2.5 0.00068791265576909543 -1 -1 -2.8458720464917665e-17 0 0 -9.8335882249430369e-31 303.25600631103663
d 0 0 -0.00079323047575755468 3 3 0.00079323047575768912 -1 -1 -3.6815985984719533e-17 0 0 -1.0697742009383022e-30 304.64407585217049
d 0 0 -0.00088544387991209455 3.5 3.5 0.00088544387991921374 -1 -1 -4.8439156295688847e-17 0 0 -1.1548111143850996e-30 306.25708376239419
d 0 0 -0.00096386428888663384 4 4 0.00096386428890254906 -1 -1 -6.4564861773457659e-17 0 0 -1.2388160027033926e-30 308.08115361860621
d 0 0 -0.0010280049866210714 4.5 4.5 0.0010280049865969551 -1 -1 -8.6772328502260331e-17 0 0 -1.3209096547620634e-30 310.12575887163592
d 0 0 -0.0010776863914767872 5 5 0.001077686391265278 -1 -1 -1.1694461046277257e-16 0 0 -1.4009941096964519e-30 312.37284424444624
d 0 0 -0.0011133099426321146 5.5 5.5 0.001113309942632334 -1 -1 -1.5714625891276395e-16 0 0 -1.4788704198031266e-30 314.8942312260022
d 0 0 -0.0011362932299353711 6 6 0.0011362932299352551 -1 -1 -2.0956235720765771e-16 0 0 -1.5543355098454652e-30 317.65810061885384
d 0 0 -0.001149274608349949 6.5 6.5 0.0011492746083506826 -1 -1 -2.768570214877344e-16 0 0 -1.6275271457678508e-30 320.60803259777373
d 0 0 -0.0011554767082520279 7 7 0.0011554767082522723 -1 -1 -3.6297373910571851e-16 0 0 -1.6989576217295005e-30 323.68109336768418
d 0 0 -0.0011576201900915114 7.5 7.5 0.0011576201900916751 -1 -1 -4.7370866079608569e-16 0 0 -1.7692618267688238e-30 326.81382103206607
d 0 0 -0.0011574669058080128 8 8 0.0011574669058085508 -1 -1 -6.168337039743572e-16 0 0 -1.8388892552624636e-30 329.9600051458944
d 0 0 -0.0011560175688663822 8.5 8.5 0.0011560175688677102 -1 -1 -8.0215015789086007e-16 0 0 -1.9080901879428041e-30 333.08788503241857
d 0 0 -0.0011538266327492293 9 9 0.0011538266327502187 -1 -1 -1.0415508387551583e-15 0 0 -1.9770492122900943e-30 336.17601769151401
d 0 0 -0.0011512114382919571 9.5 9.5 0.0011512114382940684 -1 -1 -1.3491681400553941e-15 0 0 -2.045953148691342e-30 339.20594233653674
d 0 0 -0.0011483604580964988 10 10 0.0011483604580981362 -1 -1 -1.7420357916807393e-15 0 0 -2.114912378640817e-30 342.47380230859028
d 0 0 -0.0011453867412413961 10.5 10.5 0.0011453867412438996 -1 -1 -2.2411843416185267e-15 0 0 -2.1839977911027525e-30 345.73640865705113
d 0 0 -0.0011423578117657701 11 11 0.001142357811768076 -1 -1 -2.8728375446339536e-15 0 0 -2.2533326127436418e-30 348.95098176166817
d 0 0 -0.0011393137378352628 11.5 11.5 0.0011393137378393357 -1 -1 -3.6697419902853941e-15 0 0 -2.3229715588187658e-30 352.11763734446924
d 0 0 -0.0011362781015462199 12 12 0.0011362781015512987 -1 -1 -4.6725384506422522e-15 0 0 -2.3930234620180275e-30 355.25349678315649
d 0 0 -0.0011332648918349589 12.5 12.5 0.0011332648918407414 -1 -1 -5.9309505955783744e-15 0 0 -2.4636431480018685e-30 358.35828785176699
d 0 0 -0.0011302827029017869 13 13 0.0011302827029097031 -1 -1 -7.5048568679002787e-15 0 0 -2.5349489772787029e-30 361.42306494056697
d 0 0 -0.0011273369457714894 13.5 13.5 0.0011273369457809597 -1 -1 -9.4655281555976277e-15 0 0 -2.6070611741991557e-30 364.45032232487836
d 0 0 -0.0011244308860488229 14 14 0.0011244308860608346 -1 -1 -1.1897186841718691e-14 0 0 -2.6800650123684314e-30 367.44153395188403
d 0 0 -0.001121566199912369 14.5 14.5 0.0011215661999270899 -1 -1 -1.4898848666051179e-14 0 0 -2.7540016331945229e-30 370.39748383568053
d 0 0 -0.0011187433893037439 15 15 0.0011187433893220858 -1 -1 -1.8586340782317486e-14 0 0 -2.8287685884790349e-30 373.31854783113431
Q 2 13 "Voltage #01"
Q 3 13 "Voltage #02"
Q 4 13 "Voltage #03"
Q 5 13 "Voltage #04"
Q 20 13 "Current #01"
Q 21 13 "Current #02"
Q 22 13 "Current #03"
Q 23 13 "Current #04"
Q 82 13 "Global device temperature"
Q 92 21 Contact
Q 601 13 "Int. Voltage #01"
Q 602 13 "Int. Voltage #02"
Q 603 13 "Int. Voltage #03"
Q 604 13 "Int. Voltage #04"
EOF 20184364
