v VICTORYDEVICE
# silvaco.file ASCII version=1.14.23 format=1 contents=SDB,Tables=1

Copyright "###################################################################"
Copyright "#                    Copyright Silvaco Inc. (c)                   #"
Copyright "#                            1992-2014                            #"
Copyright "#                                                                 #"
Copyright "# This file format and the following Key are copyright Silvaco    #"
Copyright "# International. You may not use, this format or key without      #"
Copyright "# reproducing this message in full and obtaining                  #"
Copyright "# express written permission from Silvaco Inc.                    #"
Copyright "#                                                                 #"
Copyright "# To obtain such permission please contact: Silvaco Inc.          #"
Copyright "#                                           support@silvaco.com   #"
Copyright "#                                                                 #"
Copyright "# KEY=SVC86hn7562asdx                       PROD=345              #"
Copyright "###################################################################"
#This file was created by VICTORYDEVICE version 1.12.1.R
#victoryd 1.12.1.R (Thu Apr 12 10:17:20 PDT 2018)
#libSDB 1.12.42 (Thu Oct 26 19:20:24 PDT 2017)
a VICTORYDEVICE
j 1 9
k 4
r 1 92
x 3 43 42 46
w source 1 1
r 2 92
x 3 43 42 46
w drain 1 2
r 3 92
x 3 43 42 46
w gate 1 3
r 4 92
x 3 43 42 46
w substrate 1 4
y 1 15
z 300
p 13 2 601 20 3 602 21 4 603 22 5 604 23 82
d 0 0 -0.00032533806362588049 1 1 0.00032533806362576193 0 0 -8.4595203329142439e-18 0 0 -7.1214490075100111e-31 300.841650918109
d 0 0 -0.0003212447135252134 1 1 0.00032124471352174623 -0.20000000000000001 -0.20000000000000001 -9.7557939549339249e-18 0 0 -7.1195191169692097e-31 300.82793361903987
d 0 0 -0.00031695042071544434 1 1 0.00031695042071537734 -0.40000000000000002 -0.40000000000000002 -1.1051264197794307e-17 0 0 -7.1174304580023055e-31 300.81363106860692
d 0 0 -0.0003124394354436524 1 1 0.00031243943544352355 -0.60000000000000009 -0.60000000000000009 -1.2345731113278381e-17 0 0 -7.1151629147752647e-31 300.79870409124106
d 0 0 -0.0003076943236142147 1 1 0.00030769432361409712 -0.80000000000000004 -0.80000000000000004 -1.3638955078059555e-17 0 0 -7.1126928859752067e-31 300.78311005530145
d 0 0 -0.00030269573802937461 1 1 0.00030269573802913907 -1 -1 -1.4930650840446199e-17 0 0 -7.1099925055071182e-31 300.766802511582
d 0 0 -0.00029742215224706829 1 1 0.00029742215224698654 -1.2 -1.2 -1.6220477889209514e-17 0 0 -7.1070286470512526e-31 300.74973078774445
d 0 0 -0.00029184954975989245 1 1 0.00029184954975961723 -1.3999999999999999 -1.3999999999999999 -1.7508028609354732e-17 0 0 -7.1037616388925718e-31 300.73183954017549
d 0 0 -0.00028595105995436959 1 1 0.00028595105995375913 -1.5999999999999999 -1.5999999999999999 -1.879281349343941e-17 0 0 -7.1001435867689546e-31 300.71306825881015
d 0 0 -0.00027969653049178544 1 1 0.0002796965304911289 -1.7999999999999998 -1.7999999999999998 -2.0074242570114952e-17 0 0 -7.0961161590826497e-31 300.69335072348559
d 0 0 -0.0002730520236520479 1 1 0.0002730520236509456 -1.9999999999999998 -1.9999999999999998 -2.1351601916788769e-17 0 0 -7.0916076240824906e-31 300.67261441253311
d 0 0 -0.00026597922177270085 1 1 0.00026597922177113169 -2.1999999999999997 -2.1999999999999997 -2.2624023723619765e-17 0 0 -7.0865288299380938e-31 300.6507798681223
d 0 0 -0.00025843472426999222 1 1 0.0002584347242675146 -2.3999999999999999 -2.3999999999999999 -2.3890447809660505e-17 0 0 -7.0807676651473319e-31 300.62776002953461
d 0 0 -0.00025036921608207488 1 1 0.00025036921607853697 -2.6000000000000001 -2.6000000000000001 -2.5149571675903121e-17 0 0 -7.0741812929190048e-31 300.60345955685278
d 0 0 -0.00024172648537773182 1 1 0.00024172648537210687 -2.8000000000000003 -2.8000000000000003 -2.6399784982282603e-17 0 0 -7.0665850566323578e-31 300.57777418597027
d 0 0 -0.00023244226838003136 1 1 0.00023244226837167145 -3.0000000000000004 -3.0000000000000004 -2.7639082540553246e-17 0 0 -7.057736291698851e-31 300.55059018754935
d 0 0 -0.00022244290408446115 1 1 0.00022244290408449994 -3.2000000000000006 -3.2000000000000006 -2.8864947822307469e-17 0 0 -7.0473101411999406e-31 300.52178406529168
d 0 0 -0.00021164379922026884 1 1 0.00021164379922018807 -3.4000000000000008 -3.4000000000000008 -3.0074190458792571e-17 0 0 -7.0348624687090486e-31 300.5008729772988
d 0 0 -0.00019994774398474701 1 1 0.00019994774398472394 -3.600000000000001 -3.600000000000001 -3.1262725589914811e-17 0 0 -7.0197712386737069e-31 300.4891264881112
d 0 0 -0.00018724322422384755 1 1 0.00018724322422382752 -3.8000000000000012 -3.8000000000000012 -3.2425253341543818e-17 0 0 -7.001140728604829e-31 300.47480637005918
d 0 0 -0.00017340310778242218 1 1 0.00017340310778239093 -4.0000000000000009 -4.0000000000000009 -3.3554792252587192e-17 0 0 -6.9776388835007269e-31 300.45736253446324
d 0 0 -0.00015828464399431105 1 1 0.00015828464399436599 -4.2000000000000011 -4.2000000000000011 -3.4641973195136215e-17 0 0 -6.9472090853995468e-31 300.43611397876566
d 0 0 -0.00014173311125271248 1 1 0.00014173311125289961 -4.4000000000000012 -4.4000000000000012 -3.5673932479286512e-17 0 0 -6.9065351964196578e-31 300.41022261776379
d 0 0 -0.00012359532469964307 1 1 0.00012359532469974913 -4.6000000000000014 -4.6000000000000014 -3.6632521478381166e-17 0 0 -6.8500040371537754e-31 300.37867328792191
d 0 0 -0.00010376236386481264 1 1 0.00010376236386496421 -4.8000000000000016 -4.8000000000000016 -3.7491514372891768e-17 0 0 -6.7676538264202053e-31 300.34027344925647
d 0 0 -8.2318807861286067e-05 1 1 8.231880786140045e-05 -5.0000000000000018 -5.0000000000000018 -3.8214667918093827e-17 0 0 -6.641579489048799e-31 300.29371527399621
d 0 0 -6.0069919565636931e-05 1 1 6.0069919565590547e-05 -5.200000000000002 -5.200000000000002 -3.877485270695875e-17 0 0 -6.4446984928251491e-31 300.23954252794442
d 0 0 -3.9175078003893136e-05 1 1 3.9175078003889213e-05 -5.4000000000000021 -5.4000000000000021 -3.9219470666479153e-17 0 0 -6.1571504048919449e-31 300.18161352603153
d 0 0 -2.1906080677208715e-05 1 1 2.190608067713934e-05 -5.6000000000000023 -5.6000000000000023 -3.9646409915509503e-17 0 0 -5.7865501080604561e-31 300.11707396352421
d 0 0 -9.4476322401210266e-06 1 1 9.4476322402283237e-06 -5.8000000000000025 -5.8000000000000025 -4.0106139251076372e-17 0 0 -5.3691772835994635e-31 300.05698121291738
d 0 0 -2.2625070082238284e-06 1 1 2.262507008166087e-06 -6.0000000000000027 -6.0000000000000027 -4.0580842846768593e-17 0 0 -4.9510485125464392e-31 300.01503201526992
d 0 0 -6.4082187312440247e-08 1 1 6.4082187194746302e-08 -6.2000000000000028 -6.2000000000000028 -4.0920635716841877e-17 0 0 -4.5438264447245106e-31 300.00046319997955
d 0 0 -5.6035724610439015e-11 1 1 5.6035574548716068e-11 -6.400000000000003 -6.400000000000003 -4.0992399229853261e-17 0 0 -4.3887324412794573e-31 300.00000044189431
d 0 0 -3.9288606299889103e-14 1 1 3.9280049450172943e-14 -6.6000000000000032 -6.6000000000000032 -4.1042223191051309e-17 0 0 -4.2835570750613486e-31 300.00000000033259
d 0 0 8.4139100661816591e-18 1 1 1.3406462600491978e-16 -6.8000000000000034 -6.8000000000000034 -4.1091900910281941e-17 0 0 -4.16145439911437e-31 300.00000000000119
d 0 0 1.7635803721337003e-17 1 1 3.3946877789228391e-17 -7.0000000000000036 -7.0000000000000036 -4.1141504143898694e-17 0 0 1.154974449605604e-30 300.00000000000108
d 0 0 1.5697558826334828e-17 1 1 1.3329723576283382e-17 -7.2000000000000037 -7.2000000000000037 -4.1191049830554064e-17 0 0 7.4872070776660454e-28 300.00000000000114
d 0 0 1.6212301339170092e-17 1 1 3.2470282759542466e-17 -7.4000000000000039 -7.4000000000000039 -4.1240546938078112e-17 0 0 2.0755837253683385e-25 300.00000000000114
d 0 0 1.8583957490012076e-17 1 1 1.217000313294309e-17 -7.5999999999999996 -7.5999999999999996 -4.1290001800043048e-17 0 0 2.6131752334827615e-23 300.00000000000114
Q 2 13 "Voltage #01"
Q 3 13 "Voltage #02"
Q 4 13 "Voltage #03"
Q 5 13 "Voltage #04"
Q 20 13 "Current #01"
Q 21 13 "Current #02"
Q 22 13 "Current #03"
Q 23 13 "Current #04"
Q 82 13 "Global device temperature"
Q 92 21 Contact
Q 601 13 "Int. Voltage #01"
Q 602 13 "Int. Voltage #02"
Q 603 13 "Int. Voltage #03"
Q 604 13 "Int. Voltage #04"
EOF 937483499
