v ATLAS
# This file was created by ATLAS version 5.26.1.R on Tue Apr 17 19:44:20 2018.
#SSF 2.0 generic
##############################################################################
#                    Copyright (c) 1984 - 2018                               #
#                    Silvaco Inc. All rights reserved                        #
#                                                                            #
# This file format and the following Key are copyright Silvaco Inc.          #
# You may not use, this format or key without reproducing this message in    #
# full and obtaining express written permission from Silvaco Inc.            #
#                                                                            #
# To obtain such permission please contact: Silvaco Inc.                     #
#                                           support@silvaco.com              #
#                                                                            #
# KEY=SVC86hn7562asdx                       PROD=345                         #
##############################################################################
y 3 700 711 15
z 0.6 0.005 300
f 3 "source" "gate" "drain" 
p 9 2 601 20 3 602 21 4 603 22 
d 0.000000000e+00 0.000000000e+00 -4.150405323e-05 0.000000000e+00 0.000000000e+00 -1.359412011e-16 5.000000000e-01 5.000000000e-01 4.150405323e-05 
d 0.000000000e+00 0.000000000e+00 -3.068841830e-05 -1.000000000e-01 -1.000000000e-01 -1.653319234e-16 5.000000000e-01 5.000000000e-01 3.068841830e-05 
d 0.000000000e+00 0.000000000e+00 -2.085823775e-05 -2.000000000e-01 -2.000000000e-01 -1.666898913e-16 5.000000000e-01 5.000000000e-01 2.085823775e-05 
d 0.000000000e+00 0.000000000e+00 -1.222226047e-05 -3.000000000e-01 -3.000000000e-01 -1.673585364e-16 5.000000000e-01 5.000000000e-01 1.222226047e-05 
d 0.000000000e+00 0.000000000e+00 -5.346837115e-06 -4.000000000e-01 -4.000000000e-01 -1.679967993e-16 5.000000000e-01 5.000000000e-01 5.346837115e-06 
d 0.000000000e+00 0.000000000e+00 -1.336944949e-06 -5.000000000e-01 -5.000000000e-01 -1.686574397e-16 5.000000000e-01 5.000000000e-01 1.336944949e-06 
d 0.000000000e+00 0.000000000e+00 -1.866655000e-07 -6.000000000e-01 -6.000000000e-01 -1.693711909e-16 5.000000000e-01 5.000000000e-01 1.866655002e-07 
d 0.000000000e+00 0.000000000e+00 -2.334857126e-08 -7.000000000e-01 -7.000000000e-01 -1.701392051e-16 5.000000000e-01 5.000000000e-01 2.334857132e-08 
d 0.000000000e+00 0.000000000e+00 -3.645219811e-09 -8.000000000e-01 -8.000000000e-01 -1.709237718e-16 5.000000000e-01 5.000000000e-01 3.645219886e-09 
d 0.000000000e+00 0.000000000e+00 -8.689664369e-10 -9.000000000e-01 -9.000000000e-01 -1.717173430e-16 5.000000000e-01 5.000000000e-01 8.689665583e-10 
d 0.000000000e+00 0.000000000e+00 -3.318299211e-10 -1.000000000e+00 -1.000000000e+00 -1.725465414e-16 5.000000000e-01 5.000000000e-01 3.318300687e-10 
