v ATLAS
# This file was created by ATLAS version 5.26.1.R on Tue Apr 17 19:43:34 2018.
#SSF 2.0 generic
##############################################################################
#                    Copyright (c) 1984 - 2018                               #
#                    Silvaco Inc. All rights reserved                        #
#                                                                            #
# This file format and the following Key are copyright Silvaco Inc.          #
# You may not use, this format or key without reproducing this message in    #
# full and obtaining express written permission from Silvaco Inc.            #
#                                                                            #
# To obtain such permission please contact: Silvaco Inc.                     #
#                                           support@silvaco.com              #
#                                                                            #
# KEY=SVC86hn7562asdx                       PROD=345                         #
##############################################################################
y 3 700 711 15
z 1 0.0265625 300
f 3 "source" "drain" "gate" 
p 9 2 601 20 3 602 21 4 603 22 
d 0.000000000e+00 0.000000000e+00 -9.152114335e-06 1.000000000e-01 1.000000000e-01 9.152114335e-06 0.000000000e+00 0.000000000e+00 -1.522110787e-16 
d 0.000000000e+00 0.000000000e+00 -6.862320341e-06 1.000000000e-01 1.000000000e-01 6.862320341e-06 -1.000000000e-01 -1.000000000e-01 -2.129551394e-16 
d 0.000000000e+00 0.000000000e+00 -4.697175694e-06 1.000000000e-01 1.000000000e-01 4.697175694e-06 -2.000000000e-01 -2.000000000e-01 -2.144044359e-16 
d 0.000000000e+00 0.000000000e+00 -2.696181745e-06 1.000000000e-01 1.000000000e-01 2.696181745e-06 -3.000000000e-01 -3.000000000e-01 -2.146424383e-16 
d 0.000000000e+00 0.000000000e+00 -1.084498021e-06 1.000000000e-01 1.000000000e-01 1.084498021e-06 -4.000000000e-01 -4.000000000e-01 -2.150873435e-16 
d 0.000000000e+00 0.000000000e+00 -2.207307015e-07 1.000000000e-01 1.000000000e-01 2.207307018e-07 -5.000000000e-01 -5.000000000e-01 -2.152685053e-16 
d 0.000000000e+00 0.000000000e+00 -2.152528709e-08 1.000000000e-01 1.000000000e-01 2.152528731e-08 -6.000000000e-01 -6.000000000e-01 -2.153430396e-16 
d 0.000000000e+00 0.000000000e+00 -1.591345689e-09 1.000000000e-01 1.000000000e-01 1.591345904e-09 -7.000000000e-01 -7.000000000e-01 -2.154005562e-16 
d 0.000000000e+00 0.000000000e+00 -1.214787582e-10 1.000000000e-01 1.000000000e-01 1.214789738e-10 -8.000000000e-01 -8.000000000e-01 -2.156332674e-16 
d 0.000000000e+00 0.000000000e+00 -1.346379279e-11 1.000000000e-01 1.000000000e-01 1.346400929e-11 -9.000000000e-01 -9.000000000e-01 -2.164445434e-16 
d 0.000000000e+00 0.000000000e+00 -2.880815846e-12 1.000000000e-01 1.000000000e-01 2.881034082e-12 -1.000000000e+00 -1.000000000e+00 -2.182683562e-16 
d 0.000000000e+00 0.000000000e+00 -9.061940520e-13 1.000000000e-01 1.000000000e-01 9.064174969e-13 -1.100000000e+00 -1.100000000e+00 -2.234118062e-16 
d 0.000000000e+00 0.000000000e+00 -3.118647423e-13 1.000000000e-01 1.000000000e-01 3.120964459e-13 -1.200000000e+00 -1.200000000e+00 -2.316899726e-16 
d 0.000000000e+00 0.000000000e+00 -1.071958197e-13 1.000000000e-01 1.000000000e-01 1.074380192e-13 -1.300000000e+00 -1.300000000e+00 -2.421327881e-16 
d 0.000000000e+00 0.000000000e+00 -3.606710325e-14 1.000000000e-01 1.000000000e-01 3.632283366e-14 -1.400000000e+00 -1.400000000e+00 -2.556388476e-16 
d 0.000000000e+00 0.000000000e+00 -1.182478979e-14 1.000000000e-01 1.000000000e-01 1.209569020e-14 -1.500000000e+00 -1.500000000e+00 -2.707743508e-16 
d 0.000000000e+00 0.000000000e+00 -3.746147335e-15 1.000000000e-01 1.000000000e-01 4.030617571e-15 -1.600000000e+00 -1.600000000e+00 -2.843154355e-16 
d 0.000000000e+00 0.000000000e+00 -1.101509921e-15 1.000000000e-01 1.000000000e-01 1.396373963e-15 -1.700000000e+00 -1.700000000e+00 -2.948033619e-16 
d 0.000000000e+00 0.000000000e+00 -2.468638235e-16 1.000000000e-01 1.000000000e-01 5.492812484e-16 -1.800000000e+00 -1.800000000e+00 -3.023308194e-16 
d 0.000000000e+00 0.000000000e+00 2.689646434e-17 1.000000000e-01 1.000000000e-01 2.806278842e-16 -1.900000000e+00 -1.900000000e+00 -3.074785213e-16 
d 0.000000000e+00 0.000000000e+00 1.143367240e-16 1.000000000e-01 1.000000000e-01 1.965241479e-16 -2.000000000e+00 -2.000000000e+00 -3.110016690e-16 
d 0.000000000e+00 0.000000000e+00 1.424588500e-16 1.000000000e-01 1.000000000e-01 1.709749387e-16 -2.100000000e+00 -2.100000000e+00 -3.135178422e-16 
d 0.000000000e+00 0.000000000e+00 1.520987763e-16 1.000000000e-01 1.000000000e-01 1.632124148e-16 -2.200000000e+00 -2.200000000e+00 -3.154090884e-16 
d 0.000000000e+00 0.000000000e+00 1.558973547e-16 1.000000000e-01 1.000000000e-01 1.610626431e-16 -2.300000000e+00 -2.300000000e+00 -3.168952802e-16 
d 0.000000000e+00 0.000000000e+00 1.576726186e-16 1.000000000e-01 1.000000000e-01 1.604984497e-16 -2.400000000e+00 -2.400000000e+00 -3.180958017e-16 
d 0.000000000e+00 0.000000000e+00 1.586745484e-16 1.000000000e-01 1.000000000e-01 1.603719925e-16 -2.500000000e+00 -2.500000000e+00 -3.190914267e-16 
d 0.000000000e+00 0.000000000e+00 1.595840672e-16 1.000000000e-01 1.000000000e-01 1.605519508e-16 -2.600000000e+00 -2.600000000e+00 -3.199508196e-16 
d 0.000000000e+00 0.000000000e+00 1.600655771e-16 1.000000000e-01 1.000000000e-01 1.606151794e-16 -2.700000000e+00 -2.700000000e+00 -3.207264148e-16 
d 0.000000000e+00 0.000000000e+00 1.606881354e-16 1.000000000e-01 1.000000000e-01 1.606443618e-16 -2.800000000e+00 -2.800000000e+00 -3.214500825e-16 
d 0.000000000e+00 0.000000000e+00 1.612328739e-16 1.000000000e-01 1.000000000e-01 1.609070036e-16 -2.900000000e+00 -2.900000000e+00 -3.221255842e-16 
d 0.000000000e+00 0.000000000e+00 1.617484300e-16 1.000000000e-01 1.000000000e-01 1.612377377e-16 -3.000000000e+00 -3.000000000e+00 -3.227313862e-16 
