v ATLAS
# This file was created by ATLAS version 5.26.1.R on Tue Apr 17 18:41:06 2018.
#SSF 2.0 generic
##############################################################################
#                    Copyright (c) 1984 - 2018                               #
#                    Silvaco Inc. All rights reserved                        #
#                                                                            #
# This file format and the following Key are copyright Silvaco Inc.          #
# You may not use, this format or key without reproducing this message in    #
# full and obtaining express written permission from Silvaco Inc.            #
#                                                                            #
# To obtain such permission please contact: Silvaco Inc.                     #
#                                           support@silvaco.com              #
#                                                                            #
# KEY=SVC86hn7562asdx                       PROD=345                         #
##############################################################################
y 1 15
z 300
f 6 "anode" "cathode" "hall1" "hall2" "hall4" "hall3" 
p 18 2 601 20 3 602 21 4 603 22 5 604 23 6 605 24 7 606 25 
d 0.000000000e+00 0.000000000e+00 1.351265159e-19 0.000000000e+00 0.000000000e+00 1.790671939e-19 -9.523776989e-19 -9.523776989e-19 2.929378534e-20 -1.923440629e-18 -1.923440629e-18 4.277964383e-20 -3.553784282e-18 -3.553784282e-18 6.242791448e-20 -1.071419944e-18 -1.071419944e-18 4.068085128e-20 
d 1.000000000e-01 1.000000000e-01 5.393635874e-04 0.000000000e+00 0.000000000e+00 -5.393635816e-04 4.769933088e-02 4.769933088e-02 -3.408961015e-17 5.230067201e-02 5.230067201e-02 1.582373150e-16 5.459289052e-02 5.459289052e-02 -2.029995597e-17 4.540715816e-02 4.540715816e-02 5.861331209e-17 
d 2.000000000e-01 2.000000000e-01 1.078726946e-03 0.000000000e+00 0.000000000e+00 -1.078726946e-03 9.539861555e-02 9.539861555e-02 5.194965989e-21 1.046012902e-01 1.046012902e-01 -1.280197976e-20 1.091858570e-01 1.091858570e-01 -2.783041113e-20 9.081439034e-02 9.081439034e-02 1.911015138e-20 
d 3.000000000e-01 3.000000000e-01 1.618089949e-03 0.000000000e+00 0.000000000e+00 -1.618089949e-03 1.430978592e-01 1.430978592e-01 4.452793025e-21 1.569018536e-01 1.569018536e-01 -1.985235241e-20 1.637788999e-01 1.637788999e-01 -5.343444965e-20 1.362216991e-01 1.362216991e-01 -7.792754112e-21 
d 4.000000000e-01 4.000000000e-01 2.157452463e-03 0.000000000e+00 0.000000000e+00 -2.157452463e-03 1.907970689e-01 1.907970689e-01 -1.135486567e-19 2.092023633e-01 2.092023633e-01 -2.155936860e-19 2.183720211e-01 2.183720211e-01 3.710756695e-20 1.816290887e-01 1.816290887e-01 3.599387705e-20 
d 5.000000000e-01 5.000000000e-01 2.696814376e-03 0.000000000e+00 0.000000000e+00 -2.696814376e-03 2.384962534e-01 2.384962534e-01 -1.692097304e-19 2.615028220e-01 2.615028220e-01 2.426823182e-19 2.729652233e-01 2.729652233e-01 5.343484957e-20 2.270365648e-01 2.270365648e-01 -1.384108077e-19 
