v ATLAS
# This file was created by ATLAS version 5.26.1.R on Tue Apr 17 23:20:57 2018.
#SSF 2.0 generic
##############################################################################
#                    Copyright (c) 1984 - 2018                               #
#                    Silvaco Inc. All rights reserved                        #
#                                                                            #
# This file format and the following Key are copyright Silvaco Inc.          #
# You may not use, this format or key without reproducing this message in    #
# full and obtaining express written permission from Silvaco Inc.            #
#                                                                            #
# To obtain such permission please contact: Silvaco Inc.                     #
#                                           support@silvaco.com              #
#                                                                            #
# KEY=SVC86hn7562asdx                       PROD=345                         #
##############################################################################
y 3 700 711 15
z 2 0.02 300
f 3 "source" "gate" "drain" 
p 10 2 601 20 3 602 21 4 603 22 82 
d 0.000000000e+00 0.000000000e+00 4.992994420e-14 0.000000000e+00 0.000000000e+00 0.000000000e+00 0.000000000e+00 0.000000000e+00 3.120634607e-14 3.000000000e+02 
d 0.000000000e+00 0.000000000e+00 -3.005057113e-06 0.000000000e+00 0.000000000e+00 0.000000000e+00 1.000000000e-03 1.000000000e-03 3.005057070e-06 3.000000643e+02 
d 0.000000000e+00 0.000000000e+00 -3.004583146e-05 0.000000000e+00 0.000000000e+00 0.000000000e+00 1.000000000e-02 1.000000000e-02 3.004583138e-05 3.000006460e+02 
d 0.000000000e+00 0.000000000e+00 -2.999836388e-04 0.000000000e+00 0.000000000e+00 0.000000000e+00 1.000000000e-01 1.000000000e-01 2.999836387e-04 3.000067907e+02 
d 0.000000000e+00 0.000000000e+00 -1.489270677e-03 0.000000000e+00 0.000000000e+00 0.000000000e+00 5.000000000e-01 5.000000000e-01 1.489270677e-03 3.000413249e+02 
d 0.000000000e+00 0.000000000e+00 -2.951298501e-03 0.000000000e+00 0.000000000e+00 0.000000000e+00 1.000000000e+00 1.000000000e+00 2.951298502e-03 3.001033727e+02 
d 0.000000000e+00 0.000000000e+00 -5.787974151e-03 0.000000000e+00 0.000000000e+00 0.000000000e+00 2.000000000e+00 2.000000000e+00 5.787974151e-03 3.003799794e+02 
d 0.000000000e+00 0.000000000e+00 -8.496198551e-03 0.000000000e+00 0.000000000e+00 0.000000000e+00 3.000000000e+00 3.000000000e+00 8.496198551e-03 3.008702065e+02 
d 0.000000000e+00 0.000000000e+00 -1.105950879e-02 0.000000000e+00 0.000000000e+00 0.000000000e+00 4.000000000e+00 4.000000000e+00 1.105950879e-02 3.015726537e+02 
d 0.000000000e+00 0.000000000e+00 -1.345976647e-02 0.000000000e+00 0.000000000e+00 0.000000000e+00 5.000000000e+00 5.000000000e+00 1.345976647e-02 3.024955158e+02 
d 0.000000000e+00 0.000000000e+00 -1.567734661e-02 0.000000000e+00 0.000000000e+00 0.000000000e+00 6.000000000e+00 6.000000000e+00 1.567734660e-02 3.036461028e+02 
d 0.000000000e+00 0.000000000e+00 -1.769112791e-02 0.000000000e+00 0.000000000e+00 0.000000000e+00 7.000000000e+00 7.000000000e+00 1.769112791e-02 3.050294224e+02 
d 0.000000000e+00 0.000000000e+00 -1.947867920e-02 0.000000000e+00 0.000000000e+00 0.000000000e+00 8.000000000e+00 8.000000000e+00 1.947867920e-02 3.066509517e+02 
d 0.000000000e+00 0.000000000e+00 -2.101736985e-02 0.000000000e+00 0.000000000e+00 0.000000000e+00 9.000000000e+00 9.000000000e+00 2.101736985e-02 3.085095411e+02 
d 0.000000000e+00 0.000000000e+00 -2.228785505e-02 0.000000000e+00 0.000000000e+00 0.000000000e+00 1.000000000e+01 1.000000000e+01 2.228785505e-02 3.106032738e+02 
d 0.000000000e+00 0.000000000e+00 -2.328194245e-02 0.000000000e+00 0.000000000e+00 0.000000000e+00 1.100000000e+01 1.100000000e+01 2.328194245e-02 3.129138353e+02 
d 0.000000000e+00 0.000000000e+00 -2.401414614e-02 0.000000000e+00 0.000000000e+00 0.000000000e+00 1.200000000e+01 1.200000000e+01 2.401414614e-02 3.154142536e+02 
d 0.000000000e+00 0.000000000e+00 -2.452682910e-02 0.000000000e+00 0.000000000e+00 0.000000000e+00 1.300000000e+01 1.300000000e+01 2.452682910e-02 3.180805852e+02 
d 0.000000000e+00 0.000000000e+00 -2.487708041e-02 0.000000000e+00 0.000000000e+00 0.000000000e+00 1.400000000e+01 1.400000000e+01 2.487708040e-02 3.208630282e+02 
d 0.000000000e+00 0.000000000e+00 -2.511605259e-02 0.000000000e+00 0.000000000e+00 0.000000000e+00 1.500000000e+01 1.500000000e+01 2.511605258e-02 3.237130388e+02 
d 0.000000000e+00 0.000000000e+00 -2.528038554e-02 0.000000000e+00 0.000000000e+00 0.000000000e+00 1.600000000e+01 1.600000000e+01 2.528038553e-02 3.266321455e+02 
d 0.000000000e+00 0.000000000e+00 -2.539419370e-02 0.000000000e+00 0.000000000e+00 0.000000000e+00 1.700000000e+01 1.700000000e+01 2.539419371e-02 3.295745865e+02 
d 0.000000000e+00 0.000000000e+00 -2.547256409e-02 0.000000000e+00 0.000000000e+00 0.000000000e+00 1.800000000e+01 1.800000000e+01 2.547256409e-02 3.325155429e+02 
d 0.000000000e+00 0.000000000e+00 -2.552486040e-02 0.000000000e+00 0.000000000e+00 0.000000000e+00 1.900000000e+01 1.900000000e+01 2.552486041e-02 3.354651215e+02 
d 0.000000000e+00 0.000000000e+00 -2.555753568e-02 0.000000000e+00 0.000000000e+00 0.000000000e+00 2.000000000e+01 2.000000000e+01 2.555753568e-02 3.384348752e+02 
d 0.000000000e+00 0.000000000e+00 -2.557559915e-02 0.000000000e+00 0.000000000e+00 0.000000000e+00 2.100000000e+01 2.100000000e+01 2.557559915e-02 3.413864947e+02 
d 0.000000000e+00 0.000000000e+00 -2.558277189e-02 0.000000000e+00 0.000000000e+00 0.000000000e+00 2.200000000e+01 2.200000000e+01 2.558277189e-02 3.443195860e+02 
d 0.000000000e+00 0.000000000e+00 -2.558149144e-02 0.000000000e+00 0.000000000e+00 0.000000000e+00 2.300000000e+01 2.300000000e+01 2.558149145e-02 3.472411180e+02 
d 0.000000000e+00 0.000000000e+00 -2.557321469e-02 0.000000000e+00 0.000000000e+00 0.000000000e+00 2.400000000e+01 2.400000000e+01 2.557321468e-02 3.501508995e+02 
d 0.000000000e+00 0.000000000e+00 -2.555880625e-02 0.000000000e+00 0.000000000e+00 0.000000000e+00 2.500000000e+01 2.500000000e+01 2.555880626e-02 3.530452073e+02 
d 0.000000000e+00 0.000000000e+00 -2.553895118e-02 0.000000000e+00 0.000000000e+00 0.000000000e+00 2.600000000e+01 2.600000000e+01 2.553895117e-02 3.559252333e+02 
d 0.000000000e+00 0.000000000e+00 -2.551447097e-02 0.000000000e+00 0.000000000e+00 0.000000000e+00 2.700000000e+01 2.700000000e+01 2.551447096e-02 3.587848774e+02 
d 0.000000000e+00 0.000000000e+00 -2.548634041e-02 0.000000000e+00 0.000000000e+00 0.000000000e+00 2.800000000e+01 2.800000000e+01 2.548634040e-02 3.616847871e+02 
d 0.000000000e+00 0.000000000e+00 -2.545544385e-02 0.000000000e+00 0.000000000e+00 0.000000000e+00 2.900000000e+01 2.900000000e+01 2.545544386e-02 3.645736844e+02 
d 0.000000000e+00 0.000000000e+00 -2.542241500e-02 0.000000000e+00 0.000000000e+00 0.000000000e+00 3.000000000e+01 3.000000000e+01 2.542241500e-02 3.674567618e+02 
d 0.000000000e+00 0.000000000e+00 -2.538765939e-02 0.000000000e+00 0.000000000e+00 0.000000000e+00 3.100000000e+01 3.100000000e+01 2.538765937e-02 3.703225536e+02 
d 0.000000000e+00 0.000000000e+00 -2.535142391e-02 0.000000000e+00 0.000000000e+00 0.000000000e+00 3.200000000e+01 3.200000000e+01 2.535142388e-02 3.731707532e+02 
d 0.000000000e+00 0.000000000e+00 -2.531384444e-02 0.000000000e+00 0.000000000e+00 0.000000000e+00 3.300000000e+01 3.300000000e+01 2.531384443e-02 3.760140783e+02 
d 0.000000000e+00 0.000000000e+00 -2.527497241e-02 0.000000000e+00 0.000000000e+00 0.000000000e+00 3.400000000e+01 3.400000000e+01 2.527497241e-02 3.788446767e+02 
d 0.000000000e+00 0.000000000e+00 -2.523480813e-02 0.000000000e+00 0.000000000e+00 0.000000000e+00 3.500000000e+01 3.500000000e+01 2.523480813e-02 3.816547373e+02 
d 0.000000000e+00 0.000000000e+00 -2.519337303e-02 0.000000000e+00 0.000000000e+00 0.000000000e+00 3.600000000e+01 3.600000000e+01 2.519337301e-02 3.844430684e+02 
d 0.000000000e+00 0.000000000e+00 -2.515079295e-02 0.000000000e+00 0.000000000e+00 0.000000000e+00 3.700000000e+01 3.700000000e+01 2.515079294e-02 3.872097661e+02 
d 0.000000000e+00 0.000000000e+00 -2.510729550e-02 0.000000000e+00 0.000000000e+00 0.000000000e+00 3.800000000e+01 3.800000000e+01 2.510729539e-02 3.899562273e+02 
d 0.000000000e+00 0.000000000e+00 -2.506311900e-02 0.000000000e+00 0.000000000e+00 0.000000000e+00 3.900000000e+01 3.900000000e+01 2.506311890e-02 3.926841781e+02 
d 0.000000000e+00 0.000000000e+00 -2.501844664e-02 0.000000000e+00 0.000000000e+00 0.000000000e+00 4.000000000e+01 4.000000000e+01 2.501844661e-02 3.954039885e+02 
