v ATLAS
# This file was created by ATLAS version 5.26.1.R on Tue Apr 17 23:22:24 2018.
#SSF 2.0 generic
##############################################################################
#                    Copyright (c) 1984 - 2018                               #
#                    Silvaco Inc. All rights reserved                        #
#                                                                            #
# This file format and the following Key are copyright Silvaco Inc.          #
# You may not use, this format or key without reproducing this message in    #
# full and obtaining express written permission from Silvaco Inc.            #
#                                                                            #
# To obtain such permission please contact: Silvaco Inc.                     #
#                                           support@silvaco.com              #
#                                                                            #
# KEY=SVC86hn7562asdx                       PROD=345                         #
##############################################################################
y 3 700 711 15
z 2 0.02 300
f 3 "source" "gate" "drain" 
p 10 2 601 20 3 602 21 4 603 22 82 
d 0.000000000e+00 0.000000000e+00 1.248217654e-14 -4.000000000e+00 -4.000000000e+00 0.000000000e+00 0.000000000e+00 0.000000000e+00 3.120625084e-14 3.000000000e+02 
d 0.000000000e+00 0.000000000e+00 -2.495549637e-06 -4.000000000e+00 -4.000000000e+00 0.000000000e+00 1.000000000e-03 1.000000000e-03 2.495549609e-06 3.000000534e+02 
d 0.000000000e+00 0.000000000e+00 -2.494756994e-05 -4.000000000e+00 -4.000000000e+00 0.000000000e+00 1.000000000e-02 1.000000000e-02 2.494756997e-05 3.000005360e+02 
d 0.000000000e+00 0.000000000e+00 -2.486776752e-04 -4.000000000e+00 -4.000000000e+00 0.000000000e+00 1.000000000e-01 1.000000000e-01 2.486776753e-04 3.000055806e+02 
d 0.000000000e+00 0.000000000e+00 -1.225050847e-03 -4.000000000e+00 -4.000000000e+00 0.000000000e+00 5.000000000e-01 5.000000000e-01 1.225050847e-03 3.000326120e+02 
d 0.000000000e+00 0.000000000e+00 -2.401368680e-03 -4.000000000e+00 -4.000000000e+00 0.000000000e+00 1.000000000e+00 1.000000000e+00 2.401368680e-03 3.001078506e+02 
d 0.000000000e+00 0.000000000e+00 -4.586938780e-03 -4.000000000e+00 -4.000000000e+00 0.000000000e+00 2.000000000e+00 2.000000000e+00 4.586938780e-03 3.004359902e+02 
d 0.000000000e+00 0.000000000e+00 -6.510609395e-03 -4.000000000e+00 -4.000000000e+00 0.000000000e+00 3.000000000e+00 3.000000000e+00 6.510609395e-03 3.009877658e+02 
d 0.000000000e+00 0.000000000e+00 -8.120845537e-03 -4.000000000e+00 -4.000000000e+00 0.000000000e+00 4.000000000e+00 4.000000000e+00 8.120845538e-03 3.017571353e+02 
d 0.000000000e+00 0.000000000e+00 -9.371030630e-03 -4.000000000e+00 -4.000000000e+00 0.000000000e+00 5.000000000e+00 5.000000000e+00 9.371030630e-03 3.027249640e+02 
d 0.000000000e+00 0.000000000e+00 -1.025147350e-02 -4.000000000e+00 -4.000000000e+00 0.000000000e+00 6.000000000e+00 6.000000000e+00 1.025147350e-02 3.038550727e+02 
d 0.000000000e+00 0.000000000e+00 -1.082739774e-02 -4.000000000e+00 -4.000000000e+00 0.000000000e+00 7.000000000e+00 7.000000000e+00 1.082739774e-02 3.051023347e+02 
d 0.000000000e+00 0.000000000e+00 -1.120823492e-02 -4.000000000e+00 -4.000000000e+00 0.000000000e+00 8.000000000e+00 8.000000000e+00 1.120823492e-02 3.064250008e+02 
d 0.000000000e+00 0.000000000e+00 -1.147826747e-02 -4.000000000e+00 -4.000000000e+00 0.000000000e+00 9.000000000e+00 9.000000000e+00 1.147826747e-02 3.078039684e+02 
d 0.000000000e+00 0.000000000e+00 -1.168164831e-02 -4.000000000e+00 -4.000000000e+00 0.000000000e+00 1.000000000e+01 1.000000000e+01 1.168164832e-02 3.092069591e+02 
d 0.000000000e+00 0.000000000e+00 -1.184339271e-02 -4.000000000e+00 -4.000000000e+00 0.000000000e+00 1.100000000e+01 1.100000000e+01 1.184339271e-02 3.106433644e+02 
d 0.000000000e+00 0.000000000e+00 -1.197853341e-02 -4.000000000e+00 -4.000000000e+00 0.000000000e+00 1.200000000e+01 1.200000000e+01 1.197853342e-02 3.120992631e+02 
d 0.000000000e+00 0.000000000e+00 -1.209415877e-02 -4.000000000e+00 -4.000000000e+00 0.000000000e+00 1.300000000e+01 1.300000000e+01 1.209415877e-02 3.135718601e+02 
d 0.000000000e+00 0.000000000e+00 -1.219334441e-02 -4.000000000e+00 -4.000000000e+00 0.000000000e+00 1.400000000e+01 1.400000000e+01 1.219334440e-02 3.150720235e+02 
d 0.000000000e+00 0.000000000e+00 -1.227934330e-02 -4.000000000e+00 -4.000000000e+00 0.000000000e+00 1.500000000e+01 1.500000000e+01 1.227934331e-02 3.165942556e+02 
d 0.000000000e+00 0.000000000e+00 -1.235593145e-02 -4.000000000e+00 -4.000000000e+00 0.000000000e+00 1.600000000e+01 1.600000000e+01 1.235593146e-02 3.181233823e+02 
d 0.000000000e+00 0.000000000e+00 -1.242537081e-02 -4.000000000e+00 -4.000000000e+00 0.000000000e+00 1.700000000e+01 1.700000000e+01 1.242537079e-02 3.196675718e+02 
d 0.000000000e+00 0.000000000e+00 -1.248867728e-02 -4.000000000e+00 -4.000000000e+00 0.000000000e+00 1.800000000e+01 1.800000000e+01 1.248867729e-02 3.212171506e+02 
d 0.000000000e+00 0.000000000e+00 -1.254624630e-02 -4.000000000e+00 -4.000000000e+00 0.000000000e+00 1.900000000e+01 1.900000000e+01 1.254624630e-02 3.227698448e+02 
d 0.000000000e+00 0.000000000e+00 -1.259805282e-02 -4.000000000e+00 -4.000000000e+00 0.000000000e+00 2.000000000e+01 2.000000000e+01 1.259805282e-02 3.243221833e+02 
d 0.000000000e+00 0.000000000e+00 -1.264373247e-02 -4.000000000e+00 -4.000000000e+00 0.000000000e+00 2.100000000e+01 2.100000000e+01 1.264373245e-02 3.258692434e+02 
d 0.000000000e+00 0.000000000e+00 -1.268363771e-02 -4.000000000e+00 -4.000000000e+00 0.000000000e+00 2.200000000e+01 2.200000000e+01 1.268363770e-02 3.274187199e+02 
d 0.000000000e+00 0.000000000e+00 -1.271918233e-02 -4.000000000e+00 -4.000000000e+00 0.000000000e+00 2.300000000e+01 2.300000000e+01 1.271918234e-02 3.289791484e+02 
d 0.000000000e+00 0.000000000e+00 -1.275142992e-02 -4.000000000e+00 -4.000000000e+00 0.000000000e+00 2.400000000e+01 2.400000000e+01 1.275142992e-02 3.305532879e+02 
d 0.000000000e+00 0.000000000e+00 -1.278092362e-02 -4.000000000e+00 -4.000000000e+00 0.000000000e+00 2.500000000e+01 2.500000000e+01 1.278092362e-02 3.321275338e+02 
d 0.000000000e+00 0.000000000e+00 -1.280796162e-02 -4.000000000e+00 -4.000000000e+00 0.000000000e+00 2.600000000e+01 2.600000000e+01 1.280796162e-02 3.337015625e+02 
d 0.000000000e+00 0.000000000e+00 -1.283273425e-02 -4.000000000e+00 -4.000000000e+00 0.000000000e+00 2.700000000e+01 2.700000000e+01 1.283273425e-02 3.352747533e+02 
d 0.000000000e+00 0.000000000e+00 -1.285536819e-02 -4.000000000e+00 -4.000000000e+00 0.000000000e+00 2.800000000e+01 2.800000000e+01 1.285536818e-02 3.368462966e+02 
d 0.000000000e+00 0.000000000e+00 -1.287592768e-02 -4.000000000e+00 -4.000000000e+00 0.000000000e+00 2.900000000e+01 2.900000000e+01 1.287592766e-02 3.384151122e+02 
d 0.000000000e+00 0.000000000e+00 -1.289437210e-02 -4.000000000e+00 -4.000000000e+00 0.000000000e+00 3.000000000e+01 3.000000000e+01 1.289437212e-02 3.399794860e+02 
d 0.000000000e+00 0.000000000e+00 -1.291046768e-02 -4.000000000e+00 -4.000000000e+00 0.000000000e+00 3.100000000e+01 3.100000000e+01 1.291046767e-02 3.415363398e+02 
d 0.000000000e+00 0.000000000e+00 -1.292407739e-02 -4.000000000e+00 -4.000000000e+00 0.000000000e+00 3.200000000e+01 3.200000000e+01 1.292407737e-02 3.430831928e+02 
d 0.000000000e+00 0.000000000e+00 -1.293571577e-02 -4.000000000e+00 -4.000000000e+00 0.000000000e+00 3.300000000e+01 3.300000000e+01 1.293571578e-02 3.446224069e+02 
d 0.000000000e+00 0.000000000e+00 -1.294591984e-02 -4.000000000e+00 -4.000000000e+00 0.000000000e+00 3.400000000e+01 3.400000000e+01 1.294591985e-02 3.461568677e+02 
d 0.000000000e+00 0.000000000e+00 -1.295497083e-02 -4.000000000e+00 -4.000000000e+00 0.000000000e+00 3.500000000e+01 3.500000000e+01 1.295497085e-02 3.476878137e+02 
d 0.000000000e+00 0.000000000e+00 -1.296301329e-02 -4.000000000e+00 -4.000000000e+00 0.000000000e+00 3.600000000e+01 3.600000000e+01 1.296301329e-02 3.492155866e+02 
d 0.000000000e+00 0.000000000e+00 -1.297013317e-02 -4.000000000e+00 -4.000000000e+00 0.000000000e+00 3.700000000e+01 3.700000000e+01 1.297013316e-02 3.507401559e+02 
d 0.000000000e+00 0.000000000e+00 -1.297638846e-02 -4.000000000e+00 -4.000000000e+00 0.000000000e+00 3.800000000e+01 3.800000000e+01 1.297638848e-02 3.522613217e+02 
d 0.000000000e+00 0.000000000e+00 -1.298182015e-02 -4.000000000e+00 -4.000000000e+00 0.000000000e+00 3.900000000e+01 3.900000000e+01 1.298182015e-02 3.537787788e+02 
d 0.000000000e+00 0.000000000e+00 -1.298645492e-02 -4.000000000e+00 -4.000000000e+00 0.000000000e+00 4.000000000e+01 4.000000000e+01 1.298645494e-02 3.552921134e+02 
