v ATLAS
# This file was created by ATLAS version 5.26.1.R on Mon Apr 16 16:11:38 2018.
#SSF 2.0 generic
##############################################################################
#                    Copyright (c) 1984 - 2018                               #
#                    Silvaco Inc. All rights reserved                        #
#                                                                            #
# This file format and the following Key are copyright Silvaco Inc.          #
# You may not use, this format or key without reproducing this message in    #
# full and obtaining express written permission from Silvaco Inc.            #
#                                                                            #
# To obtain such permission please contact: Silvaco Inc.                     #
#                                           support@silvaco.com              #
#                                                                            #
# KEY=SVC86hn7562asdx                       PROD=345                         #
##############################################################################
y 1 15
z 300
f 3 "Emitter" "Base" "substrate" 
p 9 2 601 20 3 602 21 4 603 22 
d -3.000000000e-01 -3.000000000e-01 -1.578870014e-12 0.000000000e+00 0.000000000e+00 9.345764406e-14 1.000000000e+00 1.000000000e+00 1.096933845e-12 
d -3.500000000e-01 -3.500000000e-01 -9.942354833e-12 0.000000000e+00 0.000000000e+00 4.186827269e-13 1.000000000e+00 1.000000000e+00 9.523633664e-12 
d -4.000000000e-01 -4.000000000e-01 -6.499318590e-11 0.000000000e+00 0.000000000e+00 1.517643359e-12 1.000000000e+00 1.000000000e+00 6.347550400e-11 
d -4.500000000e-01 -4.500000000e-01 -4.303109359e-10 0.000000000e+00 0.000000000e+00 6.120787427e-12 1.000000000e+00 1.000000000e+00 4.241900831e-10 
d -5.000000000e-01 -5.000000000e-01 -2.852749320e-09 0.000000000e+00 0.000000000e+00 3.010288622e-11 1.000000000e+00 1.000000000e+00 2.822646465e-09 
d -5.500000000e-01 -5.500000000e-01 -1.883245741e-08 0.000000000e+00 0.000000000e+00 1.751304210e-10 1.000000000e+00 1.000000000e+00 1.865732695e-08 
d -6.000000000e-01 -6.000000000e-01 -1.234907892e-07 0.000000000e+00 0.000000000e+00 1.120423346e-09 1.000000000e+00 1.000000000e+00 1.223703658e-07 
d -6.500000000e-01 -6.500000000e-01 -8.025977361e-07 0.000000000e+00 0.000000000e+00 7.473128048e-09 1.000000000e+00 1.000000000e+00 7.951246080e-07 
d -7.000000000e-01 -7.000000000e-01 -5.108992993e-06 0.000000000e+00 0.000000000e+00 5.050797606e-08 1.000000000e+00 1.000000000e+00 5.058485017e-06 
d -7.500000000e-01 -7.500000000e-01 -3.027112679e-05 0.000000000e+00 0.000000000e+00 3.371221675e-07 1.000000000e+00 1.000000000e+00 2.993400462e-05 
d -8.000000000e-01 -8.000000000e-01 -1.451612487e-04 0.000000000e+00 0.000000000e+00 2.067901756e-06 1.000000000e+00 1.000000000e+00 1.430933470e-04 
