v ATLAS
# This file was created by ATLAS version 5.26.1.R on Wed Apr 18 15:14:34 2018.
#SSF 2.0 generic
##############################################################################
#                    Copyright (c) 1984 - 2018                               #
#                    Silvaco Inc. All rights reserved                        #
#                                                                            #
# This file format and the following Key are copyright Silvaco Inc.          #
# You may not use, this format or key without reproducing this message in    #
# full and obtaining express written permission from Silvaco Inc.            #
#                                                                            #
# To obtain such permission please contact: Silvaco Inc.                     #
#                                           support@silvaco.com              #
#                                                                            #
# KEY=SVC86hn7562asdx                       PROD=345                         #
##############################################################################
y 3 700 711 15
z 4 0.049834 300
f 3 "source" "drain" "gate" 
p 9 2 601 20 3 602 21 4 603 22 
d 0.000000000e+00 0.000000000e+00 4.710223419e-12 0.000000000e+00 0.000000000e+00 4.328517881e-14 2.000000000e+00 2.000000000e+00 2.410617430e-17 
d 0.000000000e+00 0.000000000e+00 -6.187396802e+00 5.000000000e-01 5.000000000e-01 6.187396802e+00 2.000000000e+00 2.000000000e+00 -1.271794702e-18 
d 0.000000000e+00 0.000000000e+00 -1.129625766e+01 1.000000000e+00 1.000000000e+00 1.129625766e+01 2.000000000e+00 2.000000000e+00 -2.008333540e-16 
d 0.000000000e+00 0.000000000e+00 -1.369073754e+01 1.500000000e+00 1.500000000e+00 1.369073753e+01 2.000000000e+00 2.000000000e+00 -3.087597866e-15 
d 0.000000000e+00 0.000000000e+00 -1.374114799e+01 2.000000000e+00 2.000000000e+00 1.374114799e+01 2.000000000e+00 2.000000000e+00 7.299429474e-16 
d 0.000000000e+00 0.000000000e+00 -1.374766366e+01 2.500000000e+00 2.500000000e+00 1.374766366e+01 2.000000000e+00 2.000000000e+00 1.738768977e-16 
d 0.000000000e+00 0.000000000e+00 -1.375023067e+01 3.000000000e+00 3.000000000e+00 1.375023067e+01 2.000000000e+00 2.000000000e+00 7.726917025e-15 
d 0.000000000e+00 0.000000000e+00 -1.375207526e+01 3.500000000e+00 3.500000000e+00 1.375207526e+01 2.000000000e+00 2.000000000e+00 -1.415514265e-17 
d 0.000000000e+00 0.000000000e+00 -1.375356171e+01 4.000000000e+00 4.000000000e+00 1.375356171e+01 2.000000000e+00 2.000000000e+00 5.570727025e-16 
d 0.000000000e+00 0.000000000e+00 -1.375491395e+01 4.500000000e+00 4.500000000e+00 1.375491395e+01 2.000000000e+00 2.000000000e+00 -1.510085880e-17 
d 0.000000000e+00 0.000000000e+00 -1.375606235e+01 5.000000000e+00 5.000000000e+00 1.375606235e+01 2.000000000e+00 2.000000000e+00 9.719204953e-18 
d 0.000000000e+00 0.000000000e+00 -1.375708605e+01 5.500000000e+00 5.500000000e+00 1.375708605e+01 2.000000000e+00 2.000000000e+00 4.300046809e-18 
d 0.000000000e+00 0.000000000e+00 -1.375801392e+01 6.000000000e+00 6.000000000e+00 1.375801392e+01 2.000000000e+00 2.000000000e+00 9.888068392e-19 
d 0.000000000e+00 0.000000000e+00 -1.375886500e+01 6.500000000e+00 6.500000000e+00 1.375886500e+01 2.000000000e+00 2.000000000e+00 3.657135942e-18 
d 0.000000000e+00 0.000000000e+00 -1.375965380e+01 7.000000000e+00 7.000000000e+00 1.375965380e+01 2.000000000e+00 2.000000000e+00 -4.131857175e-18 
d 0.000000000e+00 0.000000000e+00 -1.376038626e+01 7.500000000e+00 7.500000000e+00 1.376038626e+01 2.000000000e+00 2.000000000e+00 -2.278460679e-19 
d 0.000000000e+00 0.000000000e+00 -1.376107183e+01 8.000000000e+00 8.000000000e+00 1.376107183e+01 2.000000000e+00 2.000000000e+00 -3.239175472e-18 
d 0.000000000e+00 0.000000000e+00 -1.376171605e+01 8.500000000e+00 8.500000000e+00 1.376171605e+01 2.000000000e+00 2.000000000e+00 -3.005993538e-18 
d 0.000000000e+00 0.000000000e+00 -1.376232372e+01 9.000000000e+00 9.000000000e+00 1.376232372e+01 2.000000000e+00 2.000000000e+00 -8.169393618e-19 
d 0.000000000e+00 0.000000000e+00 -1.376289983e+01 9.500000000e+00 9.500000000e+00 1.376289983e+01 2.000000000e+00 2.000000000e+00 -1.175504602e-17 
d 0.000000000e+00 0.000000000e+00 -1.376344588e+01 1.000000000e+01 1.000000000e+01 1.376344588e+01 2.000000000e+00 2.000000000e+00 -4.460988878e-19 
d 0.000000000e+00 0.000000000e+00 -1.376396614e+01 1.050000000e+01 1.050000000e+01 1.376396614e+01 2.000000000e+00 2.000000000e+00 5.388241719e-18 
d 0.000000000e+00 0.000000000e+00 -1.376446455e+01 1.100000000e+01 1.100000000e+01 1.376446455e+01 2.000000000e+00 2.000000000e+00 -1.629734719e-17 
d 0.000000000e+00 0.000000000e+00 -1.376493355e+01 1.150000000e+01 1.150000000e+01 1.376493355e+01 2.000000000e+00 2.000000000e+00 9.108817724e-17 
d 0.000000000e+00 0.000000000e+00 -1.376539483e+01 1.200000000e+01 1.200000000e+01 1.376539483e+01 2.000000000e+00 2.000000000e+00 1.809955568e-17 
d 0.000000000e+00 0.000000000e+00 -1.376625929e+01 1.300000000e+01 1.300000000e+01 1.376625929e+01 2.000000000e+00 2.000000000e+00 -1.719616975e-17 
d 0.000000000e+00 0.000000000e+00 -1.376706140e+01 1.400000000e+01 1.400000000e+01 1.376706140e+01 2.000000000e+00 2.000000000e+00 4.667144662e-19 
d 0.000000000e+00 0.000000000e+00 -1.376781508e+01 1.500000000e+01 1.500000000e+01 1.376781508e+01 2.000000000e+00 2.000000000e+00 -9.039386085e-19 
d 0.000000000e+00 0.000000000e+00 -1.376852492e+01 1.600000000e+01 1.600000000e+01 1.376852492e+01 2.000000000e+00 2.000000000e+00 9.995337919e-18 
d 0.000000000e+00 0.000000000e+00 -1.376919796e+01 1.700000000e+01 1.700000000e+01 1.376919796e+01 2.000000000e+00 2.000000000e+00 -8.164250034e-19 
d 0.000000000e+00 0.000000000e+00 -1.376983487e+01 1.800000000e+01 1.800000000e+01 1.376983487e+01 2.000000000e+00 2.000000000e+00 2.473676308e-17 
d 0.000000000e+00 0.000000000e+00 -1.377044539e+01 1.900000000e+01 1.900000000e+01 1.377044539e+01 2.000000000e+00 2.000000000e+00 -5.666235951e-18 
d 0.000000000e+00 0.000000000e+00 -1.377102608e+01 2.000000000e+01 2.000000000e+01 1.377102608e+01 2.000000000e+00 2.000000000e+00 -4.237701546e-20 
d 0.000000000e+00 0.000000000e+00 -1.377158138e+01 2.100000000e+01 2.100000000e+01 1.377158138e+01 2.000000000e+00 2.000000000e+00 7.624902245e-19 
d 0.000000000e+00 0.000000000e+00 -1.377211445e+01 2.200000000e+01 2.200000000e+01 1.377211445e+01 2.000000000e+00 2.000000000e+00 -1.870240923e-17 
d 0.000000000e+00 0.000000000e+00 -1.377262215e+01 2.300000000e+01 2.300000000e+01 1.377262215e+01 2.000000000e+00 2.000000000e+00 8.125410429e-18 
d 0.000000000e+00 0.000000000e+00 -1.377311275e+01 2.400000000e+01 2.400000000e+01 1.377311275e+01 2.000000000e+00 2.000000000e+00 1.237626396e-18 
d 0.000000000e+00 0.000000000e+00 -1.377358336e+01 2.500000000e+01 2.500000000e+01 1.377358336e+01 2.000000000e+00 2.000000000e+00 -7.802027644e-19 
