v ATLAS
# This file was created by ATLAS version 5.26.1.R on Wed Apr 18 18:55:00 2018.
#SSF 2.0 generic
##############################################################################
#                    Copyright (c) 1984 - 2018                               #
#                    Silvaco Inc. All rights reserved                        #
#                                                                            #
# This file format and the following Key are copyright Silvaco Inc.          #
# You may not use, this format or key without reproducing this message in    #
# full and obtaining express written permission from Silvaco Inc.            #
#                                                                            #
# To obtain such permission please contact: Silvaco Inc.                     #
#                                           support@silvaco.com              #
#                                                                            #
# KEY=SVC86hn7562asdx                       PROD=345                         #
##############################################################################
y 3 700 711 15
z 0.5 0.0100566 300
f 3 "source" "gate" "drain" 
p 9 2 601 20 3 602 21 4 603 22 
d 0.000000000e+00 0.000000000e+00 -4.697341935e-17 -8.000000000e-01 -8.000000000e-01 -2.032327734e-18 5.000000000e-01 5.000000000e-01 5.182173311e-17 
d 0.000000000e+00 0.000000000e+00 -1.847547800e-15 -7.000000000e-01 -7.000000000e-01 -2.032326101e-18 5.000000000e-01 5.000000000e-01 1.851069703e-15 
d 0.000000000e+00 0.000000000e+00 -6.972918937e-14 -6.000000000e-01 -6.000000000e-01 -2.032324322e-18 5.000000000e-01 5.000000000e-01 6.973147668e-14 
d 0.000000000e+00 0.000000000e+00 -2.617358332e-12 -5.000000000e-01 -5.000000000e-01 -2.032322382e-18 5.000000000e-01 5.000000000e-01 2.617360300e-12 
d 0.000000000e+00 0.000000000e+00 -9.758213686e-11 -4.000000000e-01 -4.000000000e-01 -2.032320101e-18 5.000000000e-01 5.000000000e-01 9.758213677e-11 
d 0.000000000e+00 0.000000000e+00 -3.592338975e-09 -3.000000000e-01 -3.000000000e-01 -2.032310228e-18 5.000000000e-01 5.000000000e-01 3.592338977e-09 
d 0.000000000e+00 0.000000000e+00 -1.247639049e-07 -2.000000000e-01 -2.000000000e-01 -2.031966382e-18 5.000000000e-01 5.000000000e-01 1.247639049e-07 
d 0.000000000e+00 0.000000000e+00 -2.520187247e-06 -1.000000000e-01 -1.000000000e-01 -2.017704673e-18 5.000000000e-01 5.000000000e-01 2.520187247e-06 
d 0.000000000e+00 0.000000000e+00 -1.258059800e-05 6.888369326e-17 6.888369326e-17 -1.441615547e-18 5.000000000e-01 5.000000000e-01 1.258059800e-05 
d 0.000000000e+00 0.000000000e+00 -2.834685512e-05 1.000000000e-01 1.000000000e-01 2.270990839e-17 5.000000000e-01 5.000000000e-01 2.834685512e-05 
d 0.000000000e+00 0.000000000e+00 -4.701459660e-05 2.000000000e-01 2.000000000e-01 1.061059131e-15 5.000000000e-01 5.000000000e-01 4.701459657e-05 
d 0.000000000e+00 0.000000000e+00 -6.729281601e-05 3.000000000e-01 3.000000000e-01 4.652906267e-14 5.000000000e-01 5.000000000e-01 6.729281596e-05 
d 0.000000000e+00 0.000000000e+00 -8.854431124e-05 4.000000000e-01 4.000000000e-01 2.098813137e-12 5.000000000e-01 5.000000000e-01 8.854430914e-05 
d 0.000000000e+00 0.000000000e+00 -1.104240878e-04 5.000000000e-01 5.000000000e-01 9.930584355e-11 5.000000000e-01 5.000000000e-01 1.104239884e-04 
d 0.000000000e+00 0.000000000e+00 -1.327584165e-04 6.000000000e-01 6.000000000e-01 4.983217959e-09 5.000000000e-01 5.000000000e-01 1.327534333e-04 
