v VICTORYDEVICE
# silvaco.file ASCII version=1.14.23 format=1 contents=SDB,Tables=1

Copyright "###################################################################"
Copyright "#                    Copyright Silvaco Inc. (c)                   #"
Copyright "#                            1992-2014                            #"
Copyright "#                                                                 #"
Copyright "# This file format and the following Key are copyright Silvaco    #"
Copyright "# International. You may not use, this format or key without      #"
Copyright "# reproducing this message in full and obtaining                  #"
Copyright "# express written permission from Silvaco Inc.                    #"
Copyright "#                                                                 #"
Copyright "# To obtain such permission please contact: Silvaco Inc.          #"
Copyright "#                                           support@silvaco.com   #"
Copyright "#                                                                 #"
Copyright "# KEY=SVC86hn7562asdx                       PROD=345              #"
Copyright "###################################################################"
#This file was created by VICTORYDEVICE version 1.12.1.R
#victoryd 1.12.1.R (Thu Apr 12 10:17:20 PDT 2018)
#libSDB 1.12.42 (Thu Oct 26 19:20:24 PDT 2017)
a VICTORYDEVICE
j 1 9
k 4
r 1 92
x 3 43 42 46
w vss 1 1
r 2 92
x 3 43 42 46
w gate 1 2
r 3 92
x 3 43 42 46
w drain 1 3
r 4 92
x 3 43 42 46
w vdd 1 4
y 1 15
z 300
p 16 2 601 20 3 602 21 4 603 22 5 604 23 61 505 502 503
d 0 0 -2.2469479679764284e-11 0 0 -4.0186882938810769e-17 1.1999995019946481 1.1999995019946481 0 1.2 1.2 2.2469493452477136e-11 1.0000000000000002e-13 2.9953486523871825e-244 4.7991153988753365e-276 4.7991153988753365e-276
d 0 0 -2.2469463354352534e-11 0 0 -3.3670280550251613e-17 1.1999995019946454 1.1999995019946454 0 1.2 1.2 2.2469469736912678e-11 3.0000000000000003e-13 2.1017570458460762e-223 6.7348250731186242e-255 6.7348250731186242e-255
d 0 0 -2.2469456288875429e-11 0 0 -5.4384820257288953e-17 1.1999995019946457 1.1999995019946457 0 1.2 1.2 2.246946022988473e-11 7.0000000000000005e-13 2.5649912226061444e-184 1.6438405411775827e-215 1.6438405411775827e-215
d 0 0 -2.2469452624281772e-11 0 0 -2.9303603923915746e-17 1.1999995019946466 1.1999995019946466 0 1.2 1.2 2.2469455847118463e-11 1.5000000000000001e-12 1.4421985686682603e-116 1.8485400298535035e-147 1.8485400298535035e-147
d 0 0 -2.246945089953446e-11 0 0 -2.2669076343026241e-17 1.1999995019946448 1.1999995019946448 0 1.2 1.2 2.2469451052418142e-11 3.1000000000000001e-12 9.2604726047864008e-23 2.3739247392426209e-53 2.3739247392426209e-53
d 0 0 -2.2490077220993082e-11 0 0 -5.1197460157960241e-15 1.1999995019705012 1.1999995019705012 0 1.2 1.2 2.2495176663904766e-11 3.9000000000000007e-12 10575.528147852581 1.3555197975407773e-27 1.3555197975407773e-27
d 0 0 -5.0086027997648064e-09 0 0 -5.5054422979206775e-10 1.1999948120865664 1.1999948120865664 0 1.2 1.2 5.5591470303585518e-09 4.3000000000000007e-12 694388851798.97192 4.4501694035784007e-20 4.4501695391303805e-20
d 0 0 -2.3805007959804254e-07 0 0 1.4566648874057531e-08 1.1998297906112332 1.1998297906112332 0 1.2 1.2 2.2348343063021614e-07 4.5000000000000006e-12 280136456696065.44 8.9766323666196115e-18 9.021134062010916e-18
d 0 0 -2.7443719448108899e-06 0 0 7.9412549760969114e-07 1.1981717073941001 1.1981717073941001 0 1.2 1.2 1.9502464471655755e-06 4.7000000000000006e-12 15294932292445298 4.9010752074507956e-16 4.9912865480709041e-16
d 0 0 -4.7678066533890937e-06 0 0 1.9384879291952262e-06 1.1950580365553596 1.1950580365553596 0 1.2 1.2 2.8293187241486309e-06 4.8000000000000005e-12 53384559211792320 8.5532166671583869e-16 1.3544503215229292e-15
d 0 0 -5.6898799496159449e-06 0 0 8.0818798430931005e-07 1.19175730996728 1.19175730996728 0 1.2 1.2 4.8816919652491545e-06 4.9000000000000005e-12 1.1301511273822518e+17 1.8107159826466196e-15 3.1651663041695488e-15
d 0 0 -5.7638960329797867e-06 0 0 -1.0921861745230407e-06 1.1905249678880443 1.1905249678880443 0 1.2 1.2 6.856082207504269e-06 5.0000000000000013e-12 1.4511427722571219e+17 2.3250053441210062e-15 5.4901716482905545e-15
d 0 0 -6.8998410400586589e-06 0 0 -1.5485542940898726e-06 1.1897591436230426 1.1897591436230426 0 1.2 1.2 8.4483953341388834e-06 5.1000000000000013e-12 1.1301511273822568e+17 1.8107159826466275e-15 7.3008876309371816e-15
d 0 0 -8.450582142904493e-06 0 0 -2.5825841163511951e-06 1.18844389197223 1.18844389197223 0 1.2 1.2 1.1033166259189714e-05 5.3000000000000012e-12 15294932292445490 4.9010752074508568e-16 7.7909951516822678e-15
d 0 0 -9.6723277117216254e-06 0 0 -3.076282295920579e-06 1.1876001973253092 1.1876001973253092 0 1.2 1.2 1.274861000765172e-05 5.4000000000000012e-12 2657860699265814.5 4.258395829729727e-17 7.8335791099795645e-15
d 0 0 -1.191093700498335e-05 0 0 -4.0756607992315699e-06 1.18580341759369 1.18580341759369 0 1.2 1.2 1.5986597804675244e-05 5.6000000000000012e-12 17908524522605.371 5.7385690803691207e-19 7.8341529668876013e-15
d 0 0 -1.7056719841920379e-05 0 0 -6.5686327167164262e-06 1.1813605179071993 1.1813605179071993 0 1.2 1.2 2.3625352561275484e-05 6.0000000000000011e-12 2015338.9361155513 1.2915817481957666e-25 7.8341529670167599e-15
d 0 0 -2.0645246099315802e-05 0 0 -8.588885160054252e-06 1.1790081065159566 1.1790081065159566 0 1.2 1.2 2.9234131259367787e-05 6.400000000000001e-12 7.6081756361606341e-05 4.8758948743743092e-36 7.8341529670167599e-15
d 0 0 -2.226973481918261e-05 0 0 -9.3708603889555449e-06 1.1777441249441154 1.1777441249441154 0 1.2 1.2 3.1640595208702626e-05 6.8000000000000009e-12 9.6351195782925383e-19 6.174913988905742e-50 7.8341529670167599e-15
d 0 0 -2.2979480177140516e-05 0 0 -9.2920705445502328e-06 1.1754738532464661 1.1754738532464661 0 1.2 1.2 3.2271550721995178e-05 7.2000000000000016e-12 4.0933401260680023e-36 2.6233222120825796e-67 7.8341529670167599e-15
d 0 0 -2.2813477546403527e-05 0 0 -8.2522804936993816e-06 1.1682933013750476 1.1682933013750476 0 1.2 1.2 3.1065758041290744e-05 8.0000000000000031e-12 2.7890205538869434e-81 3.5748309906485051e-112 7.8341529670167599e-15
d 0 0 -2.1423823192945201e-05 0 0 -7.4030187543075231e-06 1.1587747471394036 1.1587747471394036 0 1.2 1.2 2.8826841947558142e-05 8.8000000000000045e-12 2.4065903781211065e-140 3.0846505786821742e-171 7.8341529670167599e-15
d 0 0 -1.9299983014262952e-05 0 0 -6.4887286872661638e-06 1.1523977273375914 1.1523977273375914 0 1.2 1.2 2.5788711701427891e-05 9.6000000000000059e-12 2.6298393310221297e-213 3.3708002358971984e-244 7.8341529670167599e-15
d 0 0 -1.4867213398295918e-05 0 0 -4.5891866867519376e-06 1.1446781178015017 1.1446781178015017 0 1.2 1.2 1.945640008589557e-05 1.1200000000000009e-11 0 0 7.8341529670167599e-15
d 0 0 -1.5975292145291671e-05 0 0 -8.2832695881152028e-07 1.1378181802899479 1.1378181802899479 0 1.2 1.2 1.6803619111627658e-05 1.4400000000000015e-11 0 0 7.8341529670167599e-15
d 0 0 -1.8003561377662072e-05 0 0 -6.4424661979858852e-07 1.1411225917289174 1.1411225917289174 0 1.2 1.2 1.8647807997989008e-05 1.7600000000000022e-11 0 0 7.8341529670167599e-15
d 0 0 -2.0655629134221991e-05 0 0 -3.4378173092887624e-07 1.1431035086986776 1.1431035086986776 0 1.2 1.2 2.0999410879832497e-05 2.0800000000000028e-11 0 0 7.8341529670167599e-15
d 0 0 -2.3195516651753264e-05 0 0 -1.6603003168141391e-07 1.1436527513311701 1.1436527513311701 0 1.2 1.2 2.3361546690738451e-05 2.4000000000000033e-11 0 0 7.8341529670167599e-15
d 0 0 -2.5481526439479136e-05 0 0 -7.6983080128965327e-08 1.1435011428421407 1.1435011428421407 0 1.2 1.2 2.5558509523883699e-05 2.7200000000000039e-11 0 0 7.8341529670167599e-15
d 0 0 -2.7499634853639116e-05 0 0 -3.3623724631007407e-08 1.1430703027776499 1.1430703027776499 0 1.2 1.2 2.7533258580873069e-05 3.0400000000000045e-11 0 0 7.8341529670167599e-15
d 0 0 -2.9272881834606835e-05 0 0 -1.2436796895495049e-08 1.142552574320441 1.142552574320441 0 1.2 1.2 2.9285318633129093e-05 3.3600000000000051e-11 0 0 7.8341529670167599e-15
d 0 0 -3.0834454111219626e-05 0 0 -2.1500914562192886e-09 1.1420286094499921 1.1420286094499921 0 1.2 1.2 3.0836604203703915e-05 3.6800000000000056e-11 0 0 7.8341529670167599e-15
d 0 0 -3.2218021662580362e-05 0 0 2.6681118466336632e-09 1.1415288654585429 1.1415288654585429 0 1.2 1.2 3.2215353551333686e-05 4.0000000000000062e-11 0 0 7.8341529670167599e-15
d 0 0 -3.3453257110960445e-05 0 0 4.7151641410822326e-09 1.1410615734539469 1.1410615734539469 0 1.2 1.2 3.3448541947171272e-05 4.3200000000000068e-11 0 0 7.8341529670167599e-15
d 0 0 -3.4565829546648311e-05 0 0 5.3366197940767719e-09 1.1406262419352755 1.1406262419352755 0 1.2 1.2 3.4560492927077155e-05 4.6400000000000074e-11 0 0 7.8341529670167599e-15
d 0 0 -3.6549419804446643e-05 0 0 5.7413292833300184e-09 1.1398344375853531 1.1398344375853531 0 1.2 1.2 3.6543678475182821e-05 5.2800000000000085e-11 0 0 7.8341529670167599e-15
d 0 0 -3.7497769420752247e-05 0 0 4.8087576586304815e-09 1.1394349312179977 1.1394349312179977 0 1.2 1.2 3.7492960663442749e-05 5.6296628861887089e-11 0 0 7.8341529670167599e-15
d 0 0 -3.9184634436627477e-05 0 0 3.0507104913916259e-09 1.1386962333834452 1.1386962333834452 0 1.2 1.2 3.9181583726108299e-05 6.3289886585661097e-11 0 0 7.8341529670167599e-15
d 0 0 -4.060260316731571e-05 0 0 1.9651120364021713e-09 1.1380470754099434 1.1380470754099434 0 1.2 1.2 4.0600638055564985e-05 6.9942761310335461e-11 0 0 7.8341529670167599e-15
d 0 0 -4.310786570010468e-05 0 0 7.7823885387971989e-10 1.136847410844859 1.136847410844859 0 1.2 1.2 4.3107087461233066e-05 8.3248510759684189e-11 0 0 7.8341529670167599e-15
d 0 0 -4.7470437300529749e-05 0 0 1.4256603485539029e-10 1.1346961625200629 1.1346961625200629 0 1.2 1.2 4.7470294738683788e-05 1.0986000965838165e-10 0 0 7.8341529670167599e-15
d 0 0 -5.5422964444879454e-05 0 0 1.5685654750684739e-10 1.1309660037253317 1.1309660037253317 0 1.2 1.2 5.5422807588408052e-05 1.6308300745577657e-10 0 0 7.8341529670167599e-15
d 0 0 -7.1227334474469159e-05 0 0 -2.2004320400520706e-10 1.1247744200025518 1.1247744200025518 0 1.2 1.2 7.1227554518233551e-05 2.695290030505664e-10 0 0 7.8341529670167599e-15
d 0 0 -0.00010362279985063136 0 0 -1.2909478289229619e-09 1.1159177096593598 1.1159177096593598 0 1.2 1.2 0.00010362409080318509 4.8242099424014606e-10 0 0 7.8341529670167599e-15
d 0 0 -0.00016141453457683359 0 0 -1.4565510650333647e-09 1.1065722224208312 1.1065722224208312 0 1.2 1.2 0.00016141599112817016 9.0820497661930537e-10 0 0 7.8341529670167599e-15
d 0 0 -0.00023544987259667367 0 0 -2.2887043898237331e-10 1.0957874651963648 1.0957874651963648 0 1.2 1.2 0.00023545010155252716 1.7597729413776241e-09 0 0 7.8341529670167599e-15
d 0 0 -0.00029608849649792986 0 0 4.4756085862551984e-10 1.0773118683221206 1.0773118683221206 0 1.2 1.2 0.0002960880489376563 3.4629088708942614e-09 0 0 7.8341529670167599e-15
d 0 0 -0.00032598397769448929 0 0 2.2487585103970272e-10 1.0558468293867336 1.0558468293867336 0 1.2 1.2 0.0003259837528187841 6.8691807299275359e-09 0 0 7.8341529670167599e-15
d 0 0 -0.00033333977611695227 0 0 -1.9976890166190359e-12 1.0465182967383619 1.0465182967383619 0 1.2 1.2 0.00033333977811480603 1.3681724447994086e-08 0 0 7.8341529670167599e-15
d 0 0 -0.0003332024065970825 0 0 7.4859285404850361e-13 1.0467185588113224 1.0467185588113224 0 1.2 1.2 0.00033320240584843694 2.7306811884127184e-08 0 0 7.8341529670167599e-15
d 0 0 -0.00033322791029221635 0 0 -1.5415770922782204e-13 1.0466814043837696 1.0466814043837696 0 1.2 1.2 0.00033322791044648926 5.455698675639338e-08 0 0 7.8341529670167599e-15
d 0 0 -0.00033322298369930077 0 0 2.3282059604264252e-14 1.046688583337718 1.046688583337718 0 1.2 1.2 0.00033322298367599042 1.0905733650092578e-07 0 0 7.8341529670167599e-15
d 0 0 -0.00033322368948148753 0 0 -2.0960894464526694e-15 1.0466875544803811 1.0466875544803811 0 1.2 1.2 0.0003332236894845246 2.1805803598999056e-07 0 0 7.8341529670167599e-15
d 0 0 -0.00033322362637076868 0 0 7.2771790694554798e-17 1.0466876462871211 1.0466876462871211 0 1.2 1.2 0.00033322362637056317 4.3605943496812013e-07 0 0 7.8341529670167599e-15
d 0 0 -0.00033322362955367905 0 0 -1.214919341718431e-19 1.0466876416012192 1.0466876416012192 0 1.2 1.2 0.00033322362955407495 8.7206223292437922e-07 0 0 7.8341529670167599e-15
d 0 0 -0.00033322362946553135 0 0 -3.8447654324958033e-17 1.046687641721336 1.046687641721336 0 1.2 1.2 0.00033322362946551731 1.7440678288368975e-06 0 0 7.8341529670167599e-15
d 0 0 -0.00033322362946178061 0 0 -3.0583079603525784e-17 1.0466876417011881 1.0466876417011881 0 1.2 1.2 0.00033322362946177465 3.488079020661934e-06 0 0 7.8341529670167599e-15
d 0 0 -0.000333223629452113 0 0 -1.7413107227593674e-17 1.0466876416662685 1.0466876416662685 0 1.2 1.2 0.00033322362945210302 6.9761014043120076e-06 0 0 7.8341529670167599e-15
d 0 0 -0.00033322362943332404 0 0 -6.5359090572078125e-18 1.0466876415981536 1.0466876415981536 0 1.2 1.2 0.00033322362943330675 1.3952146171612155e-05 0 0 7.8341529670167599e-15
d 0 0 -0.00033322362939784884 0 0 -7.5055188894242366e-18 1.0466876414695681 1.0466876414695681 0 1.2 1.2 0.00033322362939781501 2.7904235706212451e-05 0 0 7.8341529670167599e-15
d 0 0 -0.00033322362933461351 0 0 4.344003427469959e-18 1.0466876412403769 1.0466876412403769 0 1.2 1.2 0.00033322362933455556 5.5808414775413043e-05 0 0 7.8341529670167599e-15
d 0 0 -0.00033322362923421205 0 0 -9.507340576392333e-18 1.0466876408765295 1.0466876408765295 0 1.2 1.2 0.00033322362923412645 0.00011161677291381423 0 0 7.8341529670167599e-15
d 0 0 -0.00033322362910795947 0 0 -4.4988235204202884e-17 1.0466876404191328 1.0466876404191328 0 1.2 1.2 0.00033322362910786243 0.0002232334891906166 0 0 7.8341529670167599e-15
d 0 0 -0.0003332236290090064 0 0 -1.8184054571874889e-17 1.0466876400608851 1.0466876400608851 0 1.2 1.2 0.00033322362900894725 0.00044646692174422133 0 0 7.8341529670167599e-15
d 0 0 -0.00033322362898548208 0 0 -1.3898172235237367e-17 1.0466876399759275 1.0466876399759275 0 1.2 1.2 0.00033322362898547016 0.00072323346087211065 0 0 7.8341529670167599e-15
d 0 0 -0.00033322362898277152 0 0 -4.3202285068568933e-18 1.0466876399661662 1.0466876399661662 0 1.2 1.2 0.00033322362898277001 0.001 0 0 7.8341529670167599e-15
Q 2 13 "Voltage #01"
Q 3 13 "Voltage #02"
Q 4 13 "Voltage #03"
Q 5 13 "Voltage #04"
Q 20 13 "Current #01"
Q 21 13 "Current #02"
Q 22 13 "Current #03"
Q 23 13 "Current #04"
Q 61 13 "Transient time"
Q 92 21 Contact
Q 502 13 "SEU Track Charge"
Q 503 13 "SEU Track Cumulative Charge"
Q 505 13 "SEU Track Generation Rate"
Q 601 13 "Int. Voltage #01"
Q 602 13 "Int. Voltage #02"
Q 603 13 "Int. Voltage #03"
Q 604 13 "Int. Voltage #04"
EOF 152849403
