v VICTORYDEVICE
# silvaco.file ASCII version=1.14.23 format=1 contents=SDB,Tables=1

Copyright "###################################################################"
Copyright "#                    Copyright Silvaco Inc. (c)                   #"
Copyright "#                            1992-2014                            #"
Copyright "#                                                                 #"
Copyright "# This file format and the following Key are copyright Silvaco    #"
Copyright "# International. You may not use, this format or key without      #"
Copyright "# reproducing this message in full and obtaining                  #"
Copyright "# express written permission from Silvaco Inc.                    #"
Copyright "#                                                                 #"
Copyright "# To obtain such permission please contact: Silvaco Inc.          #"
Copyright "#                                           support@silvaco.com   #"
Copyright "#                                                                 #"
Copyright "# KEY=SVC86hn7562asdx                       PROD=345              #"
Copyright "###################################################################"
#This file was created by VICTORYDEVICE version 1.12.1.R
#victoryd 1.12.1.R (Thu Apr 12 10:17:20 PDT 2018)
#libSDB 1.12.42 (Thu Oct 26 19:20:24 PDT 2017)
a VICTORYDEVICE
j 1 9
k 4
r 1 92
x 3 43 42 46
w vss 1 1
r 2 92
x 3 43 42 46
w gate 1 2
r 3 92
x 3 43 42 46
w drain 1 3
r 4 92
x 3 43 42 46
w vdd 1 4
y 1 15
z 300
p 12 2 601 20 3 602 21 4 603 22 5 604 23
d -0.050000000000000003 -0.050000000000000003 -5.5895622221244939e-18 -0.01 -0.01 3.7418222157465393e-18 -0.050000000000000003 -0.050000000000000003 -6.930611436292646e-11 0 0 6.9306130624727324e-11
d -0.050000000000000003 -0.050000000000000003 -5.3319002798229031e-18 -0.050000000000000003 -0.050000000000000003 -1.4436977593364396e-17 -0.050000000000000003 -0.050000000000000003 -2.3510448065970673e-10 0 0 2.3510450082267996e-10
d -0.050000000000000003 -0.050000000000000003 -5.4480081979802347e-18 -0.10000000000000001 -0.10000000000000001 1.8315119360804373e-17 -0.050000000000000003 -0.050000000000000003 -1.046488462111066e-09 0 0 1.0464884725086489e-09
d -0.050000000000000003 -0.050000000000000003 -5.3491332762911653e-18 -0.15000000000000002 -0.15000000000000002 -5.7363319344787707e-18 -0.050000000000000003 -0.050000000000000003 -4.2662330051381016e-09 0 0 4.2662329923123924e-09
d -0.050000000000000003 -0.050000000000000003 -5.1722346591361634e-18 -0.20000000000000001 -0.20000000000000001 2.9725606405803043e-17 -0.050000000000000003 -0.050000000000000003 -1.4275809453899847e-08 0 0 1.4275809475310079e-08
d -0.050000000000000003 -0.050000000000000003 -5.1917048875845805e-18 -0.25 -0.25 -2.702074762711897e-17 -0.050000000000000003 -0.050000000000000003 -3.5458384033243948e-08 0 0 3.545838399177788e-08
d -0.050000000000000003 -0.050000000000000003 -5.1052729186118262e-18 -0.29999999999999999 -0.29999999999999999 9.0527974919763391e-18 -0.050000000000000003 -0.050000000000000003 -6.8259515855035574e-08 0 0 6.8259515850093203e-08
d -0.050000000000000003 -0.050000000000000003 -5.2605784691614983e-18 -0.34999999999999998 -0.34999999999999998 -1.0515906393937379e-17 -0.050000000000000003 -0.050000000000000003 -1.1224463161404438e-07 0 0 1.1224463162212014e-07
d -0.050000000000000003 -0.050000000000000003 -5.275394613856615e-18 -0.39999999999999997 -0.39999999999999997 -8.1899617846970588e-17 -0.050000000000000003 -0.050000000000000003 -1.7017179203431117e-07 0 0 1.7017179205292194e-07
d -0.050000000000000003 -0.050000000000000003 -5.0107807912739029e-18 -0.44999999999999996 -0.44999999999999996 2.5006307478670401e-17 -0.050000000000000003 -0.050000000000000003 -2.4426985359583987e-07 0 0 2.4426985360612836e-07
d -0.050000000000000003 -0.050000000000000003 -5.0065030259431734e-18 -0.49999999999999994 -0.49999999999999994 -4.9620450620243894e-17 -0.050000000000000003 -0.050000000000000003 -3.3361086796016362e-07 0 0 3.3361086795156539e-07
d -0.050000000000000003 -0.050000000000000003 -4.9338805891496353e-18 -0.54999999999999993 -0.54999999999999993 -3.3426248836621204e-17 -0.050000000000000003 -0.050000000000000003 -4.355288579086931e-07 0 0 4.355288579128883e-07
d -0.050000000000000003 -0.050000000000000003 -4.8462955790830007e-18 -0.59999999999999998 -0.59999999999999998 -1.94974067240084e-17 -0.050000000000000003 -0.050000000000000003 -5.4718747865820074e-07 0 0 5.4718747865716535e-07
d -0.050000000000000003 -0.050000000000000003 -4.7646641198870795e-18 -0.65000000000000002 -0.65000000000000002 9.222040482425515e-18 -0.050000000000000003 -0.050000000000000003 -6.6571782485034845e-07 0 0 6.657178248479343e-07
d -0.050000000000000003 -0.050000000000000003 -5.0854939869683062e-18 -0.70000000000000007 -0.70000000000000007 -4.5919140443571184e-17 -0.050000000000000003 -0.050000000000000003 -7.8875277447072392e-07 0 0 7.8875277447273192e-07
d -0.050000000000000003 -0.050000000000000003 -4.9157358891728129e-18 -0.75000000000000011 -0.75000000000000011 -4.5892261124260667e-17 -0.050000000000000003 -0.050000000000000003 -9.140586621752304e-07 0 0 9.1405866219805932e-07
d -0.050000000000000003 -0.050000000000000003 -5.0206814520825382e-18 -0.80000000000000016 -0.80000000000000016 -9.6205377008217526e-17 -0.050000000000000003 -0.050000000000000003 -1.0395198916442132e-06 0 0 1.0395198916520127e-06
d -0.050000000000000003 -0.050000000000000003 -4.9813988877165093e-18 -0.8500000000000002 -0.8500000000000002 2.977030459971116e-17 -0.050000000000000003 -0.050000000000000003 -1.1640054530230122e-06 0 0 1.1640054529936165e-06
d -0.050000000000000003 -0.050000000000000003 -4.8210101860311899e-18 -0.90000000000000024 -0.90000000000000024 -1.9035200434293941e-17 -0.050000000000000003 -0.050000000000000003 -1.2867547956474715e-06 0 0 1.2867547956229082e-06
d -0.050000000000000003 -0.050000000000000003 -4.6706346443621617e-18 -0.95000000000000029 -0.95000000000000029 5.2345455189426157e-17 -0.050000000000000003 -0.050000000000000003 -1.4064936167475317e-06 0 0 1.4064936167347157e-06
d -0.050000000000000003 -0.050000000000000003 -4.9579093978169122e-18 -1 -1 1.5917776663185178e-17 -0.050000000000000003 -0.050000000000000003 -1.5238503140916082e-06 0 0 1.5238503140040593e-06
Q 2 13 "Voltage #01"
Q 3 13 "Voltage #02"
Q 4 13 "Voltage #03"
Q 5 13 "Voltage #04"
Q 20 13 "Current #01"
Q 21 13 "Current #02"
Q 22 13 "Current #03"
Q 23 13 "Current #04"
Q 92 21 Contact
Q 601 13 "Int. Voltage #01"
Q 602 13 "Int. Voltage #02"
Q 603 13 "Int. Voltage #03"
Q 604 13 "Int. Voltage #04"
EOF 1288211631
