v ATLAS
# This file was created by ATLAS version 5.26.1.R on Tue Apr 17 23:25:22 2018.
#SSF 2.0 generic
##############################################################################
#                    Copyright (c) 1984 - 2018                               #
#                    Silvaco Inc. All rights reserved                        #
#                                                                            #
# This file format and the following Key are copyright Silvaco Inc.          #
# You may not use, this format or key without reproducing this message in    #
# full and obtaining express written permission from Silvaco Inc.            #
#                                                                            #
# To obtain such permission please contact: Silvaco Inc.                     #
#                                           support@silvaco.com              #
#                                                                            #
# KEY=SVC86hn7562asdx                       PROD=345                         #
##############################################################################
y 3 700 711 15
z 1 1e+41 300
f 2 "gate" "substrate" 
p 13 40 2 20 3 21 3000000 2000000 3001000 2001000 3000001 2000001 3001001 2001001 
Q 3000000 3 "Mhos/um" 
Q 2000000 3 "F/um" 
Q 3001000 3 "Mhos/um" 
Q 2001000 3 "F/um" 
Q 3000001 3 "Mhos/um" 
Q 2000001 3 "F/um" 
Q 3001001 3 "Mhos/um" 
Q 2001001 3 "F/um" 
d 1.000000000e+06 0.000000000e+00 0.000000000e+00 0.000000000e+00 -2.611313771e-20 -6.171423913e-13 -6.136812344e-15 5.901760887e-13 6.136812344e-15 6.171423913e-13 6.136812344e-15 -5.911338369e-13 -6.136812344e-15 
d 1.000000000e+06 -1.000000000e-01 0.000000000e+00 0.000000000e+00 -2.108983616e-23 -3.920165326e-13 -4.904944082e-15 3.272233541e-13 4.904944083e-15 3.920165326e-13 4.904944082e-15 -3.281302677e-13 -4.904944083e-15 
d 1.000000000e+06 -2.000000000e-01 0.000000000e+00 0.000000000e+00 -2.626406805e-20 -1.943979647e-13 -3.464186914e-15 6.864843265e-15 3.464186914e-15 1.943979647e-13 3.464186914e-15 -6.534911214e-15 -3.464186914e-15 
d 1.000000000e+06 -3.000000000e-01 0.000000000e+00 0.000000000e+00 -2.001803644e-21 -9.437506423e-14 -2.427663903e-15 -3.610986227e-13 2.427663904e-15 9.437506423e-14 2.427663903e-15 3.611127457e-13 -2.427663904e-15 
d 1.000000000e+06 -4.000000000e-01 0.000000000e+00 0.000000000e+00 1.716215790e-20 -5.545478751e-14 -1.881149201e-15 -8.866898873e-13 1.881149202e-15 5.545478751e-14 1.881149201e-15 8.867108219e-13 -1.881149202e-15 
d 1.000000000e+06 -5.000000000e-01 0.000000000e+00 0.000000000e+00 2.389532051e-20 -3.824298454e-14 -1.579132728e-15 -1.714304879e-12 1.579132729e-15 3.824298454e-14 1.579132728e-15 1.714320195e-12 -1.579132729e-15 
d 1.000000000e+06 -6.000000000e-01 0.000000000e+00 0.000000000e+00 -3.631675202e-21 -2.900013018e-14 -1.386661032e-15 -3.002762595e-12 1.386661033e-15 2.900013018e-14 1.386661032e-15 3.002770152e-12 -1.386661033e-15 
d 1.000000000e+06 -7.000000000e-01 0.000000000e+00 0.000000000e+00 2.180263899e-20 -2.407788690e-14 -1.250644312e-15 -4.952219208e-12 1.250644314e-15 2.407788680e-14 1.250644312e-15 4.952228489e-12 -1.250644314e-15 
d 1.000000000e+06 -8.000000000e-01 0.000000000e+00 0.000000000e+00 4.779229054e-20 -2.075187278e-14 -1.147679160e-15 -7.828420422e-12 1.147679163e-15 2.075187283e-14 1.147679160e-15 7.828432263e-12 -1.147679163e-15 
d 1.000000000e+06 -9.000000000e-01 0.000000000e+00 0.000000000e+00 5.439133854e-20 -1.794340953e-14 -1.066059548e-15 -1.197143775e-11 1.066059552e-15 1.794336978e-14 1.066059548e-15 1.197144614e-11 -1.066059552e-15 
d 1.000000000e+06 -1.000000000e+00 0.000000000e+00 0.000000000e+00 -8.092566879e-21 -1.579044369e-14 -9.992232100e-16 -1.782339732e-11 9.992232143e-16 1.579232194e-14 9.992232100e-16 1.782339874e-11 -9.992232143e-16 
d 1.000000000e+06 -1.100000000e+00 0.000000000e+00 0.000000000e+00 -5.219925126e-21 -1.411517506e-14 -9.432068115e-16 -2.579398427e-11 9.432068172e-16 1.407445902e-14 9.432068115e-16 2.579398628e-11 -9.432068172e-16 
d 1.000000000e+06 -1.200000000e+00 0.000000000e+00 0.000000000e+00 -2.066100383e-21 -1.449898414e-14 -9.055290951e-16 -3.421775235e-11 9.055291020e-16 1.290296604e-14 9.055290951e-16 3.421754148e-11 -9.055291022e-16 
d 1.000000000e+06 -1.300000000e+00 0.000000000e+00 0.000000000e+00 -4.499499513e-19 -1.278978706e-14 -8.932879901e-16 -3.876657616e-11 8.932879979e-16 1.257912449e-14 8.932879901e-16 3.876655103e-11 -8.932879979e-16 
d 1.000000000e+06 -1.325000000e+00 0.000000000e+00 0.000000000e+00 -1.729129565e-19 -1.458972055e-14 -8.920428872e-16 -3.945785937e-11 8.920428948e-16 1.230922223e-14 8.920428872e-16 3.945762222e-11 -8.920428951e-16 
d 1.000000000e+06 -1.350000000e+00 0.000000000e+00 0.000000000e+00 -5.412525214e-20 -9.291181179e-15 -8.911654604e-16 -4.003367111e-11 8.911654688e-16 1.276529694e-14 8.911654604e-16 4.003406127e-11 -8.911654684e-16 
d 1.000000000e+06 -1.400000000e+00 0.000000000e+00 0.000000000e+00 1.582342312e-18 -1.207844712e-14 -8.897680499e-16 -4.104151235e-11 8.897680581e-16 1.245412976e-14 8.897680499e-16 4.104155188e-11 -8.897680581e-16 
d 1.000000000e+06 -1.406250000e+00 0.000000000e+00 0.000000000e+00 1.704188339e-19 -1.699920494e-14 -8.899754626e-16 -4.104907304e-11 8.899754702e-16 1.197959974e-14 8.899754626e-16 4.104851709e-11 -8.899754708e-16 
d 1.000000000e+06 -1.412500000e+00 0.000000000e+00 0.000000000e+00 -4.016800292e-20 -2.974502943e-15 -8.899275488e-16 -4.113003602e-11 8.899275582e-16 1.346392528e-14 8.899275488e-16 4.113118535e-11 -8.899275568e-16 
d 1.000000000e+06 -1.425000000e+00 0.000000000e+00 0.000000000e+00 2.539292985e-20 -1.818635242e-14 -8.897791545e-16 -4.130952232e-11 8.897791619e-16 1.188377438e-14 8.897791545e-16 4.130883771e-11 -8.897791628e-16 
d 1.000000000e+06 -1.450000000e+00 0.000000000e+00 0.000000000e+00 1.081560590e-18 -1.485938156e-14 -8.893263275e-16 -4.170157234e-11 8.893263355e-16 1.221285055e-14 8.893263275e-16 4.170128746e-11 -8.893263358e-16 
d 1.000000000e+06 -1.500000000e+00 0.000000000e+00 0.000000000e+00 2.321557833e-18 -2.172234305e-14 -8.888161459e-16 -4.232420751e-11 8.888161531e-16 1.155059964e-14 8.888161459e-16 4.232309217e-11 -8.888161544e-16 
d 1.000000000e+06 -1.600000000e+00 0.000000000e+00 0.000000000e+00 1.859493109e-18 -4.003010572e-15 -8.888412337e-16 -4.308154185e-11 8.888412433e-16 1.327404563e-14 8.888412337e-16 4.308255147e-11 -8.888412421e-16 
d 1.000000000e+06 -1.625000000e+00 0.000000000e+00 0.000000000e+00 6.982424315e-19 -1.915810539e-14 -8.891191941e-16 -4.315584775e-11 8.891192017e-16 1.188995093e-14 8.891191941e-16 4.315507143e-11 -8.891192027e-16 
d 1.000000000e+06 -1.637500000e+00 0.000000000e+00 0.000000000e+00 -6.215205895e-19 3.273920942e-15 -8.894194882e-16 -4.313259792e-11 8.894194988e-16 1.409067996e-14 8.894194882e-16 4.313447599e-11 -8.894194965e-16 
d 1.000000000e+06 -1.650000000e+00 0.000000000e+00 0.000000000e+00 -6.475360637e-19 -3.635734893e-14 -8.894368483e-16 -4.320712947e-11 8.894368537e-16 1.004313695e-14 8.894368483e-16 4.320431053e-11 -8.894368572e-16 
d 1.000000000e+06 -1.675000000e+00 0.000000000e+00 0.000000000e+00 -5.950567571e-19 -8.342302839e-15 -8.894755986e-16 -4.333705153e-11 8.894756077e-16 1.288397497e-14 8.894755986e-16 4.333754403e-11 -8.894756071e-16 
d 1.000000000e+06 -1.700000000e+00 0.000000000e+00 0.000000000e+00 2.637976007e-18 -2.335644638e-14 -8.888268469e-16 -4.369499340e-11 8.888268541e-16 1.143762574e-14 8.888268469e-16 4.369373285e-11 -8.888268557e-16 
d 1.000000000e+06 -1.750000000e+00 0.000000000e+00 0.000000000e+00 -6.474346772e-19 2.268799141e-14 -8.896393817e-16 -4.367137734e-11 8.896393950e-16 1.606186618e-14 8.896393817e-16 4.367549444e-11 -8.896393899e-16 
d 1.000000000e+06 -1.800000000e+00 0.000000000e+00 0.000000000e+00 -2.072550204e-18 -1.683086159e-14 -8.900538782e-16 -4.376422461e-11 8.900538863e-16 1.211751239e-14 8.900538782e-16 4.376371439e-11 -8.900538869e-16 
d 1.000000000e+06 -1.825000000e+00 0.000000000e+00 0.000000000e+00 9.225560256e-19 -8.028292894e-15 -8.894931861e-16 -4.406119752e-11 8.894931954e-16 1.318928263e-14 8.894931861e-16 4.406175479e-11 -8.894931947e-16 
d 1.000000000e+06 -1.837500000e+00 0.000000000e+00 0.000000000e+00 5.670992480e-18 -7.936934447e-15 -8.885030017e-16 -4.445542216e-11 8.885030111e-16 1.287138518e-14 8.885030017e-16 4.445593333e-11 -8.885030104e-16 
d 1.000000000e+06 -1.839062500e+00 0.000000000e+00 0.000000000e+00 3.033632504e-18 -5.015648555e-15 -8.890708374e-16 -4.426448145e-11 8.890708471e-16 1.343846507e-14 8.890708374e-16 4.426535748e-11 -8.890708460e-16 
d 1.000000000e+06 -1.840625000e+00 0.000000000e+00 0.000000000e+00 3.600799917e-18 -1.198359465e-14 -8.889527029e-16 -4.431249022e-11 8.889527118e-16 1.248532007e-14 8.889527029e-16 4.431255034e-11 -8.889527117e-16 
d 1.000000000e+06 -1.843750000e+00 0.000000000e+00 0.000000000e+00 1.727530319e-18 -2.091170627e-14 -8.893647989e-16 -4.418366115e-11 8.893648065e-16 1.160192152e-14 8.893647989e-16 4.418266596e-11 -8.893648077e-16 
d 1.000000000e+06 -1.850000000e+00 0.000000000e+00 0.000000000e+00 1.045619281e-19 -3.996127045e-14 -8.897267455e-16 -4.408605648e-11 8.897267506e-16 9.891538224e-15 8.897267455e-16 4.408288940e-11 -8.897267545e-16 
d 1.000000000e+06 -1.862500000e+00 0.000000000e+00 0.000000000e+00 -9.240320587e-19 -3.545448121e-14 -8.899608063e-16 -4.405411141e-11 8.899608120e-16 1.028726135e-14 8.899608063e-16 4.405147085e-11 -8.899608153e-16 
d 1.000000000e+06 -1.868750000e+00 0.000000000e+00 0.000000000e+00 -5.662972054e-18 7.039845368e-15 -8.909571736e-16 -4.373323777e-11 8.909571848e-16 1.465173826e-14 8.909571736e-16 4.373552660e-11 -8.909571820e-16 
d 1.000000000e+06 -1.875000000e+00 0.000000000e+00 0.000000000e+00 5.227837748e-20 -7.436276273e-15 -8.897897486e-16 -4.415781527e-11 8.897897580e-16 1.316541727e-14 8.897897486e-16 4.415843008e-11 -8.897897572e-16 
d 1.000000000e+06 -1.887500000e+00 0.000000000e+00 0.000000000e+00 2.795442555e-18 -1.092050193e-14 -8.892570932e-16 -4.438951594e-11 8.892571022e-16 1.266826986e-14 8.892570932e-16 4.438968773e-11 -8.892571020e-16 
d 1.000000000e+06 -1.900000000e+00 0.000000000e+00 0.000000000e+00 -3.709269739e-18 -2.100245720e-14 -8.906377961e-16 -4.395982222e-11 8.906378037e-16 1.182862694e-14 8.906377961e-16 4.395885563e-11 -8.906378049e-16 
d 1.000000000e+06 -1.950000000e+00 0.000000000e+00 0.000000000e+00 4.682438778e-18 -1.444753976e-14 -8.889839048e-16 -4.470612857e-11 8.889839133e-16 1.233178871e-14 8.889839048e-16 4.470589997e-11 -8.889839136e-16 
d 1.000000000e+06 -2.000000000e+00 0.000000000e+00 0.000000000e+00 -1.214964676e-18 -1.919387192e-14 -8.903634779e-16 -4.438293373e-11 8.903634858e-16 1.182004032e-14 8.903634779e-16 4.438217017e-11 -8.903634868e-16 
