v ATLAS
# This file was created by ATLAS version 5.26.1.R on Tue Apr 17 21:25:13 2018.
#SSF 2.0 generic
##############################################################################
#                    Copyright (c) 1984 - 2018                               #
#                    Silvaco Inc. All rights reserved                        #
#                                                                            #
# This file format and the following Key are copyright Silvaco Inc.          #
# You may not use, this format or key without reproducing this message in    #
# full and obtaining express written permission from Silvaco Inc.            #
#                                                                            #
# To obtain such permission please contact: Silvaco Inc.                     #
#                                           support@silvaco.com              #
#                                                                            #
# KEY=SVC86hn7562asdx                       PROD=345                         #
##############################################################################
y 1 15
z 300
f 2 "anode" "cathode" 
p 18 61 91 4000 4010 4020 85 86 87 308 354 355 356 2 601 20 3 602 21 
d 1.00000000000000e-12 4.995000000e+00 6.230000000e-01 2.509884046e-07 2.483139725e-07 2.483139725e-07 2.509884046e-07 6.230000000e-01 9.000000000e+01 0.000000000e+00 9.893443999e-01 1.065560005e-02 0.000000000e+00 0.000000000e+00 -2.446395629e-07 2.000000000e+00 2.000000000e+00 2.446395628e-07 
d 3.00000000000000e-12 4.985000000e+00 6.230000000e-01 2.504859253e-07 2.478168475e-07 2.478168475e-07 2.504859253e-07 6.230000000e-01 9.000000000e+01 0.000000000e+00 9.893443999e-01 1.065560005e-02 0.000000000e+00 0.000000000e+00 -2.446305973e-07 2.000000000e+00 2.000000000e+00 2.446305973e-07 
d 7.00000000000000e-12 4.965000000e+00 6.230000000e-01 2.494809667e-07 2.468225973e-07 2.468225973e-07 2.494809667e-07 6.230000000e-01 9.000000000e+01 0.000000000e+00 9.893443999e-01 1.065560005e-02 0.000000000e+00 0.000000000e+00 -2.445863280e-07 2.000000000e+00 2.000000000e+00 2.445863280e-07 
d 1.50000000000000e-11 4.925000000e+00 6.230000000e-01 2.474710496e-07 2.448340970e-07 2.448340970e-07 2.474710496e-07 6.230000000e-01 9.000000000e+01 0.000000000e+00 9.893443999e-01 1.065560005e-02 0.000000000e+00 0.000000000e+00 -2.443917750e-07 2.000000000e+00 2.000000000e+00 2.443917750e-07 
d 3.10000000000000e-11 4.845000000e+00 6.230000000e-01 2.434512153e-07 2.408570965e-07 2.408570965e-07 2.434512153e-07 6.230000000e-01 9.000000000e+01 0.000000000e+00 9.893443999e-01 1.065560005e-02 0.000000000e+00 0.000000000e+00 -2.435927951e-07 2.000000000e+00 2.000000000e+00 2.435927950e-07 
d 6.30000000000000e-11 4.685000000e+00 6.230000000e-01 2.354115466e-07 2.329030953e-07 2.329030953e-07 2.354115466e-07 6.230000000e-01 9.000000000e+01 0.000000000e+00 9.893443999e-01 1.065560005e-02 0.000000000e+00 0.000000000e+00 -2.405525947e-07 2.000000000e+00 2.000000000e+00 2.405525947e-07 
d 1.27000000000000e-10 4.365000000e+00 6.230000000e-01 2.193322094e-07 2.169950931e-07 2.169950931e-07 2.193322094e-07 6.230000000e-01 9.000000000e+01 0.000000000e+00 9.893443999e-01 1.065560005e-02 0.000000000e+00 0.000000000e+00 -2.303986083e-07 2.000000000e+00 2.000000000e+00 2.303986083e-07 
d 2.55000000000000e-10 3.725000000e+00 6.230000000e-01 1.871735349e-07 1.851790886e-07 1.851790886e-07 1.871735349e-07 6.230000000e-01 9.000000000e+01 0.000000000e+00 9.893443999e-01 1.065560005e-02 0.000000000e+00 0.000000000e+00 -2.025539486e-07 2.000000000e+00 2.000000000e+00 2.025539486e-07 
d 5.11000000000000e-10 2.445000000e+00 6.230000000e-01 1.228561860e-07 1.215470796e-07 1.215470796e-07 1.228561860e-07 6.230000000e-01 9.000000000e+01 0.000000000e+00 9.893443999e-01 1.065560005e-02 0.000000000e+00 0.000000000e+00 -1.399900105e-07 2.000000000e+00 2.000000000e+00 1.399900105e-07 
d 1.02300000000000e-09 0.000000000e+00 0.000000000e+00 0.000000000e+00 0.000000000e+00 0.000000000e+00 0.000000000e+00 0.000000000e+00 9.000000000e+01 0.000000000e+00 9.893443999e-01 1.065560005e-02 0.000000000e+00 0.000000000e+00 -1.800890048e-08 2.000000000e+00 2.000000000e+00 1.802081623e-08 
d 2.04700000000000e-09 0.000000000e+00 0.000000000e+00 0.000000000e+00 0.000000000e+00 0.000000000e+00 0.000000000e+00 0.000000000e+00 9.000000000e+01 0.000000000e+00 9.893443999e-01 1.065560005e-02 0.000000000e+00 0.000000000e+00 -2.852601245e-09 2.000000000e+00 2.000000000e+00 3.352603345e-09 
d 3.92158882512394e-09 0.000000000e+00 0.000000000e+00 0.000000000e+00 0.000000000e+00 0.000000000e+00 0.000000000e+00 0.000000000e+00 9.000000000e+01 0.000000000e+00 9.893443999e-01 1.065560005e-02 0.000000000e+00 0.000000000e+00 -2.627488472e-09 2.000000000e+00 2.000000000e+00 2.626385715e-09 
d 7.67076647537183e-09 0.000000000e+00 0.000000000e+00 0.000000000e+00 0.000000000e+00 0.000000000e+00 0.000000000e+00 0.000000000e+00 9.000000000e+01 0.000000000e+00 9.893443999e-01 1.065560005e-02 0.000000000e+00 0.000000000e+00 -7.284470892e-10 2.000000000e+00 2.000000000e+00 7.284470773e-10 
d 1.00000000000000e-08 0.000000000e+00 0.000000000e+00 0.000000000e+00 0.000000000e+00 0.000000000e+00 0.000000000e+00 0.000000000e+00 9.000000000e+01 0.000000000e+00 9.893443999e-01 1.065560005e-02 0.000000000e+00 0.000000000e+00 -3.671039120e-10 2.000000000e+00 2.000000000e+00 3.671038335e-10 
