v ATLAS
# This file was created by ATLAS version 5.26.1.R on Tue Apr 17 18:29:19 2018.
#SSF 2.0 generic
##############################################################################
#                    Copyright (c) 1984 - 2018                               #
#                    Silvaco Inc. All rights reserved                        #
#                                                                            #
# This file format and the following Key are copyright Silvaco Inc.          #
# You may not use, this format or key without reproducing this message in    #
# full and obtaining express written permission from Silvaco Inc.            #
#                                                                            #
# To obtain such permission please contact: Silvaco Inc.                     #
#                                           support@silvaco.com              #
#                                                                            #
# KEY=SVC86hn7562asdx                       PROD=345                         #
##############################################################################
y 1 15
z 300
f 2 "anode" "cathode" 
o 1 hall1
o 2 hall2
o 3 reference
p 9 2 601 20 3 602 21 3000 3001 3002 
d 0.000000000e+00 0.000000000e+00 -2.986273825e-18 0.000000000e+00 0.000000000e+00 -2.908124349e-18 -4.666576066e-01 -4.666576066e-01 -4.666576066e-01 
d 5.000000000e-02 5.000000000e-02 3.908638161e-04 0.000000000e+00 0.000000000e+00 -3.908638161e-04 -4.410808299e-01 -4.422346794e-01 -4.416575579e-01 
d 1.000000000e-01 1.000000000e-01 7.637263155e-04 0.000000000e+00 0.000000000e+00 -7.637263155e-04 -4.155257240e-01 -4.177906052e-01 -4.166574214e-01 
d 1.500000000e-01 1.500000000e-01 1.119803260e-03 0.000000000e+00 0.000000000e+00 -1.119803260e-03 -3.899914701e-01 -3.933261118e-01 -3.916572106e-01 
d 2.000000000e-01 2.000000000e-01 1.460203219e-03 0.000000000e+00 0.000000000e+00 -1.460203317e-03 -3.644772854e-01 -3.688419035e-01 -3.666569376e-01 
d 2.500000000e-01 2.500000000e-01 1.785939578e-03 0.000000000e+00 0.000000000e+00 -1.785939579e-03 -3.389824216e-01 -3.443386642e-01 -3.416566145e-01 
d 3.000000000e-01 3.000000000e-01 2.097939483e-03 0.000000000e+00 0.000000000e+00 -2.097939703e-03 -3.135061575e-01 -3.198170546e-01 -3.166562496e-01 
d 3.500000000e-01 3.500000000e-01 2.397054637e-03 0.000000000e+00 0.000000000e+00 -2.397054637e-03 -2.880478043e-01 -2.952777209e-01 -2.916558549e-01 
d 4.000000000e-01 4.000000000e-01 2.684066514e-03 0.000000000e+00 0.000000000e+00 -2.684066514e-03 -2.626066951e-01 -2.707212836e-01 -2.666554358e-01 
d 4.500000000e-01 4.500000000e-01 2.959694606e-03 0.000000000e+00 0.000000000e+00 -2.959695409e-03 -2.371821862e-01 -2.461483454e-01 -2.416549964e-01 
d 5.000000000e-01 5.000000000e-01 3.224604677e-03 0.000000000e+00 0.000000000e+00 -3.224605257e-03 -2.117736696e-01 -2.215595013e-01 -2.166545515e-01 
d 5.500000000e-01 5.500000000e-01 3.479409049e-03 0.000000000e+00 0.000000000e+00 -3.479409470e-03 -1.863805455e-01 -1.969553161e-01 -1.916541016e-01 
d 6.000000000e-01 6.000000000e-01 3.724675168e-03 0.000000000e+00 0.000000000e+00 -3.724675475e-03 -1.610022407e-01 -1.723363420e-01 -1.666536515e-01 
d 6.500000000e-01 6.500000000e-01 3.960928767e-03 0.000000000e+00 0.000000000e+00 -3.960928993e-03 -1.356382022e-01 -1.477031141e-01 -1.416532056e-01 
d 7.000000000e-01 7.000000000e-01 4.188657634e-03 0.000000000e+00 0.000000000e+00 -4.188657800e-03 -1.102878968e-01 -1.230561507e-01 -1.166527673e-01 
d 7.500000000e-01 7.500000000e-01 4.408314971e-03 0.000000000e+00 0.000000000e+00 -4.408315094e-03 -8.495081014e-02 -9.839595394e-02 -9.165233970e-02 
d 8.000000000e-01 8.000000000e-01 4.620322411e-03 0.000000000e+00 0.000000000e+00 -4.620322503e-03 -5.962644619e-02 -7.372300951e-02 -6.665192550e-02 
d 8.500000000e-01 8.500000000e-01 4.825072722e-03 0.000000000e+00 0.000000000e+00 -4.825072791e-03 -3.431432660e-02 -4.903778750e-02 -4.165152686e-02 
d 9.000000000e-01 9.000000000e-01 5.022932230e-03 0.000000000e+00 0.000000000e+00 -5.022932282e-03 -9.013990178e-03 -2.434074241e-02 -1.665114564e-02 
d 9.500000000e-01 9.500000000e-01 5.214243014e-03 0.000000000e+00 0.000000000e+00 -5.214243053e-03 1.627500772e-02 3.676864750e-04 8.349216661e-03 
d 1.000000000e+00 1.000000000e+00 5.399324877e-03 0.000000000e+00 0.000000000e+00 -5.399324906e-03 4.155309564e-02 2.508707472e-02 3.334955879e-02 
