v ATLAS
# This file was created by ATLAS version 5.26.1.R on Tue Apr 17 18:29:16 2018.
#SSF 2.0 generic
##############################################################################
#                    Copyright (c) 1984 - 2018                               #
#                    Silvaco Inc. All rights reserved                        #
#                                                                            #
# This file format and the following Key are copyright Silvaco Inc.          #
# You may not use, this format or key without reproducing this message in    #
# full and obtaining express written permission from Silvaco Inc.            #
#                                                                            #
# To obtain such permission please contact: Silvaco Inc.                     #
#                                           support@silvaco.com              #
#                                                                            #
# KEY=SVC86hn7562asdx                       PROD=345                         #
##############################################################################
y 1 15
z 300
f 2 "anode" "cathode" 
o 1 hall1
o 2 hall2
o 3 reference
p 9 2 601 20 3 602 21 3000 3001 3002 
d 0.000000000e+00 0.000000000e+00 1.029773777e-18 0.000000000e+00 0.000000000e+00 1.029773777e-18 4.666576066e-01 4.666576066e-01 4.666576066e-01 
d 5.000000000e-02 5.000000000e-02 7.943938324e-04 0.000000000e+00 0.000000000e+00 -7.943938328e-04 4.896519284e-01 4.936631196e-01 4.916576350e-01 
d 1.000000000e-01 1.000000000e-01 1.583287707e-03 0.000000000e+00 0.000000000e+00 -1.583287719e-03 5.126500693e-01 5.206634968e-01 5.166577516e-01 
d 1.500000000e-01 1.500000000e-01 2.361371999e-03 0.000000000e+00 0.000000000e+00 -2.361372066e-03 5.356559282e-01 5.476534253e-01 5.416580069e-01 
d 2.000000000e-01 2.000000000e-01 3.123702610e-03 0.000000000e+00 0.000000000e+00 -3.123702761e-03 5.586737141e-01 5.746274202e-01 5.666584570e-01 
d 2.500000000e-01 2.500000000e-01 3.865847844e-03 0.000000000e+00 0.000000000e+00 -3.865848025e-03 5.817080583e-01 6.015797711e-01 5.916591624e-01 
d 3.000000000e-01 3.000000000e-01 4.583997604e-03 0.000000000e+00 0.000000000e+00 -4.583997733e-03 6.047640816e-01 6.285045224e-01 6.166601867e-01 
d 3.500000000e-01 3.500000000e-01 5.275030650e-03 0.000000000e+00 0.000000000e+00 -5.275030707e-03 6.278474069e-01 6.553954943e-01 6.416615938e-01 
d 4.000000000e-01 4.000000000e-01 5.936540169e-03 0.000000000e+00 0.000000000e+00 -5.936540184e-03 6.509641159e-01 6.822463441e-01 6.666634436e-01 
d 4.500000000e-01 4.500000000e-01 6.566821682e-03 0.000000000e+00 0.000000000e+00 -6.566821685e-03 6.741206523e-01 7.090506651e-01 6.916657886e-01 
d 5.000000000e-01 5.000000000e-01 7.164830254e-03 0.000000000e+00 0.000000000e+00 -7.164830254e-03 6.973236798e-01 7.358021163e-01 7.166686711e-01 
d 5.500000000e-01 5.500000000e-01 7.730115411e-03 0.000000000e+00 0.000000000e+00 -7.730115411e-03 7.205799070e-01 7.624945718e-01 7.416721211e-01 
d 6.000000000e-01 6.000000000e-01 8.262742289e-03 0.000000000e+00 0.000000000e+00 -8.262742289e-03 7.438958934e-01 7.891222781e-01 7.666761561e-01 
d 6.500000000e-01 6.500000000e-01 8.763206600e-03 0.000000000e+00 0.000000000e+00 -8.763206603e-03 7.672778514e-01 8.156800073e-01 7.916807826e-01 
d 7.000000000e-01 7.000000000e-01 9.232349703e-03 0.000000000e+00 0.000000000e+00 -9.232349716e-03 7.907314604e-01 8.421631936e-01 8.166859977e-01 
d 7.500000000e-01 7.500000000e-01 9.671278382e-03 0.000000000e+00 0.000000000e+00 -9.671278423e-03 8.142617035e-01 8.685680462e-01 8.416917926e-01 
d 8.000000000e-01 8.000000000e-01 1.008129240e-02 0.000000000e+00 0.000000000e+00 -1.008129249e-02 8.378727378e-01 8.948916300e-01 8.666981560e-01 
d 8.500000000e-01 8.500000000e-01 1.046382145e-02 0.000000000e+00 0.000000000e+00 -1.046382163e-02 8.615678022e-01 9.211319121e-01 8.917050773e-01 
d 9.000000000e-01 9.000000000e-01 1.082037210e-02 0.000000000e+00 0.000000000e+00 -1.082037237e-02 8.853491671e-01 9.472877749e-01 9.167125497e-01 
d 9.500000000e-01 9.500000000e-01 1.115248446e-02 0.000000000e+00 0.000000000e+00 -1.115248483e-02 9.092181224e-01 9.733589954e-01 9.417205727e-01 
d 1.000000000e+00 1.000000000e+00 1.146169788e-02 0.000000000e+00 0.000000000e+00 -1.146169830e-02 9.331750021e-01 9.993461986e-01 9.667291538e-01 
