v VICTORYDEVICE
# silvaco.file ASCII version=1.14.23 format=1 contents=SDB,Tables=1

Copyright "###################################################################"
Copyright "#                    Copyright Silvaco Inc. (c)                   #"
Copyright "#                            1992-2014                            #"
Copyright "#                                                                 #"
Copyright "# This file format and the following Key are copyright Silvaco    #"
Copyright "# International. You may not use, this format or key without      #"
Copyright "# reproducing this message in full and obtaining                  #"
Copyright "# express written permission from Silvaco Inc.                    #"
Copyright "#                                                                 #"
Copyright "# To obtain such permission please contact: Silvaco Inc.          #"
Copyright "#                                           support@silvaco.com   #"
Copyright "#                                                                 #"
Copyright "# KEY=SVC86hn7562asdx                       PROD=345              #"
Copyright "###################################################################"
#This file was created by VICTORYDEVICE version 1.12.1.R
#victoryd 1.12.1.R (Thu Apr 12 10:17:20 PDT 2018)
#libSDB 1.12.42 (Thu Oct 26 19:20:24 PDT 2017)
a VICTORYDEVICE
j 1 9
k 14
r 1 92
x 3 43 42 46
w word1 1 1
r 2 92
x 3 43 42 46
w Q3 1 2
r 3 92
x 3 43 42 46
w Q2 1 3
r 4 92
x 3 43 42 46
w Q2_Bar 1 4
r 5 92
x 3 43 42 46
w Q3_Bar 1 5
r 6 92
x 3 43 42 46
w word2 1 6
r 7 92
x 3 43 42 46
w Q1 1 7
r 8 92
x 3 43 42 46
w Vdd2 1 8
r 9 92
x 3 43 42 46
w Q1_Bar 1 9
r 10 92
x 3 43 42 46
w ground2 1 10
r 11 92
x 3 43 42 46
w Bit 1 11
r 12 92
x 3 43 42 46
w ground1 1 12
r 13 92
x 3 43 42 46
w Vdd 1 13
r 14 92
x 3 43 42 46
w Bit_Bar 1 14
y 1 15
z 300
p 46 2 601 20 3 602 21 4 603 22 5 604 23 6 605 24 7 606 25 8 607 26 9 608 27 10 609 28 11 610 29 12 611 30 13 612 31 14 613 32 15 614 33 61 505 502 503
d 0 0 -4.9896713106778609e-09 0.0022771886954054401 0.0022771886954054401 -3.160563858687761e-09 0.0022771886954054401 0.0022771886954054401 -5.4107662305410529e-19 0.0022784257013631821 0.0022784257013631821 1.308938045929424e-18 0.0022784257013631821 0.0022784257013631821 -3.1738802342711365e-09 0 0 -4.990304662209232e-09 0.0022659864753536521 0.0022659864753536521 0 0.008 0.008 1.7306817785503324e-08 0.0022672949021422667 0.0022672949021422667 0 0 0 -7.9250694052675958e-09 0 0 -4.358038522552052e-09 0 0 -7.9474945024450719e-09 0.008 0.008 3.4539457018555123e-08 0 0 -4.3288786135210434e-09 1.0000000000000003e-11 0 0 0
d 0 0 -4.6146995577774231e-09 0.0065977528078903494 0.0065977528078903494 -2.9869302740614364e-09 0.0065977528078903494 0.0065977528078903494 6.1742870231519996e-19 0.0066058875820346153 0.0066058875820346153 -4.034581709533518e-19 0.0066058875820346153 0.0066058875820346153 -3.0140098077058454e-09 0 0 -4.620930027936598e-09 0.0065854199862131514 0.0065854199862131514 0 0.024 0.024 1.750870942163143e-08 0.0065937123428755854 0.0065937123428755854 0 0 0 -8.1927290158808906e-09 0 0 -4.6709688155325718e-09 0 0 -8.2400632298784221e-09 0.024 0.024 3.4940758215598357e-08 0 0 -4.6013675684791916e-09 3.0000000000000006e-11 0 0 0
d 0 0 -4.0227059053198793e-09 0.014382034248659751 0.014382034248659751 -2.5126930467013763e-09 0.014382034248659751 0.014382034248659751 -5.4511698675612056e-19 0.014419733212360624 0.014419733212360624 -3.1544160428434062e-19 0.014419733212360624 0.014419733212360624 -2.5642146881446204e-09 0 0 -4.0384176417931303e-09 0.01436616480820683 0.01436616480820683 0 0.056 0.056 1.8400334099998294e-08 0.014404177481160048 0.014404177481160048 0 0 0 -9.0317227411203596e-09 0 0 -5.3108150979652723e-09 0 0 -9.1317802119356998e-09 0.056 0.056 3.671223210842872e-08 0 0 -5.1767905104879264e-09 7.0000000000000017e-11 0 0 0
d 0 0 -2.9953924577972529e-09 0.026867056796878626 0.026867056796878626 -1.6799400325812e-09 0.026867056796878626 0.026867056796878626 -6.2946963961988936e-18 0.027018407704901534 0.027018407704901534 -7.2471624047146623e-18 0.027018407704901534 0.027018407704901534 -1.7735030526699904e-09 0 0 -3.0271343308085605e-09 0.02684460916813227 0.02684460916813227 0 0.12 0.12 2.025859636922641e-08 0.02699654738221011 0.02699654738221011 0 0 0 -1.1078120198549446e-08 0 0 -6.1126718597642504e-09 0 0 -1.1293365398770222e-08 0.12 0.12 4.0401489185875536e-08 0 0 -5.894804941221994e-09 1.5000000000000005e-10 0 0 0
d 0 0 -2.46078484166224e-09 0.044717466050269848 0.044717466050269848 -1.1955305566467598e-09 0.044717466050269848 0.044717466050269848 -1.9532173204413096e-17 0.045359181978627927 0.045359181978627927 -2.7549387613060271e-17 0.045359181978627927 0.045359181978627927 -1.4294000243338198e-09 0 0 -2.5413354452898264e-09 0.044688066142200708 0.044688066142200708 0 0.24800000000000005 0.24800000000000005 2.829981047075848e-08 0.045331268535478295 0.045331268535478295 0 0 0 -1.7875855049539021e-08 0 0 -7.5817086746177804e-09 0 0 -1.8437939711761455e-08 0.24800000000000005 0.24800000000000005 5.6182844551585636e-08 0 0 -7.2852208344786643e-09 3.1000000000000012e-10 0 0 0
d 0 0 -8.2937950522640509e-09 0.083745002758080889 0.083745002758080889 -5.4063635148537458e-09 0.083745002758080889 0.083745002758080889 2.9487417194351586e-19 0.087983917813331411 0.087983917813331411 9.2500795487722405e-19 0.087983917813331411 0.087983917813331411 -8.0583873357780557e-09 0 0 -9.1805573655894445e-09 0.083736920032304873 0.083736920032304873 0 0.37600000000000011 0.37600000000000011 9.2118143355769767e-08 0.087992435175858252 0.087992435175858252 0 0 0 -6.2996753739350306e-08 0 0 -1.377443304632057e-08 0 0 -6.8403752564369895e-08 0.37600000000000011 0.37600000000000011 1.7636286836865841e-07 0 0 -1.3713576604904912e-08 4.7000000000000024e-10 0 0 0
d 0 0 3.2961140532206349e-09 0.080131792299116322 0.080131792299116322 2.8001084669732633e-08 0.080131792299116322 0.080131792299116322 -1.5092141886601505e-18 0.15796310021491208 0.15796310021491208 -1.0533648792495276e-18 0.15796310021491208 0.15796310021491208 -4.3463541085527194e-08 0 0 -2.0252167553667886e-08 0.079896787903084257 0.079896787903084257 0 0.44000000000000011 0.44000000000000011 2.9349095615796311e-07 0.1581805915056424 0.1581805915056424 0 0 0 -8.3392508790003185e-08 0 0 -1.0210333755214644e-08 0 0 -2.4850528963659381e-07 0.44000000000000011 0.44000000000000011 3.8176313577951435e-07 0 0 -2.2698949971262569e-08 5.5000000000000027e-10 0 0 0
d 0 0 2.3642248607462186e-08 0.033902128209076204 0.033902128209076204 9.719497566059592e-08 0.033902128209076204 0.033902128209076204 -1.0321901143593541e-16 0.2482731018052293 0.2482731018052293 -1.7974597653085849e-16 0.2482731018052293 0.2482731018052293 -1.4000281847811385e-07 0 0 -5.2112906010134168e-08 0.033171544822544377 0.033171544822544377 0 0.47200000000000009 0.47200000000000009 6.9569320373355243e-07 0.24902578054907828 0.24902578054907828 0 0 0 -4.8171222069884115e-08 0 0 -1.417057584737093e-09 0 0 -5.7668563856602608e-07 0.47200000000000009 0.47200000000000009 6.9957776452452977e-07 0 0 -4.4833178518626302e-08 5.9000000000000024e-10 0 0 0
d 0 0 5.5516008721400144e-09 0.012742048353610372 0.012742048353610372 8.505983192769001e-08 0.012742048353610372 0.012742048353610372 -1.8796971353663209e-17 0.32458061449084036 0.32458061449084036 1.3805790007297841e-16 0.32458061449084036 0.32458061449084036 -1.7882166979745272e-07 0 0 -7.3254695049073365e-08 0.012071266903008755 0.012071266903008755 0 0.488 0.488 8.1610073391746439e-07 0.32551065555162945 0.32551065555162945 0 0 0 -7.1453184877950249e-08 0 0 -8.3733227776509119e-09 0 0 -5.5140109977941398e-07 0.488 0.488 7.6837781717729874e-07 0 0 -6.9447058598413106e-08 6.1000000000000017e-10 0 0 0
d 0 0 -1.4727832121684219e-09 0.0082239527471850479 0.0082239527471850479 7.0996351942822089e-08 0.0082239527471850479 0.0082239527471850479 1.6244239043765362e-18 0.36619074743788643 0.36619074743788643 1.619913453932407e-17 0.36619074743788643 0.36619074743788643 -1.7174245735922415e-07 0 0 -7.2128403694341906e-08 0.0076442089426911695 0.0076442089426911695 0 0.496 0.496 7.8953561585104581e-07 0.36706648032799277 0.36706648032799277 0 0 0 -8.5845315411494287e-08 0 0 -1.0580330074451399e-08 0 0 -4.8718127263481594e-07 0.496 0.496 7.3719673474482373e-07 0 0 -7.9988630155735567e-08 6.2000000000000013e-10 0 0 0
d 0 0 -3.6081135806068173e-09 0.0057206696018518577 0.0057206696018518577 5.8694162251542979e-08 0.0057206696018518577 0.0057206696018518577 1.2048646627998397e-18 0.40505705158672506 0.40505705158672506 -1.2925034560830979e-17 0.40505705158672506 0.40505705158672506 -1.513977714462986e-07 0 0 -6.3395165385430573e-08 0.0052217503045149547 0.0052217503045149547 0 0.504 0.504 7.2472464668205789e-07 0.40581208172025274 0.40581208172025274 0 0 0 -9.5965704573973863e-08 0 0 -1.0305524167778948e-08 0 0 -4.1848033931024947e-07 0.504 0.504 6.7998906150560633e-07 0 0 -8.8234214487460225e-08 6.300000000000001e-10 0 0 0
d 0 0 -3.2900588906625439e-09 0.0041300679971450049 0.0041300679971450049 4.7120554908557806e-08 0.0041300679971450049 0.0041300679971450049 2.4479735249127011e-17 0.43805741806586856 0.43805741806586856 -1.0181420729291416e-16 0.43805741806586856 0.43805741806586856 -1.2392469163724352e-07 0 0 -5.137945596286542e-08 0.0037125390109026255 0.0037125390109026255 0 0.512 0.512 6.3957210883383503e-07 0.4386589349474127 0.4386589349474127 0 0 0 -1.0338282379844838e-07 0 0 -8.8134600874162754e-09 0 0 -3.458354455608253e-07 0.512 0.512 6.0749327096269577e-07 0 0 -9.4792026702696794e-08 6.4000000000000006e-10 0 0 0
d 0 0 -2.8279323878792341e-09 0.0029914469199985982 0.0029914469199985982 3.6137766600351503e-08 0.0029914469199985982 0.0029914469199985982 9.389029348068898e-19 0.46431619584883371 0.46431619584883371 -1.0229259561965562e-17 0.46431619584883371 0.46431619584883371 -9.6250224905569221e-08 0 0 -3.9726495590707976e-08 0.0026557034222353952 0.0026557034222353952 0 0.51999999999999991 0.51999999999999991 5.5322717838377937e-07 0.46476731060684023 0.46476731060684023 0 0 0 -1.0966919775470863e-07 0 0 -7.3215853368190543e-09 0 0 -2.7384926433427039e-07 0.51999999999999991 0.51999999999999991 5.3378742052532769e-07 0 0 -1.003929451237845e-07 6.5000000000000003e-10 0 0 0
d 0 0 -2.3928372888198572e-09 0.0022114595561760876 0.0022114595561760876 2.733034272341646e-08 0.0022114595561760876 0.0022114595561760876 4.0740299529461719e-20 0.48449457656925748 0.48449457656925748 -1.9819909221260586e-18 0.48449457656925748 0.48449457656925748 -7.3378710363487902e-08 0 0 -3.0298729461436605e-08 0.0019435668152949764 0.0019435668152949764 0 0.52799999999999991 0.52799999999999991 4.8311063085561074e-07 0.48482292664548376 0.48482292664548376 0 0 0 -1.1517597640842113e-07 0 0 -6.0887177093411548e-09 0 0 -2.1465706357182316e-07 0.52799999999999991 0.52799999999999991 4.7399721520388564e-07 0 0 -1.0538389076483016e-07 6.6e-10 0 0 0
d 0 0 -1.9273563473039474e-09 0.0013885501712698337 0.0013885501712698337 1.7003428206573602e-08 0.0013885501712698337 0.0013885501712698337 -8.5414670052225638e-20 0.51270652643038483 0.51270652643038483 -1.6010246192086361e-18 0.51270652643038483 0.51270652643038483 -4.6394986785594552e-08 0 0 -1.9361142390326592e-08 0.0012018321583498509 0.0012018321583498509 0 0.54399999999999982 0.54399999999999982 4.0804809041553135e-07 0.51289030979775974 0.51289030979775974 0 0 0 -1.25576789099171e-07 0 0 -4.6696016181686642e-09 0 0 -1.4450188138569714e-07 0.54399999999999982 0.54399999999999982 4.1098041043933126e-07 0 0 -1.1494363959848892e-07 6.7999999999999993e-10 0 0 0
d 0 0 -1.7460438077656039e-09 0.00098979685124324238 0.00098979685124324238 1.2150719905275337e-08 0.00098979685124324238 0.00098979685124324238 1.0852146415552693e-18 0.55041626349843842 0.55041626349843842 6.701486450659609e-20 0.55041626349843842 0.55041626349843842 -3.3864892968775482e-08 0 0 -1.4306370197509058e-08 0.00084092702635209422 0.00084092702635209422 0 0.57599999999999973 0.57599999999999973 4.0642896620308163e-07 0.55052923004727594 0.55052923004727594 0 0 0 -1.4763122867121732e-07 0 0 -4.0277132261238776e-09 0 0 -1.1182054197072909e-07 0.57599999999999973 0.57599999999999973 4.1497514562308547e-07 0 0 -1.3544324775287761e-07 7.1999999999999979e-10 0 0 0
d 0 0 -1.733835011463001e-09 0.00092837301791629944 0.00092837301791629944 1.207035357746741e-08 0.00092837301791629944 0.00092837301791629944 5.6826646337902959e-19 0.58322749321775968 0.58322749321775968 1.016214543578546e-18 0.58322749321775968 0.58322749321775968 -3.3858629403121809e-08 0 0 -1.4200631900218704e-08 0.00077875395837644144 0.00077875395837644144 0 0.60799999999999965 0.60799999999999965 4.5412683422346932e-07 0.58333454220221093 0.58333454220221093 0 0 0 -1.7233632246295069e-07 0 0 -4.0187969901186684e-09 0 0 -1.120352931977128e-07 0.60799999999999965 0.60799999999999965 4.6281895813915877e-07 0 0 -1.584940785896473e-07 7.5999999999999965e-10 0 0 0
d 0 0 -1.7158972946818722e-09 0.00086695341030115477 0.00086695341030115477 1.1786266557343599e-08 0.00086695341030115477 0.00086695341030115477 2.9911727761366787e-18 0.6155896825132039 0.6155896825132039 -3.5104009949533596e-17 0.6155896825132039 0.6155896825132039 -3.3294820269625149e-08 0 0 -1.3885565757356808e-08 0.00071838866701552661 0.00071838866701552661 0 0.63999999999999946 0.63999999999999946 5.0519750473772779e-07 0.61568736545146718 0.61568736545146718 0 0 0 -1.9977475316737017e-07 0 0 -3.9856035550300624e-09 0 0 -1.107760903235095e-07 0.63999999999999946 0.63999999999999946 5.1429724105279402e-07 0 0 -1.8415933098587984e-07 7.9999999999999951e-10 0 0 0
d 0 0 -1.7046002779926029e-09 0.00081976688695279472 0.00081976688695279472 1.1606511177176786e-08 0.00081976688695279472 0.00081976688695279472 1.949348720793491e-18 0.64747733654298767 0.64747733654298767 -2.3914387078949068e-18 0.64747733654298767 0.64747733654298767 -3.2990183823251473e-08 0 0 -1.3685089492007611e-08 0.00067158863486399567 0.00067158863486399567 0 0.67199999999999938 0.67199999999999938 5.6292839803339675e-07 0.64756636589526362 0.64756636589526362 0 0 0 -2.3016809242031891e-07 0 0 -3.9682560297488419e-09 0 0 -1.1016983518291989e-07 0.67199999999999938 0.67199999999999938 5.7234162549253189e-07 0 0 -2.1264575211331632e-07 8.3999999999999937e-10 0 0 0
d 0 0 -1.6959415737448282e-09 0.00078061625138695393 0.00078061625138695393 1.1458763801802603e-08 0.00078061625138695393 0.00078061625138695393 3.1077456855025518e-18 0.67903874075464921 0.67903874075464921 3.725595009159235e-18 0.67903874075464921 0.67903874075464921 -3.2754029230519715e-08 0 0 -1.3521020309093366e-08 0.0006326908461225713 0.0006326908461225713 0 0.70399999999999929 0.70399999999999929 6.2700180262032581e-07 0.6791187851008984 0.6791187851008984 0 0 0 -2.6368849478391866e-07 0 0 -3.9564132448331952e-09 0 0 -1.0974240884546397e-07 0.70399999999999929 0.70399999999999929 6.3672454677609963e-07 0 0 -2.4412026803256716e-07 8.7999999999999924e-10 0 0 0
d 0 0 -1.6891561632635816e-09 0.00074772807650559181 0.00074772807650559181 1.1336408074874795e-08 0.00074772807650559181 0.00074772807650559181 2.7100587536829825e-18 0.71034356102608598 0.71034356102608598 7.3781466615075873e-18 0.71034356102608598 0.71034356102608598 -3.2572497664432799e-08 0 0 -1.3385421914588628e-08 0.00059994164066717946 0.00059994164066717946 0 0.7359999999999991 0.7359999999999991 6.9770772668854681e-07 0.71041417803576468 0.71041417803576468 0 0 0 -3.0050671244367519e-07 0 0 -3.9488665031764877e-09 0 0 -1.0947215511292624e-07 0.7359999999999991 0.7359999999999991 7.0774897407358906e-07 0 0 -2.7874666193371792e-07 9.199999999999991e-10 0 0 0
d 0 0 -1.6835012132842456e-09 0.00071963440287732918 0.00071963440287732918 1.1229679690948527e-08 0.00071963440287732918 0.00071963440287732918 2.7249033369558591e-18 0.74143892504445119 0.74143892504445119 1.2519186665087962e-17 0.74143892504445119 0.74143892504445119 -3.2422006016102049e-08 0 0 -1.3267360037307989e-08 0.00057193117120780967 0.00057193117120780967 0 0.76799999999999902 0.76799999999999902 7.7529119958584786e-07 0.74149950351094029 0.74149950351094029 0 0 0 -3.40787834974749e-07 0 0 -3.9440803485446191e-09 0 0 -1.0931093328043049e-07 0.76799999999999902 0.76799999999999902 7.8567870114689995e-07 0 0 -3.1668499127057488e-07 9.5999999999999896e-10 0 0 0
d 0 0 -1.6786409912461339e-09 0.00069541629202712007 0.00069541629202712007 1.1133840672876813e-08 0.00069541629202712007 0.00069541629202712007 3.9081802401292899e-18 0.77235536377936775 0.77235536377936775 1.1416449029436369e-17 0.77235536377936775 0.77235536377936775 -3.2292414417885619e-08 0 0 -1.3161538532965224e-08 0.00054776287538739607 0.00054776287538739607 0 0.79999999999999893 0.79999999999999893 8.600433523390216e-07 0.77240518825110094 0.77240518825110094 0 0 0 -3.8469878720779295e-07 0 0 -3.9413323626923582e-09 0 0 -1.09245587799195e-07 0.79999999999999893 0.79999999999999893 8.7081943090633209e-07 0 0 -3.5809354396430549e-07 9.9999999999999882e-10 0 0 0
d 0 0 -3.2949110883555552e-10 -0.00010961001853359883 -0.00010961001853359883 -2.791988545136417e-09 -0.00010961001853359883 -0.00010961001853359883 -6.0086441054882558e-19 0.77673457366894438 0.77673457366894438 -2.6987677383216336e-19 0.77673457366894438 0.77673457366894438 5.8172108823500315e-09 0 0 1.9445816820534911e-09 -8.5286489031116569e-05 -8.5286489031116569e-05 0 0.8 0.8 7.0948856810587465e-07 0.77662547318000896 0.77662547318000896 0 0 0 -3.7721550964761074e-07 0 0 1.21185061145453e-10 0 0 1.6758779053861955e-08 0.8 0.8 7.1311603774005051e-07 0 0 -3.5439558275700993e-07 1.0399999999999987e-09 0 0 0
d 0 0 3.3986483974349281e-11 3.089150746247698e-05 3.089150746247698e-05 5.1802202508962177e-10 3.089150746247698e-05 3.089150746247698e-05 3.1306625175781803e-19 0.77582955202048909 0.77582955202048909 6.7224554791878283e-19 0.77582955202048909 0.77582955202048909 -1.2151419410614913e-09 0 0 -4.1973326911834546e-10 2.6304914578251251e-05 2.6304914578251251e-05 0 0.8 0.8 7.3609724627654905e-07 0.77575616818760218 0.77575616818760218 0 0 0 -3.7726241772852262e-07 0 0 -3.8995674477685254e-11 0 0 -4.9106835570119978e-09 0.8 0.8 7.3698968373508002e-07 0 0 -3.5439183998793628e-07 1.0799999999999985e-09 0 0 0
d 0 0 -2.7305010082824027e-12 4.6681721913918528e-06 4.6681721913918528e-06 -8.9804656645044013e-11 4.6681721913918528e-06 4.6681721913918528e-06 8.2931122301581114e-19 0.77601292829944502 0.77601292829944502 2.9502986284443482e-19 0.77601292829944502 0.77601292829944502 2.2576571881166354e-10 0 0 7.953874225331777e-11 5.3721628122709093e-06 5.3721628122709093e-06 0 0.8 0.8 7.3080098606230693e-07 0.77593218451669133 0.77593218451669133 0 0 0 -3.7722464453610224e-07 0 0 6.0124374162229678e-12 0 0 -7.7320588438775186e-10 0.8 0.8 7.3230025157207115e-07 0 0 -3.5438522183016366e-07 1.1599999999999983e-09 0 0 0
d 0 0 2.1971780204965916e-13 9.0670606239321911e-06 9.0670606239321911e-06 1.099426192527475e-11 9.0670606239321911e-06 9.0670606239321911e-06 -7.4004021271405627e-19 0.77598079942413223 0.77598079942413223 4.799810694732872e-19 0.77598079942413223 0.77598079942413223 -2.8172377018391838e-11 0 0 -9.9794953386245074e-12 8.8919451005545644e-06 8.8919451005545644e-06 0 0.8 0.8 7.3172251931914271e-07 0.7759013545490574 0.7759013545490574 0 0 0 -3.772344987264873e-07 0 0 -3.4346853083719498e-12 0 0 -1.4767807315989173e-09 0.8 0.8 7.3311207517955414e-07 0 0 -3.5438760125693333e-07 1.3199999999999977e-09 0 0 0
d 0 0 -1.5139556960428377e-14 8.5506515130615885e-06 8.5506515130615885e-06 -7.9712026673225071e-13 8.5506515130615885e-06 8.5506515130615885e-06 -5.4542108771259121e-19 0.7759846068288877 0.7759846068288877 1.3412697071810504e-18 0.7759846068288877 0.7759846068288877 2.0531006969532735e-12 0 0 7.271419789836053e-13 8.4784490742008086e-06 8.4784490742008086e-06 0 0.8 0.8 7.3161336167472939e-07 0.77590500728622447 0.77590500728622447 0 0 0 -3.7723329743561427e-07 0 0 -2.2588825285023061e-12 0 0 -1.3938644158135821e-09 0.8 0.8 7.3301605917293441e-07 0 0 -3.5438735044208434e-07 1.6399999999999966e-09 0 0 0
d 0 0 9.7331581860322461e-17 8.5878739407093624e-06 8.5878739407093624e-06 5.2709583881754846e-14 8.5878739407093624e-06 8.5878739407093624e-06 -8.7255699603097008e-19 0.77598431909018206 0.77598431909018206 -8.4277904443357897e-19 0.77598431909018206 0.77598431909018206 -1.3325998884591658e-13 0 0 -4.8100106632827731e-14 8.5082533539805126e-06 8.5082533539805126e-06 0 0.8 0.8 7.316214220227385e-07 0.77590473072809873 0.77590473072809873 0 0 0 -3.7723347343552978e-07 0 0 -2.3447046066082483e-12 0 0 -1.3998458672168823e-09 0.8 0.8 7.3302316380416415e-07 0 0 -3.5438745179206385e-07 2.0000000000000005e-09 0 0 0
Q 2 13 "Voltage #01"
Q 3 13 "Voltage #02"
Q 4 13 "Voltage #03"
Q 5 13 "Voltage #04"
Q 6 13 "Voltage #05"
Q 7 13 "Voltage #06"
Q 8 13 "Voltage #07"
Q 9 13 "Voltage #08"
Q 10 13 "Voltage #09"
Q 11 13 "Voltage #10"
Q 12 13 "Voltage #11"
Q 13 13 "Voltage #12"
Q 14 13 "Voltage #13"
Q 15 13 "Voltage #14"
Q 20 13 "Current #01"
Q 21 13 "Current #02"
Q 22 13 "Current #03"
Q 23 13 "Current #04"
Q 24 13 "Current #05"
Q 25 13 "Current #06"
Q 26 13 "Current #07"
Q 27 13 "Current #08"
Q 28 13 "Current #09"
Q 29 13 "Current #10"
Q 30 13 "Current #11"
Q 31 13 "Current #12"
Q 32 13 "Current #13"
Q 33 13 "Current #14"
Q 61 13 "Transient time"
Q 92 21 Contact
Q 502 13 "SEU Track Charge"
Q 503 13 "SEU Track Cumulative Charge"
Q 505 13 "SEU Track Generation Rate"
Q 601 13 "Int. Voltage #01"
Q 602 13 "Int. Voltage #02"
Q 603 13 "Int. Voltage #03"
Q 604 13 "Int. Voltage #04"
Q 605 13 "Int. Voltage #05"
Q 606 13 "Int. Voltage #06"
Q 607 13 "Int. Voltage #07"
Q 608 13 "Int. Voltage #08"
Q 609 13 "Int. Voltage #09"
Q 610 13 "Int. Voltage #10"
Q 611 13 "Int. Voltage #11"
Q 612 13 "Int. Voltage #12"
Q 613 13 "Int. Voltage #13"
Q 614 13 "Int. Voltage #14"
EOF 2143747879
