v ATLAS
# This file was created by ATLAS version 5.26.1.R on Mon Apr 16 16:25:29 2018.
#SSF 2.0 generic
##############################################################################
#                    Copyright (c) 1984 - 2018                               #
#                    Silvaco Inc. All rights reserved                        #
#                                                                            #
# This file format and the following Key are copyright Silvaco Inc.          #
# You may not use, this format or key without reproducing this message in    #
# full and obtaining express written permission from Silvaco Inc.            #
#                                                                            #
# To obtain such permission please contact: Silvaco Inc.                     #
#                                           support@silvaco.com              #
#                                                                            #
# KEY=SVC86hn7562asdx                       PROD=345                         #
##############################################################################
y 1 15
z 200
f 2 "anode" "cathode" 
o 1 maxfieldY
p 7 2 601 20 3 602 21 3000 
d 0.000000000e+00 0.000000000e+00 -1.554484707e-09 0.000000000e+00 0.000000000e+00 1.554865068e-09 1.261964448e+05 
d 1.000000000e-01 1.000000000e-01 -1.207442670e-09 0.000000000e+00 0.000000000e+00 1.207426219e-09 1.179438955e+05 
d 2.000000000e-01 2.000000000e-01 -9.158875669e-10 0.000000000e+00 0.000000000e+00 9.159209539e-10 1.090756352e+05 
d 1.000000000e-01 1.000000000e-01 -1.207442686e-09 0.000000000e+00 0.000000000e+00 1.207383638e-09 1.179438955e+05 
d 0.000000000e+00 0.000000000e+00 -1.554490076e-09 0.000000000e+00 0.000000000e+00 1.554524425e-09 1.261964448e+05 
d -1.000000000e-01 -1.000000000e-01 -1.965268115e-09 0.000000000e+00 0.000000000e+00 1.965271779e-09 1.339460237e+05 
d -2.000000000e-01 -2.000000000e-01 -2.447596685e-09 0.000000000e+00 0.000000000e+00 2.447554168e-09 1.412748953e+05 
d -3.000000000e-01 -3.000000000e-01 -3.009958586e-09 0.000000000e+00 0.000000000e+00 3.009981343e-09 1.482446157e+05 
d -4.000000000e-01 -4.000000000e-01 -3.664093455e-09 0.000000000e+00 0.000000000e+00 3.664092587e-09 1.549037901e+05 
d -5.000000000e-01 -5.000000000e-01 -4.420503703e-09 0.000000000e+00 0.000000000e+00 4.420524479e-09 1.612902525e+05 
d -6.000000000e-01 -6.000000000e-01 -5.291780614e-09 0.000000000e+00 0.000000000e+00 5.291889326e-09 1.674344909e+05 
d -7.000000000e-01 -7.000000000e-01 -6.289786833e-09 0.000000000e+00 0.000000000e+00 6.289751958e-09 1.733636857e+05 
d -8.000000000e-01 -8.000000000e-01 -7.430402352e-09 0.000000000e+00 0.000000000e+00 7.430412145e-09 1.790978319e+05 
d -9.000000000e-01 -9.000000000e-01 -8.727277830e-09 0.000000000e+00 0.000000000e+00 8.727274189e-09 1.846535389e+05 
d -1.000000000e+00 -1.000000000e+00 -1.019876792e-08 0.000000000e+00 0.000000000e+00 1.019878391e-08 1.900491231e+05 
d -1.100000000e+00 -1.100000000e+00 -1.186312315e-08 0.000000000e+00 0.000000000e+00 1.186316571e-08 1.952986683e+05 
d -1.200000000e+00 -1.200000000e+00 -1.373846375e-08 0.000000000e+00 0.000000000e+00 1.373847367e-08 2.004097866e+05 
d -1.300000000e+00 -1.300000000e+00 -1.584373637e-08 0.000000000e+00 0.000000000e+00 1.584374973e-08 2.053915829e+05 
d -1.400000000e+00 -1.400000000e+00 -1.820463862e-08 0.000000000e+00 0.000000000e+00 1.820471244e-08 2.102576067e+05 
d -1.500000000e+00 -1.500000000e+00 -2.084743215e-08 0.000000000e+00 0.000000000e+00 2.084745506e-08 2.150184028e+05 
d -1.600000000e+00 -1.600000000e+00 -2.379411002e-08 0.000000000e+00 0.000000000e+00 2.379412789e-08 2.196770397e+05 
d -1.700000000e+00 -1.700000000e+00 -2.706866838e-08 0.000000000e+00 0.000000000e+00 2.706861854e-08 2.242346120e+05 
d -1.800000000e+00 -1.800000000e+00 -3.070055168e-08 0.000000000e+00 0.000000000e+00 3.070058849e-08 2.286978419e+05 
d -1.900000000e+00 -1.900000000e+00 -3.472465282e-08 0.000000000e+00 0.000000000e+00 3.472477482e-08 2.330783111e+05 
d -2.000000000e+00 -2.000000000e+00 -3.917951112e-08 0.000000000e+00 0.000000000e+00 3.917953392e-08 2.373847924e+05 
d -2.100000000e+00 -2.100000000e+00 -4.409835558e-08 0.000000000e+00 0.000000000e+00 4.409828288e-08 2.416188000e+05 
d -2.200000000e+00 -2.200000000e+00 -4.951061143e-08 0.000000000e+00 0.000000000e+00 4.951058951e-08 2.457772411e+05 
d -2.300000000e+00 -2.300000000e+00 -5.544647674e-08 0.000000000e+00 0.000000000e+00 5.544646447e-08 2.498591027e+05 
d -2.400000000e+00 -2.400000000e+00 -6.194794736e-08 0.000000000e+00 0.000000000e+00 6.194784090e-08 2.538702347e+05 
d -2.500000000e+00 -2.500000000e+00 -6.906973314e-08 0.000000000e+00 0.000000000e+00 6.906966454e-08 2.578211328e+05 
d -2.600000000e+00 -2.600000000e+00 -7.687029138e-08 0.000000000e+00 0.000000000e+00 7.687035565e-08 2.617203840e+05 
d -2.700000000e+00 -2.700000000e+00 -8.540383559e-08 0.000000000e+00 0.000000000e+00 8.540376989e-08 2.655706107e+05 
d -2.800000000e+00 -2.800000000e+00 -9.471255993e-08 0.000000000e+00 0.000000000e+00 9.471245359e-08 2.693688432e+05 
d -2.900000000e+00 -2.900000000e+00 -1.048326236e-07 0.000000000e+00 0.000000000e+00 1.048326171e-07 2.731097837e+05 
d -3.000000000e+00 -3.000000000e+00 -1.158008546e-07 0.000000000e+00 0.000000000e+00 1.158008114e-07 2.767905804e+05 
d -3.100000000e+00 -3.100000000e+00 -1.276724431e-07 0.000000000e+00 0.000000000e+00 1.276724932e-07 2.804146165e+05 
d -3.200000000e+00 -3.200000000e+00 -1.405290063e-07 0.000000000e+00 0.000000000e+00 1.405291102e-07 2.839907047e+05 
d -3.300000000e+00 -3.300000000e+00 -1.544644940e-07 0.000000000e+00 0.000000000e+00 1.544645436e-07 2.875281727e+05 
d -3.400000000e+00 -3.400000000e+00 -1.695717831e-07 0.000000000e+00 0.000000000e+00 1.695718572e-07 2.910326571e+05 
d -3.500000000e+00 -3.500000000e+00 -1.859313284e-07 0.000000000e+00 0.000000000e+00 1.859324987e-07 2.945049819e+05 
d -3.600000000e+00 -3.600000000e+00 -2.036095546e-07 0.000000000e+00 0.000000000e+00 2.036095551e-07 2.979419845e+05 
d -3.700000000e+00 -3.700000000e+00 -2.226542191e-07 0.000000000e+00 0.000000000e+00 2.226541910e-07 3.013381433e+05 
d -3.800000000e+00 -3.800000000e+00 -2.431032528e-07 0.000000000e+00 0.000000000e+00 2.431032640e-07 3.046880269e+05 
d -3.900000000e+00 -3.900000000e+00 -2.650095868e-07 0.000000000e+00 0.000000000e+00 2.650096420e-07 3.079895508e+05 
d -4.000000000e+00 -4.000000000e+00 -2.884644797e-07 0.000000000e+00 0.000000000e+00 2.884645831e-07 3.112462762e+05 
d -4.500000000e+00 -4.500000000e+00 -4.341017030e-07 0.000000000e+00 0.000000000e+00 4.341017376e-07 3.271051636e+05 
d -5.000000000e+00 -5.000000000e+00 -6.380931843e-07 0.000000000e+00 0.000000000e+00 6.380930598e-07 3.422996682e+05 
d -6.000000000e+00 -6.000000000e+00 -1.292568601e-06 0.000000000e+00 0.000000000e+00 1.292568273e-06 3.707506554e+05 
d -7.000000000e+00 -7.000000000e+00 -2.442532185e-06 0.000000000e+00 0.000000000e+00 2.442532238e-06 3.970519809e+05 
d -8.000000000e+00 -8.000000000e+00 -4.405210357e-06 0.000000000e+00 0.000000000e+00 4.405210165e-06 4.219823433e+05 
d -9.000000000e+00 -9.000000000e+00 -7.542529116e-06 0.000000000e+00 0.000000000e+00 7.542528945e-06 4.452167758e+05 
d -1.000000000e+01 -1.000000000e+01 -1.253676626e-05 0.000000000e+00 0.000000000e+00 1.253676631e-05 4.676574352e+05 
d -1.200000000e+01 -1.200000000e+01 -3.113949226e-05 0.000000000e+00 0.000000000e+00 3.113949230e-05 5.092058820e+05 
d -1.400000000e+01 -1.400000000e+01 -6.922026783e-05 0.000000000e+00 0.000000000e+00 6.922026793e-05 5.473800029e+05 
d -1.600000000e+01 -1.600000000e+01 -1.425887356e-04 0.000000000e+00 0.000000000e+00 1.425887354e-04 5.835155227e+05 
d -1.800000000e+01 -1.800000000e+01 -2.715916986e-04 0.000000000e+00 0.000000000e+00 2.715916984e-04 6.171932118e+05 
d -2.000000000e+01 -2.000000000e+01 -4.900497069e-04 0.000000000e+00 0.000000000e+00 4.900497060e-04 6.493884884e+05 
