v ATLAS
# This file was created by ATLAS version 5.26.1.R on Mon Apr 16 16:25:40 2018.
#SSF 2.0 generic
##############################################################################
#                    Copyright (c) 1984 - 2018                               #
#                    Silvaco Inc. All rights reserved                        #
#                                                                            #
# This file format and the following Key are copyright Silvaco Inc.          #
# You may not use, this format or key without reproducing this message in    #
# full and obtaining express written permission from Silvaco Inc.            #
#                                                                            #
# To obtain such permission please contact: Silvaco Inc.                     #
#                                           support@silvaco.com              #
#                                                                            #
# KEY=SVC86hn7562asdx                       PROD=345                         #
##############################################################################
y 1 15
z 400
f 2 "anode" "cathode" 
o 1 maxfieldY
p 7 2 601 20 3 602 21 3000 
d 0.000000000e+00 0.000000000e+00 -2.626075378e-07 0.000000000e+00 0.000000000e+00 2.626090190e-07 1.172458598e+05 
d 1.000000000e-01 1.000000000e-01 7.531775506e-06 0.000000000e+00 0.000000000e+00 -7.531775501e-06 1.083207884e+05 
d 2.000000000e-01 2.000000000e-01 1.400597843e-04 0.000000000e+00 0.000000000e+00 -1.400597840e-04 9.860091499e+04 
d 1.000000000e-01 1.000000000e-01 7.531775406e-06 0.000000000e+00 0.000000000e+00 -7.531775874e-06 1.083207884e+05 
d 0.000000000e+00 0.000000000e+00 -2.626074948e-07 0.000000000e+00 0.000000000e+00 2.626093914e-07 1.172458598e+05 
d -1.000000000e-01 -1.000000000e-01 -7.922703433e-07 0.000000000e+00 0.000000000e+00 7.922702420e-07 1.255440924e+05 
d -2.000000000e-01 -2.000000000e-01 -9.067859096e-07 0.000000000e+00 0.000000000e+00 9.067857800e-07 1.333315128e+05 
d -3.000000000e-01 -3.000000000e-01 -1.003509114e-06 0.000000000e+00 0.000000000e+00 1.003509171e-06 1.406922386e+05 
d -4.000000000e-01 -4.000000000e-01 -1.105934076e-06 0.000000000e+00 0.000000000e+00 1.105934031e-06 1.476895589e+05 
d -5.000000000e-01 -5.000000000e-01 -1.215987398e-06 0.000000000e+00 0.000000000e+00 1.215987078e-06 1.543725106e+05 
d -6.000000000e-01 -6.000000000e-01 -1.334354622e-06 0.000000000e+00 0.000000000e+00 1.334354742e-06 1.607800071e+05 
d -7.000000000e-01 -7.000000000e-01 -1.461668562e-06 0.000000000e+00 0.000000000e+00 1.461668486e-06 1.669435315e+05 
d -8.000000000e-01 -8.000000000e-01 -1.598565588e-06 0.000000000e+00 0.000000000e+00 1.598565629e-06 1.728890004e+05 
d -9.000000000e-01 -9.000000000e-01 -1.745704055e-06 0.000000000e+00 0.000000000e+00 1.745704000e-06 1.786380519e+05 
d -1.000000000e+00 -1.000000000e+00 -1.903759676e-06 0.000000000e+00 0.000000000e+00 1.903759526e-06 1.842089318e+05 
d -1.100000000e+00 -1.100000000e+00 -2.073430584e-06 0.000000000e+00 0.000000000e+00 2.073430702e-06 1.896172356e+05 
d -1.200000000e+00 -1.200000000e+00 -2.255447351e-06 0.000000000e+00 0.000000000e+00 2.255447279e-06 1.948764666e+05 
d -1.300000000e+00 -1.300000000e+00 -2.450554595e-06 0.000000000e+00 0.000000000e+00 2.450554414e-06 1.999983203e+05 
d -1.400000000e+00 -1.400000000e+00 -2.659529060e-06 0.000000000e+00 0.000000000e+00 2.659528835e-06 2.049929470e+05 
d -1.500000000e+00 -1.500000000e+00 -2.883163525e-06 0.000000000e+00 0.000000000e+00 2.883161358e-06 2.098693502e+05 
d -1.600000000e+00 -1.600000000e+00 -3.122297355e-06 0.000000000e+00 0.000000000e+00 3.122297164e-06 2.146356631e+05 
d -1.700000000e+00 -1.700000000e+00 -3.377789108e-06 0.000000000e+00 0.000000000e+00 3.377789152e-06 2.192991248e+05 
d -1.800000000e+00 -1.800000000e+00 -3.650521383e-06 0.000000000e+00 0.000000000e+00 3.650521219e-06 2.238660219e+05 
d -1.900000000e+00 -1.900000000e+00 -3.941388410e-06 0.000000000e+00 0.000000000e+00 3.941386102e-06 2.283419051e+05 
d -2.000000000e+00 -2.000000000e+00 -4.251323741e-06 0.000000000e+00 0.000000000e+00 4.251323937e-06 2.327319639e+05 
d -2.100000000e+00 -2.100000000e+00 -4.581321163e-06 0.000000000e+00 0.000000000e+00 4.581321322e-06 2.370411837e+05 
d -2.200000000e+00 -2.200000000e+00 -4.932398413e-06 0.000000000e+00 0.000000000e+00 4.932398573e-06 2.412741518e+05 
d -2.300000000e+00 -2.300000000e+00 -5.305591572e-06 0.000000000e+00 0.000000000e+00 5.305591723e-06 2.454347874e+05 
d -2.400000000e+00 -2.400000000e+00 -5.701935021e-06 0.000000000e+00 0.000000000e+00 5.701932727e-06 2.495263496e+05 
d -2.500000000e+00 -2.500000000e+00 -6.122475126e-06 0.000000000e+00 0.000000000e+00 6.122475224e-06 2.535517790e+05 
d -2.600000000e+00 -2.600000000e+00 -6.568324218e-06 0.000000000e+00 0.000000000e+00 6.568324185e-06 2.575140959e+05 
d -2.700000000e+00 -2.700000000e+00 -7.040674640e-06 0.000000000e+00 0.000000000e+00 7.040676853e-06 2.614165212e+05 
d -2.800000000e+00 -2.800000000e+00 -7.540793649e-06 0.000000000e+00 0.000000000e+00 7.540793715e-06 2.652622291e+05 
d -2.900000000e+00 -2.900000000e+00 -8.069964766e-06 0.000000000e+00 0.000000000e+00 8.069964751e-06 2.690539508e+05 
d -3.000000000e+00 -3.000000000e+00 -8.629444337e-06 0.000000000e+00 0.000000000e+00 8.629444320e-06 2.727937460e+05 
d -3.100000000e+00 -3.100000000e+00 -9.220450417e-06 0.000000000e+00 0.000000000e+00 9.220450595e-06 2.764831168e+05 
d -3.200000000e+00 -3.200000000e+00 -9.844218314e-06 0.000000000e+00 0.000000000e+00 9.844218072e-06 2.801233955e+05 
d -3.300000000e+00 -3.300000000e+00 -1.050205063e-05 0.000000000e+00 0.000000000e+00 1.050205077e-05 2.837161707e+05 
d -3.400000000e+00 -3.400000000e+00 -1.119540560e-05 0.000000000e+00 0.000000000e+00 1.119540550e-05 2.872634936e+05 
d -3.500000000e+00 -3.500000000e+00 -1.192588016e-05 0.000000000e+00 0.000000000e+00 1.192588010e-05 2.907677467e+05 
d -3.600000000e+00 -3.600000000e+00 -1.269517378e-05 0.000000000e+00 0.000000000e+00 1.269517379e-05 2.942312620e+05 
d -3.700000000e+00 -3.700000000e+00 -1.350498688e-05 0.000000000e+00 0.000000000e+00 1.350498663e-05 2.976559162e+05 
d -3.800000000e+00 -3.800000000e+00 -1.435693724e-05 0.000000000e+00 0.000000000e+00 1.435693729e-05 3.010429117e+05 
d -3.900000000e+00 -3.900000000e+00 -1.525254351e-05 0.000000000e+00 0.000000000e+00 1.525254329e-05 3.043928317e+05 
d -4.000000000e+00 -4.000000000e+00 -1.619325143e-05 0.000000000e+00 0.000000000e+00 1.619325149e-05 3.077059337e+05 
d -4.500000000e+00 -4.500000000e+00 -2.163182885e-05 0.000000000e+00 0.000000000e+00 2.163182892e-05 3.237480262e+05 
d -5.000000000e+00 -5.000000000e+00 -2.849352837e-05 0.000000000e+00 0.000000000e+00 2.849352852e-05 3.390540838e+05 
d -6.000000000e+00 -6.000000000e+00 -4.757452096e-05 0.000000000e+00 0.000000000e+00 4.757452112e-05 3.677325062e+05 
d -7.000000000e+00 -7.000000000e+00 -7.611501037e-05 0.000000000e+00 0.000000000e+00 7.611501053e-05 3.943483515e+05 
d -8.000000000e+00 -8.000000000e+00 -1.175417772e-04 0.000000000e+00 0.000000000e+00 1.175417778e-04 4.193185139e+05 
d -9.000000000e+00 -9.000000000e+00 -1.757212479e-04 0.000000000e+00 0.000000000e+00 1.757212479e-04 4.427942248e+05 
d -1.000000000e+01 -1.000000000e+01 -2.563826932e-04 0.000000000e+00 0.000000000e+00 2.563826929e-04 4.652231544e+05 
d -1.200000000e+01 -1.200000000e+01 -5.083634294e-04 0.000000000e+00 0.000000000e+00 5.083634277e-04 5.069343724e+05 
d -1.400000000e+01 -1.400000000e+01 -9.354197760e-04 0.000000000e+00 0.000000000e+00 9.354197759e-04 5.454367863e+05 
d -1.600000000e+01 -1.600000000e+01 -1.627549980e-03 0.000000000e+00 0.000000000e+00 1.627549980e-03 5.816717288e+05 
d -1.800000000e+01 -1.800000000e+01 -2.676919126e-03 0.000000000e+00 0.000000000e+00 2.676919124e-03 6.153815610e+05 
d -2.000000000e+01 -2.000000000e+01 -4.250438272e-03 0.000000000e+00 0.000000000e+00 4.250438272e-03 6.477867706e+05 
