v ATLAS
# This file was created by ATLAS version 5.26.1.R on Thu Apr 19 08:24:07 2018.
#SSF 2.0 generic
##############################################################################
#                    Copyright (c) 1984 - 2018                               #
#                    Silvaco Inc. All rights reserved                        #
#                                                                            #
# This file format and the following Key are copyright Silvaco Inc.          #
# You may not use, this format or key without reproducing this message in    #
# full and obtaining express written permission from Silvaco Inc.            #
#                                                                            #
# To obtain such permission please contact: Silvaco Inc.                     #
#                                           support@silvaco.com              #
#                                                                            #
# KEY=SVC86hn7562asdx                       PROD=345                         #
##############################################################################
y 3 700 711 15
z 0.958461 0.00918859 300
f 4 "gate" "source" "drain" "substrate" 
p 13 2 601 20 3 602 21 4 603 22 5 604 23 82 
d 3.000000000e+00 3.000000000e+00 0.000000000e+00 0.000000000e+00 0.000000000e+00 -4.612612927e-05 2.539062500e-01 2.539062500e-01 4.612612927e-05 0.000000000e+00 0.000000000e+00 6.272444880e-23 3.018042234e+02 
d 3.000000000e+00 3.000000000e+00 0.000000000e+00 0.000000000e+00 0.000000000e+00 -4.679449747e-05 2.578125000e-01 2.578125000e-01 4.679449739e-05 0.000000000e+00 0.000000000e+00 -5.716695877e-21 3.018568316e+02 
d 3.000000000e+00 3.000000000e+00 0.000000000e+00 0.000000000e+00 0.000000000e+00 -4.812674658e-05 2.656250000e-01 2.656250000e-01 4.812674658e-05 0.000000000e+00 0.000000000e+00 -1.897872475e-18 3.019641400e+02 
d 3.000000000e+00 3.000000000e+00 0.000000000e+00 0.000000000e+00 0.000000000e+00 -5.077290199e-05 2.812500000e-01 2.812500000e-01 5.077290199e-05 0.000000000e+00 0.000000000e+00 5.431409398e-22 3.021870405e+02 
d 3.000000000e+00 3.000000000e+00 0.000000000e+00 0.000000000e+00 0.000000000e+00 -5.598839458e-05 3.125000000e-01 3.125000000e-01 5.598839458e-05 0.000000000e+00 0.000000000e+00 3.781244426e-20 3.026667560e+02 
d 3.000000000e+00 3.000000000e+00 0.000000000e+00 0.000000000e+00 0.000000000e+00 -6.611262846e-05 3.750000000e-01 3.750000000e-01 6.611262845e-05 0.000000000e+00 0.000000000e+00 -5.795932444e-18 3.037542466e+02 
d 3.000000000e+00 3.000000000e+00 0.000000000e+00 0.000000000e+00 0.000000000e+00 -8.507554777e-05 5.000000000e-01 5.000000000e-01 8.507554777e-05 0.000000000e+00 0.000000000e+00 -9.928463749e-20 3.063951655e+02 
d 3.000000000e+00 3.000000000e+00 0.000000000e+00 0.000000000e+00 0.000000000e+00 -1.020110252e-04 6.250000000e-01 6.250000000e-01 1.020110252e-04 0.000000000e+00 0.000000000e+00 3.953135591e-22 3.095522985e+02 
d 3.000000000e+00 3.000000000e+00 0.000000000e+00 0.000000000e+00 0.000000000e+00 -1.096862630e-04 6.875000000e-01 6.875000000e-01 1.096862630e-04 0.000000000e+00 0.000000000e+00 -2.768027296e-18 3.112868552e+02 
d 3.000000000e+00 3.000000000e+00 0.000000000e+00 0.000000000e+00 0.000000000e+00 -1.168612919e-04 7.500000000e-01 7.500000000e-01 1.168612919e-04 0.000000000e+00 0.000000000e+00 9.424568641e-22 3.131149082e+02 
d 3.000000000e+00 3.000000000e+00 0.000000000e+00 0.000000000e+00 0.000000000e+00 -1.298858545e-04 8.750000000e-01 8.750000000e-01 1.298858545e-04 0.000000000e+00 0.000000000e+00 -6.285457738e-19 3.170101183e+02 
d 3.000000000e+00 3.000000000e+00 0.000000000e+00 0.000000000e+00 0.000000000e+00 -1.357227296e-04 9.375000000e-01 9.375000000e-01 1.357227196e-04 0.000000000e+00 0.000000000e+00 -3.472661382e-21 3.190490398e+02 
d 3.000000000e+00 3.000000000e+00 0.000000000e+00 0.000000000e+00 0.000000000e+00 -1.384828374e-04 9.687500000e-01 9.687500000e-01 1.384828370e-04 0.000000000e+00 0.000000000e+00 4.672359262e-21 3.200874357e+02 
d 3.000000000e+00 3.000000000e+00 0.000000000e+00 0.000000000e+00 0.000000000e+00 -1.398271397e-04 9.843750000e-01 9.843750000e-01 1.398271395e-04 0.000000000e+00 0.000000000e+00 -2.205025942e-21 3.206113825e+02 
d 3.000000000e+00 3.000000000e+00 0.000000000e+00 0.000000000e+00 0.000000000e+00 -1.411445288e-04 1.000000000e+00 1.000000000e+00 1.411445287e-04 0.000000000e+00 0.000000000e+00 5.494249750e-21 3.211377223e+02 
d 3.000000000e+00 3.000000000e+00 0.000000000e+00 0.000000000e+00 0.000000000e+00 -1.507242522e-04 1.125000000e+00 1.125000000e+00 1.507242520e-04 0.000000000e+00 0.000000000e+00 -4.500391557e-21 3.254152667e+02 
d 3.000000000e+00 3.000000000e+00 0.000000000e+00 0.000000000e+00 0.000000000e+00 -1.587047074e-04 1.250000000e+00 1.250000000e+00 1.587047074e-04 0.000000000e+00 0.000000000e+00 3.812992066e-18 3.297643314e+02 
d 3.000000000e+00 3.000000000e+00 0.000000000e+00 0.000000000e+00 0.000000000e+00 -1.652037842e-04 1.375000000e+00 1.375000000e+00 1.652037842e-04 0.000000000e+00 0.000000000e+00 -5.977380395e-18 3.341197198e+02 
d 3.000000000e+00 3.000000000e+00 0.000000000e+00 0.000000000e+00 0.000000000e+00 -1.703838655e-04 1.500000000e+00 1.500000000e+00 1.703838655e-04 0.000000000e+00 0.000000000e+00 7.356422775e-21 3.384344824e+02 
d 3.000000000e+00 3.000000000e+00 0.000000000e+00 0.000000000e+00 0.000000000e+00 -1.743839835e-04 1.625000000e+00 1.625000000e+00 1.743839758e-04 0.000000000e+00 0.000000000e+00 -3.674710075e-22 3.426721758e+02 
d 3.000000000e+00 3.000000000e+00 0.000000000e+00 0.000000000e+00 0.000000000e+00 -1.759902400e-04 1.687500000e+00 1.687500000e+00 1.759900943e-04 0.000000000e+00 0.000000000e+00 -1.754839382e-20 3.447542637e+02 
d 3.000000000e+00 3.000000000e+00 0.000000000e+00 0.000000000e+00 0.000000000e+00 -1.773650721e-04 1.750000000e+00 1.750000000e+00 1.773650714e-04 0.000000000e+00 0.000000000e+00 -7.149408381e-22 3.468168107e+02 
d 3.000000000e+00 3.000000000e+00 0.000000000e+00 0.000000000e+00 0.000000000e+00 -1.809907797e-04 2.000000000e+00 2.000000000e+00 1.809907797e-04 0.000000000e+00 0.000000000e+00 3.440235097e-21 3.548315547e+02 
d 3.000000000e+00 3.000000000e+00 0.000000000e+00 0.000000000e+00 0.000000000e+00 -1.840163583e-04 2.250000000e+00 2.250000000e+00 1.840163583e-04 0.000000000e+00 0.000000000e+00 6.989191203e-21 3.630218754e+02 
d 3.000000000e+00 3.000000000e+00 0.000000000e+00 0.000000000e+00 0.000000000e+00 -1.851854661e-04 2.312500000e+00 2.312500000e+00 1.851854660e-04 0.000000000e+00 0.000000000e+00 3.712491142e-22 3.652764244e+02 
d 3.000000000e+00 3.000000000e+00 0.000000000e+00 0.000000000e+00 0.000000000e+00 -1.862940545e-04 2.375000000e+00 2.375000000e+00 1.862940545e-04 0.000000000e+00 0.000000000e+00 1.168415039e-22 3.675376257e+02 
d 3.000000000e+00 3.000000000e+00 0.000000000e+00 0.000000000e+00 0.000000000e+00 -1.872292693e-04 2.437500000e+00 2.437500000e+00 1.872292690e-04 0.000000000e+00 0.000000000e+00 -1.814893515e-21 3.697597851e+02 
d 3.000000000e+00 3.000000000e+00 0.000000000e+00 0.000000000e+00 0.000000000e+00 -1.879860147e-04 2.500000000e+00 2.500000000e+00 1.879860146e-04 0.000000000e+00 0.000000000e+00 6.756737059e-20 3.719350853e+02 
d 3.000000000e+00 3.000000000e+00 0.000000000e+00 0.000000000e+00 0.000000000e+00 -1.899724767e-04 2.750000000e+00 2.750000000e+00 1.899724767e-04 0.000000000e+00 0.000000000e+00 -1.962311887e-18 3.803823935e+02 
d 3.000000000e+00 3.000000000e+00 0.000000000e+00 0.000000000e+00 0.000000000e+00 -1.906956513e-04 2.875000000e+00 2.875000000e+00 1.906956513e-04 0.000000000e+00 0.000000000e+00 8.438956743e-22 3.845707591e+02 
d 3.000000000e+00 3.000000000e+00 0.000000000e+00 0.000000000e+00 0.000000000e+00 -1.913595334e-04 3.000000000e+00 3.000000000e+00 1.913595331e-04 0.000000000e+00 0.000000000e+00 4.099552219e-21 3.887794355e+02 
d 3.000000000e+00 3.000000000e+00 0.000000000e+00 0.000000000e+00 0.000000000e+00 -1.930098286e-04 3.250000000e+00 3.250000000e+00 1.930098272e-04 0.000000000e+00 0.000000000e+00 -2.505712448e-21 3.975136008e+02 
d 3.000000000e+00 3.000000000e+00 0.000000000e+00 0.000000000e+00 0.000000000e+00 -1.962328174e-04 3.500000000e+00 3.500000000e+00 1.962328132e-04 0.000000000e+00 0.000000000e+00 -2.188720648e-21 4.073977455e+02 
d 3.000000000e+00 3.000000000e+00 0.000000000e+00 0.000000000e+00 0.000000000e+00 -2.018455474e-04 3.750000000e+00 3.750000000e+00 2.018455474e-04 0.000000000e+00 0.000000000e+00 -3.507075747e-21 4.191810290e+02 
d 3.000000000e+00 3.000000000e+00 0.000000000e+00 0.000000000e+00 0.000000000e+00 -2.097808646e-04 4.000000000e+00 4.000000000e+00 2.097808534e-04 0.000000000e+00 0.000000000e+00 -7.286211160e-21 4.331738765e+02 
d 3.000000000e+00 3.000000000e+00 0.000000000e+00 0.000000000e+00 0.000000000e+00 -2.144973191e-04 4.125000000e+00 4.125000000e+00 2.144973188e-04 0.000000000e+00 0.000000000e+00 -7.668808307e-21 4.410416527e+02 
d 3.000000000e+00 3.000000000e+00 0.000000000e+00 0.000000000e+00 0.000000000e+00 -2.196361988e-04 4.250000000e+00 4.250000000e+00 2.196361987e-04 0.000000000e+00 0.000000000e+00 -4.559469793e-22 4.494813167e+02 
d 3.000000000e+00 3.000000000e+00 0.000000000e+00 0.000000000e+00 0.000000000e+00 -2.252164788e-04 4.375000000e+00 4.375000000e+00 2.252164787e-04 0.000000000e+00 0.000000000e+00 1.324470860e-21 4.585406886e+02 
d 3.000000000e+00 3.000000000e+00 0.000000000e+00 0.000000000e+00 0.000000000e+00 -2.313687457e-04 4.500000000e+00 4.500000000e+00 2.313687457e-04 0.000000000e+00 0.000000000e+00 6.054673780e-21 4.683628805e+02 
d 3.000000000e+00 3.000000000e+00 0.000000000e+00 0.000000000e+00 0.000000000e+00 -2.459667757e-04 4.750000000e+00 4.750000000e+00 2.459667757e-04 0.000000000e+00 0.000000000e+00 2.452567602e-21 4.909978695e+02 
d 3.000000000e+00 3.000000000e+00 0.000000000e+00 0.000000000e+00 0.000000000e+00 -2.656446412e-04 5.000000000e+00 5.000000000e+00 2.656446136e-04 0.000000000e+00 0.000000000e+00 -2.933469937e-20 5.199712287e+02 
