v ATLAS
# This file was created by ATLAS version 5.26.1.R on Thu Apr 19 08:09:57 2018.
#SSF 2.0 generic
##############################################################################
#                    Copyright (c) 1984 - 2018                               #
#                    Silvaco Inc. All rights reserved                        #
#                                                                            #
# This file format and the following Key are copyright Silvaco Inc.          #
# You may not use, this format or key without reproducing this message in    #
# full and obtaining express written permission from Silvaco Inc.            #
#                                                                            #
# To obtain such permission please contact: Silvaco Inc.                     #
#                                           support@silvaco.com              #
#                                                                            #
# KEY=SVC86hn7562asdx                       PROD=345                         #
##############################################################################
y 3 700 711 15
z 0.914035 0.017 300
f 4 "gate" "source" "drain" "substrate" 
p 12 2 601 20 3 602 21 4 603 22 5 604 23 
d 2.000000000e+00 2.000000000e+00 0.000000000e+00 0.000000000e+00 0.000000000e+00 -1.662947402e-05 1.125000000e-01 1.125000000e-01 1.662947402e-05 0.000000000e+00 0.000000000e+00 0.000000000e+00 
d 2.000000000e+00 2.000000000e+00 0.000000000e+00 0.000000000e+00 0.000000000e+00 -1.836803562e-05 1.250000000e-01 1.250000000e-01 1.836803562e-05 0.000000000e+00 0.000000000e+00 0.000000000e+00 
d 2.000000000e+00 2.000000000e+00 0.000000000e+00 0.000000000e+00 0.000000000e+00 -2.177375833e-05 1.500000000e-01 1.500000000e-01 2.177375833e-05 0.000000000e+00 0.000000000e+00 0.000000000e+00 
d 2.000000000e+00 2.000000000e+00 0.000000000e+00 0.000000000e+00 0.000000000e+00 -2.829047867e-05 2.000000000e-01 2.000000000e-01 2.829047867e-05 0.000000000e+00 0.000000000e+00 0.000000000e+00 
d 2.000000000e+00 2.000000000e+00 0.000000000e+00 0.000000000e+00 0.000000000e+00 -4.010366869e-05 3.000000000e-01 3.000000000e-01 4.010366869e-05 0.000000000e+00 0.000000000e+00 0.000000000e+00 
d 2.000000000e+00 2.000000000e+00 0.000000000e+00 0.000000000e+00 0.000000000e+00 -5.024975305e-05 4.000000000e-01 4.000000000e-01 5.024975305e-05 0.000000000e+00 0.000000000e+00 0.000000000e+00 
d 2.000000000e+00 2.000000000e+00 0.000000000e+00 0.000000000e+00 0.000000000e+00 -5.872006996e-05 5.000000000e-01 5.000000000e-01 5.872006996e-05 0.000000000e+00 0.000000000e+00 0.000000000e+00 
d 2.000000000e+00 2.000000000e+00 0.000000000e+00 0.000000000e+00 0.000000000e+00 -6.554902745e-05 6.000000000e-01 6.000000000e-01 6.554902745e-05 0.000000000e+00 0.000000000e+00 0.000000000e+00 
d 2.000000000e+00 2.000000000e+00 0.000000000e+00 0.000000000e+00 0.000000000e+00 -7.080557255e-05 7.000000000e-01 7.000000000e-01 7.080557255e-05 0.000000000e+00 0.000000000e+00 0.000000000e+00 
d 2.000000000e+00 2.000000000e+00 0.000000000e+00 0.000000000e+00 0.000000000e+00 -7.465287096e-05 8.000000000e-01 8.000000000e-01 7.465287096e-05 0.000000000e+00 0.000000000e+00 0.000000000e+00 
d 2.000000000e+00 2.000000000e+00 0.000000000e+00 0.000000000e+00 0.000000000e+00 -7.731163126e-05 9.000000000e-01 9.000000000e-01 7.731163126e-05 0.000000000e+00 0.000000000e+00 0.000000000e+00 
d 2.000000000e+00 2.000000000e+00 0.000000000e+00 0.000000000e+00 0.000000000e+00 -7.907634602e-05 1.000000000e+00 1.000000000e+00 7.907634602e-05 0.000000000e+00 0.000000000e+00 0.000000000e+00 
d 2.000000000e+00 2.000000000e+00 0.000000000e+00 0.000000000e+00 0.000000000e+00 -8.029540941e-05 1.100000000e+00 1.100000000e+00 8.029540941e-05 0.000000000e+00 0.000000000e+00 0.000000000e+00 
d 2.000000000e+00 2.000000000e+00 0.000000000e+00 0.000000000e+00 0.000000000e+00 -8.136055624e-05 1.200000000e+00 1.200000000e+00 8.136055624e-05 0.000000000e+00 0.000000000e+00 0.000000000e+00 
d 2.000000000e+00 2.000000000e+00 0.000000000e+00 0.000000000e+00 0.000000000e+00 -8.278134694e-05 1.250000000e+00 1.250000000e+00 8.278134694e-05 0.000000000e+00 0.000000000e+00 0.000000000e+00 
d 2.000000000e+00 2.000000000e+00 0.000000000e+00 0.000000000e+00 0.000000000e+00 -8.646611877e-05 1.300000000e+00 1.300000000e+00 8.646611877e-05 0.000000000e+00 0.000000000e+00 0.000000000e+00 
d 2.000000000e+00 2.000000000e+00 0.000000000e+00 0.000000000e+00 0.000000000e+00 -9.551681128e-05 1.400000000e+00 1.400000000e+00 9.551681128e-05 0.000000000e+00 0.000000000e+00 0.000000000e+00 
d 2.000000000e+00 2.000000000e+00 0.000000000e+00 0.000000000e+00 0.000000000e+00 -1.021605550e-04 1.500000000e+00 1.500000000e+00 1.021605550e-04 0.000000000e+00 0.000000000e+00 0.000000000e+00 
d 2.000000000e+00 2.000000000e+00 0.000000000e+00 0.000000000e+00 0.000000000e+00 -1.067436938e-04 1.600000000e+00 1.600000000e+00 1.067436938e-04 0.000000000e+00 0.000000000e+00 0.000000000e+00 
d 2.000000000e+00 2.000000000e+00 0.000000000e+00 0.000000000e+00 0.000000000e+00 -1.100917666e-04 1.700000000e+00 1.700000000e+00 1.100917666e-04 0.000000000e+00 0.000000000e+00 0.000000000e+00 
d 2.000000000e+00 2.000000000e+00 0.000000000e+00 0.000000000e+00 0.000000000e+00 -1.128195396e-04 1.800000000e+00 1.800000000e+00 1.128195396e-04 0.000000000e+00 0.000000000e+00 0.000000000e+00 
d 2.000000000e+00 2.000000000e+00 0.000000000e+00 0.000000000e+00 0.000000000e+00 -1.153008948e-04 1.900000000e+00 1.900000000e+00 1.153008948e-04 0.000000000e+00 0.000000000e+00 0.000000000e+00 
d 2.000000000e+00 2.000000000e+00 0.000000000e+00 0.000000000e+00 0.000000000e+00 -1.178134110e-04 2.000000000e+00 2.000000000e+00 1.178134110e-04 0.000000000e+00 0.000000000e+00 0.000000000e+00 
d 2.000000000e+00 2.000000000e+00 0.000000000e+00 0.000000000e+00 0.000000000e+00 -1.206578381e-04 2.100000000e+00 2.100000000e+00 1.206578381e-04 0.000000000e+00 0.000000000e+00 0.000000000e+00 
d 2.000000000e+00 2.000000000e+00 0.000000000e+00 0.000000000e+00 0.000000000e+00 -1.241793048e-04 2.200000000e+00 2.200000000e+00 1.241793048e-04 0.000000000e+00 0.000000000e+00 0.000000000e+00 
d 2.000000000e+00 2.000000000e+00 0.000000000e+00 0.000000000e+00 0.000000000e+00 -1.287641491e-04 2.300000000e+00 2.300000000e+00 1.287641491e-04 0.000000000e+00 0.000000000e+00 0.000000000e+00 
d 2.000000000e+00 2.000000000e+00 0.000000000e+00 0.000000000e+00 0.000000000e+00 -1.347585103e-04 2.400000000e+00 2.400000000e+00 1.347585103e-04 0.000000000e+00 0.000000000e+00 0.000000000e+00 
d 2.000000000e+00 2.000000000e+00 0.000000000e+00 0.000000000e+00 0.000000000e+00 -1.424314751e-04 2.500000000e+00 2.500000000e+00 1.424314751e-04 0.000000000e+00 0.000000000e+00 0.000000000e+00 
d 2.000000000e+00 2.000000000e+00 0.000000000e+00 0.000000000e+00 0.000000000e+00 -1.519893142e-04 2.600000000e+00 2.600000000e+00 1.519893142e-04 0.000000000e+00 0.000000000e+00 0.000000000e+00 
d 2.000000000e+00 2.000000000e+00 0.000000000e+00 0.000000000e+00 0.000000000e+00 -1.636897372e-04 2.700000000e+00 2.700000000e+00 1.636897372e-04 0.000000000e+00 0.000000000e+00 0.000000000e+00 
d 2.000000000e+00 2.000000000e+00 0.000000000e+00 0.000000000e+00 0.000000000e+00 -1.778677827e-04 2.800000000e+00 2.800000000e+00 1.778677827e-04 0.000000000e+00 0.000000000e+00 0.000000000e+00 
d 2.000000000e+00 2.000000000e+00 0.000000000e+00 0.000000000e+00 0.000000000e+00 -1.950698250e-04 2.900000000e+00 2.900000000e+00 1.950698250e-04 0.000000000e+00 0.000000000e+00 0.000000000e+00 
d 2.000000000e+00 2.000000000e+00 0.000000000e+00 0.000000000e+00 0.000000000e+00 -2.161125982e-04 3.000000000e+00 3.000000000e+00 2.161125982e-04 0.000000000e+00 0.000000000e+00 0.000000000e+00 
d 2.000000000e+00 2.000000000e+00 0.000000000e+00 0.000000000e+00 0.000000000e+00 -2.424116200e-04 3.100000000e+00 3.100000000e+00 2.424116200e-04 0.000000000e+00 0.000000000e+00 0.000000000e+00 
d 2.000000000e+00 2.000000000e+00 0.000000000e+00 0.000000000e+00 0.000000000e+00 -2.761896776e-04 3.200000000e+00 3.200000000e+00 2.761896776e-04 0.000000000e+00 0.000000000e+00 0.000000000e+00 
d 2.000000000e+00 2.000000000e+00 0.000000000e+00 0.000000000e+00 0.000000000e+00 -3.208393319e-04 3.300000000e+00 3.300000000e+00 3.208393319e-04 0.000000000e+00 0.000000000e+00 0.000000000e+00 
