v ATLAS
# This file was created by ATLAS version 5.26.1.R on Thu Apr 19 16:04:58 2018.
#SSF 2.0 generic
##############################################################################
#                    Copyright (c) 1984 - 2018                               #
#                    Silvaco Inc. All rights reserved                        #
#                                                                            #
# This file format and the following Key are copyright Silvaco Inc.          #
# You may not use, this format or key without reproducing this message in    #
# full and obtaining express written permission from Silvaco Inc.            #
#                                                                            #
# To obtain such permission please contact: Silvaco Inc.                     #
#                                           support@silvaco.com              #
#                                                                            #
# KEY=SVC86hn7562asdx                       PROD=345                         #
##############################################################################
y 1 15
z 300
f 3 "anode" "cathode" "com" 
p 24 91 4000 4010 4020 92 4001 4011 4021 85 86 87 308 354 355 356 2 601 20 3 602 21 4 603 22 
d 1.000000000e-01 3.000000000e-01 2.419643444e-10 1.408559894e-10 1.000000000e+00 5.000000000e-01 4.032739073e-09 2.764136612e-09 2.904992602e-09 4.274703417e-09 3.000000000e-01 9.000000000e+01 3.640916485e-01 6.359083515e-01 7.855853722e-16 0.000000000e+00 0.000000000e+00 -2.299446347e-11 0.000000000e+00 0.000000000e+00 2.299301068e-11 0.000000000e+00 -1.504277557e+00 5.097212572e-15 
d 1.000000000e-01 3.250000000e-01 2.621280397e-10 1.482069928e-10 1.000000000e+00 5.000000000e-01 4.032739073e-09 2.764136612e-09 2.912343605e-09 4.294867112e-09 3.250000000e-01 9.000000000e+01 3.724596883e-01 6.275403117e-01 7.855853722e-16 0.000000000e+00 0.000000000e+00 -2.299462345e-11 0.000000000e+00 0.000000000e+00 2.299301068e-11 0.000000000e+00 -1.504351878e+00 8.569124452e-15 
d 1.000000000e-01 3.500000000e-01 2.822917351e-10 1.588053172e-10 1.000000000e+00 5.000000000e-01 4.032739073e-09 2.764136612e-09 2.922941930e-09 4.315030808e-09 3.500000000e-01 9.000000000e+01 3.738805831e-01 6.261194169e-01 7.855853722e-16 0.000000000e+00 0.000000000e+00 -2.299443840e-11 0.000000000e+00 0.000000000e+00 2.299307045e-11 0.000000000e+00 -1.504546404e+00 3.467364036e-15 
d 1.000000000e-01 3.750000000e-01 3.024554304e-10 1.805792633e-10 1.000000000e+00 5.000000000e-01 4.032739073e-09 2.764136612e-09 2.944715876e-09 4.335194503e-09 3.750000000e-01 9.000000000e+01 3.566371379e-01 6.433628621e-01 7.855853722e-16 0.000000000e+00 0.000000000e+00 -2.299461978e-11 0.000000000e+00 0.000000000e+00 2.299308041e-11 0.000000000e+00 -1.504975539e+00 2.474961342e-15 
d 1.000000000e-01 4.000000000e-01 3.226191258e-10 2.031288689e-10 1.000000000e+00 5.000000000e-01 4.032739073e-09 2.764136612e-09 2.967265481e-09 4.355358198e-09 4.000000000e-01 9.000000000e+01 3.403466131e-01 6.596533869e-01 7.855853722e-16 0.000000000e+00 0.000000000e+00 -2.299444207e-11 0.000000000e+00 0.000000000e+00 2.299308041e-11 0.000000000e+00 -1.505371184e+00 3.549027756e-15 
d 1.000000000e-01 4.250000000e-01 3.427828212e-10 2.237736287e-10 1.000000000e+00 5.000000000e-01 4.032739073e-09 2.764136612e-09 2.987910241e-09 4.375521894e-09 4.250000000e-01 9.000000000e+01 3.287227994e-01 6.712772006e-01 7.855853722e-16 0.000000000e+00 0.000000000e+00 -2.299603505e-11 0.000000000e+00 0.000000000e+00 2.299450482e-11 0.000000000e+00 -1.505683896e+00 7.243492787e-15 
d 1.000000000e-01 4.500000000e-01 3.629465165e-10 2.426922827e-10 1.000000000e+00 5.000000000e-01 4.032739073e-09 2.764136612e-09 3.006828895e-09 4.395685589e-09 4.500000000e-01 9.000000000e+01 3.205191810e-01 6.794808190e-01 7.855853722e-16 0.000000000e+00 0.000000000e+00 -2.309180846e-11 0.000000000e+00 0.000000000e+00 2.309037880e-11 0.000000000e+00 -1.505939839e+00 5.287324603e-15 
d 1.000000000e-01 4.750000000e-01 3.831102119e-10 2.603273214e-10 1.000000000e+00 5.000000000e-01 4.032739073e-09 2.764136612e-09 3.024463934e-09 4.415849284e-09 4.750000000e-01 9.000000000e+01 3.146647113e-01 6.853352887e-01 7.855923561e-16 0.000000000e+00 0.000000000e+00 -2.348801576e-11 0.000000000e+00 0.000000000e+00 2.348654502e-11 0.000000000e+00 -1.506159933e+00 -2.517431818e-15 
d 1.000000000e-01 5.000000000e-01 4.032739073e-10 2.764136612e-10 1.000000000e+00 5.000000000e-01 4.032739073e-09 2.764136612e-09 3.040550274e-09 4.436012980e-09 5.000000000e-01 9.000000000e+01 3.103186111e-01 6.896813889e-01 1.571170744e-15 0.000000000e+00 0.000000000e+00 -2.529391714e-11 0.000000000e+00 0.000000000e+00 2.529232271e-11 0.000000000e+00 -1.506315636e+00 7.540448275e-15 
d 1.000000000e-01 5.250000000e-01 4.234376026e-10 2.904413222e-10 1.000000000e+00 5.000000000e-01 4.032739073e-09 2.764136612e-09 3.054577935e-09 4.456176675e-09 5.250000000e-01 9.000000000e+01 3.065291151e-01 6.934708849e-01 1.418947488e-12 0.000000000e+00 0.000000000e+00 -3.185814985e-11 0.000000000e+00 0.000000000e+00 3.185668705e-11 0.000000000e+00 -1.506332784e+00 -2.602602030e-15 
d 1.000000000e-01 5.500000000e-01 4.436012980e-10 3.052205944e-10 1.000000000e+00 5.000000000e-01 4.032739073e-09 2.764136612e-09 3.069357207e-09 4.476340371e-09 5.500000000e-01 9.000000000e+01 3.015601642e-01 6.984398356e-01 1.933245069e-10 0.000000000e+00 0.000000000e+00 -4.322571171e-11 0.000000000e+00 0.000000000e+00 4.322410286e-11 0.000000000e+00 -1.506246310e+00 -5.833507523e-15 
d 1.000000000e-01 5.750000000e-01 4.637649933e-10 3.213326305e-10 1.000000000e+00 5.000000000e-01 4.032739073e-09 2.764136612e-09 3.085469243e-09 4.496504066e-09 5.750000000e-01 9.000000000e+01 2.977785461e-01 7.022214480e-01 5.856297560e-09 0.000000000e+00 0.000000000e+00 -5.311659577e-11 0.000000000e+00 0.000000000e+00 5.311512145e-11 0.000000000e+00 -1.506200999e+00 -8.789017367e-15 
d 1.000000000e-01 6.000000000e-01 4.839286887e-10 3.369756041e-10 1.000000000e+00 5.000000000e-01 4.032739073e-09 2.764136612e-09 3.101112216e-09 4.516667761e-09 6.000000000e-01 9.000000000e+01 2.948921531e-01 7.051077736e-01 7.330948295e-08 0.000000000e+00 0.000000000e+00 -6.489522810e-11 0.000000000e+00 0.000000000e+00 6.489366798e-11 0.000000000e+00 -1.506104466e+00 -1.295451135e-15 
d 1.000000000e-01 6.250000000e-01 5.040923841e-10 3.451153734e-10 1.000000000e+00 5.000000000e-01 4.032739073e-09 2.764136612e-09 3.109251986e-09 4.536831457e-09 6.250000000e-01 9.000000000e+01 2.927599815e-01 7.072390689e-01 9.495921542e-07 0.000000000e+00 0.000000000e+00 -1.101948164e-10 0.000000000e+00 0.000000000e+00 1.101934056e-10 0.000000000e+00 -1.505115641e+00 -6.771071925e-15 
d 1.000000000e-01 6.500000000e-01 5.242560794e-10 3.307775419e-10 1.000000000e+00 5.000000000e-01 4.032739073e-09 2.764136612e-09 3.094914154e-09 4.556995152e-09 6.500000000e-01 9.000000000e+01 2.932524716e-01 7.067325372e-01 1.499123300e-05 0.000000000e+00 0.000000000e+00 -2.789452083e-10 0.000000000e+00 0.000000000e+00 2.789437721e-10 0.000000000e+00 -1.500609235e+00 4.065355509e-15 
d 1.000000000e-01 6.750000000e-01 5.444197748e-10 3.481777212e-10 1.000000000e+00 5.000000000e-01 4.032739073e-09 2.764136612e-09 3.112314334e-09 4.577158847e-09 6.750000000e-01 9.000000000e+01 2.918998743e-01 7.080379023e-01 6.222345087e-05 0.000000000e+00 0.000000000e+00 -3.160890502e-10 0.000000000e+00 0.000000000e+00 3.160875136e-10 0.000000000e+00 -1.499824161e+00 5.470336146e-15 
d 1.000000000e-01 7.000000000e-01 5.645834702e-10 3.699313711e-10 1.000000000e+00 5.000000000e-01 4.032739073e-09 2.764136612e-09 3.134067983e-09 4.597322543e-09 7.000000000e-01 9.000000000e+01 2.904194582e-01 7.093131670e-01 2.673748142e-04 0.000000000e+00 0.000000000e+00 -3.394029921e-10 0.000000000e+00 0.000000000e+00 3.394014169e-10 0.000000000e+00 -1.499467845e+00 2.381748771e-15 
d 1.000000000e-01 7.250000000e-01 5.847471655e-10 3.914288418e-10 1.000000000e+00 5.000000000e-01 4.032739073e-09 2.764136612e-09 3.155565454e-09 4.617486238e-09 7.250000000e-01 9.000000000e+01 2.891293264e-01 7.098333473e-01 1.037326288e-03 0.000000000e+00 0.000000000e+00 -3.612704063e-10 0.000000000e+00 0.000000000e+00 3.612688583e-10 0.000000000e+00 -1.499130917e+00 1.300982671e-14 
d 1.000000000e-01 7.500000000e-01 6.049108609e-10 4.095200147e-10 1.000000000e+00 5.000000000e-01 4.032739073e-09 2.764136612e-09 3.173656627e-09 4.637649933e-09 7.500000000e-01 9.000000000e+01 2.879995501e-01 7.096747122e-01 2.325737717e-03 0.000000000e+00 0.000000000e+00 -3.793067720e-10 0.000000000e+00 0.000000000e+00 3.793052313e-10 0.000000000e+00 -1.498848730e+00 1.069074435e-15 
d 1.000000000e-01 7.750000000e-01 6.250745563e-10 4.255834937e-10 1.000000000e+00 5.000000000e-01 4.032739073e-09 2.764136612e-09 3.189720106e-09 4.657813629e-09 7.750000000e-01 9.000000000e+01 2.870148839e-01 7.091030514e-01 3.882064779e-03 0.000000000e+00 0.000000000e+00 -3.952004860e-10 0.000000000e+00 0.000000000e+00 3.951990402e-10 0.000000000e+00 -1.498597545e+00 3.112956429e-15 
d 1.000000000e-01 8.000000000e-01 6.452382516e-10 4.404597679e-10 1.000000000e+00 5.000000000e-01 4.032739073e-09 2.764136612e-09 3.204596380e-09 4.677977324e-09 8.000000000e-01 9.000000000e+01 2.861609415e-01 7.087053655e-01 5.133692967e-03 0.000000000e+00 0.000000000e+00 -4.102176597e-10 0.000000000e+00 0.000000000e+00 4.102161318e-10 0.000000000e+00 -1.498359002e+00 8.146638634e-15 
d 1.000000000e-01 8.250000000e-01 6.654019470e-10 4.536316922e-10 1.000000000e+00 5.000000000e-01 4.032739073e-09 2.764136612e-09 3.217768305e-09 4.698141020e-09 8.250000000e-01 9.000000000e+01 2.854572079e-01 7.048319859e-01 9.710806204e-03 0.000000000e+00 0.000000000e+00 -4.210730941e-10 0.000000000e+00 0.000000000e+00 4.210715621e-10 0.000000000e+00 -1.498182652e+00 1.287330673e-14 
d 1.000000000e-01 8.500000000e-01 6.855656423e-10 4.283014651e-10 1.000000000e+00 5.000000000e-01 4.032739073e-09 2.764136612e-09 3.192438077e-09 4.718304715e-09 8.500000000e-01 9.000000000e+01 2.874634623e-01 6.677314445e-01 4.480509322e-02 0.000000000e+00 0.000000000e+00 -3.850455615e-10 0.000000000e+00 0.000000000e+00 3.850440251e-10 0.000000000e+00 -1.498711239e+00 -2.995120429e-15 
d 1.000000000e-01 8.750000000e-01 7.057293377e-10 2.179221085e-10 1.000000000e+00 5.000000000e-01 4.032739073e-09 2.764136612e-09 2.982058721e-09 4.738468410e-09 8.750000000e-01 9.000000000e+01 3.227430259e-01 5.056063007e-01 1.716506735e-01 0.000000000e+00 0.000000000e+00 -1.777574958e-10 0.000000000e+00 0.000000000e+00 1.777559301e-10 0.000000000e+00 -1.501665788e+00 -3.368733927e-15 
d 1.000000000e-01 9.000000000e-01 7.258930331e-10 1.217618770e-10 1.000000000e+00 5.000000000e-01 4.032739073e-09 2.764136612e-09 2.885898489e-09 4.758632106e-09 9.000000000e-01 9.000000000e+01 3.434164696e-01 4.364049176e-01 2.201786128e-01 0.000000000e+00 0.000000000e+00 -8.920163303e-11 0.000000000e+00 0.000000000e+00 8.919999121e-11 0.000000000e+00 -1.502843888e+00 8.932451688e-15 
d 1.000000000e-01 9.250000000e-01 7.460567284e-10 1.118907353e-10 1.000000000e+00 5.000000000e-01 4.032739073e-09 2.764136612e-09 2.876027348e-09 4.778795801e-09 9.250000000e-01 9.000000000e+01 3.451370832e-01 4.275742895e-01 2.272886273e-01 0.000000000e+00 0.000000000e+00 -8.134179499e-11 0.000000000e+00 0.000000000e+00 8.134038523e-11 0.000000000e+00 -1.502936330e+00 -1.546789841e-15 
d 1.000000000e-01 9.500000000e-01 7.662204238e-10 4.733757177e-11 1.000000000e+00 5.000000000e-01 4.032739073e-09 2.764136612e-09 2.811474184e-09 4.798959496e-09 9.500000000e-01 9.000000000e+01 3.585163546e-01 3.846665392e-01 2.568171062e-01 0.000000000e+00 0.000000000e+00 -2.310179146e-11 0.000000000e+00 0.000000000e+00 2.310025190e-11 0.000000000e+00 -1.503679754e+00 1.554023209e-15 
