v VICTORYDEVICE
# silvaco.file ASCII version=1.14.23 format=1 contents=SDB,Tables=1

Copyright "###################################################################"
Copyright "#                    Copyright Silvaco Inc. (c)                   #"
Copyright "#                            1992-2014                            #"
Copyright "#                                                                 #"
Copyright "# This file format and the following Key are copyright Silvaco    #"
Copyright "# International. You may not use, this format or key without      #"
Copyright "# reproducing this message in full and obtaining                  #"
Copyright "# express written permission from Silvaco Inc.                    #"
Copyright "#                                                                 #"
Copyright "# To obtain such permission please contact: Silvaco Inc.          #"
Copyright "#                                           support@silvaco.com   #"
Copyright "#                                                                 #"
Copyright "# KEY=SVC86hn7562asdx                       PROD=345              #"
Copyright "###################################################################"
#This file was created by VICTORYDEVICE version 1.12.1.R
#victoryd 1.12.1.R (Thu Apr 12 10:29:11 PDT 2018)
#libSDB 1.12.42 (Thu Oct 26 19:20:24 PDT 2017)
a VICTORYDEVICE
j 1 9
k 2
r 1 92
x 3 43 42 46
w cathode 1 1
r 2 92
x 3 43 42 46
w anode 1 2
y 1 15
z 300
o 1 Temp_metallurgic
o 2 Temp_N_dope_step
p 13 2 601 20 3 602 21 61 82 505 502 503 3000 3001
d 3500 3500 6.4058208966344382e-09 0 0 -6.4058236224747682e-09 1.1000000000000002e-12 300.28536945887839 2.3047393247786858e-145 3.6926285609937121e-177 3.6926285609937121e-177 300.03900685440993 300.28536913850576
d 3500 3500 6.4058280092091417e-09 0 0 -6.4058235965193262e-09 1.3000000000000003e-12 300.28536945887839 7.3419618648086621e-129 2.3526424688677091e-160 2.3526424688677091e-160 300.03900685440993 300.28536913850576
d 3500 3500 6.4058277016764173e-09 0 0 -6.405823586686033e-09 1.7000000000000002e-12 300.28536945887839 1.8468254795153697e-98 1.1835855690073275e-129 1.1835855690073275e-129 300.03900685440993 300.28536913850576
d 3500 3500 6.4058253395345408e-09 0 0 -6.4058235801999733e-09 2.5000000000000003e-12 300.28536945887839 4.4114946653906558e-48 5.6544394493402223e-79 5.6544394493402223e-79 300.03900685440993 300.28536913850576
d 3500 3500 6.4058250470944909e-09 0 0 -6.4058236236932879e-09 3.7500000000000008e-12 300.28536945887839 3455.1774482180858 6.9198101881959258e-28 6.9198101881959258e-28 300.03900685440993 300.28536913850576
d 3500 3500 5.424613164529922e-06 0 0 -5.4246132938780347e-06 4.375000000000001e-12 300.28565132841032 18278540103757072 1.8303550241762073e-15 1.8303550241768991e-15 300.03906653642423 300.28536637661369
d 3500 3500 1.7833016211161056e-05 0 0 -1.7833016112717836e-05 4.5312500000000013e-12 300.28674090198183 1.3105322577521185e+18 3.2808135779789771e-14 3.4638490803966669e-14 300.0391283606761 300.28535192639208
d 3500 3500 6.4715561481364081e-05 0 0 -6.4715553335926374e-05 4.6484375000000009e-12 300.29190452651608 1.4493389307861699e+19 2.7212288070875862e-13 3.0676137151272532e-13 300.03934662338833 300.28533600905098
d 3500 3500 0.00081958702249808129 0 0 -0.00081958703819795433 4.8242187500000015e-12 300.67649087892278 1.4710126461313448e+20 4.1428839416513288e-12 4.4496453131640546e-12 300.06497218900233 300.28536913843425
d 3500 3500 0.0033971239682955728 0 0 -0.0033971238575729217 5.0000000000000013e-12 302.89200832185014 3.1849202034027155e+20 8.9698445494804077e-12 1.3419489862644462e-11 300.39449823186908 300.28590193900288
d 3500 3500 0.0068256647699663905 0 0 -0.0068256648104389195 5.3515625000000017e-12 307.88439140939431 1.4493389307861699e+19 8.1636864212627587e-13 1.4235858504770738e-11 302.02262796324857 300.29255787856675
d 3500 3500 0.0069362753431874615 0 0 -0.006936275382963355 5.5273437500000015e-12 309.02618178620463 3.046205589827456e+17 8.5791758855741683e-15 1.4244437680656312e-11 302.67074294630891 300.29780099565863
d 3500 3500 0.0069996887298614365 0 0 -0.0069996887110694113 5.8789062500000019e-12 310.14877376904644 1306305692931.7998 7.3580235932949908e-20 1.4244437754236548e-11 303.48577083654226 300.31006686456868
d 3500 3500 0.0070754711908056515 0 0 -0.0070754711842203038 6.5820312500000019e-12 311.1929321764959 2.1332632428820007e-07 2.4032049093510672e-38 1.4244437754236548e-11 304.45684242691863 300.33918476998628
d 3500 3500 0.0071546661225360755 0 0 -0.007154666127593249 7.9882812500000027e-12 312.07691267591548 3.5379962213446378e-77 7.9713836693817417e-108 1.4244437754236548e-11 305.70749951162816 300.3993527607027
d 3500 3500 0.0072313371612238034 0 0 -0.0072313371594834143 1.0800781250000003e-11 312.72217669487424 0 0 1.4244437754236548e-11 307.11158937682774 300.50459512951539
d 3500 3500 0.0073039037412031159 0 0 -0.007303903741583598 1.6425781250000004e-11 317.42681826878061 0 0 1.4244437754236548e-11 308.57036248665185 300.65441610788628
d 3500 3500 0.007362055577387794 0 0 -0.0073620555761412729 2.5000000000000007e-11 322.07752259937189 0 0 1.4244437754236548e-11 309.61984104998851 300.78729254614427
d 3500 3500 0.007404893177240017 0 0 -0.0074048931761944471 3.3574218750000007e-11 324.29666424300223 0 0 1.4244437754236548e-11 309.62794486137255 300.87181781866286
d 3500 3500 0.00744383936686383 0 0 -0.0074438393677705508 4.214843750000001e-11 324.94108504136813 0 0 1.4244437754236548e-11 309.28727535268894 300.94619084712969
d 3500 3500 0.007481779114944377 0 0 -0.0074817791151323334 5.0722656250000013e-11 324.76789773750676 0 0 1.4244437754236548e-11 308.92707153455393 301.03184169878597
d 3500 3500 0.0075547358632120937 0 0 -0.0075547358636321683 6.787109375000002e-11 323.71755911014549 0 0 1.4244437754236548e-11 308.34684592968148 301.28924654771862
d 3500 3500 0.0076259538155861182 0 0 -0.0076259538158132594 8.5019531250000026e-11 323.04843578750786 0 0 1.4244437754236548e-11 307.9823780556132 301.6106747132165
d 3500 3500 0.0077077899484111383 0 0 -0.0077077899485560649 1.0216796875000002e-10 323.69321237930308 0 0 1.4244437754236548e-11 307.90457899744376 301.92205252229598
d 3500 3500 0.0077299351081174137 0 0 -0.007729935107333343 1.0645507812500002e-10 324.09597804638162 0 0 1.4244437754236548e-11 307.94348344444649 301.99522142739363
d 3500 3500 0.0077710372960752257 0 0 -0.0077710372970464896 1.1502929687500002e-10 325.09340991885989 0 0 1.4244437754236548e-11 308.09433228068684 302.12893008563117
d 3500 3500 0.0078031653919919649 0 0 -0.0078031653920397721 1.2360351562500003e-10 326.15974705808389 0 0 1.4244437754236548e-11 308.31317054763707 302.23732537231825
d 3500 3500 0.0078243520458856821 0 0 -0.0078243520463588574 1.3217773437500003e-10 327.09000436786556 0 0 1.4244437754236548e-11 308.55166914632588 302.31637048264975
d 3500 3500 0.0078362255688161353 0 0 -0.0078362255693648179 1.4075195312500003e-10 327.78584423659288 0 0 1.4244437754236548e-11 308.7739011675805 302.36978826882779
d 3500 3500 0.0078406899079859031 0 0 -0.0078406899092266676 1.4932617187500004e-10 328.38397173293765 0 0 1.4244437754236548e-11 308.96794395828101 302.40426324306571
d 3500 3500 0.0078402752257678617 0 0 -0.0078402752264068662 1.5790039062500004e-10 329.0042669471016 0 0 1.4244437754236548e-11 309.13786713026832 302.42575853191209
d 3500 3500 0.007838993496932874 0 0 -0.0078389934924544998 1.6004394531250004e-10 329.1447545012017 0 0 1.4244437754236548e-11 309.17711981277159 302.42923418350136
d 3500 3500 0.0078380608252566746 0 0 -0.0078380608206584396 1.6218750000000004e-10 329.28489965602984 0 0 1.4244437754236548e-11 309.21628328585803 302.43263549461187
d 3500 3500 0.0078373774594781703 0 0 -0.0078373774604505973 1.6433105468750004e-10 329.42288241261019 0 0 1.4244437754236548e-11 309.25490930791733 302.43559452199838
d 3500 3500 0.0078365328501019474 0 0 -0.0078365329605086312 1.6433524131774906e-10 329.42315026824372 0 0 1.4244437754236548e-11 309.25498432266505 302.43559989162264
d 3500 3500 0.0078342141473482334 0 0 -0.0078342136097622663 1.643436145782471e-10 329.42368596836337 0 0 1.4244437754236548e-11 309.25513434912205 302.43561062754054
d 3500 3500 0.0078326648002768114 0 0 -0.0078326646351596085 1.643603610992432e-10 329.42475730691274 0 0 1.4244437754236548e-11 309.25543438519389 302.43563208097009
d 3500 3500 0.0078318287953448914 0 0 -0.0078318289173847176 1.6439385414123538e-10 329.42689973758564 0 0 1.4244437754236548e-11 309.25603439004703 302.43567491423033
d 3500 3500 0.0078311891697139344 0 0 -0.0078311891862194848 1.6446084022521976e-10 329.43118362138796 0 0 1.4244437754236548e-11 309.25723413321856 302.43576028677592
d 3500 3500 0.0078307955912354406 0 0 -0.0078307955842572049 1.6459481239318853e-10 329.43974755652744 0 0 1.4244437754236548e-11 309.25963257516571 302.43592985981553
d 3500 3500 0.0078306639343775752 0 0 -0.0078306639397907017 1.64862756729126e-10 329.45686074619198 0 0 1.4244437754236548e-11 309.26442544243304 302.43626434974237
d 3500 3500 0.0078307742000781246 0 0 -0.007830774209866732 1.6539864540100101e-10 329.49103362578694 0 0 1.4244437754236548e-11 309.27399633984714 302.43691496209482
d 3500 3500 0.0078311838036246757 0 0 -0.0078311838187238633 1.6647042274475102e-10 329.55920683115687 0 0 1.4244437754236548e-11 309.29308831865694 302.43814472485684
d 3500 3500 0.0078325240631065655 0 0 -0.0078325240672119986 1.6861397743225102e-10 329.69518643256447 0 0 1.4244437754236548e-11 309.33114733507927 302.44033361445122
d 3500 3500 0.0078353434662129795 0 0 -0.007835343465976554 1.7290108680725103e-10 329.96806786402095 0 0 1.4244437754236548e-11 309.40734192439345 302.44373799309125
d 3500 3500 0.0078414315328866249 0 0 -0.0078414315333530191 1.8147530555725103e-10 330.53230652084 0 0 1.4244437754236548e-11 309.56421107121002 302.44736298550657
d 3500 3500 0.0078499046378640684 0 0 -0.007849904638375569 1.9323765277862548e-10 331.37063793769391 0 0 1.4244437754236548e-11 309.79959620327224 302.44722818356854
d 3500 3500 0.0078579024080126583 0 0 -0.0078579024079082228 2.0499999999999996e-10 332.27215001201841 0 0 1.4244437754236548e-11 310.06410603225538 302.44308459422206
d 3500 3500 0.0078690703383917718 0 0 -0.0078690703380685772 2.285246944427489e-10 334.02029209313878 0 0 1.4244437754236548e-11 310.63517600712851 302.42829738631764
d 3500 3500 0.0078722195163895628 0 0 -0.0078722195165442134 2.4764352083206165e-10 335.20783898118532 0 0 1.4244437754236548e-11 311.0789314730763 302.41319786088837
d 3500 3500 0.0078709881935011602 0 0 -0.0078709881940382653 2.7632176041603082e-10 336.63418624479732 0 0 1.4244437754236548e-11 311.66585704368077 302.38970395101302
d 3500 3500 0.0078679377095941267 0 0 -0.0078679377095171102 3.0499999999999998e-10 337.90155851011724 0 0 1.4244437754236548e-11 312.20510074125201 302.36721659306869
d 3500 3500 0.0078648002757143887 0 0 -0.0078648002756581733 3.2999999999999995e-10 338.9209195412945 0 0 1.4244437754236548e-11 312.65664698464082 302.34922573633821
d 3500 3500 0.0078587062661882555 0 0 -0.0078587062661513406 3.6749999999999992e-10 340.16018564689887 0 0 1.4244437754236548e-11 313.27098463310739 302.32561008111185
d 3500 3500 0.0078566029239918976 0 0 -0.0078566029118695493 3.6808593749999991e-10 340.17636064395759 0 0 1.4244437754236548e-11 313.27974955927351 302.32528095833294
d 3500 3500 0.0078530346750414082 0 0 -0.0078530346693524537 3.6925781249999995e-10 340.20930761646719 0 0 1.4244437754236548e-11 313.29747626554411 302.3246122103883
d 3500 3500 0.0078524439608194888 0 0 -0.0078524439573085039 3.7160156249999992e-10 340.2743822644332 0 0 1.4244437754236548e-11 313.33267855968995 302.3232868225881
d 3500 3500 0.0078519542371938127 0 0 -0.0078519542359995424 3.7628906249999991e-10 340.40145020380322 0 0 1.4244437754236548e-11 313.4021157931852 302.32068413770577
d 3500 3500 0.0078514058455960122 0 0 -0.007851405844867116 3.8566406249999989e-10 340.64493752163412 0 0 1.4244437754236548e-11 313.53743609022257 302.31566996976852
d 3500 3500 0.0078511544764857284 0 0 -0.0078511544762870731 3.9533203124999989e-10 340.88375677474244 0 0 1.4244437754236548e-11 313.67260118465396 302.31076592338803
d 3500 3500 0.0078511190633063586 0 0 -0.0078511190623396249 4.0499999999999989e-10 341.11221334262177 0 0 1.4244437754236548e-11 313.80392968856364 302.30613460171071
d 3500 3500 0.0078512844719632515 0 0 -0.007851284472161468 4.243359374999999e-10 341.53892052476721 0 0 1.4244437754236548e-11 314.05630643988889 302.29769374765482
d 3500 3500 0.00785140503418022 0 0 -0.0078514050340663926 4.6300781249999986e-10 342.25371816848917 0 0 1.4244437754236548e-11 314.51946817809028 302.28398992004065
d 3500 3500 0.0078508183405474087 0 0 -0.0078508183405341624 5.0500000000000001e-10 342.82712716278098 0 0 1.4244437754236548e-11 314.95983479905857 302.27358442048467
d 3500 3500 0.0078476318954476421 0 0 -0.0078476318956553458 5.8898437500000033e-10 343.4945953477872 0 0 1.4244437754236548e-11 315.67569550567822 302.26511280798366
d 3500 3500 0.0078347932108522571 0 0 -0.0078347932108948446 7.5695312500000106e-10 344.46550727642142 0 0 1.4244437754236548e-11 316.59084039223148 302.28770561479286
d 3500 3500 0.0078099153340184645 0 0 -0.0078099153339735213 1.0050000000000001e-09 344.19403330455793 0 0 1.4244437754236548e-11 317.07036938515989 302.38868165115332
d 3500 3500 0.0077862460745067724 0 0 -0.007786246074452911 1.2530468749999993e-09 342.10537985055822 0 0 1.4244437754236548e-11 316.93904110917128 302.5414864623184
d 3500 3500 0.00776899495525265 0 0 -0.0077689949551913674 1.4410351562499994e-09 340.23086666458602 0 0 1.4244437754236548e-11 316.60414144848448 302.68479136373537
d 3500 3500 0.0077459523159317924 0 0 -0.0077459523159102064 1.7230175781249994e-09 338.24412003205202 0 0 1.4244437754236548e-11 316.04703255270675 302.91343209227261
d 3500 3500 0.0077242438948001051 0 0 -0.0077242438947981258 2.0049999999999996e-09 335.98482075534736 0 0 1.4244437754236548e-11 315.46117984995863 303.16212368972555
d 3500 3500 0.0077022390925509708 0 0 -0.0077022390925673562 2.2869824218749996e-09 333.78782066277375 0 0 1.4244437754236548e-11 314.91023065839846 303.42391517716374
d 3500 3500 0.0076778272579700654 0 0 -0.0076778272579738748 2.56896484375e-09 331.91229831587475 0 0 1.4244437754236548e-11 314.44080284440525 303.69677596572723
d 3500 3500 0.0076265045678929168 0 0 -0.0076265045749147071 3.1329296875e-09 329.38411301789273 0 0 1.4244437754236548e-11 313.62651277747722 304.25212206579113
d 3500 3500 0.007536070735518945 0 0 -0.0075360707319654394 4.0689648437499998e-09 326.12966196861834 0 0 1.4244437754236548e-11 312.71143302844683 305.19591527067684
d 3500 3500 0.0074439536451817801 0 0 -0.0074439536495302392 5.0049999999999992e-09 323.93069925090145 0 0 1.4244437754236548e-11 312.16900216784836 306.14458652808179
d 3500 3500 0.0072632765498333212 0 0 -0.0072632765497962146 6.8770703124999979e-09 321.78298689713313 0 0 1.4244437754236548e-11 311.69618081871022 308.00836278021103
d 3500 3500 0.0069083455556139366 0 0 -0.0069083455556312604 1.0621210937499997e-08 320.72475176821661 0 0 1.4244437754236548e-11 311.91499634309713 311.51015166108976
d 3500 3500 0.0065652074532015787 0 0 -0.006565207453202427 1.4365351562499995e-08 322.01545442407945 0 0 1.4244437754236548e-11 313.0646615754161 314.56118827408568
d 3500 3500 0.0062310454406068342 0 0 -0.0062310454406096774 1.8109492187499992e-08 323.73830199401459 0 0 1.4244437754236548e-11 314.41047990617955 317.33238973561799
d 3500 3500 0.0059058588636210869 0 0 -0.0059058588636235216 2.185363281249999e-08 325.67987052678131 0 0 1.4244437754236548e-11 315.84766123742276 319.85047928597351
d 3500 3500 0.0055896312576385766 0 0 -0.005589631257641909 2.5597773437499987e-08 327.84740543730027 0 0 1.4244437754236548e-11 317.31261052132038 322.13843962298677
d 3500 3500 0.0052823244289295756 0 0 -0.0052823244289286154 2.9341914062499988e-08 329.99937889460847 0 0 1.4244437754236548e-11 318.76540627981393 324.21600794828203
d 3500 3500 0.0049838796729518723 0 0 -0.004983879672944844 3.3086054687499983e-08 332.08368067041783 0 0 1.4244437754236548e-11 320.18025120835267 326.10021783503339
d 3500 3500 0.0046942198419056246 0 0 -0.0046942198418987056 3.683019531249998e-08 334.40771247774649 0 0 1.4244437754236548e-11 321.54015467420066 327.80588725857353
d 3500 3500 0.0041345256341989147 0 0 -0.0041345256342009452 4.4318476562499982e-08 338.60413664399198 0 0 1.4244437754236548e-11 324.11586292833783 330.85906986691782
d 3500 3500 0.0036090910045169732 0 0 -0.0036090910045185015 5.1806757812499977e-08 342.16758271941484 0 0 1.4244437754236548e-11 326.39818258577202 333.30334616555268
d 3500 3500 0.0026564468491409149 0 0 -0.0026564468450123897 6.6783320312499974e-08 347.70978836669161 0 0 1.4244437754236548e-11 329.97804417046603 336.68502350385069
d 3500 3500 0.0010984916179638904 0 0 -0.0010984916181633476 9.6736445312499955e-08 353.02263024677086 0 0 1.4244437754236548e-11 333.73520455645161 338.91439718037412
d 3500 3500 0.00045736122510402064 0 0 -0.000457361225049483 1.1171300781249994e-07 353.18297437351208 0 0 1.4244437754236548e-11 334.21673921033181 338.30496693460947
d 3500 3500 0.00016202124015642969 0 0 -0.0001620212402175607 1.1920128906249994e-07 352.71233165210947 0 0 1.4244437754236548e-11 334.15244479268245 337.67909944782406
d 3500 3500 9.6972845988824451e-05 0 0 -9.6972845994806645e-05 1.2107335937499993e-07 352.55900471726233 0 0 1.4244437754236548e-11 334.1086445863495 337.49601082261853
d 3500 3500 6.9428853742170492e-05 0 0 -6.9428853749979594e-05 1.2200939453124995e-07 352.51450334667226 0 0 1.4244437754236548e-11 334.0834289199812 337.40205791850224
d 3500 3500 5.8006324524895468e-05 0 0 -5.8006324512419574e-05 1.2247741210937493e-07 352.490367145525 0 0 1.4244437754236548e-11 334.06995687129444 337.35461628868563
d 3500 3500 4.7335962950855061e-05 0 0 -4.7335962958677695e-05 1.2294542968749994e-07 352.4657450798324 0 0 1.4244437754236548e-11 334.05626279989883 337.30709743877657
d 3500 3500 4.2509380403443008e-05 0 0 -4.250938033760704e-05 1.2317943847656244e-07 352.45313630685359 0 0 1.4244437754236548e-11 334.04927976984612 337.2833049488774
d 3500 3500 3.802560180407828e-05 0 0 -3.8025601823970842e-05 1.2341344726562493e-07 352.44034653455049 0 0 1.4244437754236548e-11 334.04221495078417 337.2595050958156
d 3500 3500 3.3882154082115812e-05 0 0 -3.3882154077322073e-05 1.2364745605468745e-07 352.42738744397678 0 0 1.4244437754236548e-11 334.0350741569668 337.23570880049823
d 3500 3500 3.288604050105578e-05 0 0 -3.2886040435732226e-05 1.2370595825195306e-07 352.42411852133637 0 0 1.4244437754236548e-11 334.0332759612121 337.22976193521515
d 3500 3500 3.0982597852072958e-05 0 0 -3.0982597841148212e-05 1.2382296264648432e-07 352.41755981166722 0 0 1.4244437754236548e-11 334.02967029886298 337.2178708287168
d 3500 3500 2.74230321731288e-05 0 0 -2.7423032214382286e-05 1.2405697143554681e-07 352.40433200317563 0 0 1.4244437754236548e-11 334.02241019463719 337.19410760161816
d 3500 3500 2.1248069369900887e-05 0 0 -2.1248069394654906e-05 1.2452498901367182e-07 352.37747417818946 0 0 1.4244437754236548e-11 334.00771416312404 337.14669657607777
d 3500 3500 1.6684442146291362e-05 0 0 -1.6684441818727059e-05 1.2499300659179681e-07 352.34998861321236 0 0 1.4244437754236548e-11 333.99275081190166 337.09961851787187
d 3500 3500 1.2676024843222374e-05 0 0 -1.2676024849341662e-05 1.2546102416992182e-07 352.32229884461844 0 0 1.4244437754236548e-11 333.97770378295451 337.05272271346644
d 3500 3500 9.5491449200433182e-06 0 0 -9.5491449237229293e-06 1.259290417480468e-07 352.29428937867573 0 0 1.4244437754236548e-11 333.96252883753522 337.00616833761353
d 3500 3500 5.3349768738245612e-06 0 0 -5.3349768719792669e-06 1.2686507690429682e-07 352.23756468890497 0 0 1.4244437754236548e-11 333.93192572946242 336.9142333245635
d 3500 3500 2.9944452946037806e-06 0 0 -2.9944447409666206e-06 1.2780111206054682e-07 352.18019120872486 0 0 1.4244437754236548e-11 333.90114101706854 336.82397280458048
d 3500 3500 1.9308411637723587e-06 0 0 -1.9308411637961196e-06 1.2873714721679681e-07 352.12232769823487 0 0 1.4244437754236548e-11 333.87034659331056 336.7361145319793
d 3500 3500 1.2539817054617755e-06 0 0 -1.2539817074292234e-06 1.2967318237304681e-07 352.06426797330181 0 0 1.4244437754236548e-11 333.83964370451457 336.64989203327269
d 3500 3500 4.1296315906839514e-07 0 0 -4.1296315733499928e-07 1.3154525268554682e-07 351.94781279012653 0 0 1.4244437754236548e-11 333.77850290753275 336.48086908857937
d 3500 3500 3.2821873897870293e-08 0 0 -3.28218738820403e-08 1.352893933105468e-07 351.71357549849921 0 0 1.4244437754236548e-11 333.65803268280109 336.16042563801534
d 3500 3500 1.5044687771151603e-08 0 0 -1.5044684040211981e-08 1.390335339355468e-07 351.47833118105234 0 0 1.4244437754236548e-11 333.54033818875484 335.86086468044249
d 3500 3500 1.5993359664010738e-08 0 0 -1.5993359804362854e-08 1.4652181518554681e-07 351.0076365709935 0 0 1.4244437754236548e-11 333.31364822111129 335.31352844375328
d 3500 3500 1.5487190373655286e-08 0 0 -1.5487190304561353e-08 1.614983776855468e-07 350.0801579385834 0 0 1.4244437754236548e-11 332.89372925128328 334.37730163204833
d 3500 3500 1.5057224287701595e-08 0 0 -1.5057224635747675e-08 1.9145150268554678e-07 348.5345330899047 0 0 1.4244437754236548e-11 332.16912217558115 332.92128857167774
d 3500 3500 1.4389432419108744e-08 0 0 -1.4389432397432161e-08 2.5135775268554674e-07 346.65702630352877 0 0 1.4244437754236548e-11 331.04896332117391 330.91425138754494
d 3500 3500 1.3549513992461989e-08 0 0 -1.354951397639206e-08 3.7117025268554672e-07 344.11595653853919 0 0 1.4244437754236548e-11 329.53509252866235 328.48534036847371
d 3500 3500 1.2614001651637152e-08 0 0 -1.2613992492502482e-08 6.1079525268554662e-07 341.27444832256282 0 0 1.4244437754236548e-11 327.73154201205256 325.8663873333112
d 3500 3500 1.1665849105180586e-08 0 0 -1.1665849070017816e-08 1.0900452526855463e-06 338.45419215009366 0 0 1.4244437754236548e-11 325.68999782375414 323.26901190023204
d 3500 3500 1.0733872851950287e-08 0 0 -1.0733872818433035e-08 2.0485452526855459e-06 335.76425043201897 0 0 1.4244437754236548e-11 322.93044826768619 320.90501612730782
d 3500 3500 9.7970738018901924e-09 0 0 -9.7970737573334602e-09 3.9655452526855451e-06 333.1499438150766 0 0 1.4244437754236548e-11 318.76121752360524 319.41532679854112
d 3500 3500 8.9610963952222239e-09 0 0 -8.9610963124257691e-09 7.7995452526855443e-06 330.89397152885857 0 0 1.4244437754236548e-11 313.92070285622827 319.45782398009851
d 3500 3500 8.4292507336981861e-09 0 0 -8.4292276043176681e-09 1.5467545252685541e-05 328.64560332304774 0 0 1.4244437754236548e-11 309.69111555319489 320.3629067824819
d 3500 3500 8.2695198617308411e-09 0 0 -8.269516646050897e-09 3.0803545252685534e-05 326.37307014101964 0 0 1.4244437754236548e-11 306.52893473672066 321.2556042530054
d 3500 3500 8.3519844188414415e-09 0 0 -8.3519822844194645e-09 6.1475545252685521e-05 324.60162069098351 0 0 1.4244437754236548e-11 304.33452784675967 322.00746351224473
d 3500 3500 8.4081948248907786e-09 0 0 -8.4081929624700002e-09 0.00012281954525268548 322.8915050236053 0 0 1.4244437754236548e-11 302.86451952121928 322.67515606843625
d 3500 3500 8.157418701999007e-09 0 0 -8.1574155099785791e-09 0.00024550754525268546 322.0444937587481 0 0 1.4244437754236548e-11 301.8941368437828 321.97841365155989
d 3500 3500 7.456439774910489e-09 0 0 -7.4564397778228976e-09 0.00049088354525268535 317.55923946958893 0 0 1.4244437754236548e-11 301.26811495297693 317.46864581827083
d 3500 3500 6.7058176065603558e-09 0 0 -6.7058175289313727e-09 0.00098163554525268503 310.06727783972889 0 0 1.4244437754236548e-11 300.73644190758625 310.01685669851571
d 3500 3500 6.414493160406773e-09 0 0 -6.4144932789502714e-09 0.0019631395452526846 303.25616689993171 0 0 1.4244437754236548e-11 300.25023848872655 303.24075026218156
d 3500 3500 6.4050639941536006e-09 0 0 -6.4050680613800906e-09 0.0039261475452526838 300.36105673444303 0 0 1.4244437754236548e-11 300.0444080591065 300.36066844116345
d 3500 3500 6.4052734076460436e-09 0 0 -6.4059487910475308e-09 0.0078521635452526821 300.27347986380971 0 0 1.4244437754236548e-11 300.03814061499827 300.27327677962029
d 3500 3500 6.4057983152296779e-09 0 0 -6.405798222601772e-09 0.01570419554525268 300.28787894868447 0 0 1.4244437754236548e-11 300.03918539951911 300.28786564944915
d 3500 3500 6.4055102504439989e-09 0 0 -6.4058276020072357e-09 0.03140825954525267 300.28495910339598 0 0 1.4244437754236548e-11 300.03897753967999 300.28495904293516
d 3500 3500 6.4058064061101713e-09 0 0 -6.4058231709015507e-09 0.062816387545252664 300.28541254459691 0 0 1.4244437754236548e-11 300.03900991806773 300.28541200111619
d 3500 3500 6.4058233988307326e-09 0 0 -6.4058235998705649e-09 0.12563264354525264 300.2853669213045 0 0 1.4244437754236548e-11 300.03900667316458 300.2853666027242
d 3500 3500 6.405823635259838e-09 0 0 -6.4058235771549784e-09 0.25126515554525258 300.28536953919627 0 0 1.4244437754236548e-11 300.03900686012145 300.28536921840777
d 3500 3500 6.405823512537754e-09 0 0 -6.4058235775733167e-09 0.50253017954525248 300.28536945758543 0 0 1.4244437754236548e-11 300.03900685431813 300.28536913721399
d 3500 3500 6.4058235495409458e-09 0 0 -6.4058235775300295e-09 1 300.28536945889681 0 0 1.4244437754236548e-11 300.03900685441175 300.28536913852417
d 3500 3500 6.4058236693901463e-09 0 0 -6.405823577729586e-09 1.994939640909495 300.2853694588859 0 0 1.4244437754236548e-11 300.03900685441096 300.28536913851326
d 3500 3500 6.4058235238450573e-09 0 0 -6.4058235777895583e-09 3.9848189227284854 300.28536945888595 0 0 1.4244437754236548e-11 300.03900685441096 300.28536913851332
d 3500 3500 6.4058235238697975e-09 0 0 -6.4058235777778454e-09 7.9645774863664656 300.28536945888595 0 0 1.4244437754236548e-11 300.03900685441096 300.28536913851332
d 3500 3500 6.4058235238697975e-09 0 0 -6.4058235777778454e-09 15.924094613642426 300.28536945888595 0 0 1.4244437754236548e-11 300.03900685441096 300.28536913851332
d 3500 3500 6.4058235238697975e-09 0 0 -6.4058235777778454e-09 31.843128868194349 300.28536945888595 0 0 1.4244437754236548e-11 300.03900685441096 300.28536913851332
d 3500 3500 6.4058235238697975e-09 0 0 -6.4058235777778454e-09 63.68119737729819 300.28536945888595 0 0 1.4244437754236548e-11 300.03900685441096 300.28536913851332
d 3500 3500 6.4058235238697975e-09 0 0 -6.4058235777778454e-09 127.35733439550587 300.28536945888595 0 0 1.4244437754236548e-11 300.03900685441096 300.28536913851332
d 3500 3500 6.4058235238697975e-09 0 0 -6.4058235777778454e-09 254.70960843192125 300.28536945888595 0 0 1.4244437754236548e-11 300.03900685441096 300.28536913851332
d 3500 3500 6.4058235238697975e-09 0 0 -6.4058235777778454e-09 509.41415650475199 300.28536945888595 0 0 1.4244437754236548e-11 300.03900685441096 300.28536913851332
d 3500 3500 6.4058235238697975e-09 0 0 -6.4058235777778454e-09 1018.8232526504135 300.28536945888595 0 0 1.4244437754236548e-11 300.03900685441096 300.28536913851332
d 3500 3500 6.4058235238697975e-09 0 0 -6.4058235777778454e-09 2037.6414449417364 300.28536945888595 0 0 1.4244437754236548e-11 300.03900685441096 300.28536913851332
d 3500 3500 6.4058235238697975e-09 0 0 -6.4058235777778454e-09 3600 300.28536945888595 0 0 1.4244437754236548e-11 300.03900685441096 300.28536913851332
Q 2 13 "Voltage #01"
Q 3 13 "Voltage #02"
Q 20 13 "Current #01"
Q 21 13 "Current #02"
Q 61 13 "Transient time"
Q 82 13 "Global device temperature"
Q 92 21 Contact
Q 502 13 "SEU Track Charge"
Q 503 13 "SEU Track Cumulative Charge"
Q 505 13 "SEU Track Generation Rate"
Q 601 13 "Int. Voltage #01"
Q 602 13 "Int. Voltage #02"
Q 3000 13 Temp_metallurgic
Q 3001 13 Temp_N_dope_step
EOF 599673021
