v VICTORYDEVICE
# silvaco.file ASCII version=1.14.23 format=1 contents=SDB,Tables=1

Copyright "###################################################################"
Copyright "#                    Copyright Silvaco Inc. (c)                   #"
Copyright "#                            1992-2014                            #"
Copyright "#                                                                 #"
Copyright "# This file format and the following Key are copyright Silvaco    #"
Copyright "# International. You may not use, this format or key without      #"
Copyright "# reproducing this message in full and obtaining                  #"
Copyright "# express written permission from Silvaco Inc.                    #"
Copyright "#                                                                 #"
Copyright "# To obtain such permission please contact: Silvaco Inc.          #"
Copyright "#                                           support@silvaco.com   #"
Copyright "#                                                                 #"
Copyright "# KEY=SVC86hn7562asdx                       PROD=345              #"
Copyright "###################################################################"
#This file was created by VICTORYDEVICE version 1.12.1.R
#victoryd 1.12.1.R (Thu Apr 12 10:29:11 PDT 2018)
#libSDB 1.12.42 (Thu Oct 26 19:20:24 PDT 2017)
a VICTORYDEVICE
j 1 9
k 2
r 1 92
x 3 43 42 46
w cathode 1 1
r 2 92
x 3 43 42 46
w anode 1 2
y 1 15
z 300
o 1 Temp_metallurgic
o 2 Temp_N_dope_step
p 13 2 601 20 3 602 21 61 82 505 502 503 3000 3001
d 3500 3500 6.4058208966344382e-09 0 0 -6.4058236224747682e-09 1.1000000000000002e-12 300.28536945887839 1.8437914598229486e-144 2.9541028487949697e-176 2.9541028487949697e-176 300.03900685440993 300.28536913850576
d 3500 3500 6.4058280092091417e-09 0 0 -6.4058235965193262e-09 1.3000000000000003e-12 300.28536945887839 5.8735694918469297e-128 1.8821139750941673e-159 1.8821139750941673e-159 300.03900685440993 300.28536913850576
d 3500 3500 6.4058277016764173e-09 0 0 -6.405823586686033e-09 1.7000000000000002e-12 300.28536945887839 1.4774603836122957e-97 9.4686845520586202e-129 9.4686845520586202e-129 300.03900685440993 300.28536913850576
d 3500 3500 6.4058253395345408e-09 0 0 -6.4058235801999733e-09 2.5000000000000003e-12 300.28536945887839 3.5291957323125246e-47 4.5235515594721779e-78 4.5235515594721779e-78 300.03900685440993 300.28536913850576
d 3500 3500 6.4058250470944926e-09 0 0 -6.4058236242236116e-09 3.7500000000000008e-12 300.28536945887839 27641.419585744687 5.5358481505567406e-27 5.5358481505567406e-27 300.03900685440993 300.28536913850576
d 3500 3500 1.607403961674902e-06 0 0 -1.6074039547094229e-06 4.375000000000001e-12 300.28539030115593 1.4622832083005658e+17 1.4642840193409658e-14 1.4642840193415193e-14 300.03901163710276 300.28536825177599
d 3500 3500 3.7188804318782913e-05 0 0 -3.7188800601654311e-05 4.5312500000000013e-12 300.28708537983147 1.0484258062016948e+19 2.6246508623831817e-13 2.7710792643173335e-13 300.03909936612644 300.28533856103121
d 3500 3500 0.00041210570012947286 0 0 -0.00041210570299920389 4.6484375000000009e-12 300.3498062782914 1.1594711446289359e+20 2.176983045670069e-12 2.4540909721018025e-12 300.04405447855078 300.28534313866322
d 3500 3500 0.0064747953429745162 0 0 -0.0064747954537226638 4.8242187500000015e-12 303.7873615170343 1.1768101169050759e+21 3.314307153321063e-11 3.5597162505312437e-11 300.62171647430461 300.28635328885281
d 3500 3500 0.027498783717278989 0 0 -0.027498783725489966 5.0000000000000013e-12 314.65816565793642 2.5479361627221724e+21 7.1758756395843261e-11 1.073559189011557e-10 304.5647678764692 300.31098720614216
d 3500 3500 0.039489895159207221 0 0 -0.039489895103288777 5.0878906250000016e-12 321.69227771122178 2.1004773626549725e+21 2.9578379079306798e-11 1.3693429798046248e-10 308.24832174177266 300.37183613927988
d 3500 3500 0.048843331407729028 0 0 -0.048843331284849481 5.1757812500000011e-12 328.1204623552544 1.1768101169050759e+21 1.6571535766605315e-11 1.5350583374706782e-10 312.01984228005557 300.45292926339806
d 3500 3500 0.055823189408367453 0 0 -0.055823189365689814 5.3515625000000017e-12 336.67897694469508 1.1594711446289359e+20 3.2654745685051035e-12 1.5677130831557292e-10 318.38937164462692 300.65806249144589
d 3500 3500 0.056349621002705665 0 0 -0.056349620945676887 5.4394531250000012e-12 339.13227158659203 2.0390370104461119e+19 2.8713191926752694e-13 1.5705844023484043e-10 320.73655819471645 300.76083352017946
d 3500 3500 0.056535547344881198 0 0 -0.056535547442288211 5.5273437500000015e-12 340.94595607670715 2.4369644718619643e+18 3.4316703542296673e-14 1.5709275693838273e-10 322.63561007145836 300.86015546587481
d 3500 3500 0.056729427133770056 0 0 -0.056729427187034609 5.7031250000000013e-12 343.57349852495156 10926325937112164 3.0772339303239816e-16 1.5709306466177578e-10 325.83165888845934 301.05424622132813
d 3500 3500 0.056853708673108093 0 0 -0.056853708645004351 5.8789062500000019e-12 345.41731548669657 10450445543454.396 2.9432094373179958e-19 1.5709306495609672e-10 328.66593814661235 301.2432675326537
d 3500 3500 0.057014991373233931 0 0 -0.057014991388460876 6.2304687500000015e-12 348.94570435257964 92803.25728667673 5.2273258881498507e-27 1.5709306495609672e-10 333.46891188731337 301.60201275499293
d 3500 3500 0.057117696734472652 0 0 -0.057117696719270292 6.5820312500000019e-12 352.20749015926629 1.7066105943056002e-06 9.6128196374042648e-38 1.5709306495609672e-10 337.44554982079239 301.93637586257501
d 3500 3500 0.057186933386289357 0 0 -0.057186933395526371 6.9335937500000023e-12 354.95447056751465 6.4990287671490455e-20 3.6607057031850616e-51 1.5709306495609672e-10 340.98802552362457 302.25022444789852
d 3500 3500 0.057263412278979423 0 0 -0.057263412281621774 7.6367187500000015e-12 359.3941582200631 8.3696041211375988e-55 9.4286880816777749e-86 1.5709306495609672e-10 346.86399988903912 302.82115657513185
d 3500 3500 0.057288557979431741 0 0 -0.05728855798717139 8.3398437500000023e-12 362.7501072814681 1.9821320839680886e-100 2.2329497173255603e-131 1.5709306495609672e-10 351.48775073478635 303.32090463671608
d 3500 3500 0.057266931061331981 0 0 -0.057266931049702249 9.7460937500000023e-12 367.3910641682823 6.9135577313344989e-224 1.5576789162296664e-254 1.5709306495609672e-10 358.34701930656979 304.14135920226249
d 3500 3500 0.057192371590507898 0 0 -0.057192371590411094 1.1152343750000004e-11 370.12334135525111 0 0 1.5709306495609672e-10 363.07360311436531 304.76184932127154
d 3500 3500 0.057108255560919204 0 0 -0.057108255553482062 1.2558593750000004e-11 371.47971823732763 0 0 1.5709306495609672e-10 366.43244314628663 305.24227998652663
d 3500 3500 0.057023248724562929 0 0 -0.05702324872662512 1.5371093750000004e-11 391.27420564550351 0 0 1.5709306495609672e-10 371.18378815415571 306.0783486402031
d 3500 3500 0.057326811817263297 0 0 -0.057326811817449301 2.0185546875000006e-11 424.5987746577714 0 0 1.5709306495609672e-10 378.27463252375259 307.23861843373447
d 3500 3500 0.058112772507165046 0 0 -0.058112772506940059 2.5000000000000007e-11 442.38380831991009 0 0 1.5709306495609672e-10 388.60480049492418 308.14688825632692
d 3500 3500 0.058979125197180009 0 0 -0.058979125196569969 2.9814453125000009e-11 452.98867918818871 0 0 1.5709306495609672e-10 403.69944578973997 308.9819795942397
d 3500 3500 0.059665143922198904 0 0 -0.059665143921166806 3.4628906250000008e-11 460.44323390587084 0 0 1.5709306495609672e-10 420.74849916758711 309.84411849431649
d 3500 3500 0.060152688866816233 0 0 -0.060152688867812713 3.9443359375000013e-11 468.61384619168149 0 0 1.5709306495609672e-10 437.52209420447673 310.79502831719452
d 3500 3500 0.060331298550379345 0 0 -0.060331298551532429 4.1850585937500009e-11 474.71048695122221 0 0 1.5709306495609672e-10 445.38063374936274 311.31568552634923
d 3500 3500 0.060613990289418752 0 0 -0.060613990292732844 4.6665039062500014e-11 485.94722845496187 0 0 1.5709306495609672e-10 459.63424517578335 312.46737853266563
d 3500 3500 0.0608169566143218 0 0 -0.060816956615800437 5.1479492187500012e-11 496.14724102986133 0 0 1.5709306495609672e-10 471.88382427359437 313.79171379387577
d 3500 3500 0.060964613666896608 0 0 -0.060964613669128295 5.6293945312500017e-11 505.61075947655735 0 0 1.5709306495609672e-10 482.21573051064325 315.32636771446624
d 3500 3500 0.061164430315525854 0 0 -0.061164430314151107 6.5922851562500021e-11 523.26291541630383 0 0 1.5709306495609672e-10 497.87091054739113 319.11007662538344
d 3500 3500 0.061222257796416504 0 0 -0.061222257794910015 7.0737304687500013e-11 531.55231094006274 0 0 1.5709306495609672e-10 503.00200252191826 321.34337050219256
d 3500 3500 0.061224110148333934 0 0 -0.061224110145417426 7.3144531250000015e-11 535.61344406638375 0 0 1.5709306495609672e-10 505.26347282310201 322.46927540815938
d 3500 3500 0.061235299355827728 0 0 -0.061235299357752897 7.4348144531250023e-11 537.63022449000994 0 0 1.5709306495609672e-10 506.34825176010719 323.0326467123823
d 3500 3500 0.061233035737412005 0 0 -0.06123303567693486 7.4498596191406264e-11 537.88081556958343 0 0 1.5709306495609672e-10 506.47851704491808 323.103170581835
d 3500 3500 0.061227774763096481 0 0 -0.061227774758734879 7.4573822021484391e-11 538.00602543994626 0 0 1.5709306495609672e-10 506.54336029359348 323.13843451825295
d 3500 3500 0.061222065804262912 0 0 -0.061222065721093913 7.4611434936523461e-11 538.06861701691764 0 0 1.5709306495609672e-10 506.57573712567131 323.15606673708493
d 3500 3500 0.061218624279432282 0 0 -0.061218625085153133 7.4616136550903337e-11 538.07643956770664 0 0 1.5709306495609672e-10 506.57977953837093 323.15827079257355
d 3500 3500 0.061215608855242541 0 0 -0.061215605807712709 7.4616724252700826e-11 538.07741736260664 0 0 1.5709306495609672e-10 506.5802847598506 323.1585462999285
d 3500 3500 0.061213014934068118 0 0 -0.061212981648962175 7.4616871178150192e-11 538.07766181107309 0 0 1.5709306495609672e-10 506.58041106435991 323.15861517677109
d 3500 3500 0.060504959405617391 0 0 -0.062314119998571012 7.4617165029048937e-11 538.07815070701383 0 0 1.5709306495609672e-10 506.58066367042301 323.15875293044604
d 3500 3500 0.061204053811476741 0 0 -0.061204037048535193 7.4617752730846426e-11 538.07912849485149 0 0 1.5709306495609672e-10 506.58116887080024 323.15902843772938
d 3500 3500 0.061204129173831896 0 0 -0.06120413386202897 7.4618928134441392e-11 538.08108405569521 0 0 1.5709306495609672e-10 506.58217922244467 323.1595794524759
d 3500 3500 0.06120421999151969 0 0 -0.061204222039703098 7.4621278941631336e-11 538.08499511806804 0 0 1.5709306495609672e-10 506.58419972930443 323.16068148268533
d 3500 3500 0.061204232287242512 0 0 -0.061204232672273914 7.4625980556011225e-11 538.09281700556369 0 0 1.5709306495609672e-10 506.58823995738283 323.16288554593211
d 3500 3500 0.061204153666734318 0 0 -0.06120415436215166 7.4635383784770989e-11 538.10845983121908 0 0 1.5709306495609672e-10 506.59631727153732 323.16729368339367
d 3500 3500 0.061204094569953869 0 0 -0.061204093440909539 7.4654190242290517e-11 538.13974168196557 0 0 1.5709306495609672e-10 506.61245933714525 323.17610999935232
d 3500 3500 0.06120426101494187 0 0 -0.06120426086878071 7.4691803157329575e-11 538.20229016056771 0 0 1.5709306495609672e-10 506.64469326828038 323.19374277310959
d 3500 3500 0.06120503750669757 0 0 -0.061205037450702222 7.4767028987407702e-11 538.32732608429205 0 0 1.5709306495609672e-10 506.70896075005197 323.22900871413719
d 3500 3500 0.061206917629436162 0 0 -0.061206917641628514 7.4917480647563956e-11 538.57715269451819 0 0 1.5709306495609672e-10 506.83669715863022 323.29954080966462
d 3500 3500 0.061210780319411899 0 0 -0.061210780318867244 7.5218383967876464e-11 539.07581660155779 0 0 1.5709306495609672e-10 507.08899634657121 323.44059512632623
d 3500 3500 0.061218703372251784 0 0 -0.06121870337258789 7.5820190608501481e-11 540.06912834222896 0 0 1.5709306495609672e-10 507.58105685522446 323.72257985186457
d 3500 3500 0.061235138955698133 0 0 -0.061235138949849395 7.7023803889751515e-11 542.03925714758486 0 0 1.5709306495609672e-10 508.51625520518382 324.2854028522471
d 3500 3500 0.061269232266644137 0 0 -0.06126923226742665 7.9431030452251582e-11 545.9097181770868 0 0 1.5709306495609672e-10 510.20057635559897 325.40171692597903
d 3500 3500 0.061337582349429993 0 0 -0.061337582350292762 8.4245483577251716e-11 553.34420313148473 0 0 1.5709306495609672e-10 512.90054148706565 327.56716388126773
d 3500 3500 0.061462184354169627 0 0 -0.061462184354382172 9.3874389827251984e-11 566.91029164357826 0 0 1.5709306495609672e-10 516.17763532175013 331.50596967659993
d 3500 3500 0.061652930579898561 0 0 -0.061652930580013664 1.1313220232725252e-10 589.39633155395279 0 0 1.5709306495609672e-10 517.453140329044 337.77432763323878
d 3500 3500 0.061884091906554792 0 0 -0.061884091906423799 1.516478273272536e-10 621.67270266743049 0 0 1.5709306495609672e-10 511.8796715428511 346.06875252094619
d 3500 3500 0.062027878174253093 0 0 -0.062027878173925674 2.0499999999999996e-10 650.34166596342379 0 0 1.5709306495609672e-10 501.83084366700945 353.63162549901745
d 3500 3500 0.062094092602788878 0 0 -0.062094092602673373 3.0499999999999998e-10 676.50292004540688 0 0 1.5709306495609672e-10 488.86525713497883 368.07754248764797
d 3500 3500 0.062076038652285066 0 0 -0.062076038651772331 4.0499999999999989e-10 664.25907115995301 0 0 1.5709306495609672e-10 482.67158026246125 382.92183597887328
d 3500 3500 0.062060671644452788 0 0 -0.062060671643342426 4.174999999999999e-10 661.04389319263339 0 0 1.5709306495609672e-10 482.24262448586262 384.18632461391473
d 3500 3500 0.062053545767866571 0 0 -0.062053545766584652 4.4249999999999992e-10 652.10211162402413 0 0 1.5709306495609672e-10 481.45219848166596 386.21770323765827
d 3500 3500 0.062048698193651476 0 0 -0.062048698193707084 4.7374999999999994e-10 635.47632590322576 0 0 1.5709306495609672e-10 480.59205086572382 387.48638439734032
d 3500 3500 0.06204228672976872 0 0 -0.062042286729666732 5.0500000000000001e-10 615.20330805834385 0 0 1.5709306495609672e-10 479.80844794952844 387.45476163476263
d 3500 3500 0.062028169770293622 0 0 -0.062028169770163101 5.6750000000000006e-10 575.87698967456436 0 0 1.5709306495609672e-10 478.38684359890595 384.85020932262717
d 3500 3500 0.061984145117844912 0 0 -0.061984145117972941 6.9250000000000025e-10 532.60095735329003 0 0 1.5709306495609672e-10 475.58628386101594 377.89755553648598
d 3500 3500 0.061906358889541414 0 0 -0.061906358889502577 8.487500000000002e-10 529.95777497387235 0 0 1.5709306495609672e-10 471.5003996976144 370.95705592599114
d 3500 3500 0.061819930841620685 0 0 -0.061819930841359158 1.0050000000000001e-09 525.98323640136243 0 0 1.5709306495609672e-10 467.1592762967415 365.60881863829451
d 3500 3500 0.061651076733342622 0 0 -0.061651076733266294 1.3175000000000001e-09 518.53065029698621 0 0 1.5709306495609672e-10 456.97716391457828 357.94945175250962
d 3500 3500 0.061469507581082078 0 0 -0.061469507580259583 1.6612499999999998e-09 503.11759775144731 0 0 1.5709306495609672e-10 444.87201684020283 352.55984750662964
d 3500 3500 0.061379586966253966 0 0 -0.061379586966202056 1.8331249999999997e-09 495.48403028801954 0 0 1.5709306495609672e-10 439.77090977032123 350.80533040324184
d 3500 3500 0.061292786445358231 0 0 -0.0612927864453639 2.0049999999999996e-09 488.91021079137727 0 0 1.5709306495609672e-10 434.93556068971998 349.24813688669047
d 3500 3500 0.06111107366343918 0 0 -0.061111073663479017 2.3487499999999994e-09 478.80733018818665 0 0 1.5709306495609672e-10 426.55323513053759 347.00985426252839
d 3500 3500 0.06091203276267388 0 0 -0.060912032762658712 2.6924999999999991e-09 469.30894851502848 0 0 1.5709306495609672e-10 419.59604570047622 345.65526392064578
d 3500 3500 0.060462283337416586 0 0 -0.060462283342874949 3.3799999999999987e-09 453.5502402897103 0 0 1.5709306495609672e-10 408.94909200288964 344.67574831497456
d 3500 3500 0.059870683682742933 0 0 -0.059870683682807631 4.1924999999999985e-09 442.44905498155561 0 0 1.5709306495609672e-10 400.5276333366935 345.45072906574245
d 3500 3500 0.059253732599749247 0 0 -0.059253732600221501 5.0049999999999992e-09 435.52347476406175 0 0 1.5709306495609672e-10 395.24300627438032 347.51036134126792
d 3500 3500 0.058630997831986116 0 0 -0.058630997832003061 5.8174999999999998e-09 431.94565971175086 0 0 1.5709306495609672e-10 392.69304855635681 350.5800820510288
d 3500 3500 0.058007802560316749 0 0 -0.058007802560200342 6.6299999999999996e-09 429.92810931988197 0 0 1.5709306495609672e-10 391.324734503098 354.03708119817895
d 3500 3500 0.057384651731154347 0 0 -0.057384651731045025 7.4425000000000003e-09 429.11189625445826 0 0 1.5709306495609672e-10 390.85565692791295 357.76397258762745
d 3500 3500 0.056762122762023678 0 0 -0.056762122761923252 8.255e-09 429.37895957828817 0 0 1.5709306495609672e-10 391.07860511413378 361.67618074275072
d 3500 3500 0.056140722382373248 0 0 -0.056140722382250735 9.0675e-09 430.76459975987501 0 0 1.5709306495609672e-10 391.83912900265824 365.71166625739397
d 3500 3500 0.055520863237470193 0 0 -0.055520863237376379 9.8800000000000015e-09 432.61317598194029 0 0 1.5709306495609672e-10 393.02040154098802 369.82421951653077
d 3500 3500 0.054902880726034053 0 0 -0.054902880725924259 1.0692500000000001e-08 434.83289043462167 0 0 1.5709306495609672e-10 394.53287287058788 373.97899066758441
d 3500 3500 0.054287055322144673 0 0 -0.05428705532204621 1.1505000000000001e-08 437.34889431201287 0 0 1.5709306495609672e-10 396.30708433016912 378.14944279236232
d 3500 3500 0.053673629813951108 0 0 -0.053673629813837054 1.2317500000000001e-08 440.10022854528637 0 0 1.5709306495609672e-10 398.28858960748317 382.31522862222903
d 3500 3500 0.053062820443178997 0 0 -0.053062820443084316 1.3130000000000002e-08 443.03722494790406 0 0 1.5709306495609672e-10 400.4343052674821 386.46067939113681
d 3500 3500 0.052454823560363802 0 0 -0.052454823560273332 1.3942500000000002e-08 446.11935637600646 0 0 1.5709306495609672e-10 402.70984818465814 390.57370818766617
d 3500 3500 0.051248488181423642 0 0 -0.051248488181425675 1.5567500000000004e-08 452.52376528228547 0 0 1.5709306495609672e-10 407.48012505925794 398.70828902290265
d 3500 3500 0.048875606848304186 0 0 -0.048875606855029959 1.8817500000000003e-08 466.11164012150812 0 0 1.5709306495609672e-10 417.78217674287407 414.33449705024901
d 3500 3500 0.044316893994246667 0 0 -0.04431689398773387 2.5317500000000005e-08 495.09059395205429 0 0 1.5709306495609672e-10 438.98074827883903 442.47058548668889
d 3500 3500 0.036069391139904254 0 0 -0.036069391139786591 3.8317500000000012e-08 546.99644079770644 0 0 1.5709306495609672e-10 477.60999608429671 486.83648025283765
d 3500 3500 0.023167079473198703 0 0 -0.023167079473046939 6.431750000000002e-08 624.85875390314675 0 0 1.5709306495609672e-10 533.49773838083854 540.75837854575786
d 3500 3500 0.0085131286481532689 0 0 -0.0085131286481528179 1.1631750000000004e-07 701.61376426216805 0 0 1.5709306495609672e-10 583.4396775131338 573.84327183383687
d 3500 3500 0.0025225854738599634 0 0 -0.0025225854738580825 1.6831750000000005e-07 718.27630739218864 0 0 1.5709306495609672e-10 590.70713598554869 564.44896779535213
d 3500 3500 0.001176148464597249 0 0 -0.0011761484645975021 1.9431750000000005e-07 716.34150864711637 0 0 1.5709306495609672e-10 587.85141306416801 555.0148036207861
d 3500 3500 0.00072080167512162134 0 0 -0.00072080167512093396 2.0731750000000007e-07 713.47059526746079 0 0 1.5709306495609672e-10 585.77255758169861 550.11057226074513
d 3500 3500 0.00036473266701463004 0 0 -0.00036473266701435064 2.2031750000000007e-07 710.88557598138334 0 0 1.5709306495609672e-10 583.44838400431581 545.24694528814541
d 3500 3500 0.00022729232951700912 0 0 -0.00022729232951657947 2.2681750000000008e-07 709.82893292514291 0 0 1.5709306495609672e-10 582.21090723447844 542.86963512686202
d 3500 3500 0.00011430810448538717 0 0 -0.0001143081044826279 2.3331750000000006e-07 708.67164727622117 0 0 1.5709306495609672e-10 580.96366925361122 540.52363028237039
d 3500 3500 8.0021055753388599e-05 0 0 -8.0021055754171758e-05 2.3656750000000007e-07 708.03649630694758 0 0 1.5709306495609672e-10 580.33829361306971 539.37750369555806
d 3500 3500 6.9786506080326855e-05 0 0 -6.9786506078512944e-05 2.3819250000000006e-07 707.70901791964798 0 0 1.5709306495609672e-10 580.02709081800378 538.81391599968333
d 3500 3500 6.7834420272971983e-05 0 0 -6.7834420234332549e-05 2.3859875000000005e-07 707.62632586615632 0 0 1.5709306495609672e-10 579.94953796132779 538.67414270948268
d 3500 3500 6.4690605761394109e-05 0 0 -6.4690605745771555e-05 2.3941125000000009e-07 707.4601022141818 0 0 1.5709306495609672e-10 579.79479167424222 538.39603202733201
d 3500 3500 6.0545118110875102e-05 0 0 -6.0545118110585708e-05 2.4103625000000005e-07 707.12480213436311 0 0 1.5709306495609672e-10 579.48694724705479 537.84578108643939
d 3500 3500 5.7249522558124579e-05 0 0 -5.7249522559179366e-05 2.4428625000000008e-07 706.44595559674497 0 0 1.5709306495609672e-10 578.8791368908835 536.76993906751341
d 3500 3500 5.6294061674051195e-05 0 0 -5.629406167682993e-05 2.5078625000000009e-07 705.06879995570978 0 0 1.5709306495609672e-10 577.69951715020875 534.71396229258107
d 3500 3500 5.5676326944771068e-05 0 0 -5.5676326945096586e-05 2.6378625000000006e-07 702.2726601279395 0 0 1.5709306495609672e-10 575.48243968703537 530.93505858325852
d 3500 3500 5.4439726057820486e-05 0 0 -5.4439726057539576e-05 2.8978625000000011e-07 696.63589033018786 0 0 1.5709306495609672e-10 571.53170284303962 524.4133744847469
d 3500 3500 5.2566117831509515e-05 0 0 -5.2566117831659771e-05 3.417862500000001e-07 688.68744438249212 0 0 1.5709306495609672e-10 565.05835567681925 514.19205341369343
d 3500 3500 5.0064343386747653e-05 0 0 -5.0064343386550179e-05 4.4578625000000013e-07 677.02942906306691 0 0 1.5709306495609672e-10 555.62328694026507 500.1698732366176
d 3500 3500 4.7243198808957661e-05 0 0 -4.7243198808853272e-05 6.5378625000000019e-07 663.50854977507527 0 0 1.5709306495609672e-10 543.61106020669774 483.7846749540106
d 3500 3500 4.4598357050840448e-05 0 0 -4.4598357050007116e-05 1.0697862500000004e-06 648.69357905369236 0 0 1.5709306495609672e-10 529.60220025379215 467.55380623896701
d 3500 3500 4.267216905181849e-05 0 0 -4.2672169048442048e-05 1.9017862500000007e-06 634.94019135701262 0 0 1.5709306495609672e-10 511.13264253536892 454.13103910816403
d 3500 3500 4.2324116595660871e-05 0 0 -4.2324116557440894e-05 3.5657862500000014e-06 623.97577107544123 0 0 1.5709306495609672e-10 483.27926553271067 448.09721321984699
d 3500 3500 4.6386724236154053e-05 0 0 -4.6386724156316549e-05 6.8937862500000024e-06 620.23269840672094 0 0 1.5709306495609672e-10 451.08276944947573 455.89240787527092
d 3500 3500 5.5138300482409258e-05 0 0 -5.5138300428287235e-05 1.0221786250000003e-05 623.81266856797981 0 0 1.5709306495609672e-10 437.00764554094093 468.67726281531321
d 3500 3500 6.2256484368646478e-05 0 0 -6.2256484333317316e-05 1.1885786250000005e-05 626.07282678422848 0 0 1.5709306495609672e-10 434.52369915353103 476.10533237082279
d 3500 3500 7.2845692255167616e-05 0 0 -7.2845692226934802e-05 1.3549786250000004e-05 630.43228325040025 0 0 1.5709306495609672e-10 433.23146668064419 484.23907423537054
d 3500 3500 0.00010136446163296023 0 0 -0.00010136446156045071 1.5213786250000006e-05 637.15282174987215 0 0 1.5709306495609672e-10 434.97491720868697 494.74049238887443
d 3500 3500 0.00012431498510398939 0 0 -0.00012431498510624605 1.5629786250000005e-05 639.49168122009371 0 0 1.5709306495609672e-10 436.40408117805276 498.29894174869855
d 3500 3500 0.00031149970872025904 0 0 -0.0003114997087259581 1.6045786250000006e-05 646.20699269097895 0 0 1.5709306495609672e-10 443.48287184410287 507.63644592288887
d 3500 3500 0.00059877428375151994 0 0 -0.00059877428375253649 1.6253786250000004e-05 653.78092055370325 0 0 1.5709306495609672e-10 452.39221962858659 517.93342596883542
d 3500 3500 0.0010305696253406376 0 0 -0.0010305696253427837 1.6461786250000006e-05 666.39804557063405 0 0 1.5709306495609672e-10 466.17646513925285 533.27750837444296
d 3500 3500 0.0019486960541421116 0 0 -0.0019486960541421083 1.6669786250000005e-05 690.58791566588411 0 0 1.5709306495609672e-10 492.42852891796576 561.67488054981141
d 3500 3500 0.0049779535600481895 0 0 -0.0049779535600765696 1.6877786250000007e-05 744.47003964318037 0 0 1.5709306495609672e-10 553.81183004762761 626.88874719055366
d 3500 3500 0.022432671443349338 0 0 -0.022432671443337278 1.6981786250000005e-05 894.52806495972652 0 0 1.5709306495609672e-10 726.25894000504491 788.03978522768148
d 3500 3500 0.032424521005144619 0 0 -0.032424521005175927 1.7007786250000004e-05 972.30632208580641 0 0 1.5709306495609672e-10 797.95127493901089 848.77520468457419
d 3500 3500 0.054842803749396075 0 0 -0.054842803748958606 1.7033786250000007e-05 1115.3409009210682 0 0 1.5709306495609672e-10 919.1984017627251 940.96713426517647
d 3500 3500 0.0834279965764987 0 0 -0.083427996576441732 1.7046786250000005e-05 1251.8869409744311 0 0 1.5709306495609672e-10 1043.9637584009556 1022.7905866637465
d 3500 3500 0.091057495873948291 0 0 -0.091057495871401731 1.7050036250000005e-05 1290.6209841100056 0 0 1.5709306495609672e-10 1079.1958739782758 1045.2235683990434
d 3500 3500 0.099928088455899622 0 0 -0.099928088455859654 1.7053286250000006e-05 1332.4062929333111 0 0 1.5709306495609672e-10 1118.6556388399313 1069.672126872709
d 3500 3500 0.11046672210362461 0 0 -0.1104667221035794 1.7056536250000006e-05 1378.6828554627334 0 0 1.5709306495609672e-10 1163.3904438508587 1096.6769026044894
d 3500 3500 0.13874684292857575 0 0 -0.13874684292587378 1.7063036250000007e-05 1486.8522750209638 0 0 1.5709306495609672e-10 1276.1807380285059 1161.3199083324291
d 3500 3500 0.15746764099139704 0 0 -0.1574676409913334 1.7066286250000007e-05 1548.2110598362351 0 0 1.5709306495609672e-10 1349.3797291676203 1200.1334207489469
d 3500 3500 0.18074255205193765 0 0 -0.18074255204936368 1.7069536250000004e-05 1615.317524921478 0 0 1.5709306495609672e-10 1441.1637080963337 1244.2690988405925
d 3500 3500 0.21025828268314997 0 0 -0.21025828268230673 1.7072786250000004e-05 1687.162390522039 0 0 1.5709306495609672e-10 1563.98542302742 1294.174506045704
Q 2 13 "Voltage #01"
Q 3 13 "Voltage #02"
Q 20 13 "Current #01"
Q 21 13 "Current #02"
Q 61 13 "Transient time"
Q 82 13 "Global device temperature"
Q 92 21 Contact
Q 502 13 "SEU Track Charge"
Q 503 13 "SEU Track Cumulative Charge"
Q 505 13 "SEU Track Generation Rate"
Q 601 13 "Int. Voltage #01"
Q 602 13 "Int. Voltage #02"
Q 3000 13 Temp_metallurgic
Q 3001 13 Temp_N_dope_step
EOF 1112742341
