v VICTORYDEVICE
# silvaco.file ASCII version=1.14.23 format=1 contents=SDB,Tables=1

Copyright "###################################################################"
Copyright "#                    Copyright Silvaco Inc. (c)                   #"
Copyright "#                            1992-2014                            #"
Copyright "#                                                                 #"
Copyright "# This file format and the following Key are copyright Silvaco    #"
Copyright "# International. You may not use, this format or key without      #"
Copyright "# reproducing this message in full and obtaining                  #"
Copyright "# express written permission from Silvaco Inc.                    #"
Copyright "#                                                                 #"
Copyright "# To obtain such permission please contact: Silvaco Inc.          #"
Copyright "#                                           support@silvaco.com   #"
Copyright "#                                                                 #"
Copyright "# KEY=SVC86hn7562asdx                       PROD=345              #"
Copyright "###################################################################"
#This file was created by VICTORYDEVICE version 1.12.1.R
#victoryd 1.12.1.R (Thu Apr 12 10:17:20 PDT 2018)
#libSDB 1.12.42 (Thu Oct 26 19:20:24 PDT 2017)
a VICTORYDEVICE
j 1 9
k 4
r 1 92
x 3 43 42 46
w gate 1 1
r 2 92
x 3 43 42 46
w drain 1 2
r 3 92
x 3 43 42 46
w source 1 3
r 4 92
x 3 43 42 46
w substrate 1 4
y 1 15
z 300
p 12 2 601 20 3 602 21 4 603 22 5 604 23
d 0.01 0.01 0 0.05 0.05 6.9146697095809989e-09 0 0 -6.9146696747385997e-09 0 0 -3.4822692405000538e-17
d 0.05 0.05 0 0.05 0.05 1.5066671441214588e-08 0 0 -1.5066671405660129e-08 0 0 -3.5605712346561866e-17
d 0.1 0.1 0 0.05 0.05 4.0334128158995532e-08 0 0 -4.0334128122382361e-08 0 0 -3.65943707664777e-17
d 0.15 0.15 0 0.05 0.05 1.0786954068041123e-07 0 0 -1.0786954064290348e-07 0 0 -3.7608353959556102e-17
d 0.2 0.2 0 0.05 0.05 2.8217312457999374e-07 0 0 -2.8217312454132128e-07 0 0 -3.8666540898208122e-17
d 0.25 0.25 0 0.05 0.05 7.0087350902638335e-07 0 0 -7.0087350898576336e-07 0 0 -3.9788327748681443e-17
d 0.3 0.3 0 0.05 0.05 1.5997326099896417e-06 0 0 -1.5997326100091264e-06 0 0 -4.0992076461701841e-17
d 0.35 0.35 0 0.05 0.05 3.2776922315230283e-06 0 0 -3.2776922327252378e-06 0 0 -4.2269562083462564e-17
d 0.4 0.4 0 0.05 0.05 5.6933529514394937e-06 0 0 -5.6933529490025537e-06 0 0 -4.3580492239979232e-17
d 0.45 0.45 0 0.05 0.05 8.1118734116396797e-06 0 0 -8.111873411543223e-06 0 0 -4.4894732049476815e-17
d 0.5 0.5 0 0.05 0.05 1.0274318507282975e-05 0 0 -1.0274318507164852e-05 0 0 -4.6120718261572405e-17
d 0.55 0.55 0 0.05 0.05 1.2137437374724365e-05 0 0 -1.2137437341827272e-05 0 0 -4.7234139219192692e-17
d 0.6 0.6 0 0.05 0.05 1.3745311039232752e-05 0 0 -1.3745311017137171e-05 0 0 -4.8215846319069271e-17
d 0.65 0.65 0 0.05 0.05 1.5143819117183607e-05 0 0 -1.5143819104106747e-05 0 0 -4.9080560107968907e-17
d 0.7 0.7 0 0.05 0.05 1.6376586188272456e-05 0 0 -1.6376586180777987e-05 0 0 -4.9848750772354467e-17
d 0.75000000000000011 0.75000000000000011 0 0.05 0.05 1.7480895467240382e-05 0 0 -1.7480895462930086e-05 0 0 -5.0538303479354323e-17
d 0.8 0.8 0 0.05 0.05 1.8485588596579469e-05 0 0 -1.848558859408474e-05 0 0 -5.1162586385589929e-17
d 0.8500000000000002 0.8500000000000002 0 0.05 0.05 1.9413480584006241e-05 0 0 -1.9413480582581009e-05 0 0 -5.1731878930887025e-17
d 0.90000000000000024 0.90000000000000024 0 0.05 0.05 2.0283285913236489e-05 0 0 -2.0283285912463835e-05 0 0 -5.2254720264793636e-17
d 0.95000000000000029 0.95000000000000029 0 0.05 0.05 2.1110770149364949e-05 0 0 -2.1110770148922645e-05 0 0 -5.2736888900207794e-17
d 1 1 0 0.05 0.05 2.1907328631511285e-05 0 0 -2.1907328631011068e-05 0 0 -5.3183188045678601e-17
Q 2 13 "Voltage #01"
Q 3 13 "Voltage #02"
Q 4 13 "Voltage #03"
Q 5 13 "Voltage #04"
Q 20 13 "Current #01"
Q 21 13 "Current #02"
Q 22 13 "Current #03"
Q 23 13 "Current #04"
Q 92 21 Contact
Q 601 13 "Int. Voltage #01"
Q 602 13 "Int. Voltage #02"
Q 603 13 "Int. Voltage #03"
Q 604 13 "Int. Voltage #04"
EOF 1288211631
