v VICTORYDEVICE
# silvaco.file ASCII version=1.14.23 format=1 contents=SDB,Tables=1

Copyright "###################################################################"
Copyright "#                    Copyright Silvaco Inc. (c)                   #"
Copyright "#                            1992-2014                            #"
Copyright "#                                                                 #"
Copyright "# This file format and the following Key are copyright Silvaco    #"
Copyright "# International. You may not use, this format or key without      #"
Copyright "# reproducing this message in full and obtaining                  #"
Copyright "# express written permission from Silvaco Inc.                    #"
Copyright "#                                                                 #"
Copyright "# To obtain such permission please contact: Silvaco Inc.          #"
Copyright "#                                           support@silvaco.com   #"
Copyright "#                                                                 #"
Copyright "# KEY=SVC86hn7562asdx                       PROD=345              #"
Copyright "###################################################################"
#This file was created by VICTORYDEVICE version 1.12.1.R
#victoryd 1.12.1.R (Thu Apr 12 10:17:20 PDT 2018)
#libSDB 1.12.42 (Thu Oct 26 19:20:24 PDT 2017)
a VICTORYDEVICE
j 1 9
k 4
r 1 92
x 3 43 42 46
w gate 1 1
r 2 92
x 3 43 42 46
w drain 1 2
r 3 92
x 3 43 42 46
w source 1 3
r 4 92
x 3 43 42 46
w substrate 1 4
y 1 15
z 300
p 13 2 601 20 3 602 21 4 603 22 5 604 23 200
d 0.01 0.01 0 0.05 0.05 1.3272592532137388e-08 0 0 -1.3272592494324681e-08 0 0 -3.7748574017826352e-17 358.70396389622186
d 0.05 0.05 0 0.05 0.05 2.8443324498021243e-08 0 0 -2.8443324459281609e-08 0 0 -3.8717538220783932e-17 359.19084057704453
d 0.1 0.1 0 0.05 0.05 7.307120962068066e-08 0 0 -7.3071209581033682e-08 0 0 -4.0240414292403663e-17 357.27172506834069
d 0.15 0.15 0 0.05 0.05 1.8258310484057127e-07 0 0 -1.8258310480285869e-07 0 0 -4.2194046727556214e-17 354.25564875691367
d 0.2 0.2 0 0.05 0.05 4.3392023883158436e-07 0 0 -4.3392023882041036e-07 0 0 -4.4502213172213915e-17 353.43117266803318
d 0.25 0.25 0 0.05 0.05 9.5855172823487232e-07 0 0 -9.5855172837784301e-07 0 0 -4.6753674533331039e-17 353.12679545052822
d 0.3 0.3 0 0.05 0.05 1.9340764073331892e-06 0 0 -1.9340764081655973e-06 0 0 -4.8294279546069077e-17 353.90298170659463
d 0.35 0.35 0 0.05 0.05 3.53894104325033e-06 0 0 -3.5389410432037352e-06 0 0 -4.8666998145565076e-17 355.79231907798402
d 0.4 0.4 0 0.05 0.05 5.660272915536309e-06 0 0 -5.6602729154469885e-06 0 0 -4.8050597775065601e-17 356.83048976909066
d 0.45 0.45 0 0.05 0.05 8.0087557095735612e-06 0 0 -8.0087557094256726e-06 0 0 -4.7068565868842834e-17 356.71638398016762
d 0.5 0.5 0 0.05 0.05 1.0623808367388959e-05 0 0 -1.0623808367261321e-05 0 0 -4.6105934909949633e-17 356.77935503007865
d 0.55 0.55 0 0.05 0.05 1.3362398833932499e-05 0 0 -1.336239883387669e-05 0 0 -4.5330753187213825e-17 356.50430846679978
d 0.6 0.6 0 0.05 0.05 1.6083702629106131e-05 0 0 -1.6083702629052181e-05 0 0 -4.4826354852104409e-17 356.22687934570553
d 0.65 0.65 0 0.05 0.05 1.8691811814470676e-05 0 0 -1.8691811814388202e-05 0 0 -4.4596057202089435e-17 355.8168059834743
d 0.7 0.7 0 0.05 0.05 2.1140312535235231e-05 0 0 -2.1140312535122257e-05 0 0 -4.4646471343368297e-17 355.10091972619199
d 0.75000000000000011 0.75000000000000011 0 0.05 0.05 2.3413792816953958e-05 0 0 -2.3413792726427525e-05 0 0 -4.4943756806547e-17 354.30451206090225
d 0.8 0.8 0 0.05 0.05 2.5518262728791676e-05 0 0 -2.5518262678630111e-05 0 0 -4.5441356135242168e-17 353.59745464520432
d 0.8500000000000002 0.8500000000000002 0 0.05 0.05 2.7470127348227832e-05 0 0 -2.7470127332491359e-05 0 0 -4.6097090447494623e-17 352.83731420392814
d 0.90000000000000024 0.90000000000000024 0 0.05 0.05 2.9291172482919872e-05 0 0 -2.9291172492843584e-05 0 0 -4.6864145057211414e-17 352.06661612321898
d 0.95000000000000029 0.95000000000000029 0 0.05 0.05 3.1006810228322979e-05 0 0 -3.1006810252486634e-05 0 0 -4.7720833922555188e-17 351.29992480414541
d 1 1 0 0.05 0.05 3.2640142224098844e-05 0 0 -3.2640142245490254e-05 0 0 -4.8640437181395303e-17 350.54534670566363
Q 2 13 "Voltage #01"
Q 3 13 "Voltage #02"
Q 4 13 "Voltage #03"
Q 5 13 "Voltage #04"
Q 20 13 "Current #01"
Q 21 13 "Current #02"
Q 22 13 "Current #03"
Q 23 13 "Current #04"
Q 92 21 Contact
Q 200 13 "Electron temp"
Q 601 13 "Int. Voltage #01"
Q 602 13 "Int. Voltage #02"
Q 603 13 "Int. Voltage #03"
Q 604 13 "Int. Voltage #04"
EOF 1898575789
