v ATLAS
# This file was created by ATLAS version 5.26.1.R on Tue Apr 17 19:52:19 2018.
#SSF 2.0 generic
##############################################################################
#                    Copyright (c) 1984 - 2018                               #
#                    Silvaco Inc. All rights reserved                        #
#                                                                            #
# This file format and the following Key are copyright Silvaco Inc.          #
# You may not use, this format or key without reproducing this message in    #
# full and obtaining express written permission from Silvaco Inc.            #
#                                                                            #
# To obtain such permission please contact: Silvaco Inc.                     #
#                                           support@silvaco.com              #
#                                                                            #
# KEY=SVC86hn7562asdx                       PROD=345                         #
##############################################################################
y 3 700 711 15
z 0.487042 0.02 300
f 4 "gate" "source" "drain" "substrate" 
p 12 2 601 20 3 602 21 4 603 22 5 604 23 
d 5.000000000e-01 5.000000000e-01 0.000000000e+00 0.000000000e+00 0.000000000e+00 -1.520629958e-08 1.000000000e-01 1.000000000e-01 1.520630018e-08 0.000000000e+00 0.000000000e+00 -2.156896993e-18 
d 7.500000000e-01 7.500000000e-01 0.000000000e+00 0.000000000e+00 0.000000000e+00 -1.507640954e-06 1.000000000e-01 1.000000000e-01 1.507640954e-06 0.000000000e+00 0.000000000e+00 -2.163612463e-18 
d 1.000000000e+00 1.000000000e+00 0.000000000e+00 0.000000000e+00 0.000000000e+00 -6.882605592e-06 1.000000000e-01 1.000000000e-01 6.882605592e-06 0.000000000e+00 0.000000000e+00 -2.178165910e-18 
d 1.250000000e+00 1.250000000e+00 0.000000000e+00 0.000000000e+00 0.000000000e+00 -1.234030993e-05 1.000000000e-01 1.000000000e-01 1.234030993e-05 0.000000000e+00 0.000000000e+00 -2.190420441e-18 
d 1.500000000e+00 1.500000000e+00 0.000000000e+00 0.000000000e+00 0.000000000e+00 -1.731123289e-05 1.000000000e-01 1.000000000e-01 1.731123289e-05 0.000000000e+00 0.000000000e+00 -2.200599901e-18 
d 1.750000000e+00 1.750000000e+00 0.000000000e+00 0.000000000e+00 0.000000000e+00 -2.188325855e-05 1.000000000e-01 1.000000000e-01 2.188325855e-05 0.000000000e+00 0.000000000e+00 -2.209425929e-18 
d 2.000000000e+00 2.000000000e+00 0.000000000e+00 0.000000000e+00 0.000000000e+00 -2.613635243e-05 1.000000000e-01 1.000000000e-01 2.613635243e-05 0.000000000e+00 0.000000000e+00 -2.217294971e-18 
d 2.250000000e+00 2.250000000e+00 0.000000000e+00 0.000000000e+00 0.000000000e+00 -3.012705926e-05 1.000000000e-01 1.000000000e-01 3.012705926e-05 0.000000000e+00 0.000000000e+00 -2.224442181e-18 
d 2.500000000e+00 2.500000000e+00 0.000000000e+00 0.000000000e+00 0.000000000e+00 -3.389633292e-05 1.000000000e-01 1.000000000e-01 3.389633292e-05 0.000000000e+00 0.000000000e+00 -2.231019474e-18 
d 2.750000000e+00 2.750000000e+00 0.000000000e+00 0.000000000e+00 0.000000000e+00 -3.747503760e-05 1.000000000e-01 1.000000000e-01 3.747503760e-05 0.000000000e+00 0.000000000e+00 -2.237131591e-18 
d 3.000000000e+00 3.000000000e+00 0.000000000e+00 0.000000000e+00 0.000000000e+00 -4.088725507e-05 1.000000000e-01 1.000000000e-01 4.088725507e-05 0.000000000e+00 0.000000000e+00 -2.242854444e-18 
d 3.250000000e+00 3.250000000e+00 0.000000000e+00 0.000000000e+00 0.000000000e+00 -4.415230033e-05 1.000000000e-01 1.000000000e-01 4.415230033e-05 0.000000000e+00 0.000000000e+00 -2.248245223e-18 
d 3.500000000e+00 3.500000000e+00 0.000000000e+00 0.000000000e+00 0.000000000e+00 -4.728600644e-05 1.000000000e-01 1.000000000e-01 4.728600644e-05 0.000000000e+00 0.000000000e+00 -2.253348355e-18 
d 3.750000000e+00 3.750000000e+00 0.000000000e+00 0.000000000e+00 0.000000000e+00 -5.030158006e-05 1.000000000e-01 1.000000000e-01 5.030158006e-05 0.000000000e+00 0.000000000e+00 -2.258199217e-18 
d 4.000000000e+00 4.000000000e+00 0.000000000e+00 0.000000000e+00 0.000000000e+00 -5.321019343e-05 1.000000000e-01 1.000000000e-01 5.321019343e-05 0.000000000e+00 0.000000000e+00 -2.262826559e-18 
d 4.250000000e+00 4.250000000e+00 0.000000000e+00 0.000000000e+00 0.000000000e+00 -5.602140813e-05 1.000000000e-01 1.000000000e-01 5.602140813e-05 0.000000000e+00 0.000000000e+00 -2.267254136e-18 
d 4.500000000e+00 4.500000000e+00 0.000000000e+00 0.000000000e+00 0.000000000e+00 -5.874348742e-05 1.000000000e-01 1.000000000e-01 5.874348742e-05 0.000000000e+00 0.000000000e+00 -2.271501874e-18 
d 4.750000000e+00 4.750000000e+00 0.000000000e+00 0.000000000e+00 0.000000000e+00 -6.138363221e-05 1.000000000e-01 1.000000000e-01 6.138363221e-05 0.000000000e+00 0.000000000e+00 -2.275586671e-18 
d 5.000000000e+00 5.000000000e+00 0.000000000e+00 0.000000000e+00 0.000000000e+00 -6.394816294e-05 1.000000000e-01 1.000000000e-01 6.394816294e-05 0.000000000e+00 0.000000000e+00 -2.279523014e-18 
d 5.250000000e+00 5.250000000e+00 0.000000000e+00 0.000000000e+00 0.000000000e+00 -6.644266248e-05 1.000000000e-01 1.000000000e-01 6.644266248e-05 0.000000000e+00 0.000000000e+00 -2.283323432e-18 
d 5.500000000e+00 5.500000000e+00 0.000000000e+00 0.000000000e+00 0.000000000e+00 -6.887208997e-05 1.000000000e-01 1.000000000e-01 6.887208997e-05 0.000000000e+00 0.000000000e+00 -2.286998850e-18 
d 5.750000000e+00 5.750000000e+00 0.000000000e+00 0.000000000e+00 0.000000000e+00 -7.124087278e-05 1.000000000e-01 1.000000000e-01 7.124087278e-05 0.000000000e+00 0.000000000e+00 -2.290558859e-18 
d 6.000000000e+00 6.000000000e+00 0.000000000e+00 0.000000000e+00 0.000000000e+00 -7.355298158e-05 1.000000000e-01 1.000000000e-01 7.355298158e-05 0.000000000e+00 0.000000000e+00 -2.294011935e-18 
