v ATLAS
# This file was created by ATLAS version 5.26.1.R on Tue Apr 17 19:53:51 2018.
#SSF 2.0 generic
##############################################################################
#                    Copyright (c) 1984 - 2018                               #
#                    Silvaco Inc. All rights reserved                        #
#                                                                            #
# This file format and the following Key are copyright Silvaco Inc.          #
# You may not use, this format or key without reproducing this message in    #
# full and obtaining express written permission from Silvaco Inc.            #
#                                                                            #
# To obtain such permission please contact: Silvaco Inc.                     #
#                                           support@silvaco.com              #
#                                                                            #
# KEY=SVC86hn7562asdx                       PROD=345                         #
##############################################################################
y 3 700 711 15
z 0.487042 0.02 300
f 4 "gate" "source" "drain" "substrate" 
p 12 2 601 20 3 602 21 4 603 22 5 604 23 
d 5.000000000e-01 5.000000000e-01 0.000000000e+00 0.000000000e+00 0.000000000e+00 -1.106966473e-14 1.000000000e-01 1.000000000e-01 1.123108348e-14 0.000000000e+00 0.000000000e+00 -2.143021576e-18 
d 7.500000000e-01 7.500000000e-01 0.000000000e+00 0.000000000e+00 0.000000000e+00 -9.774106272e-14 1.000000000e-01 1.000000000e-01 9.819598968e-14 0.000000000e+00 0.000000000e+00 -2.141342740e-18 
d 1.000000000e+00 1.000000000e+00 0.000000000e+00 0.000000000e+00 0.000000000e+00 -5.177130587e-13 1.000000000e-01 1.000000000e-01 5.181651578e-13 0.000000000e+00 0.000000000e+00 -2.141121882e-18 
d 1.250000000e+00 1.250000000e+00 0.000000000e+00 0.000000000e+00 0.000000000e+00 -1.730466908e-12 1.000000000e-01 1.000000000e-01 1.730803984e-12 0.000000000e+00 0.000000000e+00 -2.141326678e-18 
d 1.500000000e+00 1.500000000e+00 0.000000000e+00 0.000000000e+00 0.000000000e+00 -5.506709548e-12 1.000000000e-01 1.000000000e-01 5.506915057e-12 0.000000000e+00 0.000000000e+00 -2.141738141e-18 
d 1.750000000e+00 1.750000000e+00 0.000000000e+00 0.000000000e+00 0.000000000e+00 -1.912981026e-11 1.000000000e-01 1.000000000e-01 1.913006337e-11 0.000000000e+00 0.000000000e+00 -2.142294168e-18 
d 2.000000000e+00 2.000000000e+00 0.000000000e+00 0.000000000e+00 0.000000000e+00 -6.174434272e-11 1.000000000e-01 1.000000000e-01 6.174454834e-11 0.000000000e+00 0.000000000e+00 -2.142814477e-18 
d 2.250000000e+00 2.250000000e+00 0.000000000e+00 0.000000000e+00 0.000000000e+00 -1.936988705e-10 1.000000000e-01 1.000000000e-01 1.936990120e-10 0.000000000e+00 0.000000000e+00 -2.143308207e-18 
d 2.500000000e+00 2.500000000e+00 0.000000000e+00 0.000000000e+00 0.000000000e+00 -5.873401408e-10 1.000000000e-01 1.000000000e-01 5.873405191e-10 0.000000000e+00 0.000000000e+00 -2.143779582e-18 
d 2.750000000e+00 2.750000000e+00 0.000000000e+00 0.000000000e+00 0.000000000e+00 -1.661408706e-09 1.000000000e-01 1.000000000e-01 1.661409012e-09 0.000000000e+00 0.000000000e+00 -2.144208890e-18 
d 3.000000000e+00 3.000000000e+00 0.000000000e+00 0.000000000e+00 0.000000000e+00 -4.530090640e-09 1.000000000e-01 1.000000000e-01 4.530090826e-09 0.000000000e+00 0.000000000e+00 -2.144614110e-18 
d 3.250000000e+00 3.250000000e+00 0.000000000e+00 0.000000000e+00 0.000000000e+00 -1.271255443e-08 1.000000000e-01 1.000000000e-01 1.271255454e-08 0.000000000e+00 0.000000000e+00 -2.145032250e-18 
d 3.500000000e+00 3.500000000e+00 0.000000000e+00 0.000000000e+00 0.000000000e+00 -3.802734368e-08 1.000000000e-01 1.000000000e-01 3.802734380e-08 0.000000000e+00 0.000000000e+00 -2.145508669e-18 
d 3.750000000e+00 3.750000000e+00 0.000000000e+00 0.000000000e+00 0.000000000e+00 -1.239754443e-07 1.000000000e-01 1.000000000e-01 1.239754447e-07 0.000000000e+00 0.000000000e+00 -2.146177733e-18 
d 4.000000000e+00 4.000000000e+00 0.000000000e+00 0.000000000e+00 0.000000000e+00 -4.482660245e-07 1.000000000e-01 1.000000000e-01 4.482660248e-07 0.000000000e+00 0.000000000e+00 -2.147526931e-18 
d 4.250000000e+00 4.250000000e+00 0.000000000e+00 0.000000000e+00 0.000000000e+00 -1.708606962e-06 1.000000000e-01 1.000000000e-01 1.708606962e-06 0.000000000e+00 0.000000000e+00 -2.151397756e-18 
d 4.500000000e+00 4.500000000e+00 0.000000000e+00 0.000000000e+00 0.000000000e+00 -5.688511014e-06 1.000000000e-01 1.000000000e-01 5.688511015e-06 0.000000000e+00 0.000000000e+00 -2.162044018e-18 
d 4.750000000e+00 4.750000000e+00 0.000000000e+00 0.000000000e+00 0.000000000e+00 -1.369152876e-05 1.000000000e-01 1.000000000e-01 1.369152876e-05 0.000000000e+00 0.000000000e+00 -2.181330022e-18 
d 5.000000000e+00 5.000000000e+00 0.000000000e+00 0.000000000e+00 0.000000000e+00 -2.389035524e-05 1.000000000e-01 1.000000000e-01 2.389035524e-05 0.000000000e+00 0.000000000e+00 -2.203586996e-18 
d 5.250000000e+00 5.250000000e+00 0.000000000e+00 0.000000000e+00 0.000000000e+00 -3.347770280e-05 1.000000000e-01 1.000000000e-01 3.347770280e-05 0.000000000e+00 0.000000000e+00 -2.222852652e-18 
d 5.500000000e+00 5.500000000e+00 0.000000000e+00 0.000000000e+00 0.000000000e+00 -4.133735320e-05 1.000000000e-01 1.000000000e-01 4.133735320e-05 0.000000000e+00 0.000000000e+00 -2.237703146e-18 
d 5.750000000e+00 5.750000000e+00 0.000000000e+00 0.000000000e+00 0.000000000e+00 -4.766419451e-05 1.000000000e-01 1.000000000e-01 4.766419451e-05 0.000000000e+00 0.000000000e+00 -2.249125373e-18 
d 6.000000000e+00 6.000000000e+00 0.000000000e+00 0.000000000e+00 0.000000000e+00 -5.290303686e-05 1.000000000e-01 1.000000000e-01 5.290303686e-05 0.000000000e+00 0.000000000e+00 -2.258259183e-18 
