v ATLAS
# This file was created by ATLAS version 5.26.1.R on Thu Apr 19 10:05:32 2018.
#SSF 2.0 generic
##############################################################################
#                    Copyright (c) 1984 - 2018                               #
#                    Silvaco Inc. All rights reserved                        #
#                                                                            #
# This file format and the following Key are copyright Silvaco Inc.          #
# You may not use, this format or key without reproducing this message in    #
# full and obtaining express written permission from Silvaco Inc.            #
#                                                                            #
# To obtain such permission please contact: Silvaco Inc.                     #
#                                           support@silvaco.com              #
#                                                                            #
# KEY=SVC86hn7562asdx                       PROD=345                         #
##############################################################################
y 1 15
z 300
f 3 "cathode" "anode" "com" 
p 24 91 4000 4010 4020 92 4001 4011 4021 85 86 87 308 354 355 356 2 601 20 3 602 21 4 603 22 
d 1.000000000e-01 5.000000000e-01 4.032739073e-09 3.975803434e-09 1.000000000e+00 5.000000000e-01 4.032739073e-08 3.975803434e-08 4.373383777e-08 4.436012980e-08 5.000000000e-01 9.000000000e+01 1.269308690e-02 9.873069131e-01 1.007728162e-23 0.000000000e+00 0.000000000e+00 3.220097025e-09 0.000000000e+00 0.000000000e+00 -3.220097139e-09 0.000000000e+00 -9.977679387e-01 -2.308300848e-16 
d 1.000000000e-01 5.200000000e-01 4.194048636e-09 4.127886796e-09 1.000000000e+00 5.000000000e-01 4.032739073e-08 3.975803434e-08 4.388592114e-08 4.452143936e-08 5.200000000e-01 9.000000000e+01 1.269263699e-02 9.873073630e-01 1.111324041e-22 0.000000000e+00 0.000000000e+00 3.466563707e-09 0.000000000e+00 0.000000000e+00 -3.466563791e-09 0.000000000e+00 -9.970313393e-01 -9.464966720e-16 
d 1.000000000e-01 5.400000000e-01 4.355358198e-09 4.272078655e-09 1.000000000e+00 5.000000000e-01 4.032739073e-08 3.975803434e-08 4.403011299e-08 4.468274892e-08 5.400000000e-01 9.000000000e+01 1.270590515e-02 9.872940949e-01 3.606675303e-22 0.000000000e+00 0.000000000e+00 3.806072162e-09 0.000000000e+00 0.000000000e+00 -3.806072245e-09 0.000000000e+00 -9.960084642e-01 -1.119747315e-16 
d 1.000000000e-01 5.600000000e-01 4.516667761e-09 4.399308780e-09 1.000000000e+00 5.000000000e-01 4.032739073e-08 3.975803434e-08 4.415734312e-08 4.484405849e-08 5.600000000e-01 9.000000000e+01 1.258220287e-02 9.874177971e-01 9.113359864e-22 0.000000000e+00 0.000000000e+00 4.226216079e-09 0.000000000e+00 0.000000000e+00 -4.226216126e-09 0.000000000e+00 -9.947277799e-01 4.041626575e-16 
d 1.000000000e-01 5.800000000e-01 4.677977324e-09 4.510367076e-09 1.000000000e+00 5.000000000e-01 4.032739073e-08 3.975803434e-08 4.426840142e-08 4.500536805e-08 5.800000000e-01 9.000000000e+01 1.226928439e-02 9.877307156e-01 1.560448009e-21 0.000000000e+00 0.000000000e+00 4.719581670e-09 0.000000000e+00 0.000000000e+00 -4.719581812e-09 0.000000000e+00 -9.932236825e-01 4.954907913e-16 
d 1.000000000e-01 6.000000000e-01 4.839286887e-09 4.565381965e-09 1.000000000e+00 5.000000000e-01 4.032739073e-08 3.975803434e-08 4.432341631e-08 4.516667761e-08 6.000000000e-01 9.000000000e+01 1.195481992e-02 9.880451801e-01 3.394372510e-21 0.000000000e+00 0.000000000e+00 5.213818611e-09 0.000000000e+00 0.000000000e+00 -5.213818708e-09 0.000000000e+00 -9.916450623e-01 -1.745143239e-16 
d 1.000000000e-01 6.200000000e-01 5.000596450e-09 4.521830850e-09 1.000000000e+00 5.000000000e-01 4.032739073e-08 3.975803434e-08 4.427986519e-08 4.532798718e-08 6.200000000e-01 9.000000000e+01 1.189127868e-02 9.881087213e-01 6.841778829e-21 0.000000000e+00 0.000000000e+00 5.626036001e-09 0.000000000e+00 0.000000000e+00 -5.626036107e-09 0.000000000e+00 -9.902053598e-01 -9.717968737e-16 
d 1.000000000e-01 6.400000000e-01 5.161906013e-09 4.518939116e-09 1.000000000e+00 5.000000000e-01 4.032739073e-08 3.975803434e-08 4.427697346e-08 4.548929674e-08 6.400000000e-01 9.000000000e+01 1.188719187e-02 9.881128081e-01 8.875830090e-21 0.000000000e+00 0.000000000e+00 6.118209242e-09 0.000000000e+00 0.000000000e+00 -6.118209317e-09 0.000000000e+00 -9.885212405e-01 -1.574134483e-16 
d 1.000000000e-01 6.600000000e-01 5.323215576e-09 4.384994515e-09 1.000000000e+00 5.000000000e-01 4.032739073e-08 3.975803434e-08 4.414302885e-08 4.565060630e-08 6.600000000e-01 9.000000000e+01 1.176278686e-02 9.882372131e-01 1.282360614e-20 0.000000000e+00 0.000000000e+00 6.413931792e-09 0.000000000e+00 0.000000000e+00 -6.413931879e-09 0.000000000e+00 -9.873296125e-01 5.135170222e-16 
d 1.000000000e-01 6.800000000e-01 5.484525139e-09 4.225273898e-09 1.000000000e+00 5.000000000e-01 4.032739073e-08 3.975803434e-08 4.398330824e-08 4.581191586e-08 6.800000000e-01 9.000000000e+01 1.155181498e-02 9.884481850e-01 1.645012416e-20 0.000000000e+00 0.000000000e+00 6.614722542e-09 0.000000000e+00 0.000000000e+00 -6.614722732e-09 0.000000000e+00 -9.864398363e-01 -3.738077082e-16 
d 1.000000000e-01 7.000000000e-01 5.645834702e-09 3.904046640e-09 1.000000000e+00 5.000000000e-01 4.032739073e-08 3.975803434e-08 4.366208098e-08 4.597322543e-08 7.000000000e-01 9.000000000e+01 1.134389475e-02 9.886561052e-01 2.502319738e-20 0.000000000e+00 0.000000000e+00 6.517527757e-09 0.000000000e+00 0.000000000e+00 -6.517527800e-09 0.000000000e+00 -9.864102922e-01 -2.001356287e-16 
d 1.000000000e-01 7.200000000e-01 5.807144265e-09 3.746529265e-09 1.000000000e+00 5.000000000e-01 4.032739073e-08 3.975803434e-08 4.350456360e-08 4.613453499e-08 7.200000000e-01 9.000000000e+01 1.154670436e-02 9.884532956e-01 3.532659766e-20 0.000000000e+00 0.000000000e+00 6.448806949e-09 0.000000000e+00 0.000000000e+00 -6.448807026e-09 0.000000000e+00 -9.864716495e-01 -4.947984378e-16 
d 1.000000000e-01 7.400000000e-01 5.968453827e-09 3.534413023e-09 1.000000000e+00 5.000000000e-01 4.032739073e-08 3.975803434e-08 4.329244736e-08 4.629584455e-08 7.400000000e-01 9.000000000e+01 1.176802589e-02 9.882319741e-01 6.783811298e-20 0.000000000e+00 0.000000000e+00 6.264138155e-09 0.000000000e+00 0.000000000e+00 -6.264138222e-09 0.000000000e+00 -9.868896121e-01 -1.292649892e-16 
d 1.000000000e-01 7.600000000e-01 6.129763390e-09 3.538478941e-09 1.000000000e+00 5.000000000e-01 4.032739073e-08 3.975803434e-08 4.329651328e-08 4.645715412e-08 7.600000000e-01 9.000000000e+01 1.176356123e-02 9.882364388e-01 1.437528552e-19 0.000000000e+00 0.000000000e+00 6.284717727e-09 0.000000000e+00 0.000000000e+00 -6.284717828e-09 0.000000000e+00 -9.868256375e-01 -3.691679504e-16 
d 1.000000000e-01 7.800000000e-01 6.291072953e-09 3.261799432e-09 1.000000000e+00 5.000000000e-01 4.032739073e-08 3.975803434e-08 4.301983377e-08 4.661846368e-08 7.800000000e-01 9.000000000e+01 1.153414230e-02 9.884658577e-01 3.977363004e-19 0.000000000e+00 0.000000000e+00 6.004944567e-09 0.000000000e+00 0.000000000e+00 -6.004944652e-09 0.000000000e+00 -9.875073119e-01 3.601324216e-16 
d 1.000000000e-01 8.000000000e-01 6.452382516e-09 3.113929007e-09 1.000000000e+00 5.000000000e-01 4.032739073e-08 3.975803434e-08 4.287196335e-08 4.677977324e-08 8.000000000e-01 9.000000000e+01 1.130276327e-02 9.886972367e-01 1.171284994e-18 0.000000000e+00 0.000000000e+00 5.855040948e-09 0.000000000e+00 0.000000000e+00 -5.855041065e-09 0.000000000e+00 -9.878758873e-01 3.929251186e-16 
d 1.000000000e-01 8.200000000e-01 6.613692079e-09 2.953943001e-09 1.000000000e+00 5.000000000e-01 4.032739073e-08 3.975803434e-08 4.271197734e-08 4.694108281e-08 8.200000000e-01 9.000000000e+01 1.101340145e-02 9.889865985e-01 3.071160535e-18 0.000000000e+00 0.000000000e+00 5.689685437e-09 0.000000000e+00 0.000000000e+00 -5.689685582e-09 0.000000000e+00 -9.882779331e-01 9.214581051e-16 
d 1.000000000e-01 8.400000000e-01 6.775001642e-09 2.776929520e-09 1.000000000e+00 5.000000000e-01 4.032739073e-08 3.975803434e-08 4.253496386e-08 4.710239237e-08 8.400000000e-01 9.000000000e+01 1.072984490e-02 9.892701551e-01 6.991081083e-18 0.000000000e+00 0.000000000e+00 5.504178085e-09 0.000000000e+00 0.000000000e+00 -5.504178154e-09 0.000000000e+00 -9.887258176e-01 1.642027962e-19 
d 1.000000000e-01 8.600000000e-01 6.936311205e-09 2.592464077e-09 1.000000000e+00 5.000000000e-01 4.032739073e-08 3.975803434e-08 4.235049842e-08 4.726370193e-08 8.600000000e-01 9.000000000e+01 1.056111824e-02 9.894388818e-01 1.355644196e-17 0.000000000e+00 0.000000000e+00 5.309300308e-09 0.000000000e+00 0.000000000e+00 -5.309300383e-09 0.000000000e+00 -9.891926073e-01 -3.182104350e-16 
d 1.000000000e-01 8.800000000e-01 7.097620768e-09 2.399258859e-09 1.000000000e+00 5.000000000e-01 4.032739073e-08 3.975803434e-08 4.215729320e-08 4.742501149e-08 8.800000000e-01 9.000000000e+01 1.065675642e-02 9.893432436e-01 2.251531948e-17 0.000000000e+00 0.000000000e+00 5.103393020e-09 0.000000000e+00 0.000000000e+00 -5.103393129e-09 0.000000000e+00 -9.896812139e-01 -8.135233279e-16 
d 1.000000000e-01 9.000000000e-01 7.258930331e-09 2.194296530e-09 1.000000000e+00 5.000000000e-01 4.032739073e-08 3.975803434e-08 4.195233087e-08 4.758632106e-08 9.000000000e-01 9.000000000e+01 1.074849585e-02 9.892515041e-01 2.464438734e-17 0.000000000e+00 0.000000000e+00 4.882956838e-09 0.000000000e+00 0.000000000e+00 -4.882956936e-09 0.000000000e+00 -9.901990063e-01 4.341580860e-16 
d 1.000000000e-01 9.200000000e-01 7.420239894e-09 1.980241709e-09 1.000000000e+00 5.000000000e-01 4.032739073e-08 3.975803434e-08 4.173827605e-08 4.774763062e-08 9.200000000e-01 9.000000000e+01 1.075833786e-02 9.892416621e-01 2.241932688e-17 0.000000000e+00 0.000000000e+00 4.656598120e-09 0.000000000e+00 0.000000000e+00 -4.656598274e-09 0.000000000e+00 -9.907253443e-01 4.432470556e-16 
d 1.000000000e-01 9.400000000e-01 7.581549456e-09 1.831112911e-09 1.000000000e+00 5.000000000e-01 4.032739073e-08 3.975803434e-08 4.158914725e-08 4.790894018e-08 9.400000000e-01 9.000000000e+01 1.076819310e-02 9.892318069e-01 1.475873428e-17 0.000000000e+00 0.000000000e+00 4.497242662e-09 0.000000000e+00 0.000000000e+00 -4.497242751e-09 0.000000000e+00 -9.910941269e-01 -4.927365727e-16 
d 1.000000000e-01 9.600000000e-01 7.742859019e-09 1.673080441e-09 1.000000000e+00 5.000000000e-01 4.032739073e-08 3.975803434e-08 4.143111478e-08 4.807024975e-08 9.600000000e-01 9.000000000e+01 1.077806158e-02 9.892219384e-01 1.021203160e-17 0.000000000e+00 0.000000000e+00 4.331552551e-09 0.000000000e+00 0.000000000e+00 -4.331552663e-09 0.000000000e+00 -9.914730600e-01 -7.038859632e-16 
d 1.000000000e-01 9.800000000e-01 7.904168582e-09 1.506949898e-09 1.000000000e+00 5.000000000e-01 4.032739073e-08 3.975803434e-08 4.126498424e-08 4.823155931e-08 9.800000000e-01 9.000000000e+01 1.078794329e-02 9.892120567e-01 7.463217482e-18 0.000000000e+00 0.000000000e+00 4.160291590e-09 0.000000000e+00 0.000000000e+00 -4.160291695e-09 0.000000000e+00 -9.918616659e-01 3.823687231e-16 
d 1.000000000e-01 1.000000000e+00 8.065478145e-09 1.332314819e-09 1.000000000e+00 5.000000000e-01 4.032739073e-08 3.975803434e-08 4.109034916e-08 4.839286887e-08 1.000000000e+00 9.000000000e+01 1.079717659e-02 9.892028234e-01 5.837097256e-18 0.000000000e+00 0.000000000e+00 3.983097998e-09 0.000000000e+00 0.000000000e+00 -3.983098012e-09 0.000000000e+00 -9.922605259e-01 -1.035354543e-15 
