v ATLAS
# This file was created by ATLAS version 5.26.1.R on Thu Apr 19 10:05:20 2018.
#SSF 2.0 generic
##############################################################################
#                    Copyright (c) 1984 - 2018                               #
#                    Silvaco Inc. All rights reserved                        #
#                                                                            #
# This file format and the following Key are copyright Silvaco Inc.          #
# You may not use, this format or key without reproducing this message in    #
# full and obtaining express written permission from Silvaco Inc.            #
#                                                                            #
# To obtain such permission please contact: Silvaco Inc.                     #
#                                           support@silvaco.com              #
#                                                                            #
# KEY=SVC86hn7562asdx                       PROD=345                         #
##############################################################################
y 1 15
z 300
f 3 "cathode" "anode" "com" 
p 24 91 4000 4010 4020 92 4001 4011 4021 85 86 87 308 354 355 356 2 601 20 3 602 21 4 603 22 
d 0.000000000e+00 0.000000000e+00 0.000000000e+00 0.000000000e+00 1.000000000e-09 8.000000000e-01 6.452382516e-17 2.255985065e-17 2.255985065e-17 6.452382516e-17 8.000000000e-01 9.000000000e+01 1.050034222e-02 9.894996578e-01 1.425662261e-18 0.000000000e+00 0.000000000e+00 2.809064451e-20 0.000000000e+00 0.000000000e+00 -2.412057526e-17 0.000000000e+00 5.217999899e-05 -1.304980364e-16 
d 0.000000000e+00 0.000000000e+00 0.000000000e+00 0.000000000e+00 1.000000000e-07 8.000000000e-01 6.452382516e-15 2.255985065e-15 2.255985065e-15 6.452382516e-15 8.000000000e-01 9.000000000e+01 1.050034222e-02 9.894996578e-01 1.425662261e-18 0.000000000e+00 0.000000000e+00 2.784492667e-18 0.000000000e+00 0.000000000e+00 9.757006926e-19 0.000000000e+00 4.988228697e-03 4.200498598e-16 
d 0.000000000e+00 0.000000000e+00 0.000000000e+00 0.000000000e+00 1.000000000e-05 8.000000000e-01 6.452382516e-13 2.255985065e-13 2.255985065e-13 6.452382516e-13 8.000000000e-01 9.000000000e+01 1.050034222e-02 9.894996578e-01 1.425662261e-18 0.000000000e+00 0.000000000e+00 2.414274332e-16 0.000000000e+00 0.000000000e+00 -2.145832873e-16 0.000000000e+00 1.193464444e-01 -2.692181139e-16 
d 0.000000000e+00 0.000000000e+00 0.000000000e+00 0.000000000e+00 1.000000000e-03 8.000000000e-01 6.452382516e-11 2.255985065e-11 2.255985065e-11 6.452382516e-11 8.000000000e-01 9.000000000e+01 1.050034222e-02 9.894996578e-01 1.425662261e-18 0.000000000e+00 0.000000000e+00 2.326432116e-14 0.000000000e+00 0.000000000e+00 -2.319754839e-14 0.000000000e+00 3.088349787e-01 -2.979597821e-17 
d 0.000000000e+00 0.000000000e+00 0.000000000e+00 0.000000000e+00 1.000000000e-01 8.000000000e-01 6.452382516e-09 2.255985065e-09 2.255985065e-09 6.452382516e-09 8.000000000e-01 9.000000000e+01 1.050034222e-02 9.894996578e-01 1.425662261e-18 0.000000000e+00 0.000000000e+00 2.351413207e-12 0.000000000e+00 0.000000000e+00 -2.351353765e-12 0.000000000e+00 4.973315846e-01 -3.677147634e-16 
d 0.000000000e+00 0.000000000e+00 0.000000000e+00 0.000000000e+00 1.000000000e+00 8.000000000e-01 6.452382516e-08 2.255985065e-08 2.255985065e-08 6.452382516e-08 8.000000000e-01 9.000000000e+01 1.050034222e-02 9.894996578e-01 1.425662261e-18 0.000000000e+00 0.000000000e+00 2.366138432e-11 0.000000000e+00 0.000000000e+00 -2.366133796e-11 0.000000000e+00 5.786970987e-01 3.599039923e-16 
